[selinux_inode_link]

explicit:
CONST[source:2(external),value:2(dynamic)][purpose:{subject}]  ->  CONST[source:0(mediator),value:2(dynamic)][purpose:{subject}]
-----------
CONST[source:2(external),value:2(dynamic)][purpose:{subject}]
CE0x5adf6b0 "{CE0x5adf6b0|COLLAPSED:_GCMRE_current_task_external_global_%struct.task_struct*:_elem_0::|security/selinux/hooks.c,218}"
CE0x5ad97c0 "{CE0x5ad97c0|current_sid:_tmp22|security/selinux/hooks.c,218}"
CE0x5ae05c0 "{CE0x5ae05c0|current_sid:_tmp23|security/selinux/hooks.c,218}"
CE0x5a74380 "{CE0x5a74380|current_sid:_sid|security/selinux/hooks.c,220}"
CE0x5ad9b10 "{CE0x5ad9b10|current_sid:_tmp24|security/selinux/hooks.c,220}"
CE0x5a552d0 "{CE0x5a552d0|_ret_i32_%tmp24,_!dbg_!27742|security/selinux/hooks.c,220}"
CE0x5a30730 "{CE0x5a30730|may_link:_call|security/selinux/hooks.c,1765}"
CE0x5a49a30 "{CE0x5a49a30|may_link:_call|security/selinux/hooks.c,1765|*SummSink*}"
CONST[source:0(mediator),value:2(dynamic)][purpose:{subject}]


CONST[source:1(input),value:2(dynamic)][purpose:{object}]  ->  CONST[source:0(mediator),value:2(dynamic)][purpose:{object}]
-----------
CONST[source:1(input),value:2(dynamic)][purpose:{object}]
CE0x5ac2040 "{CE0x5ac2040|28:_i32,_:_CRE_28,32_|*MultipleSource*|security/selinux/hooks.c,1777|*LoadInst*|security/selinux/hooks.c,1769|security/selinux/hooks.c,1769}"
CE0x5ac8520 "{CE0x5ac8520|may_link:_tmp7|security/selinux/hooks.c,1777}"
CE0x5ad47a0 "{CE0x5ad47a0|may_link:_tmp7|security/selinux/hooks.c,1777|*SummSink*}"
CONST[source:0(mediator),value:2(dynamic)][purpose:{object}]



implicit:
CONST[source:0(mediator),value:0(static)][purpose:{operation}]  ->  CONST[source:0(mediator),value:2(dynamic)][purpose:{object}]
-----------
CONST[source:0(mediator),value:0(static)][purpose:{operation}]
CE0x5a31340 "{CE0x5a31340|may_link:_kind|Function::may_link&Arg::kind::|*SummSource*}"
CE0x5a312d0 "{CE0x5a312d0|may_link:_kind|Function::may_link&Arg::kind::}"
CE0x5a36710 "{CE0x5a36710|may_link:_sw.epilog}"
CE0x5afd220 "{CE0x5afd220|may_link:_tmp25|security/selinux/hooks.c,1797}"
CE0x5afd4d0 "{CE0x5afd4d0|may_link:_tmp25|security/selinux/hooks.c,1797|*SummSink*}"
CONST[source:0(mediator),value:2(dynamic)][purpose:{object}]


CONST[source:1(input),value:2(dynamic)][purpose:{object}]  ->  CONST[source:0(mediator),value:2(dynamic)][purpose:{object}]
-----------
CONST[source:1(input),value:2(dynamic)][purpose:{object}]
CE0x5ac2040 "{CE0x5ac2040|28:_i32,_:_CRE_28,32_|*MultipleSource*|security/selinux/hooks.c,1777|*LoadInst*|security/selinux/hooks.c,1769|security/selinux/hooks.c,1769}"
CE0x5ac8520 "{CE0x5ac8520|may_link:_tmp7|security/selinux/hooks.c,1777}"
CE0x5ad47a0 "{CE0x5ad47a0|may_link:_tmp7|security/selinux/hooks.c,1777|*SummSink*}"
CONST[source:0(mediator),value:2(dynamic)][purpose:{object}]


CONST[source:2(external),value:2(dynamic)][purpose:{subject}]  ->  CONST[source:0(mediator),value:2(dynamic)][purpose:{subject}]
-----------
CONST[source:2(external),value:2(dynamic)][purpose:{subject}]
CE0x5ad9640 "{CE0x5ad9640|COLLAPSED:_CMRE:_elem_0::|security/selinux/hooks.c,218}"
CE0x5ad97c0 "{CE0x5ad97c0|current_sid:_tmp22|security/selinux/hooks.c,218}"
CE0x5ae05c0 "{CE0x5ae05c0|current_sid:_tmp23|security/selinux/hooks.c,218}"
CE0x5a74380 "{CE0x5a74380|current_sid:_sid|security/selinux/hooks.c,220}"
CE0x5ad9b10 "{CE0x5ad9b10|current_sid:_tmp24|security/selinux/hooks.c,220}"
CE0x5a552d0 "{CE0x5a552d0|_ret_i32_%tmp24,_!dbg_!27742|security/selinux/hooks.c,220}"
CE0x5a30730 "{CE0x5a30730|may_link:_call|security/selinux/hooks.c,1765}"
CE0x5a49a30 "{CE0x5a49a30|may_link:_call|security/selinux/hooks.c,1765|*SummSink*}"
CONST[source:0(mediator),value:2(dynamic)][purpose:{subject}]


