[tomoyo_socket_listen]

explicit:
CONST[source:2(external),value:2(dynamic)][purpose:{subject}][SrcIdx:7]  ->  CONST[source:0(mediator),value:2(dynamic)][purpose:{subject}][SnkIdx:0]
-----------
CONST[source:2(external),value:2(dynamic)][purpose:{subject}][SrcIdx:7]
CE0x5c668a0 "{CE0x5c668a0|128:_i8*,_1208:_%struct.file*,_:_CMRE_128,136_|*MultipleSource*|security/tomoyo/common.h,1205|security/tomoyo/common.h,1205}"
CE0x5c75400 "{CE0x5c75400|tomoyo_domain:tmp22|security/tomoyo/common.h,1205}"
CE0x7630630 "{CE0x7630630|tomoyo_domain:tmp23|security/tomoyo/common.h,1205}"
CE0x5cacbe0 "{CE0x5cacbe0|_ret_%struct.tomoyo_domain_info*_%tmp23,_!dbg_!38929|security/tomoyo/common.h,1205}"
CE0x4de4b10 "{CE0x4de4b10|tomoyo_init_request_info:call|security/tomoyo/util.c,1005}"
CE0x5d07d70 "{CE0x5d07d70|tomoyo_init_request_info:domain.addr.0}"
CE0x4e4aae0 "{CE0x4e4aae0|24:_%struct.tomoyo_path_info*,_32:_i8,_33:_i8,_72:_i8,_:_SCMRE_16,24_|*MultipleSource*|security/tomoyo/network.c, 544|security/tomoyo/network.c,544|Function::tomoyo_init_request_info&Arg::r::|security/tomoyo/network.c,565}"
CONST[source:0(mediator),value:2(dynamic)][purpose:{subject}][SnkIdx:0]


CONST[source:0(mediator),value:1(k-static)][purpose:{operation}][SrcIdx:5]  ->  CONST[source:0(mediator),value:0(static)][purpose:{operation}][SnkIdx:2]
-----------
CONST[source:0(mediator),value:1(k-static)][purpose:{operation}][SrcIdx:5]
CE0x50a7640 "{CE0x50a7640|0:_i8,_1:_i8,_32:_i8*,_40:_i32,_:_CMR_0,1_|*MultipleSource*|Function::tomoyo_check_unix_address&Arg::address::|security/tomoyo/network.c,594}"
CE0x42028a0 "{CE0x42028a0|tomoyo_unix_entry:tmp37|*LoadInst*|security/tomoyo/network.c,566}"
CE0x5039720 "{CE0x5039720|24:_%struct.tomoyo_path_info*,_32:_i8,_33:_i8,_72:_i8,_:_SCMRE_32,33_}"
CONST[source:0(mediator),value:0(static)][purpose:{operation}][SnkIdx:2]


CONST[source:1(input),value:2(dynamic)][purpose:{operation}][SrcIdx:6]  ->  CONST[source:0(mediator),value:0(static)][purpose:{operation}][SnkIdx:3]
-----------
CONST[source:1(input),value:2(dynamic)][purpose:{operation}][SrcIdx:6]
CE0x75bd690 "{CE0x75bd690|0:_i8,_1:_i8,_32:_i8*,_40:_i32,_:_CMR_1,2_|*MultipleSource*|Function::tomoyo_check_unix_address&Arg::address::|security/tomoyo/network.c,594}"
CE0x4df1690 "{CE0x4df1690|tomoyo_unix_entry:tmp38|*LoadInst*|security/tomoyo/network.c,567}"
CE0x50398c0 "{CE0x50398c0|24:_%struct.tomoyo_path_info*,_32:_i8,_33:_i8,_72:_i8,_:_SCMRE_33,34_}"
CONST[source:0(mediator),value:0(static)][purpose:{operation}][SnkIdx:3]



implicit:
CONST[source:1(input),value:2(dynamic)][purpose:{object}][SrcIdx:4]  ->  CONST[source:0(mediator),value:2(dynamic)][purpose:{subject}][SnkIdx:0]
-----------
CONST[source:1(input),value:2(dynamic)][purpose:{object}][SrcIdx:4]
CE0x76ac4c0 "{CE0x76ac4c0|0:_i64*,_array:_GI___llvm_gcda_edge_table14_internal_unnamed_addr_constant_3_x_i64*_i64*_getelementptr_inbounds_(_30_x_i64_,_30_x_i64_*___llvm_gcov_ctr13,_i64_0,_i64_9),_i64*_getelementptr_inbounds_(_30_x_i64_,_30_x_i64_*___llvm_gcov_ctr13,_i64_0,_i64_11),_i64*_getelementptr_inbounds_(_30_x_i64_,_30_x_i64_*___llvm_gcov_ctr13,_i64_0,_i64_12)_0,2_|*MultipleSource*|Function::tomoyo_check_unix_address&Arg::addr::|security/tomoyo/network.c,596}"
CE0x76ac450 "{CE0x76ac450|tomoyo_check_unix_address:tmp2|*LoadInst*|security/tomoyo/network.c,596}"
CE0x762b860 "{CE0x762b860|tomoyo_check_unix_address:conv|security/tomoyo/network.c,596}"
CE0x7817e80 "{CE0x7817e80|tomoyo_check_unix_address:cmp|security/tomoyo/network.c,596}"
CE0x4df8300 "{CE0x4df8300|tomoyo_check_unix_address:if.end}"
CE0x760d920 "{CE0x760d920|tomoyo_unix_entry:entry}"
CE0x5d08100 "{CE0x5d08100|tomoyo_unix_entry:land.lhs.true}"
CE0x4e83de0 "{CE0x4e83de0|tomoyo_init_request_info:entry}"
CE0x5f08220 "{CE0x5f08220|tomoyo_init_request_info:if.end}"
CE0x4e4aae0 "{CE0x4e4aae0|24:_%struct.tomoyo_path_info*,_32:_i8,_33:_i8,_72:_i8,_:_SCMRE_16,24_|*MultipleSource*|security/tomoyo/network.c, 544|security/tomoyo/network.c,544|Function::tomoyo_init_request_info&Arg::r::|security/tomoyo/network.c,565}"
CONST[source:0(mediator),value:2(dynamic)][purpose:{subject}][SnkIdx:0]


CONST[source:1(input),value:2(dynamic)][purpose:{object}][SrcIdx:4]  ->  CONST[source:0(mediator),value:0(static)][purpose:{operation}][SnkIdx:3]
-----------
CONST[source:1(input),value:2(dynamic)][purpose:{object}][SrcIdx:4]
CE0x7621e30 "{CE0x7621e30|0:_i64*,_array:_GI___llvm_gcda_edge_table14_internal_unnamed_addr_constant_3_x_i64*_i64*_getelementptr_inbounds_(_30_x_i64_,_30_x_i64_*___llvm_gcov_ctr13,_i64_0,_i64_9),_i64*_getelementptr_inbounds_(_30_x_i64_,_30_x_i64_*___llvm_gcov_ctr13,_i64_0,_i64_11),_i64*_getelementptr_inbounds_(_30_x_i64_,_30_x_i64_*___llvm_gcov_ctr13,_i64_0,_i64_12)_2,16_|*MultipleSource*|Function::tomoyo_check_unix_address&Arg::addr::|security/tomoyo/network.c,596}"
CE0x41debb0 "{CE0x41debb0|tomoyo_unix_entry:call18|security/tomoyo/network.c,559}"
CE0x4073070 "{CE0x4073070|tomoyo_unix_entry:tobool19|security/tomoyo/network.c,560}"
CE0x5db9850 "{CE0x5db9850|tomoyo_unix_entry:if.then20}"
CE0x50398c0 "{CE0x50398c0|24:_%struct.tomoyo_path_info*,_32:_i8,_33:_i8,_72:_i8,_:_SCMRE_33,34_}"
CONST[source:0(mediator),value:0(static)][purpose:{operation}][SnkIdx:3]


CONST[source:1(input),value:2(dynamic)][purpose:{object}][SrcIdx:4]  ->  CONST[source:0(mediator),value:2(dynamic)][purpose:{object}][SnkIdx:1]
-----------
CONST[source:1(input),value:2(dynamic)][purpose:{object}][SrcIdx:4]
CE0x7621e30 "{CE0x7621e30|0:_i64*,_array:_GI___llvm_gcda_edge_table14_internal_unnamed_addr_constant_3_x_i64*_i64*_getelementptr_inbounds_(_30_x_i64_,_30_x_i64_*___llvm_gcov_ctr13,_i64_0,_i64_9),_i64*_getelementptr_inbounds_(_30_x_i64_,_30_x_i64_*___llvm_gcov_ctr13,_i64_0,_i64_11),_i64*_getelementptr_inbounds_(_30_x_i64_,_30_x_i64_*___llvm_gcov_ctr13,_i64_0,_i64_12)_2,16_|*MultipleSource*|Function::tomoyo_check_unix_address&Arg::addr::|security/tomoyo/network.c,596}"
CE0x41debb0 "{CE0x41debb0|tomoyo_unix_entry:call18|security/tomoyo/network.c,559}"
CE0x4073070 "{CE0x4073070|tomoyo_unix_entry:tobool19|security/tomoyo/network.c,560}"
CE0x5db9850 "{CE0x5db9850|tomoyo_unix_entry:if.then20}"
CE0x503be70 "{CE0x503be70|24:_%struct.tomoyo_path_info*,_32:_i8,_33:_i8,_72:_i8,_:_SCMRE_27,28_}"
CONST[source:0(mediator),value:2(dynamic)][purpose:{object}][SnkIdx:1]


CONST[source:1(input),value:2(dynamic)][purpose:{object}][SrcIdx:4]  ->  CONST[source:0(mediator),value:0(static)][purpose:{operation}][SnkIdx:2]
-----------
CONST[source:1(input),value:2(dynamic)][purpose:{object}][SrcIdx:4]
CE0x7621e30 "{CE0x7621e30|0:_i64*,_array:_GI___llvm_gcda_edge_table14_internal_unnamed_addr_constant_3_x_i64*_i64*_getelementptr_inbounds_(_30_x_i64_,_30_x_i64_*___llvm_gcov_ctr13,_i64_0,_i64_9),_i64*_getelementptr_inbounds_(_30_x_i64_,_30_x_i64_*___llvm_gcov_ctr13,_i64_0,_i64_11),_i64*_getelementptr_inbounds_(_30_x_i64_,_30_x_i64_*___llvm_gcov_ctr13,_i64_0,_i64_12)_2,16_|*MultipleSource*|Function::tomoyo_check_unix_address&Arg::addr::|security/tomoyo/network.c,596}"
CE0x41debb0 "{CE0x41debb0|tomoyo_unix_entry:call18|security/tomoyo/network.c,559}"
CE0x4073070 "{CE0x4073070|tomoyo_unix_entry:tobool19|security/tomoyo/network.c,560}"
CE0x5db9850 "{CE0x5db9850|tomoyo_unix_entry:if.then20}"
CE0x5039720 "{CE0x5039720|24:_%struct.tomoyo_path_info*,_32:_i8,_33:_i8,_72:_i8,_:_SCMRE_32,33_}"
CONST[source:0(mediator),value:0(static)][purpose:{operation}][SnkIdx:2]


CONST[source:1(input),value:2(dynamic)][purpose:{object}][SrcIdx:3]  ->  CONST[source:0(mediator),value:0(static)][purpose:{operation}][SnkIdx:3]
-----------
CONST[source:1(input),value:2(dynamic)][purpose:{object}][SrcIdx:3]
CE0x761dd20 "{CE0x761dd20|tomoyo_check_unix_address:addr_len|Function::tomoyo_check_unix_address&Arg::addr_len::|*SummSource*}"
CE0x761dcb0 "{CE0x761dcb0|tomoyo_check_unix_address:addr_len|Function::tomoyo_check_unix_address&Arg::addr_len::}"
CE0x7686cc0 "{CE0x7686cc0|0:_i8,_1:_i8,_32:_i8*,_40:_i32,_:_CMR_40,44_|*MultipleSource*|Function::tomoyo_check_unix_address&Arg::address::|security/tomoyo/network.c,594}"
CE0x611f430 "{CE0x611f430|tomoyo_unix_entry:tmp15|security/tomoyo/network.c,551}"
CE0x433c170 "{CE0x433c170|tomoyo_unix_entry:conv6|security/tomoyo/network.c,551}"
CE0x611f2e0 "{CE0x611f2e0|tomoyo_unix_entry:sub|security/tomoyo/network.c,551}"
CE0x433c8c0 "{CE0x433c8c0|tomoyo_unix_entry:conv7|security/tomoyo/network.c,551}"
CE0x4048c90 "{CE0x4048c90|tomoyo_unix_entry:len.0}"
CE0x41de810 "{CE0x41de810|tomoyo_unix_entry:len.1}"
CE0x41debb0 "{CE0x41debb0|tomoyo_unix_entry:call18|security/tomoyo/network.c,559}"
CE0x4073070 "{CE0x4073070|tomoyo_unix_entry:tobool19|security/tomoyo/network.c,560}"
CE0x5db9850 "{CE0x5db9850|tomoyo_unix_entry:if.then20}"
CE0x50398c0 "{CE0x50398c0|24:_%struct.tomoyo_path_info*,_32:_i8,_33:_i8,_72:_i8,_:_SCMRE_33,34_}"
CONST[source:0(mediator),value:0(static)][purpose:{operation}][SnkIdx:3]


CONST[source:1(input),value:2(dynamic)][purpose:{object}][SrcIdx:3]  ->  CONST[source:0(mediator),value:2(dynamic)][purpose:{object}][SnkIdx:1]
-----------
CONST[source:1(input),value:2(dynamic)][purpose:{object}][SrcIdx:3]
CE0x761dd20 "{CE0x761dd20|tomoyo_check_unix_address:addr_len|Function::tomoyo_check_unix_address&Arg::addr_len::|*SummSource*}"
CE0x761dcb0 "{CE0x761dcb0|tomoyo_check_unix_address:addr_len|Function::tomoyo_check_unix_address&Arg::addr_len::}"
CE0x7686cc0 "{CE0x7686cc0|0:_i8,_1:_i8,_32:_i8*,_40:_i32,_:_CMR_40,44_|*MultipleSource*|Function::tomoyo_check_unix_address&Arg::address::|security/tomoyo/network.c,594}"
CE0x611f430 "{CE0x611f430|tomoyo_unix_entry:tmp15|security/tomoyo/network.c,551}"
CE0x433c170 "{CE0x433c170|tomoyo_unix_entry:conv6|security/tomoyo/network.c,551}"
CE0x611f2e0 "{CE0x611f2e0|tomoyo_unix_entry:sub|security/tomoyo/network.c,551}"
CE0x433c8c0 "{CE0x433c8c0|tomoyo_unix_entry:conv7|security/tomoyo/network.c,551}"
CE0x4048c90 "{CE0x4048c90|tomoyo_unix_entry:len.0}"
CE0x41de810 "{CE0x41de810|tomoyo_unix_entry:len.1}"
CE0x41debb0 "{CE0x41debb0|tomoyo_unix_entry:call18|security/tomoyo/network.c,559}"
CE0x4073070 "{CE0x4073070|tomoyo_unix_entry:tobool19|security/tomoyo/network.c,560}"
CE0x5db9850 "{CE0x5db9850|tomoyo_unix_entry:if.then20}"
CE0x503be70 "{CE0x503be70|24:_%struct.tomoyo_path_info*,_32:_i8,_33:_i8,_72:_i8,_:_SCMRE_27,28_}"
CONST[source:0(mediator),value:2(dynamic)][purpose:{object}][SnkIdx:1]


CONST[source:1(input),value:2(dynamic)][purpose:{object}][SrcIdx:3]  ->  CONST[source:0(mediator),value:0(static)][purpose:{operation}][SnkIdx:2]
-----------
CONST[source:1(input),value:2(dynamic)][purpose:{object}][SrcIdx:3]
CE0x761dd20 "{CE0x761dd20|tomoyo_check_unix_address:addr_len|Function::tomoyo_check_unix_address&Arg::addr_len::|*SummSource*}"
CE0x761dcb0 "{CE0x761dcb0|tomoyo_check_unix_address:addr_len|Function::tomoyo_check_unix_address&Arg::addr_len::}"
CE0x7686cc0 "{CE0x7686cc0|0:_i8,_1:_i8,_32:_i8*,_40:_i32,_:_CMR_40,44_|*MultipleSource*|Function::tomoyo_check_unix_address&Arg::address::|security/tomoyo/network.c,594}"
CE0x611f430 "{CE0x611f430|tomoyo_unix_entry:tmp15|security/tomoyo/network.c,551}"
CE0x433c170 "{CE0x433c170|tomoyo_unix_entry:conv6|security/tomoyo/network.c,551}"
CE0x611f2e0 "{CE0x611f2e0|tomoyo_unix_entry:sub|security/tomoyo/network.c,551}"
CE0x433c8c0 "{CE0x433c8c0|tomoyo_unix_entry:conv7|security/tomoyo/network.c,551}"
CE0x4048c90 "{CE0x4048c90|tomoyo_unix_entry:len.0}"
CE0x41de810 "{CE0x41de810|tomoyo_unix_entry:len.1}"
CE0x41debb0 "{CE0x41debb0|tomoyo_unix_entry:call18|security/tomoyo/network.c,559}"
CE0x4073070 "{CE0x4073070|tomoyo_unix_entry:tobool19|security/tomoyo/network.c,560}"
CE0x5db9850 "{CE0x5db9850|tomoyo_unix_entry:if.then20}"
CE0x5039720 "{CE0x5039720|24:_%struct.tomoyo_path_info*,_32:_i8,_33:_i8,_72:_i8,_:_SCMRE_32,33_}"
CONST[source:0(mediator),value:0(static)][purpose:{operation}][SnkIdx:2]


CONST[source:2(external),value:2(dynamic)][purpose:{subject}][SrcIdx:7]  ->  CONST[source:0(mediator),value:2(dynamic)][purpose:{subject}][SnkIdx:0]
-----------
CONST[source:2(external),value:2(dynamic)][purpose:{subject}][SrcIdx:7]
CE0x77209a0 "{CE0x77209a0|COLLAPSED:_GCRE_current_task_external_global_%struct.task_struct*:_elem_0::|security/tomoyo/common.h,1205}"
CE0x5c75400 "{CE0x5c75400|tomoyo_domain:tmp22|security/tomoyo/common.h,1205}"
CE0x7630630 "{CE0x7630630|tomoyo_domain:tmp23|security/tomoyo/common.h,1205}"
CE0x5cacbe0 "{CE0x5cacbe0|_ret_%struct.tomoyo_domain_info*_%tmp23,_!dbg_!38929|security/tomoyo/common.h,1205}"
CE0x4de4b10 "{CE0x4de4b10|tomoyo_init_request_info:call|security/tomoyo/util.c,1005}"
CE0x5d07d70 "{CE0x5d07d70|tomoyo_init_request_info:domain.addr.0}"
CE0x4e4aae0 "{CE0x4e4aae0|24:_%struct.tomoyo_path_info*,_32:_i8,_33:_i8,_72:_i8,_:_SCMRE_16,24_|*MultipleSource*|security/tomoyo/network.c, 544|security/tomoyo/network.c,544|Function::tomoyo_init_request_info&Arg::r::|security/tomoyo/network.c,565}"
CONST[source:0(mediator),value:2(dynamic)][purpose:{subject}][SnkIdx:0]


CONST[source:2(external),value:2(dynamic)][purpose:{subject}][SrcIdx:7]  ->  CONST[source:0(mediator),value:0(static)][purpose:{operation}][SnkIdx:3]
-----------
CONST[source:2(external),value:2(dynamic)][purpose:{subject}][SrcIdx:7]
CE0x77209a0 "{CE0x77209a0|COLLAPSED:_GCRE_current_task_external_global_%struct.task_struct*:_elem_0::|security/tomoyo/common.h,1205}"
CE0x5c75400 "{CE0x5c75400|tomoyo_domain:tmp22|security/tomoyo/common.h,1205}"
CE0x7630630 "{CE0x7630630|tomoyo_domain:tmp23|security/tomoyo/common.h,1205}"
CE0x5cacbe0 "{CE0x5cacbe0|_ret_%struct.tomoyo_domain_info*_%tmp23,_!dbg_!38929|security/tomoyo/common.h,1205}"
CE0x4de4b10 "{CE0x4de4b10|tomoyo_init_request_info:call|security/tomoyo/util.c,1005}"
CE0x5d07d70 "{CE0x5d07d70|tomoyo_init_request_info:domain.addr.0}"
CE0x5ed5620 "{CE0x5ed5620|tomoyo_init_request_info:profile2|security/tomoyo/util.c,1007}"
CE0x5f5cf60 "{CE0x5f5cf60|tomoyo_init_request_info:tmp11|security/tomoyo/util.c,1007}"
CE0x5ee46f0 "{CE0x5ee46f0|tomoyo_get_mode:profile|Function::tomoyo_get_mode&Arg::profile::}"
CE0x5bac290 "{CE0x5bac290|COLLAPSED:_CRE:_elem_0:default:}"
CE0x5caae50 "{CE0x5caae50|tomoyo_get_mode:tmp24|security/tomoyo/util.c,986}"
CE0x5cab530 "{CE0x5cab530|tomoyo_get_mode:mode.1}"
CE0x7654170 "{CE0x7654170|tomoyo_get_mode:conv15|security/tomoyo/util.c,987}"
CE0x76545d0 "{CE0x76545d0|tomoyo_get_mode:and|security/tomoyo/util.c,987}"
CE0x4e5bc40 "{CE0x4e5bc40|tomoyo_get_mode:retval.0}"
CE0x5f397c0 "{CE0x5f397c0|_ret_i32_%retval.0,_!dbg_!38935|security/tomoyo/util.c,988}"
CE0x5ee5230 "{CE0x5ee5230|tomoyo_init_request_info:call4|security/tomoyo/util.c,1010}"
CE0x5bd83f0 "{CE0x5bd83f0|tomoyo_init_request_info:conv|security/tomoyo/util.c,1010}"
CE0x5c18010 "{CE0x5c18010|24:_%struct.tomoyo_path_info*,_32:_i8,_33:_i8,_72:_i8,_:_SCMRE_76,77_|*MultipleSource*|security/tomoyo/network.c, 544|security/tomoyo/network.c,544|Function::tomoyo_init_request_info&Arg::r::|security/tomoyo/network.c,565}"
CE0x5c00e50 "{CE0x5c00e50|tomoyo_init_request_info:tmp13|*LoadInst*|security/tomoyo/util.c,1011}"
CE0x5c02090 "{CE0x5c02090|tomoyo_init_request_info:conv6|security/tomoyo/util.c,1011}"
CE0x5e09fe0 "{CE0x5e09fe0|_ret_i32_%conv6,_!dbg_!38926|security/tomoyo/util.c,1011}"
CE0x4df8110 "{CE0x4df8110|tomoyo_unix_entry:call3|security/tomoyo/network.c,548}"
CE0x78173b0 "{CE0x78173b0|tomoyo_unix_entry:cmp|security/tomoyo/network.c,549}"
CE0x5db9850 "{CE0x5db9850|tomoyo_unix_entry:if.then20}"
CE0x50398c0 "{CE0x50398c0|24:_%struct.tomoyo_path_info*,_32:_i8,_33:_i8,_72:_i8,_:_SCMRE_33,34_}"
CONST[source:0(mediator),value:0(static)][purpose:{operation}][SnkIdx:3]


CONST[source:2(external),value:2(dynamic)][purpose:{subject}][SrcIdx:7]  ->  CONST[source:0(mediator),value:2(dynamic)][purpose:{object}][SnkIdx:1]
-----------
CONST[source:2(external),value:2(dynamic)][purpose:{subject}][SrcIdx:7]
CE0x77209a0 "{CE0x77209a0|COLLAPSED:_GCRE_current_task_external_global_%struct.task_struct*:_elem_0::|security/tomoyo/common.h,1205}"
CE0x5c75400 "{CE0x5c75400|tomoyo_domain:tmp22|security/tomoyo/common.h,1205}"
CE0x7630630 "{CE0x7630630|tomoyo_domain:tmp23|security/tomoyo/common.h,1205}"
CE0x5cacbe0 "{CE0x5cacbe0|_ret_%struct.tomoyo_domain_info*_%tmp23,_!dbg_!38929|security/tomoyo/common.h,1205}"
CE0x4de4b10 "{CE0x4de4b10|tomoyo_init_request_info:call|security/tomoyo/util.c,1005}"
CE0x5d07d70 "{CE0x5d07d70|tomoyo_init_request_info:domain.addr.0}"
CE0x5ed5620 "{CE0x5ed5620|tomoyo_init_request_info:profile2|security/tomoyo/util.c,1007}"
CE0x5f5cf60 "{CE0x5f5cf60|tomoyo_init_request_info:tmp11|security/tomoyo/util.c,1007}"
CE0x5ee46f0 "{CE0x5ee46f0|tomoyo_get_mode:profile|Function::tomoyo_get_mode&Arg::profile::}"
CE0x5bac290 "{CE0x5bac290|COLLAPSED:_CRE:_elem_0:default:}"
CE0x5caae50 "{CE0x5caae50|tomoyo_get_mode:tmp24|security/tomoyo/util.c,986}"
CE0x5cab530 "{CE0x5cab530|tomoyo_get_mode:mode.1}"
CE0x7654170 "{CE0x7654170|tomoyo_get_mode:conv15|security/tomoyo/util.c,987}"
CE0x76545d0 "{CE0x76545d0|tomoyo_get_mode:and|security/tomoyo/util.c,987}"
CE0x4e5bc40 "{CE0x4e5bc40|tomoyo_get_mode:retval.0}"
CE0x5f397c0 "{CE0x5f397c0|_ret_i32_%retval.0,_!dbg_!38935|security/tomoyo/util.c,988}"
CE0x5ee5230 "{CE0x5ee5230|tomoyo_init_request_info:call4|security/tomoyo/util.c,1010}"
CE0x5bd83f0 "{CE0x5bd83f0|tomoyo_init_request_info:conv|security/tomoyo/util.c,1010}"
CE0x5c18010 "{CE0x5c18010|24:_%struct.tomoyo_path_info*,_32:_i8,_33:_i8,_72:_i8,_:_SCMRE_76,77_|*MultipleSource*|security/tomoyo/network.c, 544|security/tomoyo/network.c,544|Function::tomoyo_init_request_info&Arg::r::|security/tomoyo/network.c,565}"
CE0x5c00e50 "{CE0x5c00e50|tomoyo_init_request_info:tmp13|*LoadInst*|security/tomoyo/util.c,1011}"
CE0x5c02090 "{CE0x5c02090|tomoyo_init_request_info:conv6|security/tomoyo/util.c,1011}"
CE0x5e09fe0 "{CE0x5e09fe0|_ret_i32_%conv6,_!dbg_!38926|security/tomoyo/util.c,1011}"
CE0x4df8110 "{CE0x4df8110|tomoyo_unix_entry:call3|security/tomoyo/network.c,548}"
CE0x78173b0 "{CE0x78173b0|tomoyo_unix_entry:cmp|security/tomoyo/network.c,549}"
CE0x5db9850 "{CE0x5db9850|tomoyo_unix_entry:if.then20}"
CE0x503be70 "{CE0x503be70|24:_%struct.tomoyo_path_info*,_32:_i8,_33:_i8,_72:_i8,_:_SCMRE_27,28_}"
CONST[source:0(mediator),value:2(dynamic)][purpose:{object}][SnkIdx:1]


CONST[source:2(external),value:2(dynamic)][purpose:{subject}][SrcIdx:7]  ->  CONST[source:0(mediator),value:0(static)][purpose:{operation}][SnkIdx:2]
-----------
CONST[source:2(external),value:2(dynamic)][purpose:{subject}][SrcIdx:7]
CE0x77209a0 "{CE0x77209a0|COLLAPSED:_GCRE_current_task_external_global_%struct.task_struct*:_elem_0::|security/tomoyo/common.h,1205}"
CE0x5c75400 "{CE0x5c75400|tomoyo_domain:tmp22|security/tomoyo/common.h,1205}"
CE0x7630630 "{CE0x7630630|tomoyo_domain:tmp23|security/tomoyo/common.h,1205}"
CE0x5cacbe0 "{CE0x5cacbe0|_ret_%struct.tomoyo_domain_info*_%tmp23,_!dbg_!38929|security/tomoyo/common.h,1205}"
CE0x4de4b10 "{CE0x4de4b10|tomoyo_init_request_info:call|security/tomoyo/util.c,1005}"
CE0x5d07d70 "{CE0x5d07d70|tomoyo_init_request_info:domain.addr.0}"
CE0x5ed5620 "{CE0x5ed5620|tomoyo_init_request_info:profile2|security/tomoyo/util.c,1007}"
CE0x5f5cf60 "{CE0x5f5cf60|tomoyo_init_request_info:tmp11|security/tomoyo/util.c,1007}"
CE0x5ee46f0 "{CE0x5ee46f0|tomoyo_get_mode:profile|Function::tomoyo_get_mode&Arg::profile::}"
CE0x5bac290 "{CE0x5bac290|COLLAPSED:_CRE:_elem_0:default:}"
CE0x5caae50 "{CE0x5caae50|tomoyo_get_mode:tmp24|security/tomoyo/util.c,986}"
CE0x5cab530 "{CE0x5cab530|tomoyo_get_mode:mode.1}"
CE0x7654170 "{CE0x7654170|tomoyo_get_mode:conv15|security/tomoyo/util.c,987}"
CE0x76545d0 "{CE0x76545d0|tomoyo_get_mode:and|security/tomoyo/util.c,987}"
CE0x4e5bc40 "{CE0x4e5bc40|tomoyo_get_mode:retval.0}"
CE0x5f397c0 "{CE0x5f397c0|_ret_i32_%retval.0,_!dbg_!38935|security/tomoyo/util.c,988}"
CE0x5ee5230 "{CE0x5ee5230|tomoyo_init_request_info:call4|security/tomoyo/util.c,1010}"
CE0x5bd83f0 "{CE0x5bd83f0|tomoyo_init_request_info:conv|security/tomoyo/util.c,1010}"
CE0x5c18010 "{CE0x5c18010|24:_%struct.tomoyo_path_info*,_32:_i8,_33:_i8,_72:_i8,_:_SCMRE_76,77_|*MultipleSource*|security/tomoyo/network.c, 544|security/tomoyo/network.c,544|Function::tomoyo_init_request_info&Arg::r::|security/tomoyo/network.c,565}"
CE0x5c00e50 "{CE0x5c00e50|tomoyo_init_request_info:tmp13|*LoadInst*|security/tomoyo/util.c,1011}"
CE0x5c02090 "{CE0x5c02090|tomoyo_init_request_info:conv6|security/tomoyo/util.c,1011}"
CE0x5e09fe0 "{CE0x5e09fe0|_ret_i32_%conv6,_!dbg_!38926|security/tomoyo/util.c,1011}"
CE0x4df8110 "{CE0x4df8110|tomoyo_unix_entry:call3|security/tomoyo/network.c,548}"
CE0x78173b0 "{CE0x78173b0|tomoyo_unix_entry:cmp|security/tomoyo/network.c,549}"
CE0x5db9850 "{CE0x5db9850|tomoyo_unix_entry:if.then20}"
CE0x5039720 "{CE0x5039720|24:_%struct.tomoyo_path_info*,_32:_i8,_33:_i8,_72:_i8,_:_SCMRE_32,33_}"
CONST[source:0(mediator),value:0(static)][purpose:{operation}][SnkIdx:2]


CONST[source:1(input),value:2(dynamic)][purpose:{operation}][SrcIdx:6]  ->  CONST[source:0(mediator),value:2(dynamic)][purpose:{subject}][SnkIdx:0]
-----------
CONST[source:1(input),value:2(dynamic)][purpose:{operation}][SrcIdx:6]
CE0x75bd690 "{CE0x75bd690|0:_i8,_1:_i8,_32:_i8*,_40:_i32,_:_CMR_1,2_|*MultipleSource*|Function::tomoyo_check_unix_address&Arg::address::|security/tomoyo/network.c,594}"
CE0x60923e0 "{CE0x60923e0|tomoyo_unix_entry:tmp3|*LoadInst*|security/tomoyo/network.c,546}"
CE0x786b760 "{CE0x786b760|tomoyo_unix_entry:idxprom|security/tomoyo/network.c,546}"
CE0x4ea3a50 "{CE0x4ea3a50|tomoyo_unix_entry:arrayidx2|security/tomoyo/network.c,546}"
CE0x41e2380 "{CE0x41e2380|tomoyo_unix_entry:tmp5|security/tomoyo/network.c,546}"
CE0x41e2650 "{CE0x41e2650|tomoyo_unix_entry:conv|security/tomoyo/network.c,548}"
CE0x6b8f890 "{CE0x6b8f890|tomoyo_unix_entry:tobool|security/tomoyo/network.c,548}"
CE0x5d08100 "{CE0x5d08100|tomoyo_unix_entry:land.lhs.true}"
CE0x4e83de0 "{CE0x4e83de0|tomoyo_init_request_info:entry}"
CE0x5f08220 "{CE0x5f08220|tomoyo_init_request_info:if.end}"
CE0x4e4aae0 "{CE0x4e4aae0|24:_%struct.tomoyo_path_info*,_32:_i8,_33:_i8,_72:_i8,_:_SCMRE_16,24_|*MultipleSource*|security/tomoyo/network.c, 544|security/tomoyo/network.c,544|Function::tomoyo_init_request_info&Arg::r::|security/tomoyo/network.c,565}"
CONST[source:0(mediator),value:2(dynamic)][purpose:{subject}][SnkIdx:0]


CONST[source:1(input),value:2(dynamic)][purpose:{operation}][SrcIdx:6]  ->  CONST[source:0(mediator),value:0(static)][purpose:{operation}][SnkIdx:3]
-----------
CONST[source:1(input),value:2(dynamic)][purpose:{operation}][SrcIdx:6]
CE0x75bd690 "{CE0x75bd690|0:_i8,_1:_i8,_32:_i8*,_40:_i32,_:_CMR_1,2_|*MultipleSource*|Function::tomoyo_check_unix_address&Arg::address::|security/tomoyo/network.c,594}"
CE0x4df1690 "{CE0x4df1690|tomoyo_unix_entry:tmp38|*LoadInst*|security/tomoyo/network.c,567}"
CE0x50398c0 "{CE0x50398c0|24:_%struct.tomoyo_path_info*,_32:_i8,_33:_i8,_72:_i8,_:_SCMRE_33,34_}"
CONST[source:0(mediator),value:0(static)][purpose:{operation}][SnkIdx:3]


CONST[source:1(input),value:2(dynamic)][purpose:{operation}][SrcIdx:6]  ->  CONST[source:0(mediator),value:2(dynamic)][purpose:{object}][SnkIdx:1]
-----------
CONST[source:1(input),value:2(dynamic)][purpose:{operation}][SrcIdx:6]
CE0x75bd690 "{CE0x75bd690|0:_i8,_1:_i8,_32:_i8*,_40:_i32,_:_CMR_1,2_|*MultipleSource*|Function::tomoyo_check_unix_address&Arg::address::|security/tomoyo/network.c,594}"
CE0x60923e0 "{CE0x60923e0|tomoyo_unix_entry:tmp3|*LoadInst*|security/tomoyo/network.c,546}"
CE0x786b760 "{CE0x786b760|tomoyo_unix_entry:idxprom|security/tomoyo/network.c,546}"
CE0x4ea3a50 "{CE0x4ea3a50|tomoyo_unix_entry:arrayidx2|security/tomoyo/network.c,546}"
CE0x41e2380 "{CE0x41e2380|tomoyo_unix_entry:tmp5|security/tomoyo/network.c,546}"
CE0x41e2650 "{CE0x41e2650|tomoyo_unix_entry:conv|security/tomoyo/network.c,548}"
CE0x6b8f890 "{CE0x6b8f890|tomoyo_unix_entry:tobool|security/tomoyo/network.c,548}"
CE0x5db9850 "{CE0x5db9850|tomoyo_unix_entry:if.then20}"
CE0x503be70 "{CE0x503be70|24:_%struct.tomoyo_path_info*,_32:_i8,_33:_i8,_72:_i8,_:_SCMRE_27,28_}"
CONST[source:0(mediator),value:2(dynamic)][purpose:{object}][SnkIdx:1]


CONST[source:1(input),value:2(dynamic)][purpose:{operation}][SrcIdx:6]  ->  CONST[source:0(mediator),value:0(static)][purpose:{operation}][SnkIdx:2]
-----------
CONST[source:1(input),value:2(dynamic)][purpose:{operation}][SrcIdx:6]
CE0x75bd690 "{CE0x75bd690|0:_i8,_1:_i8,_32:_i8*,_40:_i32,_:_CMR_1,2_|*MultipleSource*|Function::tomoyo_check_unix_address&Arg::address::|security/tomoyo/network.c,594}"
CE0x60923e0 "{CE0x60923e0|tomoyo_unix_entry:tmp3|*LoadInst*|security/tomoyo/network.c,546}"
CE0x786b760 "{CE0x786b760|tomoyo_unix_entry:idxprom|security/tomoyo/network.c,546}"
CE0x4ea3a50 "{CE0x4ea3a50|tomoyo_unix_entry:arrayidx2|security/tomoyo/network.c,546}"
CE0x41e2380 "{CE0x41e2380|tomoyo_unix_entry:tmp5|security/tomoyo/network.c,546}"
CE0x41e2650 "{CE0x41e2650|tomoyo_unix_entry:conv|security/tomoyo/network.c,548}"
CE0x6b8f890 "{CE0x6b8f890|tomoyo_unix_entry:tobool|security/tomoyo/network.c,548}"
CE0x5db9850 "{CE0x5db9850|tomoyo_unix_entry:if.then20}"
CE0x5039720 "{CE0x5039720|24:_%struct.tomoyo_path_info*,_32:_i8,_33:_i8,_72:_i8,_:_SCMRE_32,33_}"
CONST[source:0(mediator),value:0(static)][purpose:{operation}][SnkIdx:2]


CONST[source:0(mediator),value:1(k-static)][purpose:{operation}][SrcIdx:5]  ->  CONST[source:0(mediator),value:2(dynamic)][purpose:{subject}][SnkIdx:0]
-----------
CONST[source:0(mediator),value:1(k-static)][purpose:{operation}][SrcIdx:5]
CE0x50a7640 "{CE0x50a7640|0:_i8,_1:_i8,_32:_i8*,_40:_i32,_:_CMR_0,1_|*MultipleSource*|Function::tomoyo_check_unix_address&Arg::address::|security/tomoyo/network.c,594}"
CE0x61a56f0 "{CE0x61a56f0|tomoyo_unix_entry:tmp4|*LoadInst*|security/tomoyo/network.c,546}"
CE0x61a5cd0 "{CE0x61a5cd0|tomoyo_unix_entry:idxprom1|security/tomoyo/network.c,546}"
CE0x500c310 "{CE0x500c310|tomoyo_unix_entry:arrayidx|security/tomoyo/network.c,546}"
CE0x4ea3a50 "{CE0x4ea3a50|tomoyo_unix_entry:arrayidx2|security/tomoyo/network.c,546}"
CE0x41e2380 "{CE0x41e2380|tomoyo_unix_entry:tmp5|security/tomoyo/network.c,546}"
CE0x41e2650 "{CE0x41e2650|tomoyo_unix_entry:conv|security/tomoyo/network.c,548}"
CE0x6b8f890 "{CE0x6b8f890|tomoyo_unix_entry:tobool|security/tomoyo/network.c,548}"
CE0x5d08100 "{CE0x5d08100|tomoyo_unix_entry:land.lhs.true}"
CE0x4e83de0 "{CE0x4e83de0|tomoyo_init_request_info:entry}"
CE0x5f08220 "{CE0x5f08220|tomoyo_init_request_info:if.end}"
CE0x4e4aae0 "{CE0x4e4aae0|24:_%struct.tomoyo_path_info*,_32:_i8,_33:_i8,_72:_i8,_:_SCMRE_16,24_|*MultipleSource*|security/tomoyo/network.c, 544|security/tomoyo/network.c,544|Function::tomoyo_init_request_info&Arg::r::|security/tomoyo/network.c,565}"
CONST[source:0(mediator),value:2(dynamic)][purpose:{subject}][SnkIdx:0]


CONST[source:0(mediator),value:1(k-static)][purpose:{operation}][SrcIdx:5]  ->  CONST[source:0(mediator),value:0(static)][purpose:{operation}][SnkIdx:3]
-----------
CONST[source:0(mediator),value:1(k-static)][purpose:{operation}][SrcIdx:5]
CE0x50a7640 "{CE0x50a7640|0:_i8,_1:_i8,_32:_i8*,_40:_i32,_:_CMR_0,1_|*MultipleSource*|Function::tomoyo_check_unix_address&Arg::address::|security/tomoyo/network.c,594}"
CE0x61a56f0 "{CE0x61a56f0|tomoyo_unix_entry:tmp4|*LoadInst*|security/tomoyo/network.c,546}"
CE0x61a5cd0 "{CE0x61a5cd0|tomoyo_unix_entry:idxprom1|security/tomoyo/network.c,546}"
CE0x500c310 "{CE0x500c310|tomoyo_unix_entry:arrayidx|security/tomoyo/network.c,546}"
CE0x4ea3a50 "{CE0x4ea3a50|tomoyo_unix_entry:arrayidx2|security/tomoyo/network.c,546}"
CE0x41e2380 "{CE0x41e2380|tomoyo_unix_entry:tmp5|security/tomoyo/network.c,546}"
CE0x41e2650 "{CE0x41e2650|tomoyo_unix_entry:conv|security/tomoyo/network.c,548}"
CE0x6b8f890 "{CE0x6b8f890|tomoyo_unix_entry:tobool|security/tomoyo/network.c,548}"
CE0x5db9850 "{CE0x5db9850|tomoyo_unix_entry:if.then20}"
CE0x50398c0 "{CE0x50398c0|24:_%struct.tomoyo_path_info*,_32:_i8,_33:_i8,_72:_i8,_:_SCMRE_33,34_}"
CONST[source:0(mediator),value:0(static)][purpose:{operation}][SnkIdx:3]


CONST[source:0(mediator),value:1(k-static)][purpose:{operation}][SrcIdx:5]  ->  CONST[source:0(mediator),value:2(dynamic)][purpose:{object}][SnkIdx:1]
-----------
CONST[source:0(mediator),value:1(k-static)][purpose:{operation}][SrcIdx:5]
CE0x50a7640 "{CE0x50a7640|0:_i8,_1:_i8,_32:_i8*,_40:_i32,_:_CMR_0,1_|*MultipleSource*|Function::tomoyo_check_unix_address&Arg::address::|security/tomoyo/network.c,594}"
CE0x61a56f0 "{CE0x61a56f0|tomoyo_unix_entry:tmp4|*LoadInst*|security/tomoyo/network.c,546}"
CE0x61a5cd0 "{CE0x61a5cd0|tomoyo_unix_entry:idxprom1|security/tomoyo/network.c,546}"
CE0x500c310 "{CE0x500c310|tomoyo_unix_entry:arrayidx|security/tomoyo/network.c,546}"
CE0x4ea3a50 "{CE0x4ea3a50|tomoyo_unix_entry:arrayidx2|security/tomoyo/network.c,546}"
CE0x41e2380 "{CE0x41e2380|tomoyo_unix_entry:tmp5|security/tomoyo/network.c,546}"
CE0x41e2650 "{CE0x41e2650|tomoyo_unix_entry:conv|security/tomoyo/network.c,548}"
CE0x6b8f890 "{CE0x6b8f890|tomoyo_unix_entry:tobool|security/tomoyo/network.c,548}"
CE0x5db9850 "{CE0x5db9850|tomoyo_unix_entry:if.then20}"
CE0x503be70 "{CE0x503be70|24:_%struct.tomoyo_path_info*,_32:_i8,_33:_i8,_72:_i8,_:_SCMRE_27,28_}"
CONST[source:0(mediator),value:2(dynamic)][purpose:{object}][SnkIdx:1]


CONST[source:0(mediator),value:1(k-static)][purpose:{operation}][SrcIdx:5]  ->  CONST[source:0(mediator),value:0(static)][purpose:{operation}][SnkIdx:2]
-----------
CONST[source:0(mediator),value:1(k-static)][purpose:{operation}][SrcIdx:5]
CE0x50a7640 "{CE0x50a7640|0:_i8,_1:_i8,_32:_i8*,_40:_i32,_:_CMR_0,1_|*MultipleSource*|Function::tomoyo_check_unix_address&Arg::address::|security/tomoyo/network.c,594}"
CE0x42028a0 "{CE0x42028a0|tomoyo_unix_entry:tmp37|*LoadInst*|security/tomoyo/network.c,566}"
CE0x5039720 "{CE0x5039720|24:_%struct.tomoyo_path_info*,_32:_i8,_33:_i8,_72:_i8,_:_SCMRE_32,33_}"
CONST[source:0(mediator),value:0(static)][purpose:{operation}][SnkIdx:2]


CONST[source:1(input),value:2(dynamic)][purpose:{object}][SrcIdx:2]  ->  CONST[source:0(mediator),value:0(static)][purpose:{operation}][SnkIdx:3]
-----------
CONST[source:1(input),value:2(dynamic)][purpose:{object}][SrcIdx:2]
CE0x7687150 "{CE0x7687150|0:_i8,_1:_i8,_32:_i8*,_40:_i32,_:_CMR_32,40_|*MultipleSource*|Function::tomoyo_check_unix_address&Arg::address::|security/tomoyo/network.c,594}"
CE0x77f3410 "{CE0x77f3410|tomoyo_unix_entry:tmp14|security/tomoyo/network.c,550}"
CE0x4176e40 "{CE0x4176e40|tomoyo_unix_entry:buf.0}"
CE0x41debb0 "{CE0x41debb0|tomoyo_unix_entry:call18|security/tomoyo/network.c,559}"
CE0x4073070 "{CE0x4073070|tomoyo_unix_entry:tobool19|security/tomoyo/network.c,560}"
CE0x5db9850 "{CE0x5db9850|tomoyo_unix_entry:if.then20}"
CE0x50398c0 "{CE0x50398c0|24:_%struct.tomoyo_path_info*,_32:_i8,_33:_i8,_72:_i8,_:_SCMRE_33,34_}"
CONST[source:0(mediator),value:0(static)][purpose:{operation}][SnkIdx:3]


CONST[source:1(input),value:2(dynamic)][purpose:{object}][SrcIdx:2]  ->  CONST[source:0(mediator),value:2(dynamic)][purpose:{object}][SnkIdx:1]
-----------
CONST[source:1(input),value:2(dynamic)][purpose:{object}][SrcIdx:2]
CE0x7687150 "{CE0x7687150|0:_i8,_1:_i8,_32:_i8*,_40:_i32,_:_CMR_32,40_|*MultipleSource*|Function::tomoyo_check_unix_address&Arg::address::|security/tomoyo/network.c,594}"
CE0x77f3410 "{CE0x77f3410|tomoyo_unix_entry:tmp14|security/tomoyo/network.c,550}"
CE0x4176e40 "{CE0x4176e40|tomoyo_unix_entry:buf.0}"
CE0x41debb0 "{CE0x41debb0|tomoyo_unix_entry:call18|security/tomoyo/network.c,559}"
CE0x4073070 "{CE0x4073070|tomoyo_unix_entry:tobool19|security/tomoyo/network.c,560}"
CE0x5db9850 "{CE0x5db9850|tomoyo_unix_entry:if.then20}"
CE0x503be70 "{CE0x503be70|24:_%struct.tomoyo_path_info*,_32:_i8,_33:_i8,_72:_i8,_:_SCMRE_27,28_}"
CONST[source:0(mediator),value:2(dynamic)][purpose:{object}][SnkIdx:1]


CONST[source:1(input),value:2(dynamic)][purpose:{object}][SrcIdx:2]  ->  CONST[source:0(mediator),value:0(static)][purpose:{operation}][SnkIdx:2]
-----------
CONST[source:1(input),value:2(dynamic)][purpose:{object}][SrcIdx:2]
CE0x7687150 "{CE0x7687150|0:_i8,_1:_i8,_32:_i8*,_40:_i32,_:_CMR_32,40_|*MultipleSource*|Function::tomoyo_check_unix_address&Arg::address::|security/tomoyo/network.c,594}"
CE0x77f3410 "{CE0x77f3410|tomoyo_unix_entry:tmp14|security/tomoyo/network.c,550}"
CE0x4176e40 "{CE0x4176e40|tomoyo_unix_entry:buf.0}"
CE0x41debb0 "{CE0x41debb0|tomoyo_unix_entry:call18|security/tomoyo/network.c,559}"
CE0x4073070 "{CE0x4073070|tomoyo_unix_entry:tobool19|security/tomoyo/network.c,560}"
CE0x5db9850 "{CE0x5db9850|tomoyo_unix_entry:if.then20}"
CE0x5039720 "{CE0x5039720|24:_%struct.tomoyo_path_info*,_32:_i8,_33:_i8,_72:_i8,_:_SCMRE_32,33_}"
CONST[source:0(mediator),value:0(static)][purpose:{operation}][SnkIdx:2]


