[apparmor_path_rename]

explicit:
CONST[source:2(external),value:2(dynamic)][purpose:{subject}][SrcIdx:5]  ->  CONST[source:0(mediator),value:2(dynamic)][purpose:{subject}]
-----------
CONST[source:2(external),value:2(dynamic)][purpose:{subject}][SrcIdx:5]
CE0x4517d20 "{CE0x4517d20|COLLAPSED:_GCRE_current_task_external_global_%struct.task_struct*:_elem_0::|security/apparmor/include/context.h,151}"
CE0x4518c90 "{CE0x4518c90|aa_current_profile:tmp22|security/apparmor/include/context.h,151}"
CE0x45add20 "{CE0x45add20|aa_current_profile:tmp23|security/apparmor/include/context.h,151}"
CE0x4549540 "{CE0x4549540|aa_current_profile:cxt.0}"
CE0x4548600 "{CE0x4548600|aa_current_profile:profile42|security/apparmor/include/context.h,162}"
CE0x4548980 "{CE0x4548980|aa_current_profile:tmp81|security/apparmor/include/context.h,162}"
CE0x4524520 "{CE0x4524520|_ret_%struct.aa_profile*_%tmp81,_!dbg_!15575|security/apparmor/include/context.h,162}"
CE0x4510420 "{CE0x4510420|apparmor_path_rename:call1|security/apparmor/lsm.c,326}"
CE0x4523780 "{CE0x4523780|apparmor_path_rename:call1|security/apparmor/lsm.c,326|*SummSink*}"
CONST[source:0(mediator),value:2(dynamic)][purpose:{subject}]


CONST[source:1(input),value:2(dynamic)][purpose:{object}][SrcIdx:1]  ->  CONST[source:0(mediator),value:2(dynamic)][purpose:{object}]
-----------
CONST[source:1(input),value:2(dynamic)][purpose:{object}][SrcIdx:1]
CE0x45600a0 "{CE0x45600a0|0:_i16,_4:_i32,_8:_i16,_40:_%struct.super_block*,_72:_i32,_:_SCMRE_4,6_|*MultipleSource*|Function::mediated_filesystem&Arg::inode::|*LoadInst*|security/apparmor/lsm.c,323|security/apparmor/lsm.c, 330|security/apparmor/lsm.c,330}"
CONST[source:0(mediator),value:2(dynamic)][purpose:{object}]


CONST[source:1(input),value:2(dynamic)][purpose:{object}][SrcIdx:0]  ->  CONST[source:0(mediator),value:2(dynamic)][purpose:{object}]
-----------
CONST[source:1(input),value:2(dynamic)][purpose:{object}][SrcIdx:0]
CE0x455b550 "{CE0x455b550|0:_%struct.vfsmount*,_:_CRE_0,8_|*MultipleSource*|Function::apparmor_path_rename&Arg::old_dir::|security/apparmor/lsm.c,328}"
CE0x451d8c0 "{CE0x451d8c0|apparmor_path_rename:tmp14|*LoadInst*|security/apparmor/lsm.c,328}"
CE0x451d200 "{CE0x451d200|0:_%struct.vfsmount*,_8:_%struct.dentry*,_:_SCMRE_0,8_|*MultipleSource*|security/apparmor/lsm.c, 329|security/apparmor/lsm.c, 328|security/apparmor/lsm.c,328}"
CONST[source:0(mediator),value:2(dynamic)][purpose:{object}]


CONST[source:1(input),value:2(dynamic)][purpose:{object}][SrcIdx:3]  ->  CONST[source:0(mediator),value:2(dynamic)][purpose:{object}]
-----------
CONST[source:1(input),value:2(dynamic)][purpose:{object}][SrcIdx:3]
CE0x45600a0 "{CE0x45600a0|0:_i16,_4:_i32,_8:_i16,_40:_%struct.super_block*,_72:_i32,_:_SCMRE_4,6_|*MultipleSource*|Function::mediated_filesystem&Arg::inode::|*LoadInst*|security/apparmor/lsm.c,323|security/apparmor/lsm.c, 330|security/apparmor/lsm.c,330}"
CONST[source:0(mediator),value:2(dynamic)][purpose:{object}]


CONST[source:1(input),value:2(dynamic)][purpose:{object}][SrcIdx:2]  ->  CONST[source:0(mediator),value:2(dynamic)][purpose:{object}]
-----------
CONST[source:1(input),value:2(dynamic)][purpose:{object}][SrcIdx:2]
CE0x455e190 "{CE0x455e190|0:_%struct.vfsmount*,_:_CRE_0,8_|*MultipleSource*|Function::apparmor_path_rename&Arg::new_dir::|security/apparmor/lsm.c,329}"
CE0x455d1c0 "{CE0x455d1c0|apparmor_path_rename:tmp15|*LoadInst*|security/apparmor/lsm.c,329}"
CE0x451d200 "{CE0x451d200|0:_%struct.vfsmount*,_8:_%struct.dentry*,_:_SCMRE_0,8_|*MultipleSource*|security/apparmor/lsm.c, 329|security/apparmor/lsm.c, 328|security/apparmor/lsm.c,328}"
CONST[source:0(mediator),value:2(dynamic)][purpose:{object}]



implicit:
CONST[source:1(input),value:2(dynamic)][purpose:{object}][SrcIdx:3]  ->  CONST[source:0(mediator),value:2(dynamic)][purpose:{subject}]
-----------
CONST[source:1(input),value:2(dynamic)][purpose:{object}][SrcIdx:3]
CE0x45600a0 "{CE0x45600a0|0:_i16,_4:_i32,_8:_i16,_40:_%struct.super_block*,_72:_i32,_:_SCMRE_4,6_|*MultipleSource*|Function::mediated_filesystem&Arg::inode::|*LoadInst*|security/apparmor/lsm.c,323|security/apparmor/lsm.c, 330|security/apparmor/lsm.c,330}"
CE0x4524f10 "{CE0x4524f10|mediated_filesystem:tmp4|*LoadInst*|security/apparmor/include/apparmor.h,117}"
CE0x4525460 "{CE0x4525460|mediated_filesystem:s_flags|security/apparmor/include/apparmor.h,117}"
CE0x457e380 "{CE0x457e380|mediated_filesystem:tmp5|security/apparmor/include/apparmor.h,117}"
CE0x45abbe0 "{CE0x45abbe0|mediated_filesystem:and|security/apparmor/include/apparmor.h,117}"
CE0x45abfb0 "{CE0x45abfb0|mediated_filesystem:tobool|security/apparmor/include/apparmor.h,117}"
CE0x45acaf0 "{CE0x45acaf0|mediated_filesystem:lnot|security/apparmor/include/apparmor.h,117}"
CE0x45232a0 "{CE0x45232a0|_ret_i1_%lnot,_!dbg_!15473|security/apparmor/include/apparmor.h,117}"
CE0x451ca30 "{CE0x451ca30|apparmor_path_rename:call|security/apparmor/lsm.c,323}"
CE0x4506d30 "{CE0x4506d30|apparmor_path_rename:if.end}"
CE0x4510420 "{CE0x4510420|apparmor_path_rename:call1|security/apparmor/lsm.c,326}"
CE0x4523780 "{CE0x4523780|apparmor_path_rename:call1|security/apparmor/lsm.c,326|*SummSink*}"
CONST[source:0(mediator),value:2(dynamic)][purpose:{subject}]


CONST[source:1(input),value:2(dynamic)][purpose:{object}][SrcIdx:3]  ->  CONST[source:0(mediator),value:2(dynamic)][purpose:{object}]
-----------
CONST[source:1(input),value:2(dynamic)][purpose:{object}][SrcIdx:3]
CE0x45600a0 "{CE0x45600a0|0:_i16,_4:_i32,_8:_i16,_40:_%struct.super_block*,_72:_i32,_:_SCMRE_4,6_|*MultipleSource*|Function::mediated_filesystem&Arg::inode::|*LoadInst*|security/apparmor/lsm.c,323|security/apparmor/lsm.c, 330|security/apparmor/lsm.c,330}"
CONST[source:0(mediator),value:2(dynamic)][purpose:{object}]


CONST[source:1(input),value:2(dynamic)][purpose:{object}][SrcIdx:0]  ->  CONST[source:0(mediator),value:2(dynamic)][purpose:{object}]
-----------
CONST[source:1(input),value:2(dynamic)][purpose:{object}][SrcIdx:0]
CE0x455b550 "{CE0x455b550|0:_%struct.vfsmount*,_:_CRE_0,8_|*MultipleSource*|Function::apparmor_path_rename&Arg::old_dir::|security/apparmor/lsm.c,328}"
CE0x451d8c0 "{CE0x451d8c0|apparmor_path_rename:tmp14|*LoadInst*|security/apparmor/lsm.c,328}"
CE0x451d200 "{CE0x451d200|0:_%struct.vfsmount*,_8:_%struct.dentry*,_:_SCMRE_0,8_|*MultipleSource*|security/apparmor/lsm.c, 329|security/apparmor/lsm.c, 328|security/apparmor/lsm.c,328}"
CONST[source:0(mediator),value:2(dynamic)][purpose:{object}]


CONST[source:1(input),value:2(dynamic)][purpose:{object}][SrcIdx:1]  ->  CONST[source:0(mediator),value:2(dynamic)][purpose:{subject}]
-----------
CONST[source:1(input),value:2(dynamic)][purpose:{object}][SrcIdx:1]
CE0x45600a0 "{CE0x45600a0|0:_i16,_4:_i32,_8:_i16,_40:_%struct.super_block*,_72:_i32,_:_SCMRE_4,6_|*MultipleSource*|Function::mediated_filesystem&Arg::inode::|*LoadInst*|security/apparmor/lsm.c,323|security/apparmor/lsm.c, 330|security/apparmor/lsm.c,330}"
CE0x4524f10 "{CE0x4524f10|mediated_filesystem:tmp4|*LoadInst*|security/apparmor/include/apparmor.h,117}"
CE0x4525460 "{CE0x4525460|mediated_filesystem:s_flags|security/apparmor/include/apparmor.h,117}"
CE0x457e380 "{CE0x457e380|mediated_filesystem:tmp5|security/apparmor/include/apparmor.h,117}"
CE0x45abbe0 "{CE0x45abbe0|mediated_filesystem:and|security/apparmor/include/apparmor.h,117}"
CE0x45abfb0 "{CE0x45abfb0|mediated_filesystem:tobool|security/apparmor/include/apparmor.h,117}"
CE0x45acaf0 "{CE0x45acaf0|mediated_filesystem:lnot|security/apparmor/include/apparmor.h,117}"
CE0x45232a0 "{CE0x45232a0|_ret_i1_%lnot,_!dbg_!15473|security/apparmor/include/apparmor.h,117}"
CE0x451ca30 "{CE0x451ca30|apparmor_path_rename:call|security/apparmor/lsm.c,323}"
CE0x4506d30 "{CE0x4506d30|apparmor_path_rename:if.end}"
CE0x4510420 "{CE0x4510420|apparmor_path_rename:call1|security/apparmor/lsm.c,326}"
CE0x4523780 "{CE0x4523780|apparmor_path_rename:call1|security/apparmor/lsm.c,326|*SummSink*}"
CONST[source:0(mediator),value:2(dynamic)][purpose:{subject}]


CONST[source:1(input),value:2(dynamic)][purpose:{object}][SrcIdx:1]  ->  CONST[source:0(mediator),value:2(dynamic)][purpose:{object}]
-----------
CONST[source:1(input),value:2(dynamic)][purpose:{object}][SrcIdx:1]
CE0x45600a0 "{CE0x45600a0|0:_i16,_4:_i32,_8:_i16,_40:_%struct.super_block*,_72:_i32,_:_SCMRE_4,6_|*MultipleSource*|Function::mediated_filesystem&Arg::inode::|*LoadInst*|security/apparmor/lsm.c,323|security/apparmor/lsm.c, 330|security/apparmor/lsm.c,330}"
CONST[source:0(mediator),value:2(dynamic)][purpose:{object}]


CONST[source:2(external),value:2(dynamic)][purpose:{subject}][SrcIdx:5]  ->  CONST[source:0(mediator),value:2(dynamic)][purpose:{subject}]
-----------
CONST[source:2(external),value:2(dynamic)][purpose:{subject}][SrcIdx:5]
CE0x45a5710 "{CE0x45a5710|44:_i32,_48:_i16,_128:_i8*,_:_SCMRE_128,136_|*MultipleSource*|security/apparmor/include/context.h,151|security/apparmor/include/context.h,151}"
CE0x4518c90 "{CE0x4518c90|aa_current_profile:tmp22|security/apparmor/include/context.h,151}"
CE0x45add20 "{CE0x45add20|aa_current_profile:tmp23|security/apparmor/include/context.h,151}"
CE0x4549540 "{CE0x4549540|aa_current_profile:cxt.0}"
CE0x4548600 "{CE0x4548600|aa_current_profile:profile42|security/apparmor/include/context.h,162}"
CE0x4548980 "{CE0x4548980|aa_current_profile:tmp81|security/apparmor/include/context.h,162}"
CE0x4524520 "{CE0x4524520|_ret_%struct.aa_profile*_%tmp81,_!dbg_!15575|security/apparmor/include/context.h,162}"
CE0x4510420 "{CE0x4510420|apparmor_path_rename:call1|security/apparmor/lsm.c,326}"
CE0x4523780 "{CE0x4523780|apparmor_path_rename:call1|security/apparmor/lsm.c,326|*SummSink*}"
CONST[source:0(mediator),value:2(dynamic)][purpose:{subject}]


CONST[source:2(external),value:2(dynamic)][purpose:{subject}][SrcIdx:5]  ->  CONST[source:0(mediator),value:2(dynamic)][purpose:{object}]
-----------
CONST[source:2(external),value:2(dynamic)][purpose:{subject}][SrcIdx:5]
CE0x45a5710 "{CE0x45a5710|44:_i32,_48:_i16,_128:_i8*,_:_SCMRE_128,136_|*MultipleSource*|security/apparmor/include/context.h,151|security/apparmor/include/context.h,151}"
CE0x4518c90 "{CE0x4518c90|aa_current_profile:tmp22|security/apparmor/include/context.h,151}"
CE0x45add20 "{CE0x45add20|aa_current_profile:tmp23|security/apparmor/include/context.h,151}"
CE0x4549540 "{CE0x4549540|aa_current_profile:cxt.0}"
CE0x4548600 "{CE0x4548600|aa_current_profile:profile42|security/apparmor/include/context.h,162}"
CE0x4548980 "{CE0x4548980|aa_current_profile:tmp81|security/apparmor/include/context.h,162}"
CE0x4524520 "{CE0x4524520|_ret_%struct.aa_profile*_%tmp81,_!dbg_!15575|security/apparmor/include/context.h,162}"
CE0x4510420 "{CE0x4510420|apparmor_path_rename:call1|security/apparmor/lsm.c,326}"
CE0x4527670 "{CE0x4527670|apparmor_path_rename:mode|security/apparmor/lsm.c,327}"
CE0x452de20 "{CE0x452de20|apparmor_path_rename:tmp9|security/apparmor/lsm.c,327}"
CE0x4530450 "{CE0x4530450|apparmor_path_rename:cmp|security/apparmor/lsm.c,327}"
CE0x44ee130 "{CE0x44ee130|apparmor_path_rename:if.then2}"
CE0x451d310 "{CE0x451d310|0:_%struct.vfsmount*,_8:_%struct.dentry*,_:_SCMRE_8,16_|*MultipleSource*|security/apparmor/lsm.c, 329|security/apparmor/lsm.c, 328|security/apparmor/lsm.c,328}"
CONST[source:0(mediator),value:2(dynamic)][purpose:{object}]


CONST[source:1(input),value:2(dynamic)][purpose:{object}][SrcIdx:2]  ->  CONST[source:0(mediator),value:2(dynamic)][purpose:{object}]
-----------
CONST[source:1(input),value:2(dynamic)][purpose:{object}][SrcIdx:2]
CE0x455e190 "{CE0x455e190|0:_%struct.vfsmount*,_:_CRE_0,8_|*MultipleSource*|Function::apparmor_path_rename&Arg::new_dir::|security/apparmor/lsm.c,329}"
CE0x455d1c0 "{CE0x455d1c0|apparmor_path_rename:tmp15|*LoadInst*|security/apparmor/lsm.c,329}"
CE0x451d200 "{CE0x451d200|0:_%struct.vfsmount*,_8:_%struct.dentry*,_:_SCMRE_0,8_|*MultipleSource*|security/apparmor/lsm.c, 329|security/apparmor/lsm.c, 328|security/apparmor/lsm.c,328}"
CONST[source:0(mediator),value:2(dynamic)][purpose:{object}]


CONST[source:0(mediator),value:2(dynamic)][purpose:{subject}][SrcIdx:4]  ->  CONST[source:0(mediator),value:2(dynamic)][purpose:{object}]
-----------
CONST[source:0(mediator),value:2(dynamic)][purpose:{subject}][SrcIdx:4]
CE0x452aaf0 "{CE0x452aaf0|VOIDTB_TE:_GCE_rcu_lock_map_external_global_%struct.lockdep_map_128,136_|*MultipleSource*|security/apparmor/lsm.c,326|security/apparmor/lsm.c,327}"
CE0x452de20 "{CE0x452de20|apparmor_path_rename:tmp9|security/apparmor/lsm.c,327}"
CE0x4530450 "{CE0x4530450|apparmor_path_rename:cmp|security/apparmor/lsm.c,327}"
CE0x44ee130 "{CE0x44ee130|apparmor_path_rename:if.then2}"
CE0x451d310 "{CE0x451d310|0:_%struct.vfsmount*,_8:_%struct.dentry*,_:_SCMRE_8,16_|*MultipleSource*|security/apparmor/lsm.c, 329|security/apparmor/lsm.c, 328|security/apparmor/lsm.c,328}"
CONST[source:0(mediator),value:2(dynamic)][purpose:{object}]


