[selinux_inode_rename]

explicit:
CONST[source:1(input),value:2(dynamic)][purpose:{object}][SrcIdx:11]  ->  CONST[source:0(mediator),value:0(static)][purpose:{operation}][SnkIdx:19]
-----------
CONST[source:1(input),value:2(dynamic)][purpose:{object}][SrcIdx:11]
CE0x3cd0540 "{CE0x3cd0540|0:_i16,_56:_i8*,_:_CRE_0,2_|*MultipleSource*|*LoadInst*|security/selinux/hooks.c,1814|security/selinux/hooks.c,1814}"
CE0x3dd8820 "{CE0x3dd8820|may_rename:tmp67|security/selinux/hooks.c,1845}"
CE0x3dd8de0 "{CE0x3dd8de0|may_rename:conv43|security/selinux/hooks.c,1845}"
CE0x3de04a0 "{CE0x3de04a0|may_rename:and44|security/selinux/hooks.c,1845}"
CE0x3de09c0 "{CE0x3de09c0|may_rename:cmp45|security/selinux/hooks.c,1845}"
CE0x3de0e30 "{CE0x3de0e30|may_rename:conv46|security/selinux/hooks.c,1845}"
CE0x3dcf460 "{CE0x3dcf460|may_rename:tobool49|security/selinux/hooks.c,1848}"
CE0x3ddfe40 "{CE0x3ddfe40|may_rename:cond|security/selinux/hooks.c,1848}"
CE0x3ddfd80 "{CE0x3ddfd80|may_rename:conv50|security/selinux/hooks.c,1848}"
CE0x3dc81f0 "{CE0x3dc81f0|may_rename:conv50|security/selinux/hooks.c,1848|*SummSink*}"
CONST[source:0(mediator),value:0(static)][purpose:{operation}][SnkIdx:19]


CONST[source:1(input),value:2(dynamic)][purpose:{object}][SrcIdx:11]  ->  CONST[source:0(mediator),value:2(dynamic)][purpose:{object}][SnkIdx:10]
-----------
CONST[source:1(input),value:2(dynamic)][purpose:{object}][SrcIdx:11]
CE0x3cceb60 "{CE0x3cceb60|0:_i16,_56:_i8*,_:_CRE_56,64_|*MultipleSource*|*LoadInst*|security/selinux/hooks.c,1814|security/selinux/hooks.c,1814}"
CE0x3d3bf30 "{CE0x3d3bf30|may_rename:tmp5|security/selinux/hooks.c,1814}"
CE0x3d3c840 "{CE0x3d3c840|may_rename:tmp6|security/selinux/hooks.c,1814}"
CE0x3d9b880 "{CE0x3d9b880|may_rename:sclass17|security/selinux/hooks.c,1831}"
CE0x3d9a700 "{CE0x3d9a700|may_rename:tmp35|security/selinux/hooks.c,1831}"
CE0x3d9a8a0 "{CE0x3d9a8a0|may_rename:tmp35|security/selinux/hooks.c,1831|*SummSink*}"
CONST[source:0(mediator),value:2(dynamic)][purpose:{object}][SnkIdx:10]


CONST[source:1(input),value:2(dynamic)][purpose:{object}][SrcIdx:11]  ->  CONST[source:0(mediator),value:2(dynamic)][purpose:{object}][SnkIdx:17]
-----------
CONST[source:1(input),value:2(dynamic)][purpose:{object}][SrcIdx:11]
CE0x3cceb60 "{CE0x3cceb60|0:_i16,_56:_i8*,_:_CRE_56,64_|*MultipleSource*|*LoadInst*|security/selinux/hooks.c,1814|security/selinux/hooks.c,1814}"
CE0x3d6ffc0 "{CE0x3d6ffc0|may_rename:tmp64|security/selinux/hooks.c,1844}"
CE0x3dd0e50 "{CE0x3dd0e50|may_rename:tmp65|security/selinux/hooks.c,1844}"
CE0x3de13e0 "{CE0x3de13e0|may_rename:sid47|security/selinux/hooks.c,1846}"
CE0x3dd8020 "{CE0x3dd8020|may_rename:tmp68|security/selinux/hooks.c,1846}"
CE0x3dd8f00 "{CE0x3dd8f00|may_rename:tmp68|security/selinux/hooks.c,1846|*SummSink*}"
CONST[source:0(mediator),value:2(dynamic)][purpose:{object}][SnkIdx:17]


CONST[source:1(input),value:2(dynamic)][purpose:{object}][SrcIdx:11]  ->  CONST[source:0(mediator),value:2(dynamic)][purpose:{object}][SnkIdx:18]
-----------
CONST[source:1(input),value:2(dynamic)][purpose:{object}][SrcIdx:11]
CE0x3cceb60 "{CE0x3cceb60|0:_i16,_56:_i8*,_:_CRE_56,64_|*MultipleSource*|*LoadInst*|security/selinux/hooks.c,1814|security/selinux/hooks.c,1814}"
CE0x3d6ffc0 "{CE0x3d6ffc0|may_rename:tmp64|security/selinux/hooks.c,1844}"
CE0x3dd0e50 "{CE0x3dd0e50|may_rename:tmp65|security/selinux/hooks.c,1844}"
CE0x3dc42f0 "{CE0x3dc42f0|may_rename:sclass48|security/selinux/hooks.c,1847}"
CE0x3dc4710 "{CE0x3dc4710|may_rename:tmp69|security/selinux/hooks.c,1847}"
CE0x3dc48b0 "{CE0x3dc48b0|may_rename:tmp69|security/selinux/hooks.c,1847|*SummSink*}"
CONST[source:0(mediator),value:2(dynamic)][purpose:{object}][SnkIdx:18]


CONST[source:1(input),value:2(dynamic)][purpose:{object}][SrcIdx:11]  ->  CONST[source:0(mediator),value:2(dynamic)][purpose:{object}][SnkIdx:6]
-----------
CONST[source:1(input),value:2(dynamic)][purpose:{object}][SrcIdx:11]
CE0x3cceb60 "{CE0x3cceb60|0:_i16,_56:_i8*,_:_CRE_56,64_|*MultipleSource*|*LoadInst*|security/selinux/hooks.c,1814|security/selinux/hooks.c,1814}"
CE0x3d3bf30 "{CE0x3d3bf30|may_rename:tmp5|security/selinux/hooks.c,1814}"
CE0x3d3c840 "{CE0x3d3c840|may_rename:tmp6|security/selinux/hooks.c,1814}"
CE0x3d8f410 "{CE0x3d8f410|may_rename:sclass|security/selinux/hooks.c,1826}"
CE0x3d8df60 "{CE0x3d8df60|may_rename:tmp19|security/selinux/hooks.c,1826}"
CE0x3d8e150 "{CE0x3d8e150|may_rename:tmp19|security/selinux/hooks.c,1826|*SummSink*}"
CONST[source:0(mediator),value:2(dynamic)][purpose:{object}][SnkIdx:6]


CONST[source:1(input),value:2(dynamic)][purpose:{object}][SrcIdx:11]  ->  CONST[source:0(mediator),value:2(dynamic)][purpose:{object}][SnkIdx:9]
-----------
CONST[source:1(input),value:2(dynamic)][purpose:{object}][SrcIdx:11]
CE0x3cceb60 "{CE0x3cceb60|0:_i16,_56:_i8*,_:_CRE_56,64_|*MultipleSource*|*LoadInst*|security/selinux/hooks.c,1814|security/selinux/hooks.c,1814}"
CE0x3d3bf30 "{CE0x3d3bf30|may_rename:tmp5|security/selinux/hooks.c,1814}"
CE0x3d3c840 "{CE0x3d3c840|may_rename:tmp6|security/selinux/hooks.c,1814}"
CE0x3d95bf0 "{CE0x3d95bf0|may_rename:sid16|security/selinux/hooks.c,1830}"
CE0x3d96610 "{CE0x3d96610|may_rename:tmp34|security/selinux/hooks.c,1830}"
CE0x3d96800 "{CE0x3d96800|may_rename:tmp34|security/selinux/hooks.c,1830|*SummSink*}"
CONST[source:0(mediator),value:2(dynamic)][purpose:{object}][SnkIdx:9]


CONST[source:1(input),value:2(dynamic)][purpose:{object}][SrcIdx:11]  ->  CONST[source:0(mediator),value:2(dynamic)][purpose:{object}][SnkIdx:5]
-----------
CONST[source:1(input),value:2(dynamic)][purpose:{object}][SrcIdx:11]
CE0x3cceb60 "{CE0x3cceb60|0:_i16,_56:_i8*,_:_CRE_56,64_|*MultipleSource*|*LoadInst*|security/selinux/hooks.c,1814|security/selinux/hooks.c,1814}"
CE0x3d3bf30 "{CE0x3d3bf30|may_rename:tmp5|security/selinux/hooks.c,1814}"
CE0x3d3c840 "{CE0x3d3c840|may_rename:tmp6|security/selinux/hooks.c,1814}"
CE0x3cc73c0 "{CE0x3cc73c0|may_rename:sid7|security/selinux/hooks.c,1825}"
CE0x3d87bc0 "{CE0x3d87bc0|may_rename:tmp18|security/selinux/hooks.c,1825}"
CE0x3d87fc0 "{CE0x3d87fc0|may_rename:tmp18|security/selinux/hooks.c,1825|*SummSink*}"
CONST[source:0(mediator),value:2(dynamic)][purpose:{object}][SnkIdx:5]


CONST[source:2(external),value:2(dynamic)][purpose:{subject}][SrcIdx:14]  ->  CONST[source:0(mediator),value:2(dynamic)][purpose:{subject}][SnkIdx:12]
-----------
CONST[source:2(external),value:2(dynamic)][purpose:{subject}][SrcIdx:14]
CE0x3d26080 "{CE0x3d26080|COLLAPSED:_CMRE:_elem_0::|security/selinux/hooks.c,218}"
CE0x3d26720 "{CE0x3d26720|current_sid:tmp22|security/selinux/hooks.c,218}"
CE0x3d26a10 "{CE0x3d26a10|current_sid:tmp23|security/selinux/hooks.c,218}"
CE0x3d9da60 "{CE0x3d9da60|current_sid:sid|security/selinux/hooks.c,220}"
CE0x3d9ebf0 "{CE0x3d9ebf0|current_sid:tmp24|security/selinux/hooks.c,220}"
CE0x3cafb30 "{CE0x3cafb30|_ret_i32_%tmp24,_!dbg_!27742|security/selinux/hooks.c,220}"
CE0x3c8a5c0 "{CE0x3c8a5c0|may_rename:call|security/selinux/hooks.c,1808}"
CE0x3c8ac90 "{CE0x3c8ac90|may_rename:call|security/selinux/hooks.c,1808|*SummSink*}"
CONST[source:0(mediator),value:2(dynamic)][purpose:{subject}][SnkIdx:12]


CONST[source:2(external),value:2(dynamic)][purpose:{subject}][SrcIdx:14]  ->  CONST[source:0(mediator),value:2(dynamic)][purpose:{subject}][SnkIdx:8]
-----------
CONST[source:2(external),value:2(dynamic)][purpose:{subject}][SrcIdx:14]
CE0x3d26080 "{CE0x3d26080|COLLAPSED:_CMRE:_elem_0::|security/selinux/hooks.c,218}"
CE0x3d26720 "{CE0x3d26720|current_sid:tmp22|security/selinux/hooks.c,218}"
CE0x3d26a10 "{CE0x3d26a10|current_sid:tmp23|security/selinux/hooks.c,218}"
CE0x3d9da60 "{CE0x3d9da60|current_sid:sid|security/selinux/hooks.c,220}"
CE0x3d9ebf0 "{CE0x3d9ebf0|current_sid:tmp24|security/selinux/hooks.c,220}"
CE0x3cafb30 "{CE0x3cafb30|_ret_i32_%tmp24,_!dbg_!27742|security/selinux/hooks.c,220}"
CE0x3c8a5c0 "{CE0x3c8a5c0|may_rename:call|security/selinux/hooks.c,1808}"
CE0x3c8ac90 "{CE0x3c8ac90|may_rename:call|security/selinux/hooks.c,1808|*SummSink*}"
CONST[source:0(mediator),value:2(dynamic)][purpose:{subject}][SnkIdx:8]


CONST[source:2(external),value:2(dynamic)][purpose:{subject}][SrcIdx:14]  ->  CONST[source:0(mediator),value:2(dynamic)][purpose:{subject}][SnkIdx:0]
-----------
CONST[source:2(external),value:2(dynamic)][purpose:{subject}][SrcIdx:14]
CE0x3d26080 "{CE0x3d26080|COLLAPSED:_CMRE:_elem_0::|security/selinux/hooks.c,218}"
CE0x3d26720 "{CE0x3d26720|current_sid:tmp22|security/selinux/hooks.c,218}"
CE0x3d26a10 "{CE0x3d26a10|current_sid:tmp23|security/selinux/hooks.c,218}"
CE0x3d9da60 "{CE0x3d9da60|current_sid:sid|security/selinux/hooks.c,220}"
CE0x3d9ebf0 "{CE0x3d9ebf0|current_sid:tmp24|security/selinux/hooks.c,220}"
CE0x3cafb30 "{CE0x3cafb30|_ret_i32_%tmp24,_!dbg_!27742|security/selinux/hooks.c,220}"
CE0x3c8a5c0 "{CE0x3c8a5c0|may_rename:call|security/selinux/hooks.c,1808}"
CE0x3c8ac90 "{CE0x3c8ac90|may_rename:call|security/selinux/hooks.c,1808|*SummSink*}"
CONST[source:0(mediator),value:2(dynamic)][purpose:{subject}][SnkIdx:0]


CONST[source:2(external),value:2(dynamic)][purpose:{subject}][SrcIdx:14]  ->  CONST[source:0(mediator),value:2(dynamic)][purpose:{subject}][SnkIdx:16]
-----------
CONST[source:2(external),value:2(dynamic)][purpose:{subject}][SrcIdx:14]
CE0x3d26080 "{CE0x3d26080|COLLAPSED:_CMRE:_elem_0::|security/selinux/hooks.c,218}"
CE0x3d26720 "{CE0x3d26720|current_sid:tmp22|security/selinux/hooks.c,218}"
CE0x3d26a10 "{CE0x3d26a10|current_sid:tmp23|security/selinux/hooks.c,218}"
CE0x3d9da60 "{CE0x3d9da60|current_sid:sid|security/selinux/hooks.c,220}"
CE0x3d9ebf0 "{CE0x3d9ebf0|current_sid:tmp24|security/selinux/hooks.c,220}"
CE0x3cafb30 "{CE0x3cafb30|_ret_i32_%tmp24,_!dbg_!27742|security/selinux/hooks.c,220}"
CE0x3c8a5c0 "{CE0x3c8a5c0|may_rename:call|security/selinux/hooks.c,1808}"
CE0x3c8ac90 "{CE0x3c8ac90|may_rename:call|security/selinux/hooks.c,1808|*SummSink*}"
CONST[source:0(mediator),value:2(dynamic)][purpose:{subject}][SnkIdx:16]


CONST[source:2(external),value:2(dynamic)][purpose:{subject}][SrcIdx:14]  ->  CONST[source:0(mediator),value:2(dynamic)][purpose:{subject}][SnkIdx:4]
-----------
CONST[source:2(external),value:2(dynamic)][purpose:{subject}][SrcIdx:14]
CE0x3d26080 "{CE0x3d26080|COLLAPSED:_CMRE:_elem_0::|security/selinux/hooks.c,218}"
CE0x3d26720 "{CE0x3d26720|current_sid:tmp22|security/selinux/hooks.c,218}"
CE0x3d26a10 "{CE0x3d26a10|current_sid:tmp23|security/selinux/hooks.c,218}"
CE0x3d9da60 "{CE0x3d9da60|current_sid:sid|security/selinux/hooks.c,220}"
CE0x3d9ebf0 "{CE0x3d9ebf0|current_sid:tmp24|security/selinux/hooks.c,220}"
CE0x3cafb30 "{CE0x3cafb30|_ret_i32_%tmp24,_!dbg_!27742|security/selinux/hooks.c,220}"
CE0x3c8a5c0 "{CE0x3c8a5c0|may_rename:call|security/selinux/hooks.c,1808}"
CE0x3c8ac90 "{CE0x3c8ac90|may_rename:call|security/selinux/hooks.c,1808|*SummSink*}"
CONST[source:0(mediator),value:2(dynamic)][purpose:{subject}][SnkIdx:4]


CONST[source:1(input),value:2(dynamic)][purpose:{object}][SrcIdx:13]  ->  CONST[source:0(mediator),value:0(static)][purpose:{operation}][SnkIdx:19]
-----------
CONST[source:1(input),value:2(dynamic)][purpose:{object}][SrcIdx:13]
CE0x3cd0540 "{CE0x3cd0540|0:_i16,_56:_i8*,_:_CRE_0,2_|*MultipleSource*|*LoadInst*|security/selinux/hooks.c,1814|security/selinux/hooks.c,1814}"
CE0x3dd8820 "{CE0x3dd8820|may_rename:tmp67|security/selinux/hooks.c,1845}"
CE0x3dd8de0 "{CE0x3dd8de0|may_rename:conv43|security/selinux/hooks.c,1845}"
CE0x3de04a0 "{CE0x3de04a0|may_rename:and44|security/selinux/hooks.c,1845}"
CE0x3de09c0 "{CE0x3de09c0|may_rename:cmp45|security/selinux/hooks.c,1845}"
CE0x3de0e30 "{CE0x3de0e30|may_rename:conv46|security/selinux/hooks.c,1845}"
CE0x3dcf460 "{CE0x3dcf460|may_rename:tobool49|security/selinux/hooks.c,1848}"
CE0x3ddfe40 "{CE0x3ddfe40|may_rename:cond|security/selinux/hooks.c,1848}"
CE0x3ddfd80 "{CE0x3ddfd80|may_rename:conv50|security/selinux/hooks.c,1848}"
CE0x3dc81f0 "{CE0x3dc81f0|may_rename:conv50|security/selinux/hooks.c,1848|*SummSink*}"
CONST[source:0(mediator),value:0(static)][purpose:{operation}][SnkIdx:19]


CONST[source:1(input),value:2(dynamic)][purpose:{object}][SrcIdx:13]  ->  CONST[source:0(mediator),value:2(dynamic)][purpose:{object}][SnkIdx:10]
-----------
CONST[source:1(input),value:2(dynamic)][purpose:{object}][SrcIdx:13]
CE0x3cceb60 "{CE0x3cceb60|0:_i16,_56:_i8*,_:_CRE_56,64_|*MultipleSource*|*LoadInst*|security/selinux/hooks.c,1814|security/selinux/hooks.c,1814}"
CE0x3d3bf30 "{CE0x3d3bf30|may_rename:tmp5|security/selinux/hooks.c,1814}"
CE0x3d3c840 "{CE0x3d3c840|may_rename:tmp6|security/selinux/hooks.c,1814}"
CE0x3d9b880 "{CE0x3d9b880|may_rename:sclass17|security/selinux/hooks.c,1831}"
CE0x3d9a700 "{CE0x3d9a700|may_rename:tmp35|security/selinux/hooks.c,1831}"
CE0x3d9a8a0 "{CE0x3d9a8a0|may_rename:tmp35|security/selinux/hooks.c,1831|*SummSink*}"
CONST[source:0(mediator),value:2(dynamic)][purpose:{object}][SnkIdx:10]


CONST[source:1(input),value:2(dynamic)][purpose:{object}][SrcIdx:13]  ->  CONST[source:0(mediator),value:2(dynamic)][purpose:{object}][SnkIdx:17]
-----------
CONST[source:1(input),value:2(dynamic)][purpose:{object}][SrcIdx:13]
CE0x3cceb60 "{CE0x3cceb60|0:_i16,_56:_i8*,_:_CRE_56,64_|*MultipleSource*|*LoadInst*|security/selinux/hooks.c,1814|security/selinux/hooks.c,1814}"
CE0x3d6ffc0 "{CE0x3d6ffc0|may_rename:tmp64|security/selinux/hooks.c,1844}"
CE0x3dd0e50 "{CE0x3dd0e50|may_rename:tmp65|security/selinux/hooks.c,1844}"
CE0x3de13e0 "{CE0x3de13e0|may_rename:sid47|security/selinux/hooks.c,1846}"
CE0x3dd8020 "{CE0x3dd8020|may_rename:tmp68|security/selinux/hooks.c,1846}"
CE0x3dd8f00 "{CE0x3dd8f00|may_rename:tmp68|security/selinux/hooks.c,1846|*SummSink*}"
CONST[source:0(mediator),value:2(dynamic)][purpose:{object}][SnkIdx:17]


CONST[source:1(input),value:2(dynamic)][purpose:{object}][SrcIdx:13]  ->  CONST[source:0(mediator),value:2(dynamic)][purpose:{object}][SnkIdx:18]
-----------
CONST[source:1(input),value:2(dynamic)][purpose:{object}][SrcIdx:13]
CE0x3cceb60 "{CE0x3cceb60|0:_i16,_56:_i8*,_:_CRE_56,64_|*MultipleSource*|*LoadInst*|security/selinux/hooks.c,1814|security/selinux/hooks.c,1814}"
CE0x3d6ffc0 "{CE0x3d6ffc0|may_rename:tmp64|security/selinux/hooks.c,1844}"
CE0x3dd0e50 "{CE0x3dd0e50|may_rename:tmp65|security/selinux/hooks.c,1844}"
CE0x3dc42f0 "{CE0x3dc42f0|may_rename:sclass48|security/selinux/hooks.c,1847}"
CE0x3dc4710 "{CE0x3dc4710|may_rename:tmp69|security/selinux/hooks.c,1847}"
CE0x3dc48b0 "{CE0x3dc48b0|may_rename:tmp69|security/selinux/hooks.c,1847|*SummSink*}"
CONST[source:0(mediator),value:2(dynamic)][purpose:{object}][SnkIdx:18]


CONST[source:1(input),value:2(dynamic)][purpose:{object}][SrcIdx:13]  ->  CONST[source:0(mediator),value:2(dynamic)][purpose:{object}][SnkIdx:6]
-----------
CONST[source:1(input),value:2(dynamic)][purpose:{object}][SrcIdx:13]
CE0x3cceb60 "{CE0x3cceb60|0:_i16,_56:_i8*,_:_CRE_56,64_|*MultipleSource*|*LoadInst*|security/selinux/hooks.c,1814|security/selinux/hooks.c,1814}"
CE0x3d3bf30 "{CE0x3d3bf30|may_rename:tmp5|security/selinux/hooks.c,1814}"
CE0x3d3c840 "{CE0x3d3c840|may_rename:tmp6|security/selinux/hooks.c,1814}"
CE0x3d8f410 "{CE0x3d8f410|may_rename:sclass|security/selinux/hooks.c,1826}"
CE0x3d8df60 "{CE0x3d8df60|may_rename:tmp19|security/selinux/hooks.c,1826}"
CE0x3d8e150 "{CE0x3d8e150|may_rename:tmp19|security/selinux/hooks.c,1826|*SummSink*}"
CONST[source:0(mediator),value:2(dynamic)][purpose:{object}][SnkIdx:6]


CONST[source:1(input),value:2(dynamic)][purpose:{object}][SrcIdx:13]  ->  CONST[source:0(mediator),value:2(dynamic)][purpose:{object}][SnkIdx:9]
-----------
CONST[source:1(input),value:2(dynamic)][purpose:{object}][SrcIdx:13]
CE0x3cceb60 "{CE0x3cceb60|0:_i16,_56:_i8*,_:_CRE_56,64_|*MultipleSource*|*LoadInst*|security/selinux/hooks.c,1814|security/selinux/hooks.c,1814}"
CE0x3d3bf30 "{CE0x3d3bf30|may_rename:tmp5|security/selinux/hooks.c,1814}"
CE0x3d3c840 "{CE0x3d3c840|may_rename:tmp6|security/selinux/hooks.c,1814}"
CE0x3d95bf0 "{CE0x3d95bf0|may_rename:sid16|security/selinux/hooks.c,1830}"
CE0x3d96610 "{CE0x3d96610|may_rename:tmp34|security/selinux/hooks.c,1830}"
CE0x3d96800 "{CE0x3d96800|may_rename:tmp34|security/selinux/hooks.c,1830|*SummSink*}"
CONST[source:0(mediator),value:2(dynamic)][purpose:{object}][SnkIdx:9]


CONST[source:1(input),value:2(dynamic)][purpose:{object}][SrcIdx:13]  ->  CONST[source:0(mediator),value:2(dynamic)][purpose:{object}][SnkIdx:5]
-----------
CONST[source:1(input),value:2(dynamic)][purpose:{object}][SrcIdx:13]
CE0x3cceb60 "{CE0x3cceb60|0:_i16,_56:_i8*,_:_CRE_56,64_|*MultipleSource*|*LoadInst*|security/selinux/hooks.c,1814|security/selinux/hooks.c,1814}"
CE0x3d3bf30 "{CE0x3d3bf30|may_rename:tmp5|security/selinux/hooks.c,1814}"
CE0x3d3c840 "{CE0x3d3c840|may_rename:tmp6|security/selinux/hooks.c,1814}"
CE0x3cc73c0 "{CE0x3cc73c0|may_rename:sid7|security/selinux/hooks.c,1825}"
CE0x3d87bc0 "{CE0x3d87bc0|may_rename:tmp18|security/selinux/hooks.c,1825}"
CE0x3d87fc0 "{CE0x3d87fc0|may_rename:tmp18|security/selinux/hooks.c,1825|*SummSink*}"
CONST[source:0(mediator),value:2(dynamic)][purpose:{object}][SnkIdx:5]



implicit:
CONST[source:1(input),value:2(dynamic)][purpose:{object}][SrcIdx:13]  ->  CONST[source:0(mediator),value:2(dynamic)][purpose:{object}][SnkIdx:5]
-----------
CONST[source:1(input),value:2(dynamic)][purpose:{object}][SrcIdx:13]
CE0x3cceb60 "{CE0x3cceb60|0:_i16,_56:_i8*,_:_CRE_56,64_|*MultipleSource*|*LoadInst*|security/selinux/hooks.c,1814|security/selinux/hooks.c,1814}"
CE0x3d3bf30 "{CE0x3d3bf30|may_rename:tmp5|security/selinux/hooks.c,1814}"
CE0x3d3c840 "{CE0x3d3c840|may_rename:tmp6|security/selinux/hooks.c,1814}"
CE0x3cc73c0 "{CE0x3cc73c0|may_rename:sid7|security/selinux/hooks.c,1825}"
CE0x3d87bc0 "{CE0x3d87bc0|may_rename:tmp18|security/selinux/hooks.c,1825}"
CE0x3d87fc0 "{CE0x3d87fc0|may_rename:tmp18|security/selinux/hooks.c,1825|*SummSink*}"
CONST[source:0(mediator),value:2(dynamic)][purpose:{object}][SnkIdx:5]


CONST[source:1(input),value:2(dynamic)][purpose:{object}][SrcIdx:13]  ->  CONST[source:0(mediator),value:0(static)][purpose:{operation}][SnkIdx:15]
-----------
CONST[source:1(input),value:2(dynamic)][purpose:{object}][SrcIdx:13]
CE0x3c98340 "{CE0x3c98340|104:_%struct.inode*,_:_CRE_104,112_|*MultipleSource*|security/selinux/hooks.c,1814|Function::selinux_inode_rename&Arg::old_dentry::|Function::selinux_inode_rename&Arg::new_dentry::|Function::may_rename&Arg::new_dentry::|Function::may_rename&Arg::old_dentry::}"
CE0x3d8b250 "{CE0x3d8b250|may_rename:tmp44|*LoadInst*|security/selinux/hooks.c,1838}"
CE0x3d782c0 "{CE0x3d782c0|may_rename:tobool26|security/selinux/hooks.c,1838}"
CE0x3c9b6c0 "{CE0x3c9b6c0|may_rename:if.then27}"
CE0x3d8d890 "{CE0x3d8d890|may_rename:conv29|security/selinux/hooks.c,1839}"
CE0x3cedc90 "{CE0x3cedc90|may_rename:av.0}"
CE0x3cee0c0 "{CE0x3cee0c0|may_rename:av.0|*SummSink*}"
CONST[source:0(mediator),value:0(static)][purpose:{operation}][SnkIdx:15]


CONST[source:1(input),value:2(dynamic)][purpose:{object}][SrcIdx:13]  ->  CONST[source:0(mediator),value:2(dynamic)][purpose:{object}][SnkIdx:6]
-----------
CONST[source:1(input),value:2(dynamic)][purpose:{object}][SrcIdx:13]
CE0x3cceb60 "{CE0x3cceb60|0:_i16,_56:_i8*,_:_CRE_56,64_|*MultipleSource*|*LoadInst*|security/selinux/hooks.c,1814|security/selinux/hooks.c,1814}"
CE0x3d3bf30 "{CE0x3d3bf30|may_rename:tmp5|security/selinux/hooks.c,1814}"
CE0x3d3c840 "{CE0x3d3c840|may_rename:tmp6|security/selinux/hooks.c,1814}"
CE0x3d8f410 "{CE0x3d8f410|may_rename:sclass|security/selinux/hooks.c,1826}"
CE0x3d8df60 "{CE0x3d8df60|may_rename:tmp19|security/selinux/hooks.c,1826}"
CE0x3d8e150 "{CE0x3d8e150|may_rename:tmp19|security/selinux/hooks.c,1826|*SummSink*}"
CONST[source:0(mediator),value:2(dynamic)][purpose:{object}][SnkIdx:6]


CONST[source:1(input),value:2(dynamic)][purpose:{object}][SrcIdx:13]  ->  CONST[source:0(mediator),value:2(dynamic)][purpose:{object}][SnkIdx:9]
-----------
CONST[source:1(input),value:2(dynamic)][purpose:{object}][SrcIdx:13]
CE0x3cceb60 "{CE0x3cceb60|0:_i16,_56:_i8*,_:_CRE_56,64_|*MultipleSource*|*LoadInst*|security/selinux/hooks.c,1814|security/selinux/hooks.c,1814}"
CE0x3d3bf30 "{CE0x3d3bf30|may_rename:tmp5|security/selinux/hooks.c,1814}"
CE0x3d3c840 "{CE0x3d3c840|may_rename:tmp6|security/selinux/hooks.c,1814}"
CE0x3d95bf0 "{CE0x3d95bf0|may_rename:sid16|security/selinux/hooks.c,1830}"
CE0x3d96610 "{CE0x3d96610|may_rename:tmp34|security/selinux/hooks.c,1830}"
CE0x3d96800 "{CE0x3d96800|may_rename:tmp34|security/selinux/hooks.c,1830|*SummSink*}"
CONST[source:0(mediator),value:2(dynamic)][purpose:{object}][SnkIdx:9]


CONST[source:1(input),value:2(dynamic)][purpose:{object}][SrcIdx:13]  ->  CONST[source:0(mediator),value:2(dynamic)][purpose:{object}][SnkIdx:17]
-----------
CONST[source:1(input),value:2(dynamic)][purpose:{object}][SrcIdx:13]
CE0x3c98340 "{CE0x3c98340|104:_%struct.inode*,_:_CRE_104,112_|*MultipleSource*|security/selinux/hooks.c,1814|Function::selinux_inode_rename&Arg::old_dentry::|Function::selinux_inode_rename&Arg::new_dentry::|Function::may_rename&Arg::new_dentry::|Function::may_rename&Arg::old_dentry::}"
CE0x3dc0540 "{CE0x3dc0540|may_rename:tmp58|*LoadInst*|security/selinux/hooks.c,1843}"
CE0x3dc0850 "{CE0x3dc0850|may_rename:tobool37|security/selinux/hooks.c,1843}"
CE0x3c9bbb0 "{CE0x3c9bbb0|may_rename:if.then38}"
CE0x3dd8020 "{CE0x3dd8020|may_rename:tmp68|security/selinux/hooks.c,1846}"
CE0x3dd8f00 "{CE0x3dd8f00|may_rename:tmp68|security/selinux/hooks.c,1846|*SummSink*}"
CONST[source:0(mediator),value:2(dynamic)][purpose:{object}][SnkIdx:17]


CONST[source:1(input),value:2(dynamic)][purpose:{object}][SrcIdx:13]  ->  CONST[source:0(mediator),value:2(dynamic)][purpose:{object}][SnkIdx:10]
-----------
CONST[source:1(input),value:2(dynamic)][purpose:{object}][SrcIdx:13]
CE0x3cceb60 "{CE0x3cceb60|0:_i16,_56:_i8*,_:_CRE_56,64_|*MultipleSource*|*LoadInst*|security/selinux/hooks.c,1814|security/selinux/hooks.c,1814}"
CE0x3d3bf30 "{CE0x3d3bf30|may_rename:tmp5|security/selinux/hooks.c,1814}"
CE0x3d3c840 "{CE0x3d3c840|may_rename:tmp6|security/selinux/hooks.c,1814}"
CE0x3d9b880 "{CE0x3d9b880|may_rename:sclass17|security/selinux/hooks.c,1831}"
CE0x3d9a700 "{CE0x3d9a700|may_rename:tmp35|security/selinux/hooks.c,1831}"
CE0x3d9a8a0 "{CE0x3d9a8a0|may_rename:tmp35|security/selinux/hooks.c,1831|*SummSink*}"
CONST[source:0(mediator),value:2(dynamic)][purpose:{object}][SnkIdx:10]


CONST[source:1(input),value:2(dynamic)][purpose:{object}][SrcIdx:13]  ->  CONST[source:0(mediator),value:2(dynamic)][purpose:{object}][SnkIdx:13]
-----------
CONST[source:1(input),value:2(dynamic)][purpose:{object}][SrcIdx:13]
CE0x3cd0540 "{CE0x3cd0540|0:_i16,_56:_i8*,_:_CRE_0,2_|*MultipleSource*|*LoadInst*|security/selinux/hooks.c,1814|security/selinux/hooks.c,1814}"
CE0x3d50c00 "{CE0x3d50c00|may_rename:tmp8|security/selinux/hooks.c,1815}"
CE0x3d3f180 "{CE0x3d3f180|may_rename:conv|security/selinux/hooks.c,1815}"
CE0x3d3d3a0 "{CE0x3d3d3a0|may_rename:and|security/selinux/hooks.c,1815}"
CE0x3d51270 "{CE0x3d51270|may_rename:cmp|security/selinux/hooks.c,1815}"
CE0x3d513f0 "{CE0x3d513f0|may_rename:conv3|security/selinux/hooks.c,1815}"
CE0x3d3cc40 "{CE0x3d3cc40|may_rename:tobool12|security/selinux/hooks.c,1829}"
CE0x3c71be0 "{CE0x3c71be0|may_rename:if.end30}"
CE0x3d7f900 "{CE0x3d7f900|may_rename:tmp51|security/selinux/hooks.c,1840}"
CE0x3dbd7d0 "{CE0x3dbd7d0|may_rename:tmp51|security/selinux/hooks.c,1840|*SummSink*}"
CONST[source:0(mediator),value:2(dynamic)][purpose:{object}][SnkIdx:13]


CONST[source:1(input),value:2(dynamic)][purpose:{object}][SrcIdx:13]  ->  CONST[source:0(mediator),value:2(dynamic)][purpose:{object}][SnkIdx:18]
-----------
CONST[source:1(input),value:2(dynamic)][purpose:{object}][SrcIdx:13]
CE0x3c98340 "{CE0x3c98340|104:_%struct.inode*,_:_CRE_104,112_|*MultipleSource*|security/selinux/hooks.c,1814|Function::selinux_inode_rename&Arg::old_dentry::|Function::selinux_inode_rename&Arg::new_dentry::|Function::may_rename&Arg::new_dentry::|Function::may_rename&Arg::old_dentry::}"
CE0x3dc0540 "{CE0x3dc0540|may_rename:tmp58|*LoadInst*|security/selinux/hooks.c,1843}"
CE0x3dc0850 "{CE0x3dc0850|may_rename:tobool37|security/selinux/hooks.c,1843}"
CE0x3c9bbb0 "{CE0x3c9bbb0|may_rename:if.then38}"
CE0x3dc4710 "{CE0x3dc4710|may_rename:tmp69|security/selinux/hooks.c,1847}"
CE0x3dc48b0 "{CE0x3dc48b0|may_rename:tmp69|security/selinux/hooks.c,1847|*SummSink*}"
CONST[source:0(mediator),value:2(dynamic)][purpose:{object}][SnkIdx:18]


CONST[source:1(input),value:2(dynamic)][purpose:{object}][SrcIdx:13]  ->  CONST[source:0(mediator),value:0(static)][purpose:{operation}][SnkIdx:19]
-----------
CONST[source:1(input),value:2(dynamic)][purpose:{object}][SrcIdx:13]
CE0x3c98340 "{CE0x3c98340|104:_%struct.inode*,_:_CRE_104,112_|*MultipleSource*|security/selinux/hooks.c,1814|Function::selinux_inode_rename&Arg::old_dentry::|Function::selinux_inode_rename&Arg::new_dentry::|Function::may_rename&Arg::new_dentry::|Function::may_rename&Arg::old_dentry::}"
CE0x3dc0540 "{CE0x3dc0540|may_rename:tmp58|*LoadInst*|security/selinux/hooks.c,1843}"
CE0x3dc0850 "{CE0x3dc0850|may_rename:tobool37|security/selinux/hooks.c,1843}"
CE0x3c9bbb0 "{CE0x3c9bbb0|may_rename:if.then38}"
CE0x3ddfd80 "{CE0x3ddfd80|may_rename:conv50|security/selinux/hooks.c,1848}"
CE0x3dc81f0 "{CE0x3dc81f0|may_rename:conv50|security/selinux/hooks.c,1848|*SummSink*}"
CONST[source:0(mediator),value:0(static)][purpose:{operation}][SnkIdx:19]


CONST[source:1(input),value:2(dynamic)][purpose:{object}][SrcIdx:11]  ->  CONST[source:0(mediator),value:2(dynamic)][purpose:{object}][SnkIdx:5]
-----------
CONST[source:1(input),value:2(dynamic)][purpose:{object}][SrcIdx:11]
CE0x3cceb60 "{CE0x3cceb60|0:_i16,_56:_i8*,_:_CRE_56,64_|*MultipleSource*|*LoadInst*|security/selinux/hooks.c,1814|security/selinux/hooks.c,1814}"
CE0x3d3bf30 "{CE0x3d3bf30|may_rename:tmp5|security/selinux/hooks.c,1814}"
CE0x3d3c840 "{CE0x3d3c840|may_rename:tmp6|security/selinux/hooks.c,1814}"
CE0x3cc73c0 "{CE0x3cc73c0|may_rename:sid7|security/selinux/hooks.c,1825}"
CE0x3d87bc0 "{CE0x3d87bc0|may_rename:tmp18|security/selinux/hooks.c,1825}"
CE0x3d87fc0 "{CE0x3d87fc0|may_rename:tmp18|security/selinux/hooks.c,1825|*SummSink*}"
CONST[source:0(mediator),value:2(dynamic)][purpose:{object}][SnkIdx:5]


CONST[source:1(input),value:2(dynamic)][purpose:{object}][SrcIdx:11]  ->  CONST[source:0(mediator),value:0(static)][purpose:{operation}][SnkIdx:15]
-----------
CONST[source:1(input),value:2(dynamic)][purpose:{object}][SrcIdx:11]
CE0x3c98340 "{CE0x3c98340|104:_%struct.inode*,_:_CRE_104,112_|*MultipleSource*|security/selinux/hooks.c,1814|Function::selinux_inode_rename&Arg::old_dentry::|Function::selinux_inode_rename&Arg::new_dentry::|Function::may_rename&Arg::new_dentry::|Function::may_rename&Arg::old_dentry::}"
CE0x3d8b250 "{CE0x3d8b250|may_rename:tmp44|*LoadInst*|security/selinux/hooks.c,1838}"
CE0x3d782c0 "{CE0x3d782c0|may_rename:tobool26|security/selinux/hooks.c,1838}"
CE0x3c9b6c0 "{CE0x3c9b6c0|may_rename:if.then27}"
CE0x3d8d890 "{CE0x3d8d890|may_rename:conv29|security/selinux/hooks.c,1839}"
CE0x3cedc90 "{CE0x3cedc90|may_rename:av.0}"
CE0x3cee0c0 "{CE0x3cee0c0|may_rename:av.0|*SummSink*}"
CONST[source:0(mediator),value:0(static)][purpose:{operation}][SnkIdx:15]


CONST[source:1(input),value:2(dynamic)][purpose:{object}][SrcIdx:11]  ->  CONST[source:0(mediator),value:2(dynamic)][purpose:{object}][SnkIdx:6]
-----------
CONST[source:1(input),value:2(dynamic)][purpose:{object}][SrcIdx:11]
CE0x3cceb60 "{CE0x3cceb60|0:_i16,_56:_i8*,_:_CRE_56,64_|*MultipleSource*|*LoadInst*|security/selinux/hooks.c,1814|security/selinux/hooks.c,1814}"
CE0x3d3bf30 "{CE0x3d3bf30|may_rename:tmp5|security/selinux/hooks.c,1814}"
CE0x3d3c840 "{CE0x3d3c840|may_rename:tmp6|security/selinux/hooks.c,1814}"
CE0x3d8f410 "{CE0x3d8f410|may_rename:sclass|security/selinux/hooks.c,1826}"
CE0x3d8df60 "{CE0x3d8df60|may_rename:tmp19|security/selinux/hooks.c,1826}"
CE0x3d8e150 "{CE0x3d8e150|may_rename:tmp19|security/selinux/hooks.c,1826|*SummSink*}"
CONST[source:0(mediator),value:2(dynamic)][purpose:{object}][SnkIdx:6]


CONST[source:1(input),value:2(dynamic)][purpose:{object}][SrcIdx:11]  ->  CONST[source:0(mediator),value:2(dynamic)][purpose:{object}][SnkIdx:9]
-----------
CONST[source:1(input),value:2(dynamic)][purpose:{object}][SrcIdx:11]
CE0x3cceb60 "{CE0x3cceb60|0:_i16,_56:_i8*,_:_CRE_56,64_|*MultipleSource*|*LoadInst*|security/selinux/hooks.c,1814|security/selinux/hooks.c,1814}"
CE0x3d3bf30 "{CE0x3d3bf30|may_rename:tmp5|security/selinux/hooks.c,1814}"
CE0x3d3c840 "{CE0x3d3c840|may_rename:tmp6|security/selinux/hooks.c,1814}"
CE0x3d95bf0 "{CE0x3d95bf0|may_rename:sid16|security/selinux/hooks.c,1830}"
CE0x3d96610 "{CE0x3d96610|may_rename:tmp34|security/selinux/hooks.c,1830}"
CE0x3d96800 "{CE0x3d96800|may_rename:tmp34|security/selinux/hooks.c,1830|*SummSink*}"
CONST[source:0(mediator),value:2(dynamic)][purpose:{object}][SnkIdx:9]


CONST[source:1(input),value:2(dynamic)][purpose:{object}][SrcIdx:11]  ->  CONST[source:0(mediator),value:2(dynamic)][purpose:{object}][SnkIdx:17]
-----------
CONST[source:1(input),value:2(dynamic)][purpose:{object}][SrcIdx:11]
CE0x3c98340 "{CE0x3c98340|104:_%struct.inode*,_:_CRE_104,112_|*MultipleSource*|security/selinux/hooks.c,1814|Function::selinux_inode_rename&Arg::old_dentry::|Function::selinux_inode_rename&Arg::new_dentry::|Function::may_rename&Arg::new_dentry::|Function::may_rename&Arg::old_dentry::}"
CE0x3dc0540 "{CE0x3dc0540|may_rename:tmp58|*LoadInst*|security/selinux/hooks.c,1843}"
CE0x3dc0850 "{CE0x3dc0850|may_rename:tobool37|security/selinux/hooks.c,1843}"
CE0x3c9bbb0 "{CE0x3c9bbb0|may_rename:if.then38}"
CE0x3dd8020 "{CE0x3dd8020|may_rename:tmp68|security/selinux/hooks.c,1846}"
CE0x3dd8f00 "{CE0x3dd8f00|may_rename:tmp68|security/selinux/hooks.c,1846|*SummSink*}"
CONST[source:0(mediator),value:2(dynamic)][purpose:{object}][SnkIdx:17]


CONST[source:1(input),value:2(dynamic)][purpose:{object}][SrcIdx:11]  ->  CONST[source:0(mediator),value:2(dynamic)][purpose:{object}][SnkIdx:10]
-----------
CONST[source:1(input),value:2(dynamic)][purpose:{object}][SrcIdx:11]
CE0x3cceb60 "{CE0x3cceb60|0:_i16,_56:_i8*,_:_CRE_56,64_|*MultipleSource*|*LoadInst*|security/selinux/hooks.c,1814|security/selinux/hooks.c,1814}"
CE0x3d3bf30 "{CE0x3d3bf30|may_rename:tmp5|security/selinux/hooks.c,1814}"
CE0x3d3c840 "{CE0x3d3c840|may_rename:tmp6|security/selinux/hooks.c,1814}"
CE0x3d9b880 "{CE0x3d9b880|may_rename:sclass17|security/selinux/hooks.c,1831}"
CE0x3d9a700 "{CE0x3d9a700|may_rename:tmp35|security/selinux/hooks.c,1831}"
CE0x3d9a8a0 "{CE0x3d9a8a0|may_rename:tmp35|security/selinux/hooks.c,1831|*SummSink*}"
CONST[source:0(mediator),value:2(dynamic)][purpose:{object}][SnkIdx:10]


CONST[source:1(input),value:2(dynamic)][purpose:{object}][SrcIdx:11]  ->  CONST[source:0(mediator),value:2(dynamic)][purpose:{object}][SnkIdx:13]
-----------
CONST[source:1(input),value:2(dynamic)][purpose:{object}][SrcIdx:11]
CE0x3cd0540 "{CE0x3cd0540|0:_i16,_56:_i8*,_:_CRE_0,2_|*MultipleSource*|*LoadInst*|security/selinux/hooks.c,1814|security/selinux/hooks.c,1814}"
CE0x3d50c00 "{CE0x3d50c00|may_rename:tmp8|security/selinux/hooks.c,1815}"
CE0x3d3f180 "{CE0x3d3f180|may_rename:conv|security/selinux/hooks.c,1815}"
CE0x3d3d3a0 "{CE0x3d3d3a0|may_rename:and|security/selinux/hooks.c,1815}"
CE0x3d51270 "{CE0x3d51270|may_rename:cmp|security/selinux/hooks.c,1815}"
CE0x3d513f0 "{CE0x3d513f0|may_rename:conv3|security/selinux/hooks.c,1815}"
CE0x3d3cc40 "{CE0x3d3cc40|may_rename:tobool12|security/selinux/hooks.c,1829}"
CE0x3c71be0 "{CE0x3c71be0|may_rename:if.end30}"
CE0x3d7f900 "{CE0x3d7f900|may_rename:tmp51|security/selinux/hooks.c,1840}"
CE0x3dbd7d0 "{CE0x3dbd7d0|may_rename:tmp51|security/selinux/hooks.c,1840|*SummSink*}"
CONST[source:0(mediator),value:2(dynamic)][purpose:{object}][SnkIdx:13]


CONST[source:1(input),value:2(dynamic)][purpose:{object}][SrcIdx:11]  ->  CONST[source:0(mediator),value:2(dynamic)][purpose:{object}][SnkIdx:18]
-----------
CONST[source:1(input),value:2(dynamic)][purpose:{object}][SrcIdx:11]
CE0x3c98340 "{CE0x3c98340|104:_%struct.inode*,_:_CRE_104,112_|*MultipleSource*|security/selinux/hooks.c,1814|Function::selinux_inode_rename&Arg::old_dentry::|Function::selinux_inode_rename&Arg::new_dentry::|Function::may_rename&Arg::new_dentry::|Function::may_rename&Arg::old_dentry::}"
CE0x3dc0540 "{CE0x3dc0540|may_rename:tmp58|*LoadInst*|security/selinux/hooks.c,1843}"
CE0x3dc0850 "{CE0x3dc0850|may_rename:tobool37|security/selinux/hooks.c,1843}"
CE0x3c9bbb0 "{CE0x3c9bbb0|may_rename:if.then38}"
CE0x3dc4710 "{CE0x3dc4710|may_rename:tmp69|security/selinux/hooks.c,1847}"
CE0x3dc48b0 "{CE0x3dc48b0|may_rename:tmp69|security/selinux/hooks.c,1847|*SummSink*}"
CONST[source:0(mediator),value:2(dynamic)][purpose:{object}][SnkIdx:18]


CONST[source:1(input),value:2(dynamic)][purpose:{object}][SrcIdx:11]  ->  CONST[source:0(mediator),value:0(static)][purpose:{operation}][SnkIdx:19]
-----------
CONST[source:1(input),value:2(dynamic)][purpose:{object}][SrcIdx:11]
CE0x3c98340 "{CE0x3c98340|104:_%struct.inode*,_:_CRE_104,112_|*MultipleSource*|security/selinux/hooks.c,1814|Function::selinux_inode_rename&Arg::old_dentry::|Function::selinux_inode_rename&Arg::new_dentry::|Function::may_rename&Arg::new_dentry::|Function::may_rename&Arg::old_dentry::}"
CE0x3dc0540 "{CE0x3dc0540|may_rename:tmp58|*LoadInst*|security/selinux/hooks.c,1843}"
CE0x3dc0850 "{CE0x3dc0850|may_rename:tobool37|security/selinux/hooks.c,1843}"
CE0x3c9bbb0 "{CE0x3c9bbb0|may_rename:if.then38}"
CE0x3ddfd80 "{CE0x3ddfd80|may_rename:conv50|security/selinux/hooks.c,1848}"
CE0x3dc81f0 "{CE0x3dc81f0|may_rename:conv50|security/selinux/hooks.c,1848|*SummSink*}"
CONST[source:0(mediator),value:0(static)][purpose:{operation}][SnkIdx:19]


CONST[source:2(external),value:2(dynamic)][purpose:{subject}][SrcIdx:14]  ->  CONST[source:0(mediator),value:2(dynamic)][purpose:{subject}][SnkIdx:12]
-----------
CONST[source:2(external),value:2(dynamic)][purpose:{subject}][SrcIdx:14]
CE0x3d251a0 "{CE0x3d251a0|COLLAPSED:_GCMRE_current_task_external_global_%struct.task_struct*:_elem_0::|security/selinux/hooks.c,218}"
CE0x3d26720 "{CE0x3d26720|current_sid:tmp22|security/selinux/hooks.c,218}"
CE0x3d26a10 "{CE0x3d26a10|current_sid:tmp23|security/selinux/hooks.c,218}"
CE0x3d9da60 "{CE0x3d9da60|current_sid:sid|security/selinux/hooks.c,220}"
CE0x3d9ebf0 "{CE0x3d9ebf0|current_sid:tmp24|security/selinux/hooks.c,220}"
CE0x3cafb30 "{CE0x3cafb30|_ret_i32_%tmp24,_!dbg_!27742|security/selinux/hooks.c,220}"
CE0x3c8a5c0 "{CE0x3c8a5c0|may_rename:call|security/selinux/hooks.c,1808}"
CE0x3c8ac90 "{CE0x3c8ac90|may_rename:call|security/selinux/hooks.c,1808|*SummSink*}"
CONST[source:0(mediator),value:2(dynamic)][purpose:{subject}][SnkIdx:12]


CONST[source:2(external),value:2(dynamic)][purpose:{subject}][SrcIdx:14]  ->  CONST[source:0(mediator),value:2(dynamic)][purpose:{subject}][SnkIdx:8]
-----------
CONST[source:2(external),value:2(dynamic)][purpose:{subject}][SrcIdx:14]
CE0x3d251a0 "{CE0x3d251a0|COLLAPSED:_GCMRE_current_task_external_global_%struct.task_struct*:_elem_0::|security/selinux/hooks.c,218}"
CE0x3d26720 "{CE0x3d26720|current_sid:tmp22|security/selinux/hooks.c,218}"
CE0x3d26a10 "{CE0x3d26a10|current_sid:tmp23|security/selinux/hooks.c,218}"
CE0x3d9da60 "{CE0x3d9da60|current_sid:sid|security/selinux/hooks.c,220}"
CE0x3d9ebf0 "{CE0x3d9ebf0|current_sid:tmp24|security/selinux/hooks.c,220}"
CE0x3cafb30 "{CE0x3cafb30|_ret_i32_%tmp24,_!dbg_!27742|security/selinux/hooks.c,220}"
CE0x3c8a5c0 "{CE0x3c8a5c0|may_rename:call|security/selinux/hooks.c,1808}"
CE0x3c8ac90 "{CE0x3c8ac90|may_rename:call|security/selinux/hooks.c,1808|*SummSink*}"
CONST[source:0(mediator),value:2(dynamic)][purpose:{subject}][SnkIdx:8]


CONST[source:2(external),value:2(dynamic)][purpose:{subject}][SrcIdx:14]  ->  CONST[source:0(mediator),value:2(dynamic)][purpose:{subject}][SnkIdx:16]
-----------
CONST[source:2(external),value:2(dynamic)][purpose:{subject}][SrcIdx:14]
CE0x3d251a0 "{CE0x3d251a0|COLLAPSED:_GCMRE_current_task_external_global_%struct.task_struct*:_elem_0::|security/selinux/hooks.c,218}"
CE0x3d26720 "{CE0x3d26720|current_sid:tmp22|security/selinux/hooks.c,218}"
CE0x3d26a10 "{CE0x3d26a10|current_sid:tmp23|security/selinux/hooks.c,218}"
CE0x3d9da60 "{CE0x3d9da60|current_sid:sid|security/selinux/hooks.c,220}"
CE0x3d9ebf0 "{CE0x3d9ebf0|current_sid:tmp24|security/selinux/hooks.c,220}"
CE0x3cafb30 "{CE0x3cafb30|_ret_i32_%tmp24,_!dbg_!27742|security/selinux/hooks.c,220}"
CE0x3c8a5c0 "{CE0x3c8a5c0|may_rename:call|security/selinux/hooks.c,1808}"
CE0x3c8ac90 "{CE0x3c8ac90|may_rename:call|security/selinux/hooks.c,1808|*SummSink*}"
CONST[source:0(mediator),value:2(dynamic)][purpose:{subject}][SnkIdx:16]


CONST[source:2(external),value:2(dynamic)][purpose:{subject}][SrcIdx:14]  ->  CONST[source:0(mediator),value:2(dynamic)][purpose:{subject}][SnkIdx:0]
-----------
CONST[source:2(external),value:2(dynamic)][purpose:{subject}][SrcIdx:14]
CE0x3d251a0 "{CE0x3d251a0|COLLAPSED:_GCMRE_current_task_external_global_%struct.task_struct*:_elem_0::|security/selinux/hooks.c,218}"
CE0x3d26720 "{CE0x3d26720|current_sid:tmp22|security/selinux/hooks.c,218}"
CE0x3d26a10 "{CE0x3d26a10|current_sid:tmp23|security/selinux/hooks.c,218}"
CE0x3d9da60 "{CE0x3d9da60|current_sid:sid|security/selinux/hooks.c,220}"
CE0x3d9ebf0 "{CE0x3d9ebf0|current_sid:tmp24|security/selinux/hooks.c,220}"
CE0x3cafb30 "{CE0x3cafb30|_ret_i32_%tmp24,_!dbg_!27742|security/selinux/hooks.c,220}"
CE0x3c8a5c0 "{CE0x3c8a5c0|may_rename:call|security/selinux/hooks.c,1808}"
CE0x3c8ac90 "{CE0x3c8ac90|may_rename:call|security/selinux/hooks.c,1808|*SummSink*}"
CONST[source:0(mediator),value:2(dynamic)][purpose:{subject}][SnkIdx:0]


CONST[source:2(external),value:2(dynamic)][purpose:{subject}][SrcIdx:14]  ->  CONST[source:0(mediator),value:2(dynamic)][purpose:{subject}][SnkIdx:4]
-----------
CONST[source:2(external),value:2(dynamic)][purpose:{subject}][SrcIdx:14]
CE0x3d251a0 "{CE0x3d251a0|COLLAPSED:_GCMRE_current_task_external_global_%struct.task_struct*:_elem_0::|security/selinux/hooks.c,218}"
CE0x3d26720 "{CE0x3d26720|current_sid:tmp22|security/selinux/hooks.c,218}"
CE0x3d26a10 "{CE0x3d26a10|current_sid:tmp23|security/selinux/hooks.c,218}"
CE0x3d9da60 "{CE0x3d9da60|current_sid:sid|security/selinux/hooks.c,220}"
CE0x3d9ebf0 "{CE0x3d9ebf0|current_sid:tmp24|security/selinux/hooks.c,220}"
CE0x3cafb30 "{CE0x3cafb30|_ret_i32_%tmp24,_!dbg_!27742|security/selinux/hooks.c,220}"
CE0x3c8a5c0 "{CE0x3c8a5c0|may_rename:call|security/selinux/hooks.c,1808}"
CE0x3c8ac90 "{CE0x3c8ac90|may_rename:call|security/selinux/hooks.c,1808|*SummSink*}"
CONST[source:0(mediator),value:2(dynamic)][purpose:{subject}][SnkIdx:4]


