[selinux_socket_accept]

explicit:
CONST[source:1(input),value:2(dynamic)][purpose:{object}]  ->  CONST[source:0(mediator),value:2(dynamic)][purpose:{object}]
-----------
CONST[source:1(input),value:2(dynamic)][purpose:{object}]
CE0x58057e0 "{CE0x58057e0|32:_%struct.sock*,_104:_i8*,_:_CRE_32,40_|*MultipleSource*|Function::selinux_socket_accept&Arg::sock::|security/selinux/hooks.c,4198}"
CE0x57fb830 "{CE0x57fb830|selinux_socket_accept:_tmp2|*LoadInst*|security/selinux/hooks.c,4198}"
CE0x580e620 "{CE0x580e620|sock_has_perm:_sk|Function::sock_has_perm&Arg::sk::}"
CE0x5852aa0 "{CE0x5852aa0|sock_has_perm:_sk_security|security/selinux/hooks.c,3964}"
CE0x5859ca0 "{CE0x5859ca0|sock_has_perm:_tmp2|*LoadInst*|security/selinux/hooks.c,3964}"
CE0x58afd70 "{CE0x58afd70|sock_has_perm:_tmp3|security/selinux/hooks.c,3964}"
CE0x58a1ac0 "{CE0x58a1ac0|sock_has_perm:_sclass|security/selinux/hooks.c,3976}"
CE0x58a2080 "{CE0x58a2080|sock_has_perm:_tmp17|security/selinux/hooks.c,3976}"
CE0x58a2320 "{CE0x58a2320|sock_has_perm:_tmp17|security/selinux/hooks.c,3976|*SummSink*}"
CONST[source:0(mediator),value:2(dynamic)][purpose:{object}]


CONST[source:2(external),value:2(dynamic)][purpose:{subject}]  ->  CONST[source:1(input),value:2(dynamic)][purpose:{subject}]
-----------
CONST[source:2(external),value:2(dynamic)][purpose:{subject}]
CE0x5853a00 "{CE0x5853a00|COLLAPSED:_GCMRE_current_task_external_global_%struct.task_struct*:_elem_0:default:}"
CE0x580c650 "{CE0x580c650|task_sid:_tmp4|*LoadInst*|security/selinux/hooks.c,208}"
CE0x58e3ce0 "{CE0x58e3ce0|cred_sid:_cred|Function::cred_sid&Arg::cred::}"
CE0x584f3b0 "{CE0x584f3b0|cred_sid:_security|security/selinux/hooks.c,196}"
CE0x5824b20 "{CE0x5824b20|cred_sid:_tmp4|*LoadInst*|security/selinux/hooks.c,196}"
CE0x58291a0 "{CE0x58291a0|cred_sid:_tmp5|security/selinux/hooks.c,196}"
CE0x58e61c0 "{CE0x58e61c0|cred_sid:_sid|security/selinux/hooks.c,197}"
CE0x58e6df0 "{CE0x58e6df0|cred_sid:_tmp6|security/selinux/hooks.c,197}"
CE0x58e4050 "{CE0x58e4050|_ret_i32_%tmp6,_!dbg_!27716|security/selinux/hooks.c,197}"
CE0x58e2fe0 "{CE0x58e2fe0|task_sid:_call7|security/selinux/hooks.c,208}"
CE0x5851610 "{CE0x5851610|_ret_i32_%call7,_!dbg_!27749|security/selinux/hooks.c,210}"
CE0x58ac190 "{CE0x58ac190|sock_has_perm:_call|security/selinux/hooks.c,3967}"
CE0x58ac330 "{CE0x58ac330|sock_has_perm:_call|security/selinux/hooks.c,3967|*SummSink*}"
CONST[source:1(input),value:2(dynamic)][purpose:{subject}]



implicit:
CONST[source:1(input),value:2(dynamic)][purpose:{object}]  ->  CONST[source:0(mediator),value:2(dynamic)][purpose:{object}]
-----------
CONST[source:1(input),value:2(dynamic)][purpose:{object}]
CE0x58057e0 "{CE0x58057e0|32:_%struct.sock*,_104:_i8*,_:_CRE_32,40_|*MultipleSource*|Function::selinux_socket_accept&Arg::sock::|security/selinux/hooks.c,4198}"
CE0x57fb830 "{CE0x57fb830|selinux_socket_accept:_tmp2|*LoadInst*|security/selinux/hooks.c,4198}"
CE0x580e620 "{CE0x580e620|sock_has_perm:_sk|Function::sock_has_perm&Arg::sk::}"
CE0x5852aa0 "{CE0x5852aa0|sock_has_perm:_sk_security|security/selinux/hooks.c,3964}"
CE0x5859ca0 "{CE0x5859ca0|sock_has_perm:_tmp2|*LoadInst*|security/selinux/hooks.c,3964}"
CE0x58afd70 "{CE0x58afd70|sock_has_perm:_tmp3|security/selinux/hooks.c,3964}"
CE0x58a0b50 "{CE0x58a0b50|sock_has_perm:_sid5|security/selinux/hooks.c,3976}"
CE0x58a14a0 "{CE0x58a14a0|sock_has_perm:_tmp16|security/selinux/hooks.c,3976}"
CE0x58a1790 "{CE0x58a1790|sock_has_perm:_tmp16|security/selinux/hooks.c,3976|*SummSink*}"
CONST[source:0(mediator),value:2(dynamic)][purpose:{object}]


CONST[source:2(external),value:2(dynamic)][purpose:{subject}]  ->  CONST[source:1(input),value:2(dynamic)][purpose:{subject}]
-----------
CONST[source:2(external),value:2(dynamic)][purpose:{subject}]
CE0x5853a00 "{CE0x5853a00|COLLAPSED:_GCMRE_current_task_external_global_%struct.task_struct*:_elem_0:default:}"
CE0x580c650 "{CE0x580c650|task_sid:_tmp4|*LoadInst*|security/selinux/hooks.c,208}"
CE0x58e3ce0 "{CE0x58e3ce0|cred_sid:_cred|Function::cred_sid&Arg::cred::}"
CE0x584f3b0 "{CE0x584f3b0|cred_sid:_security|security/selinux/hooks.c,196}"
CE0x5824b20 "{CE0x5824b20|cred_sid:_tmp4|*LoadInst*|security/selinux/hooks.c,196}"
CE0x58291a0 "{CE0x58291a0|cred_sid:_tmp5|security/selinux/hooks.c,196}"
CE0x58e61c0 "{CE0x58e61c0|cred_sid:_sid|security/selinux/hooks.c,197}"
CE0x58e6df0 "{CE0x58e6df0|cred_sid:_tmp6|security/selinux/hooks.c,197}"
CE0x58e4050 "{CE0x58e4050|_ret_i32_%tmp6,_!dbg_!27716|security/selinux/hooks.c,197}"
CE0x58e2fe0 "{CE0x58e2fe0|task_sid:_call7|security/selinux/hooks.c,208}"
CE0x5851610 "{CE0x5851610|_ret_i32_%call7,_!dbg_!27749|security/selinux/hooks.c,210}"
CE0x58ac190 "{CE0x58ac190|sock_has_perm:_call|security/selinux/hooks.c,3967}"
CE0x58ac330 "{CE0x58ac330|sock_has_perm:_call|security/selinux/hooks.c,3967|*SummSink*}"
CONST[source:1(input),value:2(dynamic)][purpose:{subject}]


