[apparmor_path_mknod]

explicit:
CONST[source:2(external),value:2(dynamic)][purpose:{object}][SrcIdx:4]  ->  CONST[source:0(mediator),value:2(dynamic)][purpose:{object}][SnkIdx:3]
-----------
CONST[source:2(external),value:2(dynamic)][purpose:{object}][SrcIdx:4]
CE0x4cb2120 "{CE0x4cb2120|0:_%struct.aa_profile*,_:_CMRE_8,16_|*MultipleSource*|security/apparmor/include/context.h,99|*LoadInst*|security/apparmor/include/context.h,99|security/apparmor/include/context.h,100}"
CONST[source:0(mediator),value:2(dynamic)][purpose:{object}][SnkIdx:3]


CONST[source:2(external),value:2(dynamic)][purpose:{object}][SrcIdx:4]  ->  CONST[source:0(mediator),value:2(dynamic)][purpose:{subject}][SnkIdx:1]
-----------
CONST[source:2(external),value:2(dynamic)][purpose:{object}][SrcIdx:4]
CE0x4cb10e0 "{CE0x4cb10e0|0:_%struct.aa_profile*,_:_CMRE_0,8_|*MultipleSource*|security/apparmor/include/context.h,99|*LoadInst*|security/apparmor/include/context.h,99|security/apparmor/include/context.h,100}"
CE0x4cbfd90 "{CE0x4cbfd90|aa_cred_profile:tmp34|security/apparmor/include/context.h,101}"
CE0x4cacd50 "{CE0x4cacd50|_ret_%struct.aa_profile*_%tmp34,_!dbg_!15510|security/apparmor/include/context.h,101}"
CE0x4cab850 "{CE0x4cab850|__aa_current_profile:call4|security/apparmor/include/context.h,138}"
CE0x4c724d0 "{CE0x4c724d0|_ret_%struct.aa_profile*_%call4,_!dbg_!15494|security/apparmor/include/context.h,138}"
CE0x4c1e430 "{CE0x4c1e430|common_perm:call|security/apparmor/lsm.c,168}"
CE0x4c77120 "{CE0x4c77120|common_perm:call|security/apparmor/lsm.c,168|*SummSink*}"
CONST[source:0(mediator),value:2(dynamic)][purpose:{subject}][SnkIdx:1]


CONST[source:1(input),value:2(dynamic)][purpose:{object}][SrcIdx:7]  ->  CONST[source:0(mediator),value:2(dynamic)][purpose:{object}][SnkIdx:3]
-----------
CONST[source:1(input),value:2(dynamic)][purpose:{object}][SrcIdx:7]
CE0x4ba1630 "{CE0x4ba1630|apparmor_path_mknod:mode|Function::apparmor_path_mknod&Arg::mode::|*SummSource*}"
CE0x4ba1470 "{CE0x4ba1470|apparmor_path_mknod:mode|Function::apparmor_path_mknod&Arg::mode::}"
CE0x4ba41a0 "{CE0x4ba41a0|common_perm_create:mode|Function::common_perm_create&Arg::mode::}"
CE0x47f61b0 "{CE0x47f61b0|44:_i32,_48:_i16,_128:_i8*,_:_SCMRE_4,6_|*MultipleSource*|security/apparmor/lsm.c, 251|security/apparmor/lsm.c,251}"
CONST[source:0(mediator),value:2(dynamic)][purpose:{object}][SnkIdx:3]


CONST[source:1(input),value:2(dynamic)][purpose:{object}][SrcIdx:7]  ->  CONST[source:0(mediator),value:2(dynamic)][purpose:{subject}][SnkIdx:1]
-----------
CONST[source:1(input),value:2(dynamic)][purpose:{object}][SrcIdx:7]
CE0x4ba1630 "{CE0x4ba1630|apparmor_path_mknod:mode|Function::apparmor_path_mknod&Arg::mode::|*SummSource*}"
CE0x4ba1470 "{CE0x4ba1470|apparmor_path_mknod:mode|Function::apparmor_path_mknod&Arg::mode::}"
CE0x4ba41a0 "{CE0x4ba41a0|common_perm_create:mode|Function::common_perm_create&Arg::mode::}"
CE0x47f61b0 "{CE0x47f61b0|44:_i32,_48:_i16,_128:_i8*,_:_SCMRE_4,6_|*MultipleSource*|security/apparmor/lsm.c, 251|security/apparmor/lsm.c,251}"
CE0x4cb1a00 "{CE0x4cb1a00|aa_cred_profile:tmp4|*LoadInst*|security/apparmor/include/context.h,99}"
CE0x4cb9960 "{CE0x4cb9960|aa_cred_profile:tmp5|security/apparmor/include/context.h,99}"
CE0x4cc2b60 "{CE0x4cc2b60|aa_cred_profile:profile11|security/apparmor/include/context.h,101}"
CE0x4cbfd90 "{CE0x4cbfd90|aa_cred_profile:tmp34|security/apparmor/include/context.h,101}"
CE0x4cacd50 "{CE0x4cacd50|_ret_%struct.aa_profile*_%tmp34,_!dbg_!15510|security/apparmor/include/context.h,101}"
CE0x4cab850 "{CE0x4cab850|__aa_current_profile:call4|security/apparmor/include/context.h,138}"
CE0x4c724d0 "{CE0x4c724d0|_ret_%struct.aa_profile*_%call4,_!dbg_!15494|security/apparmor/include/context.h,138}"
CE0x4c1e430 "{CE0x4c1e430|common_perm:call|security/apparmor/lsm.c,168}"
CE0x4c77120 "{CE0x4c77120|common_perm:call|security/apparmor/lsm.c,168|*SummSink*}"
CONST[source:0(mediator),value:2(dynamic)][purpose:{subject}][SnkIdx:1]


CONST[source:2(external),value:2(dynamic)][purpose:{subject}][SrcIdx:8]  ->  CONST[source:0(mediator),value:2(dynamic)][purpose:{subject}][SnkIdx:1]
-----------
CONST[source:2(external),value:2(dynamic)][purpose:{subject}][SrcIdx:8]
CE0x4c75880 "{CE0x4c75880|COLLAPSED:_CRE:_elem_0::|security/apparmor/lsm.c,169}"
CONST[source:0(mediator),value:2(dynamic)][purpose:{subject}][SnkIdx:1]


CONST[source:1(input),value:2(dynamic)][purpose:{object}][SrcIdx:2]  ->  CONST[source:0(mediator),value:2(dynamic)][purpose:{object}][SnkIdx:2]
-----------
CONST[source:1(input),value:2(dynamic)][purpose:{object}][SrcIdx:2]
CE0x4bd9cd0 "{CE0x4bd9cd0|0:_%struct.vfsmount*,_8:_%struct.dentry*,_:_CRE_0,8_|*MultipleSource*|Function::apparmor_path_mknod&Arg::dir::|Function::common_perm_create&Arg::dir::|security/apparmor/lsm.c,253}"
CE0x4c827d0 "{CE0x4c827d0|common_perm_dir_dentry:tmp4|*LoadInst*|security/apparmor/lsm.c,189}"
CE0x4c81e50 "{CE0x4c81e50|0:_%struct.vfsmount*,_8:_%struct.dentry*,_:_SCMRE_0,8_|*MultipleSource*|security/apparmor/lsm.c, 189|security/apparmor/lsm.c,189}"
CONST[source:0(mediator),value:2(dynamic)][purpose:{object}][SnkIdx:2]


CONST[source:1(input),value:2(dynamic)][purpose:{object}][SrcIdx:3]  ->  CONST[source:0(mediator),value:2(dynamic)][purpose:{object}][SnkIdx:2]
-----------
CONST[source:1(input),value:2(dynamic)][purpose:{object}][SrcIdx:3]
CE0x4b9d8e0 "{CE0x4b9d8e0|apparmor_path_mknod:dentry|Function::apparmor_path_mknod&Arg::dentry::|*SummSource*}"
CE0x4926790 "{CE0x4926790|apparmor_path_mknod:dentry|Function::apparmor_path_mknod&Arg::dentry::}"
CE0x4ba1cc0 "{CE0x4ba1cc0|common_perm_create:dentry|Function::common_perm_create&Arg::dentry::}"
CE0x4c1a200 "{CE0x4c1a200|common_perm_dir_dentry:dentry|Function::common_perm_dir_dentry&Arg::dentry::}"
CE0x4c81fb0 "{CE0x4c81fb0|0:_%struct.vfsmount*,_8:_%struct.dentry*,_:_SCMRE_8,16_|*MultipleSource*|security/apparmor/lsm.c, 189|security/apparmor/lsm.c,189}"
CONST[source:0(mediator),value:2(dynamic)][purpose:{object}][SnkIdx:2]



implicit:
CONST[source:1(input),value:2(dynamic)][purpose:{object}][SrcIdx:7]  ->  CONST[source:0(mediator),value:2(dynamic)][purpose:{object}][SnkIdx:3]
-----------
CONST[source:1(input),value:2(dynamic)][purpose:{object}][SrcIdx:7]
CE0x4ba1630 "{CE0x4ba1630|apparmor_path_mknod:mode|Function::apparmor_path_mknod&Arg::mode::|*SummSource*}"
CE0x4ba1470 "{CE0x4ba1470|apparmor_path_mknod:mode|Function::apparmor_path_mknod&Arg::mode::}"
CE0x4ba41a0 "{CE0x4ba41a0|common_perm_create:mode|Function::common_perm_create&Arg::mode::}"
CE0x47f61b0 "{CE0x47f61b0|44:_i32,_48:_i16,_128:_i8*,_:_SCMRE_4,6_|*MultipleSource*|security/apparmor/lsm.c, 251|security/apparmor/lsm.c,251}"
CONST[source:0(mediator),value:2(dynamic)][purpose:{object}][SnkIdx:3]


CONST[source:1(input),value:2(dynamic)][purpose:{object}][SrcIdx:7]  ->  CONST[source:0(mediator),value:2(dynamic)][purpose:{subject}][SnkIdx:1]
-----------
CONST[source:1(input),value:2(dynamic)][purpose:{object}][SrcIdx:7]
CE0x4ba1630 "{CE0x4ba1630|apparmor_path_mknod:mode|Function::apparmor_path_mknod&Arg::mode::|*SummSource*}"
CE0x4ba1470 "{CE0x4ba1470|apparmor_path_mknod:mode|Function::apparmor_path_mknod&Arg::mode::}"
CE0x4ba41a0 "{CE0x4ba41a0|common_perm_create:mode|Function::common_perm_create&Arg::mode::}"
CE0x47f61b0 "{CE0x47f61b0|44:_i32,_48:_i16,_128:_i8*,_:_SCMRE_4,6_|*MultipleSource*|security/apparmor/lsm.c, 251|security/apparmor/lsm.c,251}"
CE0x4cb1a00 "{CE0x4cb1a00|aa_cred_profile:tmp4|*LoadInst*|security/apparmor/include/context.h,99}"
CE0x4cb9960 "{CE0x4cb9960|aa_cred_profile:tmp5|security/apparmor/include/context.h,99}"
CE0x4cc2b60 "{CE0x4cc2b60|aa_cred_profile:profile11|security/apparmor/include/context.h,101}"
CE0x4cbfd90 "{CE0x4cbfd90|aa_cred_profile:tmp34|security/apparmor/include/context.h,101}"
CE0x4cacd50 "{CE0x4cacd50|_ret_%struct.aa_profile*_%tmp34,_!dbg_!15510|security/apparmor/include/context.h,101}"
CE0x4cab850 "{CE0x4cab850|__aa_current_profile:call4|security/apparmor/include/context.h,138}"
CE0x4c724d0 "{CE0x4c724d0|_ret_%struct.aa_profile*_%call4,_!dbg_!15494|security/apparmor/include/context.h,138}"
CE0x4c1e430 "{CE0x4c1e430|common_perm:call|security/apparmor/lsm.c,168}"
CE0x4c77120 "{CE0x4c77120|common_perm:call|security/apparmor/lsm.c,168|*SummSink*}"
CONST[source:0(mediator),value:2(dynamic)][purpose:{subject}][SnkIdx:1]


CONST[source:1(input),value:2(dynamic)][purpose:{object}][SrcIdx:2]  ->  CONST[source:0(mediator),value:2(dynamic)][purpose:{object}][SnkIdx:2]
-----------
CONST[source:1(input),value:2(dynamic)][purpose:{object}][SrcIdx:2]
CE0x4bd9cd0 "{CE0x4bd9cd0|0:_%struct.vfsmount*,_8:_%struct.dentry*,_:_CRE_0,8_|*MultipleSource*|Function::apparmor_path_mknod&Arg::dir::|Function::common_perm_create&Arg::dir::|security/apparmor/lsm.c,253}"
CE0x4c827d0 "{CE0x4c827d0|common_perm_dir_dentry:tmp4|*LoadInst*|security/apparmor/lsm.c,189}"
CE0x4c81e50 "{CE0x4c81e50|0:_%struct.vfsmount*,_8:_%struct.dentry*,_:_SCMRE_0,8_|*MultipleSource*|security/apparmor/lsm.c, 189|security/apparmor/lsm.c,189}"
CONST[source:0(mediator),value:2(dynamic)][purpose:{object}][SnkIdx:2]


CONST[source:1(input),value:2(dynamic)][purpose:{object}][SrcIdx:3]  ->  CONST[source:0(mediator),value:2(dynamic)][purpose:{object}][SnkIdx:2]
-----------
CONST[source:1(input),value:2(dynamic)][purpose:{object}][SrcIdx:3]
CE0x4b9d8e0 "{CE0x4b9d8e0|apparmor_path_mknod:dentry|Function::apparmor_path_mknod&Arg::dentry::|*SummSource*}"
CE0x4926790 "{CE0x4926790|apparmor_path_mknod:dentry|Function::apparmor_path_mknod&Arg::dentry::}"
CE0x4ba1cc0 "{CE0x4ba1cc0|common_perm_create:dentry|Function::common_perm_create&Arg::dentry::}"
CE0x4c1a200 "{CE0x4c1a200|common_perm_dir_dentry:dentry|Function::common_perm_dir_dentry&Arg::dentry::}"
CE0x4c81fb0 "{CE0x4c81fb0|0:_%struct.vfsmount*,_8:_%struct.dentry*,_:_SCMRE_8,16_|*MultipleSource*|security/apparmor/lsm.c, 189|security/apparmor/lsm.c,189}"
CONST[source:0(mediator),value:2(dynamic)][purpose:{object}][SnkIdx:2]


CONST[source:2(external),value:2(dynamic)][purpose:{object}][SrcIdx:4]  ->  CONST[source:0(mediator),value:2(dynamic)][purpose:{object}][SnkIdx:3]
-----------
CONST[source:2(external),value:2(dynamic)][purpose:{object}][SrcIdx:4]
CE0x4cb3310 "{CE0x4cb3310|0:_%struct.aa_profile*,_:_CMRE_24,32_|*MultipleSource*|security/apparmor/include/context.h,99|*LoadInst*|security/apparmor/include/context.h,99|security/apparmor/include/context.h,100}"
CONST[source:0(mediator),value:2(dynamic)][purpose:{object}][SnkIdx:3]


CONST[source:2(external),value:2(dynamic)][purpose:{object}][SrcIdx:4]  ->  CONST[source:0(mediator),value:2(dynamic)][purpose:{subject}][SnkIdx:1]
-----------
CONST[source:2(external),value:2(dynamic)][purpose:{object}][SrcIdx:4]
CE0x4cb10e0 "{CE0x4cb10e0|0:_%struct.aa_profile*,_:_CMRE_0,8_|*MultipleSource*|security/apparmor/include/context.h,99|*LoadInst*|security/apparmor/include/context.h,99|security/apparmor/include/context.h,100}"
CE0x4cbfd90 "{CE0x4cbfd90|aa_cred_profile:tmp34|security/apparmor/include/context.h,101}"
CE0x4cacd50 "{CE0x4cacd50|_ret_%struct.aa_profile*_%tmp34,_!dbg_!15510|security/apparmor/include/context.h,101}"
CE0x4cab850 "{CE0x4cab850|__aa_current_profile:call4|security/apparmor/include/context.h,138}"
CE0x4c724d0 "{CE0x4c724d0|_ret_%struct.aa_profile*_%call4,_!dbg_!15494|security/apparmor/include/context.h,138}"
CE0x4c1e430 "{CE0x4c1e430|common_perm:call|security/apparmor/lsm.c,168}"
CE0x4c77120 "{CE0x4c77120|common_perm:call|security/apparmor/lsm.c,168|*SummSink*}"
CONST[source:0(mediator),value:2(dynamic)][purpose:{subject}][SnkIdx:1]


CONST[source:2(external),value:2(dynamic)][purpose:{subject}][SrcIdx:8]  ->  CONST[source:0(mediator),value:2(dynamic)][purpose:{subject}][SnkIdx:1]
-----------
CONST[source:2(external),value:2(dynamic)][purpose:{subject}][SrcIdx:8]
CE0x4c75880 "{CE0x4c75880|COLLAPSED:_CRE:_elem_0::|security/apparmor/lsm.c,169}"
CONST[source:0(mediator),value:2(dynamic)][purpose:{subject}][SnkIdx:1]


