[selinux_ptrace_access_check]

explicit:
CONST[source:1(input),value:2(dynamic)][purpose:{object}]  ->  CONST[source:0(mediator),value:2(dynamic)][purpose:{object}]
-----------
CONST[source:1(input),value:2(dynamic)][purpose:{object}]
CE0x3fba030 "{CE0x3fba030|2472:_%struct.cred*,_:_CRE:_elem_0:default:}"
CE0x40202d0 "{CE0x40202d0|task_sid:_tmp4|*LoadInst*|security/selinux/hooks.c,208}"
CE0x4028ce0 "{CE0x4028ce0|cred_sid:_cred|Function::cred_sid&Arg::cred::}"
CE0x3fa9f90 "{CE0x3fa9f90|cred_sid:_security|security/selinux/hooks.c,196}"
CE0x403ad80 "{CE0x403ad80|cred_sid:_tmp4|*LoadInst*|security/selinux/hooks.c,196}"
CE0x4055270 "{CE0x4055270|cred_sid:_tmp5|security/selinux/hooks.c,196}"
CE0x40556f0 "{CE0x40556f0|cred_sid:_sid|security/selinux/hooks.c,197}"
CE0x403cf40 "{CE0x403cf40|cred_sid:_tmp6|security/selinux/hooks.c,197}"
CE0x4029050 "{CE0x4029050|_ret_i32_%tmp6,_!dbg_!27716|security/selinux/hooks.c,197}"
CE0x4027fe0 "{CE0x4027fe0|task_sid:_call7|security/selinux/hooks.c,208}"
CE0x3fbc750 "{CE0x3fbc750|_ret_i32_%call7,_!dbg_!27749|security/selinux/hooks.c,210}"
CE0x3fa7ff0 "{CE0x3fa7ff0|selinux_ptrace_access_check:_call4|security/selinux/hooks.c,1947}"
CE0x3fa4c60 "{CE0x3fa4c60|selinux_ptrace_access_check:_call4|security/selinux/hooks.c,1947|*SummSink*}"
CONST[source:0(mediator),value:2(dynamic)][purpose:{object}]


CONST[source:2(external),value:2(dynamic)][purpose:{subject}]  ->  CONST[source:0(mediator),value:2(dynamic)][purpose:{subject}]
-----------
CONST[source:2(external),value:2(dynamic)][purpose:{subject}]
CE0x4000190 "{CE0x4000190|COLLAPSED:_GCMRE_current_task_external_global_%struct.task_struct*:_elem_0::|security/selinux/hooks.c,218}"
CE0x408b590 "{CE0x408b590|current_sid:_tmp22|security/selinux/hooks.c,218}"
CE0x400cf80 "{CE0x400cf80|current_sid:_tmp23|security/selinux/hooks.c,218}"
CE0x408ac80 "{CE0x408ac80|current_sid:_sid|security/selinux/hooks.c,220}"
CE0x40240f0 "{CE0x40240f0|current_sid:_tmp24|security/selinux/hooks.c,220}"
CE0x3fe47d0 "{CE0x3fe47d0|_ret_i32_%tmp24,_!dbg_!27742|security/selinux/hooks.c,220}"
CE0x3fea8d0 "{CE0x3fea8d0|current_has_perm:_call|security/selinux/hooks.c,1542}"
CE0x3fea6a0 "{CE0x3fea6a0|current_has_perm:_call|security/selinux/hooks.c,1542|*SummSink*}"
CONST[source:0(mediator),value:2(dynamic)][purpose:{subject}]



implicit:
CONST[source:2(external),value:2(dynamic)][purpose:{subject}]  ->  CONST[source:0(mediator),value:2(dynamic)][purpose:{subject}]
-----------
CONST[source:2(external),value:2(dynamic)][purpose:{subject}]
CE0x4001080 "{CE0x4001080|COLLAPSED:_CMRE:_elem_0::|security/selinux/hooks.c,218}"
CE0x408b590 "{CE0x408b590|current_sid:_tmp22|security/selinux/hooks.c,218}"
CE0x400cf80 "{CE0x400cf80|current_sid:_tmp23|security/selinux/hooks.c,218}"
CE0x408ac80 "{CE0x408ac80|current_sid:_sid|security/selinux/hooks.c,220}"
CE0x40240f0 "{CE0x40240f0|current_sid:_tmp24|security/selinux/hooks.c,220}"
CE0x3fe47d0 "{CE0x3fe47d0|_ret_i32_%tmp24,_!dbg_!27742|security/selinux/hooks.c,220}"
CE0x3fea8d0 "{CE0x3fea8d0|current_has_perm:_call|security/selinux/hooks.c,1542}"
CE0x3fea6a0 "{CE0x3fea6a0|current_has_perm:_call|security/selinux/hooks.c,1542|*SummSink*}"
CONST[source:0(mediator),value:2(dynamic)][purpose:{subject}]


CONST[source:1(input),value:2(dynamic)][purpose:{operation}]  ->  CONST[source:0(mediator),value:2(dynamic)][purpose:{subject}]
-----------
CONST[source:1(input),value:2(dynamic)][purpose:{operation}]
CE0x406a6b0 "{CE0x406a6b0|selinux_ptrace_access_check:_mode|Function::selinux_ptrace_access_check&Arg::mode::|*SummSource*}"
CE0x406a5a0 "{CE0x406a5a0|selinux_ptrace_access_check:_mode|Function::selinux_ptrace_access_check&Arg::mode::}"
CE0x3f95850 "{CE0x3f95850|selinux_ptrace_access_check:_and|security/selinux/hooks.c,1945}"
CE0x3fa0dd0 "{CE0x3fa0dd0|selinux_ptrace_access_check:_tobool1|security/selinux/hooks.c,1945}"
CE0x3fb68f0 "{CE0x3fb68f0|selinux_ptrace_access_check:_if.then2}"
CE0x3fa0ff0 "{CE0x3fa0ff0|selinux_ptrace_access_check:_call3|security/selinux/hooks.c,1946}"
CE0x3fb9cb0 "{CE0x3fb9cb0|selinux_ptrace_access_check:_call3|security/selinux/hooks.c,1946|*SummSink*}"
CONST[source:0(mediator),value:2(dynamic)][purpose:{subject}]


CONST[source:1(input),value:2(dynamic)][purpose:{operation}]  ->  CONST[source:0(mediator),value:2(dynamic)][purpose:{object}]
-----------
CONST[source:1(input),value:2(dynamic)][purpose:{operation}]
CE0x406a6b0 "{CE0x406a6b0|selinux_ptrace_access_check:_mode|Function::selinux_ptrace_access_check&Arg::mode::|*SummSource*}"
CE0x406a5a0 "{CE0x406a5a0|selinux_ptrace_access_check:_mode|Function::selinux_ptrace_access_check&Arg::mode::}"
CE0x3f95850 "{CE0x3f95850|selinux_ptrace_access_check:_and|security/selinux/hooks.c,1945}"
CE0x3fa0dd0 "{CE0x3fa0dd0|selinux_ptrace_access_check:_tobool1|security/selinux/hooks.c,1945}"
CE0x3fb68f0 "{CE0x3fb68f0|selinux_ptrace_access_check:_if.then2}"
CE0x3fa7ff0 "{CE0x3fa7ff0|selinux_ptrace_access_check:_call4|security/selinux/hooks.c,1947}"
CE0x3fa4c60 "{CE0x3fa4c60|selinux_ptrace_access_check:_call4|security/selinux/hooks.c,1947|*SummSink*}"
CONST[source:0(mediator),value:2(dynamic)][purpose:{object}]


CONST[source:1(input),value:2(dynamic)][purpose:{object}]  ->  CONST[source:0(mediator),value:2(dynamic)][purpose:{object}]
-----------
CONST[source:1(input),value:2(dynamic)][purpose:{object}]
CE0x3fba030 "{CE0x3fba030|2472:_%struct.cred*,_:_CRE:_elem_0:default:}"
CE0x4006d20 "{CE0x4006d20|task_sid:_tmp4|*LoadInst*|security/selinux/hooks.c,208}"
CE0x4028ce0 "{CE0x4028ce0|cred_sid:_cred|Function::cred_sid&Arg::cred::}"
CE0x3fa9f90 "{CE0x3fa9f90|cred_sid:_security|security/selinux/hooks.c,196}"
CE0x403ad80 "{CE0x403ad80|cred_sid:_tmp4|*LoadInst*|security/selinux/hooks.c,196}"
CE0x4055270 "{CE0x4055270|cred_sid:_tmp5|security/selinux/hooks.c,196}"
CE0x40556f0 "{CE0x40556f0|cred_sid:_sid|security/selinux/hooks.c,197}"
CE0x403cf40 "{CE0x403cf40|cred_sid:_tmp6|security/selinux/hooks.c,197}"
CE0x4029050 "{CE0x4029050|_ret_i32_%tmp6,_!dbg_!27716|security/selinux/hooks.c,197}"
CE0x40307b0 "{CE0x40307b0|task_sid:_call7|security/selinux/hooks.c,208}"
CE0x3fe94b0 "{CE0x3fe94b0|_ret_i32_%call7,_!dbg_!27749|security/selinux/hooks.c,210}"
CE0x4007890 "{CE0x4007890|current_has_perm:_call1|security/selinux/hooks.c,1543}"
CE0x3fe48b0 "{CE0x3fe48b0|current_has_perm:_call1|security/selinux/hooks.c,1543|*SummSink*}"
CONST[source:0(mediator),value:2(dynamic)][purpose:{object}]


CONST[source:2(external),value:0(static)][purpose:{operation}]  ->  CONST[source:0(mediator),value:2(dynamic)][purpose:{subject}]
-----------
CONST[source:2(external),value:0(static)][purpose:{operation}]
CE0x3fa13a0 "{CE0x3fa13a0|i32_1|*Constant*}"
CE0x3f95850 "{CE0x3f95850|selinux_ptrace_access_check:_and|security/selinux/hooks.c,1945}"
CE0x3fa0dd0 "{CE0x3fa0dd0|selinux_ptrace_access_check:_tobool1|security/selinux/hooks.c,1945}"
CE0x3fb68f0 "{CE0x3fb68f0|selinux_ptrace_access_check:_if.then2}"
CE0x3fa0ff0 "{CE0x3fa0ff0|selinux_ptrace_access_check:_call3|security/selinux/hooks.c,1946}"
CE0x3fb9cb0 "{CE0x3fb9cb0|selinux_ptrace_access_check:_call3|security/selinux/hooks.c,1946|*SummSink*}"
CONST[source:0(mediator),value:2(dynamic)][purpose:{subject}]


CONST[source:2(external),value:0(static)][purpose:{operation}]  ->  CONST[source:0(mediator),value:2(dynamic)][purpose:{object}]
-----------
CONST[source:2(external),value:0(static)][purpose:{operation}]
CE0x3fa13a0 "{CE0x3fa13a0|i32_1|*Constant*}"
CE0x3f95850 "{CE0x3f95850|selinux_ptrace_access_check:_and|security/selinux/hooks.c,1945}"
CE0x3fa0dd0 "{CE0x3fa0dd0|selinux_ptrace_access_check:_tobool1|security/selinux/hooks.c,1945}"
CE0x3fb68f0 "{CE0x3fb68f0|selinux_ptrace_access_check:_if.then2}"
CE0x3fa7ff0 "{CE0x3fa7ff0|selinux_ptrace_access_check:_call4|security/selinux/hooks.c,1947}"
CE0x3fa4c60 "{CE0x3fa4c60|selinux_ptrace_access_check:_call4|security/selinux/hooks.c,1947|*SummSink*}"
CONST[source:0(mediator),value:2(dynamic)][purpose:{object}]


