[tomoyo_path_symlink]

explicit:
CONST[source:1(input),value:2(dynamic)][purpose:{object}]  ->  CONST[source:0(mediator),value:2(dynamic)][purpose:{object}]
-----------
CONST[source:1(input),value:2(dynamic)][purpose:{object}]
CE0x4eb2680 "{CE0x4eb2680|0:_i8*,_8:_i32,_12:_i16,_14:_i8,_15:_i8,_:_SCMRE_12,14_}"
CONST[source:0(mediator),value:2(dynamic)][purpose:{object}]


CONST[source:1(input),value:2(dynamic)][purpose:{object}]  ->  CONST[source:0(mediator),value:0(static)][purpose:{operation}]
-----------
CONST[source:1(input),value:2(dynamic)][purpose:{object}]
CE0x4ebf380 "{CE0x4ebf380|40:_%struct.tomoyo_policy_namespace*,_48:_i8,_:_GCRE_tomoyo_kernel_domain_external_global_%struct.tomoyo_domain_info_50,51_}"
CONST[source:0(mediator),value:0(static)][purpose:{operation}]


CONST[source:1(input),value:2(dynamic)][purpose:{object}]  ->  CONST[source:0(mediator),value:2(dynamic)][purpose:{subject}]
-----------
CONST[source:1(input),value:2(dynamic)][purpose:{object}]
CE0x4ecc490 "{CE0x4ecc490|40:_%struct.tomoyo_policy_namespace*,_48:_i8,_:_GCRE_tomoyo_kernel_domain_external_global_%struct.tomoyo_domain_info_48,49_}"
CONST[source:0(mediator),value:2(dynamic)][purpose:{subject}]


CONST[source:0(mediator),value:0(static)][purpose:{operation}]  ->  CONST[source:0(mediator),value:2(dynamic)][purpose:{object}]
-----------
CONST[source:0(mediator),value:0(static)][purpose:{operation}]
CE0x4ec2310 "{CE0x4ec2310|operation}"
CE0x4ec2240 "{CE0x4ec2240|operation}"
CE0x4eeadb0 "{CE0x4eeadb0|operation}"
CE0x73756b0 "{CE0x73756b0|0:_%struct.tomoyo_obj_info*,_16:_%struct.tomoyo_domain_info*,_24:_%struct.tomoyo_path_info*,_32:_%struct.tomoyo_path_info*,_40:_%struct.tomoyo_path_info*,_48:_i64,_56:_i32,_72:_i8,_75:_i8,_76:_i8,_77:_i8,_:_SCMRE:_elem_0:default:}"
CONST[source:0(mediator),value:2(dynamic)][purpose:{object}]


CONST[source:0(mediator),value:0(static)][purpose:{operation}]  ->  CONST[source:0(mediator),value:2(dynamic)][purpose:{subject}]
-----------
CONST[source:0(mediator),value:0(static)][purpose:{operation}]
CE0x4ec2310 "{CE0x4ec2310|operation}"
CE0x4ec2240 "{CE0x4ec2240|operation}"
CE0x4eeadb0 "{CE0x4eeadb0|operation}"
CE0x73756b0 "{CE0x73756b0|0:_%struct.tomoyo_obj_info*,_16:_%struct.tomoyo_domain_info*,_24:_%struct.tomoyo_path_info*,_32:_%struct.tomoyo_path_info*,_40:_%struct.tomoyo_path_info*,_48:_i64,_56:_i32,_72:_i8,_75:_i8,_76:_i8,_77:_i8,_:_SCMRE:_elem_0:default:}"
CONST[source:0(mediator),value:2(dynamic)][purpose:{subject}]


CONST[source:2(external),value:2(dynamic)][purpose:{subject}]  ->  CONST[source:0(mediator),value:2(dynamic)][purpose:{object}]
-----------
CONST[source:2(external),value:2(dynamic)][purpose:{subject}]
CE0x4f5acf0 "{CE0x4f5acf0|COLLAPSED:_GCRE_current_task_external_global_%struct.task_struct*:_elem_0:default:}"
CE0x4ec5fc0 "{CE0x4ec5fc0|VOIDTB_TE:_CE_6368,6384_}"
CE0x4eb2680 "{CE0x4eb2680|0:_i8*,_8:_i32,_12:_i16,_14:_i8,_15:_i8,_:_SCMRE_12,14_}"
CONST[source:0(mediator),value:2(dynamic)][purpose:{object}]


CONST[source:2(external),value:2(dynamic)][purpose:{subject}]  ->  CONST[source:0(mediator),value:0(static)][purpose:{operation}]
-----------
CONST[source:2(external),value:2(dynamic)][purpose:{subject}]
CE0x4f5acf0 "{CE0x4f5acf0|COLLAPSED:_GCRE_current_task_external_global_%struct.task_struct*:_elem_0:default:}"
CE0x4ed39e0 "{CE0x4ed39e0|VOIDTB_TE:_CE_0,2048_}"
CE0x4ebf380 "{CE0x4ebf380|40:_%struct.tomoyo_policy_namespace*,_48:_i8,_:_GCRE_tomoyo_kernel_domain_external_global_%struct.tomoyo_domain_info_50,51_}"
CONST[source:0(mediator),value:0(static)][purpose:{operation}]


CONST[source:2(external),value:2(dynamic)][purpose:{subject}]  ->  CONST[source:0(mediator),value:2(dynamic)][purpose:{subject}]
-----------
CONST[source:2(external),value:2(dynamic)][purpose:{subject}]
CE0x4f5acf0 "{CE0x4f5acf0|COLLAPSED:_GCRE_current_task_external_global_%struct.task_struct*:_elem_0:default:}"
CE0x4ec5fc0 "{CE0x4ec5fc0|VOIDTB_TE:_CE_6368,6384_}"
CE0x4ecc490 "{CE0x4ecc490|40:_%struct.tomoyo_policy_namespace*,_48:_i8,_:_GCRE_tomoyo_kernel_domain_external_global_%struct.tomoyo_domain_info_48,49_}"
CONST[source:0(mediator),value:2(dynamic)][purpose:{subject}]



implicit:
CONST[source:1(input),value:2(dynamic)][purpose:{object}]  ->  CONST[source:0(mediator),value:2(dynamic)][purpose:{subject}]
-----------
CONST[source:1(input),value:2(dynamic)][purpose:{object}]
CE0x4ebf580 "{CE0x4ebf580|40:_%struct.tomoyo_policy_namespace*,_48:_i8,_:_GCRE_tomoyo_kernel_domain_external_global_%struct.tomoyo_domain_info_51,53_}"
CONST[source:0(mediator),value:2(dynamic)][purpose:{subject}]


CONST[source:1(input),value:2(dynamic)][purpose:{object}]  ->  CONST[source:0(mediator),value:0(static)][purpose:{operation}]
-----------
CONST[source:1(input),value:2(dynamic)][purpose:{object}]
CE0x4ecd5a0 "{CE0x4ecd5a0|16:_%struct.dentry*,_:_SCMRE_168,176_}"
CONST[source:0(mediator),value:0(static)][purpose:{operation}]


CONST[source:1(input),value:2(dynamic)][purpose:{object}]  ->  CONST[source:0(mediator),value:2(dynamic)][purpose:{object}]
-----------
CONST[source:1(input),value:2(dynamic)][purpose:{object}]
CE0x4ecd6e0 "{CE0x4ecd6e0|40:_%struct.tomoyo_policy_namespace*,_48:_i8,_:_GCRE_tomoyo_kernel_domain_external_global_%struct.tomoyo_domain_info_16,32_}"
CONST[source:0(mediator),value:2(dynamic)][purpose:{object}]


CONST[source:2(external),value:2(dynamic)][purpose:{subject}]  ->  CONST[source:0(mediator),value:2(dynamic)][purpose:{subject}]
-----------
CONST[source:2(external),value:2(dynamic)][purpose:{subject}]
CE0x4f5acf0 "{CE0x4f5acf0|COLLAPSED:_GCRE_current_task_external_global_%struct.task_struct*:_elem_0:default:}"
CE0x4ed3cd0 "{CE0x4ed3cd0|VOIDTB_TE:_CE_2096,2272_}"
CE0x4ebf580 "{CE0x4ebf580|40:_%struct.tomoyo_policy_namespace*,_48:_i8,_:_GCRE_tomoyo_kernel_domain_external_global_%struct.tomoyo_domain_info_51,53_}"
CONST[source:0(mediator),value:2(dynamic)][purpose:{subject}]


CONST[source:2(external),value:2(dynamic)][purpose:{subject}]  ->  CONST[source:0(mediator),value:0(static)][purpose:{operation}]
-----------
CONST[source:2(external),value:2(dynamic)][purpose:{subject}]
CE0x4f5acf0 "{CE0x4f5acf0|COLLAPSED:_GCRE_current_task_external_global_%struct.task_struct*:_elem_0:default:}"
CE0x4ed3bf0 "{CE0x4ed3bf0|40:_%struct.tomoyo_policy_namespace*,_48:_i8,_:_GCRE_tomoyo_kernel_domain_external_global_%struct.tomoyo_domain_info:_elem_0:default:}"
CE0x4ecd5a0 "{CE0x4ecd5a0|16:_%struct.dentry*,_:_SCMRE_168,176_}"
CONST[source:0(mediator),value:0(static)][purpose:{operation}]


CONST[source:2(external),value:2(dynamic)][purpose:{subject}]  ->  CONST[source:0(mediator),value:2(dynamic)][purpose:{object}]
-----------
CONST[source:2(external),value:2(dynamic)][purpose:{subject}]
CE0x4f5acf0 "{CE0x4f5acf0|COLLAPSED:_GCRE_current_task_external_global_%struct.task_struct*:_elem_0:default:}"
CE0x4ec5f50 "{CE0x4ec5f50|VOIDTB_TE:_CE_2272,6368_}"
CE0x4ecd6e0 "{CE0x4ecd6e0|40:_%struct.tomoyo_policy_namespace*,_48:_i8,_:_GCRE_tomoyo_kernel_domain_external_global_%struct.tomoyo_domain_info_16,32_}"
CONST[source:0(mediator),value:2(dynamic)][purpose:{object}]


CONST[source:0(mediator),value:0(static)][purpose:{operation}]  ->  CONST[source:0(mediator),value:2(dynamic)][purpose:{subject}]
-----------
CONST[source:0(mediator),value:0(static)][purpose:{operation}]
CE0x4ec2310 "{CE0x4ec2310|operation}"
CE0x4ec2240 "{CE0x4ec2240|operation}"
CE0x4eeadb0 "{CE0x4eeadb0|operation}"
CE0x73756b0 "{CE0x73756b0|0:_%struct.tomoyo_obj_info*,_16:_%struct.tomoyo_domain_info*,_24:_%struct.tomoyo_path_info*,_32:_%struct.tomoyo_path_info*,_40:_%struct.tomoyo_path_info*,_48:_i64,_56:_i32,_72:_i8,_75:_i8,_76:_i8,_77:_i8,_:_SCMRE:_elem_0:default:}"
CONST[source:0(mediator),value:2(dynamic)][purpose:{subject}]


CONST[source:0(mediator),value:0(static)][purpose:{operation}]  ->  CONST[source:0(mediator),value:2(dynamic)][purpose:{object}]
-----------
CONST[source:0(mediator),value:0(static)][purpose:{operation}]
CE0x4ec2310 "{CE0x4ec2310|operation}"
CE0x4ec2240 "{CE0x4ec2240|operation}"
CE0x4eeadb0 "{CE0x4eeadb0|operation}"
CE0x73756b0 "{CE0x73756b0|0:_%struct.tomoyo_obj_info*,_16:_%struct.tomoyo_domain_info*,_24:_%struct.tomoyo_path_info*,_32:_%struct.tomoyo_path_info*,_40:_%struct.tomoyo_path_info*,_48:_i64,_56:_i32,_72:_i8,_75:_i8,_76:_i8,_77:_i8,_:_SCMRE:_elem_0:default:}"
CONST[source:0(mediator),value:2(dynamic)][purpose:{object}]


