[selinux_socket_connect]

explicit:
CONST[source:2(external),value:2(dynamic)][purpose:{subject}][SrcIdx:25]  ->  CONST[source:0(mediator),value:2(dynamic)][purpose:{subject}][SnkIdx:4]
-----------
CONST[source:2(external),value:2(dynamic)][purpose:{subject}][SrcIdx:25]
CE0x5a029c0 "{CE0x5a029c0|COLLAPSED:_GCMRE_current_task_external_global_%struct.task_struct*:_elem_0:default:}"
CE0x5ac1820 "{CE0x5ac1820|task_sid:tmp4|*LoadInst*|security/selinux/hooks.c,208}"
CE0x5a7ffd0 "{CE0x5a7ffd0|cred_sid:cred|Function::cred_sid&Arg::cred::}"
CE0x5a9bc00 "{CE0x5a9bc00|cred_sid:security|security/selinux/hooks.c,196}"
CE0x5a3aae0 "{CE0x5a3aae0|cred_sid:tmp4|*LoadInst*|security/selinux/hooks.c,196}"
CE0x5a3ad90 "{CE0x5a3ad90|cred_sid:tmp5|security/selinux/hooks.c,196}"
CE0x5a98a60 "{CE0x5a98a60|cred_sid:sid|security/selinux/hooks.c,197}"
CE0x5b1c700 "{CE0x5b1c700|cred_sid:tmp6|security/selinux/hooks.c,197}"
CE0x5a80330 "{CE0x5a80330|_ret_i32_%tmp6,_!dbg_!27716|security/selinux/hooks.c,197}"
CE0x5a7ec70 "{CE0x5a7ec70|task_sid:call7|security/selinux/hooks.c,208}"
CE0x5a34110 "{CE0x5a34110|_ret_i32_%call7,_!dbg_!27749|security/selinux/hooks.c,210}"
CE0x5a395a0 "{CE0x5a395a0|sock_has_perm:call|security/selinux/hooks.c,3967}"
CE0x5a06220 "{CE0x5a06220|sock_has_perm:call|security/selinux/hooks.c,3967|*SummSink*}"
CONST[source:0(mediator),value:2(dynamic)][purpose:{subject}][SnkIdx:4]


CONST[source:1(input),value:2(dynamic)][purpose:{object}][SrcIdx:21]  ->  CONST[source:0(mediator),value:2(dynamic)][purpose:{object}][SnkIdx:2]
-----------
CONST[source:1(input),value:2(dynamic)][purpose:{object}][SrcIdx:21]
CE0x5a09f20 "{CE0x5a09f20|32:_%struct.sock*,_:_CRE_32,40_|*MultipleSource*|security/selinux/hooks.c,4133|Function::selinux_socket_connect&Arg::sock::}"
CE0x59ce150 "{CE0x59ce150|selinux_socket_connect:tmp2|*LoadInst*|security/selinux/hooks.c,4133}"
CE0x59b0dc0 "{CE0x59b0dc0|selinux_socket_connect:sk_security|security/selinux/hooks.c,4134}"
CE0x5a47500 "{CE0x5a47500|selinux_socket_connect:tmp3|security/selinux/hooks.c,4134}"
CE0x5a12e10 "{CE0x5a12e10|selinux_socket_connect:tmp4|security/selinux/hooks.c,4134}"
CE0x5ad8d30 "{CE0x5ad8d30|selinux_socket_connect:sclass50|security/selinux/hooks.c,4176}"
CE0x5ad83c0 "{CE0x5ad83c0|selinux_socket_connect:tmp60|security/selinux/hooks.c,4176}"
CE0x5a8b220 "{CE0x5a8b220|selinux_socket_connect:tmp60|security/selinux/hooks.c,4176|*SummSink*}"
CONST[source:0(mediator),value:2(dynamic)][purpose:{object}][SnkIdx:2]


CONST[source:1(input),value:2(dynamic)][purpose:{object}][SrcIdx:21]  ->  CONST[source:0(mediator),value:2(dynamic)][purpose:{object}][SnkIdx:6]
-----------
CONST[source:1(input),value:2(dynamic)][purpose:{object}][SrcIdx:21]
CE0x5a09f20 "{CE0x5a09f20|32:_%struct.sock*,_:_CRE_32,40_|*MultipleSource*|security/selinux/hooks.c,4133|Function::selinux_socket_connect&Arg::sock::}"
CE0x59ce150 "{CE0x59ce150|selinux_socket_connect:tmp2|*LoadInst*|security/selinux/hooks.c,4133}"
CE0x5a03600 "{CE0x5a03600|sock_has_perm:sk|Function::sock_has_perm&Arg::sk::}"
CE0x5a35b60 "{CE0x5a35b60|sock_has_perm:sk_security|security/selinux/hooks.c,3964}"
CE0x5a32780 "{CE0x5a32780|sock_has_perm:tmp2|*LoadInst*|security/selinux/hooks.c,3964}"
CE0x5a072f0 "{CE0x5a072f0|sock_has_perm:tmp3|security/selinux/hooks.c,3964}"
CE0x5a0bad0 "{CE0x5a0bad0|sock_has_perm:sclass|security/selinux/hooks.c,3976}"
CE0x5a0bdc0 "{CE0x5a0bdc0|sock_has_perm:tmp17|security/selinux/hooks.c,3976}"
CE0x5a0c340 "{CE0x5a0c340|sock_has_perm:tmp17|security/selinux/hooks.c,3976|*SummSink*}"
CONST[source:0(mediator),value:2(dynamic)][purpose:{object}][SnkIdx:6]


CONST[source:1(input),value:2(dynamic)][purpose:{object}][SrcIdx:21]  ->  CONST[source:0(mediator),value:2(dynamic)][purpose:{subject}][SnkIdx:0]
-----------
CONST[source:1(input),value:2(dynamic)][purpose:{object}][SrcIdx:21]
CE0x5a09f20 "{CE0x5a09f20|32:_%struct.sock*,_:_CRE_32,40_|*MultipleSource*|security/selinux/hooks.c,4133|Function::selinux_socket_connect&Arg::sock::}"
CE0x59ce150 "{CE0x59ce150|selinux_socket_connect:tmp2|*LoadInst*|security/selinux/hooks.c,4133}"
CE0x59b0dc0 "{CE0x59b0dc0|selinux_socket_connect:sk_security|security/selinux/hooks.c,4134}"
CE0x5a47500 "{CE0x5a47500|selinux_socket_connect:tmp3|security/selinux/hooks.c,4134}"
CE0x5a12e10 "{CE0x5a12e10|selinux_socket_connect:tmp4|security/selinux/hooks.c,4134}"
CE0x5aeee60 "{CE0x5aeee60|selinux_socket_connect:sid49|security/selinux/hooks.c,4176}"
CE0x5ad9660 "{CE0x5ad9660|selinux_socket_connect:tmp58|security/selinux/hooks.c,4176}"
CE0x5ad89c0 "{CE0x5ad89c0|selinux_socket_connect:tmp58|security/selinux/hooks.c,4176|*SummSink*}"
CONST[source:0(mediator),value:2(dynamic)][purpose:{subject}][SnkIdx:0]


CONST[source:1(input),value:2(dynamic)][purpose:{object}][SrcIdx:21]  ->  CONST[source:0(mediator),value:0(static)][purpose:{operation}][SnkIdx:3]
-----------
CONST[source:1(input),value:2(dynamic)][purpose:{object}][SrcIdx:21]
CE0x5a09f20 "{CE0x5a09f20|32:_%struct.sock*,_:_CRE_32,40_|*MultipleSource*|security/selinux/hooks.c,4133|Function::selinux_socket_connect&Arg::sock::}"
CE0x59ce150 "{CE0x59ce150|selinux_socket_connect:tmp2|*LoadInst*|security/selinux/hooks.c,4133}"
CE0x59b0dc0 "{CE0x59b0dc0|selinux_socket_connect:sk_security|security/selinux/hooks.c,4134}"
CE0x5a47500 "{CE0x5a47500|selinux_socket_connect:tmp3|security/selinux/hooks.c,4134}"
CE0x5a12e10 "{CE0x5a12e10|selinux_socket_connect:tmp4|security/selinux/hooks.c,4134}"
CE0x5a8e7b0 "{CE0x5a8e7b0|selinux_socket_connect:sclass34|security/selinux/hooks.c,4169}"
CE0x5a8f310 "{CE0x5a8f310|selinux_socket_connect:tmp54|security/selinux/hooks.c,4169}"
CE0x5a8f750 "{CE0x5a8f750|selinux_socket_connect:conv35|security/selinux/hooks.c,4169}"
CE0x5a8feb0 "{CE0x5a8feb0|selinux_socket_connect:cmp36|security/selinux/hooks.c,4169}"
CE0x5a90ce0 "{CE0x5a90ce0|selinux_socket_connect:cond|security/selinux/hooks.c,4169}"
CE0x5a909b0 "{CE0x5a909b0|selinux_socket_connect:conv38|security/selinux/hooks.c,4169}"
CE0x5a912f0 "{CE0x5a912f0|selinux_socket_connect:conv38|security/selinux/hooks.c,4169|*SummSink*}"
CONST[source:0(mediator),value:0(static)][purpose:{operation}][SnkIdx:3]


CONST[source:1(input),value:2(dynamic)][purpose:{object}][SrcIdx:21]  ->  CONST[source:0(mediator),value:2(dynamic)][purpose:{object}][SnkIdx:5]
-----------
CONST[source:1(input),value:2(dynamic)][purpose:{object}][SrcIdx:21]
CE0x5a09f20 "{CE0x5a09f20|32:_%struct.sock*,_:_CRE_32,40_|*MultipleSource*|security/selinux/hooks.c,4133|Function::selinux_socket_connect&Arg::sock::}"
CE0x59ce150 "{CE0x59ce150|selinux_socket_connect:tmp2|*LoadInst*|security/selinux/hooks.c,4133}"
CE0x5a03600 "{CE0x5a03600|sock_has_perm:sk|Function::sock_has_perm&Arg::sk::}"
CE0x5a35b60 "{CE0x5a35b60|sock_has_perm:sk_security|security/selinux/hooks.c,3964}"
CE0x5a32780 "{CE0x5a32780|sock_has_perm:tmp2|*LoadInst*|security/selinux/hooks.c,3964}"
CE0x5a072f0 "{CE0x5a072f0|sock_has_perm:tmp3|security/selinux/hooks.c,3964}"
CE0x5a0fbe0 "{CE0x5a0fbe0|sock_has_perm:sid5|security/selinux/hooks.c,3976}"
CE0x5a106a0 "{CE0x5a106a0|sock_has_perm:tmp16|security/selinux/hooks.c,3976}"
CE0x5a0b7f0 "{CE0x5a0b7f0|sock_has_perm:tmp16|security/selinux/hooks.c,3976|*SummSink*}"
CONST[source:0(mediator),value:2(dynamic)][purpose:{object}][SnkIdx:5]


CONST[source:0(mediator),value:0(static)][purpose:{object}][SrcIdx:2]  ->  CONST[source:0(mediator),value:0(static)][purpose:{operation}][SnkIdx:3]
-----------
CONST[source:0(mediator),value:0(static)][purpose:{object}][SrcIdx:2]
CE0x5a3c870 "{CE0x5a3c870|i32_15|*Constant*}"
CE0x5a8feb0 "{CE0x5a8feb0|selinux_socket_connect:cmp36|security/selinux/hooks.c,4169}"
CE0x5a90ce0 "{CE0x5a90ce0|selinux_socket_connect:cond|security/selinux/hooks.c,4169}"
CE0x5a909b0 "{CE0x5a909b0|selinux_socket_connect:conv38|security/selinux/hooks.c,4169}"
CE0x5a912f0 "{CE0x5a912f0|selinux_socket_connect:conv38|security/selinux/hooks.c,4169|*SummSink*}"
CONST[source:0(mediator),value:0(static)][purpose:{operation}][SnkIdx:3]


CONST[source:2(external),value:0(static)][purpose:{operation}][SrcIdx:17]  ->  CONST[source:0(mediator),value:2(dynamic)][purpose:{subject}][SnkIdx:0]
-----------
CONST[source:2(external),value:0(static)][purpose:{operation}][SrcIdx:17]
CE0x5ab4e70 "{CE0x5ab4e70|i32_2|*Constant*}"
CE0x5aeee60 "{CE0x5aeee60|selinux_socket_connect:sid49|security/selinux/hooks.c,4176}"
CE0x5ad9660 "{CE0x5ad9660|selinux_socket_connect:tmp58|security/selinux/hooks.c,4176}"
CE0x5ad89c0 "{CE0x5ad89c0|selinux_socket_connect:tmp58|security/selinux/hooks.c,4176|*SummSink*}"
CONST[source:0(mediator),value:2(dynamic)][purpose:{subject}][SnkIdx:0]



implicit:
CONST[source:0(mediator),value:0(static)][purpose:{object}][SrcIdx:2]  ->  CONST[source:0(mediator),value:2(dynamic)][purpose:{subject}][SnkIdx:0]
-----------
CONST[source:0(mediator),value:0(static)][purpose:{object}][SrcIdx:2]
CE0x5a3c870 "{CE0x5a3c870|i32_15|*Constant*}"
CE0x5a3ccb0 "{CE0x5a3ccb0|selinux_socket_connect:cmp|security/selinux/hooks.c,4144}"
CE0x59b20d0 "{CE0x59b20d0|selinux_socket_connect:if.end33}"
CE0x5ad9660 "{CE0x5ad9660|selinux_socket_connect:tmp58|security/selinux/hooks.c,4176}"
CE0x5ad89c0 "{CE0x5ad89c0|selinux_socket_connect:tmp58|security/selinux/hooks.c,4176|*SummSink*}"
CONST[source:0(mediator),value:2(dynamic)][purpose:{subject}][SnkIdx:0]


CONST[source:0(mediator),value:0(static)][purpose:{object}][SrcIdx:2]  ->  CONST[source:0(mediator),value:0(static)][purpose:{operation}][SnkIdx:3]
-----------
CONST[source:0(mediator),value:0(static)][purpose:{object}][SrcIdx:2]
CE0x5a3c870 "{CE0x5a3c870|i32_15|*Constant*}"
CE0x5a8feb0 "{CE0x5a8feb0|selinux_socket_connect:cmp36|security/selinux/hooks.c,4169}"
CE0x5a90ce0 "{CE0x5a90ce0|selinux_socket_connect:cond|security/selinux/hooks.c,4169}"
CE0x5a909b0 "{CE0x5a909b0|selinux_socket_connect:conv38|security/selinux/hooks.c,4169}"
CE0x5a912f0 "{CE0x5a912f0|selinux_socket_connect:conv38|security/selinux/hooks.c,4169|*SummSink*}"
CONST[source:0(mediator),value:0(static)][purpose:{operation}][SnkIdx:3]


CONST[source:1(input),value:2(dynamic)][purpose:{object}][SrcIdx:22]  ->  CONST[source:0(mediator),value:2(dynamic)][purpose:{object}][SnkIdx:2]
-----------
CONST[source:1(input),value:2(dynamic)][purpose:{object}][SrcIdx:22]
CE0x5aaf800 "{CE0x5aaf800|2:_i16,_:_CRE_2,4_|*MultipleSource*|security/selinux/hooks.c,4154|security/selinux/hooks.c,4157|Function::selinux_socket_connect&Arg::address::}"
CE0x5aa4fe0 "{CE0x5aa4fe0|selinux_socket_connect:tmp47|security/selinux/hooks.c,4162}"
CE0x5ab1350 "{CE0x5ab1350|__fswab16:val|Function::__fswab16&Arg::val::}"
CE0x5b030e0 "{CE0x5b030e0|__fswab16:conv|include/uapi/linux/swab.h,53}"
CE0x5a34640 "{CE0x5a34640|__fswab16:and|include/uapi/linux/swab.h,53}"
CE0x5a07da0 "{CE0x5a07da0|__fswab16:shl|include/uapi/linux/swab.h,53}"
CE0x5a9d0f0 "{CE0x5a9d0f0|__fswab16:or|include/uapi/linux/swab.h,53}"
CE0x5b104a0 "{CE0x5b104a0|__fswab16:conv3|include/uapi/linux/swab.h,53}"
CE0x5ab1660 "{CE0x5ab1660|_ret_i16_%conv3,_!dbg_!27720|include/uapi/linux/swab.h,53}"
CE0x5aa58a0 "{CE0x5aa58a0|selinux_socket_connect:call25|security/selinux/hooks.c,4162}"
CE0x5aa5f50 "{CE0x5aa5f50|selinux_socket_connect:conv26|security/selinux/hooks.c,4162}"
CE0x5aa64c0 "{CE0x5aa64c0|selinux_socket_connect:conv27|security/selinux/hooks.c,4162}"
CE0x5aa6b40 "{CE0x5aa6b40|selinux_socket_connect:snum.0}"
CE0x5a94cf0 "{CE0x5a94cf0|selinux_socket_connect:call30|security/selinux/hooks.c,4165}"
CE0x5a957a0 "{CE0x5a957a0|selinux_socket_connect:tobool31|security/selinux/hooks.c,4166}"
CE0x59b20d0 "{CE0x59b20d0|selinux_socket_connect:if.end33}"
CE0x5ad83c0 "{CE0x5ad83c0|selinux_socket_connect:tmp60|security/selinux/hooks.c,4176}"
CE0x5a8b220 "{CE0x5a8b220|selinux_socket_connect:tmp60|security/selinux/hooks.c,4176|*SummSink*}"
CONST[source:0(mediator),value:2(dynamic)][purpose:{object}][SnkIdx:2]


CONST[source:1(input),value:2(dynamic)][purpose:{object}][SrcIdx:22]  ->  CONST[source:0(mediator),value:2(dynamic)][purpose:{object}][SnkIdx:1]
-----------
CONST[source:1(input),value:2(dynamic)][purpose:{object}][SrcIdx:22]
CE0x5aaf800 "{CE0x5aaf800|2:_i16,_:_CRE_2,4_|*MultipleSource*|security/selinux/hooks.c,4154|security/selinux/hooks.c,4157|Function::selinux_socket_connect&Arg::address::}"
CE0x5aa4fe0 "{CE0x5aa4fe0|selinux_socket_connect:tmp47|security/selinux/hooks.c,4162}"
CE0x5ab1350 "{CE0x5ab1350|__fswab16:val|Function::__fswab16&Arg::val::}"
CE0x5b030e0 "{CE0x5b030e0|__fswab16:conv|include/uapi/linux/swab.h,53}"
CE0x5a34640 "{CE0x5a34640|__fswab16:and|include/uapi/linux/swab.h,53}"
CE0x5a07da0 "{CE0x5a07da0|__fswab16:shl|include/uapi/linux/swab.h,53}"
CE0x5a9d0f0 "{CE0x5a9d0f0|__fswab16:or|include/uapi/linux/swab.h,53}"
CE0x5b104a0 "{CE0x5b104a0|__fswab16:conv3|include/uapi/linux/swab.h,53}"
CE0x5ab1660 "{CE0x5ab1660|_ret_i16_%conv3,_!dbg_!27720|include/uapi/linux/swab.h,53}"
CE0x5aa58a0 "{CE0x5aa58a0|selinux_socket_connect:call25|security/selinux/hooks.c,4162}"
CE0x5aa5f50 "{CE0x5aa5f50|selinux_socket_connect:conv26|security/selinux/hooks.c,4162}"
CE0x5aa64c0 "{CE0x5aa64c0|selinux_socket_connect:conv27|security/selinux/hooks.c,4162}"
CE0x5aa6b40 "{CE0x5aa6b40|selinux_socket_connect:snum.0}"
CE0x5a94cf0 "{CE0x5a94cf0|selinux_socket_connect:call30|security/selinux/hooks.c,4165}"
CE0x5a957a0 "{CE0x5a957a0|selinux_socket_connect:tobool31|security/selinux/hooks.c,4166}"
CE0x59b20d0 "{CE0x59b20d0|selinux_socket_connect:if.end33}"
CE0x5a24310 "{CE0x5a24310|selinux_socket_connect:tmp59|security/selinux/hooks.c,4176}"
CE0x5ad8bc0 "{CE0x5ad8bc0|selinux_socket_connect:tmp59|security/selinux/hooks.c,4176|*SummSink*}"
CONST[source:0(mediator),value:2(dynamic)][purpose:{object}][SnkIdx:1]


CONST[source:1(input),value:2(dynamic)][purpose:{object}][SrcIdx:22]  ->  CONST[source:0(mediator),value:2(dynamic)][purpose:{subject}][SnkIdx:0]
-----------
CONST[source:1(input),value:2(dynamic)][purpose:{object}][SrcIdx:22]
CE0x5aaf800 "{CE0x5aaf800|2:_i16,_:_CRE_2,4_|*MultipleSource*|security/selinux/hooks.c,4154|security/selinux/hooks.c,4157|Function::selinux_socket_connect&Arg::address::}"
CE0x5aa4fe0 "{CE0x5aa4fe0|selinux_socket_connect:tmp47|security/selinux/hooks.c,4162}"
CE0x5ab1350 "{CE0x5ab1350|__fswab16:val|Function::__fswab16&Arg::val::}"
CE0x5b030e0 "{CE0x5b030e0|__fswab16:conv|include/uapi/linux/swab.h,53}"
CE0x5a34640 "{CE0x5a34640|__fswab16:and|include/uapi/linux/swab.h,53}"
CE0x5a07da0 "{CE0x5a07da0|__fswab16:shl|include/uapi/linux/swab.h,53}"
CE0x5a9d0f0 "{CE0x5a9d0f0|__fswab16:or|include/uapi/linux/swab.h,53}"
CE0x5b104a0 "{CE0x5b104a0|__fswab16:conv3|include/uapi/linux/swab.h,53}"
CE0x5ab1660 "{CE0x5ab1660|_ret_i16_%conv3,_!dbg_!27720|include/uapi/linux/swab.h,53}"
CE0x5aa58a0 "{CE0x5aa58a0|selinux_socket_connect:call25|security/selinux/hooks.c,4162}"
CE0x5aa5f50 "{CE0x5aa5f50|selinux_socket_connect:conv26|security/selinux/hooks.c,4162}"
CE0x5aa64c0 "{CE0x5aa64c0|selinux_socket_connect:conv27|security/selinux/hooks.c,4162}"
CE0x5aa6b40 "{CE0x5aa6b40|selinux_socket_connect:snum.0}"
CE0x5a94cf0 "{CE0x5a94cf0|selinux_socket_connect:call30|security/selinux/hooks.c,4165}"
CE0x5a957a0 "{CE0x5a957a0|selinux_socket_connect:tobool31|security/selinux/hooks.c,4166}"
CE0x59b20d0 "{CE0x59b20d0|selinux_socket_connect:if.end33}"
CE0x5ad9660 "{CE0x5ad9660|selinux_socket_connect:tmp58|security/selinux/hooks.c,4176}"
CE0x5ad89c0 "{CE0x5ad89c0|selinux_socket_connect:tmp58|security/selinux/hooks.c,4176|*SummSink*}"
CONST[source:0(mediator),value:2(dynamic)][purpose:{subject}][SnkIdx:0]


CONST[source:1(input),value:2(dynamic)][purpose:{object}][SrcIdx:22]  ->  CONST[source:0(mediator),value:0(static)][purpose:{operation}][SnkIdx:3]
-----------
CONST[source:1(input),value:2(dynamic)][purpose:{object}][SrcIdx:22]
CE0x5aaf800 "{CE0x5aaf800|2:_i16,_:_CRE_2,4_|*MultipleSource*|security/selinux/hooks.c,4154|security/selinux/hooks.c,4157|Function::selinux_socket_connect&Arg::address::}"
CE0x5aa4fe0 "{CE0x5aa4fe0|selinux_socket_connect:tmp47|security/selinux/hooks.c,4162}"
CE0x5ab1350 "{CE0x5ab1350|__fswab16:val|Function::__fswab16&Arg::val::}"
CE0x5b030e0 "{CE0x5b030e0|__fswab16:conv|include/uapi/linux/swab.h,53}"
CE0x5a34640 "{CE0x5a34640|__fswab16:and|include/uapi/linux/swab.h,53}"
CE0x5a07da0 "{CE0x5a07da0|__fswab16:shl|include/uapi/linux/swab.h,53}"
CE0x5a9d0f0 "{CE0x5a9d0f0|__fswab16:or|include/uapi/linux/swab.h,53}"
CE0x5b104a0 "{CE0x5b104a0|__fswab16:conv3|include/uapi/linux/swab.h,53}"
CE0x5ab1660 "{CE0x5ab1660|_ret_i16_%conv3,_!dbg_!27720|include/uapi/linux/swab.h,53}"
CE0x5aa58a0 "{CE0x5aa58a0|selinux_socket_connect:call25|security/selinux/hooks.c,4162}"
CE0x5aa5f50 "{CE0x5aa5f50|selinux_socket_connect:conv26|security/selinux/hooks.c,4162}"
CE0x5aa64c0 "{CE0x5aa64c0|selinux_socket_connect:conv27|security/selinux/hooks.c,4162}"
CE0x5aa6b40 "{CE0x5aa6b40|selinux_socket_connect:snum.0}"
CE0x5a94cf0 "{CE0x5a94cf0|selinux_socket_connect:call30|security/selinux/hooks.c,4165}"
CE0x5a957a0 "{CE0x5a957a0|selinux_socket_connect:tobool31|security/selinux/hooks.c,4166}"
CE0x59b20d0 "{CE0x59b20d0|selinux_socket_connect:if.end33}"
CE0x5a909b0 "{CE0x5a909b0|selinux_socket_connect:conv38|security/selinux/hooks.c,4169}"
CE0x5a912f0 "{CE0x5a912f0|selinux_socket_connect:conv38|security/selinux/hooks.c,4169|*SummSink*}"
CONST[source:0(mediator),value:0(static)][purpose:{operation}][SnkIdx:3]


CONST[source:1(input),value:2(dynamic)][purpose:{object}][SrcIdx:23]  ->  CONST[source:0(mediator),value:2(dynamic)][purpose:{object}][SnkIdx:2]
-----------
CONST[source:1(input),value:2(dynamic)][purpose:{object}][SrcIdx:23]
CE0x5a22410 "{CE0x5a22410|selinux_socket_connect:addrlen|Function::selinux_socket_connect&Arg::addrlen::|*SummSource*}"
CE0x5a223a0 "{CE0x5a223a0|selinux_socket_connect:addrlen|Function::selinux_socket_connect&Arg::addrlen::}"
CE0x5ab2520 "{CE0x5ab2520|selinux_socket_connect:cmp21|security/selinux/hooks.c,4160}"
CE0x59b20d0 "{CE0x59b20d0|selinux_socket_connect:if.end33}"
CE0x5ad83c0 "{CE0x5ad83c0|selinux_socket_connect:tmp60|security/selinux/hooks.c,4176}"
CE0x5a8b220 "{CE0x5a8b220|selinux_socket_connect:tmp60|security/selinux/hooks.c,4176|*SummSink*}"
CONST[source:0(mediator),value:2(dynamic)][purpose:{object}][SnkIdx:2]


CONST[source:1(input),value:2(dynamic)][purpose:{object}][SrcIdx:23]  ->  CONST[source:0(mediator),value:2(dynamic)][purpose:{object}][SnkIdx:1]
-----------
CONST[source:1(input),value:2(dynamic)][purpose:{object}][SrcIdx:23]
CE0x5a22410 "{CE0x5a22410|selinux_socket_connect:addrlen|Function::selinux_socket_connect&Arg::addrlen::|*SummSource*}"
CE0x5a223a0 "{CE0x5a223a0|selinux_socket_connect:addrlen|Function::selinux_socket_connect&Arg::addrlen::}"
CE0x5ab2520 "{CE0x5ab2520|selinux_socket_connect:cmp21|security/selinux/hooks.c,4160}"
CE0x59b20d0 "{CE0x59b20d0|selinux_socket_connect:if.end33}"
CE0x5a24310 "{CE0x5a24310|selinux_socket_connect:tmp59|security/selinux/hooks.c,4176}"
CE0x5ad8bc0 "{CE0x5ad8bc0|selinux_socket_connect:tmp59|security/selinux/hooks.c,4176|*SummSink*}"
CONST[source:0(mediator),value:2(dynamic)][purpose:{object}][SnkIdx:1]


CONST[source:1(input),value:2(dynamic)][purpose:{object}][SrcIdx:23]  ->  CONST[source:0(mediator),value:2(dynamic)][purpose:{subject}][SnkIdx:0]
-----------
CONST[source:1(input),value:2(dynamic)][purpose:{object}][SrcIdx:23]
CE0x5a22410 "{CE0x5a22410|selinux_socket_connect:addrlen|Function::selinux_socket_connect&Arg::addrlen::|*SummSource*}"
CE0x5a223a0 "{CE0x5a223a0|selinux_socket_connect:addrlen|Function::selinux_socket_connect&Arg::addrlen::}"
CE0x5ab2520 "{CE0x5ab2520|selinux_socket_connect:cmp21|security/selinux/hooks.c,4160}"
CE0x59b20d0 "{CE0x59b20d0|selinux_socket_connect:if.end33}"
CE0x5ad9660 "{CE0x5ad9660|selinux_socket_connect:tmp58|security/selinux/hooks.c,4176}"
CE0x5ad89c0 "{CE0x5ad89c0|selinux_socket_connect:tmp58|security/selinux/hooks.c,4176|*SummSink*}"
CONST[source:0(mediator),value:2(dynamic)][purpose:{subject}][SnkIdx:0]


CONST[source:1(input),value:2(dynamic)][purpose:{object}][SrcIdx:23]  ->  CONST[source:0(mediator),value:0(static)][purpose:{operation}][SnkIdx:3]
-----------
CONST[source:1(input),value:2(dynamic)][purpose:{object}][SrcIdx:23]
CE0x5a22410 "{CE0x5a22410|selinux_socket_connect:addrlen|Function::selinux_socket_connect&Arg::addrlen::|*SummSource*}"
CE0x5a223a0 "{CE0x5a223a0|selinux_socket_connect:addrlen|Function::selinux_socket_connect&Arg::addrlen::}"
CE0x5ab2520 "{CE0x5ab2520|selinux_socket_connect:cmp21|security/selinux/hooks.c,4160}"
CE0x59b20d0 "{CE0x59b20d0|selinux_socket_connect:if.end33}"
CE0x5a909b0 "{CE0x5a909b0|selinux_socket_connect:conv38|security/selinux/hooks.c,4169}"
CE0x5a912f0 "{CE0x5a912f0|selinux_socket_connect:conv38|security/selinux/hooks.c,4169|*SummSink*}"
CONST[source:0(mediator),value:0(static)][purpose:{operation}][SnkIdx:3]


CONST[source:2(external),value:0(static)][purpose:{operation}][SrcIdx:17]  ->  CONST[source:0(mediator),value:2(dynamic)][purpose:{object}][SnkIdx:2]
-----------
CONST[source:2(external),value:0(static)][purpose:{operation}][SrcIdx:17]
CE0x5ab4e70 "{CE0x5ab4e70|i32_2|*Constant*}"
CE0x5a23440 "{CE0x5a23440|selinux_socket_connect:cmp10|security/selinux/hooks.c,4153}"
CE0x59b20d0 "{CE0x59b20d0|selinux_socket_connect:if.end33}"
CE0x5ad83c0 "{CE0x5ad83c0|selinux_socket_connect:tmp60|security/selinux/hooks.c,4176}"
CE0x5a8b220 "{CE0x5a8b220|selinux_socket_connect:tmp60|security/selinux/hooks.c,4176|*SummSink*}"
CONST[source:0(mediator),value:2(dynamic)][purpose:{object}][SnkIdx:2]


CONST[source:2(external),value:0(static)][purpose:{operation}][SrcIdx:17]  ->  CONST[source:0(mediator),value:2(dynamic)][purpose:{object}][SnkIdx:1]
-----------
CONST[source:2(external),value:0(static)][purpose:{operation}][SrcIdx:17]
CE0x5ab4e70 "{CE0x5ab4e70|i32_2|*Constant*}"
CE0x5a23440 "{CE0x5a23440|selinux_socket_connect:cmp10|security/selinux/hooks.c,4153}"
CE0x59b20d0 "{CE0x59b20d0|selinux_socket_connect:if.end33}"
CE0x5a24310 "{CE0x5a24310|selinux_socket_connect:tmp59|security/selinux/hooks.c,4176}"
CE0x5ad8bc0 "{CE0x5ad8bc0|selinux_socket_connect:tmp59|security/selinux/hooks.c,4176|*SummSink*}"
CONST[source:0(mediator),value:2(dynamic)][purpose:{object}][SnkIdx:1]


CONST[source:2(external),value:0(static)][purpose:{operation}][SrcIdx:17]  ->  CONST[source:0(mediator),value:2(dynamic)][purpose:{subject}][SnkIdx:0]
-----------
CONST[source:2(external),value:0(static)][purpose:{operation}][SrcIdx:17]
CE0x5ab4e70 "{CE0x5ab4e70|i32_2|*Constant*}"
CE0x5aeee60 "{CE0x5aeee60|selinux_socket_connect:sid49|security/selinux/hooks.c,4176}"
CE0x5ad9660 "{CE0x5ad9660|selinux_socket_connect:tmp58|security/selinux/hooks.c,4176}"
CE0x5ad89c0 "{CE0x5ad89c0|selinux_socket_connect:tmp58|security/selinux/hooks.c,4176|*SummSink*}"
CONST[source:0(mediator),value:2(dynamic)][purpose:{subject}][SnkIdx:0]


CONST[source:2(external),value:0(static)][purpose:{operation}][SrcIdx:17]  ->  CONST[source:0(mediator),value:0(static)][purpose:{operation}][SnkIdx:3]
-----------
CONST[source:2(external),value:0(static)][purpose:{operation}][SrcIdx:17]
CE0x5ab4e70 "{CE0x5ab4e70|i32_2|*Constant*}"
CE0x5a23440 "{CE0x5a23440|selinux_socket_connect:cmp10|security/selinux/hooks.c,4153}"
CE0x59b20d0 "{CE0x59b20d0|selinux_socket_connect:if.end33}"
CE0x5a909b0 "{CE0x5a909b0|selinux_socket_connect:conv38|security/selinux/hooks.c,4169}"
CE0x5a912f0 "{CE0x5a912f0|selinux_socket_connect:conv38|security/selinux/hooks.c,4169|*SummSink*}"
CONST[source:0(mediator),value:0(static)][purpose:{operation}][SnkIdx:3]


CONST[source:2(external),value:0(static)][purpose:{operation}][SrcIdx:18]  ->  CONST[source:0(mediator),value:2(dynamic)][purpose:{object}][SnkIdx:2]
-----------
CONST[source:2(external),value:0(static)][purpose:{operation}][SrcIdx:18]
CE0x5ab1e70 "{CE0x5ab1e70|i32_24|*Constant*}"
CE0x5ab2520 "{CE0x5ab2520|selinux_socket_connect:cmp21|security/selinux/hooks.c,4160}"
CE0x59b20d0 "{CE0x59b20d0|selinux_socket_connect:if.end33}"
CE0x5ad83c0 "{CE0x5ad83c0|selinux_socket_connect:tmp60|security/selinux/hooks.c,4176}"
CE0x5a8b220 "{CE0x5a8b220|selinux_socket_connect:tmp60|security/selinux/hooks.c,4176|*SummSink*}"
CONST[source:0(mediator),value:2(dynamic)][purpose:{object}][SnkIdx:2]


CONST[source:2(external),value:0(static)][purpose:{operation}][SrcIdx:18]  ->  CONST[source:0(mediator),value:2(dynamic)][purpose:{object}][SnkIdx:1]
-----------
CONST[source:2(external),value:0(static)][purpose:{operation}][SrcIdx:18]
CE0x5ab1e70 "{CE0x5ab1e70|i32_24|*Constant*}"
CE0x5ab2520 "{CE0x5ab2520|selinux_socket_connect:cmp21|security/selinux/hooks.c,4160}"
CE0x59b20d0 "{CE0x59b20d0|selinux_socket_connect:if.end33}"
CE0x5a24310 "{CE0x5a24310|selinux_socket_connect:tmp59|security/selinux/hooks.c,4176}"
CE0x5ad8bc0 "{CE0x5ad8bc0|selinux_socket_connect:tmp59|security/selinux/hooks.c,4176|*SummSink*}"
CONST[source:0(mediator),value:2(dynamic)][purpose:{object}][SnkIdx:1]


CONST[source:2(external),value:0(static)][purpose:{operation}][SrcIdx:18]  ->  CONST[source:0(mediator),value:2(dynamic)][purpose:{subject}][SnkIdx:0]
-----------
CONST[source:2(external),value:0(static)][purpose:{operation}][SrcIdx:18]
CE0x5ab1e70 "{CE0x5ab1e70|i32_24|*Constant*}"
CE0x5ab2520 "{CE0x5ab2520|selinux_socket_connect:cmp21|security/selinux/hooks.c,4160}"
CE0x59b20d0 "{CE0x59b20d0|selinux_socket_connect:if.end33}"
CE0x5ad9660 "{CE0x5ad9660|selinux_socket_connect:tmp58|security/selinux/hooks.c,4176}"
CE0x5ad89c0 "{CE0x5ad89c0|selinux_socket_connect:tmp58|security/selinux/hooks.c,4176|*SummSink*}"
CONST[source:0(mediator),value:2(dynamic)][purpose:{subject}][SnkIdx:0]


CONST[source:2(external),value:0(static)][purpose:{operation}][SrcIdx:18]  ->  CONST[source:0(mediator),value:0(static)][purpose:{operation}][SnkIdx:3]
-----------
CONST[source:2(external),value:0(static)][purpose:{operation}][SrcIdx:18]
CE0x5ab1e70 "{CE0x5ab1e70|i32_24|*Constant*}"
CE0x5ab2520 "{CE0x5ab2520|selinux_socket_connect:cmp21|security/selinux/hooks.c,4160}"
CE0x59b20d0 "{CE0x59b20d0|selinux_socket_connect:if.end33}"
CE0x5a909b0 "{CE0x5a909b0|selinux_socket_connect:conv38|security/selinux/hooks.c,4169}"
CE0x5a912f0 "{CE0x5a912f0|selinux_socket_connect:conv38|security/selinux/hooks.c,4169|*SummSink*}"
CONST[source:0(mediator),value:0(static)][purpose:{operation}][SnkIdx:3]


CONST[source:0(mediator),value:0(static)][purpose:{object}][SrcIdx:3]  ->  CONST[source:0(mediator),value:2(dynamic)][purpose:{subject}][SnkIdx:0]
-----------
CONST[source:0(mediator),value:0(static)][purpose:{object}][SrcIdx:3]
CE0x5a2c1a0 "{CE0x5a2c1a0|i32_44|*Constant*}"
CE0x5a2c740 "{CE0x5a2c740|selinux_socket_connect:cmp6|security/selinux/hooks.c,4145}"
CE0x59b20d0 "{CE0x59b20d0|selinux_socket_connect:if.end33}"
CE0x5ad9660 "{CE0x5ad9660|selinux_socket_connect:tmp58|security/selinux/hooks.c,4176}"
CE0x5ad89c0 "{CE0x5ad89c0|selinux_socket_connect:tmp58|security/selinux/hooks.c,4176|*SummSink*}"
CONST[source:0(mediator),value:2(dynamic)][purpose:{subject}][SnkIdx:0]


CONST[source:0(mediator),value:0(static)][purpose:{object}][SrcIdx:3]  ->  CONST[source:0(mediator),value:0(static)][purpose:{operation}][SnkIdx:3]
-----------
CONST[source:0(mediator),value:0(static)][purpose:{object}][SrcIdx:3]
CE0x5a2c1a0 "{CE0x5a2c1a0|i32_44|*Constant*}"
CE0x5a2c740 "{CE0x5a2c740|selinux_socket_connect:cmp6|security/selinux/hooks.c,4145}"
CE0x59b20d0 "{CE0x59b20d0|selinux_socket_connect:if.end33}"
CE0x5a909b0 "{CE0x5a909b0|selinux_socket_connect:conv38|security/selinux/hooks.c,4169}"
CE0x5a912f0 "{CE0x5a912f0|selinux_socket_connect:conv38|security/selinux/hooks.c,4169|*SummSink*}"
CONST[source:0(mediator),value:0(static)][purpose:{operation}][SnkIdx:3]


CONST[source:2(external),value:2(dynamic)][purpose:{subject}][SrcIdx:25]  ->  CONST[source:0(mediator),value:2(dynamic)][purpose:{subject}][SnkIdx:4]
-----------
CONST[source:2(external),value:2(dynamic)][purpose:{subject}][SrcIdx:25]
CE0x5a029c0 "{CE0x5a029c0|COLLAPSED:_GCMRE_current_task_external_global_%struct.task_struct*:_elem_0:default:}"
CE0x5ac1820 "{CE0x5ac1820|task_sid:tmp4|*LoadInst*|security/selinux/hooks.c,208}"
CE0x5a7ffd0 "{CE0x5a7ffd0|cred_sid:cred|Function::cred_sid&Arg::cred::}"
CE0x5a9bc00 "{CE0x5a9bc00|cred_sid:security|security/selinux/hooks.c,196}"
CE0x5a3aae0 "{CE0x5a3aae0|cred_sid:tmp4|*LoadInst*|security/selinux/hooks.c,196}"
CE0x5a3ad90 "{CE0x5a3ad90|cred_sid:tmp5|security/selinux/hooks.c,196}"
CE0x5a98a60 "{CE0x5a98a60|cred_sid:sid|security/selinux/hooks.c,197}"
CE0x5b1c700 "{CE0x5b1c700|cred_sid:tmp6|security/selinux/hooks.c,197}"
CE0x5a80330 "{CE0x5a80330|_ret_i32_%tmp6,_!dbg_!27716|security/selinux/hooks.c,197}"
CE0x5a7ec70 "{CE0x5a7ec70|task_sid:call7|security/selinux/hooks.c,208}"
CE0x5a34110 "{CE0x5a34110|_ret_i32_%call7,_!dbg_!27749|security/selinux/hooks.c,210}"
CE0x5a395a0 "{CE0x5a395a0|sock_has_perm:call|security/selinux/hooks.c,3967}"
CE0x5a06220 "{CE0x5a06220|sock_has_perm:call|security/selinux/hooks.c,3967|*SummSink*}"
CONST[source:0(mediator),value:2(dynamic)][purpose:{subject}][SnkIdx:4]


CONST[source:1(input),value:2(dynamic)][purpose:{object}][SrcIdx:21]  ->  CONST[source:0(mediator),value:2(dynamic)][purpose:{object}][SnkIdx:5]
-----------
CONST[source:1(input),value:2(dynamic)][purpose:{object}][SrcIdx:21]
CE0x5a09f20 "{CE0x5a09f20|32:_%struct.sock*,_:_CRE_32,40_|*MultipleSource*|security/selinux/hooks.c,4133|Function::selinux_socket_connect&Arg::sock::}"
CE0x59ce150 "{CE0x59ce150|selinux_socket_connect:tmp2|*LoadInst*|security/selinux/hooks.c,4133}"
CE0x5a03600 "{CE0x5a03600|sock_has_perm:sk|Function::sock_has_perm&Arg::sk::}"
CE0x5a35b60 "{CE0x5a35b60|sock_has_perm:sk_security|security/selinux/hooks.c,3964}"
CE0x5a32780 "{CE0x5a32780|sock_has_perm:tmp2|*LoadInst*|security/selinux/hooks.c,3964}"
CE0x5a072f0 "{CE0x5a072f0|sock_has_perm:tmp3|security/selinux/hooks.c,3964}"
CE0x5a0fbe0 "{CE0x5a0fbe0|sock_has_perm:sid5|security/selinux/hooks.c,3976}"
CE0x5a106a0 "{CE0x5a106a0|sock_has_perm:tmp16|security/selinux/hooks.c,3976}"
CE0x5a0b7f0 "{CE0x5a0b7f0|sock_has_perm:tmp16|security/selinux/hooks.c,3976|*SummSink*}"
CONST[source:0(mediator),value:2(dynamic)][purpose:{object}][SnkIdx:5]


CONST[source:1(input),value:2(dynamic)][purpose:{object}][SrcIdx:21]  ->  CONST[source:0(mediator),value:2(dynamic)][purpose:{object}][SnkIdx:2]
-----------
CONST[source:1(input),value:2(dynamic)][purpose:{object}][SrcIdx:21]
CE0x5a09f20 "{CE0x5a09f20|32:_%struct.sock*,_:_CRE_32,40_|*MultipleSource*|security/selinux/hooks.c,4133|Function::selinux_socket_connect&Arg::sock::}"
CE0x59ce150 "{CE0x59ce150|selinux_socket_connect:tmp2|*LoadInst*|security/selinux/hooks.c,4133}"
CE0x59b0dc0 "{CE0x59b0dc0|selinux_socket_connect:sk_security|security/selinux/hooks.c,4134}"
CE0x5a47500 "{CE0x5a47500|selinux_socket_connect:tmp3|security/selinux/hooks.c,4134}"
CE0x5a12e10 "{CE0x5a12e10|selinux_socket_connect:tmp4|security/selinux/hooks.c,4134}"
CE0x5ad8d30 "{CE0x5ad8d30|selinux_socket_connect:sclass50|security/selinux/hooks.c,4176}"
CE0x5ad83c0 "{CE0x5ad83c0|selinux_socket_connect:tmp60|security/selinux/hooks.c,4176}"
CE0x5a8b220 "{CE0x5a8b220|selinux_socket_connect:tmp60|security/selinux/hooks.c,4176|*SummSink*}"
CONST[source:0(mediator),value:2(dynamic)][purpose:{object}][SnkIdx:2]


CONST[source:1(input),value:2(dynamic)][purpose:{object}][SrcIdx:21]  ->  CONST[source:0(mediator),value:2(dynamic)][purpose:{object}][SnkIdx:1]
-----------
CONST[source:1(input),value:2(dynamic)][purpose:{object}][SrcIdx:21]
CE0x5a09f20 "{CE0x5a09f20|32:_%struct.sock*,_:_CRE_32,40_|*MultipleSource*|security/selinux/hooks.c,4133|Function::selinux_socket_connect&Arg::sock::}"
CE0x59ce150 "{CE0x59ce150|selinux_socket_connect:tmp2|*LoadInst*|security/selinux/hooks.c,4133}"
CE0x5a22c00 "{CE0x5a22c00|selinux_socket_connect:__sk_common|security/selinux/hooks.c,4153}"
CE0x5a16c80 "{CE0x5a16c80|selinux_socket_connect:skc_family|security/selinux/hooks.c,4153}"
CE0x5a9eec0 "{CE0x5a9eec0|selinux_socket_connect:tmp23|security/selinux/hooks.c,4153}"
CE0x5a23020 "{CE0x5a23020|selinux_socket_connect:conv9|security/selinux/hooks.c,4153}"
CE0x5a23440 "{CE0x5a23440|selinux_socket_connect:cmp10|security/selinux/hooks.c,4153}"
CE0x59b20d0 "{CE0x59b20d0|selinux_socket_connect:if.end33}"
CE0x5a24310 "{CE0x5a24310|selinux_socket_connect:tmp59|security/selinux/hooks.c,4176}"
CE0x5ad8bc0 "{CE0x5ad8bc0|selinux_socket_connect:tmp59|security/selinux/hooks.c,4176|*SummSink*}"
CONST[source:0(mediator),value:2(dynamic)][purpose:{object}][SnkIdx:1]


CONST[source:1(input),value:2(dynamic)][purpose:{object}][SrcIdx:21]  ->  CONST[source:0(mediator),value:2(dynamic)][purpose:{subject}][SnkIdx:0]
-----------
CONST[source:1(input),value:2(dynamic)][purpose:{object}][SrcIdx:21]
CE0x5a09f20 "{CE0x5a09f20|32:_%struct.sock*,_:_CRE_32,40_|*MultipleSource*|security/selinux/hooks.c,4133|Function::selinux_socket_connect&Arg::sock::}"
CE0x59ce150 "{CE0x59ce150|selinux_socket_connect:tmp2|*LoadInst*|security/selinux/hooks.c,4133}"
CE0x59b0dc0 "{CE0x59b0dc0|selinux_socket_connect:sk_security|security/selinux/hooks.c,4134}"
CE0x5a47500 "{CE0x5a47500|selinux_socket_connect:tmp3|security/selinux/hooks.c,4134}"
CE0x5a12e10 "{CE0x5a12e10|selinux_socket_connect:tmp4|security/selinux/hooks.c,4134}"
CE0x5aeee60 "{CE0x5aeee60|selinux_socket_connect:sid49|security/selinux/hooks.c,4176}"
CE0x5ad9660 "{CE0x5ad9660|selinux_socket_connect:tmp58|security/selinux/hooks.c,4176}"
CE0x5ad89c0 "{CE0x5ad89c0|selinux_socket_connect:tmp58|security/selinux/hooks.c,4176|*SummSink*}"
CONST[source:0(mediator),value:2(dynamic)][purpose:{subject}][SnkIdx:0]


CONST[source:1(input),value:2(dynamic)][purpose:{object}][SrcIdx:21]  ->  CONST[source:0(mediator),value:2(dynamic)][purpose:{object}][SnkIdx:6]
-----------
CONST[source:1(input),value:2(dynamic)][purpose:{object}][SrcIdx:21]
CE0x5a09f20 "{CE0x5a09f20|32:_%struct.sock*,_:_CRE_32,40_|*MultipleSource*|security/selinux/hooks.c,4133|Function::selinux_socket_connect&Arg::sock::}"
CE0x59ce150 "{CE0x59ce150|selinux_socket_connect:tmp2|*LoadInst*|security/selinux/hooks.c,4133}"
CE0x5a03600 "{CE0x5a03600|sock_has_perm:sk|Function::sock_has_perm&Arg::sk::}"
CE0x5a35b60 "{CE0x5a35b60|sock_has_perm:sk_security|security/selinux/hooks.c,3964}"
CE0x5a32780 "{CE0x5a32780|sock_has_perm:tmp2|*LoadInst*|security/selinux/hooks.c,3964}"
CE0x5a072f0 "{CE0x5a072f0|sock_has_perm:tmp3|security/selinux/hooks.c,3964}"
CE0x5a0bad0 "{CE0x5a0bad0|sock_has_perm:sclass|security/selinux/hooks.c,3976}"
CE0x5a0bdc0 "{CE0x5a0bdc0|sock_has_perm:tmp17|security/selinux/hooks.c,3976}"
CE0x5a0c340 "{CE0x5a0c340|sock_has_perm:tmp17|security/selinux/hooks.c,3976|*SummSink*}"
CONST[source:0(mediator),value:2(dynamic)][purpose:{object}][SnkIdx:6]


CONST[source:1(input),value:2(dynamic)][purpose:{object}][SrcIdx:21]  ->  CONST[source:0(mediator),value:0(static)][purpose:{operation}][SnkIdx:3]
-----------
CONST[source:1(input),value:2(dynamic)][purpose:{object}][SrcIdx:21]
CE0x5a09f20 "{CE0x5a09f20|32:_%struct.sock*,_:_CRE_32,40_|*MultipleSource*|security/selinux/hooks.c,4133|Function::selinux_socket_connect&Arg::sock::}"
CE0x59ce150 "{CE0x59ce150|selinux_socket_connect:tmp2|*LoadInst*|security/selinux/hooks.c,4133}"
CE0x5a22c00 "{CE0x5a22c00|selinux_socket_connect:__sk_common|security/selinux/hooks.c,4153}"
CE0x5a16c80 "{CE0x5a16c80|selinux_socket_connect:skc_family|security/selinux/hooks.c,4153}"
CE0x5a9eec0 "{CE0x5a9eec0|selinux_socket_connect:tmp23|security/selinux/hooks.c,4153}"
CE0x5a23020 "{CE0x5a23020|selinux_socket_connect:conv9|security/selinux/hooks.c,4153}"
CE0x5a23440 "{CE0x5a23440|selinux_socket_connect:cmp10|security/selinux/hooks.c,4153}"
CE0x59b20d0 "{CE0x59b20d0|selinux_socket_connect:if.end33}"
CE0x5a909b0 "{CE0x5a909b0|selinux_socket_connect:conv38|security/selinux/hooks.c,4169}"
CE0x5a912f0 "{CE0x5a912f0|selinux_socket_connect:conv38|security/selinux/hooks.c,4169|*SummSink*}"
CONST[source:0(mediator),value:0(static)][purpose:{operation}][SnkIdx:3]


