[apparmor_path_rename]

explicit:
CONST[source:2(external),value:2(dynamic)][purpose:{subject}]  ->  CONST[source:0(mediator),value:2(dynamic)][purpose:{subject}]
-----------
CONST[source:2(external),value:2(dynamic)][purpose:{subject}]
CE0x51f3c10 "{CE0x51f3c10|COLLAPSED:_GCRE_current_task_external_global_%struct.task_struct*:_elem_0::|security/apparmor/include/context.h,151}"
CE0x51f4b70 "{CE0x51f4b70|aa_current_profile:_tmp22|security/apparmor/include/context.h,151}"
CE0x51ebe70 "{CE0x51ebe70|aa_current_profile:_tmp23|security/apparmor/include/context.h,151}"
CE0x5188070 "{CE0x5188070|aa_current_profile:_cxt.0}"
CE0x5186ea0 "{CE0x5186ea0|aa_current_profile:_profile42|security/apparmor/include/context.h,162}"
CE0x51821d0 "{CE0x51821d0|aa_current_profile:_tmp81|security/apparmor/include/context.h,162}"
CE0x51527c0 "{CE0x51527c0|_ret_%struct.aa_profile*_%tmp81,_!dbg_!15575|security/apparmor/include/context.h,162}"
CE0x5162980 "{CE0x5162980|apparmor_path_rename:_call1|security/apparmor/lsm.c,326}"
CE0x5162c00 "{CE0x5162c00|apparmor_path_rename:_call1|security/apparmor/lsm.c,326|*SummSink*}"
CONST[source:0(mediator),value:2(dynamic)][purpose:{subject}]


CONST[source:1(input),value:2(dynamic)][purpose:{object}]  ->  CONST[source:0(mediator),value:2(dynamic)][purpose:{object}]
-----------
CONST[source:1(input),value:2(dynamic)][purpose:{object}]
CE0x51a02f0 "{CE0x51a02f0|0:_i16,_4:_i32,_8:_i16,_40:_%struct.super_block*,_72:_i32,_:_SCMRE_0,4_|*MultipleSource*|Function::mediated_filesystem&Arg::inode::|security/apparmor/lsm.c, 330|*LoadInst*|security/apparmor/lsm.c,323|security/apparmor/lsm.c,330}"
CONST[source:0(mediator),value:2(dynamic)][purpose:{object}]



implicit:
CONST[source:2(external),value:2(dynamic)][purpose:{subject}]  ->  CONST[source:0(mediator),value:2(dynamic)][purpose:{subject}]
-----------
CONST[source:2(external),value:2(dynamic)][purpose:{subject}]
CE0x51f3c10 "{CE0x51f3c10|COLLAPSED:_GCRE_current_task_external_global_%struct.task_struct*:_elem_0::|security/apparmor/include/context.h,151}"
CE0x5186080 "{CE0x5186080|aa_current_profile:_tmp77|security/apparmor/include/context.h,159}"
CE0x5187a90 "{CE0x5187a90|aa_current_profile:_tmp78|security/apparmor/include/context.h,159}"
CE0x5188070 "{CE0x5188070|aa_current_profile:_cxt.0}"
CE0x5186ea0 "{CE0x5186ea0|aa_current_profile:_profile42|security/apparmor/include/context.h,162}"
CE0x51821d0 "{CE0x51821d0|aa_current_profile:_tmp81|security/apparmor/include/context.h,162}"
CE0x51527c0 "{CE0x51527c0|_ret_%struct.aa_profile*_%tmp81,_!dbg_!15575|security/apparmor/include/context.h,162}"
CE0x5162980 "{CE0x5162980|apparmor_path_rename:_call1|security/apparmor/lsm.c,326}"
CE0x5162c00 "{CE0x5162c00|apparmor_path_rename:_call1|security/apparmor/lsm.c,326|*SummSink*}"
CONST[source:0(mediator),value:2(dynamic)][purpose:{subject}]


CONST[source:1(input),value:2(dynamic)][purpose:{object}]  ->  CONST[source:0(mediator),value:2(dynamic)][purpose:{object}]
-----------
CONST[source:1(input),value:2(dynamic)][purpose:{object}]
CE0x51a02f0 "{CE0x51a02f0|0:_i16,_4:_i32,_8:_i16,_40:_%struct.super_block*,_72:_i32,_:_SCMRE_0,4_|*MultipleSource*|Function::mediated_filesystem&Arg::inode::|security/apparmor/lsm.c, 330|*LoadInst*|security/apparmor/lsm.c,323|security/apparmor/lsm.c,330}"
CONST[source:0(mediator),value:2(dynamic)][purpose:{object}]


