[selinux_inode_setattr]

explicit:
CONST[source:1(input),value:2(dynamic)][purpose:{object}]  ->  CONST[source:0(mediator),value:2(dynamic)][purpose:{object}]
-----------
CONST[source:1(input),value:2(dynamic)][purpose:{object}]
CE0x47eb0e0 "{CE0x47eb0e0|12:_i32,_56:_i8*,_:_CRE_56,64_|*MultipleSource*|Function::inode_has_perm&Arg::inode::|*LoadInst*|security/selinux/hooks.c,1627|security/selinux/hooks.c,1611}"
CE0x485e9a0 "{CE0x485e9a0|inode_has_perm:_tmp15|*LoadInst*|security/selinux/hooks.c,1615}"
CE0x486d8d0 "{CE0x486d8d0|inode_has_perm:_tmp16|security/selinux/hooks.c,1615}"
CE0x4868a90 "{CE0x4868a90|inode_has_perm:_sclass|security/selinux/hooks.c,1617}"
CE0x48689b0 "{CE0x48689b0|inode_has_perm:_tmp18|security/selinux/hooks.c,1617}"
CE0x4868eb0 "{CE0x4868eb0|inode_has_perm:_tmp18|security/selinux/hooks.c,1617|*SummSink*}"
CONST[source:0(mediator),value:2(dynamic)][purpose:{object}]


CONST[source:2(external),value:2(dynamic)][purpose:{subject}]  ->  CONST[source:0(mediator),value:2(dynamic)][purpose:{subject}]
-----------
CONST[source:2(external),value:2(dynamic)][purpose:{subject}]
CE0x47a7ee0 "{CE0x47a7ee0|COLLAPSED:_GCMRE_current_task_external_global_%struct.task_struct*:_elem_0::|security/selinux/hooks.c,2880}"
CE0x47a8010 "{CE0x47a8010|selinux_inode_setattr:_tmp19|security/selinux/hooks.c,2880}"
CE0x47f6220 "{CE0x47f6220|dentry_has_perm:_cred|Function::dentry_has_perm&Arg::cred::}"
CE0x48133f0 "{CE0x48133f0|inode_has_perm:_cred|Function::inode_has_perm&Arg::cred::}"
CE0x485d910 "{CE0x485d910|cred_sid:_cred|Function::cred_sid&Arg::cred::}"
CE0x4821260 "{CE0x4821260|cred_sid:_security|security/selinux/hooks.c,196}"
CE0x4871cf0 "{CE0x4871cf0|cred_sid:_tmp4|*LoadInst*|security/selinux/hooks.c,196}"
CE0x48720e0 "{CE0x48720e0|cred_sid:_tmp5|security/selinux/hooks.c,196}"
CE0x48728d0 "{CE0x48728d0|cred_sid:_sid|security/selinux/hooks.c,197}"
CE0x4873a70 "{CE0x4873a70|cred_sid:_tmp6|security/selinux/hooks.c,197}"
CE0x485dc20 "{CE0x485dc20|_ret_i32_%tmp6,_!dbg_!27716|security/selinux/hooks.c,197}"
CE0x485cb90 "{CE0x485cb90|inode_has_perm:_call|security/selinux/hooks.c,1614}"
CE0x485ce30 "{CE0x485ce30|inode_has_perm:_call|security/selinux/hooks.c,1614|*SummSink*}"
CONST[source:0(mediator),value:2(dynamic)][purpose:{subject}]



implicit:
CONST[source:1(input),value:2(dynamic)][purpose:{object}]  ->  CONST[source:0(mediator),value:2(dynamic)][purpose:{object}]
-----------
CONST[source:1(input),value:2(dynamic)][purpose:{object}]
CE0x47eb0e0 "{CE0x47eb0e0|12:_i32,_56:_i8*,_:_CRE_56,64_|*MultipleSource*|Function::inode_has_perm&Arg::inode::|*LoadInst*|security/selinux/hooks.c,1627|security/selinux/hooks.c,1611}"
CE0x485e9a0 "{CE0x485e9a0|inode_has_perm:_tmp15|*LoadInst*|security/selinux/hooks.c,1615}"
CE0x486d8d0 "{CE0x486d8d0|inode_has_perm:_tmp16|security/selinux/hooks.c,1615}"
CE0x485edc0 "{CE0x485edc0|inode_has_perm:_sid3|security/selinux/hooks.c,1617}"
CE0x4867100 "{CE0x4867100|inode_has_perm:_tmp17|security/selinux/hooks.c,1617}"
CE0x4867460 "{CE0x4867460|inode_has_perm:_tmp17|security/selinux/hooks.c,1617|*SummSink*}"
CONST[source:0(mediator),value:2(dynamic)][purpose:{object}]


CONST[source:2(external),value:2(dynamic)][purpose:{subject}]  ->  CONST[source:0(mediator),value:2(dynamic)][purpose:{subject}]
-----------
CONST[source:2(external),value:2(dynamic)][purpose:{subject}]
CE0x47a7ee0 "{CE0x47a7ee0|COLLAPSED:_GCMRE_current_task_external_global_%struct.task_struct*:_elem_0::|security/selinux/hooks.c,2880}"
CE0x47a8010 "{CE0x47a8010|selinux_inode_setattr:_tmp19|security/selinux/hooks.c,2880}"
CE0x47f6220 "{CE0x47f6220|dentry_has_perm:_cred|Function::dentry_has_perm&Arg::cred::}"
CE0x48133f0 "{CE0x48133f0|inode_has_perm:_cred|Function::inode_has_perm&Arg::cred::}"
CE0x485d910 "{CE0x485d910|cred_sid:_cred|Function::cred_sid&Arg::cred::}"
CE0x4821260 "{CE0x4821260|cred_sid:_security|security/selinux/hooks.c,196}"
CE0x4871cf0 "{CE0x4871cf0|cred_sid:_tmp4|*LoadInst*|security/selinux/hooks.c,196}"
CE0x48720e0 "{CE0x48720e0|cred_sid:_tmp5|security/selinux/hooks.c,196}"
CE0x48728d0 "{CE0x48728d0|cred_sid:_sid|security/selinux/hooks.c,197}"
CE0x4873a70 "{CE0x4873a70|cred_sid:_tmp6|security/selinux/hooks.c,197}"
CE0x485dc20 "{CE0x485dc20|_ret_i32_%tmp6,_!dbg_!27716|security/selinux/hooks.c,197}"
CE0x485cb90 "{CE0x485cb90|inode_has_perm:_call|security/selinux/hooks.c,1614}"
CE0x485ce30 "{CE0x485ce30|inode_has_perm:_call|security/selinux/hooks.c,1614|*SummSink*}"
CONST[source:0(mediator),value:2(dynamic)][purpose:{subject}]


CONST[source:1(input),value:2(dynamic)][purpose:{operation}]  ->  CONST[source:0(mediator),value:2(dynamic)][purpose:{object}]
-----------
CONST[source:1(input),value:2(dynamic)][purpose:{operation}]
CE0x47d0db0 "{CE0x47d0db0|0:_i32,_:_CRE_0,4_|*MultipleSource*|security/selinux/hooks.c,2881|Function::selinux_inode_setattr&Arg::iattr::}"
CE0x47d0b60 "{CE0x47d0b60|selinux_inode_setattr:_tmp20|*LoadInst*|security/selinux/hooks.c,2881}"
CE0x47c68b0 "{CE0x47c68b0|selinux_inode_setattr:_and10|security/selinux/hooks.c,2886}"
CE0x476f550 "{CE0x476f550|selinux_inode_setattr:_tobool11|security/selinux/hooks.c,2888}"
CE0x3f89fd0 "{CE0x3f89fd0|selinux_inode_setattr:_if.end26}"
CE0x47f5e10 "{CE0x47f5e10|dentry_has_perm:_entry}"
CE0x47a32c0 "{CE0x47a32c0|dentry_has_perm:_bb}"
CE0x48130b0 "{CE0x48130b0|inode_has_perm:_entry}"
CE0x47e8fc0 "{CE0x47e8fc0|inode_has_perm:_if.end}"
CE0x4867100 "{CE0x4867100|inode_has_perm:_tmp17|security/selinux/hooks.c,1617}"
CE0x4867460 "{CE0x4867460|inode_has_perm:_tmp17|security/selinux/hooks.c,1617|*SummSink*}"
CONST[source:0(mediator),value:2(dynamic)][purpose:{object}]


CONST[source:1(input),value:2(dynamic)][purpose:{operation}]  ->  CONST[source:0(mediator),value:0(static)][purpose:{operation}]
-----------
CONST[source:1(input),value:2(dynamic)][purpose:{operation}]
CE0x47d0db0 "{CE0x47d0db0|0:_i32,_:_CRE_0,4_|*MultipleSource*|security/selinux/hooks.c,2881|Function::selinux_inode_setattr&Arg::iattr::}"
CE0x47d0b60 "{CE0x47d0b60|selinux_inode_setattr:_tmp20|*LoadInst*|security/selinux/hooks.c,2881}"
CE0x47c68b0 "{CE0x47c68b0|selinux_inode_setattr:_and10|security/selinux/hooks.c,2886}"
CE0x476f550 "{CE0x476f550|selinux_inode_setattr:_tobool11|security/selinux/hooks.c,2888}"
CE0x3f89fd0 "{CE0x3f89fd0|selinux_inode_setattr:_if.end26}"
CE0x4801490 "{CE0x4801490|selinux_inode_setattr:_av.0}"
CE0x47f70c0 "{CE0x47f70c0|dentry_has_perm:_av|Function::dentry_has_perm&Arg::av::}"
CE0x477d9b0 "{CE0x477d9b0|inode_has_perm:_perms|Function::inode_has_perm&Arg::perms::}"
CE0x477dca0 "{CE0x477dca0|inode_has_perm:_perms|Function::inode_has_perm&Arg::perms::|*SummSink*}"
CONST[source:0(mediator),value:0(static)][purpose:{operation}]


CONST[source:1(input),value:2(dynamic)][purpose:{operation}]  ->  CONST[source:0(mediator),value:2(dynamic)][purpose:{subject}]
-----------
CONST[source:1(input),value:2(dynamic)][purpose:{operation}]
CE0x47d0db0 "{CE0x47d0db0|0:_i32,_:_CRE_0,4_|*MultipleSource*|security/selinux/hooks.c,2881|Function::selinux_inode_setattr&Arg::iattr::}"
CE0x47d0b60 "{CE0x47d0b60|selinux_inode_setattr:_tmp20|*LoadInst*|security/selinux/hooks.c,2881}"
CE0x47c68b0 "{CE0x47c68b0|selinux_inode_setattr:_and10|security/selinux/hooks.c,2886}"
CE0x476f550 "{CE0x476f550|selinux_inode_setattr:_tobool11|security/selinux/hooks.c,2888}"
CE0x3f89fd0 "{CE0x3f89fd0|selinux_inode_setattr:_if.end26}"
CE0x47f5e10 "{CE0x47f5e10|dentry_has_perm:_entry}"
CE0x47a32c0 "{CE0x47a32c0|dentry_has_perm:_bb}"
CE0x48130b0 "{CE0x48130b0|inode_has_perm:_entry}"
CE0x47e8fc0 "{CE0x47e8fc0|inode_has_perm:_if.end}"
CE0x485cb90 "{CE0x485cb90|inode_has_perm:_call|security/selinux/hooks.c,1614}"
CE0x485ce30 "{CE0x485ce30|inode_has_perm:_call|security/selinux/hooks.c,1614|*SummSink*}"
CONST[source:0(mediator),value:2(dynamic)][purpose:{subject}]


CONST[source:2(external),value:0(static)][purpose:{operation}]  ->  CONST[source:0(mediator),value:0(static)][purpose:{operation}]
-----------
CONST[source:2(external),value:0(static)][purpose:{operation}]
CE0x47fbba0 "{CE0x47fbba0|i32_8|*Constant*}"
CE0x47fc290 "{CE0x47fc290|selinux_inode_setattr:_and22|security/selinux/hooks.c,2896}"
CE0x47fca50 "{CE0x47fca50|selinux_inode_setattr:_tobool23|security/selinux/hooks.c,2896}"
CE0x479b860 "{CE0x479b860|selinux_inode_setattr:_if.then24}"
CE0x4801040 "{CE0x4801040|selinux_inode_setattr:_conv25|security/selinux/hooks.c,2897}"
CE0x4801490 "{CE0x4801490|selinux_inode_setattr:_av.0}"
CE0x47f70c0 "{CE0x47f70c0|dentry_has_perm:_av|Function::dentry_has_perm&Arg::av::}"
CE0x477d9b0 "{CE0x477d9b0|inode_has_perm:_perms|Function::inode_has_perm&Arg::perms::}"
CE0x477dca0 "{CE0x477dca0|inode_has_perm:_perms|Function::inode_has_perm&Arg::perms::|*SummSink*}"
CONST[source:0(mediator),value:0(static)][purpose:{operation}]


