[tomoyo_path_rmdir]

explicit:
CONST[source:2(external),value:2(dynamic)][purpose:{subject}][SrcIdx:3]  ->  CONST[source:0(mediator),value:2(dynamic)][purpose:{subject}]
-----------
CONST[source:2(external),value:2(dynamic)][purpose:{subject}][SrcIdx:3]
CE0x4d38440 "{CE0x4d38440|COLLAPSED:_GCRE_current_task_external_global_%struct.task_struct*:_elem_0::|security/tomoyo/common.h,1205}"
CE0x592dad0 "{CE0x592dad0|tomoyo_domain:tmp22|security/tomoyo/common.h,1205}"
CE0x5afd750 "{CE0x5afd750|tomoyo_domain:tmp23|security/tomoyo/common.h,1205}"
CE0x59d9b60 "{CE0x59d9b60|_ret_%struct.tomoyo_domain_info*_%tmp23,_!dbg_!38929|security/tomoyo/common.h,1205}"
CE0x74b2e70 "{CE0x74b2e70|tomoyo_init_request_info:call|security/tomoyo/util.c,1005}"
CE0x76e3be0 "{CE0x76e3be0|tomoyo_init_request_info:domain.addr.0}"
CE0x4cd4d40 "{CE0x4cd4d40|0:_%struct.tomoyo_obj_info*,_16:_%struct.tomoyo_domain_info*,_24:_%struct.tomoyo_path_info*,_40:_i8,_72:_i8,_75:_i8,_76:_i8,_77:_i8,_:_SCMRE_16,24_|*MultipleSource*|security/tomoyo/file.c, 787|security/tomoyo/file.c,787|Function::tomoyo_init_request_info&Arg::r::|security/tomoyo/file.c,800}"
CONST[source:0(mediator),value:2(dynamic)][purpose:{subject}]



implicit:
CONST[source:2(external),value:2(dynamic)][purpose:{subject}][SrcIdx:3]  ->  CONST[source:0(mediator),value:2(dynamic)][purpose:{subject}]
-----------
CONST[source:2(external),value:2(dynamic)][purpose:{subject}][SrcIdx:3]
CE0x4e3f980 "{CE0x4e3f980|128:_i8*,_1208:_%struct.file*,_:_CMRE_128,136_|*MultipleSource*|security/tomoyo/common.h,1205|security/tomoyo/common.h,1205}"
CE0x592dad0 "{CE0x592dad0|tomoyo_domain:tmp22|security/tomoyo/common.h,1205}"
CE0x5afd750 "{CE0x5afd750|tomoyo_domain:tmp23|security/tomoyo/common.h,1205}"
CE0x59d9b60 "{CE0x59d9b60|_ret_%struct.tomoyo_domain_info*_%tmp23,_!dbg_!38929|security/tomoyo/common.h,1205}"
CE0x74b2e70 "{CE0x74b2e70|tomoyo_init_request_info:call|security/tomoyo/util.c,1005}"
CE0x76e3be0 "{CE0x76e3be0|tomoyo_init_request_info:domain.addr.0}"
CE0x4cd4d40 "{CE0x4cd4d40|0:_%struct.tomoyo_obj_info*,_16:_%struct.tomoyo_domain_info*,_24:_%struct.tomoyo_path_info*,_40:_i8,_72:_i8,_75:_i8,_76:_i8,_77:_i8,_:_SCMRE_16,24_|*MultipleSource*|security/tomoyo/file.c, 787|security/tomoyo/file.c,787|Function::tomoyo_init_request_info&Arg::r::|security/tomoyo/file.c,800}"
CONST[source:0(mediator),value:2(dynamic)][purpose:{subject}]


CONST[source:0(mediator),value:0(static)][purpose:{operation}][SrcIdx:2]  ->  CONST[source:0(mediator),value:2(dynamic)][purpose:{object}]
-----------
CONST[source:0(mediator),value:0(static)][purpose:{operation}][SrcIdx:2]
CE0x40fdf50 "{CE0x40fdf50|tomoyo_path_perm:operation|Function::tomoyo_path_perm&Arg::operation::|*SummSource*}"
CE0x4b586d0 "{CE0x4b586d0|tomoyo_path_perm:operation|Function::tomoyo_path_perm&Arg::operation::}"
CE0x5de36e0 "{CE0x5de36e0|tomoyo_path_perm:conv8|security/tomoyo/file.c,807}"
CE0x7606c00 "{CE0x7606c00|tomoyo_path_perm:sw.epilog}"
CE0x5bb0a00 "{CE0x5bb0a00|tomoyo_path_permission:entry}"
CE0x3eaf220 "{CE0x3eaf220|tomoyo_path_permission:if.end}"
CE0x5ba64e0 "{CE0x5ba64e0|0:_%struct.tomoyo_obj_info*,_16:_%struct.tomoyo_domain_info*,_24:_%struct.tomoyo_path_info*,_40:_i8,_72:_i8,_75:_i8,_76:_i8,_77:_i8,_:_SCMRE_25,26_}"
CONST[source:0(mediator),value:2(dynamic)][purpose:{object}]


