[tomoyo_path_mknod]

explicit:
CONST[source:1(input),value:2(dynamic)][purpose:{object}]  ->  CONST[source:0(mediator),value:2(dynamic)][purpose:{object}]
-----------
CONST[source:1(input),value:2(dynamic)][purpose:{object}]
CE0x71727d0 "{CE0x71727d0|tomoyo_mkdev_perm:_call5|security/tomoyo/file.c,859|*SummSource*}"
CE0x716c0f0 "{CE0x716c0f0|tomoyo_mkdev_perm:_call5|security/tomoyo/file.c,859}"
CE0x7256ab0 "{CE0x7256ab0|tomoyo_mkdev_perm:_shr|security/tomoyo/file.c,864}"
CE0x61f9b80 "{CE0x61f9b80|0:_%struct.tomoyo_obj_info*,_16:_%struct.tomoyo_domain_info*,_24:_%struct.tomoyo_path_info*,_32:_i32,_36:_i32,_40:_i32,_44:_i8,_72:_i8,_75:_i8,_76:_i8,_77:_i8,_:_SCMRE_37,38_}"
CONST[source:0(mediator),value:2(dynamic)][purpose:{object}]


CONST[source:1(input),value:2(dynamic)][purpose:{operation}]  ->  CONST[source:0(mediator),value:0(static)][purpose:{operation}]
-----------
CONST[source:1(input),value:2(dynamic)][purpose:{operation}]
CE0x727ef90 "{CE0x727ef90|tomoyo_mkdev_perm:_mode|Function::tomoyo_mkdev_perm&Arg::mode::|*SummSource*}"
CE0x727ee80 "{CE0x727ee80|tomoyo_mkdev_perm:_mode|Function::tomoyo_mkdev_perm&Arg::mode::}"
CE0x61f9680 "{CE0x61f9680|0:_%struct.tomoyo_obj_info*,_16:_%struct.tomoyo_domain_info*,_24:_%struct.tomoyo_path_info*,_32:_i32,_36:_i32,_40:_i32,_44:_i8,_72:_i8,_75:_i8,_76:_i8,_77:_i8,_:_SCMRE_35,36_}"
CONST[source:0(mediator),value:0(static)][purpose:{operation}]


CONST[source:2(external),value:2(dynamic)][purpose:{subject}]  ->  CONST[source:1(input),value:2(dynamic)][purpose:{subject}]
-----------
CONST[source:2(external),value:2(dynamic)][purpose:{subject}]
CE0x89e70f0 "{CE0x89e70f0|COLLAPSED:_GCRE_current_task_external_global_%struct.task_struct*:_elem_0::|security/tomoyo/common.h,1205}"
CE0x57a4420 "{CE0x57a4420|tomoyo_domain:_tmp22|security/tomoyo/common.h,1205}"
CE0x8ac85c0 "{CE0x8ac85c0|tomoyo_domain:_tmp23|security/tomoyo/common.h,1205}"
CE0x708a320 "{CE0x708a320|_ret_%struct.tomoyo_domain_info*_%tmp23,_!dbg_!38929|security/tomoyo/common.h,1205}"
CE0x64adef0 "{CE0x64adef0|tomoyo_init_request_info:_call|security/tomoyo/util.c,1005}"
CE0x701e610 "{CE0x701e610|tomoyo_init_request_info:_domain.addr.0}"
CE0x642a5c0 "{CE0x642a5c0|0:_%struct.tomoyo_obj_info*,_16:_%struct.tomoyo_domain_info*,_24:_%struct.tomoyo_path_info*,_32:_i32,_36:_i32,_40:_i32,_44:_i8,_72:_i8,_75:_i8,_76:_i8,_77:_i8,_:_SCMRE_16,24_|*MultipleSource*|security/tomoyo/file.c, 844|security/tomoyo/file.c,844|security/tomoyo/file.c,858|Function::tomoyo_init_request_info&Arg::r::}"
CONST[source:1(input),value:2(dynamic)][purpose:{subject}]


CONST[source:0(mediator),value:1(k-static)][purpose:{operation}]  ->  CONST[source:0(mediator),value:0(static)][purpose:{operation}]
-----------
CONST[source:0(mediator),value:1(k-static)][purpose:{operation}]
CE0x6581560 "{CE0x6581560|tomoyo_mkdev_perm:_operation|Function::tomoyo_mkdev_perm&Arg::operation::|*SummSource*}"
CE0x700ed40 "{CE0x700ed40|tomoyo_mkdev_perm:_operation|Function::tomoyo_mkdev_perm&Arg::operation::}"
CE0x7117a40 "{CE0x7117a40|0:_%struct.tomoyo_obj_info*,_16:_%struct.tomoyo_domain_info*,_24:_%struct.tomoyo_path_info*,_32:_i32,_36:_i32,_40:_i32,_44:_i8,_72:_i8,_75:_i8,_76:_i8,_77:_i8,_:_SCMRE_44,45_}"
CONST[source:0(mediator),value:0(static)][purpose:{operation}]



implicit:
CONST[source:1(input),value:2(dynamic)][purpose:{operation}]  ->  CONST[source:0(mediator),value:0(static)][purpose:{operation}]
-----------
CONST[source:1(input),value:2(dynamic)][purpose:{operation}]
CE0x727ef90 "{CE0x727ef90|tomoyo_mkdev_perm:_mode|Function::tomoyo_mkdev_perm&Arg::mode::|*SummSource*}"
CE0x727ee80 "{CE0x727ee80|tomoyo_mkdev_perm:_mode|Function::tomoyo_mkdev_perm&Arg::mode::}"
CE0x7098170 "{CE0x7098170|0:_%struct.tomoyo_obj_info*,_16:_%struct.tomoyo_domain_info*,_24:_%struct.tomoyo_path_info*,_32:_i32,_36:_i32,_40:_i32,_44:_i8,_72:_i8,_75:_i8,_76:_i8,_77:_i8,_:_SCMRE_33,34_}"
CONST[source:0(mediator),value:0(static)][purpose:{operation}]


CONST[source:0(mediator),value:1(k-static)][purpose:{operation}]  ->  CONST[source:0(mediator),value:0(static)][purpose:{operation}]
-----------
CONST[source:0(mediator),value:1(k-static)][purpose:{operation}]
CE0x6581560 "{CE0x6581560|tomoyo_mkdev_perm:_operation|Function::tomoyo_mkdev_perm&Arg::operation::|*SummSource*}"
CE0x700ed40 "{CE0x700ed40|tomoyo_mkdev_perm:_operation|Function::tomoyo_mkdev_perm&Arg::operation::}"
CE0x7117a40 "{CE0x7117a40|0:_%struct.tomoyo_obj_info*,_16:_%struct.tomoyo_domain_info*,_24:_%struct.tomoyo_path_info*,_32:_i32,_36:_i32,_40:_i32,_44:_i8,_72:_i8,_75:_i8,_76:_i8,_77:_i8,_:_SCMRE_44,45_}"
CONST[source:0(mediator),value:0(static)][purpose:{operation}]


CONST[source:2(external),value:2(dynamic)][purpose:{subject}]  ->  CONST[source:1(input),value:2(dynamic)][purpose:{subject}]
-----------
CONST[source:2(external),value:2(dynamic)][purpose:{subject}]
CE0x89e70f0 "{CE0x89e70f0|COLLAPSED:_GCRE_current_task_external_global_%struct.task_struct*:_elem_0::|security/tomoyo/common.h,1205}"
CE0x57a4420 "{CE0x57a4420|tomoyo_domain:_tmp22|security/tomoyo/common.h,1205}"
CE0x8ac85c0 "{CE0x8ac85c0|tomoyo_domain:_tmp23|security/tomoyo/common.h,1205}"
CE0x708a320 "{CE0x708a320|_ret_%struct.tomoyo_domain_info*_%tmp23,_!dbg_!38929|security/tomoyo/common.h,1205}"
CE0x64adef0 "{CE0x64adef0|tomoyo_init_request_info:_call|security/tomoyo/util.c,1005}"
CE0x701e610 "{CE0x701e610|tomoyo_init_request_info:_domain.addr.0}"
CE0x642a5c0 "{CE0x642a5c0|0:_%struct.tomoyo_obj_info*,_16:_%struct.tomoyo_domain_info*,_24:_%struct.tomoyo_path_info*,_32:_i32,_36:_i32,_40:_i32,_44:_i8,_72:_i8,_75:_i8,_76:_i8,_77:_i8,_:_SCMRE_16,24_|*MultipleSource*|security/tomoyo/file.c, 844|security/tomoyo/file.c,844|security/tomoyo/file.c,858|Function::tomoyo_init_request_info&Arg::r::}"
CONST[source:1(input),value:2(dynamic)][purpose:{subject}]


CONST[source:1(input),value:2(dynamic)][purpose:{object}]  ->  CONST[source:0(mediator),value:2(dynamic)][purpose:{object}]
-----------
CONST[source:1(input),value:2(dynamic)][purpose:{object}]
CE0x71727d0 "{CE0x71727d0|tomoyo_mkdev_perm:_call5|security/tomoyo/file.c,859|*SummSource*}"
CE0x716c0f0 "{CE0x716c0f0|tomoyo_mkdev_perm:_call5|security/tomoyo/file.c,859}"
CE0x57b3170 "{CE0x57b3170|tomoyo_mkdev_perm:_and|security/tomoyo/file.c,865}"
CE0x710c220 "{CE0x710c220|0:_%struct.tomoyo_obj_info*,_16:_%struct.tomoyo_domain_info*,_24:_%struct.tomoyo_path_info*,_32:_i32,_36:_i32,_40:_i32,_44:_i8,_72:_i8,_75:_i8,_76:_i8,_77:_i8,_:_SCMRE_41,42_}"
CONST[source:0(mediator),value:2(dynamic)][purpose:{object}]


