[selinux_msg_queue_msgrcv]

explicit:
CONST[source:1(input),value:2(dynamic)][purpose:{object}][SrcIdx:2]  ->  CONST[source:0(mediator),value:2(dynamic)][purpose:{object}][SnkIdx:5]
-----------
CONST[source:1(input),value:2(dynamic)][purpose:{object}][SrcIdx:2]
CE0x3f600d0 "{CE0x3f600d0|0:_i32,_:_CRE_0,4_|*MultipleSource*|*LoadInst*|security/selinux/hooks.c,5277|security/selinux/hooks.c,5285|security/selinux/hooks.c,5277}"
CE0x3f604b0 "{CE0x3f604b0|selinux_msg_queue_msgrcv:tmp14|security/selinux/hooks.c,5285}"
CE0x3f60b60 "{CE0x3f60b60|selinux_msg_queue_msgrcv:tmp14|security/selinux/hooks.c,5285|*SummSink*}"
CONST[source:0(mediator),value:2(dynamic)][purpose:{object}][SnkIdx:5]


CONST[source:1(input),value:2(dynamic)][purpose:{subject}][SrcIdx:4]  ->  CONST[source:0(mediator),value:2(dynamic)][purpose:{subject}][SnkIdx:4]
-----------
CONST[source:1(input),value:2(dynamic)][purpose:{subject}][SrcIdx:4]
CE0x3fb07c0 "{CE0x3fb07c0|2472:_%struct.cred*,_:_CRE_2472,2480_|*MultipleSource*|Function::task_sid&Arg::task::|security/selinux/hooks.c,208|Function::selinux_msg_queue_msgrcv&Arg::target::}"
CE0x3fd4140 "{CE0x3fd4140|task_sid:tmp4|*LoadInst*|security/selinux/hooks.c,208}"
CE0x3fe2da0 "{CE0x3fe2da0|cred_sid:cred|Function::cred_sid&Arg::cred::}"
CE0x3f514c0 "{CE0x3f514c0|cred_sid:security|security/selinux/hooks.c,196}"
CE0x3f975c0 "{CE0x3f975c0|cred_sid:tmp4|*LoadInst*|security/selinux/hooks.c,196}"
CE0x3f8d190 "{CE0x3f8d190|cred_sid:tmp5|security/selinux/hooks.c,196}"
CE0x3fda800 "{CE0x3fda800|cred_sid:sid|security/selinux/hooks.c,197}"
CE0x3fdb710 "{CE0x3fdb710|cred_sid:tmp6|security/selinux/hooks.c,197}"
CE0x3fe3100 "{CE0x3fe3100|_ret_i32_%tmp6,_!dbg_!27716|security/selinux/hooks.c,197}"
CE0x3fe1a40 "{CE0x3fe1a40|task_sid:call7|security/selinux/hooks.c,208}"
CE0x3f520f0 "{CE0x3f520f0|_ret_i32_%call7,_!dbg_!27749|security/selinux/hooks.c,210}"
CE0x3f4bfa0 "{CE0x3f4bfa0|selinux_msg_queue_msgrcv:call|security/selinux/hooks.c,5273}"
CE0x3f53980 "{CE0x3f53980|selinux_msg_queue_msgrcv:call|security/selinux/hooks.c,5273|*SummSink*}"
CONST[source:0(mediator),value:2(dynamic)][purpose:{subject}][SnkIdx:4]


CONST[source:1(input),value:2(dynamic)][purpose:{subject}][SrcIdx:4]  ->  CONST[source:0(mediator),value:2(dynamic)][purpose:{subject}][SnkIdx:0]
-----------
CONST[source:1(input),value:2(dynamic)][purpose:{subject}][SrcIdx:4]
CE0x3fb07c0 "{CE0x3fb07c0|2472:_%struct.cred*,_:_CRE_2472,2480_|*MultipleSource*|Function::task_sid&Arg::task::|security/selinux/hooks.c,208|Function::selinux_msg_queue_msgrcv&Arg::target::}"
CE0x3fd4140 "{CE0x3fd4140|task_sid:tmp4|*LoadInst*|security/selinux/hooks.c,208}"
CE0x3fe2da0 "{CE0x3fe2da0|cred_sid:cred|Function::cred_sid&Arg::cred::}"
CE0x3f514c0 "{CE0x3f514c0|cred_sid:security|security/selinux/hooks.c,196}"
CE0x3f975c0 "{CE0x3f975c0|cred_sid:tmp4|*LoadInst*|security/selinux/hooks.c,196}"
CE0x3f8d190 "{CE0x3f8d190|cred_sid:tmp5|security/selinux/hooks.c,196}"
CE0x3fda800 "{CE0x3fda800|cred_sid:sid|security/selinux/hooks.c,197}"
CE0x3fdb710 "{CE0x3fdb710|cred_sid:tmp6|security/selinux/hooks.c,197}"
CE0x3fe3100 "{CE0x3fe3100|_ret_i32_%tmp6,_!dbg_!27716|security/selinux/hooks.c,197}"
CE0x3fe1a40 "{CE0x3fe1a40|task_sid:call7|security/selinux/hooks.c,208}"
CE0x3f520f0 "{CE0x3f520f0|_ret_i32_%call7,_!dbg_!27749|security/selinux/hooks.c,210}"
CE0x3f4bfa0 "{CE0x3f4bfa0|selinux_msg_queue_msgrcv:call|security/selinux/hooks.c,5273}"
CE0x3f53980 "{CE0x3f53980|selinux_msg_queue_msgrcv:call|security/selinux/hooks.c,5273|*SummSink*}"
CONST[source:0(mediator),value:2(dynamic)][purpose:{subject}][SnkIdx:0]


CONST[source:1(input),value:2(dynamic)][purpose:{object}][SrcIdx:1]  ->  CONST[source:0(mediator),value:2(dynamic)][purpose:{object}][SnkIdx:1]
-----------
CONST[source:1(input),value:2(dynamic)][purpose:{object}][SrcIdx:1]
CE0x3f64c20 "{CE0x3f64c20|4:_i32,_:_CRE_4,8_|*MultipleSource*|security/selinux/hooks.c,5276|security/selinux/hooks.c,5276|security/selinux/hooks.c,5282}"
CE0x3f64d50 "{CE0x3f64d50|selinux_msg_queue_msgrcv:tmp7|security/selinux/hooks.c,5282}"
CE0x3f61ba0 "{CE0x3f61ba0|selinux_msg_queue_msgrcv:tmp7|security/selinux/hooks.c,5282|*SummSink*}"
CONST[source:0(mediator),value:2(dynamic)][purpose:{object}][SnkIdx:1]



implicit:
CONST[source:1(input),value:2(dynamic)][purpose:{object}][SrcIdx:2]  ->  CONST[source:0(mediator),value:2(dynamic)][purpose:{object}][SnkIdx:5]
-----------
CONST[source:1(input),value:2(dynamic)][purpose:{object}][SrcIdx:2]
CE0x3f600d0 "{CE0x3f600d0|0:_i32,_:_CRE_0,4_|*MultipleSource*|*LoadInst*|security/selinux/hooks.c,5277|security/selinux/hooks.c,5285|security/selinux/hooks.c,5277}"
CE0x3f604b0 "{CE0x3f604b0|selinux_msg_queue_msgrcv:tmp14|security/selinux/hooks.c,5285}"
CE0x3f60b60 "{CE0x3f60b60|selinux_msg_queue_msgrcv:tmp14|security/selinux/hooks.c,5285|*SummSink*}"
CONST[source:0(mediator),value:2(dynamic)][purpose:{object}][SnkIdx:5]


CONST[source:1(input),value:2(dynamic)][purpose:{object}][SrcIdx:1]  ->  CONST[source:0(mediator),value:2(dynamic)][purpose:{object}][SnkIdx:1]
-----------
CONST[source:1(input),value:2(dynamic)][purpose:{object}][SrcIdx:1]
CE0x3f64c20 "{CE0x3f64c20|4:_i32,_:_CRE_4,8_|*MultipleSource*|security/selinux/hooks.c,5276|security/selinux/hooks.c,5276|security/selinux/hooks.c,5282}"
CE0x3f64d50 "{CE0x3f64d50|selinux_msg_queue_msgrcv:tmp7|security/selinux/hooks.c,5282}"
CE0x3f61ba0 "{CE0x3f61ba0|selinux_msg_queue_msgrcv:tmp7|security/selinux/hooks.c,5282|*SummSink*}"
CONST[source:0(mediator),value:2(dynamic)][purpose:{object}][SnkIdx:1]


CONST[source:1(input),value:2(dynamic)][purpose:{subject}][SrcIdx:4]  ->  CONST[source:0(mediator),value:2(dynamic)][purpose:{subject}][SnkIdx:4]
-----------
CONST[source:1(input),value:2(dynamic)][purpose:{subject}][SrcIdx:4]
CE0x3fb07c0 "{CE0x3fb07c0|2472:_%struct.cred*,_:_CRE_2472,2480_|*MultipleSource*|Function::task_sid&Arg::task::|security/selinux/hooks.c,208|Function::selinux_msg_queue_msgrcv&Arg::target::}"
CE0x3fd4140 "{CE0x3fd4140|task_sid:tmp4|*LoadInst*|security/selinux/hooks.c,208}"
CE0x3fe2da0 "{CE0x3fe2da0|cred_sid:cred|Function::cred_sid&Arg::cred::}"
CE0x3f514c0 "{CE0x3f514c0|cred_sid:security|security/selinux/hooks.c,196}"
CE0x3f975c0 "{CE0x3f975c0|cred_sid:tmp4|*LoadInst*|security/selinux/hooks.c,196}"
CE0x3f8d190 "{CE0x3f8d190|cred_sid:tmp5|security/selinux/hooks.c,196}"
CE0x3fda800 "{CE0x3fda800|cred_sid:sid|security/selinux/hooks.c,197}"
CE0x3fdb710 "{CE0x3fdb710|cred_sid:tmp6|security/selinux/hooks.c,197}"
CE0x3fe3100 "{CE0x3fe3100|_ret_i32_%tmp6,_!dbg_!27716|security/selinux/hooks.c,197}"
CE0x3fe1a40 "{CE0x3fe1a40|task_sid:call7|security/selinux/hooks.c,208}"
CE0x3f520f0 "{CE0x3f520f0|_ret_i32_%call7,_!dbg_!27749|security/selinux/hooks.c,210}"
CE0x3f4bfa0 "{CE0x3f4bfa0|selinux_msg_queue_msgrcv:call|security/selinux/hooks.c,5273}"
CE0x3f53980 "{CE0x3f53980|selinux_msg_queue_msgrcv:call|security/selinux/hooks.c,5273|*SummSink*}"
CONST[source:0(mediator),value:2(dynamic)][purpose:{subject}][SnkIdx:4]


CONST[source:1(input),value:2(dynamic)][purpose:{subject}][SrcIdx:4]  ->  CONST[source:0(mediator),value:2(dynamic)][purpose:{subject}][SnkIdx:0]
-----------
CONST[source:1(input),value:2(dynamic)][purpose:{subject}][SrcIdx:4]
CE0x3fb07c0 "{CE0x3fb07c0|2472:_%struct.cred*,_:_CRE_2472,2480_|*MultipleSource*|Function::task_sid&Arg::task::|security/selinux/hooks.c,208|Function::selinux_msg_queue_msgrcv&Arg::target::}"
CE0x3fd4140 "{CE0x3fd4140|task_sid:tmp4|*LoadInst*|security/selinux/hooks.c,208}"
CE0x3fe2da0 "{CE0x3fe2da0|cred_sid:cred|Function::cred_sid&Arg::cred::}"
CE0x3f514c0 "{CE0x3f514c0|cred_sid:security|security/selinux/hooks.c,196}"
CE0x3f975c0 "{CE0x3f975c0|cred_sid:tmp4|*LoadInst*|security/selinux/hooks.c,196}"
CE0x3f8d190 "{CE0x3f8d190|cred_sid:tmp5|security/selinux/hooks.c,196}"
CE0x3fda800 "{CE0x3fda800|cred_sid:sid|security/selinux/hooks.c,197}"
CE0x3fdb710 "{CE0x3fdb710|cred_sid:tmp6|security/selinux/hooks.c,197}"
CE0x3fe3100 "{CE0x3fe3100|_ret_i32_%tmp6,_!dbg_!27716|security/selinux/hooks.c,197}"
CE0x3fe1a40 "{CE0x3fe1a40|task_sid:call7|security/selinux/hooks.c,208}"
CE0x3f520f0 "{CE0x3f520f0|_ret_i32_%call7,_!dbg_!27749|security/selinux/hooks.c,210}"
CE0x3f4bfa0 "{CE0x3f4bfa0|selinux_msg_queue_msgrcv:call|security/selinux/hooks.c,5273}"
CE0x3f53980 "{CE0x3f53980|selinux_msg_queue_msgrcv:call|security/selinux/hooks.c,5273|*SummSink*}"
CONST[source:0(mediator),value:2(dynamic)][purpose:{subject}][SnkIdx:0]


