[tomoyo_bprm_check_security]

explicit:
CONST[source:1(input),value:2(dynamic)][purpose:{subject}][SrcIdx:3]  ->  CONST[source:0(mediator),value:2(dynamic)][purpose:{subject}]
-----------
CONST[source:1(input),value:2(dynamic)][purpose:{subject}][SrcIdx:3]
CE0x7963c40 "{CE0x7963c40|tomoyo_bprm_check_security:tmp4|security/tomoyo/tomoyo.c,120|*SummSource*}"
CE0x7c76680 "{CE0x7c76680|tomoyo_bprm_check_security:tmp4|security/tomoyo/tomoyo.c,120}"
CE0x642db60 "{CE0x642db60|tomoyo_check_open_permission:domain|Function::tomoyo_check_open_permission&Arg::domain::}"
CE0x4441190 "{CE0x4441190|tomoyo_init_request_info:domain|Function::tomoyo_init_request_info&Arg::domain::}"
CE0x7946200 "{CE0x7946200|tomoyo_init_request_info:domain.addr.0}"
CE0x7a630d0 "{CE0x7a630d0|0:_%struct.tomoyo_obj_info*,_16:_%struct.tomoyo_domain_info*,_24:_%struct.tomoyo_path_info*,_40:_i8,_72:_i8,_75:_i8,_76:_i8,_77:_i8,_:_SCMRE_16,24_|*MultipleSource*|security/tomoyo/file.c,741|security/tomoyo/file.c, 741|security/tomoyo/file.c,748}"
CONST[source:0(mediator),value:2(dynamic)][purpose:{subject}]


CONST[source:2(external),value:2(dynamic)][purpose:{subject}][SrcIdx:2]  ->  CONST[source:0(mediator),value:2(dynamic)][purpose:{subject}]
-----------
CONST[source:2(external),value:2(dynamic)][purpose:{subject}][SrcIdx:2]
CE0x79a7190 "{CE0x79a7190|COLLAPSED:_GCRE_current_task_external_global_%struct.task_struct*:_elem_0::|security/tomoyo/common.h,1205}"
CE0x63fc680 "{CE0x63fc680|tomoyo_domain:tmp22|security/tomoyo/common.h,1205}"
CE0x6369180 "{CE0x6369180|tomoyo_domain:tmp23|security/tomoyo/common.h,1205}"
CE0x641e650 "{CE0x641e650|_ret_%struct.tomoyo_domain_info*_%tmp23,_!dbg_!38929|security/tomoyo/common.h,1205}"
CE0x462c2a0 "{CE0x462c2a0|tomoyo_init_request_info:call|security/tomoyo/util.c,1005}"
CE0x7946200 "{CE0x7946200|tomoyo_init_request_info:domain.addr.0}"
CE0x7a630d0 "{CE0x7a630d0|0:_%struct.tomoyo_obj_info*,_16:_%struct.tomoyo_domain_info*,_24:_%struct.tomoyo_path_info*,_40:_i8,_72:_i8,_75:_i8,_76:_i8,_77:_i8,_:_SCMRE_16,24_|*MultipleSource*|security/tomoyo/file.c,741|security/tomoyo/file.c, 741|security/tomoyo/file.c,748}"
CONST[source:0(mediator),value:2(dynamic)][purpose:{subject}]



implicit:
CONST[source:0(mediator),value:2(dynamic)][purpose:{object}][SrcIdx:1]  ->  CONST[source:0(mediator),value:0(static)][purpose:{operation}]
-----------
CONST[source:0(mediator),value:2(dynamic)][purpose:{object}][SrcIdx:1]
CE0x7ac2090 "{CE0x7ac2090|0:_i8*,_:_SCMRE_0,8_|*MultipleSource*|security/tomoyo/file.c, 740|security/tomoyo/file.c,747}"
CE0x53ae650 "{CE0x53ae650|tomoyo_audit_path_log:tmp7|security/tomoyo/file.c,169}"
CE0x53aec10 "{CE0x53aec10|tomoyo_audit_path_log:call|security/tomoyo/file.c,167}"
CE0x52c08f0 "{CE0x52c08f0|_ret_i32_%call,_!dbg_!38912|security/tomoyo/file.c,167}"
CE0x52c17f0 "{CE0x52c17f0|tomoyo_path_permission:call9|security/tomoyo/file.c,572}"
CE0x7acc9d0 "{CE0x7acc9d0|tomoyo_path_permission:retval.0}"
CE0x621bae0 "{CE0x621bae0|_ret_i32_%retval.0,_!dbg_!38942|security/tomoyo/file.c,575}"
CE0x553da10 "{CE0x553da10|tomoyo_check_open_permission:call10|security/tomoyo/file.c,759}"
CE0x621bf20 "{CE0x621bf20|tomoyo_check_open_permission:error.0}"
CE0x5f1ac10 "{CE0x5f1ac10|tomoyo_check_open_permission:tobool12|security/tomoyo/file.c,761}"
CE0x460cd40 "{CE0x460cd40|tomoyo_check_open_permission:if.then17}"
CE0x5ebf390 "{CE0x5ebf390|tomoyo_path_permission:entry}"
CE0x5f8b620 "{CE0x5f8b620|tomoyo_path_permission:if.end}"
CE0x45f1da0 "{CE0x45f1da0|0:_%struct.tomoyo_obj_info*,_16:_%struct.tomoyo_domain_info*,_24:_%struct.tomoyo_path_info*,_40:_i8,_72:_i8,_75:_i8,_76:_i8,_77:_i8,_:_SCMRE_40,41_}"
CONST[source:0(mediator),value:0(static)][purpose:{operation}]


CONST[source:1(input),value:2(dynamic)][purpose:{object}][SrcIdx:0]  ->  CONST[source:0(mediator),value:0(static)][purpose:{operation}]
-----------
CONST[source:1(input),value:2(dynamic)][purpose:{object}][SrcIdx:0]
CE0x6080310 "{CE0x6080310|VOIDTB_TE:_SCMRE_181,182_}"
CE0x5ec59f0 "{CE0x5ec59f0|COLLAPSED:_CRE:_elem_0:default:}"
CE0x53aec10 "{CE0x53aec10|tomoyo_audit_path_log:call|security/tomoyo/file.c,167}"
CE0x52c08f0 "{CE0x52c08f0|_ret_i32_%call,_!dbg_!38912|security/tomoyo/file.c,167}"
CE0x52c17f0 "{CE0x52c17f0|tomoyo_path_permission:call9|security/tomoyo/file.c,572}"
CE0x7acc9d0 "{CE0x7acc9d0|tomoyo_path_permission:retval.0}"
CE0x621bae0 "{CE0x621bae0|_ret_i32_%retval.0,_!dbg_!38942|security/tomoyo/file.c,575}"
CE0x553da10 "{CE0x553da10|tomoyo_check_open_permission:call10|security/tomoyo/file.c,759}"
CE0x621bf20 "{CE0x621bf20|tomoyo_check_open_permission:error.0}"
CE0x5f1ac10 "{CE0x5f1ac10|tomoyo_check_open_permission:tobool12|security/tomoyo/file.c,761}"
CE0x460cd40 "{CE0x460cd40|tomoyo_check_open_permission:if.then17}"
CE0x5ebf390 "{CE0x5ebf390|tomoyo_path_permission:entry}"
CE0x5f8b620 "{CE0x5f8b620|tomoyo_path_permission:if.end}"
CE0x45f1da0 "{CE0x45f1da0|0:_%struct.tomoyo_obj_info*,_16:_%struct.tomoyo_domain_info*,_24:_%struct.tomoyo_path_info*,_40:_i8,_72:_i8,_75:_i8,_76:_i8,_77:_i8,_:_SCMRE_40,41_}"
CONST[source:0(mediator),value:0(static)][purpose:{operation}]


CONST[source:1(input),value:2(dynamic)][purpose:{object}][SrcIdx:0]  ->  CONST[source:0(mediator),value:2(dynamic)][purpose:{object}]
-----------
CONST[source:1(input),value:2(dynamic)][purpose:{object}][SrcIdx:0]
CE0x6080310 "{CE0x6080310|VOIDTB_TE:_SCMRE_181,182_}"
CE0x5ec59f0 "{CE0x5ec59f0|COLLAPSED:_CRE:_elem_0:default:}"
CE0x53aec10 "{CE0x53aec10|tomoyo_audit_path_log:call|security/tomoyo/file.c,167}"
CE0x52c08f0 "{CE0x52c08f0|_ret_i32_%call,_!dbg_!38912|security/tomoyo/file.c,167}"
CE0x52c17f0 "{CE0x52c17f0|tomoyo_path_permission:call9|security/tomoyo/file.c,572}"
CE0x7acc9d0 "{CE0x7acc9d0|tomoyo_path_permission:retval.0}"
CE0x621bae0 "{CE0x621bae0|_ret_i32_%retval.0,_!dbg_!38942|security/tomoyo/file.c,575}"
CE0x553da10 "{CE0x553da10|tomoyo_check_open_permission:call10|security/tomoyo/file.c,759}"
CE0x621bf20 "{CE0x621bf20|tomoyo_check_open_permission:error.0}"
CE0x5f1ac10 "{CE0x5f1ac10|tomoyo_check_open_permission:tobool12|security/tomoyo/file.c,761}"
CE0x460cd40 "{CE0x460cd40|tomoyo_check_open_permission:if.then17}"
CE0x5ebf390 "{CE0x5ebf390|tomoyo_path_permission:entry}"
CE0x5f8b620 "{CE0x5f8b620|tomoyo_path_permission:if.end}"
CE0x7a16df0 "{CE0x7a16df0|0:_%struct.tomoyo_obj_info*,_16:_%struct.tomoyo_domain_info*,_24:_%struct.tomoyo_path_info*,_40:_i8,_72:_i8,_75:_i8,_76:_i8,_77:_i8,_:_SCMRE_24,25_}"
CONST[source:0(mediator),value:2(dynamic)][purpose:{object}]


CONST[source:1(input),value:2(dynamic)][purpose:{subject}][SrcIdx:3]  ->  CONST[source:0(mediator),value:0(static)][purpose:{operation}]
-----------
CONST[source:1(input),value:2(dynamic)][purpose:{subject}][SrcIdx:3]
CE0x7963c40 "{CE0x7963c40|tomoyo_bprm_check_security:tmp4|security/tomoyo/tomoyo.c,120|*SummSource*}"
CE0x7c76680 "{CE0x7c76680|tomoyo_bprm_check_security:tmp4|security/tomoyo/tomoyo.c,120}"
CE0x7a44a80 "{CE0x7a44a80|tomoyo_bprm_check_security:tobool|security/tomoyo/tomoyo.c,126}"
CE0x798e940 "{CE0x798e940|tomoyo_bprm_check_security:if.end}"
CE0x640f200 "{CE0x640f200|tomoyo_check_open_permission:entry}"
CE0x605b800 "{CE0x605b800|tomoyo_check_open_permission:if.then9}"
CE0x5ebf390 "{CE0x5ebf390|tomoyo_path_permission:entry}"
CE0x5f8b620 "{CE0x5f8b620|tomoyo_path_permission:if.end}"
CE0x45f1da0 "{CE0x45f1da0|0:_%struct.tomoyo_obj_info*,_16:_%struct.tomoyo_domain_info*,_24:_%struct.tomoyo_path_info*,_40:_i8,_72:_i8,_75:_i8,_76:_i8,_77:_i8,_:_SCMRE_40,41_}"
CONST[source:0(mediator),value:0(static)][purpose:{operation}]


CONST[source:1(input),value:2(dynamic)][purpose:{subject}][SrcIdx:3]  ->  CONST[source:0(mediator),value:2(dynamic)][purpose:{object}]
-----------
CONST[source:1(input),value:2(dynamic)][purpose:{subject}][SrcIdx:3]
CE0x7963c40 "{CE0x7963c40|tomoyo_bprm_check_security:tmp4|security/tomoyo/tomoyo.c,120|*SummSource*}"
CE0x7c76680 "{CE0x7c76680|tomoyo_bprm_check_security:tmp4|security/tomoyo/tomoyo.c,120}"
CE0x7a44a80 "{CE0x7a44a80|tomoyo_bprm_check_security:tobool|security/tomoyo/tomoyo.c,126}"
CE0x798e940 "{CE0x798e940|tomoyo_bprm_check_security:if.end}"
CE0x640f200 "{CE0x640f200|tomoyo_check_open_permission:entry}"
CE0x60d44d0 "{CE0x60d44d0|tomoyo_check_open_permission:buf|security/tomoyo/file.c, 740}"
CE0x5ec0100 "{CE0x5ec0100|tomoyo_path_permission:filename|Function::tomoyo_path_permission&Arg::filename::}"
CE0x7a16df0 "{CE0x7a16df0|0:_%struct.tomoyo_obj_info*,_16:_%struct.tomoyo_domain_info*,_24:_%struct.tomoyo_path_info*,_40:_i8,_72:_i8,_75:_i8,_76:_i8,_77:_i8,_:_SCMRE_24,25_}"
CONST[source:0(mediator),value:2(dynamic)][purpose:{object}]


CONST[source:1(input),value:2(dynamic)][purpose:{subject}][SrcIdx:3]  ->  CONST[source:0(mediator),value:2(dynamic)][purpose:{subject}]
-----------
CONST[source:1(input),value:2(dynamic)][purpose:{subject}][SrcIdx:3]
CE0x7963c40 "{CE0x7963c40|tomoyo_bprm_check_security:tmp4|security/tomoyo/tomoyo.c,120|*SummSource*}"
CE0x7c76680 "{CE0x7c76680|tomoyo_bprm_check_security:tmp4|security/tomoyo/tomoyo.c,120}"
CE0x642db60 "{CE0x642db60|tomoyo_check_open_permission:domain|Function::tomoyo_check_open_permission&Arg::domain::}"
CE0x4441190 "{CE0x4441190|tomoyo_init_request_info:domain|Function::tomoyo_init_request_info&Arg::domain::}"
CE0x7946200 "{CE0x7946200|tomoyo_init_request_info:domain.addr.0}"
CE0x7a630d0 "{CE0x7a630d0|0:_%struct.tomoyo_obj_info*,_16:_%struct.tomoyo_domain_info*,_24:_%struct.tomoyo_path_info*,_40:_i8,_72:_i8,_75:_i8,_76:_i8,_77:_i8,_:_SCMRE_16,24_|*MultipleSource*|security/tomoyo/file.c,741|security/tomoyo/file.c, 741|security/tomoyo/file.c,748}"
CONST[source:0(mediator),value:2(dynamic)][purpose:{subject}]


CONST[source:2(external),value:2(dynamic)][purpose:{subject}][SrcIdx:2]  ->  CONST[source:0(mediator),value:0(static)][purpose:{operation}]
-----------
CONST[source:2(external),value:2(dynamic)][purpose:{subject}][SrcIdx:2]
CE0x79a7190 "{CE0x79a7190|COLLAPSED:_GCRE_current_task_external_global_%struct.task_struct*:_elem_0::|security/tomoyo/common.h,1205}"
CE0x63fc680 "{CE0x63fc680|tomoyo_domain:tmp22|security/tomoyo/common.h,1205}"
CE0x6369180 "{CE0x6369180|tomoyo_domain:tmp23|security/tomoyo/common.h,1205}"
CE0x641e650 "{CE0x641e650|_ret_%struct.tomoyo_domain_info*_%tmp23,_!dbg_!38929|security/tomoyo/common.h,1205}"
CE0x462c2a0 "{CE0x462c2a0|tomoyo_init_request_info:call|security/tomoyo/util.c,1005}"
CE0x7946200 "{CE0x7946200|tomoyo_init_request_info:domain.addr.0}"
CE0x7a630d0 "{CE0x7a630d0|0:_%struct.tomoyo_obj_info*,_16:_%struct.tomoyo_domain_info*,_24:_%struct.tomoyo_path_info*,_40:_i8,_72:_i8,_75:_i8,_76:_i8,_77:_i8,_:_SCMRE_16,24_|*MultipleSource*|security/tomoyo/file.c,741|security/tomoyo/file.c, 741|security/tomoyo/file.c,748}"
CE0x53aec10 "{CE0x53aec10|tomoyo_audit_path_log:call|security/tomoyo/file.c,167}"
CE0x52c08f0 "{CE0x52c08f0|_ret_i32_%call,_!dbg_!38912|security/tomoyo/file.c,167}"
CE0x52c17f0 "{CE0x52c17f0|tomoyo_path_permission:call9|security/tomoyo/file.c,572}"
CE0x7acc9d0 "{CE0x7acc9d0|tomoyo_path_permission:retval.0}"
CE0x621bae0 "{CE0x621bae0|_ret_i32_%retval.0,_!dbg_!38942|security/tomoyo/file.c,575}"
CE0x553da10 "{CE0x553da10|tomoyo_check_open_permission:call10|security/tomoyo/file.c,759}"
CE0x621bf20 "{CE0x621bf20|tomoyo_check_open_permission:error.0}"
CE0x5f1ac10 "{CE0x5f1ac10|tomoyo_check_open_permission:tobool12|security/tomoyo/file.c,761}"
CE0x460cd40 "{CE0x460cd40|tomoyo_check_open_permission:if.then17}"
CE0x5ebf390 "{CE0x5ebf390|tomoyo_path_permission:entry}"
CE0x5f8b620 "{CE0x5f8b620|tomoyo_path_permission:if.end}"
CE0x45f1da0 "{CE0x45f1da0|0:_%struct.tomoyo_obj_info*,_16:_%struct.tomoyo_domain_info*,_24:_%struct.tomoyo_path_info*,_40:_i8,_72:_i8,_75:_i8,_76:_i8,_77:_i8,_:_SCMRE_40,41_}"
CONST[source:0(mediator),value:0(static)][purpose:{operation}]


CONST[source:2(external),value:2(dynamic)][purpose:{subject}][SrcIdx:2]  ->  CONST[source:0(mediator),value:2(dynamic)][purpose:{object}]
-----------
CONST[source:2(external),value:2(dynamic)][purpose:{subject}][SrcIdx:2]
CE0x79a7190 "{CE0x79a7190|COLLAPSED:_GCRE_current_task_external_global_%struct.task_struct*:_elem_0::|security/tomoyo/common.h,1205}"
CE0x63fc680 "{CE0x63fc680|tomoyo_domain:tmp22|security/tomoyo/common.h,1205}"
CE0x6369180 "{CE0x6369180|tomoyo_domain:tmp23|security/tomoyo/common.h,1205}"
CE0x641e650 "{CE0x641e650|_ret_%struct.tomoyo_domain_info*_%tmp23,_!dbg_!38929|security/tomoyo/common.h,1205}"
CE0x462c2a0 "{CE0x462c2a0|tomoyo_init_request_info:call|security/tomoyo/util.c,1005}"
CE0x7946200 "{CE0x7946200|tomoyo_init_request_info:domain.addr.0}"
CE0x7a630d0 "{CE0x7a630d0|0:_%struct.tomoyo_obj_info*,_16:_%struct.tomoyo_domain_info*,_24:_%struct.tomoyo_path_info*,_40:_i8,_72:_i8,_75:_i8,_76:_i8,_77:_i8,_:_SCMRE_16,24_|*MultipleSource*|security/tomoyo/file.c,741|security/tomoyo/file.c, 741|security/tomoyo/file.c,748}"
CE0x53aec10 "{CE0x53aec10|tomoyo_audit_path_log:call|security/tomoyo/file.c,167}"
CE0x52c08f0 "{CE0x52c08f0|_ret_i32_%call,_!dbg_!38912|security/tomoyo/file.c,167}"
CE0x52c17f0 "{CE0x52c17f0|tomoyo_path_permission:call9|security/tomoyo/file.c,572}"
CE0x7acc9d0 "{CE0x7acc9d0|tomoyo_path_permission:retval.0}"
CE0x621bae0 "{CE0x621bae0|_ret_i32_%retval.0,_!dbg_!38942|security/tomoyo/file.c,575}"
CE0x553da10 "{CE0x553da10|tomoyo_check_open_permission:call10|security/tomoyo/file.c,759}"
CE0x621bf20 "{CE0x621bf20|tomoyo_check_open_permission:error.0}"
CE0x5f1ac10 "{CE0x5f1ac10|tomoyo_check_open_permission:tobool12|security/tomoyo/file.c,761}"
CE0x460cd40 "{CE0x460cd40|tomoyo_check_open_permission:if.then17}"
CE0x5ebf390 "{CE0x5ebf390|tomoyo_path_permission:entry}"
CE0x5f8b620 "{CE0x5f8b620|tomoyo_path_permission:if.end}"
CE0x7a16df0 "{CE0x7a16df0|0:_%struct.tomoyo_obj_info*,_16:_%struct.tomoyo_domain_info*,_24:_%struct.tomoyo_path_info*,_40:_i8,_72:_i8,_75:_i8,_76:_i8,_77:_i8,_:_SCMRE_24,25_}"
CONST[source:0(mediator),value:2(dynamic)][purpose:{object}]


CONST[source:2(external),value:2(dynamic)][purpose:{subject}][SrcIdx:2]  ->  CONST[source:0(mediator),value:2(dynamic)][purpose:{subject}]
-----------
CONST[source:2(external),value:2(dynamic)][purpose:{subject}][SrcIdx:2]
CE0x6339f20 "{CE0x6339f20|128:_i8*,_1208:_%struct.file*,_:_CMRE_128,136_|*MultipleSource*|security/tomoyo/common.h,1205|security/tomoyo/common.h,1205}"
CE0x63fc680 "{CE0x63fc680|tomoyo_domain:tmp22|security/tomoyo/common.h,1205}"
CE0x6369180 "{CE0x6369180|tomoyo_domain:tmp23|security/tomoyo/common.h,1205}"
CE0x641e650 "{CE0x641e650|_ret_%struct.tomoyo_domain_info*_%tmp23,_!dbg_!38929|security/tomoyo/common.h,1205}"
CE0x462c2a0 "{CE0x462c2a0|tomoyo_init_request_info:call|security/tomoyo/util.c,1005}"
CE0x7946200 "{CE0x7946200|tomoyo_init_request_info:domain.addr.0}"
CE0x7a630d0 "{CE0x7a630d0|0:_%struct.tomoyo_obj_info*,_16:_%struct.tomoyo_domain_info*,_24:_%struct.tomoyo_path_info*,_40:_i8,_72:_i8,_75:_i8,_76:_i8,_77:_i8,_:_SCMRE_16,24_|*MultipleSource*|security/tomoyo/file.c,741|security/tomoyo/file.c, 741|security/tomoyo/file.c,748}"
CONST[source:0(mediator),value:2(dynamic)][purpose:{subject}]


