[selinux_syslog]

explicit:
CONST[source:1(input),value:2(dynamic)][purpose:{subject}]  ->  CONST[source:0(mediator),value:2(dynamic)][purpose:{subject}]
-----------
CONST[source:1(input),value:2(dynamic)][purpose:{subject}]
CE0x40e5310 "{CE0x40e5310|COLLAPSED:_CMRE:_elem_0::|security/selinux/hooks.c,196}"
CE0x40e5490 "{CE0x40e5490|cred_sid:_tmp4|*LoadInst*|security/selinux/hooks.c,196}"
CE0x40dc6d0 "{CE0x40dc6d0|cred_sid:_tmp5|security/selinux/hooks.c,196}"
CE0x40e7840 "{CE0x40e7840|cred_sid:_sid|security/selinux/hooks.c,197}"
CE0x4117180 "{CE0x4117180|cred_sid:_tmp6|security/selinux/hooks.c,197}"
CE0x41320f0 "{CE0x41320f0|_ret_i32_%tmp6,_!dbg_!27716|security/selinux/hooks.c,197}"
CE0x411bef0 "{CE0x411bef0|task_sid:_call7|security/selinux/hooks.c,208}"
CE0x40cad10 "{CE0x40cad10|_ret_i32_%call7,_!dbg_!27749|security/selinux/hooks.c,210}"
CE0x40d5b60 "{CE0x40d5b60|task_has_system:_call|security/selinux/hooks.c,1592}"
CE0x40d3dd0 "{CE0x40d3dd0|task_has_system:_call|security/selinux/hooks.c,1592|*SummSink*}"
CONST[source:0(mediator),value:2(dynamic)][purpose:{subject}]


CONST[source:2(external),value:2(dynamic)][purpose:{subject}]  ->  CONST[source:0(mediator),value:2(dynamic)][purpose:{subject}]
-----------
CONST[source:2(external),value:2(dynamic)][purpose:{subject}]
CE0x40e5310 "{CE0x40e5310|COLLAPSED:_CMRE:_elem_0::|security/selinux/hooks.c,196}"
CE0x40e5490 "{CE0x40e5490|cred_sid:_tmp4|*LoadInst*|security/selinux/hooks.c,196}"
CE0x40dc6d0 "{CE0x40dc6d0|cred_sid:_tmp5|security/selinux/hooks.c,196}"
CE0x40e7840 "{CE0x40e7840|cred_sid:_sid|security/selinux/hooks.c,197}"
CE0x4117180 "{CE0x4117180|cred_sid:_tmp6|security/selinux/hooks.c,197}"
CE0x41320f0 "{CE0x41320f0|_ret_i32_%tmp6,_!dbg_!27716|security/selinux/hooks.c,197}"
CE0x411bef0 "{CE0x411bef0|task_sid:_call7|security/selinux/hooks.c,208}"
CE0x40cad10 "{CE0x40cad10|_ret_i32_%call7,_!dbg_!27749|security/selinux/hooks.c,210}"
CE0x40d5b60 "{CE0x40d5b60|task_has_system:_call|security/selinux/hooks.c,1592}"
CE0x40d3dd0 "{CE0x40d3dd0|task_has_system:_call|security/selinux/hooks.c,1592|*SummSink*}"
CONST[source:0(mediator),value:2(dynamic)][purpose:{subject}]



implicit:
CONST[source:1(input),value:2(dynamic)][purpose:{subject}]  ->  CONST[source:0(mediator),value:2(dynamic)][purpose:{subject}]
-----------
CONST[source:1(input),value:2(dynamic)][purpose:{subject}]
CE0x40e5310 "{CE0x40e5310|COLLAPSED:_CMRE:_elem_0::|security/selinux/hooks.c,196}"
CE0x40e5490 "{CE0x40e5490|cred_sid:_tmp4|*LoadInst*|security/selinux/hooks.c,196}"
CE0x40dc6d0 "{CE0x40dc6d0|cred_sid:_tmp5|security/selinux/hooks.c,196}"
CE0x40e7840 "{CE0x40e7840|cred_sid:_sid|security/selinux/hooks.c,197}"
CE0x4117180 "{CE0x4117180|cred_sid:_tmp6|security/selinux/hooks.c,197}"
CE0x41320f0 "{CE0x41320f0|_ret_i32_%tmp6,_!dbg_!27716|security/selinux/hooks.c,197}"
CE0x411bef0 "{CE0x411bef0|task_sid:_call7|security/selinux/hooks.c,208}"
CE0x40cad10 "{CE0x40cad10|_ret_i32_%call7,_!dbg_!27749|security/selinux/hooks.c,210}"
CE0x40d5b60 "{CE0x40d5b60|task_has_system:_call|security/selinux/hooks.c,1592}"
CE0x40d3dd0 "{CE0x40d3dd0|task_has_system:_call|security/selinux/hooks.c,1592|*SummSink*}"
CONST[source:0(mediator),value:2(dynamic)][purpose:{subject}]


CONST[source:2(external),value:2(dynamic)][purpose:{subject}]  ->  CONST[source:0(mediator),value:2(dynamic)][purpose:{subject}]
-----------
CONST[source:2(external),value:2(dynamic)][purpose:{subject}]
CE0x40e5310 "{CE0x40e5310|COLLAPSED:_CMRE:_elem_0::|security/selinux/hooks.c,196}"
CE0x40e5490 "{CE0x40e5490|cred_sid:_tmp4|*LoadInst*|security/selinux/hooks.c,196}"
CE0x40dc6d0 "{CE0x40dc6d0|cred_sid:_tmp5|security/selinux/hooks.c,196}"
CE0x40e7840 "{CE0x40e7840|cred_sid:_sid|security/selinux/hooks.c,197}"
CE0x4117180 "{CE0x4117180|cred_sid:_tmp6|security/selinux/hooks.c,197}"
CE0x41320f0 "{CE0x41320f0|_ret_i32_%tmp6,_!dbg_!27716|security/selinux/hooks.c,197}"
CE0x411bef0 "{CE0x411bef0|task_sid:_call7|security/selinux/hooks.c,208}"
CE0x40cad10 "{CE0x40cad10|_ret_i32_%call7,_!dbg_!27749|security/selinux/hooks.c,210}"
CE0x40d5b60 "{CE0x40d5b60|task_has_system:_call|security/selinux/hooks.c,1592}"
CE0x40d3dd0 "{CE0x40d3dd0|task_has_system:_call|security/selinux/hooks.c,1592|*SummSink*}"
CONST[source:0(mediator),value:2(dynamic)][purpose:{subject}]


CONST[source:1(input),value:2(dynamic)][purpose:{operation}]  ->  CONST[source:0(mediator),value:2(dynamic)][purpose:{subject}]
-----------
CONST[source:1(input),value:2(dynamic)][purpose:{operation}]
CE0x40bb8c0 "{CE0x40bb8c0|selinux_syslog:_type|Function::selinux_syslog&Arg::type::|*SummSource*}"
CE0x40bed00 "{CE0x40bed00|selinux_syslog:_type|Function::selinux_syslog&Arg::type::}"
CE0x40b2010 "{CE0x40b2010|selinux_syslog:_sw.default}"
CE0x40d8230 "{CE0x40d8230|task_has_system:_entry}"
CE0x40d8e10 "{CE0x40d8e10|task_has_system:_bb}"
CE0x40d5b60 "{CE0x40d5b60|task_has_system:_call|security/selinux/hooks.c,1592}"
CE0x40d3dd0 "{CE0x40d3dd0|task_has_system:_call|security/selinux/hooks.c,1592|*SummSink*}"
CONST[source:0(mediator),value:2(dynamic)][purpose:{subject}]


