[selinux_inode_create]

explicit:
CONST[source:2(external),value:2(dynamic)][purpose:{subject}]  ->  CONST[source:0(mediator),value:2(dynamic)][purpose:{object}]
-----------
CONST[source:2(external),value:2(dynamic)][purpose:{subject}]
CE0x526d8b0 "{CE0x526d8b0|COLLAPSED:_GCMRE_current_task_external_global_%struct.task_struct*:_elem_0::|security/selinux/hooks.c,1706}"
CE0x529b8d0 "{CE0x529b8d0|may_create:_tmp20|security/selinux/hooks.c,1706}"
CE0x529bdb0 "{CE0x529bdb0|may_create:_tmp21|security/selinux/hooks.c,1706}"
CE0x53476a0 "{CE0x53476a0|may_create:_create_sid|security/selinux/hooks.c,1717}"
CE0x5347600 "{CE0x5347600|may_create:_tmp28|security/selinux/hooks.c,1717}"
CE0x5347a30 "{CE0x5347a30|0:_i32,_:_SCMRE:_elem_0:default:}"
CE0x537b380 "{CE0x537b380|may_create:_tmp55|security/selinux/hooks.c,1735}"
CE0x537b670 "{CE0x537b670|may_create:_tmp55|security/selinux/hooks.c,1735|*SummSink*}"
CONST[source:0(mediator),value:2(dynamic)][purpose:{object}]


CONST[source:2(external),value:2(dynamic)][purpose:{subject}]  ->  CONST[source:1(input),value:2(dynamic)][purpose:{subject}]
-----------
CONST[source:2(external),value:2(dynamic)][purpose:{subject}]
CE0x526d8b0 "{CE0x526d8b0|COLLAPSED:_GCMRE_current_task_external_global_%struct.task_struct*:_elem_0::|security/selinux/hooks.c,1706}"
CE0x529b8d0 "{CE0x529b8d0|may_create:_tmp20|security/selinux/hooks.c,1706}"
CE0x529bdb0 "{CE0x529bdb0|may_create:_tmp21|security/selinux/hooks.c,1706}"
CE0x534dbe0 "{CE0x534dbe0|may_create:_sid11|security/selinux/hooks.c,1716}"
CE0x53469c0 "{CE0x53469c0|may_create:_tmp27|security/selinux/hooks.c,1716}"
CE0x5346ca0 "{CE0x5346ca0|may_create:_tmp27|security/selinux/hooks.c,1716|*SummSink*}"
CONST[source:1(input),value:2(dynamic)][purpose:{subject}]


CONST[source:1(input),value:2(dynamic)][purpose:{object}]  ->  CONST[source:0(mediator),value:2(dynamic)][purpose:{object}]
-----------
CONST[source:1(input),value:2(dynamic)][purpose:{object}]
CE0x5283140 "{CE0x5283140|28:_i32,_:_CRE_28,32_|*MultipleSource*|security/selinux/hooks.c,1722|*LoadInst*|security/selinux/hooks.c,1713|security/selinux/hooks.c,1713}"
CE0x533f8f0 "{CE0x533f8f0|may_create:_tmp29|security/selinux/hooks.c,1722}"
CE0x533fcf0 "{CE0x533fcf0|may_create:_tmp29|security/selinux/hooks.c,1722|*SummSink*}"
CONST[source:0(mediator),value:2(dynamic)][purpose:{object}]



implicit:
CONST[source:1(input),value:2(dynamic)][purpose:{object}]  ->  CONST[source:1(input),value:2(dynamic)][purpose:{subject}]
-----------
CONST[source:1(input),value:2(dynamic)][purpose:{object}]
CE0x5365450 "{CE0x5365450|VOIDTB_TE:_CE_93,94_}"
CE0x52b5520 "{CE0x52b5520|may_create:_call22|security/selinux/hooks.c,1729}"
CE0x537a870 "{CE0x537a870|may_create:_tobool23|security/selinux/hooks.c,1731}"
CE0x52762f0 "{CE0x52762f0|may_create:_if.end30}"
CE0x52875d0 "{CE0x52875d0|may_create:_tmp64|security/selinux/hooks.c,1739}"
CE0x52898d0 "{CE0x52898d0|may_create:_tmp64|security/selinux/hooks.c,1739|*SummSink*}"
CONST[source:1(input),value:2(dynamic)][purpose:{subject}]


CONST[source:1(input),value:2(dynamic)][purpose:{object}]  ->  CONST[source:0(mediator),value:2(dynamic)][purpose:{object}]
-----------
CONST[source:1(input),value:2(dynamic)][purpose:{object}]
CE0x5283140 "{CE0x5283140|28:_i32,_:_CRE_28,32_|*MultipleSource*|security/selinux/hooks.c,1722|*LoadInst*|security/selinux/hooks.c,1713|security/selinux/hooks.c,1713}"
CE0x533f8f0 "{CE0x533f8f0|may_create:_tmp29|security/selinux/hooks.c,1722}"
CE0x533fcf0 "{CE0x533fcf0|may_create:_tmp29|security/selinux/hooks.c,1722|*SummSink*}"
CONST[source:0(mediator),value:2(dynamic)][purpose:{object}]


CONST[source:2(external),value:2(dynamic)][purpose:{subject}]  ->  CONST[source:1(input),value:2(dynamic)][purpose:{subject}]
-----------
CONST[source:2(external),value:2(dynamic)][purpose:{subject}]
CE0x526d8b0 "{CE0x526d8b0|COLLAPSED:_GCMRE_current_task_external_global_%struct.task_struct*:_elem_0::|security/selinux/hooks.c,1706}"
CE0x529b8d0 "{CE0x529b8d0|may_create:_tmp20|security/selinux/hooks.c,1706}"
CE0x529bdb0 "{CE0x529bdb0|may_create:_tmp21|security/selinux/hooks.c,1706}"
CE0x534dbe0 "{CE0x534dbe0|may_create:_sid11|security/selinux/hooks.c,1716}"
CE0x53469c0 "{CE0x53469c0|may_create:_tmp27|security/selinux/hooks.c,1716}"
CE0x5346ca0 "{CE0x5346ca0|may_create:_tmp27|security/selinux/hooks.c,1716|*SummSink*}"
CONST[source:1(input),value:2(dynamic)][purpose:{subject}]


CONST[source:2(external),value:2(dynamic)][purpose:{subject}]  ->  CONST[source:0(mediator),value:2(dynamic)][purpose:{object}]
-----------
CONST[source:2(external),value:2(dynamic)][purpose:{subject}]
CE0x526d8b0 "{CE0x526d8b0|COLLAPSED:_GCMRE_current_task_external_global_%struct.task_struct*:_elem_0::|security/selinux/hooks.c,1706}"
CE0x529b8d0 "{CE0x529b8d0|may_create:_tmp20|security/selinux/hooks.c,1706}"
CE0x529bdb0 "{CE0x529bdb0|may_create:_tmp21|security/selinux/hooks.c,1706}"
CE0x53476a0 "{CE0x53476a0|may_create:_create_sid|security/selinux/hooks.c,1717}"
CE0x5347600 "{CE0x5347600|may_create:_tmp28|security/selinux/hooks.c,1717}"
CE0x5347a30 "{CE0x5347a30|0:_i32,_:_SCMRE:_elem_0:default:}"
CE0x537b380 "{CE0x537b380|may_create:_tmp55|security/selinux/hooks.c,1735}"
CE0x537b670 "{CE0x537b670|may_create:_tmp55|security/selinux/hooks.c,1735|*SummSink*}"
CONST[source:0(mediator),value:2(dynamic)][purpose:{object}]


