[selinux_key_permission]

explicit:
CONST[source:1(input),value:2(dynamic)][purpose:{subject}][SrcIdx:2]  ->  CONST[source:0(mediator),value:2(dynamic)][purpose:{subject}]
-----------
CONST[source:1(input),value:2(dynamic)][purpose:{subject}][SrcIdx:2]
CE0x3cda5f0 "{CE0x3cda5f0|4:_i32,_:_CRE_4,8_|*MultipleSource*|security/selinux/hooks.c,196|security/selinux/hooks.c,197|*LoadInst*|security/selinux/hooks.c,196}"
CE0x3cad230 "{CE0x3cad230|cred_sid:tmp6|security/selinux/hooks.c,197}"
CE0x3cc6c40 "{CE0x3cc6c40|_ret_i32_%tmp6,_!dbg_!27716|security/selinux/hooks.c,197}"
CE0x3c99f80 "{CE0x3c99f80|selinux_key_permission:call|security/selinux/hooks.c,5786}"
CE0x3c928a0 "{CE0x3c928a0|selinux_key_permission:call|security/selinux/hooks.c,5786|*SummSink*}"
CONST[source:0(mediator),value:2(dynamic)][purpose:{subject}]


CONST[source:1(input),value:2(dynamic)][purpose:{operation}][SrcIdx:1]  ->  CONST[source:0(mediator),value:0(static)][purpose:{operation}]
-----------
CONST[source:1(input),value:2(dynamic)][purpose:{operation}][SrcIdx:1]
CE0x3c8be10 "{CE0x3c8be10|selinux_key_permission:perm|Function::selinux_key_permission&Arg::perm::|*SummSource*}"
CE0x3c8c230 "{CE0x3c8c230|selinux_key_permission:perm|Function::selinux_key_permission&Arg::perm::}"
CE0x3c8b2d0 "{CE0x3c8b2d0|selinux_key_permission:perm|Function::selinux_key_permission&Arg::perm::|*SummSink*}"
CONST[source:0(mediator),value:0(static)][purpose:{operation}]


CONST[source:1(input),value:2(dynamic)][purpose:{object}][SrcIdx:0]  ->  CONST[source:0(mediator),value:2(dynamic)][purpose:{object}]
-----------
CONST[source:1(input),value:2(dynamic)][purpose:{object}][SrcIdx:0]
CE0x3c8dac0 "{CE0x3c8dac0|selinux_key_permission:key_ref|Function::selinux_key_permission&Arg::key_ref::|*SummSource*}"
CE0x3cacb00 "{CE0x3cacb00|selinux_key_permission:key_ref|Function::selinux_key_permission&Arg::key_ref::}"
CE0x3cab1a0 "{CE0x3cab1a0|key_ref_to_ptr:key_ref|Function::key_ref_to_ptr&Arg::key_ref::}"
CE0x3cdd6c0 "{CE0x3cdd6c0|key_ref_to_ptr:tmp4|include/linux/key.h,116}"
CE0x3cdea20 "{CE0x3cdea20|key_ref_to_ptr:and|include/linux/key.h,116}"
CE0x3cded10 "{CE0x3cded10|key_ref_to_ptr:tmp5|include/linux/key.h,116}"
CE0x3caf3b0 "{CE0x3caf3b0|_ret_%struct.key*_%tmp5,_!dbg_!27715|include/linux/key.h,116}"
CE0x3cc7ea0 "{CE0x3cc7ea0|selinux_key_permission:call1|security/selinux/hooks.c,5788}"
CE0x3c85060 "{CE0x3c85060|selinux_key_permission:security|security/selinux/hooks.c,5789}"
CE0x3c96a10 "{CE0x3c96a10|selinux_key_permission:tmp10|security/selinux/hooks.c,5789}"
CE0x3cadf60 "{CE0x3cadf60|selinux_key_permission:tmp11|security/selinux/hooks.c,5789}"
CE0x3cbc830 "{CE0x3cbc830|selinux_key_permission:sid2|security/selinux/hooks.c,5791}"
CE0x3cbce60 "{CE0x3cbce60|selinux_key_permission:tmp12|security/selinux/hooks.c,5791}"
CE0x3cbd430 "{CE0x3cbd430|selinux_key_permission:tmp12|security/selinux/hooks.c,5791|*SummSink*}"
CONST[source:0(mediator),value:2(dynamic)][purpose:{object}]



implicit:
CONST[source:1(input),value:2(dynamic)][purpose:{object}][SrcIdx:0]  ->  CONST[source:0(mediator),value:2(dynamic)][purpose:{object}]
-----------
CONST[source:1(input),value:2(dynamic)][purpose:{object}][SrcIdx:0]
CE0x3c8dac0 "{CE0x3c8dac0|selinux_key_permission:key_ref|Function::selinux_key_permission&Arg::key_ref::|*SummSource*}"
CE0x3cacb00 "{CE0x3cacb00|selinux_key_permission:key_ref|Function::selinux_key_permission&Arg::key_ref::}"
CE0x3cab1a0 "{CE0x3cab1a0|key_ref_to_ptr:key_ref|Function::key_ref_to_ptr&Arg::key_ref::}"
CE0x3cdd6c0 "{CE0x3cdd6c0|key_ref_to_ptr:tmp4|include/linux/key.h,116}"
CE0x3cdea20 "{CE0x3cdea20|key_ref_to_ptr:and|include/linux/key.h,116}"
CE0x3cded10 "{CE0x3cded10|key_ref_to_ptr:tmp5|include/linux/key.h,116}"
CE0x3caf3b0 "{CE0x3caf3b0|_ret_%struct.key*_%tmp5,_!dbg_!27715|include/linux/key.h,116}"
CE0x3cc7ea0 "{CE0x3cc7ea0|selinux_key_permission:call1|security/selinux/hooks.c,5788}"
CE0x3c85060 "{CE0x3c85060|selinux_key_permission:security|security/selinux/hooks.c,5789}"
CE0x3c96a10 "{CE0x3c96a10|selinux_key_permission:tmp10|security/selinux/hooks.c,5789}"
CE0x3cadf60 "{CE0x3cadf60|selinux_key_permission:tmp11|security/selinux/hooks.c,5789}"
CE0x3cbc830 "{CE0x3cbc830|selinux_key_permission:sid2|security/selinux/hooks.c,5791}"
CE0x3cbce60 "{CE0x3cbce60|selinux_key_permission:tmp12|security/selinux/hooks.c,5791}"
CE0x3cbd430 "{CE0x3cbd430|selinux_key_permission:tmp12|security/selinux/hooks.c,5791|*SummSink*}"
CONST[source:0(mediator),value:2(dynamic)][purpose:{object}]


CONST[source:1(input),value:2(dynamic)][purpose:{subject}][SrcIdx:2]  ->  CONST[source:0(mediator),value:2(dynamic)][purpose:{subject}]
-----------
CONST[source:1(input),value:2(dynamic)][purpose:{subject}][SrcIdx:2]
CE0x3cda5f0 "{CE0x3cda5f0|4:_i32,_:_CRE_4,8_|*MultipleSource*|security/selinux/hooks.c,196|security/selinux/hooks.c,197|*LoadInst*|security/selinux/hooks.c,196}"
CE0x3cad230 "{CE0x3cad230|cred_sid:tmp6|security/selinux/hooks.c,197}"
CE0x3cc6c40 "{CE0x3cc6c40|_ret_i32_%tmp6,_!dbg_!27716|security/selinux/hooks.c,197}"
CE0x3c99f80 "{CE0x3c99f80|selinux_key_permission:call|security/selinux/hooks.c,5786}"
CE0x3c928a0 "{CE0x3c928a0|selinux_key_permission:call|security/selinux/hooks.c,5786|*SummSink*}"
CONST[source:0(mediator),value:2(dynamic)][purpose:{subject}]


CONST[source:1(input),value:2(dynamic)][purpose:{operation}][SrcIdx:1]  ->  CONST[source:0(mediator),value:2(dynamic)][purpose:{object}]
-----------
CONST[source:1(input),value:2(dynamic)][purpose:{operation}][SrcIdx:1]
CE0x3c8be10 "{CE0x3c8be10|selinux_key_permission:perm|Function::selinux_key_permission&Arg::perm::|*SummSource*}"
CE0x3c8c230 "{CE0x3c8c230|selinux_key_permission:perm|Function::selinux_key_permission&Arg::perm::}"
CE0x3c8d780 "{CE0x3c8d780|selinux_key_permission:cmp|security/selinux/hooks.c,5783}"
CE0x3c884d0 "{CE0x3c884d0|selinux_key_permission:if.end}"
CE0x3cbce60 "{CE0x3cbce60|selinux_key_permission:tmp12|security/selinux/hooks.c,5791}"
CE0x3cbd430 "{CE0x3cbd430|selinux_key_permission:tmp12|security/selinux/hooks.c,5791|*SummSink*}"
CONST[source:0(mediator),value:2(dynamic)][purpose:{object}]


CONST[source:1(input),value:2(dynamic)][purpose:{operation}][SrcIdx:1]  ->  CONST[source:0(mediator),value:2(dynamic)][purpose:{subject}]
-----------
CONST[source:1(input),value:2(dynamic)][purpose:{operation}][SrcIdx:1]
CE0x3c8be10 "{CE0x3c8be10|selinux_key_permission:perm|Function::selinux_key_permission&Arg::perm::|*SummSource*}"
CE0x3c8c230 "{CE0x3c8c230|selinux_key_permission:perm|Function::selinux_key_permission&Arg::perm::}"
CE0x3c8d780 "{CE0x3c8d780|selinux_key_permission:cmp|security/selinux/hooks.c,5783}"
CE0x3c884d0 "{CE0x3c884d0|selinux_key_permission:if.end}"
CE0x3c99f80 "{CE0x3c99f80|selinux_key_permission:call|security/selinux/hooks.c,5786}"
CE0x3c928a0 "{CE0x3c928a0|selinux_key_permission:call|security/selinux/hooks.c,5786|*SummSink*}"
CONST[source:0(mediator),value:2(dynamic)][purpose:{subject}]


CONST[source:1(input),value:2(dynamic)][purpose:{operation}][SrcIdx:1]  ->  CONST[source:0(mediator),value:0(static)][purpose:{operation}]
-----------
CONST[source:1(input),value:2(dynamic)][purpose:{operation}][SrcIdx:1]
CE0x3c8be10 "{CE0x3c8be10|selinux_key_permission:perm|Function::selinux_key_permission&Arg::perm::|*SummSource*}"
CE0x3c8c230 "{CE0x3c8c230|selinux_key_permission:perm|Function::selinux_key_permission&Arg::perm::}"
CE0x3c8b2d0 "{CE0x3c8b2d0|selinux_key_permission:perm|Function::selinux_key_permission&Arg::perm::|*SummSink*}"
CONST[source:0(mediator),value:0(static)][purpose:{operation}]


