[selinux_inode_permission]

explicit:
CONST[source:1(input),value:2(dynamic)][purpose:{object}]  ->  CONST[source:0(mediator),value:2(dynamic)][purpose:{object}]
-----------
CONST[source:1(input),value:2(dynamic)][purpose:{object}]
CE0x4ef6c60 "{CE0x4ef6c60|28:_i32,_32:_i16,_:_CRE_28,32_|*MultipleSource*|*LoadInst*|security/selinux/hooks.c,2863|security/selinux/hooks.c,2863|security/selinux/hooks.c,2865}"
CE0x4ee5480 "{CE0x4ee5480|selinux_inode_permission:_tmp40|security/selinux/hooks.c,2865}"
CE0x4ee5880 "{CE0x4ee5880|selinux_inode_permission:_tmp40|security/selinux/hooks.c,2865|*SummSink*}"
CONST[source:0(mediator),value:2(dynamic)][purpose:{object}]


CONST[source:2(external),value:2(dynamic)][purpose:{subject}]  ->  CONST[source:0(mediator),value:2(dynamic)][purpose:{subject}]
-----------
CONST[source:2(external),value:2(dynamic)][purpose:{subject}]
CE0x4e2d420 "{CE0x4e2d420|COLLAPSED:_GCMRE_current_task_external_global_%struct.task_struct*:_elem_0::|security/selinux/hooks.c,2838}"
CE0x4f5c850 "{CE0x4f5c850|current_sid:_tmp22|security/selinux/hooks.c,218}"
CE0x4f5ce40 "{CE0x4f5ce40|current_sid:_tmp23|security/selinux/hooks.c,218}"
CE0x4f5d630 "{CE0x4f5d630|current_sid:_sid|security/selinux/hooks.c,220}"
CE0x4f5da80 "{CE0x4f5da80|current_sid:_tmp24|security/selinux/hooks.c,220}"
CE0x4f8d1a0 "{CE0x4f8d1a0|_ret_i32_%tmp24,_!dbg_!27742|security/selinux/hooks.c,220}"
CE0x4f483e0 "{CE0x4f483e0|audit_inode_permission:_call|security/selinux/hooks.c,2829}"
CE0x4e74370 "{CE0x4e74370|audit_inode_permission:_call|security/selinux/hooks.c,2829|*SummSink*}"
CONST[source:0(mediator),value:2(dynamic)][purpose:{subject}]


CONST[source:2(external),value:0(static)][purpose:{operation}]  ->  CONST[source:0(mediator),value:2(dynamic)][purpose:{subject}]
-----------
CONST[source:2(external),value:0(static)][purpose:{operation}]
CE0x4ed5fb0 "{CE0x4ed5fb0|i32_1|*Constant*}"
CE0x4e78820 "{CE0x4e78820|cred_sid:_sid|security/selinux/hooks.c,197}"
CE0x4f33310 "{CE0x4f33310|cred_sid:_tmp6|security/selinux/hooks.c,197}"
CE0x4ef44a0 "{CE0x4ef44a0|_ret_i32_%tmp6,_!dbg_!27716|security/selinux/hooks.c,197}"
CE0x4ef30a0 "{CE0x4ef30a0|selinux_inode_permission:_call31|security/selinux/hooks.c,2862}"
CE0x4ef3710 "{CE0x4ef3710|selinux_inode_permission:_call31|security/selinux/hooks.c,2862|*SummSink*}"
CONST[source:0(mediator),value:2(dynamic)][purpose:{subject}]


CONST[source:2(external),value:0(static)][purpose:{operation}]  ->  CONST[source:0(mediator),value:2(dynamic)][purpose:{object}]
-----------
CONST[source:2(external),value:0(static)][purpose:{operation}]
CE0x4ed30d0 "{CE0x4ed30d0|i32_4|*Constant*}"
CE0x4faefe0 "{CE0x4faefe0|audit_inode_permission:_sclass|security/selinux/hooks.c,2829}"
CE0x4faf760 "{CE0x4faf760|audit_inode_permission:_tmp5|security/selinux/hooks.c,2829}"
CE0x4fafaa0 "{CE0x4fafaa0|audit_inode_permission:_tmp5|security/selinux/hooks.c,2829|*SummSink*}"
CONST[source:0(mediator),value:2(dynamic)][purpose:{object}]



implicit:
CONST[source:2(external),value:0(static)][purpose:{operation}]  ->  CONST[source:0(mediator),value:0(static)][purpose:{operation}]
-----------
CONST[source:2(external),value:0(static)][purpose:{operation}]
CE0x4eda7b0 "{CE0x4eda7b0|i32_8|*Constant*}"
CE0x4edb7f0 "{CE0x4edb7f0|file_mask_to_av:_and11|security/selinux/hooks.c,1880}"
CE0x4edbb30 "{CE0x4edbb30|file_mask_to_av:_tobool12|security/selinux/hooks.c,1880}"
CE0x4f2d820 "{CE0x4f2d820|file_mask_to_av:_if.then13}"
CE0x4f4af90 "{CE0x4f4af90|file_mask_to_av:_conv16|security/selinux/hooks.c,1881}"
CE0x4f38560 "{CE0x4f38560|file_mask_to_av:_av.3}"
CE0x4f14cd0 "{CE0x4f14cd0|file_mask_to_av:_av.7}"
CE0x4efcbd0 "{CE0x4efcbd0|_ret_i32_%av.7,_!dbg_!27757|security/selinux/hooks.c,1894}"
CE0x4efb640 "{CE0x4efb640|selinux_inode_permission:_call30|security/selinux/hooks.c,2860}"
CE0x4efb980 "{CE0x4efb980|selinux_inode_permission:_call30|security/selinux/hooks.c,2860|*SummSink*}"
CONST[source:0(mediator),value:0(static)][purpose:{operation}]


CONST[source:2(external),value:0(static)][purpose:{operation}]  ->  CONST[source:0(mediator),value:2(dynamic)][purpose:{object}]
-----------
CONST[source:2(external),value:0(static)][purpose:{operation}]
CE0x4ed30d0 "{CE0x4ed30d0|i32_4|*Constant*}"
CE0x4faefe0 "{CE0x4faefe0|audit_inode_permission:_sclass|security/selinux/hooks.c,2829}"
CE0x4faf760 "{CE0x4faf760|audit_inode_permission:_tmp5|security/selinux/hooks.c,2829}"
CE0x4fafaa0 "{CE0x4fafaa0|audit_inode_permission:_tmp5|security/selinux/hooks.c,2829|*SummSink*}"
CONST[source:0(mediator),value:2(dynamic)][purpose:{object}]


CONST[source:2(external),value:0(static)][purpose:{operation}]  ->  CONST[source:0(mediator),value:2(dynamic)][purpose:{subject}]
-----------
CONST[source:2(external),value:0(static)][purpose:{operation}]
CE0x4ed5fb0 "{CE0x4ed5fb0|i32_1|*Constant*}"
CE0x4e78820 "{CE0x4e78820|cred_sid:_sid|security/selinux/hooks.c,197}"
CE0x4f33310 "{CE0x4f33310|cred_sid:_tmp6|security/selinux/hooks.c,197}"
CE0x4ef44a0 "{CE0x4ef44a0|_ret_i32_%tmp6,_!dbg_!27716|security/selinux/hooks.c,197}"
CE0x4ef30a0 "{CE0x4ef30a0|selinux_inode_permission:_call31|security/selinux/hooks.c,2862}"
CE0x4ef3710 "{CE0x4ef3710|selinux_inode_permission:_call31|security/selinux/hooks.c,2862|*SummSink*}"
CONST[source:0(mediator),value:2(dynamic)][purpose:{subject}]


CONST[source:1(input),value:2(dynamic)][purpose:{object}]  ->  CONST[source:0(mediator),value:0(static)][purpose:{operation}]
-----------
CONST[source:1(input),value:2(dynamic)][purpose:{object}]
CE0x4e81160 "{CE0x4e81160|0:_i16,_12:_i32,_56:_i8*,_:_CRE_0,2_|*MultipleSource*|Function::selinux_inode_permission&Arg::inode::|security/selinux/hooks.c,2857}"
CE0x4ee1260 "{CE0x4ee1260|selinux_inode_permission:_tmp37|*LoadInst*|security/selinux/hooks.c,2860}"
CE0x4efb130 "{CE0x4efb130|selinux_inode_permission:_conv29|security/selinux/hooks.c,2860}"
CE0x4efc2c0 "{CE0x4efc2c0|file_mask_to_av:_mode|Function::file_mask_to_av&Arg::mode::}"
CE0x4f40640 "{CE0x4f40640|file_mask_to_av:_and|security/selinux/hooks.c,1874}"
CE0x4f3e590 "{CE0x4f3e590|file_mask_to_av:_cmp|security/selinux/hooks.c,1874}"
CE0x4f4c8e0 "{CE0x4f4c8e0|file_mask_to_av:_if.end24}"
CE0x4f38560 "{CE0x4f38560|file_mask_to_av:_av.3}"
CE0x4f14cd0 "{CE0x4f14cd0|file_mask_to_av:_av.7}"
CE0x4efcbd0 "{CE0x4efcbd0|_ret_i32_%av.7,_!dbg_!27757|security/selinux/hooks.c,1894}"
CE0x4efb640 "{CE0x4efb640|selinux_inode_permission:_call30|security/selinux/hooks.c,2860}"
CE0x4efb980 "{CE0x4efb980|selinux_inode_permission:_call30|security/selinux/hooks.c,2860|*SummSink*}"
CONST[source:0(mediator),value:0(static)][purpose:{operation}]


CONST[source:1(input),value:2(dynamic)][purpose:{object}]  ->  CONST[source:0(mediator),value:2(dynamic)][purpose:{object}]
-----------
CONST[source:1(input),value:2(dynamic)][purpose:{object}]
CE0x4ef6c60 "{CE0x4ef6c60|28:_i32,_32:_i16,_:_CRE_28,32_|*MultipleSource*|*LoadInst*|security/selinux/hooks.c,2863|security/selinux/hooks.c,2863|security/selinux/hooks.c,2865}"
CE0x4e4b740 "{CE0x4e4b740|audit_inode_permission:_tmp4|security/selinux/hooks.c,2829}"
CE0x4e4b9c0 "{CE0x4e4b9c0|audit_inode_permission:_tmp4|security/selinux/hooks.c,2829|*SummSink*}"
CONST[source:0(mediator),value:2(dynamic)][purpose:{object}]


CONST[source:1(input),value:2(dynamic)][purpose:{object}]  ->  CONST[source:0(mediator),value:2(dynamic)][purpose:{subject}]
-----------
CONST[source:1(input),value:2(dynamic)][purpose:{object}]
CE0x4e81950 "{CE0x4e81950|0:_i16,_12:_i32,_56:_i8*,_:_CRE_12,16_|*MultipleSource*|Function::selinux_inode_permission&Arg::inode::|security/selinux/hooks.c,2857}"
CE0x4ea5760 "{CE0x4ea5760|selinux_inode_permission:_tmp30|*LoadInst*|security/selinux/hooks.c,2857}"
CE0x4eeca60 "{CE0x4eeca60|selinux_inode_permission:_and23|security/selinux/hooks.c,2857}"
CE0x4eecd30 "{CE0x4eecd30|selinux_inode_permission:_tobool24|security/selinux/hooks.c,2857}"
CE0x4eed2d0 "{CE0x4eed2d0|selinux_inode_permission:_lnot|security/selinux/hooks.c,2857}"
CE0x4eed8c0 "{CE0x4eed8c0|selinux_inode_permission:_lnot25|security/selinux/hooks.c,2857}"
CE0x4eedeb0 "{CE0x4eedeb0|selinux_inode_permission:_lnot.ext|security/selinux/hooks.c,2857}"
CE0x4eee3c0 "{CE0x4eee3c0|selinux_inode_permission:_conv|security/selinux/hooks.c,2857}"
CE0x4e2bd30 "{CE0x4e2bd30|selinux_inode_permission:_expval|security/selinux/hooks.c,2857}"
CE0x4eefc50 "{CE0x4eefc50|selinux_inode_permission:_tobool26|security/selinux/hooks.c,2857}"
CE0x4e1ba80 "{CE0x4e1ba80|selinux_inode_permission:_if.end28}"
CE0x4ef30a0 "{CE0x4ef30a0|selinux_inode_permission:_call31|security/selinux/hooks.c,2862}"
CE0x4ef3710 "{CE0x4ef3710|selinux_inode_permission:_call31|security/selinux/hooks.c,2862|*SummSink*}"
CONST[source:0(mediator),value:2(dynamic)][purpose:{subject}]


CONST[source:2(external),value:2(dynamic)][purpose:{subject}]  ->  CONST[source:0(mediator),value:2(dynamic)][purpose:{subject}]
-----------
CONST[source:2(external),value:2(dynamic)][purpose:{subject}]
CE0x4e2d420 "{CE0x4e2d420|COLLAPSED:_GCMRE_current_task_external_global_%struct.task_struct*:_elem_0::|security/selinux/hooks.c,2838}"
CE0x4f5c850 "{CE0x4f5c850|current_sid:_tmp22|security/selinux/hooks.c,218}"
CE0x4f5ce40 "{CE0x4f5ce40|current_sid:_tmp23|security/selinux/hooks.c,218}"
CE0x4f5d630 "{CE0x4f5d630|current_sid:_sid|security/selinux/hooks.c,220}"
CE0x4f5da80 "{CE0x4f5da80|current_sid:_tmp24|security/selinux/hooks.c,220}"
CE0x4f8d1a0 "{CE0x4f8d1a0|_ret_i32_%tmp24,_!dbg_!27742|security/selinux/hooks.c,220}"
CE0x4f483e0 "{CE0x4f483e0|audit_inode_permission:_call|security/selinux/hooks.c,2829}"
CE0x4e74370 "{CE0x4e74370|audit_inode_permission:_call|security/selinux/hooks.c,2829|*SummSink*}"
CONST[source:0(mediator),value:2(dynamic)][purpose:{subject}]


CONST[source:1(input),value:2(dynamic)][purpose:{operation}]  ->  CONST[source:0(mediator),value:0(static)][purpose:{operation}]
-----------
CONST[source:1(input),value:2(dynamic)][purpose:{operation}]
CE0x4e58250 "{CE0x4e58250|selinux_inode_permission:_and17|security/selinux/hooks.c,2849|*SummSource*}"
CE0x4e581b0 "{CE0x4e581b0|selinux_inode_permission:_and17|security/selinux/hooks.c,2849}"
CE0x4e58800 "{CE0x4e58800|selinux_inode_permission:_tobool18|security/selinux/hooks.c,2852}"
CE0x4e1ba80 "{CE0x4e1ba80|selinux_inode_permission:_if.end28}"
CE0x4efb640 "{CE0x4efb640|selinux_inode_permission:_call30|security/selinux/hooks.c,2860}"
CE0x4efb980 "{CE0x4efb980|selinux_inode_permission:_call30|security/selinux/hooks.c,2860|*SummSink*}"
CONST[source:0(mediator),value:0(static)][purpose:{operation}]


CONST[source:1(input),value:2(dynamic)][purpose:{operation}]  ->  CONST[source:0(mediator),value:2(dynamic)][purpose:{object}]
-----------
CONST[source:1(input),value:2(dynamic)][purpose:{operation}]
CE0x4e58250 "{CE0x4e58250|selinux_inode_permission:_and17|security/selinux/hooks.c,2849|*SummSource*}"
CE0x4e581b0 "{CE0x4e581b0|selinux_inode_permission:_and17|security/selinux/hooks.c,2849}"
CE0x4e58800 "{CE0x4e58800|selinux_inode_permission:_tobool18|security/selinux/hooks.c,2852}"
CE0x4e1ba80 "{CE0x4e1ba80|selinux_inode_permission:_if.end28}"
CE0x4efa780 "{CE0x4efa780|selinux_inode_permission:_tmp41|security/selinux/hooks.c,2865}"
CE0x4efaac0 "{CE0x4efaac0|selinux_inode_permission:_tmp41|security/selinux/hooks.c,2865|*SummSink*}"
CONST[source:0(mediator),value:2(dynamic)][purpose:{object}]


CONST[source:1(input),value:2(dynamic)][purpose:{operation}]  ->  CONST[source:0(mediator),value:2(dynamic)][purpose:{subject}]
-----------
CONST[source:1(input),value:2(dynamic)][purpose:{operation}]
CE0x4e58250 "{CE0x4e58250|selinux_inode_permission:_and17|security/selinux/hooks.c,2849|*SummSource*}"
CE0x4e581b0 "{CE0x4e581b0|selinux_inode_permission:_and17|security/selinux/hooks.c,2849}"
CE0x4e58800 "{CE0x4e58800|selinux_inode_permission:_tobool18|security/selinux/hooks.c,2852}"
CE0x4e1ba80 "{CE0x4e1ba80|selinux_inode_permission:_if.end28}"
CE0x4ef30a0 "{CE0x4ef30a0|selinux_inode_permission:_call31|security/selinux/hooks.c,2862}"
CE0x4ef3710 "{CE0x4ef3710|selinux_inode_permission:_call31|security/selinux/hooks.c,2862|*SummSink*}"
CONST[source:0(mediator),value:2(dynamic)][purpose:{subject}]


