[selinux_inode_getxattr]

explicit:
CONST[source:2(external),value:2(dynamic)][purpose:{subject}]  ->  CONST[source:0(mediator),value:2(dynamic)][purpose:{subject}]

-----------
CONST[source:2(external),value:2(dynamic)][purpose:{subject}]
CE0x8ca0c20 "{CE0x8ca0c20|VOIDTB_TE:_IE:_elem_0:default:}"
CE0x8caa4a0 "{CE0x8caa4a0|tmp6}"
CE0x8cc1f70 "{CE0x8cc1f70|_ret_i32_%tmp6,_!dbg_!27716}"
CE0x8cc56f0 "{CE0x8cc56f0|call}"
CE0x8cc5890 "{CE0x8cc5890|call}"
CONST[source:0(mediator),value:2(dynamic)][purpose:{subject}]



CONST[source:2(external),value:2(dynamic)][purpose:{subject}]  ->  CONST[source:0(mediator),value:2(dynamic)][purpose:{object}]

-----------
CONST[source:2(external),value:2(dynamic)][purpose:{subject}]
CE0x8ca0c20 "{CE0x8ca0c20|VOIDTB_TE:_IE:_elem_0:default:}"
CE0x8ca48f0 "{CE0x8ca48f0|tmp18}"
CE0x8cb0810 "{CE0x8cb0810|tmp18}"
CONST[source:0(mediator),value:2(dynamic)][purpose:{object}]



CONST[source:1(input),value:2(dynamic)][purpose:{object}]  ->  CONST[source:0(mediator),value:2(dynamic)][purpose:{subject}]

-----------
CONST[source:1(input),value:2(dynamic)][purpose:{object}]
CE0x8ca0c20 "{CE0x8ca0c20|VOIDTB_TE:_IE:_elem_0:default:}"
CE0x8caa4a0 "{CE0x8caa4a0|tmp6}"
CE0x8cc1f70 "{CE0x8cc1f70|_ret_i32_%tmp6,_!dbg_!27716}"
CE0x8cc56f0 "{CE0x8cc56f0|call}"
CE0x8cc5890 "{CE0x8cc5890|call}"
CONST[source:0(mediator),value:2(dynamic)][purpose:{subject}]



CONST[source:1(input),value:2(dynamic)][purpose:{object}]  ->  CONST[source:0(mediator),value:2(dynamic)][purpose:{object}]

-----------
CONST[source:1(input),value:2(dynamic)][purpose:{object}]
CE0x8ca0c20 "{CE0x8ca0c20|VOIDTB_TE:_IE:_elem_0:default:}"
CE0x8ca48f0 "{CE0x8ca48f0|tmp18}"
CE0x8cb0810 "{CE0x8cb0810|tmp18}"
CONST[source:0(mediator),value:2(dynamic)][purpose:{object}]



CONST[source:1(input),value:2(dynamic)][purpose:{subject}]  ->  CONST[source:0(mediator),value:2(dynamic)][purpose:{subject}]

-----------
CONST[source:1(input),value:2(dynamic)][purpose:{subject}]
CE0x8ca0c20 "{CE0x8ca0c20|VOIDTB_TE:_IE:_elem_0:default:}"
CE0x8caa4a0 "{CE0x8caa4a0|tmp6}"
CE0x8cc1f70 "{CE0x8cc1f70|_ret_i32_%tmp6,_!dbg_!27716}"
CE0x8cc56f0 "{CE0x8cc56f0|call}"
CE0x8cc5890 "{CE0x8cc5890|call}"
CONST[source:0(mediator),value:2(dynamic)][purpose:{subject}]



CONST[source:1(input),value:2(dynamic)][purpose:{subject}]  ->  CONST[source:0(mediator),value:2(dynamic)][purpose:{object}]

-----------
CONST[source:1(input),value:2(dynamic)][purpose:{subject}]
CE0x8ca0c20 "{CE0x8ca0c20|VOIDTB_TE:_IE:_elem_0:default:}"
CE0x8ca48f0 "{CE0x8ca48f0|tmp18}"
CE0x8cb0810 "{CE0x8cb0810|tmp18}"
CONST[source:0(mediator),value:2(dynamic)][purpose:{object}]




implicit:
CONST[source:1(input),value:2(dynamic)][purpose:{subject}]  ->  CONST[source:0(mediator),value:2(dynamic)][purpose:{object}]

-----------
CONST[source:1(input),value:2(dynamic)][purpose:{subject}]
CE0x8ca0c20 "{CE0x8ca0c20|VOIDTB_TE:_IE:_elem_0:default:}"
CE0x8ca44b0 "{CE0x8ca44b0|tmp17}"
CE0x8ca4740 "{CE0x8ca4740|tmp17}"
CONST[source:0(mediator),value:2(dynamic)][purpose:{object}]



CONST[source:1(input),value:2(dynamic)][purpose:{subject}]  ->  CONST[source:0(mediator),value:2(dynamic)][purpose:{subject}]

-----------
CONST[source:1(input),value:2(dynamic)][purpose:{subject}]
CE0x8ca0c20 "{CE0x8ca0c20|VOIDTB_TE:_IE:_elem_0:default:}"
CE0x8caa4a0 "{CE0x8caa4a0|tmp6}"
CE0x8cc1f70 "{CE0x8cc1f70|_ret_i32_%tmp6,_!dbg_!27716}"
CE0x8cc56f0 "{CE0x8cc56f0|call}"
CE0x8cc5890 "{CE0x8cc5890|call}"
CONST[source:0(mediator),value:2(dynamic)][purpose:{subject}]



CONST[source:1(input),value:2(dynamic)][purpose:{object}]  ->  CONST[source:0(mediator),value:2(dynamic)][purpose:{object}]

-----------
CONST[source:1(input),value:2(dynamic)][purpose:{object}]
CE0x8ca0c20 "{CE0x8ca0c20|VOIDTB_TE:_IE:_elem_0:default:}"
CE0x8ca44b0 "{CE0x8ca44b0|tmp17}"
CE0x8ca4740 "{CE0x8ca4740|tmp17}"
CONST[source:0(mediator),value:2(dynamic)][purpose:{object}]



CONST[source:1(input),value:2(dynamic)][purpose:{object}]  ->  CONST[source:0(mediator),value:2(dynamic)][purpose:{subject}]

-----------
CONST[source:1(input),value:2(dynamic)][purpose:{object}]
CE0x8ca0c20 "{CE0x8ca0c20|VOIDTB_TE:_IE:_elem_0:default:}"
CE0x8caa4a0 "{CE0x8caa4a0|tmp6}"
CE0x8cc1f70 "{CE0x8cc1f70|_ret_i32_%tmp6,_!dbg_!27716}"
CE0x8cc56f0 "{CE0x8cc56f0|call}"
CE0x8cc5890 "{CE0x8cc5890|call}"
CONST[source:0(mediator),value:2(dynamic)][purpose:{subject}]



CONST[source:2(external),value:2(dynamic)][purpose:{subject}]  ->  CONST[source:0(mediator),value:2(dynamic)][purpose:{object}]

-----------
CONST[source:2(external),value:2(dynamic)][purpose:{subject}]
CE0x8ca0c20 "{CE0x8ca0c20|VOIDTB_TE:_IE:_elem_0:default:}"
CE0x8ca44b0 "{CE0x8ca44b0|tmp17}"
CE0x8ca4740 "{CE0x8ca4740|tmp17}"
CONST[source:0(mediator),value:2(dynamic)][purpose:{object}]



CONST[source:2(external),value:2(dynamic)][purpose:{subject}]  ->  CONST[source:0(mediator),value:2(dynamic)][purpose:{subject}]

-----------
CONST[source:2(external),value:2(dynamic)][purpose:{subject}]
CE0x8ca0c20 "{CE0x8ca0c20|VOIDTB_TE:_IE:_elem_0:default:}"
CE0x8caa4a0 "{CE0x8caa4a0|tmp6}"
CE0x8cc1f70 "{CE0x8cc1f70|_ret_i32_%tmp6,_!dbg_!27716}"
CE0x8cc56f0 "{CE0x8cc56f0|call}"
CE0x8cc5890 "{CE0x8cc5890|call}"
CONST[source:0(mediator),value:2(dynamic)][purpose:{subject}]



