[tomoyo_file_open]

explicit:
CONST[source:1(input),value:2(dynamic)][purpose:{operation}]  ->  CONST[source:0(mediator),value:0(static)][purpose:{operation}]
-----------
CONST[source:1(input),value:2(dynamic)][purpose:{operation}]
CE0x42463e0 "{CE0x42463e0|tomoyo_check_open_permission:_flag|Function::tomoyo_check_open_permission&Arg::flag::|*SummSource*}"
CE0x4246340 "{CE0x4246340|tomoyo_check_open_permission:_flag|Function::tomoyo_check_open_permission&Arg::flag::}"
CE0x76fb4a0 "{CE0x76fb4a0|tomoyo_check_open_permission:_and18|security/tomoyo/file.c,762}"
CE0x76fb840 "{CE0x76fb840|tomoyo_check_open_permission:_tobool19|security/tomoyo/file.c,762}"
CE0x7702460 "{CE0x7702460|tomoyo_check_open_permission:_cond|security/tomoyo/file.c,762}"
CE0x7702a00 "{CE0x7702a00|tomoyo_check_open_permission:_conv20|security/tomoyo/file.c,762}"
CE0x41c89e0 "{CE0x41c89e0|tomoyo_path_permission:_operation|Function::tomoyo_path_permission&Arg::operation::}"
CE0x5ef4a90 "{CE0x5ef4a90|0:_%struct.tomoyo_obj_info*,_16:_%struct.tomoyo_domain_info*,_24:_%struct.tomoyo_path_info*,_40:_i8,_72:_i8,_75:_i8,_76:_i8,_77:_i8,_:_SCMRE_40,41_}"
CONST[source:0(mediator),value:0(static)][purpose:{operation}]


CONST[source:2(external),value:2(dynamic)][purpose:{subject}]  ->  CONST[source:0(mediator),value:2(dynamic)][purpose:{subject}]
-----------
CONST[source:2(external),value:2(dynamic)][purpose:{subject}]
CE0x5f6a8c0 "{CE0x5f6a8c0|128:_i8*,_1208:_%struct.file*,_:_CMRE_128,136_|*MultipleSource*|security/tomoyo/common.h,1205|security/tomoyo/common.h,1205}"
CE0x6021000 "{CE0x6021000|tomoyo_domain:_tmp22|security/tomoyo/common.h,1205}"
CE0x605fbe0 "{CE0x605fbe0|tomoyo_domain:_tmp23|security/tomoyo/common.h,1205}"
CE0x5009dc0 "{CE0x5009dc0|_ret_%struct.tomoyo_domain_info*_%tmp23,_!dbg_!38929|security/tomoyo/common.h,1205}"
CE0x5f62fd0 "{CE0x5f62fd0|tomoyo_init_request_info:_call|security/tomoyo/util.c,1005}"
CE0x5f62f60 "{CE0x5f62f60|tomoyo_init_request_info:_domain.addr.0}"
CE0x5f8bac0 "{CE0x5f8bac0|0:_%struct.tomoyo_obj_info*,_16:_%struct.tomoyo_domain_info*,_24:_%struct.tomoyo_path_info*,_40:_i8,_72:_i8,_75:_i8,_76:_i8,_77:_i8,_:_SCMRE_16,24_|*MultipleSource*|security/tomoyo/file.c,741|security/tomoyo/file.c, 741|security/tomoyo/file.c,748}"
CONST[source:0(mediator),value:2(dynamic)][purpose:{subject}]


CONST[source:1(input),value:2(dynamic)][purpose:{subject}]  ->  CONST[source:0(mediator),value:2(dynamic)][purpose:{subject}]
-----------
CONST[source:1(input),value:2(dynamic)][purpose:{subject}]
CE0x41c1e10 "{CE0x41c1e10|tomoyo_check_open_permission:_domain|Function::tomoyo_check_open_permission&Arg::domain::|*SummSource*}"
CE0x41c1c80 "{CE0x41c1c80|tomoyo_check_open_permission:_domain|Function::tomoyo_check_open_permission&Arg::domain::}"
CE0x41b5aa0 "{CE0x41b5aa0|tomoyo_init_request_info:_domain|Function::tomoyo_init_request_info&Arg::domain::}"
CE0x5f62f60 "{CE0x5f62f60|tomoyo_init_request_info:_domain.addr.0}"
CE0x5f8bac0 "{CE0x5f8bac0|0:_%struct.tomoyo_obj_info*,_16:_%struct.tomoyo_domain_info*,_24:_%struct.tomoyo_path_info*,_40:_i8,_72:_i8,_75:_i8,_76:_i8,_77:_i8,_:_SCMRE_16,24_|*MultipleSource*|security/tomoyo/file.c,741|security/tomoyo/file.c, 741|security/tomoyo/file.c,748}"
CONST[source:0(mediator),value:2(dynamic)][purpose:{subject}]



implicit:
CONST[source:1(input),value:2(dynamic)][purpose:{subject}]  ->  CONST[source:0(mediator),value:2(dynamic)][purpose:{subject}]
-----------
CONST[source:1(input),value:2(dynamic)][purpose:{subject}]
CE0x41c1e10 "{CE0x41c1e10|tomoyo_check_open_permission:_domain|Function::tomoyo_check_open_permission&Arg::domain::|*SummSource*}"
CE0x41c1c80 "{CE0x41c1c80|tomoyo_check_open_permission:_domain|Function::tomoyo_check_open_permission&Arg::domain::}"
CE0x41b5aa0 "{CE0x41b5aa0|tomoyo_init_request_info:_domain|Function::tomoyo_init_request_info&Arg::domain::}"
CE0x5f62f60 "{CE0x5f62f60|tomoyo_init_request_info:_domain.addr.0}"
CE0x5f8bac0 "{CE0x5f8bac0|0:_%struct.tomoyo_obj_info*,_16:_%struct.tomoyo_domain_info*,_24:_%struct.tomoyo_path_info*,_40:_i8,_72:_i8,_75:_i8,_76:_i8,_77:_i8,_:_SCMRE_16,24_|*MultipleSource*|security/tomoyo/file.c,741|security/tomoyo/file.c, 741|security/tomoyo/file.c,748}"
CONST[source:0(mediator),value:2(dynamic)][purpose:{subject}]


CONST[source:2(external),value:2(dynamic)][purpose:{subject}]  ->  CONST[source:0(mediator),value:2(dynamic)][purpose:{subject}]
-----------
CONST[source:2(external),value:2(dynamic)][purpose:{subject}]
CE0x5c31ed0 "{CE0x5c31ed0|COLLAPSED:_GCRE_current_task_external_global_%struct.task_struct*:_elem_0::|security/tomoyo/common.h,1205}"
CE0x6021000 "{CE0x6021000|tomoyo_domain:_tmp22|security/tomoyo/common.h,1205}"
CE0x605fbe0 "{CE0x605fbe0|tomoyo_domain:_tmp23|security/tomoyo/common.h,1205}"
CE0x5009dc0 "{CE0x5009dc0|_ret_%struct.tomoyo_domain_info*_%tmp23,_!dbg_!38929|security/tomoyo/common.h,1205}"
CE0x5f62fd0 "{CE0x5f62fd0|tomoyo_init_request_info:_call|security/tomoyo/util.c,1005}"
CE0x5f62f60 "{CE0x5f62f60|tomoyo_init_request_info:_domain.addr.0}"
CE0x5f8bac0 "{CE0x5f8bac0|0:_%struct.tomoyo_obj_info*,_16:_%struct.tomoyo_domain_info*,_24:_%struct.tomoyo_path_info*,_40:_i8,_72:_i8,_75:_i8,_76:_i8,_77:_i8,_:_SCMRE_16,24_|*MultipleSource*|security/tomoyo/file.c,741|security/tomoyo/file.c, 741|security/tomoyo/file.c,748}"
CONST[source:0(mediator),value:2(dynamic)][purpose:{subject}]


CONST[source:1(input),value:2(dynamic)][purpose:{operation}]  ->  CONST[source:0(mediator),value:0(static)][purpose:{operation}]
-----------
CONST[source:1(input),value:2(dynamic)][purpose:{operation}]
CE0x42463e0 "{CE0x42463e0|tomoyo_check_open_permission:_flag|Function::tomoyo_check_open_permission&Arg::flag::|*SummSource*}"
CE0x4246340 "{CE0x4246340|tomoyo_check_open_permission:_flag|Function::tomoyo_check_open_permission&Arg::flag::}"
CE0x76fb4a0 "{CE0x76fb4a0|tomoyo_check_open_permission:_and18|security/tomoyo/file.c,762}"
CE0x76fb840 "{CE0x76fb840|tomoyo_check_open_permission:_tobool19|security/tomoyo/file.c,762}"
CE0x7702460 "{CE0x7702460|tomoyo_check_open_permission:_cond|security/tomoyo/file.c,762}"
CE0x7702a00 "{CE0x7702a00|tomoyo_check_open_permission:_conv20|security/tomoyo/file.c,762}"
CE0x41c89e0 "{CE0x41c89e0|tomoyo_path_permission:_operation|Function::tomoyo_path_permission&Arg::operation::}"
CE0x5ef4a90 "{CE0x5ef4a90|0:_%struct.tomoyo_obj_info*,_16:_%struct.tomoyo_domain_info*,_24:_%struct.tomoyo_path_info*,_40:_i8,_72:_i8,_75:_i8,_76:_i8,_77:_i8,_:_SCMRE_40,41_}"
CONST[source:0(mediator),value:0(static)][purpose:{operation}]


