[selinux_file_fcntl]

explicit:
CONST[source:2(external),value:2(dynamic)][purpose:{subject}][SrcIdx:25]  ->  CONST[source:0(mediator),value:2(dynamic)][purpose:{subject}][SnkIdx:0]
-----------
CONST[source:2(external),value:2(dynamic)][purpose:{subject}][SrcIdx:25]
CE0x4d58520 "{CE0x4d58520|COLLAPSED:_GCMRE_current_task_external_global_%struct.task_struct*:_elem_0::|security/selinux/hooks.c,3345}"
CE0x4d56300 "{CE0x4d56300|selinux_file_fcntl:tmp19|security/selinux/hooks.c,3345}"
CE0x4d7fd90 "{CE0x4d7fd90|file_has_perm:cred|Function::file_has_perm&Arg::cred::}"
CE0x4da6f00 "{CE0x4da6f00|cred_sid:cred|Function::cred_sid&Arg::cred::}"
CE0x4dfadd0 "{CE0x4dfadd0|cred_sid:security|security/selinux/hooks.c,196}"
CE0x4d5c280 "{CE0x4d5c280|cred_sid:tmp4|*LoadInst*|security/selinux/hooks.c,196}"
CE0x4d5b940 "{CE0x4d5b940|cred_sid:tmp5|security/selinux/hooks.c,196}"
CE0x4d9aa80 "{CE0x4d9aa80|cred_sid:sid|security/selinux/hooks.c,197}"
CE0x4e0f1f0 "{CE0x4e0f1f0|cred_sid:tmp6|security/selinux/hooks.c,197}"
CE0x4d98da0 "{CE0x4d98da0|_ret_i32_%tmp6,_!dbg_!27716|security/selinux/hooks.c,197}"
CE0x4d6abd0 "{CE0x4d6abd0|file_has_perm:call1|security/selinux/hooks.c,1677}"
CE0x4d84e10 "{CE0x4d84e10|file_has_perm:call1|security/selinux/hooks.c,1677|*SummSink*}"
CONST[source:0(mediator),value:2(dynamic)][purpose:{subject}][SnkIdx:0]


CONST[source:2(external),value:2(dynamic)][purpose:{subject}][SrcIdx:25]  ->  CONST[source:0(mediator),value:2(dynamic)][purpose:{subject}][SnkIdx:4]
-----------
CONST[source:2(external),value:2(dynamic)][purpose:{subject}][SrcIdx:25]
CE0x4d58520 "{CE0x4d58520|COLLAPSED:_GCMRE_current_task_external_global_%struct.task_struct*:_elem_0::|security/selinux/hooks.c,3345}"
CE0x4d56300 "{CE0x4d56300|selinux_file_fcntl:tmp19|security/selinux/hooks.c,3345}"
CE0x4d7fd90 "{CE0x4d7fd90|file_has_perm:cred|Function::file_has_perm&Arg::cred::}"
CE0x4df9160 "{CE0x4df9160|inode_has_perm:cred|Function::inode_has_perm&Arg::cred::}"
CE0x4e26830 "{CE0x4e26830|cred_sid:cred|Function::cred_sid&Arg::cred::}"
CE0x4e52af0 "{CE0x4e52af0|cred_sid:security|security/selinux/hooks.c,196}"
CE0x4e51a70 "{CE0x4e51a70|cred_sid:tmp4|*LoadInst*|security/selinux/hooks.c,196}"
CE0x4e51b40 "{CE0x4e51b40|cred_sid:tmp5|security/selinux/hooks.c,196}"
CE0x4e509f0 "{CE0x4e509f0|cred_sid:sid|security/selinux/hooks.c,197}"
CE0x4e55600 "{CE0x4e55600|cred_sid:tmp6|security/selinux/hooks.c,197}"
CE0x4e269a0 "{CE0x4e269a0|_ret_i32_%tmp6,_!dbg_!27716|security/selinux/hooks.c,197}"
CE0x4e885a0 "{CE0x4e885a0|inode_has_perm:call|security/selinux/hooks.c,1614}"
CE0x4e88740 "{CE0x4e88740|inode_has_perm:call|security/selinux/hooks.c,1614|*SummSink*}"
CONST[source:0(mediator),value:2(dynamic)][purpose:{subject}][SnkIdx:4]


CONST[source:1(input),value:2(dynamic)][purpose:{object}][SrcIdx:21]  ->  CONST[source:0(mediator),value:2(dynamic)][purpose:{object}][SnkIdx:5]
-----------
CONST[source:1(input),value:2(dynamic)][purpose:{object}][SrcIdx:21]
CE0x4d85080 "{CE0x4d85080|0:_i32,_4:_i32,_8:_i16,_12:_i32,_16:_i32,_20:_i32,_24:_i32,_56:_i8*,_:_SCMRE_56,64_|*MultipleSource*|*LoadInst*|include/linux/fs.h,1916|security/selinux/hooks.c,1675|Function::inode_has_perm&Arg::inode::|security/selinux/hooks.c,1611}"
CE0x4e26ec0 "{CE0x4e26ec0|inode_has_perm:tmp15|*LoadInst*|security/selinux/hooks.c,1615}"
CE0x4e86f20 "{CE0x4e86f20|inode_has_perm:tmp16|security/selinux/hooks.c,1615}"
CE0x4e194e0 "{CE0x4e194e0|inode_has_perm:sid3|security/selinux/hooks.c,1617}"
CE0x4e1b2a0 "{CE0x4e1b2a0|inode_has_perm:tmp17|security/selinux/hooks.c,1617}"
CE0x4e1b6a0 "{CE0x4e1b6a0|inode_has_perm:tmp17|security/selinux/hooks.c,1617|*SummSink*}"
CONST[source:0(mediator),value:2(dynamic)][purpose:{object}][SnkIdx:5]


CONST[source:1(input),value:2(dynamic)][purpose:{object}][SrcIdx:21]  ->  CONST[source:0(mediator),value:2(dynamic)][purpose:{object}][SnkIdx:1]
-----------
CONST[source:1(input),value:2(dynamic)][purpose:{object}][SrcIdx:21]
CE0x4dfe630 "{CE0x4dfe630|0:_i32,_:_CRE_0,4_|*MultipleSource*|security/selinux/hooks.c,1683|*LoadInst*|security/selinux/hooks.c,1674|security/selinux/hooks.c,1674}"
CE0x4e03080 "{CE0x4e03080|file_has_perm:tmp11|security/selinux/hooks.c,1684}"
CE0x4e03220 "{CE0x4e03220|file_has_perm:tmp11|security/selinux/hooks.c,1684|*SummSink*}"
CONST[source:0(mediator),value:2(dynamic)][purpose:{object}][SnkIdx:1]


CONST[source:1(input),value:2(dynamic)][purpose:{object}][SrcIdx:21]  ->  CONST[source:0(mediator),value:2(dynamic)][purpose:{object}][SnkIdx:6]
-----------
CONST[source:1(input),value:2(dynamic)][purpose:{object}][SrcIdx:21]
CE0x4d85080 "{CE0x4d85080|0:_i32,_4:_i32,_8:_i16,_12:_i32,_16:_i32,_20:_i32,_24:_i32,_56:_i8*,_:_SCMRE_56,64_|*MultipleSource*|*LoadInst*|include/linux/fs.h,1916|security/selinux/hooks.c,1675|Function::inode_has_perm&Arg::inode::|security/selinux/hooks.c,1611}"
CE0x4e26ec0 "{CE0x4e26ec0|inode_has_perm:tmp15|*LoadInst*|security/selinux/hooks.c,1615}"
CE0x4e86f20 "{CE0x4e86f20|inode_has_perm:tmp16|security/selinux/hooks.c,1615}"
CE0x4e19dd0 "{CE0x4e19dd0|inode_has_perm:sclass|security/selinux/hooks.c,1617}"
CE0x4e89970 "{CE0x4e89970|inode_has_perm:tmp18|security/selinux/hooks.c,1617}"
CE0x4e89ca0 "{CE0x4e89ca0|inode_has_perm:tmp18|security/selinux/hooks.c,1617|*SummSink*}"
CONST[source:0(mediator),value:2(dynamic)][purpose:{object}][SnkIdx:6]



implicit:
CONST[source:2(external),value:0(static)][purpose:{operation}][SrcIdx:20]  ->  CONST[source:0(mediator),value:2(dynamic)][purpose:{object}][SnkIdx:6]
-----------
CONST[source:2(external),value:0(static)][purpose:{operation}][SrcIdx:20]
CE0x4dd3130 "{CE0x4dd3130|i32_1024|*Constant*}"
CE0x4ddab70 "{CE0x4ddab70|selinux_file_fcntl:and|security/selinux/hooks.c,3350}"
CE0x4dd0cc0 "{CE0x4dd0cc0|selinux_file_fcntl:tobool6|security/selinux/hooks.c,3350}"
CE0x4d4e740 "{CE0x4d4e740|selinux_file_fcntl:if.then10}"
CE0x4d581b0 "{CE0x4d581b0|file_has_perm:entry}"
CE0x4e0f400 "{CE0x4e0f400|file_has_perm:if.then8}"
CE0x4df8eb0 "{CE0x4df8eb0|inode_has_perm:entry}"
CE0x4d59a00 "{CE0x4d59a00|inode_has_perm:if.end}"
CE0x4e89970 "{CE0x4e89970|inode_has_perm:tmp18|security/selinux/hooks.c,1617}"
CE0x4e89ca0 "{CE0x4e89ca0|inode_has_perm:tmp18|security/selinux/hooks.c,1617|*SummSink*}"
CONST[source:0(mediator),value:2(dynamic)][purpose:{object}][SnkIdx:6]


CONST[source:2(external),value:0(static)][purpose:{operation}][SrcIdx:20]  ->  CONST[source:0(mediator),value:2(dynamic)][purpose:{subject}][SnkIdx:0]
-----------
CONST[source:2(external),value:0(static)][purpose:{operation}][SrcIdx:20]
CE0x4dd3130 "{CE0x4dd3130|i32_1024|*Constant*}"
CE0x4ddab70 "{CE0x4ddab70|selinux_file_fcntl:and|security/selinux/hooks.c,3350}"
CE0x4dd0cc0 "{CE0x4dd0cc0|selinux_file_fcntl:tobool6|security/selinux/hooks.c,3350}"
CE0x4d61b00 "{CE0x4d61b00|selinux_file_fcntl:sw.bb13}"
CE0x4d581b0 "{CE0x4d581b0|file_has_perm:entry}"
CE0x4d892b0 "{CE0x4d892b0|file_has_perm:bb}"
CE0x4d6abd0 "{CE0x4d6abd0|file_has_perm:call1|security/selinux/hooks.c,1677}"
CE0x4d84e10 "{CE0x4d84e10|file_has_perm:call1|security/selinux/hooks.c,1677|*SummSink*}"
CONST[source:0(mediator),value:2(dynamic)][purpose:{subject}][SnkIdx:0]


CONST[source:2(external),value:0(static)][purpose:{operation}][SrcIdx:20]  ->  CONST[source:0(mediator),value:2(dynamic)][purpose:{object}][SnkIdx:5]
-----------
CONST[source:2(external),value:0(static)][purpose:{operation}][SrcIdx:20]
CE0x4dd3130 "{CE0x4dd3130|i32_1024|*Constant*}"
CE0x4ddab70 "{CE0x4ddab70|selinux_file_fcntl:and|security/selinux/hooks.c,3350}"
CE0x4dd0cc0 "{CE0x4dd0cc0|selinux_file_fcntl:tobool6|security/selinux/hooks.c,3350}"
CE0x4d4e740 "{CE0x4d4e740|selinux_file_fcntl:if.then10}"
CE0x4d581b0 "{CE0x4d581b0|file_has_perm:entry}"
CE0x4e0f400 "{CE0x4e0f400|file_has_perm:if.then8}"
CE0x4df8eb0 "{CE0x4df8eb0|inode_has_perm:entry}"
CE0x4d59a00 "{CE0x4d59a00|inode_has_perm:if.end}"
CE0x4e1b2a0 "{CE0x4e1b2a0|inode_has_perm:tmp17|security/selinux/hooks.c,1617}"
CE0x4e1b6a0 "{CE0x4e1b6a0|inode_has_perm:tmp17|security/selinux/hooks.c,1617|*SummSink*}"
CONST[source:0(mediator),value:2(dynamic)][purpose:{object}][SnkIdx:5]


CONST[source:2(external),value:0(static)][purpose:{operation}][SrcIdx:20]  ->  CONST[source:0(mediator),value:2(dynamic)][purpose:{object}][SnkIdx:1]
-----------
CONST[source:2(external),value:0(static)][purpose:{operation}][SrcIdx:20]
CE0x4dd3130 "{CE0x4dd3130|i32_1024|*Constant*}"
CE0x4ddab70 "{CE0x4ddab70|selinux_file_fcntl:and|security/selinux/hooks.c,3350}"
CE0x4dd0cc0 "{CE0x4dd0cc0|selinux_file_fcntl:tobool6|security/selinux/hooks.c,3350}"
CE0x4d4e740 "{CE0x4d4e740|selinux_file_fcntl:if.then10}"
CE0x4d581b0 "{CE0x4d581b0|file_has_perm:entry}"
CE0x4d9bf20 "{CE0x4d9bf20|file_has_perm:if.then}"
CE0x4e03080 "{CE0x4e03080|file_has_perm:tmp11|security/selinux/hooks.c,1684}"
CE0x4e03220 "{CE0x4e03220|file_has_perm:tmp11|security/selinux/hooks.c,1684|*SummSink*}"
CONST[source:0(mediator),value:2(dynamic)][purpose:{object}][SnkIdx:1]


CONST[source:2(external),value:0(static)][purpose:{operation}][SrcIdx:20]  ->  CONST[source:0(mediator),value:2(dynamic)][purpose:{subject}][SnkIdx:4]
-----------
CONST[source:2(external),value:0(static)][purpose:{operation}][SrcIdx:20]
CE0x4dd3130 "{CE0x4dd3130|i32_1024|*Constant*}"
CE0x4ddab70 "{CE0x4ddab70|selinux_file_fcntl:and|security/selinux/hooks.c,3350}"
CE0x4dd0cc0 "{CE0x4dd0cc0|selinux_file_fcntl:tobool6|security/selinux/hooks.c,3350}"
CE0x4d4e740 "{CE0x4d4e740|selinux_file_fcntl:if.then10}"
CE0x4d581b0 "{CE0x4d581b0|file_has_perm:entry}"
CE0x4e0f400 "{CE0x4e0f400|file_has_perm:if.then8}"
CE0x4df8eb0 "{CE0x4df8eb0|inode_has_perm:entry}"
CE0x4d59a00 "{CE0x4d59a00|inode_has_perm:if.end}"
CE0x4e885a0 "{CE0x4e885a0|inode_has_perm:call|security/selinux/hooks.c,1614}"
CE0x4e88740 "{CE0x4e88740|inode_has_perm:call|security/selinux/hooks.c,1614|*SummSink*}"
CONST[source:0(mediator),value:2(dynamic)][purpose:{subject}][SnkIdx:4]


CONST[source:1(input),value:2(dynamic)][purpose:{operation}][SrcIdx:24]  ->  CONST[source:0(mediator),value:2(dynamic)][purpose:{object}][SnkIdx:6]
-----------
CONST[source:1(input),value:2(dynamic)][purpose:{operation}][SrcIdx:24]
CE0x4dd6ec0 "{CE0x4dd6ec0|selinux_file_fcntl:arg|Function::selinux_file_fcntl&Arg::arg::|*SummSource*}"
CE0x4dd6dc0 "{CE0x4dd6dc0|selinux_file_fcntl:arg|Function::selinux_file_fcntl&Arg::arg::}"
CE0x4dd7060 "{CE0x4dd7060|selinux_file_fcntl:and8|security/selinux/hooks.c,3350}"
CE0x4dd6950 "{CE0x4dd6950|selinux_file_fcntl:tobool9|security/selinux/hooks.c,3350}"
CE0x4d4e740 "{CE0x4d4e740|selinux_file_fcntl:if.then10}"
CE0x4d581b0 "{CE0x4d581b0|file_has_perm:entry}"
CE0x4e0f400 "{CE0x4e0f400|file_has_perm:if.then8}"
CE0x4df8eb0 "{CE0x4df8eb0|inode_has_perm:entry}"
CE0x4d59a00 "{CE0x4d59a00|inode_has_perm:if.end}"
CE0x4e89970 "{CE0x4e89970|inode_has_perm:tmp18|security/selinux/hooks.c,1617}"
CE0x4e89ca0 "{CE0x4e89ca0|inode_has_perm:tmp18|security/selinux/hooks.c,1617|*SummSink*}"
CONST[source:0(mediator),value:2(dynamic)][purpose:{object}][SnkIdx:6]


CONST[source:1(input),value:2(dynamic)][purpose:{operation}][SrcIdx:24]  ->  CONST[source:0(mediator),value:2(dynamic)][purpose:{subject}][SnkIdx:0]
-----------
CONST[source:1(input),value:2(dynamic)][purpose:{operation}][SrcIdx:24]
CE0x4dd6ec0 "{CE0x4dd6ec0|selinux_file_fcntl:arg|Function::selinux_file_fcntl&Arg::arg::|*SummSource*}"
CE0x4dd6dc0 "{CE0x4dd6dc0|selinux_file_fcntl:arg|Function::selinux_file_fcntl&Arg::arg::}"
CE0x4dd7060 "{CE0x4dd7060|selinux_file_fcntl:and8|security/selinux/hooks.c,3350}"
CE0x4dd6950 "{CE0x4dd6950|selinux_file_fcntl:tobool9|security/selinux/hooks.c,3350}"
CE0x4d4e740 "{CE0x4d4e740|selinux_file_fcntl:if.then10}"
CE0x4d581b0 "{CE0x4d581b0|file_has_perm:entry}"
CE0x4d892b0 "{CE0x4d892b0|file_has_perm:bb}"
CE0x4d6abd0 "{CE0x4d6abd0|file_has_perm:call1|security/selinux/hooks.c,1677}"
CE0x4d84e10 "{CE0x4d84e10|file_has_perm:call1|security/selinux/hooks.c,1677|*SummSink*}"
CONST[source:0(mediator),value:2(dynamic)][purpose:{subject}][SnkIdx:0]


CONST[source:1(input),value:2(dynamic)][purpose:{operation}][SrcIdx:24]  ->  CONST[source:0(mediator),value:2(dynamic)][purpose:{object}][SnkIdx:5]
-----------
CONST[source:1(input),value:2(dynamic)][purpose:{operation}][SrcIdx:24]
CE0x4dd6ec0 "{CE0x4dd6ec0|selinux_file_fcntl:arg|Function::selinux_file_fcntl&Arg::arg::|*SummSource*}"
CE0x4dd6dc0 "{CE0x4dd6dc0|selinux_file_fcntl:arg|Function::selinux_file_fcntl&Arg::arg::}"
CE0x4dd7060 "{CE0x4dd7060|selinux_file_fcntl:and8|security/selinux/hooks.c,3350}"
CE0x4dd6950 "{CE0x4dd6950|selinux_file_fcntl:tobool9|security/selinux/hooks.c,3350}"
CE0x4d4e740 "{CE0x4d4e740|selinux_file_fcntl:if.then10}"
CE0x4d581b0 "{CE0x4d581b0|file_has_perm:entry}"
CE0x4e0f400 "{CE0x4e0f400|file_has_perm:if.then8}"
CE0x4df8eb0 "{CE0x4df8eb0|inode_has_perm:entry}"
CE0x4d59a00 "{CE0x4d59a00|inode_has_perm:if.end}"
CE0x4e1b2a0 "{CE0x4e1b2a0|inode_has_perm:tmp17|security/selinux/hooks.c,1617}"
CE0x4e1b6a0 "{CE0x4e1b6a0|inode_has_perm:tmp17|security/selinux/hooks.c,1617|*SummSink*}"
CONST[source:0(mediator),value:2(dynamic)][purpose:{object}][SnkIdx:5]


CONST[source:1(input),value:2(dynamic)][purpose:{operation}][SrcIdx:24]  ->  CONST[source:0(mediator),value:2(dynamic)][purpose:{object}][SnkIdx:1]
-----------
CONST[source:1(input),value:2(dynamic)][purpose:{operation}][SrcIdx:24]
CE0x4dd6ec0 "{CE0x4dd6ec0|selinux_file_fcntl:arg|Function::selinux_file_fcntl&Arg::arg::|*SummSource*}"
CE0x4dd6dc0 "{CE0x4dd6dc0|selinux_file_fcntl:arg|Function::selinux_file_fcntl&Arg::arg::}"
CE0x4dd7060 "{CE0x4dd7060|selinux_file_fcntl:and8|security/selinux/hooks.c,3350}"
CE0x4dd6950 "{CE0x4dd6950|selinux_file_fcntl:tobool9|security/selinux/hooks.c,3350}"
CE0x4d4e740 "{CE0x4d4e740|selinux_file_fcntl:if.then10}"
CE0x4d581b0 "{CE0x4d581b0|file_has_perm:entry}"
CE0x4d9bf20 "{CE0x4d9bf20|file_has_perm:if.then}"
CE0x4e03080 "{CE0x4e03080|file_has_perm:tmp11|security/selinux/hooks.c,1684}"
CE0x4e03220 "{CE0x4e03220|file_has_perm:tmp11|security/selinux/hooks.c,1684|*SummSink*}"
CONST[source:0(mediator),value:2(dynamic)][purpose:{object}][SnkIdx:1]


CONST[source:1(input),value:2(dynamic)][purpose:{operation}][SrcIdx:24]  ->  CONST[source:0(mediator),value:2(dynamic)][purpose:{subject}][SnkIdx:4]
-----------
CONST[source:1(input),value:2(dynamic)][purpose:{operation}][SrcIdx:24]
CE0x4dd6ec0 "{CE0x4dd6ec0|selinux_file_fcntl:arg|Function::selinux_file_fcntl&Arg::arg::|*SummSource*}"
CE0x4dd6dc0 "{CE0x4dd6dc0|selinux_file_fcntl:arg|Function::selinux_file_fcntl&Arg::arg::}"
CE0x4dd7060 "{CE0x4dd7060|selinux_file_fcntl:and8|security/selinux/hooks.c,3350}"
CE0x4dd6950 "{CE0x4dd6950|selinux_file_fcntl:tobool9|security/selinux/hooks.c,3350}"
CE0x4d4e740 "{CE0x4d4e740|selinux_file_fcntl:if.then10}"
CE0x4d581b0 "{CE0x4d581b0|file_has_perm:entry}"
CE0x4e0f400 "{CE0x4e0f400|file_has_perm:if.then8}"
CE0x4df8eb0 "{CE0x4df8eb0|inode_has_perm:entry}"
CE0x4d59a00 "{CE0x4d59a00|inode_has_perm:if.end}"
CE0x4e885a0 "{CE0x4e885a0|inode_has_perm:call|security/selinux/hooks.c,1614}"
CE0x4e88740 "{CE0x4e88740|inode_has_perm:call|security/selinux/hooks.c,1614|*SummSink*}"
CONST[source:0(mediator),value:2(dynamic)][purpose:{subject}][SnkIdx:4]


CONST[source:1(input),value:2(dynamic)][purpose:{object}][SrcIdx:21]  ->  CONST[source:0(mediator),value:2(dynamic)][purpose:{object}][SnkIdx:6]
-----------
CONST[source:1(input),value:2(dynamic)][purpose:{object}][SrcIdx:21]
CE0x4d85080 "{CE0x4d85080|0:_i32,_4:_i32,_8:_i16,_12:_i32,_16:_i32,_20:_i32,_24:_i32,_56:_i8*,_:_SCMRE_56,64_|*MultipleSource*|*LoadInst*|include/linux/fs.h,1916|security/selinux/hooks.c,1675|Function::inode_has_perm&Arg::inode::|security/selinux/hooks.c,1611}"
CE0x4e26ec0 "{CE0x4e26ec0|inode_has_perm:tmp15|*LoadInst*|security/selinux/hooks.c,1615}"
CE0x4e86f20 "{CE0x4e86f20|inode_has_perm:tmp16|security/selinux/hooks.c,1615}"
CE0x4e19dd0 "{CE0x4e19dd0|inode_has_perm:sclass|security/selinux/hooks.c,1617}"
CE0x4e89970 "{CE0x4e89970|inode_has_perm:tmp18|security/selinux/hooks.c,1617}"
CE0x4e89ca0 "{CE0x4e89ca0|inode_has_perm:tmp18|security/selinux/hooks.c,1617|*SummSink*}"
CONST[source:0(mediator),value:2(dynamic)][purpose:{object}][SnkIdx:6]


CONST[source:1(input),value:2(dynamic)][purpose:{object}][SrcIdx:21]  ->  CONST[source:0(mediator),value:2(dynamic)][purpose:{subject}][SnkIdx:0]
-----------
CONST[source:1(input),value:2(dynamic)][purpose:{object}][SrcIdx:21]
CE0x4dc4a40 "{CE0x4dc4a40|8:_i8,_32:_%struct.inode*,_%struct.selinux_audit_data*,_128:_i32,_456:_i8*,_:_SCMRE_128,132_|*MultipleSource*|security/selinux/hooks.c,3350|Function::selinux_file_fcntl&Arg::file::}"
CE0x4dd3430 "{CE0x4dd3430|selinux_file_fcntl:tmp20|*LoadInst*|security/selinux/hooks.c,3350}"
CE0x4ddab70 "{CE0x4ddab70|selinux_file_fcntl:and|security/selinux/hooks.c,3350}"
CE0x4dd0cc0 "{CE0x4dd0cc0|selinux_file_fcntl:tobool6|security/selinux/hooks.c,3350}"
CE0x4d61b00 "{CE0x4d61b00|selinux_file_fcntl:sw.bb13}"
CE0x4d581b0 "{CE0x4d581b0|file_has_perm:entry}"
CE0x4d892b0 "{CE0x4d892b0|file_has_perm:bb}"
CE0x4d6abd0 "{CE0x4d6abd0|file_has_perm:call1|security/selinux/hooks.c,1677}"
CE0x4d84e10 "{CE0x4d84e10|file_has_perm:call1|security/selinux/hooks.c,1677|*SummSink*}"
CONST[source:0(mediator),value:2(dynamic)][purpose:{subject}][SnkIdx:0]


CONST[source:1(input),value:2(dynamic)][purpose:{object}][SrcIdx:21]  ->  CONST[source:0(mediator),value:2(dynamic)][purpose:{object}][SnkIdx:5]
-----------
CONST[source:1(input),value:2(dynamic)][purpose:{object}][SrcIdx:21]
CE0x4d85080 "{CE0x4d85080|0:_i32,_4:_i32,_8:_i16,_12:_i32,_16:_i32,_20:_i32,_24:_i32,_56:_i8*,_:_SCMRE_56,64_|*MultipleSource*|*LoadInst*|include/linux/fs.h,1916|security/selinux/hooks.c,1675|Function::inode_has_perm&Arg::inode::|security/selinux/hooks.c,1611}"
CE0x4e26ec0 "{CE0x4e26ec0|inode_has_perm:tmp15|*LoadInst*|security/selinux/hooks.c,1615}"
CE0x4e86f20 "{CE0x4e86f20|inode_has_perm:tmp16|security/selinux/hooks.c,1615}"
CE0x4e194e0 "{CE0x4e194e0|inode_has_perm:sid3|security/selinux/hooks.c,1617}"
CE0x4e1b2a0 "{CE0x4e1b2a0|inode_has_perm:tmp17|security/selinux/hooks.c,1617}"
CE0x4e1b6a0 "{CE0x4e1b6a0|inode_has_perm:tmp17|security/selinux/hooks.c,1617|*SummSink*}"
CONST[source:0(mediator),value:2(dynamic)][purpose:{object}][SnkIdx:5]


CONST[source:1(input),value:2(dynamic)][purpose:{object}][SrcIdx:21]  ->  CONST[source:0(mediator),value:2(dynamic)][purpose:{object}][SnkIdx:1]
-----------
CONST[source:1(input),value:2(dynamic)][purpose:{object}][SrcIdx:21]
CE0x4dfe630 "{CE0x4dfe630|0:_i32,_:_CRE_0,4_|*MultipleSource*|security/selinux/hooks.c,1683|*LoadInst*|security/selinux/hooks.c,1674|security/selinux/hooks.c,1674}"
CE0x4e03080 "{CE0x4e03080|file_has_perm:tmp11|security/selinux/hooks.c,1684}"
CE0x4e03220 "{CE0x4e03220|file_has_perm:tmp11|security/selinux/hooks.c,1684|*SummSink*}"
CONST[source:0(mediator),value:2(dynamic)][purpose:{object}][SnkIdx:1]


CONST[source:1(input),value:2(dynamic)][purpose:{object}][SrcIdx:21]  ->  CONST[source:0(mediator),value:2(dynamic)][purpose:{subject}][SnkIdx:4]
-----------
CONST[source:1(input),value:2(dynamic)][purpose:{object}][SrcIdx:21]
CE0x4dfe630 "{CE0x4dfe630|0:_i32,_:_CRE_0,4_|*MultipleSource*|security/selinux/hooks.c,1683|*LoadInst*|security/selinux/hooks.c,1674|security/selinux/hooks.c,1674}"
CE0x4ddb940 "{CE0x4ddb940|file_has_perm:tmp6|security/selinux/hooks.c,1683}"
CE0x4dfe900 "{CE0x4dfe900|file_has_perm:cmp|security/selinux/hooks.c,1683}"
CE0x4e0f400 "{CE0x4e0f400|file_has_perm:if.then8}"
CE0x4df8eb0 "{CE0x4df8eb0|inode_has_perm:entry}"
CE0x4d59a00 "{CE0x4d59a00|inode_has_perm:if.end}"
CE0x4e885a0 "{CE0x4e885a0|inode_has_perm:call|security/selinux/hooks.c,1614}"
CE0x4e88740 "{CE0x4e88740|inode_has_perm:call|security/selinux/hooks.c,1614|*SummSink*}"
CONST[source:0(mediator),value:2(dynamic)][purpose:{subject}][SnkIdx:4]


CONST[source:0(mediator),value:2(dynamic)][purpose:{subject}][SrcIdx:26]  ->  CONST[source:0(mediator),value:2(dynamic)][purpose:{object}][SnkIdx:6]
-----------
CONST[source:0(mediator),value:2(dynamic)][purpose:{subject}][SrcIdx:26]
CE0x4d99940 "{CE0x4d99940|0:_i32,_4:_i32,_8:_i32,_12:_i32,_:_CMRE_4,8_|*MultipleSource*|security/selinux/hooks.c,196|*LoadInst*|security/selinux/hooks.c,196|security/selinux/hooks.c,197}"
CE0x4e0f1f0 "{CE0x4e0f1f0|cred_sid:tmp6|security/selinux/hooks.c,197}"
CE0x4d98da0 "{CE0x4d98da0|_ret_i32_%tmp6,_!dbg_!27716|security/selinux/hooks.c,197}"
CE0x4d6abd0 "{CE0x4d6abd0|file_has_perm:call1|security/selinux/hooks.c,1677}"
CE0x4dfe900 "{CE0x4dfe900|file_has_perm:cmp|security/selinux/hooks.c,1683}"
CE0x4e0f400 "{CE0x4e0f400|file_has_perm:if.then8}"
CE0x4df8eb0 "{CE0x4df8eb0|inode_has_perm:entry}"
CE0x4d59a00 "{CE0x4d59a00|inode_has_perm:if.end}"
CE0x4e89970 "{CE0x4e89970|inode_has_perm:tmp18|security/selinux/hooks.c,1617}"
CE0x4e89ca0 "{CE0x4e89ca0|inode_has_perm:tmp18|security/selinux/hooks.c,1617|*SummSink*}"
CONST[source:0(mediator),value:2(dynamic)][purpose:{object}][SnkIdx:6]


CONST[source:0(mediator),value:2(dynamic)][purpose:{subject}][SrcIdx:26]  ->  CONST[source:0(mediator),value:2(dynamic)][purpose:{object}][SnkIdx:5]
-----------
CONST[source:0(mediator),value:2(dynamic)][purpose:{subject}][SrcIdx:26]
CE0x4d99940 "{CE0x4d99940|0:_i32,_4:_i32,_8:_i32,_12:_i32,_:_CMRE_4,8_|*MultipleSource*|security/selinux/hooks.c,196|*LoadInst*|security/selinux/hooks.c,196|security/selinux/hooks.c,197}"
CE0x4e0f1f0 "{CE0x4e0f1f0|cred_sid:tmp6|security/selinux/hooks.c,197}"
CE0x4d98da0 "{CE0x4d98da0|_ret_i32_%tmp6,_!dbg_!27716|security/selinux/hooks.c,197}"
CE0x4d6abd0 "{CE0x4d6abd0|file_has_perm:call1|security/selinux/hooks.c,1677}"
CE0x4dfe900 "{CE0x4dfe900|file_has_perm:cmp|security/selinux/hooks.c,1683}"
CE0x4e0f400 "{CE0x4e0f400|file_has_perm:if.then8}"
CE0x4df8eb0 "{CE0x4df8eb0|inode_has_perm:entry}"
CE0x4d59a00 "{CE0x4d59a00|inode_has_perm:if.end}"
CE0x4e1b2a0 "{CE0x4e1b2a0|inode_has_perm:tmp17|security/selinux/hooks.c,1617}"
CE0x4e1b6a0 "{CE0x4e1b6a0|inode_has_perm:tmp17|security/selinux/hooks.c,1617|*SummSink*}"
CONST[source:0(mediator),value:2(dynamic)][purpose:{object}][SnkIdx:5]


CONST[source:0(mediator),value:2(dynamic)][purpose:{subject}][SrcIdx:26]  ->  CONST[source:0(mediator),value:2(dynamic)][purpose:{object}][SnkIdx:1]
-----------
CONST[source:0(mediator),value:2(dynamic)][purpose:{subject}][SrcIdx:26]
CE0x4d99940 "{CE0x4d99940|0:_i32,_4:_i32,_8:_i32,_12:_i32,_:_CMRE_4,8_|*MultipleSource*|security/selinux/hooks.c,196|*LoadInst*|security/selinux/hooks.c,196|security/selinux/hooks.c,197}"
CE0x4e0f1f0 "{CE0x4e0f1f0|cred_sid:tmp6|security/selinux/hooks.c,197}"
CE0x4d98da0 "{CE0x4d98da0|_ret_i32_%tmp6,_!dbg_!27716|security/selinux/hooks.c,197}"
CE0x4d6abd0 "{CE0x4d6abd0|file_has_perm:call1|security/selinux/hooks.c,1677}"
CE0x4dfe900 "{CE0x4dfe900|file_has_perm:cmp|security/selinux/hooks.c,1683}"
CE0x4d9bf20 "{CE0x4d9bf20|file_has_perm:if.then}"
CE0x4e03080 "{CE0x4e03080|file_has_perm:tmp11|security/selinux/hooks.c,1684}"
CE0x4e03220 "{CE0x4e03220|file_has_perm:tmp11|security/selinux/hooks.c,1684|*SummSink*}"
CONST[source:0(mediator),value:2(dynamic)][purpose:{object}][SnkIdx:1]


CONST[source:1(input),value:2(dynamic)][purpose:{operation}][SrcIdx:22]  ->  CONST[source:0(mediator),value:2(dynamic)][purpose:{object}][SnkIdx:6]
-----------
CONST[source:1(input),value:2(dynamic)][purpose:{operation}][SrcIdx:22]
CE0x4d83340 "{CE0x4d83340|selinux_file_fcntl:cmd|Function::selinux_file_fcntl&Arg::cmd::|*SummSource*}"
CE0x4d83230 "{CE0x4d83230|selinux_file_fcntl:cmd|Function::selinux_file_fcntl&Arg::cmd::}"
CE0x4d4e740 "{CE0x4d4e740|selinux_file_fcntl:if.then10}"
CE0x4d581b0 "{CE0x4d581b0|file_has_perm:entry}"
CE0x4e0f400 "{CE0x4e0f400|file_has_perm:if.then8}"
CE0x4df8eb0 "{CE0x4df8eb0|inode_has_perm:entry}"
CE0x4d59a00 "{CE0x4d59a00|inode_has_perm:if.end}"
CE0x4e89970 "{CE0x4e89970|inode_has_perm:tmp18|security/selinux/hooks.c,1617}"
CE0x4e89ca0 "{CE0x4e89ca0|inode_has_perm:tmp18|security/selinux/hooks.c,1617|*SummSink*}"
CONST[source:0(mediator),value:2(dynamic)][purpose:{object}][SnkIdx:6]


CONST[source:1(input),value:2(dynamic)][purpose:{operation}][SrcIdx:22]  ->  CONST[source:0(mediator),value:2(dynamic)][purpose:{subject}][SnkIdx:0]
-----------
CONST[source:1(input),value:2(dynamic)][purpose:{operation}][SrcIdx:22]
CE0x4d83340 "{CE0x4d83340|selinux_file_fcntl:cmd|Function::selinux_file_fcntl&Arg::cmd::|*SummSource*}"
CE0x4d83230 "{CE0x4d83230|selinux_file_fcntl:cmd|Function::selinux_file_fcntl&Arg::cmd::}"
CE0x4d77a90 "{CE0x4d77a90|selinux_file_fcntl:sw.bb15}"
CE0x4d581b0 "{CE0x4d581b0|file_has_perm:entry}"
CE0x4d892b0 "{CE0x4d892b0|file_has_perm:bb}"
CE0x4d6abd0 "{CE0x4d6abd0|file_has_perm:call1|security/selinux/hooks.c,1677}"
CE0x4d84e10 "{CE0x4d84e10|file_has_perm:call1|security/selinux/hooks.c,1677|*SummSink*}"
CONST[source:0(mediator),value:2(dynamic)][purpose:{subject}][SnkIdx:0]


CONST[source:1(input),value:2(dynamic)][purpose:{operation}][SrcIdx:22]  ->  CONST[source:0(mediator),value:2(dynamic)][purpose:{object}][SnkIdx:5]
-----------
CONST[source:1(input),value:2(dynamic)][purpose:{operation}][SrcIdx:22]
CE0x4d83340 "{CE0x4d83340|selinux_file_fcntl:cmd|Function::selinux_file_fcntl&Arg::cmd::|*SummSource*}"
CE0x4d83230 "{CE0x4d83230|selinux_file_fcntl:cmd|Function::selinux_file_fcntl&Arg::cmd::}"
CE0x4d4e740 "{CE0x4d4e740|selinux_file_fcntl:if.then10}"
CE0x4d581b0 "{CE0x4d581b0|file_has_perm:entry}"
CE0x4e0f400 "{CE0x4e0f400|file_has_perm:if.then8}"
CE0x4df8eb0 "{CE0x4df8eb0|inode_has_perm:entry}"
CE0x4d59a00 "{CE0x4d59a00|inode_has_perm:if.end}"
CE0x4e1b2a0 "{CE0x4e1b2a0|inode_has_perm:tmp17|security/selinux/hooks.c,1617}"
CE0x4e1b6a0 "{CE0x4e1b6a0|inode_has_perm:tmp17|security/selinux/hooks.c,1617|*SummSink*}"
CONST[source:0(mediator),value:2(dynamic)][purpose:{object}][SnkIdx:5]


CONST[source:1(input),value:2(dynamic)][purpose:{operation}][SrcIdx:22]  ->  CONST[source:0(mediator),value:2(dynamic)][purpose:{object}][SnkIdx:1]
-----------
CONST[source:1(input),value:2(dynamic)][purpose:{operation}][SrcIdx:22]
CE0x4d83340 "{CE0x4d83340|selinux_file_fcntl:cmd|Function::selinux_file_fcntl&Arg::cmd::|*SummSource*}"
CE0x4d83230 "{CE0x4d83230|selinux_file_fcntl:cmd|Function::selinux_file_fcntl&Arg::cmd::}"
CE0x4d4e740 "{CE0x4d4e740|selinux_file_fcntl:if.then10}"
CE0x4d581b0 "{CE0x4d581b0|file_has_perm:entry}"
CE0x4d9bf20 "{CE0x4d9bf20|file_has_perm:if.then}"
CE0x4e03080 "{CE0x4e03080|file_has_perm:tmp11|security/selinux/hooks.c,1684}"
CE0x4e03220 "{CE0x4e03220|file_has_perm:tmp11|security/selinux/hooks.c,1684|*SummSink*}"
CONST[source:0(mediator),value:2(dynamic)][purpose:{object}][SnkIdx:1]


CONST[source:1(input),value:2(dynamic)][purpose:{operation}][SrcIdx:22]  ->  CONST[source:0(mediator),value:2(dynamic)][purpose:{subject}][SnkIdx:4]
-----------
CONST[source:1(input),value:2(dynamic)][purpose:{operation}][SrcIdx:22]
CE0x4d83340 "{CE0x4d83340|selinux_file_fcntl:cmd|Function::selinux_file_fcntl&Arg::cmd::|*SummSource*}"
CE0x4d83230 "{CE0x4d83230|selinux_file_fcntl:cmd|Function::selinux_file_fcntl&Arg::cmd::}"
CE0x4d4e740 "{CE0x4d4e740|selinux_file_fcntl:if.then10}"
CE0x4d581b0 "{CE0x4d581b0|file_has_perm:entry}"
CE0x4e0f400 "{CE0x4e0f400|file_has_perm:if.then8}"
CE0x4df8eb0 "{CE0x4df8eb0|inode_has_perm:entry}"
CE0x4d59a00 "{CE0x4d59a00|inode_has_perm:if.end}"
CE0x4e885a0 "{CE0x4e885a0|inode_has_perm:call|security/selinux/hooks.c,1614}"
CE0x4e88740 "{CE0x4e88740|inode_has_perm:call|security/selinux/hooks.c,1614|*SummSink*}"
CONST[source:0(mediator),value:2(dynamic)][purpose:{subject}][SnkIdx:4]


CONST[source:0(mediator),value:0(static)][purpose:{operation}][SrcIdx:23]  ->  CONST[source:0(mediator),value:2(dynamic)][purpose:{object}][SnkIdx:6]
-----------
CONST[source:0(mediator),value:0(static)][purpose:{operation}][SrcIdx:23]
CE0x4d808a0 "{CE0x4d808a0|file_has_perm:av|Function::file_has_perm&Arg::av::|*SummSource*}"
CE0x4d80690 "{CE0x4d80690|file_has_perm:av|Function::file_has_perm&Arg::av::}"
CE0x4df2210 "{CE0x4df2210|file_has_perm:tobool7|security/selinux/hooks.c,1694}"
CE0x4e0f400 "{CE0x4e0f400|file_has_perm:if.then8}"
CE0x4df8eb0 "{CE0x4df8eb0|inode_has_perm:entry}"
CE0x4d59a00 "{CE0x4d59a00|inode_has_perm:if.end}"
CE0x4e89970 "{CE0x4e89970|inode_has_perm:tmp18|security/selinux/hooks.c,1617}"
CE0x4e89ca0 "{CE0x4e89ca0|inode_has_perm:tmp18|security/selinux/hooks.c,1617|*SummSink*}"
CONST[source:0(mediator),value:2(dynamic)][purpose:{object}][SnkIdx:6]


CONST[source:0(mediator),value:0(static)][purpose:{operation}][SrcIdx:23]  ->  CONST[source:0(mediator),value:2(dynamic)][purpose:{object}][SnkIdx:5]
-----------
CONST[source:0(mediator),value:0(static)][purpose:{operation}][SrcIdx:23]
CE0x4d808a0 "{CE0x4d808a0|file_has_perm:av|Function::file_has_perm&Arg::av::|*SummSource*}"
CE0x4d80690 "{CE0x4d80690|file_has_perm:av|Function::file_has_perm&Arg::av::}"
CE0x4df2210 "{CE0x4df2210|file_has_perm:tobool7|security/selinux/hooks.c,1694}"
CE0x4e0f400 "{CE0x4e0f400|file_has_perm:if.then8}"
CE0x4df8eb0 "{CE0x4df8eb0|inode_has_perm:entry}"
CE0x4d59a00 "{CE0x4d59a00|inode_has_perm:if.end}"
CE0x4e1b2a0 "{CE0x4e1b2a0|inode_has_perm:tmp17|security/selinux/hooks.c,1617}"
CE0x4e1b6a0 "{CE0x4e1b6a0|inode_has_perm:tmp17|security/selinux/hooks.c,1617|*SummSink*}"
CONST[source:0(mediator),value:2(dynamic)][purpose:{object}][SnkIdx:5]


CONST[source:0(mediator),value:0(static)][purpose:{operation}][SrcIdx:23]  ->  CONST[source:0(mediator),value:2(dynamic)][purpose:{subject}][SnkIdx:4]
-----------
CONST[source:0(mediator),value:0(static)][purpose:{operation}][SrcIdx:23]
CE0x4d808a0 "{CE0x4d808a0|file_has_perm:av|Function::file_has_perm&Arg::av::|*SummSource*}"
CE0x4d80690 "{CE0x4d80690|file_has_perm:av|Function::file_has_perm&Arg::av::}"
CE0x4df2210 "{CE0x4df2210|file_has_perm:tobool7|security/selinux/hooks.c,1694}"
CE0x4e0f400 "{CE0x4e0f400|file_has_perm:if.then8}"
CE0x4df8eb0 "{CE0x4df8eb0|inode_has_perm:entry}"
CE0x4d59a00 "{CE0x4d59a00|inode_has_perm:if.end}"
CE0x4e885a0 "{CE0x4e885a0|inode_has_perm:call|security/selinux/hooks.c,1614}"
CE0x4e88740 "{CE0x4e88740|inode_has_perm:call|security/selinux/hooks.c,1614|*SummSink*}"
CONST[source:0(mediator),value:2(dynamic)][purpose:{subject}][SnkIdx:4]


CONST[source:2(external),value:2(dynamic)][purpose:{subject}][SrcIdx:25]  ->  CONST[source:0(mediator),value:2(dynamic)][purpose:{object}][SnkIdx:6]
-----------
CONST[source:2(external),value:2(dynamic)][purpose:{subject}][SrcIdx:25]
CE0x4d58520 "{CE0x4d58520|COLLAPSED:_GCMRE_current_task_external_global_%struct.task_struct*:_elem_0::|security/selinux/hooks.c,3345}"
CE0x4d56300 "{CE0x4d56300|selinux_file_fcntl:tmp19|security/selinux/hooks.c,3345}"
CE0x4d7fd90 "{CE0x4d7fd90|file_has_perm:cred|Function::file_has_perm&Arg::cred::}"
CE0x4da6f00 "{CE0x4da6f00|cred_sid:cred|Function::cred_sid&Arg::cred::}"
CE0x4dfadd0 "{CE0x4dfadd0|cred_sid:security|security/selinux/hooks.c,196}"
CE0x4d5c280 "{CE0x4d5c280|cred_sid:tmp4|*LoadInst*|security/selinux/hooks.c,196}"
CE0x4d5b940 "{CE0x4d5b940|cred_sid:tmp5|security/selinux/hooks.c,196}"
CE0x4d9aa80 "{CE0x4d9aa80|cred_sid:sid|security/selinux/hooks.c,197}"
CE0x4e0f1f0 "{CE0x4e0f1f0|cred_sid:tmp6|security/selinux/hooks.c,197}"
CE0x4d98da0 "{CE0x4d98da0|_ret_i32_%tmp6,_!dbg_!27716|security/selinux/hooks.c,197}"
CE0x4d6abd0 "{CE0x4d6abd0|file_has_perm:call1|security/selinux/hooks.c,1677}"
CE0x4dfe900 "{CE0x4dfe900|file_has_perm:cmp|security/selinux/hooks.c,1683}"
CE0x4e0f400 "{CE0x4e0f400|file_has_perm:if.then8}"
CE0x4df8eb0 "{CE0x4df8eb0|inode_has_perm:entry}"
CE0x4d59a00 "{CE0x4d59a00|inode_has_perm:if.end}"
CE0x4e89970 "{CE0x4e89970|inode_has_perm:tmp18|security/selinux/hooks.c,1617}"
CE0x4e89ca0 "{CE0x4e89ca0|inode_has_perm:tmp18|security/selinux/hooks.c,1617|*SummSink*}"
CONST[source:0(mediator),value:2(dynamic)][purpose:{object}][SnkIdx:6]


CONST[source:2(external),value:2(dynamic)][purpose:{subject}][SrcIdx:25]  ->  CONST[source:0(mediator),value:2(dynamic)][purpose:{subject}][SnkIdx:0]
-----------
CONST[source:2(external),value:2(dynamic)][purpose:{subject}][SrcIdx:25]
CE0x4d58520 "{CE0x4d58520|COLLAPSED:_GCMRE_current_task_external_global_%struct.task_struct*:_elem_0::|security/selinux/hooks.c,3345}"
CE0x4d56300 "{CE0x4d56300|selinux_file_fcntl:tmp19|security/selinux/hooks.c,3345}"
CE0x4d7fd90 "{CE0x4d7fd90|file_has_perm:cred|Function::file_has_perm&Arg::cred::}"
CE0x4da6f00 "{CE0x4da6f00|cred_sid:cred|Function::cred_sid&Arg::cred::}"
CE0x4dfadd0 "{CE0x4dfadd0|cred_sid:security|security/selinux/hooks.c,196}"
CE0x4d5c280 "{CE0x4d5c280|cred_sid:tmp4|*LoadInst*|security/selinux/hooks.c,196}"
CE0x4d5b940 "{CE0x4d5b940|cred_sid:tmp5|security/selinux/hooks.c,196}"
CE0x4d9aa80 "{CE0x4d9aa80|cred_sid:sid|security/selinux/hooks.c,197}"
CE0x4e0f1f0 "{CE0x4e0f1f0|cred_sid:tmp6|security/selinux/hooks.c,197}"
CE0x4d98da0 "{CE0x4d98da0|_ret_i32_%tmp6,_!dbg_!27716|security/selinux/hooks.c,197}"
CE0x4d6abd0 "{CE0x4d6abd0|file_has_perm:call1|security/selinux/hooks.c,1677}"
CE0x4d84e10 "{CE0x4d84e10|file_has_perm:call1|security/selinux/hooks.c,1677|*SummSink*}"
CONST[source:0(mediator),value:2(dynamic)][purpose:{subject}][SnkIdx:0]


CONST[source:2(external),value:2(dynamic)][purpose:{subject}][SrcIdx:25]  ->  CONST[source:0(mediator),value:2(dynamic)][purpose:{object}][SnkIdx:5]
-----------
CONST[source:2(external),value:2(dynamic)][purpose:{subject}][SrcIdx:25]
CE0x4d58520 "{CE0x4d58520|COLLAPSED:_GCMRE_current_task_external_global_%struct.task_struct*:_elem_0::|security/selinux/hooks.c,3345}"
CE0x4d56300 "{CE0x4d56300|selinux_file_fcntl:tmp19|security/selinux/hooks.c,3345}"
CE0x4d7fd90 "{CE0x4d7fd90|file_has_perm:cred|Function::file_has_perm&Arg::cred::}"
CE0x4da6f00 "{CE0x4da6f00|cred_sid:cred|Function::cred_sid&Arg::cred::}"
CE0x4dfadd0 "{CE0x4dfadd0|cred_sid:security|security/selinux/hooks.c,196}"
CE0x4d5c280 "{CE0x4d5c280|cred_sid:tmp4|*LoadInst*|security/selinux/hooks.c,196}"
CE0x4d5b940 "{CE0x4d5b940|cred_sid:tmp5|security/selinux/hooks.c,196}"
CE0x4d9aa80 "{CE0x4d9aa80|cred_sid:sid|security/selinux/hooks.c,197}"
CE0x4e0f1f0 "{CE0x4e0f1f0|cred_sid:tmp6|security/selinux/hooks.c,197}"
CE0x4d98da0 "{CE0x4d98da0|_ret_i32_%tmp6,_!dbg_!27716|security/selinux/hooks.c,197}"
CE0x4d6abd0 "{CE0x4d6abd0|file_has_perm:call1|security/selinux/hooks.c,1677}"
CE0x4dfe900 "{CE0x4dfe900|file_has_perm:cmp|security/selinux/hooks.c,1683}"
CE0x4e0f400 "{CE0x4e0f400|file_has_perm:if.then8}"
CE0x4df8eb0 "{CE0x4df8eb0|inode_has_perm:entry}"
CE0x4d59a00 "{CE0x4d59a00|inode_has_perm:if.end}"
CE0x4e1b2a0 "{CE0x4e1b2a0|inode_has_perm:tmp17|security/selinux/hooks.c,1617}"
CE0x4e1b6a0 "{CE0x4e1b6a0|inode_has_perm:tmp17|security/selinux/hooks.c,1617|*SummSink*}"
CONST[source:0(mediator),value:2(dynamic)][purpose:{object}][SnkIdx:5]


CONST[source:2(external),value:2(dynamic)][purpose:{subject}][SrcIdx:25]  ->  CONST[source:0(mediator),value:2(dynamic)][purpose:{object}][SnkIdx:1]
-----------
CONST[source:2(external),value:2(dynamic)][purpose:{subject}][SrcIdx:25]
CE0x4d58520 "{CE0x4d58520|COLLAPSED:_GCMRE_current_task_external_global_%struct.task_struct*:_elem_0::|security/selinux/hooks.c,3345}"
CE0x4d56300 "{CE0x4d56300|selinux_file_fcntl:tmp19|security/selinux/hooks.c,3345}"
CE0x4d7fd90 "{CE0x4d7fd90|file_has_perm:cred|Function::file_has_perm&Arg::cred::}"
CE0x4da6f00 "{CE0x4da6f00|cred_sid:cred|Function::cred_sid&Arg::cred::}"
CE0x4dfadd0 "{CE0x4dfadd0|cred_sid:security|security/selinux/hooks.c,196}"
CE0x4d5c280 "{CE0x4d5c280|cred_sid:tmp4|*LoadInst*|security/selinux/hooks.c,196}"
CE0x4d5b940 "{CE0x4d5b940|cred_sid:tmp5|security/selinux/hooks.c,196}"
CE0x4d9aa80 "{CE0x4d9aa80|cred_sid:sid|security/selinux/hooks.c,197}"
CE0x4e0f1f0 "{CE0x4e0f1f0|cred_sid:tmp6|security/selinux/hooks.c,197}"
CE0x4d98da0 "{CE0x4d98da0|_ret_i32_%tmp6,_!dbg_!27716|security/selinux/hooks.c,197}"
CE0x4d6abd0 "{CE0x4d6abd0|file_has_perm:call1|security/selinux/hooks.c,1677}"
CE0x4dfe900 "{CE0x4dfe900|file_has_perm:cmp|security/selinux/hooks.c,1683}"
CE0x4d9bf20 "{CE0x4d9bf20|file_has_perm:if.then}"
CE0x4e03080 "{CE0x4e03080|file_has_perm:tmp11|security/selinux/hooks.c,1684}"
CE0x4e03220 "{CE0x4e03220|file_has_perm:tmp11|security/selinux/hooks.c,1684|*SummSink*}"
CONST[source:0(mediator),value:2(dynamic)][purpose:{object}][SnkIdx:1]


CONST[source:2(external),value:2(dynamic)][purpose:{subject}][SrcIdx:25]  ->  CONST[source:0(mediator),value:2(dynamic)][purpose:{subject}][SnkIdx:4]
-----------
CONST[source:2(external),value:2(dynamic)][purpose:{subject}][SrcIdx:25]
CE0x4d58520 "{CE0x4d58520|COLLAPSED:_GCMRE_current_task_external_global_%struct.task_struct*:_elem_0::|security/selinux/hooks.c,3345}"
CE0x4d56300 "{CE0x4d56300|selinux_file_fcntl:tmp19|security/selinux/hooks.c,3345}"
CE0x4d7fd90 "{CE0x4d7fd90|file_has_perm:cred|Function::file_has_perm&Arg::cred::}"
CE0x4df9160 "{CE0x4df9160|inode_has_perm:cred|Function::inode_has_perm&Arg::cred::}"
CE0x4e26830 "{CE0x4e26830|cred_sid:cred|Function::cred_sid&Arg::cred::}"
CE0x4e52af0 "{CE0x4e52af0|cred_sid:security|security/selinux/hooks.c,196}"
CE0x4e51a70 "{CE0x4e51a70|cred_sid:tmp4|*LoadInst*|security/selinux/hooks.c,196}"
CE0x4e51b40 "{CE0x4e51b40|cred_sid:tmp5|security/selinux/hooks.c,196}"
CE0x4e509f0 "{CE0x4e509f0|cred_sid:sid|security/selinux/hooks.c,197}"
CE0x4e55600 "{CE0x4e55600|cred_sid:tmp6|security/selinux/hooks.c,197}"
CE0x4e269a0 "{CE0x4e269a0|_ret_i32_%tmp6,_!dbg_!27716|security/selinux/hooks.c,197}"
CE0x4e885a0 "{CE0x4e885a0|inode_has_perm:call|security/selinux/hooks.c,1614}"
CE0x4e88740 "{CE0x4e88740|inode_has_perm:call|security/selinux/hooks.c,1614|*SummSink*}"
CONST[source:0(mediator),value:2(dynamic)][purpose:{subject}][SnkIdx:4]


CONST[source:2(external),value:0(static)][purpose:{operation}][SrcIdx:19]  ->  CONST[source:0(mediator),value:2(dynamic)][purpose:{object}][SnkIdx:6]
-----------
CONST[source:2(external),value:0(static)][purpose:{operation}][SrcIdx:19]
CE0x4dd63a0 "{CE0x4dd63a0|i64_1024|*Constant*}"
CE0x4dd7060 "{CE0x4dd7060|selinux_file_fcntl:and8|security/selinux/hooks.c,3350}"
CE0x4dd6950 "{CE0x4dd6950|selinux_file_fcntl:tobool9|security/selinux/hooks.c,3350}"
CE0x4d4e740 "{CE0x4d4e740|selinux_file_fcntl:if.then10}"
CE0x4d581b0 "{CE0x4d581b0|file_has_perm:entry}"
CE0x4e0f400 "{CE0x4e0f400|file_has_perm:if.then8}"
CE0x4df8eb0 "{CE0x4df8eb0|inode_has_perm:entry}"
CE0x4d59a00 "{CE0x4d59a00|inode_has_perm:if.end}"
CE0x4e89970 "{CE0x4e89970|inode_has_perm:tmp18|security/selinux/hooks.c,1617}"
CE0x4e89ca0 "{CE0x4e89ca0|inode_has_perm:tmp18|security/selinux/hooks.c,1617|*SummSink*}"
CONST[source:0(mediator),value:2(dynamic)][purpose:{object}][SnkIdx:6]


CONST[source:2(external),value:0(static)][purpose:{operation}][SrcIdx:19]  ->  CONST[source:0(mediator),value:2(dynamic)][purpose:{subject}][SnkIdx:0]
-----------
CONST[source:2(external),value:0(static)][purpose:{operation}][SrcIdx:19]
CE0x4dd63a0 "{CE0x4dd63a0|i64_1024|*Constant*}"
CE0x4dd7060 "{CE0x4dd7060|selinux_file_fcntl:and8|security/selinux/hooks.c,3350}"
CE0x4dd6950 "{CE0x4dd6950|selinux_file_fcntl:tobool9|security/selinux/hooks.c,3350}"
CE0x4d61b00 "{CE0x4d61b00|selinux_file_fcntl:sw.bb13}"
CE0x4d581b0 "{CE0x4d581b0|file_has_perm:entry}"
CE0x4d892b0 "{CE0x4d892b0|file_has_perm:bb}"
CE0x4d6abd0 "{CE0x4d6abd0|file_has_perm:call1|security/selinux/hooks.c,1677}"
CE0x4d84e10 "{CE0x4d84e10|file_has_perm:call1|security/selinux/hooks.c,1677|*SummSink*}"
CONST[source:0(mediator),value:2(dynamic)][purpose:{subject}][SnkIdx:0]


CONST[source:2(external),value:0(static)][purpose:{operation}][SrcIdx:19]  ->  CONST[source:0(mediator),value:2(dynamic)][purpose:{object}][SnkIdx:5]
-----------
CONST[source:2(external),value:0(static)][purpose:{operation}][SrcIdx:19]
CE0x4dd63a0 "{CE0x4dd63a0|i64_1024|*Constant*}"
CE0x4dd7060 "{CE0x4dd7060|selinux_file_fcntl:and8|security/selinux/hooks.c,3350}"
CE0x4dd6950 "{CE0x4dd6950|selinux_file_fcntl:tobool9|security/selinux/hooks.c,3350}"
CE0x4d4e740 "{CE0x4d4e740|selinux_file_fcntl:if.then10}"
CE0x4d581b0 "{CE0x4d581b0|file_has_perm:entry}"
CE0x4e0f400 "{CE0x4e0f400|file_has_perm:if.then8}"
CE0x4df8eb0 "{CE0x4df8eb0|inode_has_perm:entry}"
CE0x4d59a00 "{CE0x4d59a00|inode_has_perm:if.end}"
CE0x4e1b2a0 "{CE0x4e1b2a0|inode_has_perm:tmp17|security/selinux/hooks.c,1617}"
CE0x4e1b6a0 "{CE0x4e1b6a0|inode_has_perm:tmp17|security/selinux/hooks.c,1617|*SummSink*}"
CONST[source:0(mediator),value:2(dynamic)][purpose:{object}][SnkIdx:5]


CONST[source:2(external),value:0(static)][purpose:{operation}][SrcIdx:19]  ->  CONST[source:0(mediator),value:2(dynamic)][purpose:{object}][SnkIdx:1]
-----------
CONST[source:2(external),value:0(static)][purpose:{operation}][SrcIdx:19]
CE0x4dd63a0 "{CE0x4dd63a0|i64_1024|*Constant*}"
CE0x4dd7060 "{CE0x4dd7060|selinux_file_fcntl:and8|security/selinux/hooks.c,3350}"
CE0x4dd6950 "{CE0x4dd6950|selinux_file_fcntl:tobool9|security/selinux/hooks.c,3350}"
CE0x4d4e740 "{CE0x4d4e740|selinux_file_fcntl:if.then10}"
CE0x4d581b0 "{CE0x4d581b0|file_has_perm:entry}"
CE0x4d9bf20 "{CE0x4d9bf20|file_has_perm:if.then}"
CE0x4e03080 "{CE0x4e03080|file_has_perm:tmp11|security/selinux/hooks.c,1684}"
CE0x4e03220 "{CE0x4e03220|file_has_perm:tmp11|security/selinux/hooks.c,1684|*SummSink*}"
CONST[source:0(mediator),value:2(dynamic)][purpose:{object}][SnkIdx:1]


CONST[source:2(external),value:0(static)][purpose:{operation}][SrcIdx:19]  ->  CONST[source:0(mediator),value:2(dynamic)][purpose:{subject}][SnkIdx:4]
-----------
CONST[source:2(external),value:0(static)][purpose:{operation}][SrcIdx:19]
CE0x4dd63a0 "{CE0x4dd63a0|i64_1024|*Constant*}"
CE0x4dd7060 "{CE0x4dd7060|selinux_file_fcntl:and8|security/selinux/hooks.c,3350}"
CE0x4dd6950 "{CE0x4dd6950|selinux_file_fcntl:tobool9|security/selinux/hooks.c,3350}"
CE0x4d4e740 "{CE0x4d4e740|selinux_file_fcntl:if.then10}"
CE0x4d581b0 "{CE0x4d581b0|file_has_perm:entry}"
CE0x4e0f400 "{CE0x4e0f400|file_has_perm:if.then8}"
CE0x4df8eb0 "{CE0x4df8eb0|inode_has_perm:entry}"
CE0x4d59a00 "{CE0x4d59a00|inode_has_perm:if.end}"
CE0x4e885a0 "{CE0x4e885a0|inode_has_perm:call|security/selinux/hooks.c,1614}"
CE0x4e88740 "{CE0x4e88740|inode_has_perm:call|security/selinux/hooks.c,1614|*SummSink*}"
CONST[source:0(mediator),value:2(dynamic)][purpose:{subject}][SnkIdx:4]


