[selinux_task_movememory]

explicit:
CONST[source:2(external),value:2(dynamic)][purpose:{subject}][SrcIdx:4]  ->  CONST[source:0(mediator),value:2(dynamic)][purpose:{subject}][SnkIdx:0]
-----------
CONST[source:2(external),value:2(dynamic)][purpose:{subject}][SrcIdx:4]
CE0x50ce680 "{CE0x50ce680|COLLAPSED:_CMRE:_elem_0::|security/selinux/hooks.c,218}"
CE0x50ceca0 "{CE0x50ceca0|current_sid:tmp22|security/selinux/hooks.c,218}"
CE0x50cef90 "{CE0x50cef90|current_sid:tmp23|security/selinux/hooks.c,218}"
CE0x50b8260 "{CE0x50b8260|current_sid:sid|security/selinux/hooks.c,220}"
CE0x50d1060 "{CE0x50d1060|current_sid:tmp24|security/selinux/hooks.c,220}"
CE0x50920a0 "{CE0x50920a0|_ret_i32_%tmp24,_!dbg_!27742|security/selinux/hooks.c,220}"
CE0x50a7910 "{CE0x50a7910|current_has_perm:call|security/selinux/hooks.c,1542}"
CE0x5091980 "{CE0x5091980|current_has_perm:call|security/selinux/hooks.c,1542|*SummSink*}"
CONST[source:0(mediator),value:2(dynamic)][purpose:{subject}][SnkIdx:0]


CONST[source:1(input),value:2(dynamic)][purpose:{object}][SrcIdx:2]  ->  CONST[source:0(mediator),value:2(dynamic)][purpose:{object}][SnkIdx:1]
-----------
CONST[source:1(input),value:2(dynamic)][purpose:{object}][SrcIdx:2]
CE0x510eb90 "{CE0x510eb90|2472:_%struct.cred*,_:_CRE_2472,2480_|*MultipleSource*|Function::task_sid&Arg::task::|Function::current_has_perm&Arg::tsk::|Function::selinux_task_movememory&Arg::p::|security/selinux/hooks.c,208}"
CE0x5136050 "{CE0x5136050|task_sid:tmp4|*LoadInst*|security/selinux/hooks.c,208}"
CE0x514d470 "{CE0x514d470|cred_sid:cred|Function::cred_sid&Arg::cred::}"
CE0x50f0dd0 "{CE0x50f0dd0|cred_sid:security|security/selinux/hooks.c,196}"
CE0x50d0cc0 "{CE0x50d0cc0|cred_sid:tmp4|*LoadInst*|security/selinux/hooks.c,196}"
CE0x50f1d00 "{CE0x50f1d00|cred_sid:tmp5|security/selinux/hooks.c,196}"
CE0x5177900 "{CE0x5177900|cred_sid:sid|security/selinux/hooks.c,197}"
CE0x51770e0 "{CE0x51770e0|cred_sid:tmp6|security/selinux/hooks.c,197}"
CE0x514d7d0 "{CE0x514d7d0|_ret_i32_%tmp6,_!dbg_!27716|security/selinux/hooks.c,197}"
CE0x514c110 "{CE0x514c110|task_sid:call7|security/selinux/hooks.c,208}"
CE0x508eb60 "{CE0x508eb60|_ret_i32_%call7,_!dbg_!27749|security/selinux/hooks.c,210}"
CE0x5092650 "{CE0x5092650|current_has_perm:call1|security/selinux/hooks.c,1543}"
CE0x5092490 "{CE0x5092490|current_has_perm:call1|security/selinux/hooks.c,1543|*SummSink*}"
CONST[source:0(mediator),value:2(dynamic)][purpose:{object}][SnkIdx:1]



implicit:
CONST[source:1(input),value:2(dynamic)][purpose:{object}][SrcIdx:2]  ->  CONST[source:0(mediator),value:2(dynamic)][purpose:{object}][SnkIdx:1]
-----------
CONST[source:1(input),value:2(dynamic)][purpose:{object}][SrcIdx:2]
CE0x510eb90 "{CE0x510eb90|2472:_%struct.cred*,_:_CRE_2472,2480_|*MultipleSource*|Function::task_sid&Arg::task::|Function::current_has_perm&Arg::tsk::|Function::selinux_task_movememory&Arg::p::|security/selinux/hooks.c,208}"
CE0x5136050 "{CE0x5136050|task_sid:tmp4|*LoadInst*|security/selinux/hooks.c,208}"
CE0x514d470 "{CE0x514d470|cred_sid:cred|Function::cred_sid&Arg::cred::}"
CE0x50f0dd0 "{CE0x50f0dd0|cred_sid:security|security/selinux/hooks.c,196}"
CE0x50d0cc0 "{CE0x50d0cc0|cred_sid:tmp4|*LoadInst*|security/selinux/hooks.c,196}"
CE0x50f1d00 "{CE0x50f1d00|cred_sid:tmp5|security/selinux/hooks.c,196}"
CE0x5177900 "{CE0x5177900|cred_sid:sid|security/selinux/hooks.c,197}"
CE0x51770e0 "{CE0x51770e0|cred_sid:tmp6|security/selinux/hooks.c,197}"
CE0x514d7d0 "{CE0x514d7d0|_ret_i32_%tmp6,_!dbg_!27716|security/selinux/hooks.c,197}"
CE0x514c110 "{CE0x514c110|task_sid:call7|security/selinux/hooks.c,208}"
CE0x508eb60 "{CE0x508eb60|_ret_i32_%call7,_!dbg_!27749|security/selinux/hooks.c,210}"
CE0x5092650 "{CE0x5092650|current_has_perm:call1|security/selinux/hooks.c,1543}"
CE0x5092490 "{CE0x5092490|current_has_perm:call1|security/selinux/hooks.c,1543|*SummSink*}"
CONST[source:0(mediator),value:2(dynamic)][purpose:{object}][SnkIdx:1]


CONST[source:2(external),value:2(dynamic)][purpose:{subject}][SrcIdx:4]  ->  CONST[source:0(mediator),value:2(dynamic)][purpose:{subject}][SnkIdx:0]
-----------
CONST[source:2(external),value:2(dynamic)][purpose:{subject}][SrcIdx:4]
CE0x509f630 "{CE0x509f630|COLLAPSED:_GCMRE_current_task_external_global_%struct.task_struct*:_elem_0::|security/selinux/hooks.c,218}"
CE0x50ceca0 "{CE0x50ceca0|current_sid:tmp22|security/selinux/hooks.c,218}"
CE0x50cef90 "{CE0x50cef90|current_sid:tmp23|security/selinux/hooks.c,218}"
CE0x50b8260 "{CE0x50b8260|current_sid:sid|security/selinux/hooks.c,220}"
CE0x50d1060 "{CE0x50d1060|current_sid:tmp24|security/selinux/hooks.c,220}"
CE0x50920a0 "{CE0x50920a0|_ret_i32_%tmp24,_!dbg_!27742|security/selinux/hooks.c,220}"
CE0x50a7910 "{CE0x50a7910|current_has_perm:call|security/selinux/hooks.c,1542}"
CE0x5091980 "{CE0x5091980|current_has_perm:call|security/selinux/hooks.c,1542|*SummSink*}"
CONST[source:0(mediator),value:2(dynamic)][purpose:{subject}][SnkIdx:0]


