[selinux_task_setrlimit]

explicit:
CONST[source:2(external),value:2(dynamic)][purpose:{subject}][SrcIdx:6]  ->  CONST[source:0(mediator),value:2(dynamic)][purpose:{subject}][SnkIdx:0]
-----------
CONST[source:2(external),value:2(dynamic)][purpose:{subject}][SrcIdx:6]
CE0x4735a40 "{CE0x4735a40|COLLAPSED:_CMRE:_elem_0::|security/selinux/hooks.c,218}"
CE0x473e560 "{CE0x473e560|current_sid:tmp22|security/selinux/hooks.c,218}"
CE0x473e850 "{CE0x473e850|current_sid:tmp23|security/selinux/hooks.c,218}"
CE0x473f220 "{CE0x473f220|current_sid:sid|security/selinux/hooks.c,220}"
CE0x4740050 "{CE0x4740050|current_sid:tmp24|security/selinux/hooks.c,220}"
CE0x4715b80 "{CE0x4715b80|_ret_i32_%tmp24,_!dbg_!27742|security/selinux/hooks.c,220}"
CE0x4701850 "{CE0x4701850|current_has_perm:call|security/selinux/hooks.c,1542}"
CE0x47152f0 "{CE0x47152f0|current_has_perm:call|security/selinux/hooks.c,1542|*SummSink*}"
CONST[source:0(mediator),value:2(dynamic)][purpose:{subject}][SnkIdx:0]


CONST[source:1(input),value:2(dynamic)][purpose:{object}][SrcIdx:2]  ->  CONST[source:0(mediator),value:2(dynamic)][purpose:{object}][SnkIdx:1]
-----------
CONST[source:1(input),value:2(dynamic)][purpose:{object}][SrcIdx:2]
CE0x46b79b0 "{CE0x46b79b0|2472:_%struct.cred*,_2752:_%struct.signal_struct*,_:_CRE_2472,2480_|*MultipleSource*|security/selinux/hooks.c,3622|Function::selinux_task_setrlimit&Arg::p::}"
CE0x4735fe0 "{CE0x4735fe0|task_sid:tmp4|*LoadInst*|security/selinux/hooks.c,208}"
CE0x470b4f0 "{CE0x470b4f0|cred_sid:cred|Function::cred_sid&Arg::cred::}"
CE0x476a510 "{CE0x476a510|cred_sid:security|security/selinux/hooks.c,196}"
CE0x477d4e0 "{CE0x477d4e0|cred_sid:tmp4|*LoadInst*|security/selinux/hooks.c,196}"
CE0x4728fd0 "{CE0x4728fd0|cred_sid:tmp5|security/selinux/hooks.c,196}"
CE0x4783500 "{CE0x4783500|cred_sid:sid|security/selinux/hooks.c,197}"
CE0x47843e0 "{CE0x47843e0|cred_sid:tmp6|security/selinux/hooks.c,197}"
CE0x470b850 "{CE0x470b850|_ret_i32_%tmp6,_!dbg_!27716|security/selinux/hooks.c,197}"
CE0x4752400 "{CE0x4752400|task_sid:call7|security/selinux/hooks.c,208}"
CE0x4704740 "{CE0x4704740|_ret_i32_%call7,_!dbg_!27749|security/selinux/hooks.c,210}"
CE0x4703b80 "{CE0x4703b80|current_has_perm:call1|security/selinux/hooks.c,1543}"
CE0x4715f40 "{CE0x4715f40|current_has_perm:call1|security/selinux/hooks.c,1543|*SummSink*}"
CONST[source:0(mediator),value:2(dynamic)][purpose:{object}][SnkIdx:1]



implicit:
CONST[source:1(input),value:2(dynamic)][purpose:{object}][SrcIdx:3]  ->  CONST[source:0(mediator),value:2(dynamic)][purpose:{subject}][SnkIdx:0]
-----------
CONST[source:1(input),value:2(dynamic)][purpose:{object}][SrcIdx:3]
CE0x470e8c0 "{CE0x470e8c0|selinux_task_setrlimit:resource|Function::selinux_task_setrlimit&Arg::resource::|*SummSource*}"
CE0x470e600 "{CE0x470e600|selinux_task_setrlimit:resource|Function::selinux_task_setrlimit&Arg::resource::}"
CE0x470ee00 "{CE0x470ee00|selinux_task_setrlimit:idx.ext|security/selinux/hooks.c,3622}"
CE0x470f0e0 "{CE0x470f0e0|selinux_task_setrlimit:add.ptr|security/selinux/hooks.c,3622}"
CE0x4710440 "{CE0x4710440|selinux_task_setrlimit:rlim_max|security/selinux/hooks.c,3628}"
CE0x4696340 "{CE0x4696340|selinux_task_setrlimit:tmp3|security/selinux/hooks.c,3628}"
CE0x4713150 "{CE0x4713150|selinux_task_setrlimit:cmp|security/selinux/hooks.c,3628}"
CE0x46832c0 "{CE0x46832c0|selinux_task_setrlimit:if.then}"
CE0x47076a0 "{CE0x47076a0|current_has_perm:entry}"
CE0x46ff9e0 "{CE0x46ff9e0|current_has_perm:bb}"
CE0x4701850 "{CE0x4701850|current_has_perm:call|security/selinux/hooks.c,1542}"
CE0x47152f0 "{CE0x47152f0|current_has_perm:call|security/selinux/hooks.c,1542|*SummSink*}"
CONST[source:0(mediator),value:2(dynamic)][purpose:{subject}][SnkIdx:0]


CONST[source:1(input),value:2(dynamic)][purpose:{object}][SrcIdx:3]  ->  CONST[source:0(mediator),value:2(dynamic)][purpose:{object}][SnkIdx:1]
-----------
CONST[source:1(input),value:2(dynamic)][purpose:{object}][SrcIdx:3]
CE0x470e8c0 "{CE0x470e8c0|selinux_task_setrlimit:resource|Function::selinux_task_setrlimit&Arg::resource::|*SummSource*}"
CE0x470e600 "{CE0x470e600|selinux_task_setrlimit:resource|Function::selinux_task_setrlimit&Arg::resource::}"
CE0x470ee00 "{CE0x470ee00|selinux_task_setrlimit:idx.ext|security/selinux/hooks.c,3622}"
CE0x470f0e0 "{CE0x470f0e0|selinux_task_setrlimit:add.ptr|security/selinux/hooks.c,3622}"
CE0x4710440 "{CE0x4710440|selinux_task_setrlimit:rlim_max|security/selinux/hooks.c,3628}"
CE0x4696340 "{CE0x4696340|selinux_task_setrlimit:tmp3|security/selinux/hooks.c,3628}"
CE0x4713150 "{CE0x4713150|selinux_task_setrlimit:cmp|security/selinux/hooks.c,3628}"
CE0x46832c0 "{CE0x46832c0|selinux_task_setrlimit:if.then}"
CE0x47076a0 "{CE0x47076a0|current_has_perm:entry}"
CE0x46ff9e0 "{CE0x46ff9e0|current_has_perm:bb}"
CE0x4703b80 "{CE0x4703b80|current_has_perm:call1|security/selinux/hooks.c,1543}"
CE0x4715f40 "{CE0x4715f40|current_has_perm:call1|security/selinux/hooks.c,1543|*SummSink*}"
CONST[source:0(mediator),value:2(dynamic)][purpose:{object}][SnkIdx:1]


CONST[source:2(external),value:2(dynamic)][purpose:{subject}][SrcIdx:6]  ->  CONST[source:0(mediator),value:2(dynamic)][purpose:{subject}][SnkIdx:0]
-----------
CONST[source:2(external),value:2(dynamic)][purpose:{subject}][SrcIdx:6]
CE0x4735a40 "{CE0x4735a40|COLLAPSED:_CMRE:_elem_0::|security/selinux/hooks.c,218}"
CE0x473e560 "{CE0x473e560|current_sid:tmp22|security/selinux/hooks.c,218}"
CE0x473e850 "{CE0x473e850|current_sid:tmp23|security/selinux/hooks.c,218}"
CE0x473f220 "{CE0x473f220|current_sid:sid|security/selinux/hooks.c,220}"
CE0x4740050 "{CE0x4740050|current_sid:tmp24|security/selinux/hooks.c,220}"
CE0x4715b80 "{CE0x4715b80|_ret_i32_%tmp24,_!dbg_!27742|security/selinux/hooks.c,220}"
CE0x4701850 "{CE0x4701850|current_has_perm:call|security/selinux/hooks.c,1542}"
CE0x47152f0 "{CE0x47152f0|current_has_perm:call|security/selinux/hooks.c,1542|*SummSink*}"
CONST[source:0(mediator),value:2(dynamic)][purpose:{subject}][SnkIdx:0]


CONST[source:1(input),value:2(dynamic)][purpose:{object}][SrcIdx:4]  ->  CONST[source:0(mediator),value:2(dynamic)][purpose:{subject}][SnkIdx:0]
-----------
CONST[source:1(input),value:2(dynamic)][purpose:{object}][SrcIdx:4]
CE0x46aa550 "{CE0x46aa550|8:_i64,_:_CRE_8,16_|*MultipleSource*|security/selinux/hooks.c,3628|Function::selinux_task_setrlimit&Arg::new_rlim::}"
CE0x46a9fc0 "{CE0x46a9fc0|selinux_task_setrlimit:tmp4|*LoadInst*|security/selinux/hooks.c,3628}"
CE0x4713150 "{CE0x4713150|selinux_task_setrlimit:cmp|security/selinux/hooks.c,3628}"
CE0x46832c0 "{CE0x46832c0|selinux_task_setrlimit:if.then}"
CE0x47076a0 "{CE0x47076a0|current_has_perm:entry}"
CE0x46ff9e0 "{CE0x46ff9e0|current_has_perm:bb}"
CE0x4701850 "{CE0x4701850|current_has_perm:call|security/selinux/hooks.c,1542}"
CE0x47152f0 "{CE0x47152f0|current_has_perm:call|security/selinux/hooks.c,1542|*SummSink*}"
CONST[source:0(mediator),value:2(dynamic)][purpose:{subject}][SnkIdx:0]


CONST[source:1(input),value:2(dynamic)][purpose:{object}][SrcIdx:4]  ->  CONST[source:0(mediator),value:2(dynamic)][purpose:{object}][SnkIdx:1]
-----------
CONST[source:1(input),value:2(dynamic)][purpose:{object}][SrcIdx:4]
CE0x46aa550 "{CE0x46aa550|8:_i64,_:_CRE_8,16_|*MultipleSource*|security/selinux/hooks.c,3628|Function::selinux_task_setrlimit&Arg::new_rlim::}"
CE0x46a9fc0 "{CE0x46a9fc0|selinux_task_setrlimit:tmp4|*LoadInst*|security/selinux/hooks.c,3628}"
CE0x4713150 "{CE0x4713150|selinux_task_setrlimit:cmp|security/selinux/hooks.c,3628}"
CE0x46832c0 "{CE0x46832c0|selinux_task_setrlimit:if.then}"
CE0x47076a0 "{CE0x47076a0|current_has_perm:entry}"
CE0x46ff9e0 "{CE0x46ff9e0|current_has_perm:bb}"
CE0x4703b80 "{CE0x4703b80|current_has_perm:call1|security/selinux/hooks.c,1543}"
CE0x4715f40 "{CE0x4715f40|current_has_perm:call1|security/selinux/hooks.c,1543|*SummSink*}"
CONST[source:0(mediator),value:2(dynamic)][purpose:{object}][SnkIdx:1]


CONST[source:1(input),value:2(dynamic)][purpose:{object}][SrcIdx:2]  ->  CONST[source:0(mediator),value:2(dynamic)][purpose:{subject}][SnkIdx:0]
-----------
CONST[source:1(input),value:2(dynamic)][purpose:{object}][SrcIdx:2]
CE0x4716440 "{CE0x4716440|COLLAPSED:_CRE:_elem_0::|security/selinux/hooks.c,3622}"
CE0x4696340 "{CE0x4696340|selinux_task_setrlimit:tmp3|security/selinux/hooks.c,3628}"
CE0x4713150 "{CE0x4713150|selinux_task_setrlimit:cmp|security/selinux/hooks.c,3628}"
CE0x46832c0 "{CE0x46832c0|selinux_task_setrlimit:if.then}"
CE0x47076a0 "{CE0x47076a0|current_has_perm:entry}"
CE0x46ff9e0 "{CE0x46ff9e0|current_has_perm:bb}"
CE0x4701850 "{CE0x4701850|current_has_perm:call|security/selinux/hooks.c,1542}"
CE0x47152f0 "{CE0x47152f0|current_has_perm:call|security/selinux/hooks.c,1542|*SummSink*}"
CONST[source:0(mediator),value:2(dynamic)][purpose:{subject}][SnkIdx:0]


CONST[source:1(input),value:2(dynamic)][purpose:{object}][SrcIdx:2]  ->  CONST[source:0(mediator),value:2(dynamic)][purpose:{object}][SnkIdx:1]
-----------
CONST[source:1(input),value:2(dynamic)][purpose:{object}][SrcIdx:2]
CE0x4716440 "{CE0x4716440|COLLAPSED:_CRE:_elem_0::|security/selinux/hooks.c,3622}"
CE0x4696340 "{CE0x4696340|selinux_task_setrlimit:tmp3|security/selinux/hooks.c,3628}"
CE0x4713150 "{CE0x4713150|selinux_task_setrlimit:cmp|security/selinux/hooks.c,3628}"
CE0x46832c0 "{CE0x46832c0|selinux_task_setrlimit:if.then}"
CE0x47076a0 "{CE0x47076a0|current_has_perm:entry}"
CE0x46ff9e0 "{CE0x46ff9e0|current_has_perm:bb}"
CE0x4703b80 "{CE0x4703b80|current_has_perm:call1|security/selinux/hooks.c,1543}"
CE0x4715f40 "{CE0x4715f40|current_has_perm:call1|security/selinux/hooks.c,1543|*SummSink*}"
CONST[source:0(mediator),value:2(dynamic)][purpose:{object}][SnkIdx:1]


