[selinux_inode_follow_link]

explicit:
CONST[source:2(external),value:2(dynamic)][purpose:{subject}]  ->  CONST[source:0(mediator),value:2(dynamic)][purpose:{subject}]

-----------
CONST[source:2(external),value:2(dynamic)][purpose:{subject}]
CE0x84df9a0 "{CE0x84df9a0|VOIDTB_TE:_IE:_elem_0:default:}"
CE0x84d3100 "{CE0x84d3100|tmp6}"
CE0x84eae30 "{CE0x84eae30|_ret_i32_%tmp6,_!dbg_!27716}"
CE0x8500e20 "{CE0x8500e20|call}"
CE0x8500fc0 "{CE0x8500fc0|call}"
CONST[source:0(mediator),value:2(dynamic)][purpose:{subject}]



CONST[source:2(external),value:2(dynamic)][purpose:{subject}]  ->  CONST[source:0(mediator),value:2(dynamic)][purpose:{object}]

-----------
CONST[source:2(external),value:2(dynamic)][purpose:{subject}]
CE0x84df9a0 "{CE0x84df9a0|VOIDTB_TE:_IE:_elem_0:default:}"
CE0x84f4de0 "{CE0x84f4de0|tmp18}"
CE0x84eb0f0 "{CE0x84eb0f0|tmp18}"
CONST[source:0(mediator),value:2(dynamic)][purpose:{object}]



CONST[source:1(input),value:2(dynamic)][purpose:{object}]  ->  CONST[source:0(mediator),value:2(dynamic)][purpose:{subject}]

-----------
CONST[source:1(input),value:2(dynamic)][purpose:{object}]
CE0x84df9a0 "{CE0x84df9a0|VOIDTB_TE:_IE:_elem_0:default:}"
CE0x84d3100 "{CE0x84d3100|tmp6}"
CE0x84eae30 "{CE0x84eae30|_ret_i32_%tmp6,_!dbg_!27716}"
CE0x8500e20 "{CE0x8500e20|call}"
CE0x8500fc0 "{CE0x8500fc0|call}"
CONST[source:0(mediator),value:2(dynamic)][purpose:{subject}]



CONST[source:1(input),value:2(dynamic)][purpose:{object}]  ->  CONST[source:0(mediator),value:2(dynamic)][purpose:{object}]

-----------
CONST[source:1(input),value:2(dynamic)][purpose:{object}]
CE0x84df9a0 "{CE0x84df9a0|VOIDTB_TE:_IE:_elem_0:default:}"
CE0x84f4de0 "{CE0x84f4de0|tmp18}"
CE0x84eb0f0 "{CE0x84eb0f0|tmp18}"
CONST[source:0(mediator),value:2(dynamic)][purpose:{object}]



CONST[source:0(mediator),value:2(dynamic)][purpose:{subject}]  ->  CONST[source:0(mediator),value:2(dynamic)][purpose:{object}]

-----------
CONST[source:0(mediator),value:2(dynamic)][purpose:{subject}]
CE0x84df9a0 "{CE0x84df9a0|VOIDTB_TE:_IE:_elem_0:default:}"
CE0x84f4de0 "{CE0x84f4de0|tmp18}"
CE0x84eb0f0 "{CE0x84eb0f0|tmp18}"
CONST[source:0(mediator),value:2(dynamic)][purpose:{object}]




implicit:
CONST[source:1(input),value:2(dynamic)][purpose:{object}]  ->  CONST[source:0(mediator),value:2(dynamic)][purpose:{subject}]

-----------
CONST[source:1(input),value:2(dynamic)][purpose:{object}]
CE0x84df9a0 "{CE0x84df9a0|VOIDTB_TE:_IE:_elem_0:default:}"
CE0x84d3100 "{CE0x84d3100|tmp6}"
CE0x84eae30 "{CE0x84eae30|_ret_i32_%tmp6,_!dbg_!27716}"
CE0x8500e20 "{CE0x8500e20|call}"
CE0x8500fc0 "{CE0x8500fc0|call}"
CONST[source:0(mediator),value:2(dynamic)][purpose:{subject}]



CONST[source:1(input),value:2(dynamic)][purpose:{object}]  ->  CONST[source:0(mediator),value:2(dynamic)][purpose:{object}]

-----------
CONST[source:1(input),value:2(dynamic)][purpose:{object}]
CE0x84df9a0 "{CE0x84df9a0|VOIDTB_TE:_IE:_elem_0:default:}"
CE0x84f4930 "{CE0x84f4930|tmp17}"
CE0x84f4bc0 "{CE0x84f4bc0|tmp17}"
CONST[source:0(mediator),value:2(dynamic)][purpose:{object}]



CONST[source:2(external),value:2(dynamic)][purpose:{subject}]  ->  CONST[source:0(mediator),value:2(dynamic)][purpose:{subject}]

-----------
CONST[source:2(external),value:2(dynamic)][purpose:{subject}]
CE0x84df9a0 "{CE0x84df9a0|VOIDTB_TE:_IE:_elem_0:default:}"
CE0x84d3100 "{CE0x84d3100|tmp6}"
CE0x84eae30 "{CE0x84eae30|_ret_i32_%tmp6,_!dbg_!27716}"
CE0x8500e20 "{CE0x8500e20|call}"
CE0x8500fc0 "{CE0x8500fc0|call}"
CONST[source:0(mediator),value:2(dynamic)][purpose:{subject}]



CONST[source:2(external),value:2(dynamic)][purpose:{subject}]  ->  CONST[source:0(mediator),value:2(dynamic)][purpose:{object}]

-----------
CONST[source:2(external),value:2(dynamic)][purpose:{subject}]
CE0x84df9a0 "{CE0x84df9a0|VOIDTB_TE:_IE:_elem_0:default:}"
CE0x84f4930 "{CE0x84f4930|tmp17}"
CE0x84f4bc0 "{CE0x84f4bc0|tmp17}"
CONST[source:0(mediator),value:2(dynamic)][purpose:{object}]



CONST[source:0(mediator),value:2(dynamic)][purpose:{subject}]  ->  CONST[source:0(mediator),value:2(dynamic)][purpose:{object}]

-----------
CONST[source:0(mediator),value:2(dynamic)][purpose:{subject}]
CE0x84df9a0 "{CE0x84df9a0|VOIDTB_TE:_IE:_elem_0:default:}"
CE0x84f4930 "{CE0x84f4930|tmp17}"
CE0x84f4bc0 "{CE0x84f4bc0|tmp17}"
CONST[source:0(mediator),value:2(dynamic)][purpose:{object}]



