[selinux_inode_listxattr]

explicit:
CONST[source:2(external),value:2(dynamic)][purpose:{subject}][SrcIdx:2]  ->  CONST[source:0(mediator),value:2(dynamic)][purpose:{subject}]
-----------
CONST[source:2(external),value:2(dynamic)][purpose:{subject}][SrcIdx:2]
CE0x50be6e0 "{CE0x50be6e0|COLLAPSED:_GCMRE_current_task_external_global_%struct.task_struct*:_elem_0::|security/selinux/hooks.c,3048}"
CE0x50beca0 "{CE0x50beca0|selinux_inode_listxattr:tmp21|security/selinux/hooks.c,3048}"
CE0x50a9380 "{CE0x50a9380|dentry_has_perm:cred|Function::dentry_has_perm&Arg::cred::}"
CE0x50d9cd0 "{CE0x50d9cd0|inode_has_perm:cred|Function::inode_has_perm&Arg::cred::}"
CE0x51202a0 "{CE0x51202a0|cred_sid:cred|Function::cred_sid&Arg::cred::}"
CE0x51195d0 "{CE0x51195d0|cred_sid:security|security/selinux/hooks.c,196}"
CE0x5119700 "{CE0x5119700|cred_sid:tmp4|*LoadInst*|security/selinux/hooks.c,196}"
CE0x50bad50 "{CE0x50bad50|cred_sid:tmp5|security/selinux/hooks.c,196}"
CE0x50bb670 "{CE0x50bb670|cred_sid:sid|security/selinux/hooks.c,197}"
CE0x511d580 "{CE0x511d580|cred_sid:tmp6|security/selinux/hooks.c,197}"
CE0x51434e0 "{CE0x51434e0|_ret_i32_%tmp6,_!dbg_!27716|security/selinux/hooks.c,197}"
CE0x511f690 "{CE0x511f690|inode_has_perm:call|security/selinux/hooks.c,1614}"
CE0x511f830 "{CE0x511f830|inode_has_perm:call|security/selinux/hooks.c,1614|*SummSink*}"
CONST[source:0(mediator),value:2(dynamic)][purpose:{subject}]


CONST[source:1(input),value:2(dynamic)][purpose:{object}][SrcIdx:0]  ->  CONST[source:0(mediator),value:2(dynamic)][purpose:{object}]
-----------
CONST[source:1(input),value:2(dynamic)][purpose:{object}][SrcIdx:0]
CE0x51086c0 "{CE0x51086c0|12:_i32,_56:_i8*,_:_CRE_56,64_|*MultipleSource*|Function::inode_has_perm&Arg::inode::|*LoadInst*|security/selinux/hooks.c,1627|security/selinux/hooks.c,1611}"
CE0x5143ff0 "{CE0x5143ff0|inode_has_perm:tmp15|*LoadInst*|security/selinux/hooks.c,1615}"
CE0x51446c0 "{CE0x51446c0|inode_has_perm:tmp16|security/selinux/hooks.c,1615}"
CE0x51450d0 "{CE0x51450d0|inode_has_perm:sclass|security/selinux/hooks.c,1617}"
CE0x50fbdb0 "{CE0x50fbdb0|inode_has_perm:tmp18|security/selinux/hooks.c,1617}"
CE0x50fc0e0 "{CE0x50fc0e0|inode_has_perm:tmp18|security/selinux/hooks.c,1617|*SummSink*}"
CONST[source:0(mediator),value:2(dynamic)][purpose:{object}]



implicit:
CONST[source:2(external),value:2(dynamic)][purpose:{subject}][SrcIdx:2]  ->  CONST[source:0(mediator),value:2(dynamic)][purpose:{subject}]
-----------
CONST[source:2(external),value:2(dynamic)][purpose:{subject}][SrcIdx:2]
CE0x50be6e0 "{CE0x50be6e0|COLLAPSED:_GCMRE_current_task_external_global_%struct.task_struct*:_elem_0::|security/selinux/hooks.c,3048}"
CE0x50beca0 "{CE0x50beca0|selinux_inode_listxattr:tmp21|security/selinux/hooks.c,3048}"
CE0x50a9380 "{CE0x50a9380|dentry_has_perm:cred|Function::dentry_has_perm&Arg::cred::}"
CE0x50d9cd0 "{CE0x50d9cd0|inode_has_perm:cred|Function::inode_has_perm&Arg::cred::}"
CE0x51202a0 "{CE0x51202a0|cred_sid:cred|Function::cred_sid&Arg::cred::}"
CE0x51195d0 "{CE0x51195d0|cred_sid:security|security/selinux/hooks.c,196}"
CE0x5119700 "{CE0x5119700|cred_sid:tmp4|*LoadInst*|security/selinux/hooks.c,196}"
CE0x50bad50 "{CE0x50bad50|cred_sid:tmp5|security/selinux/hooks.c,196}"
CE0x50bb670 "{CE0x50bb670|cred_sid:sid|security/selinux/hooks.c,197}"
CE0x511d580 "{CE0x511d580|cred_sid:tmp6|security/selinux/hooks.c,197}"
CE0x51434e0 "{CE0x51434e0|_ret_i32_%tmp6,_!dbg_!27716|security/selinux/hooks.c,197}"
CE0x511f690 "{CE0x511f690|inode_has_perm:call|security/selinux/hooks.c,1614}"
CE0x511f830 "{CE0x511f830|inode_has_perm:call|security/selinux/hooks.c,1614|*SummSink*}"
CONST[source:0(mediator),value:2(dynamic)][purpose:{subject}]


CONST[source:1(input),value:2(dynamic)][purpose:{object}][SrcIdx:0]  ->  CONST[source:0(mediator),value:2(dynamic)][purpose:{object}]
-----------
CONST[source:1(input),value:2(dynamic)][purpose:{object}][SrcIdx:0]
CE0x51086c0 "{CE0x51086c0|12:_i32,_56:_i8*,_:_CRE_56,64_|*MultipleSource*|Function::inode_has_perm&Arg::inode::|*LoadInst*|security/selinux/hooks.c,1627|security/selinux/hooks.c,1611}"
CE0x5143ff0 "{CE0x5143ff0|inode_has_perm:tmp15|*LoadInst*|security/selinux/hooks.c,1615}"
CE0x51446c0 "{CE0x51446c0|inode_has_perm:tmp16|security/selinux/hooks.c,1615}"
CE0x51449a0 "{CE0x51449a0|inode_has_perm:sid3|security/selinux/hooks.c,1617}"
CE0x5146cd0 "{CE0x5146cd0|inode_has_perm:tmp17|security/selinux/hooks.c,1617}"
CE0x51470d0 "{CE0x51470d0|inode_has_perm:tmp17|security/selinux/hooks.c,1617|*SummSink*}"
CONST[source:0(mediator),value:2(dynamic)][purpose:{object}]


