[selinux_sem_semctl]

explicit:
CONST[source:1(input),value:2(dynamic)][purpose:{object}]  ->  CONST[source:0(mediator),value:2(dynamic)][purpose:{object}]
-----------
CONST[source:1(input),value:2(dynamic)][purpose:{object}]
CE0x498b830 "{CE0x498b830|0:_i16,_4:_i32,_:_CRE_4,8_|*MultipleSource*|security/selinux/hooks.c,5136|*LoadInst*|security/selinux/hooks.c,5131|security/selinux/hooks.c,5131}"
CE0x498b9a0 "{CE0x498b9a0|ipc_has_perm:_tmp7|security/selinux/hooks.c,5136}"
CE0x493f710 "{CE0x493f710|ipc_has_perm:_tmp7|security/selinux/hooks.c,5136|*SummSink*}"
CONST[source:0(mediator),value:2(dynamic)][purpose:{object}]


CONST[source:0(mediator),value:2(dynamic)][purpose:{operation}]  ->  CONST[source:0(mediator),value:0(static)][purpose:{operation}]
-----------
CONST[source:0(mediator),value:2(dynamic)][purpose:{operation}]
CE0x4986a50 "{CE0x4986a50|ipc_has_perm:_perms|Function::ipc_has_perm&Arg::perms::|*SummSource*}"
CE0x49865f0 "{CE0x49865f0|ipc_has_perm:_perms|Function::ipc_has_perm&Arg::perms::}"
CE0x4986c30 "{CE0x4986c30|ipc_has_perm:_perms|Function::ipc_has_perm&Arg::perms::|*SummSink*}"
CONST[source:0(mediator),value:0(static)][purpose:{operation}]


CONST[source:2(external),value:2(dynamic)][purpose:{subject}]  ->  CONST[source:0(mediator),value:2(dynamic)][purpose:{subject}]
-----------
CONST[source:2(external),value:2(dynamic)][purpose:{subject}]
CE0x49a7ad0 "{CE0x49a7ad0|COLLAPSED:_GCMRE_current_task_external_global_%struct.task_struct*:_elem_0:default:}"
CE0x49b3d60 "{CE0x49b3d60|current_sid:_tmp22|security/selinux/hooks.c,218}"
CE0x49b42c0 "{CE0x49b42c0|current_sid:_tmp23|security/selinux/hooks.c,218}"
CE0x49b4b90 "{CE0x49b4b90|current_sid:_sid|security/selinux/hooks.c,220}"
CE0x49b5b30 "{CE0x49b5b30|current_sid:_tmp24|security/selinux/hooks.c,220}"
CE0x49aa200 "{CE0x49aa200|_ret_i32_%tmp24,_!dbg_!27742|security/selinux/hooks.c,220}"
CE0x498ec60 "{CE0x498ec60|ipc_has_perm:_call|security/selinux/hooks.c,5129}"
CE0x4942010 "{CE0x4942010|ipc_has_perm:_call|security/selinux/hooks.c,5129|*SummSink*}"
CONST[source:0(mediator),value:2(dynamic)][purpose:{subject}]



implicit:
CONST[source:1(input),value:2(dynamic)][purpose:{operation}]  ->  CONST[source:0(mediator),value:2(dynamic)][purpose:{subject}]
-----------
CONST[source:1(input),value:2(dynamic)][purpose:{operation}]
CE0x491a310 "{CE0x491a310|selinux_sem_semctl:_cmd|Function::selinux_sem_semctl&Arg::cmd::|*SummSource*}"
CE0x491a230 "{CE0x491a230|selinux_sem_semctl:_cmd|Function::selinux_sem_semctl&Arg::cmd::}"
CE0x49189b0 "{CE0x49189b0|selinux_sem_semctl:_sw.epilog}"
CE0x49860a0 "{CE0x49860a0|ipc_has_perm:_entry}"
CE0x49b3470 "{CE0x49b3470|ipc_has_perm:_bb}"
CE0x498ec60 "{CE0x498ec60|ipc_has_perm:_call|security/selinux/hooks.c,5129}"
CE0x4942010 "{CE0x4942010|ipc_has_perm:_call|security/selinux/hooks.c,5129|*SummSink*}"
CONST[source:0(mediator),value:2(dynamic)][purpose:{subject}]


CONST[source:1(input),value:2(dynamic)][purpose:{operation}]  ->  CONST[source:0(mediator),value:2(dynamic)][purpose:{object}]
-----------
CONST[source:1(input),value:2(dynamic)][purpose:{operation}]
CE0x491a310 "{CE0x491a310|selinux_sem_semctl:_cmd|Function::selinux_sem_semctl&Arg::cmd::|*SummSource*}"
CE0x491a230 "{CE0x491a230|selinux_sem_semctl:_cmd|Function::selinux_sem_semctl&Arg::cmd::}"
CE0x49189b0 "{CE0x49189b0|selinux_sem_semctl:_sw.epilog}"
CE0x49860a0 "{CE0x49860a0|ipc_has_perm:_entry}"
CE0x49b3470 "{CE0x49b3470|ipc_has_perm:_bb}"
CE0x493fd70 "{CE0x493fd70|ipc_has_perm:_tmp8|security/selinux/hooks.c,5136}"
CE0x493ffd0 "{CE0x493ffd0|ipc_has_perm:_tmp8|security/selinux/hooks.c,5136|*SummSink*}"
CONST[source:0(mediator),value:2(dynamic)][purpose:{object}]


CONST[source:1(input),value:2(dynamic)][purpose:{operation}]  ->  CONST[source:0(mediator),value:0(static)][purpose:{operation}]
-----------
CONST[source:1(input),value:2(dynamic)][purpose:{operation}]
CE0x491a310 "{CE0x491a310|selinux_sem_semctl:_cmd|Function::selinux_sem_semctl&Arg::cmd::|*SummSource*}"
CE0x491a230 "{CE0x491a230|selinux_sem_semctl:_cmd|Function::selinux_sem_semctl&Arg::cmd::}"
CE0x49189b0 "{CE0x49189b0|selinux_sem_semctl:_sw.epilog}"
CE0x493b470 "{CE0x493b470|selinux_sem_semctl:_perms.0}"
CE0x49865f0 "{CE0x49865f0|ipc_has_perm:_perms|Function::ipc_has_perm&Arg::perms::}"
CE0x4986c30 "{CE0x4986c30|ipc_has_perm:_perms|Function::ipc_has_perm&Arg::perms::|*SummSink*}"
CONST[source:0(mediator),value:0(static)][purpose:{operation}]


CONST[source:2(external),value:2(dynamic)][purpose:{subject}]  ->  CONST[source:0(mediator),value:2(dynamic)][purpose:{subject}]
-----------
CONST[source:2(external),value:2(dynamic)][purpose:{subject}]
CE0x49a7ad0 "{CE0x49a7ad0|COLLAPSED:_GCMRE_current_task_external_global_%struct.task_struct*:_elem_0:default:}"
CE0x49b3d60 "{CE0x49b3d60|current_sid:_tmp22|security/selinux/hooks.c,218}"
CE0x49b42c0 "{CE0x49b42c0|current_sid:_tmp23|security/selinux/hooks.c,218}"
CE0x49b4b90 "{CE0x49b4b90|current_sid:_sid|security/selinux/hooks.c,220}"
CE0x49b5b30 "{CE0x49b5b30|current_sid:_tmp24|security/selinux/hooks.c,220}"
CE0x49aa200 "{CE0x49aa200|_ret_i32_%tmp24,_!dbg_!27742|security/selinux/hooks.c,220}"
CE0x498ec60 "{CE0x498ec60|ipc_has_perm:_call|security/selinux/hooks.c,5129}"
CE0x4942010 "{CE0x4942010|ipc_has_perm:_call|security/selinux/hooks.c,5129|*SummSink*}"
CONST[source:0(mediator),value:2(dynamic)][purpose:{subject}]


CONST[source:1(input),value:2(dynamic)][purpose:{object}]  ->  CONST[source:0(mediator),value:2(dynamic)][purpose:{object}]
-----------
CONST[source:1(input),value:2(dynamic)][purpose:{object}]
CE0x498b700 "{CE0x498b700|0:_i16,_4:_i32,_:_CRE_0,2_|*MultipleSource*|security/selinux/hooks.c,5136|*LoadInst*|security/selinux/hooks.c,5131|security/selinux/hooks.c,5131}"
CE0x493fd70 "{CE0x493fd70|ipc_has_perm:_tmp8|security/selinux/hooks.c,5136}"
CE0x493ffd0 "{CE0x493ffd0|ipc_has_perm:_tmp8|security/selinux/hooks.c,5136|*SummSink*}"
CONST[source:0(mediator),value:2(dynamic)][purpose:{object}]


CONST[source:0(mediator),value:2(dynamic)][purpose:{operation}]  ->  CONST[source:0(mediator),value:0(static)][purpose:{operation}]
-----------
CONST[source:0(mediator),value:2(dynamic)][purpose:{operation}]
CE0x4986a50 "{CE0x4986a50|ipc_has_perm:_perms|Function::ipc_has_perm&Arg::perms::|*SummSource*}"
CE0x49865f0 "{CE0x49865f0|ipc_has_perm:_perms|Function::ipc_has_perm&Arg::perms::}"
CE0x4986c30 "{CE0x4986c30|ipc_has_perm:_perms|Function::ipc_has_perm&Arg::perms::|*SummSink*}"
CONST[source:0(mediator),value:0(static)][purpose:{operation}]


