[tomoyo_path_rename]

explicit:
CONST[source:2(external),value:2(dynamic)][purpose:{subject}][SrcIdx:19]  ->  CONST[source:0(mediator),value:2(dynamic)][purpose:{subject}][SnkIdx:0]
-----------
CONST[source:2(external),value:2(dynamic)][purpose:{subject}][SrcIdx:19]
CE0x6f54ea0 "{CE0x6f54ea0|COLLAPSED:_GCRE_current_task_external_global_%struct.task_struct*:_elem_0::|security/tomoyo/common.h,1205}"
CE0x6364d00 "{CE0x6364d00|tomoyo_domain:tmp22|security/tomoyo/common.h,1205}"
CE0x5364090 "{CE0x5364090|tomoyo_domain:tmp23|security/tomoyo/common.h,1205}"
CE0x8997dc0 "{CE0x8997dc0|_ret_%struct.tomoyo_domain_info*_%tmp23,_!dbg_!38929|security/tomoyo/common.h,1205}"
CE0x892eaf0 "{CE0x892eaf0|tomoyo_init_request_info:call|security/tomoyo/util.c,1005}"
CE0x8984770 "{CE0x8984770|tomoyo_init_request_info:domain.addr.0}"
CE0x725a4a0 "{CE0x725a4a0|0:_%struct.tomoyo_obj_info*,_24:_%struct.tomoyo_path_info*,_32:_%struct.tomoyo_path_info*,_40:_i8,_72:_i8,_76:_i8,_:_SCMRE_16,24_|*MultipleSource*|security/tomoyo/file.c, 891|security/tomoyo/file.c,891|security/tomoyo/file.c,920|Function::tomoyo_init_request_info&Arg::r::}"
CONST[source:0(mediator),value:2(dynamic)][purpose:{subject}][SnkIdx:0]



implicit:
CONST[source:2(external),value:2(dynamic)][purpose:{subject}][SrcIdx:19]  ->  CONST[source:0(mediator),value:2(dynamic)][purpose:{subject}][SnkIdx:0]
-----------
CONST[source:2(external),value:2(dynamic)][purpose:{subject}][SrcIdx:19]
CE0x6f54ea0 "{CE0x6f54ea0|COLLAPSED:_GCRE_current_task_external_global_%struct.task_struct*:_elem_0::|security/tomoyo/common.h,1205}"
CE0x6364d00 "{CE0x6364d00|tomoyo_domain:tmp22|security/tomoyo/common.h,1205}"
CE0x5364090 "{CE0x5364090|tomoyo_domain:tmp23|security/tomoyo/common.h,1205}"
CE0x8997dc0 "{CE0x8997dc0|_ret_%struct.tomoyo_domain_info*_%tmp23,_!dbg_!38929|security/tomoyo/common.h,1205}"
CE0x892eaf0 "{CE0x892eaf0|tomoyo_init_request_info:call|security/tomoyo/util.c,1005}"
CE0x8984770 "{CE0x8984770|tomoyo_init_request_info:domain.addr.0}"
CE0x725a4a0 "{CE0x725a4a0|0:_%struct.tomoyo_obj_info*,_24:_%struct.tomoyo_path_info*,_32:_%struct.tomoyo_path_info*,_40:_i8,_72:_i8,_76:_i8,_:_SCMRE_16,24_|*MultipleSource*|security/tomoyo/file.c, 891|security/tomoyo/file.c,891|security/tomoyo/file.c,920|Function::tomoyo_init_request_info&Arg::r::}"
CONST[source:0(mediator),value:2(dynamic)][purpose:{subject}][SnkIdx:0]


