[selinux_task_setnice]

explicit:
CONST[source:2(external),value:2(dynamic)][purpose:{subject}][SrcIdx:3]  ->  CONST[source:0(mediator),value:2(dynamic)][purpose:{subject}][SnkIdx:0]
-----------
CONST[source:2(external),value:2(dynamic)][purpose:{subject}][SrcIdx:3]
CE0x49cb8f0 "{CE0x49cb8f0|COLLAPSED:_GCMRE_current_task_external_global_%struct.task_struct*:_elem_0::|security/selinux/hooks.c,218}"
CE0x49d4650 "{CE0x49d4650|current_sid:tmp22|security/selinux/hooks.c,218}"
CE0x49d1ce0 "{CE0x49d1ce0|current_sid:tmp23|security/selinux/hooks.c,218}"
CE0x49d28c0 "{CE0x49d28c0|current_sid:sid|security/selinux/hooks.c,220}"
CE0x49d3800 "{CE0x49d3800|current_sid:tmp24|security/selinux/hooks.c,220}"
CE0x497ad70 "{CE0x497ad70|_ret_i32_%tmp24,_!dbg_!27742|security/selinux/hooks.c,220}"
CE0x498b110 "{CE0x498b110|current_has_perm:call|security/selinux/hooks.c,1542}"
CE0x49a2030 "{CE0x49a2030|current_has_perm:call|security/selinux/hooks.c,1542|*SummSink*}"
CONST[source:0(mediator),value:2(dynamic)][purpose:{subject}][SnkIdx:0]


CONST[source:1(input),value:2(dynamic)][purpose:{object}][SrcIdx:1]  ->  CONST[source:0(mediator),value:2(dynamic)][purpose:{object}][SnkIdx:1]
-----------
CONST[source:1(input),value:2(dynamic)][purpose:{object}][SrcIdx:1]
CE0x499bb80 "{CE0x499bb80|2472:_%struct.cred*,_:_CRE:_elem_0:default:}"
CE0x49e2960 "{CE0x49e2960|task_sid:tmp4|*LoadInst*|security/selinux/hooks.c,208}"
CE0x4984540 "{CE0x4984540|cred_sid:cred|Function::cred_sid&Arg::cred::}"
CE0x49fc130 "{CE0x49fc130|cred_sid:security|security/selinux/hooks.c,196}"
CE0x49e28a0 "{CE0x49e28a0|cred_sid:tmp4|*LoadInst*|security/selinux/hooks.c,196}"
CE0x49f4fb0 "{CE0x49f4fb0|cred_sid:tmp5|security/selinux/hooks.c,196}"
CE0x4a39a20 "{CE0x4a39a20|cred_sid:sid|security/selinux/hooks.c,197}"
CE0x4a39240 "{CE0x4a39240|cred_sid:tmp6|security/selinux/hooks.c,197}"
CE0x49848a0 "{CE0x49848a0|_ret_i32_%tmp6,_!dbg_!27716|security/selinux/hooks.c,197}"
CE0x4a012f0 "{CE0x4a012f0|task_sid:call7|security/selinux/hooks.c,208}"
CE0x4980b60 "{CE0x4980b60|_ret_i32_%call7,_!dbg_!27749|security/selinux/hooks.c,210}"
CE0x49991b0 "{CE0x49991b0|current_has_perm:call1|security/selinux/hooks.c,1543}"
CE0x497b160 "{CE0x497b160|current_has_perm:call1|security/selinux/hooks.c,1543|*SummSink*}"
CONST[source:0(mediator),value:2(dynamic)][purpose:{object}][SnkIdx:1]



implicit:
CONST[source:2(external),value:2(dynamic)][purpose:{subject}][SrcIdx:3]  ->  CONST[source:0(mediator),value:2(dynamic)][purpose:{subject}][SnkIdx:0]
-----------
CONST[source:2(external),value:2(dynamic)][purpose:{subject}][SrcIdx:3]
CE0x49cb8f0 "{CE0x49cb8f0|COLLAPSED:_GCMRE_current_task_external_global_%struct.task_struct*:_elem_0::|security/selinux/hooks.c,218}"
CE0x49d4650 "{CE0x49d4650|current_sid:tmp22|security/selinux/hooks.c,218}"
CE0x49d1ce0 "{CE0x49d1ce0|current_sid:tmp23|security/selinux/hooks.c,218}"
CE0x49d28c0 "{CE0x49d28c0|current_sid:sid|security/selinux/hooks.c,220}"
CE0x49d3800 "{CE0x49d3800|current_sid:tmp24|security/selinux/hooks.c,220}"
CE0x497ad70 "{CE0x497ad70|_ret_i32_%tmp24,_!dbg_!27742|security/selinux/hooks.c,220}"
CE0x498b110 "{CE0x498b110|current_has_perm:call|security/selinux/hooks.c,1542}"
CE0x49a2030 "{CE0x49a2030|current_has_perm:call|security/selinux/hooks.c,1542|*SummSink*}"
CONST[source:0(mediator),value:2(dynamic)][purpose:{subject}][SnkIdx:0]


CONST[source:1(input),value:2(dynamic)][purpose:{object}][SrcIdx:1]  ->  CONST[source:0(mediator),value:2(dynamic)][purpose:{object}][SnkIdx:1]
-----------
CONST[source:1(input),value:2(dynamic)][purpose:{object}][SrcIdx:1]
CE0x499bb80 "{CE0x499bb80|2472:_%struct.cred*,_:_CRE:_elem_0:default:}"
CE0x49e2960 "{CE0x49e2960|task_sid:tmp4|*LoadInst*|security/selinux/hooks.c,208}"
CE0x4984540 "{CE0x4984540|cred_sid:cred|Function::cred_sid&Arg::cred::}"
CE0x49fc130 "{CE0x49fc130|cred_sid:security|security/selinux/hooks.c,196}"
CE0x49e28a0 "{CE0x49e28a0|cred_sid:tmp4|*LoadInst*|security/selinux/hooks.c,196}"
CE0x49f4fb0 "{CE0x49f4fb0|cred_sid:tmp5|security/selinux/hooks.c,196}"
CE0x4a39a20 "{CE0x4a39a20|cred_sid:sid|security/selinux/hooks.c,197}"
CE0x4a39240 "{CE0x4a39240|cred_sid:tmp6|security/selinux/hooks.c,197}"
CE0x49848a0 "{CE0x49848a0|_ret_i32_%tmp6,_!dbg_!27716|security/selinux/hooks.c,197}"
CE0x4a012f0 "{CE0x4a012f0|task_sid:call7|security/selinux/hooks.c,208}"
CE0x4980b60 "{CE0x4980b60|_ret_i32_%call7,_!dbg_!27749|security/selinux/hooks.c,210}"
CE0x49991b0 "{CE0x49991b0|current_has_perm:call1|security/selinux/hooks.c,1543}"
CE0x497b160 "{CE0x497b160|current_has_perm:call1|security/selinux/hooks.c,1543|*SummSink*}"
CONST[source:0(mediator),value:2(dynamic)][purpose:{object}][SnkIdx:1]


