[selinux_syslog]

explicit:
CONST[source:2(external),value:2(dynamic)][purpose:{subject}]  ->  CONST[source:0(mediator),value:2(dynamic)][purpose:{subject}]
-----------
CONST[source:2(external),value:2(dynamic)][purpose:{subject}]
CE0x4762d40 "{CE0x4762d40|COLLAPSED:_CMRE:_elem_0::|security/selinux/hooks.c,196}"
CE0x4711040 "{CE0x4711040|cred_sid:_tmp4|*LoadInst*|security/selinux/hooks.c,196}"
CE0x47697d0 "{CE0x47697d0|cred_sid:_tmp5|security/selinux/hooks.c,196}"
CE0x4764140 "{CE0x4764140|cred_sid:_sid|security/selinux/hooks.c,197}"
CE0x477ee10 "{CE0x477ee10|cred_sid:_tmp6|security/selinux/hooks.c,197}"
CE0x4765f10 "{CE0x4765f10|_ret_i32_%tmp6,_!dbg_!27716|security/selinux/hooks.c,197}"
CE0x4757450 "{CE0x4757450|task_sid:_call7|security/selinux/hooks.c,208}"
CE0x475f3b0 "{CE0x475f3b0|_ret_i32_%call7,_!dbg_!27749|security/selinux/hooks.c,210}"
CE0x475e120 "{CE0x475e120|task_has_system:_call|security/selinux/hooks.c,1592}"
CE0x4762300 "{CE0x4762300|task_has_system:_call|security/selinux/hooks.c,1592|*SummSink*}"
CONST[source:0(mediator),value:2(dynamic)][purpose:{subject}]


CONST[source:1(input),value:2(dynamic)][purpose:{subject}]  ->  CONST[source:0(mediator),value:2(dynamic)][purpose:{subject}]
-----------
CONST[source:1(input),value:2(dynamic)][purpose:{subject}]
CE0x4762d40 "{CE0x4762d40|COLLAPSED:_CMRE:_elem_0::|security/selinux/hooks.c,196}"
CE0x4711040 "{CE0x4711040|cred_sid:_tmp4|*LoadInst*|security/selinux/hooks.c,196}"
CE0x47697d0 "{CE0x47697d0|cred_sid:_tmp5|security/selinux/hooks.c,196}"
CE0x4764140 "{CE0x4764140|cred_sid:_sid|security/selinux/hooks.c,197}"
CE0x477ee10 "{CE0x477ee10|cred_sid:_tmp6|security/selinux/hooks.c,197}"
CE0x4765f10 "{CE0x4765f10|_ret_i32_%tmp6,_!dbg_!27716|security/selinux/hooks.c,197}"
CE0x4757450 "{CE0x4757450|task_sid:_call7|security/selinux/hooks.c,208}"
CE0x475f3b0 "{CE0x475f3b0|_ret_i32_%call7,_!dbg_!27749|security/selinux/hooks.c,210}"
CE0x475e120 "{CE0x475e120|task_has_system:_call|security/selinux/hooks.c,1592}"
CE0x4762300 "{CE0x4762300|task_has_system:_call|security/selinux/hooks.c,1592|*SummSink*}"
CONST[source:0(mediator),value:2(dynamic)][purpose:{subject}]



implicit:
CONST[source:1(input),value:2(dynamic)][purpose:{operation}]  ->  CONST[source:0(mediator),value:2(dynamic)][purpose:{subject}]
-----------
CONST[source:1(input),value:2(dynamic)][purpose:{operation}]
CE0x4705710 "{CE0x4705710|selinux_syslog:_type|Function::selinux_syslog&Arg::type::|*SummSource*}"
CE0x4707a70 "{CE0x4707a70|selinux_syslog:_type|Function::selinux_syslog&Arg::type::}"
CE0x470aa90 "{CE0x470aa90|selinux_syslog:_sw.bb}"
CE0x5b47430 "{CE0x5b47430|task_has_system:_entry}"
CE0x63496e0 "{CE0x63496e0|task_has_system:_bb}"
CE0x475e120 "{CE0x475e120|task_has_system:_call|security/selinux/hooks.c,1592}"
CE0x4762300 "{CE0x4762300|task_has_system:_call|security/selinux/hooks.c,1592|*SummSink*}"
CONST[source:0(mediator),value:2(dynamic)][purpose:{subject}]


CONST[source:1(input),value:2(dynamic)][purpose:{subject}]  ->  CONST[source:0(mediator),value:2(dynamic)][purpose:{subject}]
-----------
CONST[source:1(input),value:2(dynamic)][purpose:{subject}]
CE0x4762d40 "{CE0x4762d40|COLLAPSED:_CMRE:_elem_0::|security/selinux/hooks.c,196}"
CE0x4711040 "{CE0x4711040|cred_sid:_tmp4|*LoadInst*|security/selinux/hooks.c,196}"
CE0x47697d0 "{CE0x47697d0|cred_sid:_tmp5|security/selinux/hooks.c,196}"
CE0x4764140 "{CE0x4764140|cred_sid:_sid|security/selinux/hooks.c,197}"
CE0x477ee10 "{CE0x477ee10|cred_sid:_tmp6|security/selinux/hooks.c,197}"
CE0x4765f10 "{CE0x4765f10|_ret_i32_%tmp6,_!dbg_!27716|security/selinux/hooks.c,197}"
CE0x4757450 "{CE0x4757450|task_sid:_call7|security/selinux/hooks.c,208}"
CE0x475f3b0 "{CE0x475f3b0|_ret_i32_%call7,_!dbg_!27749|security/selinux/hooks.c,210}"
CE0x475e120 "{CE0x475e120|task_has_system:_call|security/selinux/hooks.c,1592}"
CE0x4762300 "{CE0x4762300|task_has_system:_call|security/selinux/hooks.c,1592|*SummSink*}"
CONST[source:0(mediator),value:2(dynamic)][purpose:{subject}]


CONST[source:2(external),value:2(dynamic)][purpose:{subject}]  ->  CONST[source:0(mediator),value:2(dynamic)][purpose:{subject}]
-----------
CONST[source:2(external),value:2(dynamic)][purpose:{subject}]
CE0x4762d40 "{CE0x4762d40|COLLAPSED:_CMRE:_elem_0::|security/selinux/hooks.c,196}"
CE0x4711040 "{CE0x4711040|cred_sid:_tmp4|*LoadInst*|security/selinux/hooks.c,196}"
CE0x47697d0 "{CE0x47697d0|cred_sid:_tmp5|security/selinux/hooks.c,196}"
CE0x4764140 "{CE0x4764140|cred_sid:_sid|security/selinux/hooks.c,197}"
CE0x477ee10 "{CE0x477ee10|cred_sid:_tmp6|security/selinux/hooks.c,197}"
CE0x4765f10 "{CE0x4765f10|_ret_i32_%tmp6,_!dbg_!27716|security/selinux/hooks.c,197}"
CE0x4757450 "{CE0x4757450|task_sid:_call7|security/selinux/hooks.c,208}"
CE0x475f3b0 "{CE0x475f3b0|_ret_i32_%call7,_!dbg_!27749|security/selinux/hooks.c,210}"
CE0x475e120 "{CE0x475e120|task_has_system:_call|security/selinux/hooks.c,1592}"
CE0x4762300 "{CE0x4762300|task_has_system:_call|security/selinux/hooks.c,1592|*SummSink*}"
CONST[source:0(mediator),value:2(dynamic)][purpose:{subject}]


