[selinux_umount]

explicit:
CONST[source:1(input),value:2(dynamic)][purpose:{object}]  ->  CONST[source:0(mediator),value:2(dynamic)][purpose:{object}]
-----------
CONST[source:1(input),value:2(dynamic)][purpose:{object}]
CE0x56231a0 "{CE0x56231a0|8:_%struct.super_block*,_:_CRE_8,16_|*MultipleSource*|security/selinux/hooks.c,2652|Function::selinux_umount&Arg::mnt::}"
CE0x5623130 "{CE0x5623130|selinux_umount:_tmp22|*LoadInst*|security/selinux/hooks.c,2652}"
CE0x563f350 "{CE0x563f350|superblock_has_perm:_sb|Function::superblock_has_perm&Arg::sb::}"
CE0x55fa370 "{CE0x55fa370|superblock_has_perm:_s_security|security/selinux/hooks.c,1865}"
CE0x5670c20 "{CE0x5670c20|superblock_has_perm:_tmp4|*LoadInst*|security/selinux/hooks.c,1865}"
CE0x5688450 "{CE0x5688450|superblock_has_perm:_tmp5|security/selinux/hooks.c,1865}"
CE0x56886a0 "{CE0x56886a0|superblock_has_perm:_sid1|security/selinux/hooks.c,1866}"
CE0x56753b0 "{CE0x56753b0|superblock_has_perm:_tmp6|security/selinux/hooks.c,1866}"
CE0x5689150 "{CE0x5689150|superblock_has_perm:_tmp6|security/selinux/hooks.c,1866|*SummSink*}"
CONST[source:0(mediator),value:2(dynamic)][purpose:{object}]


CONST[source:2(external),value:2(dynamic)][purpose:{subject}]  ->  CONST[source:0(mediator),value:2(dynamic)][purpose:{subject}]
-----------
CONST[source:2(external),value:2(dynamic)][purpose:{subject}]
CE0x563bda0 "{CE0x563bda0|COLLAPSED:_GCMRE_current_task_external_global_%struct.task_struct*:_elem_0::|security/selinux/hooks.c,2650}"
CE0x563bf20 "{CE0x563bf20|selinux_umount:_tmp21|security/selinux/hooks.c,2650}"
CE0x563ef30 "{CE0x563ef30|superblock_has_perm:_cred|Function::superblock_has_perm&Arg::cred::}"
CE0x565ea80 "{CE0x565ea80|cred_sid:_cred|Function::cred_sid&Arg::cred::}"
CE0x567ed30 "{CE0x567ed30|cred_sid:_security|security/selinux/hooks.c,196}"
CE0x567f440 "{CE0x567f440|cred_sid:_tmp4|*LoadInst*|security/selinux/hooks.c,196}"
CE0x5639370 "{CE0x5639370|cred_sid:_tmp5|security/selinux/hooks.c,196}"
CE0x5639b60 "{CE0x5639b60|cred_sid:_sid|security/selinux/hooks.c,197}"
CE0x563adf0 "{CE0x563adf0|cred_sid:_tmp6|security/selinux/hooks.c,197}"
CE0x566a400 "{CE0x566a400|_ret_i32_%tmp6,_!dbg_!27716|security/selinux/hooks.c,197}"
CE0x565dd30 "{CE0x565dd30|superblock_has_perm:_call|security/selinux/hooks.c,1863}"
CE0x5648700 "{CE0x5648700|superblock_has_perm:_call|security/selinux/hooks.c,1863|*SummSink*}"
CONST[source:0(mediator),value:2(dynamic)][purpose:{subject}]



implicit:
CONST[source:1(input),value:2(dynamic)][purpose:{object}]  ->  CONST[source:0(mediator),value:2(dynamic)][purpose:{object}]
-----------
CONST[source:1(input),value:2(dynamic)][purpose:{object}]
CE0x56231a0 "{CE0x56231a0|8:_%struct.super_block*,_:_CRE_8,16_|*MultipleSource*|security/selinux/hooks.c,2652|Function::selinux_umount&Arg::mnt::}"
CE0x5623130 "{CE0x5623130|selinux_umount:_tmp22|*LoadInst*|security/selinux/hooks.c,2652}"
CE0x563f350 "{CE0x563f350|superblock_has_perm:_sb|Function::superblock_has_perm&Arg::sb::}"
CE0x55fa370 "{CE0x55fa370|superblock_has_perm:_s_security|security/selinux/hooks.c,1865}"
CE0x5670c20 "{CE0x5670c20|superblock_has_perm:_tmp4|*LoadInst*|security/selinux/hooks.c,1865}"
CE0x5688450 "{CE0x5688450|superblock_has_perm:_tmp5|security/selinux/hooks.c,1865}"
CE0x56886a0 "{CE0x56886a0|superblock_has_perm:_sid1|security/selinux/hooks.c,1866}"
CE0x56753b0 "{CE0x56753b0|superblock_has_perm:_tmp6|security/selinux/hooks.c,1866}"
CE0x5689150 "{CE0x5689150|superblock_has_perm:_tmp6|security/selinux/hooks.c,1866|*SummSink*}"
CONST[source:0(mediator),value:2(dynamic)][purpose:{object}]


CONST[source:2(external),value:2(dynamic)][purpose:{subject}]  ->  CONST[source:0(mediator),value:2(dynamic)][purpose:{subject}]
-----------
CONST[source:2(external),value:2(dynamic)][purpose:{subject}]
CE0x563bda0 "{CE0x563bda0|COLLAPSED:_GCMRE_current_task_external_global_%struct.task_struct*:_elem_0::|security/selinux/hooks.c,2650}"
CE0x563bf20 "{CE0x563bf20|selinux_umount:_tmp21|security/selinux/hooks.c,2650}"
CE0x563ef30 "{CE0x563ef30|superblock_has_perm:_cred|Function::superblock_has_perm&Arg::cred::}"
CE0x565ea80 "{CE0x565ea80|cred_sid:_cred|Function::cred_sid&Arg::cred::}"
CE0x567ed30 "{CE0x567ed30|cred_sid:_security|security/selinux/hooks.c,196}"
CE0x567f440 "{CE0x567f440|cred_sid:_tmp4|*LoadInst*|security/selinux/hooks.c,196}"
CE0x5639370 "{CE0x5639370|cred_sid:_tmp5|security/selinux/hooks.c,196}"
CE0x5639b60 "{CE0x5639b60|cred_sid:_sid|security/selinux/hooks.c,197}"
CE0x563adf0 "{CE0x563adf0|cred_sid:_tmp6|security/selinux/hooks.c,197}"
CE0x566a400 "{CE0x566a400|_ret_i32_%tmp6,_!dbg_!27716|security/selinux/hooks.c,197}"
CE0x565dd30 "{CE0x565dd30|superblock_has_perm:_call|security/selinux/hooks.c,1863}"
CE0x5648700 "{CE0x5648700|superblock_has_perm:_call|security/selinux/hooks.c,1863|*SummSink*}"
CONST[source:0(mediator),value:2(dynamic)][purpose:{subject}]


