[selinux_inode_link]

explicit:
CONST[source:1(input),value:2(dynamic)][purpose:{object}][SrcIdx:1]  ->  CONST[source:0(mediator),value:2(dynamic)][purpose:{object}]
-----------
CONST[source:1(input),value:2(dynamic)][purpose:{object}][SrcIdx:1]
CE0x4cfa0a0 "{CE0x4cfa0a0|56:_i8*,_:_CRE_56,64_|*MultipleSource*|*LoadInst*|security/selinux/hooks.c,1770|security/selinux/hooks.c,1770}"
CE0x4d3ff90 "{CE0x4d3ff90|may_link:tmp5|security/selinux/hooks.c,1770}"
CE0x4d406a0 "{CE0x4d406a0|may_link:tmp6|security/selinux/hooks.c,1770}"
CE0x4d7eee0 "{CE0x4d7eee0|may_link:sclass|security/selinux/hooks.c,1797}"
CE0x4d7edb0 "{CE0x4d7edb0|may_link:tmp25|security/selinux/hooks.c,1797}"
CE0x4d7dda0 "{CE0x4d7dda0|may_link:tmp25|security/selinux/hooks.c,1797|*SummSink*}"
CONST[source:0(mediator),value:2(dynamic)][purpose:{object}]


CONST[source:2(external),value:2(dynamic)][purpose:{subject}][SrcIdx:3]  ->  CONST[source:0(mediator),value:2(dynamic)][purpose:{subject}]
-----------
CONST[source:2(external),value:2(dynamic)][purpose:{subject}][SrcIdx:3]
CE0x4d60cf0 "{CE0x4d60cf0|COLLAPSED:_CMRE:_elem_0::|security/selinux/hooks.c,218}"
CE0x4d5a3b0 "{CE0x4d5a3b0|current_sid:tmp22|security/selinux/hooks.c,218}"
CE0x4d5a6a0 "{CE0x4d5a6a0|current_sid:tmp23|security/selinux/hooks.c,218}"
CE0x4cfadb0 "{CE0x4cfadb0|current_sid:sid|security/selinux/hooks.c,220}"
CE0x4d23fa0 "{CE0x4d23fa0|current_sid:tmp24|security/selinux/hooks.c,220}"
CE0x4cc7930 "{CE0x4cc7930|_ret_i32_%tmp24,_!dbg_!27742|security/selinux/hooks.c,220}"
CE0x4cd6220 "{CE0x4cd6220|may_link:call|security/selinux/hooks.c,1765}"
CE0x4c9fac0 "{CE0x4c9fac0|may_link:call|security/selinux/hooks.c,1765|*SummSink*}"
CONST[source:0(mediator),value:2(dynamic)][purpose:{subject}]


CONST[source:1(input),value:2(dynamic)][purpose:{object}][SrcIdx:0]  ->  CONST[source:0(mediator),value:2(dynamic)][purpose:{object}]
-----------
CONST[source:1(input),value:2(dynamic)][purpose:{object}][SrcIdx:0]
CE0x4d42a90 "{CE0x4d42a90|28:_i32,_:_CRE_28,32_|*MultipleSource*|*LoadInst*|security/selinux/hooks.c,1769|security/selinux/hooks.c,1769|security/selinux/hooks.c,1777}"
CE0x4d492b0 "{CE0x4d492b0|may_link:tmp7|security/selinux/hooks.c,1777}"
CE0x4d41930 "{CE0x4d41930|may_link:tmp7|security/selinux/hooks.c,1777|*SummSink*}"
CONST[source:0(mediator),value:2(dynamic)][purpose:{object}]



implicit:
CONST[source:1(input),value:2(dynamic)][purpose:{object}][SrcIdx:1]  ->  CONST[source:0(mediator),value:2(dynamic)][purpose:{object}]
-----------
CONST[source:1(input),value:2(dynamic)][purpose:{object}][SrcIdx:1]
CE0x4cfa0a0 "{CE0x4cfa0a0|56:_i8*,_:_CRE_56,64_|*MultipleSource*|*LoadInst*|security/selinux/hooks.c,1770|security/selinux/hooks.c,1770}"
CE0x4d3ff90 "{CE0x4d3ff90|may_link:tmp5|security/selinux/hooks.c,1770}"
CE0x4d406a0 "{CE0x4d406a0|may_link:tmp6|security/selinux/hooks.c,1770}"
CE0x4d6f9d0 "{CE0x4d6f9d0|may_link:sid10|security/selinux/hooks.c,1797}"
CE0x4d79850 "{CE0x4d79850|may_link:tmp24|security/selinux/hooks.c,1797}"
CE0x4d71270 "{CE0x4d71270|may_link:tmp24|security/selinux/hooks.c,1797|*SummSink*}"
CONST[source:0(mediator),value:2(dynamic)][purpose:{object}]


CONST[source:0(mediator),value:0(static)][purpose:{operation}][SrcIdx:2]  ->  CONST[source:0(mediator),value:2(dynamic)][purpose:{object}]
-----------
CONST[source:0(mediator),value:0(static)][purpose:{operation}][SrcIdx:2]
CE0x4cb1e50 "{CE0x4cb1e50|may_link:kind|Function::may_link&Arg::kind::|*SummSource*}"
CE0x4cb1db0 "{CE0x4cb1db0|may_link:kind|Function::may_link&Arg::kind::}"
CE0x4cd1800 "{CE0x4cd1800|may_link:sw.epilog}"
CE0x4d79850 "{CE0x4d79850|may_link:tmp24|security/selinux/hooks.c,1797}"
CE0x4d71270 "{CE0x4d71270|may_link:tmp24|security/selinux/hooks.c,1797|*SummSink*}"
CONST[source:0(mediator),value:2(dynamic)][purpose:{object}]


CONST[source:1(input),value:2(dynamic)][purpose:{object}][SrcIdx:0]  ->  CONST[source:0(mediator),value:2(dynamic)][purpose:{object}]
-----------
CONST[source:1(input),value:2(dynamic)][purpose:{object}][SrcIdx:0]
CE0x4d42a90 "{CE0x4d42a90|28:_i32,_:_CRE_28,32_|*MultipleSource*|*LoadInst*|security/selinux/hooks.c,1769|security/selinux/hooks.c,1769|security/selinux/hooks.c,1777}"
CE0x4d492b0 "{CE0x4d492b0|may_link:tmp7|security/selinux/hooks.c,1777}"
CE0x4d41930 "{CE0x4d41930|may_link:tmp7|security/selinux/hooks.c,1777|*SummSink*}"
CONST[source:0(mediator),value:2(dynamic)][purpose:{object}]


CONST[source:2(external),value:2(dynamic)][purpose:{subject}][SrcIdx:3]  ->  CONST[source:0(mediator),value:2(dynamic)][purpose:{subject}]
-----------
CONST[source:2(external),value:2(dynamic)][purpose:{subject}][SrcIdx:3]
CE0x4d5fe10 "{CE0x4d5fe10|COLLAPSED:_GCMRE_current_task_external_global_%struct.task_struct*:_elem_0::|security/selinux/hooks.c,218}"
CE0x4d5a3b0 "{CE0x4d5a3b0|current_sid:tmp22|security/selinux/hooks.c,218}"
CE0x4d5a6a0 "{CE0x4d5a6a0|current_sid:tmp23|security/selinux/hooks.c,218}"
CE0x4cfadb0 "{CE0x4cfadb0|current_sid:sid|security/selinux/hooks.c,220}"
CE0x4d23fa0 "{CE0x4d23fa0|current_sid:tmp24|security/selinux/hooks.c,220}"
CE0x4cc7930 "{CE0x4cc7930|_ret_i32_%tmp24,_!dbg_!27742|security/selinux/hooks.c,220}"
CE0x4cd6220 "{CE0x4cd6220|may_link:call|security/selinux/hooks.c,1765}"
CE0x4c9fac0 "{CE0x4c9fac0|may_link:call|security/selinux/hooks.c,1765|*SummSink*}"
CONST[source:0(mediator),value:2(dynamic)][purpose:{subject}]


