[selinux_ptrace_traceme]

explicit:
CONST[source:1(input),value:2(dynamic)][purpose:{subject}][SrcIdx:2]  ->  CONST[source:0(mediator),value:2(dynamic)][purpose:{subject}][SnkIdx:0]
-----------
CONST[source:1(input),value:2(dynamic)][purpose:{subject}][SrcIdx:2]
CE0x559eb40 "{CE0x559eb40|128:_i8*,_:_CRE_128,136_}"
CE0x54df890 "{CE0x54df890|task_has_perm:tmp28|security/selinux/hooks.c,1525}"
CE0x54dfe20 "{CE0x54dfe20|task_has_perm:tmp29|security/selinux/hooks.c,1525}"
CE0x5535260 "{CE0x5535260|task_has_perm:sid|security/selinux/hooks.c,1525}"
CE0x55297c0 "{CE0x55297c0|task_has_perm:tmp30|security/selinux/hooks.c,1525}"
CE0x5529b00 "{CE0x5529b00|task_has_perm:tmp30|security/selinux/hooks.c,1525|*SummSink*}"
CONST[source:0(mediator),value:2(dynamic)][purpose:{subject}][SnkIdx:0]


CONST[source:2(external),value:2(dynamic)][purpose:{object}][SrcIdx:4]  ->  CONST[source:0(mediator),value:2(dynamic)][purpose:{object}][SnkIdx:1]
-----------
CONST[source:2(external),value:2(dynamic)][purpose:{object}][SrcIdx:4]
CE0x54f51f0 "{CE0x54f51f0|COLLAPSED:_GCMRE_current_task_external_global_%struct.task_struct*:_elem_0:default:}"
CE0x5574a50 "{CE0x5574a50|task_has_perm:tmp55|security/selinux/hooks.c,1526}"
CE0x5574bd0 "{CE0x5574bd0|task_has_perm:tmp56|security/selinux/hooks.c,1526}"
CE0x55754d0 "{CE0x55754d0|task_has_perm:sid25|security/selinux/hooks.c,1526}"
CE0x5576950 "{CE0x5576950|task_has_perm:tmp57|security/selinux/hooks.c,1526}"
CE0x5576c30 "{CE0x5576c30|task_has_perm:tmp57|security/selinux/hooks.c,1526|*SummSink*}"
CONST[source:0(mediator),value:2(dynamic)][purpose:{object}][SnkIdx:1]



implicit:
CONST[source:2(external),value:2(dynamic)][purpose:{object}][SrcIdx:4]  ->  CONST[source:0(mediator),value:2(dynamic)][purpose:{object}][SnkIdx:1]
-----------
CONST[source:2(external),value:2(dynamic)][purpose:{object}][SrcIdx:4]
CE0x54f51f0 "{CE0x54f51f0|COLLAPSED:_GCMRE_current_task_external_global_%struct.task_struct*:_elem_0:default:}"
CE0x5574a50 "{CE0x5574a50|task_has_perm:tmp55|security/selinux/hooks.c,1526}"
CE0x5574bd0 "{CE0x5574bd0|task_has_perm:tmp56|security/selinux/hooks.c,1526}"
CE0x55754d0 "{CE0x55754d0|task_has_perm:sid25|security/selinux/hooks.c,1526}"
CE0x5576950 "{CE0x5576950|task_has_perm:tmp57|security/selinux/hooks.c,1526}"
CE0x5576c30 "{CE0x5576c30|task_has_perm:tmp57|security/selinux/hooks.c,1526|*SummSink*}"
CONST[source:0(mediator),value:2(dynamic)][purpose:{object}][SnkIdx:1]


CONST[source:1(input),value:2(dynamic)][purpose:{subject}][SrcIdx:2]  ->  CONST[source:0(mediator),value:2(dynamic)][purpose:{subject}][SnkIdx:0]
-----------
CONST[source:1(input),value:2(dynamic)][purpose:{subject}][SrcIdx:2]
CE0x559eb40 "{CE0x559eb40|128:_i8*,_:_CRE_128,136_}"
CE0x54df890 "{CE0x54df890|task_has_perm:tmp28|security/selinux/hooks.c,1525}"
CE0x54dfe20 "{CE0x54dfe20|task_has_perm:tmp29|security/selinux/hooks.c,1525}"
CE0x5535260 "{CE0x5535260|task_has_perm:sid|security/selinux/hooks.c,1525}"
CE0x55297c0 "{CE0x55297c0|task_has_perm:tmp30|security/selinux/hooks.c,1525}"
CE0x5529b00 "{CE0x5529b00|task_has_perm:tmp30|security/selinux/hooks.c,1525|*SummSink*}"
CONST[source:0(mediator),value:2(dynamic)][purpose:{subject}][SnkIdx:0]


CONST[source:1(input),value:2(dynamic)][purpose:{subject}][SrcIdx:2]  ->  CONST[source:0(mediator),value:2(dynamic)][purpose:{object}][SnkIdx:1]
-----------
CONST[source:1(input),value:2(dynamic)][purpose:{subject}][SrcIdx:2]
CE0x54eedc0 "{CE0x54eedc0|2472:_%struct.cred*,_:_CRE:_elem_0:default:}"
CE0x54d4cc0 "{CE0x54d4cc0|selinux_ptrace_traceme:call|security/selinux/hooks.c,1958}"
CE0x54d5500 "{CE0x54d5500|selinux_ptrace_traceme:tobool|security/selinux/hooks.c,1959}"
CE0x54c8b10 "{CE0x54c8b10|selinux_ptrace_traceme:if.end}"
CE0x54d9450 "{CE0x54d9450|task_has_perm:entry}"
CE0x54f0d60 "{CE0x54f0d60|task_has_perm:do.end22}"
CE0x5576950 "{CE0x5576950|task_has_perm:tmp57|security/selinux/hooks.c,1526}"
CE0x5576c30 "{CE0x5576c30|task_has_perm:tmp57|security/selinux/hooks.c,1526|*SummSink*}"
CONST[source:0(mediator),value:2(dynamic)][purpose:{object}][SnkIdx:1]


