[selinux_task_movememory]

explicit:
CONST[source:2(external),value:2(dynamic)][purpose:{subject}]  ->  CONST[source:0(mediator),value:2(dynamic)][purpose:{subject}]
-----------
CONST[source:2(external),value:2(dynamic)][purpose:{subject}]
CE0x4b07ed0 "{CE0x4b07ed0|COLLAPSED:_GCMRE_current_task_external_global_%struct.task_struct*:_elem_0::|security/selinux/hooks.c,218}"
CE0x4b161d0 "{CE0x4b161d0|current_sid:_tmp22|security/selinux/hooks.c,218}"
CE0x4b16620 "{CE0x4b16620|current_sid:_tmp23|security/selinux/hooks.c,218}"
CE0x4b17f70 "{CE0x4b17f70|current_sid:_sid|security/selinux/hooks.c,220}"
CE0x4b1b2c0 "{CE0x4b1b2c0|current_sid:_tmp24|security/selinux/hooks.c,220}"
CE0x4af1db0 "{CE0x4af1db0|_ret_i32_%tmp24,_!dbg_!27742|security/selinux/hooks.c,220}"
CE0x4adc4d0 "{CE0x4adc4d0|current_has_perm:_call|security/selinux/hooks.c,1542}"
CE0x4af1400 "{CE0x4af1400|current_has_perm:_call|security/selinux/hooks.c,1542|*SummSink*}"
CONST[source:0(mediator),value:2(dynamic)][purpose:{subject}]


CONST[source:1(input),value:2(dynamic)][purpose:{object}]  ->  CONST[source:0(mediator),value:2(dynamic)][purpose:{object}]
-----------
CONST[source:1(input),value:2(dynamic)][purpose:{object}]
CE0x4b598d0 "{CE0x4b598d0|2472:_%struct.cred*,_:_CRE_2472,2480_|*MultipleSource*|Function::task_sid&Arg::task::|Function::current_has_perm&Arg::tsk::|Function::selinux_task_movememory&Arg::p::|security/selinux/hooks.c,208}"
CE0x4b80d90 "{CE0x4b80d90|task_sid:_tmp4|*LoadInst*|security/selinux/hooks.c,208}"
CE0x4b98580 "{CE0x4b98580|cred_sid:_cred|Function::cred_sid&Arg::cred::}"
CE0x4aff6f0 "{CE0x4aff6f0|cred_sid:_security|security/selinux/hooks.c,196}"
CE0x4b33a20 "{CE0x4b33a20|cred_sid:_tmp4|*LoadInst*|security/selinux/hooks.c,196}"
CE0x4bb3440 "{CE0x4bb3440|cred_sid:_tmp5|security/selinux/hooks.c,196}"
CE0x4bb3830 "{CE0x4bb3830|cred_sid:_sid|security/selinux/hooks.c,197}"
CE0x4bae2d0 "{CE0x4bae2d0|cred_sid:_tmp6|security/selinux/hooks.c,197}"
CE0x4b988f0 "{CE0x4b988f0|_ret_i32_%tmp6,_!dbg_!27716|security/selinux/hooks.c,197}"
CE0x4b97880 "{CE0x4b97880|task_sid:_call7|security/selinux/hooks.c,208}"
CE0x4ada120 "{CE0x4ada120|_ret_i32_%call7,_!dbg_!27749|security/selinux/hooks.c,210}"
CE0x4af2210 "{CE0x4af2210|current_has_perm:_call1|security/selinux/hooks.c,1543}"
CE0x4af1900 "{CE0x4af1900|current_has_perm:_call1|security/selinux/hooks.c,1543|*SummSink*}"
CONST[source:0(mediator),value:2(dynamic)][purpose:{object}]



implicit:
CONST[source:2(external),value:2(dynamic)][purpose:{subject}]  ->  CONST[source:0(mediator),value:2(dynamic)][purpose:{subject}]
-----------
CONST[source:2(external),value:2(dynamic)][purpose:{subject}]
CE0x4b07ed0 "{CE0x4b07ed0|COLLAPSED:_GCMRE_current_task_external_global_%struct.task_struct*:_elem_0::|security/selinux/hooks.c,218}"
CE0x4b161d0 "{CE0x4b161d0|current_sid:_tmp22|security/selinux/hooks.c,218}"
CE0x4b16620 "{CE0x4b16620|current_sid:_tmp23|security/selinux/hooks.c,218}"
CE0x4b17f70 "{CE0x4b17f70|current_sid:_sid|security/selinux/hooks.c,220}"
CE0x4b1b2c0 "{CE0x4b1b2c0|current_sid:_tmp24|security/selinux/hooks.c,220}"
CE0x4af1db0 "{CE0x4af1db0|_ret_i32_%tmp24,_!dbg_!27742|security/selinux/hooks.c,220}"
CE0x4adc4d0 "{CE0x4adc4d0|current_has_perm:_call|security/selinux/hooks.c,1542}"
CE0x4af1400 "{CE0x4af1400|current_has_perm:_call|security/selinux/hooks.c,1542|*SummSink*}"
CONST[source:0(mediator),value:2(dynamic)][purpose:{subject}]


CONST[source:1(input),value:2(dynamic)][purpose:{object}]  ->  CONST[source:0(mediator),value:2(dynamic)][purpose:{object}]
-----------
CONST[source:1(input),value:2(dynamic)][purpose:{object}]
CE0x4b598d0 "{CE0x4b598d0|2472:_%struct.cred*,_:_CRE_2472,2480_|*MultipleSource*|Function::task_sid&Arg::task::|Function::current_has_perm&Arg::tsk::|Function::selinux_task_movememory&Arg::p::|security/selinux/hooks.c,208}"
CE0x4b80d90 "{CE0x4b80d90|task_sid:_tmp4|*LoadInst*|security/selinux/hooks.c,208}"
CE0x4b98580 "{CE0x4b98580|cred_sid:_cred|Function::cred_sid&Arg::cred::}"
CE0x4aff6f0 "{CE0x4aff6f0|cred_sid:_security|security/selinux/hooks.c,196}"
CE0x4b33a20 "{CE0x4b33a20|cred_sid:_tmp4|*LoadInst*|security/selinux/hooks.c,196}"
CE0x4bb3440 "{CE0x4bb3440|cred_sid:_tmp5|security/selinux/hooks.c,196}"
CE0x4bb3830 "{CE0x4bb3830|cred_sid:_sid|security/selinux/hooks.c,197}"
CE0x4bae2d0 "{CE0x4bae2d0|cred_sid:_tmp6|security/selinux/hooks.c,197}"
CE0x4b988f0 "{CE0x4b988f0|_ret_i32_%tmp6,_!dbg_!27716|security/selinux/hooks.c,197}"
CE0x4b97880 "{CE0x4b97880|task_sid:_call7|security/selinux/hooks.c,208}"
CE0x4ada120 "{CE0x4ada120|_ret_i32_%call7,_!dbg_!27749|security/selinux/hooks.c,210}"
CE0x4af2210 "{CE0x4af2210|current_has_perm:_call1|security/selinux/hooks.c,1543}"
CE0x4af1900 "{CE0x4af1900|current_has_perm:_call1|security/selinux/hooks.c,1543|*SummSink*}"
CONST[source:0(mediator),value:2(dynamic)][purpose:{object}]


