[selinux_sem_semctl]

explicit:
CONST[source:2(external),value:2(dynamic)][purpose:{subject}][SrcIdx:25]  ->  CONST[source:0(mediator),value:2(dynamic)][purpose:{subject}][SnkIdx:0]
-----------
CONST[source:2(external),value:2(dynamic)][purpose:{subject}][SrcIdx:25]
CE0x5606f60 "{CE0x5606f60|COLLAPSED:_GCMRE_current_task_external_global_%struct.task_struct*:_elem_0:default:}"
CE0x5621120 "{CE0x5621120|task_sid:tmp4|*LoadInst*|security/selinux/hooks.c,208}"
CE0x56b1890 "{CE0x56b1890|cred_sid:cred|Function::cred_sid&Arg::cred::}"
CE0x5642d50 "{CE0x5642d50|cred_sid:security|security/selinux/hooks.c,196}"
CE0x5686a20 "{CE0x5686a20|cred_sid:tmp4|*LoadInst*|security/selinux/hooks.c,196}"
CE0x56805a0 "{CE0x56805a0|cred_sid:tmp5|security/selinux/hooks.c,196}"
CE0x5681620 "{CE0x5681620|cred_sid:sid|security/selinux/hooks.c,197}"
CE0x566c320 "{CE0x566c320|cred_sid:tmp6|security/selinux/hooks.c,197}"
CE0x56b1bf0 "{CE0x56b1bf0|_ret_i32_%tmp6,_!dbg_!27716|security/selinux/hooks.c,197}"
CE0x56b0530 "{CE0x56b0530|task_sid:call7|security/selinux/hooks.c,208}"
CE0x5608590 "{CE0x5608590|_ret_i32_%call7,_!dbg_!27749|security/selinux/hooks.c,210}"
CE0x5621b30 "{CE0x5621b30|task_has_system:call|security/selinux/hooks.c,1592}"
CE0x5608220 "{CE0x5608220|task_has_system:call|security/selinux/hooks.c,1592|*SummSink*}"
CONST[source:0(mediator),value:2(dynamic)][purpose:{subject}][SnkIdx:0]


CONST[source:2(external),value:2(dynamic)][purpose:{subject}][SrcIdx:25]  ->  CONST[source:0(mediator),value:2(dynamic)][purpose:{subject}][SnkIdx:4]
-----------
CONST[source:2(external),value:2(dynamic)][purpose:{subject}][SrcIdx:25]
CE0x5606f60 "{CE0x5606f60|COLLAPSED:_GCMRE_current_task_external_global_%struct.task_struct*:_elem_0:default:}"
CE0x5669240 "{CE0x5669240|current_sid:tmp22|security/selinux/hooks.c,218}"
CE0x5669530 "{CE0x5669530|current_sid:tmp23|security/selinux/hooks.c,218}"
CE0x566a000 "{CE0x566a000|current_sid:sid|security/selinux/hooks.c,220}"
CE0x566b0f0 "{CE0x566b0f0|current_sid:tmp24|security/selinux/hooks.c,220}"
CE0x5689da0 "{CE0x5689da0|_ret_i32_%tmp24,_!dbg_!27742|security/selinux/hooks.c,220}"
CE0x5692640 "{CE0x5692640|ipc_has_perm:call|security/selinux/hooks.c,5129}"
CE0x5689630 "{CE0x5689630|ipc_has_perm:call|security/selinux/hooks.c,5129|*SummSink*}"
CONST[source:0(mediator),value:2(dynamic)][purpose:{subject}][SnkIdx:4]


CONST[source:1(input),value:2(dynamic)][purpose:{object}][SrcIdx:22]  ->  CONST[source:0(mediator),value:2(dynamic)][purpose:{object}][SnkIdx:5]
-----------
CONST[source:1(input),value:2(dynamic)][purpose:{object}][SrcIdx:22]
CE0x5690750 "{CE0x5690750|0:_i16,_4:_i32,_:_CRE_4,8_|*MultipleSource*|security/selinux/hooks.c,5136|*LoadInst*|security/selinux/hooks.c,5131|security/selinux/hooks.c,5131}"
CE0x56908d0 "{CE0x56908d0|ipc_has_perm:tmp7|security/selinux/hooks.c,5136}"
CE0x5676340 "{CE0x5676340|ipc_has_perm:tmp7|security/selinux/hooks.c,5136|*SummSink*}"
CONST[source:0(mediator),value:2(dynamic)][purpose:{object}][SnkIdx:5]


CONST[source:1(input),value:2(dynamic)][purpose:{object}][SrcIdx:22]  ->  CONST[source:0(mediator),value:2(dynamic)][purpose:{object}][SnkIdx:6]
-----------
CONST[source:1(input),value:2(dynamic)][purpose:{object}][SrcIdx:22]
CE0x56906e0 "{CE0x56906e0|0:_i16,_4:_i32,_:_CRE_0,2_|*MultipleSource*|security/selinux/hooks.c,5136|*LoadInst*|security/selinux/hooks.c,5131|security/selinux/hooks.c,5131}"
CE0x56766a0 "{CE0x56766a0|ipc_has_perm:tmp8|security/selinux/hooks.c,5136}"
CE0x568ea00 "{CE0x568ea00|ipc_has_perm:tmp8|security/selinux/hooks.c,5136|*SummSink*}"
CONST[source:0(mediator),value:2(dynamic)][purpose:{object}][SnkIdx:6]


CONST[source:0(mediator),value:2(dynamic)][purpose:{operation}][SrcIdx:24]  ->  CONST[source:0(mediator),value:0(static)][purpose:{operation}][SnkIdx:7]
-----------
CONST[source:0(mediator),value:2(dynamic)][purpose:{operation}][SrcIdx:24]
CE0x5663850 "{CE0x5663850|ipc_has_perm:perms|Function::ipc_has_perm&Arg::perms::|*SummSource*}"
CE0x5663340 "{CE0x5663340|ipc_has_perm:perms|Function::ipc_has_perm&Arg::perms::}"
CE0x56638c0 "{CE0x56638c0|ipc_has_perm:perms|Function::ipc_has_perm&Arg::perms::|*SummSink*}"
CONST[source:0(mediator),value:0(static)][purpose:{operation}][SnkIdx:7]



implicit:
CONST[source:2(external),value:2(dynamic)][purpose:{subject}][SrcIdx:25]  ->  CONST[source:0(mediator),value:2(dynamic)][purpose:{subject}][SnkIdx:4]
-----------
CONST[source:2(external),value:2(dynamic)][purpose:{subject}][SrcIdx:25]
CE0x5606f60 "{CE0x5606f60|COLLAPSED:_GCMRE_current_task_external_global_%struct.task_struct*:_elem_0:default:}"
CE0x5669240 "{CE0x5669240|current_sid:tmp22|security/selinux/hooks.c,218}"
CE0x5669530 "{CE0x5669530|current_sid:tmp23|security/selinux/hooks.c,218}"
CE0x566a000 "{CE0x566a000|current_sid:sid|security/selinux/hooks.c,220}"
CE0x566b0f0 "{CE0x566b0f0|current_sid:tmp24|security/selinux/hooks.c,220}"
CE0x5689da0 "{CE0x5689da0|_ret_i32_%tmp24,_!dbg_!27742|security/selinux/hooks.c,220}"
CE0x5692640 "{CE0x5692640|ipc_has_perm:call|security/selinux/hooks.c,5129}"
CE0x5689630 "{CE0x5689630|ipc_has_perm:call|security/selinux/hooks.c,5129|*SummSink*}"
CONST[source:0(mediator),value:2(dynamic)][purpose:{subject}][SnkIdx:4]


CONST[source:2(external),value:2(dynamic)][purpose:{subject}][SrcIdx:25]  ->  CONST[source:0(mediator),value:2(dynamic)][purpose:{subject}][SnkIdx:0]
-----------
CONST[source:2(external),value:2(dynamic)][purpose:{subject}][SrcIdx:25]
CE0x5606f60 "{CE0x5606f60|COLLAPSED:_GCMRE_current_task_external_global_%struct.task_struct*:_elem_0:default:}"
CE0x5621120 "{CE0x5621120|task_sid:tmp4|*LoadInst*|security/selinux/hooks.c,208}"
CE0x56b1890 "{CE0x56b1890|cred_sid:cred|Function::cred_sid&Arg::cred::}"
CE0x5642d50 "{CE0x5642d50|cred_sid:security|security/selinux/hooks.c,196}"
CE0x5686a20 "{CE0x5686a20|cred_sid:tmp4|*LoadInst*|security/selinux/hooks.c,196}"
CE0x56805a0 "{CE0x56805a0|cred_sid:tmp5|security/selinux/hooks.c,196}"
CE0x5681620 "{CE0x5681620|cred_sid:sid|security/selinux/hooks.c,197}"
CE0x566c320 "{CE0x566c320|cred_sid:tmp6|security/selinux/hooks.c,197}"
CE0x56b1bf0 "{CE0x56b1bf0|_ret_i32_%tmp6,_!dbg_!27716|security/selinux/hooks.c,197}"
CE0x56b0530 "{CE0x56b0530|task_sid:call7|security/selinux/hooks.c,208}"
CE0x5608590 "{CE0x5608590|_ret_i32_%call7,_!dbg_!27749|security/selinux/hooks.c,210}"
CE0x5621b30 "{CE0x5621b30|task_has_system:call|security/selinux/hooks.c,1592}"
CE0x5608220 "{CE0x5608220|task_has_system:call|security/selinux/hooks.c,1592|*SummSink*}"
CONST[source:0(mediator),value:2(dynamic)][purpose:{subject}][SnkIdx:0]


CONST[source:1(input),value:2(dynamic)][purpose:{operation}][SrcIdx:23]  ->  CONST[source:0(mediator),value:0(static)][purpose:{operation}][SnkIdx:7]
-----------
CONST[source:1(input),value:2(dynamic)][purpose:{operation}][SrcIdx:23]
CE0x5624750 "{CE0x5624750|selinux_sem_semctl:cmd|Function::selinux_sem_semctl&Arg::cmd::|*SummSource*}"
CE0x5624640 "{CE0x5624640|selinux_sem_semctl:cmd|Function::selinux_sem_semctl&Arg::cmd::}"
CE0x55e6f80 "{CE0x55e6f80|selinux_sem_semctl:sw.epilog}"
CE0x563b4b0 "{CE0x563b4b0|selinux_sem_semctl:perms.0}"
CE0x5663340 "{CE0x5663340|ipc_has_perm:perms|Function::ipc_has_perm&Arg::perms::}"
CE0x56638c0 "{CE0x56638c0|ipc_has_perm:perms|Function::ipc_has_perm&Arg::perms::|*SummSink*}"
CONST[source:0(mediator),value:0(static)][purpose:{operation}][SnkIdx:7]


CONST[source:1(input),value:2(dynamic)][purpose:{operation}][SrcIdx:23]  ->  CONST[source:0(mediator),value:2(dynamic)][purpose:{subject}][SnkIdx:4]
-----------
CONST[source:1(input),value:2(dynamic)][purpose:{operation}][SrcIdx:23]
CE0x5624750 "{CE0x5624750|selinux_sem_semctl:cmd|Function::selinux_sem_semctl&Arg::cmd::|*SummSource*}"
CE0x5624640 "{CE0x5624640|selinux_sem_semctl:cmd|Function::selinux_sem_semctl&Arg::cmd::}"
CE0x55e6f80 "{CE0x55e6f80|selinux_sem_semctl:sw.epilog}"
CE0x5663090 "{CE0x5663090|ipc_has_perm:entry}"
CE0x5620950 "{CE0x5620950|ipc_has_perm:bb}"
CE0x5692640 "{CE0x5692640|ipc_has_perm:call|security/selinux/hooks.c,5129}"
CE0x5689630 "{CE0x5689630|ipc_has_perm:call|security/selinux/hooks.c,5129|*SummSink*}"
CONST[source:0(mediator),value:2(dynamic)][purpose:{subject}][SnkIdx:4]


CONST[source:1(input),value:2(dynamic)][purpose:{operation}][SrcIdx:23]  ->  CONST[source:0(mediator),value:2(dynamic)][purpose:{object}][SnkIdx:5]
-----------
CONST[source:1(input),value:2(dynamic)][purpose:{operation}][SrcIdx:23]
CE0x5624750 "{CE0x5624750|selinux_sem_semctl:cmd|Function::selinux_sem_semctl&Arg::cmd::|*SummSource*}"
CE0x5624640 "{CE0x5624640|selinux_sem_semctl:cmd|Function::selinux_sem_semctl&Arg::cmd::}"
CE0x55e6f80 "{CE0x55e6f80|selinux_sem_semctl:sw.epilog}"
CE0x5663090 "{CE0x5663090|ipc_has_perm:entry}"
CE0x5620950 "{CE0x5620950|ipc_has_perm:bb}"
CE0x56908d0 "{CE0x56908d0|ipc_has_perm:tmp7|security/selinux/hooks.c,5136}"
CE0x5676340 "{CE0x5676340|ipc_has_perm:tmp7|security/selinux/hooks.c,5136|*SummSink*}"
CONST[source:0(mediator),value:2(dynamic)][purpose:{object}][SnkIdx:5]


CONST[source:1(input),value:2(dynamic)][purpose:{operation}][SrcIdx:23]  ->  CONST[source:0(mediator),value:2(dynamic)][purpose:{object}][SnkIdx:6]
-----------
CONST[source:1(input),value:2(dynamic)][purpose:{operation}][SrcIdx:23]
CE0x5624750 "{CE0x5624750|selinux_sem_semctl:cmd|Function::selinux_sem_semctl&Arg::cmd::|*SummSource*}"
CE0x5624640 "{CE0x5624640|selinux_sem_semctl:cmd|Function::selinux_sem_semctl&Arg::cmd::}"
CE0x55e6f80 "{CE0x55e6f80|selinux_sem_semctl:sw.epilog}"
CE0x5663090 "{CE0x5663090|ipc_has_perm:entry}"
CE0x5620950 "{CE0x5620950|ipc_has_perm:bb}"
CE0x56766a0 "{CE0x56766a0|ipc_has_perm:tmp8|security/selinux/hooks.c,5136}"
CE0x568ea00 "{CE0x568ea00|ipc_has_perm:tmp8|security/selinux/hooks.c,5136|*SummSink*}"
CONST[source:0(mediator),value:2(dynamic)][purpose:{object}][SnkIdx:6]


CONST[source:1(input),value:2(dynamic)][purpose:{operation}][SrcIdx:23]  ->  CONST[source:0(mediator),value:2(dynamic)][purpose:{subject}][SnkIdx:0]
-----------
CONST[source:1(input),value:2(dynamic)][purpose:{operation}][SrcIdx:23]
CE0x5624750 "{CE0x5624750|selinux_sem_semctl:cmd|Function::selinux_sem_semctl&Arg::cmd::|*SummSource*}"
CE0x5624640 "{CE0x5624640|selinux_sem_semctl:cmd|Function::selinux_sem_semctl&Arg::cmd::}"
CE0x55fc320 "{CE0x55fc320|selinux_sem_semctl:sw.bb}"
CE0x55f4700 "{CE0x55f4700|task_has_system:entry}"
CE0x56071e0 "{CE0x56071e0|task_has_system:bb}"
CE0x5621b30 "{CE0x5621b30|task_has_system:call|security/selinux/hooks.c,1592}"
CE0x5608220 "{CE0x5608220|task_has_system:call|security/selinux/hooks.c,1592|*SummSink*}"
CONST[source:0(mediator),value:2(dynamic)][purpose:{subject}][SnkIdx:0]


CONST[source:0(mediator),value:2(dynamic)][purpose:{operation}][SrcIdx:24]  ->  CONST[source:0(mediator),value:0(static)][purpose:{operation}][SnkIdx:7]
-----------
CONST[source:0(mediator),value:2(dynamic)][purpose:{operation}][SrcIdx:24]
CE0x5663850 "{CE0x5663850|ipc_has_perm:perms|Function::ipc_has_perm&Arg::perms::|*SummSource*}"
CE0x5663340 "{CE0x5663340|ipc_has_perm:perms|Function::ipc_has_perm&Arg::perms::}"
CE0x56638c0 "{CE0x56638c0|ipc_has_perm:perms|Function::ipc_has_perm&Arg::perms::|*SummSink*}"
CONST[source:0(mediator),value:0(static)][purpose:{operation}][SnkIdx:7]


CONST[source:1(input),value:2(dynamic)][purpose:{object}][SrcIdx:22]  ->  CONST[source:0(mediator),value:2(dynamic)][purpose:{object}][SnkIdx:5]
-----------
CONST[source:1(input),value:2(dynamic)][purpose:{object}][SrcIdx:22]
CE0x5690750 "{CE0x5690750|0:_i16,_4:_i32,_:_CRE_4,8_|*MultipleSource*|security/selinux/hooks.c,5136|*LoadInst*|security/selinux/hooks.c,5131|security/selinux/hooks.c,5131}"
CE0x56908d0 "{CE0x56908d0|ipc_has_perm:tmp7|security/selinux/hooks.c,5136}"
CE0x5676340 "{CE0x5676340|ipc_has_perm:tmp7|security/selinux/hooks.c,5136|*SummSink*}"
CONST[source:0(mediator),value:2(dynamic)][purpose:{object}][SnkIdx:5]


CONST[source:1(input),value:2(dynamic)][purpose:{object}][SrcIdx:22]  ->  CONST[source:0(mediator),value:2(dynamic)][purpose:{object}][SnkIdx:6]
-----------
CONST[source:1(input),value:2(dynamic)][purpose:{object}][SrcIdx:22]
CE0x56906e0 "{CE0x56906e0|0:_i16,_4:_i32,_:_CRE_0,2_|*MultipleSource*|security/selinux/hooks.c,5136|*LoadInst*|security/selinux/hooks.c,5131|security/selinux/hooks.c,5131}"
CE0x56766a0 "{CE0x56766a0|ipc_has_perm:tmp8|security/selinux/hooks.c,5136}"
CE0x568ea00 "{CE0x568ea00|ipc_has_perm:tmp8|security/selinux/hooks.c,5136|*SummSink*}"
CONST[source:0(mediator),value:2(dynamic)][purpose:{object}][SnkIdx:6]


