[apparmor_path_truncate]

explicit:
CONST[source:0(mediator),value:2(dynamic)][purpose:{subject}][SrcIdx:6]  ->  CONST[source:0(mediator),value:2(dynamic)][purpose:{object}][SnkIdx:2]
-----------
CONST[source:0(mediator),value:2(dynamic)][purpose:{subject}][SrcIdx:6]
CE0x45ff6a0 "{CE0x45ff6a0|COLLAPSED:_SIMRE:_elem_0:default:}"
CONST[source:0(mediator),value:2(dynamic)][purpose:{object}][SnkIdx:2]


CONST[source:0(mediator),value:2(dynamic)][purpose:{subject}][SrcIdx:6]  ->  CONST[source:0(mediator),value:2(dynamic)][purpose:{object}][SnkIdx:3]
-----------
CONST[source:0(mediator),value:2(dynamic)][purpose:{subject}][SrcIdx:6]
CE0x45ff6a0 "{CE0x45ff6a0|COLLAPSED:_SIMRE:_elem_0:default:}"
CONST[source:0(mediator),value:2(dynamic)][purpose:{object}][SnkIdx:3]


CONST[source:1(input),value:2(dynamic)][purpose:{object}][SrcIdx:3]  ->  CONST[source:0(mediator),value:2(dynamic)][purpose:{object}][SnkIdx:2]
-----------
CONST[source:1(input),value:2(dynamic)][purpose:{object}][SrcIdx:3]
CE0x45ff6a0 "{CE0x45ff6a0|COLLAPSED:_SIMRE:_elem_0:default:}"
CONST[source:0(mediator),value:2(dynamic)][purpose:{object}][SnkIdx:2]


CONST[source:1(input),value:2(dynamic)][purpose:{object}][SrcIdx:3]  ->  CONST[source:0(mediator),value:2(dynamic)][purpose:{subject}][SnkIdx:1]
-----------
CONST[source:1(input),value:2(dynamic)][purpose:{object}][SrcIdx:3]
CE0x45ff6a0 "{CE0x45ff6a0|COLLAPSED:_SIMRE:_elem_0:default:}"
CONST[source:0(mediator),value:2(dynamic)][purpose:{subject}][SnkIdx:1]


CONST[source:1(input),value:2(dynamic)][purpose:{object}][SrcIdx:3]  ->  CONST[source:0(mediator),value:2(dynamic)][purpose:{object}][SnkIdx:3]
-----------
CONST[source:1(input),value:2(dynamic)][purpose:{object}][SrcIdx:3]
CE0x45ff6a0 "{CE0x45ff6a0|COLLAPSED:_SIMRE:_elem_0:default:}"
CONST[source:0(mediator),value:2(dynamic)][purpose:{object}][SnkIdx:3]


CONST[source:2(external),value:2(dynamic)][purpose:{subject}][SrcIdx:7]  ->  CONST[source:0(mediator),value:2(dynamic)][purpose:{object}][SnkIdx:2]
-----------
CONST[source:2(external),value:2(dynamic)][purpose:{subject}][SrcIdx:7]
CE0x45ff6a0 "{CE0x45ff6a0|COLLAPSED:_SIMRE:_elem_0:default:}"
CONST[source:0(mediator),value:2(dynamic)][purpose:{object}][SnkIdx:2]


CONST[source:2(external),value:2(dynamic)][purpose:{subject}][SrcIdx:7]  ->  CONST[source:0(mediator),value:2(dynamic)][purpose:{subject}][SnkIdx:1]
-----------
CONST[source:2(external),value:2(dynamic)][purpose:{subject}][SrcIdx:7]
CE0x45ff6a0 "{CE0x45ff6a0|COLLAPSED:_SIMRE:_elem_0:default:}"
CONST[source:0(mediator),value:2(dynamic)][purpose:{subject}][SnkIdx:1]


CONST[source:2(external),value:2(dynamic)][purpose:{subject}][SrcIdx:7]  ->  CONST[source:0(mediator),value:2(dynamic)][purpose:{object}][SnkIdx:3]
-----------
CONST[source:2(external),value:2(dynamic)][purpose:{subject}][SrcIdx:7]
CE0x45ff6a0 "{CE0x45ff6a0|COLLAPSED:_SIMRE:_elem_0:default:}"
CONST[source:0(mediator),value:2(dynamic)][purpose:{object}][SnkIdx:3]



implicit:
CONST[source:1(input),value:2(dynamic)][purpose:{object}][SrcIdx:3]  ->  CONST[source:0(mediator),value:2(dynamic)][purpose:{subject}][SnkIdx:1]
-----------
CONST[source:1(input),value:2(dynamic)][purpose:{object}][SrcIdx:3]
CE0x45ff6a0 "{CE0x45ff6a0|COLLAPSED:_SIMRE:_elem_0:default:}"
CONST[source:0(mediator),value:2(dynamic)][purpose:{subject}][SnkIdx:1]


CONST[source:1(input),value:2(dynamic)][purpose:{object}][SrcIdx:3]  ->  CONST[source:0(mediator),value:2(dynamic)][purpose:{object}][SnkIdx:3]
-----------
CONST[source:1(input),value:2(dynamic)][purpose:{object}][SrcIdx:3]
CE0x45ff6a0 "{CE0x45ff6a0|COLLAPSED:_SIMRE:_elem_0:default:}"
CONST[source:0(mediator),value:2(dynamic)][purpose:{object}][SnkIdx:3]


CONST[source:1(input),value:2(dynamic)][purpose:{object}][SrcIdx:3]  ->  CONST[source:0(mediator),value:2(dynamic)][purpose:{object}][SnkIdx:2]
-----------
CONST[source:1(input),value:2(dynamic)][purpose:{object}][SrcIdx:3]
CE0x45ff6a0 "{CE0x45ff6a0|COLLAPSED:_SIMRE:_elem_0:default:}"
CONST[source:0(mediator),value:2(dynamic)][purpose:{object}][SnkIdx:2]


CONST[source:2(external),value:2(dynamic)][purpose:{subject}][SrcIdx:7]  ->  CONST[source:0(mediator),value:2(dynamic)][purpose:{subject}][SnkIdx:1]
-----------
CONST[source:2(external),value:2(dynamic)][purpose:{subject}][SrcIdx:7]
CE0x45ff6a0 "{CE0x45ff6a0|COLLAPSED:_SIMRE:_elem_0:default:}"
CONST[source:0(mediator),value:2(dynamic)][purpose:{subject}][SnkIdx:1]


CONST[source:2(external),value:2(dynamic)][purpose:{subject}][SrcIdx:7]  ->  CONST[source:0(mediator),value:2(dynamic)][purpose:{object}][SnkIdx:3]
-----------
CONST[source:2(external),value:2(dynamic)][purpose:{subject}][SrcIdx:7]
CE0x45ff6a0 "{CE0x45ff6a0|COLLAPSED:_SIMRE:_elem_0:default:}"
CONST[source:0(mediator),value:2(dynamic)][purpose:{object}][SnkIdx:3]


CONST[source:2(external),value:2(dynamic)][purpose:{subject}][SrcIdx:7]  ->  CONST[source:0(mediator),value:2(dynamic)][purpose:{object}][SnkIdx:2]
-----------
CONST[source:2(external),value:2(dynamic)][purpose:{subject}][SrcIdx:7]
CE0x45ff6a0 "{CE0x45ff6a0|COLLAPSED:_SIMRE:_elem_0:default:}"
CONST[source:0(mediator),value:2(dynamic)][purpose:{object}][SnkIdx:2]


CONST[source:0(mediator),value:2(dynamic)][purpose:{subject}][SrcIdx:6]  ->  CONST[source:0(mediator),value:2(dynamic)][purpose:{object}][SnkIdx:3]
-----------
CONST[source:0(mediator),value:2(dynamic)][purpose:{subject}][SrcIdx:6]
CE0x45ff6a0 "{CE0x45ff6a0|COLLAPSED:_SIMRE:_elem_0:default:}"
CONST[source:0(mediator),value:2(dynamic)][purpose:{object}][SnkIdx:3]


CONST[source:0(mediator),value:2(dynamic)][purpose:{subject}][SrcIdx:6]  ->  CONST[source:0(mediator),value:2(dynamic)][purpose:{object}][SnkIdx:2]
-----------
CONST[source:0(mediator),value:2(dynamic)][purpose:{subject}][SrcIdx:6]
CE0x45ff6a0 "{CE0x45ff6a0|COLLAPSED:_SIMRE:_elem_0:default:}"
CONST[source:0(mediator),value:2(dynamic)][purpose:{object}][SnkIdx:2]


