[apparmor_path_chown]

explicit:
CONST[source:2(external),value:2(dynamic)][purpose:{subject}]  ->  CONST[source:1(input),value:2(dynamic)][purpose:{subject}]
-----------
CONST[source:2(external),value:2(dynamic)][purpose:{subject}]
CE0x486f100 "{CE0x486f100|44:_i32,_48:_i16,_128:_i8*,_:_SCMRE_128,136_|*MultipleSource*|Function::aa_cred_profile&Arg::cred::|security/apparmor/include/context.h,99|security/apparmor/include/context.h,138}"
CE0x486cdf0 "{CE0x486cdf0|aa_cred_profile:_tmp4|*LoadInst*|security/apparmor/include/context.h,99}"
CE0x486cbb0 "{CE0x486cbb0|aa_cred_profile:_tmp5|security/apparmor/include/context.h,99}"
CE0x4858cf0 "{CE0x4858cf0|aa_cred_profile:_profile11|security/apparmor/include/context.h,101}"
CE0x48593c0 "{CE0x48593c0|aa_cred_profile:_tmp34|security/apparmor/include/context.h,101}"
CE0x484b190 "{CE0x484b190|_ret_%struct.aa_profile*_%tmp34,_!dbg_!15510|security/apparmor/include/context.h,101}"
CE0x4849bb0 "{CE0x4849bb0|__aa_current_profile:_call4|security/apparmor/include/context.h,138}"
CE0x48204c0 "{CE0x48204c0|_ret_%struct.aa_profile*_%call4,_!dbg_!15494|security/apparmor/include/context.h,138}"
CE0x481d6e0 "{CE0x481d6e0|common_perm:_call|security/apparmor/lsm.c,168}"
CE0x481c230 "{CE0x481c230|common_perm:_call|security/apparmor/lsm.c,168|*SummSink*}"
CONST[source:1(input),value:2(dynamic)][purpose:{subject}]


CONST[source:1(input),value:2(dynamic)][purpose:{object}]  ->  CONST[source:0(mediator),value:2(dynamic)][purpose:{object}]
-----------
CONST[source:1(input),value:2(dynamic)][purpose:{object}]
CE0x47ae720 "{CE0x47ae720|8:_%struct.dentry*,_:_CRE_8,16_|*MultipleSource*|security/apparmor/lsm.c,357|Function::apparmor_path_chown&Arg::path::}"
CONST[source:0(mediator),value:2(dynamic)][purpose:{object}]



implicit:
CONST[source:1(input),value:2(dynamic)][purpose:{object}]  ->  CONST[source:0(mediator),value:2(dynamic)][purpose:{object}]
-----------
CONST[source:1(input),value:2(dynamic)][purpose:{object}]
CE0x47adfb0 "{CE0x47adfb0|8:_%struct.dentry*,_:_CRE_0,8_|*MultipleSource*|security/apparmor/lsm.c,357|Function::apparmor_path_chown&Arg::path::}"
CONST[source:0(mediator),value:2(dynamic)][purpose:{object}]


CONST[source:2(external),value:2(dynamic)][purpose:{subject}]  ->  CONST[source:1(input),value:2(dynamic)][purpose:{subject}]
-----------
CONST[source:2(external),value:2(dynamic)][purpose:{subject}]
CE0x486f100 "{CE0x486f100|44:_i32,_48:_i16,_128:_i8*,_:_SCMRE_128,136_|*MultipleSource*|Function::aa_cred_profile&Arg::cred::|security/apparmor/include/context.h,99|security/apparmor/include/context.h,138}"
CE0x486cdf0 "{CE0x486cdf0|aa_cred_profile:_tmp4|*LoadInst*|security/apparmor/include/context.h,99}"
CE0x486cbb0 "{CE0x486cbb0|aa_cred_profile:_tmp5|security/apparmor/include/context.h,99}"
CE0x4858cf0 "{CE0x4858cf0|aa_cred_profile:_profile11|security/apparmor/include/context.h,101}"
CE0x48593c0 "{CE0x48593c0|aa_cred_profile:_tmp34|security/apparmor/include/context.h,101}"
CE0x484b190 "{CE0x484b190|_ret_%struct.aa_profile*_%tmp34,_!dbg_!15510|security/apparmor/include/context.h,101}"
CE0x4849bb0 "{CE0x4849bb0|__aa_current_profile:_call4|security/apparmor/include/context.h,138}"
CE0x48204c0 "{CE0x48204c0|_ret_%struct.aa_profile*_%call4,_!dbg_!15494|security/apparmor/include/context.h,138}"
CE0x481d6e0 "{CE0x481d6e0|common_perm:_call|security/apparmor/lsm.c,168}"
CE0x481c230 "{CE0x481c230|common_perm:_call|security/apparmor/lsm.c,168|*SummSink*}"
CONST[source:1(input),value:2(dynamic)][purpose:{subject}]


