[tomoyo_socket_sendmsg.z]

explicit:
CONST[source:0(mediator),value:1(k-static)][purpose:{operation}]  ->  CONST[source:0(mediator),value:0(static)][purpose:{operation}]
-----------
CONST[source:0(mediator),value:1(k-static)][purpose:{operation}]
CE0x73e13d0 "{CE0x73e13d0|0:_i8,_1:_i8,_8:_i16,_16:_i32*,_24:_i8,_:_CMR_0,1_|*MultipleSource*|Function::tomoyo_check_inet_address&Arg::address::|security/tomoyo/network.c,505}"
CE0x738afa0 "{CE0x738afa0|tomoyo_inet_entry:_tmp16|*LoadInst*|security/tomoyo/network.c,476}"
CE0x5c431c0 "{CE0x5c431c0|24:_i32*,_32:_i16,_34:_i8,_35:_i8,_36:_i8,_72:_i8,_:_SCMRE_34,35_}"
CONST[source:0(mediator),value:0(static)][purpose:{operation}]


CONST[source:2(external),value:2(dynamic)][purpose:{subject}]  ->  CONST[source:0(mediator),value:2(dynamic)][purpose:{subject}]
-----------
CONST[source:2(external),value:2(dynamic)][purpose:{subject}]
CE0x3f3d4e0 "{CE0x3f3d4e0|128:_i8*,_1208:_%struct.file*,_:_CMRE_128,136_|*MultipleSource*|security/tomoyo/common.h,1205|security/tomoyo/common.h,1205}"
CE0x3fa7d00 "{CE0x3fa7d00|tomoyo_domain:_tmp22|security/tomoyo/common.h,1205}"
CE0x4b77490 "{CE0x4b77490|tomoyo_domain:_tmp23|security/tomoyo/common.h,1205}"
CE0x5d18db0 "{CE0x5d18db0|_ret_%struct.tomoyo_domain_info*_%tmp23,_!dbg_!38929|security/tomoyo/common.h,1205}"
CE0x403e420 "{CE0x403e420|tomoyo_init_request_info:_call|security/tomoyo/util.c,1005}"
CE0x403e3b0 "{CE0x403e3b0|tomoyo_init_request_info:_domain.addr.0}"
CE0x5c8b5e0 "{CE0x5c8b5e0|24:_i32*,_32:_i16,_34:_i8,_35:_i8,_36:_i8,_72:_i8,_:_SCMRE_16,24_|*MultipleSource*|security/tomoyo/network.c,469|security/tomoyo/network.c, 469|Function::tomoyo_init_request_info&Arg::r::|security/tomoyo/network.c,475}"
CONST[source:0(mediator),value:2(dynamic)][purpose:{subject}]


CONST[source:1(input),value:2(dynamic)][purpose:{object}]  ->  CONST[source:0(mediator),value:2(dynamic)][purpose:{object}]
-----------
CONST[source:1(input),value:2(dynamic)][purpose:{object}]
CE0x755b050 "{CE0x755b050|0:_i8,_1:_i8,_8:_i16,_16:_i32*,_24:_i8,_:_CMR_16,24_|*MultipleSource*|Function::tomoyo_check_inet_address&Arg::address::|security/tomoyo/network.c,505}"
CE0x742f550 "{CE0x742f550|tomoyo_inet_entry:_tmp19|security/tomoyo/network.c,479}"
CE0x5dc0eb0 "{CE0x5dc0eb0|24:_i32*,_32:_i16,_34:_i8,_35:_i8,_36:_i8,_72:_i8,_:_SCMRE_27,28_}"
CONST[source:0(mediator),value:2(dynamic)][purpose:{object}]


CONST[source:1(input),value:2(dynamic)][purpose:{operation}]  ->  CONST[source:0(mediator),value:0(static)][purpose:{operation}]
-----------
CONST[source:1(input),value:2(dynamic)][purpose:{operation}]
CE0x7521170 "{CE0x7521170|0:_i8,_1:_i8,_8:_i16,_16:_i32*,_24:_i8,_:_CMR_1,2_|*MultipleSource*|Function::tomoyo_check_inet_address&Arg::address::|security/tomoyo/network.c,505}"
CE0x7394520 "{CE0x7394520|tomoyo_inet_entry:_tmp17|*LoadInst*|security/tomoyo/network.c,477}"
CE0x5c98fc0 "{CE0x5c98fc0|24:_i32*,_32:_i16,_34:_i8,_35:_i8,_36:_i8,_72:_i8,_:_SCMRE_35,36_}"
CONST[source:0(mediator),value:0(static)][purpose:{operation}]



implicit:
CONST[source:2(external),value:2(dynamic)][purpose:{subject}]  ->  CONST[source:0(mediator),value:2(dynamic)][purpose:{subject}]
-----------
CONST[source:2(external),value:2(dynamic)][purpose:{subject}]
CE0x3f3d4e0 "{CE0x3f3d4e0|128:_i8*,_1208:_%struct.file*,_:_CMRE_128,136_|*MultipleSource*|security/tomoyo/common.h,1205|security/tomoyo/common.h,1205}"
CE0x3fa7d00 "{CE0x3fa7d00|tomoyo_domain:_tmp22|security/tomoyo/common.h,1205}"
CE0x4b77490 "{CE0x4b77490|tomoyo_domain:_tmp23|security/tomoyo/common.h,1205}"
CE0x5d18db0 "{CE0x5d18db0|_ret_%struct.tomoyo_domain_info*_%tmp23,_!dbg_!38929|security/tomoyo/common.h,1205}"
CE0x403e420 "{CE0x403e420|tomoyo_init_request_info:_call|security/tomoyo/util.c,1005}"
CE0x403e3b0 "{CE0x403e3b0|tomoyo_init_request_info:_domain.addr.0}"
CE0x5c8b5e0 "{CE0x5c8b5e0|24:_i32*,_32:_i16,_34:_i8,_35:_i8,_36:_i8,_72:_i8,_:_SCMRE_16,24_|*MultipleSource*|security/tomoyo/network.c,469|security/tomoyo/network.c, 469|Function::tomoyo_init_request_info&Arg::r::|security/tomoyo/network.c,475}"
CONST[source:0(mediator),value:2(dynamic)][purpose:{subject}]


CONST[source:2(external),value:2(dynamic)][purpose:{subject}]  ->  CONST[source:0(mediator),value:2(dynamic)][purpose:{object}]
-----------
CONST[source:2(external),value:2(dynamic)][purpose:{subject}]
CE0x3f3d4e0 "{CE0x3f3d4e0|128:_i8*,_1208:_%struct.file*,_:_CMRE_128,136_|*MultipleSource*|security/tomoyo/common.h,1205|security/tomoyo/common.h,1205}"
CE0x3fa7d00 "{CE0x3fa7d00|tomoyo_domain:_tmp22|security/tomoyo/common.h,1205}"
CE0x4b77490 "{CE0x4b77490|tomoyo_domain:_tmp23|security/tomoyo/common.h,1205}"
CE0x5d18db0 "{CE0x5d18db0|_ret_%struct.tomoyo_domain_info*_%tmp23,_!dbg_!38929|security/tomoyo/common.h,1205}"
CE0x403e420 "{CE0x403e420|tomoyo_init_request_info:_call|security/tomoyo/util.c,1005}"
CE0x403e3b0 "{CE0x403e3b0|tomoyo_init_request_info:_domain.addr.0}"
CE0x4c96cd0 "{CE0x4c96cd0|tomoyo_init_request_info:_profile2|security/tomoyo/util.c,1007}"
CE0x5e00300 "{CE0x5e00300|tomoyo_init_request_info:_tmp11|security/tomoyo/util.c,1007}"
CE0x5e9d450 "{CE0x5e9d450|tomoyo_get_mode:_profile|Function::tomoyo_get_mode&Arg::profile::}"
CE0x4ab5cd0 "{CE0x4ab5cd0|COLLAPSED:_CRE:_elem_0:default:}"
CE0x73a30b0 "{CE0x73a30b0|tomoyo_get_mode:_tmp24|security/tomoyo/util.c,986}"
CE0x73a2ef0 "{CE0x73a2ef0|tomoyo_get_mode:_mode.1}"
CE0x73e9080 "{CE0x73e9080|tomoyo_get_mode:_conv15|security/tomoyo/util.c,987}"
CE0x73e9550 "{CE0x73e9550|tomoyo_get_mode:_and|security/tomoyo/util.c,987}"
CE0x7408110 "{CE0x7408110|tomoyo_get_mode:_retval.0}"
CE0x5e9d390 "{CE0x5e9d390|_ret_i32_%retval.0,_!dbg_!38935|security/tomoyo/util.c,988}"
CE0x5e8a190 "{CE0x5e8a190|tomoyo_init_request_info:_call4|security/tomoyo/util.c,1010}"
CE0x5e9d770 "{CE0x5e9d770|tomoyo_init_request_info:_conv|security/tomoyo/util.c,1010}"
CE0x7357e00 "{CE0x7357e00|24:_i32*,_32:_i16,_34:_i8,_35:_i8,_36:_i8,_72:_i8,_:_SCMRE_76,77_|*MultipleSource*|security/tomoyo/network.c,469|security/tomoyo/network.c, 469|Function::tomoyo_init_request_info&Arg::r::|security/tomoyo/network.c,475}"
CE0x72aa5f0 "{CE0x72aa5f0|tomoyo_init_request_info:_tmp13|*LoadInst*|security/tomoyo/util.c,1011}"
CE0x72d4d90 "{CE0x72d4d90|tomoyo_init_request_info:_conv6|security/tomoyo/util.c,1011}"
CE0x3d2d520 "{CE0x3d2d520|_ret_i32_%conv6,_!dbg_!38926|security/tomoyo/util.c,1011}"
CE0x5d263f0 "{CE0x5d263f0|tomoyo_inet_entry:_call3|security/tomoyo/network.c,473}"
CE0x3d2dde0 "{CE0x3d2dde0|tomoyo_inet_entry:_cmp|security/tomoyo/network.c,474}"
CE0x5dcfb80 "{CE0x5dcfb80|tomoyo_inet_entry:_if.then}"
CE0x5dc0eb0 "{CE0x5dc0eb0|24:_i32*,_32:_i16,_34:_i8,_35:_i8,_36:_i8,_72:_i8,_:_SCMRE_27,28_}"
CONST[source:0(mediator),value:2(dynamic)][purpose:{object}]


CONST[source:2(external),value:2(dynamic)][purpose:{subject}]  ->  CONST[source:0(mediator),value:0(static)][purpose:{operation}]
-----------
CONST[source:2(external),value:2(dynamic)][purpose:{subject}]
CE0x3f3d4e0 "{CE0x3f3d4e0|128:_i8*,_1208:_%struct.file*,_:_CMRE_128,136_|*MultipleSource*|security/tomoyo/common.h,1205|security/tomoyo/common.h,1205}"
CE0x3fa7d00 "{CE0x3fa7d00|tomoyo_domain:_tmp22|security/tomoyo/common.h,1205}"
CE0x4b77490 "{CE0x4b77490|tomoyo_domain:_tmp23|security/tomoyo/common.h,1205}"
CE0x5d18db0 "{CE0x5d18db0|_ret_%struct.tomoyo_domain_info*_%tmp23,_!dbg_!38929|security/tomoyo/common.h,1205}"
CE0x403e420 "{CE0x403e420|tomoyo_init_request_info:_call|security/tomoyo/util.c,1005}"
CE0x403e3b0 "{CE0x403e3b0|tomoyo_init_request_info:_domain.addr.0}"
CE0x4c96cd0 "{CE0x4c96cd0|tomoyo_init_request_info:_profile2|security/tomoyo/util.c,1007}"
CE0x5e00300 "{CE0x5e00300|tomoyo_init_request_info:_tmp11|security/tomoyo/util.c,1007}"
CE0x5e9d450 "{CE0x5e9d450|tomoyo_get_mode:_profile|Function::tomoyo_get_mode&Arg::profile::}"
CE0x4ab5cd0 "{CE0x4ab5cd0|COLLAPSED:_CRE:_elem_0:default:}"
CE0x73a30b0 "{CE0x73a30b0|tomoyo_get_mode:_tmp24|security/tomoyo/util.c,986}"
CE0x73a2ef0 "{CE0x73a2ef0|tomoyo_get_mode:_mode.1}"
CE0x73e9080 "{CE0x73e9080|tomoyo_get_mode:_conv15|security/tomoyo/util.c,987}"
CE0x73e9550 "{CE0x73e9550|tomoyo_get_mode:_and|security/tomoyo/util.c,987}"
CE0x7408110 "{CE0x7408110|tomoyo_get_mode:_retval.0}"
CE0x5e9d390 "{CE0x5e9d390|_ret_i32_%retval.0,_!dbg_!38935|security/tomoyo/util.c,988}"
CE0x5e8a190 "{CE0x5e8a190|tomoyo_init_request_info:_call4|security/tomoyo/util.c,1010}"
CE0x5e9d770 "{CE0x5e9d770|tomoyo_init_request_info:_conv|security/tomoyo/util.c,1010}"
CE0x7357e00 "{CE0x7357e00|24:_i32*,_32:_i16,_34:_i8,_35:_i8,_36:_i8,_72:_i8,_:_SCMRE_76,77_|*MultipleSource*|security/tomoyo/network.c,469|security/tomoyo/network.c, 469|Function::tomoyo_init_request_info&Arg::r::|security/tomoyo/network.c,475}"
CE0x72aa5f0 "{CE0x72aa5f0|tomoyo_init_request_info:_tmp13|*LoadInst*|security/tomoyo/util.c,1011}"
CE0x72d4d90 "{CE0x72d4d90|tomoyo_init_request_info:_conv6|security/tomoyo/util.c,1011}"
CE0x3d2d520 "{CE0x3d2d520|_ret_i32_%conv6,_!dbg_!38926|security/tomoyo/util.c,1011}"
CE0x5d263f0 "{CE0x5d263f0|tomoyo_inet_entry:_call3|security/tomoyo/network.c,473}"
CE0x3d2dde0 "{CE0x3d2dde0|tomoyo_inet_entry:_cmp|security/tomoyo/network.c,474}"
CE0x5dcfb80 "{CE0x5dcfb80|tomoyo_inet_entry:_if.then}"
CE0x5c98fc0 "{CE0x5c98fc0|24:_i32*,_32:_i16,_34:_i8,_35:_i8,_36:_i8,_72:_i8,_:_SCMRE_35,36_}"
CONST[source:0(mediator),value:0(static)][purpose:{operation}]


CONST[source:0(mediator),value:1(k-static)][purpose:{operation}]  ->  CONST[source:0(mediator),value:2(dynamic)][purpose:{subject}]
-----------
CONST[source:0(mediator),value:1(k-static)][purpose:{operation}]
CE0x73e13d0 "{CE0x73e13d0|0:_i8,_1:_i8,_8:_i16,_16:_i32*,_24:_i8,_:_CMR_0,1_|*MultipleSource*|Function::tomoyo_check_inet_address&Arg::address::|security/tomoyo/network.c,505}"
CE0x3d333a0 "{CE0x3d333a0|tomoyo_inet_entry:_tmp4|*LoadInst*|security/tomoyo/network.c,471}"
CE0x5b7f0b0 "{CE0x5b7f0b0|tomoyo_inet_entry:_idxprom1|security/tomoyo/network.c,471}"
CE0x4aee250 "{CE0x4aee250|tomoyo_inet_entry:_arrayidx|security/tomoyo/network.c,471}"
CE0x5bee0e0 "{CE0x5bee0e0|tomoyo_inet_entry:_arrayidx2|security/tomoyo/network.c,471}"
CE0x3f49390 "{CE0x3f49390|tomoyo_inet_entry:_tmp5|security/tomoyo/network.c,471}"
CE0x5c87880 "{CE0x5c87880|tomoyo_inet_entry:_conv|security/tomoyo/network.c,473}"
CE0x5c59400 "{CE0x5c59400|tomoyo_inet_entry:_tobool|security/tomoyo/network.c,473}"
CE0x5d95ca0 "{CE0x5d95ca0|tomoyo_inet_entry:_land.lhs.true}"
CE0x5d9b480 "{CE0x5d9b480|tomoyo_init_request_info:_entry}"
CE0x5bc6530 "{CE0x5bc6530|tomoyo_init_request_info:_if.end}"
CE0x5c8b5e0 "{CE0x5c8b5e0|24:_i32*,_32:_i16,_34:_i8,_35:_i8,_36:_i8,_72:_i8,_:_SCMRE_16,24_|*MultipleSource*|security/tomoyo/network.c,469|security/tomoyo/network.c, 469|Function::tomoyo_init_request_info&Arg::r::|security/tomoyo/network.c,475}"
CONST[source:0(mediator),value:2(dynamic)][purpose:{subject}]


CONST[source:0(mediator),value:1(k-static)][purpose:{operation}]  ->  CONST[source:0(mediator),value:2(dynamic)][purpose:{object}]
-----------
CONST[source:0(mediator),value:1(k-static)][purpose:{operation}]
CE0x73e13d0 "{CE0x73e13d0|0:_i8,_1:_i8,_8:_i16,_16:_i32*,_24:_i8,_:_CMR_0,1_|*MultipleSource*|Function::tomoyo_check_inet_address&Arg::address::|security/tomoyo/network.c,505}"
CE0x3d333a0 "{CE0x3d333a0|tomoyo_inet_entry:_tmp4|*LoadInst*|security/tomoyo/network.c,471}"
CE0x5b7f0b0 "{CE0x5b7f0b0|tomoyo_inet_entry:_idxprom1|security/tomoyo/network.c,471}"
CE0x4aee250 "{CE0x4aee250|tomoyo_inet_entry:_arrayidx|security/tomoyo/network.c,471}"
CE0x5bee0e0 "{CE0x5bee0e0|tomoyo_inet_entry:_arrayidx2|security/tomoyo/network.c,471}"
CE0x3f49390 "{CE0x3f49390|tomoyo_inet_entry:_tmp5|security/tomoyo/network.c,471}"
CE0x5c87880 "{CE0x5c87880|tomoyo_inet_entry:_conv|security/tomoyo/network.c,473}"
CE0x5c59400 "{CE0x5c59400|tomoyo_inet_entry:_tobool|security/tomoyo/network.c,473}"
CE0x5dcfb80 "{CE0x5dcfb80|tomoyo_inet_entry:_if.then}"
CE0x5dc0eb0 "{CE0x5dc0eb0|24:_i32*,_32:_i16,_34:_i8,_35:_i8,_36:_i8,_72:_i8,_:_SCMRE_27,28_}"
CONST[source:0(mediator),value:2(dynamic)][purpose:{object}]


CONST[source:0(mediator),value:1(k-static)][purpose:{operation}]  ->  CONST[source:0(mediator),value:0(static)][purpose:{operation}]
-----------
CONST[source:0(mediator),value:1(k-static)][purpose:{operation}]
CE0x73e13d0 "{CE0x73e13d0|0:_i8,_1:_i8,_8:_i16,_16:_i32*,_24:_i8,_:_CMR_0,1_|*MultipleSource*|Function::tomoyo_check_inet_address&Arg::address::|security/tomoyo/network.c,505}"
CE0x738afa0 "{CE0x738afa0|tomoyo_inet_entry:_tmp16|*LoadInst*|security/tomoyo/network.c,476}"
CE0x5c431c0 "{CE0x5c431c0|24:_i32*,_32:_i16,_34:_i8,_35:_i8,_36:_i8,_72:_i8,_:_SCMRE_34,35_}"
CONST[source:0(mediator),value:0(static)][purpose:{operation}]


CONST[source:1(input),value:2(dynamic)][purpose:{operation}]  ->  CONST[source:0(mediator),value:2(dynamic)][purpose:{subject}]
-----------
CONST[source:1(input),value:2(dynamic)][purpose:{operation}]
CE0x7521170 "{CE0x7521170|0:_i8,_1:_i8,_8:_i16,_16:_i32*,_24:_i8,_:_CMR_1,2_|*MultipleSource*|Function::tomoyo_check_inet_address&Arg::address::|security/tomoyo/network.c,505}"
CE0x4064d10 "{CE0x4064d10|tomoyo_inet_entry:_tmp3|*LoadInst*|security/tomoyo/network.c,471}"
CE0x4045570 "{CE0x4045570|tomoyo_inet_entry:_idxprom|security/tomoyo/network.c,471}"
CE0x5bee0e0 "{CE0x5bee0e0|tomoyo_inet_entry:_arrayidx2|security/tomoyo/network.c,471}"
CE0x3f49390 "{CE0x3f49390|tomoyo_inet_entry:_tmp5|security/tomoyo/network.c,471}"
CE0x5c87880 "{CE0x5c87880|tomoyo_inet_entry:_conv|security/tomoyo/network.c,473}"
CE0x5c59400 "{CE0x5c59400|tomoyo_inet_entry:_tobool|security/tomoyo/network.c,473}"
CE0x5d95ca0 "{CE0x5d95ca0|tomoyo_inet_entry:_land.lhs.true}"
CE0x5d9b480 "{CE0x5d9b480|tomoyo_init_request_info:_entry}"
CE0x5bc6530 "{CE0x5bc6530|tomoyo_init_request_info:_if.end}"
CE0x5c8b5e0 "{CE0x5c8b5e0|24:_i32*,_32:_i16,_34:_i8,_35:_i8,_36:_i8,_72:_i8,_:_SCMRE_16,24_|*MultipleSource*|security/tomoyo/network.c,469|security/tomoyo/network.c, 469|Function::tomoyo_init_request_info&Arg::r::|security/tomoyo/network.c,475}"
CONST[source:0(mediator),value:2(dynamic)][purpose:{subject}]


CONST[source:1(input),value:2(dynamic)][purpose:{operation}]  ->  CONST[source:0(mediator),value:2(dynamic)][purpose:{object}]
-----------
CONST[source:1(input),value:2(dynamic)][purpose:{operation}]
CE0x7521170 "{CE0x7521170|0:_i8,_1:_i8,_8:_i16,_16:_i32*,_24:_i8,_:_CMR_1,2_|*MultipleSource*|Function::tomoyo_check_inet_address&Arg::address::|security/tomoyo/network.c,505}"
CE0x4064d10 "{CE0x4064d10|tomoyo_inet_entry:_tmp3|*LoadInst*|security/tomoyo/network.c,471}"
CE0x4045570 "{CE0x4045570|tomoyo_inet_entry:_idxprom|security/tomoyo/network.c,471}"
CE0x5bee0e0 "{CE0x5bee0e0|tomoyo_inet_entry:_arrayidx2|security/tomoyo/network.c,471}"
CE0x3f49390 "{CE0x3f49390|tomoyo_inet_entry:_tmp5|security/tomoyo/network.c,471}"
CE0x5c87880 "{CE0x5c87880|tomoyo_inet_entry:_conv|security/tomoyo/network.c,473}"
CE0x5c59400 "{CE0x5c59400|tomoyo_inet_entry:_tobool|security/tomoyo/network.c,473}"
CE0x5dcfb80 "{CE0x5dcfb80|tomoyo_inet_entry:_if.then}"
CE0x5dc0eb0 "{CE0x5dc0eb0|24:_i32*,_32:_i16,_34:_i8,_35:_i8,_36:_i8,_72:_i8,_:_SCMRE_27,28_}"
CONST[source:0(mediator),value:2(dynamic)][purpose:{object}]


CONST[source:1(input),value:2(dynamic)][purpose:{operation}]  ->  CONST[source:0(mediator),value:0(static)][purpose:{operation}]
-----------
CONST[source:1(input),value:2(dynamic)][purpose:{operation}]
CE0x7521170 "{CE0x7521170|0:_i8,_1:_i8,_8:_i16,_16:_i32*,_24:_i8,_:_CMR_1,2_|*MultipleSource*|Function::tomoyo_check_inet_address&Arg::address::|security/tomoyo/network.c,505}"
CE0x7394520 "{CE0x7394520|tomoyo_inet_entry:_tmp17|*LoadInst*|security/tomoyo/network.c,477}"
CE0x5c98fc0 "{CE0x5c98fc0|24:_i32*,_32:_i16,_34:_i8,_35:_i8,_36:_i8,_72:_i8,_:_SCMRE_35,36_}"
CONST[source:0(mediator),value:0(static)][purpose:{operation}]


CONST[source:1(input),value:2(dynamic)][purpose:{object}]  ->  CONST[source:0(mediator),value:2(dynamic)][purpose:{subject}]
-----------
CONST[source:1(input),value:2(dynamic)][purpose:{object}]
CE0x7520a40 "{CE0x7520a40|tomoyo_check_inet_address:_addr_len|Function::tomoyo_check_inet_address&Arg::addr_len::|*SummSource*}"
CE0x4b2d520 "{CE0x4b2d520|tomoyo_check_inet_address:_addr_len|Function::tomoyo_check_inet_address&Arg::addr_len::}"
CE0x4d15d00 "{CE0x4d15d00|tomoyo_check_inet_address:_cmp|security/tomoyo/network.c,509}"
CE0x754ca70 "{CE0x754ca70|tomoyo_check_inet_address:_if.end20}"
CE0x5ac2a20 "{CE0x5ac2a20|tomoyo_inet_entry:_entry}"
CE0x403b980 "{CE0x403b980|tomoyo_inet_entry:_r|security/tomoyo/network.c, 469}"
CE0x5920800 "{CE0x5920800|tomoyo_init_request_info:_r|Function::tomoyo_init_request_info&Arg::r::}"
CE0x4c964f0 "{CE0x4c964f0|tomoyo_init_request_info:_domain1|security/tomoyo/util.c,1006}"
CE0x5c8b5e0 "{CE0x5c8b5e0|24:_i32*,_32:_i16,_34:_i8,_35:_i8,_36:_i8,_72:_i8,_:_SCMRE_16,24_|*MultipleSource*|security/tomoyo/network.c,469|security/tomoyo/network.c, 469|Function::tomoyo_init_request_info&Arg::r::|security/tomoyo/network.c,475}"
CONST[source:0(mediator),value:2(dynamic)][purpose:{subject}]


CONST[source:1(input),value:2(dynamic)][purpose:{object}]  ->  CONST[source:0(mediator),value:2(dynamic)][purpose:{object}]
-----------
CONST[source:1(input),value:2(dynamic)][purpose:{object}]
CE0x755b050 "{CE0x755b050|0:_i8,_1:_i8,_8:_i16,_16:_i32*,_24:_i8,_:_CMR_16,24_|*MultipleSource*|Function::tomoyo_check_inet_address&Arg::address::|security/tomoyo/network.c,505}"
CE0x742f550 "{CE0x742f550|tomoyo_inet_entry:_tmp19|security/tomoyo/network.c,479}"
CE0x5dc0eb0 "{CE0x5dc0eb0|24:_i32*,_32:_i16,_34:_i8,_35:_i8,_36:_i8,_72:_i8,_:_SCMRE_27,28_}"
CONST[source:0(mediator),value:2(dynamic)][purpose:{object}]


CONST[source:1(input),value:2(dynamic)][purpose:{object}]  ->  CONST[source:0(mediator),value:0(static)][purpose:{operation}]
-----------
CONST[source:1(input),value:2(dynamic)][purpose:{object}]
CE0x7520a40 "{CE0x7520a40|tomoyo_check_inet_address:_addr_len|Function::tomoyo_check_inet_address&Arg::addr_len::|*SummSource*}"
CE0x4b2d520 "{CE0x4b2d520|tomoyo_check_inet_address:_addr_len|Function::tomoyo_check_inet_address&Arg::addr_len::}"
CE0x4d15d00 "{CE0x4d15d00|tomoyo_check_inet_address:_cmp|security/tomoyo/network.c,509}"
CE0x754ca70 "{CE0x754ca70|tomoyo_check_inet_address:_if.end20}"
CE0x5ac2a20 "{CE0x5ac2a20|tomoyo_inet_entry:_entry}"
CE0x5dcfb80 "{CE0x5dcfb80|tomoyo_inet_entry:_if.then}"
CE0x5c98fc0 "{CE0x5c98fc0|24:_i32*,_32:_i16,_34:_i8,_35:_i8,_36:_i8,_72:_i8,_:_SCMRE_35,36_}"
CONST[source:0(mediator),value:0(static)][purpose:{operation}]


