[selinux_sb_kern_mount]

explicit:
CONST[source:0(mediator),value:2(dynamic)][purpose:{subject}]  ->  CONST[source:0(mediator),value:2(dynamic)][purpose:{object}]
-----------
CONST[source:0(mediator),value:2(dynamic)][purpose:{subject}]
CE0xb0bead0 "{CE0xb0bead0|VOIDTB_TE:_UCEP2:_elem_0:default:}"
CE0xb276590 "{CE0xb276590|may_context_mount_inode_relabel:_tmp14|*LoadInst*|security/selinux/hooks.c,395}"
CE0xb276870 "{CE0xb276870|may_context_mount_inode_relabel:_tmp14|*LoadInst*|security/selinux/hooks.c,395|*SummSink*}"
CONST[source:0(mediator),value:2(dynamic)][purpose:{object}]


CONST[source:2(external),value:0(static)][purpose:{operation}]  ->  CONST[source:1(input),value:2(dynamic)][purpose:{subject}]
-----------
CONST[source:2(external),value:0(static)][purpose:{operation}]
CE0xb36c0a0 "{CE0xb36c0a0|i32_0|*Constant*}"
CE0xb0bead0 "{CE0xb0bead0|VOIDTB_TE:_UCEP2:_elem_0:default:}"
CE0xb40af50 "{CE0xb40af50|may_context_mount_inode_relabel:_tmp4|security/selinux/hooks.c,390}"
CE0xb40cad0 "{CE0xb40cad0|may_context_mount_inode_relabel:_tmp4|security/selinux/hooks.c,390|*SummSink*}"
CONST[source:1(input),value:2(dynamic)][purpose:{subject}]


CONST[source:2(external),value:0(static)][purpose:{operation}]  ->  CONST[source:0(mediator),value:2(dynamic)][purpose:{object}]
-----------
CONST[source:2(external),value:0(static)][purpose:{operation}]
CE0xb3b9b00 "{CE0xb3b9b00|i32_0|*Constant*}"
CE0xb275dd0 "{CE0xb275dd0|may_context_mount_inode_relabel:_sid3|security/selinux/hooks.c,395}"
CE0xb276590 "{CE0xb276590|may_context_mount_inode_relabel:_tmp14|*LoadInst*|security/selinux/hooks.c,395}"
CE0xb276870 "{CE0xb276870|may_context_mount_inode_relabel:_tmp14|*LoadInst*|security/selinux/hooks.c,395|*SummSink*}"
CONST[source:0(mediator),value:2(dynamic)][purpose:{object}]


CONST[source:1(input),value:2(dynamic)][purpose:{object}]  ->  CONST[source:1(input),value:2(dynamic)][purpose:{subject}]
-----------
CONST[source:1(input),value:2(dynamic)][purpose:{object}]
CE0xb0bead0 "{CE0xb0bead0|VOIDTB_TE:_UCEP2:_elem_0:default:}"
CE0xb40af50 "{CE0xb40af50|may_context_mount_inode_relabel:_tmp4|security/selinux/hooks.c,390}"
CE0xb40cad0 "{CE0xb40cad0|may_context_mount_inode_relabel:_tmp4|security/selinux/hooks.c,390|*SummSink*}"
CONST[source:1(input),value:2(dynamic)][purpose:{subject}]


CONST[source:1(input),value:2(dynamic)][purpose:{object}]  ->  CONST[source:0(mediator),value:2(dynamic)][purpose:{object}]
-----------
CONST[source:1(input),value:2(dynamic)][purpose:{object}]
CE0xb0bead0 "{CE0xb0bead0|VOIDTB_TE:_UCEP2:_elem_0:default:}"
CE0xb276590 "{CE0xb276590|may_context_mount_inode_relabel:_tmp14|*LoadInst*|security/selinux/hooks.c,395}"
CE0xb276870 "{CE0xb276870|may_context_mount_inode_relabel:_tmp14|*LoadInst*|security/selinux/hooks.c,395|*SummSink*}"
CONST[source:0(mediator),value:2(dynamic)][purpose:{object}]


CONST[source:2(external),value:2(dynamic)][purpose:{subject}]  ->  CONST[source:1(input),value:2(dynamic)][purpose:{subject}]
-----------
CONST[source:2(external),value:2(dynamic)][purpose:{subject}]
CE0xb0bead0 "{CE0xb0bead0|VOIDTB_TE:_UCEP2:_elem_0:default:}"
CE0xb40af50 "{CE0xb40af50|may_context_mount_inode_relabel:_tmp4|security/selinux/hooks.c,390}"
CE0xb40cad0 "{CE0xb40cad0|may_context_mount_inode_relabel:_tmp4|security/selinux/hooks.c,390|*SummSink*}"
CONST[source:1(input),value:2(dynamic)][purpose:{subject}]


CONST[source:2(external),value:2(dynamic)][purpose:{subject}]  ->  CONST[source:0(mediator),value:2(dynamic)][purpose:{object}]
-----------
CONST[source:2(external),value:2(dynamic)][purpose:{subject}]
CE0xb0bead0 "{CE0xb0bead0|VOIDTB_TE:_UCEP2:_elem_0:default:}"
CE0xb276590 "{CE0xb276590|may_context_mount_inode_relabel:_tmp14|*LoadInst*|security/selinux/hooks.c,395}"
CE0xb276870 "{CE0xb276870|may_context_mount_inode_relabel:_tmp14|*LoadInst*|security/selinux/hooks.c,395|*SummSink*}"
CONST[source:0(mediator),value:2(dynamic)][purpose:{object}]



implicit:
CONST[source:2(external),value:2(dynamic)][purpose:{subject}]  ->  CONST[source:0(mediator),value:2(dynamic)][purpose:{object}]
-----------
CONST[source:2(external),value:2(dynamic)][purpose:{subject}]
CE0xb0bead0 "{CE0xb0bead0|VOIDTB_TE:_UCEP2:_elem_0:default:}"
CE0xb3c2ae0 "{CE0xb3c2ae0|may_context_mount_sb_relabel:_tmp5|*LoadInst*|security/selinux/hooks.c,374}"
CE0xb3b9630 "{CE0xb3b9630|may_context_mount_sb_relabel:_tmp5|*LoadInst*|security/selinux/hooks.c,374|*SummSink*}"
CONST[source:0(mediator),value:2(dynamic)][purpose:{object}]


CONST[source:2(external),value:2(dynamic)][purpose:{subject}]  ->  CONST[source:1(input),value:2(dynamic)][purpose:{subject}]
-----------
CONST[source:2(external),value:2(dynamic)][purpose:{subject}]
CE0xb0bead0 "{CE0xb0bead0|VOIDTB_TE:_UCEP2:_elem_0:default:}"
CE0xb261970 "{CE0xb261970|may_context_mount_sb_relabel:_tmp4|security/selinux/hooks.c,374}"
CE0xb3c00a0 "{CE0xb3c00a0|may_context_mount_sb_relabel:_tmp4|security/selinux/hooks.c,374|*SummSink*}"
CONST[source:1(input),value:2(dynamic)][purpose:{subject}]


CONST[source:0(mediator),value:2(dynamic)][purpose:{subject}]  ->  CONST[source:0(mediator),value:2(dynamic)][purpose:{object}]
-----------
CONST[source:0(mediator),value:2(dynamic)][purpose:{subject}]
CE0xb0bead0 "{CE0xb0bead0|VOIDTB_TE:_UCEP2:_elem_0:default:}"
CE0xb3c2ae0 "{CE0xb3c2ae0|may_context_mount_sb_relabel:_tmp5|*LoadInst*|security/selinux/hooks.c,374}"
CE0xb3b9630 "{CE0xb3b9630|may_context_mount_sb_relabel:_tmp5|*LoadInst*|security/selinux/hooks.c,374|*SummSink*}"
CONST[source:0(mediator),value:2(dynamic)][purpose:{object}]


CONST[source:2(external),value:0(static)][purpose:{operation}]  ->  CONST[source:0(mediator),value:2(dynamic)][purpose:{object}]
-----------
CONST[source:2(external),value:0(static)][purpose:{operation}]
CE0xb3b9b00 "{CE0xb3b9b00|i32_0|*Constant*}"
CE0xb3c0270 "{CE0xb3c0270|may_context_mount_sb_relabel:_sid2|security/selinux/hooks.c,374}"
CE0xb3c2ae0 "{CE0xb3c2ae0|may_context_mount_sb_relabel:_tmp5|*LoadInst*|security/selinux/hooks.c,374}"
CE0xb3b9630 "{CE0xb3b9630|may_context_mount_sb_relabel:_tmp5|*LoadInst*|security/selinux/hooks.c,374|*SummSink*}"
CONST[source:0(mediator),value:2(dynamic)][purpose:{object}]


CONST[source:2(external),value:0(static)][purpose:{operation}]  ->  CONST[source:1(input),value:2(dynamic)][purpose:{subject}]
-----------
CONST[source:2(external),value:0(static)][purpose:{operation}]
CE0xb0ddd50 "{CE0xb0ddd50|i32_0|*Constant*}"
CE0xb2a4c40 "{CE0xb2a4c40|selinux_set_mnt_opts:_context_sid.0|security/selinux/hooks.c, 627}"
CE0xb2c8640 "{CE0xb2c8640|may_context_mount_inode_relabel:_sid|Function::may_context_mount_inode_relabel&Arg::sid::}"
CE0xb2c6ef0 "{CE0xb2c6ef0|may_context_mount_inode_relabel:_sid|Function::may_context_mount_inode_relabel&Arg::sid::|*SummSink*}"
CONST[source:1(input),value:2(dynamic)][purpose:{subject}]


CONST[source:1(input),value:2(dynamic)][purpose:{object}]  ->  CONST[source:0(mediator),value:2(dynamic)][purpose:{object}]
-----------
CONST[source:1(input),value:2(dynamic)][purpose:{object}]
CE0xb0bead0 "{CE0xb0bead0|VOIDTB_TE:_UCEP2:_elem_0:default:}"
CE0xb3c2ae0 "{CE0xb3c2ae0|may_context_mount_sb_relabel:_tmp5|*LoadInst*|security/selinux/hooks.c,374}"
CE0xb3b9630 "{CE0xb3b9630|may_context_mount_sb_relabel:_tmp5|*LoadInst*|security/selinux/hooks.c,374|*SummSink*}"
CONST[source:0(mediator),value:2(dynamic)][purpose:{object}]


CONST[source:1(input),value:2(dynamic)][purpose:{object}]  ->  CONST[source:1(input),value:2(dynamic)][purpose:{subject}]
-----------
CONST[source:1(input),value:2(dynamic)][purpose:{object}]
CE0xb0bead0 "{CE0xb0bead0|VOIDTB_TE:_UCEP2:_elem_0:default:}"
CE0xb261970 "{CE0xb261970|may_context_mount_sb_relabel:_tmp4|security/selinux/hooks.c,374}"
CE0xb3c00a0 "{CE0xb3c00a0|may_context_mount_sb_relabel:_tmp4|security/selinux/hooks.c,374|*SummSink*}"
CONST[source:1(input),value:2(dynamic)][purpose:{subject}]


