[selinux_ipc_permission]

explicit:
CONST[source:2(external),value:2(dynamic)][purpose:{subject}][SrcIdx:6]  ->  CONST[source:0(mediator),value:2(dynamic)][purpose:{subject}][SnkIdx:0]
-----------
CONST[source:2(external),value:2(dynamic)][purpose:{subject}][SrcIdx:6]
CE0x3fa2a80 "{CE0x3fa2a80|COLLAPSED:_CMRE:_elem_0::|security/selinux/hooks.c,218}"
CE0x3fa3080 "{CE0x3fa3080|current_sid:tmp22|security/selinux/hooks.c,218}"
CE0x3fa3370 "{CE0x3fa3370|current_sid:tmp23|security/selinux/hooks.c,218}"
CE0x3fa3d40 "{CE0x3fa3d40|current_sid:sid|security/selinux/hooks.c,220}"
CE0x3fa4c40 "{CE0x3fa4c40|current_sid:tmp24|security/selinux/hooks.c,220}"
CE0x3f66940 "{CE0x3f66940|_ret_i32_%tmp24,_!dbg_!27742|security/selinux/hooks.c,220}"
CE0x3f7aa90 "{CE0x3f7aa90|ipc_has_perm:call|security/selinux/hooks.c,5129}"
CE0x3f734e0 "{CE0x3f734e0|ipc_has_perm:call|security/selinux/hooks.c,5129|*SummSink*}"
CONST[source:0(mediator),value:2(dynamic)][purpose:{subject}][SnkIdx:0]


CONST[source:1(input),value:2(dynamic)][purpose:{object}][SrcIdx:3]  ->  CONST[source:0(mediator),value:2(dynamic)][purpose:{object}][SnkIdx:2]
-----------
CONST[source:1(input),value:2(dynamic)][purpose:{object}][SrcIdx:3]
CE0x3faff20 "{CE0x3faff20|0:_i16,_4:_i32,_:_CRE_0,2_|*MultipleSource*|security/selinux/hooks.c,5136|*LoadInst*|security/selinux/hooks.c,5131|security/selinux/hooks.c,5131}"
CE0x3fb0a70 "{CE0x3fb0a70|ipc_has_perm:tmp8|security/selinux/hooks.c,5136}"
CE0x3fb0dd0 "{CE0x3fb0dd0|ipc_has_perm:tmp8|security/selinux/hooks.c,5136|*SummSink*}"
CONST[source:0(mediator),value:2(dynamic)][purpose:{object}][SnkIdx:2]


CONST[source:1(input),value:2(dynamic)][purpose:{object}][SrcIdx:3]  ->  CONST[source:0(mediator),value:2(dynamic)][purpose:{object}][SnkIdx:1]
-----------
CONST[source:1(input),value:2(dynamic)][purpose:{object}][SrcIdx:3]
CE0x3faff90 "{CE0x3faff90|0:_i16,_4:_i32,_:_CRE_4,8_|*MultipleSource*|security/selinux/hooks.c,5136|*LoadInst*|security/selinux/hooks.c,5131|security/selinux/hooks.c,5131}"
CE0x3fb0110 "{CE0x3fb0110|ipc_has_perm:tmp7|security/selinux/hooks.c,5136}"
CE0x3fb0710 "{CE0x3fb0710|ipc_has_perm:tmp7|security/selinux/hooks.c,5136|*SummSink*}"
CONST[source:0(mediator),value:2(dynamic)][purpose:{object}][SnkIdx:1]



implicit:
CONST[source:1(input),value:2(dynamic)][purpose:{object}][SrcIdx:3]  ->  CONST[source:0(mediator),value:2(dynamic)][purpose:{object}][SnkIdx:2]
-----------
CONST[source:1(input),value:2(dynamic)][purpose:{object}][SrcIdx:3]
CE0x3faff20 "{CE0x3faff20|0:_i16,_4:_i32,_:_CRE_0,2_|*MultipleSource*|security/selinux/hooks.c,5136|*LoadInst*|security/selinux/hooks.c,5131|security/selinux/hooks.c,5131}"
CE0x3fb0a70 "{CE0x3fb0a70|ipc_has_perm:tmp8|security/selinux/hooks.c,5136}"
CE0x3fb0dd0 "{CE0x3fb0dd0|ipc_has_perm:tmp8|security/selinux/hooks.c,5136|*SummSink*}"
CONST[source:0(mediator),value:2(dynamic)][purpose:{object}][SnkIdx:2]


CONST[source:1(input),value:2(dynamic)][purpose:{object}][SrcIdx:3]  ->  CONST[source:0(mediator),value:2(dynamic)][purpose:{object}][SnkIdx:1]
-----------
CONST[source:1(input),value:2(dynamic)][purpose:{object}][SrcIdx:3]
CE0x3faff90 "{CE0x3faff90|0:_i16,_4:_i32,_:_CRE_4,8_|*MultipleSource*|security/selinux/hooks.c,5136|*LoadInst*|security/selinux/hooks.c,5131|security/selinux/hooks.c,5131}"
CE0x3fb0110 "{CE0x3fb0110|ipc_has_perm:tmp7|security/selinux/hooks.c,5136}"
CE0x3fb0710 "{CE0x3fb0710|ipc_has_perm:tmp7|security/selinux/hooks.c,5136|*SummSink*}"
CONST[source:0(mediator),value:2(dynamic)][purpose:{object}][SnkIdx:1]


CONST[source:1(input),value:2(dynamic)][purpose:{operation}][SrcIdx:4]  ->  CONST[source:0(mediator),value:2(dynamic)][purpose:{object}][SnkIdx:2]
-----------
CONST[source:1(input),value:2(dynamic)][purpose:{operation}][SrcIdx:4]
CE0x3f6fa00 "{CE0x3f6fa00|selinux_ipc_permission:flag|Function::selinux_ipc_permission&Arg::flag::|*SummSource*}"
CE0x3f5a360 "{CE0x3f5a360|selinux_ipc_permission:flag|Function::selinux_ipc_permission&Arg::flag::}"
CE0x3f70270 "{CE0x3f70270|selinux_ipc_permission:conv3|security/selinux/hooks.c,5490}"
CE0x3f59fb0 "{CE0x3f59fb0|selinux_ipc_permission:and4|security/selinux/hooks.c,5490}"
CE0x3f538c0 "{CE0x3f538c0|selinux_ipc_permission:tobool5|security/selinux/hooks.c,5490}"
CE0x3f59060 "{CE0x3f59060|selinux_ipc_permission:if.then6}"
CE0x3f683b0 "{CE0x3f683b0|selinux_ipc_permission:conv9|security/selinux/hooks.c,5491}"
CE0x3f71880 "{CE0x3f71880|selinux_ipc_permission:av.1}"
CE0x3f599d0 "{CE0x3f599d0|selinux_ipc_permission:cmp|security/selinux/hooks.c,5493}"
CE0x3f699f0 "{CE0x3f699f0|selinux_ipc_permission:if.end13}"
CE0x3f780a0 "{CE0x3f780a0|ipc_has_perm:entry}"
CE0x3f7af90 "{CE0x3f7af90|ipc_has_perm:bb}"
CE0x3fb0a70 "{CE0x3fb0a70|ipc_has_perm:tmp8|security/selinux/hooks.c,5136}"
CE0x3fb0dd0 "{CE0x3fb0dd0|ipc_has_perm:tmp8|security/selinux/hooks.c,5136|*SummSink*}"
CONST[source:0(mediator),value:2(dynamic)][purpose:{object}][SnkIdx:2]


CONST[source:1(input),value:2(dynamic)][purpose:{operation}][SrcIdx:4]  ->  CONST[source:0(mediator),value:0(static)][purpose:{operation}][SnkIdx:3]
-----------
CONST[source:1(input),value:2(dynamic)][purpose:{operation}][SrcIdx:4]
CE0x3f6fa00 "{CE0x3f6fa00|selinux_ipc_permission:flag|Function::selinux_ipc_permission&Arg::flag::|*SummSource*}"
CE0x3f5a360 "{CE0x3f5a360|selinux_ipc_permission:flag|Function::selinux_ipc_permission&Arg::flag::}"
CE0x3f70270 "{CE0x3f70270|selinux_ipc_permission:conv3|security/selinux/hooks.c,5490}"
CE0x3f59fb0 "{CE0x3f59fb0|selinux_ipc_permission:and4|security/selinux/hooks.c,5490}"
CE0x3f538c0 "{CE0x3f538c0|selinux_ipc_permission:tobool5|security/selinux/hooks.c,5490}"
CE0x3f59060 "{CE0x3f59060|selinux_ipc_permission:if.then6}"
CE0x3f683b0 "{CE0x3f683b0|selinux_ipc_permission:conv9|security/selinux/hooks.c,5491}"
CE0x3f71880 "{CE0x3f71880|selinux_ipc_permission:av.1}"
CE0x3f78820 "{CE0x3f78820|ipc_has_perm:perms|Function::ipc_has_perm&Arg::perms::}"
CE0x3f79020 "{CE0x3f79020|ipc_has_perm:perms|Function::ipc_has_perm&Arg::perms::|*SummSink*}"
CONST[source:0(mediator),value:0(static)][purpose:{operation}][SnkIdx:3]


CONST[source:1(input),value:2(dynamic)][purpose:{operation}][SrcIdx:4]  ->  CONST[source:0(mediator),value:2(dynamic)][purpose:{object}][SnkIdx:1]
-----------
CONST[source:1(input),value:2(dynamic)][purpose:{operation}][SrcIdx:4]
CE0x3f6fa00 "{CE0x3f6fa00|selinux_ipc_permission:flag|Function::selinux_ipc_permission&Arg::flag::|*SummSource*}"
CE0x3f5a360 "{CE0x3f5a360|selinux_ipc_permission:flag|Function::selinux_ipc_permission&Arg::flag::}"
CE0x3f70270 "{CE0x3f70270|selinux_ipc_permission:conv3|security/selinux/hooks.c,5490}"
CE0x3f59fb0 "{CE0x3f59fb0|selinux_ipc_permission:and4|security/selinux/hooks.c,5490}"
CE0x3f538c0 "{CE0x3f538c0|selinux_ipc_permission:tobool5|security/selinux/hooks.c,5490}"
CE0x3f59060 "{CE0x3f59060|selinux_ipc_permission:if.then6}"
CE0x3f683b0 "{CE0x3f683b0|selinux_ipc_permission:conv9|security/selinux/hooks.c,5491}"
CE0x3f71880 "{CE0x3f71880|selinux_ipc_permission:av.1}"
CE0x3f599d0 "{CE0x3f599d0|selinux_ipc_permission:cmp|security/selinux/hooks.c,5493}"
CE0x3f699f0 "{CE0x3f699f0|selinux_ipc_permission:if.end13}"
CE0x3f780a0 "{CE0x3f780a0|ipc_has_perm:entry}"
CE0x3f7af90 "{CE0x3f7af90|ipc_has_perm:bb}"
CE0x3fb0110 "{CE0x3fb0110|ipc_has_perm:tmp7|security/selinux/hooks.c,5136}"
CE0x3fb0710 "{CE0x3fb0710|ipc_has_perm:tmp7|security/selinux/hooks.c,5136|*SummSink*}"
CONST[source:0(mediator),value:2(dynamic)][purpose:{object}][SnkIdx:1]


CONST[source:1(input),value:2(dynamic)][purpose:{operation}][SrcIdx:4]  ->  CONST[source:0(mediator),value:2(dynamic)][purpose:{subject}][SnkIdx:0]
-----------
CONST[source:1(input),value:2(dynamic)][purpose:{operation}][SrcIdx:4]
CE0x3f6fa00 "{CE0x3f6fa00|selinux_ipc_permission:flag|Function::selinux_ipc_permission&Arg::flag::|*SummSource*}"
CE0x3f5a360 "{CE0x3f5a360|selinux_ipc_permission:flag|Function::selinux_ipc_permission&Arg::flag::}"
CE0x3f70270 "{CE0x3f70270|selinux_ipc_permission:conv3|security/selinux/hooks.c,5490}"
CE0x3f59fb0 "{CE0x3f59fb0|selinux_ipc_permission:and4|security/selinux/hooks.c,5490}"
CE0x3f538c0 "{CE0x3f538c0|selinux_ipc_permission:tobool5|security/selinux/hooks.c,5490}"
CE0x3f59060 "{CE0x3f59060|selinux_ipc_permission:if.then6}"
CE0x3f683b0 "{CE0x3f683b0|selinux_ipc_permission:conv9|security/selinux/hooks.c,5491}"
CE0x3f71880 "{CE0x3f71880|selinux_ipc_permission:av.1}"
CE0x3f599d0 "{CE0x3f599d0|selinux_ipc_permission:cmp|security/selinux/hooks.c,5493}"
CE0x3f699f0 "{CE0x3f699f0|selinux_ipc_permission:if.end13}"
CE0x3f780a0 "{CE0x3f780a0|ipc_has_perm:entry}"
CE0x3f7af90 "{CE0x3f7af90|ipc_has_perm:bb}"
CE0x3f7aa90 "{CE0x3f7aa90|ipc_has_perm:call|security/selinux/hooks.c,5129}"
CE0x3f734e0 "{CE0x3f734e0|ipc_has_perm:call|security/selinux/hooks.c,5129|*SummSink*}"
CONST[source:0(mediator),value:2(dynamic)][purpose:{subject}][SnkIdx:0]


CONST[source:2(external),value:2(dynamic)][purpose:{subject}][SrcIdx:6]  ->  CONST[source:0(mediator),value:2(dynamic)][purpose:{subject}][SnkIdx:0]
-----------
CONST[source:2(external),value:2(dynamic)][purpose:{subject}][SrcIdx:6]
CE0x3fa21e0 "{CE0x3fa21e0|COLLAPSED:_GCMRE_current_task_external_global_%struct.task_struct*:_elem_0::|security/selinux/hooks.c,218}"
CE0x3fa3080 "{CE0x3fa3080|current_sid:tmp22|security/selinux/hooks.c,218}"
CE0x3fa3370 "{CE0x3fa3370|current_sid:tmp23|security/selinux/hooks.c,218}"
CE0x3fa3d40 "{CE0x3fa3d40|current_sid:sid|security/selinux/hooks.c,220}"
CE0x3fa4c40 "{CE0x3fa4c40|current_sid:tmp24|security/selinux/hooks.c,220}"
CE0x3f66940 "{CE0x3f66940|_ret_i32_%tmp24,_!dbg_!27742|security/selinux/hooks.c,220}"
CE0x3f7aa90 "{CE0x3f7aa90|ipc_has_perm:call|security/selinux/hooks.c,5129}"
CE0x3f734e0 "{CE0x3f734e0|ipc_has_perm:call|security/selinux/hooks.c,5129|*SummSink*}"
CONST[source:0(mediator),value:2(dynamic)][purpose:{subject}][SnkIdx:0]


