[selinux_inode_follow_link]

explicit:
CONST[source:1(input),value:2(dynamic)][purpose:{object}][SrcIdx:0]  ->  CONST[source:0(mediator),value:2(dynamic)][purpose:{object}]
-----------
CONST[source:1(input),value:2(dynamic)][purpose:{object}][SrcIdx:0]
CE0x4650b70 "{CE0x4650b70|12:_i32,_56:_i8*,_:_CRE_56,64_|*MultipleSource*|*LoadInst*|security/selinux/hooks.c,1627|Function::inode_has_perm&Arg::inode::|security/selinux/hooks.c,1611}"
CE0x46cf2c0 "{CE0x46cf2c0|inode_has_perm:tmp15|*LoadInst*|security/selinux/hooks.c,1615}"
CE0x46cf960 "{CE0x46cf960|inode_has_perm:tmp16|security/selinux/hooks.c,1615}"
CE0x46cfcb0 "{CE0x46cfcb0|inode_has_perm:sid3|security/selinux/hooks.c,1617}"
CE0x46d1ec0 "{CE0x46d1ec0|inode_has_perm:tmp17|security/selinux/hooks.c,1617}"
CE0x46d22c0 "{CE0x46d22c0|inode_has_perm:tmp17|security/selinux/hooks.c,1617|*SummSink*}"
CONST[source:0(mediator),value:2(dynamic)][purpose:{object}]


CONST[source:2(external),value:2(dynamic)][purpose:{subject}][SrcIdx:2]  ->  CONST[source:0(mediator),value:2(dynamic)][purpose:{subject}]
-----------
CONST[source:2(external),value:2(dynamic)][purpose:{subject}][SrcIdx:2]
CE0x4665210 "{CE0x4665210|COLLAPSED:_GCMRE_current_task_external_global_%struct.task_struct*:_elem_0::|security/selinux/hooks.c,2812}"
CE0x4657a20 "{CE0x4657a20|selinux_inode_follow_link:tmp21|security/selinux/hooks.c,2812}"
CE0x4658e30 "{CE0x4658e30|dentry_has_perm:cred|Function::dentry_has_perm&Arg::cred::}"
CE0x4682ba0 "{CE0x4682ba0|inode_has_perm:cred|Function::inode_has_perm&Arg::cred::}"
CE0x46631d0 "{CE0x46631d0|cred_sid:cred|Function::cred_sid&Arg::cred::}"
CE0x469e2b0 "{CE0x469e2b0|cred_sid:security|security/selinux/hooks.c,196}"
CE0x469e410 "{CE0x469e410|cred_sid:tmp4|*LoadInst*|security/selinux/hooks.c,196}"
CE0x46f8880 "{CE0x46f8880|cred_sid:tmp5|security/selinux/hooks.c,196}"
CE0x46f9170 "{CE0x46f9170|cred_sid:sid|security/selinux/hooks.c,197}"
CE0x46a75d0 "{CE0x46a75d0|cred_sid:tmp6|security/selinux/hooks.c,197}"
CE0x46ce7d0 "{CE0x46ce7d0|_ret_i32_%tmp6,_!dbg_!27716|security/selinux/hooks.c,197}"
CE0x46625c0 "{CE0x46625c0|inode_has_perm:call|security/selinux/hooks.c,1614}"
CE0x4662760 "{CE0x4662760|inode_has_perm:call|security/selinux/hooks.c,1614|*SummSink*}"
CONST[source:0(mediator),value:2(dynamic)][purpose:{subject}]



implicit:
CONST[source:2(external),value:2(dynamic)][purpose:{subject}][SrcIdx:2]  ->  CONST[source:0(mediator),value:2(dynamic)][purpose:{subject}]
-----------
CONST[source:2(external),value:2(dynamic)][purpose:{subject}][SrcIdx:2]
CE0x4665210 "{CE0x4665210|COLLAPSED:_GCMRE_current_task_external_global_%struct.task_struct*:_elem_0::|security/selinux/hooks.c,2812}"
CE0x4657a20 "{CE0x4657a20|selinux_inode_follow_link:tmp21|security/selinux/hooks.c,2812}"
CE0x4658e30 "{CE0x4658e30|dentry_has_perm:cred|Function::dentry_has_perm&Arg::cred::}"
CE0x4682ba0 "{CE0x4682ba0|inode_has_perm:cred|Function::inode_has_perm&Arg::cred::}"
CE0x46631d0 "{CE0x46631d0|cred_sid:cred|Function::cred_sid&Arg::cred::}"
CE0x469e2b0 "{CE0x469e2b0|cred_sid:security|security/selinux/hooks.c,196}"
CE0x469e410 "{CE0x469e410|cred_sid:tmp4|*LoadInst*|security/selinux/hooks.c,196}"
CE0x46f8880 "{CE0x46f8880|cred_sid:tmp5|security/selinux/hooks.c,196}"
CE0x46f9170 "{CE0x46f9170|cred_sid:sid|security/selinux/hooks.c,197}"
CE0x46a75d0 "{CE0x46a75d0|cred_sid:tmp6|security/selinux/hooks.c,197}"
CE0x46ce7d0 "{CE0x46ce7d0|_ret_i32_%tmp6,_!dbg_!27716|security/selinux/hooks.c,197}"
CE0x46625c0 "{CE0x46625c0|inode_has_perm:call|security/selinux/hooks.c,1614}"
CE0x4662760 "{CE0x4662760|inode_has_perm:call|security/selinux/hooks.c,1614|*SummSink*}"
CONST[source:0(mediator),value:2(dynamic)][purpose:{subject}]


CONST[source:1(input),value:2(dynamic)][purpose:{object}][SrcIdx:0]  ->  CONST[source:0(mediator),value:2(dynamic)][purpose:{subject}]
-----------
CONST[source:1(input),value:2(dynamic)][purpose:{object}][SrcIdx:0]
CE0x4680140 "{CE0x4680140|12:_i32,_56:_i8*,_:_CRE_12,16_|*MultipleSource*|*LoadInst*|security/selinux/hooks.c,1627|Function::inode_has_perm&Arg::inode::|security/selinux/hooks.c,1611}"
CE0x46ca0d0 "{CE0x46ca0d0|inode_has_perm:tmp6|*LoadInst*|security/selinux/hooks.c,1611}"
CE0x46d75d0 "{CE0x46d75d0|inode_has_perm:and|security/selinux/hooks.c,1611}"
CE0x46ddac0 "{CE0x46ddac0|inode_has_perm:tobool|security/selinux/hooks.c,1611}"
CE0x46d7d50 "{CE0x46d7d50|inode_has_perm:lnot|security/selinux/hooks.c,1611}"
CE0x46d8040 "{CE0x46d8040|inode_has_perm:lnot1|security/selinux/hooks.c,1611}"
CE0x46d8960 "{CE0x46d8960|inode_has_perm:lnot.ext|security/selinux/hooks.c,1611}"
CE0x46d86a0 "{CE0x46d86a0|inode_has_perm:conv|security/selinux/hooks.c,1611}"
CE0x46d94a0 "{CE0x46d94a0|inode_has_perm:expval|security/selinux/hooks.c,1611}"
CE0x46d9b80 "{CE0x46d9b80|inode_has_perm:tobool2|security/selinux/hooks.c,1611}"
CE0x467e600 "{CE0x467e600|inode_has_perm:if.end}"
CE0x46625c0 "{CE0x46625c0|inode_has_perm:call|security/selinux/hooks.c,1614}"
CE0x4662760 "{CE0x4662760|inode_has_perm:call|security/selinux/hooks.c,1614|*SummSink*}"
CONST[source:0(mediator),value:2(dynamic)][purpose:{subject}]


CONST[source:1(input),value:2(dynamic)][purpose:{object}][SrcIdx:0]  ->  CONST[source:0(mediator),value:2(dynamic)][purpose:{object}]
-----------
CONST[source:1(input),value:2(dynamic)][purpose:{object}][SrcIdx:0]
CE0x4650b70 "{CE0x4650b70|12:_i32,_56:_i8*,_:_CRE_56,64_|*MultipleSource*|*LoadInst*|security/selinux/hooks.c,1627|Function::inode_has_perm&Arg::inode::|security/selinux/hooks.c,1611}"
CE0x46cf2c0 "{CE0x46cf2c0|inode_has_perm:tmp15|*LoadInst*|security/selinux/hooks.c,1615}"
CE0x46cf960 "{CE0x46cf960|inode_has_perm:tmp16|security/selinux/hooks.c,1615}"
CE0x46edb80 "{CE0x46edb80|inode_has_perm:sclass|security/selinux/hooks.c,1617}"
CE0x4686bc0 "{CE0x4686bc0|inode_has_perm:tmp18|security/selinux/hooks.c,1617}"
CE0x4686ec0 "{CE0x4686ec0|inode_has_perm:tmp18|security/selinux/hooks.c,1617|*SummSink*}"
CONST[source:0(mediator),value:2(dynamic)][purpose:{object}]


