[selinux_inode_rename]

explicit:
CONST[source:2(external),value:2(dynamic)][purpose:{subject}]  ->  CONST[source:1(input),value:2(dynamic)][purpose:{subject}]
-----------
CONST[source:2(external),value:2(dynamic)][purpose:{subject}]
CE0x53c0b20 "{CE0x53c0b20|COLLAPSED:_GCMRE_current_task_external_global_%struct.task_struct*:_elem_0::|security/selinux/hooks.c,218}"
CE0x53c1c90 "{CE0x53c1c90|current_sid:_tmp22|security/selinux/hooks.c,218}"
CE0x53c21f0 "{CE0x53c21f0|current_sid:_tmp23|security/selinux/hooks.c,218}"
CE0x53c64a0 "{CE0x53c64a0|current_sid:_sid|security/selinux/hooks.c,220}"
CE0x53c7580 "{CE0x53c7580|current_sid:_tmp24|security/selinux/hooks.c,220}"
CE0x534f380 "{CE0x534f380|_ret_i32_%tmp24,_!dbg_!27742|security/selinux/hooks.c,220}"
CE0x5339bf0 "{CE0x5339bf0|may_rename:_call|security/selinux/hooks.c,1808}"
CE0x53481c0 "{CE0x53481c0|may_rename:_call|security/selinux/hooks.c,1808|*SummSink*}"
CONST[source:1(input),value:2(dynamic)][purpose:{subject}]


CONST[source:1(input),value:2(dynamic)][purpose:{object}]  ->  CONST[source:0(mediator),value:0(static)][purpose:{operation}]
-----------
CONST[source:1(input),value:2(dynamic)][purpose:{object}]
CE0x538cb70 "{CE0x538cb70|0:_i16,_56:_i8*,_:_CRE_0,2_|*MultipleSource*|*LoadInst*|security/selinux/hooks.c,1814|security/selinux/hooks.c,1814}"
CE0x5473420 "{CE0x5473420|may_rename:_tmp67|security/selinux/hooks.c,1845}"
CE0x547abb0 "{CE0x547abb0|may_rename:_conv43|security/selinux/hooks.c,1845}"
CE0x547b130 "{CE0x547b130|may_rename:_and44|security/selinux/hooks.c,1845}"
CE0x547b580 "{CE0x547b580|may_rename:_cmp45|security/selinux/hooks.c,1845}"
CE0x547ba20 "{CE0x547ba20|may_rename:_conv46|security/selinux/hooks.c,1845}"
CE0x5469ee0 "{CE0x5469ee0|may_rename:_tobool49|security/selinux/hooks.c,1848}"
CE0x547a850 "{CE0x547a850|may_rename:_cond|security/selinux/hooks.c,1848}"
CE0x545d980 "{CE0x545d980|may_rename:_conv50|security/selinux/hooks.c,1848}"
CE0x5462670 "{CE0x5462670|may_rename:_conv50|security/selinux/hooks.c,1848|*SummSink*}"
CONST[source:0(mediator),value:0(static)][purpose:{operation}]


CONST[source:1(input),value:2(dynamic)][purpose:{object}]  ->  CONST[source:0(mediator),value:2(dynamic)][purpose:{object}]
-----------
CONST[source:1(input),value:2(dynamic)][purpose:{object}]
CE0x538b280 "{CE0x538b280|0:_i16,_56:_i8*,_:_CRE_56,64_|*MultipleSource*|*LoadInst*|security/selinux/hooks.c,1814|security/selinux/hooks.c,1814}"
CE0x53d6990 "{CE0x53d6990|may_rename:_tmp5|security/selinux/hooks.c,1814}"
CE0x53d74f0 "{CE0x53d74f0|may_rename:_tmp6|security/selinux/hooks.c,1814}"
CE0x5430020 "{CE0x5430020|may_rename:_sid16|security/selinux/hooks.c,1830}"
CE0x5430970 "{CE0x5430970|may_rename:_tmp34|security/selinux/hooks.c,1830}"
CE0x5430c60 "{CE0x5430c60|may_rename:_tmp34|security/selinux/hooks.c,1830|*SummSink*}"
CONST[source:0(mediator),value:2(dynamic)][purpose:{object}]



implicit:
CONST[source:2(external),value:2(dynamic)][purpose:{subject}]  ->  CONST[source:1(input),value:2(dynamic)][purpose:{subject}]
-----------
CONST[source:2(external),value:2(dynamic)][purpose:{subject}]
CE0x53c1b10 "{CE0x53c1b10|COLLAPSED:_CMRE:_elem_0::|security/selinux/hooks.c,218}"
CE0x53c1c90 "{CE0x53c1c90|current_sid:_tmp22|security/selinux/hooks.c,218}"
CE0x53c21f0 "{CE0x53c21f0|current_sid:_tmp23|security/selinux/hooks.c,218}"
CE0x53c64a0 "{CE0x53c64a0|current_sid:_sid|security/selinux/hooks.c,220}"
CE0x53c7580 "{CE0x53c7580|current_sid:_tmp24|security/selinux/hooks.c,220}"
CE0x534f380 "{CE0x534f380|_ret_i32_%tmp24,_!dbg_!27742|security/selinux/hooks.c,220}"
CE0x5339bf0 "{CE0x5339bf0|may_rename:_call|security/selinux/hooks.c,1808}"
CE0x53481c0 "{CE0x53481c0|may_rename:_call|security/selinux/hooks.c,1808|*SummSink*}"
CONST[source:1(input),value:2(dynamic)][purpose:{subject}]


CONST[source:1(input),value:2(dynamic)][purpose:{object}]  ->  CONST[source:0(mediator),value:2(dynamic)][purpose:{object}]
-----------
CONST[source:1(input),value:2(dynamic)][purpose:{object}]
CE0x538b280 "{CE0x538b280|0:_i16,_56:_i8*,_:_CRE_56,64_|*MultipleSource*|*LoadInst*|security/selinux/hooks.c,1814|security/selinux/hooks.c,1814}"
CE0x53d6990 "{CE0x53d6990|may_rename:_tmp5|security/selinux/hooks.c,1814}"
CE0x53d74f0 "{CE0x53d74f0|may_rename:_tmp6|security/selinux/hooks.c,1814}"
CE0x5430020 "{CE0x5430020|may_rename:_sid16|security/selinux/hooks.c,1830}"
CE0x5430970 "{CE0x5430970|may_rename:_tmp34|security/selinux/hooks.c,1830}"
CE0x5430c60 "{CE0x5430c60|may_rename:_tmp34|security/selinux/hooks.c,1830|*SummSink*}"
CONST[source:0(mediator),value:2(dynamic)][purpose:{object}]


CONST[source:1(input),value:2(dynamic)][purpose:{object}]  ->  CONST[source:0(mediator),value:0(static)][purpose:{operation}]
-----------
CONST[source:1(input),value:2(dynamic)][purpose:{object}]
CE0x531eb20 "{CE0x531eb20|104:_%struct.inode*,_:_CRE_104,112_|*MultipleSource*|security/selinux/hooks.c,1814|Function::selinux_inode_rename&Arg::old_dentry::|Function::selinux_inode_rename&Arg::new_dentry::|Function::may_rename&Arg::old_dentry::|Function::may_rename&Arg::new_dentry::}"
CE0x545ad70 "{CE0x545ad70|may_rename:_tmp58|*LoadInst*|security/selinux/hooks.c,1843}"
CE0x5463310 "{CE0x5463310|may_rename:_tobool37|security/selinux/hooks.c,1843}"
CE0x532ddc0 "{CE0x532ddc0|may_rename:_if.then38}"
CE0x545d980 "{CE0x545d980|may_rename:_conv50|security/selinux/hooks.c,1848}"
CE0x5462670 "{CE0x5462670|may_rename:_conv50|security/selinux/hooks.c,1848|*SummSink*}"
CONST[source:0(mediator),value:0(static)][purpose:{operation}]


