[tomoyo_path_mkdir]

explicit:
CONST[source:1(input),value:2(dynamic)][purpose:{object}][SrcIdx:18]  ->  CONST[source:0(mediator),value:2(dynamic)][purpose:{object}][SnkIdx:1]
-----------
CONST[source:1(input),value:2(dynamic)][purpose:{object}][SrcIdx:18]
CE0x7099c40 "{CE0x7099c40|tomoyo_path_number_perm:buf|security/tomoyo/file.c, 698|*SummSource*}"
CE0x87ef640 "{CE0x87ef640|tomoyo_path_number_perm:buf|security/tomoyo/file.c, 698}"
CE0x71a6300 "{CE0x71a6300|0:_%struct.tomoyo_obj_info*,_24:_%struct.tomoyo_path_info*,_32:_i64,_40:_i8,_72:_i8,_76:_i8,_:_SCMRE_27,28_}"
CONST[source:0(mediator),value:2(dynamic)][purpose:{object}][SnkIdx:1]


CONST[source:2(external),value:0(static)][purpose:{operation}][SrcIdx:10]  ->  CONST[source:0(mediator),value:0(static)][purpose:{operation}][SnkIdx:2]
-----------
CONST[source:2(external),value:0(static)][purpose:{operation}][SrcIdx:10]
CE0x54b8c40 "{CE0x54b8c40|i32_4095|*Constant*}"
CE0x54a6d70 "{CE0x54a6d70|tomoyo_path_mkdir:and|security/tomoyo/tomoyo.c,193}"
CE0x5f66010 "{CE0x5f66010|tomoyo_path_mkdir:conv3|security/tomoyo/tomoyo.c,193}"
CE0x5427270 "{CE0x5427270|tomoyo_path_number_perm:number|Function::tomoyo_path_number_perm&Arg::number::}"
CE0x8832e00 "{CE0x8832e00|0:_%struct.tomoyo_obj_info*,_24:_%struct.tomoyo_path_info*,_32:_i64,_40:_i8,_72:_i8,_76:_i8,_:_SCMRE_33,34_}"
CONST[source:0(mediator),value:0(static)][purpose:{operation}][SnkIdx:2]


CONST[source:1(input),value:2(dynamic)][purpose:{operation}][SrcIdx:17]  ->  CONST[source:0(mediator),value:0(static)][purpose:{operation}][SnkIdx:2]
-----------
CONST[source:1(input),value:2(dynamic)][purpose:{operation}][SrcIdx:17]
CE0x55653c0 "{CE0x55653c0|tomoyo_path_mkdir:mode|Function::tomoyo_path_mkdir&Arg::mode::|*SummSource*}"
CE0x5f36000 "{CE0x5f36000|tomoyo_path_mkdir:mode|Function::tomoyo_path_mkdir&Arg::mode::}"
CE0x54f0710 "{CE0x54f0710|tomoyo_path_mkdir:conv|security/tomoyo/tomoyo.c,193}"
CE0x54a6d70 "{CE0x54a6d70|tomoyo_path_mkdir:and|security/tomoyo/tomoyo.c,193}"
CE0x5f66010 "{CE0x5f66010|tomoyo_path_mkdir:conv3|security/tomoyo/tomoyo.c,193}"
CE0x5427270 "{CE0x5427270|tomoyo_path_number_perm:number|Function::tomoyo_path_number_perm&Arg::number::}"
CE0x8832e00 "{CE0x8832e00|0:_%struct.tomoyo_obj_info*,_24:_%struct.tomoyo_path_info*,_32:_i64,_40:_i8,_72:_i8,_76:_i8,_:_SCMRE_33,34_}"
CONST[source:0(mediator),value:0(static)][purpose:{operation}][SnkIdx:2]


CONST[source:2(external),value:2(dynamic)][purpose:{subject}][SrcIdx:19]  ->  CONST[source:0(mediator),value:2(dynamic)][purpose:{subject}][SnkIdx:0]
-----------
CONST[source:2(external),value:2(dynamic)][purpose:{subject}][SrcIdx:19]
CE0x728f2f0 "{CE0x728f2f0|128:_i8*,_1208:_%struct.file*,_:_CMRE_128,136_|*MultipleSource*|security/tomoyo/common.h,1205|security/tomoyo/common.h,1205}"
CE0x62cf8c0 "{CE0x62cf8c0|tomoyo_domain:tmp22|security/tomoyo/common.h,1205}"
CE0x60c5de0 "{CE0x60c5de0|tomoyo_domain:tmp23|security/tomoyo/common.h,1205}"
CE0x6f1d9f0 "{CE0x6f1d9f0|_ret_%struct.tomoyo_domain_info*_%tmp23,_!dbg_!38929|security/tomoyo/common.h,1205}"
CE0x709a180 "{CE0x709a180|tomoyo_init_request_info:call|security/tomoyo/util.c,1005}"
CE0x6f1dce0 "{CE0x6f1dce0|tomoyo_init_request_info:domain.addr.0}"
CE0x5ff24d0 "{CE0x5ff24d0|0:_%struct.tomoyo_obj_info*,_24:_%struct.tomoyo_path_info*,_32:_i64,_40:_i8,_72:_i8,_76:_i8,_:_SCMRE_16,24_|*MultipleSource*|security/tomoyo/file.c,693|security/tomoyo/file.c, 693|security/tomoyo/file.c,707|Function::tomoyo_init_request_info&Arg::r::}"
CONST[source:0(mediator),value:2(dynamic)][purpose:{subject}][SnkIdx:0]



implicit:
CONST[source:1(input),value:2(dynamic)][purpose:{object}][SrcIdx:18]  ->  CONST[source:0(mediator),value:2(dynamic)][purpose:{object}][SnkIdx:1]
-----------
CONST[source:1(input),value:2(dynamic)][purpose:{object}][SrcIdx:18]
CE0x7099c40 "{CE0x7099c40|tomoyo_path_number_perm:buf|security/tomoyo/file.c, 698|*SummSource*}"
CE0x87ef640 "{CE0x87ef640|tomoyo_path_number_perm:buf|security/tomoyo/file.c, 698}"
CE0x71a61d0 "{CE0x71a61d0|0:_%struct.tomoyo_obj_info*,_24:_%struct.tomoyo_path_info*,_32:_i64,_40:_i8,_72:_i8,_76:_i8,_:_SCMRE_26,27_}"
CONST[source:0(mediator),value:2(dynamic)][purpose:{object}][SnkIdx:1]


CONST[source:2(external),value:0(static)][purpose:{operation}][SrcIdx:10]  ->  CONST[source:0(mediator),value:0(static)][purpose:{operation}][SnkIdx:2]
-----------
CONST[source:2(external),value:0(static)][purpose:{operation}][SrcIdx:10]
CE0x54b8c40 "{CE0x54b8c40|i32_4095|*Constant*}"
CE0x54a6d70 "{CE0x54a6d70|tomoyo_path_mkdir:and|security/tomoyo/tomoyo.c,193}"
CE0x5f66010 "{CE0x5f66010|tomoyo_path_mkdir:conv3|security/tomoyo/tomoyo.c,193}"
CE0x5427270 "{CE0x5427270|tomoyo_path_number_perm:number|Function::tomoyo_path_number_perm&Arg::number::}"
CE0x72dba40 "{CE0x72dba40|0:_%struct.tomoyo_obj_info*,_24:_%struct.tomoyo_path_info*,_32:_i64,_40:_i8,_72:_i8,_76:_i8,_:_SCMRE_39,40_}"
CONST[source:0(mediator),value:0(static)][purpose:{operation}][SnkIdx:2]


CONST[source:2(external),value:2(dynamic)][purpose:{subject}][SrcIdx:19]  ->  CONST[source:0(mediator),value:2(dynamic)][purpose:{subject}][SnkIdx:0]
-----------
CONST[source:2(external),value:2(dynamic)][purpose:{subject}][SrcIdx:19]
CE0x728f2f0 "{CE0x728f2f0|128:_i8*,_1208:_%struct.file*,_:_CMRE_128,136_|*MultipleSource*|security/tomoyo/common.h,1205|security/tomoyo/common.h,1205}"
CE0x62cf8c0 "{CE0x62cf8c0|tomoyo_domain:tmp22|security/tomoyo/common.h,1205}"
CE0x60c5de0 "{CE0x60c5de0|tomoyo_domain:tmp23|security/tomoyo/common.h,1205}"
CE0x6f1d9f0 "{CE0x6f1d9f0|_ret_%struct.tomoyo_domain_info*_%tmp23,_!dbg_!38929|security/tomoyo/common.h,1205}"
CE0x709a180 "{CE0x709a180|tomoyo_init_request_info:call|security/tomoyo/util.c,1005}"
CE0x6f1dce0 "{CE0x6f1dce0|tomoyo_init_request_info:domain.addr.0}"
CE0x5ff24d0 "{CE0x5ff24d0|0:_%struct.tomoyo_obj_info*,_24:_%struct.tomoyo_path_info*,_32:_i64,_40:_i8,_72:_i8,_76:_i8,_:_SCMRE_16,24_|*MultipleSource*|security/tomoyo/file.c,693|security/tomoyo/file.c, 693|security/tomoyo/file.c,707|Function::tomoyo_init_request_info&Arg::r::}"
CONST[source:0(mediator),value:2(dynamic)][purpose:{subject}][SnkIdx:0]


CONST[source:1(input),value:2(dynamic)][purpose:{operation}][SrcIdx:17]  ->  CONST[source:0(mediator),value:0(static)][purpose:{operation}][SnkIdx:2]
-----------
CONST[source:1(input),value:2(dynamic)][purpose:{operation}][SrcIdx:17]
CE0x55653c0 "{CE0x55653c0|tomoyo_path_mkdir:mode|Function::tomoyo_path_mkdir&Arg::mode::|*SummSource*}"
CE0x5f36000 "{CE0x5f36000|tomoyo_path_mkdir:mode|Function::tomoyo_path_mkdir&Arg::mode::}"
CE0x54f0710 "{CE0x54f0710|tomoyo_path_mkdir:conv|security/tomoyo/tomoyo.c,193}"
CE0x54a6d70 "{CE0x54a6d70|tomoyo_path_mkdir:and|security/tomoyo/tomoyo.c,193}"
CE0x5f66010 "{CE0x5f66010|tomoyo_path_mkdir:conv3|security/tomoyo/tomoyo.c,193}"
CE0x5427270 "{CE0x5427270|tomoyo_path_number_perm:number|Function::tomoyo_path_number_perm&Arg::number::}"
CE0x72dba40 "{CE0x72dba40|0:_%struct.tomoyo_obj_info*,_24:_%struct.tomoyo_path_info*,_32:_i64,_40:_i8,_72:_i8,_76:_i8,_:_SCMRE_39,40_}"
CONST[source:0(mediator),value:0(static)][purpose:{operation}][SnkIdx:2]


