[selinux_capget]

explicit:
CONST[source:2(external),value:2(dynamic)][purpose:{subject}][SrcIdx:2]  ->  CONST[source:0(mediator),value:2(dynamic)][purpose:{object}]
-----------
CONST[source:2(external),value:2(dynamic)][purpose:{subject}][SrcIdx:2]
CE0xa290a70 "{CE0xa290a70|VOIDTB_TE:_IE:_elem_0:default:}"
CE0xa2dfe50 "{CE0xa2dfe50|tmp6}"
CE0xa2cb3f0 "{CE0xa2cb3f0|_ret_i32_%tmp6,_!dbg_!27716}"
CE0xa2ceaa0 "{CE0xa2ceaa0|call7}"
CE0xa2b3830 "{CE0xa2b3830|_ret_i32_%call7,_!dbg_!27749}"
CE0xa2b3120 "{CE0xa2b3120|call1}"
CE0xa2b30b0 "{CE0xa2b30b0|call1}"
CONST[source:0(mediator),value:2(dynamic)][purpose:{object}]


CONST[source:2(external),value:2(dynamic)][purpose:{subject}][SrcIdx:2]  ->  CONST[source:0(mediator),value:2(dynamic)][purpose:{subject}]
-----------
CONST[source:2(external),value:2(dynamic)][purpose:{subject}][SrcIdx:2]
CE0xa290a70 "{CE0xa290a70|VOIDTB_TE:_IE:_elem_0:default:}"
CE0xa2d6f00 "{CE0xa2d6f00|tmp24}"
CE0xa2b2ea0 "{CE0xa2b2ea0|_ret_i32_%tmp24,_!dbg_!27742}"
CE0xa293750 "{CE0xa293750|call}"
CE0xa2937c0 "{CE0xa2937c0|call}"
CONST[source:0(mediator),value:2(dynamic)][purpose:{subject}]


CONST[source:1(input),value:2(dynamic)][purpose:{object}][SrcIdx:0]  ->  CONST[source:0(mediator),value:2(dynamic)][purpose:{object}]
-----------
CONST[source:1(input),value:2(dynamic)][purpose:{object}][SrcIdx:0]
CE0xa290a70 "{CE0xa290a70|VOIDTB_TE:_IE:_elem_0:default:}"
CE0xa2dfe50 "{CE0xa2dfe50|tmp6}"
CE0xa2cb3f0 "{CE0xa2cb3f0|_ret_i32_%tmp6,_!dbg_!27716}"
CE0xa2ceaa0 "{CE0xa2ceaa0|call7}"
CE0xa2b3830 "{CE0xa2b3830|_ret_i32_%call7,_!dbg_!27749}"
CE0xa2b3120 "{CE0xa2b3120|call1}"
CE0xa2b30b0 "{CE0xa2b30b0|call1}"
CONST[source:0(mediator),value:2(dynamic)][purpose:{object}]


CONST[source:1(input),value:2(dynamic)][purpose:{object}][SrcIdx:0]  ->  CONST[source:0(mediator),value:2(dynamic)][purpose:{subject}]
-----------
CONST[source:1(input),value:2(dynamic)][purpose:{object}][SrcIdx:0]
CE0xa290a70 "{CE0xa290a70|VOIDTB_TE:_IE:_elem_0:default:}"
CE0xa2d6f00 "{CE0xa2d6f00|tmp24}"
CE0xa2b2ea0 "{CE0xa2b2ea0|_ret_i32_%tmp24,_!dbg_!27742}"
CE0xa293750 "{CE0xa293750|call}"
CE0xa2937c0 "{CE0xa2937c0|call}"
CONST[source:0(mediator),value:2(dynamic)][purpose:{subject}]



implicit:
CONST[source:1(input),value:2(dynamic)][purpose:{object}][SrcIdx:0]  ->  CONST[source:0(mediator),value:2(dynamic)][purpose:{subject}]
-----------
CONST[source:1(input),value:2(dynamic)][purpose:{object}][SrcIdx:0]
CE0xa290a70 "{CE0xa290a70|VOIDTB_TE:_IE:_elem_0:default:}"
CE0xa2d6f00 "{CE0xa2d6f00|tmp24}"
CE0xa2b2ea0 "{CE0xa2b2ea0|_ret_i32_%tmp24,_!dbg_!27742}"
CE0xa293750 "{CE0xa293750|call}"
CE0xa2937c0 "{CE0xa2937c0|call}"
CONST[source:0(mediator),value:2(dynamic)][purpose:{subject}]


CONST[source:1(input),value:2(dynamic)][purpose:{object}][SrcIdx:0]  ->  CONST[source:0(mediator),value:2(dynamic)][purpose:{object}]
-----------
CONST[source:1(input),value:2(dynamic)][purpose:{object}][SrcIdx:0]
CE0xa290a70 "{CE0xa290a70|VOIDTB_TE:_IE:_elem_0:default:}"
CE0xa2dfe50 "{CE0xa2dfe50|tmp6}"
CE0xa2cb3f0 "{CE0xa2cb3f0|_ret_i32_%tmp6,_!dbg_!27716}"
CE0xa2ceaa0 "{CE0xa2ceaa0|call7}"
CE0xa2b3830 "{CE0xa2b3830|_ret_i32_%call7,_!dbg_!27749}"
CE0xa2b3120 "{CE0xa2b3120|call1}"
CE0xa2b30b0 "{CE0xa2b30b0|call1}"
CONST[source:0(mediator),value:2(dynamic)][purpose:{object}]


CONST[source:2(external),value:2(dynamic)][purpose:{subject}][SrcIdx:2]  ->  CONST[source:0(mediator),value:2(dynamic)][purpose:{subject}]
-----------
CONST[source:2(external),value:2(dynamic)][purpose:{subject}][SrcIdx:2]
CE0xa290a70 "{CE0xa290a70|VOIDTB_TE:_IE:_elem_0:default:}"
CE0xa2d6f00 "{CE0xa2d6f00|tmp24}"
CE0xa2b2ea0 "{CE0xa2b2ea0|_ret_i32_%tmp24,_!dbg_!27742}"
CE0xa293750 "{CE0xa293750|call}"
CE0xa2937c0 "{CE0xa2937c0|call}"
CONST[source:0(mediator),value:2(dynamic)][purpose:{subject}]


CONST[source:2(external),value:2(dynamic)][purpose:{subject}][SrcIdx:2]  ->  CONST[source:0(mediator),value:2(dynamic)][purpose:{object}]
-----------
CONST[source:2(external),value:2(dynamic)][purpose:{subject}][SrcIdx:2]
CE0xa290a70 "{CE0xa290a70|VOIDTB_TE:_IE:_elem_0:default:}"
CE0xa2dfe50 "{CE0xa2dfe50|tmp6}"
CE0xa2cb3f0 "{CE0xa2cb3f0|_ret_i32_%tmp6,_!dbg_!27716}"
CE0xa2ceaa0 "{CE0xa2ceaa0|call7}"
CE0xa2b3830 "{CE0xa2b3830|_ret_i32_%call7,_!dbg_!27749}"
CE0xa2b3120 "{CE0xa2b3120|call1}"
CE0xa2b30b0 "{CE0xa2b30b0|call1}"
CONST[source:0(mediator),value:2(dynamic)][purpose:{object}]


