[selinux_inode_rmdir]

explicit:
CONST[source:2(external),value:2(dynamic)][purpose:{subject}]  ->  CONST[source:0(mediator),value:2(dynamic)][purpose:{subject}]
-----------
CONST[source:2(external),value:2(dynamic)][purpose:{subject}]
CE0x56d27d0 "{CE0x56d27d0|COLLAPSED:_CMRE:_elem_0::|security/selinux/hooks.c,218}"
CE0x56d2950 "{CE0x56d2950|current_sid:_tmp22|security/selinux/hooks.c,218}"
CE0x56d9680 "{CE0x56d9680|current_sid:_tmp23|security/selinux/hooks.c,218}"
CE0x56d9f40 "{CE0x56d9f40|current_sid:_sid|security/selinux/hooks.c,220}"
CE0x566ce10 "{CE0x566ce10|current_sid:_tmp24|security/selinux/hooks.c,220}"
CE0x561d8f0 "{CE0x561d8f0|_ret_i32_%tmp24,_!dbg_!27742|security/selinux/hooks.c,220}"
CE0x56384d0 "{CE0x56384d0|may_link:_call|security/selinux/hooks.c,1765}"
CE0x564c490 "{CE0x564c490|may_link:_call|security/selinux/hooks.c,1765|*SummSink*}"
CONST[source:0(mediator),value:2(dynamic)][purpose:{subject}]


CONST[source:1(input),value:2(dynamic)][purpose:{object}]  ->  CONST[source:0(mediator),value:2(dynamic)][purpose:{object}]
-----------
CONST[source:1(input),value:2(dynamic)][purpose:{object}]
CE0x56bb280 "{CE0x56bb280|28:_i32,_:_CRE_28,32_|*MultipleSource*|*LoadInst*|security/selinux/hooks.c,1769|security/selinux/hooks.c,1769|security/selinux/hooks.c,1777}"
CE0x56c1760 "{CE0x56c1760|may_link:_tmp7|security/selinux/hooks.c,1777}"
CE0x56cd9e0 "{CE0x56cd9e0|may_link:_tmp7|security/selinux/hooks.c,1777|*SummSink*}"
CONST[source:0(mediator),value:2(dynamic)][purpose:{object}]



implicit:
CONST[source:0(mediator),value:0(static)][purpose:{operation}]  ->  CONST[source:0(mediator),value:2(dynamic)][purpose:{object}]
-----------
CONST[source:0(mediator),value:0(static)][purpose:{operation}]
CE0x562af90 "{CE0x562af90|may_link:_kind|Function::may_link&Arg::kind::|*SummSource*}"
CE0x562af20 "{CE0x562af20|may_link:_kind|Function::may_link&Arg::kind::}"
CE0x5623cb0 "{CE0x5623cb0|may_link:_sw.epilog}"
CE0x56f1c90 "{CE0x56f1c90|may_link:_tmp24|security/selinux/hooks.c,1797}"
CE0x56f2090 "{CE0x56f2090|may_link:_tmp24|security/selinux/hooks.c,1797|*SummSink*}"
CONST[source:0(mediator),value:2(dynamic)][purpose:{object}]


CONST[source:1(input),value:2(dynamic)][purpose:{object}]  ->  CONST[source:0(mediator),value:2(dynamic)][purpose:{object}]
-----------
CONST[source:1(input),value:2(dynamic)][purpose:{object}]
CE0x56bb280 "{CE0x56bb280|28:_i32,_:_CRE_28,32_|*MultipleSource*|*LoadInst*|security/selinux/hooks.c,1769|security/selinux/hooks.c,1769|security/selinux/hooks.c,1777}"
CE0x56c1760 "{CE0x56c1760|may_link:_tmp7|security/selinux/hooks.c,1777}"
CE0x56cd9e0 "{CE0x56cd9e0|may_link:_tmp7|security/selinux/hooks.c,1777|*SummSink*}"
CONST[source:0(mediator),value:2(dynamic)][purpose:{object}]


CONST[source:2(external),value:2(dynamic)][purpose:{subject}]  ->  CONST[source:0(mediator),value:2(dynamic)][purpose:{subject}]
-----------
CONST[source:2(external),value:2(dynamic)][purpose:{subject}]
CE0x56d88e0 "{CE0x56d88e0|COLLAPSED:_GCMRE_current_task_external_global_%struct.task_struct*:_elem_0::|security/selinux/hooks.c,218}"
CE0x56d2950 "{CE0x56d2950|current_sid:_tmp22|security/selinux/hooks.c,218}"
CE0x56d9680 "{CE0x56d9680|current_sid:_tmp23|security/selinux/hooks.c,218}"
CE0x56d9f40 "{CE0x56d9f40|current_sid:_sid|security/selinux/hooks.c,220}"
CE0x566ce10 "{CE0x566ce10|current_sid:_tmp24|security/selinux/hooks.c,220}"
CE0x561d8f0 "{CE0x561d8f0|_ret_i32_%tmp24,_!dbg_!27742|security/selinux/hooks.c,220}"
CE0x56384d0 "{CE0x56384d0|may_link:_call|security/selinux/hooks.c,1765}"
CE0x564c490 "{CE0x564c490|may_link:_call|security/selinux/hooks.c,1765|*SummSink*}"
CONST[source:0(mediator),value:2(dynamic)][purpose:{subject}]


