[apparmor_path_rmdir]

explicit:
CONST[source:2(external),value:2(dynamic)][purpose:{subject}]  ->  CONST[source:1(input),value:2(dynamic)][purpose:{subject}]
-----------
CONST[source:2(external),value:2(dynamic)][purpose:{subject}]
CE0x50665a0 "{CE0x50665a0|44:_i32,_48:_i16,_128:_i8*,_:_SCMRE_128,136_|*MultipleSource*|Function::aa_cred_profile&Arg::cred::|security/apparmor/include/context.h,99|security/apparmor/include/context.h,138}"
CE0x5022f20 "{CE0x5022f20|aa_cred_profile:_tmp4|*LoadInst*|security/apparmor/include/context.h,99}"
CE0x5022ce0 "{CE0x5022ce0|aa_cred_profile:_tmp5|security/apparmor/include/context.h,99}"
CE0x5054c00 "{CE0x5054c00|aa_cred_profile:_profile11|security/apparmor/include/context.h,101}"
CE0x50552d0 "{CE0x50552d0|aa_cred_profile:_tmp34|security/apparmor/include/context.h,101}"
CE0x5049d80 "{CE0x5049d80|_ret_%struct.aa_profile*_%tmp34,_!dbg_!15510|security/apparmor/include/context.h,101}"
CE0x50488d0 "{CE0x50488d0|__aa_current_profile:_call4|security/apparmor/include/context.h,138}"
CE0x4fb9f90 "{CE0x4fb9f90|_ret_%struct.aa_profile*_%call4,_!dbg_!15494|security/apparmor/include/context.h,138}"
CE0x4fc3990 "{CE0x4fc3990|common_perm:_call|security/apparmor/lsm.c,168}"
CE0x4efc720 "{CE0x4efc720|common_perm:_call|security/apparmor/lsm.c,168|*SummSink*}"
CONST[source:1(input),value:2(dynamic)][purpose:{subject}]


CONST[source:1(input),value:2(dynamic)][purpose:{object}]  ->  CONST[source:0(mediator),value:2(dynamic)][purpose:{object}]
-----------
CONST[source:1(input),value:2(dynamic)][purpose:{object}]
CE0x4f463e0 "{CE0x4f463e0|0:_i16,_4:_i32,_8:_i16,_40:_%struct.super_block*,_72:_i32,_:_SCMRE_392,400_|*MultipleSource*|security/apparmor/lsm.c,227|security/apparmor/lsm.c, 227|*LoadInst*|security/apparmor/lsm.c,226}"
CONST[source:0(mediator),value:2(dynamic)][purpose:{object}]



implicit:
CONST[source:2(external),value:2(dynamic)][purpose:{subject}]  ->  CONST[source:1(input),value:2(dynamic)][purpose:{subject}]
-----------
CONST[source:2(external),value:2(dynamic)][purpose:{subject}]
CE0x50665a0 "{CE0x50665a0|44:_i32,_48:_i16,_128:_i8*,_:_SCMRE_128,136_|*MultipleSource*|Function::aa_cred_profile&Arg::cred::|security/apparmor/include/context.h,99|security/apparmor/include/context.h,138}"
CE0x5022f20 "{CE0x5022f20|aa_cred_profile:_tmp4|*LoadInst*|security/apparmor/include/context.h,99}"
CE0x5022ce0 "{CE0x5022ce0|aa_cred_profile:_tmp5|security/apparmor/include/context.h,99}"
CE0x5054c00 "{CE0x5054c00|aa_cred_profile:_profile11|security/apparmor/include/context.h,101}"
CE0x50552d0 "{CE0x50552d0|aa_cred_profile:_tmp34|security/apparmor/include/context.h,101}"
CE0x5049d80 "{CE0x5049d80|_ret_%struct.aa_profile*_%tmp34,_!dbg_!15510|security/apparmor/include/context.h,101}"
CE0x50488d0 "{CE0x50488d0|__aa_current_profile:_call4|security/apparmor/include/context.h,138}"
CE0x4fb9f90 "{CE0x4fb9f90|_ret_%struct.aa_profile*_%call4,_!dbg_!15494|security/apparmor/include/context.h,138}"
CE0x4fc3990 "{CE0x4fc3990|common_perm:_call|security/apparmor/lsm.c,168}"
CE0x4efc720 "{CE0x4efc720|common_perm:_call|security/apparmor/lsm.c,168|*SummSink*}"
CONST[source:1(input),value:2(dynamic)][purpose:{subject}]


CONST[source:1(input),value:2(dynamic)][purpose:{object}]  ->  CONST[source:0(mediator),value:2(dynamic)][purpose:{object}]
-----------
CONST[source:1(input),value:2(dynamic)][purpose:{object}]
CE0x4f35fc0 "{CE0x4f35fc0|0:_i16,_4:_i32,_8:_i16,_40:_%struct.super_block*,_72:_i32,_:_SCMRE_610,611_}"
CONST[source:0(mediator),value:2(dynamic)][purpose:{object}]


