[selinux_socket_create]

explicit:
CONST[source:2(external),value:2(dynamic)][purpose:{subject}][SrcIdx:59]  ->  CONST[source:0(mediator),value:2(dynamic)][purpose:{subject}][SnkIdx:0]
-----------
CONST[source:2(external),value:2(dynamic)][purpose:{subject}][SrcIdx:59]
CE0x58e98b0 "{CE0x58e98b0|COLLAPSED:_GCMRE_current_task_external_global_%struct.task_struct*:_elem_0::|security/selinux/hooks.c,3982}"
CE0x58d1410 "{CE0x58d1410|selinux_socket_create:tmp20|security/selinux/hooks.c,3982}"
CE0x58e90c0 "{CE0x58e90c0|selinux_socket_create:tmp21|security/selinux/hooks.c,3982}"
CE0x591d370 "{CE0x591d370|selinux_socket_create:sid|security/selinux/hooks.c,3995}"
CE0x58cb480 "{CE0x58cb480|selinux_socket_create:tmp36|security/selinux/hooks.c,3995}"
CE0x58de9c0 "{CE0x58de9c0|selinux_socket_create:tmp36|security/selinux/hooks.c,3995|*SummSink*}"
CONST[source:0(mediator),value:2(dynamic)][purpose:{subject}][SnkIdx:0]


CONST[source:2(external),value:2(dynamic)][purpose:{subject}][SrcIdx:59]  ->  CONST[source:0(mediator),value:2(dynamic)][purpose:{object}][SnkIdx:1]
-----------
CONST[source:2(external),value:2(dynamic)][purpose:{subject}][SrcIdx:59]
CE0x58e98b0 "{CE0x58e98b0|COLLAPSED:_GCMRE_current_task_external_global_%struct.task_struct*:_elem_0::|security/selinux/hooks.c,3982}"
CE0x58d1410 "{CE0x58d1410|selinux_socket_create:tmp20|security/selinux/hooks.c,3982}"
CE0x58e90c0 "{CE0x58e90c0|selinux_socket_create:tmp21|security/selinux/hooks.c,3982}"
CE0x58e7b00 "{CE0x58e7b00|socket_sockcreate_sid:tsec|Function::socket_sockcreate_sid&Arg::tsec::}"
CE0x59b3730 "{CE0x59b3730|socket_sockcreate_sid:sockcreate_sid1|security/selinux/hooks.c,3954}"
CE0x59b4650 "{CE0x59b4650|socket_sockcreate_sid:tmp9|*LoadInst*|security/selinux/hooks.c,3954}"
CE0x58dd4a0 "{CE0x58dd4a0|0:_i32,_:_SCMRE:_elem_0:default:}"
CE0x58debe0 "{CE0x58debe0|selinux_socket_create:tmp37|security/selinux/hooks.c,3995}"
CE0x59390d0 "{CE0x59390d0|selinux_socket_create:tmp37|security/selinux/hooks.c,3995|*SummSink*}"
CONST[source:0(mediator),value:2(dynamic)][purpose:{object}][SnkIdx:1]



implicit:
CONST[source:2(external),value:2(dynamic)][purpose:{subject}][SrcIdx:59]  ->  CONST[source:0(mediator),value:2(dynamic)][purpose:{subject}][SnkIdx:0]
-----------
CONST[source:2(external),value:2(dynamic)][purpose:{subject}][SrcIdx:59]
CE0x58d7100 "{CE0x58d7100|COLLAPSED:_CMRE:_elem_0::|security/selinux/hooks.c,3982}"
CE0x58d1410 "{CE0x58d1410|selinux_socket_create:tmp20|security/selinux/hooks.c,3982}"
CE0x58e90c0 "{CE0x58e90c0|selinux_socket_create:tmp21|security/selinux/hooks.c,3982}"
CE0x591d370 "{CE0x591d370|selinux_socket_create:sid|security/selinux/hooks.c,3995}"
CE0x58cb480 "{CE0x58cb480|selinux_socket_create:tmp36|security/selinux/hooks.c,3995}"
CE0x58de9c0 "{CE0x58de9c0|selinux_socket_create:tmp36|security/selinux/hooks.c,3995|*SummSink*}"
CONST[source:0(mediator),value:2(dynamic)][purpose:{subject}][SnkIdx:0]


CONST[source:2(external),value:2(dynamic)][purpose:{subject}][SrcIdx:59]  ->  CONST[source:0(mediator),value:2(dynamic)][purpose:{object}][SnkIdx:1]
-----------
CONST[source:2(external),value:2(dynamic)][purpose:{subject}][SrcIdx:59]
CE0x58d7100 "{CE0x58d7100|COLLAPSED:_CMRE:_elem_0::|security/selinux/hooks.c,3982}"
CE0x58d1410 "{CE0x58d1410|selinux_socket_create:tmp20|security/selinux/hooks.c,3982}"
CE0x58e90c0 "{CE0x58e90c0|selinux_socket_create:tmp21|security/selinux/hooks.c,3982}"
CE0x58e7b00 "{CE0x58e7b00|socket_sockcreate_sid:tsec|Function::socket_sockcreate_sid&Arg::tsec::}"
CE0x59b3730 "{CE0x59b3730|socket_sockcreate_sid:sockcreate_sid1|security/selinux/hooks.c,3954}"
CE0x59b4650 "{CE0x59b4650|socket_sockcreate_sid:tmp9|*LoadInst*|security/selinux/hooks.c,3954}"
CE0x58dd4a0 "{CE0x58dd4a0|0:_i32,_:_SCMRE:_elem_0:default:}"
CE0x58debe0 "{CE0x58debe0|selinux_socket_create:tmp37|security/selinux/hooks.c,3995}"
CE0x59390d0 "{CE0x59390d0|selinux_socket_create:tmp37|security/selinux/hooks.c,3995|*SummSink*}"
CONST[source:0(mediator),value:2(dynamic)][purpose:{object}][SnkIdx:1]


CONST[source:0(mediator),value:2(dynamic)][purpose:{object}][SrcIdx:61]  ->  CONST[source:0(mediator),value:2(dynamic)][purpose:{subject}][SnkIdx:0]
-----------
CONST[source:0(mediator),value:2(dynamic)][purpose:{object}][SrcIdx:61]
CE0x58cb320 "{CE0x58cb320|0:_i32,_4:_i32,_8:_i32,_12:_i32,_20:_i32,_:_CMRE_20,24_|*MultipleSource*|security/selinux/hooks.c,3982|security/selinux/hooks.c,3982|security/selinux/hooks.c,3995|Function::socket_sockcreate_sid&Arg::tsec::}"
CE0x59b4650 "{CE0x59b4650|socket_sockcreate_sid:tmp9|*LoadInst*|security/selinux/hooks.c,3954}"
CE0x58dd4a0 "{CE0x58dd4a0|0:_i32,_:_SCMRE:_elem_0:default:}"
CE0x59bde30 "{CE0x59bde30|socket_sockcreate_sid:call|security/selinux/hooks.c,3958}"
CE0x59bd220 "{CE0x59bd220|socket_sockcreate_sid:retval.0}"
CE0x590a040 "{CE0x590a040|_ret_i32_%retval.0,_!dbg_!27728|security/selinux/hooks.c,3960}"
CE0x58e08b0 "{CE0x58e08b0|selinux_socket_create:call12|security/selinux/hooks.c,3991}"
CE0x58bd800 "{CE0x58bd800|selinux_socket_create:tobool13|security/selinux/hooks.c,3992}"
CE0x58be4f0 "{CE0x58be4f0|selinux_socket_create:if.end15}"
CE0x58cb480 "{CE0x58cb480|selinux_socket_create:tmp36|security/selinux/hooks.c,3995}"
CE0x58de9c0 "{CE0x58de9c0|selinux_socket_create:tmp36|security/selinux/hooks.c,3995|*SummSink*}"
CONST[source:0(mediator),value:2(dynamic)][purpose:{subject}][SnkIdx:0]


CONST[source:0(mediator),value:2(dynamic)][purpose:{subject}][SrcIdx:60]  ->  CONST[source:0(mediator),value:2(dynamic)][purpose:{object}][SnkIdx:1]
-----------
CONST[source:0(mediator),value:2(dynamic)][purpose:{subject}][SrcIdx:60]
CE0x58dd320 "{CE0x58dd320|0:_i32,_4:_i32,_8:_i32,_12:_i32,_20:_i32,_:_CMRE_4,8_|*MultipleSource*|security/selinux/hooks.c,3982|security/selinux/hooks.c,3982|security/selinux/hooks.c,3995|Function::socket_sockcreate_sid&Arg::tsec::}"
CE0x58e2a00 "{CE0x58e2a00|socket_sockcreate_sid:tmp12|*LoadInst*|security/selinux/hooks.c,3958}"
CE0x59bde30 "{CE0x59bde30|socket_sockcreate_sid:call|security/selinux/hooks.c,3958}"
CE0x59bd220 "{CE0x59bd220|socket_sockcreate_sid:retval.0}"
CE0x590a040 "{CE0x590a040|_ret_i32_%retval.0,_!dbg_!27728|security/selinux/hooks.c,3960}"
CE0x58e08b0 "{CE0x58e08b0|selinux_socket_create:call12|security/selinux/hooks.c,3991}"
CE0x58bd800 "{CE0x58bd800|selinux_socket_create:tobool13|security/selinux/hooks.c,3992}"
CE0x58be4f0 "{CE0x58be4f0|selinux_socket_create:if.end15}"
CE0x58debe0 "{CE0x58debe0|selinux_socket_create:tmp37|security/selinux/hooks.c,3995}"
CE0x59390d0 "{CE0x59390d0|selinux_socket_create:tmp37|security/selinux/hooks.c,3995|*SummSink*}"
CONST[source:0(mediator),value:2(dynamic)][purpose:{object}][SnkIdx:1]


