[selinux_msg_queue_msgsnd]

explicit:
CONST[source:2(external),value:2(dynamic)][purpose:{subject}]  ->  CONST[source:0(mediator),value:2(dynamic)][purpose:{subject}]

-----------
CONST[source:2(external),value:2(dynamic)][purpose:{subject}]
CE0x9cf7d50 "{CE0x9cf7d50|VOIDTB_TE:_IE:_elem_0:default:}"
CE0x9d17610 "{CE0x9d17610|tmp35}"
CE0x9d60af0 "{CE0x9d60af0|tmp35}"
CONST[source:0(mediator),value:2(dynamic)][purpose:{subject}]



CONST[source:2(external),value:2(dynamic)][purpose:{subject}]  ->  CONST[source:0(mediator),value:2(dynamic)][purpose:{object}]

-----------
CONST[source:2(external),value:2(dynamic)][purpose:{subject}]
CE0x9cf7d50 "{CE0x9cf7d50|VOIDTB_TE:_IE:_elem_0:default:}"
CE0x9d60d40 "{CE0x9d60d40|tmp36}"
CE0x9d61000 "{CE0x9d61000|tmp36}"
CONST[source:0(mediator),value:2(dynamic)][purpose:{object}]



CONST[source:1(input),value:2(dynamic)][purpose:{object}]  ->  CONST[source:0(mediator),value:2(dynamic)][purpose:{subject}]

-----------
CONST[source:1(input),value:2(dynamic)][purpose:{object}]
CE0x9cf7d50 "{CE0x9cf7d50|VOIDTB_TE:_IE:_elem_0:default:}"
CE0x9d17610 "{CE0x9d17610|tmp35}"
CE0x9d60af0 "{CE0x9d60af0|tmp35}"
CONST[source:0(mediator),value:2(dynamic)][purpose:{subject}]



CONST[source:1(input),value:2(dynamic)][purpose:{object}]  ->  CONST[source:0(mediator),value:2(dynamic)][purpose:{object}]

-----------
CONST[source:1(input),value:2(dynamic)][purpose:{object}]
CE0x9cf7d50 "{CE0x9cf7d50|VOIDTB_TE:_IE:_elem_0:default:}"
CE0x9d60d40 "{CE0x9d60d40|tmp36}"
CE0x9d61000 "{CE0x9d61000|tmp36}"
CONST[source:0(mediator),value:2(dynamic)][purpose:{object}]



CONST[source:0(mediator),value:2(dynamic)][purpose:{subject}]  ->  CONST[source:0(mediator),value:2(dynamic)][purpose:{object}]

-----------
CONST[source:0(mediator),value:2(dynamic)][purpose:{subject}]
CE0x9d03a10 "{CE0x9d03a10|call}"
CE0x9d03a80 "{CE0x9d03a80|call}"
CE0x9cf7d50 "{CE0x9cf7d50|VOIDTB_TE:_IE:_elem_0:default:}"
CE0x9d60d40 "{CE0x9d60d40|tmp36}"
CE0x9d61000 "{CE0x9d61000|tmp36}"
CONST[source:0(mediator),value:2(dynamic)][purpose:{object}]




implicit:
CONST[source:1(input),value:2(dynamic)][purpose:{object}]  ->  CONST[source:0(mediator),value:2(dynamic)][purpose:{object}]

-----------
CONST[source:1(input),value:2(dynamic)][purpose:{object}]
CE0x9cf7d50 "{CE0x9cf7d50|VOIDTB_TE:_IE:_elem_0:default:}"
CE0x9d1cb50 "{CE0x9d1cb50|tmp21}"
CE0x9d1ce10 "{CE0x9d1ce10|tmp21}"
CONST[source:0(mediator),value:2(dynamic)][purpose:{object}]



CONST[source:1(input),value:2(dynamic)][purpose:{object}]  ->  CONST[source:0(mediator),value:2(dynamic)][purpose:{subject}]

-----------
CONST[source:1(input),value:2(dynamic)][purpose:{object}]
CE0x9cf7d50 "{CE0x9cf7d50|VOIDTB_TE:_IE:_elem_0:default:}"
CE0x9d17610 "{CE0x9d17610|tmp35}"
CE0x9d60af0 "{CE0x9d60af0|tmp35}"
CONST[source:0(mediator),value:2(dynamic)][purpose:{subject}]



CONST[source:0(mediator),value:2(dynamic)][purpose:{subject}]  ->  CONST[source:0(mediator),value:2(dynamic)][purpose:{object}]

-----------
CONST[source:0(mediator),value:2(dynamic)][purpose:{subject}]
CE0x9d03a10 "{CE0x9d03a10|call}"
CE0x9d03a80 "{CE0x9d03a80|call}"
CE0x9cf7d50 "{CE0x9cf7d50|VOIDTB_TE:_IE:_elem_0:default:}"
CE0x9d1cb50 "{CE0x9d1cb50|tmp21}"
CE0x9d1ce10 "{CE0x9d1ce10|tmp21}"
CONST[source:0(mediator),value:2(dynamic)][purpose:{object}]



CONST[source:2(external),value:2(dynamic)][purpose:{subject}]  ->  CONST[source:0(mediator),value:2(dynamic)][purpose:{object}]

-----------
CONST[source:2(external),value:2(dynamic)][purpose:{subject}]
CE0x9cf7d50 "{CE0x9cf7d50|VOIDTB_TE:_IE:_elem_0:default:}"
CE0x9d1cb50 "{CE0x9d1cb50|tmp21}"
CE0x9d1ce10 "{CE0x9d1ce10|tmp21}"
CONST[source:0(mediator),value:2(dynamic)][purpose:{object}]



CONST[source:2(external),value:2(dynamic)][purpose:{subject}]  ->  CONST[source:0(mediator),value:2(dynamic)][purpose:{subject}]

-----------
CONST[source:2(external),value:2(dynamic)][purpose:{subject}]
CE0x9cf7d50 "{CE0x9cf7d50|VOIDTB_TE:_IE:_elem_0:default:}"
CE0x9d17610 "{CE0x9d17610|tmp35}"
CE0x9d60af0 "{CE0x9d60af0|tmp35}"
CONST[source:0(mediator),value:2(dynamic)][purpose:{subject}]



