[selinux_mmap_addr]

explicit:
CONST[source:2(external),value:2(dynamic)][purpose:{subject}][SrcIdx:4]  ->  CONST[source:0(mediator),value:2(dynamic)][purpose:{object}][SnkIdx:1]
-----------
CONST[source:2(external),value:2(dynamic)][purpose:{subject}][SrcIdx:4]
CE0x8ffcd50 "{CE0x8ffcd50|VOIDTB_TE:_IE:_elem_0:default:}"
CE0x8ffdbd0 "{CE0x8ffdbd0|tmp24}"
CE0x8ffbf90 "{CE0x8ffbf90|_ret_i32_%tmp24,_!dbg_!27742}"
CE0x9013b30 "{CE0x9013b30|call2}"
CE0x9002740 "{CE0x9002740|call2}"
CONST[source:0(mediator),value:2(dynamic)][purpose:{object}][SnkIdx:1]


CONST[source:2(external),value:2(dynamic)][purpose:{subject}][SrcIdx:4]  ->  CONST[source:0(mediator),value:2(dynamic)][purpose:{subject}][SnkIdx:0]
-----------
CONST[source:2(external),value:2(dynamic)][purpose:{subject}][SrcIdx:4]
CE0x8ffcd50 "{CE0x8ffcd50|VOIDTB_TE:_IE:_elem_0:default:}"
CE0x8ffdbd0 "{CE0x8ffdbd0|tmp24}"
CE0x8ffbf90 "{CE0x8ffbf90|_ret_i32_%tmp24,_!dbg_!27742}"
CE0x9013b30 "{CE0x9013b30|call2}"
CE0x9002740 "{CE0x9002740|call2}"
CONST[source:0(mediator),value:2(dynamic)][purpose:{subject}][SnkIdx:0]


CONST[source:0(mediator),value:2(dynamic)][purpose:{subject}][SrcIdx:5]  ->  CONST[source:0(mediator),value:2(dynamic)][purpose:{object}][SnkIdx:1]
-----------
CONST[source:0(mediator),value:2(dynamic)][purpose:{subject}][SrcIdx:5]
CE0x90026d0 "{CE0x90026d0|call2}"
CE0x9013b30 "{CE0x9013b30|call2}"
CE0x9002740 "{CE0x9002740|call2}"
CONST[source:0(mediator),value:2(dynamic)][purpose:{object}][SnkIdx:1]



implicit:
CONST[source:0(mediator),value:2(dynamic)][purpose:{subject}][SrcIdx:5]  ->  CONST[source:0(mediator),value:2(dynamic)][purpose:{object}][SnkIdx:1]
-----------
CONST[source:0(mediator),value:2(dynamic)][purpose:{subject}][SrcIdx:5]
CE0x90026d0 "{CE0x90026d0|call2}"
CE0x9013b30 "{CE0x9013b30|call2}"
CE0x9002740 "{CE0x9002740|call2}"
CONST[source:0(mediator),value:2(dynamic)][purpose:{object}][SnkIdx:1]


CONST[source:2(external),value:2(dynamic)][purpose:{subject}][SrcIdx:4]  ->  CONST[source:0(mediator),value:2(dynamic)][purpose:{subject}][SnkIdx:0]
-----------
CONST[source:2(external),value:2(dynamic)][purpose:{subject}][SrcIdx:4]
CE0x8ffcd50 "{CE0x8ffcd50|VOIDTB_TE:_IE:_elem_0:default:}"
CE0x8ffdbd0 "{CE0x8ffdbd0|tmp24}"
CE0x8ffbf90 "{CE0x8ffbf90|_ret_i32_%tmp24,_!dbg_!27742}"
CE0x9013b30 "{CE0x9013b30|call2}"
CE0x9002740 "{CE0x9002740|call2}"
CONST[source:0(mediator),value:2(dynamic)][purpose:{subject}][SnkIdx:0]


CONST[source:2(external),value:2(dynamic)][purpose:{subject}][SrcIdx:4]  ->  CONST[source:0(mediator),value:2(dynamic)][purpose:{object}][SnkIdx:1]
-----------
CONST[source:2(external),value:2(dynamic)][purpose:{subject}][SrcIdx:4]
CE0x8ffcd50 "{CE0x8ffcd50|VOIDTB_TE:_IE:_elem_0:default:}"
CE0x8ffdbd0 "{CE0x8ffdbd0|tmp24}"
CE0x8ffbf90 "{CE0x8ffbf90|_ret_i32_%tmp24,_!dbg_!27742}"
CE0x9013b30 "{CE0x9013b30|call2}"
CE0x9002740 "{CE0x9002740|call2}"
CONST[source:0(mediator),value:2(dynamic)][purpose:{object}][SnkIdx:1]


