[selinux_socket_create]

explicit:
CONST[source:0(mediator),value:2(dynamic)][purpose:{subject}]  ->  CONST[source:0(mediator),value:2(dynamic)][purpose:{object}]
-----------
CONST[source:0(mediator),value:2(dynamic)][purpose:{subject}]
CE0x45339d0 "{CE0x45339d0|0:_i32,_4:_i32,_8:_i32,_12:_i32,_20:_i32,_:_CMRE_20,24_|*MultipleSource*|security/selinux/hooks.c,3982|security/selinux/hooks.c,3982|security/selinux/hooks.c,3995|Function::socket_sockcreate_sid&Arg::tsec::}"
CE0x45c1e30 "{CE0x45c1e30|socket_sockcreate_sid:_tmp9|*LoadInst*|security/selinux/hooks.c,3954}"
CE0x4569ce0 "{CE0x4569ce0|0:_i32,_:_SCMRE:_elem_0:default:}"
CE0x4569e10 "{CE0x4569e10|selinux_socket_create:_tmp37|security/selinux/hooks.c,3995}"
CE0x456a040 "{CE0x456a040|selinux_socket_create:_tmp37|security/selinux/hooks.c,3995|*SummSink*}"
CONST[source:0(mediator),value:2(dynamic)][purpose:{object}]


CONST[source:2(external),value:2(dynamic)][purpose:{subject}]  ->  CONST[source:1(input),value:2(dynamic)][purpose:{subject}]
-----------
CONST[source:2(external),value:2(dynamic)][purpose:{subject}]
CE0x45340a0 "{CE0x45340a0|COLLAPSED:_GCMRE_current_task_external_global_%struct.task_struct*:_elem_0::|security/selinux/hooks.c,3982}"
CE0x4518d40 "{CE0x4518d40|selinux_socket_create:_tmp20|security/selinux/hooks.c,3982}"
CE0x4530d60 "{CE0x4530d60|selinux_socket_create:_tmp21|security/selinux/hooks.c,3982}"
CE0x455bc30 "{CE0x455bc30|selinux_socket_create:_sid|security/selinux/hooks.c,3995}"
CE0x4533b30 "{CE0x4533b30|selinux_socket_create:_tmp36|security/selinux/hooks.c,3995}"
CE0x4533ed0 "{CE0x4533ed0|selinux_socket_create:_tmp36|security/selinux/hooks.c,3995|*SummSink*}"
CONST[source:1(input),value:2(dynamic)][purpose:{subject}]


CONST[source:2(external),value:2(dynamic)][purpose:{subject}]  ->  CONST[source:0(mediator),value:2(dynamic)][purpose:{object}]
-----------
CONST[source:2(external),value:2(dynamic)][purpose:{subject}]
CE0x45340a0 "{CE0x45340a0|COLLAPSED:_GCMRE_current_task_external_global_%struct.task_struct*:_elem_0::|security/selinux/hooks.c,3982}"
CE0x4518d40 "{CE0x4518d40|selinux_socket_create:_tmp20|security/selinux/hooks.c,3982}"
CE0x4530d60 "{CE0x4530d60|selinux_socket_create:_tmp21|security/selinux/hooks.c,3982}"
CE0x452daa0 "{CE0x452daa0|socket_sockcreate_sid:_tsec|Function::socket_sockcreate_sid&Arg::tsec::}"
CE0x45a91f0 "{CE0x45a91f0|socket_sockcreate_sid:_sockcreate_sid1|security/selinux/hooks.c,3954}"
CE0x45c1e30 "{CE0x45c1e30|socket_sockcreate_sid:_tmp9|*LoadInst*|security/selinux/hooks.c,3954}"
CE0x4569ce0 "{CE0x4569ce0|0:_i32,_:_SCMRE:_elem_0:default:}"
CE0x4569e10 "{CE0x4569e10|selinux_socket_create:_tmp37|security/selinux/hooks.c,3995}"
CE0x456a040 "{CE0x456a040|selinux_socket_create:_tmp37|security/selinux/hooks.c,3995|*SummSink*}"
CONST[source:0(mediator),value:2(dynamic)][purpose:{object}]



implicit:
CONST[source:2(external),value:2(dynamic)][purpose:{subject}]  ->  CONST[source:0(mediator),value:2(dynamic)][purpose:{object}]
-----------
CONST[source:2(external),value:2(dynamic)][purpose:{subject}]
CE0x4518af0 "{CE0x4518af0|COLLAPSED:_CMRE:_elem_0::|security/selinux/hooks.c,3982}"
CE0x4518d40 "{CE0x4518d40|selinux_socket_create:_tmp20|security/selinux/hooks.c,3982}"
CE0x4530d60 "{CE0x4530d60|selinux_socket_create:_tmp21|security/selinux/hooks.c,3982}"
CE0x452daa0 "{CE0x452daa0|socket_sockcreate_sid:_tsec|Function::socket_sockcreate_sid&Arg::tsec::}"
CE0x45a91f0 "{CE0x45a91f0|socket_sockcreate_sid:_sockcreate_sid1|security/selinux/hooks.c,3954}"
CE0x45c1e30 "{CE0x45c1e30|socket_sockcreate_sid:_tmp9|*LoadInst*|security/selinux/hooks.c,3954}"
CE0x4569ce0 "{CE0x4569ce0|0:_i32,_:_SCMRE:_elem_0:default:}"
CE0x4569e10 "{CE0x4569e10|selinux_socket_create:_tmp37|security/selinux/hooks.c,3995}"
CE0x456a040 "{CE0x456a040|selinux_socket_create:_tmp37|security/selinux/hooks.c,3995|*SummSink*}"
CONST[source:0(mediator),value:2(dynamic)][purpose:{object}]


CONST[source:2(external),value:2(dynamic)][purpose:{subject}]  ->  CONST[source:1(input),value:2(dynamic)][purpose:{subject}]
-----------
CONST[source:2(external),value:2(dynamic)][purpose:{subject}]
CE0x4518af0 "{CE0x4518af0|COLLAPSED:_CMRE:_elem_0::|security/selinux/hooks.c,3982}"
CE0x4518d40 "{CE0x4518d40|selinux_socket_create:_tmp20|security/selinux/hooks.c,3982}"
CE0x4530d60 "{CE0x4530d60|selinux_socket_create:_tmp21|security/selinux/hooks.c,3982}"
CE0x455bc30 "{CE0x455bc30|selinux_socket_create:_sid|security/selinux/hooks.c,3995}"
CE0x4533b30 "{CE0x4533b30|selinux_socket_create:_tmp36|security/selinux/hooks.c,3995}"
CE0x4533ed0 "{CE0x4533ed0|selinux_socket_create:_tmp36|security/selinux/hooks.c,3995|*SummSink*}"
CONST[source:1(input),value:2(dynamic)][purpose:{subject}]


CONST[source:0(mediator),value:2(dynamic)][purpose:{subject}]  ->  CONST[source:0(mediator),value:2(dynamic)][purpose:{object}]
-----------
CONST[source:0(mediator),value:2(dynamic)][purpose:{subject}]
CE0x45339d0 "{CE0x45339d0|0:_i32,_4:_i32,_8:_i32,_12:_i32,_20:_i32,_:_CMRE_20,24_|*MultipleSource*|security/selinux/hooks.c,3982|security/selinux/hooks.c,3982|security/selinux/hooks.c,3995|Function::socket_sockcreate_sid&Arg::tsec::}"
CE0x45c1e30 "{CE0x45c1e30|socket_sockcreate_sid:_tmp9|*LoadInst*|security/selinux/hooks.c,3954}"
CE0x4569ce0 "{CE0x4569ce0|0:_i32,_:_SCMRE:_elem_0:default:}"
CE0x4569e10 "{CE0x4569e10|selinux_socket_create:_tmp37|security/selinux/hooks.c,3995}"
CE0x456a040 "{CE0x456a040|selinux_socket_create:_tmp37|security/selinux/hooks.c,3995|*SummSink*}"
CONST[source:0(mediator),value:2(dynamic)][purpose:{object}]


