[selinux_shm_shmat]

explicit:
CONST[source:2(external),value:2(dynamic)][purpose:{subject}][SrcIdx:4]  ->  CONST[source:0(mediator),value:2(dynamic)][purpose:{subject}]
-----------
CONST[source:2(external),value:2(dynamic)][purpose:{subject}][SrcIdx:4]
CE0x51da2a0 "{CE0x51da2a0|COLLAPSED:_CMRE:_elem_0::|security/selinux/hooks.c,218}"
CE0x51da840 "{CE0x51da840|current_sid:tmp22|security/selinux/hooks.c,218}"
CE0x51dab30 "{CE0x51dab30|current_sid:tmp23|security/selinux/hooks.c,218}"
CE0x51db590 "{CE0x51db590|current_sid:sid|security/selinux/hooks.c,220}"
CE0x51dc500 "{CE0x51dc500|current_sid:tmp24|security/selinux/hooks.c,220}"
CE0x519f5c0 "{CE0x519f5c0|_ret_i32_%tmp24,_!dbg_!27742|security/selinux/hooks.c,220}"
CE0x51aced0 "{CE0x51aced0|ipc_has_perm:call|security/selinux/hooks.c,5129}"
CE0x5180750 "{CE0x5180750|ipc_has_perm:call|security/selinux/hooks.c,5129|*SummSink*}"
CONST[source:0(mediator),value:2(dynamic)][purpose:{subject}]


CONST[source:1(input),value:2(dynamic)][purpose:{object}][SrcIdx:1]  ->  CONST[source:0(mediator),value:2(dynamic)][purpose:{object}]
-----------
CONST[source:1(input),value:2(dynamic)][purpose:{object}][SrcIdx:1]
CE0x51d26e0 "{CE0x51d26e0|0:_i16,_4:_i32,_:_CRE_4,8_|*MultipleSource*|*LoadInst*|security/selinux/hooks.c,5131|security/selinux/hooks.c,5131|security/selinux/hooks.c,5136}"
CE0x51d2860 "{CE0x51d2860|ipc_has_perm:tmp7|security/selinux/hooks.c,5136}"
CE0x51d2ee0 "{CE0x51d2ee0|ipc_has_perm:tmp7|security/selinux/hooks.c,5136|*SummSink*}"
CONST[source:0(mediator),value:2(dynamic)][purpose:{object}]



implicit:
CONST[source:1(input),value:2(dynamic)][purpose:{object}][SrcIdx:1]  ->  CONST[source:0(mediator),value:2(dynamic)][purpose:{object}]
-----------
CONST[source:1(input),value:2(dynamic)][purpose:{object}][SrcIdx:1]
CE0x51d26e0 "{CE0x51d26e0|0:_i16,_4:_i32,_:_CRE_4,8_|*MultipleSource*|*LoadInst*|security/selinux/hooks.c,5131|security/selinux/hooks.c,5131|security/selinux/hooks.c,5136}"
CE0x51d2860 "{CE0x51d2860|ipc_has_perm:tmp7|security/selinux/hooks.c,5136}"
CE0x51d2ee0 "{CE0x51d2ee0|ipc_has_perm:tmp7|security/selinux/hooks.c,5136|*SummSink*}"
CONST[source:0(mediator),value:2(dynamic)][purpose:{object}]


CONST[source:2(external),value:2(dynamic)][purpose:{subject}][SrcIdx:4]  ->  CONST[source:0(mediator),value:2(dynamic)][purpose:{subject}]
-----------
CONST[source:2(external),value:2(dynamic)][purpose:{subject}][SrcIdx:4]
CE0x51da2a0 "{CE0x51da2a0|COLLAPSED:_CMRE:_elem_0::|security/selinux/hooks.c,218}"
CE0x51da840 "{CE0x51da840|current_sid:tmp22|security/selinux/hooks.c,218}"
CE0x51dab30 "{CE0x51dab30|current_sid:tmp23|security/selinux/hooks.c,218}"
CE0x51db590 "{CE0x51db590|current_sid:sid|security/selinux/hooks.c,220}"
CE0x51dc500 "{CE0x51dc500|current_sid:tmp24|security/selinux/hooks.c,220}"
CE0x519f5c0 "{CE0x519f5c0|_ret_i32_%tmp24,_!dbg_!27742|security/selinux/hooks.c,220}"
CE0x51aced0 "{CE0x51aced0|ipc_has_perm:call|security/selinux/hooks.c,5129}"
CE0x5180750 "{CE0x5180750|ipc_has_perm:call|security/selinux/hooks.c,5129|*SummSink*}"
CONST[source:0(mediator),value:2(dynamic)][purpose:{subject}]


