[selinux_sem_alloc_security]

explicit:
CONST[source:2(external),value:0(static)][purpose:{operation}][SrcIdx:12]  ->  CONST[source:0(mediator),value:2(dynamic)][purpose:{object}][SnkIdx:1]
-----------
CONST[source:2(external),value:0(static)][purpose:{operation}][SrcIdx:12]
CE0x51630c0 "{CE0x51630c0|i32_32768|*Constant*}"
CE0x5125d30 "{CE0x5125d30|kzalloc:or|include/linux/slab.h,578}"
CE0x5122d60 "{CE0x5122d60|kmalloc:flags|Function::kmalloc&Arg::flags::}"
CE0x510c020 "{CE0x510c020|0:_i16,_4:_i32,_:_CMRE_4,8_|*MultipleSource*|security/selinux/hooks.c,5394|security/selinux/hooks.c,5394|security/selinux/hooks.c,5399}"
CE0x510c1e0 "{CE0x510c1e0|selinux_sem_alloc_security:tmp11|security/selinux/hooks.c,5399}"
CE0x510e1b0 "{CE0x510e1b0|selinux_sem_alloc_security:tmp11|security/selinux/hooks.c,5399|*SummSink*}"
CONST[source:0(mediator),value:2(dynamic)][purpose:{object}][SnkIdx:1]


CONST[source:1(input),value:2(dynamic)][purpose:{object}][SrcIdx:13]  ->  CONST[source:0(mediator),value:2(dynamic)][purpose:{object}][SnkIdx:1]
-----------
CONST[source:1(input),value:2(dynamic)][purpose:{object}][SrcIdx:13]
CE0x510c020 "{CE0x510c020|0:_i16,_4:_i32,_:_CMRE_4,8_|*MultipleSource*|security/selinux/hooks.c,5394|security/selinux/hooks.c,5394|security/selinux/hooks.c,5399}"
CE0x510c1e0 "{CE0x510c1e0|selinux_sem_alloc_security:tmp11|security/selinux/hooks.c,5399}"
CE0x510e1b0 "{CE0x510e1b0|selinux_sem_alloc_security:tmp11|security/selinux/hooks.c,5399|*SummSink*}"
CONST[source:0(mediator),value:2(dynamic)][purpose:{object}][SnkIdx:1]


CONST[source:2(external),value:2(dynamic)][purpose:{subject}][SrcIdx:14]  ->  CONST[source:0(mediator),value:2(dynamic)][purpose:{subject}][SnkIdx:0]
-----------
CONST[source:2(external),value:2(dynamic)][purpose:{subject}][SrcIdx:14]
CE0x5139740 "{CE0x5139740|COLLAPSED:_GCMRE_current_task_external_global_%struct.task_struct*:_elem_0::|security/selinux/hooks.c,218}"
CE0x513ac20 "{CE0x513ac20|current_sid:tmp22|security/selinux/hooks.c,218}"
CE0x513af10 "{CE0x513af10|current_sid:tmp23|security/selinux/hooks.c,218}"
CE0x513b8e0 "{CE0x513b8e0|current_sid:sid|security/selinux/hooks.c,220}"
CE0x513c710 "{CE0x513c710|current_sid:tmp24|security/selinux/hooks.c,220}"
CE0x50c5430 "{CE0x50c5430|_ret_i32_%tmp24,_!dbg_!27742|security/selinux/hooks.c,220}"
CE0x50e39c0 "{CE0x50e39c0|selinux_sem_alloc_security:call|security/selinux/hooks.c,5387}"
CE0x50b66d0 "{CE0x50b66d0|selinux_sem_alloc_security:call|security/selinux/hooks.c,5387|*SummSink*}"
CONST[source:0(mediator),value:2(dynamic)][purpose:{subject}][SnkIdx:0]


CONST[source:2(external),value:2(dynamic)][purpose:{subject}][SrcIdx:14]  ->  CONST[source:0(mediator),value:2(dynamic)][purpose:{object}][SnkIdx:1]
-----------
CONST[source:2(external),value:2(dynamic)][purpose:{subject}][SrcIdx:14]
CE0x5139740 "{CE0x5139740|COLLAPSED:_GCMRE_current_task_external_global_%struct.task_struct*:_elem_0::|security/selinux/hooks.c,218}"
CE0x5176850 "{CE0x5176850|task_sid:tmp4|*LoadInst*|security/selinux/hooks.c,208}"
CE0x51923c0 "{CE0x51923c0|cred_sid:cred|Function::cred_sid&Arg::cred::}"
CE0x5184d10 "{CE0x5184d10|cred_sid:security|security/selinux/hooks.c,196}"
CE0x517c7e0 "{CE0x517c7e0|cred_sid:tmp4|*LoadInst*|security/selinux/hooks.c,196}"
CE0x51491d0 "{CE0x51491d0|cred_sid:tmp5|security/selinux/hooks.c,196}"
CE0x5188150 "{CE0x5188150|cred_sid:sid|security/selinux/hooks.c,197}"
CE0x5188340 "{CE0x5188340|cred_sid:tmp6|security/selinux/hooks.c,197}"
CE0x5192720 "{CE0x5192720|_ret_i32_%tmp6,_!dbg_!27716|security/selinux/hooks.c,197}"
CE0x5191060 "{CE0x5191060|task_sid:call7|security/selinux/hooks.c,208}"
CE0x5132090 "{CE0x5132090|_ret_i32_%call7,_!dbg_!27749|security/selinux/hooks.c,210}"
CE0x5146b70 "{CE0x5146b70|ipc_alloc_security:call1|security/selinux/hooks.c,5087}"
CE0x510c020 "{CE0x510c020|0:_i16,_4:_i32,_:_CMRE_4,8_|*MultipleSource*|security/selinux/hooks.c,5394|security/selinux/hooks.c,5394|security/selinux/hooks.c,5399}"
CE0x510c1e0 "{CE0x510c1e0|selinux_sem_alloc_security:tmp11|security/selinux/hooks.c,5399}"
CE0x510e1b0 "{CE0x510e1b0|selinux_sem_alloc_security:tmp11|security/selinux/hooks.c,5399|*SummSink*}"
CONST[source:0(mediator),value:2(dynamic)][purpose:{object}][SnkIdx:1]



implicit:
CONST[source:2(external),value:2(dynamic)][purpose:{subject}][SrcIdx:14]  ->  CONST[source:0(mediator),value:2(dynamic)][purpose:{object}][SnkIdx:1]
-----------
CONST[source:2(external),value:2(dynamic)][purpose:{subject}][SrcIdx:14]
CE0x5139740 "{CE0x5139740|COLLAPSED:_GCMRE_current_task_external_global_%struct.task_struct*:_elem_0::|security/selinux/hooks.c,218}"
CE0x5176850 "{CE0x5176850|task_sid:tmp4|*LoadInst*|security/selinux/hooks.c,208}"
CE0x51923c0 "{CE0x51923c0|cred_sid:cred|Function::cred_sid&Arg::cred::}"
CE0x5184d10 "{CE0x5184d10|cred_sid:security|security/selinux/hooks.c,196}"
CE0x517c7e0 "{CE0x517c7e0|cred_sid:tmp4|*LoadInst*|security/selinux/hooks.c,196}"
CE0x51491d0 "{CE0x51491d0|cred_sid:tmp5|security/selinux/hooks.c,196}"
CE0x5188150 "{CE0x5188150|cred_sid:sid|security/selinux/hooks.c,197}"
CE0x5188340 "{CE0x5188340|cred_sid:tmp6|security/selinux/hooks.c,197}"
CE0x5192720 "{CE0x5192720|_ret_i32_%tmp6,_!dbg_!27716|security/selinux/hooks.c,197}"
CE0x5191060 "{CE0x5191060|task_sid:call7|security/selinux/hooks.c,208}"
CE0x5132090 "{CE0x5132090|_ret_i32_%call7,_!dbg_!27749|security/selinux/hooks.c,210}"
CE0x5146b70 "{CE0x5146b70|ipc_alloc_security:call1|security/selinux/hooks.c,5087}"
CE0x510c020 "{CE0x510c020|0:_i16,_4:_i32,_:_CMRE_4,8_|*MultipleSource*|security/selinux/hooks.c,5394|security/selinux/hooks.c,5394|security/selinux/hooks.c,5399}"
CE0x510c1e0 "{CE0x510c1e0|selinux_sem_alloc_security:tmp11|security/selinux/hooks.c,5399}"
CE0x510e1b0 "{CE0x510e1b0|selinux_sem_alloc_security:tmp11|security/selinux/hooks.c,5399|*SummSink*}"
CONST[source:0(mediator),value:2(dynamic)][purpose:{object}][SnkIdx:1]


CONST[source:2(external),value:2(dynamic)][purpose:{subject}][SrcIdx:14]  ->  CONST[source:0(mediator),value:2(dynamic)][purpose:{subject}][SnkIdx:0]
-----------
CONST[source:2(external),value:2(dynamic)][purpose:{subject}][SrcIdx:14]
CE0x5139740 "{CE0x5139740|COLLAPSED:_GCMRE_current_task_external_global_%struct.task_struct*:_elem_0::|security/selinux/hooks.c,218}"
CE0x513ac20 "{CE0x513ac20|current_sid:tmp22|security/selinux/hooks.c,218}"
CE0x513af10 "{CE0x513af10|current_sid:tmp23|security/selinux/hooks.c,218}"
CE0x513b8e0 "{CE0x513b8e0|current_sid:sid|security/selinux/hooks.c,220}"
CE0x513c710 "{CE0x513c710|current_sid:tmp24|security/selinux/hooks.c,220}"
CE0x50c5430 "{CE0x50c5430|_ret_i32_%tmp24,_!dbg_!27742|security/selinux/hooks.c,220}"
CE0x50e39c0 "{CE0x50e39c0|selinux_sem_alloc_security:call|security/selinux/hooks.c,5387}"
CE0x50b66d0 "{CE0x50b66d0|selinux_sem_alloc_security:call|security/selinux/hooks.c,5387|*SummSink*}"
CONST[source:0(mediator),value:2(dynamic)][purpose:{subject}][SnkIdx:0]


CONST[source:1(input),value:2(dynamic)][purpose:{object}][SrcIdx:13]  ->  CONST[source:0(mediator),value:2(dynamic)][purpose:{object}][SnkIdx:1]
-----------
CONST[source:1(input),value:2(dynamic)][purpose:{object}][SrcIdx:13]
CE0x510c020 "{CE0x510c020|0:_i16,_4:_i32,_:_CMRE_4,8_|*MultipleSource*|security/selinux/hooks.c,5394|security/selinux/hooks.c,5394|security/selinux/hooks.c,5399}"
CE0x510c1e0 "{CE0x510c1e0|selinux_sem_alloc_security:tmp11|security/selinux/hooks.c,5399}"
CE0x510e1b0 "{CE0x510e1b0|selinux_sem_alloc_security:tmp11|security/selinux/hooks.c,5399|*SummSink*}"
CONST[source:0(mediator),value:2(dynamic)][purpose:{object}][SnkIdx:1]


CONST[source:2(external),value:0(static)][purpose:{operation}][SrcIdx:12]  ->  CONST[source:0(mediator),value:2(dynamic)][purpose:{object}][SnkIdx:1]
-----------
CONST[source:2(external),value:0(static)][purpose:{operation}][SrcIdx:12]
CE0x51630c0 "{CE0x51630c0|i32_32768|*Constant*}"
CE0x5125d30 "{CE0x5125d30|kzalloc:or|include/linux/slab.h,578}"
CE0x5122d60 "{CE0x5122d60|kmalloc:flags|Function::kmalloc&Arg::flags::}"
CE0x510c020 "{CE0x510c020|0:_i16,_4:_i32,_:_CMRE_4,8_|*MultipleSource*|security/selinux/hooks.c,5394|security/selinux/hooks.c,5394|security/selinux/hooks.c,5399}"
CE0x510c1e0 "{CE0x510c1e0|selinux_sem_alloc_security:tmp11|security/selinux/hooks.c,5399}"
CE0x510e1b0 "{CE0x510e1b0|selinux_sem_alloc_security:tmp11|security/selinux/hooks.c,5399|*SummSink*}"
CONST[source:0(mediator),value:2(dynamic)][purpose:{object}][SnkIdx:1]


