[selinux_xfrm_policy_delete]

explicit:
CONST[source:1(input),value:2(dynamic)][purpose:{object}][SrcIdx:0]  ->  CONST[source:0(mediator),value:2(dynamic)][purpose:{subject}]
-----------
CONST[source:1(input),value:2(dynamic)][purpose:{object}][SrcIdx:0]
CE0xa270e50 "{CE0xa270e50|VOIDTB_TE:_IE:_elem_0:default:}"
CE0xa286690 "{CE0xa286690|tmp30}"
CE0xa286950 "{CE0xa286950|tmp30}"
CONST[source:0(mediator),value:2(dynamic)][purpose:{subject}]


CONST[source:1(input),value:2(dynamic)][purpose:{object}][SrcIdx:0]  ->  CONST[source:0(mediator),value:2(dynamic)][purpose:{object}]
-----------
CONST[source:1(input),value:2(dynamic)][purpose:{object}][SrcIdx:0]
CE0xa270e50 "{CE0xa270e50|VOIDTB_TE:_IE:_elem_0:default:}"
CE0xa2a28f0 "{CE0xa2a28f0|tmp31}"
CE0xa2a2b50 "{CE0xa2a2b50|tmp31}"
CONST[source:0(mediator),value:2(dynamic)][purpose:{object}]


CONST[source:0(mediator),value:2(dynamic)][purpose:{subject}][SrcIdx:1]  ->  CONST[source:0(mediator),value:2(dynamic)][purpose:{object}]
-----------
CONST[source:0(mediator),value:2(dynamic)][purpose:{subject}][SrcIdx:1]
CE0xa270e50 "{CE0xa270e50|VOIDTB_TE:_IE:_elem_0:default:}"
CE0xa2a28f0 "{CE0xa2a28f0|tmp31}"
CE0xa2a2b50 "{CE0xa2a2b50|tmp31}"
CONST[source:0(mediator),value:2(dynamic)][purpose:{object}]



implicit:
CONST[source:0(mediator),value:2(dynamic)][purpose:{subject}][SrcIdx:1]  ->  CONST[source:0(mediator),value:2(dynamic)][purpose:{object}]
-----------
CONST[source:0(mediator),value:2(dynamic)][purpose:{subject}][SrcIdx:1]
CE0xa270e50 "{CE0xa270e50|VOIDTB_TE:_IE:_elem_0:default:}"
CE0xa2a28f0 "{CE0xa2a28f0|tmp31}"
CE0xa2a2b50 "{CE0xa2a2b50|tmp31}"
CONST[source:0(mediator),value:2(dynamic)][purpose:{object}]


CONST[source:1(input),value:2(dynamic)][purpose:{object}][SrcIdx:0]  ->  CONST[source:0(mediator),value:2(dynamic)][purpose:{object}]
-----------
CONST[source:1(input),value:2(dynamic)][purpose:{object}][SrcIdx:0]
CE0xa270e50 "{CE0xa270e50|VOIDTB_TE:_IE:_elem_0:default:}"
CE0xa2a28f0 "{CE0xa2a28f0|tmp31}"
CE0xa2a2b50 "{CE0xa2a2b50|tmp31}"
CONST[source:0(mediator),value:2(dynamic)][purpose:{object}]


CONST[source:1(input),value:2(dynamic)][purpose:{object}][SrcIdx:0]  ->  CONST[source:0(mediator),value:2(dynamic)][purpose:{subject}]
-----------
CONST[source:1(input),value:2(dynamic)][purpose:{object}][SrcIdx:0]
CE0xa270e50 "{CE0xa270e50|VOIDTB_TE:_IE:_elem_0:default:}"
CE0xa286690 "{CE0xa286690|tmp30}"
CE0xa286950 "{CE0xa286950|tmp30}"
CONST[source:0(mediator),value:2(dynamic)][purpose:{subject}]


