[apparmor_path_unlink]

explicit:
CONST[source:2(external),value:2(dynamic)][purpose:{subject}]  ->  CONST[source:0(mediator),value:2(dynamic)][purpose:{subject}]
-----------
CONST[source:2(external),value:2(dynamic)][purpose:{subject}]
CE0x42d18a0 "{CE0x42d18a0|44:_i32,_48:_i16,_128:_i8*,_:_SCMRE_128,136_|*MultipleSource*|Function::aa_cred_profile&Arg::cred::|security/apparmor/include/context.h,99|security/apparmor/include/context.h,138}"
CE0x424dc20 "{CE0x424dc20|aa_cred_profile:_tmp4|*LoadInst*|security/apparmor/include/context.h,99}"
CE0x424ea90 "{CE0x424ea90|aa_cred_profile:_tmp5|security/apparmor/include/context.h,99}"
CE0x4194dd0 "{CE0x4194dd0|aa_cred_profile:_profile11|security/apparmor/include/context.h,101}"
CE0x41954a0 "{CE0x41954a0|aa_cred_profile:_tmp34|security/apparmor/include/context.h,101}"
CE0x42131e0 "{CE0x42131e0|_ret_%struct.aa_profile*_%tmp34,_!dbg_!15510|security/apparmor/include/context.h,101}"
CE0x4211c00 "{CE0x4211c00|__aa_current_profile:_call4|security/apparmor/include/context.h,138}"
CE0x4233640 "{CE0x4233640|_ret_%struct.aa_profile*_%call4,_!dbg_!15494|security/apparmor/include/context.h,138}"
CE0x417c6e0 "{CE0x417c6e0|common_perm:_call|security/apparmor/lsm.c,168}"
CE0x423b820 "{CE0x423b820|common_perm:_call|security/apparmor/lsm.c,168|*SummSink*}"
CONST[source:0(mediator),value:2(dynamic)][purpose:{subject}]


CONST[source:1(input),value:2(dynamic)][purpose:{object}]  ->  CONST[source:0(mediator),value:2(dynamic)][purpose:{object}]
-----------
CONST[source:1(input),value:2(dynamic)][purpose:{object}]
CE0x41ba850 "{CE0x41ba850|0:_i16,_4:_i32,_8:_i16,_40:_%struct.super_block*,_72:_i32,_:_SCMRE_576,577_}"
CONST[source:0(mediator),value:2(dynamic)][purpose:{object}]



implicit:
CONST[source:2(external),value:2(dynamic)][purpose:{subject}]  ->  CONST[source:0(mediator),value:2(dynamic)][purpose:{subject}]
-----------
CONST[source:2(external),value:2(dynamic)][purpose:{subject}]
CE0x42d18a0 "{CE0x42d18a0|44:_i32,_48:_i16,_128:_i8*,_:_SCMRE_128,136_|*MultipleSource*|Function::aa_cred_profile&Arg::cred::|security/apparmor/include/context.h,99|security/apparmor/include/context.h,138}"
CE0x424dc20 "{CE0x424dc20|aa_cred_profile:_tmp4|*LoadInst*|security/apparmor/include/context.h,99}"
CE0x424ea90 "{CE0x424ea90|aa_cred_profile:_tmp5|security/apparmor/include/context.h,99}"
CE0x4194dd0 "{CE0x4194dd0|aa_cred_profile:_profile11|security/apparmor/include/context.h,101}"
CE0x41954a0 "{CE0x41954a0|aa_cred_profile:_tmp34|security/apparmor/include/context.h,101}"
CE0x42131e0 "{CE0x42131e0|_ret_%struct.aa_profile*_%tmp34,_!dbg_!15510|security/apparmor/include/context.h,101}"
CE0x4211c00 "{CE0x4211c00|__aa_current_profile:_call4|security/apparmor/include/context.h,138}"
CE0x4233640 "{CE0x4233640|_ret_%struct.aa_profile*_%call4,_!dbg_!15494|security/apparmor/include/context.h,138}"
CE0x417c6e0 "{CE0x417c6e0|common_perm:_call|security/apparmor/lsm.c,168}"
CE0x423b820 "{CE0x423b820|common_perm:_call|security/apparmor/lsm.c,168|*SummSink*}"
CONST[source:0(mediator),value:2(dynamic)][purpose:{subject}]


CONST[source:1(input),value:2(dynamic)][purpose:{object}]  ->  CONST[source:0(mediator),value:2(dynamic)][purpose:{subject}]
-----------
CONST[source:1(input),value:2(dynamic)][purpose:{object}]
CE0x4161d00 "{CE0x4161d00|72:_%struct.hlist_bl_node**,_80:_%struct.dentry*,_104:_%struct.inode*,_:_CRE_104,112_|*MultipleSource*|Function::apparmor_path_unlink&Arg::dentry::|Function::common_perm_rm&Arg::dentry::|security/apparmor/lsm.c,226}"
CE0x418bf80 "{CE0x418bf80|common_perm_rm:_tmp2|*LoadInst*|security/apparmor/lsm.c,226}"
CE0x41dc740 "{CE0x41dc740|common_perm_rm:_tobool|security/apparmor/lsm.c,229}"
CE0x416cf30 "{CE0x416cf30|common_perm_rm:_if.end}"
CE0x4236190 "{CE0x4236190|common_perm_dir_dentry:_entry}"
CE0x4221370 "{CE0x4221370|common_perm_dir_dentry:_bb}"
CE0x4199ac0 "{CE0x4199ac0|common_perm:_entry}"
CE0x4234330 "{CE0x4234330|common_perm:_bb}"
CE0x417c6e0 "{CE0x417c6e0|common_perm:_call|security/apparmor/lsm.c,168}"
CE0x423b820 "{CE0x423b820|common_perm:_call|security/apparmor/lsm.c,168|*SummSink*}"
CONST[source:0(mediator),value:2(dynamic)][purpose:{subject}]


CONST[source:1(input),value:2(dynamic)][purpose:{object}]  ->  CONST[source:0(mediator),value:2(dynamic)][purpose:{object}]
-----------
CONST[source:1(input),value:2(dynamic)][purpose:{object}]
CE0x41b59c0 "{CE0x41b59c0|0:_i16,_4:_i32,_8:_i16,_40:_%struct.super_block*,_72:_i32,_:_SCMRE_481,482_}"
CONST[source:0(mediator),value:2(dynamic)][purpose:{object}]


