[apparmor_ptrace_traceme]

explicit:
CONST[source:2(external),value:2(dynamic)][purpose:{object}]  ->  CONST[source:0(mediator),value:2(dynamic)][purpose:{object}]
-----------
CONST[source:2(external),value:2(dynamic)][purpose:{object}]
CE0x51b6f30 "{CE0x51b6f30|COLLAPSED:_GCRE_current_task_external_global_%struct.task_struct*:_elem_0:default:}"
CONST[source:0(mediator),value:2(dynamic)][purpose:{object}]


CONST[source:1(input),value:2(dynamic)][purpose:{subject}]  ->  CONST[source:0(mediator),value:2(dynamic)][purpose:{subject}]
-----------
CONST[source:1(input),value:2(dynamic)][purpose:{subject}]
CE0x51bd400 "{CE0x51bd400|VOIDTB_TE:_CE:_elem_0:default:}"
CONST[source:0(mediator),value:2(dynamic)][purpose:{subject}]



implicit:
CONST[source:2(external),value:2(dynamic)][purpose:{object}]  ->  CONST[source:0(mediator),value:2(dynamic)][purpose:{object}]
-----------
CONST[source:2(external),value:2(dynamic)][purpose:{object}]
CE0x51b6f30 "{CE0x51b6f30|COLLAPSED:_GCRE_current_task_external_global_%struct.task_struct*:_elem_0:default:}"
CONST[source:0(mediator),value:2(dynamic)][purpose:{object}]


CONST[source:1(input),value:2(dynamic)][purpose:{subject}]  ->  CONST[source:0(mediator),value:2(dynamic)][purpose:{subject}]
-----------
CONST[source:1(input),value:2(dynamic)][purpose:{subject}]
CE0x51bd400 "{CE0x51bd400|VOIDTB_TE:_CE:_elem_0:default:}"
CONST[source:0(mediator),value:2(dynamic)][purpose:{subject}]


