[tomoyo_socket_bind.z]

explicit:
CONST[source:1(input),value:2(dynamic)][purpose:{object}][SrcIdx:0]  ->  CONST[source:0(mediator),value:0(static)][purpose:{operation}]
-----------
CONST[source:1(input),value:2(dynamic)][purpose:{object}][SrcIdx:0]
CE0x57169b0 "{CE0x57169b0|0:_i8,_1:_i8,_8:_i16,_16:_i32*,_24:_i8,_32:_i8*,_40:_i32,_:_SCMR:_elem_0:default:}"
CE0x5754060 "{CE0x5754060|tmp19}"
CE0x5719ae0 "{CE0x5719ae0|56:_i32_(%struct.socket.518*,_%struct.sockaddr*,_i32*,_i32)*,_:_IRE:_elem_0:default:}"
CONST[source:0(mediator),value:0(static)][purpose:{operation}]


CONST[source:1(input),value:2(dynamic)][purpose:{object}][SrcIdx:0]  ->  CONST[source:0(mediator),value:2(dynamic)][purpose:{subject}]
-----------
CONST[source:1(input),value:2(dynamic)][purpose:{object}][SrcIdx:0]
CE0x57169b0 "{CE0x57169b0|0:_i8,_1:_i8,_8:_i16,_16:_i32*,_24:_i8,_32:_i8*,_40:_i32,_:_SCMR:_elem_0:default:}"
CE0x5754060 "{CE0x5754060|tmp19}"
CE0x5719ae0 "{CE0x5719ae0|56:_i32_(%struct.socket.518*,_%struct.sockaddr*,_i32*,_i32)*,_:_IRE:_elem_0:default:}"
CONST[source:0(mediator),value:2(dynamic)][purpose:{subject}]


CONST[source:1(input),value:2(dynamic)][purpose:{object}][SrcIdx:0]  ->  CONST[source:0(mediator),value:2(dynamic)][purpose:{object}]
-----------
CONST[source:1(input),value:2(dynamic)][purpose:{object}][SrcIdx:0]
CE0x57169b0 "{CE0x57169b0|0:_i8,_1:_i8,_8:_i16,_16:_i32*,_24:_i8,_32:_i8*,_40:_i32,_:_SCMR:_elem_0:default:}"
CE0x5754060 "{CE0x5754060|tmp19}"
CE0x5719ae0 "{CE0x5719ae0|56:_i32_(%struct.socket.518*,_%struct.sockaddr*,_i32*,_i32)*,_:_IRE:_elem_0:default:}"
CONST[source:0(mediator),value:2(dynamic)][purpose:{object}]


CONST[source:2(external),value:2(dynamic)][purpose:{subject}][SrcIdx:6]  ->  CONST[source:0(mediator),value:0(static)][purpose:{operation}]
-----------
CONST[source:2(external),value:2(dynamic)][purpose:{subject}][SrcIdx:6]
CE0x5772040 "{CE0x5772040|COLLAPSED:_GCRE_current_task_external_global_%struct.task_struct*:_elem_0:default:}"
CE0x575d7a0 "{CE0x575d7a0|VOIDTB_TE:_CE_6384,6388_}"
CE0x57793e0 "{CE0x57793e0|VOIDTB_TE:_IE:_elem_0:default:}"
CONST[source:0(mediator),value:0(static)][purpose:{operation}]


CONST[source:2(external),value:2(dynamic)][purpose:{subject}][SrcIdx:6]  ->  CONST[source:0(mediator),value:2(dynamic)][purpose:{subject}]
-----------
CONST[source:2(external),value:2(dynamic)][purpose:{subject}][SrcIdx:6]
CE0x5772040 "{CE0x5772040|COLLAPSED:_GCRE_current_task_external_global_%struct.task_struct*:_elem_0:default:}"
CE0x575d7a0 "{CE0x575d7a0|VOIDTB_TE:_CE_6384,6388_}"
CE0x57793e0 "{CE0x57793e0|VOIDTB_TE:_IE:_elem_0:default:}"
CONST[source:0(mediator),value:2(dynamic)][purpose:{subject}]


CONST[source:2(external),value:2(dynamic)][purpose:{subject}][SrcIdx:6]  ->  CONST[source:0(mediator),value:2(dynamic)][purpose:{object}]
-----------
CONST[source:2(external),value:2(dynamic)][purpose:{subject}][SrcIdx:6]
CE0x5772040 "{CE0x5772040|COLLAPSED:_GCRE_current_task_external_global_%struct.task_struct*:_elem_0:default:}"
CE0x575d7a0 "{CE0x575d7a0|VOIDTB_TE:_CE_6384,6388_}"
CE0x57793e0 "{CE0x57793e0|VOIDTB_TE:_IE:_elem_0:default:}"
CONST[source:0(mediator),value:2(dynamic)][purpose:{object}]


CONST[source:0(mediator),value:1(k-static)][purpose:{operation}][SrcIdx:4]  ->  CONST[source:0(mediator),value:0(static)][purpose:{operation}]
-----------
CONST[source:0(mediator),value:1(k-static)][purpose:{operation}][SrcIdx:4]
CE0x57169b0 "{CE0x57169b0|0:_i8,_1:_i8,_8:_i16,_16:_i32*,_24:_i8,_32:_i8*,_40:_i32,_:_SCMR:_elem_0:default:}"
CE0x5754060 "{CE0x5754060|tmp19}"
CE0x5719ae0 "{CE0x5719ae0|56:_i32_(%struct.socket.518*,_%struct.sockaddr*,_i32*,_i32)*,_:_IRE:_elem_0:default:}"
CONST[source:0(mediator),value:0(static)][purpose:{operation}]


CONST[source:0(mediator),value:1(k-static)][purpose:{operation}][SrcIdx:4]  ->  CONST[source:0(mediator),value:2(dynamic)][purpose:{subject}]
-----------
CONST[source:0(mediator),value:1(k-static)][purpose:{operation}][SrcIdx:4]
CE0x57169b0 "{CE0x57169b0|0:_i8,_1:_i8,_8:_i16,_16:_i32*,_24:_i8,_32:_i8*,_40:_i32,_:_SCMR:_elem_0:default:}"
CE0x5754060 "{CE0x5754060|tmp19}"
CE0x5719ae0 "{CE0x5719ae0|56:_i32_(%struct.socket.518*,_%struct.sockaddr*,_i32*,_i32)*,_:_IRE:_elem_0:default:}"
CONST[source:0(mediator),value:2(dynamic)][purpose:{subject}]


CONST[source:0(mediator),value:1(k-static)][purpose:{operation}][SrcIdx:4]  ->  CONST[source:0(mediator),value:2(dynamic)][purpose:{object}]
-----------
CONST[source:0(mediator),value:1(k-static)][purpose:{operation}][SrcIdx:4]
CE0x57169b0 "{CE0x57169b0|0:_i8,_1:_i8,_8:_i16,_16:_i32*,_24:_i8,_32:_i8*,_40:_i32,_:_SCMR:_elem_0:default:}"
CE0x5754060 "{CE0x5754060|tmp19}"
CE0x5719ae0 "{CE0x5719ae0|56:_i32_(%struct.socket.518*,_%struct.sockaddr*,_i32*,_i32)*,_:_IRE:_elem_0:default:}"
CONST[source:0(mediator),value:2(dynamic)][purpose:{object}]


CONST[source:1(input),value:2(dynamic)][purpose:{object}][SrcIdx:1]  ->  CONST[source:0(mediator),value:0(static)][purpose:{operation}]
-----------
CONST[source:1(input),value:2(dynamic)][purpose:{object}][SrcIdx:1]
CE0x57169b0 "{CE0x57169b0|0:_i8,_1:_i8,_8:_i16,_16:_i32*,_24:_i8,_32:_i8*,_40:_i32,_:_SCMR:_elem_0:default:}"
CE0x5754060 "{CE0x5754060|tmp19}"
CE0x5719ae0 "{CE0x5719ae0|56:_i32_(%struct.socket.518*,_%struct.sockaddr*,_i32*,_i32)*,_:_IRE:_elem_0:default:}"
CONST[source:0(mediator),value:0(static)][purpose:{operation}]


CONST[source:1(input),value:2(dynamic)][purpose:{object}][SrcIdx:1]  ->  CONST[source:0(mediator),value:2(dynamic)][purpose:{subject}]
-----------
CONST[source:1(input),value:2(dynamic)][purpose:{object}][SrcIdx:1]
CE0x57169b0 "{CE0x57169b0|0:_i8,_1:_i8,_8:_i16,_16:_i32*,_24:_i8,_32:_i8*,_40:_i32,_:_SCMR:_elem_0:default:}"
CE0x5754060 "{CE0x5754060|tmp19}"
CE0x5719ae0 "{CE0x5719ae0|56:_i32_(%struct.socket.518*,_%struct.sockaddr*,_i32*,_i32)*,_:_IRE:_elem_0:default:}"
CONST[source:0(mediator),value:2(dynamic)][purpose:{subject}]


CONST[source:1(input),value:2(dynamic)][purpose:{object}][SrcIdx:1]  ->  CONST[source:0(mediator),value:2(dynamic)][purpose:{object}]
-----------
CONST[source:1(input),value:2(dynamic)][purpose:{object}][SrcIdx:1]
CE0x57169b0 "{CE0x57169b0|0:_i8,_1:_i8,_8:_i16,_16:_i32*,_24:_i8,_32:_i8*,_40:_i32,_:_SCMR:_elem_0:default:}"
CE0x5754060 "{CE0x5754060|tmp19}"
CE0x5719ae0 "{CE0x5719ae0|56:_i32_(%struct.socket.518*,_%struct.sockaddr*,_i32*,_i32)*,_:_IRE:_elem_0:default:}"
CONST[source:0(mediator),value:2(dynamic)][purpose:{object}]


CONST[source:1(input),value:2(dynamic)][purpose:{object}][SrcIdx:2]  ->  CONST[source:0(mediator),value:0(static)][purpose:{operation}]
-----------
CONST[source:1(input),value:2(dynamic)][purpose:{object}][SrcIdx:2]
CE0x57793e0 "{CE0x57793e0|VOIDTB_TE:_IE:_elem_0:default:}"
CONST[source:0(mediator),value:0(static)][purpose:{operation}]


CONST[source:1(input),value:2(dynamic)][purpose:{object}][SrcIdx:2]  ->  CONST[source:0(mediator),value:2(dynamic)][purpose:{subject}]
-----------
CONST[source:1(input),value:2(dynamic)][purpose:{object}][SrcIdx:2]
CE0x57793e0 "{CE0x57793e0|VOIDTB_TE:_IE:_elem_0:default:}"
CONST[source:0(mediator),value:2(dynamic)][purpose:{subject}]


CONST[source:1(input),value:2(dynamic)][purpose:{object}][SrcIdx:2]  ->  CONST[source:0(mediator),value:2(dynamic)][purpose:{object}]
-----------
CONST[source:1(input),value:2(dynamic)][purpose:{object}][SrcIdx:2]
CE0x57793e0 "{CE0x57793e0|VOIDTB_TE:_IE:_elem_0:default:}"
CONST[source:0(mediator),value:2(dynamic)][purpose:{object}]


CONST[source:1(input),value:2(dynamic)][purpose:{operation}][SrcIdx:5]  ->  CONST[source:0(mediator),value:0(static)][purpose:{operation}]
-----------
CONST[source:1(input),value:2(dynamic)][purpose:{operation}][SrcIdx:5]
CE0x57169b0 "{CE0x57169b0|0:_i8,_1:_i8,_8:_i16,_16:_i32*,_24:_i8,_32:_i8*,_40:_i32,_:_SCMR:_elem_0:default:}"
CE0x5754060 "{CE0x5754060|tmp19}"
CE0x5719ae0 "{CE0x5719ae0|56:_i32_(%struct.socket.518*,_%struct.sockaddr*,_i32*,_i32)*,_:_IRE:_elem_0:default:}"
CONST[source:0(mediator),value:0(static)][purpose:{operation}]


CONST[source:1(input),value:2(dynamic)][purpose:{operation}][SrcIdx:5]  ->  CONST[source:0(mediator),value:2(dynamic)][purpose:{subject}]
-----------
CONST[source:1(input),value:2(dynamic)][purpose:{operation}][SrcIdx:5]
CE0x57169b0 "{CE0x57169b0|0:_i8,_1:_i8,_8:_i16,_16:_i32*,_24:_i8,_32:_i8*,_40:_i32,_:_SCMR:_elem_0:default:}"
CE0x5754060 "{CE0x5754060|tmp19}"
CE0x5719ae0 "{CE0x5719ae0|56:_i32_(%struct.socket.518*,_%struct.sockaddr*,_i32*,_i32)*,_:_IRE:_elem_0:default:}"
CONST[source:0(mediator),value:2(dynamic)][purpose:{subject}]


CONST[source:1(input),value:2(dynamic)][purpose:{operation}][SrcIdx:5]  ->  CONST[source:0(mediator),value:2(dynamic)][purpose:{object}]
-----------
CONST[source:1(input),value:2(dynamic)][purpose:{operation}][SrcIdx:5]
CE0x57169b0 "{CE0x57169b0|0:_i8,_1:_i8,_8:_i16,_16:_i32*,_24:_i8,_32:_i8*,_40:_i32,_:_SCMR:_elem_0:default:}"
CE0x5754060 "{CE0x5754060|tmp19}"
CE0x5719ae0 "{CE0x5719ae0|56:_i32_(%struct.socket.518*,_%struct.sockaddr*,_i32*,_i32)*,_:_IRE:_elem_0:default:}"
CONST[source:0(mediator),value:2(dynamic)][purpose:{object}]



implicit:
CONST[source:2(external),value:2(dynamic)][purpose:{subject}][SrcIdx:6]  ->  CONST[source:0(mediator),value:0(static)][purpose:{operation}]
-----------
CONST[source:2(external),value:2(dynamic)][purpose:{subject}][SrcIdx:6]
CE0x57728c0 "{CE0x57728c0|128:_i8*,_1208:_%struct.file*,_:_CMRE:_elem_0:default:}"
CE0x575d3e0 "{CE0x575d3e0|VOIDTB_TE:_CE_0,2048_}"
CE0x5719ae0 "{CE0x5719ae0|56:_i32_(%struct.socket.518*,_%struct.sockaddr*,_i32*,_i32)*,_:_IRE:_elem_0:default:}"
CONST[source:0(mediator),value:0(static)][purpose:{operation}]


CONST[source:2(external),value:2(dynamic)][purpose:{subject}][SrcIdx:6]  ->  CONST[source:0(mediator),value:2(dynamic)][purpose:{subject}]
-----------
CONST[source:2(external),value:2(dynamic)][purpose:{subject}][SrcIdx:6]
CE0x57728c0 "{CE0x57728c0|128:_i8*,_1208:_%struct.file*,_:_CMRE:_elem_0:default:}"
CE0x575d3e0 "{CE0x575d3e0|VOIDTB_TE:_CE_0,2048_}"
CE0x5719ae0 "{CE0x5719ae0|56:_i32_(%struct.socket.518*,_%struct.sockaddr*,_i32*,_i32)*,_:_IRE:_elem_0:default:}"
CONST[source:0(mediator),value:2(dynamic)][purpose:{subject}]


CONST[source:2(external),value:2(dynamic)][purpose:{subject}][SrcIdx:6]  ->  CONST[source:0(mediator),value:2(dynamic)][purpose:{object}]
-----------
CONST[source:2(external),value:2(dynamic)][purpose:{subject}][SrcIdx:6]
CE0x57728c0 "{CE0x57728c0|128:_i8*,_1208:_%struct.file*,_:_CMRE:_elem_0:default:}"
CE0x575d3e0 "{CE0x575d3e0|VOIDTB_TE:_CE_0,2048_}"
CE0x5719ae0 "{CE0x5719ae0|56:_i32_(%struct.socket.518*,_%struct.sockaddr*,_i32*,_i32)*,_:_IRE:_elem_0:default:}"
CONST[source:0(mediator),value:2(dynamic)][purpose:{object}]


CONST[source:1(input),value:2(dynamic)][purpose:{object}][SrcIdx:0]  ->  CONST[source:0(mediator),value:0(static)][purpose:{operation}]
-----------
CONST[source:1(input),value:2(dynamic)][purpose:{object}][SrcIdx:0]
CE0x57169b0 "{CE0x57169b0|0:_i8,_1:_i8,_8:_i16,_16:_i32*,_24:_i8,_32:_i8*,_40:_i32,_:_SCMR:_elem_0:default:}"
CE0x572bbb0 "{CE0x572bbb0|tmp17}"
CE0x5719ae0 "{CE0x5719ae0|56:_i32_(%struct.socket.518*,_%struct.sockaddr*,_i32*,_i32)*,_:_IRE:_elem_0:default:}"
CONST[source:0(mediator),value:0(static)][purpose:{operation}]


CONST[source:1(input),value:2(dynamic)][purpose:{object}][SrcIdx:0]  ->  CONST[source:0(mediator),value:2(dynamic)][purpose:{subject}]
-----------
CONST[source:1(input),value:2(dynamic)][purpose:{object}][SrcIdx:0]
CE0x57169b0 "{CE0x57169b0|0:_i8,_1:_i8,_8:_i16,_16:_i32*,_24:_i8,_32:_i8*,_40:_i32,_:_SCMR:_elem_0:default:}"
CE0x572bbb0 "{CE0x572bbb0|tmp17}"
CE0x5719ae0 "{CE0x5719ae0|56:_i32_(%struct.socket.518*,_%struct.sockaddr*,_i32*,_i32)*,_:_IRE:_elem_0:default:}"
CONST[source:0(mediator),value:2(dynamic)][purpose:{subject}]


CONST[source:1(input),value:2(dynamic)][purpose:{object}][SrcIdx:0]  ->  CONST[source:0(mediator),value:2(dynamic)][purpose:{object}]
-----------
CONST[source:1(input),value:2(dynamic)][purpose:{object}][SrcIdx:0]
CE0x57169b0 "{CE0x57169b0|0:_i8,_1:_i8,_8:_i16,_16:_i32*,_24:_i8,_32:_i8*,_40:_i32,_:_SCMR:_elem_0:default:}"
CE0x572bbb0 "{CE0x572bbb0|tmp17}"
CE0x5719ae0 "{CE0x5719ae0|56:_i32_(%struct.socket.518*,_%struct.sockaddr*,_i32*,_i32)*,_:_IRE:_elem_0:default:}"
CONST[source:0(mediator),value:2(dynamic)][purpose:{object}]


CONST[source:0(mediator),value:1(k-static)][purpose:{operation}][SrcIdx:4]  ->  CONST[source:0(mediator),value:0(static)][purpose:{operation}]
-----------
CONST[source:0(mediator),value:1(k-static)][purpose:{operation}][SrcIdx:4]
CE0x57169b0 "{CE0x57169b0|0:_i8,_1:_i8,_8:_i16,_16:_i32*,_24:_i8,_32:_i8*,_40:_i32,_:_SCMR:_elem_0:default:}"
CE0x572bbb0 "{CE0x572bbb0|tmp17}"
CE0x5719ae0 "{CE0x5719ae0|56:_i32_(%struct.socket.518*,_%struct.sockaddr*,_i32*,_i32)*,_:_IRE:_elem_0:default:}"
CONST[source:0(mediator),value:0(static)][purpose:{operation}]


CONST[source:0(mediator),value:1(k-static)][purpose:{operation}][SrcIdx:4]  ->  CONST[source:0(mediator),value:2(dynamic)][purpose:{subject}]
-----------
CONST[source:0(mediator),value:1(k-static)][purpose:{operation}][SrcIdx:4]
CE0x57169b0 "{CE0x57169b0|0:_i8,_1:_i8,_8:_i16,_16:_i32*,_24:_i8,_32:_i8*,_40:_i32,_:_SCMR:_elem_0:default:}"
CE0x572bbb0 "{CE0x572bbb0|tmp17}"
CE0x5719ae0 "{CE0x5719ae0|56:_i32_(%struct.socket.518*,_%struct.sockaddr*,_i32*,_i32)*,_:_IRE:_elem_0:default:}"
CONST[source:0(mediator),value:2(dynamic)][purpose:{subject}]


CONST[source:0(mediator),value:1(k-static)][purpose:{operation}][SrcIdx:4]  ->  CONST[source:0(mediator),value:2(dynamic)][purpose:{object}]
-----------
CONST[source:0(mediator),value:1(k-static)][purpose:{operation}][SrcIdx:4]
CE0x57169b0 "{CE0x57169b0|0:_i8,_1:_i8,_8:_i16,_16:_i32*,_24:_i8,_32:_i8*,_40:_i32,_:_SCMR:_elem_0:default:}"
CE0x572bbb0 "{CE0x572bbb0|tmp17}"
CE0x5719ae0 "{CE0x5719ae0|56:_i32_(%struct.socket.518*,_%struct.sockaddr*,_i32*,_i32)*,_:_IRE:_elem_0:default:}"
CONST[source:0(mediator),value:2(dynamic)][purpose:{object}]


CONST[source:1(input),value:2(dynamic)][purpose:{object}][SrcIdx:2]  ->  CONST[source:0(mediator),value:0(static)][purpose:{operation}]
-----------
CONST[source:1(input),value:2(dynamic)][purpose:{object}][SrcIdx:2]
CE0x5719ae0 "{CE0x5719ae0|56:_i32_(%struct.socket.518*,_%struct.sockaddr*,_i32*,_i32)*,_:_IRE:_elem_0:default:}"
CONST[source:0(mediator),value:0(static)][purpose:{operation}]


CONST[source:1(input),value:2(dynamic)][purpose:{object}][SrcIdx:2]  ->  CONST[source:0(mediator),value:2(dynamic)][purpose:{subject}]
-----------
CONST[source:1(input),value:2(dynamic)][purpose:{object}][SrcIdx:2]
CE0x5719ae0 "{CE0x5719ae0|56:_i32_(%struct.socket.518*,_%struct.sockaddr*,_i32*,_i32)*,_:_IRE:_elem_0:default:}"
CONST[source:0(mediator),value:2(dynamic)][purpose:{subject}]


CONST[source:1(input),value:2(dynamic)][purpose:{object}][SrcIdx:2]  ->  CONST[source:0(mediator),value:2(dynamic)][purpose:{object}]
-----------
CONST[source:1(input),value:2(dynamic)][purpose:{object}][SrcIdx:2]
CE0x5719ae0 "{CE0x5719ae0|56:_i32_(%struct.socket.518*,_%struct.sockaddr*,_i32*,_i32)*,_:_IRE:_elem_0:default:}"
CONST[source:0(mediator),value:2(dynamic)][purpose:{object}]


CONST[source:1(input),value:2(dynamic)][purpose:{operation}][SrcIdx:5]  ->  CONST[source:0(mediator),value:0(static)][purpose:{operation}]
-----------
CONST[source:1(input),value:2(dynamic)][purpose:{operation}][SrcIdx:5]
CE0x57169b0 "{CE0x57169b0|0:_i8,_1:_i8,_8:_i16,_16:_i32*,_24:_i8,_32:_i8*,_40:_i32,_:_SCMR:_elem_0:default:}"
CE0x572bbb0 "{CE0x572bbb0|tmp17}"
CE0x5719ae0 "{CE0x5719ae0|56:_i32_(%struct.socket.518*,_%struct.sockaddr*,_i32*,_i32)*,_:_IRE:_elem_0:default:}"
CONST[source:0(mediator),value:0(static)][purpose:{operation}]


CONST[source:1(input),value:2(dynamic)][purpose:{operation}][SrcIdx:5]  ->  CONST[source:0(mediator),value:2(dynamic)][purpose:{subject}]
-----------
CONST[source:1(input),value:2(dynamic)][purpose:{operation}][SrcIdx:5]
CE0x57169b0 "{CE0x57169b0|0:_i8,_1:_i8,_8:_i16,_16:_i32*,_24:_i8,_32:_i8*,_40:_i32,_:_SCMR:_elem_0:default:}"
CE0x572bbb0 "{CE0x572bbb0|tmp17}"
CE0x5719ae0 "{CE0x5719ae0|56:_i32_(%struct.socket.518*,_%struct.sockaddr*,_i32*,_i32)*,_:_IRE:_elem_0:default:}"
CONST[source:0(mediator),value:2(dynamic)][purpose:{subject}]


CONST[source:1(input),value:2(dynamic)][purpose:{operation}][SrcIdx:5]  ->  CONST[source:0(mediator),value:2(dynamic)][purpose:{object}]
-----------
CONST[source:1(input),value:2(dynamic)][purpose:{operation}][SrcIdx:5]
CE0x57169b0 "{CE0x57169b0|0:_i8,_1:_i8,_8:_i16,_16:_i32*,_24:_i8,_32:_i8*,_40:_i32,_:_SCMR:_elem_0:default:}"
CE0x572bbb0 "{CE0x572bbb0|tmp17}"
CE0x5719ae0 "{CE0x5719ae0|56:_i32_(%struct.socket.518*,_%struct.sockaddr*,_i32*,_i32)*,_:_IRE:_elem_0:default:}"
CONST[source:0(mediator),value:2(dynamic)][purpose:{object}]


CONST[source:1(input),value:2(dynamic)][purpose:{object}][SrcIdx:1]  ->  CONST[source:0(mediator),value:0(static)][purpose:{operation}]
-----------
CONST[source:1(input),value:2(dynamic)][purpose:{object}][SrcIdx:1]
CE0x57169b0 "{CE0x57169b0|0:_i8,_1:_i8,_8:_i16,_16:_i32*,_24:_i8,_32:_i8*,_40:_i32,_:_SCMR:_elem_0:default:}"
CE0x572bbb0 "{CE0x572bbb0|tmp17}"
CE0x5719ae0 "{CE0x5719ae0|56:_i32_(%struct.socket.518*,_%struct.sockaddr*,_i32*,_i32)*,_:_IRE:_elem_0:default:}"
CONST[source:0(mediator),value:0(static)][purpose:{operation}]


CONST[source:1(input),value:2(dynamic)][purpose:{object}][SrcIdx:1]  ->  CONST[source:0(mediator),value:2(dynamic)][purpose:{subject}]
-----------
CONST[source:1(input),value:2(dynamic)][purpose:{object}][SrcIdx:1]
CE0x57169b0 "{CE0x57169b0|0:_i8,_1:_i8,_8:_i16,_16:_i32*,_24:_i8,_32:_i8*,_40:_i32,_:_SCMR:_elem_0:default:}"
CE0x572bbb0 "{CE0x572bbb0|tmp17}"
CE0x5719ae0 "{CE0x5719ae0|56:_i32_(%struct.socket.518*,_%struct.sockaddr*,_i32*,_i32)*,_:_IRE:_elem_0:default:}"
CONST[source:0(mediator),value:2(dynamic)][purpose:{subject}]


CONST[source:1(input),value:2(dynamic)][purpose:{object}][SrcIdx:1]  ->  CONST[source:0(mediator),value:2(dynamic)][purpose:{object}]
-----------
CONST[source:1(input),value:2(dynamic)][purpose:{object}][SrcIdx:1]
CE0x57169b0 "{CE0x57169b0|0:_i8,_1:_i8,_8:_i16,_16:_i32*,_24:_i8,_32:_i8*,_40:_i32,_:_SCMR:_elem_0:default:}"
CE0x572bbb0 "{CE0x572bbb0|tmp17}"
CE0x5719ae0 "{CE0x5719ae0|56:_i32_(%struct.socket.518*,_%struct.sockaddr*,_i32*,_i32)*,_:_IRE:_elem_0:default:}"
CONST[source:0(mediator),value:2(dynamic)][purpose:{object}]


