[selinux_inode_symlink]

explicit:
CONST[source:2(external),value:2(dynamic)][purpose:{subject}][SrcIdx:3]  ->  CONST[source:0(mediator),value:2(dynamic)][purpose:{subject}]
-----------
CONST[source:2(external),value:2(dynamic)][purpose:{subject}][SrcIdx:3]
CE0x4a7c330 "{CE0x4a7c330|COLLAPSED:_CMRE:_elem_0::|security/selinux/hooks.c,1706}"
CE0x4a7c930 "{CE0x4a7c930|may_create:tmp20|security/selinux/hooks.c,1706}"
CE0x4a7cc20 "{CE0x4a7cc20|may_create:tmp21|security/selinux/hooks.c,1706}"
CE0x4b51f00 "{CE0x4b51f00|may_create:sid11|security/selinux/hooks.c,1716}"
CE0x4b4acf0 "{CE0x4b4acf0|may_create:tmp27|security/selinux/hooks.c,1716}"
CE0x4b4afd0 "{CE0x4b4afd0|may_create:tmp27|security/selinux/hooks.c,1716|*SummSink*}"
CONST[source:0(mediator),value:2(dynamic)][purpose:{subject}]


CONST[source:2(external),value:2(dynamic)][purpose:{subject}][SrcIdx:3]  ->  CONST[source:0(mediator),value:2(dynamic)][purpose:{object}]
-----------
CONST[source:2(external),value:2(dynamic)][purpose:{subject}][SrcIdx:3]
CE0x4a7c330 "{CE0x4a7c330|COLLAPSED:_CMRE:_elem_0::|security/selinux/hooks.c,1706}"
CE0x4a7c930 "{CE0x4a7c930|may_create:tmp20|security/selinux/hooks.c,1706}"
CE0x4a7cc20 "{CE0x4a7cc20|may_create:tmp21|security/selinux/hooks.c,1706}"
CE0x4b4b8d0 "{CE0x4b4b8d0|may_create:create_sid|security/selinux/hooks.c,1717}"
CE0x4b4b860 "{CE0x4b4b860|may_create:tmp28|security/selinux/hooks.c,1717}"
CE0x4b4bf70 "{CE0x4b4bf70|0:_i32,_:_SCMRE:_elem_0:default:}"
CE0x4b7efe0 "{CE0x4b7efe0|may_create:tmp55|security/selinux/hooks.c,1735}"
CE0x4b7f1d0 "{CE0x4b7f1d0|may_create:tmp55|security/selinux/hooks.c,1735|*SummSink*}"
CONST[source:0(mediator),value:2(dynamic)][purpose:{object}]


CONST[source:1(input),value:2(dynamic)][purpose:{object}][SrcIdx:0]  ->  CONST[source:0(mediator),value:2(dynamic)][purpose:{object}]
-----------
CONST[source:1(input),value:2(dynamic)][purpose:{object}][SrcIdx:0]
CE0x4a86500 "{CE0x4a86500|28:_i32,_:_CRE_28,32_|*MultipleSource*|*LoadInst*|security/selinux/hooks.c,1713|security/selinux/hooks.c,1713|security/selinux/hooks.c,1722}"
CE0x4b43aa0 "{CE0x4b43aa0|may_create:tmp29|security/selinux/hooks.c,1722}"
CE0x4b43ea0 "{CE0x4b43ea0|may_create:tmp29|security/selinux/hooks.c,1722|*SummSink*}"
CONST[source:0(mediator),value:2(dynamic)][purpose:{object}]


CONST[source:1(input),value:2(dynamic)][purpose:{object}][SrcIdx:2]  ->  CONST[source:0(mediator),value:2(dynamic)][purpose:{object}]
-----------
CONST[source:1(input),value:2(dynamic)][purpose:{object}][SrcIdx:2]
CE0x4a6a5a0 "{CE0x4a6a5a0|may_create:tclass|Function::may_create&Arg::tclass::|*SummSource*}"
CE0x4a6a530 "{CE0x4a6a530|may_create:tclass|Function::may_create&Arg::tclass::}"
CE0x4a6a670 "{CE0x4a6a670|may_create:tclass|Function::may_create&Arg::tclass::|*SummSink*}"
CONST[source:0(mediator),value:2(dynamic)][purpose:{object}]



implicit:
CONST[source:2(external),value:2(dynamic)][purpose:{subject}][SrcIdx:3]  ->  CONST[source:0(mediator),value:2(dynamic)][purpose:{subject}]
-----------
CONST[source:2(external),value:2(dynamic)][purpose:{subject}][SrcIdx:3]
CE0x4a7c330 "{CE0x4a7c330|COLLAPSED:_CMRE:_elem_0::|security/selinux/hooks.c,1706}"
CE0x4a7c930 "{CE0x4a7c930|may_create:tmp20|security/selinux/hooks.c,1706}"
CE0x4a7cc20 "{CE0x4a7cc20|may_create:tmp21|security/selinux/hooks.c,1706}"
CE0x4b51f00 "{CE0x4b51f00|may_create:sid11|security/selinux/hooks.c,1716}"
CE0x4b4acf0 "{CE0x4b4acf0|may_create:tmp27|security/selinux/hooks.c,1716}"
CE0x4b4afd0 "{CE0x4b4afd0|may_create:tmp27|security/selinux/hooks.c,1716|*SummSink*}"
CONST[source:0(mediator),value:2(dynamic)][purpose:{subject}]


CONST[source:2(external),value:2(dynamic)][purpose:{subject}][SrcIdx:3]  ->  CONST[source:0(mediator),value:2(dynamic)][purpose:{object}]
-----------
CONST[source:2(external),value:2(dynamic)][purpose:{subject}][SrcIdx:3]
CE0x4a7c330 "{CE0x4a7c330|COLLAPSED:_CMRE:_elem_0::|security/selinux/hooks.c,1706}"
CE0x4a7c930 "{CE0x4a7c930|may_create:tmp20|security/selinux/hooks.c,1706}"
CE0x4a7cc20 "{CE0x4a7cc20|may_create:tmp21|security/selinux/hooks.c,1706}"
CE0x4b4b8d0 "{CE0x4b4b8d0|may_create:create_sid|security/selinux/hooks.c,1717}"
CE0x4b4b860 "{CE0x4b4b860|may_create:tmp28|security/selinux/hooks.c,1717}"
CE0x4b4bf70 "{CE0x4b4bf70|0:_i32,_:_SCMRE:_elem_0:default:}"
CE0x4b7efe0 "{CE0x4b7efe0|may_create:tmp55|security/selinux/hooks.c,1735}"
CE0x4b7f1d0 "{CE0x4b7f1d0|may_create:tmp55|security/selinux/hooks.c,1735|*SummSink*}"
CONST[source:0(mediator),value:2(dynamic)][purpose:{object}]


CONST[source:1(input),value:2(dynamic)][purpose:{object}][SrcIdx:1]  ->  CONST[source:0(mediator),value:2(dynamic)][purpose:{subject}]
-----------
CONST[source:1(input),value:2(dynamic)][purpose:{object}][SrcIdx:1]
CE0x4b6aa30 "{CE0x4b6aa30|VOIDTB_TE:_CE_88,89_}"
CE0x4ab9ac0 "{CE0x4ab9ac0|may_create:call22|security/selinux/hooks.c,1729}"
CE0x4b7e7a0 "{CE0x4b7e7a0|may_create:tobool23|security/selinux/hooks.c,1731}"
CE0x4a61160 "{CE0x4a61160|may_create:if.end30}"
CE0x4b3e890 "{CE0x4b3e890|may_create:tmp64|security/selinux/hooks.c,1739}"
CE0x4b3ea80 "{CE0x4b3ea80|may_create:tmp64|security/selinux/hooks.c,1739|*SummSink*}"
CONST[source:0(mediator),value:2(dynamic)][purpose:{subject}]


CONST[source:1(input),value:2(dynamic)][purpose:{object}][SrcIdx:1]  ->  CONST[source:0(mediator),value:2(dynamic)][purpose:{object}]
-----------
CONST[source:1(input),value:2(dynamic)][purpose:{object}][SrcIdx:1]
CE0x4b6aa30 "{CE0x4b6aa30|VOIDTB_TE:_CE_88,89_}"
CE0x4ab9ac0 "{CE0x4ab9ac0|may_create:call22|security/selinux/hooks.c,1729}"
CE0x4b7e7a0 "{CE0x4b7e7a0|may_create:tobool23|security/selinux/hooks.c,1731}"
CE0x4a61160 "{CE0x4a61160|may_create:if.end30}"
CE0x4a7a8f0 "{CE0x4a7a8f0|may_create:tmp65|security/selinux/hooks.c,1739}"
CE0x4a5eea0 "{CE0x4a5eea0|may_create:tmp65|security/selinux/hooks.c,1739|*SummSink*}"
CONST[source:0(mediator),value:2(dynamic)][purpose:{object}]


CONST[source:1(input),value:2(dynamic)][purpose:{object}][SrcIdx:2]  ->  CONST[source:0(mediator),value:2(dynamic)][purpose:{subject}]
-----------
CONST[source:1(input),value:2(dynamic)][purpose:{object}][SrcIdx:2]
CE0x4a6a5a0 "{CE0x4a6a5a0|may_create:tclass|Function::may_create&Arg::tclass::|*SummSource*}"
CE0x4a6a530 "{CE0x4a6a530|may_create:tclass|Function::may_create&Arg::tclass::}"
CE0x4ab9ac0 "{CE0x4ab9ac0|may_create:call22|security/selinux/hooks.c,1729}"
CE0x4b7e7a0 "{CE0x4b7e7a0|may_create:tobool23|security/selinux/hooks.c,1731}"
CE0x4a61160 "{CE0x4a61160|may_create:if.end30}"
CE0x4b3e890 "{CE0x4b3e890|may_create:tmp64|security/selinux/hooks.c,1739}"
CE0x4b3ea80 "{CE0x4b3ea80|may_create:tmp64|security/selinux/hooks.c,1739|*SummSink*}"
CONST[source:0(mediator),value:2(dynamic)][purpose:{subject}]


CONST[source:1(input),value:2(dynamic)][purpose:{object}][SrcIdx:2]  ->  CONST[source:0(mediator),value:2(dynamic)][purpose:{object}]
-----------
CONST[source:1(input),value:2(dynamic)][purpose:{object}][SrcIdx:2]
CE0x4a6a5a0 "{CE0x4a6a5a0|may_create:tclass|Function::may_create&Arg::tclass::|*SummSource*}"
CE0x4a6a530 "{CE0x4a6a530|may_create:tclass|Function::may_create&Arg::tclass::}"
CE0x4a6a670 "{CE0x4a6a670|may_create:tclass|Function::may_create&Arg::tclass::|*SummSink*}"
CONST[source:0(mediator),value:2(dynamic)][purpose:{object}]


CONST[source:1(input),value:2(dynamic)][purpose:{object}][SrcIdx:0]  ->  CONST[source:0(mediator),value:2(dynamic)][purpose:{subject}]
-----------
CONST[source:1(input),value:2(dynamic)][purpose:{object}][SrcIdx:0]
CE0x4a86500 "{CE0x4a86500|28:_i32,_:_CRE_28,32_|*MultipleSource*|*LoadInst*|security/selinux/hooks.c,1713|security/selinux/hooks.c,1713|security/selinux/hooks.c,1722}"
CE0x4b66d80 "{CE0x4b66d80|may_create:tmp46|security/selinux/hooks.c,1729}"
CE0x4ab9ac0 "{CE0x4ab9ac0|may_create:call22|security/selinux/hooks.c,1729}"
CE0x4b7e7a0 "{CE0x4b7e7a0|may_create:tobool23|security/selinux/hooks.c,1731}"
CE0x4a61160 "{CE0x4a61160|may_create:if.end30}"
CE0x4b3e890 "{CE0x4b3e890|may_create:tmp64|security/selinux/hooks.c,1739}"
CE0x4b3ea80 "{CE0x4b3ea80|may_create:tmp64|security/selinux/hooks.c,1739|*SummSink*}"
CONST[source:0(mediator),value:2(dynamic)][purpose:{subject}]


CONST[source:1(input),value:2(dynamic)][purpose:{object}][SrcIdx:0]  ->  CONST[source:0(mediator),value:2(dynamic)][purpose:{object}]
-----------
CONST[source:1(input),value:2(dynamic)][purpose:{object}][SrcIdx:0]
CE0x4a86500 "{CE0x4a86500|28:_i32,_:_CRE_28,32_|*MultipleSource*|*LoadInst*|security/selinux/hooks.c,1713|security/selinux/hooks.c,1713|security/selinux/hooks.c,1722}"
CE0x4b43aa0 "{CE0x4b43aa0|may_create:tmp29|security/selinux/hooks.c,1722}"
CE0x4b43ea0 "{CE0x4b43ea0|may_create:tmp29|security/selinux/hooks.c,1722|*SummSink*}"
CONST[source:0(mediator),value:2(dynamic)][purpose:{object}]


