[selinux_file_ioctl]

explicit:
CONST[source:1(input),value:2(dynamic)][purpose:{object}]  ->  CONST[source:0(mediator),value:2(dynamic)][purpose:{subject}]

-----------
CONST[source:1(input),value:2(dynamic)][purpose:{object}]
CE0x94ad7a0 "{CE0x94ad7a0|VOIDTB_TE:_IE:_elem_0:default:}"
CE0x950f6f0 "{CE0x950f6f0|tmp6}"
CE0x94931a0 "{CE0x94931a0|_ret_i32_%tmp6,_!dbg_!27716}"
CE0x949b4f0 "{CE0x949b4f0|call1}"
CE0x949b3e0 "{CE0x949b3e0|call1}"
CONST[source:0(mediator),value:2(dynamic)][purpose:{subject}]



CONST[source:1(input),value:2(dynamic)][purpose:{object}]  ->  CONST[source:0(mediator),value:2(dynamic)][purpose:{object}]

-----------
CONST[source:1(input),value:2(dynamic)][purpose:{object}]
CE0x94ad7a0 "{CE0x94ad7a0|VOIDTB_TE:_IE:_elem_0:default:}"
CE0x94d9290 "{CE0x94d9290|tmp18}"
CE0x94d95b0 "{CE0x94d95b0|tmp18}"
CONST[source:0(mediator),value:2(dynamic)][purpose:{object}]



CONST[source:0(mediator),value:2(dynamic)][purpose:{subject}]  ->  CONST[source:0(mediator),value:2(dynamic)][purpose:{object}]

-----------
CONST[source:0(mediator),value:2(dynamic)][purpose:{subject}]
CE0x94ad7a0 "{CE0x94ad7a0|VOIDTB_TE:_IE:_elem_0:default:}"
CE0x94d9290 "{CE0x94d9290|tmp18}"
CE0x94d95b0 "{CE0x94d95b0|tmp18}"
CONST[source:0(mediator),value:2(dynamic)][purpose:{object}]



CONST[source:2(external),value:2(dynamic)][purpose:{subject}]  ->  CONST[source:0(mediator),value:2(dynamic)][purpose:{subject}]

-----------
CONST[source:2(external),value:2(dynamic)][purpose:{subject}]
CE0x94ad7a0 "{CE0x94ad7a0|VOIDTB_TE:_IE:_elem_0:default:}"
CE0x950f6f0 "{CE0x950f6f0|tmp6}"
CE0x94931a0 "{CE0x94931a0|_ret_i32_%tmp6,_!dbg_!27716}"
CE0x949b4f0 "{CE0x949b4f0|call1}"
CE0x949b3e0 "{CE0x949b3e0|call1}"
CONST[source:0(mediator),value:2(dynamic)][purpose:{subject}]



CONST[source:2(external),value:2(dynamic)][purpose:{subject}]  ->  CONST[source:0(mediator),value:2(dynamic)][purpose:{object}]

-----------
CONST[source:2(external),value:2(dynamic)][purpose:{subject}]
CE0x94ad7a0 "{CE0x94ad7a0|VOIDTB_TE:_IE:_elem_0:default:}"
CE0x94d9290 "{CE0x94d9290|tmp18}"
CE0x94d95b0 "{CE0x94d95b0|tmp18}"
CONST[source:0(mediator),value:2(dynamic)][purpose:{object}]




implicit:
CONST[source:2(external),value:2(dynamic)][purpose:{subject}]  ->  CONST[source:0(mediator),value:2(dynamic)][purpose:{subject}]

-----------
CONST[source:2(external),value:2(dynamic)][purpose:{subject}]
CE0x94ad7a0 "{CE0x94ad7a0|VOIDTB_TE:_IE:_elem_0:default:}"
CE0x955add0 "{CE0x955add0|tmp6}"
CE0x950c0e0 "{CE0x950c0e0|_ret_i32_%tmp6,_!dbg_!27716}"
CE0x950bc90 "{CE0x950bc90|call}"
CE0x950be30 "{CE0x950be30|call}"
CONST[source:0(mediator),value:2(dynamic)][purpose:{subject}]



CONST[source:2(external),value:2(dynamic)][purpose:{subject}]  ->  CONST[source:0(mediator),value:2(dynamic)][purpose:{object}]

-----------
CONST[source:2(external),value:2(dynamic)][purpose:{subject}]
CE0x94ad7a0 "{CE0x94ad7a0|VOIDTB_TE:_IE:_elem_0:default:}"
CE0x94c1950 "{CE0x94c1950|tmp11}"
CE0x94c1a30 "{CE0x94c1a30|tmp11}"
CONST[source:0(mediator),value:2(dynamic)][purpose:{object}]



CONST[source:0(mediator),value:2(dynamic)][purpose:{subject}]  ->  CONST[source:0(mediator),value:2(dynamic)][purpose:{object}]

-----------
CONST[source:0(mediator),value:2(dynamic)][purpose:{subject}]
CE0x94ad7a0 "{CE0x94ad7a0|VOIDTB_TE:_IE:_elem_0:default:}"
CE0x94c1950 "{CE0x94c1950|tmp11}"
CE0x94c1a30 "{CE0x94c1a30|tmp11}"
CONST[source:0(mediator),value:2(dynamic)][purpose:{object}]



CONST[source:1(input),value:2(dynamic)][purpose:{object}]  ->  CONST[source:0(mediator),value:2(dynamic)][purpose:{subject}]

-----------
CONST[source:1(input),value:2(dynamic)][purpose:{object}]
CE0x94ad7a0 "{CE0x94ad7a0|VOIDTB_TE:_IE:_elem_0:default:}"
CE0x955add0 "{CE0x955add0|tmp6}"
CE0x950c0e0 "{CE0x950c0e0|_ret_i32_%tmp6,_!dbg_!27716}"
CE0x950bc90 "{CE0x950bc90|call}"
CE0x950be30 "{CE0x950be30|call}"
CONST[source:0(mediator),value:2(dynamic)][purpose:{subject}]



CONST[source:1(input),value:2(dynamic)][purpose:{object}]  ->  CONST[source:0(mediator),value:2(dynamic)][purpose:{object}]

-----------
CONST[source:1(input),value:2(dynamic)][purpose:{object}]
CE0x94ad7a0 "{CE0x94ad7a0|VOIDTB_TE:_IE:_elem_0:default:}"
CE0x94c1950 "{CE0x94c1950|tmp11}"
CE0x94c1a30 "{CE0x94c1a30|tmp11}"
CONST[source:0(mediator),value:2(dynamic)][purpose:{object}]



