[selinux_socket_shutdown]

explicit:
CONST[source:2(external),value:2(dynamic)][purpose:{subject}]  ->  CONST[source:0(mediator),value:2(dynamic)][purpose:{subject}]
-----------
CONST[source:2(external),value:2(dynamic)][purpose:{subject}]
CE0x51adac0 "{CE0x51adac0|COLLAPSED:_GCMRE_current_task_external_global_%struct.task_struct*:_elem_0:default:}"
CE0x51fdcd0 "{CE0x51fdcd0|task_sid:_tmp4|*LoadInst*|security/selinux/hooks.c,208}"
CE0x5226730 "{CE0x5226730|cred_sid:_cred|Function::cred_sid&Arg::cred::}"
CE0x5170a50 "{CE0x5170a50|cred_sid:_security|security/selinux/hooks.c,196}"
CE0x5207560 "{CE0x5207560|cred_sid:_tmp4|*LoadInst*|security/selinux/hooks.c,196}"
CE0x5165f70 "{CE0x5165f70|cred_sid:_tmp5|security/selinux/hooks.c,196}"
CE0x5229770 "{CE0x5229770|cred_sid:_sid|security/selinux/hooks.c,197}"
CE0x5208db0 "{CE0x5208db0|cred_sid:_tmp6|security/selinux/hooks.c,197}"
CE0x5226aa0 "{CE0x5226aa0|_ret_i32_%tmp6,_!dbg_!27716|security/selinux/hooks.c,197}"
CE0x5225a30 "{CE0x5225a30|task_sid:_call7|security/selinux/hooks.c,208}"
CE0x51efb50 "{CE0x51efb50|_ret_i32_%call7,_!dbg_!27749|security/selinux/hooks.c,210}"
CE0x51f1040 "{CE0x51f1040|sock_has_perm:_call|security/selinux/hooks.c,3967}"
CE0x51f11e0 "{CE0x51f11e0|sock_has_perm:_call|security/selinux/hooks.c,3967|*SummSink*}"
CONST[source:0(mediator),value:2(dynamic)][purpose:{subject}]


CONST[source:1(input),value:2(dynamic)][purpose:{object}]  ->  CONST[source:0(mediator),value:2(dynamic)][purpose:{object}]
-----------
CONST[source:1(input),value:2(dynamic)][purpose:{object}]
CE0x515c970 "{CE0x515c970|32:_%struct.sock*,_:_CRE_32,40_|*MultipleSource*|security/selinux/hooks.c,4253|Function::selinux_socket_shutdown&Arg::sock::}"
CE0x516ffe0 "{CE0x516ffe0|selinux_socket_shutdown:_tmp4|*LoadInst*|security/selinux/hooks.c,4253}"
CE0x6d2d5e0 "{CE0x6d2d5e0|sock_has_perm:_sk|Function::sock_has_perm&Arg::sk::}"
CE0x5167cf0 "{CE0x5167cf0|sock_has_perm:_sk_security|security/selinux/hooks.c,3964}"
CE0x51d73e0 "{CE0x51d73e0|sock_has_perm:_tmp2|*LoadInst*|security/selinux/hooks.c,3964}"
CE0x51f51f0 "{CE0x51f51f0|sock_has_perm:_tmp3|security/selinux/hooks.c,3964}"
CE0x51e8a50 "{CE0x51e8a50|sock_has_perm:_sclass|security/selinux/hooks.c,3976}"
CE0x51e6230 "{CE0x51e6230|sock_has_perm:_tmp17|security/selinux/hooks.c,3976}"
CE0x51e5d40 "{CE0x51e5d40|sock_has_perm:_tmp17|security/selinux/hooks.c,3976|*SummSink*}"
CONST[source:0(mediator),value:2(dynamic)][purpose:{object}]



implicit:
CONST[source:2(external),value:2(dynamic)][purpose:{subject}]  ->  CONST[source:0(mediator),value:2(dynamic)][purpose:{subject}]
-----------
CONST[source:2(external),value:2(dynamic)][purpose:{subject}]
CE0x51adac0 "{CE0x51adac0|COLLAPSED:_GCMRE_current_task_external_global_%struct.task_struct*:_elem_0:default:}"
CE0x51fdcd0 "{CE0x51fdcd0|task_sid:_tmp4|*LoadInst*|security/selinux/hooks.c,208}"
CE0x5226730 "{CE0x5226730|cred_sid:_cred|Function::cred_sid&Arg::cred::}"
CE0x5170a50 "{CE0x5170a50|cred_sid:_security|security/selinux/hooks.c,196}"
CE0x5207560 "{CE0x5207560|cred_sid:_tmp4|*LoadInst*|security/selinux/hooks.c,196}"
CE0x5165f70 "{CE0x5165f70|cred_sid:_tmp5|security/selinux/hooks.c,196}"
CE0x5229770 "{CE0x5229770|cred_sid:_sid|security/selinux/hooks.c,197}"
CE0x5208db0 "{CE0x5208db0|cred_sid:_tmp6|security/selinux/hooks.c,197}"
CE0x5226aa0 "{CE0x5226aa0|_ret_i32_%tmp6,_!dbg_!27716|security/selinux/hooks.c,197}"
CE0x5225a30 "{CE0x5225a30|task_sid:_call7|security/selinux/hooks.c,208}"
CE0x51efb50 "{CE0x51efb50|_ret_i32_%call7,_!dbg_!27749|security/selinux/hooks.c,210}"
CE0x51f1040 "{CE0x51f1040|sock_has_perm:_call|security/selinux/hooks.c,3967}"
CE0x51f11e0 "{CE0x51f11e0|sock_has_perm:_call|security/selinux/hooks.c,3967|*SummSink*}"
CONST[source:0(mediator),value:2(dynamic)][purpose:{subject}]


CONST[source:1(input),value:2(dynamic)][purpose:{object}]  ->  CONST[source:0(mediator),value:2(dynamic)][purpose:{object}]
-----------
CONST[source:1(input),value:2(dynamic)][purpose:{object}]
CE0x515c970 "{CE0x515c970|32:_%struct.sock*,_:_CRE_32,40_|*MultipleSource*|security/selinux/hooks.c,4253|Function::selinux_socket_shutdown&Arg::sock::}"
CE0x516ffe0 "{CE0x516ffe0|selinux_socket_shutdown:_tmp4|*LoadInst*|security/selinux/hooks.c,4253}"
CE0x6d2d5e0 "{CE0x6d2d5e0|sock_has_perm:_sk|Function::sock_has_perm&Arg::sk::}"
CE0x5167cf0 "{CE0x5167cf0|sock_has_perm:_sk_security|security/selinux/hooks.c,3964}"
CE0x51d73e0 "{CE0x51d73e0|sock_has_perm:_tmp2|*LoadInst*|security/selinux/hooks.c,3964}"
CE0x51f51f0 "{CE0x51f51f0|sock_has_perm:_tmp3|security/selinux/hooks.c,3964}"
CE0x51e8a50 "{CE0x51e8a50|sock_has_perm:_sclass|security/selinux/hooks.c,3976}"
CE0x51e6230 "{CE0x51e6230|sock_has_perm:_tmp17|security/selinux/hooks.c,3976}"
CE0x51e5d40 "{CE0x51e5d40|sock_has_perm:_tmp17|security/selinux/hooks.c,3976|*SummSink*}"
CONST[source:0(mediator),value:2(dynamic)][purpose:{object}]


