[selinux_xfrm_policy_delete]

explicit:
CONST[source:1(input),value:2(dynamic)][purpose:{object}][SrcIdx:1]  ->  CONST[source:0(mediator),value:2(dynamic)][purpose:{object}][SnkIdx:1]
-----------
CONST[source:1(input),value:2(dynamic)][purpose:{object}][SrcIdx:1]
CE0x3f94a10 "{CE0x3f94a10|4:_i32,_:_CRE_4,8_|*MultipleSource*|Function::selinux_xfrm_policy_delete&Arg::ctx::|security/selinux/xfrm.c,147|Function::selinux_xfrm_delete&Arg::ctx::}"
CE0x3f94de0 "{CE0x3f94de0|selinux_xfrm_delete:tmp31|*LoadInst*|security/selinux/xfrm.c,147}"
CE0x3f95020 "{CE0x3f95020|selinux_xfrm_delete:tmp31|*LoadInst*|security/selinux/xfrm.c,147|*SummSink*}"
CONST[source:0(mediator),value:2(dynamic)][purpose:{object}][SnkIdx:1]



implicit:
CONST[source:1(input),value:2(dynamic)][purpose:{object}][SrcIdx:1]  ->  CONST[source:0(mediator),value:2(dynamic)][purpose:{object}][SnkIdx:1]
-----------
CONST[source:1(input),value:2(dynamic)][purpose:{object}][SrcIdx:1]
CE0x3f94a10 "{CE0x3f94a10|4:_i32,_:_CRE_4,8_|*MultipleSource*|Function::selinux_xfrm_policy_delete&Arg::ctx::|security/selinux/xfrm.c,147|Function::selinux_xfrm_delete&Arg::ctx::}"
CE0x3f94de0 "{CE0x3f94de0|selinux_xfrm_delete:tmp31|*LoadInst*|security/selinux/xfrm.c,147}"
CE0x3f95020 "{CE0x3f95020|selinux_xfrm_delete:tmp31|*LoadInst*|security/selinux/xfrm.c,147|*SummSink*}"
CONST[source:0(mediator),value:2(dynamic)][purpose:{object}][SnkIdx:1]


CONST[source:1(input),value:2(dynamic)][purpose:{object}][SrcIdx:1]  ->  CONST[source:0(mediator),value:2(dynamic)][purpose:{subject}][SnkIdx:0]
-----------
CONST[source:1(input),value:2(dynamic)][purpose:{object}][SrcIdx:1]
CE0x3f59ea0 "{CE0x3f59ea0|selinux_xfrm_policy_delete:ctx|Function::selinux_xfrm_policy_delete&Arg::ctx::|*SummSource*}"
CE0x3f5a0a0 "{CE0x3f5a0a0|selinux_xfrm_policy_delete:ctx|Function::selinux_xfrm_policy_delete&Arg::ctx::}"
CE0x3f5f440 "{CE0x3f5f440|selinux_xfrm_delete:ctx|Function::selinux_xfrm_delete&Arg::ctx::}"
CE0x3f70130 "{CE0x3f70130|selinux_xfrm_delete:tobool5|security/selinux/xfrm.c,144}"
CE0x3f5a8f0 "{CE0x3f5a8f0|selinux_xfrm_delete:if.end7}"
CE0x3f65d20 "{CE0x3f65d20|selinux_xfrm_delete:tmp30|security/selinux/xfrm.c,147}"
CE0x3f65e40 "{CE0x3f65e40|selinux_xfrm_delete:tmp30|security/selinux/xfrm.c,147|*SummSink*}"
CONST[source:0(mediator),value:2(dynamic)][purpose:{subject}][SnkIdx:0]


