[tomoyo_path_rmdir]

explicit:
CONST[source:2(external),value:2(dynamic)][purpose:{subject}]  ->  CONST[source:1(input),value:2(dynamic)][purpose:{subject}]
-----------
CONST[source:2(external),value:2(dynamic)][purpose:{subject}]
CE0x6469a00 "{CE0x6469a00|128:_i8*,_1208:_%struct.file*,_:_CMRE_128,136_|*MultipleSource*|security/tomoyo/common.h,1205|security/tomoyo/common.h,1205}"
CE0x646a540 "{CE0x646a540|tomoyo_domain:_tmp22|security/tomoyo/common.h,1205}"
CE0x63f78e0 "{CE0x63f78e0|tomoyo_domain:_tmp23|security/tomoyo/common.h,1205}"
CE0x7cd5880 "{CE0x7cd5880|_ret_%struct.tomoyo_domain_info*_%tmp23,_!dbg_!38929|security/tomoyo/common.h,1205}"
CE0x491da20 "{CE0x491da20|tomoyo_init_request_info:_call|security/tomoyo/util.c,1005}"
CE0x491d9b0 "{CE0x491d9b0|tomoyo_init_request_info:_domain.addr.0}"
CE0x6743870 "{CE0x6743870|0:_%struct.tomoyo_obj_info*,_16:_%struct.tomoyo_domain_info*,_24:_%struct.tomoyo_path_info*,_40:_i8,_72:_i8,_75:_i8,_76:_i8,_77:_i8,_:_SCMRE_16,24_|*MultipleSource*|security/tomoyo/file.c, 787|security/tomoyo/file.c,787|Function::tomoyo_init_request_info&Arg::r::|security/tomoyo/file.c,800}"
CONST[source:1(input),value:2(dynamic)][purpose:{subject}]



implicit:
CONST[source:2(external),value:2(dynamic)][purpose:{subject}]  ->  CONST[source:1(input),value:2(dynamic)][purpose:{subject}]
-----------
CONST[source:2(external),value:2(dynamic)][purpose:{subject}]
CE0x54a5680 "{CE0x54a5680|COLLAPSED:_GCRE_current_task_external_global_%struct.task_struct*:_elem_0::|security/tomoyo/common.h,1205}"
CE0x646a540 "{CE0x646a540|tomoyo_domain:_tmp22|security/tomoyo/common.h,1205}"
CE0x63f78e0 "{CE0x63f78e0|tomoyo_domain:_tmp23|security/tomoyo/common.h,1205}"
CE0x7cd5880 "{CE0x7cd5880|_ret_%struct.tomoyo_domain_info*_%tmp23,_!dbg_!38929|security/tomoyo/common.h,1205}"
CE0x491da20 "{CE0x491da20|tomoyo_init_request_info:_call|security/tomoyo/util.c,1005}"
CE0x491d9b0 "{CE0x491d9b0|tomoyo_init_request_info:_domain.addr.0}"
CE0x6743870 "{CE0x6743870|0:_%struct.tomoyo_obj_info*,_16:_%struct.tomoyo_domain_info*,_24:_%struct.tomoyo_path_info*,_40:_i8,_72:_i8,_75:_i8,_76:_i8,_77:_i8,_:_SCMRE_16,24_|*MultipleSource*|security/tomoyo/file.c, 787|security/tomoyo/file.c,787|Function::tomoyo_init_request_info&Arg::r::|security/tomoyo/file.c,800}"
CONST[source:1(input),value:2(dynamic)][purpose:{subject}]


