[tomoyo_path_chown]

explicit:
CONST[source:2(external),value:2(dynamic)][purpose:{subject}][SrcIdx:4]  ->  CONST[source:0(mediator),value:0(static)][purpose:{operation}]
-----------
CONST[source:2(external),value:2(dynamic)][purpose:{subject}][SrcIdx:4]
CE0x5f47a50 "{CE0x5f47a50|128:_i8*,_1208:_%struct.file*,_:_CMRE:_elem_0:default:}"
CE0x5f0b350 "{CE0x5f0b350|VOIDTB_TE:_CE_2096,2272_}"
CE0x5f3aa90 "{CE0x5f3aa90|56:_i32_(%struct.socket.518*,_%struct.sockaddr*,_i32*,_i32)*,_:_IRE:_elem_0:default:}"
CONST[source:0(mediator),value:0(static)][purpose:{operation}]


CONST[source:2(external),value:2(dynamic)][purpose:{subject}][SrcIdx:4]  ->  CONST[source:0(mediator),value:2(dynamic)][purpose:{subject}]
-----------
CONST[source:2(external),value:2(dynamic)][purpose:{subject}][SrcIdx:4]
CE0x5f47a50 "{CE0x5f47a50|128:_i8*,_1208:_%struct.file*,_:_CMRE:_elem_0:default:}"
CE0x5f0b350 "{CE0x5f0b350|VOIDTB_TE:_CE_2096,2272_}"
CE0x5f3aa90 "{CE0x5f3aa90|56:_i32_(%struct.socket.518*,_%struct.sockaddr*,_i32*,_i32)*,_:_IRE:_elem_0:default:}"
CONST[source:0(mediator),value:2(dynamic)][purpose:{subject}]


CONST[source:2(external),value:2(dynamic)][purpose:{subject}][SrcIdx:4]  ->  CONST[source:0(mediator),value:2(dynamic)][purpose:{object}]
-----------
CONST[source:2(external),value:2(dynamic)][purpose:{subject}][SrcIdx:4]
CE0x5f47a50 "{CE0x5f47a50|128:_i8*,_1208:_%struct.file*,_:_CMRE:_elem_0:default:}"
CE0x5f0b350 "{CE0x5f0b350|VOIDTB_TE:_CE_2096,2272_}"
CE0x5f3aa90 "{CE0x5f3aa90|56:_i32_(%struct.socket.518*,_%struct.sockaddr*,_i32*,_i32)*,_:_IRE:_elem_0:default:}"
CONST[source:0(mediator),value:2(dynamic)][purpose:{object}]


CONST[source:1(input),value:2(dynamic)][purpose:{object}][SrcIdx:3]  ->  CONST[source:0(mediator),value:0(static)][purpose:{operation}]
-----------
CONST[source:1(input),value:2(dynamic)][purpose:{object}][SrcIdx:3]
CE0x5f01cd0 "{CE0x5f01cd0|0:_i32,_:_SCMR:_elem_0:default:}"
CE0x5efa190 "{CE0x5efa190|tmp21}"
CE0x5ef41f0 "{CE0x5ef41f0|call11}"
CE0x5f2e050 "{CE0x5f2e050|conv12}"
CE0x5f18100 "{CE0x5f18100|number}"
CE0x5f3aa90 "{CE0x5f3aa90|56:_i32_(%struct.socket.518*,_%struct.sockaddr*,_i32*,_i32)*,_:_IRE:_elem_0:default:}"
CONST[source:0(mediator),value:0(static)][purpose:{operation}]


CONST[source:1(input),value:2(dynamic)][purpose:{object}][SrcIdx:3]  ->  CONST[source:0(mediator),value:2(dynamic)][purpose:{subject}]
-----------
CONST[source:1(input),value:2(dynamic)][purpose:{object}][SrcIdx:3]
CE0x5f01cd0 "{CE0x5f01cd0|0:_i32,_:_SCMR:_elem_0:default:}"
CE0x5efa190 "{CE0x5efa190|tmp21}"
CE0x5ef41f0 "{CE0x5ef41f0|call11}"
CE0x5f2e050 "{CE0x5f2e050|conv12}"
CE0x5f18100 "{CE0x5f18100|number}"
CE0x5f3aa90 "{CE0x5f3aa90|56:_i32_(%struct.socket.518*,_%struct.sockaddr*,_i32*,_i32)*,_:_IRE:_elem_0:default:}"
CONST[source:0(mediator),value:2(dynamic)][purpose:{subject}]


CONST[source:1(input),value:2(dynamic)][purpose:{object}][SrcIdx:3]  ->  CONST[source:0(mediator),value:2(dynamic)][purpose:{object}]
-----------
CONST[source:1(input),value:2(dynamic)][purpose:{object}][SrcIdx:3]
CE0x5f01cd0 "{CE0x5f01cd0|0:_i32,_:_SCMR:_elem_0:default:}"
CE0x5efa190 "{CE0x5efa190|tmp21}"
CE0x5ef41f0 "{CE0x5ef41f0|call11}"
CE0x5f2e050 "{CE0x5f2e050|conv12}"
CE0x5f18100 "{CE0x5f18100|number}"
CE0x5f3aa90 "{CE0x5f3aa90|56:_i32_(%struct.socket.518*,_%struct.sockaddr*,_i32*,_i32)*,_:_IRE:_elem_0:default:}"
CONST[source:0(mediator),value:2(dynamic)][purpose:{object}]


CONST[source:1(input),value:2(dynamic)][purpose:{object}][SrcIdx:2]  ->  CONST[source:0(mediator),value:0(static)][purpose:{operation}]
-----------
CONST[source:1(input),value:2(dynamic)][purpose:{object}][SrcIdx:2]
CE0x5f09780 "{CE0x5f09780|0:_i32,_:_SCMR:_elem_0:default:}"
CE0x5f02700 "{CE0x5f02700|tmp9}"
CE0x5efd8b0 "{CE0x5efd8b0|call4}"
CE0x5f14c80 "{CE0x5f14c80|conv}"
CE0x5f18100 "{CE0x5f18100|number}"
CE0x5f3aa90 "{CE0x5f3aa90|56:_i32_(%struct.socket.518*,_%struct.sockaddr*,_i32*,_i32)*,_:_IRE:_elem_0:default:}"
CONST[source:0(mediator),value:0(static)][purpose:{operation}]


CONST[source:1(input),value:2(dynamic)][purpose:{object}][SrcIdx:2]  ->  CONST[source:0(mediator),value:2(dynamic)][purpose:{subject}]
-----------
CONST[source:1(input),value:2(dynamic)][purpose:{object}][SrcIdx:2]
CE0x5f09780 "{CE0x5f09780|0:_i32,_:_SCMR:_elem_0:default:}"
CE0x5f02700 "{CE0x5f02700|tmp9}"
CE0x5efd8b0 "{CE0x5efd8b0|call4}"
CE0x5f14c80 "{CE0x5f14c80|conv}"
CE0x5f18100 "{CE0x5f18100|number}"
CE0x5f3aa90 "{CE0x5f3aa90|56:_i32_(%struct.socket.518*,_%struct.sockaddr*,_i32*,_i32)*,_:_IRE:_elem_0:default:}"
CONST[source:0(mediator),value:2(dynamic)][purpose:{subject}]


CONST[source:1(input),value:2(dynamic)][purpose:{object}][SrcIdx:2]  ->  CONST[source:0(mediator),value:2(dynamic)][purpose:{object}]
-----------
CONST[source:1(input),value:2(dynamic)][purpose:{object}][SrcIdx:2]
CE0x5f09780 "{CE0x5f09780|0:_i32,_:_SCMR:_elem_0:default:}"
CE0x5f02700 "{CE0x5f02700|tmp9}"
CE0x5efd8b0 "{CE0x5efd8b0|call4}"
CE0x5f14c80 "{CE0x5f14c80|conv}"
CE0x5f18100 "{CE0x5f18100|number}"
CE0x5f3aa90 "{CE0x5f3aa90|56:_i32_(%struct.socket.518*,_%struct.sockaddr*,_i32*,_i32)*,_:_IRE:_elem_0:default:}"
CONST[source:0(mediator),value:2(dynamic)][purpose:{object}]


CONST[source:1(input),value:2(dynamic)][purpose:{object}][SrcIdx:0]  ->  CONST[source:0(mediator),value:0(static)][purpose:{operation}]
-----------
CONST[source:1(input),value:2(dynamic)][purpose:{object}][SrcIdx:0]
CE0x5f3aa90 "{CE0x5f3aa90|56:_i32_(%struct.socket.518*,_%struct.sockaddr*,_i32*,_i32)*,_:_IRE:_elem_0:default:}"
CONST[source:0(mediator),value:0(static)][purpose:{operation}]


CONST[source:1(input),value:2(dynamic)][purpose:{object}][SrcIdx:0]  ->  CONST[source:0(mediator),value:2(dynamic)][purpose:{subject}]
-----------
CONST[source:1(input),value:2(dynamic)][purpose:{object}][SrcIdx:0]
CE0x5f3aa90 "{CE0x5f3aa90|56:_i32_(%struct.socket.518*,_%struct.sockaddr*,_i32*,_i32)*,_:_IRE:_elem_0:default:}"
CONST[source:0(mediator),value:2(dynamic)][purpose:{subject}]


CONST[source:1(input),value:2(dynamic)][purpose:{object}][SrcIdx:0]  ->  CONST[source:0(mediator),value:2(dynamic)][purpose:{object}]
-----------
CONST[source:1(input),value:2(dynamic)][purpose:{object}][SrcIdx:0]
CE0x5f3aa90 "{CE0x5f3aa90|56:_i32_(%struct.socket.518*,_%struct.sockaddr*,_i32*,_i32)*,_:_IRE:_elem_0:default:}"
CONST[source:0(mediator),value:2(dynamic)][purpose:{object}]


CONST[source:0(mediator),value:0(static)][purpose:{operation}][SrcIdx:1]  ->  CONST[source:0(mediator),value:2(dynamic)][purpose:{subject}]
-----------
CONST[source:0(mediator),value:0(static)][purpose:{operation}][SrcIdx:1]
CE0x5efd580 "{CE0x5efd580|type}"
CE0x5f15610 "{CE0x5f15610|type}"
CE0x5f3aa90 "{CE0x5f3aa90|56:_i32_(%struct.socket.518*,_%struct.sockaddr*,_i32*,_i32)*,_:_IRE:_elem_0:default:}"
CONST[source:0(mediator),value:2(dynamic)][purpose:{subject}]


CONST[source:0(mediator),value:0(static)][purpose:{operation}][SrcIdx:1]  ->  CONST[source:0(mediator),value:2(dynamic)][purpose:{object}]
-----------
CONST[source:0(mediator),value:0(static)][purpose:{operation}][SrcIdx:1]
CE0x5efd580 "{CE0x5efd580|type}"
CE0x5f15610 "{CE0x5f15610|type}"
CE0x5f3aa90 "{CE0x5f3aa90|56:_i32_(%struct.socket.518*,_%struct.sockaddr*,_i32*,_i32)*,_:_IRE:_elem_0:default:}"
CONST[source:0(mediator),value:2(dynamic)][purpose:{object}]



implicit:
CONST[source:1(input),value:2(dynamic)][purpose:{object}][SrcIdx:2]  ->  CONST[source:0(mediator),value:0(static)][purpose:{operation}]
-----------
CONST[source:1(input),value:2(dynamic)][purpose:{object}][SrcIdx:2]
CE0x5f09780 "{CE0x5f09780|0:_i32,_:_SCMR:_elem_0:default:}"
CE0x5f02700 "{CE0x5f02700|tmp9}"
CE0x5efd8b0 "{CE0x5efd8b0|call4}"
CE0x5f14c80 "{CE0x5f14c80|conv}"
CE0x5f18100 "{CE0x5f18100|number}"
CE0x5f3aa90 "{CE0x5f3aa90|56:_i32_(%struct.socket.518*,_%struct.sockaddr*,_i32*,_i32)*,_:_IRE:_elem_0:default:}"
CONST[source:0(mediator),value:0(static)][purpose:{operation}]


CONST[source:1(input),value:2(dynamic)][purpose:{object}][SrcIdx:2]  ->  CONST[source:0(mediator),value:2(dynamic)][purpose:{object}]
-----------
CONST[source:1(input),value:2(dynamic)][purpose:{object}][SrcIdx:2]
CE0x5f09780 "{CE0x5f09780|0:_i32,_:_SCMR:_elem_0:default:}"
CE0x5f02700 "{CE0x5f02700|tmp9}"
CE0x5efd8b0 "{CE0x5efd8b0|call4}"
CE0x5f14c80 "{CE0x5f14c80|conv}"
CE0x5f18100 "{CE0x5f18100|number}"
CE0x5f3aa90 "{CE0x5f3aa90|56:_i32_(%struct.socket.518*,_%struct.sockaddr*,_i32*,_i32)*,_:_IRE:_elem_0:default:}"
CONST[source:0(mediator),value:2(dynamic)][purpose:{object}]


CONST[source:1(input),value:2(dynamic)][purpose:{object}][SrcIdx:2]  ->  CONST[source:0(mediator),value:2(dynamic)][purpose:{subject}]
-----------
CONST[source:1(input),value:2(dynamic)][purpose:{object}][SrcIdx:2]
CE0x5f09780 "{CE0x5f09780|0:_i32,_:_SCMR:_elem_0:default:}"
CE0x5f02700 "{CE0x5f02700|tmp9}"
CE0x5efd8b0 "{CE0x5efd8b0|call4}"
CE0x5f14c80 "{CE0x5f14c80|conv}"
CE0x5f18100 "{CE0x5f18100|number}"
CE0x5f3aa90 "{CE0x5f3aa90|56:_i32_(%struct.socket.518*,_%struct.sockaddr*,_i32*,_i32)*,_:_IRE:_elem_0:default:}"
CONST[source:0(mediator),value:2(dynamic)][purpose:{subject}]


CONST[source:2(external),value:2(dynamic)][purpose:{subject}][SrcIdx:4]  ->  CONST[source:0(mediator),value:0(static)][purpose:{operation}]
-----------
CONST[source:2(external),value:2(dynamic)][purpose:{subject}][SrcIdx:4]
CE0x5f47180 "{CE0x5f47180|COLLAPSED:_GCRE_current_task_external_global_%struct.task_struct*:_elem_0:default:}"
CE0x5f0b3c0 "{CE0x5f0b3c0|VOIDTB_TE:_CE_6368,6384_}"
CE0x5f3aa90 "{CE0x5f3aa90|56:_i32_(%struct.socket.518*,_%struct.sockaddr*,_i32*,_i32)*,_:_IRE:_elem_0:default:}"
CONST[source:0(mediator),value:0(static)][purpose:{operation}]


CONST[source:2(external),value:2(dynamic)][purpose:{subject}][SrcIdx:4]  ->  CONST[source:0(mediator),value:2(dynamic)][purpose:{object}]
-----------
CONST[source:2(external),value:2(dynamic)][purpose:{subject}][SrcIdx:4]
CE0x5f47180 "{CE0x5f47180|COLLAPSED:_GCRE_current_task_external_global_%struct.task_struct*:_elem_0:default:}"
CE0x5f0b3c0 "{CE0x5f0b3c0|VOIDTB_TE:_CE_6368,6384_}"
CE0x5f3aa90 "{CE0x5f3aa90|56:_i32_(%struct.socket.518*,_%struct.sockaddr*,_i32*,_i32)*,_:_IRE:_elem_0:default:}"
CONST[source:0(mediator),value:2(dynamic)][purpose:{object}]


CONST[source:2(external),value:2(dynamic)][purpose:{subject}][SrcIdx:4]  ->  CONST[source:0(mediator),value:2(dynamic)][purpose:{subject}]
-----------
CONST[source:2(external),value:2(dynamic)][purpose:{subject}][SrcIdx:4]
CE0x5f47180 "{CE0x5f47180|COLLAPSED:_GCRE_current_task_external_global_%struct.task_struct*:_elem_0:default:}"
CE0x5f0b3c0 "{CE0x5f0b3c0|VOIDTB_TE:_CE_6368,6384_}"
CE0x5f37b00 "{CE0x5f37b00|VOIDTB_TE:_IE:_elem_0:default:}"
CONST[source:0(mediator),value:2(dynamic)][purpose:{subject}]


CONST[source:1(input),value:2(dynamic)][purpose:{object}][SrcIdx:3]  ->  CONST[source:0(mediator),value:0(static)][purpose:{operation}]
-----------
CONST[source:1(input),value:2(dynamic)][purpose:{object}][SrcIdx:3]
CE0x5f01cd0 "{CE0x5f01cd0|0:_i32,_:_SCMR:_elem_0:default:}"
CE0x5efa190 "{CE0x5efa190|tmp21}"
CE0x5ef41f0 "{CE0x5ef41f0|call11}"
CE0x5f2e050 "{CE0x5f2e050|conv12}"
CE0x5f18100 "{CE0x5f18100|number}"
CE0x5f3aa90 "{CE0x5f3aa90|56:_i32_(%struct.socket.518*,_%struct.sockaddr*,_i32*,_i32)*,_:_IRE:_elem_0:default:}"
CONST[source:0(mediator),value:0(static)][purpose:{operation}]


CONST[source:1(input),value:2(dynamic)][purpose:{object}][SrcIdx:3]  ->  CONST[source:0(mediator),value:2(dynamic)][purpose:{object}]
-----------
CONST[source:1(input),value:2(dynamic)][purpose:{object}][SrcIdx:3]
CE0x5f01cd0 "{CE0x5f01cd0|0:_i32,_:_SCMR:_elem_0:default:}"
CE0x5efa190 "{CE0x5efa190|tmp21}"
CE0x5ef41f0 "{CE0x5ef41f0|call11}"
CE0x5f2e050 "{CE0x5f2e050|conv12}"
CE0x5f18100 "{CE0x5f18100|number}"
CE0x5f3aa90 "{CE0x5f3aa90|56:_i32_(%struct.socket.518*,_%struct.sockaddr*,_i32*,_i32)*,_:_IRE:_elem_0:default:}"
CONST[source:0(mediator),value:2(dynamic)][purpose:{object}]


CONST[source:1(input),value:2(dynamic)][purpose:{object}][SrcIdx:3]  ->  CONST[source:0(mediator),value:2(dynamic)][purpose:{subject}]
-----------
CONST[source:1(input),value:2(dynamic)][purpose:{object}][SrcIdx:3]
CE0x5f01cd0 "{CE0x5f01cd0|0:_i32,_:_SCMR:_elem_0:default:}"
CE0x5efa190 "{CE0x5efa190|tmp21}"
CE0x5ef41f0 "{CE0x5ef41f0|call11}"
CE0x5f2e050 "{CE0x5f2e050|conv12}"
CE0x5f18100 "{CE0x5f18100|number}"
CE0x5f3aa90 "{CE0x5f3aa90|56:_i32_(%struct.socket.518*,_%struct.sockaddr*,_i32*,_i32)*,_:_IRE:_elem_0:default:}"
CONST[source:0(mediator),value:2(dynamic)][purpose:{subject}]


CONST[source:1(input),value:2(dynamic)][purpose:{object}][SrcIdx:0]  ->  CONST[source:0(mediator),value:0(static)][purpose:{operation}]
-----------
CONST[source:1(input),value:2(dynamic)][purpose:{object}][SrcIdx:0]
CE0x5f3aa90 "{CE0x5f3aa90|56:_i32_(%struct.socket.518*,_%struct.sockaddr*,_i32*,_i32)*,_:_IRE:_elem_0:default:}"
CONST[source:0(mediator),value:0(static)][purpose:{operation}]


CONST[source:1(input),value:2(dynamic)][purpose:{object}][SrcIdx:0]  ->  CONST[source:0(mediator),value:2(dynamic)][purpose:{object}]
-----------
CONST[source:1(input),value:2(dynamic)][purpose:{object}][SrcIdx:0]
CE0x5f3aa90 "{CE0x5f3aa90|56:_i32_(%struct.socket.518*,_%struct.sockaddr*,_i32*,_i32)*,_:_IRE:_elem_0:default:}"
CONST[source:0(mediator),value:2(dynamic)][purpose:{object}]


CONST[source:1(input),value:2(dynamic)][purpose:{object}][SrcIdx:0]  ->  CONST[source:0(mediator),value:2(dynamic)][purpose:{subject}]
-----------
CONST[source:1(input),value:2(dynamic)][purpose:{object}][SrcIdx:0]
CE0x5f37b00 "{CE0x5f37b00|VOIDTB_TE:_IE:_elem_0:default:}"
CONST[source:0(mediator),value:2(dynamic)][purpose:{subject}]


CONST[source:0(mediator),value:0(static)][purpose:{operation}][SrcIdx:1]  ->  CONST[source:0(mediator),value:2(dynamic)][purpose:{object}]
-----------
CONST[source:0(mediator),value:0(static)][purpose:{operation}][SrcIdx:1]
CE0x5efd580 "{CE0x5efd580|type}"
CE0x5f15610 "{CE0x5f15610|type}"
CE0x5f3aa90 "{CE0x5f3aa90|56:_i32_(%struct.socket.518*,_%struct.sockaddr*,_i32*,_i32)*,_:_IRE:_elem_0:default:}"
CONST[source:0(mediator),value:2(dynamic)][purpose:{object}]


CONST[source:0(mediator),value:0(static)][purpose:{operation}][SrcIdx:1]  ->  CONST[source:0(mediator),value:2(dynamic)][purpose:{subject}]
-----------
CONST[source:0(mediator),value:0(static)][purpose:{operation}][SrcIdx:1]
CE0x5efd580 "{CE0x5efd580|type}"
CE0x5f15610 "{CE0x5f15610|type}"
CE0x5f3aa90 "{CE0x5f3aa90|56:_i32_(%struct.socket.518*,_%struct.sockaddr*,_i32*,_i32)*,_:_IRE:_elem_0:default:}"
CONST[source:0(mediator),value:2(dynamic)][purpose:{subject}]


