[selinux_sb_statfs]

explicit:
CONST[source:1(input),value:2(dynamic)][purpose:{object}][SrcIdx:1]  ->  CONST[source:0(mediator),value:2(dynamic)][purpose:{object}][SnkIdx:1]
-----------
CONST[source:1(input),value:2(dynamic)][purpose:{object}][SrcIdx:1]
CE0x4c439d0 "{CE0x4c439d0|232:_%struct.super_block*,_:_CRE_232,240_|*MultipleSource*|security/selinux/hooks.c,2629|Function::selinux_sb_statfs&Arg::dentry::}"
CE0x4c8b6e0 "{CE0x4c8b6e0|selinux_sb_statfs:tmp24|*LoadInst*|security/selinux/hooks.c,2630}"
CE0x4c8d3d0 "{CE0x4c8d3d0|superblock_has_perm:sb|Function::superblock_has_perm&Arg::sb::}"
CE0x4c063e0 "{CE0x4c063e0|superblock_has_perm:s_security|security/selinux/hooks.c,1865}"
CE0x4c06510 "{CE0x4c06510|superblock_has_perm:tmp4|*LoadInst*|security/selinux/hooks.c,1865}"
CE0x4c85420 "{CE0x4c85420|superblock_has_perm:tmp5|security/selinux/hooks.c,1865}"
CE0x4c85c20 "{CE0x4c85c20|superblock_has_perm:sid1|security/selinux/hooks.c,1866}"
CE0x4c97320 "{CE0x4c97320|superblock_has_perm:tmp6|security/selinux/hooks.c,1866}"
CE0x4c861e0 "{CE0x4c861e0|superblock_has_perm:tmp6|security/selinux/hooks.c,1866|*SummSink*}"
CONST[source:0(mediator),value:2(dynamic)][purpose:{object}][SnkIdx:1]


CONST[source:2(external),value:2(dynamic)][purpose:{subject}][SrcIdx:3]  ->  CONST[source:0(mediator),value:2(dynamic)][purpose:{subject}][SnkIdx:0]
-----------
CONST[source:2(external),value:2(dynamic)][purpose:{subject}][SrcIdx:3]
CE0x4c353f0 "{CE0x4c353f0|COLLAPSED:_GCMRE_current_task_external_global_%struct.task_struct*:_elem_0::|security/selinux/hooks.c,2625}"
CE0x4c35a50 "{CE0x4c35a50|selinux_sb_statfs:tmp21|security/selinux/hooks.c,2625}"
CE0x4c8cf50 "{CE0x4c8cf50|superblock_has_perm:cred|Function::superblock_has_perm&Arg::cred::}"
CE0x4c75930 "{CE0x4c75930|cred_sid:cred|Function::cred_sid&Arg::cred::}"
CE0x4c04ad0 "{CE0x4c04ad0|cred_sid:security|security/selinux/hooks.c,196}"
CE0x4c04fb0 "{CE0x4c04fb0|cred_sid:tmp4|*LoadInst*|security/selinux/hooks.c,196}"
CE0x4c05260 "{CE0x4c05260|cred_sid:tmp5|security/selinux/hooks.c,196}"
CE0x4c15310 "{CE0x4c15310|cred_sid:sid|security/selinux/hooks.c,197}"
CE0x4c16040 "{CE0x4c16040|cred_sid:tmp6|security/selinux/hooks.c,197}"
CE0x4c75cc0 "{CE0x4c75cc0|_ret_i32_%tmp6,_!dbg_!27716|security/selinux/hooks.c,197}"
CE0x4c75dc0 "{CE0x4c75dc0|superblock_has_perm:call|security/selinux/hooks.c,1863}"
CE0x4c75f20 "{CE0x4c75f20|superblock_has_perm:call|security/selinux/hooks.c,1863|*SummSink*}"
CONST[source:0(mediator),value:2(dynamic)][purpose:{subject}][SnkIdx:0]



implicit:
CONST[source:2(external),value:2(dynamic)][purpose:{subject}][SrcIdx:3]  ->  CONST[source:0(mediator),value:2(dynamic)][purpose:{subject}][SnkIdx:0]
-----------
CONST[source:2(external),value:2(dynamic)][purpose:{subject}][SrcIdx:3]
CE0x4c353f0 "{CE0x4c353f0|COLLAPSED:_GCMRE_current_task_external_global_%struct.task_struct*:_elem_0::|security/selinux/hooks.c,2625}"
CE0x4c35a50 "{CE0x4c35a50|selinux_sb_statfs:tmp21|security/selinux/hooks.c,2625}"
CE0x4c8cf50 "{CE0x4c8cf50|superblock_has_perm:cred|Function::superblock_has_perm&Arg::cred::}"
CE0x4c75930 "{CE0x4c75930|cred_sid:cred|Function::cred_sid&Arg::cred::}"
CE0x4c04ad0 "{CE0x4c04ad0|cred_sid:security|security/selinux/hooks.c,196}"
CE0x4c04fb0 "{CE0x4c04fb0|cred_sid:tmp4|*LoadInst*|security/selinux/hooks.c,196}"
CE0x4c05260 "{CE0x4c05260|cred_sid:tmp5|security/selinux/hooks.c,196}"
CE0x4c15310 "{CE0x4c15310|cred_sid:sid|security/selinux/hooks.c,197}"
CE0x4c16040 "{CE0x4c16040|cred_sid:tmp6|security/selinux/hooks.c,197}"
CE0x4c75cc0 "{CE0x4c75cc0|_ret_i32_%tmp6,_!dbg_!27716|security/selinux/hooks.c,197}"
CE0x4c75dc0 "{CE0x4c75dc0|superblock_has_perm:call|security/selinux/hooks.c,1863}"
CE0x4c75f20 "{CE0x4c75f20|superblock_has_perm:call|security/selinux/hooks.c,1863|*SummSink*}"
CONST[source:0(mediator),value:2(dynamic)][purpose:{subject}][SnkIdx:0]


CONST[source:1(input),value:2(dynamic)][purpose:{object}][SrcIdx:1]  ->  CONST[source:0(mediator),value:2(dynamic)][purpose:{object}][SnkIdx:1]
-----------
CONST[source:1(input),value:2(dynamic)][purpose:{object}][SrcIdx:1]
CE0x4c439d0 "{CE0x4c439d0|232:_%struct.super_block*,_:_CRE_232,240_|*MultipleSource*|security/selinux/hooks.c,2629|Function::selinux_sb_statfs&Arg::dentry::}"
CE0x4c8b6e0 "{CE0x4c8b6e0|selinux_sb_statfs:tmp24|*LoadInst*|security/selinux/hooks.c,2630}"
CE0x4c8d3d0 "{CE0x4c8d3d0|superblock_has_perm:sb|Function::superblock_has_perm&Arg::sb::}"
CE0x4c063e0 "{CE0x4c063e0|superblock_has_perm:s_security|security/selinux/hooks.c,1865}"
CE0x4c06510 "{CE0x4c06510|superblock_has_perm:tmp4|*LoadInst*|security/selinux/hooks.c,1865}"
CE0x4c85420 "{CE0x4c85420|superblock_has_perm:tmp5|security/selinux/hooks.c,1865}"
CE0x4c85c20 "{CE0x4c85c20|superblock_has_perm:sid1|security/selinux/hooks.c,1866}"
CE0x4c97320 "{CE0x4c97320|superblock_has_perm:tmp6|security/selinux/hooks.c,1866}"
CE0x4c861e0 "{CE0x4c861e0|superblock_has_perm:tmp6|security/selinux/hooks.c,1866|*SummSink*}"
CONST[source:0(mediator),value:2(dynamic)][purpose:{object}][SnkIdx:1]


