[tomoyo_socket_sendmsg]

explicit:
CONST[source:2(external),value:2(dynamic)][purpose:{subject}]  ->  CONST[source:0(mediator),value:2(dynamic)][purpose:{subject}]
-----------
CONST[source:2(external),value:2(dynamic)][purpose:{subject}]
CE0x50f0df0 "{CE0x50f0df0|COLLAPSED:_GCRE_current_task_external_global_%struct.task_struct*:_elem_0::|security/tomoyo/common.h,1205}"
CE0x444bee0 "{CE0x444bee0|tomoyo_domain:_tmp22|security/tomoyo/common.h,1205}"
CE0x4466130 "{CE0x4466130|tomoyo_domain:_tmp23|security/tomoyo/common.h,1205}"
CE0x42a0a90 "{CE0x42a0a90|_ret_%struct.tomoyo_domain_info*_%tmp23,_!dbg_!38929|security/tomoyo/common.h,1205}"
CE0x53bb7a0 "{CE0x53bb7a0|tomoyo_init_request_info:_call|security/tomoyo/util.c,1005}"
CE0x53bb730 "{CE0x53bb730|tomoyo_init_request_info:_domain.addr.0}"
CE0x4585de0 "{CE0x4585de0|24:_%struct.tomoyo_path_info*,_32:_i8,_33:_i8,_72:_i8,_:_SCMRE_16,24_|*MultipleSource*|security/tomoyo/network.c, 544|security/tomoyo/network.c,544|Function::tomoyo_init_request_info&Arg::r::|security/tomoyo/network.c,565}"
CONST[source:0(mediator),value:2(dynamic)][purpose:{subject}]


CONST[source:1(input),value:2(dynamic)][purpose:{operation}]  ->  CONST[source:0(mediator),value:0(static)][purpose:{operation}]
-----------
CONST[source:1(input),value:2(dynamic)][purpose:{operation}]
CE0x6ba7aa0 "{CE0x6ba7aa0|0:_i8,_1:_i8,_32:_i8*,_40:_i32,_:_CMR_1,2_|*MultipleSource*|Function::tomoyo_check_unix_address&Arg::address::|security/tomoyo/network.c,594}"
CE0x6ab1010 "{CE0x6ab1010|tomoyo_unix_entry:_tmp38|*LoadInst*|security/tomoyo/network.c,567}"
CE0x6af9680 "{CE0x6af9680|24:_%struct.tomoyo_path_info*,_32:_i8,_33:_i8,_72:_i8,_:_SCMRE_33,34_}"
CONST[source:0(mediator),value:0(static)][purpose:{operation}]


CONST[source:0(mediator),value:1(k-static)][purpose:{operation}]  ->  CONST[source:0(mediator),value:0(static)][purpose:{operation}]
-----------
CONST[source:0(mediator),value:1(k-static)][purpose:{operation}]
CE0x6ba7a30 "{CE0x6ba7a30|0:_i8,_1:_i8,_32:_i8*,_40:_i32,_:_CMR_0,1_|*MultipleSource*|Function::tomoyo_check_unix_address&Arg::address::|security/tomoyo/network.c,594}"
CE0x6ab9e70 "{CE0x6ab9e70|tomoyo_unix_entry:_tmp37|*LoadInst*|security/tomoyo/network.c,566}"
CE0x6af94e0 "{CE0x6af94e0|24:_%struct.tomoyo_path_info*,_32:_i8,_33:_i8,_72:_i8,_:_SCMRE_32,33_}"
CONST[source:0(mediator),value:0(static)][purpose:{operation}]



implicit:
CONST[source:1(input),value:2(dynamic)][purpose:{object}]  ->  CONST[source:0(mediator),value:2(dynamic)][purpose:{object}]
-----------
CONST[source:1(input),value:2(dynamic)][purpose:{object}]
CE0x6b44640 "{CE0x6b44640|VOIDTB_TE:_GIE_Function_Attrs:_noredzone_nounwind_optsize_define_internal_zeroext_i1_tomoyo_check_path2_acl(%struct.tomoyo_request_info*_%r,_%struct.tomoyo_acl_info*_%ptr)_#0_entry:_%tmp_load_i64,_i64*_getelementptr_inbounds_(_7_x_i64_,_7_x_i64_*___llvm_gcov_ctr38,_i64_0,_i64_0)_%tmp1_add_i64_%tmp,_1_store_i64_%tmp1,_i64*_getelementptr_inbounds_(_7_x_i64_,_7_x_i64_*___llvm_gcov_ctr38,_i64_0,_i64_0)_br_label_%bb_bb:_preds_%entry_call_void_mcount()_#3_call_void_llvm.dbg.value(metadata_%struct.tomoyo_request_info*_%r,_i64_0,_metadata_!8419,_metadata_!38901),_!dbg_!39766_call_void_llvm.dbg.value(metadata_%struct.tomoyo_acl_info*_%ptr,_i64_0,_metadata_!8420,_metadata_!38901),_!dbg_!39767_call_void_llvm.dbg.value(metadata_%struct.tomoyo_acl_info*_%ptr,_i64_0,_metadata_!8422,_metadata_!38901),_!dbg_!39768_%tmp2_bitcast_%struct.tomoyo_acl_info*_%ptr_to_i8*,_!dbg_!39769_%add.ptr_getelementptr_i8,_i8*_%tmp2,_i64_0,_!dbg_!39770_%tmp3_bitcast_i8*_%add.ptr_to_%struct.tomoyo_path2_acl*,_!dbg_!39771_call_void_llvm.dbg.value(metadata_%struct.tomoyo_path2_acl*_%tmp3,_i64_0,_metadata_!8421,_metadata_!38901),_!dbg_!39772_%perm_getelementptr_inbounds_%struct.tomoyo_path2_acl,_%struct.tomoyo_path2_acl*_%tmp3,_i32_0,_i32_1,_!dbg_!39773_%tmp4_load_i8,_i8*_%perm,_align_1,_!dbg_!39773_%conv_zext_i8_%tmp4_to_i32,_!dbg_!39774_%param_getelementptr_inbounds_%struct.tomoyo_request_info,_%struct.tomoyo_request_info*_%r,_i32_0,_i32_3,_!dbg_!39775_%path2_bitcast_%union.anon.91*_%param_to_%struct.anon.92*,_!dbg_!39776_%operation_getelementptr_inbounds_%struct.anon.92,_%struct.anon.92*_%path2,_i32_0,_i32_2,_!dbg_!39777_%tmp5_load_i8,_i8*_%operation,_align_1,_!dbg_!39777_%conv1_zext_i8_%tmp5_to_i32,_!dbg_!39778_%shl_shl_i32_1,_%conv1,_!dbg_!39779_%and_and_i32_%conv,_%shl,_!dbg_!39780_%tobool_icmp_ne_i32_%and,_0,_!dbg_!39780_%tmp6_select_i1_%tobool,_i64_1,_i64_2,_!dbg_!39781_%tmp7_getelementptr_inbounds_7_x_i64_,_7_x_i64_*___llvm_gcov_ctr38,_i64_0,_i64_%tmp6,_!dbg_!39781_%tmp8_load_i64,_i64*_%tmp7,_!dbg_!39781_%tmp9_add_i64_%tmp8,_1,_!dbg_!39781_store_i64_%tmp9,_i64*_%tmp7,_!dbg_!39781_br_i1_%tobool,_label_%land.lhs.true,_label_%land.end,_!dbg_!39781_land.lhs.true:_preds_%bb_%param2_getelementptr_inbounds_%struct.tomoyo_request_info,_%struct.tomoyo_request_info*_%r,_i32_0,_i32_3,_!dbg_!39782_%path23_bitcast_%union.anon.91*_%param2_to_%struct.anon.92*,_!dbg_!39783_%filename1_getelementptr_inbounds_%struct.anon.92,_%struct.anon.92*_%path23,_i32_0,_i32_0,_!dbg_!39784_%tmp10_load_%struct.tomoyo_path_info*,_%struct.tomoyo_path_info**_%filename1,_align_8,_!dbg_!39784_%name1_getelementptr_inbounds_%struct.tomoyo_path2_acl,_%struct.tomoyo_path2_acl*_%tmp3,_i32_0,_i32_2,_!dbg_!39785_%call_call_%struct.tomoyo_path_info*_tomoyo_compare_name_union(%struct.tomoyo_path_info*_%tmp10,_%struct.tomoyo_name_union*_%name1)_#9,_!dbg_!39786_%tobool4_icmp_ne_%struct.tomoyo_path_info*_%call,_null,_!dbg_!39786_%tmp11_select_i1_%tobool4,_i64_3,_i64_4,_!dbg_!39787_%tmp12_getelementptr_inbounds_7_x_i64_,_7_x_i64_*___llvm_gcov_ctr38,_i64_0,_i64_%tmp11,_!dbg_!39787_%tmp13_load_i64,_i64*_%tmp12,_!dbg_!39787_%tmp14_add_i64_%tmp13,_1,_!dbg_!39787_store_i64_%tmp14,_i64*_%tmp12,_!dbg_!39787_br_i1_%tobool4,_label_%land.rhs,_label_%land.end,_!dbg_!39787_land.rhs:_preds_%land.lhs.true_%tmp15_load_i64,_i64*_getelementptr_inbounds_(_7_x_i64_,_7_x_i64_*___llvm_gcov_ctr38,_i64_0,_i64_5),_!dbg_!39788_%tmp16_add_i64_%tmp15,_1,_!dbg_!39788_store_i64_%tmp16,_i64*_getelementptr_inbounds_(_7_x_i64_,_7_x_i64_*___llvm_gcov_ctr38,_i64_0,_i64_5),_!dbg_!39788_%param5_getelementptr_inbounds_%struct.tomoyo_request_info,_%struct.tomoyo_request_info*_%r,_i32_0,_i32_3,_!dbg_!39790_%path26_bitcast_%union.anon.91*_%param5_to_%struct.anon.92*,_!dbg_!39791_%filename2_getelementptr_inbounds_%struct.anon.92,_%struct.anon.92*_%path26,_i32_0,_i32_1,_!dbg_!39792_%tmp17_load_%struct.tomoyo_path_info*,_%struct.tomoyo_path_info**_%filename2,_align_8,_!dbg_!39792_%name2_getelementptr_inbounds_%struct.tomoyo_path2_acl,_%struct.tomoyo_path2_acl*_%tmp3,_i32_0,_i32_3,_!dbg_!39793_%call7_call_%struct.tomoyo_path_info*_tomoyo_compare_name_union(%struct.tomoyo_path_info*_%tmp17,_%struct.tomoyo_name_union*_%name2)_#9,_!dbg_!39794_%tobool8_icmp_ne_%struct.tomoyo_path_info*_%call7,_null,_!dbg_!39787_br_label_%land.end_land.end:_preds_%land.rhs,_%land.lhs.true,_%bb_%tmp18_phi_i1_false,_%land.lhs.true_,_false,_%bb_,_%tobool8,_%land.rhs_%tmp19_load_i64,_i64*_getelementptr_inbounds_(_7_x_i64_,_7_x_i64_*___llvm_gcov_ctr38,_i64_0,_i64_6),_!dbg_!39795_%tmp20_add_i64_%tmp19,_1,_!dbg_!39795_store_i64_%tmp20,_i64*_getelementptr_inbounds_(_7_x_i64_,_7_x_i64_*___llvm_gcov_ctr38,_i64_0,_i64_6),_!dbg_!39795_ret_i1_%tmp18,_!dbg_!39795_0,2_|*MultipleSource*|Function::tomoyo_check_unix_address&Arg::addr::|security/tomoyo/network.c,596}"
CE0x6d19540 "{CE0x6d19540|tomoyo_check_unix_address:_tmp2|*LoadInst*|security/tomoyo/network.c,596}"
CE0x6b76d00 "{CE0x6b76d00|tomoyo_check_unix_address:_conv|security/tomoyo/network.c,596}"
CE0x6b3cec0 "{CE0x6b3cec0|tomoyo_check_unix_address:_cmp|security/tomoyo/network.c,596}"
CE0x6bc5300 "{CE0x6bc5300|tomoyo_check_unix_address:_if.end}"
CE0x6d0c0b0 "{CE0x6d0c0b0|tomoyo_unix_entry:_entry}"
CE0x6bf1650 "{CE0x6bf1650|tomoyo_unix_entry:_addr21|security/tomoyo/network.c, 561}"
CE0x459b350 "{CE0x459b350|24:_%struct.tomoyo_path_info*,_32:_i8,_33:_i8,_72:_i8,_:_SCMRE_26,27_}"
CONST[source:0(mediator),value:2(dynamic)][purpose:{object}]


CONST[source:1(input),value:2(dynamic)][purpose:{object}]  ->  CONST[source:0(mediator),value:0(static)][purpose:{operation}]
-----------
CONST[source:1(input),value:2(dynamic)][purpose:{object}]
CE0x6b44640 "{CE0x6b44640|VOIDTB_TE:_GIE_Function_Attrs:_noredzone_nounwind_optsize_define_internal_zeroext_i1_tomoyo_check_path2_acl(%struct.tomoyo_request_info*_%r,_%struct.tomoyo_acl_info*_%ptr)_#0_entry:_%tmp_load_i64,_i64*_getelementptr_inbounds_(_7_x_i64_,_7_x_i64_*___llvm_gcov_ctr38,_i64_0,_i64_0)_%tmp1_add_i64_%tmp,_1_store_i64_%tmp1,_i64*_getelementptr_inbounds_(_7_x_i64_,_7_x_i64_*___llvm_gcov_ctr38,_i64_0,_i64_0)_br_label_%bb_bb:_preds_%entry_call_void_mcount()_#3_call_void_llvm.dbg.value(metadata_%struct.tomoyo_request_info*_%r,_i64_0,_metadata_!8419,_metadata_!38901),_!dbg_!39766_call_void_llvm.dbg.value(metadata_%struct.tomoyo_acl_info*_%ptr,_i64_0,_metadata_!8420,_metadata_!38901),_!dbg_!39767_call_void_llvm.dbg.value(metadata_%struct.tomoyo_acl_info*_%ptr,_i64_0,_metadata_!8422,_metadata_!38901),_!dbg_!39768_%tmp2_bitcast_%struct.tomoyo_acl_info*_%ptr_to_i8*,_!dbg_!39769_%add.ptr_getelementptr_i8,_i8*_%tmp2,_i64_0,_!dbg_!39770_%tmp3_bitcast_i8*_%add.ptr_to_%struct.tomoyo_path2_acl*,_!dbg_!39771_call_void_llvm.dbg.value(metadata_%struct.tomoyo_path2_acl*_%tmp3,_i64_0,_metadata_!8421,_metadata_!38901),_!dbg_!39772_%perm_getelementptr_inbounds_%struct.tomoyo_path2_acl,_%struct.tomoyo_path2_acl*_%tmp3,_i32_0,_i32_1,_!dbg_!39773_%tmp4_load_i8,_i8*_%perm,_align_1,_!dbg_!39773_%conv_zext_i8_%tmp4_to_i32,_!dbg_!39774_%param_getelementptr_inbounds_%struct.tomoyo_request_info,_%struct.tomoyo_request_info*_%r,_i32_0,_i32_3,_!dbg_!39775_%path2_bitcast_%union.anon.91*_%param_to_%struct.anon.92*,_!dbg_!39776_%operation_getelementptr_inbounds_%struct.anon.92,_%struct.anon.92*_%path2,_i32_0,_i32_2,_!dbg_!39777_%tmp5_load_i8,_i8*_%operation,_align_1,_!dbg_!39777_%conv1_zext_i8_%tmp5_to_i32,_!dbg_!39778_%shl_shl_i32_1,_%conv1,_!dbg_!39779_%and_and_i32_%conv,_%shl,_!dbg_!39780_%tobool_icmp_ne_i32_%and,_0,_!dbg_!39780_%tmp6_select_i1_%tobool,_i64_1,_i64_2,_!dbg_!39781_%tmp7_getelementptr_inbounds_7_x_i64_,_7_x_i64_*___llvm_gcov_ctr38,_i64_0,_i64_%tmp6,_!dbg_!39781_%tmp8_load_i64,_i64*_%tmp7,_!dbg_!39781_%tmp9_add_i64_%tmp8,_1,_!dbg_!39781_store_i64_%tmp9,_i64*_%tmp7,_!dbg_!39781_br_i1_%tobool,_label_%land.lhs.true,_label_%land.end,_!dbg_!39781_land.lhs.true:_preds_%bb_%param2_getelementptr_inbounds_%struct.tomoyo_request_info,_%struct.tomoyo_request_info*_%r,_i32_0,_i32_3,_!dbg_!39782_%path23_bitcast_%union.anon.91*_%param2_to_%struct.anon.92*,_!dbg_!39783_%filename1_getelementptr_inbounds_%struct.anon.92,_%struct.anon.92*_%path23,_i32_0,_i32_0,_!dbg_!39784_%tmp10_load_%struct.tomoyo_path_info*,_%struct.tomoyo_path_info**_%filename1,_align_8,_!dbg_!39784_%name1_getelementptr_inbounds_%struct.tomoyo_path2_acl,_%struct.tomoyo_path2_acl*_%tmp3,_i32_0,_i32_2,_!dbg_!39785_%call_call_%struct.tomoyo_path_info*_tomoyo_compare_name_union(%struct.tomoyo_path_info*_%tmp10,_%struct.tomoyo_name_union*_%name1)_#9,_!dbg_!39786_%tobool4_icmp_ne_%struct.tomoyo_path_info*_%call,_null,_!dbg_!39786_%tmp11_select_i1_%tobool4,_i64_3,_i64_4,_!dbg_!39787_%tmp12_getelementptr_inbounds_7_x_i64_,_7_x_i64_*___llvm_gcov_ctr38,_i64_0,_i64_%tmp11,_!dbg_!39787_%tmp13_load_i64,_i64*_%tmp12,_!dbg_!39787_%tmp14_add_i64_%tmp13,_1,_!dbg_!39787_store_i64_%tmp14,_i64*_%tmp12,_!dbg_!39787_br_i1_%tobool4,_label_%land.rhs,_label_%land.end,_!dbg_!39787_land.rhs:_preds_%land.lhs.true_%tmp15_load_i64,_i64*_getelementptr_inbounds_(_7_x_i64_,_7_x_i64_*___llvm_gcov_ctr38,_i64_0,_i64_5),_!dbg_!39788_%tmp16_add_i64_%tmp15,_1,_!dbg_!39788_store_i64_%tmp16,_i64*_getelementptr_inbounds_(_7_x_i64_,_7_x_i64_*___llvm_gcov_ctr38,_i64_0,_i64_5),_!dbg_!39788_%param5_getelementptr_inbounds_%struct.tomoyo_request_info,_%struct.tomoyo_request_info*_%r,_i32_0,_i32_3,_!dbg_!39790_%path26_bitcast_%union.anon.91*_%param5_to_%struct.anon.92*,_!dbg_!39791_%filename2_getelementptr_inbounds_%struct.anon.92,_%struct.anon.92*_%path26,_i32_0,_i32_1,_!dbg_!39792_%tmp17_load_%struct.tomoyo_path_info*,_%struct.tomoyo_path_info**_%filename2,_align_8,_!dbg_!39792_%name2_getelementptr_inbounds_%struct.tomoyo_path2_acl,_%struct.tomoyo_path2_acl*_%tmp3,_i32_0,_i32_3,_!dbg_!39793_%call7_call_%struct.tomoyo_path_info*_tomoyo_compare_name_union(%struct.tomoyo_path_info*_%tmp17,_%struct.tomoyo_name_union*_%name2)_#9,_!dbg_!39794_%tobool8_icmp_ne_%struct.tomoyo_path_info*_%call7,_null,_!dbg_!39787_br_label_%land.end_land.end:_preds_%land.rhs,_%land.lhs.true,_%bb_%tmp18_phi_i1_false,_%land.lhs.true_,_false,_%bb_,_%tobool8,_%land.rhs_%tmp19_load_i64,_i64*_getelementptr_inbounds_(_7_x_i64_,_7_x_i64_*___llvm_gcov_ctr38,_i64_0,_i64_6),_!dbg_!39795_%tmp20_add_i64_%tmp19,_1,_!dbg_!39795_store_i64_%tmp20,_i64*_getelementptr_inbounds_(_7_x_i64_,_7_x_i64_*___llvm_gcov_ctr38,_i64_0,_i64_6),_!dbg_!39795_ret_i1_%tmp18,_!dbg_!39795_0,2_|*MultipleSource*|Function::tomoyo_check_unix_address&Arg::addr::|security/tomoyo/network.c,596}"
CE0x6d19540 "{CE0x6d19540|tomoyo_check_unix_address:_tmp2|*LoadInst*|security/tomoyo/network.c,596}"
CE0x6b76d00 "{CE0x6b76d00|tomoyo_check_unix_address:_conv|security/tomoyo/network.c,596}"
CE0x6b3cec0 "{CE0x6b3cec0|tomoyo_check_unix_address:_cmp|security/tomoyo/network.c,596}"
CE0x6bc5300 "{CE0x6bc5300|tomoyo_check_unix_address:_if.end}"
CE0x6d0c0b0 "{CE0x6d0c0b0|tomoyo_unix_entry:_entry}"
CE0x53f0d20 "{CE0x53f0d20|tomoyo_unix_entry:_if.then20}"
CE0x6af9680 "{CE0x6af9680|24:_%struct.tomoyo_path_info*,_32:_i8,_33:_i8,_72:_i8,_:_SCMRE_33,34_}"
CONST[source:0(mediator),value:0(static)][purpose:{operation}]


CONST[source:1(input),value:2(dynamic)][purpose:{object}]  ->  CONST[source:0(mediator),value:2(dynamic)][purpose:{subject}]
-----------
CONST[source:1(input),value:2(dynamic)][purpose:{object}]
CE0x6b44640 "{CE0x6b44640|VOIDTB_TE:_GIE_Function_Attrs:_noredzone_nounwind_optsize_define_internal_zeroext_i1_tomoyo_check_path2_acl(%struct.tomoyo_request_info*_%r,_%struct.tomoyo_acl_info*_%ptr)_#0_entry:_%tmp_load_i64,_i64*_getelementptr_inbounds_(_7_x_i64_,_7_x_i64_*___llvm_gcov_ctr38,_i64_0,_i64_0)_%tmp1_add_i64_%tmp,_1_store_i64_%tmp1,_i64*_getelementptr_inbounds_(_7_x_i64_,_7_x_i64_*___llvm_gcov_ctr38,_i64_0,_i64_0)_br_label_%bb_bb:_preds_%entry_call_void_mcount()_#3_call_void_llvm.dbg.value(metadata_%struct.tomoyo_request_info*_%r,_i64_0,_metadata_!8419,_metadata_!38901),_!dbg_!39766_call_void_llvm.dbg.value(metadata_%struct.tomoyo_acl_info*_%ptr,_i64_0,_metadata_!8420,_metadata_!38901),_!dbg_!39767_call_void_llvm.dbg.value(metadata_%struct.tomoyo_acl_info*_%ptr,_i64_0,_metadata_!8422,_metadata_!38901),_!dbg_!39768_%tmp2_bitcast_%struct.tomoyo_acl_info*_%ptr_to_i8*,_!dbg_!39769_%add.ptr_getelementptr_i8,_i8*_%tmp2,_i64_0,_!dbg_!39770_%tmp3_bitcast_i8*_%add.ptr_to_%struct.tomoyo_path2_acl*,_!dbg_!39771_call_void_llvm.dbg.value(metadata_%struct.tomoyo_path2_acl*_%tmp3,_i64_0,_metadata_!8421,_metadata_!38901),_!dbg_!39772_%perm_getelementptr_inbounds_%struct.tomoyo_path2_acl,_%struct.tomoyo_path2_acl*_%tmp3,_i32_0,_i32_1,_!dbg_!39773_%tmp4_load_i8,_i8*_%perm,_align_1,_!dbg_!39773_%conv_zext_i8_%tmp4_to_i32,_!dbg_!39774_%param_getelementptr_inbounds_%struct.tomoyo_request_info,_%struct.tomoyo_request_info*_%r,_i32_0,_i32_3,_!dbg_!39775_%path2_bitcast_%union.anon.91*_%param_to_%struct.anon.92*,_!dbg_!39776_%operation_getelementptr_inbounds_%struct.anon.92,_%struct.anon.92*_%path2,_i32_0,_i32_2,_!dbg_!39777_%tmp5_load_i8,_i8*_%operation,_align_1,_!dbg_!39777_%conv1_zext_i8_%tmp5_to_i32,_!dbg_!39778_%shl_shl_i32_1,_%conv1,_!dbg_!39779_%and_and_i32_%conv,_%shl,_!dbg_!39780_%tobool_icmp_ne_i32_%and,_0,_!dbg_!39780_%tmp6_select_i1_%tobool,_i64_1,_i64_2,_!dbg_!39781_%tmp7_getelementptr_inbounds_7_x_i64_,_7_x_i64_*___llvm_gcov_ctr38,_i64_0,_i64_%tmp6,_!dbg_!39781_%tmp8_load_i64,_i64*_%tmp7,_!dbg_!39781_%tmp9_add_i64_%tmp8,_1,_!dbg_!39781_store_i64_%tmp9,_i64*_%tmp7,_!dbg_!39781_br_i1_%tobool,_label_%land.lhs.true,_label_%land.end,_!dbg_!39781_land.lhs.true:_preds_%bb_%param2_getelementptr_inbounds_%struct.tomoyo_request_info,_%struct.tomoyo_request_info*_%r,_i32_0,_i32_3,_!dbg_!39782_%path23_bitcast_%union.anon.91*_%param2_to_%struct.anon.92*,_!dbg_!39783_%filename1_getelementptr_inbounds_%struct.anon.92,_%struct.anon.92*_%path23,_i32_0,_i32_0,_!dbg_!39784_%tmp10_load_%struct.tomoyo_path_info*,_%struct.tomoyo_path_info**_%filename1,_align_8,_!dbg_!39784_%name1_getelementptr_inbounds_%struct.tomoyo_path2_acl,_%struct.tomoyo_path2_acl*_%tmp3,_i32_0,_i32_2,_!dbg_!39785_%call_call_%struct.tomoyo_path_info*_tomoyo_compare_name_union(%struct.tomoyo_path_info*_%tmp10,_%struct.tomoyo_name_union*_%name1)_#9,_!dbg_!39786_%tobool4_icmp_ne_%struct.tomoyo_path_info*_%call,_null,_!dbg_!39786_%tmp11_select_i1_%tobool4,_i64_3,_i64_4,_!dbg_!39787_%tmp12_getelementptr_inbounds_7_x_i64_,_7_x_i64_*___llvm_gcov_ctr38,_i64_0,_i64_%tmp11,_!dbg_!39787_%tmp13_load_i64,_i64*_%tmp12,_!dbg_!39787_%tmp14_add_i64_%tmp13,_1,_!dbg_!39787_store_i64_%tmp14,_i64*_%tmp12,_!dbg_!39787_br_i1_%tobool4,_label_%land.rhs,_label_%land.end,_!dbg_!39787_land.rhs:_preds_%land.lhs.true_%tmp15_load_i64,_i64*_getelementptr_inbounds_(_7_x_i64_,_7_x_i64_*___llvm_gcov_ctr38,_i64_0,_i64_5),_!dbg_!39788_%tmp16_add_i64_%tmp15,_1,_!dbg_!39788_store_i64_%tmp16,_i64*_getelementptr_inbounds_(_7_x_i64_,_7_x_i64_*___llvm_gcov_ctr38,_i64_0,_i64_5),_!dbg_!39788_%param5_getelementptr_inbounds_%struct.tomoyo_request_info,_%struct.tomoyo_request_info*_%r,_i32_0,_i32_3,_!dbg_!39790_%path26_bitcast_%union.anon.91*_%param5_to_%struct.anon.92*,_!dbg_!39791_%filename2_getelementptr_inbounds_%struct.anon.92,_%struct.anon.92*_%path26,_i32_0,_i32_1,_!dbg_!39792_%tmp17_load_%struct.tomoyo_path_info*,_%struct.tomoyo_path_info**_%filename2,_align_8,_!dbg_!39792_%name2_getelementptr_inbounds_%struct.tomoyo_path2_acl,_%struct.tomoyo_path2_acl*_%tmp3,_i32_0,_i32_3,_!dbg_!39793_%call7_call_%struct.tomoyo_path_info*_tomoyo_compare_name_union(%struct.tomoyo_path_info*_%tmp17,_%struct.tomoyo_name_union*_%name2)_#9,_!dbg_!39794_%tobool8_icmp_ne_%struct.tomoyo_path_info*_%call7,_null,_!dbg_!39787_br_label_%land.end_land.end:_preds_%land.rhs,_%land.lhs.true,_%bb_%tmp18_phi_i1_false,_%land.lhs.true_,_false,_%bb_,_%tobool8,_%land.rhs_%tmp19_load_i64,_i64*_getelementptr_inbounds_(_7_x_i64_,_7_x_i64_*___llvm_gcov_ctr38,_i64_0,_i64_6),_!dbg_!39795_%tmp20_add_i64_%tmp19,_1,_!dbg_!39795_store_i64_%tmp20,_i64*_getelementptr_inbounds_(_7_x_i64_,_7_x_i64_*___llvm_gcov_ctr38,_i64_0,_i64_6),_!dbg_!39795_ret_i1_%tmp18,_!dbg_!39795_0,2_|*MultipleSource*|Function::tomoyo_check_unix_address&Arg::addr::|security/tomoyo/network.c,596}"
CE0x6d19540 "{CE0x6d19540|tomoyo_check_unix_address:_tmp2|*LoadInst*|security/tomoyo/network.c,596}"
CE0x6b76d00 "{CE0x6b76d00|tomoyo_check_unix_address:_conv|security/tomoyo/network.c,596}"
CE0x6b3cec0 "{CE0x6b3cec0|tomoyo_check_unix_address:_cmp|security/tomoyo/network.c,596}"
CE0x6bc5300 "{CE0x6bc5300|tomoyo_check_unix_address:_if.end}"
CE0x6d0c0b0 "{CE0x6d0c0b0|tomoyo_unix_entry:_entry}"
CE0x511b340 "{CE0x511b340|tomoyo_unix_entry:_r|security/tomoyo/network.c, 544}"
CE0x6b0cf70 "{CE0x6b0cf70|tomoyo_init_request_info:_r|Function::tomoyo_init_request_info&Arg::r::}"
CE0x534e800 "{CE0x534e800|tomoyo_init_request_info:_domain1|security/tomoyo/util.c,1006}"
CE0x4585de0 "{CE0x4585de0|24:_%struct.tomoyo_path_info*,_32:_i8,_33:_i8,_72:_i8,_:_SCMRE_16,24_|*MultipleSource*|security/tomoyo/network.c, 544|security/tomoyo/network.c,544|Function::tomoyo_init_request_info&Arg::r::|security/tomoyo/network.c,565}"
CONST[source:0(mediator),value:2(dynamic)][purpose:{subject}]


CONST[source:0(mediator),value:1(k-static)][purpose:{operation}]  ->  CONST[source:0(mediator),value:0(static)][purpose:{operation}]
-----------
CONST[source:0(mediator),value:1(k-static)][purpose:{operation}]
CE0x6ba7a30 "{CE0x6ba7a30|0:_i8,_1:_i8,_32:_i8*,_40:_i32,_:_CMR_0,1_|*MultipleSource*|Function::tomoyo_check_unix_address&Arg::address::|security/tomoyo/network.c,594}"
CE0x6ab9e70 "{CE0x6ab9e70|tomoyo_unix_entry:_tmp37|*LoadInst*|security/tomoyo/network.c,566}"
CE0x6af94e0 "{CE0x6af94e0|24:_%struct.tomoyo_path_info*,_32:_i8,_33:_i8,_72:_i8,_:_SCMRE_32,33_}"
CONST[source:0(mediator),value:0(static)][purpose:{operation}]


CONST[source:2(external),value:2(dynamic)][purpose:{subject}]  ->  CONST[source:0(mediator),value:2(dynamic)][purpose:{subject}]
-----------
CONST[source:2(external),value:2(dynamic)][purpose:{subject}]
CE0x50f0df0 "{CE0x50f0df0|COLLAPSED:_GCRE_current_task_external_global_%struct.task_struct*:_elem_0::|security/tomoyo/common.h,1205}"
CE0x444bee0 "{CE0x444bee0|tomoyo_domain:_tmp22|security/tomoyo/common.h,1205}"
CE0x4466130 "{CE0x4466130|tomoyo_domain:_tmp23|security/tomoyo/common.h,1205}"
CE0x42a0a90 "{CE0x42a0a90|_ret_%struct.tomoyo_domain_info*_%tmp23,_!dbg_!38929|security/tomoyo/common.h,1205}"
CE0x53bb7a0 "{CE0x53bb7a0|tomoyo_init_request_info:_call|security/tomoyo/util.c,1005}"
CE0x53bb730 "{CE0x53bb730|tomoyo_init_request_info:_domain.addr.0}"
CE0x4585de0 "{CE0x4585de0|24:_%struct.tomoyo_path_info*,_32:_i8,_33:_i8,_72:_i8,_:_SCMRE_16,24_|*MultipleSource*|security/tomoyo/network.c, 544|security/tomoyo/network.c,544|Function::tomoyo_init_request_info&Arg::r::|security/tomoyo/network.c,565}"
CONST[source:0(mediator),value:2(dynamic)][purpose:{subject}]


CONST[source:1(input),value:2(dynamic)][purpose:{operation}]  ->  CONST[source:0(mediator),value:0(static)][purpose:{operation}]
-----------
CONST[source:1(input),value:2(dynamic)][purpose:{operation}]
CE0x6ba7aa0 "{CE0x6ba7aa0|0:_i8,_1:_i8,_32:_i8*,_40:_i32,_:_CMR_1,2_|*MultipleSource*|Function::tomoyo_check_unix_address&Arg::address::|security/tomoyo/network.c,594}"
CE0x6ab1010 "{CE0x6ab1010|tomoyo_unix_entry:_tmp38|*LoadInst*|security/tomoyo/network.c,567}"
CE0x6af9680 "{CE0x6af9680|24:_%struct.tomoyo_path_info*,_32:_i8,_33:_i8,_72:_i8,_:_SCMRE_33,34_}"
CONST[source:0(mediator),value:0(static)][purpose:{operation}]


