[tomoyo_path_mknod]

explicit:
CONST[source:0(mediator),value:1(k-static)][purpose:{operation}]  ->  CONST[source:0(mediator),value:0(static)][purpose:{operation}]
-----------
CONST[source:0(mediator),value:1(k-static)][purpose:{operation}]
CE0x5569f90 "{CE0x5569f90|tomoyo_mkdev_perm:_operation|Function::tomoyo_mkdev_perm&Arg::operation::|*SummSource*}"
CE0x63e01f0 "{CE0x63e01f0|tomoyo_mkdev_perm:_operation|Function::tomoyo_mkdev_perm&Arg::operation::}"
CE0x655f090 "{CE0x655f090|0:_%struct.tomoyo_obj_info*,_16:_%struct.tomoyo_domain_info*,_24:_%struct.tomoyo_path_info*,_32:_i32,_36:_i32,_40:_i32,_44:_i8,_72:_i8,_75:_i8,_76:_i8,_77:_i8,_:_SCMRE_44,45_}"
CONST[source:0(mediator),value:0(static)][purpose:{operation}]


CONST[source:1(input),value:2(dynamic)][purpose:{object}]  ->  CONST[source:0(mediator),value:2(dynamic)][purpose:{object}]
-----------
CONST[source:1(input),value:2(dynamic)][purpose:{object}]
CE0x65b98d0 "{CE0x65b98d0|tomoyo_mkdev_perm:_call5|security/tomoyo/file.c,859|*SummSource*}"
CE0x6554f00 "{CE0x6554f00|tomoyo_mkdev_perm:_call5|security/tomoyo/file.c,859}"
CE0x62ae3f0 "{CE0x62ae3f0|tomoyo_mkdev_perm:_shr|security/tomoyo/file.c,864}"
CE0x65545d0 "{CE0x65545d0|0:_%struct.tomoyo_obj_info*,_16:_%struct.tomoyo_domain_info*,_24:_%struct.tomoyo_path_info*,_32:_i32,_36:_i32,_40:_i32,_44:_i8,_72:_i8,_75:_i8,_76:_i8,_77:_i8,_:_SCMRE_39,40_}"
CONST[source:0(mediator),value:2(dynamic)][purpose:{object}]


CONST[source:1(input),value:2(dynamic)][purpose:{operation}]  ->  CONST[source:0(mediator),value:0(static)][purpose:{operation}]
-----------
CONST[source:1(input),value:2(dynamic)][purpose:{operation}]
CE0x66b4ad0 "{CE0x66b4ad0|tomoyo_mkdev_perm:_mode|Function::tomoyo_mkdev_perm&Arg::mode::|*SummSource*}"
CE0x66b49c0 "{CE0x66b49c0|tomoyo_mkdev_perm:_mode|Function::tomoyo_mkdev_perm&Arg::mode::}"
CE0x49316c0 "{CE0x49316c0|0:_%struct.tomoyo_obj_info*,_16:_%struct.tomoyo_domain_info*,_24:_%struct.tomoyo_path_info*,_32:_i32,_36:_i32,_40:_i32,_44:_i8,_72:_i8,_75:_i8,_76:_i8,_77:_i8,_:_SCMRE_32,33_}"
CONST[source:0(mediator),value:0(static)][purpose:{operation}]


CONST[source:2(external),value:2(dynamic)][purpose:{subject}]  ->  CONST[source:0(mediator),value:2(dynamic)][purpose:{subject}]
-----------
CONST[source:2(external),value:2(dynamic)][purpose:{subject}]
CE0x7e33750 "{CE0x7e33750|128:_i8*,_1208:_%struct.file*,_:_CMRE_128,136_|*MultipleSource*|security/tomoyo/common.h,1205|security/tomoyo/common.h,1205}"
CE0x563b710 "{CE0x563b710|tomoyo_domain:_tmp22|security/tomoyo/common.h,1205}"
CE0x6729f00 "{CE0x6729f00|tomoyo_domain:_tmp23|security/tomoyo/common.h,1205}"
CE0x572c6b0 "{CE0x572c6b0|_ret_%struct.tomoyo_domain_info*_%tmp23,_!dbg_!38929|security/tomoyo/common.h,1205}"
CE0x56905c0 "{CE0x56905c0|tomoyo_init_request_info:_call|security/tomoyo/util.c,1005}"
CE0x5690be0 "{CE0x5690be0|tomoyo_init_request_info:_domain.addr.0}"
CE0x49896d0 "{CE0x49896d0|0:_%struct.tomoyo_obj_info*,_16:_%struct.tomoyo_domain_info*,_24:_%struct.tomoyo_path_info*,_32:_i32,_36:_i32,_40:_i32,_44:_i8,_72:_i8,_75:_i8,_76:_i8,_77:_i8,_:_SCMRE_16,24_|*MultipleSource*|security/tomoyo/file.c, 844|security/tomoyo/file.c,844|security/tomoyo/file.c,858|Function::tomoyo_init_request_info&Arg::r::}"
CONST[source:0(mediator),value:2(dynamic)][purpose:{subject}]



implicit:
CONST[source:1(input),value:2(dynamic)][purpose:{object}]  ->  CONST[source:0(mediator),value:2(dynamic)][purpose:{object}]
-----------
CONST[source:1(input),value:2(dynamic)][purpose:{object}]
CE0x65b98d0 "{CE0x65b98d0|tomoyo_mkdev_perm:_call5|security/tomoyo/file.c,859|*SummSource*}"
CE0x6554f00 "{CE0x6554f00|tomoyo_mkdev_perm:_call5|security/tomoyo/file.c,859}"
CE0x4852650 "{CE0x4852650|tomoyo_mkdev_perm:_and|security/tomoyo/file.c,865}"
CE0x6554ad0 "{CE0x6554ad0|0:_%struct.tomoyo_obj_info*,_16:_%struct.tomoyo_domain_info*,_24:_%struct.tomoyo_path_info*,_32:_i32,_36:_i32,_40:_i32,_44:_i8,_72:_i8,_75:_i8,_76:_i8,_77:_i8,_:_SCMRE_41,42_}"
CONST[source:0(mediator),value:2(dynamic)][purpose:{object}]


CONST[source:1(input),value:2(dynamic)][purpose:{operation}]  ->  CONST[source:0(mediator),value:0(static)][purpose:{operation}]
-----------
CONST[source:1(input),value:2(dynamic)][purpose:{operation}]
CE0x66b4ad0 "{CE0x66b4ad0|tomoyo_mkdev_perm:_mode|Function::tomoyo_mkdev_perm&Arg::mode::|*SummSource*}"
CE0x66b49c0 "{CE0x66b49c0|tomoyo_mkdev_perm:_mode|Function::tomoyo_mkdev_perm&Arg::mode::}"
CE0x6545b70 "{CE0x6545b70|0:_%struct.tomoyo_obj_info*,_16:_%struct.tomoyo_domain_info*,_24:_%struct.tomoyo_path_info*,_32:_i32,_36:_i32,_40:_i32,_44:_i8,_72:_i8,_75:_i8,_76:_i8,_77:_i8,_:_SCMRE_33,34_}"
CONST[source:0(mediator),value:0(static)][purpose:{operation}]


CONST[source:0(mediator),value:1(k-static)][purpose:{operation}]  ->  CONST[source:0(mediator),value:0(static)][purpose:{operation}]
-----------
CONST[source:0(mediator),value:1(k-static)][purpose:{operation}]
CE0x5569f90 "{CE0x5569f90|tomoyo_mkdev_perm:_operation|Function::tomoyo_mkdev_perm&Arg::operation::|*SummSource*}"
CE0x63e01f0 "{CE0x63e01f0|tomoyo_mkdev_perm:_operation|Function::tomoyo_mkdev_perm&Arg::operation::}"
CE0x655f090 "{CE0x655f090|0:_%struct.tomoyo_obj_info*,_16:_%struct.tomoyo_domain_info*,_24:_%struct.tomoyo_path_info*,_32:_i32,_36:_i32,_40:_i32,_44:_i8,_72:_i8,_75:_i8,_76:_i8,_77:_i8,_:_SCMRE_44,45_}"
CONST[source:0(mediator),value:0(static)][purpose:{operation}]


CONST[source:2(external),value:2(dynamic)][purpose:{subject}]  ->  CONST[source:0(mediator),value:2(dynamic)][purpose:{subject}]
-----------
CONST[source:2(external),value:2(dynamic)][purpose:{subject}]
CE0x5548e60 "{CE0x5548e60|COLLAPSED:_GCRE_current_task_external_global_%struct.task_struct*:_elem_0::|security/tomoyo/common.h,1205}"
CE0x563b710 "{CE0x563b710|tomoyo_domain:_tmp22|security/tomoyo/common.h,1205}"
CE0x6729f00 "{CE0x6729f00|tomoyo_domain:_tmp23|security/tomoyo/common.h,1205}"
CE0x572c6b0 "{CE0x572c6b0|_ret_%struct.tomoyo_domain_info*_%tmp23,_!dbg_!38929|security/tomoyo/common.h,1205}"
CE0x56905c0 "{CE0x56905c0|tomoyo_init_request_info:_call|security/tomoyo/util.c,1005}"
CE0x5690be0 "{CE0x5690be0|tomoyo_init_request_info:_domain.addr.0}"
CE0x49896d0 "{CE0x49896d0|0:_%struct.tomoyo_obj_info*,_16:_%struct.tomoyo_domain_info*,_24:_%struct.tomoyo_path_info*,_32:_i32,_36:_i32,_40:_i32,_44:_i8,_72:_i8,_75:_i8,_76:_i8,_77:_i8,_:_SCMRE_16,24_|*MultipleSource*|security/tomoyo/file.c, 844|security/tomoyo/file.c,844|security/tomoyo/file.c,858|Function::tomoyo_init_request_info&Arg::r::}"
CONST[source:0(mediator),value:2(dynamic)][purpose:{subject}]


