[selinux_netlink_send]

explicit:
CONST[source:1(input),value:2(dynamic)][purpose:{object}][SrcIdx:6]  ->  CONST[source:0(mediator),value:2(dynamic)][purpose:{object}][SnkIdx:2]
-----------
CONST[source:1(input),value:2(dynamic)][purpose:{object}][SrcIdx:6]
CE0x5081200 "{CE0x5081200|16:_i32,_24:_i16,_:_CRE_24,26_|*MultipleSource*|*LoadInst*|security/selinux/hooks.c,4715|security/selinux/hooks.c,4715|security/selinux/hooks.c,4723}"
CE0x506d2d0 "{CE0x506d2d0|sock_has_perm:tmp17|security/selinux/hooks.c,3976}"
CE0x506d850 "{CE0x506d850|sock_has_perm:tmp17|security/selinux/hooks.c,3976|*SummSink*}"
CONST[source:0(mediator),value:2(dynamic)][purpose:{object}][SnkIdx:2]


CONST[source:1(input),value:2(dynamic)][purpose:{object}][SrcIdx:6]  ->  CONST[source:0(mediator),value:2(dynamic)][purpose:{object}][SnkIdx:1]
-----------
CONST[source:1(input),value:2(dynamic)][purpose:{object}][SrcIdx:6]
CE0x5080e30 "{CE0x5080e30|16:_i32,_24:_i16,_:_CRE_16,20_|*MultipleSource*|*LoadInst*|security/selinux/hooks.c,4715|security/selinux/hooks.c,4715|security/selinux/hooks.c,4723}"
CE0x506cb60 "{CE0x506cb60|sock_has_perm:tmp16|security/selinux/hooks.c,3976}"
CE0x506cd00 "{CE0x506cd00|sock_has_perm:tmp16|security/selinux/hooks.c,3976|*SummSink*}"
CONST[source:0(mediator),value:2(dynamic)][purpose:{object}][SnkIdx:1]


CONST[source:2(external),value:2(dynamic)][purpose:{subject}][SrcIdx:8]  ->  CONST[source:0(mediator),value:2(dynamic)][purpose:{subject}][SnkIdx:0]
-----------
CONST[source:2(external),value:2(dynamic)][purpose:{subject}][SrcIdx:8]
CE0x50e4410 "{CE0x50e4410|COLLAPSED:_CMRE:_elem_0::|security/selinux/hooks.c,196}"
CE0x50d39f0 "{CE0x50d39f0|cred_sid:tmp4|*LoadInst*|security/selinux/hooks.c,196}"
CE0x504fb30 "{CE0x504fb30|cred_sid:tmp5|security/selinux/hooks.c,196}"
CE0x50a0530 "{CE0x50a0530|cred_sid:sid|security/selinux/hooks.c,197}"
CE0x50e89e0 "{CE0x50e89e0|cred_sid:tmp6|security/selinux/hooks.c,197}"
CE0x51042b0 "{CE0x51042b0|_ret_i32_%tmp6,_!dbg_!27716|security/selinux/hooks.c,197}"
CE0x5102bf0 "{CE0x5102bf0|task_sid:call7|security/selinux/hooks.c,208}"
CE0x509c470 "{CE0x509c470|_ret_i32_%call7,_!dbg_!27749|security/selinux/hooks.c,210}"
CE0x50d3850 "{CE0x50d3850|sock_has_perm:call|security/selinux/hooks.c,3967}"
CE0x5028ff0 "{CE0x5028ff0|sock_has_perm:call|security/selinux/hooks.c,3967|*SummSink*}"
CONST[source:0(mediator),value:2(dynamic)][purpose:{subject}][SnkIdx:0]


CONST[source:0(mediator),value:2(dynamic)][purpose:{operation}][SrcIdx:5]  ->  CONST[source:0(mediator),value:0(static)][purpose:{operation}][SnkIdx:3]
-----------
CONST[source:0(mediator),value:2(dynamic)][purpose:{operation}][SrcIdx:5]
CE0x50024a0 "{CE0x50024a0|0:_i32,_:_SCRE:_elem_0:default:}"
CE0x5072be0 "{CE0x5072be0|selinux_nlmsg_perm:tmp46|security/selinux/hooks.c,4740}"
CE0x50709a0 "{CE0x50709a0|sock_has_perm:perms|Function::sock_has_perm&Arg::perms::}"
CE0x5070ca0 "{CE0x5070ca0|sock_has_perm:perms|Function::sock_has_perm&Arg::perms::|*SummSink*}"
CONST[source:0(mediator),value:0(static)][purpose:{operation}][SnkIdx:3]



implicit:
CONST[source:1(input),value:2(dynamic)][purpose:{object}][SrcIdx:7]  ->  CONST[source:0(mediator),value:2(dynamic)][purpose:{subject}][SnkIdx:0]
-----------
CONST[source:1(input),value:2(dynamic)][purpose:{object}][SrcIdx:7]
CE0x50282e0 "{CE0x50282e0|128:_i32,_216:_i8*,_:_CRE:_elem_0:default:}"
CE0x506fbc0 "{CE0x506fbc0|selinux_nlmsg_perm:tmp4|*LoadInst*|security/selinux/hooks.c,4717}"
CE0x502f990 "{CE0x502f990|selinux_nlmsg_perm:cmp|security/selinux/hooks.c,4717}"
CE0x502b110 "{CE0x502b110|selinux_nlmsg_perm:if.end19}"
CE0x5073580 "{CE0x5073580|sock_has_perm:entry}"
CE0x502ddd0 "{CE0x502ddd0|sock_has_perm:bb}"
CE0x50d3850 "{CE0x50d3850|sock_has_perm:call|security/selinux/hooks.c,3967}"
CE0x5028ff0 "{CE0x5028ff0|sock_has_perm:call|security/selinux/hooks.c,3967|*SummSink*}"
CONST[source:0(mediator),value:2(dynamic)][purpose:{subject}][SnkIdx:0]


CONST[source:1(input),value:2(dynamic)][purpose:{object}][SrcIdx:7]  ->  CONST[source:0(mediator),value:2(dynamic)][purpose:{object}][SnkIdx:2]
-----------
CONST[source:1(input),value:2(dynamic)][purpose:{object}][SrcIdx:7]
CE0x50282e0 "{CE0x50282e0|128:_i32,_216:_i8*,_:_CRE:_elem_0:default:}"
CE0x506fbc0 "{CE0x506fbc0|selinux_nlmsg_perm:tmp4|*LoadInst*|security/selinux/hooks.c,4717}"
CE0x502f990 "{CE0x502f990|selinux_nlmsg_perm:cmp|security/selinux/hooks.c,4717}"
CE0x502b110 "{CE0x502b110|selinux_nlmsg_perm:if.end19}"
CE0x5073580 "{CE0x5073580|sock_has_perm:entry}"
CE0x50539f0 "{CE0x50539f0|sock_has_perm:if.end}"
CE0x506d2d0 "{CE0x506d2d0|sock_has_perm:tmp17|security/selinux/hooks.c,3976}"
CE0x506d850 "{CE0x506d850|sock_has_perm:tmp17|security/selinux/hooks.c,3976|*SummSink*}"
CONST[source:0(mediator),value:2(dynamic)][purpose:{object}][SnkIdx:2]


CONST[source:1(input),value:2(dynamic)][purpose:{object}][SrcIdx:7]  ->  CONST[source:0(mediator),value:0(static)][purpose:{operation}][SnkIdx:3]
-----------
CONST[source:1(input),value:2(dynamic)][purpose:{object}][SrcIdx:7]
CE0x50282e0 "{CE0x50282e0|128:_i32,_216:_i8*,_:_CRE:_elem_0:default:}"
CE0x506fbc0 "{CE0x506fbc0|selinux_nlmsg_perm:tmp4|*LoadInst*|security/selinux/hooks.c,4717}"
CE0x502f990 "{CE0x502f990|selinux_nlmsg_perm:cmp|security/selinux/hooks.c,4717}"
CE0x502b110 "{CE0x502b110|selinux_nlmsg_perm:if.end19}"
CE0x5072be0 "{CE0x5072be0|selinux_nlmsg_perm:tmp46|security/selinux/hooks.c,4740}"
CE0x50709a0 "{CE0x50709a0|sock_has_perm:perms|Function::sock_has_perm&Arg::perms::}"
CE0x5070ca0 "{CE0x5070ca0|sock_has_perm:perms|Function::sock_has_perm&Arg::perms::|*SummSink*}"
CONST[source:0(mediator),value:0(static)][purpose:{operation}][SnkIdx:3]


CONST[source:1(input),value:2(dynamic)][purpose:{object}][SrcIdx:7]  ->  CONST[source:0(mediator),value:2(dynamic)][purpose:{object}][SnkIdx:1]
-----------
CONST[source:1(input),value:2(dynamic)][purpose:{object}][SrcIdx:7]
CE0x50282e0 "{CE0x50282e0|128:_i32,_216:_i8*,_:_CRE:_elem_0:default:}"
CE0x506fbc0 "{CE0x506fbc0|selinux_nlmsg_perm:tmp4|*LoadInst*|security/selinux/hooks.c,4717}"
CE0x502f990 "{CE0x502f990|selinux_nlmsg_perm:cmp|security/selinux/hooks.c,4717}"
CE0x502b110 "{CE0x502b110|selinux_nlmsg_perm:if.end19}"
CE0x5073580 "{CE0x5073580|sock_has_perm:entry}"
CE0x50539f0 "{CE0x50539f0|sock_has_perm:if.end}"
CE0x506cb60 "{CE0x506cb60|sock_has_perm:tmp16|security/selinux/hooks.c,3976}"
CE0x506cd00 "{CE0x506cd00|sock_has_perm:tmp16|security/selinux/hooks.c,3976|*SummSink*}"
CONST[source:0(mediator),value:2(dynamic)][purpose:{object}][SnkIdx:1]


CONST[source:2(external),value:2(dynamic)][purpose:{subject}][SrcIdx:8]  ->  CONST[source:0(mediator),value:2(dynamic)][purpose:{subject}][SnkIdx:0]
-----------
CONST[source:2(external),value:2(dynamic)][purpose:{subject}][SrcIdx:8]
CE0x50e4410 "{CE0x50e4410|COLLAPSED:_CMRE:_elem_0::|security/selinux/hooks.c,196}"
CE0x50d39f0 "{CE0x50d39f0|cred_sid:tmp4|*LoadInst*|security/selinux/hooks.c,196}"
CE0x504fb30 "{CE0x504fb30|cred_sid:tmp5|security/selinux/hooks.c,196}"
CE0x50a0530 "{CE0x50a0530|cred_sid:sid|security/selinux/hooks.c,197}"
CE0x50e89e0 "{CE0x50e89e0|cred_sid:tmp6|security/selinux/hooks.c,197}"
CE0x51042b0 "{CE0x51042b0|_ret_i32_%tmp6,_!dbg_!27716|security/selinux/hooks.c,197}"
CE0x5102bf0 "{CE0x5102bf0|task_sid:call7|security/selinux/hooks.c,208}"
CE0x509c470 "{CE0x509c470|_ret_i32_%call7,_!dbg_!27749|security/selinux/hooks.c,210}"
CE0x50d3850 "{CE0x50d3850|sock_has_perm:call|security/selinux/hooks.c,3967}"
CE0x5028ff0 "{CE0x5028ff0|sock_has_perm:call|security/selinux/hooks.c,3967|*SummSink*}"
CONST[source:0(mediator),value:2(dynamic)][purpose:{subject}][SnkIdx:0]


CONST[source:0(mediator),value:2(dynamic)][purpose:{operation}][SrcIdx:5]  ->  CONST[source:0(mediator),value:2(dynamic)][purpose:{subject}][SnkIdx:0]
-----------
CONST[source:0(mediator),value:2(dynamic)][purpose:{operation}][SrcIdx:5]
CE0x50024a0 "{CE0x50024a0|0:_i32,_:_SCRE:_elem_0:default:}"
CE0x50420b0 "{CE0x50420b0|selinux_nlmsg_perm:call1|security/selinux/hooks.c,4723}"
CE0x5002e50 "{CE0x5002e50|selinux_nlmsg_perm:tobool|security/selinux/hooks.c,4724}"
CE0x502b110 "{CE0x502b110|selinux_nlmsg_perm:if.end19}"
CE0x5073580 "{CE0x5073580|sock_has_perm:entry}"
CE0x502ddd0 "{CE0x502ddd0|sock_has_perm:bb}"
CE0x50d3850 "{CE0x50d3850|sock_has_perm:call|security/selinux/hooks.c,3967}"
CE0x5028ff0 "{CE0x5028ff0|sock_has_perm:call|security/selinux/hooks.c,3967|*SummSink*}"
CONST[source:0(mediator),value:2(dynamic)][purpose:{subject}][SnkIdx:0]


CONST[source:0(mediator),value:2(dynamic)][purpose:{operation}][SrcIdx:5]  ->  CONST[source:0(mediator),value:2(dynamic)][purpose:{object}][SnkIdx:2]
-----------
CONST[source:0(mediator),value:2(dynamic)][purpose:{operation}][SrcIdx:5]
CE0x50024a0 "{CE0x50024a0|0:_i32,_:_SCRE:_elem_0:default:}"
CE0x50420b0 "{CE0x50420b0|selinux_nlmsg_perm:call1|security/selinux/hooks.c,4723}"
CE0x5002e50 "{CE0x5002e50|selinux_nlmsg_perm:tobool|security/selinux/hooks.c,4724}"
CE0x502b110 "{CE0x502b110|selinux_nlmsg_perm:if.end19}"
CE0x5073580 "{CE0x5073580|sock_has_perm:entry}"
CE0x50539f0 "{CE0x50539f0|sock_has_perm:if.end}"
CE0x506d2d0 "{CE0x506d2d0|sock_has_perm:tmp17|security/selinux/hooks.c,3976}"
CE0x506d850 "{CE0x506d850|sock_has_perm:tmp17|security/selinux/hooks.c,3976|*SummSink*}"
CONST[source:0(mediator),value:2(dynamic)][purpose:{object}][SnkIdx:2]


CONST[source:0(mediator),value:2(dynamic)][purpose:{operation}][SrcIdx:5]  ->  CONST[source:0(mediator),value:0(static)][purpose:{operation}][SnkIdx:3]
-----------
CONST[source:0(mediator),value:2(dynamic)][purpose:{operation}][SrcIdx:5]
CE0x50024a0 "{CE0x50024a0|0:_i32,_:_SCRE:_elem_0:default:}"
CE0x5072be0 "{CE0x5072be0|selinux_nlmsg_perm:tmp46|security/selinux/hooks.c,4740}"
CE0x50709a0 "{CE0x50709a0|sock_has_perm:perms|Function::sock_has_perm&Arg::perms::}"
CE0x5070ca0 "{CE0x5070ca0|sock_has_perm:perms|Function::sock_has_perm&Arg::perms::|*SummSink*}"
CONST[source:0(mediator),value:0(static)][purpose:{operation}][SnkIdx:3]


CONST[source:0(mediator),value:2(dynamic)][purpose:{operation}][SrcIdx:5]  ->  CONST[source:0(mediator),value:2(dynamic)][purpose:{object}][SnkIdx:1]
-----------
CONST[source:0(mediator),value:2(dynamic)][purpose:{operation}][SrcIdx:5]
CE0x50024a0 "{CE0x50024a0|0:_i32,_:_SCRE:_elem_0:default:}"
CE0x50420b0 "{CE0x50420b0|selinux_nlmsg_perm:call1|security/selinux/hooks.c,4723}"
CE0x5002e50 "{CE0x5002e50|selinux_nlmsg_perm:tobool|security/selinux/hooks.c,4724}"
CE0x502b110 "{CE0x502b110|selinux_nlmsg_perm:if.end19}"
CE0x5073580 "{CE0x5073580|sock_has_perm:entry}"
CE0x50539f0 "{CE0x50539f0|sock_has_perm:if.end}"
CE0x506cb60 "{CE0x506cb60|sock_has_perm:tmp16|security/selinux/hooks.c,3976}"
CE0x506cd00 "{CE0x506cd00|sock_has_perm:tmp16|security/selinux/hooks.c,3976|*SummSink*}"
CONST[source:0(mediator),value:2(dynamic)][purpose:{object}][SnkIdx:1]


CONST[source:1(input),value:2(dynamic)][purpose:{object}][SrcIdx:6]  ->  CONST[source:0(mediator),value:2(dynamic)][purpose:{subject}][SnkIdx:0]
-----------
CONST[source:1(input),value:2(dynamic)][purpose:{object}][SrcIdx:6]
CE0x5081200 "{CE0x5081200|16:_i32,_24:_i16,_:_CRE_24,26_|*MultipleSource*|*LoadInst*|security/selinux/hooks.c,4715|security/selinux/hooks.c,4715|security/selinux/hooks.c,4723}"
CE0x50813f0 "{CE0x50813f0|selinux_nlmsg_perm:tmp11|security/selinux/hooks.c,4723}"
CE0x50420b0 "{CE0x50420b0|selinux_nlmsg_perm:call1|security/selinux/hooks.c,4723}"
CE0x5002e50 "{CE0x5002e50|selinux_nlmsg_perm:tobool|security/selinux/hooks.c,4724}"
CE0x502b110 "{CE0x502b110|selinux_nlmsg_perm:if.end19}"
CE0x5073580 "{CE0x5073580|sock_has_perm:entry}"
CE0x502ddd0 "{CE0x502ddd0|sock_has_perm:bb}"
CE0x50d3850 "{CE0x50d3850|sock_has_perm:call|security/selinux/hooks.c,3967}"
CE0x5028ff0 "{CE0x5028ff0|sock_has_perm:call|security/selinux/hooks.c,3967|*SummSink*}"
CONST[source:0(mediator),value:2(dynamic)][purpose:{subject}][SnkIdx:0]


CONST[source:1(input),value:2(dynamic)][purpose:{object}][SrcIdx:6]  ->  CONST[source:0(mediator),value:2(dynamic)][purpose:{object}][SnkIdx:2]
-----------
CONST[source:1(input),value:2(dynamic)][purpose:{object}][SrcIdx:6]
CE0x5081200 "{CE0x5081200|16:_i32,_24:_i16,_:_CRE_24,26_|*MultipleSource*|*LoadInst*|security/selinux/hooks.c,4715|security/selinux/hooks.c,4715|security/selinux/hooks.c,4723}"
CE0x506d2d0 "{CE0x506d2d0|sock_has_perm:tmp17|security/selinux/hooks.c,3976}"
CE0x506d850 "{CE0x506d850|sock_has_perm:tmp17|security/selinux/hooks.c,3976|*SummSink*}"
CONST[source:0(mediator),value:2(dynamic)][purpose:{object}][SnkIdx:2]


CONST[source:1(input),value:2(dynamic)][purpose:{object}][SrcIdx:6]  ->  CONST[source:0(mediator),value:0(static)][purpose:{operation}][SnkIdx:3]
-----------
CONST[source:1(input),value:2(dynamic)][purpose:{object}][SrcIdx:6]
CE0x5081200 "{CE0x5081200|16:_i32,_24:_i16,_:_CRE_24,26_|*MultipleSource*|*LoadInst*|security/selinux/hooks.c,4715|security/selinux/hooks.c,4715|security/selinux/hooks.c,4723}"
CE0x50813f0 "{CE0x50813f0|selinux_nlmsg_perm:tmp11|security/selinux/hooks.c,4723}"
CE0x50420b0 "{CE0x50420b0|selinux_nlmsg_perm:call1|security/selinux/hooks.c,4723}"
CE0x5002e50 "{CE0x5002e50|selinux_nlmsg_perm:tobool|security/selinux/hooks.c,4724}"
CE0x502b110 "{CE0x502b110|selinux_nlmsg_perm:if.end19}"
CE0x5072be0 "{CE0x5072be0|selinux_nlmsg_perm:tmp46|security/selinux/hooks.c,4740}"
CE0x50709a0 "{CE0x50709a0|sock_has_perm:perms|Function::sock_has_perm&Arg::perms::}"
CE0x5070ca0 "{CE0x5070ca0|sock_has_perm:perms|Function::sock_has_perm&Arg::perms::|*SummSink*}"
CONST[source:0(mediator),value:0(static)][purpose:{operation}][SnkIdx:3]


CONST[source:1(input),value:2(dynamic)][purpose:{object}][SrcIdx:6]  ->  CONST[source:0(mediator),value:2(dynamic)][purpose:{object}][SnkIdx:1]
-----------
CONST[source:1(input),value:2(dynamic)][purpose:{object}][SrcIdx:6]
CE0x5080e30 "{CE0x5080e30|16:_i32,_24:_i16,_:_CRE_16,20_|*MultipleSource*|*LoadInst*|security/selinux/hooks.c,4715|security/selinux/hooks.c,4715|security/selinux/hooks.c,4723}"
CE0x506cb60 "{CE0x506cb60|sock_has_perm:tmp16|security/selinux/hooks.c,3976}"
CE0x506cd00 "{CE0x506cd00|sock_has_perm:tmp16|security/selinux/hooks.c,3976|*SummSink*}"
CONST[source:0(mediator),value:2(dynamic)][purpose:{object}][SnkIdx:1]


