[selinux_inode_removexattr]

explicit:
CONST[source:2(external),value:0(static)][purpose:{operation}][SrcIdx:8]  ->  CONST[source:0(mediator),value:2(dynamic)][purpose:{subject}][SnkIdx:0]
-----------
CONST[source:2(external),value:0(static)][purpose:{operation}][SrcIdx:8]
CE0x425c060 "{CE0x425c060|i32_0|*Constant*}"
CE0x4207ae0 "{CE0x4207ae0|selinux_inode_setotherxattr:cred4|security/selinux/hooks.c,2915}"
CE0x42080b0 "{CE0x42080b0|selinux_inode_setotherxattr:tmp19|security/selinux/hooks.c,2915}"
CE0x428dd20 "{CE0x428dd20|dentry_has_perm:cred|Function::dentry_has_perm&Arg::cred::}"
CE0x420be20 "{CE0x420be20|inode_has_perm:cred|Function::inode_has_perm&Arg::cred::}"
CE0x42e3db0 "{CE0x42e3db0|cred_sid:cred|Function::cred_sid&Arg::cred::}"
CE0x42fdaa0 "{CE0x42fdaa0|cred_sid:security|security/selinux/hooks.c,196}"
CE0x42fda30 "{CE0x42fda30|cred_sid:tmp4|*LoadInst*|security/selinux/hooks.c,196}"
CE0x428efa0 "{CE0x428efa0|cred_sid:tmp5|security/selinux/hooks.c,196}"
CE0x428f890 "{CE0x428f890|cred_sid:sid|security/selinux/hooks.c,197}"
CE0x4290980 "{CE0x4290980|cred_sid:tmp6|security/selinux/hooks.c,197}"
CE0x42e40b0 "{CE0x42e40b0|_ret_i32_%tmp6,_!dbg_!27716|security/selinux/hooks.c,197}"
CE0x42e31a0 "{CE0x42e31a0|inode_has_perm:call|security/selinux/hooks.c,1614}"
CE0x42e3340 "{CE0x42e3340|inode_has_perm:call|security/selinux/hooks.c,1614|*SummSink*}"
CONST[source:0(mediator),value:2(dynamic)][purpose:{subject}][SnkIdx:0]


CONST[source:2(external),value:2(dynamic)][purpose:{subject}][SrcIdx:13]  ->  CONST[source:0(mediator),value:2(dynamic)][purpose:{subject}][SnkIdx:0]
-----------
CONST[source:2(external),value:2(dynamic)][purpose:{subject}][SrcIdx:13]
CE0x4207b50 "{CE0x4207b50|COLLAPSED:_GCMRE_current_task_external_global_%struct.task_struct*:_elem_0::|security/selinux/hooks.c,2915}"
CE0x42080b0 "{CE0x42080b0|selinux_inode_setotherxattr:tmp19|security/selinux/hooks.c,2915}"
CE0x428dd20 "{CE0x428dd20|dentry_has_perm:cred|Function::dentry_has_perm&Arg::cred::}"
CE0x420be20 "{CE0x420be20|inode_has_perm:cred|Function::inode_has_perm&Arg::cred::}"
CE0x42e3db0 "{CE0x42e3db0|cred_sid:cred|Function::cred_sid&Arg::cred::}"
CE0x42fdaa0 "{CE0x42fdaa0|cred_sid:security|security/selinux/hooks.c,196}"
CE0x42fda30 "{CE0x42fda30|cred_sid:tmp4|*LoadInst*|security/selinux/hooks.c,196}"
CE0x428efa0 "{CE0x428efa0|cred_sid:tmp5|security/selinux/hooks.c,196}"
CE0x428f890 "{CE0x428f890|cred_sid:sid|security/selinux/hooks.c,197}"
CE0x4290980 "{CE0x4290980|cred_sid:tmp6|security/selinux/hooks.c,197}"
CE0x42e40b0 "{CE0x42e40b0|_ret_i32_%tmp6,_!dbg_!27716|security/selinux/hooks.c,197}"
CE0x42e31a0 "{CE0x42e31a0|inode_has_perm:call|security/selinux/hooks.c,1614}"
CE0x42e3340 "{CE0x42e3340|inode_has_perm:call|security/selinux/hooks.c,1614|*SummSink*}"
CONST[source:0(mediator),value:2(dynamic)][purpose:{subject}][SnkIdx:0]


CONST[source:1(input),value:2(dynamic)][purpose:{object}][SrcIdx:10]  ->  CONST[source:0(mediator),value:2(dynamic)][purpose:{object}][SnkIdx:2]
-----------
CONST[source:1(input),value:2(dynamic)][purpose:{object}][SrcIdx:10]
CE0x42a4490 "{CE0x42a4490|12:_i32,_56:_i8*,_:_CRE_56,64_|*MultipleSource*|*LoadInst*|security/selinux/hooks.c,1627|Function::inode_has_perm&Arg::inode::|security/selinux/hooks.c,1611}"
CE0x42e6dd0 "{CE0x42e6dd0|inode_has_perm:tmp15|*LoadInst*|security/selinux/hooks.c,1615}"
CE0x42e74a0 "{CE0x42e74a0|inode_has_perm:tmp16|security/selinux/hooks.c,1615}"
CE0x42e7eb0 "{CE0x42e7eb0|inode_has_perm:sclass|security/selinux/hooks.c,1617}"
CE0x42fa050 "{CE0x42fa050|inode_has_perm:tmp18|security/selinux/hooks.c,1617}"
CE0x42fa380 "{CE0x42fa380|inode_has_perm:tmp18|security/selinux/hooks.c,1617|*SummSink*}"
CONST[source:0(mediator),value:2(dynamic)][purpose:{object}][SnkIdx:2]


CONST[source:1(input),value:2(dynamic)][purpose:{object}][SrcIdx:10]  ->  CONST[source:0(mediator),value:2(dynamic)][purpose:{object}][SnkIdx:1]
-----------
CONST[source:1(input),value:2(dynamic)][purpose:{object}][SrcIdx:10]
CE0x42a4490 "{CE0x42a4490|12:_i32,_56:_i8*,_:_CRE_56,64_|*MultipleSource*|*LoadInst*|security/selinux/hooks.c,1627|Function::inode_has_perm&Arg::inode::|security/selinux/hooks.c,1611}"
CE0x42e6dd0 "{CE0x42e6dd0|inode_has_perm:tmp15|*LoadInst*|security/selinux/hooks.c,1615}"
CE0x42e74a0 "{CE0x42e74a0|inode_has_perm:tmp16|security/selinux/hooks.c,1615}"
CE0x42e7780 "{CE0x42e7780|inode_has_perm:sid3|security/selinux/hooks.c,1617}"
CE0x42eb1a0 "{CE0x42eb1a0|inode_has_perm:tmp17|security/selinux/hooks.c,1617}"
CE0x42eb5a0 "{CE0x42eb5a0|inode_has_perm:tmp17|security/selinux/hooks.c,1617|*SummSink*}"
CONST[source:0(mediator),value:2(dynamic)][purpose:{object}][SnkIdx:1]


CONST[source:2(external),value:0(static)][purpose:{operation}][SrcIdx:6]  ->  CONST[source:0(mediator),value:2(dynamic)][purpose:{subject}][SnkIdx:0]
-----------
CONST[source:2(external),value:0(static)][purpose:{operation}][SrcIdx:6]
CE0x425c060 "{CE0x425c060|i32_0|*Constant*}"
CE0x4207ae0 "{CE0x4207ae0|selinux_inode_setotherxattr:cred4|security/selinux/hooks.c,2915}"
CE0x42080b0 "{CE0x42080b0|selinux_inode_setotherxattr:tmp19|security/selinux/hooks.c,2915}"
CE0x428dd20 "{CE0x428dd20|dentry_has_perm:cred|Function::dentry_has_perm&Arg::cred::}"
CE0x420be20 "{CE0x420be20|inode_has_perm:cred|Function::inode_has_perm&Arg::cred::}"
CE0x42e3db0 "{CE0x42e3db0|cred_sid:cred|Function::cred_sid&Arg::cred::}"
CE0x42fdaa0 "{CE0x42fdaa0|cred_sid:security|security/selinux/hooks.c,196}"
CE0x42fda30 "{CE0x42fda30|cred_sid:tmp4|*LoadInst*|security/selinux/hooks.c,196}"
CE0x428efa0 "{CE0x428efa0|cred_sid:tmp5|security/selinux/hooks.c,196}"
CE0x428f890 "{CE0x428f890|cred_sid:sid|security/selinux/hooks.c,197}"
CE0x4290980 "{CE0x4290980|cred_sid:tmp6|security/selinux/hooks.c,197}"
CE0x42e40b0 "{CE0x42e40b0|_ret_i32_%tmp6,_!dbg_!27716|security/selinux/hooks.c,197}"
CE0x42e31a0 "{CE0x42e31a0|inode_has_perm:call|security/selinux/hooks.c,1614}"
CE0x42e3340 "{CE0x42e3340|inode_has_perm:call|security/selinux/hooks.c,1614|*SummSink*}"
CONST[source:0(mediator),value:2(dynamic)][purpose:{subject}][SnkIdx:0]



implicit:
CONST[source:2(external),value:0(static)][purpose:{operation}][SrcIdx:1]  ->  CONST[source:0(mediator),value:2(dynamic)][purpose:{object}][SnkIdx:1]
-----------
CONST[source:2(external),value:0(static)][purpose:{operation}][SrcIdx:1]
CE0x4262b80 "{CE0x4262b80|i32_31|*Constant*}"
CE0x42545f0 "{CE0x42545f0|selinux_inode_setotherxattr:call11|security/selinux/hooks.c,2920}"
CE0x4213a90 "{CE0x4213a90|selinux_inode_setotherxattr:if.end18}"
CE0x428d810 "{CE0x428d810|dentry_has_perm:entry}"
CE0x4216fd0 "{CE0x4216fd0|dentry_has_perm:bb}"
CE0x420bb70 "{CE0x420bb70|inode_has_perm:entry}"
CE0x4261b30 "{CE0x4261b30|inode_has_perm:if.end}"
CE0x42eb1a0 "{CE0x42eb1a0|inode_has_perm:tmp17|security/selinux/hooks.c,1617}"
CE0x42eb5a0 "{CE0x42eb5a0|inode_has_perm:tmp17|security/selinux/hooks.c,1617|*SummSink*}"
CONST[source:0(mediator),value:2(dynamic)][purpose:{object}][SnkIdx:1]


CONST[source:2(external),value:0(static)][purpose:{operation}][SrcIdx:1]  ->  CONST[source:0(mediator),value:2(dynamic)][purpose:{subject}][SnkIdx:0]
-----------
CONST[source:2(external),value:0(static)][purpose:{operation}][SrcIdx:1]
CE0x4262b80 "{CE0x4262b80|i32_31|*Constant*}"
CE0x42545f0 "{CE0x42545f0|selinux_inode_setotherxattr:call11|security/selinux/hooks.c,2920}"
CE0x4213a90 "{CE0x4213a90|selinux_inode_setotherxattr:if.end18}"
CE0x428d810 "{CE0x428d810|dentry_has_perm:entry}"
CE0x4216fd0 "{CE0x4216fd0|dentry_has_perm:bb}"
CE0x420bb70 "{CE0x420bb70|inode_has_perm:entry}"
CE0x4261b30 "{CE0x4261b30|inode_has_perm:if.end}"
CE0x42e31a0 "{CE0x42e31a0|inode_has_perm:call|security/selinux/hooks.c,1614}"
CE0x42e3340 "{CE0x42e3340|inode_has_perm:call|security/selinux/hooks.c,1614|*SummSink*}"
CONST[source:0(mediator),value:2(dynamic)][purpose:{subject}][SnkIdx:0]


CONST[source:2(external),value:0(static)][purpose:{operation}][SrcIdx:1]  ->  CONST[source:0(mediator),value:2(dynamic)][purpose:{object}][SnkIdx:2]
-----------
CONST[source:2(external),value:0(static)][purpose:{operation}][SrcIdx:1]
CE0x4262b80 "{CE0x4262b80|i32_31|*Constant*}"
CE0x42545f0 "{CE0x42545f0|selinux_inode_setotherxattr:call11|security/selinux/hooks.c,2920}"
CE0x4213a90 "{CE0x4213a90|selinux_inode_setotherxattr:if.end18}"
CE0x428d810 "{CE0x428d810|dentry_has_perm:entry}"
CE0x4216fd0 "{CE0x4216fd0|dentry_has_perm:bb}"
CE0x420bb70 "{CE0x420bb70|inode_has_perm:entry}"
CE0x4261b30 "{CE0x4261b30|inode_has_perm:if.end}"
CE0x42fa050 "{CE0x42fa050|inode_has_perm:tmp18|security/selinux/hooks.c,1617}"
CE0x42fa380 "{CE0x42fa380|inode_has_perm:tmp18|security/selinux/hooks.c,1617|*SummSink*}"
CONST[source:0(mediator),value:2(dynamic)][purpose:{object}][SnkIdx:2]


CONST[source:2(external),value:0(static)][purpose:{operation}][SrcIdx:2]  ->  CONST[source:0(mediator),value:2(dynamic)][purpose:{object}][SnkIdx:1]
-----------
CONST[source:2(external),value:0(static)][purpose:{operation}][SrcIdx:2]
CE0x4285840 "{CE0x4285840|i32_21|*Constant*}"
CE0x4285490 "{CE0x4285490|selinux_inode_setotherxattr:call14|security/selinux/hooks.c,2922}"
CE0x4213a90 "{CE0x4213a90|selinux_inode_setotherxattr:if.end18}"
CE0x428d810 "{CE0x428d810|dentry_has_perm:entry}"
CE0x4216fd0 "{CE0x4216fd0|dentry_has_perm:bb}"
CE0x420bb70 "{CE0x420bb70|inode_has_perm:entry}"
CE0x4261b30 "{CE0x4261b30|inode_has_perm:if.end}"
CE0x42eb1a0 "{CE0x42eb1a0|inode_has_perm:tmp17|security/selinux/hooks.c,1617}"
CE0x42eb5a0 "{CE0x42eb5a0|inode_has_perm:tmp17|security/selinux/hooks.c,1617|*SummSink*}"
CONST[source:0(mediator),value:2(dynamic)][purpose:{object}][SnkIdx:1]


CONST[source:2(external),value:0(static)][purpose:{operation}][SrcIdx:2]  ->  CONST[source:0(mediator),value:2(dynamic)][purpose:{subject}][SnkIdx:0]
-----------
CONST[source:2(external),value:0(static)][purpose:{operation}][SrcIdx:2]
CE0x4285840 "{CE0x4285840|i32_21|*Constant*}"
CE0x4285490 "{CE0x4285490|selinux_inode_setotherxattr:call14|security/selinux/hooks.c,2922}"
CE0x4213a90 "{CE0x4213a90|selinux_inode_setotherxattr:if.end18}"
CE0x428d810 "{CE0x428d810|dentry_has_perm:entry}"
CE0x4216fd0 "{CE0x4216fd0|dentry_has_perm:bb}"
CE0x420bb70 "{CE0x420bb70|inode_has_perm:entry}"
CE0x4261b30 "{CE0x4261b30|inode_has_perm:if.end}"
CE0x42e31a0 "{CE0x42e31a0|inode_has_perm:call|security/selinux/hooks.c,1614}"
CE0x42e3340 "{CE0x42e3340|inode_has_perm:call|security/selinux/hooks.c,1614|*SummSink*}"
CONST[source:0(mediator),value:2(dynamic)][purpose:{subject}][SnkIdx:0]


CONST[source:2(external),value:0(static)][purpose:{operation}][SrcIdx:2]  ->  CONST[source:0(mediator),value:2(dynamic)][purpose:{object}][SnkIdx:2]
-----------
CONST[source:2(external),value:0(static)][purpose:{operation}][SrcIdx:2]
CE0x4285840 "{CE0x4285840|i32_21|*Constant*}"
CE0x4285490 "{CE0x4285490|selinux_inode_setotherxattr:call14|security/selinux/hooks.c,2922}"
CE0x4213a90 "{CE0x4213a90|selinux_inode_setotherxattr:if.end18}"
CE0x428d810 "{CE0x428d810|dentry_has_perm:entry}"
CE0x4216fd0 "{CE0x4216fd0|dentry_has_perm:bb}"
CE0x420bb70 "{CE0x420bb70|inode_has_perm:entry}"
CE0x4261b30 "{CE0x4261b30|inode_has_perm:if.end}"
CE0x42fa050 "{CE0x42fa050|inode_has_perm:tmp18|security/selinux/hooks.c,1617}"
CE0x42fa380 "{CE0x42fa380|inode_has_perm:tmp18|security/selinux/hooks.c,1617|*SummSink*}"
CONST[source:0(mediator),value:2(dynamic)][purpose:{object}][SnkIdx:2]


CONST[source:1(input),value:2(dynamic)][purpose:{object}][SrcIdx:11]  ->  CONST[source:0(mediator),value:2(dynamic)][purpose:{object}][SnkIdx:1]
-----------
CONST[source:1(input),value:2(dynamic)][purpose:{object}][SrcIdx:11]
CE0x4225fc0 "{CE0x4225fc0|VOIDTB_TE:_CRE:_elem_0:default:}"
CE0x42302f0 "{CE0x42302f0|selinux_inode_setotherxattr:call8|security/selinux/hooks.c,2919}"
CE0x4218e80 "{CE0x4218e80|selinux_inode_setotherxattr:tobool9|security/selinux/hooks.c,2919}"
CE0x4213a90 "{CE0x4213a90|selinux_inode_setotherxattr:if.end18}"
CE0x428d810 "{CE0x428d810|dentry_has_perm:entry}"
CE0x4216fd0 "{CE0x4216fd0|dentry_has_perm:bb}"
CE0x420bb70 "{CE0x420bb70|inode_has_perm:entry}"
CE0x4261b30 "{CE0x4261b30|inode_has_perm:if.end}"
CE0x42eb1a0 "{CE0x42eb1a0|inode_has_perm:tmp17|security/selinux/hooks.c,1617}"
CE0x42eb5a0 "{CE0x42eb5a0|inode_has_perm:tmp17|security/selinux/hooks.c,1617|*SummSink*}"
CONST[source:0(mediator),value:2(dynamic)][purpose:{object}][SnkIdx:1]


CONST[source:1(input),value:2(dynamic)][purpose:{object}][SrcIdx:11]  ->  CONST[source:0(mediator),value:2(dynamic)][purpose:{subject}][SnkIdx:0]
-----------
CONST[source:1(input),value:2(dynamic)][purpose:{object}][SrcIdx:11]
CE0x4225fc0 "{CE0x4225fc0|VOIDTB_TE:_CRE:_elem_0:default:}"
CE0x42302f0 "{CE0x42302f0|selinux_inode_setotherxattr:call8|security/selinux/hooks.c,2919}"
CE0x4218e80 "{CE0x4218e80|selinux_inode_setotherxattr:tobool9|security/selinux/hooks.c,2919}"
CE0x4213a90 "{CE0x4213a90|selinux_inode_setotherxattr:if.end18}"
CE0x428d810 "{CE0x428d810|dentry_has_perm:entry}"
CE0x4216fd0 "{CE0x4216fd0|dentry_has_perm:bb}"
CE0x420bb70 "{CE0x420bb70|inode_has_perm:entry}"
CE0x4261b30 "{CE0x4261b30|inode_has_perm:if.end}"
CE0x42e31a0 "{CE0x42e31a0|inode_has_perm:call|security/selinux/hooks.c,1614}"
CE0x42e3340 "{CE0x42e3340|inode_has_perm:call|security/selinux/hooks.c,1614|*SummSink*}"
CONST[source:0(mediator),value:2(dynamic)][purpose:{subject}][SnkIdx:0]


CONST[source:1(input),value:2(dynamic)][purpose:{object}][SrcIdx:11]  ->  CONST[source:0(mediator),value:2(dynamic)][purpose:{object}][SnkIdx:2]
-----------
CONST[source:1(input),value:2(dynamic)][purpose:{object}][SrcIdx:11]
CE0x4225fc0 "{CE0x4225fc0|VOIDTB_TE:_CRE:_elem_0:default:}"
CE0x42302f0 "{CE0x42302f0|selinux_inode_setotherxattr:call8|security/selinux/hooks.c,2919}"
CE0x4218e80 "{CE0x4218e80|selinux_inode_setotherxattr:tobool9|security/selinux/hooks.c,2919}"
CE0x4213a90 "{CE0x4213a90|selinux_inode_setotherxattr:if.end18}"
CE0x428d810 "{CE0x428d810|dentry_has_perm:entry}"
CE0x4216fd0 "{CE0x4216fd0|dentry_has_perm:bb}"
CE0x420bb70 "{CE0x420bb70|inode_has_perm:entry}"
CE0x4261b30 "{CE0x4261b30|inode_has_perm:if.end}"
CE0x42fa050 "{CE0x42fa050|inode_has_perm:tmp18|security/selinux/hooks.c,1617}"
CE0x42fa380 "{CE0x42fa380|inode_has_perm:tmp18|security/selinux/hooks.c,1617|*SummSink*}"
CONST[source:0(mediator),value:2(dynamic)][purpose:{object}][SnkIdx:2]


CONST[source:1(input),value:2(dynamic)][purpose:{object}][SrcIdx:10]  ->  CONST[source:0(mediator),value:2(dynamic)][purpose:{object}][SnkIdx:1]
-----------
CONST[source:1(input),value:2(dynamic)][purpose:{object}][SrcIdx:10]
CE0x42a4490 "{CE0x42a4490|12:_i32,_56:_i8*,_:_CRE_56,64_|*MultipleSource*|*LoadInst*|security/selinux/hooks.c,1627|Function::inode_has_perm&Arg::inode::|security/selinux/hooks.c,1611}"
CE0x42e6dd0 "{CE0x42e6dd0|inode_has_perm:tmp15|*LoadInst*|security/selinux/hooks.c,1615}"
CE0x42e74a0 "{CE0x42e74a0|inode_has_perm:tmp16|security/selinux/hooks.c,1615}"
CE0x42e7780 "{CE0x42e7780|inode_has_perm:sid3|security/selinux/hooks.c,1617}"
CE0x42eb1a0 "{CE0x42eb1a0|inode_has_perm:tmp17|security/selinux/hooks.c,1617}"
CE0x42eb5a0 "{CE0x42eb5a0|inode_has_perm:tmp17|security/selinux/hooks.c,1617|*SummSink*}"
CONST[source:0(mediator),value:2(dynamic)][purpose:{object}][SnkIdx:1]


CONST[source:1(input),value:2(dynamic)][purpose:{object}][SrcIdx:10]  ->  CONST[source:0(mediator),value:2(dynamic)][purpose:{object}][SnkIdx:2]
-----------
CONST[source:1(input),value:2(dynamic)][purpose:{object}][SrcIdx:10]
CE0x42a4490 "{CE0x42a4490|12:_i32,_56:_i8*,_:_CRE_56,64_|*MultipleSource*|*LoadInst*|security/selinux/hooks.c,1627|Function::inode_has_perm&Arg::inode::|security/selinux/hooks.c,1611}"
CE0x42e6dd0 "{CE0x42e6dd0|inode_has_perm:tmp15|*LoadInst*|security/selinux/hooks.c,1615}"
CE0x42e74a0 "{CE0x42e74a0|inode_has_perm:tmp16|security/selinux/hooks.c,1615}"
CE0x42e7eb0 "{CE0x42e7eb0|inode_has_perm:sclass|security/selinux/hooks.c,1617}"
CE0x42fa050 "{CE0x42fa050|inode_has_perm:tmp18|security/selinux/hooks.c,1617}"
CE0x42fa380 "{CE0x42fa380|inode_has_perm:tmp18|security/selinux/hooks.c,1617|*SummSink*}"
CONST[source:0(mediator),value:2(dynamic)][purpose:{object}][SnkIdx:2]


CONST[source:2(external),value:2(dynamic)][purpose:{subject}][SrcIdx:13]  ->  CONST[source:0(mediator),value:2(dynamic)][purpose:{subject}][SnkIdx:0]
-----------
CONST[source:2(external),value:2(dynamic)][purpose:{subject}][SrcIdx:13]
CE0x4207b50 "{CE0x4207b50|COLLAPSED:_GCMRE_current_task_external_global_%struct.task_struct*:_elem_0::|security/selinux/hooks.c,2915}"
CE0x42080b0 "{CE0x42080b0|selinux_inode_setotherxattr:tmp19|security/selinux/hooks.c,2915}"
CE0x428dd20 "{CE0x428dd20|dentry_has_perm:cred|Function::dentry_has_perm&Arg::cred::}"
CE0x420be20 "{CE0x420be20|inode_has_perm:cred|Function::inode_has_perm&Arg::cred::}"
CE0x42e3db0 "{CE0x42e3db0|cred_sid:cred|Function::cred_sid&Arg::cred::}"
CE0x42fdaa0 "{CE0x42fdaa0|cred_sid:security|security/selinux/hooks.c,196}"
CE0x42fda30 "{CE0x42fda30|cred_sid:tmp4|*LoadInst*|security/selinux/hooks.c,196}"
CE0x428efa0 "{CE0x428efa0|cred_sid:tmp5|security/selinux/hooks.c,196}"
CE0x428f890 "{CE0x428f890|cred_sid:sid|security/selinux/hooks.c,197}"
CE0x4290980 "{CE0x4290980|cred_sid:tmp6|security/selinux/hooks.c,197}"
CE0x42e40b0 "{CE0x42e40b0|_ret_i32_%tmp6,_!dbg_!27716|security/selinux/hooks.c,197}"
CE0x42e31a0 "{CE0x42e31a0|inode_has_perm:call|security/selinux/hooks.c,1614}"
CE0x42e3340 "{CE0x42e3340|inode_has_perm:call|security/selinux/hooks.c,1614|*SummSink*}"
CONST[source:0(mediator),value:2(dynamic)][purpose:{subject}][SnkIdx:0]


CONST[source:2(external),value:0(static)][purpose:{operation}][SrcIdx:8]  ->  CONST[source:0(mediator),value:2(dynamic)][purpose:{object}][SnkIdx:1]
-----------
CONST[source:2(external),value:0(static)][purpose:{operation}][SrcIdx:8]
CE0x425c060 "{CE0x425c060|i32_0|*Constant*}"
CE0x4218e80 "{CE0x4218e80|selinux_inode_setotherxattr:tobool9|security/selinux/hooks.c,2919}"
CE0x4213a90 "{CE0x4213a90|selinux_inode_setotherxattr:if.end18}"
CE0x428d810 "{CE0x428d810|dentry_has_perm:entry}"
CE0x4216fd0 "{CE0x4216fd0|dentry_has_perm:bb}"
CE0x420bb70 "{CE0x420bb70|inode_has_perm:entry}"
CE0x4261b30 "{CE0x4261b30|inode_has_perm:if.end}"
CE0x42eb1a0 "{CE0x42eb1a0|inode_has_perm:tmp17|security/selinux/hooks.c,1617}"
CE0x42eb5a0 "{CE0x42eb5a0|inode_has_perm:tmp17|security/selinux/hooks.c,1617|*SummSink*}"
CONST[source:0(mediator),value:2(dynamic)][purpose:{object}][SnkIdx:1]


CONST[source:2(external),value:0(static)][purpose:{operation}][SrcIdx:8]  ->  CONST[source:0(mediator),value:2(dynamic)][purpose:{subject}][SnkIdx:0]
-----------
CONST[source:2(external),value:0(static)][purpose:{operation}][SrcIdx:8]
CE0x425c060 "{CE0x425c060|i32_0|*Constant*}"
CE0x4218e80 "{CE0x4218e80|selinux_inode_setotherxattr:tobool9|security/selinux/hooks.c,2919}"
CE0x4213a90 "{CE0x4213a90|selinux_inode_setotherxattr:if.end18}"
CE0x428d810 "{CE0x428d810|dentry_has_perm:entry}"
CE0x4216fd0 "{CE0x4216fd0|dentry_has_perm:bb}"
CE0x420bb70 "{CE0x420bb70|inode_has_perm:entry}"
CE0x4261b30 "{CE0x4261b30|inode_has_perm:if.end}"
CE0x42e31a0 "{CE0x42e31a0|inode_has_perm:call|security/selinux/hooks.c,1614}"
CE0x42e3340 "{CE0x42e3340|inode_has_perm:call|security/selinux/hooks.c,1614|*SummSink*}"
CONST[source:0(mediator),value:2(dynamic)][purpose:{subject}][SnkIdx:0]


CONST[source:2(external),value:0(static)][purpose:{operation}][SrcIdx:8]  ->  CONST[source:0(mediator),value:2(dynamic)][purpose:{object}][SnkIdx:2]
-----------
CONST[source:2(external),value:0(static)][purpose:{operation}][SrcIdx:8]
CE0x425c060 "{CE0x425c060|i32_0|*Constant*}"
CE0x4218e80 "{CE0x4218e80|selinux_inode_setotherxattr:tobool9|security/selinux/hooks.c,2919}"
CE0x4213a90 "{CE0x4213a90|selinux_inode_setotherxattr:if.end18}"
CE0x428d810 "{CE0x428d810|dentry_has_perm:entry}"
CE0x4216fd0 "{CE0x4216fd0|dentry_has_perm:bb}"
CE0x420bb70 "{CE0x420bb70|inode_has_perm:entry}"
CE0x4261b30 "{CE0x4261b30|inode_has_perm:if.end}"
CE0x42fa050 "{CE0x42fa050|inode_has_perm:tmp18|security/selinux/hooks.c,1617}"
CE0x42fa380 "{CE0x42fa380|inode_has_perm:tmp18|security/selinux/hooks.c,1617|*SummSink*}"
CONST[source:0(mediator),value:2(dynamic)][purpose:{object}][SnkIdx:2]


CONST[source:2(external),value:0(static)][purpose:{operation}][SrcIdx:6]  ->  CONST[source:0(mediator),value:2(dynamic)][purpose:{object}][SnkIdx:1]
-----------
CONST[source:2(external),value:0(static)][purpose:{operation}][SrcIdx:6]
CE0x425c060 "{CE0x425c060|i32_0|*Constant*}"
CE0x4218e80 "{CE0x4218e80|selinux_inode_setotherxattr:tobool9|security/selinux/hooks.c,2919}"
CE0x4213a90 "{CE0x4213a90|selinux_inode_setotherxattr:if.end18}"
CE0x428d810 "{CE0x428d810|dentry_has_perm:entry}"
CE0x4216fd0 "{CE0x4216fd0|dentry_has_perm:bb}"
CE0x420bb70 "{CE0x420bb70|inode_has_perm:entry}"
CE0x4261b30 "{CE0x4261b30|inode_has_perm:if.end}"
CE0x42eb1a0 "{CE0x42eb1a0|inode_has_perm:tmp17|security/selinux/hooks.c,1617}"
CE0x42eb5a0 "{CE0x42eb5a0|inode_has_perm:tmp17|security/selinux/hooks.c,1617|*SummSink*}"
CONST[source:0(mediator),value:2(dynamic)][purpose:{object}][SnkIdx:1]


CONST[source:2(external),value:0(static)][purpose:{operation}][SrcIdx:6]  ->  CONST[source:0(mediator),value:2(dynamic)][purpose:{subject}][SnkIdx:0]
-----------
CONST[source:2(external),value:0(static)][purpose:{operation}][SrcIdx:6]
CE0x425c060 "{CE0x425c060|i32_0|*Constant*}"
CE0x4218e80 "{CE0x4218e80|selinux_inode_setotherxattr:tobool9|security/selinux/hooks.c,2919}"
CE0x4213a90 "{CE0x4213a90|selinux_inode_setotherxattr:if.end18}"
CE0x428d810 "{CE0x428d810|dentry_has_perm:entry}"
CE0x4216fd0 "{CE0x4216fd0|dentry_has_perm:bb}"
CE0x420bb70 "{CE0x420bb70|inode_has_perm:entry}"
CE0x4261b30 "{CE0x4261b30|inode_has_perm:if.end}"
CE0x42e31a0 "{CE0x42e31a0|inode_has_perm:call|security/selinux/hooks.c,1614}"
CE0x42e3340 "{CE0x42e3340|inode_has_perm:call|security/selinux/hooks.c,1614|*SummSink*}"
CONST[source:0(mediator),value:2(dynamic)][purpose:{subject}][SnkIdx:0]


CONST[source:2(external),value:0(static)][purpose:{operation}][SrcIdx:6]  ->  CONST[source:0(mediator),value:2(dynamic)][purpose:{object}][SnkIdx:2]
-----------
CONST[source:2(external),value:0(static)][purpose:{operation}][SrcIdx:6]
CE0x425c060 "{CE0x425c060|i32_0|*Constant*}"
CE0x4218e80 "{CE0x4218e80|selinux_inode_setotherxattr:tobool9|security/selinux/hooks.c,2919}"
CE0x4213a90 "{CE0x4213a90|selinux_inode_setotherxattr:if.end18}"
CE0x428d810 "{CE0x428d810|dentry_has_perm:entry}"
CE0x4216fd0 "{CE0x4216fd0|dentry_has_perm:bb}"
CE0x420bb70 "{CE0x420bb70|inode_has_perm:entry}"
CE0x4261b30 "{CE0x4261b30|inode_has_perm:if.end}"
CE0x42fa050 "{CE0x42fa050|inode_has_perm:tmp18|security/selinux/hooks.c,1617}"
CE0x42fa380 "{CE0x42fa380|inode_has_perm:tmp18|security/selinux/hooks.c,1617|*SummSink*}"
CONST[source:0(mediator),value:2(dynamic)][purpose:{object}][SnkIdx:2]


