[selinux_socket_shutdown]

explicit:
CONST[source:2(external),value:2(dynamic)][purpose:{subject}][SrcIdx:2]  ->  CONST[source:0(mediator),value:2(dynamic)][purpose:{object}]
-----------
CONST[source:2(external),value:2(dynamic)][purpose:{subject}][SrcIdx:2]
CE0x9af1b30 "{CE0x9af1b30|VOIDTB_TE:_IE:_elem_0:default:}"
CE0x9b08960 "{CE0x9b08960|tmp16}"
CE0x9af3460 "{CE0x9af3460|tmp16}"
CONST[source:0(mediator),value:2(dynamic)][purpose:{object}]


CONST[source:2(external),value:2(dynamic)][purpose:{subject}][SrcIdx:2]  ->  CONST[source:0(mediator),value:2(dynamic)][purpose:{subject}]
-----------
CONST[source:2(external),value:2(dynamic)][purpose:{subject}][SrcIdx:2]
CE0x9af1b30 "{CE0x9af1b30|VOIDTB_TE:_IE:_elem_0:default:}"
CE0x9b0e640 "{CE0x9b0e640|tmp6}"
CE0x9afa440 "{CE0x9afa440|_ret_i32_%tmp6,_!dbg_!27716}"
CE0x9af9ba0 "{CE0x9af9ba0|call7}"
CE0x9b20e40 "{CE0x9b20e40|_ret_i32_%call7,_!dbg_!27749}"
CE0x9b220c0 "{CE0x9b220c0|call}"
CE0x9b00280 "{CE0x9b00280|call}"
CONST[source:0(mediator),value:2(dynamic)][purpose:{subject}]


CONST[source:1(input),value:2(dynamic)][purpose:{object}][SrcIdx:0]  ->  CONST[source:0(mediator),value:2(dynamic)][purpose:{object}]
-----------
CONST[source:1(input),value:2(dynamic)][purpose:{object}][SrcIdx:0]
CE0x9af1b30 "{CE0x9af1b30|VOIDTB_TE:_IE:_elem_0:default:}"
CE0x9b08960 "{CE0x9b08960|tmp16}"
CE0x9af3460 "{CE0x9af3460|tmp16}"
CONST[source:0(mediator),value:2(dynamic)][purpose:{object}]


CONST[source:1(input),value:2(dynamic)][purpose:{object}][SrcIdx:0]  ->  CONST[source:0(mediator),value:2(dynamic)][purpose:{subject}]
-----------
CONST[source:1(input),value:2(dynamic)][purpose:{object}][SrcIdx:0]
CE0x9af1b30 "{CE0x9af1b30|VOIDTB_TE:_IE:_elem_0:default:}"
CE0x9b0e640 "{CE0x9b0e640|tmp6}"
CE0x9afa440 "{CE0x9afa440|_ret_i32_%tmp6,_!dbg_!27716}"
CE0x9af9ba0 "{CE0x9af9ba0|call7}"
CE0x9b20e40 "{CE0x9b20e40|_ret_i32_%call7,_!dbg_!27749}"
CE0x9b220c0 "{CE0x9b220c0|call}"
CE0x9b00280 "{CE0x9b00280|call}"
CONST[source:0(mediator),value:2(dynamic)][purpose:{subject}]



implicit:
CONST[source:1(input),value:2(dynamic)][purpose:{object}][SrcIdx:0]  ->  CONST[source:0(mediator),value:2(dynamic)][purpose:{subject}]
-----------
CONST[source:1(input),value:2(dynamic)][purpose:{object}][SrcIdx:0]
CE0x9af1b30 "{CE0x9af1b30|VOIDTB_TE:_IE:_elem_0:default:}"
CE0x9b0e640 "{CE0x9b0e640|tmp6}"
CE0x9afa440 "{CE0x9afa440|_ret_i32_%tmp6,_!dbg_!27716}"
CE0x9af9ba0 "{CE0x9af9ba0|call7}"
CE0x9b20e40 "{CE0x9b20e40|_ret_i32_%call7,_!dbg_!27749}"
CE0x9b220c0 "{CE0x9b220c0|call}"
CE0x9b00280 "{CE0x9b00280|call}"
CONST[source:0(mediator),value:2(dynamic)][purpose:{subject}]


CONST[source:1(input),value:2(dynamic)][purpose:{object}][SrcIdx:0]  ->  CONST[source:0(mediator),value:2(dynamic)][purpose:{object}]
-----------
CONST[source:1(input),value:2(dynamic)][purpose:{object}][SrcIdx:0]
CE0x9af1b30 "{CE0x9af1b30|VOIDTB_TE:_IE:_elem_0:default:}"
CE0x9b08960 "{CE0x9b08960|tmp16}"
CE0x9af3460 "{CE0x9af3460|tmp16}"
CONST[source:0(mediator),value:2(dynamic)][purpose:{object}]


CONST[source:2(external),value:2(dynamic)][purpose:{subject}][SrcIdx:2]  ->  CONST[source:0(mediator),value:2(dynamic)][purpose:{subject}]
-----------
CONST[source:2(external),value:2(dynamic)][purpose:{subject}][SrcIdx:2]
CE0x9af1b30 "{CE0x9af1b30|VOIDTB_TE:_IE:_elem_0:default:}"
CE0x9b0e640 "{CE0x9b0e640|tmp6}"
CE0x9afa440 "{CE0x9afa440|_ret_i32_%tmp6,_!dbg_!27716}"
CE0x9af9ba0 "{CE0x9af9ba0|call7}"
CE0x9b20e40 "{CE0x9b20e40|_ret_i32_%call7,_!dbg_!27749}"
CE0x9b220c0 "{CE0x9b220c0|call}"
CE0x9b00280 "{CE0x9b00280|call}"
CONST[source:0(mediator),value:2(dynamic)][purpose:{subject}]


CONST[source:2(external),value:2(dynamic)][purpose:{subject}][SrcIdx:2]  ->  CONST[source:0(mediator),value:2(dynamic)][purpose:{object}]
-----------
CONST[source:2(external),value:2(dynamic)][purpose:{subject}][SrcIdx:2]
CE0x9af1b30 "{CE0x9af1b30|VOIDTB_TE:_IE:_elem_0:default:}"
CE0x9b08960 "{CE0x9b08960|tmp16}"
CE0x9af3460 "{CE0x9af3460|tmp16}"
CONST[source:0(mediator),value:2(dynamic)][purpose:{object}]


