[selinux_msg_queue_msgctl]

explicit:
CONST[source:1(input),value:2(dynamic)][purpose:{object}][SrcIdx:7]  ->  CONST[source:0(mediator),value:2(dynamic)][purpose:{object}][SnkIdx:6]
-----------
CONST[source:1(input),value:2(dynamic)][purpose:{object}][SrcIdx:7]
CE0x4c62400 "{CE0x4c62400|0:_i16,_4:_i32,_:_CRE_0,2_|*MultipleSource*|*LoadInst*|security/selinux/hooks.c,5131|security/selinux/hooks.c,5131|security/selinux/hooks.c,5136}"
CE0x4c62de0 "{CE0x4c62de0|ipc_has_perm:tmp8|security/selinux/hooks.c,5136}"
CE0x4c63140 "{CE0x4c63140|ipc_has_perm:tmp8|security/selinux/hooks.c,5136|*SummSink*}"
CONST[source:0(mediator),value:2(dynamic)][purpose:{object}][SnkIdx:6]


CONST[source:1(input),value:2(dynamic)][purpose:{object}][SrcIdx:7]  ->  CONST[source:0(mediator),value:2(dynamic)][purpose:{object}][SnkIdx:5]
-----------
CONST[source:1(input),value:2(dynamic)][purpose:{object}][SrcIdx:7]
CE0x4c62390 "{CE0x4c62390|0:_i16,_4:_i32,_:_CRE_4,8_|*MultipleSource*|*LoadInst*|security/selinux/hooks.c,5131|security/selinux/hooks.c,5131|security/selinux/hooks.c,5136}"
CE0x4c62580 "{CE0x4c62580|ipc_has_perm:tmp7|security/selinux/hooks.c,5136}"
CE0x4c62a80 "{CE0x4c62a80|ipc_has_perm:tmp7|security/selinux/hooks.c,5136|*SummSink*}"
CONST[source:0(mediator),value:2(dynamic)][purpose:{object}][SnkIdx:5]


CONST[source:2(external),value:2(dynamic)][purpose:{subject}][SrcIdx:10]  ->  CONST[source:0(mediator),value:2(dynamic)][purpose:{subject}][SnkIdx:4]
-----------
CONST[source:2(external),value:2(dynamic)][purpose:{subject}][SrcIdx:10]
CE0x4c6abd0 "{CE0x4c6abd0|COLLAPSED:_GCMRE_current_task_external_global_%struct.task_struct*:_elem_0:default:}"
CE0x4caa1e0 "{CE0x4caa1e0|current_sid:tmp22|security/selinux/hooks.c,218}"
CE0x4caa4d0 "{CE0x4caa4d0|current_sid:tmp23|security/selinux/hooks.c,218}"
CE0x4c6b4d0 "{CE0x4c6b4d0|current_sid:sid|security/selinux/hooks.c,220}"
CE0x4c6c600 "{CE0x4c6c600|current_sid:tmp24|security/selinux/hooks.c,220}"
CE0x4c66ba0 "{CE0x4c66ba0|_ret_i32_%tmp24,_!dbg_!27742|security/selinux/hooks.c,220}"
CE0x4c51280 "{CE0x4c51280|ipc_has_perm:call|security/selinux/hooks.c,5129}"
CE0x4c1b000 "{CE0x4c1b000|ipc_has_perm:call|security/selinux/hooks.c,5129|*SummSink*}"
CONST[source:0(mediator),value:2(dynamic)][purpose:{subject}][SnkIdx:4]


CONST[source:2(external),value:2(dynamic)][purpose:{subject}][SrcIdx:10]  ->  CONST[source:0(mediator),value:2(dynamic)][purpose:{subject}][SnkIdx:0]
-----------
CONST[source:2(external),value:2(dynamic)][purpose:{subject}][SrcIdx:10]
CE0x4c6abd0 "{CE0x4c6abd0|COLLAPSED:_GCMRE_current_task_external_global_%struct.task_struct*:_elem_0:default:}"
CE0x4c6ebf0 "{CE0x4c6ebf0|task_sid:tmp4|*LoadInst*|security/selinux/hooks.c,208}"
CE0x4c97a60 "{CE0x4c97a60|cred_sid:cred|Function::cred_sid&Arg::cred::}"
CE0x4c76dd0 "{CE0x4c76dd0|cred_sid:security|security/selinux/hooks.c,196}"
CE0x4c76ff0 "{CE0x4c76ff0|cred_sid:tmp4|*LoadInst*|security/selinux/hooks.c,196}"
CE0x4c786f0 "{CE0x4c786f0|cred_sid:tmp5|security/selinux/hooks.c,196}"
CE0x4cb7ea0 "{CE0x4cb7ea0|cred_sid:sid|security/selinux/hooks.c,197}"
CE0x4c798f0 "{CE0x4c798f0|cred_sid:tmp6|security/selinux/hooks.c,197}"
CE0x4c97dc0 "{CE0x4c97dc0|_ret_i32_%tmp6,_!dbg_!27716|security/selinux/hooks.c,197}"
CE0x4c75a30 "{CE0x4c75a30|task_sid:call7|security/selinux/hooks.c,208}"
CE0x4c52890 "{CE0x4c52890|_ret_i32_%call7,_!dbg_!27749|security/selinux/hooks.c,210}"
CE0x4c02590 "{CE0x4c02590|task_has_system:call|security/selinux/hooks.c,1592}"
CE0x4bf01d0 "{CE0x4bf01d0|task_has_system:call|security/selinux/hooks.c,1592|*SummSink*}"
CONST[source:0(mediator),value:2(dynamic)][purpose:{subject}][SnkIdx:0]



implicit:
CONST[source:2(external),value:2(dynamic)][purpose:{subject}][SrcIdx:10]  ->  CONST[source:0(mediator),value:2(dynamic)][purpose:{subject}][SnkIdx:4]
-----------
CONST[source:2(external),value:2(dynamic)][purpose:{subject}][SrcIdx:10]
CE0x4c6abd0 "{CE0x4c6abd0|COLLAPSED:_GCMRE_current_task_external_global_%struct.task_struct*:_elem_0:default:}"
CE0x4caa1e0 "{CE0x4caa1e0|current_sid:tmp22|security/selinux/hooks.c,218}"
CE0x4caa4d0 "{CE0x4caa4d0|current_sid:tmp23|security/selinux/hooks.c,218}"
CE0x4c6b4d0 "{CE0x4c6b4d0|current_sid:sid|security/selinux/hooks.c,220}"
CE0x4c6c600 "{CE0x4c6c600|current_sid:tmp24|security/selinux/hooks.c,220}"
CE0x4c66ba0 "{CE0x4c66ba0|_ret_i32_%tmp24,_!dbg_!27742|security/selinux/hooks.c,220}"
CE0x4c51280 "{CE0x4c51280|ipc_has_perm:call|security/selinux/hooks.c,5129}"
CE0x4c1b000 "{CE0x4c1b000|ipc_has_perm:call|security/selinux/hooks.c,5129|*SummSink*}"
CONST[source:0(mediator),value:2(dynamic)][purpose:{subject}][SnkIdx:4]


CONST[source:2(external),value:2(dynamic)][purpose:{subject}][SrcIdx:10]  ->  CONST[source:0(mediator),value:2(dynamic)][purpose:{subject}][SnkIdx:0]
-----------
CONST[source:2(external),value:2(dynamic)][purpose:{subject}][SrcIdx:10]
CE0x4c6abd0 "{CE0x4c6abd0|COLLAPSED:_GCMRE_current_task_external_global_%struct.task_struct*:_elem_0:default:}"
CE0x4c6ebf0 "{CE0x4c6ebf0|task_sid:tmp4|*LoadInst*|security/selinux/hooks.c,208}"
CE0x4c97a60 "{CE0x4c97a60|cred_sid:cred|Function::cred_sid&Arg::cred::}"
CE0x4c76dd0 "{CE0x4c76dd0|cred_sid:security|security/selinux/hooks.c,196}"
CE0x4c76ff0 "{CE0x4c76ff0|cred_sid:tmp4|*LoadInst*|security/selinux/hooks.c,196}"
CE0x4c786f0 "{CE0x4c786f0|cred_sid:tmp5|security/selinux/hooks.c,196}"
CE0x4cb7ea0 "{CE0x4cb7ea0|cred_sid:sid|security/selinux/hooks.c,197}"
CE0x4c798f0 "{CE0x4c798f0|cred_sid:tmp6|security/selinux/hooks.c,197}"
CE0x4c97dc0 "{CE0x4c97dc0|_ret_i32_%tmp6,_!dbg_!27716|security/selinux/hooks.c,197}"
CE0x4c75a30 "{CE0x4c75a30|task_sid:call7|security/selinux/hooks.c,208}"
CE0x4c52890 "{CE0x4c52890|_ret_i32_%call7,_!dbg_!27749|security/selinux/hooks.c,210}"
CE0x4c02590 "{CE0x4c02590|task_has_system:call|security/selinux/hooks.c,1592}"
CE0x4bf01d0 "{CE0x4bf01d0|task_has_system:call|security/selinux/hooks.c,1592|*SummSink*}"
CONST[source:0(mediator),value:2(dynamic)][purpose:{subject}][SnkIdx:0]


CONST[source:1(input),value:2(dynamic)][purpose:{object}][SrcIdx:7]  ->  CONST[source:0(mediator),value:2(dynamic)][purpose:{object}][SnkIdx:5]
-----------
CONST[source:1(input),value:2(dynamic)][purpose:{object}][SrcIdx:7]
CE0x4c62390 "{CE0x4c62390|0:_i16,_4:_i32,_:_CRE_4,8_|*MultipleSource*|*LoadInst*|security/selinux/hooks.c,5131|security/selinux/hooks.c,5131|security/selinux/hooks.c,5136}"
CE0x4c62580 "{CE0x4c62580|ipc_has_perm:tmp7|security/selinux/hooks.c,5136}"
CE0x4c62a80 "{CE0x4c62a80|ipc_has_perm:tmp7|security/selinux/hooks.c,5136|*SummSink*}"
CONST[source:0(mediator),value:2(dynamic)][purpose:{object}][SnkIdx:5]


CONST[source:1(input),value:2(dynamic)][purpose:{object}][SrcIdx:7]  ->  CONST[source:0(mediator),value:2(dynamic)][purpose:{object}][SnkIdx:6]
-----------
CONST[source:1(input),value:2(dynamic)][purpose:{object}][SrcIdx:7]
CE0x4c62400 "{CE0x4c62400|0:_i16,_4:_i32,_:_CRE_0,2_|*MultipleSource*|*LoadInst*|security/selinux/hooks.c,5131|security/selinux/hooks.c,5131|security/selinux/hooks.c,5136}"
CE0x4c62de0 "{CE0x4c62de0|ipc_has_perm:tmp8|security/selinux/hooks.c,5136}"
CE0x4c63140 "{CE0x4c63140|ipc_has_perm:tmp8|security/selinux/hooks.c,5136|*SummSink*}"
CONST[source:0(mediator),value:2(dynamic)][purpose:{object}][SnkIdx:6]


CONST[source:1(input),value:2(dynamic)][purpose:{operation}][SrcIdx:8]  ->  CONST[source:0(mediator),value:0(static)][purpose:{operation}][SnkIdx:7]
-----------
CONST[source:1(input),value:2(dynamic)][purpose:{operation}][SrcIdx:8]
CE0x4c10d10 "{CE0x4c10d10|selinux_msg_queue_msgctl:cmd|Function::selinux_msg_queue_msgctl&Arg::cmd::|*SummSource*}"
CE0x4c10c00 "{CE0x4c10c00|selinux_msg_queue_msgctl:cmd|Function::selinux_msg_queue_msgctl&Arg::cmd::}"
CE0x4bee130 "{CE0x4bee130|selinux_msg_queue_msgctl:sw.epilog}"
CE0x4c12c60 "{CE0x4c12c60|selinux_msg_queue_msgctl:perms.0}"
CE0x4c3e3a0 "{CE0x4c3e3a0|ipc_has_perm:perms|Function::ipc_has_perm&Arg::perms::}"
CE0x4c3e950 "{CE0x4c3e950|ipc_has_perm:perms|Function::ipc_has_perm&Arg::perms::|*SummSink*}"
CONST[source:0(mediator),value:0(static)][purpose:{operation}][SnkIdx:7]


CONST[source:1(input),value:2(dynamic)][purpose:{operation}][SrcIdx:8]  ->  CONST[source:0(mediator),value:2(dynamic)][purpose:{subject}][SnkIdx:4]
-----------
CONST[source:1(input),value:2(dynamic)][purpose:{operation}][SrcIdx:8]
CE0x4c10d10 "{CE0x4c10d10|selinux_msg_queue_msgctl:cmd|Function::selinux_msg_queue_msgctl&Arg::cmd::|*SummSource*}"
CE0x4c10c00 "{CE0x4c10c00|selinux_msg_queue_msgctl:cmd|Function::selinux_msg_queue_msgctl&Arg::cmd::}"
CE0x4bee130 "{CE0x4bee130|selinux_msg_queue_msgctl:sw.epilog}"
CE0x4c3e0d0 "{CE0x4c3e0d0|ipc_has_perm:entry}"
CE0x4c1a9b0 "{CE0x4c1a9b0|ipc_has_perm:bb}"
CE0x4c51280 "{CE0x4c51280|ipc_has_perm:call|security/selinux/hooks.c,5129}"
CE0x4c1b000 "{CE0x4c1b000|ipc_has_perm:call|security/selinux/hooks.c,5129|*SummSink*}"
CONST[source:0(mediator),value:2(dynamic)][purpose:{subject}][SnkIdx:4]


CONST[source:1(input),value:2(dynamic)][purpose:{operation}][SrcIdx:8]  ->  CONST[source:0(mediator),value:2(dynamic)][purpose:{object}][SnkIdx:5]
-----------
CONST[source:1(input),value:2(dynamic)][purpose:{operation}][SrcIdx:8]
CE0x4c10d10 "{CE0x4c10d10|selinux_msg_queue_msgctl:cmd|Function::selinux_msg_queue_msgctl&Arg::cmd::|*SummSource*}"
CE0x4c10c00 "{CE0x4c10c00|selinux_msg_queue_msgctl:cmd|Function::selinux_msg_queue_msgctl&Arg::cmd::}"
CE0x4bee130 "{CE0x4bee130|selinux_msg_queue_msgctl:sw.epilog}"
CE0x4c3e0d0 "{CE0x4c3e0d0|ipc_has_perm:entry}"
CE0x4c1a9b0 "{CE0x4c1a9b0|ipc_has_perm:bb}"
CE0x4c62580 "{CE0x4c62580|ipc_has_perm:tmp7|security/selinux/hooks.c,5136}"
CE0x4c62a80 "{CE0x4c62a80|ipc_has_perm:tmp7|security/selinux/hooks.c,5136|*SummSink*}"
CONST[source:0(mediator),value:2(dynamic)][purpose:{object}][SnkIdx:5]


CONST[source:1(input),value:2(dynamic)][purpose:{operation}][SrcIdx:8]  ->  CONST[source:0(mediator),value:2(dynamic)][purpose:{subject}][SnkIdx:0]
-----------
CONST[source:1(input),value:2(dynamic)][purpose:{operation}][SrcIdx:8]
CE0x4c10d10 "{CE0x4c10d10|selinux_msg_queue_msgctl:cmd|Function::selinux_msg_queue_msgctl&Arg::cmd::|*SummSource*}"
CE0x4c10c00 "{CE0x4c10c00|selinux_msg_queue_msgctl:cmd|Function::selinux_msg_queue_msgctl&Arg::cmd::}"
CE0x4bf0c40 "{CE0x4bf0c40|selinux_msg_queue_msgctl:sw.bb}"
CE0x4bf5f90 "{CE0x4bf5f90|task_has_system:entry}"
CE0x4c6ac60 "{CE0x4c6ac60|task_has_system:bb}"
CE0x4c02590 "{CE0x4c02590|task_has_system:call|security/selinux/hooks.c,1592}"
CE0x4bf01d0 "{CE0x4bf01d0|task_has_system:call|security/selinux/hooks.c,1592|*SummSink*}"
CONST[source:0(mediator),value:2(dynamic)][purpose:{subject}][SnkIdx:0]


CONST[source:1(input),value:2(dynamic)][purpose:{operation}][SrcIdx:8]  ->  CONST[source:0(mediator),value:2(dynamic)][purpose:{object}][SnkIdx:6]
-----------
CONST[source:1(input),value:2(dynamic)][purpose:{operation}][SrcIdx:8]
CE0x4c10d10 "{CE0x4c10d10|selinux_msg_queue_msgctl:cmd|Function::selinux_msg_queue_msgctl&Arg::cmd::|*SummSource*}"
CE0x4c10c00 "{CE0x4c10c00|selinux_msg_queue_msgctl:cmd|Function::selinux_msg_queue_msgctl&Arg::cmd::}"
CE0x4bee130 "{CE0x4bee130|selinux_msg_queue_msgctl:sw.epilog}"
CE0x4c3e0d0 "{CE0x4c3e0d0|ipc_has_perm:entry}"
CE0x4c1a9b0 "{CE0x4c1a9b0|ipc_has_perm:bb}"
CE0x4c62de0 "{CE0x4c62de0|ipc_has_perm:tmp8|security/selinux/hooks.c,5136}"
CE0x4c63140 "{CE0x4c63140|ipc_has_perm:tmp8|security/selinux/hooks.c,5136|*SummSink*}"
CONST[source:0(mediator),value:2(dynamic)][purpose:{object}][SnkIdx:6]


