[selinux_inode_setxattr]

explicit:
CONST[source:2(external),value:0(static)][purpose:{operation}]  ->  CONST[source:0(mediator),value:2(dynamic)][purpose:{object}]
-----------
CONST[source:2(external),value:0(static)][purpose:{operation}]
CE0x4ddada0 "{CE0x4ddada0|i32_0|*Constant*}"
CE0x4e3f580 "{CE0x4e3f580|selinux_inode_setxattr:_sid52|security/selinux/hooks.c,3004}"
CE0x4e3ff90 "{CE0x4e3ff90|selinux_inode_setxattr:_tmp91|security/selinux/hooks.c,3004}"
CE0x4e40280 "{CE0x4e40280|selinux_inode_setxattr:_tmp91|security/selinux/hooks.c,3004|*SummSink*}"
CONST[source:0(mediator),value:2(dynamic)][purpose:{object}]


CONST[source:2(external),value:0(static)][purpose:{operation}]  ->  CONST[source:1(input),value:2(dynamic)][purpose:{subject}]
-----------
CONST[source:2(external),value:0(static)][purpose:{operation}]
CE0x4d7db50 "{CE0x4d7db50|i32_0|*Constant*}"
CE0x4ea63b0 "{CE0x4ea63b0|current_sid:_sid|security/selinux/hooks.c,220}"
CE0x4e9f380 "{CE0x4e9f380|current_sid:_tmp24|security/selinux/hooks.c,220}"
CE0x4dd7d00 "{CE0x4dd7d00|_ret_i32_%tmp24,_!dbg_!27742|security/selinux/hooks.c,220}"
CE0x4dd5c90 "{CE0x4dd5c90|selinux_inode_setxattr:_call|security/selinux/hooks.c,2941}"
CE0x4dd5f80 "{CE0x4dd5f80|selinux_inode_setxattr:_call|security/selinux/hooks.c,2941|*SummSink*}"
CONST[source:1(input),value:2(dynamic)][purpose:{subject}]


CONST[source:2(external),value:2(dynamic)][purpose:{subject}]  ->  CONST[source:1(input),value:2(dynamic)][purpose:{subject}]
-----------
CONST[source:2(external),value:2(dynamic)][purpose:{subject}]
CE0x4dcf980 "{CE0x4dcf980|COLLAPSED:_GCMRE_current_task_external_global_%struct.task_struct*:_elem_0::|security/selinux/hooks.c,2981}"
CE0x4ea55c0 "{CE0x4ea55c0|current_sid:_tmp22|security/selinux/hooks.c,218}"
CE0x4ea5b70 "{CE0x4ea5b70|current_sid:_tmp23|security/selinux/hooks.c,218}"
CE0x4ea63b0 "{CE0x4ea63b0|current_sid:_sid|security/selinux/hooks.c,220}"
CE0x4e9f380 "{CE0x4e9f380|current_sid:_tmp24|security/selinux/hooks.c,220}"
CE0x4dd7d00 "{CE0x4dd7d00|_ret_i32_%tmp24,_!dbg_!27742|security/selinux/hooks.c,220}"
CE0x4dd5c90 "{CE0x4dd5c90|selinux_inode_setxattr:_call|security/selinux/hooks.c,2941}"
CE0x4dd5f80 "{CE0x4dd5f80|selinux_inode_setxattr:_call|security/selinux/hooks.c,2941|*SummSink*}"
CONST[source:1(input),value:2(dynamic)][purpose:{subject}]


CONST[source:1(input),value:2(dynamic)][purpose:{object}]  ->  CONST[source:0(mediator),value:2(dynamic)][purpose:{object}]
-----------
CONST[source:1(input),value:2(dynamic)][purpose:{object}]
CE0x4d5e510 "{CE0x4d5e510|12:_i32,_40:_%struct.super_block*,_56:_i8*,_:_CRE_56,64_|*MultipleSource*|security/selinux/hooks.c,2938|*LoadInst*|security/selinux/hooks.c,2937}"
CE0x4dc1c60 "{CE0x4dc1c60|selinux_inode_setxattr:_tmp3|security/selinux/hooks.c,2938}"
CE0x4dc27e0 "{CE0x4dc27e0|selinux_inode_setxattr:_tmp4|security/selinux/hooks.c,2938}"
CE0x4dd1110 "{CE0x4dd1110|selinux_inode_setxattr:_sid11|security/selinux/hooks.c,2957}"
CE0x4e6c570 "{CE0x4e6c570|selinux_inode_setxattr:_tmp27|security/selinux/hooks.c,2957}"
CE0x4e6c970 "{CE0x4e6c970|selinux_inode_setxattr:_tmp27|security/selinux/hooks.c,2957|*SummSink*}"
CONST[source:0(mediator),value:2(dynamic)][purpose:{object}]



implicit:
CONST[source:1(input),value:2(dynamic)][purpose:{object}]  ->  CONST[source:0(mediator),value:2(dynamic)][purpose:{object}]
-----------
CONST[source:1(input),value:2(dynamic)][purpose:{object}]
CE0x4d5e510 "{CE0x4d5e510|12:_i32,_40:_%struct.super_block*,_56:_i8*,_:_CRE_56,64_|*MultipleSource*|security/selinux/hooks.c,2938|*LoadInst*|security/selinux/hooks.c,2937}"
CE0x4dc1c60 "{CE0x4dc1c60|selinux_inode_setxattr:_tmp3|security/selinux/hooks.c,2938}"
CE0x4dc27e0 "{CE0x4dc27e0|selinux_inode_setxattr:_tmp4|security/selinux/hooks.c,2938}"
CE0x4dd1110 "{CE0x4dd1110|selinux_inode_setxattr:_sid11|security/selinux/hooks.c,2957}"
CE0x4e6c570 "{CE0x4e6c570|selinux_inode_setxattr:_tmp27|security/selinux/hooks.c,2957}"
CE0x4e6c970 "{CE0x4e6c970|selinux_inode_setxattr:_tmp27|security/selinux/hooks.c,2957|*SummSink*}"
CONST[source:0(mediator),value:2(dynamic)][purpose:{object}]


CONST[source:2(external),value:0(static)][purpose:{operation}]  ->  CONST[source:1(input),value:2(dynamic)][purpose:{subject}]
-----------
CONST[source:2(external),value:0(static)][purpose:{operation}]
CE0x4ddada0 "{CE0x4ddada0|i32_0|*Constant*}"
CE0x4dd7620 "{CE0x4dd7620|selinux_inode_setxattr:_tobool|security/selinux/hooks.c,2944}"
CE0x4d87ea0 "{CE0x4d87ea0|selinux_inode_setxattr:_if.end51}"
CE0x4e3eda0 "{CE0x4e3eda0|selinux_inode_setxattr:_tmp90|security/selinux/hooks.c,3003}"
CE0x4e3f0d0 "{CE0x4e3f0d0|selinux_inode_setxattr:_tmp90|security/selinux/hooks.c,3003|*SummSink*}"
CONST[source:1(input),value:2(dynamic)][purpose:{subject}]


CONST[source:2(external),value:0(static)][purpose:{operation}]  ->  CONST[source:0(mediator),value:2(dynamic)][purpose:{object}]
-----------
CONST[source:2(external),value:0(static)][purpose:{operation}]
CE0x4ddada0 "{CE0x4ddada0|i32_0|*Constant*}"
CE0x4e701b0 "{CE0x4e701b0|selinux_inode_setxattr:_sclass|security/selinux/hooks.c,2957}"
CE0x4e709e0 "{CE0x4e709e0|selinux_inode_setxattr:_tmp28|security/selinux/hooks.c,2957}"
CE0x4e70d20 "{CE0x4e70d20|selinux_inode_setxattr:_tmp28|security/selinux/hooks.c,2957|*SummSink*}"
CONST[source:0(mediator),value:2(dynamic)][purpose:{object}]


CONST[source:2(external),value:2(dynamic)][purpose:{subject}]  ->  CONST[source:1(input),value:2(dynamic)][purpose:{subject}]
-----------
CONST[source:2(external),value:2(dynamic)][purpose:{subject}]
CE0x4dcf980 "{CE0x4dcf980|COLLAPSED:_GCMRE_current_task_external_global_%struct.task_struct*:_elem_0::|security/selinux/hooks.c,2981}"
CE0x4ea55c0 "{CE0x4ea55c0|current_sid:_tmp22|security/selinux/hooks.c,218}"
CE0x4ea5b70 "{CE0x4ea5b70|current_sid:_tmp23|security/selinux/hooks.c,218}"
CE0x4ea63b0 "{CE0x4ea63b0|current_sid:_sid|security/selinux/hooks.c,220}"
CE0x4e9f380 "{CE0x4e9f380|current_sid:_tmp24|security/selinux/hooks.c,220}"
CE0x4dd7d00 "{CE0x4dd7d00|_ret_i32_%tmp24,_!dbg_!27742|security/selinux/hooks.c,220}"
CE0x4dd5c90 "{CE0x4dd5c90|selinux_inode_setxattr:_call|security/selinux/hooks.c,2941}"
CE0x4dd5f80 "{CE0x4dd5f80|selinux_inode_setxattr:_call|security/selinux/hooks.c,2941|*SummSink*}"
CONST[source:1(input),value:2(dynamic)][purpose:{subject}]


