[tomoyo_path_symlink]

explicit:
CONST[source:1(input),value:2(dynamic)][purpose:{object}][SrcIdx:17]  ->  CONST[source:0(mediator),value:2(dynamic)][purpose:{object}][SnkIdx:1]
-----------
CONST[source:1(input),value:2(dynamic)][purpose:{object}][SrcIdx:17]
CE0x542c130 "{CE0x542c130|tomoyo_path_perm:buf|security/tomoyo/file.c, 792|*SummSource*}"
CE0x542c0c0 "{CE0x542c0c0|tomoyo_path_perm:buf|security/tomoyo/file.c, 792}"
CE0x7cb1ff0 "{CE0x7cb1ff0|tomoyo_path_permission:filename|Function::tomoyo_path_permission&Arg::filename::}"
CE0x57b66c0 "{CE0x57b66c0|0:_%struct.tomoyo_obj_info*,_16:_%struct.tomoyo_domain_info*,_24:_%struct.tomoyo_path_info*,_40:_i8,_72:_i8,_75:_i8,_76:_i8,_77:_i8,_:_SCMRE_31,32_}"
CONST[source:0(mediator),value:2(dynamic)][purpose:{object}][SnkIdx:1]


CONST[source:2(external),value:2(dynamic)][purpose:{subject}][SrcIdx:18]  ->  CONST[source:0(mediator),value:2(dynamic)][purpose:{subject}][SnkIdx:0]
-----------
CONST[source:2(external),value:2(dynamic)][purpose:{subject}][SrcIdx:18]
CE0x6882b50 "{CE0x6882b50|128:_i8*,_1208:_%struct.file*,_:_CMRE_128,136_|*MultipleSource*|security/tomoyo/common.h,1205|security/tomoyo/common.h,1205}"
CE0x6883690 "{CE0x6883690|tomoyo_domain:tmp22|security/tomoyo/common.h,1205}"
CE0x6540730 "{CE0x6540730|tomoyo_domain:tmp23|security/tomoyo/common.h,1205}"
CE0x487db00 "{CE0x487db00|_ret_%struct.tomoyo_domain_info*_%tmp23,_!dbg_!38929|security/tomoyo/common.h,1205}"
CE0x5686240 "{CE0x5686240|tomoyo_init_request_info:call|security/tomoyo/util.c,1005}"
CE0x56a7c80 "{CE0x56a7c80|tomoyo_init_request_info:domain.addr.0}"
CE0x57871d0 "{CE0x57871d0|0:_%struct.tomoyo_obj_info*,_16:_%struct.tomoyo_domain_info*,_24:_%struct.tomoyo_path_info*,_40:_i8,_72:_i8,_75:_i8,_76:_i8,_77:_i8,_:_SCMRE_16,24_|*MultipleSource*|security/tomoyo/file.c, 787|security/tomoyo/file.c,787|Function::tomoyo_init_request_info&Arg::r::|security/tomoyo/file.c,800}"
CONST[source:0(mediator),value:2(dynamic)][purpose:{subject}][SnkIdx:0]



implicit:
CONST[source:1(input),value:2(dynamic)][purpose:{object}][SrcIdx:15]  ->  CONST[source:0(mediator),value:2(dynamic)][purpose:{object}][SnkIdx:2]
-----------
CONST[source:1(input),value:2(dynamic)][purpose:{object}][SrcIdx:15]
CE0x66dfa40 "{CE0x66dfa40|VOIDTB_TE:_CE:_elem_0:default:}"
CE0x7db5950 "{CE0x7db5950|tomoyo_path_perm:call10|security/tomoyo/file.c,813}"
CE0x54a1c80 "{CE0x54a1c80|0:_i8*,_:_SCMRE_0,8_|*MultipleSource*|security/tomoyo/file.c, 794|security/tomoyo/file.c, 792|security/tomoyo/file.c,802}"
CE0x66e0540 "{CE0x66e0540|tomoyo_path_perm:tmp23|security/tomoyo/file.c,814}"
CE0x6864710 "{CE0x6864710|tomoyo_path_perm:tobool|security/tomoyo/file.c,814}"
CE0x4ad0600 "{CE0x4ad0600|tomoyo_path_perm:sw.epilog}"
CE0x7d2c040 "{CE0x7d2c040|tomoyo_path_permission:entry}"
CE0x4913cf0 "{CE0x4913cf0|tomoyo_path_permission:bb}"
CE0x7e40810 "{CE0x7e40810|0:_%struct.tomoyo_obj_info*,_16:_%struct.tomoyo_domain_info*,_24:_%struct.tomoyo_path_info*,_40:_i8,_72:_i8,_75:_i8,_76:_i8,_77:_i8,_:_SCMRE_76,77_|*MultipleSource*|security/tomoyo/file.c, 787|security/tomoyo/file.c,787|Function::tomoyo_init_request_info&Arg::r::|security/tomoyo/file.c,800}"
CE0x67b7090 "{CE0x67b7090|tomoyo_init_request_info:tmp13|*LoadInst*|security/tomoyo/util.c,1011}"
CE0x67b7410 "{CE0x67b7410|tomoyo_init_request_info:conv6|security/tomoyo/util.c,1011}"
CE0x553def0 "{CE0x553def0|_ret_i32_%conv6,_!dbg_!38926|security/tomoyo/util.c,1011}"
CE0x554f4e0 "{CE0x554f4e0|tomoyo_path_perm:call|security/tomoyo/file.c,797}"
CE0x67efc80 "{CE0x67efc80|tomoyo_path_perm:cmp|security/tomoyo/file.c,798}"
CE0x631d090 "{CE0x631d090|tomoyo_path_perm:if.end6}"
CE0x5787050 "{CE0x5787050|0:_%struct.tomoyo_obj_info*,_16:_%struct.tomoyo_domain_info*,_24:_%struct.tomoyo_path_info*,_40:_i8,_72:_i8,_75:_i8,_76:_i8,_77:_i8,_:_SCMRE_0,8_|*MultipleSource*|security/tomoyo/file.c, 787|security/tomoyo/file.c,787|Function::tomoyo_init_request_info&Arg::r::|security/tomoyo/file.c,800}"
CONST[source:0(mediator),value:2(dynamic)][purpose:{object}][SnkIdx:2]


CONST[source:1(input),value:2(dynamic)][purpose:{object}][SrcIdx:15]  ->  CONST[source:0(mediator),value:0(static)][purpose:{operation}][SnkIdx:3]
-----------
CONST[source:1(input),value:2(dynamic)][purpose:{object}][SrcIdx:15]
CE0x66dfa40 "{CE0x66dfa40|VOIDTB_TE:_CE:_elem_0:default:}"
CE0x7db5950 "{CE0x7db5950|tomoyo_path_perm:call10|security/tomoyo/file.c,813}"
CE0x54a1c80 "{CE0x54a1c80|0:_i8*,_:_SCMRE_0,8_|*MultipleSource*|security/tomoyo/file.c, 794|security/tomoyo/file.c, 792|security/tomoyo/file.c,802}"
CE0x66e0540 "{CE0x66e0540|tomoyo_path_perm:tmp23|security/tomoyo/file.c,814}"
CE0x6864710 "{CE0x6864710|tomoyo_path_perm:tobool|security/tomoyo/file.c,814}"
CE0x4ad0600 "{CE0x4ad0600|tomoyo_path_perm:sw.epilog}"
CE0x7d2c040 "{CE0x7d2c040|tomoyo_path_permission:entry}"
CE0x6633480 "{CE0x6633480|tomoyo_path_permission:if.end}"
CE0x7c7ff10 "{CE0x7c7ff10|0:_%struct.tomoyo_obj_info*,_16:_%struct.tomoyo_domain_info*,_24:_%struct.tomoyo_path_info*,_40:_i8,_72:_i8,_75:_i8,_76:_i8,_77:_i8,_:_SCMRE_40,41_}"
CONST[source:0(mediator),value:0(static)][purpose:{operation}][SnkIdx:3]


CONST[source:1(input),value:2(dynamic)][purpose:{object}][SrcIdx:15]  ->  CONST[source:0(mediator),value:2(dynamic)][purpose:{object}][SnkIdx:1]
-----------
CONST[source:1(input),value:2(dynamic)][purpose:{object}][SrcIdx:15]
CE0x66dfa40 "{CE0x66dfa40|VOIDTB_TE:_CE:_elem_0:default:}"
CE0x7db5950 "{CE0x7db5950|tomoyo_path_perm:call10|security/tomoyo/file.c,813}"
CE0x54a1c80 "{CE0x54a1c80|0:_i8*,_:_SCMRE_0,8_|*MultipleSource*|security/tomoyo/file.c, 794|security/tomoyo/file.c, 792|security/tomoyo/file.c,802}"
CE0x66e0540 "{CE0x66e0540|tomoyo_path_perm:tmp23|security/tomoyo/file.c,814}"
CE0x6864710 "{CE0x6864710|tomoyo_path_perm:tobool|security/tomoyo/file.c,814}"
CE0x4ad0600 "{CE0x4ad0600|tomoyo_path_perm:sw.epilog}"
CE0x7d2c040 "{CE0x7d2c040|tomoyo_path_permission:entry}"
CE0x6633480 "{CE0x6633480|tomoyo_path_permission:if.end}"
CE0x5787800 "{CE0x5787800|0:_%struct.tomoyo_obj_info*,_16:_%struct.tomoyo_domain_info*,_24:_%struct.tomoyo_path_info*,_40:_i8,_72:_i8,_75:_i8,_76:_i8,_77:_i8,_:_SCMRE_24,25_}"
CONST[source:0(mediator),value:2(dynamic)][purpose:{object}][SnkIdx:1]


CONST[source:0(mediator),value:0(static)][purpose:{operation}][SrcIdx:16]  ->  CONST[source:0(mediator),value:2(dynamic)][purpose:{object}][SnkIdx:2]
-----------
CONST[source:0(mediator),value:0(static)][purpose:{operation}][SrcIdx:16]
CE0x473eee0 "{CE0x473eee0|tomoyo_path_perm:operation|Function::tomoyo_path_perm&Arg::operation::|*SummSource*}"
CE0x473ee00 "{CE0x473ee00|tomoyo_path_perm:operation|Function::tomoyo_path_perm&Arg::operation::}"
CE0x63fc700 "{CE0x63fc700|tomoyo_path_perm:conv8|security/tomoyo/file.c,807}"
CE0x4ad0600 "{CE0x4ad0600|tomoyo_path_perm:sw.epilog}"
CE0x7d2c040 "{CE0x7d2c040|tomoyo_path_permission:entry}"
CE0x4913cf0 "{CE0x4913cf0|tomoyo_path_permission:bb}"
CE0x7e40810 "{CE0x7e40810|0:_%struct.tomoyo_obj_info*,_16:_%struct.tomoyo_domain_info*,_24:_%struct.tomoyo_path_info*,_40:_i8,_72:_i8,_75:_i8,_76:_i8,_77:_i8,_:_SCMRE_76,77_|*MultipleSource*|security/tomoyo/file.c, 787|security/tomoyo/file.c,787|Function::tomoyo_init_request_info&Arg::r::|security/tomoyo/file.c,800}"
CE0x67b7090 "{CE0x67b7090|tomoyo_init_request_info:tmp13|*LoadInst*|security/tomoyo/util.c,1011}"
CE0x67b7410 "{CE0x67b7410|tomoyo_init_request_info:conv6|security/tomoyo/util.c,1011}"
CE0x553def0 "{CE0x553def0|_ret_i32_%conv6,_!dbg_!38926|security/tomoyo/util.c,1011}"
CE0x554f4e0 "{CE0x554f4e0|tomoyo_path_perm:call|security/tomoyo/file.c,797}"
CE0x67efc80 "{CE0x67efc80|tomoyo_path_perm:cmp|security/tomoyo/file.c,798}"
CE0x631d090 "{CE0x631d090|tomoyo_path_perm:if.end6}"
CE0x5787050 "{CE0x5787050|0:_%struct.tomoyo_obj_info*,_16:_%struct.tomoyo_domain_info*,_24:_%struct.tomoyo_path_info*,_40:_i8,_72:_i8,_75:_i8,_76:_i8,_77:_i8,_:_SCMRE_0,8_|*MultipleSource*|security/tomoyo/file.c, 787|security/tomoyo/file.c,787|Function::tomoyo_init_request_info&Arg::r::|security/tomoyo/file.c,800}"
CONST[source:0(mediator),value:2(dynamic)][purpose:{object}][SnkIdx:2]


CONST[source:0(mediator),value:0(static)][purpose:{operation}][SrcIdx:16]  ->  CONST[source:0(mediator),value:2(dynamic)][purpose:{object}][SnkIdx:1]
-----------
CONST[source:0(mediator),value:0(static)][purpose:{operation}][SrcIdx:16]
CE0x473eee0 "{CE0x473eee0|tomoyo_path_perm:operation|Function::tomoyo_path_perm&Arg::operation::|*SummSource*}"
CE0x473ee00 "{CE0x473ee00|tomoyo_path_perm:operation|Function::tomoyo_path_perm&Arg::operation::}"
CE0x63fc700 "{CE0x63fc700|tomoyo_path_perm:conv8|security/tomoyo/file.c,807}"
CE0x4ad0600 "{CE0x4ad0600|tomoyo_path_perm:sw.epilog}"
CE0x7d2c040 "{CE0x7d2c040|tomoyo_path_permission:entry}"
CE0x6633480 "{CE0x6633480|tomoyo_path_permission:if.end}"
CE0x5787800 "{CE0x5787800|0:_%struct.tomoyo_obj_info*,_16:_%struct.tomoyo_domain_info*,_24:_%struct.tomoyo_path_info*,_40:_i8,_72:_i8,_75:_i8,_76:_i8,_77:_i8,_:_SCMRE_24,25_}"
CONST[source:0(mediator),value:2(dynamic)][purpose:{object}][SnkIdx:1]


CONST[source:1(input),value:2(dynamic)][purpose:{object}][SrcIdx:14]  ->  CONST[source:0(mediator),value:2(dynamic)][purpose:{object}][SnkIdx:2]
-----------
CONST[source:1(input),value:2(dynamic)][purpose:{object}][SrcIdx:14]
CE0x47449d0 "{CE0x47449d0|tomoyo_path_symlink:dentry|Function::tomoyo_path_symlink&Arg::dentry::|*SummSource*}"
CE0x49a2b10 "{CE0x49a2b10|tomoyo_path_symlink:dentry|Function::tomoyo_path_symlink&Arg::dentry::}"
CE0x49a34b0 "{CE0x49a34b0|8:_%struct.vfsmount*,_16:_%struct.dentry*,_168:_%struct.tomoyo_path_info*,_:_SCMRE_8,16_|*MultipleSource*|security/tomoyo/tomoyo.c, 222|security/tomoyo/tomoyo.c,222}"
CE0x4a5ba80 "{CE0x4a5ba80|tomoyo_get_realpath:call|security/tomoyo/file.c,150}"
CE0x54a1c80 "{CE0x54a1c80|0:_i8*,_:_SCMRE_0,8_|*MultipleSource*|security/tomoyo/file.c, 794|security/tomoyo/file.c, 792|security/tomoyo/file.c,802}"
CE0x66e0540 "{CE0x66e0540|tomoyo_path_perm:tmp23|security/tomoyo/file.c,814}"
CE0x6864710 "{CE0x6864710|tomoyo_path_perm:tobool|security/tomoyo/file.c,814}"
CE0x4ad0600 "{CE0x4ad0600|tomoyo_path_perm:sw.epilog}"
CE0x7d2c040 "{CE0x7d2c040|tomoyo_path_permission:entry}"
CE0x4913cf0 "{CE0x4913cf0|tomoyo_path_permission:bb}"
CE0x7e40810 "{CE0x7e40810|0:_%struct.tomoyo_obj_info*,_16:_%struct.tomoyo_domain_info*,_24:_%struct.tomoyo_path_info*,_40:_i8,_72:_i8,_75:_i8,_76:_i8,_77:_i8,_:_SCMRE_76,77_|*MultipleSource*|security/tomoyo/file.c, 787|security/tomoyo/file.c,787|Function::tomoyo_init_request_info&Arg::r::|security/tomoyo/file.c,800}"
CE0x67b7090 "{CE0x67b7090|tomoyo_init_request_info:tmp13|*LoadInst*|security/tomoyo/util.c,1011}"
CE0x67b7410 "{CE0x67b7410|tomoyo_init_request_info:conv6|security/tomoyo/util.c,1011}"
CE0x553def0 "{CE0x553def0|_ret_i32_%conv6,_!dbg_!38926|security/tomoyo/util.c,1011}"
CE0x554f4e0 "{CE0x554f4e0|tomoyo_path_perm:call|security/tomoyo/file.c,797}"
CE0x67efc80 "{CE0x67efc80|tomoyo_path_perm:cmp|security/tomoyo/file.c,798}"
CE0x631d090 "{CE0x631d090|tomoyo_path_perm:if.end6}"
CE0x5787050 "{CE0x5787050|0:_%struct.tomoyo_obj_info*,_16:_%struct.tomoyo_domain_info*,_24:_%struct.tomoyo_path_info*,_40:_i8,_72:_i8,_75:_i8,_76:_i8,_77:_i8,_:_SCMRE_0,8_|*MultipleSource*|security/tomoyo/file.c, 787|security/tomoyo/file.c,787|Function::tomoyo_init_request_info&Arg::r::|security/tomoyo/file.c,800}"
CONST[source:0(mediator),value:2(dynamic)][purpose:{object}][SnkIdx:2]


CONST[source:1(input),value:2(dynamic)][purpose:{object}][SrcIdx:14]  ->  CONST[source:0(mediator),value:0(static)][purpose:{operation}][SnkIdx:3]
-----------
CONST[source:1(input),value:2(dynamic)][purpose:{object}][SrcIdx:14]
CE0x47449d0 "{CE0x47449d0|tomoyo_path_symlink:dentry|Function::tomoyo_path_symlink&Arg::dentry::|*SummSource*}"
CE0x49a2b10 "{CE0x49a2b10|tomoyo_path_symlink:dentry|Function::tomoyo_path_symlink&Arg::dentry::}"
CE0x49a34b0 "{CE0x49a34b0|8:_%struct.vfsmount*,_16:_%struct.dentry*,_168:_%struct.tomoyo_path_info*,_:_SCMRE_8,16_|*MultipleSource*|security/tomoyo/tomoyo.c, 222|security/tomoyo/tomoyo.c,222}"
CE0x4a5ba80 "{CE0x4a5ba80|tomoyo_get_realpath:call|security/tomoyo/file.c,150}"
CE0x54a1c80 "{CE0x54a1c80|0:_i8*,_:_SCMRE_0,8_|*MultipleSource*|security/tomoyo/file.c, 794|security/tomoyo/file.c, 792|security/tomoyo/file.c,802}"
CE0x66e0540 "{CE0x66e0540|tomoyo_path_perm:tmp23|security/tomoyo/file.c,814}"
CE0x6864710 "{CE0x6864710|tomoyo_path_perm:tobool|security/tomoyo/file.c,814}"
CE0x4ad0600 "{CE0x4ad0600|tomoyo_path_perm:sw.epilog}"
CE0x7d2c040 "{CE0x7d2c040|tomoyo_path_permission:entry}"
CE0x6633480 "{CE0x6633480|tomoyo_path_permission:if.end}"
CE0x7c7ff10 "{CE0x7c7ff10|0:_%struct.tomoyo_obj_info*,_16:_%struct.tomoyo_domain_info*,_24:_%struct.tomoyo_path_info*,_40:_i8,_72:_i8,_75:_i8,_76:_i8,_77:_i8,_:_SCMRE_40,41_}"
CONST[source:0(mediator),value:0(static)][purpose:{operation}][SnkIdx:3]


CONST[source:1(input),value:2(dynamic)][purpose:{object}][SrcIdx:14]  ->  CONST[source:0(mediator),value:2(dynamic)][purpose:{object}][SnkIdx:1]
-----------
CONST[source:1(input),value:2(dynamic)][purpose:{object}][SrcIdx:14]
CE0x47449d0 "{CE0x47449d0|tomoyo_path_symlink:dentry|Function::tomoyo_path_symlink&Arg::dentry::|*SummSource*}"
CE0x49a2b10 "{CE0x49a2b10|tomoyo_path_symlink:dentry|Function::tomoyo_path_symlink&Arg::dentry::}"
CE0x49a34b0 "{CE0x49a34b0|8:_%struct.vfsmount*,_16:_%struct.dentry*,_168:_%struct.tomoyo_path_info*,_:_SCMRE_8,16_|*MultipleSource*|security/tomoyo/tomoyo.c, 222|security/tomoyo/tomoyo.c,222}"
CE0x4a5ba80 "{CE0x4a5ba80|tomoyo_get_realpath:call|security/tomoyo/file.c,150}"
CE0x54a1c80 "{CE0x54a1c80|0:_i8*,_:_SCMRE_0,8_|*MultipleSource*|security/tomoyo/file.c, 794|security/tomoyo/file.c, 792|security/tomoyo/file.c,802}"
CE0x66e0540 "{CE0x66e0540|tomoyo_path_perm:tmp23|security/tomoyo/file.c,814}"
CE0x6864710 "{CE0x6864710|tomoyo_path_perm:tobool|security/tomoyo/file.c,814}"
CE0x4ad0600 "{CE0x4ad0600|tomoyo_path_perm:sw.epilog}"
CE0x7d2c040 "{CE0x7d2c040|tomoyo_path_permission:entry}"
CE0x6633480 "{CE0x6633480|tomoyo_path_permission:if.end}"
CE0x5787800 "{CE0x5787800|0:_%struct.tomoyo_obj_info*,_16:_%struct.tomoyo_domain_info*,_24:_%struct.tomoyo_path_info*,_40:_i8,_72:_i8,_75:_i8,_76:_i8,_77:_i8,_:_SCMRE_24,25_}"
CONST[source:0(mediator),value:2(dynamic)][purpose:{object}][SnkIdx:1]


CONST[source:2(external),value:2(dynamic)][purpose:{subject}][SrcIdx:18]  ->  CONST[source:0(mediator),value:2(dynamic)][purpose:{object}][SnkIdx:2]
-----------
CONST[source:2(external),value:2(dynamic)][purpose:{subject}][SrcIdx:18]
CE0x6882b50 "{CE0x6882b50|128:_i8*,_1208:_%struct.file*,_:_CMRE_128,136_|*MultipleSource*|security/tomoyo/common.h,1205|security/tomoyo/common.h,1205}"
CE0x6883690 "{CE0x6883690|tomoyo_domain:tmp22|security/tomoyo/common.h,1205}"
CE0x6540730 "{CE0x6540730|tomoyo_domain:tmp23|security/tomoyo/common.h,1205}"
CE0x487db00 "{CE0x487db00|_ret_%struct.tomoyo_domain_info*_%tmp23,_!dbg_!38929|security/tomoyo/common.h,1205}"
CE0x5686240 "{CE0x5686240|tomoyo_init_request_info:call|security/tomoyo/util.c,1005}"
CE0x56a7c80 "{CE0x56a7c80|tomoyo_init_request_info:domain.addr.0}"
CE0x5753bb0 "{CE0x5753bb0|tomoyo_init_request_info:profile2|security/tomoyo/util.c,1007}"
CE0x5402d80 "{CE0x5402d80|tomoyo_init_request_info:tmp11|security/tomoyo/util.c,1007}"
CE0x563c9c0 "{CE0x563c9c0|tomoyo_get_mode:profile|Function::tomoyo_get_mode&Arg::profile::}"
CE0x54f9230 "{CE0x54f9230|COLLAPSED:_CRE:_elem_0:default:}"
CE0x4967120 "{CE0x4967120|tomoyo_get_mode:tmp24|security/tomoyo/util.c,986}"
CE0x7cf6520 "{CE0x7cf6520|tomoyo_get_mode:mode.1}"
CE0x642ad50 "{CE0x642ad50|tomoyo_get_mode:conv15|security/tomoyo/util.c,987}"
CE0x642adc0 "{CE0x642adc0|tomoyo_get_mode:and|security/tomoyo/util.c,987}"
CE0x642ae30 "{CE0x642ae30|tomoyo_get_mode:retval.0}"
CE0x49b9370 "{CE0x49b9370|_ret_i32_%retval.0,_!dbg_!38935|security/tomoyo/util.c,988}"
CE0x66efc90 "{CE0x66efc90|tomoyo_path_permission:call|security/tomoyo/file.c,564}"
CE0x49b9440 "{CE0x49b9440|tomoyo_path_permission:conv|security/tomoyo/file.c,564}"
CE0x7e40810 "{CE0x7e40810|0:_%struct.tomoyo_obj_info*,_16:_%struct.tomoyo_domain_info*,_24:_%struct.tomoyo_path_info*,_40:_i8,_72:_i8,_75:_i8,_76:_i8,_77:_i8,_:_SCMRE_76,77_|*MultipleSource*|security/tomoyo/file.c, 787|security/tomoyo/file.c,787|Function::tomoyo_init_request_info&Arg::r::|security/tomoyo/file.c,800}"
CE0x67b7090 "{CE0x67b7090|tomoyo_init_request_info:tmp13|*LoadInst*|security/tomoyo/util.c,1011}"
CE0x67b7410 "{CE0x67b7410|tomoyo_init_request_info:conv6|security/tomoyo/util.c,1011}"
CE0x553def0 "{CE0x553def0|_ret_i32_%conv6,_!dbg_!38926|security/tomoyo/util.c,1011}"
CE0x554f4e0 "{CE0x554f4e0|tomoyo_path_perm:call|security/tomoyo/file.c,797}"
CE0x67efc80 "{CE0x67efc80|tomoyo_path_perm:cmp|security/tomoyo/file.c,798}"
CE0x631d090 "{CE0x631d090|tomoyo_path_perm:if.end6}"
CE0x5787050 "{CE0x5787050|0:_%struct.tomoyo_obj_info*,_16:_%struct.tomoyo_domain_info*,_24:_%struct.tomoyo_path_info*,_40:_i8,_72:_i8,_75:_i8,_76:_i8,_77:_i8,_:_SCMRE_0,8_|*MultipleSource*|security/tomoyo/file.c, 787|security/tomoyo/file.c,787|Function::tomoyo_init_request_info&Arg::r::|security/tomoyo/file.c,800}"
CONST[source:0(mediator),value:2(dynamic)][purpose:{object}][SnkIdx:2]


CONST[source:2(external),value:2(dynamic)][purpose:{subject}][SrcIdx:18]  ->  CONST[source:0(mediator),value:0(static)][purpose:{operation}][SnkIdx:3]
-----------
CONST[source:2(external),value:2(dynamic)][purpose:{subject}][SrcIdx:18]
CE0x6882b50 "{CE0x6882b50|128:_i8*,_1208:_%struct.file*,_:_CMRE_128,136_|*MultipleSource*|security/tomoyo/common.h,1205|security/tomoyo/common.h,1205}"
CE0x6883690 "{CE0x6883690|tomoyo_domain:tmp22|security/tomoyo/common.h,1205}"
CE0x6540730 "{CE0x6540730|tomoyo_domain:tmp23|security/tomoyo/common.h,1205}"
CE0x487db00 "{CE0x487db00|_ret_%struct.tomoyo_domain_info*_%tmp23,_!dbg_!38929|security/tomoyo/common.h,1205}"
CE0x5686240 "{CE0x5686240|tomoyo_init_request_info:call|security/tomoyo/util.c,1005}"
CE0x56a7c80 "{CE0x56a7c80|tomoyo_init_request_info:domain.addr.0}"
CE0x5753bb0 "{CE0x5753bb0|tomoyo_init_request_info:profile2|security/tomoyo/util.c,1007}"
CE0x5402d80 "{CE0x5402d80|tomoyo_init_request_info:tmp11|security/tomoyo/util.c,1007}"
CE0x563c9c0 "{CE0x563c9c0|tomoyo_get_mode:profile|Function::tomoyo_get_mode&Arg::profile::}"
CE0x54f9230 "{CE0x54f9230|COLLAPSED:_CRE:_elem_0:default:}"
CE0x4967120 "{CE0x4967120|tomoyo_get_mode:tmp24|security/tomoyo/util.c,986}"
CE0x7cf6520 "{CE0x7cf6520|tomoyo_get_mode:mode.1}"
CE0x642ad50 "{CE0x642ad50|tomoyo_get_mode:conv15|security/tomoyo/util.c,987}"
CE0x642adc0 "{CE0x642adc0|tomoyo_get_mode:and|security/tomoyo/util.c,987}"
CE0x642ae30 "{CE0x642ae30|tomoyo_get_mode:retval.0}"
CE0x49b9370 "{CE0x49b9370|_ret_i32_%retval.0,_!dbg_!38935|security/tomoyo/util.c,988}"
CE0x66efc90 "{CE0x66efc90|tomoyo_path_permission:call|security/tomoyo/file.c,564}"
CE0x49b9440 "{CE0x49b9440|tomoyo_path_permission:conv|security/tomoyo/file.c,564}"
CE0x7e40810 "{CE0x7e40810|0:_%struct.tomoyo_obj_info*,_16:_%struct.tomoyo_domain_info*,_24:_%struct.tomoyo_path_info*,_40:_i8,_72:_i8,_75:_i8,_76:_i8,_77:_i8,_:_SCMRE_76,77_|*MultipleSource*|security/tomoyo/file.c, 787|security/tomoyo/file.c,787|Function::tomoyo_init_request_info&Arg::r::|security/tomoyo/file.c,800}"
CE0x5619c80 "{CE0x5619c80|tomoyo_path_permission:tmp7|*LoadInst*|security/tomoyo/file.c,565}"
CE0x490c9c0 "{CE0x490c9c0|tomoyo_path_permission:conv3|security/tomoyo/file.c,565}"
CE0x672e8e0 "{CE0x672e8e0|tomoyo_path_permission:cmp|security/tomoyo/file.c,565}"
CE0x6633480 "{CE0x6633480|tomoyo_path_permission:if.end}"
CE0x7c7ff10 "{CE0x7c7ff10|0:_%struct.tomoyo_obj_info*,_16:_%struct.tomoyo_domain_info*,_24:_%struct.tomoyo_path_info*,_40:_i8,_72:_i8,_75:_i8,_76:_i8,_77:_i8,_:_SCMRE_40,41_}"
CONST[source:0(mediator),value:0(static)][purpose:{operation}][SnkIdx:3]


CONST[source:2(external),value:2(dynamic)][purpose:{subject}][SrcIdx:18]  ->  CONST[source:0(mediator),value:2(dynamic)][purpose:{subject}][SnkIdx:0]
-----------
CONST[source:2(external),value:2(dynamic)][purpose:{subject}][SrcIdx:18]
CE0x6882b50 "{CE0x6882b50|128:_i8*,_1208:_%struct.file*,_:_CMRE_128,136_|*MultipleSource*|security/tomoyo/common.h,1205|security/tomoyo/common.h,1205}"
CE0x6883690 "{CE0x6883690|tomoyo_domain:tmp22|security/tomoyo/common.h,1205}"
CE0x6540730 "{CE0x6540730|tomoyo_domain:tmp23|security/tomoyo/common.h,1205}"
CE0x487db00 "{CE0x487db00|_ret_%struct.tomoyo_domain_info*_%tmp23,_!dbg_!38929|security/tomoyo/common.h,1205}"
CE0x5686240 "{CE0x5686240|tomoyo_init_request_info:call|security/tomoyo/util.c,1005}"
CE0x56a7c80 "{CE0x56a7c80|tomoyo_init_request_info:domain.addr.0}"
CE0x57871d0 "{CE0x57871d0|0:_%struct.tomoyo_obj_info*,_16:_%struct.tomoyo_domain_info*,_24:_%struct.tomoyo_path_info*,_40:_i8,_72:_i8,_75:_i8,_76:_i8,_77:_i8,_:_SCMRE_16,24_|*MultipleSource*|security/tomoyo/file.c, 787|security/tomoyo/file.c,787|Function::tomoyo_init_request_info&Arg::r::|security/tomoyo/file.c,800}"
CONST[source:0(mediator),value:2(dynamic)][purpose:{subject}][SnkIdx:0]


CONST[source:2(external),value:2(dynamic)][purpose:{subject}][SrcIdx:18]  ->  CONST[source:0(mediator),value:2(dynamic)][purpose:{object}][SnkIdx:1]
-----------
CONST[source:2(external),value:2(dynamic)][purpose:{subject}][SrcIdx:18]
CE0x6882b50 "{CE0x6882b50|128:_i8*,_1208:_%struct.file*,_:_CMRE_128,136_|*MultipleSource*|security/tomoyo/common.h,1205|security/tomoyo/common.h,1205}"
CE0x6883690 "{CE0x6883690|tomoyo_domain:tmp22|security/tomoyo/common.h,1205}"
CE0x6540730 "{CE0x6540730|tomoyo_domain:tmp23|security/tomoyo/common.h,1205}"
CE0x487db00 "{CE0x487db00|_ret_%struct.tomoyo_domain_info*_%tmp23,_!dbg_!38929|security/tomoyo/common.h,1205}"
CE0x5686240 "{CE0x5686240|tomoyo_init_request_info:call|security/tomoyo/util.c,1005}"
CE0x56a7c80 "{CE0x56a7c80|tomoyo_init_request_info:domain.addr.0}"
CE0x5753bb0 "{CE0x5753bb0|tomoyo_init_request_info:profile2|security/tomoyo/util.c,1007}"
CE0x5402d80 "{CE0x5402d80|tomoyo_init_request_info:tmp11|security/tomoyo/util.c,1007}"
CE0x563c9c0 "{CE0x563c9c0|tomoyo_get_mode:profile|Function::tomoyo_get_mode&Arg::profile::}"
CE0x54f9230 "{CE0x54f9230|COLLAPSED:_CRE:_elem_0:default:}"
CE0x4967120 "{CE0x4967120|tomoyo_get_mode:tmp24|security/tomoyo/util.c,986}"
CE0x7cf6520 "{CE0x7cf6520|tomoyo_get_mode:mode.1}"
CE0x642ad50 "{CE0x642ad50|tomoyo_get_mode:conv15|security/tomoyo/util.c,987}"
CE0x642adc0 "{CE0x642adc0|tomoyo_get_mode:and|security/tomoyo/util.c,987}"
CE0x642ae30 "{CE0x642ae30|tomoyo_get_mode:retval.0}"
CE0x49b9370 "{CE0x49b9370|_ret_i32_%retval.0,_!dbg_!38935|security/tomoyo/util.c,988}"
CE0x66efc90 "{CE0x66efc90|tomoyo_path_permission:call|security/tomoyo/file.c,564}"
CE0x49b9440 "{CE0x49b9440|tomoyo_path_permission:conv|security/tomoyo/file.c,564}"
CE0x7e40810 "{CE0x7e40810|0:_%struct.tomoyo_obj_info*,_16:_%struct.tomoyo_domain_info*,_24:_%struct.tomoyo_path_info*,_40:_i8,_72:_i8,_75:_i8,_76:_i8,_77:_i8,_:_SCMRE_76,77_|*MultipleSource*|security/tomoyo/file.c, 787|security/tomoyo/file.c,787|Function::tomoyo_init_request_info&Arg::r::|security/tomoyo/file.c,800}"
CE0x5619c80 "{CE0x5619c80|tomoyo_path_permission:tmp7|*LoadInst*|security/tomoyo/file.c,565}"
CE0x490c9c0 "{CE0x490c9c0|tomoyo_path_permission:conv3|security/tomoyo/file.c,565}"
CE0x672e8e0 "{CE0x672e8e0|tomoyo_path_permission:cmp|security/tomoyo/file.c,565}"
CE0x6633480 "{CE0x6633480|tomoyo_path_permission:if.end}"
CE0x5787800 "{CE0x5787800|0:_%struct.tomoyo_obj_info*,_16:_%struct.tomoyo_domain_info*,_24:_%struct.tomoyo_path_info*,_40:_i8,_72:_i8,_75:_i8,_76:_i8,_77:_i8,_:_SCMRE_24,25_}"
CONST[source:0(mediator),value:2(dynamic)][purpose:{object}][SnkIdx:1]


CONST[source:1(input),value:2(dynamic)][purpose:{object}][SrcIdx:17]  ->  CONST[source:0(mediator),value:2(dynamic)][purpose:{object}][SnkIdx:2]
-----------
CONST[source:1(input),value:2(dynamic)][purpose:{object}][SrcIdx:17]
CE0x54a1c80 "{CE0x54a1c80|0:_i8*,_:_SCMRE_0,8_|*MultipleSource*|security/tomoyo/file.c, 794|security/tomoyo/file.c, 792|security/tomoyo/file.c,802}"
CE0x66e0540 "{CE0x66e0540|tomoyo_path_perm:tmp23|security/tomoyo/file.c,814}"
CE0x6864710 "{CE0x6864710|tomoyo_path_perm:tobool|security/tomoyo/file.c,814}"
CE0x4ad0600 "{CE0x4ad0600|tomoyo_path_perm:sw.epilog}"
CE0x7d2c040 "{CE0x7d2c040|tomoyo_path_permission:entry}"
CE0x4913cf0 "{CE0x4913cf0|tomoyo_path_permission:bb}"
CE0x7e40810 "{CE0x7e40810|0:_%struct.tomoyo_obj_info*,_16:_%struct.tomoyo_domain_info*,_24:_%struct.tomoyo_path_info*,_40:_i8,_72:_i8,_75:_i8,_76:_i8,_77:_i8,_:_SCMRE_76,77_|*MultipleSource*|security/tomoyo/file.c, 787|security/tomoyo/file.c,787|Function::tomoyo_init_request_info&Arg::r::|security/tomoyo/file.c,800}"
CE0x67b7090 "{CE0x67b7090|tomoyo_init_request_info:tmp13|*LoadInst*|security/tomoyo/util.c,1011}"
CE0x67b7410 "{CE0x67b7410|tomoyo_init_request_info:conv6|security/tomoyo/util.c,1011}"
CE0x553def0 "{CE0x553def0|_ret_i32_%conv6,_!dbg_!38926|security/tomoyo/util.c,1011}"
CE0x554f4e0 "{CE0x554f4e0|tomoyo_path_perm:call|security/tomoyo/file.c,797}"
CE0x67efc80 "{CE0x67efc80|tomoyo_path_perm:cmp|security/tomoyo/file.c,798}"
CE0x631d090 "{CE0x631d090|tomoyo_path_perm:if.end6}"
CE0x5787050 "{CE0x5787050|0:_%struct.tomoyo_obj_info*,_16:_%struct.tomoyo_domain_info*,_24:_%struct.tomoyo_path_info*,_40:_i8,_72:_i8,_75:_i8,_76:_i8,_77:_i8,_:_SCMRE_0,8_|*MultipleSource*|security/tomoyo/file.c, 787|security/tomoyo/file.c,787|Function::tomoyo_init_request_info&Arg::r::|security/tomoyo/file.c,800}"
CONST[source:0(mediator),value:2(dynamic)][purpose:{object}][SnkIdx:2]


CONST[source:1(input),value:2(dynamic)][purpose:{object}][SrcIdx:17]  ->  CONST[source:0(mediator),value:0(static)][purpose:{operation}][SnkIdx:3]
-----------
CONST[source:1(input),value:2(dynamic)][purpose:{object}][SrcIdx:17]
CE0x54a1c80 "{CE0x54a1c80|0:_i8*,_:_SCMRE_0,8_|*MultipleSource*|security/tomoyo/file.c, 794|security/tomoyo/file.c, 792|security/tomoyo/file.c,802}"
CE0x66e0540 "{CE0x66e0540|tomoyo_path_perm:tmp23|security/tomoyo/file.c,814}"
CE0x6864710 "{CE0x6864710|tomoyo_path_perm:tobool|security/tomoyo/file.c,814}"
CE0x4ad0600 "{CE0x4ad0600|tomoyo_path_perm:sw.epilog}"
CE0x7d2c040 "{CE0x7d2c040|tomoyo_path_permission:entry}"
CE0x6633480 "{CE0x6633480|tomoyo_path_permission:if.end}"
CE0x7c7ff10 "{CE0x7c7ff10|0:_%struct.tomoyo_obj_info*,_16:_%struct.tomoyo_domain_info*,_24:_%struct.tomoyo_path_info*,_40:_i8,_72:_i8,_75:_i8,_76:_i8,_77:_i8,_:_SCMRE_40,41_}"
CONST[source:0(mediator),value:0(static)][purpose:{operation}][SnkIdx:3]


CONST[source:1(input),value:2(dynamic)][purpose:{object}][SrcIdx:17]  ->  CONST[source:0(mediator),value:2(dynamic)][purpose:{object}][SnkIdx:1]
-----------
CONST[source:1(input),value:2(dynamic)][purpose:{object}][SrcIdx:17]
CE0x542c130 "{CE0x542c130|tomoyo_path_perm:buf|security/tomoyo/file.c, 792|*SummSource*}"
CE0x542c0c0 "{CE0x542c0c0|tomoyo_path_perm:buf|security/tomoyo/file.c, 792}"
CE0x7cb1ff0 "{CE0x7cb1ff0|tomoyo_path_permission:filename|Function::tomoyo_path_permission&Arg::filename::}"
CE0x5787800 "{CE0x5787800|0:_%struct.tomoyo_obj_info*,_16:_%struct.tomoyo_domain_info*,_24:_%struct.tomoyo_path_info*,_40:_i8,_72:_i8,_75:_i8,_76:_i8,_77:_i8,_:_SCMRE_24,25_}"
CONST[source:0(mediator),value:2(dynamic)][purpose:{object}][SnkIdx:1]


CONST[source:1(input),value:2(dynamic)][purpose:{object}][SrcIdx:13]  ->  CONST[source:0(mediator),value:2(dynamic)][purpose:{object}][SnkIdx:2]
-----------
CONST[source:1(input),value:2(dynamic)][purpose:{object}][SrcIdx:13]
CE0x4905d10 "{CE0x4905d10|0:_%struct.vfsmount*,_:_CRE_0,8_|*MultipleSource*|Function::tomoyo_path_symlink&Arg::parent::|security/tomoyo/tomoyo.c,222}"
CE0x4a9a170 "{CE0x4a9a170|tomoyo_path_symlink:tmp4|*LoadInst*|security/tomoyo/tomoyo.c,222}"
CE0x49a3440 "{CE0x49a3440|8:_%struct.vfsmount*,_16:_%struct.dentry*,_168:_%struct.tomoyo_path_info*,_:_SCMRE_0,8_|*MultipleSource*|security/tomoyo/tomoyo.c, 222|security/tomoyo/tomoyo.c,222}"
CE0x4a5ba80 "{CE0x4a5ba80|tomoyo_get_realpath:call|security/tomoyo/file.c,150}"
CE0x54a1c80 "{CE0x54a1c80|0:_i8*,_:_SCMRE_0,8_|*MultipleSource*|security/tomoyo/file.c, 794|security/tomoyo/file.c, 792|security/tomoyo/file.c,802}"
CE0x66e0540 "{CE0x66e0540|tomoyo_path_perm:tmp23|security/tomoyo/file.c,814}"
CE0x6864710 "{CE0x6864710|tomoyo_path_perm:tobool|security/tomoyo/file.c,814}"
CE0x4ad0600 "{CE0x4ad0600|tomoyo_path_perm:sw.epilog}"
CE0x7d2c040 "{CE0x7d2c040|tomoyo_path_permission:entry}"
CE0x4913cf0 "{CE0x4913cf0|tomoyo_path_permission:bb}"
CE0x7e40810 "{CE0x7e40810|0:_%struct.tomoyo_obj_info*,_16:_%struct.tomoyo_domain_info*,_24:_%struct.tomoyo_path_info*,_40:_i8,_72:_i8,_75:_i8,_76:_i8,_77:_i8,_:_SCMRE_76,77_|*MultipleSource*|security/tomoyo/file.c, 787|security/tomoyo/file.c,787|Function::tomoyo_init_request_info&Arg::r::|security/tomoyo/file.c,800}"
CE0x67b7090 "{CE0x67b7090|tomoyo_init_request_info:tmp13|*LoadInst*|security/tomoyo/util.c,1011}"
CE0x67b7410 "{CE0x67b7410|tomoyo_init_request_info:conv6|security/tomoyo/util.c,1011}"
CE0x553def0 "{CE0x553def0|_ret_i32_%conv6,_!dbg_!38926|security/tomoyo/util.c,1011}"
CE0x554f4e0 "{CE0x554f4e0|tomoyo_path_perm:call|security/tomoyo/file.c,797}"
CE0x67efc80 "{CE0x67efc80|tomoyo_path_perm:cmp|security/tomoyo/file.c,798}"
CE0x631d090 "{CE0x631d090|tomoyo_path_perm:if.end6}"
CE0x5787050 "{CE0x5787050|0:_%struct.tomoyo_obj_info*,_16:_%struct.tomoyo_domain_info*,_24:_%struct.tomoyo_path_info*,_40:_i8,_72:_i8,_75:_i8,_76:_i8,_77:_i8,_:_SCMRE_0,8_|*MultipleSource*|security/tomoyo/file.c, 787|security/tomoyo/file.c,787|Function::tomoyo_init_request_info&Arg::r::|security/tomoyo/file.c,800}"
CONST[source:0(mediator),value:2(dynamic)][purpose:{object}][SnkIdx:2]


CONST[source:1(input),value:2(dynamic)][purpose:{object}][SrcIdx:13]  ->  CONST[source:0(mediator),value:0(static)][purpose:{operation}][SnkIdx:3]
-----------
CONST[source:1(input),value:2(dynamic)][purpose:{object}][SrcIdx:13]
CE0x4905d10 "{CE0x4905d10|0:_%struct.vfsmount*,_:_CRE_0,8_|*MultipleSource*|Function::tomoyo_path_symlink&Arg::parent::|security/tomoyo/tomoyo.c,222}"
CE0x4a9a170 "{CE0x4a9a170|tomoyo_path_symlink:tmp4|*LoadInst*|security/tomoyo/tomoyo.c,222}"
CE0x49a3440 "{CE0x49a3440|8:_%struct.vfsmount*,_16:_%struct.dentry*,_168:_%struct.tomoyo_path_info*,_:_SCMRE_0,8_|*MultipleSource*|security/tomoyo/tomoyo.c, 222|security/tomoyo/tomoyo.c,222}"
CE0x4a5ba80 "{CE0x4a5ba80|tomoyo_get_realpath:call|security/tomoyo/file.c,150}"
CE0x54a1c80 "{CE0x54a1c80|0:_i8*,_:_SCMRE_0,8_|*MultipleSource*|security/tomoyo/file.c, 794|security/tomoyo/file.c, 792|security/tomoyo/file.c,802}"
CE0x66e0540 "{CE0x66e0540|tomoyo_path_perm:tmp23|security/tomoyo/file.c,814}"
CE0x6864710 "{CE0x6864710|tomoyo_path_perm:tobool|security/tomoyo/file.c,814}"
CE0x4ad0600 "{CE0x4ad0600|tomoyo_path_perm:sw.epilog}"
CE0x7d2c040 "{CE0x7d2c040|tomoyo_path_permission:entry}"
CE0x6633480 "{CE0x6633480|tomoyo_path_permission:if.end}"
CE0x7c7ff10 "{CE0x7c7ff10|0:_%struct.tomoyo_obj_info*,_16:_%struct.tomoyo_domain_info*,_24:_%struct.tomoyo_path_info*,_40:_i8,_72:_i8,_75:_i8,_76:_i8,_77:_i8,_:_SCMRE_40,41_}"
CONST[source:0(mediator),value:0(static)][purpose:{operation}][SnkIdx:3]


CONST[source:1(input),value:2(dynamic)][purpose:{object}][SrcIdx:13]  ->  CONST[source:0(mediator),value:2(dynamic)][purpose:{object}][SnkIdx:1]
-----------
CONST[source:1(input),value:2(dynamic)][purpose:{object}][SrcIdx:13]
CE0x4905d10 "{CE0x4905d10|0:_%struct.vfsmount*,_:_CRE_0,8_|*MultipleSource*|Function::tomoyo_path_symlink&Arg::parent::|security/tomoyo/tomoyo.c,222}"
CE0x4a9a170 "{CE0x4a9a170|tomoyo_path_symlink:tmp4|*LoadInst*|security/tomoyo/tomoyo.c,222}"
CE0x49a3440 "{CE0x49a3440|8:_%struct.vfsmount*,_16:_%struct.dentry*,_168:_%struct.tomoyo_path_info*,_:_SCMRE_0,8_|*MultipleSource*|security/tomoyo/tomoyo.c, 222|security/tomoyo/tomoyo.c,222}"
CE0x4a5ba80 "{CE0x4a5ba80|tomoyo_get_realpath:call|security/tomoyo/file.c,150}"
CE0x54a1c80 "{CE0x54a1c80|0:_i8*,_:_SCMRE_0,8_|*MultipleSource*|security/tomoyo/file.c, 794|security/tomoyo/file.c, 792|security/tomoyo/file.c,802}"
CE0x66e0540 "{CE0x66e0540|tomoyo_path_perm:tmp23|security/tomoyo/file.c,814}"
CE0x6864710 "{CE0x6864710|tomoyo_path_perm:tobool|security/tomoyo/file.c,814}"
CE0x4ad0600 "{CE0x4ad0600|tomoyo_path_perm:sw.epilog}"
CE0x7d2c040 "{CE0x7d2c040|tomoyo_path_permission:entry}"
CE0x6633480 "{CE0x6633480|tomoyo_path_permission:if.end}"
CE0x5787800 "{CE0x5787800|0:_%struct.tomoyo_obj_info*,_16:_%struct.tomoyo_domain_info*,_24:_%struct.tomoyo_path_info*,_40:_i8,_72:_i8,_75:_i8,_76:_i8,_77:_i8,_:_SCMRE_24,25_}"
CONST[source:0(mediator),value:2(dynamic)][purpose:{object}][SnkIdx:1]


