[selinux_kernel_act_as]

explicit:
CONST[source:2(external),value:2(dynamic)][purpose:{subject}][SrcIdx:2]  ->  CONST[source:0(mediator),value:2(dynamic)][purpose:{subject}][SnkIdx:0]
-----------
CONST[source:2(external),value:2(dynamic)][purpose:{subject}][SrcIdx:2]
CE0x4c304c0 "{CE0x4c304c0|COLLAPSED:_CMRE:_elem_0::|security/selinux/hooks.c,218}"
CE0x4c308b0 "{CE0x4c308b0|current_sid:tmp22|security/selinux/hooks.c,218}"
CE0x4c54090 "{CE0x4c54090|current_sid:tmp23|security/selinux/hooks.c,218}"
CE0x4c54a60 "{CE0x4c54a60|current_sid:sid|security/selinux/hooks.c,220}"
CE0x4c55890 "{CE0x4c55890|current_sid:tmp24|security/selinux/hooks.c,220}"
CE0x4c06940 "{CE0x4c06940|_ret_i32_%tmp24,_!dbg_!27742|security/selinux/hooks.c,220}"
CE0x4c0a4a0 "{CE0x4c0a4a0|selinux_kernel_act_as:call|security/selinux/hooks.c,3521}"
CE0x4c1b2f0 "{CE0x4c1b2f0|selinux_kernel_act_as:call|security/selinux/hooks.c,3521|*SummSink*}"
CONST[source:0(mediator),value:2(dynamic)][purpose:{subject}][SnkIdx:0]


CONST[source:1(input),value:2(dynamic)][purpose:{object}][SrcIdx:1]  ->  CONST[source:0(mediator),value:2(dynamic)][purpose:{object}][SnkIdx:1]
-----------
CONST[source:1(input),value:2(dynamic)][purpose:{object}][SrcIdx:1]
CE0x4c21a10 "{CE0x4c21a10|selinux_kernel_act_as:secid|Function::selinux_kernel_act_as&Arg::secid::|*SummSource*}"
CE0x4c21430 "{CE0x4c21430|selinux_kernel_act_as:secid|Function::selinux_kernel_act_as&Arg::secid::}"
CE0x4c21670 "{CE0x4c21670|selinux_kernel_act_as:secid|Function::selinux_kernel_act_as&Arg::secid::|*SummSink*}"
CONST[source:0(mediator),value:2(dynamic)][purpose:{object}][SnkIdx:1]



implicit:
CONST[source:1(input),value:2(dynamic)][purpose:{object}][SrcIdx:1]  ->  CONST[source:0(mediator),value:2(dynamic)][purpose:{object}][SnkIdx:1]
-----------
CONST[source:1(input),value:2(dynamic)][purpose:{object}][SrcIdx:1]
CE0x4c21a10 "{CE0x4c21a10|selinux_kernel_act_as:secid|Function::selinux_kernel_act_as&Arg::secid::|*SummSource*}"
CE0x4c21430 "{CE0x4c21430|selinux_kernel_act_as:secid|Function::selinux_kernel_act_as&Arg::secid::}"
CE0x4c21670 "{CE0x4c21670|selinux_kernel_act_as:secid|Function::selinux_kernel_act_as&Arg::secid::|*SummSink*}"
CONST[source:0(mediator),value:2(dynamic)][purpose:{object}][SnkIdx:1]


CONST[source:2(external),value:2(dynamic)][purpose:{subject}][SrcIdx:2]  ->  CONST[source:0(mediator),value:2(dynamic)][purpose:{subject}][SnkIdx:0]
-----------
CONST[source:2(external),value:2(dynamic)][purpose:{subject}][SrcIdx:2]
CE0x4c304c0 "{CE0x4c304c0|COLLAPSED:_CMRE:_elem_0::|security/selinux/hooks.c,218}"
CE0x4c308b0 "{CE0x4c308b0|current_sid:tmp22|security/selinux/hooks.c,218}"
CE0x4c54090 "{CE0x4c54090|current_sid:tmp23|security/selinux/hooks.c,218}"
CE0x4c54a60 "{CE0x4c54a60|current_sid:sid|security/selinux/hooks.c,220}"
CE0x4c55890 "{CE0x4c55890|current_sid:tmp24|security/selinux/hooks.c,220}"
CE0x4c06940 "{CE0x4c06940|_ret_i32_%tmp24,_!dbg_!27742|security/selinux/hooks.c,220}"
CE0x4c0a4a0 "{CE0x4c0a4a0|selinux_kernel_act_as:call|security/selinux/hooks.c,3521}"
CE0x4c1b2f0 "{CE0x4c1b2f0|selinux_kernel_act_as:call|security/selinux/hooks.c,3521|*SummSink*}"
CONST[source:0(mediator),value:2(dynamic)][purpose:{subject}][SnkIdx:0]


