[selinux_task_getpgid]

explicit:
CONST[source:2(external),value:2(dynamic)][purpose:{subject}][SrcIdx:3]  ->  CONST[source:0(mediator),value:2(dynamic)][purpose:{subject}][SnkIdx:0]
-----------
CONST[source:2(external),value:2(dynamic)][purpose:{subject}][SrcIdx:3]
CE0x94938c0 "{CE0x94938c0|VOIDTB_TE:_IE:_elem_0:default:}"
CE0x9494830 "{CE0x9494830|tmp24}"
CE0x9483500 "{CE0x9483500|_ret_i32_%tmp24,_!dbg_!27742}"
CE0x94843b0 "{CE0x94843b0|call}"
CE0x9484670 "{CE0x9484670|call}"
CONST[source:0(mediator),value:2(dynamic)][purpose:{subject}][SnkIdx:0]


CONST[source:2(external),value:2(dynamic)][purpose:{subject}][SrcIdx:3]  ->  CONST[source:0(mediator),value:2(dynamic)][purpose:{object}][SnkIdx:1]
-----------
CONST[source:2(external),value:2(dynamic)][purpose:{subject}][SrcIdx:3]
CE0x94938c0 "{CE0x94938c0|VOIDTB_TE:_IE:_elem_0:default:}"
CE0x94d0e50 "{CE0x94d0e50|tmp6}"
CE0x94a8ed0 "{CE0x94a8ed0|_ret_i32_%tmp6,_!dbg_!27716}"
CE0x94a58a0 "{CE0x94a58a0|call7}"
CE0x9484cc0 "{CE0x9484cc0|_ret_i32_%call7,_!dbg_!27749}"
CE0x94837b0 "{CE0x94837b0|call1}"
CE0x9483740 "{CE0x9483740|call1}"
CONST[source:0(mediator),value:2(dynamic)][purpose:{object}][SnkIdx:1]


CONST[source:1(input),value:2(dynamic)][purpose:{object}][SrcIdx:1]  ->  CONST[source:0(mediator),value:2(dynamic)][purpose:{subject}][SnkIdx:0]
-----------
CONST[source:1(input),value:2(dynamic)][purpose:{object}][SrcIdx:1]
CE0x94938c0 "{CE0x94938c0|VOIDTB_TE:_IE:_elem_0:default:}"
CE0x9494830 "{CE0x9494830|tmp24}"
CE0x9483500 "{CE0x9483500|_ret_i32_%tmp24,_!dbg_!27742}"
CE0x94843b0 "{CE0x94843b0|call}"
CE0x9484670 "{CE0x9484670|call}"
CONST[source:0(mediator),value:2(dynamic)][purpose:{subject}][SnkIdx:0]


CONST[source:1(input),value:2(dynamic)][purpose:{object}][SrcIdx:1]  ->  CONST[source:0(mediator),value:2(dynamic)][purpose:{object}][SnkIdx:1]
-----------
CONST[source:1(input),value:2(dynamic)][purpose:{object}][SrcIdx:1]
CE0x94938c0 "{CE0x94938c0|VOIDTB_TE:_IE:_elem_0:default:}"
CE0x94d0e50 "{CE0x94d0e50|tmp6}"
CE0x94a8ed0 "{CE0x94a8ed0|_ret_i32_%tmp6,_!dbg_!27716}"
CE0x94a58a0 "{CE0x94a58a0|call7}"
CE0x9484cc0 "{CE0x9484cc0|_ret_i32_%call7,_!dbg_!27749}"
CE0x94837b0 "{CE0x94837b0|call1}"
CE0x9483740 "{CE0x9483740|call1}"
CONST[source:0(mediator),value:2(dynamic)][purpose:{object}][SnkIdx:1]



implicit:
CONST[source:2(external),value:2(dynamic)][purpose:{subject}][SrcIdx:3]  ->  CONST[source:0(mediator),value:2(dynamic)][purpose:{object}][SnkIdx:1]
-----------
CONST[source:2(external),value:2(dynamic)][purpose:{subject}][SrcIdx:3]
CE0x94938c0 "{CE0x94938c0|VOIDTB_TE:_IE:_elem_0:default:}"
CE0x94d0e50 "{CE0x94d0e50|tmp6}"
CE0x94a8ed0 "{CE0x94a8ed0|_ret_i32_%tmp6,_!dbg_!27716}"
CE0x94a58a0 "{CE0x94a58a0|call7}"
CE0x9484cc0 "{CE0x9484cc0|_ret_i32_%call7,_!dbg_!27749}"
CE0x94837b0 "{CE0x94837b0|call1}"
CE0x9483740 "{CE0x9483740|call1}"
CONST[source:0(mediator),value:2(dynamic)][purpose:{object}][SnkIdx:1]


CONST[source:2(external),value:2(dynamic)][purpose:{subject}][SrcIdx:3]  ->  CONST[source:0(mediator),value:2(dynamic)][purpose:{subject}][SnkIdx:0]
-----------
CONST[source:2(external),value:2(dynamic)][purpose:{subject}][SrcIdx:3]
CE0x94938c0 "{CE0x94938c0|VOIDTB_TE:_IE:_elem_0:default:}"
CE0x9494830 "{CE0x9494830|tmp24}"
CE0x9483500 "{CE0x9483500|_ret_i32_%tmp24,_!dbg_!27742}"
CE0x94843b0 "{CE0x94843b0|call}"
CE0x9484670 "{CE0x9484670|call}"
CONST[source:0(mediator),value:2(dynamic)][purpose:{subject}][SnkIdx:0]


CONST[source:1(input),value:2(dynamic)][purpose:{object}][SrcIdx:1]  ->  CONST[source:0(mediator),value:2(dynamic)][purpose:{object}][SnkIdx:1]
-----------
CONST[source:1(input),value:2(dynamic)][purpose:{object}][SrcIdx:1]
CE0x94938c0 "{CE0x94938c0|VOIDTB_TE:_IE:_elem_0:default:}"
CE0x94d0e50 "{CE0x94d0e50|tmp6}"
CE0x94a8ed0 "{CE0x94a8ed0|_ret_i32_%tmp6,_!dbg_!27716}"
CE0x94a58a0 "{CE0x94a58a0|call7}"
CE0x9484cc0 "{CE0x9484cc0|_ret_i32_%call7,_!dbg_!27749}"
CE0x94837b0 "{CE0x94837b0|call1}"
CE0x9483740 "{CE0x9483740|call1}"
CONST[source:0(mediator),value:2(dynamic)][purpose:{object}][SnkIdx:1]


CONST[source:1(input),value:2(dynamic)][purpose:{object}][SrcIdx:1]  ->  CONST[source:0(mediator),value:2(dynamic)][purpose:{subject}][SnkIdx:0]
-----------
CONST[source:1(input),value:2(dynamic)][purpose:{object}][SrcIdx:1]
CE0x94938c0 "{CE0x94938c0|VOIDTB_TE:_IE:_elem_0:default:}"
CE0x9494830 "{CE0x9494830|tmp24}"
CE0x9483500 "{CE0x9483500|_ret_i32_%tmp24,_!dbg_!27742}"
CE0x94843b0 "{CE0x94843b0|call}"
CE0x9484670 "{CE0x9484670|call}"
CONST[source:0(mediator),value:2(dynamic)][purpose:{subject}][SnkIdx:0]


