[tomoyo_socket_sendmsg.z]

explicit:
CONST[source:2(external),value:2(dynamic)][purpose:{subject}][SrcIdx:7]  ->  CONST[source:0(mediator),value:2(dynamic)][purpose:{subject}][SnkIdx:0]
-----------
CONST[source:2(external),value:2(dynamic)][purpose:{subject}][SrcIdx:7]
CE0x65883e0 "{CE0x65883e0|COLLAPSED:_GCRE_current_task_external_global_%struct.task_struct*:_elem_0::|security/tomoyo/common.h,1205}"
CE0x4b2fbe0 "{CE0x4b2fbe0|tomoyo_domain:tmp22|security/tomoyo/common.h,1205}"
CE0x8217820 "{CE0x8217820|tomoyo_domain:tmp23|security/tomoyo/common.h,1205}"
CE0x49ca110 "{CE0x49ca110|_ret_%struct.tomoyo_domain_info*_%tmp23,_!dbg_!38929|security/tomoyo/common.h,1205}"
CE0x4c65a70 "{CE0x4c65a70|tomoyo_init_request_info:call|security/tomoyo/util.c,1005}"
CE0x49ca420 "{CE0x49ca420|tomoyo_init_request_info:domain.addr.0}"
CE0x66eb990 "{CE0x66eb990|24:_i32*,_32:_i16,_34:_i8,_35:_i8,_36:_i8,_72:_i8,_:_SCMRE_16,24_|*MultipleSource*|security/tomoyo/network.c, 469|security/tomoyo/network.c,469|Function::tomoyo_init_request_info&Arg::r::|security/tomoyo/network.c,475}"
CONST[source:0(mediator),value:2(dynamic)][purpose:{subject}][SnkIdx:0]


CONST[source:1(input),value:2(dynamic)][purpose:{object}][SrcIdx:3]  ->  CONST[source:0(mediator),value:2(dynamic)][purpose:{object}][SnkIdx:2]
-----------
CONST[source:1(input),value:2(dynamic)][purpose:{object}][SrcIdx:3]
CE0x8079040 "{CE0x8079040|COLLAPSED:_CRE:_elem_0::|security/tomoyo/network.c,507}"
CE0x4cb1ff0 "{CE0x4cb1ff0|tomoyo_check_inet_address:tmp14|security/tomoyo/network.c,514}"
CE0x8140160 "{CE0x8140160|0:_i8,_1:_i8,_8:_i16,_16:_i32*,_24:_i8,_:_CMR_8,10_|*MultipleSource*|Function::tomoyo_check_inet_address&Arg::address::|security/tomoyo/network.c,505}"
CE0x6ac0730 "{CE0x6ac0730|tomoyo_inet_entry:tmp20|security/tomoyo/network.c,480}"
CE0x6b1ba50 "{CE0x6b1ba50|__fswab16:val|Function::__fswab16&Arg::val::}"
CE0x66e5610 "{CE0x66e5610|__fswab16:conv|include/uapi/linux/swab.h,53}"
CE0x5687ec0 "{CE0x5687ec0|__fswab16:and|include/uapi/linux/swab.h,53}"
CE0x56880b0 "{CE0x56880b0|__fswab16:shl|include/uapi/linux/swab.h,53}"
CE0x6934530 "{CE0x6934530|__fswab16:or|include/uapi/linux/swab.h,53}"
CE0x69344c0 "{CE0x69344c0|__fswab16:conv3|include/uapi/linux/swab.h,53}"
CE0x6b1bb60 "{CE0x6b1bb60|_ret_i16_%conv3,_!dbg_!38911|include/uapi/linux/swab.h,53}"
CE0x6b0a490 "{CE0x6b0a490|tomoyo_inet_entry:call21|security/tomoyo/network.c,480}"
CE0x6b1bf00 "{CE0x6b1bf00|tomoyo_inet_entry:conv22|security/tomoyo/network.c,480}"
CE0x59e2b20 "{CE0x59e2b20|tomoyo_inet_entry:conv23|security/tomoyo/network.c,480}"
CE0x67ac040 "{CE0x67ac040|24:_i32*,_32:_i16,_34:_i8,_35:_i8,_36:_i8,_72:_i8,_:_SCMRE_32,33_}"
CONST[source:0(mediator),value:2(dynamic)][purpose:{object}][SnkIdx:2]


CONST[source:1(input),value:2(dynamic)][purpose:{object}][SrcIdx:3]  ->  CONST[source:0(mediator),value:2(dynamic)][purpose:{object}][SnkIdx:1]
-----------
CONST[source:1(input),value:2(dynamic)][purpose:{object}][SrcIdx:3]
CE0x589e010 "{CE0x589e010|tomoyo_check_inet_address:addr|Function::tomoyo_check_inet_address&Arg::addr::|*SummSource*}"
CE0x8048fe0 "{CE0x8048fe0|tomoyo_check_inet_address:addr|Function::tomoyo_check_inet_address&Arg::addr::}"
CE0x592e160 "{CE0x592e160|tomoyo_check_inet_address:tmp23|security/tomoyo/network.c,521}"
CE0x58e23a0 "{CE0x58e23a0|tomoyo_check_inet_address:sin_addr|security/tomoyo/network.c,521}"
CE0x588fde0 "{CE0x588fde0|tomoyo_check_inet_address:tmp24|security/tomoyo/network.c,520}"
CE0x58d1fd0 "{CE0x58d1fd0|0:_i8,_1:_i8,_8:_i16,_16:_i32*,_24:_i8,_:_CMR_16,24_|*MultipleSource*|Function::tomoyo_check_inet_address&Arg::address::|security/tomoyo/network.c,505}"
CE0x6af48f0 "{CE0x6af48f0|tomoyo_inet_entry:tmp19|security/tomoyo/network.c,479}"
CE0x66dd2c0 "{CE0x66dd2c0|24:_i32*,_32:_i16,_34:_i8,_35:_i8,_36:_i8,_72:_i8,_:_SCMRE_24,25_}"
CONST[source:0(mediator),value:2(dynamic)][purpose:{object}][SnkIdx:1]


CONST[source:1(input),value:2(dynamic)][purpose:{object}][SrcIdx:1]  ->  CONST[source:0(mediator),value:2(dynamic)][purpose:{object}][SnkIdx:3]
-----------
CONST[source:1(input),value:2(dynamic)][purpose:{object}][SrcIdx:1]
CE0x58f5e60 "{CE0x58f5e60|0:_i8,_1:_i8,_8:_i16,_16:_i32*,_24:_i8,_:_CMR_24,25_|*MultipleSource*|Function::tomoyo_check_inet_address&Arg::address::|security/tomoyo/network.c,505}"
CE0x6a3bc00 "{CE0x6a3bc00|tomoyo_inet_entry:tmp18|security/tomoyo/network.c,478}"
CE0x6a603e0 "{CE0x6a603e0|tomoyo_inet_entry:tobool11|security/tomoyo/network.c,478}"
CE0x6a2d8c0 "{CE0x6a2d8c0|tomoyo_inet_entry:frombool|security/tomoyo/network.c,478}"
CE0x56cfb10 "{CE0x56cfb10|24:_i32*,_32:_i16,_34:_i8,_35:_i8,_36:_i8,_72:_i8,_:_SCMRE_36,37_}"
CONST[source:0(mediator),value:2(dynamic)][purpose:{object}][SnkIdx:3]


CONST[source:1(input),value:2(dynamic)][purpose:{object}][SrcIdx:1]  ->  CONST[source:0(mediator),value:2(dynamic)][purpose:{object}][SnkIdx:2]
-----------
CONST[source:1(input),value:2(dynamic)][purpose:{object}][SrcIdx:1]
CE0x8140160 "{CE0x8140160|0:_i8,_1:_i8,_8:_i16,_16:_i32*,_24:_i8,_:_CMR_8,10_|*MultipleSource*|Function::tomoyo_check_inet_address&Arg::address::|security/tomoyo/network.c,505}"
CE0x6ac0730 "{CE0x6ac0730|tomoyo_inet_entry:tmp20|security/tomoyo/network.c,480}"
CE0x6b1ba50 "{CE0x6b1ba50|__fswab16:val|Function::__fswab16&Arg::val::}"
CE0x66e5610 "{CE0x66e5610|__fswab16:conv|include/uapi/linux/swab.h,53}"
CE0x5687ec0 "{CE0x5687ec0|__fswab16:and|include/uapi/linux/swab.h,53}"
CE0x56880b0 "{CE0x56880b0|__fswab16:shl|include/uapi/linux/swab.h,53}"
CE0x6934530 "{CE0x6934530|__fswab16:or|include/uapi/linux/swab.h,53}"
CE0x69344c0 "{CE0x69344c0|__fswab16:conv3|include/uapi/linux/swab.h,53}"
CE0x6b1bb60 "{CE0x6b1bb60|_ret_i16_%conv3,_!dbg_!38911|include/uapi/linux/swab.h,53}"
CE0x6b0a490 "{CE0x6b0a490|tomoyo_inet_entry:call21|security/tomoyo/network.c,480}"
CE0x6b1bf00 "{CE0x6b1bf00|tomoyo_inet_entry:conv22|security/tomoyo/network.c,480}"
CE0x59e2b20 "{CE0x59e2b20|tomoyo_inet_entry:conv23|security/tomoyo/network.c,480}"
CE0x67ac040 "{CE0x67ac040|24:_i32*,_32:_i16,_34:_i8,_35:_i8,_36:_i8,_72:_i8,_:_SCMRE_32,33_}"
CONST[source:0(mediator),value:2(dynamic)][purpose:{object}][SnkIdx:2]


CONST[source:1(input),value:2(dynamic)][purpose:{object}][SrcIdx:1]  ->  CONST[source:0(mediator),value:2(dynamic)][purpose:{object}][SnkIdx:1]
-----------
CONST[source:1(input),value:2(dynamic)][purpose:{object}][SrcIdx:1]
CE0x58d1fd0 "{CE0x58d1fd0|0:_i8,_1:_i8,_8:_i16,_16:_i32*,_24:_i8,_:_CMR_16,24_|*MultipleSource*|Function::tomoyo_check_inet_address&Arg::address::|security/tomoyo/network.c,505}"
CE0x6af48f0 "{CE0x6af48f0|tomoyo_inet_entry:tmp19|security/tomoyo/network.c,479}"
CE0x6934cd0 "{CE0x6934cd0|24:_i32*,_32:_i16,_34:_i8,_35:_i8,_36:_i8,_72:_i8,_:_SCMRE_30,31_}"
CONST[source:0(mediator),value:2(dynamic)][purpose:{object}][SnkIdx:1]


CONST[source:0(mediator),value:2(dynamic)][purpose:{operation}][SrcIdx:5]  ->  CONST[source:0(mediator),value:0(static)][purpose:{operation}][SnkIdx:4]
-----------
CONST[source:0(mediator),value:2(dynamic)][purpose:{operation}][SrcIdx:5]
CE0x8048f70 "{CE0x8048f70|0:_i8,_1:_i8,_8:_i16,_16:_i32*,_24:_i8,_:_CMR_0,1_|*MultipleSource*|Function::tomoyo_check_inet_address&Arg::address::|security/tomoyo/network.c,505}"
CE0x6a2dad0 "{CE0x6a2dad0|tomoyo_inet_entry:tmp16|*LoadInst*|security/tomoyo/network.c,476}"
CE0x56cf7d0 "{CE0x56cf7d0|24:_i32*,_32:_i16,_34:_i8,_35:_i8,_36:_i8,_72:_i8,_:_SCMRE_34,35_}"
CONST[source:0(mediator),value:0(static)][purpose:{operation}][SnkIdx:4]


CONST[source:1(input),value:2(dynamic)][purpose:{operation}][SrcIdx:6]  ->  CONST[source:0(mediator),value:0(static)][purpose:{operation}][SnkIdx:5]
-----------
CONST[source:1(input),value:2(dynamic)][purpose:{operation}][SrcIdx:6]
CE0x8140030 "{CE0x8140030|0:_i8,_1:_i8,_8:_i16,_16:_i32*,_24:_i8,_:_CMR_1,2_|*MultipleSource*|Function::tomoyo_check_inet_address&Arg::address::|security/tomoyo/network.c,505}"
CE0x6a4bc20 "{CE0x6a4bc20|tomoyo_inet_entry:tmp17|*LoadInst*|security/tomoyo/network.c,477}"
CE0x56cf970 "{CE0x56cf970|24:_i32*,_32:_i16,_34:_i8,_35:_i8,_36:_i8,_72:_i8,_:_SCMRE_35,36_}"
CONST[source:0(mediator),value:0(static)][purpose:{operation}][SnkIdx:5]



implicit:
CONST[source:2(external),value:2(dynamic)][purpose:{subject}][SrcIdx:7]  ->  CONST[source:0(mediator),value:0(static)][purpose:{operation}][SnkIdx:4]
-----------
CONST[source:2(external),value:2(dynamic)][purpose:{subject}][SrcIdx:7]
CE0x65883e0 "{CE0x65883e0|COLLAPSED:_GCRE_current_task_external_global_%struct.task_struct*:_elem_0::|security/tomoyo/common.h,1205}"
CE0x4b2fbe0 "{CE0x4b2fbe0|tomoyo_domain:tmp22|security/tomoyo/common.h,1205}"
CE0x8217820 "{CE0x8217820|tomoyo_domain:tmp23|security/tomoyo/common.h,1205}"
CE0x49ca110 "{CE0x49ca110|_ret_%struct.tomoyo_domain_info*_%tmp23,_!dbg_!38929|security/tomoyo/common.h,1205}"
CE0x4c65a70 "{CE0x4c65a70|tomoyo_init_request_info:call|security/tomoyo/util.c,1005}"
CE0x49ca420 "{CE0x49ca420|tomoyo_init_request_info:domain.addr.0}"
CE0x4b4e880 "{CE0x4b4e880|tomoyo_init_request_info:profile2|security/tomoyo/util.c,1007}"
CE0x4bdae10 "{CE0x4bdae10|tomoyo_init_request_info:tmp11|security/tomoyo/util.c,1007}"
CE0x57888e0 "{CE0x57888e0|tomoyo_get_mode:profile|Function::tomoyo_get_mode&Arg::profile::}"
CE0x4b617a0 "{CE0x4b617a0|COLLAPSED:_CRE:_elem_0:default:}"
CE0x66c4550 "{CE0x66c4550|tomoyo_get_mode:tmp24|security/tomoyo/util.c,986}"
CE0x67d2aa0 "{CE0x67d2aa0|tomoyo_get_mode:mode.1}"
CE0x688f050 "{CE0x688f050|tomoyo_get_mode:conv15|security/tomoyo/util.c,987}"
CE0x69450c0 "{CE0x69450c0|tomoyo_get_mode:and|security/tomoyo/util.c,987}"
CE0x6945290 "{CE0x6945290|tomoyo_get_mode:retval.0}"
CE0x5788eb0 "{CE0x5788eb0|_ret_i32_%retval.0,_!dbg_!38935|security/tomoyo/util.c,988}"
CE0x5745e20 "{CE0x5745e20|tomoyo_init_request_info:call4|security/tomoyo/util.c,1010}"
CE0x56fae70 "{CE0x56fae70|tomoyo_init_request_info:conv|security/tomoyo/util.c,1010}"
CE0x6a13060 "{CE0x6a13060|24:_i32*,_32:_i16,_34:_i8,_35:_i8,_36:_i8,_72:_i8,_:_SCMRE_76,77_|*MultipleSource*|security/tomoyo/network.c, 469|security/tomoyo/network.c,469|Function::tomoyo_init_request_info&Arg::r::|security/tomoyo/network.c,475}"
CE0x6657c10 "{CE0x6657c10|tomoyo_init_request_info:tmp13|*LoadInst*|security/tomoyo/util.c,1011}"
CE0x6657f90 "{CE0x6657f90|tomoyo_init_request_info:conv6|security/tomoyo/util.c,1011}"
CE0x68039e0 "{CE0x68039e0|_ret_i32_%conv6,_!dbg_!38926|security/tomoyo/util.c,1011}"
CE0x6742d90 "{CE0x6742d90|tomoyo_inet_entry:call3|security/tomoyo/network.c,473}"
CE0x7519c50 "{CE0x7519c50|tomoyo_inet_entry:cmp|security/tomoyo/network.c,474}"
CE0x6a02e70 "{CE0x6a02e70|tomoyo_inet_entry:if.then}"
CE0x56cf7d0 "{CE0x56cf7d0|24:_i32*,_32:_i16,_34:_i8,_35:_i8,_36:_i8,_72:_i8,_:_SCMRE_34,35_}"
CONST[source:0(mediator),value:0(static)][purpose:{operation}][SnkIdx:4]


CONST[source:2(external),value:2(dynamic)][purpose:{subject}][SrcIdx:7]  ->  CONST[source:0(mediator),value:2(dynamic)][purpose:{object}][SnkIdx:1]
-----------
CONST[source:2(external),value:2(dynamic)][purpose:{subject}][SrcIdx:7]
CE0x65883e0 "{CE0x65883e0|COLLAPSED:_GCRE_current_task_external_global_%struct.task_struct*:_elem_0::|security/tomoyo/common.h,1205}"
CE0x4b2fbe0 "{CE0x4b2fbe0|tomoyo_domain:tmp22|security/tomoyo/common.h,1205}"
CE0x8217820 "{CE0x8217820|tomoyo_domain:tmp23|security/tomoyo/common.h,1205}"
CE0x49ca110 "{CE0x49ca110|_ret_%struct.tomoyo_domain_info*_%tmp23,_!dbg_!38929|security/tomoyo/common.h,1205}"
CE0x4c65a70 "{CE0x4c65a70|tomoyo_init_request_info:call|security/tomoyo/util.c,1005}"
CE0x49ca420 "{CE0x49ca420|tomoyo_init_request_info:domain.addr.0}"
CE0x4b4e880 "{CE0x4b4e880|tomoyo_init_request_info:profile2|security/tomoyo/util.c,1007}"
CE0x4bdae10 "{CE0x4bdae10|tomoyo_init_request_info:tmp11|security/tomoyo/util.c,1007}"
CE0x57888e0 "{CE0x57888e0|tomoyo_get_mode:profile|Function::tomoyo_get_mode&Arg::profile::}"
CE0x4b617a0 "{CE0x4b617a0|COLLAPSED:_CRE:_elem_0:default:}"
CE0x66c4550 "{CE0x66c4550|tomoyo_get_mode:tmp24|security/tomoyo/util.c,986}"
CE0x67d2aa0 "{CE0x67d2aa0|tomoyo_get_mode:mode.1}"
CE0x688f050 "{CE0x688f050|tomoyo_get_mode:conv15|security/tomoyo/util.c,987}"
CE0x69450c0 "{CE0x69450c0|tomoyo_get_mode:and|security/tomoyo/util.c,987}"
CE0x6945290 "{CE0x6945290|tomoyo_get_mode:retval.0}"
CE0x5788eb0 "{CE0x5788eb0|_ret_i32_%retval.0,_!dbg_!38935|security/tomoyo/util.c,988}"
CE0x5745e20 "{CE0x5745e20|tomoyo_init_request_info:call4|security/tomoyo/util.c,1010}"
CE0x56fae70 "{CE0x56fae70|tomoyo_init_request_info:conv|security/tomoyo/util.c,1010}"
CE0x6a13060 "{CE0x6a13060|24:_i32*,_32:_i16,_34:_i8,_35:_i8,_36:_i8,_72:_i8,_:_SCMRE_76,77_|*MultipleSource*|security/tomoyo/network.c, 469|security/tomoyo/network.c,469|Function::tomoyo_init_request_info&Arg::r::|security/tomoyo/network.c,475}"
CE0x6657c10 "{CE0x6657c10|tomoyo_init_request_info:tmp13|*LoadInst*|security/tomoyo/util.c,1011}"
CE0x6657f90 "{CE0x6657f90|tomoyo_init_request_info:conv6|security/tomoyo/util.c,1011}"
CE0x68039e0 "{CE0x68039e0|_ret_i32_%conv6,_!dbg_!38926|security/tomoyo/util.c,1011}"
CE0x6742d90 "{CE0x6742d90|tomoyo_inet_entry:call3|security/tomoyo/network.c,473}"
CE0x7519c50 "{CE0x7519c50|tomoyo_inet_entry:cmp|security/tomoyo/network.c,474}"
CE0x6a02e70 "{CE0x6a02e70|tomoyo_inet_entry:if.then}"
CE0x6934910 "{CE0x6934910|24:_i32*,_32:_i16,_34:_i8,_35:_i8,_36:_i8,_72:_i8,_:_SCMRE_27,28_}"
CONST[source:0(mediator),value:2(dynamic)][purpose:{object}][SnkIdx:1]


CONST[source:2(external),value:2(dynamic)][purpose:{subject}][SrcIdx:7]  ->  CONST[source:0(mediator),value:2(dynamic)][purpose:{object}][SnkIdx:3]
-----------
CONST[source:2(external),value:2(dynamic)][purpose:{subject}][SrcIdx:7]
CE0x65883e0 "{CE0x65883e0|COLLAPSED:_GCRE_current_task_external_global_%struct.task_struct*:_elem_0::|security/tomoyo/common.h,1205}"
CE0x4b2fbe0 "{CE0x4b2fbe0|tomoyo_domain:tmp22|security/tomoyo/common.h,1205}"
CE0x8217820 "{CE0x8217820|tomoyo_domain:tmp23|security/tomoyo/common.h,1205}"
CE0x49ca110 "{CE0x49ca110|_ret_%struct.tomoyo_domain_info*_%tmp23,_!dbg_!38929|security/tomoyo/common.h,1205}"
CE0x4c65a70 "{CE0x4c65a70|tomoyo_init_request_info:call|security/tomoyo/util.c,1005}"
CE0x49ca420 "{CE0x49ca420|tomoyo_init_request_info:domain.addr.0}"
CE0x4b4e880 "{CE0x4b4e880|tomoyo_init_request_info:profile2|security/tomoyo/util.c,1007}"
CE0x4bdae10 "{CE0x4bdae10|tomoyo_init_request_info:tmp11|security/tomoyo/util.c,1007}"
CE0x57888e0 "{CE0x57888e0|tomoyo_get_mode:profile|Function::tomoyo_get_mode&Arg::profile::}"
CE0x4b617a0 "{CE0x4b617a0|COLLAPSED:_CRE:_elem_0:default:}"
CE0x66c4550 "{CE0x66c4550|tomoyo_get_mode:tmp24|security/tomoyo/util.c,986}"
CE0x67d2aa0 "{CE0x67d2aa0|tomoyo_get_mode:mode.1}"
CE0x688f050 "{CE0x688f050|tomoyo_get_mode:conv15|security/tomoyo/util.c,987}"
CE0x69450c0 "{CE0x69450c0|tomoyo_get_mode:and|security/tomoyo/util.c,987}"
CE0x6945290 "{CE0x6945290|tomoyo_get_mode:retval.0}"
CE0x5788eb0 "{CE0x5788eb0|_ret_i32_%retval.0,_!dbg_!38935|security/tomoyo/util.c,988}"
CE0x5745e20 "{CE0x5745e20|tomoyo_init_request_info:call4|security/tomoyo/util.c,1010}"
CE0x56fae70 "{CE0x56fae70|tomoyo_init_request_info:conv|security/tomoyo/util.c,1010}"
CE0x6a13060 "{CE0x6a13060|24:_i32*,_32:_i16,_34:_i8,_35:_i8,_36:_i8,_72:_i8,_:_SCMRE_76,77_|*MultipleSource*|security/tomoyo/network.c, 469|security/tomoyo/network.c,469|Function::tomoyo_init_request_info&Arg::r::|security/tomoyo/network.c,475}"
CE0x6657c10 "{CE0x6657c10|tomoyo_init_request_info:tmp13|*LoadInst*|security/tomoyo/util.c,1011}"
CE0x6657f90 "{CE0x6657f90|tomoyo_init_request_info:conv6|security/tomoyo/util.c,1011}"
CE0x68039e0 "{CE0x68039e0|_ret_i32_%conv6,_!dbg_!38926|security/tomoyo/util.c,1011}"
CE0x6742d90 "{CE0x6742d90|tomoyo_inet_entry:call3|security/tomoyo/network.c,473}"
CE0x7519c50 "{CE0x7519c50|tomoyo_inet_entry:cmp|security/tomoyo/network.c,474}"
CE0x6a02e70 "{CE0x6a02e70|tomoyo_inet_entry:if.then}"
CE0x56cfb10 "{CE0x56cfb10|24:_i32*,_32:_i16,_34:_i8,_35:_i8,_36:_i8,_72:_i8,_:_SCMRE_36,37_}"
CONST[source:0(mediator),value:2(dynamic)][purpose:{object}][SnkIdx:3]


CONST[source:2(external),value:2(dynamic)][purpose:{subject}][SrcIdx:7]  ->  CONST[source:0(mediator),value:2(dynamic)][purpose:{object}][SnkIdx:2]
-----------
CONST[source:2(external),value:2(dynamic)][purpose:{subject}][SrcIdx:7]
CE0x65883e0 "{CE0x65883e0|COLLAPSED:_GCRE_current_task_external_global_%struct.task_struct*:_elem_0::|security/tomoyo/common.h,1205}"
CE0x4b2fbe0 "{CE0x4b2fbe0|tomoyo_domain:tmp22|security/tomoyo/common.h,1205}"
CE0x8217820 "{CE0x8217820|tomoyo_domain:tmp23|security/tomoyo/common.h,1205}"
CE0x49ca110 "{CE0x49ca110|_ret_%struct.tomoyo_domain_info*_%tmp23,_!dbg_!38929|security/tomoyo/common.h,1205}"
CE0x4c65a70 "{CE0x4c65a70|tomoyo_init_request_info:call|security/tomoyo/util.c,1005}"
CE0x49ca420 "{CE0x49ca420|tomoyo_init_request_info:domain.addr.0}"
CE0x4b4e880 "{CE0x4b4e880|tomoyo_init_request_info:profile2|security/tomoyo/util.c,1007}"
CE0x4bdae10 "{CE0x4bdae10|tomoyo_init_request_info:tmp11|security/tomoyo/util.c,1007}"
CE0x57888e0 "{CE0x57888e0|tomoyo_get_mode:profile|Function::tomoyo_get_mode&Arg::profile::}"
CE0x4b617a0 "{CE0x4b617a0|COLLAPSED:_CRE:_elem_0:default:}"
CE0x66c4550 "{CE0x66c4550|tomoyo_get_mode:tmp24|security/tomoyo/util.c,986}"
CE0x67d2aa0 "{CE0x67d2aa0|tomoyo_get_mode:mode.1}"
CE0x688f050 "{CE0x688f050|tomoyo_get_mode:conv15|security/tomoyo/util.c,987}"
CE0x69450c0 "{CE0x69450c0|tomoyo_get_mode:and|security/tomoyo/util.c,987}"
CE0x6945290 "{CE0x6945290|tomoyo_get_mode:retval.0}"
CE0x5788eb0 "{CE0x5788eb0|_ret_i32_%retval.0,_!dbg_!38935|security/tomoyo/util.c,988}"
CE0x5745e20 "{CE0x5745e20|tomoyo_init_request_info:call4|security/tomoyo/util.c,1010}"
CE0x56fae70 "{CE0x56fae70|tomoyo_init_request_info:conv|security/tomoyo/util.c,1010}"
CE0x6a13060 "{CE0x6a13060|24:_i32*,_32:_i16,_34:_i8,_35:_i8,_36:_i8,_72:_i8,_:_SCMRE_76,77_|*MultipleSource*|security/tomoyo/network.c, 469|security/tomoyo/network.c,469|Function::tomoyo_init_request_info&Arg::r::|security/tomoyo/network.c,475}"
CE0x6657c10 "{CE0x6657c10|tomoyo_init_request_info:tmp13|*LoadInst*|security/tomoyo/util.c,1011}"
CE0x6657f90 "{CE0x6657f90|tomoyo_init_request_info:conv6|security/tomoyo/util.c,1011}"
CE0x68039e0 "{CE0x68039e0|_ret_i32_%conv6,_!dbg_!38926|security/tomoyo/util.c,1011}"
CE0x6742d90 "{CE0x6742d90|tomoyo_inet_entry:call3|security/tomoyo/network.c,473}"
CE0x7519c50 "{CE0x7519c50|tomoyo_inet_entry:cmp|security/tomoyo/network.c,474}"
CE0x6a02e70 "{CE0x6a02e70|tomoyo_inet_entry:if.then}"
CE0x67ac040 "{CE0x67ac040|24:_i32*,_32:_i16,_34:_i8,_35:_i8,_36:_i8,_72:_i8,_:_SCMRE_32,33_}"
CONST[source:0(mediator),value:2(dynamic)][purpose:{object}][SnkIdx:2]


CONST[source:2(external),value:2(dynamic)][purpose:{subject}][SrcIdx:7]  ->  CONST[source:0(mediator),value:0(static)][purpose:{operation}][SnkIdx:5]
-----------
CONST[source:2(external),value:2(dynamic)][purpose:{subject}][SrcIdx:7]
CE0x65883e0 "{CE0x65883e0|COLLAPSED:_GCRE_current_task_external_global_%struct.task_struct*:_elem_0::|security/tomoyo/common.h,1205}"
CE0x4b2fbe0 "{CE0x4b2fbe0|tomoyo_domain:tmp22|security/tomoyo/common.h,1205}"
CE0x8217820 "{CE0x8217820|tomoyo_domain:tmp23|security/tomoyo/common.h,1205}"
CE0x49ca110 "{CE0x49ca110|_ret_%struct.tomoyo_domain_info*_%tmp23,_!dbg_!38929|security/tomoyo/common.h,1205}"
CE0x4c65a70 "{CE0x4c65a70|tomoyo_init_request_info:call|security/tomoyo/util.c,1005}"
CE0x49ca420 "{CE0x49ca420|tomoyo_init_request_info:domain.addr.0}"
CE0x4b4e880 "{CE0x4b4e880|tomoyo_init_request_info:profile2|security/tomoyo/util.c,1007}"
CE0x4bdae10 "{CE0x4bdae10|tomoyo_init_request_info:tmp11|security/tomoyo/util.c,1007}"
CE0x57888e0 "{CE0x57888e0|tomoyo_get_mode:profile|Function::tomoyo_get_mode&Arg::profile::}"
CE0x4b617a0 "{CE0x4b617a0|COLLAPSED:_CRE:_elem_0:default:}"
CE0x66c4550 "{CE0x66c4550|tomoyo_get_mode:tmp24|security/tomoyo/util.c,986}"
CE0x67d2aa0 "{CE0x67d2aa0|tomoyo_get_mode:mode.1}"
CE0x688f050 "{CE0x688f050|tomoyo_get_mode:conv15|security/tomoyo/util.c,987}"
CE0x69450c0 "{CE0x69450c0|tomoyo_get_mode:and|security/tomoyo/util.c,987}"
CE0x6945290 "{CE0x6945290|tomoyo_get_mode:retval.0}"
CE0x5788eb0 "{CE0x5788eb0|_ret_i32_%retval.0,_!dbg_!38935|security/tomoyo/util.c,988}"
CE0x5745e20 "{CE0x5745e20|tomoyo_init_request_info:call4|security/tomoyo/util.c,1010}"
CE0x56fae70 "{CE0x56fae70|tomoyo_init_request_info:conv|security/tomoyo/util.c,1010}"
CE0x6a13060 "{CE0x6a13060|24:_i32*,_32:_i16,_34:_i8,_35:_i8,_36:_i8,_72:_i8,_:_SCMRE_76,77_|*MultipleSource*|security/tomoyo/network.c, 469|security/tomoyo/network.c,469|Function::tomoyo_init_request_info&Arg::r::|security/tomoyo/network.c,475}"
CE0x6657c10 "{CE0x6657c10|tomoyo_init_request_info:tmp13|*LoadInst*|security/tomoyo/util.c,1011}"
CE0x6657f90 "{CE0x6657f90|tomoyo_init_request_info:conv6|security/tomoyo/util.c,1011}"
CE0x68039e0 "{CE0x68039e0|_ret_i32_%conv6,_!dbg_!38926|security/tomoyo/util.c,1011}"
CE0x6742d90 "{CE0x6742d90|tomoyo_inet_entry:call3|security/tomoyo/network.c,473}"
CE0x7519c50 "{CE0x7519c50|tomoyo_inet_entry:cmp|security/tomoyo/network.c,474}"
CE0x6a02e70 "{CE0x6a02e70|tomoyo_inet_entry:if.then}"
CE0x56cf970 "{CE0x56cf970|24:_i32*,_32:_i16,_34:_i8,_35:_i8,_36:_i8,_72:_i8,_:_SCMRE_35,36_}"
CONST[source:0(mediator),value:0(static)][purpose:{operation}][SnkIdx:5]


CONST[source:2(external),value:2(dynamic)][purpose:{subject}][SrcIdx:7]  ->  CONST[source:0(mediator),value:2(dynamic)][purpose:{subject}][SnkIdx:0]
-----------
CONST[source:2(external),value:2(dynamic)][purpose:{subject}][SrcIdx:7]
CE0x65883e0 "{CE0x65883e0|COLLAPSED:_GCRE_current_task_external_global_%struct.task_struct*:_elem_0::|security/tomoyo/common.h,1205}"
CE0x4b2fbe0 "{CE0x4b2fbe0|tomoyo_domain:tmp22|security/tomoyo/common.h,1205}"
CE0x8217820 "{CE0x8217820|tomoyo_domain:tmp23|security/tomoyo/common.h,1205}"
CE0x49ca110 "{CE0x49ca110|_ret_%struct.tomoyo_domain_info*_%tmp23,_!dbg_!38929|security/tomoyo/common.h,1205}"
CE0x4c65a70 "{CE0x4c65a70|tomoyo_init_request_info:call|security/tomoyo/util.c,1005}"
CE0x49ca420 "{CE0x49ca420|tomoyo_init_request_info:domain.addr.0}"
CE0x66eb990 "{CE0x66eb990|24:_i32*,_32:_i16,_34:_i8,_35:_i8,_36:_i8,_72:_i8,_:_SCMRE_16,24_|*MultipleSource*|security/tomoyo/network.c, 469|security/tomoyo/network.c,469|Function::tomoyo_init_request_info&Arg::r::|security/tomoyo/network.c,475}"
CONST[source:0(mediator),value:2(dynamic)][purpose:{subject}][SnkIdx:0]


CONST[source:1(input),value:2(dynamic)][purpose:{object}][SrcIdx:4]  ->  CONST[source:0(mediator),value:0(static)][purpose:{operation}][SnkIdx:4]
-----------
CONST[source:1(input),value:2(dynamic)][purpose:{object}][SrcIdx:4]
CE0x80641a0 "{CE0x80641a0|tomoyo_check_inet_address:addr_len|Function::tomoyo_check_inet_address&Arg::addr_len::|*SummSource*}"
CE0x8064130 "{CE0x8064130|tomoyo_check_inet_address:addr_len|Function::tomoyo_check_inet_address&Arg::addr_len::}"
CE0x8064400 "{CE0x8064400|tomoyo_check_inet_address:cmp|security/tomoyo/network.c,509}"
CE0x7fe6d40 "{CE0x7fe6d40|tomoyo_check_inet_address:if.end20}"
CE0x659b8a0 "{CE0x659b8a0|tomoyo_inet_entry:entry}"
CE0x6a02e70 "{CE0x6a02e70|tomoyo_inet_entry:if.then}"
CE0x56cf7d0 "{CE0x56cf7d0|24:_i32*,_32:_i16,_34:_i8,_35:_i8,_36:_i8,_72:_i8,_:_SCMRE_34,35_}"
CONST[source:0(mediator),value:0(static)][purpose:{operation}][SnkIdx:4]


CONST[source:1(input),value:2(dynamic)][purpose:{object}][SrcIdx:4]  ->  CONST[source:0(mediator),value:2(dynamic)][purpose:{object}][SnkIdx:1]
-----------
CONST[source:1(input),value:2(dynamic)][purpose:{object}][SrcIdx:4]
CE0x80641a0 "{CE0x80641a0|tomoyo_check_inet_address:addr_len|Function::tomoyo_check_inet_address&Arg::addr_len::|*SummSource*}"
CE0x8064130 "{CE0x8064130|tomoyo_check_inet_address:addr_len|Function::tomoyo_check_inet_address&Arg::addr_len::}"
CE0x8064400 "{CE0x8064400|tomoyo_check_inet_address:cmp|security/tomoyo/network.c,509}"
CE0x7fe6d40 "{CE0x7fe6d40|tomoyo_check_inet_address:if.end20}"
CE0x659b8a0 "{CE0x659b8a0|tomoyo_inet_entry:entry}"
CE0x6a02e70 "{CE0x6a02e70|tomoyo_inet_entry:if.then}"
CE0x6934910 "{CE0x6934910|24:_i32*,_32:_i16,_34:_i8,_35:_i8,_36:_i8,_72:_i8,_:_SCMRE_27,28_}"
CONST[source:0(mediator),value:2(dynamic)][purpose:{object}][SnkIdx:1]


CONST[source:1(input),value:2(dynamic)][purpose:{object}][SrcIdx:4]  ->  CONST[source:0(mediator),value:2(dynamic)][purpose:{object}][SnkIdx:3]
-----------
CONST[source:1(input),value:2(dynamic)][purpose:{object}][SrcIdx:4]
CE0x80641a0 "{CE0x80641a0|tomoyo_check_inet_address:addr_len|Function::tomoyo_check_inet_address&Arg::addr_len::|*SummSource*}"
CE0x8064130 "{CE0x8064130|tomoyo_check_inet_address:addr_len|Function::tomoyo_check_inet_address&Arg::addr_len::}"
CE0x8064400 "{CE0x8064400|tomoyo_check_inet_address:cmp|security/tomoyo/network.c,509}"
CE0x7fe6d40 "{CE0x7fe6d40|tomoyo_check_inet_address:if.end20}"
CE0x659b8a0 "{CE0x659b8a0|tomoyo_inet_entry:entry}"
CE0x6a02e70 "{CE0x6a02e70|tomoyo_inet_entry:if.then}"
CE0x56cfb10 "{CE0x56cfb10|24:_i32*,_32:_i16,_34:_i8,_35:_i8,_36:_i8,_72:_i8,_:_SCMRE_36,37_}"
CONST[source:0(mediator),value:2(dynamic)][purpose:{object}][SnkIdx:3]


CONST[source:1(input),value:2(dynamic)][purpose:{object}][SrcIdx:4]  ->  CONST[source:0(mediator),value:2(dynamic)][purpose:{object}][SnkIdx:2]
-----------
CONST[source:1(input),value:2(dynamic)][purpose:{object}][SrcIdx:4]
CE0x80641a0 "{CE0x80641a0|tomoyo_check_inet_address:addr_len|Function::tomoyo_check_inet_address&Arg::addr_len::|*SummSource*}"
CE0x8064130 "{CE0x8064130|tomoyo_check_inet_address:addr_len|Function::tomoyo_check_inet_address&Arg::addr_len::}"
CE0x8064400 "{CE0x8064400|tomoyo_check_inet_address:cmp|security/tomoyo/network.c,509}"
CE0x7fe6d40 "{CE0x7fe6d40|tomoyo_check_inet_address:if.end20}"
CE0x659b8a0 "{CE0x659b8a0|tomoyo_inet_entry:entry}"
CE0x6a02e70 "{CE0x6a02e70|tomoyo_inet_entry:if.then}"
CE0x67ac040 "{CE0x67ac040|24:_i32*,_32:_i16,_34:_i8,_35:_i8,_36:_i8,_72:_i8,_:_SCMRE_32,33_}"
CONST[source:0(mediator),value:2(dynamic)][purpose:{object}][SnkIdx:2]


CONST[source:1(input),value:2(dynamic)][purpose:{object}][SrcIdx:4]  ->  CONST[source:0(mediator),value:0(static)][purpose:{operation}][SnkIdx:5]
-----------
CONST[source:1(input),value:2(dynamic)][purpose:{object}][SrcIdx:4]
CE0x80641a0 "{CE0x80641a0|tomoyo_check_inet_address:addr_len|Function::tomoyo_check_inet_address&Arg::addr_len::|*SummSource*}"
CE0x8064130 "{CE0x8064130|tomoyo_check_inet_address:addr_len|Function::tomoyo_check_inet_address&Arg::addr_len::}"
CE0x8064400 "{CE0x8064400|tomoyo_check_inet_address:cmp|security/tomoyo/network.c,509}"
CE0x7fe6d40 "{CE0x7fe6d40|tomoyo_check_inet_address:if.end20}"
CE0x659b8a0 "{CE0x659b8a0|tomoyo_inet_entry:entry}"
CE0x6a02e70 "{CE0x6a02e70|tomoyo_inet_entry:if.then}"
CE0x56cf970 "{CE0x56cf970|24:_i32*,_32:_i16,_34:_i8,_35:_i8,_36:_i8,_72:_i8,_:_SCMRE_35,36_}"
CONST[source:0(mediator),value:0(static)][purpose:{operation}][SnkIdx:5]


CONST[source:1(input),value:2(dynamic)][purpose:{object}][SrcIdx:4]  ->  CONST[source:0(mediator),value:2(dynamic)][purpose:{subject}][SnkIdx:0]
-----------
CONST[source:1(input),value:2(dynamic)][purpose:{object}][SrcIdx:4]
CE0x80641a0 "{CE0x80641a0|tomoyo_check_inet_address:addr_len|Function::tomoyo_check_inet_address&Arg::addr_len::|*SummSource*}"
CE0x8064130 "{CE0x8064130|tomoyo_check_inet_address:addr_len|Function::tomoyo_check_inet_address&Arg::addr_len::}"
CE0x8064400 "{CE0x8064400|tomoyo_check_inet_address:cmp|security/tomoyo/network.c,509}"
CE0x7fe6d40 "{CE0x7fe6d40|tomoyo_check_inet_address:if.end20}"
CE0x659b8a0 "{CE0x659b8a0|tomoyo_inet_entry:entry}"
CE0x693baf0 "{CE0x693baf0|tomoyo_inet_entry:land.lhs.true}"
CE0x4ad9f70 "{CE0x4ad9f70|tomoyo_init_request_info:entry}"
CE0x49bf3d0 "{CE0x49bf3d0|tomoyo_init_request_info:if.end}"
CE0x66eb990 "{CE0x66eb990|24:_i32*,_32:_i16,_34:_i8,_35:_i8,_36:_i8,_72:_i8,_:_SCMRE_16,24_|*MultipleSource*|security/tomoyo/network.c, 469|security/tomoyo/network.c,469|Function::tomoyo_init_request_info&Arg::r::|security/tomoyo/network.c,475}"
CONST[source:0(mediator),value:2(dynamic)][purpose:{subject}][SnkIdx:0]


CONST[source:0(mediator),value:2(dynamic)][purpose:{operation}][SrcIdx:5]  ->  CONST[source:0(mediator),value:0(static)][purpose:{operation}][SnkIdx:4]
-----------
CONST[source:0(mediator),value:2(dynamic)][purpose:{operation}][SrcIdx:5]
CE0x8048f70 "{CE0x8048f70|0:_i8,_1:_i8,_8:_i16,_16:_i32*,_24:_i8,_:_CMR_0,1_|*MultipleSource*|Function::tomoyo_check_inet_address&Arg::address::|security/tomoyo/network.c,505}"
CE0x6a2dad0 "{CE0x6a2dad0|tomoyo_inet_entry:tmp16|*LoadInst*|security/tomoyo/network.c,476}"
CE0x56cf7d0 "{CE0x56cf7d0|24:_i32*,_32:_i16,_34:_i8,_35:_i8,_36:_i8,_72:_i8,_:_SCMRE_34,35_}"
CONST[source:0(mediator),value:0(static)][purpose:{operation}][SnkIdx:4]


CONST[source:0(mediator),value:2(dynamic)][purpose:{operation}][SrcIdx:5]  ->  CONST[source:0(mediator),value:2(dynamic)][purpose:{object}][SnkIdx:1]
-----------
CONST[source:0(mediator),value:2(dynamic)][purpose:{operation}][SrcIdx:5]
CE0x8048f70 "{CE0x8048f70|0:_i8,_1:_i8,_8:_i16,_16:_i32*,_24:_i8,_:_CMR_0,1_|*MultipleSource*|Function::tomoyo_check_inet_address&Arg::address::|security/tomoyo/network.c,505}"
CE0x7f69f80 "{CE0x7f69f80|tomoyo_inet_entry:tmp4|*LoadInst*|security/tomoyo/network.c,471}"
CE0x4cd1cf0 "{CE0x4cd1cf0|tomoyo_inet_entry:idxprom1|security/tomoyo/network.c,471}"
CE0x575a890 "{CE0x575a890|tomoyo_inet_entry:arrayidx|security/tomoyo/network.c,471}"
CE0x6832c80 "{CE0x6832c80|tomoyo_inet_entry:arrayidx2|security/tomoyo/network.c,471}"
CE0x64cb270 "{CE0x64cb270|tomoyo_inet_entry:tmp5|security/tomoyo/network.c,471}"
CE0x750df60 "{CE0x750df60|tomoyo_inet_entry:conv|security/tomoyo/network.c,473}"
CE0x4cab3d0 "{CE0x4cab3d0|tomoyo_inet_entry:tobool|security/tomoyo/network.c,473}"
CE0x6a02e70 "{CE0x6a02e70|tomoyo_inet_entry:if.then}"
CE0x6934910 "{CE0x6934910|24:_i32*,_32:_i16,_34:_i8,_35:_i8,_36:_i8,_72:_i8,_:_SCMRE_27,28_}"
CONST[source:0(mediator),value:2(dynamic)][purpose:{object}][SnkIdx:1]


CONST[source:0(mediator),value:2(dynamic)][purpose:{operation}][SrcIdx:5]  ->  CONST[source:0(mediator),value:2(dynamic)][purpose:{object}][SnkIdx:3]
-----------
CONST[source:0(mediator),value:2(dynamic)][purpose:{operation}][SrcIdx:5]
CE0x8048f70 "{CE0x8048f70|0:_i8,_1:_i8,_8:_i16,_16:_i32*,_24:_i8,_:_CMR_0,1_|*MultipleSource*|Function::tomoyo_check_inet_address&Arg::address::|security/tomoyo/network.c,505}"
CE0x7f69f80 "{CE0x7f69f80|tomoyo_inet_entry:tmp4|*LoadInst*|security/tomoyo/network.c,471}"
CE0x4cd1cf0 "{CE0x4cd1cf0|tomoyo_inet_entry:idxprom1|security/tomoyo/network.c,471}"
CE0x575a890 "{CE0x575a890|tomoyo_inet_entry:arrayidx|security/tomoyo/network.c,471}"
CE0x6832c80 "{CE0x6832c80|tomoyo_inet_entry:arrayidx2|security/tomoyo/network.c,471}"
CE0x64cb270 "{CE0x64cb270|tomoyo_inet_entry:tmp5|security/tomoyo/network.c,471}"
CE0x750df60 "{CE0x750df60|tomoyo_inet_entry:conv|security/tomoyo/network.c,473}"
CE0x4cab3d0 "{CE0x4cab3d0|tomoyo_inet_entry:tobool|security/tomoyo/network.c,473}"
CE0x6a02e70 "{CE0x6a02e70|tomoyo_inet_entry:if.then}"
CE0x56cfb10 "{CE0x56cfb10|24:_i32*,_32:_i16,_34:_i8,_35:_i8,_36:_i8,_72:_i8,_:_SCMRE_36,37_}"
CONST[source:0(mediator),value:2(dynamic)][purpose:{object}][SnkIdx:3]


CONST[source:0(mediator),value:2(dynamic)][purpose:{operation}][SrcIdx:5]  ->  CONST[source:0(mediator),value:2(dynamic)][purpose:{object}][SnkIdx:2]
-----------
CONST[source:0(mediator),value:2(dynamic)][purpose:{operation}][SrcIdx:5]
CE0x8048f70 "{CE0x8048f70|0:_i8,_1:_i8,_8:_i16,_16:_i32*,_24:_i8,_:_CMR_0,1_|*MultipleSource*|Function::tomoyo_check_inet_address&Arg::address::|security/tomoyo/network.c,505}"
CE0x7f69f80 "{CE0x7f69f80|tomoyo_inet_entry:tmp4|*LoadInst*|security/tomoyo/network.c,471}"
CE0x4cd1cf0 "{CE0x4cd1cf0|tomoyo_inet_entry:idxprom1|security/tomoyo/network.c,471}"
CE0x575a890 "{CE0x575a890|tomoyo_inet_entry:arrayidx|security/tomoyo/network.c,471}"
CE0x6832c80 "{CE0x6832c80|tomoyo_inet_entry:arrayidx2|security/tomoyo/network.c,471}"
CE0x64cb270 "{CE0x64cb270|tomoyo_inet_entry:tmp5|security/tomoyo/network.c,471}"
CE0x750df60 "{CE0x750df60|tomoyo_inet_entry:conv|security/tomoyo/network.c,473}"
CE0x4cab3d0 "{CE0x4cab3d0|tomoyo_inet_entry:tobool|security/tomoyo/network.c,473}"
CE0x6a02e70 "{CE0x6a02e70|tomoyo_inet_entry:if.then}"
CE0x67ac040 "{CE0x67ac040|24:_i32*,_32:_i16,_34:_i8,_35:_i8,_36:_i8,_72:_i8,_:_SCMRE_32,33_}"
CONST[source:0(mediator),value:2(dynamic)][purpose:{object}][SnkIdx:2]


CONST[source:0(mediator),value:2(dynamic)][purpose:{operation}][SrcIdx:5]  ->  CONST[source:0(mediator),value:0(static)][purpose:{operation}][SnkIdx:5]
-----------
CONST[source:0(mediator),value:2(dynamic)][purpose:{operation}][SrcIdx:5]
CE0x8048f70 "{CE0x8048f70|0:_i8,_1:_i8,_8:_i16,_16:_i32*,_24:_i8,_:_CMR_0,1_|*MultipleSource*|Function::tomoyo_check_inet_address&Arg::address::|security/tomoyo/network.c,505}"
CE0x7f69f80 "{CE0x7f69f80|tomoyo_inet_entry:tmp4|*LoadInst*|security/tomoyo/network.c,471}"
CE0x4cd1cf0 "{CE0x4cd1cf0|tomoyo_inet_entry:idxprom1|security/tomoyo/network.c,471}"
CE0x575a890 "{CE0x575a890|tomoyo_inet_entry:arrayidx|security/tomoyo/network.c,471}"
CE0x6832c80 "{CE0x6832c80|tomoyo_inet_entry:arrayidx2|security/tomoyo/network.c,471}"
CE0x64cb270 "{CE0x64cb270|tomoyo_inet_entry:tmp5|security/tomoyo/network.c,471}"
CE0x750df60 "{CE0x750df60|tomoyo_inet_entry:conv|security/tomoyo/network.c,473}"
CE0x4cab3d0 "{CE0x4cab3d0|tomoyo_inet_entry:tobool|security/tomoyo/network.c,473}"
CE0x6a02e70 "{CE0x6a02e70|tomoyo_inet_entry:if.then}"
CE0x56cf970 "{CE0x56cf970|24:_i32*,_32:_i16,_34:_i8,_35:_i8,_36:_i8,_72:_i8,_:_SCMRE_35,36_}"
CONST[source:0(mediator),value:0(static)][purpose:{operation}][SnkIdx:5]


CONST[source:0(mediator),value:2(dynamic)][purpose:{operation}][SrcIdx:5]  ->  CONST[source:0(mediator),value:2(dynamic)][purpose:{subject}][SnkIdx:0]
-----------
CONST[source:0(mediator),value:2(dynamic)][purpose:{operation}][SrcIdx:5]
CE0x8048f70 "{CE0x8048f70|0:_i8,_1:_i8,_8:_i16,_16:_i32*,_24:_i8,_:_CMR_0,1_|*MultipleSource*|Function::tomoyo_check_inet_address&Arg::address::|security/tomoyo/network.c,505}"
CE0x7f69f80 "{CE0x7f69f80|tomoyo_inet_entry:tmp4|*LoadInst*|security/tomoyo/network.c,471}"
CE0x4cd1cf0 "{CE0x4cd1cf0|tomoyo_inet_entry:idxprom1|security/tomoyo/network.c,471}"
CE0x575a890 "{CE0x575a890|tomoyo_inet_entry:arrayidx|security/tomoyo/network.c,471}"
CE0x6832c80 "{CE0x6832c80|tomoyo_inet_entry:arrayidx2|security/tomoyo/network.c,471}"
CE0x64cb270 "{CE0x64cb270|tomoyo_inet_entry:tmp5|security/tomoyo/network.c,471}"
CE0x750df60 "{CE0x750df60|tomoyo_inet_entry:conv|security/tomoyo/network.c,473}"
CE0x4cab3d0 "{CE0x4cab3d0|tomoyo_inet_entry:tobool|security/tomoyo/network.c,473}"
CE0x693baf0 "{CE0x693baf0|tomoyo_inet_entry:land.lhs.true}"
CE0x4ad9f70 "{CE0x4ad9f70|tomoyo_init_request_info:entry}"
CE0x49bf3d0 "{CE0x49bf3d0|tomoyo_init_request_info:if.end}"
CE0x66eb990 "{CE0x66eb990|24:_i32*,_32:_i16,_34:_i8,_35:_i8,_36:_i8,_72:_i8,_:_SCMRE_16,24_|*MultipleSource*|security/tomoyo/network.c, 469|security/tomoyo/network.c,469|Function::tomoyo_init_request_info&Arg::r::|security/tomoyo/network.c,475}"
CONST[source:0(mediator),value:2(dynamic)][purpose:{subject}][SnkIdx:0]


CONST[source:1(input),value:2(dynamic)][purpose:{object}][SrcIdx:3]  ->  CONST[source:0(mediator),value:0(static)][purpose:{operation}][SnkIdx:4]
-----------
CONST[source:1(input),value:2(dynamic)][purpose:{object}][SrcIdx:3]
CE0x8079040 "{CE0x8079040|COLLAPSED:_CRE:_elem_0::|security/tomoyo/network.c,507}"
CE0x80790b0 "{CE0x80790b0|tomoyo_check_inet_address:tmp2|*LoadInst*|security/tomoyo/network.c,507}"
CE0x563ed20 "{CE0x563ed20|tomoyo_check_inet_address:conv|security/tomoyo/network.c,507}"
CE0x7fe6d40 "{CE0x7fe6d40|tomoyo_check_inet_address:if.end20}"
CE0x659b8a0 "{CE0x659b8a0|tomoyo_inet_entry:entry}"
CE0x6a02e70 "{CE0x6a02e70|tomoyo_inet_entry:if.then}"
CE0x56cf7d0 "{CE0x56cf7d0|24:_i32*,_32:_i16,_34:_i8,_35:_i8,_36:_i8,_72:_i8,_:_SCMRE_34,35_}"
CONST[source:0(mediator),value:0(static)][purpose:{operation}][SnkIdx:4]


CONST[source:1(input),value:2(dynamic)][purpose:{object}][SrcIdx:3]  ->  CONST[source:0(mediator),value:2(dynamic)][purpose:{object}][SnkIdx:1]
-----------
CONST[source:1(input),value:2(dynamic)][purpose:{object}][SrcIdx:3]
CE0x8079040 "{CE0x8079040|COLLAPSED:_CRE:_elem_0::|security/tomoyo/network.c,507}"
CE0x80790b0 "{CE0x80790b0|tomoyo_check_inet_address:tmp2|*LoadInst*|security/tomoyo/network.c,507}"
CE0x563ed20 "{CE0x563ed20|tomoyo_check_inet_address:conv|security/tomoyo/network.c,507}"
CE0x64ce980 "{CE0x64ce980|tomoyo_check_inet_address:if.end}"
CE0x58d1fd0 "{CE0x58d1fd0|0:_i8,_1:_i8,_8:_i16,_16:_i32*,_24:_i8,_:_CMR_16,24_|*MultipleSource*|Function::tomoyo_check_inet_address&Arg::address::|security/tomoyo/network.c,505}"
CE0x6af48f0 "{CE0x6af48f0|tomoyo_inet_entry:tmp19|security/tomoyo/network.c,479}"
CE0x6934910 "{CE0x6934910|24:_i32*,_32:_i16,_34:_i8,_35:_i8,_36:_i8,_72:_i8,_:_SCMRE_27,28_}"
CONST[source:0(mediator),value:2(dynamic)][purpose:{object}][SnkIdx:1]


CONST[source:1(input),value:2(dynamic)][purpose:{object}][SrcIdx:3]  ->  CONST[source:0(mediator),value:2(dynamic)][purpose:{object}][SnkIdx:3]
-----------
CONST[source:1(input),value:2(dynamic)][purpose:{object}][SrcIdx:3]
CE0x8079040 "{CE0x8079040|COLLAPSED:_CRE:_elem_0::|security/tomoyo/network.c,507}"
CE0x80790b0 "{CE0x80790b0|tomoyo_check_inet_address:tmp2|*LoadInst*|security/tomoyo/network.c,507}"
CE0x563ed20 "{CE0x563ed20|tomoyo_check_inet_address:conv|security/tomoyo/network.c,507}"
CE0x7fe6d40 "{CE0x7fe6d40|tomoyo_check_inet_address:if.end20}"
CE0x659b8a0 "{CE0x659b8a0|tomoyo_inet_entry:entry}"
CE0x6a02e70 "{CE0x6a02e70|tomoyo_inet_entry:if.then}"
CE0x56cfb10 "{CE0x56cfb10|24:_i32*,_32:_i16,_34:_i8,_35:_i8,_36:_i8,_72:_i8,_:_SCMRE_36,37_}"
CONST[source:0(mediator),value:2(dynamic)][purpose:{object}][SnkIdx:3]


CONST[source:1(input),value:2(dynamic)][purpose:{object}][SrcIdx:3]  ->  CONST[source:0(mediator),value:2(dynamic)][purpose:{object}][SnkIdx:2]
-----------
CONST[source:1(input),value:2(dynamic)][purpose:{object}][SrcIdx:3]
CE0x8079040 "{CE0x8079040|COLLAPSED:_CRE:_elem_0::|security/tomoyo/network.c,507}"
CE0x80790b0 "{CE0x80790b0|tomoyo_check_inet_address:tmp2|*LoadInst*|security/tomoyo/network.c,507}"
CE0x563ed20 "{CE0x563ed20|tomoyo_check_inet_address:conv|security/tomoyo/network.c,507}"
CE0x7fe6d40 "{CE0x7fe6d40|tomoyo_check_inet_address:if.end20}"
CE0x659b8a0 "{CE0x659b8a0|tomoyo_inet_entry:entry}"
CE0x6a02e70 "{CE0x6a02e70|tomoyo_inet_entry:if.then}"
CE0x67ac040 "{CE0x67ac040|24:_i32*,_32:_i16,_34:_i8,_35:_i8,_36:_i8,_72:_i8,_:_SCMRE_32,33_}"
CONST[source:0(mediator),value:2(dynamic)][purpose:{object}][SnkIdx:2]


CONST[source:1(input),value:2(dynamic)][purpose:{object}][SrcIdx:3]  ->  CONST[source:0(mediator),value:0(static)][purpose:{operation}][SnkIdx:5]
-----------
CONST[source:1(input),value:2(dynamic)][purpose:{object}][SrcIdx:3]
CE0x8079040 "{CE0x8079040|COLLAPSED:_CRE:_elem_0::|security/tomoyo/network.c,507}"
CE0x80790b0 "{CE0x80790b0|tomoyo_check_inet_address:tmp2|*LoadInst*|security/tomoyo/network.c,507}"
CE0x563ed20 "{CE0x563ed20|tomoyo_check_inet_address:conv|security/tomoyo/network.c,507}"
CE0x7fe6d40 "{CE0x7fe6d40|tomoyo_check_inet_address:if.end20}"
CE0x659b8a0 "{CE0x659b8a0|tomoyo_inet_entry:entry}"
CE0x6a02e70 "{CE0x6a02e70|tomoyo_inet_entry:if.then}"
CE0x56cf970 "{CE0x56cf970|24:_i32*,_32:_i16,_34:_i8,_35:_i8,_36:_i8,_72:_i8,_:_SCMRE_35,36_}"
CONST[source:0(mediator),value:0(static)][purpose:{operation}][SnkIdx:5]


CONST[source:1(input),value:2(dynamic)][purpose:{object}][SrcIdx:3]  ->  CONST[source:0(mediator),value:2(dynamic)][purpose:{subject}][SnkIdx:0]
-----------
CONST[source:1(input),value:2(dynamic)][purpose:{object}][SrcIdx:3]
CE0x8079040 "{CE0x8079040|COLLAPSED:_CRE:_elem_0::|security/tomoyo/network.c,507}"
CE0x80790b0 "{CE0x80790b0|tomoyo_check_inet_address:tmp2|*LoadInst*|security/tomoyo/network.c,507}"
CE0x563ed20 "{CE0x563ed20|tomoyo_check_inet_address:conv|security/tomoyo/network.c,507}"
CE0x7fe6d40 "{CE0x7fe6d40|tomoyo_check_inet_address:if.end20}"
CE0x659b8a0 "{CE0x659b8a0|tomoyo_inet_entry:entry}"
CE0x693baf0 "{CE0x693baf0|tomoyo_inet_entry:land.lhs.true}"
CE0x4ad9f70 "{CE0x4ad9f70|tomoyo_init_request_info:entry}"
CE0x49bf3d0 "{CE0x49bf3d0|tomoyo_init_request_info:if.end}"
CE0x66eb990 "{CE0x66eb990|24:_i32*,_32:_i16,_34:_i8,_35:_i8,_36:_i8,_72:_i8,_:_SCMRE_16,24_|*MultipleSource*|security/tomoyo/network.c, 469|security/tomoyo/network.c,469|Function::tomoyo_init_request_info&Arg::r::|security/tomoyo/network.c,475}"
CONST[source:0(mediator),value:2(dynamic)][purpose:{subject}][SnkIdx:0]


CONST[source:1(input),value:2(dynamic)][purpose:{operation}][SrcIdx:6]  ->  CONST[source:0(mediator),value:0(static)][purpose:{operation}][SnkIdx:4]
-----------
CONST[source:1(input),value:2(dynamic)][purpose:{operation}][SrcIdx:6]
CE0x8140030 "{CE0x8140030|0:_i8,_1:_i8,_8:_i16,_16:_i32*,_24:_i8,_:_CMR_1,2_|*MultipleSource*|Function::tomoyo_check_inet_address&Arg::address::|security/tomoyo/network.c,505}"
CE0x59b2260 "{CE0x59b2260|tomoyo_inet_entry:tmp3|*LoadInst*|security/tomoyo/network.c,471}"
CE0x56dba00 "{CE0x56dba00|tomoyo_inet_entry:idxprom|security/tomoyo/network.c,471}"
CE0x6832c80 "{CE0x6832c80|tomoyo_inet_entry:arrayidx2|security/tomoyo/network.c,471}"
CE0x64cb270 "{CE0x64cb270|tomoyo_inet_entry:tmp5|security/tomoyo/network.c,471}"
CE0x750df60 "{CE0x750df60|tomoyo_inet_entry:conv|security/tomoyo/network.c,473}"
CE0x4cab3d0 "{CE0x4cab3d0|tomoyo_inet_entry:tobool|security/tomoyo/network.c,473}"
CE0x6a02e70 "{CE0x6a02e70|tomoyo_inet_entry:if.then}"
CE0x56cf7d0 "{CE0x56cf7d0|24:_i32*,_32:_i16,_34:_i8,_35:_i8,_36:_i8,_72:_i8,_:_SCMRE_34,35_}"
CONST[source:0(mediator),value:0(static)][purpose:{operation}][SnkIdx:4]


CONST[source:1(input),value:2(dynamic)][purpose:{operation}][SrcIdx:6]  ->  CONST[source:0(mediator),value:2(dynamic)][purpose:{object}][SnkIdx:1]
-----------
CONST[source:1(input),value:2(dynamic)][purpose:{operation}][SrcIdx:6]
CE0x8140030 "{CE0x8140030|0:_i8,_1:_i8,_8:_i16,_16:_i32*,_24:_i8,_:_CMR_1,2_|*MultipleSource*|Function::tomoyo_check_inet_address&Arg::address::|security/tomoyo/network.c,505}"
CE0x59b2260 "{CE0x59b2260|tomoyo_inet_entry:tmp3|*LoadInst*|security/tomoyo/network.c,471}"
CE0x56dba00 "{CE0x56dba00|tomoyo_inet_entry:idxprom|security/tomoyo/network.c,471}"
CE0x6832c80 "{CE0x6832c80|tomoyo_inet_entry:arrayidx2|security/tomoyo/network.c,471}"
CE0x64cb270 "{CE0x64cb270|tomoyo_inet_entry:tmp5|security/tomoyo/network.c,471}"
CE0x750df60 "{CE0x750df60|tomoyo_inet_entry:conv|security/tomoyo/network.c,473}"
CE0x4cab3d0 "{CE0x4cab3d0|tomoyo_inet_entry:tobool|security/tomoyo/network.c,473}"
CE0x6a02e70 "{CE0x6a02e70|tomoyo_inet_entry:if.then}"
CE0x6934910 "{CE0x6934910|24:_i32*,_32:_i16,_34:_i8,_35:_i8,_36:_i8,_72:_i8,_:_SCMRE_27,28_}"
CONST[source:0(mediator),value:2(dynamic)][purpose:{object}][SnkIdx:1]


CONST[source:1(input),value:2(dynamic)][purpose:{operation}][SrcIdx:6]  ->  CONST[source:0(mediator),value:2(dynamic)][purpose:{object}][SnkIdx:3]
-----------
CONST[source:1(input),value:2(dynamic)][purpose:{operation}][SrcIdx:6]
CE0x8140030 "{CE0x8140030|0:_i8,_1:_i8,_8:_i16,_16:_i32*,_24:_i8,_:_CMR_1,2_|*MultipleSource*|Function::tomoyo_check_inet_address&Arg::address::|security/tomoyo/network.c,505}"
CE0x59b2260 "{CE0x59b2260|tomoyo_inet_entry:tmp3|*LoadInst*|security/tomoyo/network.c,471}"
CE0x56dba00 "{CE0x56dba00|tomoyo_inet_entry:idxprom|security/tomoyo/network.c,471}"
CE0x6832c80 "{CE0x6832c80|tomoyo_inet_entry:arrayidx2|security/tomoyo/network.c,471}"
CE0x64cb270 "{CE0x64cb270|tomoyo_inet_entry:tmp5|security/tomoyo/network.c,471}"
CE0x750df60 "{CE0x750df60|tomoyo_inet_entry:conv|security/tomoyo/network.c,473}"
CE0x4cab3d0 "{CE0x4cab3d0|tomoyo_inet_entry:tobool|security/tomoyo/network.c,473}"
CE0x6a02e70 "{CE0x6a02e70|tomoyo_inet_entry:if.then}"
CE0x56cfb10 "{CE0x56cfb10|24:_i32*,_32:_i16,_34:_i8,_35:_i8,_36:_i8,_72:_i8,_:_SCMRE_36,37_}"
CONST[source:0(mediator),value:2(dynamic)][purpose:{object}][SnkIdx:3]


CONST[source:1(input),value:2(dynamic)][purpose:{operation}][SrcIdx:6]  ->  CONST[source:0(mediator),value:2(dynamic)][purpose:{object}][SnkIdx:2]
-----------
CONST[source:1(input),value:2(dynamic)][purpose:{operation}][SrcIdx:6]
CE0x8140030 "{CE0x8140030|0:_i8,_1:_i8,_8:_i16,_16:_i32*,_24:_i8,_:_CMR_1,2_|*MultipleSource*|Function::tomoyo_check_inet_address&Arg::address::|security/tomoyo/network.c,505}"
CE0x59b2260 "{CE0x59b2260|tomoyo_inet_entry:tmp3|*LoadInst*|security/tomoyo/network.c,471}"
CE0x56dba00 "{CE0x56dba00|tomoyo_inet_entry:idxprom|security/tomoyo/network.c,471}"
CE0x6832c80 "{CE0x6832c80|tomoyo_inet_entry:arrayidx2|security/tomoyo/network.c,471}"
CE0x64cb270 "{CE0x64cb270|tomoyo_inet_entry:tmp5|security/tomoyo/network.c,471}"
CE0x750df60 "{CE0x750df60|tomoyo_inet_entry:conv|security/tomoyo/network.c,473}"
CE0x4cab3d0 "{CE0x4cab3d0|tomoyo_inet_entry:tobool|security/tomoyo/network.c,473}"
CE0x6a02e70 "{CE0x6a02e70|tomoyo_inet_entry:if.then}"
CE0x67ac040 "{CE0x67ac040|24:_i32*,_32:_i16,_34:_i8,_35:_i8,_36:_i8,_72:_i8,_:_SCMRE_32,33_}"
CONST[source:0(mediator),value:2(dynamic)][purpose:{object}][SnkIdx:2]


CONST[source:1(input),value:2(dynamic)][purpose:{operation}][SrcIdx:6]  ->  CONST[source:0(mediator),value:0(static)][purpose:{operation}][SnkIdx:5]
-----------
CONST[source:1(input),value:2(dynamic)][purpose:{operation}][SrcIdx:6]
CE0x8140030 "{CE0x8140030|0:_i8,_1:_i8,_8:_i16,_16:_i32*,_24:_i8,_:_CMR_1,2_|*MultipleSource*|Function::tomoyo_check_inet_address&Arg::address::|security/tomoyo/network.c,505}"
CE0x6a4bc20 "{CE0x6a4bc20|tomoyo_inet_entry:tmp17|*LoadInst*|security/tomoyo/network.c,477}"
CE0x56cf970 "{CE0x56cf970|24:_i32*,_32:_i16,_34:_i8,_35:_i8,_36:_i8,_72:_i8,_:_SCMRE_35,36_}"
CONST[source:0(mediator),value:0(static)][purpose:{operation}][SnkIdx:5]


CONST[source:1(input),value:2(dynamic)][purpose:{operation}][SrcIdx:6]  ->  CONST[source:0(mediator),value:2(dynamic)][purpose:{subject}][SnkIdx:0]
-----------
CONST[source:1(input),value:2(dynamic)][purpose:{operation}][SrcIdx:6]
CE0x8140030 "{CE0x8140030|0:_i8,_1:_i8,_8:_i16,_16:_i32*,_24:_i8,_:_CMR_1,2_|*MultipleSource*|Function::tomoyo_check_inet_address&Arg::address::|security/tomoyo/network.c,505}"
CE0x59b2260 "{CE0x59b2260|tomoyo_inet_entry:tmp3|*LoadInst*|security/tomoyo/network.c,471}"
CE0x56dba00 "{CE0x56dba00|tomoyo_inet_entry:idxprom|security/tomoyo/network.c,471}"
CE0x6832c80 "{CE0x6832c80|tomoyo_inet_entry:arrayidx2|security/tomoyo/network.c,471}"
CE0x64cb270 "{CE0x64cb270|tomoyo_inet_entry:tmp5|security/tomoyo/network.c,471}"
CE0x750df60 "{CE0x750df60|tomoyo_inet_entry:conv|security/tomoyo/network.c,473}"
CE0x4cab3d0 "{CE0x4cab3d0|tomoyo_inet_entry:tobool|security/tomoyo/network.c,473}"
CE0x693baf0 "{CE0x693baf0|tomoyo_inet_entry:land.lhs.true}"
CE0x4ad9f70 "{CE0x4ad9f70|tomoyo_init_request_info:entry}"
CE0x49bf3d0 "{CE0x49bf3d0|tomoyo_init_request_info:if.end}"
CE0x66eb990 "{CE0x66eb990|24:_i32*,_32:_i16,_34:_i8,_35:_i8,_36:_i8,_72:_i8,_:_SCMRE_16,24_|*MultipleSource*|security/tomoyo/network.c, 469|security/tomoyo/network.c,469|Function::tomoyo_init_request_info&Arg::r::|security/tomoyo/network.c,475}"
CONST[source:0(mediator),value:2(dynamic)][purpose:{subject}][SnkIdx:0]


CONST[source:1(input),value:2(dynamic)][purpose:{object}][SrcIdx:1]  ->  CONST[source:0(mediator),value:2(dynamic)][purpose:{object}][SnkIdx:1]
-----------
CONST[source:1(input),value:2(dynamic)][purpose:{object}][SrcIdx:1]
CE0x58d1fd0 "{CE0x58d1fd0|0:_i8,_1:_i8,_8:_i16,_16:_i32*,_24:_i8,_:_CMR_16,24_|*MultipleSource*|Function::tomoyo_check_inet_address&Arg::address::|security/tomoyo/network.c,505}"
CE0x6af48f0 "{CE0x6af48f0|tomoyo_inet_entry:tmp19|security/tomoyo/network.c,479}"
CE0x66dd3c0 "{CE0x66dd3c0|24:_i32*,_32:_i16,_34:_i8,_35:_i8,_36:_i8,_72:_i8,_:_SCMRE_25,26_}"
CONST[source:0(mediator),value:2(dynamic)][purpose:{object}][SnkIdx:1]


CONST[source:1(input),value:2(dynamic)][purpose:{object}][SrcIdx:1]  ->  CONST[source:0(mediator),value:2(dynamic)][purpose:{object}][SnkIdx:3]
-----------
CONST[source:1(input),value:2(dynamic)][purpose:{object}][SrcIdx:1]
CE0x58f5e60 "{CE0x58f5e60|0:_i8,_1:_i8,_8:_i16,_16:_i32*,_24:_i8,_:_CMR_24,25_|*MultipleSource*|Function::tomoyo_check_inet_address&Arg::address::|security/tomoyo/network.c,505}"
CE0x6a3bc00 "{CE0x6a3bc00|tomoyo_inet_entry:tmp18|security/tomoyo/network.c,478}"
CE0x6a603e0 "{CE0x6a603e0|tomoyo_inet_entry:tobool11|security/tomoyo/network.c,478}"
CE0x6a2d8c0 "{CE0x6a2d8c0|tomoyo_inet_entry:frombool|security/tomoyo/network.c,478}"
CE0x56cfb10 "{CE0x56cfb10|24:_i32*,_32:_i16,_34:_i8,_35:_i8,_36:_i8,_72:_i8,_:_SCMRE_36,37_}"
CONST[source:0(mediator),value:2(dynamic)][purpose:{object}][SnkIdx:3]


CONST[source:1(input),value:2(dynamic)][purpose:{object}][SrcIdx:1]  ->  CONST[source:0(mediator),value:2(dynamic)][purpose:{object}][SnkIdx:2]
-----------
CONST[source:1(input),value:2(dynamic)][purpose:{object}][SrcIdx:1]
CE0x8140160 "{CE0x8140160|0:_i8,_1:_i8,_8:_i16,_16:_i32*,_24:_i8,_:_CMR_8,10_|*MultipleSource*|Function::tomoyo_check_inet_address&Arg::address::|security/tomoyo/network.c,505}"
CE0x6ac0730 "{CE0x6ac0730|tomoyo_inet_entry:tmp20|security/tomoyo/network.c,480}"
CE0x6b1ba50 "{CE0x6b1ba50|__fswab16:val|Function::__fswab16&Arg::val::}"
CE0x5688180 "{CE0x5688180|__fswab16:conv1|include/uapi/linux/swab.h,53}"
CE0x6974790 "{CE0x6974790|__fswab16:and2|include/uapi/linux/swab.h,53}"
CE0x69748c0 "{CE0x69748c0|__fswab16:shr|include/uapi/linux/swab.h,53}"
CE0x6934530 "{CE0x6934530|__fswab16:or|include/uapi/linux/swab.h,53}"
CE0x69344c0 "{CE0x69344c0|__fswab16:conv3|include/uapi/linux/swab.h,53}"
CE0x6b1bb60 "{CE0x6b1bb60|_ret_i16_%conv3,_!dbg_!38911|include/uapi/linux/swab.h,53}"
CE0x6b0a490 "{CE0x6b0a490|tomoyo_inet_entry:call21|security/tomoyo/network.c,480}"
CE0x6b1bf00 "{CE0x6b1bf00|tomoyo_inet_entry:conv22|security/tomoyo/network.c,480}"
CE0x59e2b20 "{CE0x59e2b20|tomoyo_inet_entry:conv23|security/tomoyo/network.c,480}"
CE0x67ac040 "{CE0x67ac040|24:_i32*,_32:_i16,_34:_i8,_35:_i8,_36:_i8,_72:_i8,_:_SCMRE_32,33_}"
CONST[source:0(mediator),value:2(dynamic)][purpose:{object}][SnkIdx:2]


