[selinux_inode_getattr]

explicit:
CONST[source:1(input),value:2(dynamic)][purpose:{object}]  ->  CONST[source:0(mediator),value:2(dynamic)][purpose:{object}]
-----------
CONST[source:1(input),value:2(dynamic)][purpose:{object}]
CE0x3fceec0 "{CE0x3fceec0|12:_i32,_56:_i8*,_:_CRE_56,64_|*MultipleSource*|security/selinux/hooks.c,1642|Function::inode_has_perm&Arg::inode::|security/selinux/hooks.c,1611}"
CE0x400afb0 "{CE0x400afb0|inode_has_perm:_tmp15|*LoadInst*|security/selinux/hooks.c,1615}"
CE0x402d780 "{CE0x402d780|inode_has_perm:_tmp16|security/selinux/hooks.c,1615}"
CE0x400b3a0 "{CE0x400b3a0|inode_has_perm:_sid3|security/selinux/hooks.c,1617}"
CE0x400e140 "{CE0x400e140|inode_has_perm:_tmp17|security/selinux/hooks.c,1617}"
CE0x400e540 "{CE0x400e540|inode_has_perm:_tmp17|security/selinux/hooks.c,1617|*SummSink*}"
CONST[source:0(mediator),value:2(dynamic)][purpose:{object}]


CONST[source:2(external),value:2(dynamic)][purpose:{subject}]  ->  CONST[source:0(mediator),value:2(dynamic)][purpose:{subject}]
-----------
CONST[source:2(external),value:2(dynamic)][purpose:{subject}]
CE0x3f934c0 "{CE0x3f934c0|COLLAPSED:_GCMRE_current_task_external_global_%struct.task_struct*:_elem_0::|security/selinux/hooks.c,2904}"
CE0x3f935f0 "{CE0x3f935f0|selinux_inode_getattr:_tmp21|security/selinux/hooks.c,2904}"
CE0x3f96a40 "{CE0x3f96a40|path_has_perm:_cred|Function::path_has_perm&Arg::cred::}"
CE0x3fbfa60 "{CE0x3fbfa60|inode_has_perm:_cred|Function::inode_has_perm&Arg::cred::}"
CE0x4009e50 "{CE0x4009e50|cred_sid:_cred|Function::cred_sid&Arg::cred::}"
CE0x3fdbca0 "{CE0x3fdbca0|cred_sid:_security|security/selinux/hooks.c,196}"
CE0x403b450 "{CE0x403b450|cred_sid:_tmp4|*LoadInst*|security/selinux/hooks.c,196}"
CE0x403b870 "{CE0x403b870|cred_sid:_tmp5|security/selinux/hooks.c,196}"
CE0x403c060 "{CE0x403c060|cred_sid:_sid|security/selinux/hooks.c,197}"
CE0x403d150 "{CE0x403d150|cred_sid:_tmp6|security/selinux/hooks.c,197}"
CE0x400a120 "{CE0x400a120|_ret_i32_%tmp6,_!dbg_!27716|security/selinux/hooks.c,197}"
CE0x3fe6560 "{CE0x3fe6560|inode_has_perm:_call|security/selinux/hooks.c,1614}"
CE0x3fe6800 "{CE0x3fe6800|inode_has_perm:_call|security/selinux/hooks.c,1614|*SummSink*}"
CONST[source:0(mediator),value:2(dynamic)][purpose:{subject}]



implicit:
CONST[source:2(external),value:2(dynamic)][purpose:{subject}]  ->  CONST[source:0(mediator),value:2(dynamic)][purpose:{subject}]
-----------
CONST[source:2(external),value:2(dynamic)][purpose:{subject}]
CE0x3f934c0 "{CE0x3f934c0|COLLAPSED:_GCMRE_current_task_external_global_%struct.task_struct*:_elem_0::|security/selinux/hooks.c,2904}"
CE0x3f935f0 "{CE0x3f935f0|selinux_inode_getattr:_tmp21|security/selinux/hooks.c,2904}"
CE0x3f96a40 "{CE0x3f96a40|path_has_perm:_cred|Function::path_has_perm&Arg::cred::}"
CE0x3fbfa60 "{CE0x3fbfa60|inode_has_perm:_cred|Function::inode_has_perm&Arg::cred::}"
CE0x4009e50 "{CE0x4009e50|cred_sid:_cred|Function::cred_sid&Arg::cred::}"
CE0x3fdbca0 "{CE0x3fdbca0|cred_sid:_security|security/selinux/hooks.c,196}"
CE0x403b450 "{CE0x403b450|cred_sid:_tmp4|*LoadInst*|security/selinux/hooks.c,196}"
CE0x403b870 "{CE0x403b870|cred_sid:_tmp5|security/selinux/hooks.c,196}"
CE0x403c060 "{CE0x403c060|cred_sid:_sid|security/selinux/hooks.c,197}"
CE0x403d150 "{CE0x403d150|cred_sid:_tmp6|security/selinux/hooks.c,197}"
CE0x400a120 "{CE0x400a120|_ret_i32_%tmp6,_!dbg_!27716|security/selinux/hooks.c,197}"
CE0x3fe6560 "{CE0x3fe6560|inode_has_perm:_call|security/selinux/hooks.c,1614}"
CE0x3fe6800 "{CE0x3fe6800|inode_has_perm:_call|security/selinux/hooks.c,1614|*SummSink*}"
CONST[source:0(mediator),value:2(dynamic)][purpose:{subject}]


CONST[source:1(input),value:2(dynamic)][purpose:{object}]  ->  CONST[source:0(mediator),value:2(dynamic)][purpose:{subject}]
-----------
CONST[source:1(input),value:2(dynamic)][purpose:{object}]
CE0x3f9f400 "{CE0x3f9f400|12:_i32,_56:_i8*,_:_CRE_12,16_|*MultipleSource*|security/selinux/hooks.c,1642|Function::inode_has_perm&Arg::inode::|security/selinux/hooks.c,1611}"
CE0x4005870 "{CE0x4005870|inode_has_perm:_tmp6|*LoadInst*|security/selinux/hooks.c,1611}"
CE0x4012bf0 "{CE0x4012bf0|inode_has_perm:_and|security/selinux/hooks.c,1611}"
CE0x40130e0 "{CE0x40130e0|inode_has_perm:_tobool|security/selinux/hooks.c,1611}"
CE0x40134a0 "{CE0x40134a0|inode_has_perm:_lnot|security/selinux/hooks.c,1611}"
CE0x4013ab0 "{CE0x4013ab0|inode_has_perm:_lnot1|security/selinux/hooks.c,1611}"
CE0x4014140 "{CE0x4014140|inode_has_perm:_lnot.ext|security/selinux/hooks.c,1611}"
CE0x4014010 "{CE0x4014010|inode_has_perm:_conv|security/selinux/hooks.c,1611}"
CE0x4014f40 "{CE0x4014f40|inode_has_perm:_expval|security/selinux/hooks.c,1611}"
CE0x40154e0 "{CE0x40154e0|inode_has_perm:_tobool2|security/selinux/hooks.c,1611}"
CE0x3f84830 "{CE0x3f84830|inode_has_perm:_if.end}"
CE0x3fe6560 "{CE0x3fe6560|inode_has_perm:_call|security/selinux/hooks.c,1614}"
CE0x3fe6800 "{CE0x3fe6800|inode_has_perm:_call|security/selinux/hooks.c,1614|*SummSink*}"
CONST[source:0(mediator),value:2(dynamic)][purpose:{subject}]


CONST[source:1(input),value:2(dynamic)][purpose:{object}]  ->  CONST[source:0(mediator),value:2(dynamic)][purpose:{object}]
-----------
CONST[source:1(input),value:2(dynamic)][purpose:{object}]
CE0x3fceec0 "{CE0x3fceec0|12:_i32,_56:_i8*,_:_CRE_56,64_|*MultipleSource*|security/selinux/hooks.c,1642|Function::inode_has_perm&Arg::inode::|security/selinux/hooks.c,1611}"
CE0x400afb0 "{CE0x400afb0|inode_has_perm:_tmp15|*LoadInst*|security/selinux/hooks.c,1615}"
CE0x402d780 "{CE0x402d780|inode_has_perm:_tmp16|security/selinux/hooks.c,1615}"
CE0x400b3a0 "{CE0x400b3a0|inode_has_perm:_sid3|security/selinux/hooks.c,1617}"
CE0x400e140 "{CE0x400e140|inode_has_perm:_tmp17|security/selinux/hooks.c,1617}"
CE0x400e540 "{CE0x400e540|inode_has_perm:_tmp17|security/selinux/hooks.c,1617|*SummSink*}"
CONST[source:0(mediator),value:2(dynamic)][purpose:{object}]


