[apparmor_capable]

explicit:
CONST[source:1(input),value:2(dynamic)][purpose:{subject}][SrcIdx:0]  ->  CONST[source:0(mediator),value:2(dynamic)][purpose:{subject}]
-----------
CONST[source:1(input),value:2(dynamic)][purpose:{subject}][SrcIdx:0]
CE0x4abb700 "{CE0x4abb700|0:_%struct.aa_profile*,_:_CRE_0,8_|*MultipleSource*|security/apparmor/include/context.h,99|*LoadInst*|security/apparmor/include/context.h,99|security/apparmor/include/context.h,100}"
CE0x4af3fe0 "{CE0x4af3fe0|aa_cred_profile:tmp34|security/apparmor/include/context.h,101}"
CE0x4a84b70 "{CE0x4a84b70|_ret_%struct.aa_profile*_%tmp34,_!dbg_!15510|security/apparmor/include/context.h,101}"
CE0x4aa2040 "{CE0x4aa2040|apparmor_capable:call1|security/apparmor/lsm.c,146}"
CE0x4a89dd0 "{CE0x4a89dd0|apparmor_capable:call1|security/apparmor/lsm.c,146|*SummSink*}"
CONST[source:0(mediator),value:2(dynamic)][purpose:{subject}]



implicit:
CONST[source:1(input),value:2(dynamic)][purpose:{subject}][SrcIdx:0]  ->  CONST[source:0(mediator),value:2(dynamic)][purpose:{subject}]
-----------
CONST[source:1(input),value:2(dynamic)][purpose:{subject}][SrcIdx:0]
CE0x4abb700 "{CE0x4abb700|0:_%struct.aa_profile*,_:_CRE_0,8_|*MultipleSource*|security/apparmor/include/context.h,99|*LoadInst*|security/apparmor/include/context.h,99|security/apparmor/include/context.h,100}"
CE0x4af3fe0 "{CE0x4af3fe0|aa_cred_profile:tmp34|security/apparmor/include/context.h,101}"
CE0x4a84b70 "{CE0x4a84b70|_ret_%struct.aa_profile*_%tmp34,_!dbg_!15510|security/apparmor/include/context.h,101}"
CE0x4aa2040 "{CE0x4aa2040|apparmor_capable:call1|security/apparmor/lsm.c,146}"
CE0x4a89dd0 "{CE0x4a89dd0|apparmor_capable:call1|security/apparmor/lsm.c,146|*SummSink*}"
CONST[source:0(mediator),value:2(dynamic)][purpose:{subject}]


