[tomoyo_socket_listen]

explicit:
CONST[source:1(input),value:2(dynamic)][purpose:{operation}][SrcIdx:5]  ->  CONST[source:0(mediator),value:0(static)][purpose:{operation}]
-----------
CONST[source:1(input),value:2(dynamic)][purpose:{operation}][SrcIdx:5]
CE0x6ec9fe0 "{CE0x6ec9fe0|0:_i8,_1:_i8,_32:_i8*,_40:_i32,_:_CMR_1,2_|*MultipleSource*|Function::tomoyo_check_unix_address&Arg::address::|security/tomoyo/network.c,594}"
CE0x45d1780 "{CE0x45d1780|tomoyo_unix_entry:tmp38|*LoadInst*|security/tomoyo/network.c,567}"
CE0x46b3410 "{CE0x46b3410|24:_%struct.tomoyo_path_info*,_32:_i8,_33:_i8,_72:_i8,_:_SCMRE_33,34_}"
CONST[source:0(mediator),value:0(static)][purpose:{operation}]


CONST[source:0(mediator),value:1(k-static)][purpose:{operation}][SrcIdx:4]  ->  CONST[source:0(mediator),value:0(static)][purpose:{operation}]
-----------
CONST[source:0(mediator),value:1(k-static)][purpose:{operation}][SrcIdx:4]
CE0x6e077a0 "{CE0x6e077a0|0:_i8,_1:_i8,_32:_i8*,_40:_i32,_:_CMR_0,1_|*MultipleSource*|Function::tomoyo_check_unix_address&Arg::address::|security/tomoyo/network.c,594}"
CE0x45d1af0 "{CE0x45d1af0|tomoyo_unix_entry:tmp37|*LoadInst*|security/tomoyo/network.c,566}"
CE0x46b3270 "{CE0x46b3270|24:_%struct.tomoyo_path_info*,_32:_i8,_33:_i8,_72:_i8,_:_SCMRE_32,33_}"
CONST[source:0(mediator),value:0(static)][purpose:{operation}]


CONST[source:2(external),value:2(dynamic)][purpose:{subject}][SrcIdx:6]  ->  CONST[source:0(mediator),value:2(dynamic)][purpose:{subject}]
-----------
CONST[source:2(external),value:2(dynamic)][purpose:{subject}][SrcIdx:6]
CE0x6e33630 "{CE0x6e33630|COLLAPSED:_GCRE_current_task_external_global_%struct.task_struct*:_elem_0::|security/tomoyo/common.h,1205}"
CE0x6f8e6c0 "{CE0x6f8e6c0|tomoyo_domain:tmp22|security/tomoyo/common.h,1205}"
CE0x6ef2800 "{CE0x6ef2800|tomoyo_domain:tmp23|security/tomoyo/common.h,1205}"
CE0x5410a00 "{CE0x5410a00|_ret_%struct.tomoyo_domain_info*_%tmp23,_!dbg_!38929|security/tomoyo/common.h,1205}"
CE0x5469310 "{CE0x5469310|tomoyo_init_request_info:call|security/tomoyo/util.c,1005}"
CE0x704e5a0 "{CE0x704e5a0|tomoyo_init_request_info:domain.addr.0}"
CE0x470c020 "{CE0x470c020|24:_%struct.tomoyo_path_info*,_32:_i8,_33:_i8,_72:_i8,_:_SCMRE_16,24_|*MultipleSource*|security/tomoyo/network.c,544|security/tomoyo/network.c, 544|Function::tomoyo_init_request_info&Arg::r::|security/tomoyo/network.c,565}"
CONST[source:0(mediator),value:2(dynamic)][purpose:{subject}]



implicit:
CONST[source:1(input),value:2(dynamic)][purpose:{object}][SrcIdx:3]  ->  CONST[source:0(mediator),value:2(dynamic)][purpose:{subject}]
-----------
CONST[source:1(input),value:2(dynamic)][purpose:{object}][SrcIdx:3]
CE0x6f6b170 "{CE0x6f6b170|0:_i64*,_array:_GI___llvm_gcda_edge_table14_internal_unnamed_addr_constant_3_x_i64*_i64*_getelementptr_inbounds_(_30_x_i64_,_30_x_i64_*___llvm_gcov_ctr13,_i64_0,_i64_9),_i64*_getelementptr_inbounds_(_30_x_i64_,_30_x_i64_*___llvm_gcov_ctr13,_i64_0,_i64_11),_i64*_getelementptr_inbounds_(_30_x_i64_,_30_x_i64_*___llvm_gcov_ctr13,_i64_0,_i64_12)_0,2_|*MultipleSource*|Function::tomoyo_check_unix_address&Arg::addr::|security/tomoyo/network.c,596}"
CE0x6e07c90 "{CE0x6e07c90|tomoyo_check_unix_address:tmp2|*LoadInst*|security/tomoyo/network.c,596}"
CE0x389ba20 "{CE0x389ba20|tomoyo_check_unix_address:conv|security/tomoyo/network.c,596}"
CE0x6ec5f70 "{CE0x6ec5f70|tomoyo_check_unix_address:cmp|security/tomoyo/network.c,596}"
CE0x6deda60 "{CE0x6deda60|tomoyo_check_unix_address:if.end}"
CE0x6de55d0 "{CE0x6de55d0|tomoyo_unix_entry:entry}"
CE0x3a46d70 "{CE0x3a46d70|tomoyo_unix_entry:land.lhs.true}"
CE0x705b4b0 "{CE0x705b4b0|tomoyo_init_request_info:entry}"
CE0x498d5a0 "{CE0x498d5a0|tomoyo_init_request_info:if.end}"
CE0x470c020 "{CE0x470c020|24:_%struct.tomoyo_path_info*,_32:_i8,_33:_i8,_72:_i8,_:_SCMRE_16,24_|*MultipleSource*|security/tomoyo/network.c,544|security/tomoyo/network.c, 544|Function::tomoyo_init_request_info&Arg::r::|security/tomoyo/network.c,565}"
CONST[source:0(mediator),value:2(dynamic)][purpose:{subject}]


CONST[source:1(input),value:2(dynamic)][purpose:{object}][SrcIdx:3]  ->  CONST[source:0(mediator),value:0(static)][purpose:{operation}]
-----------
CONST[source:1(input),value:2(dynamic)][purpose:{object}][SrcIdx:3]
CE0x6f6b170 "{CE0x6f6b170|0:_i64*,_array:_GI___llvm_gcda_edge_table14_internal_unnamed_addr_constant_3_x_i64*_i64*_getelementptr_inbounds_(_30_x_i64_,_30_x_i64_*___llvm_gcov_ctr13,_i64_0,_i64_9),_i64*_getelementptr_inbounds_(_30_x_i64_,_30_x_i64_*___llvm_gcov_ctr13,_i64_0,_i64_11),_i64*_getelementptr_inbounds_(_30_x_i64_,_30_x_i64_*___llvm_gcov_ctr13,_i64_0,_i64_12)_0,2_|*MultipleSource*|Function::tomoyo_check_unix_address&Arg::addr::|security/tomoyo/network.c,596}"
CE0x6e07c90 "{CE0x6e07c90|tomoyo_check_unix_address:tmp2|*LoadInst*|security/tomoyo/network.c,596}"
CE0x389ba20 "{CE0x389ba20|tomoyo_check_unix_address:conv|security/tomoyo/network.c,596}"
CE0x6ec5f70 "{CE0x6ec5f70|tomoyo_check_unix_address:cmp|security/tomoyo/network.c,596}"
CE0x6deda60 "{CE0x6deda60|tomoyo_check_unix_address:if.end}"
CE0x6de55d0 "{CE0x6de55d0|tomoyo_unix_entry:entry}"
CE0x47b6040 "{CE0x47b6040|tomoyo_unix_entry:if.then20}"
CE0x46b3410 "{CE0x46b3410|24:_%struct.tomoyo_path_info*,_32:_i8,_33:_i8,_72:_i8,_:_SCMRE_33,34_}"
CONST[source:0(mediator),value:0(static)][purpose:{operation}]


CONST[source:1(input),value:2(dynamic)][purpose:{object}][SrcIdx:3]  ->  CONST[source:0(mediator),value:2(dynamic)][purpose:{object}]
-----------
CONST[source:1(input),value:2(dynamic)][purpose:{object}][SrcIdx:3]
CE0x6f6b170 "{CE0x6f6b170|0:_i64*,_array:_GI___llvm_gcda_edge_table14_internal_unnamed_addr_constant_3_x_i64*_i64*_getelementptr_inbounds_(_30_x_i64_,_30_x_i64_*___llvm_gcov_ctr13,_i64_0,_i64_9),_i64*_getelementptr_inbounds_(_30_x_i64_,_30_x_i64_*___llvm_gcov_ctr13,_i64_0,_i64_11),_i64*_getelementptr_inbounds_(_30_x_i64_,_30_x_i64_*___llvm_gcov_ctr13,_i64_0,_i64_12)_0,2_|*MultipleSource*|Function::tomoyo_check_unix_address&Arg::addr::|security/tomoyo/network.c,596}"
CE0x6e07c90 "{CE0x6e07c90|tomoyo_check_unix_address:tmp2|*LoadInst*|security/tomoyo/network.c,596}"
CE0x389ba20 "{CE0x389ba20|tomoyo_check_unix_address:conv|security/tomoyo/network.c,596}"
CE0x6ec5f70 "{CE0x6ec5f70|tomoyo_check_unix_address:cmp|security/tomoyo/network.c,596}"
CE0x6deda60 "{CE0x6deda60|tomoyo_check_unix_address:if.end}"
CE0x6de55d0 "{CE0x6de55d0|tomoyo_unix_entry:entry}"
CE0x47b6040 "{CE0x47b6040|tomoyo_unix_entry:if.then20}"
CE0x457a900 "{CE0x457a900|24:_%struct.tomoyo_path_info*,_32:_i8,_33:_i8,_72:_i8,_:_SCMRE_26,27_}"
CONST[source:0(mediator),value:2(dynamic)][purpose:{object}]


CONST[source:1(input),value:2(dynamic)][purpose:{operation}][SrcIdx:5]  ->  CONST[source:0(mediator),value:0(static)][purpose:{operation}]
-----------
CONST[source:1(input),value:2(dynamic)][purpose:{operation}][SrcIdx:5]
CE0x6ec9fe0 "{CE0x6ec9fe0|0:_i8,_1:_i8,_32:_i8*,_40:_i32,_:_CMR_1,2_|*MultipleSource*|Function::tomoyo_check_unix_address&Arg::address::|security/tomoyo/network.c,594}"
CE0x45d1780 "{CE0x45d1780|tomoyo_unix_entry:tmp38|*LoadInst*|security/tomoyo/network.c,567}"
CE0x46b3410 "{CE0x46b3410|24:_%struct.tomoyo_path_info*,_32:_i8,_33:_i8,_72:_i8,_:_SCMRE_33,34_}"
CONST[source:0(mediator),value:0(static)][purpose:{operation}]


CONST[source:2(external),value:2(dynamic)][purpose:{subject}][SrcIdx:6]  ->  CONST[source:0(mediator),value:2(dynamic)][purpose:{subject}]
-----------
CONST[source:2(external),value:2(dynamic)][purpose:{subject}][SrcIdx:6]
CE0x6e33630 "{CE0x6e33630|COLLAPSED:_GCRE_current_task_external_global_%struct.task_struct*:_elem_0::|security/tomoyo/common.h,1205}"
CE0x6f8e6c0 "{CE0x6f8e6c0|tomoyo_domain:tmp22|security/tomoyo/common.h,1205}"
CE0x6ef2800 "{CE0x6ef2800|tomoyo_domain:tmp23|security/tomoyo/common.h,1205}"
CE0x5410a00 "{CE0x5410a00|_ret_%struct.tomoyo_domain_info*_%tmp23,_!dbg_!38929|security/tomoyo/common.h,1205}"
CE0x5469310 "{CE0x5469310|tomoyo_init_request_info:call|security/tomoyo/util.c,1005}"
CE0x704e5a0 "{CE0x704e5a0|tomoyo_init_request_info:domain.addr.0}"
CE0x470c020 "{CE0x470c020|24:_%struct.tomoyo_path_info*,_32:_i8,_33:_i8,_72:_i8,_:_SCMRE_16,24_|*MultipleSource*|security/tomoyo/network.c,544|security/tomoyo/network.c, 544|Function::tomoyo_init_request_info&Arg::r::|security/tomoyo/network.c,565}"
CONST[source:0(mediator),value:2(dynamic)][purpose:{subject}]


CONST[source:0(mediator),value:1(k-static)][purpose:{operation}][SrcIdx:4]  ->  CONST[source:0(mediator),value:0(static)][purpose:{operation}]
-----------
CONST[source:0(mediator),value:1(k-static)][purpose:{operation}][SrcIdx:4]
CE0x6e077a0 "{CE0x6e077a0|0:_i8,_1:_i8,_32:_i8*,_40:_i32,_:_CMR_0,1_|*MultipleSource*|Function::tomoyo_check_unix_address&Arg::address::|security/tomoyo/network.c,594}"
CE0x45d1af0 "{CE0x45d1af0|tomoyo_unix_entry:tmp37|*LoadInst*|security/tomoyo/network.c,566}"
CE0x46b3270 "{CE0x46b3270|24:_%struct.tomoyo_path_info*,_32:_i8,_33:_i8,_72:_i8,_:_SCMRE_32,33_}"
CONST[source:0(mediator),value:0(static)][purpose:{operation}]


