[tomoyo_file_fcntl]

explicit:
CONST[source:1(input),value:2(dynamic)][purpose:{object}][SrcIdx:21]  ->  CONST[source:0(mediator),value:2(dynamic)][purpose:{object}][SnkIdx:2]
-----------
CONST[source:1(input),value:2(dynamic)][purpose:{object}][SrcIdx:21]
CE0x5883750 "{CE0x5883750|VOIDTB_TE:_IE:_elem_0:default:}"
CONST[source:0(mediator),value:2(dynamic)][purpose:{object}][SnkIdx:2]


CONST[source:1(input),value:2(dynamic)][purpose:{object}][SrcIdx:21]  ->  CONST[source:0(mediator),value:2(dynamic)][purpose:{subject}][SnkIdx:0]
-----------
CONST[source:1(input),value:2(dynamic)][purpose:{object}][SrcIdx:21]
CE0x5840ae0 "{CE0x5840ae0|56:_i32_(%struct.socket.518*,_%struct.sockaddr*,_i32*,_i32)*,_:_IRE:_elem_0:default:}"
CONST[source:0(mediator),value:2(dynamic)][purpose:{subject}][SnkIdx:0]


CONST[source:1(input),value:2(dynamic)][purpose:{object}][SrcIdx:21]  ->  CONST[source:0(mediator),value:0(static)][purpose:{operation}][SnkIdx:3]
-----------
CONST[source:1(input),value:2(dynamic)][purpose:{object}][SrcIdx:21]
CE0x5883750 "{CE0x5883750|VOIDTB_TE:_IE:_elem_0:default:}"
CONST[source:0(mediator),value:0(static)][purpose:{operation}][SnkIdx:3]


CONST[source:1(input),value:2(dynamic)][purpose:{object}][SrcIdx:21]  ->  CONST[source:0(mediator),value:2(dynamic)][purpose:{object}][SnkIdx:1]
-----------
CONST[source:1(input),value:2(dynamic)][purpose:{object}][SrcIdx:21]
CE0x5840ae0 "{CE0x5840ae0|56:_i32_(%struct.socket.518*,_%struct.sockaddr*,_i32*,_i32)*,_:_IRE:_elem_0:default:}"
CONST[source:0(mediator),value:2(dynamic)][purpose:{object}][SnkIdx:1]


CONST[source:1(input),value:2(dynamic)][purpose:{object}][SrcIdx:17]  ->  CONST[source:0(mediator),value:2(dynamic)][purpose:{object}][SnkIdx:2]
-----------
CONST[source:1(input),value:2(dynamic)][purpose:{object}][SrcIdx:17]
CE0x5883750 "{CE0x5883750|VOIDTB_TE:_IE:_elem_0:default:}"
CONST[source:0(mediator),value:2(dynamic)][purpose:{object}][SnkIdx:2]


CONST[source:1(input),value:2(dynamic)][purpose:{object}][SrcIdx:17]  ->  CONST[source:0(mediator),value:2(dynamic)][purpose:{subject}][SnkIdx:0]
-----------
CONST[source:1(input),value:2(dynamic)][purpose:{object}][SrcIdx:17]
CE0x5840ae0 "{CE0x5840ae0|56:_i32_(%struct.socket.518*,_%struct.sockaddr*,_i32*,_i32)*,_:_IRE:_elem_0:default:}"
CONST[source:0(mediator),value:2(dynamic)][purpose:{subject}][SnkIdx:0]


CONST[source:1(input),value:2(dynamic)][purpose:{object}][SrcIdx:17]  ->  CONST[source:0(mediator),value:0(static)][purpose:{operation}][SnkIdx:3]
-----------
CONST[source:1(input),value:2(dynamic)][purpose:{object}][SrcIdx:17]
CE0x5883750 "{CE0x5883750|VOIDTB_TE:_IE:_elem_0:default:}"
CONST[source:0(mediator),value:0(static)][purpose:{operation}][SnkIdx:3]


CONST[source:1(input),value:2(dynamic)][purpose:{object}][SrcIdx:17]  ->  CONST[source:0(mediator),value:2(dynamic)][purpose:{object}][SnkIdx:1]
-----------
CONST[source:1(input),value:2(dynamic)][purpose:{object}][SrcIdx:17]
CE0x5840ae0 "{CE0x5840ae0|56:_i32_(%struct.socket.518*,_%struct.sockaddr*,_i32*,_i32)*,_:_IRE:_elem_0:default:}"
CONST[source:0(mediator),value:2(dynamic)][purpose:{object}][SnkIdx:1]


CONST[source:2(external),value:2(dynamic)][purpose:{subject}][SrcIdx:22]  ->  CONST[source:0(mediator),value:2(dynamic)][purpose:{object}][SnkIdx:2]
-----------
CONST[source:2(external),value:2(dynamic)][purpose:{subject}][SrcIdx:22]
CE0x585cf50 "{CE0x585cf50|128:_i8*,_1208:_%struct.file*,_:_CMRE:_elem_0:default:}"
CE0x5885af0 "{CE0x5885af0|40:_%struct.tomoyo_policy_namespace*,_48:_i8,_:_GCRE_tomoyo_kernel_domain_external_global_%struct.tomoyo_domain_info:_elem_0:default:}"
CE0x5883750 "{CE0x5883750|VOIDTB_TE:_IE:_elem_0:default:}"
CONST[source:0(mediator),value:2(dynamic)][purpose:{object}][SnkIdx:2]


CONST[source:2(external),value:2(dynamic)][purpose:{subject}][SrcIdx:22]  ->  CONST[source:0(mediator),value:2(dynamic)][purpose:{subject}][SnkIdx:0]
-----------
CONST[source:2(external),value:2(dynamic)][purpose:{subject}][SrcIdx:22]
CE0x585cf50 "{CE0x585cf50|128:_i8*,_1208:_%struct.file*,_:_CMRE:_elem_0:default:}"
CE0x5885af0 "{CE0x5885af0|40:_%struct.tomoyo_policy_namespace*,_48:_i8,_:_GCRE_tomoyo_kernel_domain_external_global_%struct.tomoyo_domain_info:_elem_0:default:}"
CE0x5840ae0 "{CE0x5840ae0|56:_i32_(%struct.socket.518*,_%struct.sockaddr*,_i32*,_i32)*,_:_IRE:_elem_0:default:}"
CONST[source:0(mediator),value:2(dynamic)][purpose:{subject}][SnkIdx:0]


CONST[source:2(external),value:2(dynamic)][purpose:{subject}][SrcIdx:22]  ->  CONST[source:0(mediator),value:0(static)][purpose:{operation}][SnkIdx:3]
-----------
CONST[source:2(external),value:2(dynamic)][purpose:{subject}][SrcIdx:22]
CE0x585cf50 "{CE0x585cf50|128:_i8*,_1208:_%struct.file*,_:_CMRE:_elem_0:default:}"
CE0x5885af0 "{CE0x5885af0|40:_%struct.tomoyo_policy_namespace*,_48:_i8,_:_GCRE_tomoyo_kernel_domain_external_global_%struct.tomoyo_domain_info:_elem_0:default:}"
CE0x5883750 "{CE0x5883750|VOIDTB_TE:_IE:_elem_0:default:}"
CONST[source:0(mediator),value:0(static)][purpose:{operation}][SnkIdx:3]


CONST[source:2(external),value:2(dynamic)][purpose:{subject}][SrcIdx:22]  ->  CONST[source:0(mediator),value:2(dynamic)][purpose:{object}][SnkIdx:1]
-----------
CONST[source:2(external),value:2(dynamic)][purpose:{subject}][SrcIdx:22]
CE0x585cf50 "{CE0x585cf50|128:_i8*,_1208:_%struct.file*,_:_CMRE:_elem_0:default:}"
CE0x5885af0 "{CE0x5885af0|40:_%struct.tomoyo_policy_namespace*,_48:_i8,_:_GCRE_tomoyo_kernel_domain_external_global_%struct.tomoyo_domain_info:_elem_0:default:}"
CE0x5840ae0 "{CE0x5840ae0|56:_i32_(%struct.socket.518*,_%struct.sockaddr*,_i32*,_i32)*,_:_IRE:_elem_0:default:}"
CONST[source:0(mediator),value:2(dynamic)][purpose:{object}][SnkIdx:1]


CONST[source:1(input),value:2(dynamic)][purpose:{operation}][SrcIdx:20]  ->  CONST[source:0(mediator),value:2(dynamic)][purpose:{object}][SnkIdx:2]
-----------
CONST[source:1(input),value:2(dynamic)][purpose:{operation}][SrcIdx:20]
CE0x583ca00 "{CE0x583ca00|arg}"
CE0x584ed10 "{CE0x584ed10|arg}"
CE0x58462b0 "{CE0x58462b0|and1}"
CE0x583de10 "{CE0x583de10|or}"
CE0x58530f0 "{CE0x58530f0|conv2}"
CE0x5853c00 "{CE0x5853c00|flag}"
CE0x5896ca0 "{CE0x5896ca0|and18}"
CE0x5896d80 "{CE0x5896d80|tobool19}"
CE0x5896f60 "{CE0x5896f60|cond}"
CE0x5897170 "{CE0x5897170|conv20}"
CE0x5893200 "{CE0x5893200|operation}"
CE0x5840ae0 "{CE0x5840ae0|56:_i32_(%struct.socket.518*,_%struct.sockaddr*,_i32*,_i32)*,_:_IRE:_elem_0:default:}"
CONST[source:0(mediator),value:2(dynamic)][purpose:{object}][SnkIdx:2]


CONST[source:1(input),value:2(dynamic)][purpose:{operation}][SrcIdx:20]  ->  CONST[source:0(mediator),value:2(dynamic)][purpose:{subject}][SnkIdx:0]
-----------
CONST[source:1(input),value:2(dynamic)][purpose:{operation}][SrcIdx:20]
CE0x583ca00 "{CE0x583ca00|arg}"
CE0x584ed10 "{CE0x584ed10|arg}"
CE0x58462b0 "{CE0x58462b0|and1}"
CE0x583de10 "{CE0x583de10|or}"
CE0x58530f0 "{CE0x58530f0|conv2}"
CE0x5853c00 "{CE0x5853c00|flag}"
CE0x5896ca0 "{CE0x5896ca0|and18}"
CE0x5896d80 "{CE0x5896d80|tobool19}"
CE0x5896f60 "{CE0x5896f60|cond}"
CE0x5897170 "{CE0x5897170|conv20}"
CE0x5893200 "{CE0x5893200|operation}"
CE0x5840ae0 "{CE0x5840ae0|56:_i32_(%struct.socket.518*,_%struct.sockaddr*,_i32*,_i32)*,_:_IRE:_elem_0:default:}"
CONST[source:0(mediator),value:2(dynamic)][purpose:{subject}][SnkIdx:0]


CONST[source:1(input),value:2(dynamic)][purpose:{operation}][SrcIdx:20]  ->  CONST[source:0(mediator),value:0(static)][purpose:{operation}][SnkIdx:3]
-----------
CONST[source:1(input),value:2(dynamic)][purpose:{operation}][SrcIdx:20]
CE0x583ca00 "{CE0x583ca00|arg}"
CE0x584ed10 "{CE0x584ed10|arg}"
CE0x58462b0 "{CE0x58462b0|and1}"
CE0x583de10 "{CE0x583de10|or}"
CE0x58530f0 "{CE0x58530f0|conv2}"
CE0x5853c00 "{CE0x5853c00|flag}"
CE0x5896ca0 "{CE0x5896ca0|and18}"
CE0x5896d80 "{CE0x5896d80|tobool19}"
CE0x5896f60 "{CE0x5896f60|cond}"
CE0x5897170 "{CE0x5897170|conv20}"
CE0x5893200 "{CE0x5893200|operation}"
CE0x5840ae0 "{CE0x5840ae0|56:_i32_(%struct.socket.518*,_%struct.sockaddr*,_i32*,_i32)*,_:_IRE:_elem_0:default:}"
CONST[source:0(mediator),value:0(static)][purpose:{operation}][SnkIdx:3]


CONST[source:1(input),value:2(dynamic)][purpose:{operation}][SrcIdx:20]  ->  CONST[source:0(mediator),value:2(dynamic)][purpose:{object}][SnkIdx:1]
-----------
CONST[source:1(input),value:2(dynamic)][purpose:{operation}][SrcIdx:20]
CE0x583ca00 "{CE0x583ca00|arg}"
CE0x584ed10 "{CE0x584ed10|arg}"
CE0x58462b0 "{CE0x58462b0|and1}"
CE0x583de10 "{CE0x583de10|or}"
CE0x58530f0 "{CE0x58530f0|conv2}"
CE0x5853c00 "{CE0x5853c00|flag}"
CE0x5896ca0 "{CE0x5896ca0|and18}"
CE0x5896d80 "{CE0x5896d80|tobool19}"
CE0x5896f60 "{CE0x5896f60|cond}"
CE0x5897170 "{CE0x5897170|conv20}"
CE0x5893200 "{CE0x5893200|operation}"
CE0x5840ae0 "{CE0x5840ae0|56:_i32_(%struct.socket.518*,_%struct.sockaddr*,_i32*,_i32)*,_:_IRE:_elem_0:default:}"
CONST[source:0(mediator),value:2(dynamic)][purpose:{object}][SnkIdx:1]


CONST[source:1(input),value:2(dynamic)][purpose:{operation}][SrcIdx:18]  ->  CONST[source:0(mediator),value:2(dynamic)][purpose:{object}][SnkIdx:2]
-----------
CONST[source:1(input),value:2(dynamic)][purpose:{operation}][SrcIdx:18]
CE0x5883750 "{CE0x5883750|VOIDTB_TE:_IE:_elem_0:default:}"
CONST[source:0(mediator),value:2(dynamic)][purpose:{object}][SnkIdx:2]


CONST[source:1(input),value:2(dynamic)][purpose:{operation}][SrcIdx:18]  ->  CONST[source:0(mediator),value:2(dynamic)][purpose:{subject}][SnkIdx:0]
-----------
CONST[source:1(input),value:2(dynamic)][purpose:{operation}][SrcIdx:18]
CE0x5840ae0 "{CE0x5840ae0|56:_i32_(%struct.socket.518*,_%struct.sockaddr*,_i32*,_i32)*,_:_IRE:_elem_0:default:}"
CONST[source:0(mediator),value:2(dynamic)][purpose:{subject}][SnkIdx:0]


CONST[source:1(input),value:2(dynamic)][purpose:{operation}][SrcIdx:18]  ->  CONST[source:0(mediator),value:0(static)][purpose:{operation}][SnkIdx:3]
-----------
CONST[source:1(input),value:2(dynamic)][purpose:{operation}][SrcIdx:18]
CE0x5883750 "{CE0x5883750|VOIDTB_TE:_IE:_elem_0:default:}"
CONST[source:0(mediator),value:0(static)][purpose:{operation}][SnkIdx:3]


CONST[source:1(input),value:2(dynamic)][purpose:{operation}][SrcIdx:18]  ->  CONST[source:0(mediator),value:2(dynamic)][purpose:{object}][SnkIdx:1]
-----------
CONST[source:1(input),value:2(dynamic)][purpose:{operation}][SrcIdx:18]
CE0x5840ae0 "{CE0x5840ae0|56:_i32_(%struct.socket.518*,_%struct.sockaddr*,_i32*,_i32)*,_:_IRE:_elem_0:default:}"
CONST[source:0(mediator),value:2(dynamic)][purpose:{object}][SnkIdx:1]



implicit:
CONST[source:1(input),value:2(dynamic)][purpose:{object}][SrcIdx:17]  ->  CONST[source:0(mediator),value:0(static)][purpose:{operation}][SnkIdx:3]
-----------
CONST[source:1(input),value:2(dynamic)][purpose:{object}][SrcIdx:17]
CE0x5840ae0 "{CE0x5840ae0|56:_i32_(%struct.socket.518*,_%struct.sockaddr*,_i32*,_i32)*,_:_IRE:_elem_0:default:}"
CONST[source:0(mediator),value:0(static)][purpose:{operation}][SnkIdx:3]


CONST[source:1(input),value:2(dynamic)][purpose:{object}][SrcIdx:17]  ->  CONST[source:0(mediator),value:2(dynamic)][purpose:{subject}][SnkIdx:0]
-----------
CONST[source:1(input),value:2(dynamic)][purpose:{object}][SrcIdx:17]
CE0x5840ae0 "{CE0x5840ae0|56:_i32_(%struct.socket.518*,_%struct.sockaddr*,_i32*,_i32)*,_:_IRE:_elem_0:default:}"
CONST[source:0(mediator),value:2(dynamic)][purpose:{subject}][SnkIdx:0]


CONST[source:1(input),value:2(dynamic)][purpose:{object}][SrcIdx:17]  ->  CONST[source:0(mediator),value:2(dynamic)][purpose:{object}][SnkIdx:1]
-----------
CONST[source:1(input),value:2(dynamic)][purpose:{object}][SrcIdx:17]
CE0x5840ae0 "{CE0x5840ae0|56:_i32_(%struct.socket.518*,_%struct.sockaddr*,_i32*,_i32)*,_:_IRE:_elem_0:default:}"
CONST[source:0(mediator),value:2(dynamic)][purpose:{object}][SnkIdx:1]


CONST[source:1(input),value:2(dynamic)][purpose:{object}][SrcIdx:17]  ->  CONST[source:0(mediator),value:2(dynamic)][purpose:{object}][SnkIdx:2]
-----------
CONST[source:1(input),value:2(dynamic)][purpose:{object}][SrcIdx:17]
CE0x5883750 "{CE0x5883750|VOIDTB_TE:_IE:_elem_0:default:}"
CONST[source:0(mediator),value:2(dynamic)][purpose:{object}][SnkIdx:2]


CONST[source:2(external),value:2(dynamic)][purpose:{subject}][SrcIdx:22]  ->  CONST[source:0(mediator),value:0(static)][purpose:{operation}][SnkIdx:3]
-----------
CONST[source:2(external),value:2(dynamic)][purpose:{subject}][SrcIdx:22]
CE0x585cf50 "{CE0x585cf50|128:_i8*,_1208:_%struct.file*,_:_CMRE:_elem_0:default:}"
CE0x5883680 "{CE0x5883680|VOIDTB_TE:_CE_6392,6400_}"
CE0x5840ae0 "{CE0x5840ae0|56:_i32_(%struct.socket.518*,_%struct.sockaddr*,_i32*,_i32)*,_:_IRE:_elem_0:default:}"
CONST[source:0(mediator),value:0(static)][purpose:{operation}][SnkIdx:3]


CONST[source:2(external),value:2(dynamic)][purpose:{subject}][SrcIdx:22]  ->  CONST[source:0(mediator),value:2(dynamic)][purpose:{subject}][SnkIdx:0]
-----------
CONST[source:2(external),value:2(dynamic)][purpose:{subject}][SrcIdx:22]
CE0x585cf50 "{CE0x585cf50|128:_i8*,_1208:_%struct.file*,_:_CMRE:_elem_0:default:}"
CE0x5883680 "{CE0x5883680|VOIDTB_TE:_CE_6392,6400_}"
CE0x5840ae0 "{CE0x5840ae0|56:_i32_(%struct.socket.518*,_%struct.sockaddr*,_i32*,_i32)*,_:_IRE:_elem_0:default:}"
CONST[source:0(mediator),value:2(dynamic)][purpose:{subject}][SnkIdx:0]


CONST[source:2(external),value:2(dynamic)][purpose:{subject}][SrcIdx:22]  ->  CONST[source:0(mediator),value:2(dynamic)][purpose:{object}][SnkIdx:1]
-----------
CONST[source:2(external),value:2(dynamic)][purpose:{subject}][SrcIdx:22]
CE0x585cf50 "{CE0x585cf50|128:_i8*,_1208:_%struct.file*,_:_CMRE:_elem_0:default:}"
CE0x5883680 "{CE0x5883680|VOIDTB_TE:_CE_6392,6400_}"
CE0x5840ae0 "{CE0x5840ae0|56:_i32_(%struct.socket.518*,_%struct.sockaddr*,_i32*,_i32)*,_:_IRE:_elem_0:default:}"
CONST[source:0(mediator),value:2(dynamic)][purpose:{object}][SnkIdx:1]


CONST[source:2(external),value:2(dynamic)][purpose:{subject}][SrcIdx:22]  ->  CONST[source:0(mediator),value:2(dynamic)][purpose:{object}][SnkIdx:2]
-----------
CONST[source:2(external),value:2(dynamic)][purpose:{subject}][SrcIdx:22]
CE0x585cf50 "{CE0x585cf50|128:_i8*,_1208:_%struct.file*,_:_CMRE:_elem_0:default:}"
CE0x5883680 "{CE0x5883680|VOIDTB_TE:_CE_6392,6400_}"
CE0x5883750 "{CE0x5883750|VOIDTB_TE:_IE:_elem_0:default:}"
CONST[source:0(mediator),value:2(dynamic)][purpose:{object}][SnkIdx:2]


CONST[source:1(input),value:2(dynamic)][purpose:{object}][SrcIdx:21]  ->  CONST[source:0(mediator),value:0(static)][purpose:{operation}][SnkIdx:3]
-----------
CONST[source:1(input),value:2(dynamic)][purpose:{object}][SrcIdx:21]
CE0x5840ae0 "{CE0x5840ae0|56:_i32_(%struct.socket.518*,_%struct.sockaddr*,_i32*,_i32)*,_:_IRE:_elem_0:default:}"
CONST[source:0(mediator),value:0(static)][purpose:{operation}][SnkIdx:3]


CONST[source:1(input),value:2(dynamic)][purpose:{object}][SrcIdx:21]  ->  CONST[source:0(mediator),value:2(dynamic)][purpose:{subject}][SnkIdx:0]
-----------
CONST[source:1(input),value:2(dynamic)][purpose:{object}][SrcIdx:21]
CE0x5840ae0 "{CE0x5840ae0|56:_i32_(%struct.socket.518*,_%struct.sockaddr*,_i32*,_i32)*,_:_IRE:_elem_0:default:}"
CONST[source:0(mediator),value:2(dynamic)][purpose:{subject}][SnkIdx:0]


CONST[source:1(input),value:2(dynamic)][purpose:{object}][SrcIdx:21]  ->  CONST[source:0(mediator),value:2(dynamic)][purpose:{object}][SnkIdx:1]
-----------
CONST[source:1(input),value:2(dynamic)][purpose:{object}][SrcIdx:21]
CE0x5840ae0 "{CE0x5840ae0|56:_i32_(%struct.socket.518*,_%struct.sockaddr*,_i32*,_i32)*,_:_IRE:_elem_0:default:}"
CONST[source:0(mediator),value:2(dynamic)][purpose:{object}][SnkIdx:1]


CONST[source:1(input),value:2(dynamic)][purpose:{object}][SrcIdx:21]  ->  CONST[source:0(mediator),value:2(dynamic)][purpose:{object}][SnkIdx:2]
-----------
CONST[source:1(input),value:2(dynamic)][purpose:{object}][SrcIdx:21]
CE0x5883750 "{CE0x5883750|VOIDTB_TE:_IE:_elem_0:default:}"
CONST[source:0(mediator),value:2(dynamic)][purpose:{object}][SnkIdx:2]


CONST[source:1(input),value:2(dynamic)][purpose:{operation}][SrcIdx:20]  ->  CONST[source:0(mediator),value:0(static)][purpose:{operation}][SnkIdx:3]
-----------
CONST[source:1(input),value:2(dynamic)][purpose:{operation}][SrcIdx:20]
CE0x583ca00 "{CE0x583ca00|arg}"
CE0x584ed10 "{CE0x584ed10|arg}"
CE0x58462b0 "{CE0x58462b0|and1}"
CE0x583de10 "{CE0x583de10|or}"
CE0x58530f0 "{CE0x58530f0|conv2}"
CE0x5853c00 "{CE0x5853c00|flag}"
CE0x5896ca0 "{CE0x5896ca0|and18}"
CE0x5896d80 "{CE0x5896d80|tobool19}"
CE0x5896f60 "{CE0x5896f60|cond}"
CE0x5897170 "{CE0x5897170|conv20}"
CE0x5893200 "{CE0x5893200|operation}"
CE0x5840ae0 "{CE0x5840ae0|56:_i32_(%struct.socket.518*,_%struct.sockaddr*,_i32*,_i32)*,_:_IRE:_elem_0:default:}"
CONST[source:0(mediator),value:0(static)][purpose:{operation}][SnkIdx:3]


CONST[source:1(input),value:2(dynamic)][purpose:{operation}][SrcIdx:20]  ->  CONST[source:0(mediator),value:2(dynamic)][purpose:{subject}][SnkIdx:0]
-----------
CONST[source:1(input),value:2(dynamic)][purpose:{operation}][SrcIdx:20]
CE0x583ca00 "{CE0x583ca00|arg}"
CE0x584ed10 "{CE0x584ed10|arg}"
CE0x58462b0 "{CE0x58462b0|and1}"
CE0x583de10 "{CE0x583de10|or}"
CE0x58530f0 "{CE0x58530f0|conv2}"
CE0x5853c00 "{CE0x5853c00|flag}"
CE0x5896ca0 "{CE0x5896ca0|and18}"
CE0x5896d80 "{CE0x5896d80|tobool19}"
CE0x5896f60 "{CE0x5896f60|cond}"
CE0x5897170 "{CE0x5897170|conv20}"
CE0x5893200 "{CE0x5893200|operation}"
CE0x5840ae0 "{CE0x5840ae0|56:_i32_(%struct.socket.518*,_%struct.sockaddr*,_i32*,_i32)*,_:_IRE:_elem_0:default:}"
CONST[source:0(mediator),value:2(dynamic)][purpose:{subject}][SnkIdx:0]


CONST[source:1(input),value:2(dynamic)][purpose:{operation}][SrcIdx:20]  ->  CONST[source:0(mediator),value:2(dynamic)][purpose:{object}][SnkIdx:1]
-----------
CONST[source:1(input),value:2(dynamic)][purpose:{operation}][SrcIdx:20]
CE0x583ca00 "{CE0x583ca00|arg}"
CE0x584ed10 "{CE0x584ed10|arg}"
CE0x58462b0 "{CE0x58462b0|and1}"
CE0x583de10 "{CE0x583de10|or}"
CE0x58530f0 "{CE0x58530f0|conv2}"
CE0x5853c00 "{CE0x5853c00|flag}"
CE0x5896ca0 "{CE0x5896ca0|and18}"
CE0x5896d80 "{CE0x5896d80|tobool19}"
CE0x5896f60 "{CE0x5896f60|cond}"
CE0x5897170 "{CE0x5897170|conv20}"
CE0x5893200 "{CE0x5893200|operation}"
CE0x5840ae0 "{CE0x5840ae0|56:_i32_(%struct.socket.518*,_%struct.sockaddr*,_i32*,_i32)*,_:_IRE:_elem_0:default:}"
CONST[source:0(mediator),value:2(dynamic)][purpose:{object}][SnkIdx:1]


CONST[source:1(input),value:2(dynamic)][purpose:{operation}][SrcIdx:20]  ->  CONST[source:0(mediator),value:2(dynamic)][purpose:{object}][SnkIdx:2]
-----------
CONST[source:1(input),value:2(dynamic)][purpose:{operation}][SrcIdx:20]
CE0x583ca00 "{CE0x583ca00|arg}"
CE0x584ed10 "{CE0x584ed10|arg}"
CE0x58462b0 "{CE0x58462b0|and1}"
CE0x583de10 "{CE0x583de10|or}"
CE0x58530f0 "{CE0x58530f0|conv2}"
CE0x5853c00 "{CE0x5853c00|flag}"
CE0x5896ca0 "{CE0x5896ca0|and18}"
CE0x5896d80 "{CE0x5896d80|tobool19}"
CE0x5896f60 "{CE0x5896f60|cond}"
CE0x5897170 "{CE0x5897170|conv20}"
CE0x5893200 "{CE0x5893200|operation}"
CE0x5840ae0 "{CE0x5840ae0|56:_i32_(%struct.socket.518*,_%struct.sockaddr*,_i32*,_i32)*,_:_IRE:_elem_0:default:}"
CONST[source:0(mediator),value:2(dynamic)][purpose:{object}][SnkIdx:2]


CONST[source:1(input),value:2(dynamic)][purpose:{operation}][SrcIdx:18]  ->  CONST[source:0(mediator),value:0(static)][purpose:{operation}][SnkIdx:3]
-----------
CONST[source:1(input),value:2(dynamic)][purpose:{operation}][SrcIdx:18]
CE0x5840ae0 "{CE0x5840ae0|56:_i32_(%struct.socket.518*,_%struct.sockaddr*,_i32*,_i32)*,_:_IRE:_elem_0:default:}"
CONST[source:0(mediator),value:0(static)][purpose:{operation}][SnkIdx:3]


CONST[source:1(input),value:2(dynamic)][purpose:{operation}][SrcIdx:18]  ->  CONST[source:0(mediator),value:2(dynamic)][purpose:{subject}][SnkIdx:0]
-----------
CONST[source:1(input),value:2(dynamic)][purpose:{operation}][SrcIdx:18]
CE0x5840ae0 "{CE0x5840ae0|56:_i32_(%struct.socket.518*,_%struct.sockaddr*,_i32*,_i32)*,_:_IRE:_elem_0:default:}"
CONST[source:0(mediator),value:2(dynamic)][purpose:{subject}][SnkIdx:0]


CONST[source:1(input),value:2(dynamic)][purpose:{operation}][SrcIdx:18]  ->  CONST[source:0(mediator),value:2(dynamic)][purpose:{object}][SnkIdx:1]
-----------
CONST[source:1(input),value:2(dynamic)][purpose:{operation}][SrcIdx:18]
CE0x5840ae0 "{CE0x5840ae0|56:_i32_(%struct.socket.518*,_%struct.sockaddr*,_i32*,_i32)*,_:_IRE:_elem_0:default:}"
CONST[source:0(mediator),value:2(dynamic)][purpose:{object}][SnkIdx:1]


CONST[source:1(input),value:2(dynamic)][purpose:{operation}][SrcIdx:18]  ->  CONST[source:0(mediator),value:2(dynamic)][purpose:{object}][SnkIdx:2]
-----------
CONST[source:1(input),value:2(dynamic)][purpose:{operation}][SrcIdx:18]
CE0x5883750 "{CE0x5883750|VOIDTB_TE:_IE:_elem_0:default:}"
CONST[source:0(mediator),value:2(dynamic)][purpose:{object}][SnkIdx:2]


