[selinux_set_mnt_opts]

explicit:
CONST[source:1(input),value:2(dynamic)][purpose:{object}][SrcIdx:21]  ->  CONST[source:0(mediator),value:2(dynamic)][purpose:{subject}]
-----------
CONST[source:1(input),value:2(dynamic)][purpose:{object}][SrcIdx:21]
CE0xac22a20 "{CE0xac22a20|0:_i8**,_8:_i32*,_16:_i32,_:_SCMR_16,20_|*MultipleSource*|Function::selinux_set_mnt_opts&Arg::opts::|security/selinux/hooks.c,629}"
CE0xac2d800 "{CE0xac2d800|selinux_set_mnt_opts:tmp31|*LoadInst*|security/selinux/hooks.c,631}"
CE0xac11b80 "{CE0xac11b80|selinux_set_mnt_opts:tobool22|security/selinux/hooks.c,636}"
CE0xac1a5c0 "{CE0xac1a5c0|selinux_set_mnt_opts:tmp37|security/selinux/hooks.c,636}"
CE0xac24e20 "{CE0xac24e20|selinux_set_mnt_opts:tmp38|security/selinux/hooks.c,636}"
CE0xab09280 "{CE0xab09280|selinux_set_mnt_opts:tmp39|security/selinux/hooks.c,636}"
CE0xab09750 "{CE0xab09750|selinux_set_mnt_opts:tmp40|security/selinux/hooks.c,636}"
CE0xab1bb40 "{CE0xab1bb40|VOIDTB_TE:_UCEP2:_elem_0:default:}"
CE0xabda2f0 "{CE0xabda2f0|may_context_mount_sb_relabel:tmp4|security/selinux/hooks.c,374}"
CE0xac08e50 "{CE0xac08e50|may_context_mount_sb_relabel:tmp4|security/selinux/hooks.c,374|*SummSink*}"
CONST[source:0(mediator),value:2(dynamic)][purpose:{subject}]


CONST[source:1(input),value:2(dynamic)][purpose:{object}][SrcIdx:21]  ->  CONST[source:0(mediator),value:2(dynamic)][purpose:{object}]
-----------
CONST[source:1(input),value:2(dynamic)][purpose:{object}][SrcIdx:21]
CE0xac22a20 "{CE0xac22a20|0:_i8**,_8:_i32*,_16:_i32,_:_SCMR_16,20_|*MultipleSource*|Function::selinux_set_mnt_opts&Arg::opts::|security/selinux/hooks.c,629}"
CE0xac2d800 "{CE0xac2d800|selinux_set_mnt_opts:tmp31|*LoadInst*|security/selinux/hooks.c,631}"
CE0xac11b80 "{CE0xac11b80|selinux_set_mnt_opts:tobool22|security/selinux/hooks.c,636}"
CE0xac1a5c0 "{CE0xac1a5c0|selinux_set_mnt_opts:tmp37|security/selinux/hooks.c,636}"
CE0xac24e20 "{CE0xac24e20|selinux_set_mnt_opts:tmp38|security/selinux/hooks.c,636}"
CE0xab09280 "{CE0xab09280|selinux_set_mnt_opts:tmp39|security/selinux/hooks.c,636}"
CE0xab09750 "{CE0xab09750|selinux_set_mnt_opts:tmp40|security/selinux/hooks.c,636}"
CE0xab1bb40 "{CE0xab1bb40|VOIDTB_TE:_UCEP2:_elem_0:default:}"
CE0xad97a40 "{CE0xad97a40|may_context_mount_inode_relabel:tmp14|*LoadInst*|security/selinux/hooks.c,395}"
CE0xad98040 "{CE0xad98040|may_context_mount_inode_relabel:tmp14|*LoadInst*|security/selinux/hooks.c,395|*SummSink*}"
CONST[source:0(mediator),value:2(dynamic)][purpose:{object}]


CONST[source:2(external),value:0(static)][purpose:{operation}][SrcIdx:10]  ->  CONST[source:0(mediator),value:2(dynamic)][purpose:{subject}]
-----------
CONST[source:2(external),value:0(static)][purpose:{operation}][SrcIdx:10]
CE0xac0bfd0 "{CE0xac0bfd0|i64_1|*Constant*}"
CE0xacb82e0 "{CE0xacb82e0|selinux_set_mnt_opts:tmp278|security/selinux/hooks.c,817}"
CE0xab1bb40 "{CE0xab1bb40|VOIDTB_TE:_UCEP2:_elem_0:default:}"
CE0xabda2f0 "{CE0xabda2f0|may_context_mount_sb_relabel:tmp4|security/selinux/hooks.c,374}"
CE0xac08e50 "{CE0xac08e50|may_context_mount_sb_relabel:tmp4|security/selinux/hooks.c,374|*SummSink*}"
CONST[source:0(mediator),value:2(dynamic)][purpose:{subject}]


CONST[source:2(external),value:0(static)][purpose:{operation}][SrcIdx:10]  ->  CONST[source:0(mediator),value:2(dynamic)][purpose:{object}]
-----------
CONST[source:2(external),value:0(static)][purpose:{operation}][SrcIdx:10]
CE0xac0bfd0 "{CE0xac0bfd0|i64_1|*Constant*}"
CE0xacb82e0 "{CE0xacb82e0|selinux_set_mnt_opts:tmp278|security/selinux/hooks.c,817}"
CE0xab1bb40 "{CE0xab1bb40|VOIDTB_TE:_UCEP2:_elem_0:default:}"
CE0xad97a40 "{CE0xad97a40|may_context_mount_inode_relabel:tmp14|*LoadInst*|security/selinux/hooks.c,395}"
CE0xad98040 "{CE0xad98040|may_context_mount_inode_relabel:tmp14|*LoadInst*|security/selinux/hooks.c,395|*SummSink*}"
CONST[source:0(mediator),value:2(dynamic)][purpose:{object}]


CONST[source:1(input),value:2(dynamic)][purpose:{object}][SrcIdx:20]  ->  CONST[source:0(mediator),value:2(dynamic)][purpose:{subject}]
-----------
CONST[source:1(input),value:2(dynamic)][purpose:{object}][SrcIdx:20]
CE0xab1bb40 "{CE0xab1bb40|VOIDTB_TE:_UCEP2:_elem_0:default:}"
CE0xabda2f0 "{CE0xabda2f0|may_context_mount_sb_relabel:tmp4|security/selinux/hooks.c,374}"
CE0xac08e50 "{CE0xac08e50|may_context_mount_sb_relabel:tmp4|security/selinux/hooks.c,374|*SummSink*}"
CONST[source:0(mediator),value:2(dynamic)][purpose:{subject}]


CONST[source:1(input),value:2(dynamic)][purpose:{object}][SrcIdx:20]  ->  CONST[source:0(mediator),value:2(dynamic)][purpose:{object}]
-----------
CONST[source:1(input),value:2(dynamic)][purpose:{object}][SrcIdx:20]
CE0xab1bb40 "{CE0xab1bb40|VOIDTB_TE:_UCEP2:_elem_0:default:}"
CE0xad97a40 "{CE0xad97a40|may_context_mount_inode_relabel:tmp14|*LoadInst*|security/selinux/hooks.c,395}"
CE0xad98040 "{CE0xad98040|may_context_mount_inode_relabel:tmp14|*LoadInst*|security/selinux/hooks.c,395|*SummSink*}"
CONST[source:0(mediator),value:2(dynamic)][purpose:{object}]


CONST[source:2(external),value:0(static)][purpose:{operation}][SrcIdx:14]  ->  CONST[source:0(mediator),value:2(dynamic)][purpose:{subject}]
-----------
CONST[source:2(external),value:0(static)][purpose:{operation}][SrcIdx:14]
CE0xada0810 "{CE0xada0810|i32_0|*Constant*}"
CE0xab1bb40 "{CE0xab1bb40|VOIDTB_TE:_UCEP2:_elem_0:default:}"
CE0xabda2f0 "{CE0xabda2f0|may_context_mount_sb_relabel:tmp4|security/selinux/hooks.c,374}"
CE0xac08e50 "{CE0xac08e50|may_context_mount_sb_relabel:tmp4|security/selinux/hooks.c,374|*SummSink*}"
CONST[source:0(mediator),value:2(dynamic)][purpose:{subject}]


CONST[source:2(external),value:0(static)][purpose:{operation}][SrcIdx:14]  ->  CONST[source:0(mediator),value:2(dynamic)][purpose:{object}]
-----------
CONST[source:2(external),value:0(static)][purpose:{operation}][SrcIdx:14]
CE0xada0810 "{CE0xada0810|i32_0|*Constant*}"
CE0xab1bb40 "{CE0xab1bb40|VOIDTB_TE:_UCEP2:_elem_0:default:}"
CE0xad97a40 "{CE0xad97a40|may_context_mount_inode_relabel:tmp14|*LoadInst*|security/selinux/hooks.c,395}"
CE0xad98040 "{CE0xad98040|may_context_mount_inode_relabel:tmp14|*LoadInst*|security/selinux/hooks.c,395|*SummSink*}"
CONST[source:0(mediator),value:2(dynamic)][purpose:{object}]


CONST[source:2(external),value:0(static)][purpose:{operation}][SrcIdx:5]  ->  CONST[source:0(mediator),value:2(dynamic)][purpose:{subject}]
-----------
CONST[source:2(external),value:0(static)][purpose:{operation}][SrcIdx:5]
CE0xac2cba0 "{CE0xac2cba0|i32_0|*Constant*}"
CE0xab61580 "{CE0xab61580|selinux_set_mnt_opts:context_sid.0|security/selinux/hooks.c, 627}"
CE0xac853e0 "{CE0xac853e0|may_context_mount_inode_relabel:sid|Function::may_context_mount_inode_relabel&Arg::sid::}"
CE0xac85880 "{CE0xac85880|may_context_mount_inode_relabel:sid|Function::may_context_mount_inode_relabel&Arg::sid::|*SummSink*}"
CONST[source:0(mediator),value:2(dynamic)][purpose:{subject}]


CONST[source:2(external),value:0(static)][purpose:{operation}][SrcIdx:5]  ->  CONST[source:0(mediator),value:2(dynamic)][purpose:{object}]
-----------
CONST[source:2(external),value:0(static)][purpose:{operation}][SrcIdx:5]
CE0xac2cba0 "{CE0xac2cba0|i32_0|*Constant*}"
CE0xab1bb40 "{CE0xab1bb40|VOIDTB_TE:_UCEP2:_elem_0:default:}"
CE0xad97a40 "{CE0xad97a40|may_context_mount_inode_relabel:tmp14|*LoadInst*|security/selinux/hooks.c,395}"
CE0xad98040 "{CE0xad98040|may_context_mount_inode_relabel:tmp14|*LoadInst*|security/selinux/hooks.c,395|*SummSink*}"
CONST[source:0(mediator),value:2(dynamic)][purpose:{object}]


CONST[source:2(external),value:0(static)][purpose:{operation}][SrcIdx:1]  ->  CONST[source:0(mediator),value:2(dynamic)][purpose:{subject}]
-----------
CONST[source:2(external),value:0(static)][purpose:{operation}][SrcIdx:1]
CE0xaf8e470 "{CE0xaf8e470|i32_-61|*Constant*}"
CE0xade0150 "{CE0xade0150|inode_doinit_with_dentry:cmp63|security/selinux/hooks.c,1370}"
CE0xafd9e70 "{CE0xafd9e70|inode_doinit_with_dentry:tmp94|security/selinux/hooks.c,1370}"
CE0xab99d10 "{CE0xab99d10|inode_doinit_with_dentry:tmp95|security/selinux/hooks.c,1370}"
CE0xae0bf50 "{CE0xae0bf50|inode_doinit_with_dentry:tmp96|security/selinux/hooks.c,1370}"
CE0xae0c540 "{CE0xae0c540|inode_doinit_with_dentry:tmp97|security/selinux/hooks.c,1370}"
CE0xab1bb40 "{CE0xab1bb40|VOIDTB_TE:_UCEP2:_elem_0:default:}"
CE0xabda2f0 "{CE0xabda2f0|may_context_mount_sb_relabel:tmp4|security/selinux/hooks.c,374}"
CE0xac08e50 "{CE0xac08e50|may_context_mount_sb_relabel:tmp4|security/selinux/hooks.c,374|*SummSink*}"
CONST[source:0(mediator),value:2(dynamic)][purpose:{subject}]


CONST[source:2(external),value:0(static)][purpose:{operation}][SrcIdx:1]  ->  CONST[source:0(mediator),value:2(dynamic)][purpose:{object}]
-----------
CONST[source:2(external),value:0(static)][purpose:{operation}][SrcIdx:1]
CE0xaf8e470 "{CE0xaf8e470|i32_-61|*Constant*}"
CE0xade0150 "{CE0xade0150|inode_doinit_with_dentry:cmp63|security/selinux/hooks.c,1370}"
CE0xafd9e70 "{CE0xafd9e70|inode_doinit_with_dentry:tmp94|security/selinux/hooks.c,1370}"
CE0xab99d10 "{CE0xab99d10|inode_doinit_with_dentry:tmp95|security/selinux/hooks.c,1370}"
CE0xae0bf50 "{CE0xae0bf50|inode_doinit_with_dentry:tmp96|security/selinux/hooks.c,1370}"
CE0xae0c540 "{CE0xae0c540|inode_doinit_with_dentry:tmp97|security/selinux/hooks.c,1370}"
CE0xab1bb40 "{CE0xab1bb40|VOIDTB_TE:_UCEP2:_elem_0:default:}"
CE0xad97a40 "{CE0xad97a40|may_context_mount_inode_relabel:tmp14|*LoadInst*|security/selinux/hooks.c,395}"
CE0xad98040 "{CE0xad98040|may_context_mount_inode_relabel:tmp14|*LoadInst*|security/selinux/hooks.c,395|*SummSink*}"
CONST[source:0(mediator),value:2(dynamic)][purpose:{object}]


CONST[source:2(external),value:0(static)][purpose:{operation}][SrcIdx:6]  ->  CONST[source:0(mediator),value:2(dynamic)][purpose:{subject}]
-----------
CONST[source:2(external),value:0(static)][purpose:{operation}][SrcIdx:6]
CE0xac0d470 "{CE0xac0d470|i64_0|*Constant*}"
CE0xaaf6e60 "{CE0xaaf6e60|selinux_set_mnt_opts:tmp80|security/selinux/hooks.c,677}"
CE0xab04cf0 "{CE0xab04cf0|selinux_set_mnt_opts:tmp81|security/selinux/hooks.c,677}"
CE0xab05280 "{CE0xab05280|selinux_set_mnt_opts:tmp82|security/selinux/hooks.c,677}"
CE0xab1bb40 "{CE0xab1bb40|VOIDTB_TE:_UCEP2:_elem_0:default:}"
CE0xabda2f0 "{CE0xabda2f0|may_context_mount_sb_relabel:tmp4|security/selinux/hooks.c,374}"
CE0xac08e50 "{CE0xac08e50|may_context_mount_sb_relabel:tmp4|security/selinux/hooks.c,374|*SummSink*}"
CONST[source:0(mediator),value:2(dynamic)][purpose:{subject}]


CONST[source:2(external),value:0(static)][purpose:{operation}][SrcIdx:6]  ->  CONST[source:0(mediator),value:2(dynamic)][purpose:{object}]
-----------
CONST[source:2(external),value:0(static)][purpose:{operation}][SrcIdx:6]
CE0xac0d470 "{CE0xac0d470|i64_0|*Constant*}"
CE0xaaf6e60 "{CE0xaaf6e60|selinux_set_mnt_opts:tmp80|security/selinux/hooks.c,677}"
CE0xab04cf0 "{CE0xab04cf0|selinux_set_mnt_opts:tmp81|security/selinux/hooks.c,677}"
CE0xab05280 "{CE0xab05280|selinux_set_mnt_opts:tmp82|security/selinux/hooks.c,677}"
CE0xab1bb40 "{CE0xab1bb40|VOIDTB_TE:_UCEP2:_elem_0:default:}"
CE0xad97a40 "{CE0xad97a40|may_context_mount_inode_relabel:tmp14|*LoadInst*|security/selinux/hooks.c,395}"
CE0xad98040 "{CE0xad98040|may_context_mount_inode_relabel:tmp14|*LoadInst*|security/selinux/hooks.c,395|*SummSink*}"
CONST[source:0(mediator),value:2(dynamic)][purpose:{object}]


CONST[source:2(external),value:0(static)][purpose:{operation}][SrcIdx:9]  ->  CONST[source:0(mediator),value:2(dynamic)][purpose:{subject}]
-----------
CONST[source:2(external),value:0(static)][purpose:{operation}][SrcIdx:9]
CE0xada7b80 "{CE0xada7b80|i32_1|*Constant*}"
CE0xaf8a260 "{CE0xaf8a260|inode_doinit_with_dentry:sid|security/selinux/hooks.c, 1279}"
CE0xabe9380 "{CE0xabe9380|inode_doinit_with_dentry:tmp132|security/selinux/hooks.c,1405}"
CE0xab1bb40 "{CE0xab1bb40|VOIDTB_TE:_UCEP2:_elem_0:default:}"
CE0xabda2f0 "{CE0xabda2f0|may_context_mount_sb_relabel:tmp4|security/selinux/hooks.c,374}"
CE0xac08e50 "{CE0xac08e50|may_context_mount_sb_relabel:tmp4|security/selinux/hooks.c,374|*SummSink*}"
CONST[source:0(mediator),value:2(dynamic)][purpose:{subject}]


CONST[source:2(external),value:0(static)][purpose:{operation}][SrcIdx:9]  ->  CONST[source:0(mediator),value:2(dynamic)][purpose:{object}]
-----------
CONST[source:2(external),value:0(static)][purpose:{operation}][SrcIdx:9]
CE0xada7b80 "{CE0xada7b80|i32_1|*Constant*}"
CE0xaf8a260 "{CE0xaf8a260|inode_doinit_with_dentry:sid|security/selinux/hooks.c, 1279}"
CE0xabe9380 "{CE0xabe9380|inode_doinit_with_dentry:tmp132|security/selinux/hooks.c,1405}"
CE0xab1bb40 "{CE0xab1bb40|VOIDTB_TE:_UCEP2:_elem_0:default:}"
CE0xad97a40 "{CE0xad97a40|may_context_mount_inode_relabel:tmp14|*LoadInst*|security/selinux/hooks.c,395}"
CE0xad98040 "{CE0xad98040|may_context_mount_inode_relabel:tmp14|*LoadInst*|security/selinux/hooks.c,395|*SummSink*}"
CONST[source:0(mediator),value:2(dynamic)][purpose:{object}]


CONST[source:2(external),value:0(static)][purpose:{operation}][SrcIdx:4]  ->  CONST[source:0(mediator),value:2(dynamic)][purpose:{subject}]
-----------
CONST[source:2(external),value:0(static)][purpose:{operation}][SrcIdx:4]
CE0xafc2b50 "{CE0xafc2b50|i32_-34|*Constant*}"
CE0xafc89e0 "{CE0xafc89e0|inode_doinit_with_dentry:cmp|security/selinux/hooks.c,1346}"
CE0xafc7a50 "{CE0xafc7a50|inode_doinit_with_dentry:tmp68|security/selinux/hooks.c,1346}"
CE0xafc9c50 "{CE0xafc9c50|inode_doinit_with_dentry:tmp69|security/selinux/hooks.c,1346}"
CE0xafcd450 "{CE0xafcd450|inode_doinit_with_dentry:tmp70|security/selinux/hooks.c,1346}"
CE0xafcc5a0 "{CE0xafcc5a0|inode_doinit_with_dentry:tmp71|security/selinux/hooks.c,1346}"
CE0xab1bb40 "{CE0xab1bb40|VOIDTB_TE:_UCEP2:_elem_0:default:}"
CE0xabda2f0 "{CE0xabda2f0|may_context_mount_sb_relabel:tmp4|security/selinux/hooks.c,374}"
CE0xac08e50 "{CE0xac08e50|may_context_mount_sb_relabel:tmp4|security/selinux/hooks.c,374|*SummSink*}"
CONST[source:0(mediator),value:2(dynamic)][purpose:{subject}]


CONST[source:2(external),value:0(static)][purpose:{operation}][SrcIdx:4]  ->  CONST[source:0(mediator),value:2(dynamic)][purpose:{object}]
-----------
CONST[source:2(external),value:0(static)][purpose:{operation}][SrcIdx:4]
CE0xafc2b50 "{CE0xafc2b50|i32_-34|*Constant*}"
CE0xafc89e0 "{CE0xafc89e0|inode_doinit_with_dentry:cmp|security/selinux/hooks.c,1346}"
CE0xafc7a50 "{CE0xafc7a50|inode_doinit_with_dentry:tmp68|security/selinux/hooks.c,1346}"
CE0xafc9c50 "{CE0xafc9c50|inode_doinit_with_dentry:tmp69|security/selinux/hooks.c,1346}"
CE0xafcd450 "{CE0xafcd450|inode_doinit_with_dentry:tmp70|security/selinux/hooks.c,1346}"
CE0xafcc5a0 "{CE0xafcc5a0|inode_doinit_with_dentry:tmp71|security/selinux/hooks.c,1346}"
CE0xab1bb40 "{CE0xab1bb40|VOIDTB_TE:_UCEP2:_elem_0:default:}"
CE0xad97a40 "{CE0xad97a40|may_context_mount_inode_relabel:tmp14|*LoadInst*|security/selinux/hooks.c,395}"
CE0xad98040 "{CE0xad98040|may_context_mount_inode_relabel:tmp14|*LoadInst*|security/selinux/hooks.c,395|*SummSink*}"
CONST[source:0(mediator),value:2(dynamic)][purpose:{object}]


CONST[source:2(external),value:0(static)][purpose:{operation}][SrcIdx:0]  ->  CONST[source:0(mediator),value:2(dynamic)][purpose:{subject}]
-----------
CONST[source:2(external),value:0(static)][purpose:{operation}][SrcIdx:0]
CE0xada9b50 "{CE0xada9b50|i32_-22|*Constant*}"
CE0xada9f70 "{CE0xada9f70|inode_doinit_with_dentry:cmp79|security/selinux/hooks.c,1388}"
CE0xafabea0 "{CE0xafabea0|inode_doinit_with_dentry:tmp112|security/selinux/hooks.c,1388}"
CE0xafabc70 "{CE0xafabc70|inode_doinit_with_dentry:tmp113|security/selinux/hooks.c,1388}"
CE0xafae3d0 "{CE0xafae3d0|inode_doinit_with_dentry:tmp114|security/selinux/hooks.c,1388}"
CE0xafae9c0 "{CE0xafae9c0|inode_doinit_with_dentry:tmp115|security/selinux/hooks.c,1388}"
CE0xab1bb40 "{CE0xab1bb40|VOIDTB_TE:_UCEP2:_elem_0:default:}"
CE0xabda2f0 "{CE0xabda2f0|may_context_mount_sb_relabel:tmp4|security/selinux/hooks.c,374}"
CE0xac08e50 "{CE0xac08e50|may_context_mount_sb_relabel:tmp4|security/selinux/hooks.c,374|*SummSink*}"
CONST[source:0(mediator),value:2(dynamic)][purpose:{subject}]


CONST[source:2(external),value:0(static)][purpose:{operation}][SrcIdx:0]  ->  CONST[source:0(mediator),value:2(dynamic)][purpose:{object}]
-----------
CONST[source:2(external),value:0(static)][purpose:{operation}][SrcIdx:0]
CE0xada9b50 "{CE0xada9b50|i32_-22|*Constant*}"
CE0xada9f70 "{CE0xada9f70|inode_doinit_with_dentry:cmp79|security/selinux/hooks.c,1388}"
CE0xafabea0 "{CE0xafabea0|inode_doinit_with_dentry:tmp112|security/selinux/hooks.c,1388}"
CE0xafabc70 "{CE0xafabc70|inode_doinit_with_dentry:tmp113|security/selinux/hooks.c,1388}"
CE0xafae3d0 "{CE0xafae3d0|inode_doinit_with_dentry:tmp114|security/selinux/hooks.c,1388}"
CE0xafae9c0 "{CE0xafae9c0|inode_doinit_with_dentry:tmp115|security/selinux/hooks.c,1388}"
CE0xab1bb40 "{CE0xab1bb40|VOIDTB_TE:_UCEP2:_elem_0:default:}"
CE0xad97a40 "{CE0xad97a40|may_context_mount_inode_relabel:tmp14|*LoadInst*|security/selinux/hooks.c,395}"
CE0xad98040 "{CE0xad98040|may_context_mount_inode_relabel:tmp14|*LoadInst*|security/selinux/hooks.c,395|*SummSink*}"
CONST[source:0(mediator),value:2(dynamic)][purpose:{object}]


CONST[source:0(mediator),value:2(dynamic)][purpose:{subject}][SrcIdx:23]  ->  CONST[source:0(mediator),value:2(dynamic)][purpose:{object}]
-----------
CONST[source:0(mediator),value:2(dynamic)][purpose:{subject}][SrcIdx:23]
CE0xab1bb40 "{CE0xab1bb40|VOIDTB_TE:_UCEP2:_elem_0:default:}"
CE0xad97a40 "{CE0xad97a40|may_context_mount_inode_relabel:tmp14|*LoadInst*|security/selinux/hooks.c,395}"
CE0xad98040 "{CE0xad98040|may_context_mount_inode_relabel:tmp14|*LoadInst*|security/selinux/hooks.c,395|*SummSink*}"
CONST[source:0(mediator),value:2(dynamic)][purpose:{object}]


CONST[source:2(external),value:0(static)][purpose:{operation}][SrcIdx:16]  ->  CONST[source:0(mediator),value:2(dynamic)][purpose:{subject}]
-----------
CONST[source:2(external),value:0(static)][purpose:{operation}][SrcIdx:16]
CE0xac0ee80 "{CE0xac0ee80|i32_0|*Constant*}"
CE0xac2c220 "{CE0xac2c220|may_context_mount_sb_relabel:sid1|security/selinux/hooks.c,374}"
CE0xabda2f0 "{CE0xabda2f0|may_context_mount_sb_relabel:tmp4|security/selinux/hooks.c,374}"
CE0xac08e50 "{CE0xac08e50|may_context_mount_sb_relabel:tmp4|security/selinux/hooks.c,374|*SummSink*}"
CONST[source:0(mediator),value:2(dynamic)][purpose:{subject}]


CONST[source:2(external),value:0(static)][purpose:{operation}][SrcIdx:16]  ->  CONST[source:0(mediator),value:2(dynamic)][purpose:{object}]
-----------
CONST[source:2(external),value:0(static)][purpose:{operation}][SrcIdx:16]
CE0xac0ee80 "{CE0xac0ee80|i32_0|*Constant*}"
CE0xad976b0 "{CE0xad976b0|may_context_mount_inode_relabel:sid3|security/selinux/hooks.c,395}"
CE0xad97a40 "{CE0xad97a40|may_context_mount_inode_relabel:tmp14|*LoadInst*|security/selinux/hooks.c,395}"
CE0xad98040 "{CE0xad98040|may_context_mount_inode_relabel:tmp14|*LoadInst*|security/selinux/hooks.c,395|*SummSink*}"
CONST[source:0(mediator),value:2(dynamic)][purpose:{object}]


CONST[source:2(external),value:0(static)][purpose:{operation}][SrcIdx:7]  ->  CONST[source:0(mediator),value:2(dynamic)][purpose:{subject}]
-----------
CONST[source:2(external),value:0(static)][purpose:{operation}][SrcIdx:7]
CE0xae08d20 "{CE0xae08d20|i32_208|*Constant*}"
CE0xab87600 "{CE0xab87600|selinux_proc_get_sid:call|security/selinux/hooks.c,1245}"
CE0xab958c0 "{CE0xab958c0|selinux_proc_get_sid:tmp2|security/selinux/hooks.c,1245}"
CE0xafe3320 "{CE0xafe3320|COLLAPSED:_CMRE2:_elem_0:default:}"
CE0xb092060 "{CE0xb092060|selinux_proc_get_sid:call12|security/selinux/hooks.c,1260}"
CE0xb092fa0 "{CE0xb092fa0|selinux_proc_get_sid:rc.0}"
CE0xb096120 "{CE0xb096120|selinux_proc_get_sid:retval.0}"
CE0xad87cb0 "{CE0xad87cb0|_ret_i32_%retval.0,_!dbg_!27752|security/selinux/hooks.c,1264}"
CE0xad864a0 "{CE0xad864a0|inode_doinit_with_dentry:call135|security/selinux/hooks.c,1452}"
CE0xad89240 "{CE0xad89240|inode_doinit_with_dentry:tobool136|security/selinux/hooks.c,1454}"
CE0xb076aa0 "{CE0xb076aa0|inode_doinit_with_dentry:tmp180|security/selinux/hooks.c,1454}"
CE0xb0766d0 "{CE0xb0766d0|inode_doinit_with_dentry:tmp181|security/selinux/hooks.c,1454}"
CE0xb077400 "{CE0xb077400|inode_doinit_with_dentry:tmp182|security/selinux/hooks.c,1454}"
CE0xb0779f0 "{CE0xb0779f0|inode_doinit_with_dentry:tmp183|security/selinux/hooks.c,1454}"
CE0xab1bb40 "{CE0xab1bb40|VOIDTB_TE:_UCEP2:_elem_0:default:}"
CE0xabda2f0 "{CE0xabda2f0|may_context_mount_sb_relabel:tmp4|security/selinux/hooks.c,374}"
CE0xac08e50 "{CE0xac08e50|may_context_mount_sb_relabel:tmp4|security/selinux/hooks.c,374|*SummSink*}"
CONST[source:0(mediator),value:2(dynamic)][purpose:{subject}]


CONST[source:2(external),value:0(static)][purpose:{operation}][SrcIdx:7]  ->  CONST[source:0(mediator),value:2(dynamic)][purpose:{object}]
-----------
CONST[source:2(external),value:0(static)][purpose:{operation}][SrcIdx:7]
CE0xae08d20 "{CE0xae08d20|i32_208|*Constant*}"
CE0xab87600 "{CE0xab87600|selinux_proc_get_sid:call|security/selinux/hooks.c,1245}"
CE0xab958c0 "{CE0xab958c0|selinux_proc_get_sid:tmp2|security/selinux/hooks.c,1245}"
CE0xafe3320 "{CE0xafe3320|COLLAPSED:_CMRE2:_elem_0:default:}"
CE0xb092060 "{CE0xb092060|selinux_proc_get_sid:call12|security/selinux/hooks.c,1260}"
CE0xb092fa0 "{CE0xb092fa0|selinux_proc_get_sid:rc.0}"
CE0xb096120 "{CE0xb096120|selinux_proc_get_sid:retval.0}"
CE0xad87cb0 "{CE0xad87cb0|_ret_i32_%retval.0,_!dbg_!27752|security/selinux/hooks.c,1264}"
CE0xad864a0 "{CE0xad864a0|inode_doinit_with_dentry:call135|security/selinux/hooks.c,1452}"
CE0xad89240 "{CE0xad89240|inode_doinit_with_dentry:tobool136|security/selinux/hooks.c,1454}"
CE0xb076aa0 "{CE0xb076aa0|inode_doinit_with_dentry:tmp180|security/selinux/hooks.c,1454}"
CE0xb0766d0 "{CE0xb0766d0|inode_doinit_with_dentry:tmp181|security/selinux/hooks.c,1454}"
CE0xb077400 "{CE0xb077400|inode_doinit_with_dentry:tmp182|security/selinux/hooks.c,1454}"
CE0xb0779f0 "{CE0xb0779f0|inode_doinit_with_dentry:tmp183|security/selinux/hooks.c,1454}"
CE0xab1bb40 "{CE0xab1bb40|VOIDTB_TE:_UCEP2:_elem_0:default:}"
CE0xad97a40 "{CE0xad97a40|may_context_mount_inode_relabel:tmp14|*LoadInst*|security/selinux/hooks.c,395}"
CE0xad98040 "{CE0xad98040|may_context_mount_inode_relabel:tmp14|*LoadInst*|security/selinux/hooks.c,395|*SummSink*}"
CONST[source:0(mediator),value:2(dynamic)][purpose:{object}]


CONST[source:2(external),value:0(static)][purpose:{operation}][SrcIdx:15]  ->  CONST[source:0(mediator),value:2(dynamic)][purpose:{subject}]
-----------
CONST[source:2(external),value:0(static)][purpose:{operation}][SrcIdx:15]
CE0xadabe50 "{CE0xadabe50|i64_0|*Constant*}"
CE0xafea680 "{CE0xafea680|inode_doinit_with_dentry:tmp75|security/selinux/hooks.c,1352}"
CE0xafed760 "{CE0xafed760|inode_doinit_with_dentry:tmp76|security/selinux/hooks.c,1352}"
CE0xafec120 "{CE0xafec120|inode_doinit_with_dentry:tmp77|security/selinux/hooks.c,1352}"
CE0xab1bb40 "{CE0xab1bb40|VOIDTB_TE:_UCEP2:_elem_0:default:}"
CE0xabda2f0 "{CE0xabda2f0|may_context_mount_sb_relabel:tmp4|security/selinux/hooks.c,374}"
CE0xac08e50 "{CE0xac08e50|may_context_mount_sb_relabel:tmp4|security/selinux/hooks.c,374|*SummSink*}"
CONST[source:0(mediator),value:2(dynamic)][purpose:{subject}]


CONST[source:2(external),value:0(static)][purpose:{operation}][SrcIdx:15]  ->  CONST[source:0(mediator),value:2(dynamic)][purpose:{object}]
-----------
CONST[source:2(external),value:0(static)][purpose:{operation}][SrcIdx:15]
CE0xadabe50 "{CE0xadabe50|i64_0|*Constant*}"
CE0xafea680 "{CE0xafea680|inode_doinit_with_dentry:tmp75|security/selinux/hooks.c,1352}"
CE0xafed760 "{CE0xafed760|inode_doinit_with_dentry:tmp76|security/selinux/hooks.c,1352}"
CE0xafec120 "{CE0xafec120|inode_doinit_with_dentry:tmp77|security/selinux/hooks.c,1352}"
CE0xab1bb40 "{CE0xab1bb40|VOIDTB_TE:_UCEP2:_elem_0:default:}"
CE0xad97a40 "{CE0xad97a40|may_context_mount_inode_relabel:tmp14|*LoadInst*|security/selinux/hooks.c,395}"
CE0xad98040 "{CE0xad98040|may_context_mount_inode_relabel:tmp14|*LoadInst*|security/selinux/hooks.c,395|*SummSink*}"
CONST[source:0(mediator),value:2(dynamic)][purpose:{object}]


CONST[source:2(external),value:2(dynamic)][purpose:{subject}][SrcIdx:22]  ->  CONST[source:0(mediator),value:2(dynamic)][purpose:{subject}]
-----------
CONST[source:2(external),value:2(dynamic)][purpose:{subject}][SrcIdx:22]
CE0xab1bb40 "{CE0xab1bb40|VOIDTB_TE:_UCEP2:_elem_0:default:}"
CE0xabda2f0 "{CE0xabda2f0|may_context_mount_sb_relabel:tmp4|security/selinux/hooks.c,374}"
CE0xac08e50 "{CE0xac08e50|may_context_mount_sb_relabel:tmp4|security/selinux/hooks.c,374|*SummSink*}"
CONST[source:0(mediator),value:2(dynamic)][purpose:{subject}]


CONST[source:2(external),value:2(dynamic)][purpose:{subject}][SrcIdx:22]  ->  CONST[source:0(mediator),value:2(dynamic)][purpose:{object}]
-----------
CONST[source:2(external),value:2(dynamic)][purpose:{subject}][SrcIdx:22]
CE0xab1bb40 "{CE0xab1bb40|VOIDTB_TE:_UCEP2:_elem_0:default:}"
CE0xad97a40 "{CE0xad97a40|may_context_mount_inode_relabel:tmp14|*LoadInst*|security/selinux/hooks.c,395}"
CE0xad98040 "{CE0xad98040|may_context_mount_inode_relabel:tmp14|*LoadInst*|security/selinux/hooks.c,395|*SummSink*}"
CONST[source:0(mediator),value:2(dynamic)][purpose:{object}]


CONST[source:2(external),value:0(static)][purpose:{operation}][SrcIdx:8]  ->  CONST[source:0(mediator),value:2(dynamic)][purpose:{subject}]
-----------
CONST[source:2(external),value:0(static)][purpose:{operation}][SrcIdx:8]
CE0xada7b80 "{CE0xada7b80|i32_1|*Constant*}"
CE0xaf8a260 "{CE0xaf8a260|inode_doinit_with_dentry:sid|security/selinux/hooks.c, 1279}"
CE0xabe9380 "{CE0xabe9380|inode_doinit_with_dentry:tmp132|security/selinux/hooks.c,1405}"
CE0xab1bb40 "{CE0xab1bb40|VOIDTB_TE:_UCEP2:_elem_0:default:}"
CE0xabda2f0 "{CE0xabda2f0|may_context_mount_sb_relabel:tmp4|security/selinux/hooks.c,374}"
CE0xac08e50 "{CE0xac08e50|may_context_mount_sb_relabel:tmp4|security/selinux/hooks.c,374|*SummSink*}"
CONST[source:0(mediator),value:2(dynamic)][purpose:{subject}]


CONST[source:2(external),value:0(static)][purpose:{operation}][SrcIdx:8]  ->  CONST[source:0(mediator),value:2(dynamic)][purpose:{object}]
-----------
CONST[source:2(external),value:0(static)][purpose:{operation}][SrcIdx:8]
CE0xada7b80 "{CE0xada7b80|i32_1|*Constant*}"
CE0xaf8a260 "{CE0xaf8a260|inode_doinit_with_dentry:sid|security/selinux/hooks.c, 1279}"
CE0xabe9380 "{CE0xabe9380|inode_doinit_with_dentry:tmp132|security/selinux/hooks.c,1405}"
CE0xab1bb40 "{CE0xab1bb40|VOIDTB_TE:_UCEP2:_elem_0:default:}"
CE0xad97a40 "{CE0xad97a40|may_context_mount_inode_relabel:tmp14|*LoadInst*|security/selinux/hooks.c,395}"
CE0xad98040 "{CE0xad98040|may_context_mount_inode_relabel:tmp14|*LoadInst*|security/selinux/hooks.c,395|*SummSink*}"
CONST[source:0(mediator),value:2(dynamic)][purpose:{object}]


CONST[source:2(external),value:0(static)][purpose:{operation}][SrcIdx:11]  ->  CONST[source:0(mediator),value:2(dynamic)][purpose:{subject}]
-----------
CONST[source:2(external),value:0(static)][purpose:{operation}][SrcIdx:11]
CE0xac0bfd0 "{CE0xac0bfd0|i64_1|*Constant*}"
CE0xacb82e0 "{CE0xacb82e0|selinux_set_mnt_opts:tmp278|security/selinux/hooks.c,817}"
CE0xab1bb40 "{CE0xab1bb40|VOIDTB_TE:_UCEP2:_elem_0:default:}"
CE0xabda2f0 "{CE0xabda2f0|may_context_mount_sb_relabel:tmp4|security/selinux/hooks.c,374}"
CE0xac08e50 "{CE0xac08e50|may_context_mount_sb_relabel:tmp4|security/selinux/hooks.c,374|*SummSink*}"
CONST[source:0(mediator),value:2(dynamic)][purpose:{subject}]


CONST[source:2(external),value:0(static)][purpose:{operation}][SrcIdx:11]  ->  CONST[source:0(mediator),value:2(dynamic)][purpose:{object}]
-----------
CONST[source:2(external),value:0(static)][purpose:{operation}][SrcIdx:11]
CE0xac0bfd0 "{CE0xac0bfd0|i64_1|*Constant*}"
CE0xacb82e0 "{CE0xacb82e0|selinux_set_mnt_opts:tmp278|security/selinux/hooks.c,817}"
CE0xab1bb40 "{CE0xab1bb40|VOIDTB_TE:_UCEP2:_elem_0:default:}"
CE0xad97a40 "{CE0xad97a40|may_context_mount_inode_relabel:tmp14|*LoadInst*|security/selinux/hooks.c,395}"
CE0xad98040 "{CE0xad98040|may_context_mount_inode_relabel:tmp14|*LoadInst*|security/selinux/hooks.c,395|*SummSink*}"
CONST[source:0(mediator),value:2(dynamic)][purpose:{object}]


CONST[source:2(external),value:0(static)][purpose:{operation}][SrcIdx:13]  ->  CONST[source:0(mediator),value:2(dynamic)][purpose:{subject}]
-----------
CONST[source:2(external),value:0(static)][purpose:{operation}][SrcIdx:13]
CE0xada0810 "{CE0xada0810|i32_0|*Constant*}"
CE0xab1bb40 "{CE0xab1bb40|VOIDTB_TE:_UCEP2:_elem_0:default:}"
CE0xabda2f0 "{CE0xabda2f0|may_context_mount_sb_relabel:tmp4|security/selinux/hooks.c,374}"
CE0xac08e50 "{CE0xac08e50|may_context_mount_sb_relabel:tmp4|security/selinux/hooks.c,374|*SummSink*}"
CONST[source:0(mediator),value:2(dynamic)][purpose:{subject}]


CONST[source:2(external),value:0(static)][purpose:{operation}][SrcIdx:13]  ->  CONST[source:0(mediator),value:2(dynamic)][purpose:{object}]
-----------
CONST[source:2(external),value:0(static)][purpose:{operation}][SrcIdx:13]
CE0xada0810 "{CE0xada0810|i32_0|*Constant*}"
CE0xab1bb40 "{CE0xab1bb40|VOIDTB_TE:_UCEP2:_elem_0:default:}"
CE0xad97a40 "{CE0xad97a40|may_context_mount_inode_relabel:tmp14|*LoadInst*|security/selinux/hooks.c,395}"
CE0xad98040 "{CE0xad98040|may_context_mount_inode_relabel:tmp14|*LoadInst*|security/selinux/hooks.c,395|*SummSink*}"
CONST[source:0(mediator),value:2(dynamic)][purpose:{object}]


CONST[source:2(external),value:0(static)][purpose:{operation}][SrcIdx:18]  ->  CONST[source:0(mediator),value:2(dynamic)][purpose:{subject}]
-----------
CONST[source:2(external),value:0(static)][purpose:{operation}][SrcIdx:18]
CE0xac0ee80 "{CE0xac0ee80|i32_0|*Constant*}"
CE0xac2c220 "{CE0xac2c220|may_context_mount_sb_relabel:sid1|security/selinux/hooks.c,374}"
CE0xabda2f0 "{CE0xabda2f0|may_context_mount_sb_relabel:tmp4|security/selinux/hooks.c,374}"
CE0xac08e50 "{CE0xac08e50|may_context_mount_sb_relabel:tmp4|security/selinux/hooks.c,374|*SummSink*}"
CONST[source:0(mediator),value:2(dynamic)][purpose:{subject}]


CONST[source:2(external),value:0(static)][purpose:{operation}][SrcIdx:18]  ->  CONST[source:0(mediator),value:2(dynamic)][purpose:{object}]
-----------
CONST[source:2(external),value:0(static)][purpose:{operation}][SrcIdx:18]
CE0xac0ee80 "{CE0xac0ee80|i32_0|*Constant*}"
CE0xad976b0 "{CE0xad976b0|may_context_mount_inode_relabel:sid3|security/selinux/hooks.c,395}"
CE0xad97a40 "{CE0xad97a40|may_context_mount_inode_relabel:tmp14|*LoadInst*|security/selinux/hooks.c,395}"
CE0xad98040 "{CE0xad98040|may_context_mount_inode_relabel:tmp14|*LoadInst*|security/selinux/hooks.c,395|*SummSink*}"
CONST[source:0(mediator),value:2(dynamic)][purpose:{object}]



implicit:
CONST[source:2(external),value:0(static)][purpose:{operation}][SrcIdx:15]  ->  CONST[source:0(mediator),value:2(dynamic)][purpose:{object}]
-----------
CONST[source:2(external),value:0(static)][purpose:{operation}][SrcIdx:15]
CE0xadabe50 "{CE0xadabe50|i64_0|*Constant*}"
CE0xae10710 "{CE0xae10710|inode_doinit_with_dentry:tmp23|security/selinux/hooks.c,1294}"
CE0xab1bb40 "{CE0xab1bb40|VOIDTB_TE:_UCEP2:_elem_0:default:}"
CE0xac210d0 "{CE0xac210d0|may_context_mount_inode_relabel:tmp5|*LoadInst*|security/selinux/hooks.c,390}"
CE0xad8ad40 "{CE0xad8ad40|may_context_mount_inode_relabel:tmp5|*LoadInst*|security/selinux/hooks.c,390|*SummSink*}"
CONST[source:0(mediator),value:2(dynamic)][purpose:{object}]


CONST[source:2(external),value:0(static)][purpose:{operation}][SrcIdx:15]  ->  CONST[source:0(mediator),value:2(dynamic)][purpose:{subject}]
-----------
CONST[source:2(external),value:0(static)][purpose:{operation}][SrcIdx:15]
CE0xadabe50 "{CE0xadabe50|i64_0|*Constant*}"
CE0xae10710 "{CE0xae10710|inode_doinit_with_dentry:tmp23|security/selinux/hooks.c,1294}"
CE0xab1bb40 "{CE0xab1bb40|VOIDTB_TE:_UCEP2:_elem_0:default:}"
CE0xabc2b10 "{CE0xabc2b10|may_context_mount_sb_relabel:tmp14|security/selinux/hooks.c,379}"
CE0xabc31a0 "{CE0xabc31a0|may_context_mount_sb_relabel:tmp14|security/selinux/hooks.c,379|*SummSink*}"
CONST[source:0(mediator),value:2(dynamic)][purpose:{subject}]


CONST[source:2(external),value:0(static)][purpose:{operation}][SrcIdx:9]  ->  CONST[source:0(mediator),value:2(dynamic)][purpose:{object}]
-----------
CONST[source:2(external),value:0(static)][purpose:{operation}][SrcIdx:9]
CE0xada7b80 "{CE0xada7b80|i32_1|*Constant*}"
CE0xafe04b0 "{CE0xafe04b0|inode_doinit_with_dentry:sw.epilog}"
CE0xab1bb40 "{CE0xab1bb40|VOIDTB_TE:_UCEP2:_elem_0:default:}"
CE0xac210d0 "{CE0xac210d0|may_context_mount_inode_relabel:tmp5|*LoadInst*|security/selinux/hooks.c,390}"
CE0xad8ad40 "{CE0xad8ad40|may_context_mount_inode_relabel:tmp5|*LoadInst*|security/selinux/hooks.c,390|*SummSink*}"
CONST[source:0(mediator),value:2(dynamic)][purpose:{object}]


CONST[source:2(external),value:0(static)][purpose:{operation}][SrcIdx:9]  ->  CONST[source:0(mediator),value:2(dynamic)][purpose:{subject}]
-----------
CONST[source:2(external),value:0(static)][purpose:{operation}][SrcIdx:9]
CE0xada7b80 "{CE0xada7b80|i32_1|*Constant*}"
CE0xafe04b0 "{CE0xafe04b0|inode_doinit_with_dentry:sw.epilog}"
CE0xab1bb40 "{CE0xab1bb40|VOIDTB_TE:_UCEP2:_elem_0:default:}"
CE0xabc2b10 "{CE0xabc2b10|may_context_mount_sb_relabel:tmp14|security/selinux/hooks.c,379}"
CE0xabc31a0 "{CE0xabc31a0|may_context_mount_sb_relabel:tmp14|security/selinux/hooks.c,379|*SummSink*}"
CONST[source:0(mediator),value:2(dynamic)][purpose:{subject}]


CONST[source:1(input),value:2(dynamic)][purpose:{object}][SrcIdx:20]  ->  CONST[source:0(mediator),value:2(dynamic)][purpose:{object}]
-----------
CONST[source:1(input),value:2(dynamic)][purpose:{object}][SrcIdx:20]
CE0xab1bb40 "{CE0xab1bb40|VOIDTB_TE:_UCEP2:_elem_0:default:}"
CE0xac210d0 "{CE0xac210d0|may_context_mount_inode_relabel:tmp5|*LoadInst*|security/selinux/hooks.c,390}"
CE0xad8ad40 "{CE0xad8ad40|may_context_mount_inode_relabel:tmp5|*LoadInst*|security/selinux/hooks.c,390|*SummSink*}"
CONST[source:0(mediator),value:2(dynamic)][purpose:{object}]


CONST[source:1(input),value:2(dynamic)][purpose:{object}][SrcIdx:20]  ->  CONST[source:0(mediator),value:2(dynamic)][purpose:{subject}]
-----------
CONST[source:1(input),value:2(dynamic)][purpose:{object}][SrcIdx:20]
CE0xab1bb40 "{CE0xab1bb40|VOIDTB_TE:_UCEP2:_elem_0:default:}"
CE0xabc2b10 "{CE0xabc2b10|may_context_mount_sb_relabel:tmp14|security/selinux/hooks.c,379}"
CE0xabc31a0 "{CE0xabc31a0|may_context_mount_sb_relabel:tmp14|security/selinux/hooks.c,379|*SummSink*}"
CONST[source:0(mediator),value:2(dynamic)][purpose:{subject}]


CONST[source:2(external),value:0(static)][purpose:{operation}][SrcIdx:11]  ->  CONST[source:0(mediator),value:2(dynamic)][purpose:{object}]
-----------
CONST[source:2(external),value:0(static)][purpose:{operation}][SrcIdx:11]
CE0xac0bfd0 "{CE0xac0bfd0|i64_1|*Constant*}"
CE0xae14a00 "{CE0xae14a00|selinux_set_mnt_opts:tmp290|security/selinux/hooks.c,829}"
CE0xab1bb40 "{CE0xab1bb40|VOIDTB_TE:_UCEP2:_elem_0:default:}"
CE0xac210d0 "{CE0xac210d0|may_context_mount_inode_relabel:tmp5|*LoadInst*|security/selinux/hooks.c,390}"
CE0xad8ad40 "{CE0xad8ad40|may_context_mount_inode_relabel:tmp5|*LoadInst*|security/selinux/hooks.c,390|*SummSink*}"
CONST[source:0(mediator),value:2(dynamic)][purpose:{object}]


CONST[source:2(external),value:0(static)][purpose:{operation}][SrcIdx:11]  ->  CONST[source:0(mediator),value:2(dynamic)][purpose:{subject}]
-----------
CONST[source:2(external),value:0(static)][purpose:{operation}][SrcIdx:11]
CE0xac0bfd0 "{CE0xac0bfd0|i64_1|*Constant*}"
CE0xae14a00 "{CE0xae14a00|selinux_set_mnt_opts:tmp290|security/selinux/hooks.c,829}"
CE0xab1bb40 "{CE0xab1bb40|VOIDTB_TE:_UCEP2:_elem_0:default:}"
CE0xabc2b10 "{CE0xabc2b10|may_context_mount_sb_relabel:tmp14|security/selinux/hooks.c,379}"
CE0xabc31a0 "{CE0xabc31a0|may_context_mount_sb_relabel:tmp14|security/selinux/hooks.c,379|*SummSink*}"
CONST[source:0(mediator),value:2(dynamic)][purpose:{subject}]


CONST[source:2(external),value:0(static)][purpose:{operation}][SrcIdx:14]  ->  CONST[source:0(mediator),value:2(dynamic)][purpose:{object}]
-----------
CONST[source:2(external),value:0(static)][purpose:{operation}][SrcIdx:14]
CE0xada0810 "{CE0xada0810|i32_0|*Constant*}"
CE0xab1bb40 "{CE0xab1bb40|VOIDTB_TE:_UCEP2:_elem_0:default:}"
CE0xac210d0 "{CE0xac210d0|may_context_mount_inode_relabel:tmp5|*LoadInst*|security/selinux/hooks.c,390}"
CE0xad8ad40 "{CE0xad8ad40|may_context_mount_inode_relabel:tmp5|*LoadInst*|security/selinux/hooks.c,390|*SummSink*}"
CONST[source:0(mediator),value:2(dynamic)][purpose:{object}]


CONST[source:2(external),value:0(static)][purpose:{operation}][SrcIdx:14]  ->  CONST[source:0(mediator),value:2(dynamic)][purpose:{subject}]
-----------
CONST[source:2(external),value:0(static)][purpose:{operation}][SrcIdx:14]
CE0xada0810 "{CE0xada0810|i32_0|*Constant*}"
CE0xab1bb40 "{CE0xab1bb40|VOIDTB_TE:_UCEP2:_elem_0:default:}"
CE0xabc2b10 "{CE0xabc2b10|may_context_mount_sb_relabel:tmp14|security/selinux/hooks.c,379}"
CE0xabc31a0 "{CE0xabc31a0|may_context_mount_sb_relabel:tmp14|security/selinux/hooks.c,379|*SummSink*}"
CONST[source:0(mediator),value:2(dynamic)][purpose:{subject}]


CONST[source:2(external),value:0(static)][purpose:{operation}][SrcIdx:16]  ->  CONST[source:0(mediator),value:2(dynamic)][purpose:{object}]
-----------
CONST[source:2(external),value:0(static)][purpose:{operation}][SrcIdx:16]
CE0xac0ee80 "{CE0xac0ee80|i32_0|*Constant*}"
CE0xac0c250 "{CE0xac0c250|may_context_mount_inode_relabel:sid2|security/selinux/hooks.c,390}"
CE0xac210d0 "{CE0xac210d0|may_context_mount_inode_relabel:tmp5|*LoadInst*|security/selinux/hooks.c,390}"
CE0xad8ad40 "{CE0xad8ad40|may_context_mount_inode_relabel:tmp5|*LoadInst*|security/selinux/hooks.c,390|*SummSink*}"
CONST[source:0(mediator),value:2(dynamic)][purpose:{object}]


CONST[source:2(external),value:0(static)][purpose:{operation}][SrcIdx:16]  ->  CONST[source:0(mediator),value:2(dynamic)][purpose:{subject}]
-----------
CONST[source:2(external),value:0(static)][purpose:{operation}][SrcIdx:16]
CE0xac0ee80 "{CE0xac0ee80|i32_0|*Constant*}"
CE0xabc2720 "{CE0xabc2720|may_context_mount_sb_relabel:sid3|security/selinux/hooks.c,379}"
CE0xabc2b10 "{CE0xabc2b10|may_context_mount_sb_relabel:tmp14|security/selinux/hooks.c,379}"
CE0xabc31a0 "{CE0xabc31a0|may_context_mount_sb_relabel:tmp14|security/selinux/hooks.c,379|*SummSink*}"
CONST[source:0(mediator),value:2(dynamic)][purpose:{subject}]


CONST[source:1(input),value:2(dynamic)][purpose:{object}][SrcIdx:21]  ->  CONST[source:0(mediator),value:2(dynamic)][purpose:{object}]
-----------
CONST[source:1(input),value:2(dynamic)][purpose:{object}][SrcIdx:21]
CE0xac22a20 "{CE0xac22a20|0:_i8**,_8:_i32*,_16:_i32,_:_SCMR_16,20_|*MultipleSource*|Function::selinux_set_mnt_opts&Arg::opts::|security/selinux/hooks.c,629}"
CE0xac2d800 "{CE0xac2d800|selinux_set_mnt_opts:tmp31|*LoadInst*|security/selinux/hooks.c,631}"
CE0xab61ef0 "{CE0xab61ef0|selinux_set_mnt_opts:cmp42|security/selinux/hooks.c,674}"
CE0xab1b8a0 "{CE0xab1b8a0|selinux_set_mnt_opts:if.end142}"
CE0xab1bb40 "{CE0xab1bb40|VOIDTB_TE:_UCEP2:_elem_0:default:}"
CE0xac210d0 "{CE0xac210d0|may_context_mount_inode_relabel:tmp5|*LoadInst*|security/selinux/hooks.c,390}"
CE0xad8ad40 "{CE0xad8ad40|may_context_mount_inode_relabel:tmp5|*LoadInst*|security/selinux/hooks.c,390|*SummSink*}"
CONST[source:0(mediator),value:2(dynamic)][purpose:{object}]


CONST[source:1(input),value:2(dynamic)][purpose:{object}][SrcIdx:21]  ->  CONST[source:0(mediator),value:2(dynamic)][purpose:{subject}]
-----------
CONST[source:1(input),value:2(dynamic)][purpose:{object}][SrcIdx:21]
CE0xac22a20 "{CE0xac22a20|0:_i8**,_8:_i32*,_16:_i32,_:_SCMR_16,20_|*MultipleSource*|Function::selinux_set_mnt_opts&Arg::opts::|security/selinux/hooks.c,629}"
CE0xac2d800 "{CE0xac2d800|selinux_set_mnt_opts:tmp31|*LoadInst*|security/selinux/hooks.c,631}"
CE0xab61ef0 "{CE0xab61ef0|selinux_set_mnt_opts:cmp42|security/selinux/hooks.c,674}"
CE0xab1b8a0 "{CE0xab1b8a0|selinux_set_mnt_opts:if.end142}"
CE0xab1bb40 "{CE0xab1bb40|VOIDTB_TE:_UCEP2:_elem_0:default:}"
CE0xabc2b10 "{CE0xabc2b10|may_context_mount_sb_relabel:tmp14|security/selinux/hooks.c,379}"
CE0xabc31a0 "{CE0xabc31a0|may_context_mount_sb_relabel:tmp14|security/selinux/hooks.c,379|*SummSink*}"
CONST[source:0(mediator),value:2(dynamic)][purpose:{subject}]


CONST[source:2(external),value:0(static)][purpose:{operation}][SrcIdx:6]  ->  CONST[source:0(mediator),value:2(dynamic)][purpose:{object}]
-----------
CONST[source:2(external),value:0(static)][purpose:{operation}][SrcIdx:6]
CE0xac0d470 "{CE0xac0d470|i64_0|*Constant*}"
CE0xacaa320 "{CE0xacaa320|selinux_set_mnt_opts:tmp260|security/selinux/hooks.c,806}"
CE0xab1bb40 "{CE0xab1bb40|VOIDTB_TE:_UCEP2:_elem_0:default:}"
CE0xac210d0 "{CE0xac210d0|may_context_mount_inode_relabel:tmp5|*LoadInst*|security/selinux/hooks.c,390}"
CE0xad8ad40 "{CE0xad8ad40|may_context_mount_inode_relabel:tmp5|*LoadInst*|security/selinux/hooks.c,390|*SummSink*}"
CONST[source:0(mediator),value:2(dynamic)][purpose:{object}]


CONST[source:2(external),value:0(static)][purpose:{operation}][SrcIdx:6]  ->  CONST[source:0(mediator),value:2(dynamic)][purpose:{subject}]
-----------
CONST[source:2(external),value:0(static)][purpose:{operation}][SrcIdx:6]
CE0xac0d470 "{CE0xac0d470|i64_0|*Constant*}"
CE0xacaa320 "{CE0xacaa320|selinux_set_mnt_opts:tmp260|security/selinux/hooks.c,806}"
CE0xab1bb40 "{CE0xab1bb40|VOIDTB_TE:_UCEP2:_elem_0:default:}"
CE0xabc2b10 "{CE0xabc2b10|may_context_mount_sb_relabel:tmp14|security/selinux/hooks.c,379}"
CE0xabc31a0 "{CE0xabc31a0|may_context_mount_sb_relabel:tmp14|security/selinux/hooks.c,379|*SummSink*}"
CONST[source:0(mediator),value:2(dynamic)][purpose:{subject}]


CONST[source:2(external),value:0(static)][purpose:{operation}][SrcIdx:2]  ->  CONST[source:0(mediator),value:2(dynamic)][purpose:{object}]
-----------
CONST[source:2(external),value:0(static)][purpose:{operation}][SrcIdx:2]
CE0xad9bbe0 "{CE0xad9bbe0|i32_-61|*Constant*}"
CE0xadafb90 "{CE0xadafb90|sb_finish_set_opts:cmp9|security/selinux/hooks.c,443}"
CE0xadc5990 "{CE0xadc5990|sb_finish_set_opts:if.then61}"
CE0xab1bb40 "{CE0xab1bb40|VOIDTB_TE:_UCEP2:_elem_0:default:}"
CE0xac210d0 "{CE0xac210d0|may_context_mount_inode_relabel:tmp5|*LoadInst*|security/selinux/hooks.c,390}"
CE0xad8ad40 "{CE0xad8ad40|may_context_mount_inode_relabel:tmp5|*LoadInst*|security/selinux/hooks.c,390|*SummSink*}"
CONST[source:0(mediator),value:2(dynamic)][purpose:{object}]


CONST[source:2(external),value:0(static)][purpose:{operation}][SrcIdx:2]  ->  CONST[source:0(mediator),value:2(dynamic)][purpose:{subject}]
-----------
CONST[source:2(external),value:0(static)][purpose:{operation}][SrcIdx:2]
CE0xad9bbe0 "{CE0xad9bbe0|i32_-61|*Constant*}"
CE0xadafb90 "{CE0xadafb90|sb_finish_set_opts:cmp9|security/selinux/hooks.c,443}"
CE0xadc5990 "{CE0xadc5990|sb_finish_set_opts:if.then61}"
CE0xab1bb40 "{CE0xab1bb40|VOIDTB_TE:_UCEP2:_elem_0:default:}"
CE0xabc2b10 "{CE0xabc2b10|may_context_mount_sb_relabel:tmp14|security/selinux/hooks.c,379}"
CE0xabc31a0 "{CE0xabc31a0|may_context_mount_sb_relabel:tmp14|security/selinux/hooks.c,379|*SummSink*}"
CONST[source:0(mediator),value:2(dynamic)][purpose:{subject}]


CONST[source:2(external),value:0(static)][purpose:{operation}][SrcIdx:17]  ->  CONST[source:0(mediator),value:2(dynamic)][purpose:{object}]
-----------
CONST[source:2(external),value:0(static)][purpose:{operation}][SrcIdx:17]
CE0xac13a30 "{CE0xac13a30|i64_0|*Constant*}"
CE0xad8dc50 "{CE0xad8dc50|sb_finish_set_opts:call5|security/selinux/hooks.c,442}"
CE0xad9ea30 "{CE0xad9ea30|sb_finish_set_opts:conv6|security/selinux/hooks.c,442}"
CE0xad9b460 "{CE0xad9b460|sb_finish_set_opts:cmp7|security/selinux/hooks.c,443}"
CE0xae21440 "{CE0xae21440|sb_finish_set_opts:if.then52}"
CE0xab1bb40 "{CE0xab1bb40|VOIDTB_TE:_UCEP2:_elem_0:default:}"
CE0xac210d0 "{CE0xac210d0|may_context_mount_inode_relabel:tmp5|*LoadInst*|security/selinux/hooks.c,390}"
CE0xad8ad40 "{CE0xad8ad40|may_context_mount_inode_relabel:tmp5|*LoadInst*|security/selinux/hooks.c,390|*SummSink*}"
CONST[source:0(mediator),value:2(dynamic)][purpose:{object}]


CONST[source:2(external),value:0(static)][purpose:{operation}][SrcIdx:17]  ->  CONST[source:0(mediator),value:2(dynamic)][purpose:{subject}]
-----------
CONST[source:2(external),value:0(static)][purpose:{operation}][SrcIdx:17]
CE0xac13a30 "{CE0xac13a30|i64_0|*Constant*}"
CE0xad8dc50 "{CE0xad8dc50|sb_finish_set_opts:call5|security/selinux/hooks.c,442}"
CE0xad9ea30 "{CE0xad9ea30|sb_finish_set_opts:conv6|security/selinux/hooks.c,442}"
CE0xad9b460 "{CE0xad9b460|sb_finish_set_opts:cmp7|security/selinux/hooks.c,443}"
CE0xae21440 "{CE0xae21440|sb_finish_set_opts:if.then52}"
CE0xab1bb40 "{CE0xab1bb40|VOIDTB_TE:_UCEP2:_elem_0:default:}"
CE0xabc2b10 "{CE0xabc2b10|may_context_mount_sb_relabel:tmp14|security/selinux/hooks.c,379}"
CE0xabc31a0 "{CE0xabc31a0|may_context_mount_sb_relabel:tmp14|security/selinux/hooks.c,379|*SummSink*}"
CONST[source:0(mediator),value:2(dynamic)][purpose:{subject}]


CONST[source:2(external),value:0(static)][purpose:{operation}][SrcIdx:18]  ->  CONST[source:0(mediator),value:2(dynamic)][purpose:{object}]
-----------
CONST[source:2(external),value:0(static)][purpose:{operation}][SrcIdx:18]
CE0xac0ee80 "{CE0xac0ee80|i32_0|*Constant*}"
CE0xac0c250 "{CE0xac0c250|may_context_mount_inode_relabel:sid2|security/selinux/hooks.c,390}"
CE0xac210d0 "{CE0xac210d0|may_context_mount_inode_relabel:tmp5|*LoadInst*|security/selinux/hooks.c,390}"
CE0xad8ad40 "{CE0xad8ad40|may_context_mount_inode_relabel:tmp5|*LoadInst*|security/selinux/hooks.c,390|*SummSink*}"
CONST[source:0(mediator),value:2(dynamic)][purpose:{object}]


CONST[source:2(external),value:0(static)][purpose:{operation}][SrcIdx:18]  ->  CONST[source:0(mediator),value:2(dynamic)][purpose:{subject}]
-----------
CONST[source:2(external),value:0(static)][purpose:{operation}][SrcIdx:18]
CE0xac0ee80 "{CE0xac0ee80|i32_0|*Constant*}"
CE0xabc2720 "{CE0xabc2720|may_context_mount_sb_relabel:sid3|security/selinux/hooks.c,379}"
CE0xabc2b10 "{CE0xabc2b10|may_context_mount_sb_relabel:tmp14|security/selinux/hooks.c,379}"
CE0xabc31a0 "{CE0xabc31a0|may_context_mount_sb_relabel:tmp14|security/selinux/hooks.c,379|*SummSink*}"
CONST[source:0(mediator),value:2(dynamic)][purpose:{subject}]


CONST[source:2(external),value:0(static)][purpose:{operation}][SrcIdx:12]  ->  CONST[source:0(mediator),value:2(dynamic)][purpose:{object}]
-----------
CONST[source:2(external),value:0(static)][purpose:{operation}][SrcIdx:12]
CE0xaf9a6a0 "{CE0xaf9a6a0|i32_61440|*Constant*}"
CE0xaf9b610 "{CE0xaf9b610|inode_mode_to_security_class:and|security/selinux/hooks.c,1139}"
CE0xaf924c0 "{CE0xaf924c0|inode_mode_to_security_class:sw.bb1}"
CE0xab1bb40 "{CE0xab1bb40|VOIDTB_TE:_UCEP2:_elem_0:default:}"
CE0xac210d0 "{CE0xac210d0|may_context_mount_inode_relabel:tmp5|*LoadInst*|security/selinux/hooks.c,390}"
CE0xad8ad40 "{CE0xad8ad40|may_context_mount_inode_relabel:tmp5|*LoadInst*|security/selinux/hooks.c,390|*SummSink*}"
CONST[source:0(mediator),value:2(dynamic)][purpose:{object}]


CONST[source:2(external),value:0(static)][purpose:{operation}][SrcIdx:12]  ->  CONST[source:0(mediator),value:2(dynamic)][purpose:{subject}]
-----------
CONST[source:2(external),value:0(static)][purpose:{operation}][SrcIdx:12]
CE0xaf9a6a0 "{CE0xaf9a6a0|i32_61440|*Constant*}"
CE0xaf9b610 "{CE0xaf9b610|inode_mode_to_security_class:and|security/selinux/hooks.c,1139}"
CE0xaf924c0 "{CE0xaf924c0|inode_mode_to_security_class:sw.bb1}"
CE0xab1bb40 "{CE0xab1bb40|VOIDTB_TE:_UCEP2:_elem_0:default:}"
CE0xabc2b10 "{CE0xabc2b10|may_context_mount_sb_relabel:tmp14|security/selinux/hooks.c,379}"
CE0xabc31a0 "{CE0xabc31a0|may_context_mount_sb_relabel:tmp14|security/selinux/hooks.c,379|*SummSink*}"
CONST[source:0(mediator),value:2(dynamic)][purpose:{subject}]


CONST[source:2(external),value:0(static)][purpose:{operation}][SrcIdx:13]  ->  CONST[source:0(mediator),value:2(dynamic)][purpose:{object}]
-----------
CONST[source:2(external),value:0(static)][purpose:{operation}][SrcIdx:13]
CE0xada0810 "{CE0xada0810|i32_0|*Constant*}"
CE0xab1bb40 "{CE0xab1bb40|VOIDTB_TE:_UCEP2:_elem_0:default:}"
CE0xac210d0 "{CE0xac210d0|may_context_mount_inode_relabel:tmp5|*LoadInst*|security/selinux/hooks.c,390}"
CE0xad8ad40 "{CE0xad8ad40|may_context_mount_inode_relabel:tmp5|*LoadInst*|security/selinux/hooks.c,390|*SummSink*}"
CONST[source:0(mediator),value:2(dynamic)][purpose:{object}]


CONST[source:2(external),value:0(static)][purpose:{operation}][SrcIdx:13]  ->  CONST[source:0(mediator),value:2(dynamic)][purpose:{subject}]
-----------
CONST[source:2(external),value:0(static)][purpose:{operation}][SrcIdx:13]
CE0xada0810 "{CE0xada0810|i32_0|*Constant*}"
CE0xab1bb40 "{CE0xab1bb40|VOIDTB_TE:_UCEP2:_elem_0:default:}"
CE0xabc2b10 "{CE0xabc2b10|may_context_mount_sb_relabel:tmp14|security/selinux/hooks.c,379}"
CE0xabc31a0 "{CE0xabc31a0|may_context_mount_sb_relabel:tmp14|security/selinux/hooks.c,379|*SummSink*}"
CONST[source:0(mediator),value:2(dynamic)][purpose:{subject}]


CONST[source:2(external),value:0(static)][purpose:{operation}][SrcIdx:5]  ->  CONST[source:0(mediator),value:2(dynamic)][purpose:{object}]
-----------
CONST[source:2(external),value:0(static)][purpose:{operation}][SrcIdx:5]
CE0xac2cba0 "{CE0xac2cba0|i32_0|*Constant*}"
CE0xab1bb40 "{CE0xab1bb40|VOIDTB_TE:_UCEP2:_elem_0:default:}"
CE0xac210d0 "{CE0xac210d0|may_context_mount_inode_relabel:tmp5|*LoadInst*|security/selinux/hooks.c,390}"
CE0xad8ad40 "{CE0xad8ad40|may_context_mount_inode_relabel:tmp5|*LoadInst*|security/selinux/hooks.c,390|*SummSink*}"
CONST[source:0(mediator),value:2(dynamic)][purpose:{object}]


CONST[source:2(external),value:0(static)][purpose:{operation}][SrcIdx:5]  ->  CONST[source:0(mediator),value:2(dynamic)][purpose:{subject}]
-----------
CONST[source:2(external),value:0(static)][purpose:{operation}][SrcIdx:5]
CE0xac2cba0 "{CE0xac2cba0|i32_0|*Constant*}"
CE0xab1bb40 "{CE0xab1bb40|VOIDTB_TE:_UCEP2:_elem_0:default:}"
CE0xabc2b10 "{CE0xabc2b10|may_context_mount_sb_relabel:tmp14|security/selinux/hooks.c,379}"
CE0xabc31a0 "{CE0xabc31a0|may_context_mount_sb_relabel:tmp14|security/selinux/hooks.c,379|*SummSink*}"
CONST[source:0(mediator),value:2(dynamic)][purpose:{subject}]


CONST[source:2(external),value:0(static)][purpose:{operation}][SrcIdx:8]  ->  CONST[source:0(mediator),value:2(dynamic)][purpose:{object}]
-----------
CONST[source:2(external),value:0(static)][purpose:{operation}][SrcIdx:8]
CE0xada7b80 "{CE0xada7b80|i32_1|*Constant*}"
CE0xafe04b0 "{CE0xafe04b0|inode_doinit_with_dentry:sw.epilog}"
CE0xab1bb40 "{CE0xab1bb40|VOIDTB_TE:_UCEP2:_elem_0:default:}"
CE0xac210d0 "{CE0xac210d0|may_context_mount_inode_relabel:tmp5|*LoadInst*|security/selinux/hooks.c,390}"
CE0xad8ad40 "{CE0xad8ad40|may_context_mount_inode_relabel:tmp5|*LoadInst*|security/selinux/hooks.c,390|*SummSink*}"
CONST[source:0(mediator),value:2(dynamic)][purpose:{object}]


CONST[source:2(external),value:0(static)][purpose:{operation}][SrcIdx:8]  ->  CONST[source:0(mediator),value:2(dynamic)][purpose:{subject}]
-----------
CONST[source:2(external),value:0(static)][purpose:{operation}][SrcIdx:8]
CE0xada7b80 "{CE0xada7b80|i32_1|*Constant*}"
CE0xafe04b0 "{CE0xafe04b0|inode_doinit_with_dentry:sw.epilog}"
CE0xab1bb40 "{CE0xab1bb40|VOIDTB_TE:_UCEP2:_elem_0:default:}"
CE0xabc2b10 "{CE0xabc2b10|may_context_mount_sb_relabel:tmp14|security/selinux/hooks.c,379}"
CE0xabc31a0 "{CE0xabc31a0|may_context_mount_sb_relabel:tmp14|security/selinux/hooks.c,379|*SummSink*}"
CONST[source:0(mediator),value:2(dynamic)][purpose:{subject}]


CONST[source:2(external),value:0(static)][purpose:{operation}][SrcIdx:1]  ->  CONST[source:0(mediator),value:2(dynamic)][purpose:{object}]
-----------
CONST[source:2(external),value:0(static)][purpose:{operation}][SrcIdx:1]
CE0xaf8e470 "{CE0xaf8e470|i32_-61|*Constant*}"
CE0xade0150 "{CE0xade0150|inode_doinit_with_dentry:cmp63|security/selinux/hooks.c,1370}"
CE0xaff0100 "{CE0xaff0100|inode_doinit_with_dentry:if.end92}"
CE0xab1bb40 "{CE0xab1bb40|VOIDTB_TE:_UCEP2:_elem_0:default:}"
CE0xac210d0 "{CE0xac210d0|may_context_mount_inode_relabel:tmp5|*LoadInst*|security/selinux/hooks.c,390}"
CE0xad8ad40 "{CE0xad8ad40|may_context_mount_inode_relabel:tmp5|*LoadInst*|security/selinux/hooks.c,390|*SummSink*}"
CONST[source:0(mediator),value:2(dynamic)][purpose:{object}]


CONST[source:2(external),value:0(static)][purpose:{operation}][SrcIdx:1]  ->  CONST[source:0(mediator),value:2(dynamic)][purpose:{subject}]
-----------
CONST[source:2(external),value:0(static)][purpose:{operation}][SrcIdx:1]
CE0xaf8e470 "{CE0xaf8e470|i32_-61|*Constant*}"
CE0xade0150 "{CE0xade0150|inode_doinit_with_dentry:cmp63|security/selinux/hooks.c,1370}"
CE0xaff0100 "{CE0xaff0100|inode_doinit_with_dentry:if.end92}"
CE0xab1bb40 "{CE0xab1bb40|VOIDTB_TE:_UCEP2:_elem_0:default:}"
CE0xabc2b10 "{CE0xabc2b10|may_context_mount_sb_relabel:tmp14|security/selinux/hooks.c,379}"
CE0xabc31a0 "{CE0xabc31a0|may_context_mount_sb_relabel:tmp14|security/selinux/hooks.c,379|*SummSink*}"
CONST[source:0(mediator),value:2(dynamic)][purpose:{subject}]


CONST[source:0(mediator),value:2(dynamic)][purpose:{subject}][SrcIdx:23]  ->  CONST[source:0(mediator),value:2(dynamic)][purpose:{object}]
-----------
CONST[source:0(mediator),value:2(dynamic)][purpose:{subject}][SrcIdx:23]
CE0xab1bb40 "{CE0xab1bb40|VOIDTB_TE:_UCEP2:_elem_0:default:}"
CE0xac210d0 "{CE0xac210d0|may_context_mount_inode_relabel:tmp5|*LoadInst*|security/selinux/hooks.c,390}"
CE0xad8ad40 "{CE0xad8ad40|may_context_mount_inode_relabel:tmp5|*LoadInst*|security/selinux/hooks.c,390|*SummSink*}"
CONST[source:0(mediator),value:2(dynamic)][purpose:{object}]


CONST[source:2(external),value:0(static)][purpose:{operation}][SrcIdx:7]  ->  CONST[source:0(mediator),value:2(dynamic)][purpose:{object}]
-----------
CONST[source:2(external),value:0(static)][purpose:{operation}][SrcIdx:7]
CE0xae08d20 "{CE0xae08d20|i32_208|*Constant*}"
CE0xab87600 "{CE0xab87600|selinux_proc_get_sid:call|security/selinux/hooks.c,1245}"
CE0xab958c0 "{CE0xab958c0|selinux_proc_get_sid:tmp2|security/selinux/hooks.c,1245}"
CE0xaff2d00 "{CE0xaff2d00|selinux_proc_get_sid:tobool|security/selinux/hooks.c,1246}"
CE0xadec700 "{CE0xadec700|selinux_proc_get_sid:if.end13}"
CE0xb092fa0 "{CE0xb092fa0|selinux_proc_get_sid:rc.0}"
CE0xb096120 "{CE0xb096120|selinux_proc_get_sid:retval.0}"
CE0xad87cb0 "{CE0xad87cb0|_ret_i32_%retval.0,_!dbg_!27752|security/selinux/hooks.c,1264}"
CE0xb17f740 "{CE0xb17f740|inode_doinit_with_dentry:call135|security/selinux/hooks.c,1452}"
CE0xb170d60 "{CE0xb170d60|inode_doinit_with_dentry:tobool136|security/selinux/hooks.c,1454}"
CE0xaf822f0 "{CE0xaf822f0|inode_doinit_with_dentry:if.then137}"
CE0xab1bb40 "{CE0xab1bb40|VOIDTB_TE:_UCEP2:_elem_0:default:}"
CE0xac210d0 "{CE0xac210d0|may_context_mount_inode_relabel:tmp5|*LoadInst*|security/selinux/hooks.c,390}"
CE0xad8ad40 "{CE0xad8ad40|may_context_mount_inode_relabel:tmp5|*LoadInst*|security/selinux/hooks.c,390|*SummSink*}"
CONST[source:0(mediator),value:2(dynamic)][purpose:{object}]


CONST[source:2(external),value:0(static)][purpose:{operation}][SrcIdx:7]  ->  CONST[source:0(mediator),value:2(dynamic)][purpose:{subject}]
-----------
CONST[source:2(external),value:0(static)][purpose:{operation}][SrcIdx:7]
CE0xae08d20 "{CE0xae08d20|i32_208|*Constant*}"
CE0xab87600 "{CE0xab87600|selinux_proc_get_sid:call|security/selinux/hooks.c,1245}"
CE0xab958c0 "{CE0xab958c0|selinux_proc_get_sid:tmp2|security/selinux/hooks.c,1245}"
CE0xaff2d00 "{CE0xaff2d00|selinux_proc_get_sid:tobool|security/selinux/hooks.c,1246}"
CE0xadec700 "{CE0xadec700|selinux_proc_get_sid:if.end13}"
CE0xb092fa0 "{CE0xb092fa0|selinux_proc_get_sid:rc.0}"
CE0xb096120 "{CE0xb096120|selinux_proc_get_sid:retval.0}"
CE0xad87cb0 "{CE0xad87cb0|_ret_i32_%retval.0,_!dbg_!27752|security/selinux/hooks.c,1264}"
CE0xb17f740 "{CE0xb17f740|inode_doinit_with_dentry:call135|security/selinux/hooks.c,1452}"
CE0xb170d60 "{CE0xb170d60|inode_doinit_with_dentry:tobool136|security/selinux/hooks.c,1454}"
CE0xaf822f0 "{CE0xaf822f0|inode_doinit_with_dentry:if.then137}"
CE0xab1bb40 "{CE0xab1bb40|VOIDTB_TE:_UCEP2:_elem_0:default:}"
CE0xabc2b10 "{CE0xabc2b10|may_context_mount_sb_relabel:tmp14|security/selinux/hooks.c,379}"
CE0xabc31a0 "{CE0xabc31a0|may_context_mount_sb_relabel:tmp14|security/selinux/hooks.c,379|*SummSink*}"
CONST[source:0(mediator),value:2(dynamic)][purpose:{subject}]


CONST[source:2(external),value:2(dynamic)][purpose:{subject}][SrcIdx:22]  ->  CONST[source:0(mediator),value:2(dynamic)][purpose:{object}]
-----------
CONST[source:2(external),value:2(dynamic)][purpose:{subject}][SrcIdx:22]
CE0xab1bb40 "{CE0xab1bb40|VOIDTB_TE:_UCEP2:_elem_0:default:}"
CE0xac210d0 "{CE0xac210d0|may_context_mount_inode_relabel:tmp5|*LoadInst*|security/selinux/hooks.c,390}"
CE0xad8ad40 "{CE0xad8ad40|may_context_mount_inode_relabel:tmp5|*LoadInst*|security/selinux/hooks.c,390|*SummSink*}"
CONST[source:0(mediator),value:2(dynamic)][purpose:{object}]


CONST[source:2(external),value:2(dynamic)][purpose:{subject}][SrcIdx:22]  ->  CONST[source:0(mediator),value:2(dynamic)][purpose:{subject}]
-----------
CONST[source:2(external),value:2(dynamic)][purpose:{subject}][SrcIdx:22]
CE0xab1bb40 "{CE0xab1bb40|VOIDTB_TE:_UCEP2:_elem_0:default:}"
CE0xabc2b10 "{CE0xabc2b10|may_context_mount_sb_relabel:tmp14|security/selinux/hooks.c,379}"
CE0xabc31a0 "{CE0xabc31a0|may_context_mount_sb_relabel:tmp14|security/selinux/hooks.c,379|*SummSink*}"
CONST[source:0(mediator),value:2(dynamic)][purpose:{subject}]


CONST[source:2(external),value:0(static)][purpose:{operation}][SrcIdx:4]  ->  CONST[source:0(mediator),value:2(dynamic)][purpose:{object}]
-----------
CONST[source:2(external),value:0(static)][purpose:{operation}][SrcIdx:4]
CE0xafc2b50 "{CE0xafc2b50|i32_-34|*Constant*}"
CE0xafc89e0 "{CE0xafc89e0|inode_doinit_with_dentry:cmp|security/selinux/hooks.c,1346}"
CE0xafe04b0 "{CE0xafe04b0|inode_doinit_with_dentry:sw.epilog}"
CE0xab1bb40 "{CE0xab1bb40|VOIDTB_TE:_UCEP2:_elem_0:default:}"
CE0xac210d0 "{CE0xac210d0|may_context_mount_inode_relabel:tmp5|*LoadInst*|security/selinux/hooks.c,390}"
CE0xad8ad40 "{CE0xad8ad40|may_context_mount_inode_relabel:tmp5|*LoadInst*|security/selinux/hooks.c,390|*SummSink*}"
CONST[source:0(mediator),value:2(dynamic)][purpose:{object}]


CONST[source:2(external),value:0(static)][purpose:{operation}][SrcIdx:4]  ->  CONST[source:0(mediator),value:2(dynamic)][purpose:{subject}]
-----------
CONST[source:2(external),value:0(static)][purpose:{operation}][SrcIdx:4]
CE0xafc2b50 "{CE0xafc2b50|i32_-34|*Constant*}"
CE0xafc89e0 "{CE0xafc89e0|inode_doinit_with_dentry:cmp|security/selinux/hooks.c,1346}"
CE0xafe04b0 "{CE0xafe04b0|inode_doinit_with_dentry:sw.epilog}"
CE0xab1bb40 "{CE0xab1bb40|VOIDTB_TE:_UCEP2:_elem_0:default:}"
CE0xabc2b10 "{CE0xabc2b10|may_context_mount_sb_relabel:tmp14|security/selinux/hooks.c,379}"
CE0xabc31a0 "{CE0xabc31a0|may_context_mount_sb_relabel:tmp14|security/selinux/hooks.c,379|*SummSink*}"
CONST[source:0(mediator),value:2(dynamic)][purpose:{subject}]


CONST[source:2(external),value:0(static)][purpose:{operation}][SrcIdx:0]  ->  CONST[source:0(mediator),value:2(dynamic)][purpose:{object}]
-----------
CONST[source:2(external),value:0(static)][purpose:{operation}][SrcIdx:0]
CE0xada9b50 "{CE0xada9b50|i32_-22|*Constant*}"
CE0xada9f70 "{CE0xada9f70|inode_doinit_with_dentry:cmp79|security/selinux/hooks.c,1388}"
CE0xafdedf0 "{CE0xafdedf0|inode_doinit_with_dentry:if.end86}"
CE0xab1bb40 "{CE0xab1bb40|VOIDTB_TE:_UCEP2:_elem_0:default:}"
CE0xac210d0 "{CE0xac210d0|may_context_mount_inode_relabel:tmp5|*LoadInst*|security/selinux/hooks.c,390}"
CE0xad8ad40 "{CE0xad8ad40|may_context_mount_inode_relabel:tmp5|*LoadInst*|security/selinux/hooks.c,390|*SummSink*}"
CONST[source:0(mediator),value:2(dynamic)][purpose:{object}]


CONST[source:2(external),value:0(static)][purpose:{operation}][SrcIdx:0]  ->  CONST[source:0(mediator),value:2(dynamic)][purpose:{subject}]
-----------
CONST[source:2(external),value:0(static)][purpose:{operation}][SrcIdx:0]
CE0xada9b50 "{CE0xada9b50|i32_-22|*Constant*}"
CE0xada9f70 "{CE0xada9f70|inode_doinit_with_dentry:cmp79|security/selinux/hooks.c,1388}"
CE0xafdedf0 "{CE0xafdedf0|inode_doinit_with_dentry:if.end86}"
CE0xab1bb40 "{CE0xab1bb40|VOIDTB_TE:_UCEP2:_elem_0:default:}"
CE0xabc2b10 "{CE0xabc2b10|may_context_mount_sb_relabel:tmp14|security/selinux/hooks.c,379}"
CE0xabc31a0 "{CE0xabc31a0|may_context_mount_sb_relabel:tmp14|security/selinux/hooks.c,379|*SummSink*}"
CONST[source:0(mediator),value:2(dynamic)][purpose:{subject}]


CONST[source:2(external),value:0(static)][purpose:{operation}][SrcIdx:19]  ->  CONST[source:0(mediator),value:2(dynamic)][purpose:{object}]
-----------
CONST[source:2(external),value:0(static)][purpose:{operation}][SrcIdx:19]
CE0xac13a30 "{CE0xac13a30|i64_0|*Constant*}"
CE0xad8dc50 "{CE0xad8dc50|sb_finish_set_opts:call5|security/selinux/hooks.c,442}"
CE0xad9ea30 "{CE0xad9ea30|sb_finish_set_opts:conv6|security/selinux/hooks.c,442}"
CE0xad9b460 "{CE0xad9b460|sb_finish_set_opts:cmp7|security/selinux/hooks.c,443}"
CE0xae21440 "{CE0xae21440|sb_finish_set_opts:if.then52}"
CE0xab1bb40 "{CE0xab1bb40|VOIDTB_TE:_UCEP2:_elem_0:default:}"
CE0xac210d0 "{CE0xac210d0|may_context_mount_inode_relabel:tmp5|*LoadInst*|security/selinux/hooks.c,390}"
CE0xad8ad40 "{CE0xad8ad40|may_context_mount_inode_relabel:tmp5|*LoadInst*|security/selinux/hooks.c,390|*SummSink*}"
CONST[source:0(mediator),value:2(dynamic)][purpose:{object}]


CONST[source:2(external),value:0(static)][purpose:{operation}][SrcIdx:19]  ->  CONST[source:0(mediator),value:2(dynamic)][purpose:{subject}]
-----------
CONST[source:2(external),value:0(static)][purpose:{operation}][SrcIdx:19]
CE0xac13a30 "{CE0xac13a30|i64_0|*Constant*}"
CE0xad8dc50 "{CE0xad8dc50|sb_finish_set_opts:call5|security/selinux/hooks.c,442}"
CE0xad9ea30 "{CE0xad9ea30|sb_finish_set_opts:conv6|security/selinux/hooks.c,442}"
CE0xad9b460 "{CE0xad9b460|sb_finish_set_opts:cmp7|security/selinux/hooks.c,443}"
CE0xae21440 "{CE0xae21440|sb_finish_set_opts:if.then52}"
CE0xab1bb40 "{CE0xab1bb40|VOIDTB_TE:_UCEP2:_elem_0:default:}"
CE0xabc2b10 "{CE0xabc2b10|may_context_mount_sb_relabel:tmp14|security/selinux/hooks.c,379}"
CE0xabc31a0 "{CE0xabc31a0|may_context_mount_sb_relabel:tmp14|security/selinux/hooks.c,379|*SummSink*}"
CONST[source:0(mediator),value:2(dynamic)][purpose:{subject}]


CONST[source:2(external),value:0(static)][purpose:{operation}][SrcIdx:10]  ->  CONST[source:0(mediator),value:2(dynamic)][purpose:{object}]
-----------
CONST[source:2(external),value:0(static)][purpose:{operation}][SrcIdx:10]
CE0xac0bfd0 "{CE0xac0bfd0|i64_1|*Constant*}"
CE0xae14a00 "{CE0xae14a00|selinux_set_mnt_opts:tmp290|security/selinux/hooks.c,829}"
CE0xab1bb40 "{CE0xab1bb40|VOIDTB_TE:_UCEP2:_elem_0:default:}"
CE0xac210d0 "{CE0xac210d0|may_context_mount_inode_relabel:tmp5|*LoadInst*|security/selinux/hooks.c,390}"
CE0xad8ad40 "{CE0xad8ad40|may_context_mount_inode_relabel:tmp5|*LoadInst*|security/selinux/hooks.c,390|*SummSink*}"
CONST[source:0(mediator),value:2(dynamic)][purpose:{object}]


CONST[source:2(external),value:0(static)][purpose:{operation}][SrcIdx:10]  ->  CONST[source:0(mediator),value:2(dynamic)][purpose:{subject}]
-----------
CONST[source:2(external),value:0(static)][purpose:{operation}][SrcIdx:10]
CE0xac0bfd0 "{CE0xac0bfd0|i64_1|*Constant*}"
CE0xae14a00 "{CE0xae14a00|selinux_set_mnt_opts:tmp290|security/selinux/hooks.c,829}"
CE0xab1bb40 "{CE0xab1bb40|VOIDTB_TE:_UCEP2:_elem_0:default:}"
CE0xabc2b10 "{CE0xabc2b10|may_context_mount_sb_relabel:tmp14|security/selinux/hooks.c,379}"
CE0xabc31a0 "{CE0xabc31a0|may_context_mount_sb_relabel:tmp14|security/selinux/hooks.c,379|*SummSink*}"
CONST[source:0(mediator),value:2(dynamic)][purpose:{subject}]


