[tomoyo_path_mkdir]

explicit:
CONST[source:2(external),value:2(dynamic)][purpose:{subject}][SrcIdx:18]  ->  CONST[source:0(mediator),value:2(dynamic)][purpose:{subject}][SnkIdx:0]
-----------
CONST[source:2(external),value:2(dynamic)][purpose:{subject}][SrcIdx:18]
CE0x8a476e0 "{CE0x8a476e0|128:_i8*,_1208:_%struct.file*,_:_CMRE_128,136_|*MultipleSource*|security/tomoyo/common.h,1205|security/tomoyo/common.h,1205}"
CE0x8a90580 "{CE0x8a90580|tomoyo_domain:tmp22|security/tomoyo/common.h,1205}"
CE0x888c5d0 "{CE0x888c5d0|tomoyo_domain:tmp23|security/tomoyo/common.h,1205}"
CE0x6260420 "{CE0x6260420|_ret_%struct.tomoyo_domain_info*_%tmp23,_!dbg_!38929|security/tomoyo/common.h,1205}"
CE0x6e3acf0 "{CE0x6e3acf0|tomoyo_init_request_info:call|security/tomoyo/util.c,1005}"
CE0x5f34260 "{CE0x5f34260|tomoyo_init_request_info:domain.addr.0}"
CE0x6049a80 "{CE0x6049a80|0:_%struct.tomoyo_obj_info*,_24:_%struct.tomoyo_path_info*,_32:_i64,_40:_i8,_72:_i8,_76:_i8,_:_SCMRE_16,24_|*MultipleSource*|security/tomoyo/file.c, 693|security/tomoyo/file.c,693|security/tomoyo/file.c,707|Function::tomoyo_init_request_info&Arg::r::}"
CONST[source:0(mediator),value:2(dynamic)][purpose:{subject}][SnkIdx:0]


CONST[source:2(external),value:0(static)][purpose:{operation}][SrcIdx:10]  ->  CONST[source:0(mediator),value:0(static)][purpose:{operation}][SnkIdx:2]
-----------
CONST[source:2(external),value:0(static)][purpose:{operation}][SrcIdx:10]
CE0x5154090 "{CE0x5154090|i32_4095|*Constant*}"
CE0x53d1800 "{CE0x53d1800|tomoyo_path_mkdir:and|security/tomoyo/tomoyo.c,193}"
CE0x5f4f300 "{CE0x5f4f300|tomoyo_path_mkdir:conv3|security/tomoyo/tomoyo.c,193}"
CE0x54bf480 "{CE0x54bf480|tomoyo_path_number_perm:number|Function::tomoyo_path_number_perm&Arg::number::}"
CE0x87e01c0 "{CE0x87e01c0|0:_%struct.tomoyo_obj_info*,_24:_%struct.tomoyo_path_info*,_32:_i64,_40:_i8,_72:_i8,_76:_i8,_:_SCMRE_33,34_}"
CONST[source:0(mediator),value:0(static)][purpose:{operation}][SnkIdx:2]


CONST[source:1(input),value:2(dynamic)][purpose:{operation}][SrcIdx:17]  ->  CONST[source:0(mediator),value:0(static)][purpose:{operation}][SnkIdx:2]
-----------
CONST[source:1(input),value:2(dynamic)][purpose:{operation}][SrcIdx:17]
CE0x53df0e0 "{CE0x53df0e0|tomoyo_path_mkdir:mode|Function::tomoyo_path_mkdir&Arg::mode::|*SummSource*}"
CE0x53ceb00 "{CE0x53ceb00|tomoyo_path_mkdir:mode|Function::tomoyo_path_mkdir&Arg::mode::}"
CE0x53d13f0 "{CE0x53d13f0|tomoyo_path_mkdir:conv|security/tomoyo/tomoyo.c,193}"
CE0x53d1800 "{CE0x53d1800|tomoyo_path_mkdir:and|security/tomoyo/tomoyo.c,193}"
CE0x5f4f300 "{CE0x5f4f300|tomoyo_path_mkdir:conv3|security/tomoyo/tomoyo.c,193}"
CE0x54bf480 "{CE0x54bf480|tomoyo_path_number_perm:number|Function::tomoyo_path_number_perm&Arg::number::}"
CE0x87e01c0 "{CE0x87e01c0|0:_%struct.tomoyo_obj_info*,_24:_%struct.tomoyo_path_info*,_32:_i64,_40:_i8,_72:_i8,_76:_i8,_:_SCMRE_33,34_}"
CONST[source:0(mediator),value:0(static)][purpose:{operation}][SnkIdx:2]



implicit:
CONST[source:2(external),value:2(dynamic)][purpose:{subject}][SrcIdx:18]  ->  CONST[source:0(mediator),value:2(dynamic)][purpose:{subject}][SnkIdx:0]
-----------
CONST[source:2(external),value:2(dynamic)][purpose:{subject}][SrcIdx:18]
CE0x8a476e0 "{CE0x8a476e0|128:_i8*,_1208:_%struct.file*,_:_CMRE_128,136_|*MultipleSource*|security/tomoyo/common.h,1205|security/tomoyo/common.h,1205}"
CE0x8a90580 "{CE0x8a90580|tomoyo_domain:tmp22|security/tomoyo/common.h,1205}"
CE0x888c5d0 "{CE0x888c5d0|tomoyo_domain:tmp23|security/tomoyo/common.h,1205}"
CE0x6260420 "{CE0x6260420|_ret_%struct.tomoyo_domain_info*_%tmp23,_!dbg_!38929|security/tomoyo/common.h,1205}"
CE0x6e3acf0 "{CE0x6e3acf0|tomoyo_init_request_info:call|security/tomoyo/util.c,1005}"
CE0x5f34260 "{CE0x5f34260|tomoyo_init_request_info:domain.addr.0}"
CE0x6049a80 "{CE0x6049a80|0:_%struct.tomoyo_obj_info*,_24:_%struct.tomoyo_path_info*,_32:_i64,_40:_i8,_72:_i8,_76:_i8,_:_SCMRE_16,24_|*MultipleSource*|security/tomoyo/file.c, 693|security/tomoyo/file.c,693|security/tomoyo/file.c,707|Function::tomoyo_init_request_info&Arg::r::}"
CONST[source:0(mediator),value:2(dynamic)][purpose:{subject}][SnkIdx:0]


CONST[source:2(external),value:0(static)][purpose:{operation}][SrcIdx:10]  ->  CONST[source:0(mediator),value:0(static)][purpose:{operation}][SnkIdx:2]
-----------
CONST[source:2(external),value:0(static)][purpose:{operation}][SrcIdx:10]
CE0x5154090 "{CE0x5154090|i32_4095|*Constant*}"
CE0x53d1800 "{CE0x53d1800|tomoyo_path_mkdir:and|security/tomoyo/tomoyo.c,193}"
CE0x5f4f300 "{CE0x5f4f300|tomoyo_path_mkdir:conv3|security/tomoyo/tomoyo.c,193}"
CE0x54bf480 "{CE0x54bf480|tomoyo_path_number_perm:number|Function::tomoyo_path_number_perm&Arg::number::}"
CE0x6fac050 "{CE0x6fac050|0:_%struct.tomoyo_obj_info*,_24:_%struct.tomoyo_path_info*,_32:_i64,_40:_i8,_72:_i8,_76:_i8,_:_SCMRE_35,36_}"
CONST[source:0(mediator),value:0(static)][purpose:{operation}][SnkIdx:2]


CONST[source:1(input),value:2(dynamic)][purpose:{operation}][SrcIdx:17]  ->  CONST[source:0(mediator),value:0(static)][purpose:{operation}][SnkIdx:2]
-----------
CONST[source:1(input),value:2(dynamic)][purpose:{operation}][SrcIdx:17]
CE0x53df0e0 "{CE0x53df0e0|tomoyo_path_mkdir:mode|Function::tomoyo_path_mkdir&Arg::mode::|*SummSource*}"
CE0x53ceb00 "{CE0x53ceb00|tomoyo_path_mkdir:mode|Function::tomoyo_path_mkdir&Arg::mode::}"
CE0x53d13f0 "{CE0x53d13f0|tomoyo_path_mkdir:conv|security/tomoyo/tomoyo.c,193}"
CE0x53d1800 "{CE0x53d1800|tomoyo_path_mkdir:and|security/tomoyo/tomoyo.c,193}"
CE0x5f4f300 "{CE0x5f4f300|tomoyo_path_mkdir:conv3|security/tomoyo/tomoyo.c,193}"
CE0x54bf480 "{CE0x54bf480|tomoyo_path_number_perm:number|Function::tomoyo_path_number_perm&Arg::number::}"
CE0x6fac050 "{CE0x6fac050|0:_%struct.tomoyo_obj_info*,_24:_%struct.tomoyo_path_info*,_32:_i64,_40:_i8,_72:_i8,_76:_i8,_:_SCMRE_35,36_}"
CONST[source:0(mediator),value:0(static)][purpose:{operation}][SnkIdx:2]


