[apparmor_path_chmod]

explicit:
CONST[source:2(external),value:2(dynamic)][purpose:{subject}][SrcIdx:7]  ->  CONST[source:0(mediator),value:2(dynamic)][purpose:{subject}][SnkIdx:1]
-----------
CONST[source:2(external),value:2(dynamic)][purpose:{subject}][SrcIdx:7]
CE0x547f810 "{CE0x547f810|COLLAPSED:_SCMRE:_elem_0::|security/apparmor/include/context.h,99}"
CE0x54aff40 "{CE0x54aff40|aa_cred_profile:tmp4|*LoadInst*|security/apparmor/include/context.h,99}"
CE0x54afe40 "{CE0x54afe40|aa_cred_profile:tmp5|security/apparmor/include/context.h,99}"
CE0x54d65d0 "{CE0x54d65d0|aa_cred_profile:profile11|security/apparmor/include/context.h,101}"
CE0x54d6980 "{CE0x54d6980|aa_cred_profile:tmp34|security/apparmor/include/context.h,101}"
CE0x54cde90 "{CE0x54cde90|_ret_%struct.aa_profile*_%tmp34,_!dbg_!18602|security/apparmor/include/context.h,101}"
CE0x53f6e30 "{CE0x53f6e30|__aa_current_profile:call4|security/apparmor/include/context.h,138}"
CE0x53bbaf0 "{CE0x53bbaf0|_ret_%struct.aa_profile*_%call4,_!dbg_!18586|security/apparmor/include/context.h,138}"
CE0x546ab10 "{CE0x546ab10|common_perm:call|security/apparmor/lsm.c,168}"
CE0x5467d10 "{CE0x5467d10|common_perm:call|security/apparmor/lsm.c,168|*SummSink*}"
CONST[source:0(mediator),value:2(dynamic)][purpose:{subject}][SnkIdx:1]


CONST[source:1(input),value:2(dynamic)][purpose:{object}][SrcIdx:2]  ->  CONST[source:0(mediator),value:2(dynamic)][purpose:{object}][SnkIdx:2]
-----------
CONST[source:1(input),value:2(dynamic)][purpose:{object}][SrcIdx:2]
CE0x53c13e0 "{CE0x53c13e0|0:_%struct.vfsmount*,_8:_%struct.dentry*,_:_CRE_0,8_|*MultipleSource*|Function::apparmor_path_chmod&Arg::path::|security/apparmor/lsm.c,349}"
CE0x53eb270 "{CE0x53eb270|apparmor_path_chmod:tmp12|*LoadInst*|security/apparmor/lsm.c,352}"
CE0x53cfd10 "{CE0x53cfd10|common_perm_mnt_dentry:mnt|Function::common_perm_mnt_dentry&Arg::mnt::}"
CE0x546bc80 "{CE0x546bc80|0:_%struct.vfsmount*,_8:_%struct.dentry*,_:_SCMRE_0,8_|*MultipleSource*|security/apparmor/lsm.c, 206|security/apparmor/lsm.c,206}"
CONST[source:0(mediator),value:2(dynamic)][purpose:{object}][SnkIdx:2]


CONST[source:1(input),value:2(dynamic)][purpose:{object}][SrcIdx:2]  ->  CONST[source:0(mediator),value:2(dynamic)][purpose:{object}][SnkIdx:3]
-----------
CONST[source:1(input),value:2(dynamic)][purpose:{object}][SrcIdx:2]
CE0x53ba260 "{CE0x53ba260|0:_%struct.vfsmount*,_8:_%struct.dentry*,_:_CRE_8,16_|*MultipleSource*|Function::apparmor_path_chmod&Arg::path::|security/apparmor/lsm.c,349}"
CE0x53f0cb0 "{CE0x53f0cb0|apparmor_path_chmod:tmp13|*LoadInst*|security/apparmor/lsm.c,352}"
CE0x53d9500 "{CE0x53d9500|common_perm_mnt_dentry:dentry|Function::common_perm_mnt_dentry&Arg::dentry::}"
CE0x53f45e0 "{CE0x53f45e0|common_perm_mnt_dentry:d_inode3|security/apparmor/lsm.c,208}"
CE0x5478190 "{CE0x5478190|common_perm_mnt_dentry:tmp7|*LoadInst*|security/apparmor/lsm.c,208}"
CE0x5478530 "{CE0x5478530|common_perm_mnt_dentry:i_mode|security/apparmor/lsm.c,208}"
CE0x5478a20 "{CE0x5478a20|common_perm_mnt_dentry:tmp8|security/apparmor/lsm.c,208}"
CE0x53eee40 "{CE0x53eee40|0:_i16,_4:_i32,_8:_i16,_40:_%struct.super_block*,_72:_i32,_:_SCMRE_4,8_|*MultipleSource*|Function::mediated_filesystem&Arg::inode::|security/apparmor/include/apparmor.h,117|security/apparmor/lsm.c,349}"
CONST[source:0(mediator),value:2(dynamic)][purpose:{object}][SnkIdx:3]



implicit:
CONST[source:2(external),value:2(dynamic)][purpose:{subject}][SrcIdx:7]  ->  CONST[source:0(mediator),value:2(dynamic)][purpose:{subject}][SnkIdx:1]
-----------
CONST[source:2(external),value:2(dynamic)][purpose:{subject}][SrcIdx:7]
CE0x547f810 "{CE0x547f810|COLLAPSED:_SCMRE:_elem_0::|security/apparmor/include/context.h,99}"
CE0x54aff40 "{CE0x54aff40|aa_cred_profile:tmp4|*LoadInst*|security/apparmor/include/context.h,99}"
CE0x54afe40 "{CE0x54afe40|aa_cred_profile:tmp5|security/apparmor/include/context.h,99}"
CE0x54d65d0 "{CE0x54d65d0|aa_cred_profile:profile11|security/apparmor/include/context.h,101}"
CE0x54d6980 "{CE0x54d6980|aa_cred_profile:tmp34|security/apparmor/include/context.h,101}"
CE0x54cde90 "{CE0x54cde90|_ret_%struct.aa_profile*_%tmp34,_!dbg_!18602|security/apparmor/include/context.h,101}"
CE0x53f6e30 "{CE0x53f6e30|__aa_current_profile:call4|security/apparmor/include/context.h,138}"
CE0x53bbaf0 "{CE0x53bbaf0|_ret_%struct.aa_profile*_%call4,_!dbg_!18586|security/apparmor/include/context.h,138}"
CE0x546ab10 "{CE0x546ab10|common_perm:call|security/apparmor/lsm.c,168}"
CE0x5467d10 "{CE0x5467d10|common_perm:call|security/apparmor/lsm.c,168|*SummSink*}"
CONST[source:0(mediator),value:2(dynamic)][purpose:{subject}][SnkIdx:1]


CONST[source:1(input),value:2(dynamic)][purpose:{object}][SrcIdx:2]  ->  CONST[source:0(mediator),value:2(dynamic)][purpose:{object}][SnkIdx:3]
-----------
CONST[source:1(input),value:2(dynamic)][purpose:{object}][SrcIdx:2]
CE0x53ba260 "{CE0x53ba260|0:_%struct.vfsmount*,_8:_%struct.dentry*,_:_CRE_8,16_|*MultipleSource*|Function::apparmor_path_chmod&Arg::path::|security/apparmor/lsm.c,349}"
CE0x53f0cb0 "{CE0x53f0cb0|apparmor_path_chmod:tmp13|*LoadInst*|security/apparmor/lsm.c,352}"
CE0x53d9500 "{CE0x53d9500|common_perm_mnt_dentry:dentry|Function::common_perm_mnt_dentry&Arg::dentry::}"
CE0x53f45e0 "{CE0x53f45e0|common_perm_mnt_dentry:d_inode3|security/apparmor/lsm.c,208}"
CE0x5478190 "{CE0x5478190|common_perm_mnt_dentry:tmp7|*LoadInst*|security/apparmor/lsm.c,208}"
CE0x5478530 "{CE0x5478530|common_perm_mnt_dentry:i_mode|security/apparmor/lsm.c,208}"
CE0x5478a20 "{CE0x5478a20|common_perm_mnt_dentry:tmp8|security/apparmor/lsm.c,208}"
CE0x53eee40 "{CE0x53eee40|0:_i16,_4:_i32,_8:_i16,_40:_%struct.super_block*,_72:_i32,_:_SCMRE_4,8_|*MultipleSource*|Function::mediated_filesystem&Arg::inode::|security/apparmor/include/apparmor.h,117|security/apparmor/lsm.c,349}"
CONST[source:0(mediator),value:2(dynamic)][purpose:{object}][SnkIdx:3]


CONST[source:1(input),value:2(dynamic)][purpose:{object}][SrcIdx:2]  ->  CONST[source:0(mediator),value:2(dynamic)][purpose:{object}][SnkIdx:2]
-----------
CONST[source:1(input),value:2(dynamic)][purpose:{object}][SrcIdx:2]
CE0x53c13e0 "{CE0x53c13e0|0:_%struct.vfsmount*,_8:_%struct.dentry*,_:_CRE_0,8_|*MultipleSource*|Function::apparmor_path_chmod&Arg::path::|security/apparmor/lsm.c,349}"
CE0x53eb270 "{CE0x53eb270|apparmor_path_chmod:tmp12|*LoadInst*|security/apparmor/lsm.c,352}"
CE0x53cfd10 "{CE0x53cfd10|common_perm_mnt_dentry:mnt|Function::common_perm_mnt_dentry&Arg::mnt::}"
CE0x546bc80 "{CE0x546bc80|0:_%struct.vfsmount*,_8:_%struct.dentry*,_:_SCMRE_0,8_|*MultipleSource*|security/apparmor/lsm.c, 206|security/apparmor/lsm.c,206}"
CONST[source:0(mediator),value:2(dynamic)][purpose:{object}][SnkIdx:2]


CONST[source:1(input),value:2(dynamic)][purpose:{object}][SrcIdx:2]  ->  CONST[source:0(mediator),value:2(dynamic)][purpose:{subject}][SnkIdx:1]
-----------
CONST[source:1(input),value:2(dynamic)][purpose:{object}][SrcIdx:2]
CE0x53ba260 "{CE0x53ba260|0:_%struct.vfsmount*,_8:_%struct.dentry*,_:_CRE_8,16_|*MultipleSource*|Function::apparmor_path_chmod&Arg::path::|security/apparmor/lsm.c,349}"
CE0x53b2f60 "{CE0x53b2f60|apparmor_path_chmod:tmp2|*LoadInst*|security/apparmor/lsm.c,349}"
CE0x53bf500 "{CE0x53bf500|apparmor_path_chmod:d_inode|security/apparmor/lsm.c,349}"
CE0x53d7a80 "{CE0x53d7a80|apparmor_path_chmod:tmp3|security/apparmor/lsm.c,349}"
CE0x53eb7e0 "{CE0x53eb7e0|mediated_filesystem:inode|Function::mediated_filesystem&Arg::inode::}"
CE0x53ee8b0 "{CE0x53ee8b0|mediated_filesystem:i_sb|security/apparmor/include/apparmor.h,117}"
CE0x542b9f0 "{CE0x542b9f0|mediated_filesystem:tmp4|*LoadInst*|security/apparmor/include/apparmor.h,117}"
CE0x543f1f0 "{CE0x543f1f0|mediated_filesystem:s_flags|security/apparmor/include/apparmor.h,117}"
CE0x5455ce0 "{CE0x5455ce0|mediated_filesystem:tmp5|security/apparmor/include/apparmor.h,117}"
CE0x5465c30 "{CE0x5465c30|mediated_filesystem:and|security/apparmor/include/apparmor.h,117}"
CE0x5465fb0 "{CE0x5465fb0|mediated_filesystem:tobool|security/apparmor/include/apparmor.h,117}"
CE0x5466af0 "{CE0x5466af0|mediated_filesystem:lnot|security/apparmor/include/apparmor.h,117}"
CE0x53eb610 "{CE0x53eb610|_ret_i1_%lnot,_!dbg_!18565|security/apparmor/include/apparmor.h,117}"
CE0x53d7de0 "{CE0x53d7de0|apparmor_path_chmod:call|security/apparmor/lsm.c,349}"
CE0x53bb820 "{CE0x53bb820|apparmor_path_chmod:if.end}"
CE0x53f1b90 "{CE0x53f1b90|common_perm_mnt_dentry:entry}"
CE0x5466ec0 "{CE0x5466ec0|common_perm_mnt_dentry:bb}"
CE0x54866b0 "{CE0x54866b0|common_perm:entry}"
CE0x53f7a20 "{CE0x53f7a20|common_perm:bb}"
CE0x546ab10 "{CE0x546ab10|common_perm:call|security/apparmor/lsm.c,168}"
CE0x5467d10 "{CE0x5467d10|common_perm:call|security/apparmor/lsm.c,168|*SummSink*}"
CONST[source:0(mediator),value:2(dynamic)][purpose:{subject}][SnkIdx:1]


