[selinux_msg_queue_alloc_security]

explicit:
CONST[source:2(external),value:0(static)][purpose:{operation}]  ->  CONST[source:0(mediator),value:2(dynamic)][purpose:{object}]
-----------
CONST[source:2(external),value:0(static)][purpose:{operation}]
CE0x4e098e0 "{CE0x4e098e0|i32_32768|*Constant*}"
CE0x4da6840 "{CE0x4da6840|kzalloc:_or|include/linux/slab.h,578}"
CE0x4df9c90 "{CE0x4df9c90|kmalloc:_flags|Function::kmalloc&Arg::flags::}"
CE0x4dd2970 "{CE0x4dd2970|0:_i16,_4:_i32,_:_CMRE_4,8_|*MultipleSource*|security/selinux/hooks.c,5166|security/selinux/hooks.c,5161|security/selinux/hooks.c,5161}"
CE0x4dd27a0 "{CE0x4dd27a0|selinux_msg_queue_alloc_security:_tmp11|security/selinux/hooks.c,5166}"
CE0x4dd3bc0 "{CE0x4dd3bc0|selinux_msg_queue_alloc_security:_tmp11|security/selinux/hooks.c,5166|*SummSink*}"
CONST[source:0(mediator),value:2(dynamic)][purpose:{object}]


CONST[source:2(external),value:2(dynamic)][purpose:{subject}]  ->  CONST[source:0(mediator),value:2(dynamic)][purpose:{subject}]
-----------
CONST[source:2(external),value:2(dynamic)][purpose:{subject}]
CE0x4dfe410 "{CE0x4dfe410|COLLAPSED:_GCMRE_current_task_external_global_%struct.task_struct*:_elem_0::|security/selinux/hooks.c,218}"
CE0x4dff500 "{CE0x4dff500|current_sid:_tmp22|security/selinux/hooks.c,218}"
CE0x4dff9a0 "{CE0x4dff9a0|current_sid:_tmp23|security/selinux/hooks.c,218}"
CE0x4e00230 "{CE0x4e00230|current_sid:_sid|security/selinux/hooks.c,220}"
CE0x4e00f10 "{CE0x4e00f10|current_sid:_tmp24|security/selinux/hooks.c,220}"
CE0x4da7ae0 "{CE0x4da7ae0|_ret_i32_%tmp24,_!dbg_!27742|security/selinux/hooks.c,220}"
CE0x4d9bf40 "{CE0x4d9bf40|selinux_msg_queue_alloc_security:_call|security/selinux/hooks.c,5154}"
CE0x4d8c0d0 "{CE0x4d8c0d0|selinux_msg_queue_alloc_security:_call|security/selinux/hooks.c,5154|*SummSink*}"
CONST[source:0(mediator),value:2(dynamic)][purpose:{subject}]


CONST[source:2(external),value:2(dynamic)][purpose:{subject}]  ->  CONST[source:0(mediator),value:2(dynamic)][purpose:{object}]
-----------
CONST[source:2(external),value:2(dynamic)][purpose:{subject}]
CE0x4dff380 "{CE0x4dff380|COLLAPSED:_CMRE:_elem_0::|security/selinux/hooks.c,218}"
CE0x4e52300 "{CE0x4e52300|cred_sid:_tmp4|*LoadInst*|security/selinux/hooks.c,196}"
CE0x4e52b00 "{CE0x4e52b00|cred_sid:_tmp5|security/selinux/hooks.c,196}"
CE0x4e47370 "{CE0x4e47370|cred_sid:_sid|security/selinux/hooks.c,197}"
CE0x4e43ef0 "{CE0x4e43ef0|cred_sid:_tmp6|security/selinux/hooks.c,197}"
CE0x4e3f970 "{CE0x4e3f970|_ret_i32_%tmp6,_!dbg_!27716|security/selinux/hooks.c,197}"
CE0x4e3e900 "{CE0x4e3e900|task_sid:_call7|security/selinux/hooks.c,208}"
CE0x4df4b40 "{CE0x4df4b40|_ret_i32_%call7,_!dbg_!27749|security/selinux/hooks.c,210}"
CE0x4e07580 "{CE0x4e07580|ipc_alloc_security:_call1|security/selinux/hooks.c,5087}"
CE0x4dd2970 "{CE0x4dd2970|0:_i16,_4:_i32,_:_CMRE_4,8_|*MultipleSource*|security/selinux/hooks.c,5166|security/selinux/hooks.c,5161|security/selinux/hooks.c,5161}"
CE0x4dd27a0 "{CE0x4dd27a0|selinux_msg_queue_alloc_security:_tmp11|security/selinux/hooks.c,5166}"
CE0x4dd3bc0 "{CE0x4dd3bc0|selinux_msg_queue_alloc_security:_tmp11|security/selinux/hooks.c,5166|*SummSink*}"
CONST[source:0(mediator),value:2(dynamic)][purpose:{object}]


CONST[source:1(input),value:2(dynamic)][purpose:{object}]  ->  CONST[source:0(mediator),value:2(dynamic)][purpose:{object}]
-----------
CONST[source:1(input),value:2(dynamic)][purpose:{object}]
CE0x4d9c590 "{CE0x4d9c590|80:_i32,_112:_i8*,_:_CMRE_112,120_|*MultipleSource*|Function::selinux_msg_queue_alloc_security&Arg::msq::|security/selinux/hooks.c,5157}"
CE0x4db6120 "{CE0x4db6120|selinux_msg_queue_alloc_security:_tmp8|security/selinux/hooks.c,5161}"
CE0x4db5c90 "{CE0x4db5c90|selinux_msg_queue_alloc_security:_tmp9|security/selinux/hooks.c,5161}"
CE0x4dd07b0 "{CE0x4dd07b0|selinux_msg_queue_alloc_security:_sid5|security/selinux/hooks.c,5166}"
CE0x4dd27a0 "{CE0x4dd27a0|selinux_msg_queue_alloc_security:_tmp11|security/selinux/hooks.c,5166}"
CE0x4dd3bc0 "{CE0x4dd3bc0|selinux_msg_queue_alloc_security:_tmp11|security/selinux/hooks.c,5166|*SummSink*}"
CONST[source:0(mediator),value:2(dynamic)][purpose:{object}]



implicit:
CONST[source:1(input),value:2(dynamic)][purpose:{object}]  ->  CONST[source:0(mediator),value:2(dynamic)][purpose:{object}]
-----------
CONST[source:1(input),value:2(dynamic)][purpose:{object}]
CE0x4d9c590 "{CE0x4d9c590|80:_i32,_112:_i8*,_:_CMRE_112,120_|*MultipleSource*|Function::selinux_msg_queue_alloc_security&Arg::msq::|security/selinux/hooks.c,5157}"
CE0x4db6120 "{CE0x4db6120|selinux_msg_queue_alloc_security:_tmp8|security/selinux/hooks.c,5161}"
CE0x4db5c90 "{CE0x4db5c90|selinux_msg_queue_alloc_security:_tmp9|security/selinux/hooks.c,5161}"
CE0x4dd07b0 "{CE0x4dd07b0|selinux_msg_queue_alloc_security:_sid5|security/selinux/hooks.c,5166}"
CE0x4dd27a0 "{CE0x4dd27a0|selinux_msg_queue_alloc_security:_tmp11|security/selinux/hooks.c,5166}"
CE0x4dd3bc0 "{CE0x4dd3bc0|selinux_msg_queue_alloc_security:_tmp11|security/selinux/hooks.c,5166|*SummSink*}"
CONST[source:0(mediator),value:2(dynamic)][purpose:{object}]


CONST[source:2(external),value:2(dynamic)][purpose:{subject}]  ->  CONST[source:0(mediator),value:2(dynamic)][purpose:{object}]
-----------
CONST[source:2(external),value:2(dynamic)][purpose:{subject}]
CE0x4dff380 "{CE0x4dff380|COLLAPSED:_CMRE:_elem_0::|security/selinux/hooks.c,218}"
CE0x4e52300 "{CE0x4e52300|cred_sid:_tmp4|*LoadInst*|security/selinux/hooks.c,196}"
CE0x4e52b00 "{CE0x4e52b00|cred_sid:_tmp5|security/selinux/hooks.c,196}"
CE0x4e47370 "{CE0x4e47370|cred_sid:_sid|security/selinux/hooks.c,197}"
CE0x4e43ef0 "{CE0x4e43ef0|cred_sid:_tmp6|security/selinux/hooks.c,197}"
CE0x4e3f970 "{CE0x4e3f970|_ret_i32_%tmp6,_!dbg_!27716|security/selinux/hooks.c,197}"
CE0x4e3e900 "{CE0x4e3e900|task_sid:_call7|security/selinux/hooks.c,208}"
CE0x4df4b40 "{CE0x4df4b40|_ret_i32_%call7,_!dbg_!27749|security/selinux/hooks.c,210}"
CE0x4e07580 "{CE0x4e07580|ipc_alloc_security:_call1|security/selinux/hooks.c,5087}"
CE0x4dd2970 "{CE0x4dd2970|0:_i16,_4:_i32,_:_CMRE_4,8_|*MultipleSource*|security/selinux/hooks.c,5166|security/selinux/hooks.c,5161|security/selinux/hooks.c,5161}"
CE0x4dd27a0 "{CE0x4dd27a0|selinux_msg_queue_alloc_security:_tmp11|security/selinux/hooks.c,5166}"
CE0x4dd3bc0 "{CE0x4dd3bc0|selinux_msg_queue_alloc_security:_tmp11|security/selinux/hooks.c,5166|*SummSink*}"
CONST[source:0(mediator),value:2(dynamic)][purpose:{object}]


CONST[source:2(external),value:2(dynamic)][purpose:{subject}]  ->  CONST[source:0(mediator),value:2(dynamic)][purpose:{subject}]
-----------
CONST[source:2(external),value:2(dynamic)][purpose:{subject}]
CE0x4dff380 "{CE0x4dff380|COLLAPSED:_CMRE:_elem_0::|security/selinux/hooks.c,218}"
CE0x4dff500 "{CE0x4dff500|current_sid:_tmp22|security/selinux/hooks.c,218}"
CE0x4dff9a0 "{CE0x4dff9a0|current_sid:_tmp23|security/selinux/hooks.c,218}"
CE0x4e00230 "{CE0x4e00230|current_sid:_sid|security/selinux/hooks.c,220}"
CE0x4e00f10 "{CE0x4e00f10|current_sid:_tmp24|security/selinux/hooks.c,220}"
CE0x4da7ae0 "{CE0x4da7ae0|_ret_i32_%tmp24,_!dbg_!27742|security/selinux/hooks.c,220}"
CE0x4d9bf40 "{CE0x4d9bf40|selinux_msg_queue_alloc_security:_call|security/selinux/hooks.c,5154}"
CE0x4d8c0d0 "{CE0x4d8c0d0|selinux_msg_queue_alloc_security:_call|security/selinux/hooks.c,5154|*SummSink*}"
CONST[source:0(mediator),value:2(dynamic)][purpose:{subject}]


CONST[source:2(external),value:0(static)][purpose:{operation}]  ->  CONST[source:0(mediator),value:2(dynamic)][purpose:{object}]
-----------
CONST[source:2(external),value:0(static)][purpose:{operation}]
CE0x4e098e0 "{CE0x4e098e0|i32_32768|*Constant*}"
CE0x4da6840 "{CE0x4da6840|kzalloc:_or|include/linux/slab.h,578}"
CE0x4df9c90 "{CE0x4df9c90|kmalloc:_flags|Function::kmalloc&Arg::flags::}"
CE0x4dd2970 "{CE0x4dd2970|0:_i16,_4:_i32,_:_CMRE_4,8_|*MultipleSource*|security/selinux/hooks.c,5166|security/selinux/hooks.c,5161|security/selinux/hooks.c,5161}"
CE0x4dd27a0 "{CE0x4dd27a0|selinux_msg_queue_alloc_security:_tmp11|security/selinux/hooks.c,5166}"
CE0x4dd3bc0 "{CE0x4dd3bc0|selinux_msg_queue_alloc_security:_tmp11|security/selinux/hooks.c,5166|*SummSink*}"
CONST[source:0(mediator),value:2(dynamic)][purpose:{object}]


