[selinux_mmap_file]

explicit:
CONST[source:1(input),value:2(dynamic)][purpose:{object}][SrcIdx:0]  ->  CONST[source:0(mediator),value:2(dynamic)][purpose:{object}]
-----------
CONST[source:1(input),value:2(dynamic)][purpose:{object}][SrcIdx:0]
CE0x83bbcb0 "{CE0x83bbcb0|VOIDTB_TE:_IE:_elem_0:default:}"
CE0x84164e0 "{CE0x84164e0|tmp18}"
CE0x8416760 "{CE0x8416760|tmp18}"
CONST[source:0(mediator),value:2(dynamic)][purpose:{object}]


CONST[source:1(input),value:2(dynamic)][purpose:{object}][SrcIdx:0]  ->  CONST[source:0(mediator),value:2(dynamic)][purpose:{subject}]
-----------
CONST[source:1(input),value:2(dynamic)][purpose:{object}][SrcIdx:0]
CE0x83bbcb0 "{CE0x83bbcb0|VOIDTB_TE:_IE:_elem_0:default:}"
CE0x8454b30 "{CE0x8454b30|tmp6}"
CE0x83addf0 "{CE0x83addf0|_ret_i32_%tmp6,_!dbg_!27716}"
CE0x841a490 "{CE0x841a490|call}"
CE0x84060f0 "{CE0x84060f0|call}"
CONST[source:0(mediator),value:2(dynamic)][purpose:{subject}]


CONST[source:0(mediator),value:2(dynamic)][purpose:{subject}][SrcIdx:5]  ->  CONST[source:0(mediator),value:2(dynamic)][purpose:{object}]
-----------
CONST[source:0(mediator),value:2(dynamic)][purpose:{subject}][SrcIdx:5]
CE0x83bbcb0 "{CE0x83bbcb0|VOIDTB_TE:_IE:_elem_0:default:}"
CE0x84164e0 "{CE0x84164e0|tmp18}"
CE0x8416760 "{CE0x8416760|tmp18}"
CONST[source:0(mediator),value:2(dynamic)][purpose:{object}]


CONST[source:2(external),value:2(dynamic)][purpose:{subject}][SrcIdx:4]  ->  CONST[source:0(mediator),value:2(dynamic)][purpose:{object}]
-----------
CONST[source:2(external),value:2(dynamic)][purpose:{subject}][SrcIdx:4]
CE0x83bbcb0 "{CE0x83bbcb0|VOIDTB_TE:_IE:_elem_0:default:}"
CE0x84164e0 "{CE0x84164e0|tmp18}"
CE0x8416760 "{CE0x8416760|tmp18}"
CONST[source:0(mediator),value:2(dynamic)][purpose:{object}]


CONST[source:2(external),value:2(dynamic)][purpose:{subject}][SrcIdx:4]  ->  CONST[source:0(mediator),value:2(dynamic)][purpose:{subject}]
-----------
CONST[source:2(external),value:2(dynamic)][purpose:{subject}][SrcIdx:4]
CE0x83bbcb0 "{CE0x83bbcb0|VOIDTB_TE:_IE:_elem_0:default:}"
CE0x8454b30 "{CE0x8454b30|tmp6}"
CE0x83addf0 "{CE0x83addf0|_ret_i32_%tmp6,_!dbg_!27716}"
CE0x841a490 "{CE0x841a490|call}"
CE0x84060f0 "{CE0x84060f0|call}"
CONST[source:0(mediator),value:2(dynamic)][purpose:{subject}]



implicit:
CONST[source:1(input),value:2(dynamic)][purpose:{object}][SrcIdx:0]  ->  CONST[source:0(mediator),value:2(dynamic)][purpose:{subject}]
-----------
CONST[source:1(input),value:2(dynamic)][purpose:{object}][SrcIdx:0]
CE0x83bbcb0 "{CE0x83bbcb0|VOIDTB_TE:_IE:_elem_0:default:}"
CE0x83f40f0 "{CE0x83f40f0|tmp6}"
CE0x8414b40 "{CE0x8414b40|_ret_i32_%tmp6,_!dbg_!27716}"
CE0x84146f0 "{CE0x84146f0|call}"
CE0x8414890 "{CE0x8414890|call}"
CONST[source:0(mediator),value:2(dynamic)][purpose:{subject}]


CONST[source:1(input),value:2(dynamic)][purpose:{object}][SrcIdx:0]  ->  CONST[source:0(mediator),value:2(dynamic)][purpose:{object}]
-----------
CONST[source:1(input),value:2(dynamic)][purpose:{object}][SrcIdx:0]
CE0x83bbcb0 "{CE0x83bbcb0|VOIDTB_TE:_IE:_elem_0:default:}"
CE0x84073b0 "{CE0x84073b0|tmp11}"
CE0x83b6d40 "{CE0x83b6d40|tmp11}"
CONST[source:0(mediator),value:2(dynamic)][purpose:{object}]


CONST[source:0(mediator),value:2(dynamic)][purpose:{subject}][SrcIdx:5]  ->  CONST[source:0(mediator),value:2(dynamic)][purpose:{object}]
-----------
CONST[source:0(mediator),value:2(dynamic)][purpose:{subject}][SrcIdx:5]
CE0x83bbcb0 "{CE0x83bbcb0|VOIDTB_TE:_IE:_elem_0:default:}"
CE0x84073b0 "{CE0x84073b0|tmp11}"
CE0x83b6d40 "{CE0x83b6d40|tmp11}"
CONST[source:0(mediator),value:2(dynamic)][purpose:{object}]


CONST[source:2(external),value:2(dynamic)][purpose:{subject}][SrcIdx:4]  ->  CONST[source:0(mediator),value:2(dynamic)][purpose:{subject}]
-----------
CONST[source:2(external),value:2(dynamic)][purpose:{subject}][SrcIdx:4]
CE0x83bbcb0 "{CE0x83bbcb0|VOIDTB_TE:_IE:_elem_0:default:}"
CE0x83f40f0 "{CE0x83f40f0|tmp6}"
CE0x8414b40 "{CE0x8414b40|_ret_i32_%tmp6,_!dbg_!27716}"
CE0x84146f0 "{CE0x84146f0|call}"
CE0x8414890 "{CE0x8414890|call}"
CONST[source:0(mediator),value:2(dynamic)][purpose:{subject}]


CONST[source:2(external),value:2(dynamic)][purpose:{subject}][SrcIdx:4]  ->  CONST[source:0(mediator),value:2(dynamic)][purpose:{object}]
-----------
CONST[source:2(external),value:2(dynamic)][purpose:{subject}][SrcIdx:4]
CE0x83bbcb0 "{CE0x83bbcb0|VOIDTB_TE:_IE:_elem_0:default:}"
CE0x84073b0 "{CE0x84073b0|tmp11}"
CE0x83b6d40 "{CE0x83b6d40|tmp11}"
CONST[source:0(mediator),value:2(dynamic)][purpose:{object}]


