[selinux_msg_queue_alloc_security]

explicit:
CONST[source:2(external),value:2(dynamic)][purpose:{subject}]  ->  CONST[source:0(mediator),value:2(dynamic)][purpose:{object}]
-----------
CONST[source:2(external),value:2(dynamic)][purpose:{subject}]
CE0x5b02f20 "{CE0x5b02f20|COLLAPSED:_CMRE:_elem_0::|security/selinux/hooks.c,218}"
CE0x5b46200 "{CE0x5b46200|cred_sid:_tmp4|*LoadInst*|security/selinux/hooks.c,196}"
CE0x5b387d0 "{CE0x5b387d0|cred_sid:_tmp5|security/selinux/hooks.c,196}"
CE0x5b438c0 "{CE0x5b438c0|cred_sid:_sid|security/selinux/hooks.c,197}"
CE0x5b44620 "{CE0x5b44620|cred_sid:_tmp6|security/selinux/hooks.c,197}"
CE0x5b53230 "{CE0x5b53230|_ret_i32_%tmp6,_!dbg_!27716|security/selinux/hooks.c,197}"
CE0x5b521c0 "{CE0x5b521c0|task_sid:_call7|security/selinux/hooks.c,208}"
CE0x5ab51d0 "{CE0x5ab51d0|_ret_i32_%call7,_!dbg_!27749|security/selinux/hooks.c,210}"
CE0x5b2b870 "{CE0x5b2b870|ipc_alloc_security:_call1|security/selinux/hooks.c,5087}"
CE0x5ad60f0 "{CE0x5ad60f0|0:_i16,_4:_i32,_:_CMRE_4,8_|*MultipleSource*|security/selinux/hooks.c,5166|security/selinux/hooks.c,5161|security/selinux/hooks.c,5161}"
CE0x5ad30c0 "{CE0x5ad30c0|selinux_msg_queue_alloc_security:_tmp11|security/selinux/hooks.c,5166}"
CE0x5ad32b0 "{CE0x5ad32b0|selinux_msg_queue_alloc_security:_tmp11|security/selinux/hooks.c,5166|*SummSink*}"
CONST[source:0(mediator),value:2(dynamic)][purpose:{object}]


CONST[source:2(external),value:2(dynamic)][purpose:{subject}]  ->  CONST[source:1(input),value:2(dynamic)][purpose:{subject}]
-----------
CONST[source:2(external),value:2(dynamic)][purpose:{subject}]
CE0x5b01fb0 "{CE0x5b01fb0|COLLAPSED:_GCMRE_current_task_external_global_%struct.task_struct*:_elem_0::|security/selinux/hooks.c,218}"
CE0x5b030a0 "{CE0x5b030a0|current_sid:_tmp22|security/selinux/hooks.c,218}"
CE0x5b03540 "{CE0x5b03540|current_sid:_tmp23|security/selinux/hooks.c,218}"
CE0x5b03dd0 "{CE0x5b03dd0|current_sid:_sid|security/selinux/hooks.c,220}"
CE0x5b04ab0 "{CE0x5b04ab0|current_sid:_tmp24|security/selinux/hooks.c,220}"
CE0x5aab2c0 "{CE0x5aab2c0|_ret_i32_%tmp24,_!dbg_!27742|security/selinux/hooks.c,220}"
CE0x5a90130 "{CE0x5a90130|selinux_msg_queue_alloc_security:_call|security/selinux/hooks.c,5154}"
CE0x5a8f900 "{CE0x5a8f900|selinux_msg_queue_alloc_security:_call|security/selinux/hooks.c,5154|*SummSink*}"
CONST[source:1(input),value:2(dynamic)][purpose:{subject}]


CONST[source:2(external),value:0(static)][purpose:{operation}]  ->  CONST[source:0(mediator),value:2(dynamic)][purpose:{object}]
-----------
CONST[source:2(external),value:0(static)][purpose:{operation}]
CE0x5afd210 "{CE0x5afd210|i32_32768|*Constant*}"
CE0x5b0d250 "{CE0x5b0d250|kzalloc:_or|include/linux/slab.h,578}"
CE0x5b1dae0 "{CE0x5b1dae0|kmalloc:_flags|Function::kmalloc&Arg::flags::}"
CE0x5ad60f0 "{CE0x5ad60f0|0:_i16,_4:_i32,_:_CMRE_4,8_|*MultipleSource*|security/selinux/hooks.c,5166|security/selinux/hooks.c,5161|security/selinux/hooks.c,5161}"
CE0x5ad30c0 "{CE0x5ad30c0|selinux_msg_queue_alloc_security:_tmp11|security/selinux/hooks.c,5166}"
CE0x5ad32b0 "{CE0x5ad32b0|selinux_msg_queue_alloc_security:_tmp11|security/selinux/hooks.c,5166|*SummSink*}"
CONST[source:0(mediator),value:2(dynamic)][purpose:{object}]


CONST[source:1(input),value:2(dynamic)][purpose:{object}]  ->  CONST[source:0(mediator),value:2(dynamic)][purpose:{object}]
-----------
CONST[source:1(input),value:2(dynamic)][purpose:{object}]
CE0x5a83630 "{CE0x5a83630|80:_i32,_112:_i8*,_:_CMRE_112,120_|*MultipleSource*|Function::selinux_msg_queue_alloc_security&Arg::msq::|security/selinux/hooks.c,5157}"
CE0x5ab9990 "{CE0x5ab9990|selinux_msg_queue_alloc_security:_tmp8|security/selinux/hooks.c,5161}"
CE0x5ab76a0 "{CE0x5ab76a0|selinux_msg_queue_alloc_security:_tmp9|security/selinux/hooks.c,5161}"
CE0x5ad7060 "{CE0x5ad7060|selinux_msg_queue_alloc_security:_sid5|security/selinux/hooks.c,5166}"
CE0x5ad30c0 "{CE0x5ad30c0|selinux_msg_queue_alloc_security:_tmp11|security/selinux/hooks.c,5166}"
CE0x5ad32b0 "{CE0x5ad32b0|selinux_msg_queue_alloc_security:_tmp11|security/selinux/hooks.c,5166|*SummSink*}"
CONST[source:0(mediator),value:2(dynamic)][purpose:{object}]



implicit:
CONST[source:2(external),value:2(dynamic)][purpose:{subject}]  ->  CONST[source:1(input),value:2(dynamic)][purpose:{subject}]
-----------
CONST[source:2(external),value:2(dynamic)][purpose:{subject}]
CE0x5b02f20 "{CE0x5b02f20|COLLAPSED:_CMRE:_elem_0::|security/selinux/hooks.c,218}"
CE0x5b030a0 "{CE0x5b030a0|current_sid:_tmp22|security/selinux/hooks.c,218}"
CE0x5b03540 "{CE0x5b03540|current_sid:_tmp23|security/selinux/hooks.c,218}"
CE0x5b03dd0 "{CE0x5b03dd0|current_sid:_sid|security/selinux/hooks.c,220}"
CE0x5b04ab0 "{CE0x5b04ab0|current_sid:_tmp24|security/selinux/hooks.c,220}"
CE0x5aab2c0 "{CE0x5aab2c0|_ret_i32_%tmp24,_!dbg_!27742|security/selinux/hooks.c,220}"
CE0x5a90130 "{CE0x5a90130|selinux_msg_queue_alloc_security:_call|security/selinux/hooks.c,5154}"
CE0x5a8f900 "{CE0x5a8f900|selinux_msg_queue_alloc_security:_call|security/selinux/hooks.c,5154|*SummSink*}"
CONST[source:1(input),value:2(dynamic)][purpose:{subject}]


CONST[source:2(external),value:2(dynamic)][purpose:{subject}]  ->  CONST[source:0(mediator),value:2(dynamic)][purpose:{object}]
-----------
CONST[source:2(external),value:2(dynamic)][purpose:{subject}]
CE0x5b02f20 "{CE0x5b02f20|COLLAPSED:_CMRE:_elem_0::|security/selinux/hooks.c,218}"
CE0x5b46200 "{CE0x5b46200|cred_sid:_tmp4|*LoadInst*|security/selinux/hooks.c,196}"
CE0x5b387d0 "{CE0x5b387d0|cred_sid:_tmp5|security/selinux/hooks.c,196}"
CE0x5b438c0 "{CE0x5b438c0|cred_sid:_sid|security/selinux/hooks.c,197}"
CE0x5b44620 "{CE0x5b44620|cred_sid:_tmp6|security/selinux/hooks.c,197}"
CE0x5b53230 "{CE0x5b53230|_ret_i32_%tmp6,_!dbg_!27716|security/selinux/hooks.c,197}"
CE0x5b521c0 "{CE0x5b521c0|task_sid:_call7|security/selinux/hooks.c,208}"
CE0x5ab51d0 "{CE0x5ab51d0|_ret_i32_%call7,_!dbg_!27749|security/selinux/hooks.c,210}"
CE0x5b2b870 "{CE0x5b2b870|ipc_alloc_security:_call1|security/selinux/hooks.c,5087}"
CE0x5ad60f0 "{CE0x5ad60f0|0:_i16,_4:_i32,_:_CMRE_4,8_|*MultipleSource*|security/selinux/hooks.c,5166|security/selinux/hooks.c,5161|security/selinux/hooks.c,5161}"
CE0x5ad30c0 "{CE0x5ad30c0|selinux_msg_queue_alloc_security:_tmp11|security/selinux/hooks.c,5166}"
CE0x5ad32b0 "{CE0x5ad32b0|selinux_msg_queue_alloc_security:_tmp11|security/selinux/hooks.c,5166|*SummSink*}"
CONST[source:0(mediator),value:2(dynamic)][purpose:{object}]


CONST[source:1(input),value:2(dynamic)][purpose:{object}]  ->  CONST[source:0(mediator),value:2(dynamic)][purpose:{object}]
-----------
CONST[source:1(input),value:2(dynamic)][purpose:{object}]
CE0x5a83630 "{CE0x5a83630|80:_i32,_112:_i8*,_:_CMRE_112,120_|*MultipleSource*|Function::selinux_msg_queue_alloc_security&Arg::msq::|security/selinux/hooks.c,5157}"
CE0x5ab9990 "{CE0x5ab9990|selinux_msg_queue_alloc_security:_tmp8|security/selinux/hooks.c,5161}"
CE0x5ab76a0 "{CE0x5ab76a0|selinux_msg_queue_alloc_security:_tmp9|security/selinux/hooks.c,5161}"
CE0x5ad7060 "{CE0x5ad7060|selinux_msg_queue_alloc_security:_sid5|security/selinux/hooks.c,5166}"
CE0x5ad30c0 "{CE0x5ad30c0|selinux_msg_queue_alloc_security:_tmp11|security/selinux/hooks.c,5166}"
CE0x5ad32b0 "{CE0x5ad32b0|selinux_msg_queue_alloc_security:_tmp11|security/selinux/hooks.c,5166|*SummSink*}"
CONST[source:0(mediator),value:2(dynamic)][purpose:{object}]


CONST[source:2(external),value:0(static)][purpose:{operation}]  ->  CONST[source:0(mediator),value:2(dynamic)][purpose:{object}]
-----------
CONST[source:2(external),value:0(static)][purpose:{operation}]
CE0x5afd210 "{CE0x5afd210|i32_32768|*Constant*}"
CE0x5b0d250 "{CE0x5b0d250|kzalloc:_or|include/linux/slab.h,578}"
CE0x5b1dae0 "{CE0x5b1dae0|kmalloc:_flags|Function::kmalloc&Arg::flags::}"
CE0x5ad60f0 "{CE0x5ad60f0|0:_i16,_4:_i32,_:_CMRE_4,8_|*MultipleSource*|security/selinux/hooks.c,5166|security/selinux/hooks.c,5161|security/selinux/hooks.c,5161}"
CE0x5ad30c0 "{CE0x5ad30c0|selinux_msg_queue_alloc_security:_tmp11|security/selinux/hooks.c,5166}"
CE0x5ad32b0 "{CE0x5ad32b0|selinux_msg_queue_alloc_security:_tmp11|security/selinux/hooks.c,5166|*SummSink*}"
CONST[source:0(mediator),value:2(dynamic)][purpose:{object}]


