[tomoyo_socket_listen.z]

explicit:
CONST[source:2(external),value:2(dynamic)][purpose:{subject}]  ->  CONST[source:0(mediator),value:2(dynamic)][purpose:{subject}]
-----------
CONST[source:2(external),value:2(dynamic)][purpose:{subject}]
CE0x8a0baa0 "{CE0x8a0baa0|COLLAPSED:_GCRE_current_task_external_global_%struct.task_struct*:_elem_0::|security/tomoyo/common.h,1205}"
CE0x543c850 "{CE0x543c850|tomoyo_domain:_tmp22|security/tomoyo/common.h,1205}"
CE0x5569b60 "{CE0x5569b60|tomoyo_domain:_tmp23|security/tomoyo/common.h,1205}"
CE0x70beea0 "{CE0x70beea0|_ret_%struct.tomoyo_domain_info*_%tmp23,_!dbg_!38929|security/tomoyo/common.h,1205}"
CE0x54bce60 "{CE0x54bce60|tomoyo_init_request_info:_call|security/tomoyo/util.c,1005}"
CE0x54bcdf0 "{CE0x54bcdf0|tomoyo_init_request_info:_domain.addr.0}"
CE0x7000b20 "{CE0x7000b20|24:_i32*,_32:_i16,_34:_i8,_35:_i8,_36:_i8,_72:_i8,_:_SCMRE_16,24_|*MultipleSource*|security/tomoyo/network.c, 469|security/tomoyo/network.c,469|Function::tomoyo_init_request_info&Arg::r::|security/tomoyo/network.c,475}"
CONST[source:0(mediator),value:2(dynamic)][purpose:{subject}]


CONST[source:1(input),value:2(dynamic)][purpose:{object}]  ->  CONST[source:0(mediator),value:2(dynamic)][purpose:{object}]
-----------
CONST[source:1(input),value:2(dynamic)][purpose:{object}]
CE0x8bcf180 "{CE0x8bcf180|0:_i8,_1:_i8,_8:_i16,_16:_i32*,_24:_i8,_:_CMR_16,24_|*MultipleSource*|Function::tomoyo_check_inet_address&Arg::address::|security/tomoyo/network.c,505}"
CE0x6423ee0 "{CE0x6423ee0|tomoyo_inet_entry:_tmp19|security/tomoyo/network.c,479}"
CE0x719c230 "{CE0x719c230|24:_i32*,_32:_i16,_34:_i8,_35:_i8,_36:_i8,_72:_i8,_:_SCMRE_25,26_}"
CONST[source:0(mediator),value:2(dynamic)][purpose:{object}]


CONST[source:0(mediator),value:1(k-static)][purpose:{operation}]  ->  CONST[source:0(mediator),value:0(static)][purpose:{operation}]
-----------
CONST[source:0(mediator),value:1(k-static)][purpose:{operation}]
CE0x623ba90 "{CE0x623ba90|0:_i8,_1:_i8,_8:_i16,_16:_i32*,_24:_i8,_:_CMR_0,1_|*MultipleSource*|Function::tomoyo_check_inet_address&Arg::address::|security/tomoyo/network.c,505}"
CE0x74ae390 "{CE0x74ae390|tomoyo_inet_entry:_tmp16|*LoadInst*|security/tomoyo/network.c,476}"
CE0x71ed200 "{CE0x71ed200|24:_i32*,_32:_i16,_34:_i8,_35:_i8,_36:_i8,_72:_i8,_:_SCMRE_34,35_}"
CONST[source:0(mediator),value:0(static)][purpose:{operation}]


CONST[source:1(input),value:2(dynamic)][purpose:{operation}]  ->  CONST[source:0(mediator),value:0(static)][purpose:{operation}]
-----------
CONST[source:1(input),value:2(dynamic)][purpose:{operation}]
CE0x8b81ef0 "{CE0x8b81ef0|0:_i8,_1:_i8,_8:_i16,_16:_i32*,_24:_i8,_:_CMR_1,2_|*MultipleSource*|Function::tomoyo_check_inet_address&Arg::address::|security/tomoyo/network.c,505}"
CE0x74b8890 "{CE0x74b8890|tomoyo_inet_entry:_tmp17|*LoadInst*|security/tomoyo/network.c,477}"
CE0x71ed3a0 "{CE0x71ed3a0|24:_i32*,_32:_i16,_34:_i8,_35:_i8,_36:_i8,_72:_i8,_:_SCMRE_35,36_}"
CONST[source:0(mediator),value:0(static)][purpose:{operation}]



implicit:
CONST[source:1(input),value:2(dynamic)][purpose:{object}]  ->  CONST[source:0(mediator),value:2(dynamic)][purpose:{object}]
-----------
CONST[source:1(input),value:2(dynamic)][purpose:{object}]
CE0x8bcf180 "{CE0x8bcf180|0:_i8,_1:_i8,_8:_i16,_16:_i32*,_24:_i8,_:_CMR_16,24_|*MultipleSource*|Function::tomoyo_check_inet_address&Arg::address::|security/tomoyo/network.c,505}"
CE0x6423ee0 "{CE0x6423ee0|tomoyo_inet_entry:_tmp19|security/tomoyo/network.c,479}"
CE0x7137950 "{CE0x7137950|24:_i32*,_32:_i16,_34:_i8,_35:_i8,_36:_i8,_72:_i8,_:_SCMRE_30,31_}"
CONST[source:0(mediator),value:2(dynamic)][purpose:{object}]


CONST[source:1(input),value:2(dynamic)][purpose:{object}]  ->  CONST[source:0(mediator),value:0(static)][purpose:{operation}]
-----------
CONST[source:1(input),value:2(dynamic)][purpose:{object}]
CE0x6184d30 "{CE0x6184d30|COLLAPSED:_CRE:_elem_0::|security/tomoyo/network.c,507}"
CE0x8a32e00 "{CE0x8a32e00|tomoyo_check_inet_address:_tmp2|*LoadInst*|security/tomoyo/network.c,507}"
CE0x8a8fbf0 "{CE0x8a8fbf0|tomoyo_check_inet_address:_conv|security/tomoyo/network.c,507}"
CE0x8a6c060 "{CE0x8a6c060|tomoyo_check_inet_address:_if.end20}"
CE0x6f55e40 "{CE0x6f55e40|tomoyo_inet_entry:_entry}"
CE0x64c5ee0 "{CE0x64c5ee0|tomoyo_inet_entry:_if.then}"
CE0x71ed3a0 "{CE0x71ed3a0|24:_i32*,_32:_i16,_34:_i8,_35:_i8,_36:_i8,_72:_i8,_:_SCMRE_35,36_}"
CONST[source:0(mediator),value:0(static)][purpose:{operation}]


CONST[source:1(input),value:2(dynamic)][purpose:{object}]  ->  CONST[source:0(mediator),value:2(dynamic)][purpose:{subject}]
-----------
CONST[source:1(input),value:2(dynamic)][purpose:{object}]
CE0x6184d30 "{CE0x6184d30|COLLAPSED:_CRE:_elem_0::|security/tomoyo/network.c,507}"
CE0x8a32e00 "{CE0x8a32e00|tomoyo_check_inet_address:_tmp2|*LoadInst*|security/tomoyo/network.c,507}"
CE0x8a8fbf0 "{CE0x8a8fbf0|tomoyo_check_inet_address:_conv|security/tomoyo/network.c,507}"
CE0x8a6c060 "{CE0x8a6c060|tomoyo_check_inet_address:_if.end20}"
CE0x6f55e40 "{CE0x6f55e40|tomoyo_inet_entry:_entry}"
CE0x71706c0 "{CE0x71706c0|tomoyo_inet_entry:_r|security/tomoyo/network.c, 469}"
CE0x70b0860 "{CE0x70b0860|tomoyo_init_request_info:_r|Function::tomoyo_init_request_info&Arg::r::}"
CE0x62f0d70 "{CE0x62f0d70|tomoyo_init_request_info:_domain1|security/tomoyo/util.c,1006}"
CE0x7000b20 "{CE0x7000b20|24:_i32*,_32:_i16,_34:_i8,_35:_i8,_36:_i8,_72:_i8,_:_SCMRE_16,24_|*MultipleSource*|security/tomoyo/network.c, 469|security/tomoyo/network.c,469|Function::tomoyo_init_request_info&Arg::r::|security/tomoyo/network.c,475}"
CONST[source:0(mediator),value:2(dynamic)][purpose:{subject}]


CONST[source:0(mediator),value:1(k-static)][purpose:{operation}]  ->  CONST[source:0(mediator),value:2(dynamic)][purpose:{object}]
-----------
CONST[source:0(mediator),value:1(k-static)][purpose:{operation}]
CE0x623ba90 "{CE0x623ba90|0:_i8,_1:_i8,_8:_i16,_16:_i32*,_24:_i8,_:_CMR_0,1_|*MultipleSource*|Function::tomoyo_check_inet_address&Arg::address::|security/tomoyo/network.c,505}"
CE0x6088f00 "{CE0x6088f00|tomoyo_inet_entry:_tmp4|*LoadInst*|security/tomoyo/network.c,471}"
CE0x61c9ae0 "{CE0x61c9ae0|tomoyo_inet_entry:_idxprom1|security/tomoyo/network.c,471}"
CE0x62689a0 "{CE0x62689a0|tomoyo_inet_entry:_arrayidx|security/tomoyo/network.c,471}"
CE0x700e300 "{CE0x700e300|tomoyo_inet_entry:_arrayidx2|security/tomoyo/network.c,471}"
CE0x70beb80 "{CE0x70beb80|tomoyo_inet_entry:_tmp5|security/tomoyo/network.c,471}"
CE0x711db30 "{CE0x711db30|tomoyo_inet_entry:_conv|security/tomoyo/network.c,473}"
CE0x712c850 "{CE0x712c850|tomoyo_inet_entry:_tobool|security/tomoyo/network.c,473}"
CE0x64c5ee0 "{CE0x64c5ee0|tomoyo_inet_entry:_if.then}"
CE0x7137950 "{CE0x7137950|24:_i32*,_32:_i16,_34:_i8,_35:_i8,_36:_i8,_72:_i8,_:_SCMRE_30,31_}"
CONST[source:0(mediator),value:2(dynamic)][purpose:{object}]


CONST[source:0(mediator),value:1(k-static)][purpose:{operation}]  ->  CONST[source:0(mediator),value:0(static)][purpose:{operation}]
-----------
CONST[source:0(mediator),value:1(k-static)][purpose:{operation}]
CE0x623ba90 "{CE0x623ba90|0:_i8,_1:_i8,_8:_i16,_16:_i32*,_24:_i8,_:_CMR_0,1_|*MultipleSource*|Function::tomoyo_check_inet_address&Arg::address::|security/tomoyo/network.c,505}"
CE0x74ae390 "{CE0x74ae390|tomoyo_inet_entry:_tmp16|*LoadInst*|security/tomoyo/network.c,476}"
CE0x71ed200 "{CE0x71ed200|24:_i32*,_32:_i16,_34:_i8,_35:_i8,_36:_i8,_72:_i8,_:_SCMRE_34,35_}"
CONST[source:0(mediator),value:0(static)][purpose:{operation}]


CONST[source:0(mediator),value:1(k-static)][purpose:{operation}]  ->  CONST[source:0(mediator),value:2(dynamic)][purpose:{subject}]
-----------
CONST[source:0(mediator),value:1(k-static)][purpose:{operation}]
CE0x623ba90 "{CE0x623ba90|0:_i8,_1:_i8,_8:_i16,_16:_i32*,_24:_i8,_:_CMR_0,1_|*MultipleSource*|Function::tomoyo_check_inet_address&Arg::address::|security/tomoyo/network.c,505}"
CE0x6088f00 "{CE0x6088f00|tomoyo_inet_entry:_tmp4|*LoadInst*|security/tomoyo/network.c,471}"
CE0x61c9ae0 "{CE0x61c9ae0|tomoyo_inet_entry:_idxprom1|security/tomoyo/network.c,471}"
CE0x62689a0 "{CE0x62689a0|tomoyo_inet_entry:_arrayidx|security/tomoyo/network.c,471}"
CE0x700e300 "{CE0x700e300|tomoyo_inet_entry:_arrayidx2|security/tomoyo/network.c,471}"
CE0x70beb80 "{CE0x70beb80|tomoyo_inet_entry:_tmp5|security/tomoyo/network.c,471}"
CE0x711db30 "{CE0x711db30|tomoyo_inet_entry:_conv|security/tomoyo/network.c,473}"
CE0x712c850 "{CE0x712c850|tomoyo_inet_entry:_tobool|security/tomoyo/network.c,473}"
CE0x6fe2370 "{CE0x6fe2370|tomoyo_inet_entry:_land.lhs.true}"
CE0x71c42d0 "{CE0x71c42d0|tomoyo_init_request_info:_entry}"
CE0x8a0d270 "{CE0x8a0d270|tomoyo_init_request_info:_if.end}"
CE0x7000b20 "{CE0x7000b20|24:_i32*,_32:_i16,_34:_i8,_35:_i8,_36:_i8,_72:_i8,_:_SCMRE_16,24_|*MultipleSource*|security/tomoyo/network.c, 469|security/tomoyo/network.c,469|Function::tomoyo_init_request_info&Arg::r::|security/tomoyo/network.c,475}"
CONST[source:0(mediator),value:2(dynamic)][purpose:{subject}]


CONST[source:1(input),value:2(dynamic)][purpose:{operation}]  ->  CONST[source:0(mediator),value:2(dynamic)][purpose:{object}]
-----------
CONST[source:1(input),value:2(dynamic)][purpose:{operation}]
CE0x8b81ef0 "{CE0x8b81ef0|0:_i8,_1:_i8,_8:_i16,_16:_i32*,_24:_i8,_:_CMR_1,2_|*MultipleSource*|Function::tomoyo_check_inet_address&Arg::address::|security/tomoyo/network.c,505}"
CE0x5712540 "{CE0x5712540|tomoyo_inet_entry:_tmp3|*LoadInst*|security/tomoyo/network.c,471}"
CE0x56ec590 "{CE0x56ec590|tomoyo_inet_entry:_idxprom|security/tomoyo/network.c,471}"
CE0x700e300 "{CE0x700e300|tomoyo_inet_entry:_arrayidx2|security/tomoyo/network.c,471}"
CE0x70beb80 "{CE0x70beb80|tomoyo_inet_entry:_tmp5|security/tomoyo/network.c,471}"
CE0x711db30 "{CE0x711db30|tomoyo_inet_entry:_conv|security/tomoyo/network.c,473}"
CE0x712c850 "{CE0x712c850|tomoyo_inet_entry:_tobool|security/tomoyo/network.c,473}"
CE0x64c5ee0 "{CE0x64c5ee0|tomoyo_inet_entry:_if.then}"
CE0x7137950 "{CE0x7137950|24:_i32*,_32:_i16,_34:_i8,_35:_i8,_36:_i8,_72:_i8,_:_SCMRE_30,31_}"
CONST[source:0(mediator),value:2(dynamic)][purpose:{object}]


CONST[source:1(input),value:2(dynamic)][purpose:{operation}]  ->  CONST[source:0(mediator),value:0(static)][purpose:{operation}]
-----------
CONST[source:1(input),value:2(dynamic)][purpose:{operation}]
CE0x8b81ef0 "{CE0x8b81ef0|0:_i8,_1:_i8,_8:_i16,_16:_i32*,_24:_i8,_:_CMR_1,2_|*MultipleSource*|Function::tomoyo_check_inet_address&Arg::address::|security/tomoyo/network.c,505}"
CE0x74b8890 "{CE0x74b8890|tomoyo_inet_entry:_tmp17|*LoadInst*|security/tomoyo/network.c,477}"
CE0x71ed3a0 "{CE0x71ed3a0|24:_i32*,_32:_i16,_34:_i8,_35:_i8,_36:_i8,_72:_i8,_:_SCMRE_35,36_}"
CONST[source:0(mediator),value:0(static)][purpose:{operation}]


CONST[source:1(input),value:2(dynamic)][purpose:{operation}]  ->  CONST[source:0(mediator),value:2(dynamic)][purpose:{subject}]
-----------
CONST[source:1(input),value:2(dynamic)][purpose:{operation}]
CE0x8b81ef0 "{CE0x8b81ef0|0:_i8,_1:_i8,_8:_i16,_16:_i32*,_24:_i8,_:_CMR_1,2_|*MultipleSource*|Function::tomoyo_check_inet_address&Arg::address::|security/tomoyo/network.c,505}"
CE0x5712540 "{CE0x5712540|tomoyo_inet_entry:_tmp3|*LoadInst*|security/tomoyo/network.c,471}"
CE0x56ec590 "{CE0x56ec590|tomoyo_inet_entry:_idxprom|security/tomoyo/network.c,471}"
CE0x700e300 "{CE0x700e300|tomoyo_inet_entry:_arrayidx2|security/tomoyo/network.c,471}"
CE0x70beb80 "{CE0x70beb80|tomoyo_inet_entry:_tmp5|security/tomoyo/network.c,471}"
CE0x711db30 "{CE0x711db30|tomoyo_inet_entry:_conv|security/tomoyo/network.c,473}"
CE0x712c850 "{CE0x712c850|tomoyo_inet_entry:_tobool|security/tomoyo/network.c,473}"
CE0x6fe2370 "{CE0x6fe2370|tomoyo_inet_entry:_land.lhs.true}"
CE0x71c42d0 "{CE0x71c42d0|tomoyo_init_request_info:_entry}"
CE0x8a0d270 "{CE0x8a0d270|tomoyo_init_request_info:_if.end}"
CE0x7000b20 "{CE0x7000b20|24:_i32*,_32:_i16,_34:_i8,_35:_i8,_36:_i8,_72:_i8,_:_SCMRE_16,24_|*MultipleSource*|security/tomoyo/network.c, 469|security/tomoyo/network.c,469|Function::tomoyo_init_request_info&Arg::r::|security/tomoyo/network.c,475}"
CONST[source:0(mediator),value:2(dynamic)][purpose:{subject}]


CONST[source:2(external),value:2(dynamic)][purpose:{subject}]  ->  CONST[source:0(mediator),value:2(dynamic)][purpose:{object}]
-----------
CONST[source:2(external),value:2(dynamic)][purpose:{subject}]
CE0x8c592d0 "{CE0x8c592d0|128:_i8*,_1208:_%struct.file*,_:_CMRE_128,136_|*MultipleSource*|security/tomoyo/common.h,1205|security/tomoyo/common.h,1205}"
CE0x543c850 "{CE0x543c850|tomoyo_domain:_tmp22|security/tomoyo/common.h,1205}"
CE0x5569b60 "{CE0x5569b60|tomoyo_domain:_tmp23|security/tomoyo/common.h,1205}"
CE0x70beea0 "{CE0x70beea0|_ret_%struct.tomoyo_domain_info*_%tmp23,_!dbg_!38929|security/tomoyo/common.h,1205}"
CE0x54bce60 "{CE0x54bce60|tomoyo_init_request_info:_call|security/tomoyo/util.c,1005}"
CE0x54bcdf0 "{CE0x54bcdf0|tomoyo_init_request_info:_domain.addr.0}"
CE0x6304810 "{CE0x6304810|tomoyo_init_request_info:_profile2|security/tomoyo/util.c,1007}"
CE0x7375f70 "{CE0x7375f70|tomoyo_init_request_info:_tmp11|security/tomoyo/util.c,1007}"
CE0x73db6e0 "{CE0x73db6e0|tomoyo_get_mode:_profile|Function::tomoyo_get_mode&Arg::profile::}"
CE0x5569020 "{CE0x5569020|COLLAPSED:_CRE:_elem_0:default:}"
CE0x73b42c0 "{CE0x73b42c0|tomoyo_get_mode:_tmp24|security/tomoyo/util.c,986}"
CE0x73b4100 "{CE0x73b4100|tomoyo_get_mode:_mode.1}"
CE0x73cb8e0 "{CE0x73cb8e0|tomoyo_get_mode:_conv15|security/tomoyo/util.c,987}"
CE0x7402850 "{CE0x7402850|tomoyo_get_mode:_and|security/tomoyo/util.c,987}"
CE0x7402d50 "{CE0x7402d50|tomoyo_get_mode:_retval.0}"
CE0x73db620 "{CE0x73db620|_ret_i32_%retval.0,_!dbg_!38935|security/tomoyo/util.c,988}"
CE0x73d3f50 "{CE0x73d3f50|tomoyo_init_request_info:_call4|security/tomoyo/util.c,1010}"
CE0x73dba00 "{CE0x73dba00|tomoyo_init_request_info:_conv|security/tomoyo/util.c,1010}"
CE0x748cd00 "{CE0x748cd00|24:_i32*,_32:_i16,_34:_i8,_35:_i8,_36:_i8,_72:_i8,_:_SCMRE_76,77_|*MultipleSource*|security/tomoyo/network.c, 469|security/tomoyo/network.c,469|Function::tomoyo_init_request_info&Arg::r::|security/tomoyo/network.c,475}"
CE0x8a60850 "{CE0x8a60850|tomoyo_init_request_info:_tmp13|*LoadInst*|security/tomoyo/util.c,1011}"
CE0x8ad7f70 "{CE0x8ad7f70|tomoyo_init_request_info:_conv6|security/tomoyo/util.c,1011}"
CE0x626f960 "{CE0x626f960|_ret_i32_%conv6,_!dbg_!38926|security/tomoyo/util.c,1011}"
CE0x7126f10 "{CE0x7126f10|tomoyo_inet_entry:_call3|security/tomoyo/network.c,473}"
CE0x56836f0 "{CE0x56836f0|tomoyo_inet_entry:_cmp|security/tomoyo/network.c,474}"
CE0x64c5ee0 "{CE0x64c5ee0|tomoyo_inet_entry:_if.then}"
CE0x7137950 "{CE0x7137950|24:_i32*,_32:_i16,_34:_i8,_35:_i8,_36:_i8,_72:_i8,_:_SCMRE_30,31_}"
CONST[source:0(mediator),value:2(dynamic)][purpose:{object}]


CONST[source:2(external),value:2(dynamic)][purpose:{subject}]  ->  CONST[source:0(mediator),value:0(static)][purpose:{operation}]
-----------
CONST[source:2(external),value:2(dynamic)][purpose:{subject}]
CE0x8c592d0 "{CE0x8c592d0|128:_i8*,_1208:_%struct.file*,_:_CMRE_128,136_|*MultipleSource*|security/tomoyo/common.h,1205|security/tomoyo/common.h,1205}"
CE0x543c850 "{CE0x543c850|tomoyo_domain:_tmp22|security/tomoyo/common.h,1205}"
CE0x5569b60 "{CE0x5569b60|tomoyo_domain:_tmp23|security/tomoyo/common.h,1205}"
CE0x70beea0 "{CE0x70beea0|_ret_%struct.tomoyo_domain_info*_%tmp23,_!dbg_!38929|security/tomoyo/common.h,1205}"
CE0x54bce60 "{CE0x54bce60|tomoyo_init_request_info:_call|security/tomoyo/util.c,1005}"
CE0x54bcdf0 "{CE0x54bcdf0|tomoyo_init_request_info:_domain.addr.0}"
CE0x6304810 "{CE0x6304810|tomoyo_init_request_info:_profile2|security/tomoyo/util.c,1007}"
CE0x7375f70 "{CE0x7375f70|tomoyo_init_request_info:_tmp11|security/tomoyo/util.c,1007}"
CE0x73db6e0 "{CE0x73db6e0|tomoyo_get_mode:_profile|Function::tomoyo_get_mode&Arg::profile::}"
CE0x5569020 "{CE0x5569020|COLLAPSED:_CRE:_elem_0:default:}"
CE0x73b42c0 "{CE0x73b42c0|tomoyo_get_mode:_tmp24|security/tomoyo/util.c,986}"
CE0x73b4100 "{CE0x73b4100|tomoyo_get_mode:_mode.1}"
CE0x73cb8e0 "{CE0x73cb8e0|tomoyo_get_mode:_conv15|security/tomoyo/util.c,987}"
CE0x7402850 "{CE0x7402850|tomoyo_get_mode:_and|security/tomoyo/util.c,987}"
CE0x7402d50 "{CE0x7402d50|tomoyo_get_mode:_retval.0}"
CE0x73db620 "{CE0x73db620|_ret_i32_%retval.0,_!dbg_!38935|security/tomoyo/util.c,988}"
CE0x73d3f50 "{CE0x73d3f50|tomoyo_init_request_info:_call4|security/tomoyo/util.c,1010}"
CE0x73dba00 "{CE0x73dba00|tomoyo_init_request_info:_conv|security/tomoyo/util.c,1010}"
CE0x748cd00 "{CE0x748cd00|24:_i32*,_32:_i16,_34:_i8,_35:_i8,_36:_i8,_72:_i8,_:_SCMRE_76,77_|*MultipleSource*|security/tomoyo/network.c, 469|security/tomoyo/network.c,469|Function::tomoyo_init_request_info&Arg::r::|security/tomoyo/network.c,475}"
CE0x8a60850 "{CE0x8a60850|tomoyo_init_request_info:_tmp13|*LoadInst*|security/tomoyo/util.c,1011}"
CE0x8ad7f70 "{CE0x8ad7f70|tomoyo_init_request_info:_conv6|security/tomoyo/util.c,1011}"
CE0x626f960 "{CE0x626f960|_ret_i32_%conv6,_!dbg_!38926|security/tomoyo/util.c,1011}"
CE0x7126f10 "{CE0x7126f10|tomoyo_inet_entry:_call3|security/tomoyo/network.c,473}"
CE0x56836f0 "{CE0x56836f0|tomoyo_inet_entry:_cmp|security/tomoyo/network.c,474}"
CE0x64c5ee0 "{CE0x64c5ee0|tomoyo_inet_entry:_if.then}"
CE0x71ed3a0 "{CE0x71ed3a0|24:_i32*,_32:_i16,_34:_i8,_35:_i8,_36:_i8,_72:_i8,_:_SCMRE_35,36_}"
CONST[source:0(mediator),value:0(static)][purpose:{operation}]


CONST[source:2(external),value:2(dynamic)][purpose:{subject}]  ->  CONST[source:0(mediator),value:2(dynamic)][purpose:{subject}]
-----------
CONST[source:2(external),value:2(dynamic)][purpose:{subject}]
CE0x8c592d0 "{CE0x8c592d0|128:_i8*,_1208:_%struct.file*,_:_CMRE_128,136_|*MultipleSource*|security/tomoyo/common.h,1205|security/tomoyo/common.h,1205}"
CE0x543c850 "{CE0x543c850|tomoyo_domain:_tmp22|security/tomoyo/common.h,1205}"
CE0x5569b60 "{CE0x5569b60|tomoyo_domain:_tmp23|security/tomoyo/common.h,1205}"
CE0x70beea0 "{CE0x70beea0|_ret_%struct.tomoyo_domain_info*_%tmp23,_!dbg_!38929|security/tomoyo/common.h,1205}"
CE0x54bce60 "{CE0x54bce60|tomoyo_init_request_info:_call|security/tomoyo/util.c,1005}"
CE0x54bcdf0 "{CE0x54bcdf0|tomoyo_init_request_info:_domain.addr.0}"
CE0x7000b20 "{CE0x7000b20|24:_i32*,_32:_i16,_34:_i8,_35:_i8,_36:_i8,_72:_i8,_:_SCMRE_16,24_|*MultipleSource*|security/tomoyo/network.c, 469|security/tomoyo/network.c,469|Function::tomoyo_init_request_info&Arg::r::|security/tomoyo/network.c,475}"
CONST[source:0(mediator),value:2(dynamic)][purpose:{subject}]


