[selinux_xfrm_state_pol_flow_match]

explicit:
CONST[source:1(input),value:2(dynamic)][purpose:{object}][SrcIdx:1]  ->  CONST[source:0(mediator),value:2(dynamic)][purpose:{object}][SnkIdx:1]
-----------
CONST[source:1(input),value:2(dynamic)][purpose:{object}][SrcIdx:1]
CE0x4a2f4f0 "{CE0x4a2f4f0|864:_%struct.xfrm_sec_ctx*,_:_CRE_864,872_|*MultipleSource*|security/selinux/xfrm.c,185|Function::selinux_xfrm_state_pol_flow_match&Arg::x::}"
CE0x4a678f0 "{CE0x4a678f0|selinux_xfrm_state_pol_flow_match:tmp33|*LoadInst*|security/selinux/xfrm.c,200}"
CE0x4a897f0 "{CE0x4a897f0|selinux_xfrm_state_pol_flow_match:ctx_sid|security/selinux/xfrm.c,200}"
CE0x4a7f920 "{CE0x4a7f920|selinux_xfrm_state_pol_flow_match:tmp34|security/selinux/xfrm.c,200}"
CE0x4a7fa60 "{CE0x4a7fa60|selinux_xfrm_state_pol_flow_match:tmp34|security/selinux/xfrm.c,200|*SummSink*}"
CONST[source:0(mediator),value:2(dynamic)][purpose:{object}][SnkIdx:1]


CONST[source:1(input),value:2(dynamic)][purpose:{subject}][SrcIdx:3]  ->  CONST[source:0(mediator),value:2(dynamic)][purpose:{subject}][SnkIdx:0]
-----------
CONST[source:1(input),value:2(dynamic)][purpose:{subject}][SrcIdx:3]
CE0x4a69f40 "{CE0x4a69f40|16:_i32,_:_CRE_19,20_}"
CE0x4a8c390 "{CE0x4a8c390|selinux_xfrm_state_pol_flow_match:tmp44|security/selinux/xfrm.c,208}"
CE0x4a8e4c0 "{CE0x4a8e4c0|selinux_xfrm_state_pol_flow_match:tmp44|security/selinux/xfrm.c,208|*SummSink*}"
CONST[source:0(mediator),value:2(dynamic)][purpose:{subject}][SnkIdx:0]



implicit:
CONST[source:1(input),value:2(dynamic)][purpose:{subject}][SrcIdx:3]  ->  CONST[source:0(mediator),value:2(dynamic)][purpose:{subject}][SnkIdx:0]
-----------
CONST[source:1(input),value:2(dynamic)][purpose:{subject}][SrcIdx:3]
CE0x4a69e40 "{CE0x4a69e40|16:_i32,_:_CRE_18,19_}"
CE0x4a8c390 "{CE0x4a8c390|selinux_xfrm_state_pol_flow_match:tmp44|security/selinux/xfrm.c,208}"
CE0x4a8e4c0 "{CE0x4a8e4c0|selinux_xfrm_state_pol_flow_match:tmp44|security/selinux/xfrm.c,208|*SummSink*}"
CONST[source:0(mediator),value:2(dynamic)][purpose:{subject}][SnkIdx:0]


CONST[source:1(input),value:2(dynamic)][purpose:{object}][SrcIdx:1]  ->  CONST[source:0(mediator),value:2(dynamic)][purpose:{object}][SnkIdx:1]
-----------
CONST[source:1(input),value:2(dynamic)][purpose:{object}][SrcIdx:1]
CE0x4a2f4f0 "{CE0x4a2f4f0|864:_%struct.xfrm_sec_ctx*,_:_CRE_864,872_|*MultipleSource*|security/selinux/xfrm.c,185|Function::selinux_xfrm_state_pol_flow_match&Arg::x::}"
CE0x4a678f0 "{CE0x4a678f0|selinux_xfrm_state_pol_flow_match:tmp33|*LoadInst*|security/selinux/xfrm.c,200}"
CE0x4a897f0 "{CE0x4a897f0|selinux_xfrm_state_pol_flow_match:ctx_sid|security/selinux/xfrm.c,200}"
CE0x4a7f920 "{CE0x4a7f920|selinux_xfrm_state_pol_flow_match:tmp34|security/selinux/xfrm.c,200}"
CE0x4a7fa60 "{CE0x4a7fa60|selinux_xfrm_state_pol_flow_match:tmp34|security/selinux/xfrm.c,200|*SummSink*}"
CONST[source:0(mediator),value:2(dynamic)][purpose:{object}][SnkIdx:1]


CONST[source:1(input),value:2(dynamic)][purpose:{object}][SrcIdx:1]  ->  CONST[source:0(mediator),value:2(dynamic)][purpose:{subject}][SnkIdx:0]
-----------
CONST[source:1(input),value:2(dynamic)][purpose:{object}][SrcIdx:1]
CE0x4a2f4f0 "{CE0x4a2f4f0|864:_%struct.xfrm_sec_ctx*,_:_CRE_864,872_|*MultipleSource*|security/selinux/xfrm.c,185|Function::selinux_xfrm_state_pol_flow_match&Arg::x::}"
CE0x4a63830 "{CE0x4a63830|selinux_xfrm_state_pol_flow_match:tmp16|*LoadInst*|security/selinux/xfrm.c,192}"
CE0x4a75dd0 "{CE0x4a75dd0|selinux_xfrm_state_pol_flow_match:tobool6|security/selinux/xfrm.c,192}"
CE0x49e2270 "{CE0x49e2270|selinux_xfrm_state_pol_flow_match:if.end15}"
CE0x4a8c390 "{CE0x4a8c390|selinux_xfrm_state_pol_flow_match:tmp44|security/selinux/xfrm.c,208}"
CE0x4a8e4c0 "{CE0x4a8e4c0|selinux_xfrm_state_pol_flow_match:tmp44|security/selinux/xfrm.c,208|*SummSink*}"
CONST[source:0(mediator),value:2(dynamic)][purpose:{subject}][SnkIdx:0]


CONST[source:1(input),value:2(dynamic)][purpose:{object}][SrcIdx:2]  ->  CONST[source:0(mediator),value:2(dynamic)][purpose:{object}][SnkIdx:1]
-----------
CONST[source:1(input),value:2(dynamic)][purpose:{object}][SrcIdx:2]
CE0x4a0f180 "{CE0x4a0f180|696:_%struct.xfrm_sec_ctx*,_:_CRE_696,704_|*MultipleSource*|Function::selinux_xfrm_state_pol_flow_match&Arg::xp::|security/selinux/xfrm.c,184}"
CE0x4a03bb0 "{CE0x4a03bb0|selinux_xfrm_state_pol_flow_match:tmp2|*LoadInst*|security/selinux/xfrm.c,184}"
CE0x49f2e70 "{CE0x49f2e70|selinux_xfrm_state_pol_flow_match:tobool|security/selinux/xfrm.c,184}"
CE0x49da7c0 "{CE0x49da7c0|selinux_xfrm_state_pol_flow_match:if.end12}"
CE0x4a7f920 "{CE0x4a7f920|selinux_xfrm_state_pol_flow_match:tmp34|security/selinux/xfrm.c,200}"
CE0x4a7fa60 "{CE0x4a7fa60|selinux_xfrm_state_pol_flow_match:tmp34|security/selinux/xfrm.c,200|*SummSink*}"
CONST[source:0(mediator),value:2(dynamic)][purpose:{object}][SnkIdx:1]


CONST[source:1(input),value:2(dynamic)][purpose:{object}][SrcIdx:2]  ->  CONST[source:0(mediator),value:2(dynamic)][purpose:{subject}][SnkIdx:0]
-----------
CONST[source:1(input),value:2(dynamic)][purpose:{object}][SrcIdx:2]
CE0x4a0f180 "{CE0x4a0f180|696:_%struct.xfrm_sec_ctx*,_:_CRE_696,704_|*MultipleSource*|Function::selinux_xfrm_state_pol_flow_match&Arg::xp::|security/selinux/xfrm.c,184}"
CE0x4a03bb0 "{CE0x4a03bb0|selinux_xfrm_state_pol_flow_match:tmp2|*LoadInst*|security/selinux/xfrm.c,184}"
CE0x49f2e70 "{CE0x49f2e70|selinux_xfrm_state_pol_flow_match:tobool|security/selinux/xfrm.c,184}"
CE0x49e2270 "{CE0x49e2270|selinux_xfrm_state_pol_flow_match:if.end15}"
CE0x4a8c390 "{CE0x4a8c390|selinux_xfrm_state_pol_flow_match:tmp44|security/selinux/xfrm.c,208}"
CE0x4a8e4c0 "{CE0x4a8e4c0|selinux_xfrm_state_pol_flow_match:tmp44|security/selinux/xfrm.c,208|*SummSink*}"
CONST[source:0(mediator),value:2(dynamic)][purpose:{subject}][SnkIdx:0]


