[tomoyo_path_link]

explicit:
CONST[source:1(input),value:2(dynamic)][purpose:{object}][SrcIdx:14]  ->  CONST[source:0(mediator),value:2(dynamic)][purpose:{object}][SnkIdx:1]
-----------
CONST[source:1(input),value:2(dynamic)][purpose:{object}][SrcIdx:14]
CE0x644e030 "{CE0x644e030|56:_i32_(%struct.socket.518*,_%struct.sockaddr*,_i32*,_i32)*,_:_IRE:_elem_0:default:}"
CONST[source:0(mediator),value:2(dynamic)][purpose:{object}][SnkIdx:1]


CONST[source:1(input),value:2(dynamic)][purpose:{object}][SrcIdx:14]  ->  CONST[source:0(mediator),value:2(dynamic)][purpose:{subject}][SnkIdx:0]
-----------
CONST[source:1(input),value:2(dynamic)][purpose:{object}][SrcIdx:14]
CE0x644e030 "{CE0x644e030|56:_i32_(%struct.socket.518*,_%struct.sockaddr*,_i32*,_i32)*,_:_IRE:_elem_0:default:}"
CONST[source:0(mediator),value:2(dynamic)][purpose:{subject}][SnkIdx:0]


CONST[source:1(input),value:2(dynamic)][purpose:{object}][SrcIdx:14]  ->  CONST[source:0(mediator),value:2(dynamic)][purpose:{object}][SnkIdx:2]
-----------
CONST[source:1(input),value:2(dynamic)][purpose:{object}][SrcIdx:14]
CE0x645fb10 "{CE0x645fb10|VOIDTB_TE:_IE:_elem_0:default:}"
CONST[source:0(mediator),value:2(dynamic)][purpose:{object}][SnkIdx:2]


CONST[source:1(input),value:2(dynamic)][purpose:{object}][SrcIdx:14]  ->  CONST[source:0(mediator),value:0(static)][purpose:{operation}][SnkIdx:3]
-----------
CONST[source:1(input),value:2(dynamic)][purpose:{object}][SrcIdx:14]
CE0x645fb10 "{CE0x645fb10|VOIDTB_TE:_IE:_elem_0:default:}"
CONST[source:0(mediator),value:0(static)][purpose:{operation}][SnkIdx:3]


CONST[source:1(input),value:2(dynamic)][purpose:{object}][SrcIdx:15]  ->  CONST[source:0(mediator),value:2(dynamic)][purpose:{object}][SnkIdx:1]
-----------
CONST[source:1(input),value:2(dynamic)][purpose:{object}][SrcIdx:15]
CE0x644e030 "{CE0x644e030|56:_i32_(%struct.socket.518*,_%struct.sockaddr*,_i32*,_i32)*,_:_IRE:_elem_0:default:}"
CONST[source:0(mediator),value:2(dynamic)][purpose:{object}][SnkIdx:1]


CONST[source:1(input),value:2(dynamic)][purpose:{object}][SrcIdx:15]  ->  CONST[source:0(mediator),value:2(dynamic)][purpose:{subject}][SnkIdx:0]
-----------
CONST[source:1(input),value:2(dynamic)][purpose:{object}][SrcIdx:15]
CE0x644e030 "{CE0x644e030|56:_i32_(%struct.socket.518*,_%struct.sockaddr*,_i32*,_i32)*,_:_IRE:_elem_0:default:}"
CONST[source:0(mediator),value:2(dynamic)][purpose:{subject}][SnkIdx:0]


CONST[source:1(input),value:2(dynamic)][purpose:{object}][SrcIdx:15]  ->  CONST[source:0(mediator),value:2(dynamic)][purpose:{object}][SnkIdx:2]
-----------
CONST[source:1(input),value:2(dynamic)][purpose:{object}][SrcIdx:15]
CE0x645fb10 "{CE0x645fb10|VOIDTB_TE:_IE:_elem_0:default:}"
CONST[source:0(mediator),value:2(dynamic)][purpose:{object}][SnkIdx:2]


CONST[source:1(input),value:2(dynamic)][purpose:{object}][SrcIdx:15]  ->  CONST[source:0(mediator),value:0(static)][purpose:{operation}][SnkIdx:3]
-----------
CONST[source:1(input),value:2(dynamic)][purpose:{object}][SrcIdx:15]
CE0x645fb10 "{CE0x645fb10|VOIDTB_TE:_IE:_elem_0:default:}"
CONST[source:0(mediator),value:0(static)][purpose:{operation}][SnkIdx:3]


CONST[source:1(input),value:2(dynamic)][purpose:{object}][SrcIdx:13]  ->  CONST[source:0(mediator),value:2(dynamic)][purpose:{object}][SnkIdx:1]
-----------
CONST[source:1(input),value:2(dynamic)][purpose:{object}][SrcIdx:13]
CE0x644e030 "{CE0x644e030|56:_i32_(%struct.socket.518*,_%struct.sockaddr*,_i32*,_i32)*,_:_IRE:_elem_0:default:}"
CONST[source:0(mediator),value:2(dynamic)][purpose:{object}][SnkIdx:1]


CONST[source:1(input),value:2(dynamic)][purpose:{object}][SrcIdx:13]  ->  CONST[source:0(mediator),value:2(dynamic)][purpose:{subject}][SnkIdx:0]
-----------
CONST[source:1(input),value:2(dynamic)][purpose:{object}][SrcIdx:13]
CE0x644e030 "{CE0x644e030|56:_i32_(%struct.socket.518*,_%struct.sockaddr*,_i32*,_i32)*,_:_IRE:_elem_0:default:}"
CONST[source:0(mediator),value:2(dynamic)][purpose:{subject}][SnkIdx:0]


CONST[source:1(input),value:2(dynamic)][purpose:{object}][SrcIdx:13]  ->  CONST[source:0(mediator),value:2(dynamic)][purpose:{object}][SnkIdx:2]
-----------
CONST[source:1(input),value:2(dynamic)][purpose:{object}][SrcIdx:13]
CE0x645fb10 "{CE0x645fb10|VOIDTB_TE:_IE:_elem_0:default:}"
CONST[source:0(mediator),value:2(dynamic)][purpose:{object}][SnkIdx:2]


CONST[source:1(input),value:2(dynamic)][purpose:{object}][SrcIdx:13]  ->  CONST[source:0(mediator),value:0(static)][purpose:{operation}][SnkIdx:3]
-----------
CONST[source:1(input),value:2(dynamic)][purpose:{object}][SrcIdx:13]
CE0x645fb10 "{CE0x645fb10|VOIDTB_TE:_IE:_elem_0:default:}"
CONST[source:0(mediator),value:0(static)][purpose:{operation}][SnkIdx:3]


CONST[source:0(mediator),value:2(dynamic)][purpose:{subject}][SrcIdx:17]  ->  CONST[source:0(mediator),value:2(dynamic)][purpose:{object}][SnkIdx:1]
-----------
CONST[source:0(mediator),value:2(dynamic)][purpose:{subject}][SrcIdx:17]
CE0x646b810 "{CE0x646b810|40:_%struct.tomoyo_policy_namespace*,_48:_i8,_:_GCRE_tomoyo_kernel_domain_external_global_%struct.tomoyo_domain_info:_elem_0:default:}"
CE0x644e030 "{CE0x644e030|56:_i32_(%struct.socket.518*,_%struct.sockaddr*,_i32*,_i32)*,_:_IRE:_elem_0:default:}"
CONST[source:0(mediator),value:2(dynamic)][purpose:{object}][SnkIdx:1]


CONST[source:0(mediator),value:2(dynamic)][purpose:{subject}][SrcIdx:17]  ->  CONST[source:0(mediator),value:2(dynamic)][purpose:{object}][SnkIdx:2]
-----------
CONST[source:0(mediator),value:2(dynamic)][purpose:{subject}][SrcIdx:17]
CE0x646b8f0 "{CE0x646b8f0|VOIDTB_TE:_CE_2048,2096_}"
CE0x645fb10 "{CE0x645fb10|VOIDTB_TE:_IE:_elem_0:default:}"
CONST[source:0(mediator),value:2(dynamic)][purpose:{object}][SnkIdx:2]


CONST[source:0(mediator),value:2(dynamic)][purpose:{subject}][SrcIdx:17]  ->  CONST[source:0(mediator),value:0(static)][purpose:{operation}][SnkIdx:3]
-----------
CONST[source:0(mediator),value:2(dynamic)][purpose:{subject}][SrcIdx:17]
CE0x646b8f0 "{CE0x646b8f0|VOIDTB_TE:_CE_2048,2096_}"
CE0x645fb10 "{CE0x645fb10|VOIDTB_TE:_IE:_elem_0:default:}"
CONST[source:0(mediator),value:0(static)][purpose:{operation}][SnkIdx:3]


CONST[source:0(mediator),value:0(static)][purpose:{operation}][SrcIdx:16]  ->  CONST[source:0(mediator),value:2(dynamic)][purpose:{object}][SnkIdx:1]
-----------
CONST[source:0(mediator),value:0(static)][purpose:{operation}][SrcIdx:16]
CE0x6441990 "{CE0x6441990|operation}"
CE0x6441920 "{CE0x6441920|operation}"
CE0x644e030 "{CE0x644e030|56:_i32_(%struct.socket.518*,_%struct.sockaddr*,_i32*,_i32)*,_:_IRE:_elem_0:default:}"
CONST[source:0(mediator),value:2(dynamic)][purpose:{object}][SnkIdx:1]


CONST[source:0(mediator),value:0(static)][purpose:{operation}][SrcIdx:16]  ->  CONST[source:0(mediator),value:2(dynamic)][purpose:{subject}][SnkIdx:0]
-----------
CONST[source:0(mediator),value:0(static)][purpose:{operation}][SrcIdx:16]
CE0x6441990 "{CE0x6441990|operation}"
CE0x6441920 "{CE0x6441920|operation}"
CE0x644e030 "{CE0x644e030|56:_i32_(%struct.socket.518*,_%struct.sockaddr*,_i32*,_i32)*,_:_IRE:_elem_0:default:}"
CONST[source:0(mediator),value:2(dynamic)][purpose:{subject}][SnkIdx:0]


CONST[source:0(mediator),value:0(static)][purpose:{operation}][SrcIdx:16]  ->  CONST[source:0(mediator),value:2(dynamic)][purpose:{object}][SnkIdx:2]
-----------
CONST[source:0(mediator),value:0(static)][purpose:{operation}][SrcIdx:16]
CE0x6441990 "{CE0x6441990|operation}"
CE0x6441920 "{CE0x6441920|operation}"
CE0x644e030 "{CE0x644e030|56:_i32_(%struct.socket.518*,_%struct.sockaddr*,_i32*,_i32)*,_:_IRE:_elem_0:default:}"
CONST[source:0(mediator),value:2(dynamic)][purpose:{object}][SnkIdx:2]


CONST[source:2(external),value:2(dynamic)][purpose:{subject}][SrcIdx:18]  ->  CONST[source:0(mediator),value:2(dynamic)][purpose:{object}][SnkIdx:1]
-----------
CONST[source:2(external),value:2(dynamic)][purpose:{subject}][SrcIdx:18]
CE0x6530bf0 "{CE0x6530bf0|COLLAPSED:_GCRE_current_task_external_global_%struct.task_struct*:_elem_0:default:}"
CE0x646b880 "{CE0x646b880|VOIDTB_TE:_CE_0,2048_}"
CE0x644e030 "{CE0x644e030|56:_i32_(%struct.socket.518*,_%struct.sockaddr*,_i32*,_i32)*,_:_IRE:_elem_0:default:}"
CONST[source:0(mediator),value:2(dynamic)][purpose:{object}][SnkIdx:1]


CONST[source:2(external),value:2(dynamic)][purpose:{subject}][SrcIdx:18]  ->  CONST[source:0(mediator),value:2(dynamic)][purpose:{subject}][SnkIdx:0]
-----------
CONST[source:2(external),value:2(dynamic)][purpose:{subject}][SrcIdx:18]
CE0x6530bf0 "{CE0x6530bf0|COLLAPSED:_GCRE_current_task_external_global_%struct.task_struct*:_elem_0:default:}"
CE0x646b880 "{CE0x646b880|VOIDTB_TE:_CE_0,2048_}"
CE0x644e030 "{CE0x644e030|56:_i32_(%struct.socket.518*,_%struct.sockaddr*,_i32*,_i32)*,_:_IRE:_elem_0:default:}"
CONST[source:0(mediator),value:2(dynamic)][purpose:{subject}][SnkIdx:0]


CONST[source:2(external),value:2(dynamic)][purpose:{subject}][SrcIdx:18]  ->  CONST[source:0(mediator),value:2(dynamic)][purpose:{object}][SnkIdx:2]
-----------
CONST[source:2(external),value:2(dynamic)][purpose:{subject}][SrcIdx:18]
CE0x6530bf0 "{CE0x6530bf0|COLLAPSED:_GCRE_current_task_external_global_%struct.task_struct*:_elem_0:default:}"
CE0x646b880 "{CE0x646b880|VOIDTB_TE:_CE_0,2048_}"
CE0x645fb10 "{CE0x645fb10|VOIDTB_TE:_IE:_elem_0:default:}"
CONST[source:0(mediator),value:2(dynamic)][purpose:{object}][SnkIdx:2]


CONST[source:2(external),value:2(dynamic)][purpose:{subject}][SrcIdx:18]  ->  CONST[source:0(mediator),value:0(static)][purpose:{operation}][SnkIdx:3]
-----------
CONST[source:2(external),value:2(dynamic)][purpose:{subject}][SrcIdx:18]
CE0x6530bf0 "{CE0x6530bf0|COLLAPSED:_GCRE_current_task_external_global_%struct.task_struct*:_elem_0:default:}"
CE0x646b880 "{CE0x646b880|VOIDTB_TE:_CE_0,2048_}"
CE0x645fb10 "{CE0x645fb10|VOIDTB_TE:_IE:_elem_0:default:}"
CONST[source:0(mediator),value:0(static)][purpose:{operation}][SnkIdx:3]



implicit:
CONST[source:0(mediator),value:2(dynamic)][purpose:{subject}][SrcIdx:17]  ->  CONST[source:0(mediator),value:2(dynamic)][purpose:{object}][SnkIdx:1]
-----------
CONST[source:0(mediator),value:2(dynamic)][purpose:{subject}][SrcIdx:17]
CE0x645fec0 "{CE0x645fec0|VOIDTB_TE:_CE_2096,2272_}"
CE0x645fb10 "{CE0x645fb10|VOIDTB_TE:_IE:_elem_0:default:}"
CONST[source:0(mediator),value:2(dynamic)][purpose:{object}][SnkIdx:1]


CONST[source:0(mediator),value:2(dynamic)][purpose:{subject}][SrcIdx:17]  ->  CONST[source:0(mediator),value:2(dynamic)][purpose:{object}][SnkIdx:2]
-----------
CONST[source:0(mediator),value:2(dynamic)][purpose:{subject}][SrcIdx:17]
CE0x645fec0 "{CE0x645fec0|VOIDTB_TE:_CE_2096,2272_}"
CE0x644e030 "{CE0x644e030|56:_i32_(%struct.socket.518*,_%struct.sockaddr*,_i32*,_i32)*,_:_IRE:_elem_0:default:}"
CONST[source:0(mediator),value:2(dynamic)][purpose:{object}][SnkIdx:2]


CONST[source:0(mediator),value:2(dynamic)][purpose:{subject}][SrcIdx:17]  ->  CONST[source:0(mediator),value:0(static)][purpose:{operation}][SnkIdx:3]
-----------
CONST[source:0(mediator),value:2(dynamic)][purpose:{subject}][SrcIdx:17]
CE0x645fec0 "{CE0x645fec0|VOIDTB_TE:_CE_2096,2272_}"
CE0x644e030 "{CE0x644e030|56:_i32_(%struct.socket.518*,_%struct.sockaddr*,_i32*,_i32)*,_:_IRE:_elem_0:default:}"
CONST[source:0(mediator),value:0(static)][purpose:{operation}][SnkIdx:3]


CONST[source:1(input),value:2(dynamic)][purpose:{object}][SrcIdx:15]  ->  CONST[source:0(mediator),value:2(dynamic)][purpose:{object}][SnkIdx:1]
-----------
CONST[source:1(input),value:2(dynamic)][purpose:{object}][SrcIdx:15]
CE0x645fb10 "{CE0x645fb10|VOIDTB_TE:_IE:_elem_0:default:}"
CONST[source:0(mediator),value:2(dynamic)][purpose:{object}][SnkIdx:1]


CONST[source:1(input),value:2(dynamic)][purpose:{object}][SrcIdx:15]  ->  CONST[source:0(mediator),value:2(dynamic)][purpose:{object}][SnkIdx:2]
-----------
CONST[source:1(input),value:2(dynamic)][purpose:{object}][SrcIdx:15]
CE0x644e030 "{CE0x644e030|56:_i32_(%struct.socket.518*,_%struct.sockaddr*,_i32*,_i32)*,_:_IRE:_elem_0:default:}"
CONST[source:0(mediator),value:2(dynamic)][purpose:{object}][SnkIdx:2]


CONST[source:1(input),value:2(dynamic)][purpose:{object}][SrcIdx:15]  ->  CONST[source:0(mediator),value:2(dynamic)][purpose:{subject}][SnkIdx:0]
-----------
CONST[source:1(input),value:2(dynamic)][purpose:{object}][SrcIdx:15]
CE0x644e030 "{CE0x644e030|56:_i32_(%struct.socket.518*,_%struct.sockaddr*,_i32*,_i32)*,_:_IRE:_elem_0:default:}"
CONST[source:0(mediator),value:2(dynamic)][purpose:{subject}][SnkIdx:0]


CONST[source:1(input),value:2(dynamic)][purpose:{object}][SrcIdx:15]  ->  CONST[source:0(mediator),value:0(static)][purpose:{operation}][SnkIdx:3]
-----------
CONST[source:1(input),value:2(dynamic)][purpose:{object}][SrcIdx:15]
CE0x644e030 "{CE0x644e030|56:_i32_(%struct.socket.518*,_%struct.sockaddr*,_i32*,_i32)*,_:_IRE:_elem_0:default:}"
CONST[source:0(mediator),value:0(static)][purpose:{operation}][SnkIdx:3]


CONST[source:0(mediator),value:0(static)][purpose:{operation}][SrcIdx:16]  ->  CONST[source:0(mediator),value:2(dynamic)][purpose:{object}][SnkIdx:1]
-----------
CONST[source:0(mediator),value:0(static)][purpose:{operation}][SrcIdx:16]
CE0x6441990 "{CE0x6441990|operation}"
CE0x6441920 "{CE0x6441920|operation}"
CE0x644e030 "{CE0x644e030|56:_i32_(%struct.socket.518*,_%struct.sockaddr*,_i32*,_i32)*,_:_IRE:_elem_0:default:}"
CONST[source:0(mediator),value:2(dynamic)][purpose:{object}][SnkIdx:1]


CONST[source:0(mediator),value:0(static)][purpose:{operation}][SrcIdx:16]  ->  CONST[source:0(mediator),value:2(dynamic)][purpose:{object}][SnkIdx:2]
-----------
CONST[source:0(mediator),value:0(static)][purpose:{operation}][SrcIdx:16]
CE0x6441990 "{CE0x6441990|operation}"
CE0x6441920 "{CE0x6441920|operation}"
CE0x644e030 "{CE0x644e030|56:_i32_(%struct.socket.518*,_%struct.sockaddr*,_i32*,_i32)*,_:_IRE:_elem_0:default:}"
CONST[source:0(mediator),value:2(dynamic)][purpose:{object}][SnkIdx:2]


CONST[source:0(mediator),value:0(static)][purpose:{operation}][SrcIdx:16]  ->  CONST[source:0(mediator),value:2(dynamic)][purpose:{subject}][SnkIdx:0]
-----------
CONST[source:0(mediator),value:0(static)][purpose:{operation}][SrcIdx:16]
CE0x6441990 "{CE0x6441990|operation}"
CE0x6441920 "{CE0x6441920|operation}"
CE0x644e030 "{CE0x644e030|56:_i32_(%struct.socket.518*,_%struct.sockaddr*,_i32*,_i32)*,_:_IRE:_elem_0:default:}"
CONST[source:0(mediator),value:2(dynamic)][purpose:{subject}][SnkIdx:0]


CONST[source:1(input),value:2(dynamic)][purpose:{object}][SrcIdx:14]  ->  CONST[source:0(mediator),value:2(dynamic)][purpose:{object}][SnkIdx:1]
-----------
CONST[source:1(input),value:2(dynamic)][purpose:{object}][SrcIdx:14]
CE0x645fb10 "{CE0x645fb10|VOIDTB_TE:_IE:_elem_0:default:}"
CONST[source:0(mediator),value:2(dynamic)][purpose:{object}][SnkIdx:1]


CONST[source:1(input),value:2(dynamic)][purpose:{object}][SrcIdx:14]  ->  CONST[source:0(mediator),value:2(dynamic)][purpose:{object}][SnkIdx:2]
-----------
CONST[source:1(input),value:2(dynamic)][purpose:{object}][SrcIdx:14]
CE0x644e030 "{CE0x644e030|56:_i32_(%struct.socket.518*,_%struct.sockaddr*,_i32*,_i32)*,_:_IRE:_elem_0:default:}"
CONST[source:0(mediator),value:2(dynamic)][purpose:{object}][SnkIdx:2]


CONST[source:1(input),value:2(dynamic)][purpose:{object}][SrcIdx:14]  ->  CONST[source:0(mediator),value:2(dynamic)][purpose:{subject}][SnkIdx:0]
-----------
CONST[source:1(input),value:2(dynamic)][purpose:{object}][SrcIdx:14]
CE0x644e030 "{CE0x644e030|56:_i32_(%struct.socket.518*,_%struct.sockaddr*,_i32*,_i32)*,_:_IRE:_elem_0:default:}"
CONST[source:0(mediator),value:2(dynamic)][purpose:{subject}][SnkIdx:0]


CONST[source:1(input),value:2(dynamic)][purpose:{object}][SrcIdx:14]  ->  CONST[source:0(mediator),value:0(static)][purpose:{operation}][SnkIdx:3]
-----------
CONST[source:1(input),value:2(dynamic)][purpose:{object}][SrcIdx:14]
CE0x644e030 "{CE0x644e030|56:_i32_(%struct.socket.518*,_%struct.sockaddr*,_i32*,_i32)*,_:_IRE:_elem_0:default:}"
CONST[source:0(mediator),value:0(static)][purpose:{operation}][SnkIdx:3]


CONST[source:2(external),value:2(dynamic)][purpose:{subject}][SrcIdx:18]  ->  CONST[source:0(mediator),value:2(dynamic)][purpose:{object}][SnkIdx:1]
-----------
CONST[source:2(external),value:2(dynamic)][purpose:{subject}][SrcIdx:18]
CE0x6530bf0 "{CE0x6530bf0|COLLAPSED:_GCRE_current_task_external_global_%struct.task_struct*:_elem_0:default:}"
CE0x646b810 "{CE0x646b810|40:_%struct.tomoyo_policy_namespace*,_48:_i8,_:_GCRE_tomoyo_kernel_domain_external_global_%struct.tomoyo_domain_info:_elem_0:default:}"
CE0x645fb10 "{CE0x645fb10|VOIDTB_TE:_IE:_elem_0:default:}"
CONST[source:0(mediator),value:2(dynamic)][purpose:{object}][SnkIdx:1]


CONST[source:2(external),value:2(dynamic)][purpose:{subject}][SrcIdx:18]  ->  CONST[source:0(mediator),value:2(dynamic)][purpose:{object}][SnkIdx:2]
-----------
CONST[source:2(external),value:2(dynamic)][purpose:{subject}][SrcIdx:18]
CE0x6530bf0 "{CE0x6530bf0|COLLAPSED:_GCRE_current_task_external_global_%struct.task_struct*:_elem_0:default:}"
CE0x646b810 "{CE0x646b810|40:_%struct.tomoyo_policy_namespace*,_48:_i8,_:_GCRE_tomoyo_kernel_domain_external_global_%struct.tomoyo_domain_info:_elem_0:default:}"
CE0x644e030 "{CE0x644e030|56:_i32_(%struct.socket.518*,_%struct.sockaddr*,_i32*,_i32)*,_:_IRE:_elem_0:default:}"
CONST[source:0(mediator),value:2(dynamic)][purpose:{object}][SnkIdx:2]


CONST[source:2(external),value:2(dynamic)][purpose:{subject}][SrcIdx:18]  ->  CONST[source:0(mediator),value:2(dynamic)][purpose:{subject}][SnkIdx:0]
-----------
CONST[source:2(external),value:2(dynamic)][purpose:{subject}][SrcIdx:18]
CE0x6530bf0 "{CE0x6530bf0|COLLAPSED:_GCRE_current_task_external_global_%struct.task_struct*:_elem_0:default:}"
CE0x646b810 "{CE0x646b810|40:_%struct.tomoyo_policy_namespace*,_48:_i8,_:_GCRE_tomoyo_kernel_domain_external_global_%struct.tomoyo_domain_info:_elem_0:default:}"
CE0x644e030 "{CE0x644e030|56:_i32_(%struct.socket.518*,_%struct.sockaddr*,_i32*,_i32)*,_:_IRE:_elem_0:default:}"
CONST[source:0(mediator),value:2(dynamic)][purpose:{subject}][SnkIdx:0]


CONST[source:2(external),value:2(dynamic)][purpose:{subject}][SrcIdx:18]  ->  CONST[source:0(mediator),value:0(static)][purpose:{operation}][SnkIdx:3]
-----------
CONST[source:2(external),value:2(dynamic)][purpose:{subject}][SrcIdx:18]
CE0x6530bf0 "{CE0x6530bf0|COLLAPSED:_GCRE_current_task_external_global_%struct.task_struct*:_elem_0:default:}"
CE0x646b810 "{CE0x646b810|40:_%struct.tomoyo_policy_namespace*,_48:_i8,_:_GCRE_tomoyo_kernel_domain_external_global_%struct.tomoyo_domain_info:_elem_0:default:}"
CE0x644e030 "{CE0x644e030|56:_i32_(%struct.socket.518*,_%struct.sockaddr*,_i32*,_i32)*,_:_IRE:_elem_0:default:}"
CONST[source:0(mediator),value:0(static)][purpose:{operation}][SnkIdx:3]


CONST[source:1(input),value:2(dynamic)][purpose:{object}][SrcIdx:13]  ->  CONST[source:0(mediator),value:2(dynamic)][purpose:{object}][SnkIdx:1]
-----------
CONST[source:1(input),value:2(dynamic)][purpose:{object}][SrcIdx:13]
CE0x645fb10 "{CE0x645fb10|VOIDTB_TE:_IE:_elem_0:default:}"
CONST[source:0(mediator),value:2(dynamic)][purpose:{object}][SnkIdx:1]


CONST[source:1(input),value:2(dynamic)][purpose:{object}][SrcIdx:13]  ->  CONST[source:0(mediator),value:2(dynamic)][purpose:{object}][SnkIdx:2]
-----------
CONST[source:1(input),value:2(dynamic)][purpose:{object}][SrcIdx:13]
CE0x644e030 "{CE0x644e030|56:_i32_(%struct.socket.518*,_%struct.sockaddr*,_i32*,_i32)*,_:_IRE:_elem_0:default:}"
CONST[source:0(mediator),value:2(dynamic)][purpose:{object}][SnkIdx:2]


CONST[source:1(input),value:2(dynamic)][purpose:{object}][SrcIdx:13]  ->  CONST[source:0(mediator),value:2(dynamic)][purpose:{subject}][SnkIdx:0]
-----------
CONST[source:1(input),value:2(dynamic)][purpose:{object}][SrcIdx:13]
CE0x644e030 "{CE0x644e030|56:_i32_(%struct.socket.518*,_%struct.sockaddr*,_i32*,_i32)*,_:_IRE:_elem_0:default:}"
CONST[source:0(mediator),value:2(dynamic)][purpose:{subject}][SnkIdx:0]


CONST[source:1(input),value:2(dynamic)][purpose:{object}][SrcIdx:13]  ->  CONST[source:0(mediator),value:0(static)][purpose:{operation}][SnkIdx:3]
-----------
CONST[source:1(input),value:2(dynamic)][purpose:{object}][SrcIdx:13]
CE0x644e030 "{CE0x644e030|56:_i32_(%struct.socket.518*,_%struct.sockaddr*,_i32*,_i32)*,_:_IRE:_elem_0:default:}"
CONST[source:0(mediator),value:0(static)][purpose:{operation}][SnkIdx:3]


