[selinux_capset]

explicit:
CONST[source:1(input),value:2(dynamic)][purpose:{object}][SrcIdx:0]  ->  CONST[source:0(mediator),value:2(dynamic)][purpose:{object}]
-----------
CONST[source:1(input),value:2(dynamic)][purpose:{object}][SrcIdx:0]
CE0x3d75d60 "{CE0x3d75d60|4:_i32,_:_CRE_4,8_|*MultipleSource*|security/selinux/hooks.c,196|*LoadInst*|security/selinux/hooks.c,196|security/selinux/hooks.c,197}"
CE0x3d57290 "{CE0x3d57290|cred_sid:tmp6|security/selinux/hooks.c,197}"
CE0x3d68520 "{CE0x3d68520|_ret_i32_%tmp6,_!dbg_!27716|security/selinux/hooks.c,197}"
CE0x3d73520 "{CE0x3d73520|cred_has_perm:call1|security/selinux/hooks.c,1506}"
CE0x3d73750 "{CE0x3d73750|cred_has_perm:call1|security/selinux/hooks.c,1506|*SummSink*}"
CONST[source:0(mediator),value:2(dynamic)][purpose:{object}]


CONST[source:1(input),value:2(dynamic)][purpose:{object}][SrcIdx:0]  ->  CONST[source:0(mediator),value:2(dynamic)][purpose:{subject}]
-----------
CONST[source:1(input),value:2(dynamic)][purpose:{object}][SrcIdx:0]
CE0x3d75d60 "{CE0x3d75d60|4:_i32,_:_CRE_4,8_|*MultipleSource*|security/selinux/hooks.c,196|*LoadInst*|security/selinux/hooks.c,196|security/selinux/hooks.c,197}"
CE0x3d57290 "{CE0x3d57290|cred_sid:tmp6|security/selinux/hooks.c,197}"
CE0x3d68520 "{CE0x3d68520|_ret_i32_%tmp6,_!dbg_!27716|security/selinux/hooks.c,197}"
CE0x3d60ec0 "{CE0x3d60ec0|cred_has_perm:call|security/selinux/hooks.c,1506}"
CE0x3d4cc50 "{CE0x3d4cc50|cred_has_perm:call|security/selinux/hooks.c,1506|*SummSink*}"
CONST[source:0(mediator),value:2(dynamic)][purpose:{subject}]


CONST[source:1(input),value:2(dynamic)][purpose:{subject}][SrcIdx:2]  ->  CONST[source:0(mediator),value:2(dynamic)][purpose:{object}]
-----------
CONST[source:1(input),value:2(dynamic)][purpose:{subject}][SrcIdx:2]
CE0x3d75d60 "{CE0x3d75d60|4:_i32,_:_CRE_4,8_|*MultipleSource*|security/selinux/hooks.c,196|*LoadInst*|security/selinux/hooks.c,196|security/selinux/hooks.c,197}"
CE0x3d57290 "{CE0x3d57290|cred_sid:tmp6|security/selinux/hooks.c,197}"
CE0x3d68520 "{CE0x3d68520|_ret_i32_%tmp6,_!dbg_!27716|security/selinux/hooks.c,197}"
CE0x3d73520 "{CE0x3d73520|cred_has_perm:call1|security/selinux/hooks.c,1506}"
CE0x3d73750 "{CE0x3d73750|cred_has_perm:call1|security/selinux/hooks.c,1506|*SummSink*}"
CONST[source:0(mediator),value:2(dynamic)][purpose:{object}]


CONST[source:1(input),value:2(dynamic)][purpose:{subject}][SrcIdx:2]  ->  CONST[source:0(mediator),value:2(dynamic)][purpose:{subject}]
-----------
CONST[source:1(input),value:2(dynamic)][purpose:{subject}][SrcIdx:2]
CE0x3d75d60 "{CE0x3d75d60|4:_i32,_:_CRE_4,8_|*MultipleSource*|security/selinux/hooks.c,196|*LoadInst*|security/selinux/hooks.c,196|security/selinux/hooks.c,197}"
CE0x3d57290 "{CE0x3d57290|cred_sid:tmp6|security/selinux/hooks.c,197}"
CE0x3d68520 "{CE0x3d68520|_ret_i32_%tmp6,_!dbg_!27716|security/selinux/hooks.c,197}"
CE0x3d60ec0 "{CE0x3d60ec0|cred_has_perm:call|security/selinux/hooks.c,1506}"
CE0x3d4cc50 "{CE0x3d4cc50|cred_has_perm:call|security/selinux/hooks.c,1506|*SummSink*}"
CONST[source:0(mediator),value:2(dynamic)][purpose:{subject}]



implicit:
CONST[source:1(input),value:2(dynamic)][purpose:{subject}][SrcIdx:2]  ->  CONST[source:0(mediator),value:2(dynamic)][purpose:{subject}]
-----------
CONST[source:1(input),value:2(dynamic)][purpose:{subject}][SrcIdx:2]
CE0x3d75d60 "{CE0x3d75d60|4:_i32,_:_CRE_4,8_|*MultipleSource*|security/selinux/hooks.c,196|*LoadInst*|security/selinux/hooks.c,196|security/selinux/hooks.c,197}"
CE0x3d57290 "{CE0x3d57290|cred_sid:tmp6|security/selinux/hooks.c,197}"
CE0x3d68520 "{CE0x3d68520|_ret_i32_%tmp6,_!dbg_!27716|security/selinux/hooks.c,197}"
CE0x3d60ec0 "{CE0x3d60ec0|cred_has_perm:call|security/selinux/hooks.c,1506}"
CE0x3d4cc50 "{CE0x3d4cc50|cred_has_perm:call|security/selinux/hooks.c,1506|*SummSink*}"
CONST[source:0(mediator),value:2(dynamic)][purpose:{subject}]


CONST[source:1(input),value:2(dynamic)][purpose:{subject}][SrcIdx:2]  ->  CONST[source:0(mediator),value:2(dynamic)][purpose:{object}]
-----------
CONST[source:1(input),value:2(dynamic)][purpose:{subject}][SrcIdx:2]
CE0x3d75d60 "{CE0x3d75d60|4:_i32,_:_CRE_4,8_|*MultipleSource*|security/selinux/hooks.c,196|*LoadInst*|security/selinux/hooks.c,196|security/selinux/hooks.c,197}"
CE0x3d57290 "{CE0x3d57290|cred_sid:tmp6|security/selinux/hooks.c,197}"
CE0x3d68520 "{CE0x3d68520|_ret_i32_%tmp6,_!dbg_!27716|security/selinux/hooks.c,197}"
CE0x3d73520 "{CE0x3d73520|cred_has_perm:call1|security/selinux/hooks.c,1506}"
CE0x3d73750 "{CE0x3d73750|cred_has_perm:call1|security/selinux/hooks.c,1506|*SummSink*}"
CONST[source:0(mediator),value:2(dynamic)][purpose:{object}]


CONST[source:1(input),value:2(dynamic)][purpose:{object}][SrcIdx:0]  ->  CONST[source:0(mediator),value:2(dynamic)][purpose:{subject}]
-----------
CONST[source:1(input),value:2(dynamic)][purpose:{object}][SrcIdx:0]
CE0x3d75d60 "{CE0x3d75d60|4:_i32,_:_CRE_4,8_|*MultipleSource*|security/selinux/hooks.c,196|*LoadInst*|security/selinux/hooks.c,196|security/selinux/hooks.c,197}"
CE0x3d57290 "{CE0x3d57290|cred_sid:tmp6|security/selinux/hooks.c,197}"
CE0x3d68520 "{CE0x3d68520|_ret_i32_%tmp6,_!dbg_!27716|security/selinux/hooks.c,197}"
CE0x3d60ec0 "{CE0x3d60ec0|cred_has_perm:call|security/selinux/hooks.c,1506}"
CE0x3d4cc50 "{CE0x3d4cc50|cred_has_perm:call|security/selinux/hooks.c,1506|*SummSink*}"
CONST[source:0(mediator),value:2(dynamic)][purpose:{subject}]


CONST[source:1(input),value:2(dynamic)][purpose:{object}][SrcIdx:0]  ->  CONST[source:0(mediator),value:2(dynamic)][purpose:{object}]
-----------
CONST[source:1(input),value:2(dynamic)][purpose:{object}][SrcIdx:0]
CE0x3d75d60 "{CE0x3d75d60|4:_i32,_:_CRE_4,8_|*MultipleSource*|security/selinux/hooks.c,196|*LoadInst*|security/selinux/hooks.c,196|security/selinux/hooks.c,197}"
CE0x3d57290 "{CE0x3d57290|cred_sid:tmp6|security/selinux/hooks.c,197}"
CE0x3d68520 "{CE0x3d68520|_ret_i32_%tmp6,_!dbg_!27716|security/selinux/hooks.c,197}"
CE0x3d73520 "{CE0x3d73520|cred_has_perm:call1|security/selinux/hooks.c,1506}"
CE0x3d73750 "{CE0x3d73750|cred_has_perm:call1|security/selinux/hooks.c,1506|*SummSink*}"
CONST[source:0(mediator),value:2(dynamic)][purpose:{object}]


