[tomoyo_socket_listen]

explicit:
CONST[source:1(input),value:2(dynamic)][purpose:{object}][SrcIdx:3]  ->  CONST[source:0(mediator),value:2(dynamic)][purpose:{subject}]
-----------
CONST[source:1(input),value:2(dynamic)][purpose:{object}][SrcIdx:3]
CE0x583adf0 "{CE0x583adf0|VOIDTB_TE:_IE:_elem_0:default:}"
CONST[source:0(mediator),value:2(dynamic)][purpose:{subject}]


CONST[source:1(input),value:2(dynamic)][purpose:{object}][SrcIdx:3]  ->  CONST[source:0(mediator),value:2(dynamic)][purpose:{object}]
-----------
CONST[source:1(input),value:2(dynamic)][purpose:{object}][SrcIdx:3]
CE0x5835210 "{CE0x5835210|56:_i32_(%struct.socket.518*,_%struct.sockaddr*,_i32*,_i32)*,_:_IRE:_elem_0:default:}"
CONST[source:0(mediator),value:2(dynamic)][purpose:{object}]


CONST[source:1(input),value:2(dynamic)][purpose:{object}][SrcIdx:3]  ->  CONST[source:0(mediator),value:0(static)][purpose:{operation}]
-----------
CONST[source:1(input),value:2(dynamic)][purpose:{object}][SrcIdx:3]
CE0x5835210 "{CE0x5835210|56:_i32_(%struct.socket.518*,_%struct.sockaddr*,_i32*,_i32)*,_:_IRE:_elem_0:default:}"
CONST[source:0(mediator),value:0(static)][purpose:{operation}]


CONST[source:1(input),value:2(dynamic)][purpose:{object}][SrcIdx:0]  ->  CONST[source:0(mediator),value:2(dynamic)][purpose:{subject}]
-----------
CONST[source:1(input),value:2(dynamic)][purpose:{object}][SrcIdx:0]
CE0x583dd50 "{CE0x583dd50|0:_i8,_1:_i8,_8:_i16,_16:_i32*,_24:_i8,_32:_i8*,_40:_i32,_:_SCMR:_elem_0:default:}"
CE0x5842530 "{CE0x5842530|tmp14}"
CE0x583adf0 "{CE0x583adf0|VOIDTB_TE:_IE:_elem_0:default:}"
CONST[source:0(mediator),value:2(dynamic)][purpose:{subject}]


CONST[source:1(input),value:2(dynamic)][purpose:{object}][SrcIdx:0]  ->  CONST[source:0(mediator),value:2(dynamic)][purpose:{object}]
-----------
CONST[source:1(input),value:2(dynamic)][purpose:{object}][SrcIdx:0]
CE0x583dd50 "{CE0x583dd50|0:_i8,_1:_i8,_8:_i16,_16:_i32*,_24:_i8,_32:_i8*,_40:_i32,_:_SCMR:_elem_0:default:}"
CE0x5864430 "{CE0x5864430|tmp38}"
CE0x5835210 "{CE0x5835210|56:_i32_(%struct.socket.518*,_%struct.sockaddr*,_i32*,_i32)*,_:_IRE:_elem_0:default:}"
CONST[source:0(mediator),value:2(dynamic)][purpose:{object}]


CONST[source:1(input),value:2(dynamic)][purpose:{object}][SrcIdx:0]  ->  CONST[source:0(mediator),value:0(static)][purpose:{operation}]
-----------
CONST[source:1(input),value:2(dynamic)][purpose:{object}][SrcIdx:0]
CE0x583dd50 "{CE0x583dd50|0:_i8,_1:_i8,_8:_i16,_16:_i32*,_24:_i8,_32:_i8*,_40:_i32,_:_SCMR:_elem_0:default:}"
CE0x5864430 "{CE0x5864430|tmp38}"
CE0x5835210 "{CE0x5835210|56:_i32_(%struct.socket.518*,_%struct.sockaddr*,_i32*,_i32)*,_:_IRE:_elem_0:default:}"
CONST[source:0(mediator),value:0(static)][purpose:{operation}]


CONST[source:1(input),value:2(dynamic)][purpose:{operation}][SrcIdx:5]  ->  CONST[source:0(mediator),value:2(dynamic)][purpose:{subject}]
-----------
CONST[source:1(input),value:2(dynamic)][purpose:{operation}][SrcIdx:5]
CE0x583dd50 "{CE0x583dd50|0:_i8,_1:_i8,_8:_i16,_16:_i32*,_24:_i8,_32:_i8*,_40:_i32,_:_SCMR:_elem_0:default:}"
CE0x5842530 "{CE0x5842530|tmp14}"
CE0x583adf0 "{CE0x583adf0|VOIDTB_TE:_IE:_elem_0:default:}"
CONST[source:0(mediator),value:2(dynamic)][purpose:{subject}]


CONST[source:1(input),value:2(dynamic)][purpose:{operation}][SrcIdx:5]  ->  CONST[source:0(mediator),value:2(dynamic)][purpose:{object}]
-----------
CONST[source:1(input),value:2(dynamic)][purpose:{operation}][SrcIdx:5]
CE0x583dd50 "{CE0x583dd50|0:_i8,_1:_i8,_8:_i16,_16:_i32*,_24:_i8,_32:_i8*,_40:_i32,_:_SCMR:_elem_0:default:}"
CE0x5864430 "{CE0x5864430|tmp38}"
CE0x5835210 "{CE0x5835210|56:_i32_(%struct.socket.518*,_%struct.sockaddr*,_i32*,_i32)*,_:_IRE:_elem_0:default:}"
CONST[source:0(mediator),value:2(dynamic)][purpose:{object}]


CONST[source:1(input),value:2(dynamic)][purpose:{operation}][SrcIdx:5]  ->  CONST[source:0(mediator),value:0(static)][purpose:{operation}]
-----------
CONST[source:1(input),value:2(dynamic)][purpose:{operation}][SrcIdx:5]
CE0x583dd50 "{CE0x583dd50|0:_i8,_1:_i8,_8:_i16,_16:_i32*,_24:_i8,_32:_i8*,_40:_i32,_:_SCMR:_elem_0:default:}"
CE0x5864430 "{CE0x5864430|tmp38}"
CE0x5835210 "{CE0x5835210|56:_i32_(%struct.socket.518*,_%struct.sockaddr*,_i32*,_i32)*,_:_IRE:_elem_0:default:}"
CONST[source:0(mediator),value:0(static)][purpose:{operation}]


CONST[source:1(input),value:2(dynamic)][purpose:{object}][SrcIdx:1]  ->  CONST[source:0(mediator),value:2(dynamic)][purpose:{subject}]
-----------
CONST[source:1(input),value:2(dynamic)][purpose:{object}][SrcIdx:1]
CE0x583dd50 "{CE0x583dd50|0:_i8,_1:_i8,_8:_i16,_16:_i32*,_24:_i8,_32:_i8*,_40:_i32,_:_SCMR:_elem_0:default:}"
CE0x5842530 "{CE0x5842530|tmp14}"
CE0x583adf0 "{CE0x583adf0|VOIDTB_TE:_IE:_elem_0:default:}"
CONST[source:0(mediator),value:2(dynamic)][purpose:{subject}]


CONST[source:1(input),value:2(dynamic)][purpose:{object}][SrcIdx:1]  ->  CONST[source:0(mediator),value:2(dynamic)][purpose:{object}]
-----------
CONST[source:1(input),value:2(dynamic)][purpose:{object}][SrcIdx:1]
CE0x583dd50 "{CE0x583dd50|0:_i8,_1:_i8,_8:_i16,_16:_i32*,_24:_i8,_32:_i8*,_40:_i32,_:_SCMR:_elem_0:default:}"
CE0x5864430 "{CE0x5864430|tmp38}"
CE0x5835210 "{CE0x5835210|56:_i32_(%struct.socket.518*,_%struct.sockaddr*,_i32*,_i32)*,_:_IRE:_elem_0:default:}"
CONST[source:0(mediator),value:2(dynamic)][purpose:{object}]


CONST[source:1(input),value:2(dynamic)][purpose:{object}][SrcIdx:1]  ->  CONST[source:0(mediator),value:0(static)][purpose:{operation}]
-----------
CONST[source:1(input),value:2(dynamic)][purpose:{object}][SrcIdx:1]
CE0x583dd50 "{CE0x583dd50|0:_i8,_1:_i8,_8:_i16,_16:_i32*,_24:_i8,_32:_i8*,_40:_i32,_:_SCMR:_elem_0:default:}"
CE0x5864430 "{CE0x5864430|tmp38}"
CE0x5835210 "{CE0x5835210|56:_i32_(%struct.socket.518*,_%struct.sockaddr*,_i32*,_i32)*,_:_IRE:_elem_0:default:}"
CONST[source:0(mediator),value:0(static)][purpose:{operation}]


CONST[source:0(mediator),value:1(k-static)][purpose:{operation}][SrcIdx:4]  ->  CONST[source:0(mediator),value:2(dynamic)][purpose:{subject}]
-----------
CONST[source:0(mediator),value:1(k-static)][purpose:{operation}][SrcIdx:4]
CE0x583dd50 "{CE0x583dd50|0:_i8,_1:_i8,_8:_i16,_16:_i32*,_24:_i8,_32:_i8*,_40:_i32,_:_SCMR:_elem_0:default:}"
CE0x5842530 "{CE0x5842530|tmp14}"
CE0x583adf0 "{CE0x583adf0|VOIDTB_TE:_IE:_elem_0:default:}"
CONST[source:0(mediator),value:2(dynamic)][purpose:{subject}]


CONST[source:0(mediator),value:1(k-static)][purpose:{operation}][SrcIdx:4]  ->  CONST[source:0(mediator),value:2(dynamic)][purpose:{object}]
-----------
CONST[source:0(mediator),value:1(k-static)][purpose:{operation}][SrcIdx:4]
CE0x583dd50 "{CE0x583dd50|0:_i8,_1:_i8,_8:_i16,_16:_i32*,_24:_i8,_32:_i8*,_40:_i32,_:_SCMR:_elem_0:default:}"
CE0x5864430 "{CE0x5864430|tmp38}"
CE0x5835210 "{CE0x5835210|56:_i32_(%struct.socket.518*,_%struct.sockaddr*,_i32*,_i32)*,_:_IRE:_elem_0:default:}"
CONST[source:0(mediator),value:2(dynamic)][purpose:{object}]


CONST[source:0(mediator),value:1(k-static)][purpose:{operation}][SrcIdx:4]  ->  CONST[source:0(mediator),value:0(static)][purpose:{operation}]
-----------
CONST[source:0(mediator),value:1(k-static)][purpose:{operation}][SrcIdx:4]
CE0x583dd50 "{CE0x583dd50|0:_i8,_1:_i8,_8:_i16,_16:_i32*,_24:_i8,_32:_i8*,_40:_i32,_:_SCMR:_elem_0:default:}"
CE0x5864430 "{CE0x5864430|tmp38}"
CE0x5835210 "{CE0x5835210|56:_i32_(%struct.socket.518*,_%struct.sockaddr*,_i32*,_i32)*,_:_IRE:_elem_0:default:}"
CONST[source:0(mediator),value:0(static)][purpose:{operation}]


CONST[source:2(external),value:2(dynamic)][purpose:{subject}][SrcIdx:6]  ->  CONST[source:0(mediator),value:2(dynamic)][purpose:{subject}]
-----------
CONST[source:2(external),value:2(dynamic)][purpose:{subject}][SrcIdx:6]
CE0x5877f40 "{CE0x5877f40|128:_i8*,_1208:_%struct.file*,_:_CMRE:_elem_0:default:}"
CE0x5833920 "{CE0x5833920|VOIDTB_TE:_CE_6384,6388_}"
CE0x583adf0 "{CE0x583adf0|VOIDTB_TE:_IE:_elem_0:default:}"
CONST[source:0(mediator),value:2(dynamic)][purpose:{subject}]


CONST[source:2(external),value:2(dynamic)][purpose:{subject}][SrcIdx:6]  ->  CONST[source:0(mediator),value:2(dynamic)][purpose:{object}]
-----------
CONST[source:2(external),value:2(dynamic)][purpose:{subject}][SrcIdx:6]
CE0x5877f40 "{CE0x5877f40|128:_i8*,_1208:_%struct.file*,_:_CMRE:_elem_0:default:}"
CE0x5833920 "{CE0x5833920|VOIDTB_TE:_CE_6384,6388_}"
CE0x5835210 "{CE0x5835210|56:_i32_(%struct.socket.518*,_%struct.sockaddr*,_i32*,_i32)*,_:_IRE:_elem_0:default:}"
CONST[source:0(mediator),value:2(dynamic)][purpose:{object}]


CONST[source:2(external),value:2(dynamic)][purpose:{subject}][SrcIdx:6]  ->  CONST[source:0(mediator),value:0(static)][purpose:{operation}]
-----------
CONST[source:2(external),value:2(dynamic)][purpose:{subject}][SrcIdx:6]
CE0x5877f40 "{CE0x5877f40|128:_i8*,_1208:_%struct.file*,_:_CMRE:_elem_0:default:}"
CE0x5833920 "{CE0x5833920|VOIDTB_TE:_CE_6384,6388_}"
CE0x5835210 "{CE0x5835210|56:_i32_(%struct.socket.518*,_%struct.sockaddr*,_i32*,_i32)*,_:_IRE:_elem_0:default:}"
CONST[source:0(mediator),value:0(static)][purpose:{operation}]


CONST[source:1(input),value:2(dynamic)][purpose:{object}][SrcIdx:2]  ->  CONST[source:0(mediator),value:2(dynamic)][purpose:{subject}]
-----------
CONST[source:1(input),value:2(dynamic)][purpose:{object}][SrcIdx:2]
CE0x583df10 "{CE0x583df10|addr_len}"
CE0x5835770 "{CE0x5835770|addr_len}"
CE0x583dd50 "{CE0x583dd50|0:_i8,_1:_i8,_8:_i16,_16:_i32*,_24:_i8,_32:_i8*,_40:_i32,_:_SCMR:_elem_0:default:}"
CE0x5842530 "{CE0x5842530|tmp14}"
CE0x583adf0 "{CE0x583adf0|VOIDTB_TE:_IE:_elem_0:default:}"
CONST[source:0(mediator),value:2(dynamic)][purpose:{subject}]


CONST[source:1(input),value:2(dynamic)][purpose:{object}][SrcIdx:2]  ->  CONST[source:0(mediator),value:2(dynamic)][purpose:{object}]
-----------
CONST[source:1(input),value:2(dynamic)][purpose:{object}][SrcIdx:2]
CE0x583df10 "{CE0x583df10|addr_len}"
CE0x5835770 "{CE0x5835770|addr_len}"
CE0x583dd50 "{CE0x583dd50|0:_i8,_1:_i8,_8:_i16,_16:_i32*,_24:_i8,_32:_i8*,_40:_i32,_:_SCMR:_elem_0:default:}"
CE0x5864430 "{CE0x5864430|tmp38}"
CE0x5835210 "{CE0x5835210|56:_i32_(%struct.socket.518*,_%struct.sockaddr*,_i32*,_i32)*,_:_IRE:_elem_0:default:}"
CONST[source:0(mediator),value:2(dynamic)][purpose:{object}]


CONST[source:1(input),value:2(dynamic)][purpose:{object}][SrcIdx:2]  ->  CONST[source:0(mediator),value:0(static)][purpose:{operation}]
-----------
CONST[source:1(input),value:2(dynamic)][purpose:{object}][SrcIdx:2]
CE0x583df10 "{CE0x583df10|addr_len}"
CE0x5835770 "{CE0x5835770|addr_len}"
CE0x583dd50 "{CE0x583dd50|0:_i8,_1:_i8,_8:_i16,_16:_i32*,_24:_i8,_32:_i8*,_40:_i32,_:_SCMR:_elem_0:default:}"
CE0x5864430 "{CE0x5864430|tmp38}"
CE0x5835210 "{CE0x5835210|56:_i32_(%struct.socket.518*,_%struct.sockaddr*,_i32*,_i32)*,_:_IRE:_elem_0:default:}"
CONST[source:0(mediator),value:0(static)][purpose:{operation}]



implicit:
CONST[source:2(external),value:2(dynamic)][purpose:{subject}][SrcIdx:6]  ->  CONST[source:0(mediator),value:2(dynamic)][purpose:{object}]
-----------
CONST[source:2(external),value:2(dynamic)][purpose:{subject}][SrcIdx:6]
CE0x5877f40 "{CE0x5877f40|128:_i8*,_1208:_%struct.file*,_:_CMRE:_elem_0:default:}"
CE0x5833880 "{CE0x5833880|VOIDTB_TE:_CE_2272,6368_}"
CE0x583adf0 "{CE0x583adf0|VOIDTB_TE:_IE:_elem_0:default:}"
CONST[source:0(mediator),value:2(dynamic)][purpose:{object}]


CONST[source:2(external),value:2(dynamic)][purpose:{subject}][SrcIdx:6]  ->  CONST[source:0(mediator),value:2(dynamic)][purpose:{subject}]
-----------
CONST[source:2(external),value:2(dynamic)][purpose:{subject}][SrcIdx:6]
CE0x5877f40 "{CE0x5877f40|128:_i8*,_1208:_%struct.file*,_:_CMRE:_elem_0:default:}"
CE0x5833880 "{CE0x5833880|VOIDTB_TE:_CE_2272,6368_}"
CE0x583adf0 "{CE0x583adf0|VOIDTB_TE:_IE:_elem_0:default:}"
CONST[source:0(mediator),value:2(dynamic)][purpose:{subject}]


CONST[source:2(external),value:2(dynamic)][purpose:{subject}][SrcIdx:6]  ->  CONST[source:0(mediator),value:0(static)][purpose:{operation}]
-----------
CONST[source:2(external),value:2(dynamic)][purpose:{subject}][SrcIdx:6]
CE0x5877f40 "{CE0x5877f40|128:_i8*,_1208:_%struct.file*,_:_CMRE:_elem_0:default:}"
CE0x5833880 "{CE0x5833880|VOIDTB_TE:_CE_2272,6368_}"
CE0x5835210 "{CE0x5835210|56:_i32_(%struct.socket.518*,_%struct.sockaddr*,_i32*,_i32)*,_:_IRE:_elem_0:default:}"
CONST[source:0(mediator),value:0(static)][purpose:{operation}]


CONST[source:1(input),value:2(dynamic)][purpose:{object}][SrcIdx:1]  ->  CONST[source:0(mediator),value:2(dynamic)][purpose:{object}]
-----------
CONST[source:1(input),value:2(dynamic)][purpose:{object}][SrcIdx:1]
CE0x583dd50 "{CE0x583dd50|0:_i8,_1:_i8,_8:_i16,_16:_i32*,_24:_i8,_32:_i8*,_40:_i32,_:_SCMR:_elem_0:default:}"
CE0x5842530 "{CE0x5842530|tmp14}"
CE0x583adf0 "{CE0x583adf0|VOIDTB_TE:_IE:_elem_0:default:}"
CONST[source:0(mediator),value:2(dynamic)][purpose:{object}]


CONST[source:1(input),value:2(dynamic)][purpose:{object}][SrcIdx:1]  ->  CONST[source:0(mediator),value:2(dynamic)][purpose:{subject}]
-----------
CONST[source:1(input),value:2(dynamic)][purpose:{object}][SrcIdx:1]
CE0x583dd50 "{CE0x583dd50|0:_i8,_1:_i8,_8:_i16,_16:_i32*,_24:_i8,_32:_i8*,_40:_i32,_:_SCMR:_elem_0:default:}"
CE0x5842530 "{CE0x5842530|tmp14}"
CE0x583adf0 "{CE0x583adf0|VOIDTB_TE:_IE:_elem_0:default:}"
CONST[source:0(mediator),value:2(dynamic)][purpose:{subject}]


CONST[source:1(input),value:2(dynamic)][purpose:{object}][SrcIdx:1]  ->  CONST[source:0(mediator),value:0(static)][purpose:{operation}]
-----------
CONST[source:1(input),value:2(dynamic)][purpose:{object}][SrcIdx:1]
CE0x583dd50 "{CE0x583dd50|0:_i8,_1:_i8,_8:_i16,_16:_i32*,_24:_i8,_32:_i8*,_40:_i32,_:_SCMR:_elem_0:default:}"
CE0x5864430 "{CE0x5864430|tmp38}"
CE0x5835210 "{CE0x5835210|56:_i32_(%struct.socket.518*,_%struct.sockaddr*,_i32*,_i32)*,_:_IRE:_elem_0:default:}"
CONST[source:0(mediator),value:0(static)][purpose:{operation}]


CONST[source:1(input),value:2(dynamic)][purpose:{object}][SrcIdx:2]  ->  CONST[source:0(mediator),value:2(dynamic)][purpose:{object}]
-----------
CONST[source:1(input),value:2(dynamic)][purpose:{object}][SrcIdx:2]
CE0x583df10 "{CE0x583df10|addr_len}"
CE0x5835770 "{CE0x5835770|addr_len}"
CE0x583dd50 "{CE0x583dd50|0:_i8,_1:_i8,_8:_i16,_16:_i32*,_24:_i8,_32:_i8*,_40:_i32,_:_SCMR:_elem_0:default:}"
CE0x5842530 "{CE0x5842530|tmp14}"
CE0x583adf0 "{CE0x583adf0|VOIDTB_TE:_IE:_elem_0:default:}"
CONST[source:0(mediator),value:2(dynamic)][purpose:{object}]


CONST[source:1(input),value:2(dynamic)][purpose:{object}][SrcIdx:2]  ->  CONST[source:0(mediator),value:2(dynamic)][purpose:{subject}]
-----------
CONST[source:1(input),value:2(dynamic)][purpose:{object}][SrcIdx:2]
CE0x583df10 "{CE0x583df10|addr_len}"
CE0x5835770 "{CE0x5835770|addr_len}"
CE0x583dd50 "{CE0x583dd50|0:_i8,_1:_i8,_8:_i16,_16:_i32*,_24:_i8,_32:_i8*,_40:_i32,_:_SCMR:_elem_0:default:}"
CE0x5842530 "{CE0x5842530|tmp14}"
CE0x583adf0 "{CE0x583adf0|VOIDTB_TE:_IE:_elem_0:default:}"
CONST[source:0(mediator),value:2(dynamic)][purpose:{subject}]


CONST[source:1(input),value:2(dynamic)][purpose:{object}][SrcIdx:2]  ->  CONST[source:0(mediator),value:0(static)][purpose:{operation}]
-----------
CONST[source:1(input),value:2(dynamic)][purpose:{object}][SrcIdx:2]
CE0x583df10 "{CE0x583df10|addr_len}"
CE0x5835770 "{CE0x5835770|addr_len}"
CE0x583dd50 "{CE0x583dd50|0:_i8,_1:_i8,_8:_i16,_16:_i32*,_24:_i8,_32:_i8*,_40:_i32,_:_SCMR:_elem_0:default:}"
CE0x5864430 "{CE0x5864430|tmp38}"
CE0x5835210 "{CE0x5835210|56:_i32_(%struct.socket.518*,_%struct.sockaddr*,_i32*,_i32)*,_:_IRE:_elem_0:default:}"
CONST[source:0(mediator),value:0(static)][purpose:{operation}]


CONST[source:1(input),value:2(dynamic)][purpose:{object}][SrcIdx:3]  ->  CONST[source:0(mediator),value:2(dynamic)][purpose:{object}]
-----------
CONST[source:1(input),value:2(dynamic)][purpose:{object}][SrcIdx:3]
CE0x583adf0 "{CE0x583adf0|VOIDTB_TE:_IE:_elem_0:default:}"
CONST[source:0(mediator),value:2(dynamic)][purpose:{object}]


CONST[source:1(input),value:2(dynamic)][purpose:{object}][SrcIdx:3]  ->  CONST[source:0(mediator),value:2(dynamic)][purpose:{subject}]
-----------
CONST[source:1(input),value:2(dynamic)][purpose:{object}][SrcIdx:3]
CE0x583adf0 "{CE0x583adf0|VOIDTB_TE:_IE:_elem_0:default:}"
CONST[source:0(mediator),value:2(dynamic)][purpose:{subject}]


CONST[source:1(input),value:2(dynamic)][purpose:{object}][SrcIdx:3]  ->  CONST[source:0(mediator),value:0(static)][purpose:{operation}]
-----------
CONST[source:1(input),value:2(dynamic)][purpose:{object}][SrcIdx:3]
CE0x5835210 "{CE0x5835210|56:_i32_(%struct.socket.518*,_%struct.sockaddr*,_i32*,_i32)*,_:_IRE:_elem_0:default:}"
CONST[source:0(mediator),value:0(static)][purpose:{operation}]


CONST[source:1(input),value:2(dynamic)][purpose:{object}][SrcIdx:0]  ->  CONST[source:0(mediator),value:2(dynamic)][purpose:{object}]
-----------
CONST[source:1(input),value:2(dynamic)][purpose:{object}][SrcIdx:0]
CE0x583dd50 "{CE0x583dd50|0:_i8,_1:_i8,_8:_i16,_16:_i32*,_24:_i8,_32:_i8*,_40:_i32,_:_SCMR:_elem_0:default:}"
CE0x5842530 "{CE0x5842530|tmp14}"
CE0x583adf0 "{CE0x583adf0|VOIDTB_TE:_IE:_elem_0:default:}"
CONST[source:0(mediator),value:2(dynamic)][purpose:{object}]


CONST[source:1(input),value:2(dynamic)][purpose:{object}][SrcIdx:0]  ->  CONST[source:0(mediator),value:2(dynamic)][purpose:{subject}]
-----------
CONST[source:1(input),value:2(dynamic)][purpose:{object}][SrcIdx:0]
CE0x583dd50 "{CE0x583dd50|0:_i8,_1:_i8,_8:_i16,_16:_i32*,_24:_i8,_32:_i8*,_40:_i32,_:_SCMR:_elem_0:default:}"
CE0x5842530 "{CE0x5842530|tmp14}"
CE0x583adf0 "{CE0x583adf0|VOIDTB_TE:_IE:_elem_0:default:}"
CONST[source:0(mediator),value:2(dynamic)][purpose:{subject}]


CONST[source:1(input),value:2(dynamic)][purpose:{object}][SrcIdx:0]  ->  CONST[source:0(mediator),value:0(static)][purpose:{operation}]
-----------
CONST[source:1(input),value:2(dynamic)][purpose:{object}][SrcIdx:0]
CE0x583dd50 "{CE0x583dd50|0:_i8,_1:_i8,_8:_i16,_16:_i32*,_24:_i8,_32:_i8*,_40:_i32,_:_SCMR:_elem_0:default:}"
CE0x5864430 "{CE0x5864430|tmp38}"
CE0x5835210 "{CE0x5835210|56:_i32_(%struct.socket.518*,_%struct.sockaddr*,_i32*,_i32)*,_:_IRE:_elem_0:default:}"
CONST[source:0(mediator),value:0(static)][purpose:{operation}]


CONST[source:1(input),value:2(dynamic)][purpose:{operation}][SrcIdx:5]  ->  CONST[source:0(mediator),value:2(dynamic)][purpose:{object}]
-----------
CONST[source:1(input),value:2(dynamic)][purpose:{operation}][SrcIdx:5]
CE0x583dd50 "{CE0x583dd50|0:_i8,_1:_i8,_8:_i16,_16:_i32*,_24:_i8,_32:_i8*,_40:_i32,_:_SCMR:_elem_0:default:}"
CE0x5842530 "{CE0x5842530|tmp14}"
CE0x583adf0 "{CE0x583adf0|VOIDTB_TE:_IE:_elem_0:default:}"
CONST[source:0(mediator),value:2(dynamic)][purpose:{object}]


CONST[source:1(input),value:2(dynamic)][purpose:{operation}][SrcIdx:5]  ->  CONST[source:0(mediator),value:2(dynamic)][purpose:{subject}]
-----------
CONST[source:1(input),value:2(dynamic)][purpose:{operation}][SrcIdx:5]
CE0x583dd50 "{CE0x583dd50|0:_i8,_1:_i8,_8:_i16,_16:_i32*,_24:_i8,_32:_i8*,_40:_i32,_:_SCMR:_elem_0:default:}"
CE0x5842530 "{CE0x5842530|tmp14}"
CE0x583adf0 "{CE0x583adf0|VOIDTB_TE:_IE:_elem_0:default:}"
CONST[source:0(mediator),value:2(dynamic)][purpose:{subject}]


CONST[source:1(input),value:2(dynamic)][purpose:{operation}][SrcIdx:5]  ->  CONST[source:0(mediator),value:0(static)][purpose:{operation}]
-----------
CONST[source:1(input),value:2(dynamic)][purpose:{operation}][SrcIdx:5]
CE0x583dd50 "{CE0x583dd50|0:_i8,_1:_i8,_8:_i16,_16:_i32*,_24:_i8,_32:_i8*,_40:_i32,_:_SCMR:_elem_0:default:}"
CE0x5864430 "{CE0x5864430|tmp38}"
CE0x5835210 "{CE0x5835210|56:_i32_(%struct.socket.518*,_%struct.sockaddr*,_i32*,_i32)*,_:_IRE:_elem_0:default:}"
CONST[source:0(mediator),value:0(static)][purpose:{operation}]


CONST[source:0(mediator),value:1(k-static)][purpose:{operation}][SrcIdx:4]  ->  CONST[source:0(mediator),value:2(dynamic)][purpose:{object}]
-----------
CONST[source:0(mediator),value:1(k-static)][purpose:{operation}][SrcIdx:4]
CE0x583dd50 "{CE0x583dd50|0:_i8,_1:_i8,_8:_i16,_16:_i32*,_24:_i8,_32:_i8*,_40:_i32,_:_SCMR:_elem_0:default:}"
CE0x5842530 "{CE0x5842530|tmp14}"
CE0x583adf0 "{CE0x583adf0|VOIDTB_TE:_IE:_elem_0:default:}"
CONST[source:0(mediator),value:2(dynamic)][purpose:{object}]


CONST[source:0(mediator),value:1(k-static)][purpose:{operation}][SrcIdx:4]  ->  CONST[source:0(mediator),value:2(dynamic)][purpose:{subject}]
-----------
CONST[source:0(mediator),value:1(k-static)][purpose:{operation}][SrcIdx:4]
CE0x583dd50 "{CE0x583dd50|0:_i8,_1:_i8,_8:_i16,_16:_i32*,_24:_i8,_32:_i8*,_40:_i32,_:_SCMR:_elem_0:default:}"
CE0x5842530 "{CE0x5842530|tmp14}"
CE0x583adf0 "{CE0x583adf0|VOIDTB_TE:_IE:_elem_0:default:}"
CONST[source:0(mediator),value:2(dynamic)][purpose:{subject}]


CONST[source:0(mediator),value:1(k-static)][purpose:{operation}][SrcIdx:4]  ->  CONST[source:0(mediator),value:0(static)][purpose:{operation}]
-----------
CONST[source:0(mediator),value:1(k-static)][purpose:{operation}][SrcIdx:4]
CE0x583dd50 "{CE0x583dd50|0:_i8,_1:_i8,_8:_i16,_16:_i32*,_24:_i8,_32:_i8*,_40:_i32,_:_SCMR:_elem_0:default:}"
CE0x5864430 "{CE0x5864430|tmp38}"
CE0x5835210 "{CE0x5835210|56:_i32_(%struct.socket.518*,_%struct.sockaddr*,_i32*,_i32)*,_:_IRE:_elem_0:default:}"
CONST[source:0(mediator),value:0(static)][purpose:{operation}]


