[selinux_socket_getsockname]

explicit:
CONST[source:2(external),value:2(dynamic)][purpose:{subject}][SrcIdx:3]  ->  CONST[source:0(mediator),value:2(dynamic)][purpose:{subject}][SnkIdx:0]
-----------
CONST[source:2(external),value:2(dynamic)][purpose:{subject}][SrcIdx:3]
CE0x4671a90 "{CE0x4671a90|COLLAPSED:_GCMRE_current_task_external_global_%struct.task_struct*:_elem_0:default:}"
CE0x46f6210 "{CE0x46f6210|task_sid:tmp4|*LoadInst*|security/selinux/hooks.c,208}"
CE0x471a7a0 "{CE0x471a7a0|cred_sid:cred|Function::cred_sid&Arg::cred::}"
CE0x4686150 "{CE0x4686150|cred_sid:security|security/selinux/hooks.c,196}"
CE0x468b860 "{CE0x468b860|cred_sid:tmp4|*LoadInst*|security/selinux/hooks.c,196}"
CE0x4670280 "{CE0x4670280|cred_sid:tmp5|security/selinux/hooks.c,196}"
CE0x46fb8d0 "{CE0x46fb8d0|cred_sid:sid|security/selinux/hooks.c,197}"
CE0x471e9d0 "{CE0x471e9d0|cred_sid:tmp6|security/selinux/hooks.c,197}"
CE0x471ab00 "{CE0x471ab00|_ret_i32_%tmp6,_!dbg_!27716|security/selinux/hooks.c,197}"
CE0x4719480 "{CE0x4719480|task_sid:call7|security/selinux/hooks.c,208}"
CE0x46e3f60 "{CE0x46e3f60|_ret_i32_%call7,_!dbg_!27749|security/selinux/hooks.c,210}"
CE0x46e5580 "{CE0x46e5580|sock_has_perm:call|security/selinux/hooks.c,3967}"
CE0x46e5770 "{CE0x46e5770|sock_has_perm:call|security/selinux/hooks.c,3967|*SummSink*}"
CONST[source:0(mediator),value:2(dynamic)][purpose:{subject}][SnkIdx:0]


CONST[source:1(input),value:2(dynamic)][purpose:{object}][SrcIdx:1]  ->  CONST[source:0(mediator),value:2(dynamic)][purpose:{object}][SnkIdx:1]
-----------
CONST[source:1(input),value:2(dynamic)][purpose:{object}][SrcIdx:1]
CE0x4671140 "{CE0x4671140|32:_%struct.sock*,_:_CRE_32,40_|*MultipleSource*|Function::selinux_socket_getsockname&Arg::sock::|security/selinux/hooks.c,4226}"
CE0x5942660 "{CE0x5942660|selinux_socket_getsockname:tmp4|*LoadInst*|security/selinux/hooks.c,4226}"
CE0x4671d10 "{CE0x4671d10|sock_has_perm:sk|Function::sock_has_perm&Arg::sk::}"
CE0x468bd40 "{CE0x468bd40|sock_has_perm:sk_security|security/selinux/hooks.c,3964}"
CE0x46cbaa0 "{CE0x46cbaa0|sock_has_perm:tmp2|*LoadInst*|security/selinux/hooks.c,3964}"
CE0x467a500 "{CE0x467a500|sock_has_perm:tmp3|security/selinux/hooks.c,3964}"
CE0x46dc3b0 "{CE0x46dc3b0|sock_has_perm:sid5|security/selinux/hooks.c,3976}"
CE0x46dce70 "{CE0x46dce70|sock_has_perm:tmp16|security/selinux/hooks.c,3976}"
CE0x46dd010 "{CE0x46dd010|sock_has_perm:tmp16|security/selinux/hooks.c,3976|*SummSink*}"
CONST[source:0(mediator),value:2(dynamic)][purpose:{object}][SnkIdx:1]


CONST[source:1(input),value:2(dynamic)][purpose:{object}][SrcIdx:1]  ->  CONST[source:0(mediator),value:2(dynamic)][purpose:{object}][SnkIdx:2]
-----------
CONST[source:1(input),value:2(dynamic)][purpose:{object}][SrcIdx:1]
CE0x4671140 "{CE0x4671140|32:_%struct.sock*,_:_CRE_32,40_|*MultipleSource*|Function::selinux_socket_getsockname&Arg::sock::|security/selinux/hooks.c,4226}"
CE0x5942660 "{CE0x5942660|selinux_socket_getsockname:tmp4|*LoadInst*|security/selinux/hooks.c,4226}"
CE0x4671d10 "{CE0x4671d10|sock_has_perm:sk|Function::sock_has_perm&Arg::sk::}"
CE0x468bd40 "{CE0x468bd40|sock_has_perm:sk_security|security/selinux/hooks.c,3964}"
CE0x46cbaa0 "{CE0x46cbaa0|sock_has_perm:tmp2|*LoadInst*|security/selinux/hooks.c,3964}"
CE0x467a500 "{CE0x467a500|sock_has_perm:tmp3|security/selinux/hooks.c,3964}"
CE0x46dd5e0 "{CE0x46dd5e0|sock_has_perm:sclass|security/selinux/hooks.c,3976}"
CE0x46d9e80 "{CE0x46d9e80|sock_has_perm:tmp17|security/selinux/hooks.c,3976}"
CE0x46d9fa0 "{CE0x46d9fa0|sock_has_perm:tmp17|security/selinux/hooks.c,3976|*SummSink*}"
CONST[source:0(mediator),value:2(dynamic)][purpose:{object}][SnkIdx:2]



implicit:
CONST[source:2(external),value:2(dynamic)][purpose:{subject}][SrcIdx:3]  ->  CONST[source:0(mediator),value:2(dynamic)][purpose:{subject}][SnkIdx:0]
-----------
CONST[source:2(external),value:2(dynamic)][purpose:{subject}][SrcIdx:3]
CE0x4671a90 "{CE0x4671a90|COLLAPSED:_GCMRE_current_task_external_global_%struct.task_struct*:_elem_0:default:}"
CE0x46f6210 "{CE0x46f6210|task_sid:tmp4|*LoadInst*|security/selinux/hooks.c,208}"
CE0x471a7a0 "{CE0x471a7a0|cred_sid:cred|Function::cred_sid&Arg::cred::}"
CE0x4686150 "{CE0x4686150|cred_sid:security|security/selinux/hooks.c,196}"
CE0x468b860 "{CE0x468b860|cred_sid:tmp4|*LoadInst*|security/selinux/hooks.c,196}"
CE0x4670280 "{CE0x4670280|cred_sid:tmp5|security/selinux/hooks.c,196}"
CE0x46fb8d0 "{CE0x46fb8d0|cred_sid:sid|security/selinux/hooks.c,197}"
CE0x471e9d0 "{CE0x471e9d0|cred_sid:tmp6|security/selinux/hooks.c,197}"
CE0x471ab00 "{CE0x471ab00|_ret_i32_%tmp6,_!dbg_!27716|security/selinux/hooks.c,197}"
CE0x4719480 "{CE0x4719480|task_sid:call7|security/selinux/hooks.c,208}"
CE0x46e3f60 "{CE0x46e3f60|_ret_i32_%call7,_!dbg_!27749|security/selinux/hooks.c,210}"
CE0x46e5580 "{CE0x46e5580|sock_has_perm:call|security/selinux/hooks.c,3967}"
CE0x46e5770 "{CE0x46e5770|sock_has_perm:call|security/selinux/hooks.c,3967|*SummSink*}"
CONST[source:0(mediator),value:2(dynamic)][purpose:{subject}][SnkIdx:0]


CONST[source:1(input),value:2(dynamic)][purpose:{object}][SrcIdx:1]  ->  CONST[source:0(mediator),value:2(dynamic)][purpose:{object}][SnkIdx:2]
-----------
CONST[source:1(input),value:2(dynamic)][purpose:{object}][SrcIdx:1]
CE0x4671140 "{CE0x4671140|32:_%struct.sock*,_:_CRE_32,40_|*MultipleSource*|Function::selinux_socket_getsockname&Arg::sock::|security/selinux/hooks.c,4226}"
CE0x5942660 "{CE0x5942660|selinux_socket_getsockname:tmp4|*LoadInst*|security/selinux/hooks.c,4226}"
CE0x4671d10 "{CE0x4671d10|sock_has_perm:sk|Function::sock_has_perm&Arg::sk::}"
CE0x468bd40 "{CE0x468bd40|sock_has_perm:sk_security|security/selinux/hooks.c,3964}"
CE0x46cbaa0 "{CE0x46cbaa0|sock_has_perm:tmp2|*LoadInst*|security/selinux/hooks.c,3964}"
CE0x467a500 "{CE0x467a500|sock_has_perm:tmp3|security/selinux/hooks.c,3964}"
CE0x46dd5e0 "{CE0x46dd5e0|sock_has_perm:sclass|security/selinux/hooks.c,3976}"
CE0x46d9e80 "{CE0x46d9e80|sock_has_perm:tmp17|security/selinux/hooks.c,3976}"
CE0x46d9fa0 "{CE0x46d9fa0|sock_has_perm:tmp17|security/selinux/hooks.c,3976|*SummSink*}"
CONST[source:0(mediator),value:2(dynamic)][purpose:{object}][SnkIdx:2]


CONST[source:1(input),value:2(dynamic)][purpose:{object}][SrcIdx:1]  ->  CONST[source:0(mediator),value:2(dynamic)][purpose:{object}][SnkIdx:1]
-----------
CONST[source:1(input),value:2(dynamic)][purpose:{object}][SrcIdx:1]
CE0x4671140 "{CE0x4671140|32:_%struct.sock*,_:_CRE_32,40_|*MultipleSource*|Function::selinux_socket_getsockname&Arg::sock::|security/selinux/hooks.c,4226}"
CE0x5942660 "{CE0x5942660|selinux_socket_getsockname:tmp4|*LoadInst*|security/selinux/hooks.c,4226}"
CE0x4671d10 "{CE0x4671d10|sock_has_perm:sk|Function::sock_has_perm&Arg::sk::}"
CE0x468bd40 "{CE0x468bd40|sock_has_perm:sk_security|security/selinux/hooks.c,3964}"
CE0x46cbaa0 "{CE0x46cbaa0|sock_has_perm:tmp2|*LoadInst*|security/selinux/hooks.c,3964}"
CE0x467a500 "{CE0x467a500|sock_has_perm:tmp3|security/selinux/hooks.c,3964}"
CE0x46dc3b0 "{CE0x46dc3b0|sock_has_perm:sid5|security/selinux/hooks.c,3976}"
CE0x46dce70 "{CE0x46dce70|sock_has_perm:tmp16|security/selinux/hooks.c,3976}"
CE0x46dd010 "{CE0x46dd010|sock_has_perm:tmp16|security/selinux/hooks.c,3976|*SummSink*}"
CONST[source:0(mediator),value:2(dynamic)][purpose:{object}][SnkIdx:1]


