[selinux_socket_setsockopt]

explicit:
CONST[source:2(external),value:2(dynamic)][purpose:{subject}]  ->  CONST[source:0(mediator),value:2(dynamic)][purpose:{subject}]
-----------
CONST[source:2(external),value:2(dynamic)][purpose:{subject}]
CE0x5902ca0 "{CE0x5902ca0|COLLAPSED:_GCMRE_current_task_external_global_%struct.task_struct*:_elem_0:default:}"
CE0x59574b0 "{CE0x59574b0|task_sid:_tmp4|*LoadInst*|security/selinux/hooks.c,208}"
CE0x58ce850 "{CE0x58ce850|cred_sid:_cred|Function::cred_sid&Arg::cred::}"
CE0x58ae0c0 "{CE0x58ae0c0|cred_sid:_security|security/selinux/hooks.c,196}"
CE0x5953a50 "{CE0x5953a50|cred_sid:_tmp4|*LoadInst*|security/selinux/hooks.c,196}"
CE0x58efab0 "{CE0x58efab0|cred_sid:_tmp5|security/selinux/hooks.c,196}"
CE0x597ac80 "{CE0x597ac80|cred_sid:_sid|security/selinux/hooks.c,197}"
CE0x59551b0 "{CE0x59551b0|cred_sid:_tmp6|security/selinux/hooks.c,197}"
CE0x59780d0 "{CE0x59780d0|_ret_i32_%tmp6,_!dbg_!27716|security/selinux/hooks.c,197}"
CE0x58d41c0 "{CE0x58d41c0|task_sid:_call7|security/selinux/hooks.c,208}"
CE0x5942ac0 "{CE0x5942ac0|_ret_i32_%call7,_!dbg_!27749|security/selinux/hooks.c,210}"
CE0x593c9e0 "{CE0x593c9e0|sock_has_perm:_call|security/selinux/hooks.c,3967}"
CE0x593cb80 "{CE0x593cb80|sock_has_perm:_call|security/selinux/hooks.c,3967|*SummSink*}"
CONST[source:0(mediator),value:2(dynamic)][purpose:{subject}]


CONST[source:1(input),value:2(dynamic)][purpose:{object}]  ->  CONST[source:0(mediator),value:2(dynamic)][purpose:{object}]
-----------
CONST[source:1(input),value:2(dynamic)][purpose:{object}]
CE0x58b58b0 "{CE0x58b58b0|32:_%struct.sock*,_:_CRE_32,40_|*MultipleSource*|security/selinux/hooks.c,4238|Function::selinux_socket_setsockopt&Arg::sock::}"
CE0x58c6e80 "{CE0x58c6e80|selinux_socket_setsockopt:_tmp2|*LoadInst*|security/selinux/hooks.c,4238}"
CE0x4ff1120 "{CE0x4ff1120|sock_has_perm:_sk|Function::sock_has_perm&Arg::sk::}"
CE0x5905580 "{CE0x5905580|sock_has_perm:_sk_security|security/selinux/hooks.c,3964}"
CE0x5924ed0 "{CE0x5924ed0|sock_has_perm:_tmp2|*LoadInst*|security/selinux/hooks.c,3964}"
CE0x5942c80 "{CE0x5942c80|sock_has_perm:_tmp3|security/selinux/hooks.c,3964}"
CE0x5944470 "{CE0x5944470|sock_has_perm:_sclass|security/selinux/hooks.c,3976}"
CE0x59033a0 "{CE0x59033a0|sock_has_perm:_tmp17|security/selinux/hooks.c,3976}"
CE0x5944960 "{CE0x5944960|sock_has_perm:_tmp17|security/selinux/hooks.c,3976|*SummSink*}"
CONST[source:0(mediator),value:2(dynamic)][purpose:{object}]



implicit:
CONST[source:2(external),value:2(dynamic)][purpose:{subject}]  ->  CONST[source:0(mediator),value:2(dynamic)][purpose:{subject}]
-----------
CONST[source:2(external),value:2(dynamic)][purpose:{subject}]
CE0x5902ca0 "{CE0x5902ca0|COLLAPSED:_GCMRE_current_task_external_global_%struct.task_struct*:_elem_0:default:}"
CE0x59574b0 "{CE0x59574b0|task_sid:_tmp4|*LoadInst*|security/selinux/hooks.c,208}"
CE0x58ce850 "{CE0x58ce850|cred_sid:_cred|Function::cred_sid&Arg::cred::}"
CE0x58ae0c0 "{CE0x58ae0c0|cred_sid:_security|security/selinux/hooks.c,196}"
CE0x5953a50 "{CE0x5953a50|cred_sid:_tmp4|*LoadInst*|security/selinux/hooks.c,196}"
CE0x58efab0 "{CE0x58efab0|cred_sid:_tmp5|security/selinux/hooks.c,196}"
CE0x597ac80 "{CE0x597ac80|cred_sid:_sid|security/selinux/hooks.c,197}"
CE0x59551b0 "{CE0x59551b0|cred_sid:_tmp6|security/selinux/hooks.c,197}"
CE0x59780d0 "{CE0x59780d0|_ret_i32_%tmp6,_!dbg_!27716|security/selinux/hooks.c,197}"
CE0x58d41c0 "{CE0x58d41c0|task_sid:_call7|security/selinux/hooks.c,208}"
CE0x5942ac0 "{CE0x5942ac0|_ret_i32_%call7,_!dbg_!27749|security/selinux/hooks.c,210}"
CE0x593c9e0 "{CE0x593c9e0|sock_has_perm:_call|security/selinux/hooks.c,3967}"
CE0x593cb80 "{CE0x593cb80|sock_has_perm:_call|security/selinux/hooks.c,3967|*SummSink*}"
CONST[source:0(mediator),value:2(dynamic)][purpose:{subject}]


CONST[source:1(input),value:2(dynamic)][purpose:{object}]  ->  CONST[source:0(mediator),value:2(dynamic)][purpose:{object}]
-----------
CONST[source:1(input),value:2(dynamic)][purpose:{object}]
CE0x58b58b0 "{CE0x58b58b0|32:_%struct.sock*,_:_CRE_32,40_|*MultipleSource*|security/selinux/hooks.c,4238|Function::selinux_socket_setsockopt&Arg::sock::}"
CE0x58c6e80 "{CE0x58c6e80|selinux_socket_setsockopt:_tmp2|*LoadInst*|security/selinux/hooks.c,4238}"
CE0x4ff1120 "{CE0x4ff1120|sock_has_perm:_sk|Function::sock_has_perm&Arg::sk::}"
CE0x5905580 "{CE0x5905580|sock_has_perm:_sk_security|security/selinux/hooks.c,3964}"
CE0x5924ed0 "{CE0x5924ed0|sock_has_perm:_tmp2|*LoadInst*|security/selinux/hooks.c,3964}"
CE0x5942c80 "{CE0x5942c80|sock_has_perm:_tmp3|security/selinux/hooks.c,3964}"
CE0x58d7f60 "{CE0x58d7f60|sock_has_perm:_sid5|security/selinux/hooks.c,3976}"
CE0x59037a0 "{CE0x59037a0|sock_has_perm:_tmp16|security/selinux/hooks.c,3976}"
CE0x5943e10 "{CE0x5943e10|sock_has_perm:_tmp16|security/selinux/hooks.c,3976|*SummSink*}"
CONST[source:0(mediator),value:2(dynamic)][purpose:{object}]


