[tomoyo_path_mknod2]

explicit:
CONST[source:1(input),value:2(dynamic)][purpose:{operation}]  ->  CONST[source:0(mediator),value:0(static)][purpose:{operation}]
-----------
CONST[source:1(input),value:2(dynamic)][purpose:{operation}]
CE0x53e69d0 "{CE0x53e69d0|tomoyo_path_number_perm:_number|Function::tomoyo_path_number_perm&Arg::number::|*SummSource*}"
CE0x53e6780 "{CE0x53e6780|tomoyo_path_number_perm:_number|Function::tomoyo_path_number_perm&Arg::number::}"
CE0x70b51f0 "{CE0x70b51f0|0:_%struct.tomoyo_obj_info*,_16:_%struct.tomoyo_domain_info*,_24:_%struct.tomoyo_path_info*,_32:_i64,_40:_i8,_72:_i8,_75:_i8,_76:_i8,_77:_i8,_:_SCMRE_34,35_}"
CONST[source:0(mediator),value:0(static)][purpose:{operation}]


CONST[source:2(external),value:2(dynamic)][purpose:{subject}]  ->  CONST[source:1(input),value:2(dynamic)][purpose:{subject}]
-----------
CONST[source:2(external),value:2(dynamic)][purpose:{subject}]
CE0x55a03e0 "{CE0x55a03e0|128:_i8*,_1208:_%struct.file*,_:_CMRE_128,136_|*MultipleSource*|security/tomoyo/common.h,1205|security/tomoyo/common.h,1205}"
CE0x5715960 "{CE0x5715960|tomoyo_domain:_tmp22|security/tomoyo/common.h,1205}"
CE0x459a5c0 "{CE0x459a5c0|tomoyo_domain:_tmp23|security/tomoyo/common.h,1205}"
CE0x6dbf460 "{CE0x6dbf460|_ret_%struct.tomoyo_domain_info*_%tmp23,_!dbg_!38929|security/tomoyo/common.h,1205}"
CE0x55f3590 "{CE0x55f3590|tomoyo_init_request_info:_call|security/tomoyo/util.c,1005}"
CE0x6ecb340 "{CE0x6ecb340|tomoyo_init_request_info:_domain.addr.0}"
CE0x7040260 "{CE0x7040260|0:_%struct.tomoyo_obj_info*,_16:_%struct.tomoyo_domain_info*,_24:_%struct.tomoyo_path_info*,_32:_i64,_40:_i8,_72:_i8,_75:_i8,_76:_i8,_77:_i8,_:_SCMRE_16,24_|*MultipleSource*|security/tomoyo/file.c,693|security/tomoyo/file.c, 693|security/tomoyo/file.c,707|Function::tomoyo_init_request_info&Arg::r::}"
CONST[source:1(input),value:2(dynamic)][purpose:{subject}]


CONST[source:0(mediator),value:1(k-static)][purpose:{operation}]  ->  CONST[source:0(mediator),value:0(static)][purpose:{operation}]
-----------
CONST[source:0(mediator),value:1(k-static)][purpose:{operation}]
CE0x58dbce0 "{CE0x58dbce0|tomoyo_path_number_perm:_type|Function::tomoyo_path_number_perm&Arg::type::|*SummSource*}"
CE0x58dbc70 "{CE0x58dbc70|tomoyo_path_number_perm:_type|Function::tomoyo_path_number_perm&Arg::type::}"
CE0x70eed30 "{CE0x70eed30|0:_%struct.tomoyo_obj_info*,_16:_%struct.tomoyo_domain_info*,_24:_%struct.tomoyo_path_info*,_32:_i64,_40:_i8,_72:_i8,_75:_i8,_76:_i8,_77:_i8,_:_SCMRE_40,41_}"
CONST[source:0(mediator),value:0(static)][purpose:{operation}]



implicit:
CONST[source:0(mediator),value:1(k-static)][purpose:{operation}]  ->  CONST[source:0(mediator),value:0(static)][purpose:{operation}]
-----------
CONST[source:0(mediator),value:1(k-static)][purpose:{operation}]
CE0x58dbce0 "{CE0x58dbce0|tomoyo_path_number_perm:_type|Function::tomoyo_path_number_perm&Arg::type::|*SummSource*}"
CE0x58dbc70 "{CE0x58dbc70|tomoyo_path_number_perm:_type|Function::tomoyo_path_number_perm&Arg::type::}"
CE0x70eed30 "{CE0x70eed30|0:_%struct.tomoyo_obj_info*,_16:_%struct.tomoyo_domain_info*,_24:_%struct.tomoyo_path_info*,_32:_i64,_40:_i8,_72:_i8,_75:_i8,_76:_i8,_77:_i8,_:_SCMRE_40,41_}"
CONST[source:0(mediator),value:0(static)][purpose:{operation}]


CONST[source:1(input),value:2(dynamic)][purpose:{operation}]  ->  CONST[source:0(mediator),value:0(static)][purpose:{operation}]
-----------
CONST[source:1(input),value:2(dynamic)][purpose:{operation}]
CE0x53e69d0 "{CE0x53e69d0|tomoyo_path_number_perm:_number|Function::tomoyo_path_number_perm&Arg::number::|*SummSource*}"
CE0x53e6780 "{CE0x53e6780|tomoyo_path_number_perm:_number|Function::tomoyo_path_number_perm&Arg::number::}"
CE0x70b4f90 "{CE0x70b4f90|0:_%struct.tomoyo_obj_info*,_16:_%struct.tomoyo_domain_info*,_24:_%struct.tomoyo_path_info*,_32:_i64,_40:_i8,_72:_i8,_75:_i8,_76:_i8,_77:_i8,_:_SCMRE_33,34_}"
CONST[source:0(mediator),value:0(static)][purpose:{operation}]


CONST[source:2(external),value:2(dynamic)][purpose:{subject}]  ->  CONST[source:1(input),value:2(dynamic)][purpose:{subject}]
-----------
CONST[source:2(external),value:2(dynamic)][purpose:{subject}]
CE0x6e27c20 "{CE0x6e27c20|COLLAPSED:_GCRE_current_task_external_global_%struct.task_struct*:_elem_0::|security/tomoyo/common.h,1205}"
CE0x5715960 "{CE0x5715960|tomoyo_domain:_tmp22|security/tomoyo/common.h,1205}"
CE0x459a5c0 "{CE0x459a5c0|tomoyo_domain:_tmp23|security/tomoyo/common.h,1205}"
CE0x6dbf460 "{CE0x6dbf460|_ret_%struct.tomoyo_domain_info*_%tmp23,_!dbg_!38929|security/tomoyo/common.h,1205}"
CE0x55f3590 "{CE0x55f3590|tomoyo_init_request_info:_call|security/tomoyo/util.c,1005}"
CE0x6ecb340 "{CE0x6ecb340|tomoyo_init_request_info:_domain.addr.0}"
CE0x7040260 "{CE0x7040260|0:_%struct.tomoyo_obj_info*,_16:_%struct.tomoyo_domain_info*,_24:_%struct.tomoyo_path_info*,_32:_i64,_40:_i8,_72:_i8,_75:_i8,_76:_i8,_77:_i8,_:_SCMRE_16,24_|*MultipleSource*|security/tomoyo/file.c,693|security/tomoyo/file.c, 693|security/tomoyo/file.c,707|Function::tomoyo_init_request_info&Arg::r::}"
CONST[source:1(input),value:2(dynamic)][purpose:{subject}]


