[selinux_kernel_create_files_as]

explicit:
CONST[source:1(input),value:2(dynamic)][purpose:{object}]  ->  CONST[source:0(mediator),value:2(dynamic)][purpose:{object}]
-----------
CONST[source:1(input),value:2(dynamic)][purpose:{object}]
CE0x427eac0 "{CE0x427eac0|28:_i32,_:_CRE_28,32_|*MultipleSource*|security/selinux/hooks.c,3548|*LoadInst*|security/selinux/hooks.c,3543|security/selinux/hooks.c,3543}"
CE0x42a3080 "{CE0x42a3080|selinux_kernel_create_files_as:_tmp6|security/selinux/hooks.c,3548}"
CE0x42a3480 "{CE0x42a3480|selinux_kernel_create_files_as:_tmp6|security/selinux/hooks.c,3548|*SummSink*}"
CONST[source:0(mediator),value:2(dynamic)][purpose:{object}]


CONST[source:2(external),value:2(dynamic)][purpose:{subject}]  ->  CONST[source:0(mediator),value:2(dynamic)][purpose:{subject}]
-----------
CONST[source:2(external),value:2(dynamic)][purpose:{subject}]
CE0x42d5400 "{CE0x42d5400|COLLAPSED:_CMRE:_elem_0::|security/selinux/hooks.c,218}"
CE0x42d5580 "{CE0x42d5580|current_sid:_tmp22|security/selinux/hooks.c,218}"
CE0x42d5a20 "{CE0x42d5a20|current_sid:_tmp23|security/selinux/hooks.c,218}"
CE0x42cf1d0 "{CE0x42cf1d0|current_sid:_sid|security/selinux/hooks.c,220}"
CE0x42cffb0 "{CE0x42cffb0|current_sid:_tmp24|security/selinux/hooks.c,220}"
CE0x42a7ba0 "{CE0x42a7ba0|_ret_i32_%tmp24,_!dbg_!27742|security/selinux/hooks.c,220}"
CE0x42a87a0 "{CE0x42a87a0|selinux_kernel_create_files_as:_call|security/selinux/hooks.c,3545}"
CE0x42a8ce0 "{CE0x42a8ce0|selinux_kernel_create_files_as:_call|security/selinux/hooks.c,3545|*SummSink*}"
CONST[source:0(mediator),value:2(dynamic)][purpose:{subject}]



implicit:
CONST[source:1(input),value:2(dynamic)][purpose:{object}]  ->  CONST[source:0(mediator),value:2(dynamic)][purpose:{object}]
-----------
CONST[source:1(input),value:2(dynamic)][purpose:{object}]
CE0x427eac0 "{CE0x427eac0|28:_i32,_:_CRE_28,32_|*MultipleSource*|security/selinux/hooks.c,3548|*LoadInst*|security/selinux/hooks.c,3543|security/selinux/hooks.c,3543}"
CE0x42a3080 "{CE0x42a3080|selinux_kernel_create_files_as:_tmp6|security/selinux/hooks.c,3548}"
CE0x42a3480 "{CE0x42a3480|selinux_kernel_create_files_as:_tmp6|security/selinux/hooks.c,3548|*SummSink*}"
CONST[source:0(mediator),value:2(dynamic)][purpose:{object}]


CONST[source:2(external),value:2(dynamic)][purpose:{subject}]  ->  CONST[source:0(mediator),value:2(dynamic)][purpose:{subject}]
-----------
CONST[source:2(external),value:2(dynamic)][purpose:{subject}]
CE0x42d4650 "{CE0x42d4650|COLLAPSED:_GCMRE_current_task_external_global_%struct.task_struct*:_elem_0::|security/selinux/hooks.c,218}"
CE0x42d5580 "{CE0x42d5580|current_sid:_tmp22|security/selinux/hooks.c,218}"
CE0x42d5a20 "{CE0x42d5a20|current_sid:_tmp23|security/selinux/hooks.c,218}"
CE0x42cf1d0 "{CE0x42cf1d0|current_sid:_sid|security/selinux/hooks.c,220}"
CE0x42cffb0 "{CE0x42cffb0|current_sid:_tmp24|security/selinux/hooks.c,220}"
CE0x42a7ba0 "{CE0x42a7ba0|_ret_i32_%tmp24,_!dbg_!27742|security/selinux/hooks.c,220}"
CE0x42a87a0 "{CE0x42a87a0|selinux_kernel_create_files_as:_call|security/selinux/hooks.c,3545}"
CE0x42a8ce0 "{CE0x42a8ce0|selinux_kernel_create_files_as:_call|security/selinux/hooks.c,3545|*SummSink*}"
CONST[source:0(mediator),value:2(dynamic)][purpose:{subject}]


