[selinux_kernel_create_files_as]

explicit:
CONST[source:2(external),value:2(dynamic)][purpose:{subject}]  ->  CONST[source:0(mediator),value:2(dynamic)][purpose:{subject}]
-----------
CONST[source:2(external),value:2(dynamic)][purpose:{subject}]
CE0x580c990 "{CE0x580c990|COLLAPSED:_CMRE:_elem_0::|security/selinux/hooks.c,218}"
CE0x580cb10 "{CE0x580cb10|current_sid:_tmp22|security/selinux/hooks.c,218}"
CE0x580cfb0 "{CE0x580cfb0|current_sid:_tmp23|security/selinux/hooks.c,218}"
CE0x5806510 "{CE0x5806510|current_sid:_sid|security/selinux/hooks.c,220}"
CE0x5807430 "{CE0x5807430|current_sid:_tmp24|security/selinux/hooks.c,220}"
CE0x57df0d0 "{CE0x57df0d0|_ret_i32_%tmp24,_!dbg_!27742|security/selinux/hooks.c,220}"
CE0x57dfcd0 "{CE0x57dfcd0|selinux_kernel_create_files_as:_call|security/selinux/hooks.c,3545}"
CE0x57e0260 "{CE0x57e0260|selinux_kernel_create_files_as:_call|security/selinux/hooks.c,3545|*SummSink*}"
CONST[source:0(mediator),value:2(dynamic)][purpose:{subject}]


CONST[source:1(input),value:2(dynamic)][purpose:{object}]  ->  CONST[source:0(mediator),value:2(dynamic)][purpose:{object}]
-----------
CONST[source:1(input),value:2(dynamic)][purpose:{object}]
CE0x57b6090 "{CE0x57b6090|28:_i32,_:_CRE_28,32_|*MultipleSource*|*LoadInst*|security/selinux/hooks.c,3543|security/selinux/hooks.c,3543|security/selinux/hooks.c,3548}"
CE0x57da0b0 "{CE0x57da0b0|selinux_kernel_create_files_as:_tmp6|security/selinux/hooks.c,3548}"
CE0x57da4b0 "{CE0x57da4b0|selinux_kernel_create_files_as:_tmp6|security/selinux/hooks.c,3548|*SummSink*}"
CONST[source:0(mediator),value:2(dynamic)][purpose:{object}]



implicit:
CONST[source:2(external),value:2(dynamic)][purpose:{subject}]  ->  CONST[source:0(mediator),value:2(dynamic)][purpose:{subject}]
-----------
CONST[source:2(external),value:2(dynamic)][purpose:{subject}]
CE0x580c990 "{CE0x580c990|COLLAPSED:_CMRE:_elem_0::|security/selinux/hooks.c,218}"
CE0x580cb10 "{CE0x580cb10|current_sid:_tmp22|security/selinux/hooks.c,218}"
CE0x580cfb0 "{CE0x580cfb0|current_sid:_tmp23|security/selinux/hooks.c,218}"
CE0x5806510 "{CE0x5806510|current_sid:_sid|security/selinux/hooks.c,220}"
CE0x5807430 "{CE0x5807430|current_sid:_tmp24|security/selinux/hooks.c,220}"
CE0x57df0d0 "{CE0x57df0d0|_ret_i32_%tmp24,_!dbg_!27742|security/selinux/hooks.c,220}"
CE0x57dfcd0 "{CE0x57dfcd0|selinux_kernel_create_files_as:_call|security/selinux/hooks.c,3545}"
CE0x57e0260 "{CE0x57e0260|selinux_kernel_create_files_as:_call|security/selinux/hooks.c,3545|*SummSink*}"
CONST[source:0(mediator),value:2(dynamic)][purpose:{subject}]


CONST[source:1(input),value:2(dynamic)][purpose:{object}]  ->  CONST[source:0(mediator),value:2(dynamic)][purpose:{object}]
-----------
CONST[source:1(input),value:2(dynamic)][purpose:{object}]
CE0x57b6090 "{CE0x57b6090|28:_i32,_:_CRE_28,32_|*MultipleSource*|*LoadInst*|security/selinux/hooks.c,3543|security/selinux/hooks.c,3543|security/selinux/hooks.c,3548}"
CE0x57da0b0 "{CE0x57da0b0|selinux_kernel_create_files_as:_tmp6|security/selinux/hooks.c,3548}"
CE0x57da4b0 "{CE0x57da4b0|selinux_kernel_create_files_as:_tmp6|security/selinux/hooks.c,3548|*SummSink*}"
CONST[source:0(mediator),value:2(dynamic)][purpose:{object}]


