[selinux_vm_enough_memory]

explicit:
CONST[source:2(external),value:0(static)][purpose:{operation}][SrcIdx:13]  ->  CONST[source:0(mediator),value:0(static)][purpose:{operation}][SnkIdx:3]
-----------
CONST[source:2(external),value:0(static)][purpose:{operation}][SrcIdx:13]
CE0x5bf2a50 "{CE0x5bf2a50|i32_1|*Constant*}"
CE0x5ba52b0 "{CE0x5ba52b0|cred_has_capability:shl|security/selinux/hooks.c,1559}"
CE0x5b84d50 "{CE0x5b84d50|cred_has_capability:shl|security/selinux/hooks.c,1559|*SummSink*}"
CONST[source:0(mediator),value:0(static)][purpose:{operation}][SnkIdx:3]


CONST[source:2(external),value:0(static)][purpose:{operation}][SrcIdx:13]  ->  CONST[source:0(mediator),value:0(static)][purpose:{operation}][SnkIdx:7]
-----------
CONST[source:2(external),value:0(static)][purpose:{operation}][SrcIdx:13]
CE0x5bf2a50 "{CE0x5bf2a50|i32_1|*Constant*}"
CE0x5ba52b0 "{CE0x5ba52b0|cred_has_capability:shl|security/selinux/hooks.c,1559}"
CE0x5b84d50 "{CE0x5b84d50|cred_has_capability:shl|security/selinux/hooks.c,1559|*SummSink*}"
CONST[source:0(mediator),value:0(static)][purpose:{operation}][SnkIdx:7]


CONST[source:0(mediator),value:2(dynamic)][purpose:{subject}][SrcIdx:19]  ->  CONST[source:0(mediator),value:2(dynamic)][purpose:{object}][SnkIdx:5]
-----------
CONST[source:0(mediator),value:2(dynamic)][purpose:{subject}][SrcIdx:19]
CE0x5b67470 "{CE0x5b67470|0:_i32,_4:_i32,_8:_i32,_12:_i32,_:_CMRE_4,8_|*MultipleSource*|security/selinux/hooks.c,196|security/selinux/hooks.c,197|*LoadInst*|security/selinux/hooks.c,196}"
CE0x5bde850 "{CE0x5bde850|cred_sid:tmp6|security/selinux/hooks.c,197}"
CE0x5ba0040 "{CE0x5ba0040|_ret_i32_%tmp6,_!dbg_!27716|security/selinux/hooks.c,197}"
CE0x5b82860 "{CE0x5b82860|cred_has_capability:call|security/selinux/hooks.c,1558}"
CE0x5b829f0 "{CE0x5b829f0|cred_has_capability:call|security/selinux/hooks.c,1558|*SummSink*}"
CONST[source:0(mediator),value:2(dynamic)][purpose:{object}][SnkIdx:5]


CONST[source:0(mediator),value:2(dynamic)][purpose:{subject}][SrcIdx:19]  ->  CONST[source:0(mediator),value:2(dynamic)][purpose:{object}][SnkIdx:1]
-----------
CONST[source:0(mediator),value:2(dynamic)][purpose:{subject}][SrcIdx:19]
CE0x5b67470 "{CE0x5b67470|0:_i32,_4:_i32,_8:_i32,_12:_i32,_:_CMRE_4,8_|*MultipleSource*|security/selinux/hooks.c,196|security/selinux/hooks.c,197|*LoadInst*|security/selinux/hooks.c,196}"
CE0x5bde850 "{CE0x5bde850|cred_sid:tmp6|security/selinux/hooks.c,197}"
CE0x5ba0040 "{CE0x5ba0040|_ret_i32_%tmp6,_!dbg_!27716|security/selinux/hooks.c,197}"
CE0x5b82860 "{CE0x5b82860|cred_has_capability:call|security/selinux/hooks.c,1558}"
CE0x5b829f0 "{CE0x5b829f0|cred_has_capability:call|security/selinux/hooks.c,1558|*SummSink*}"
CONST[source:0(mediator),value:2(dynamic)][purpose:{object}][SnkIdx:1]


CONST[source:2(external),value:2(dynamic)][purpose:{subject}][SrcIdx:18]  ->  CONST[source:0(mediator),value:2(dynamic)][purpose:{subject}][SnkIdx:0]
-----------
CONST[source:2(external),value:2(dynamic)][purpose:{subject}][SrcIdx:18]
CE0x5b73970 "{CE0x5b73970|COLLAPSED:_GCMRE_current_task_external_global_%struct.task_struct*:_elem_0::|security/selinux/hooks.c,2088}"
CE0x5b73b50 "{CE0x5b73b50|selinux_vm_enough_memory:tmp19|security/selinux/hooks.c,2088}"
CE0x5b55720 "{CE0x5b55720|selinux_capable:cred|Function::selinux_capable&Arg::cred::}"
CE0x5ba3ec0 "{CE0x5ba3ec0|cred_has_capability:cred|Function::cred_has_capability&Arg::cred::}"
CE0x5bd28b0 "{CE0x5bd28b0|cred_sid:cred|Function::cred_sid&Arg::cred::}"
CE0x5bd1ec0 "{CE0x5bd1ec0|cred_sid:security|security/selinux/hooks.c,196}"
CE0x5bd1e50 "{CE0x5bd1e50|cred_sid:tmp4|*LoadInst*|security/selinux/hooks.c,196}"
CE0x5bd2f40 "{CE0x5bd2f40|cred_sid:tmp5|security/selinux/hooks.c,196}"
CE0x5b66b80 "{CE0x5b66b80|cred_sid:sid|security/selinux/hooks.c,197}"
CE0x5bde850 "{CE0x5bde850|cred_sid:tmp6|security/selinux/hooks.c,197}"
CE0x5ba0040 "{CE0x5ba0040|_ret_i32_%tmp6,_!dbg_!27716|security/selinux/hooks.c,197}"
CE0x5b82860 "{CE0x5b82860|cred_has_capability:call|security/selinux/hooks.c,1558}"
CE0x5b829f0 "{CE0x5b829f0|cred_has_capability:call|security/selinux/hooks.c,1558|*SummSink*}"
CONST[source:0(mediator),value:2(dynamic)][purpose:{subject}][SnkIdx:0]


CONST[source:2(external),value:2(dynamic)][purpose:{subject}][SrcIdx:18]  ->  CONST[source:0(mediator),value:2(dynamic)][purpose:{subject}][SnkIdx:4]
-----------
CONST[source:2(external),value:2(dynamic)][purpose:{subject}][SrcIdx:18]
CE0x5b73970 "{CE0x5b73970|COLLAPSED:_GCMRE_current_task_external_global_%struct.task_struct*:_elem_0::|security/selinux/hooks.c,2088}"
CE0x5b73b50 "{CE0x5b73b50|selinux_vm_enough_memory:tmp19|security/selinux/hooks.c,2088}"
CE0x5b55720 "{CE0x5b55720|selinux_capable:cred|Function::selinux_capable&Arg::cred::}"
CE0x5ba3ec0 "{CE0x5ba3ec0|cred_has_capability:cred|Function::cred_has_capability&Arg::cred::}"
CE0x5bd28b0 "{CE0x5bd28b0|cred_sid:cred|Function::cred_sid&Arg::cred::}"
CE0x5bd1ec0 "{CE0x5bd1ec0|cred_sid:security|security/selinux/hooks.c,196}"
CE0x5bd1e50 "{CE0x5bd1e50|cred_sid:tmp4|*LoadInst*|security/selinux/hooks.c,196}"
CE0x5bd2f40 "{CE0x5bd2f40|cred_sid:tmp5|security/selinux/hooks.c,196}"
CE0x5b66b80 "{CE0x5b66b80|cred_sid:sid|security/selinux/hooks.c,197}"
CE0x5bde850 "{CE0x5bde850|cred_sid:tmp6|security/selinux/hooks.c,197}"
CE0x5ba0040 "{CE0x5ba0040|_ret_i32_%tmp6,_!dbg_!27716|security/selinux/hooks.c,197}"
CE0x5b82860 "{CE0x5b82860|cred_has_capability:call|security/selinux/hooks.c,1558}"
CE0x5b829f0 "{CE0x5b829f0|cred_has_capability:call|security/selinux/hooks.c,1558|*SummSink*}"
CONST[source:0(mediator),value:2(dynamic)][purpose:{subject}][SnkIdx:4]


CONST[source:2(external),value:2(dynamic)][purpose:{subject}][SrcIdx:18]  ->  CONST[source:0(mediator),value:2(dynamic)][purpose:{object}][SnkIdx:5]
-----------
CONST[source:2(external),value:2(dynamic)][purpose:{subject}][SrcIdx:18]
CE0x5b73970 "{CE0x5b73970|COLLAPSED:_GCMRE_current_task_external_global_%struct.task_struct*:_elem_0::|security/selinux/hooks.c,2088}"
CE0x5b73b50 "{CE0x5b73b50|selinux_vm_enough_memory:tmp19|security/selinux/hooks.c,2088}"
CE0x5b55720 "{CE0x5b55720|selinux_capable:cred|Function::selinux_capable&Arg::cred::}"
CE0x5ba3ec0 "{CE0x5ba3ec0|cred_has_capability:cred|Function::cred_has_capability&Arg::cred::}"
CE0x5bd28b0 "{CE0x5bd28b0|cred_sid:cred|Function::cred_sid&Arg::cred::}"
CE0x5bd1ec0 "{CE0x5bd1ec0|cred_sid:security|security/selinux/hooks.c,196}"
CE0x5bd1e50 "{CE0x5bd1e50|cred_sid:tmp4|*LoadInst*|security/selinux/hooks.c,196}"
CE0x5bd2f40 "{CE0x5bd2f40|cred_sid:tmp5|security/selinux/hooks.c,196}"
CE0x5b66b80 "{CE0x5b66b80|cred_sid:sid|security/selinux/hooks.c,197}"
CE0x5bde850 "{CE0x5bde850|cred_sid:tmp6|security/selinux/hooks.c,197}"
CE0x5ba0040 "{CE0x5ba0040|_ret_i32_%tmp6,_!dbg_!27716|security/selinux/hooks.c,197}"
CE0x5b82860 "{CE0x5b82860|cred_has_capability:call|security/selinux/hooks.c,1558}"
CE0x5b829f0 "{CE0x5b829f0|cred_has_capability:call|security/selinux/hooks.c,1558|*SummSink*}"
CONST[source:0(mediator),value:2(dynamic)][purpose:{object}][SnkIdx:5]


CONST[source:2(external),value:2(dynamic)][purpose:{subject}][SrcIdx:18]  ->  CONST[source:0(mediator),value:2(dynamic)][purpose:{object}][SnkIdx:1]
-----------
CONST[source:2(external),value:2(dynamic)][purpose:{subject}][SrcIdx:18]
CE0x5b73970 "{CE0x5b73970|COLLAPSED:_GCMRE_current_task_external_global_%struct.task_struct*:_elem_0::|security/selinux/hooks.c,2088}"
CE0x5b73b50 "{CE0x5b73b50|selinux_vm_enough_memory:tmp19|security/selinux/hooks.c,2088}"
CE0x5b55720 "{CE0x5b55720|selinux_capable:cred|Function::selinux_capable&Arg::cred::}"
CE0x5ba3ec0 "{CE0x5ba3ec0|cred_has_capability:cred|Function::cred_has_capability&Arg::cred::}"
CE0x5bd28b0 "{CE0x5bd28b0|cred_sid:cred|Function::cred_sid&Arg::cred::}"
CE0x5bd1ec0 "{CE0x5bd1ec0|cred_sid:security|security/selinux/hooks.c,196}"
CE0x5bd1e50 "{CE0x5bd1e50|cred_sid:tmp4|*LoadInst*|security/selinux/hooks.c,196}"
CE0x5bd2f40 "{CE0x5bd2f40|cred_sid:tmp5|security/selinux/hooks.c,196}"
CE0x5b66b80 "{CE0x5b66b80|cred_sid:sid|security/selinux/hooks.c,197}"
CE0x5bde850 "{CE0x5bde850|cred_sid:tmp6|security/selinux/hooks.c,197}"
CE0x5ba0040 "{CE0x5ba0040|_ret_i32_%tmp6,_!dbg_!27716|security/selinux/hooks.c,197}"
CE0x5b82860 "{CE0x5b82860|cred_has_capability:call|security/selinux/hooks.c,1558}"
CE0x5b829f0 "{CE0x5b829f0|cred_has_capability:call|security/selinux/hooks.c,1558|*SummSink*}"
CONST[source:0(mediator),value:2(dynamic)][purpose:{object}][SnkIdx:1]


CONST[source:2(external),value:0(static)][purpose:{operation}][SrcIdx:17]  ->  CONST[source:0(mediator),value:0(static)][purpose:{operation}][SnkIdx:3]
-----------
CONST[source:2(external),value:0(static)][purpose:{operation}][SrcIdx:17]
CE0x5b58d70 "{CE0x5b58d70|selinux_capable:cap|Function::selinux_capable&Arg::cap::|*SummSource*}"
CE0x5b58d00 "{CE0x5b58d00|selinux_capable:cap|Function::selinux_capable&Arg::cap::}"
CE0x5ba4370 "{CE0x5ba4370|cred_has_capability:cap|Function::cred_has_capability&Arg::cap::}"
CE0x5b80630 "{CE0x5b80630|cred_has_capability:and|security/selinux/hooks.c,1559}"
CE0x5ba52b0 "{CE0x5ba52b0|cred_has_capability:shl|security/selinux/hooks.c,1559}"
CE0x5b84d50 "{CE0x5b84d50|cred_has_capability:shl|security/selinux/hooks.c,1559|*SummSink*}"
CONST[source:0(mediator),value:0(static)][purpose:{operation}][SnkIdx:3]


CONST[source:2(external),value:0(static)][purpose:{operation}][SrcIdx:17]  ->  CONST[source:0(mediator),value:0(static)][purpose:{operation}][SnkIdx:7]
-----------
CONST[source:2(external),value:0(static)][purpose:{operation}][SrcIdx:17]
CE0x5b58d70 "{CE0x5b58d70|selinux_capable:cap|Function::selinux_capable&Arg::cap::|*SummSource*}"
CE0x5b58d00 "{CE0x5b58d00|selinux_capable:cap|Function::selinux_capable&Arg::cap::}"
CE0x5ba4370 "{CE0x5ba4370|cred_has_capability:cap|Function::cred_has_capability&Arg::cap::}"
CE0x5b80630 "{CE0x5b80630|cred_has_capability:and|security/selinux/hooks.c,1559}"
CE0x5ba52b0 "{CE0x5ba52b0|cred_has_capability:shl|security/selinux/hooks.c,1559}"
CE0x5b84d50 "{CE0x5b84d50|cred_has_capability:shl|security/selinux/hooks.c,1559|*SummSink*}"
CONST[source:0(mediator),value:0(static)][purpose:{operation}][SnkIdx:7]


CONST[source:2(external),value:0(static)][purpose:{operation}][SrcIdx:2]  ->  CONST[source:0(mediator),value:2(dynamic)][purpose:{subject}][SnkIdx:0]
-----------
CONST[source:2(external),value:0(static)][purpose:{operation}][SrcIdx:2]
CE0x5b43ec0 "{CE0x5b43ec0|i32_0|*Constant*}"
CE0x5b73900 "{CE0x5b73900|selinux_vm_enough_memory:cred|security/selinux/hooks.c,2088}"
CE0x5b73b50 "{CE0x5b73b50|selinux_vm_enough_memory:tmp19|security/selinux/hooks.c,2088}"
CE0x5b55720 "{CE0x5b55720|selinux_capable:cred|Function::selinux_capable&Arg::cred::}"
CE0x5ba3ec0 "{CE0x5ba3ec0|cred_has_capability:cred|Function::cred_has_capability&Arg::cred::}"
CE0x5bd28b0 "{CE0x5bd28b0|cred_sid:cred|Function::cred_sid&Arg::cred::}"
CE0x5bd1ec0 "{CE0x5bd1ec0|cred_sid:security|security/selinux/hooks.c,196}"
CE0x5bd1e50 "{CE0x5bd1e50|cred_sid:tmp4|*LoadInst*|security/selinux/hooks.c,196}"
CE0x5bd2f40 "{CE0x5bd2f40|cred_sid:tmp5|security/selinux/hooks.c,196}"
CE0x5b66b80 "{CE0x5b66b80|cred_sid:sid|security/selinux/hooks.c,197}"
CE0x5bde850 "{CE0x5bde850|cred_sid:tmp6|security/selinux/hooks.c,197}"
CE0x5ba0040 "{CE0x5ba0040|_ret_i32_%tmp6,_!dbg_!27716|security/selinux/hooks.c,197}"
CE0x5b82860 "{CE0x5b82860|cred_has_capability:call|security/selinux/hooks.c,1558}"
CE0x5b829f0 "{CE0x5b829f0|cred_has_capability:call|security/selinux/hooks.c,1558|*SummSink*}"
CONST[source:0(mediator),value:2(dynamic)][purpose:{subject}][SnkIdx:0]


CONST[source:2(external),value:0(static)][purpose:{operation}][SrcIdx:2]  ->  CONST[source:0(mediator),value:2(dynamic)][purpose:{subject}][SnkIdx:4]
-----------
CONST[source:2(external),value:0(static)][purpose:{operation}][SrcIdx:2]
CE0x5b43ec0 "{CE0x5b43ec0|i32_0|*Constant*}"
CE0x5b73900 "{CE0x5b73900|selinux_vm_enough_memory:cred|security/selinux/hooks.c,2088}"
CE0x5b73b50 "{CE0x5b73b50|selinux_vm_enough_memory:tmp19|security/selinux/hooks.c,2088}"
CE0x5b55720 "{CE0x5b55720|selinux_capable:cred|Function::selinux_capable&Arg::cred::}"
CE0x5ba3ec0 "{CE0x5ba3ec0|cred_has_capability:cred|Function::cred_has_capability&Arg::cred::}"
CE0x5bd28b0 "{CE0x5bd28b0|cred_sid:cred|Function::cred_sid&Arg::cred::}"
CE0x5bd1ec0 "{CE0x5bd1ec0|cred_sid:security|security/selinux/hooks.c,196}"
CE0x5bd1e50 "{CE0x5bd1e50|cred_sid:tmp4|*LoadInst*|security/selinux/hooks.c,196}"
CE0x5bd2f40 "{CE0x5bd2f40|cred_sid:tmp5|security/selinux/hooks.c,196}"
CE0x5b66b80 "{CE0x5b66b80|cred_sid:sid|security/selinux/hooks.c,197}"
CE0x5bde850 "{CE0x5bde850|cred_sid:tmp6|security/selinux/hooks.c,197}"
CE0x5ba0040 "{CE0x5ba0040|_ret_i32_%tmp6,_!dbg_!27716|security/selinux/hooks.c,197}"
CE0x5b82860 "{CE0x5b82860|cred_has_capability:call|security/selinux/hooks.c,1558}"
CE0x5b829f0 "{CE0x5b829f0|cred_has_capability:call|security/selinux/hooks.c,1558|*SummSink*}"
CONST[source:0(mediator),value:2(dynamic)][purpose:{subject}][SnkIdx:4]


CONST[source:2(external),value:0(static)][purpose:{operation}][SrcIdx:2]  ->  CONST[source:0(mediator),value:2(dynamic)][purpose:{object}][SnkIdx:5]
-----------
CONST[source:2(external),value:0(static)][purpose:{operation}][SrcIdx:2]
CE0x5b43ec0 "{CE0x5b43ec0|i32_0|*Constant*}"
CE0x5b73900 "{CE0x5b73900|selinux_vm_enough_memory:cred|security/selinux/hooks.c,2088}"
CE0x5b73b50 "{CE0x5b73b50|selinux_vm_enough_memory:tmp19|security/selinux/hooks.c,2088}"
CE0x5b55720 "{CE0x5b55720|selinux_capable:cred|Function::selinux_capable&Arg::cred::}"
CE0x5ba3ec0 "{CE0x5ba3ec0|cred_has_capability:cred|Function::cred_has_capability&Arg::cred::}"
CE0x5bd28b0 "{CE0x5bd28b0|cred_sid:cred|Function::cred_sid&Arg::cred::}"
CE0x5bd1ec0 "{CE0x5bd1ec0|cred_sid:security|security/selinux/hooks.c,196}"
CE0x5bd1e50 "{CE0x5bd1e50|cred_sid:tmp4|*LoadInst*|security/selinux/hooks.c,196}"
CE0x5bd2f40 "{CE0x5bd2f40|cred_sid:tmp5|security/selinux/hooks.c,196}"
CE0x5b66b80 "{CE0x5b66b80|cred_sid:sid|security/selinux/hooks.c,197}"
CE0x5bde850 "{CE0x5bde850|cred_sid:tmp6|security/selinux/hooks.c,197}"
CE0x5ba0040 "{CE0x5ba0040|_ret_i32_%tmp6,_!dbg_!27716|security/selinux/hooks.c,197}"
CE0x5b82860 "{CE0x5b82860|cred_has_capability:call|security/selinux/hooks.c,1558}"
CE0x5b829f0 "{CE0x5b829f0|cred_has_capability:call|security/selinux/hooks.c,1558|*SummSink*}"
CONST[source:0(mediator),value:2(dynamic)][purpose:{object}][SnkIdx:5]


CONST[source:2(external),value:0(static)][purpose:{operation}][SrcIdx:2]  ->  CONST[source:0(mediator),value:2(dynamic)][purpose:{object}][SnkIdx:1]
-----------
CONST[source:2(external),value:0(static)][purpose:{operation}][SrcIdx:2]
CE0x5b43ec0 "{CE0x5b43ec0|i32_0|*Constant*}"
CE0x5b73900 "{CE0x5b73900|selinux_vm_enough_memory:cred|security/selinux/hooks.c,2088}"
CE0x5b73b50 "{CE0x5b73b50|selinux_vm_enough_memory:tmp19|security/selinux/hooks.c,2088}"
CE0x5b55720 "{CE0x5b55720|selinux_capable:cred|Function::selinux_capable&Arg::cred::}"
CE0x5ba3ec0 "{CE0x5ba3ec0|cred_has_capability:cred|Function::cred_has_capability&Arg::cred::}"
CE0x5bd28b0 "{CE0x5bd28b0|cred_sid:cred|Function::cred_sid&Arg::cred::}"
CE0x5bd1ec0 "{CE0x5bd1ec0|cred_sid:security|security/selinux/hooks.c,196}"
CE0x5bd1e50 "{CE0x5bd1e50|cred_sid:tmp4|*LoadInst*|security/selinux/hooks.c,196}"
CE0x5bd2f40 "{CE0x5bd2f40|cred_sid:tmp5|security/selinux/hooks.c,196}"
CE0x5b66b80 "{CE0x5b66b80|cred_sid:sid|security/selinux/hooks.c,197}"
CE0x5bde850 "{CE0x5bde850|cred_sid:tmp6|security/selinux/hooks.c,197}"
CE0x5ba0040 "{CE0x5ba0040|_ret_i32_%tmp6,_!dbg_!27716|security/selinux/hooks.c,197}"
CE0x5b82860 "{CE0x5b82860|cred_has_capability:call|security/selinux/hooks.c,1558}"
CE0x5b829f0 "{CE0x5b829f0|cred_has_capability:call|security/selinux/hooks.c,1558|*SummSink*}"
CONST[source:0(mediator),value:2(dynamic)][purpose:{object}][SnkIdx:1]



implicit:
CONST[source:0(mediator),value:2(dynamic)][purpose:{subject}][SrcIdx:19]  ->  CONST[source:0(mediator),value:2(dynamic)][purpose:{object}][SnkIdx:2]
-----------
CONST[source:0(mediator),value:2(dynamic)][purpose:{subject}][SrcIdx:19]
CE0x5ba2370 "{CE0x5ba2370|COLLAPSED:_CMRE:_elem_0:default:}"
CE0x5bcc940 "{CE0x5bcc940|selinux_capable:call|security/selinux/hooks.c,2007}"
CE0x5b5e2d0 "{CE0x5b5e2d0|selinux_capable:tobool|security/selinux/hooks.c,2008}"
CE0x5b7be30 "{CE0x5b7be30|selinux_capable:if.end}"
CE0x5b85a70 "{CE0x5b85a70|cred_has_capability:entry}"
CE0x5b9f360 "{CE0x5b9f360|cred_has_capability:sw.epilog}"
CE0x5bbc020 "{CE0x5bbc020|cred_has_capability:sclass.0}"
CE0x5bbc200 "{CE0x5bbc200|cred_has_capability:sclass.0|*SummSink*}"
CONST[source:0(mediator),value:2(dynamic)][purpose:{object}][SnkIdx:2]


CONST[source:0(mediator),value:2(dynamic)][purpose:{subject}][SrcIdx:19]  ->  CONST[source:0(mediator),value:2(dynamic)][purpose:{object}][SnkIdx:5]
-----------
CONST[source:0(mediator),value:2(dynamic)][purpose:{subject}][SrcIdx:19]
CE0x5b67470 "{CE0x5b67470|0:_i32,_4:_i32,_8:_i32,_12:_i32,_:_CMRE_4,8_|*MultipleSource*|security/selinux/hooks.c,196|security/selinux/hooks.c,197|*LoadInst*|security/selinux/hooks.c,196}"
CE0x5bde850 "{CE0x5bde850|cred_sid:tmp6|security/selinux/hooks.c,197}"
CE0x5ba0040 "{CE0x5ba0040|_ret_i32_%tmp6,_!dbg_!27716|security/selinux/hooks.c,197}"
CE0x5b82860 "{CE0x5b82860|cred_has_capability:call|security/selinux/hooks.c,1558}"
CE0x5b829f0 "{CE0x5b829f0|cred_has_capability:call|security/selinux/hooks.c,1558|*SummSink*}"
CONST[source:0(mediator),value:2(dynamic)][purpose:{object}][SnkIdx:5]


CONST[source:0(mediator),value:2(dynamic)][purpose:{subject}][SrcIdx:19]  ->  CONST[source:0(mediator),value:0(static)][purpose:{operation}][SnkIdx:7]
-----------
CONST[source:0(mediator),value:2(dynamic)][purpose:{subject}][SrcIdx:19]
CE0x5ba2370 "{CE0x5ba2370|COLLAPSED:_CMRE:_elem_0:default:}"
CE0x5bcc940 "{CE0x5bcc940|selinux_capable:call|security/selinux/hooks.c,2007}"
CE0x5b5e2d0 "{CE0x5b5e2d0|selinux_capable:tobool|security/selinux/hooks.c,2008}"
CE0x5b7be30 "{CE0x5b7be30|selinux_capable:if.end}"
CE0x5b85a70 "{CE0x5b85a70|cred_has_capability:entry}"
CE0x5b9b100 "{CE0x5b9b100|cred_has_capability:bb}"
CE0x5ba52b0 "{CE0x5ba52b0|cred_has_capability:shl|security/selinux/hooks.c,1559}"
CE0x5b84d50 "{CE0x5b84d50|cred_has_capability:shl|security/selinux/hooks.c,1559|*SummSink*}"
CONST[source:0(mediator),value:0(static)][purpose:{operation}][SnkIdx:7]


CONST[source:0(mediator),value:2(dynamic)][purpose:{subject}][SrcIdx:19]  ->  CONST[source:0(mediator),value:2(dynamic)][purpose:{object}][SnkIdx:1]
-----------
CONST[source:0(mediator),value:2(dynamic)][purpose:{subject}][SrcIdx:19]
CE0x5b67470 "{CE0x5b67470|0:_i32,_4:_i32,_8:_i32,_12:_i32,_:_CMRE_4,8_|*MultipleSource*|security/selinux/hooks.c,196|security/selinux/hooks.c,197|*LoadInst*|security/selinux/hooks.c,196}"
CE0x5bde850 "{CE0x5bde850|cred_sid:tmp6|security/selinux/hooks.c,197}"
CE0x5ba0040 "{CE0x5ba0040|_ret_i32_%tmp6,_!dbg_!27716|security/selinux/hooks.c,197}"
CE0x5b82860 "{CE0x5b82860|cred_has_capability:call|security/selinux/hooks.c,1558}"
CE0x5b829f0 "{CE0x5b829f0|cred_has_capability:call|security/selinux/hooks.c,1558|*SummSink*}"
CONST[source:0(mediator),value:2(dynamic)][purpose:{object}][SnkIdx:1]


CONST[source:0(mediator),value:2(dynamic)][purpose:{subject}][SrcIdx:19]  ->  CONST[source:0(mediator),value:2(dynamic)][purpose:{object}][SnkIdx:6]
-----------
CONST[source:0(mediator),value:2(dynamic)][purpose:{subject}][SrcIdx:19]
CE0x5ba2370 "{CE0x5ba2370|COLLAPSED:_CMRE:_elem_0:default:}"
CE0x5bcc940 "{CE0x5bcc940|selinux_capable:call|security/selinux/hooks.c,2007}"
CE0x5b5e2d0 "{CE0x5b5e2d0|selinux_capable:tobool|security/selinux/hooks.c,2008}"
CE0x5b7be30 "{CE0x5b7be30|selinux_capable:if.end}"
CE0x5b85a70 "{CE0x5b85a70|cred_has_capability:entry}"
CE0x5b9f360 "{CE0x5b9f360|cred_has_capability:sw.epilog}"
CE0x5bbc020 "{CE0x5bbc020|cred_has_capability:sclass.0}"
CE0x5bbc200 "{CE0x5bbc200|cred_has_capability:sclass.0|*SummSink*}"
CONST[source:0(mediator),value:2(dynamic)][purpose:{object}][SnkIdx:6]


CONST[source:0(mediator),value:2(dynamic)][purpose:{subject}][SrcIdx:19]  ->  CONST[source:0(mediator),value:0(static)][purpose:{operation}][SnkIdx:3]
-----------
CONST[source:0(mediator),value:2(dynamic)][purpose:{subject}][SrcIdx:19]
CE0x5ba2370 "{CE0x5ba2370|COLLAPSED:_CMRE:_elem_0:default:}"
CE0x5bcc940 "{CE0x5bcc940|selinux_capable:call|security/selinux/hooks.c,2007}"
CE0x5b5e2d0 "{CE0x5b5e2d0|selinux_capable:tobool|security/selinux/hooks.c,2008}"
CE0x5b7be30 "{CE0x5b7be30|selinux_capable:if.end}"
CE0x5b85a70 "{CE0x5b85a70|cred_has_capability:entry}"
CE0x5b9b100 "{CE0x5b9b100|cred_has_capability:bb}"
CE0x5ba52b0 "{CE0x5ba52b0|cred_has_capability:shl|security/selinux/hooks.c,1559}"
CE0x5b84d50 "{CE0x5b84d50|cred_has_capability:shl|security/selinux/hooks.c,1559|*SummSink*}"
CONST[source:0(mediator),value:0(static)][purpose:{operation}][SnkIdx:3]


CONST[source:2(external),value:0(static)][purpose:{operation}][SrcIdx:2]  ->  CONST[source:0(mediator),value:2(dynamic)][purpose:{object}][SnkIdx:2]
-----------
CONST[source:2(external),value:0(static)][purpose:{operation}][SrcIdx:2]
CE0x5b43ec0 "{CE0x5b43ec0|i32_0|*Constant*}"
CE0x5b58c00 "{CE0x5b58c00|selinux_capable:audit|Function::selinux_capable&Arg::audit::}"
CE0x5bcc940 "{CE0x5bcc940|selinux_capable:call|security/selinux/hooks.c,2007}"
CE0x5b5e2d0 "{CE0x5b5e2d0|selinux_capable:tobool|security/selinux/hooks.c,2008}"
CE0x5b7be30 "{CE0x5b7be30|selinux_capable:if.end}"
CE0x5b85a70 "{CE0x5b85a70|cred_has_capability:entry}"
CE0x5b9f360 "{CE0x5b9f360|cred_has_capability:sw.epilog}"
CE0x5bbc020 "{CE0x5bbc020|cred_has_capability:sclass.0}"
CE0x5bbc200 "{CE0x5bbc200|cred_has_capability:sclass.0|*SummSink*}"
CONST[source:0(mediator),value:2(dynamic)][purpose:{object}][SnkIdx:2]


CONST[source:2(external),value:0(static)][purpose:{operation}][SrcIdx:2]  ->  CONST[source:0(mediator),value:2(dynamic)][purpose:{object}][SnkIdx:5]
-----------
CONST[source:2(external),value:0(static)][purpose:{operation}][SrcIdx:2]
CE0x5b43ec0 "{CE0x5b43ec0|i32_0|*Constant*}"
CE0x5b58c00 "{CE0x5b58c00|selinux_capable:audit|Function::selinux_capable&Arg::audit::}"
CE0x5bcc940 "{CE0x5bcc940|selinux_capable:call|security/selinux/hooks.c,2007}"
CE0x5b5e2d0 "{CE0x5b5e2d0|selinux_capable:tobool|security/selinux/hooks.c,2008}"
CE0x5b7be30 "{CE0x5b7be30|selinux_capable:if.end}"
CE0x5b85a70 "{CE0x5b85a70|cred_has_capability:entry}"
CE0x5b9b100 "{CE0x5b9b100|cred_has_capability:bb}"
CE0x5b82860 "{CE0x5b82860|cred_has_capability:call|security/selinux/hooks.c,1558}"
CE0x5b829f0 "{CE0x5b829f0|cred_has_capability:call|security/selinux/hooks.c,1558|*SummSink*}"
CONST[source:0(mediator),value:2(dynamic)][purpose:{object}][SnkIdx:5]


CONST[source:2(external),value:0(static)][purpose:{operation}][SrcIdx:2]  ->  CONST[source:0(mediator),value:0(static)][purpose:{operation}][SnkIdx:7]
-----------
CONST[source:2(external),value:0(static)][purpose:{operation}][SrcIdx:2]
CE0x5b43ec0 "{CE0x5b43ec0|i32_0|*Constant*}"
CE0x5b58c00 "{CE0x5b58c00|selinux_capable:audit|Function::selinux_capable&Arg::audit::}"
CE0x5bcc940 "{CE0x5bcc940|selinux_capable:call|security/selinux/hooks.c,2007}"
CE0x5b5e2d0 "{CE0x5b5e2d0|selinux_capable:tobool|security/selinux/hooks.c,2008}"
CE0x5b7be30 "{CE0x5b7be30|selinux_capable:if.end}"
CE0x5b85a70 "{CE0x5b85a70|cred_has_capability:entry}"
CE0x5b9b100 "{CE0x5b9b100|cred_has_capability:bb}"
CE0x5ba52b0 "{CE0x5ba52b0|cred_has_capability:shl|security/selinux/hooks.c,1559}"
CE0x5b84d50 "{CE0x5b84d50|cred_has_capability:shl|security/selinux/hooks.c,1559|*SummSink*}"
CONST[source:0(mediator),value:0(static)][purpose:{operation}][SnkIdx:7]


CONST[source:2(external),value:0(static)][purpose:{operation}][SrcIdx:2]  ->  CONST[source:0(mediator),value:2(dynamic)][purpose:{subject}][SnkIdx:4]
-----------
CONST[source:2(external),value:0(static)][purpose:{operation}][SrcIdx:2]
CE0x5b43ec0 "{CE0x5b43ec0|i32_0|*Constant*}"
CE0x5b58c00 "{CE0x5b58c00|selinux_capable:audit|Function::selinux_capable&Arg::audit::}"
CE0x5bcc940 "{CE0x5bcc940|selinux_capable:call|security/selinux/hooks.c,2007}"
CE0x5b5e2d0 "{CE0x5b5e2d0|selinux_capable:tobool|security/selinux/hooks.c,2008}"
CE0x5b7be30 "{CE0x5b7be30|selinux_capable:if.end}"
CE0x5b85a70 "{CE0x5b85a70|cred_has_capability:entry}"
CE0x5b9b100 "{CE0x5b9b100|cred_has_capability:bb}"
CE0x5b82860 "{CE0x5b82860|cred_has_capability:call|security/selinux/hooks.c,1558}"
CE0x5b829f0 "{CE0x5b829f0|cred_has_capability:call|security/selinux/hooks.c,1558|*SummSink*}"
CONST[source:0(mediator),value:2(dynamic)][purpose:{subject}][SnkIdx:4]


CONST[source:2(external),value:0(static)][purpose:{operation}][SrcIdx:2]  ->  CONST[source:0(mediator),value:2(dynamic)][purpose:{object}][SnkIdx:1]
-----------
CONST[source:2(external),value:0(static)][purpose:{operation}][SrcIdx:2]
CE0x5b43ec0 "{CE0x5b43ec0|i32_0|*Constant*}"
CE0x5b58c00 "{CE0x5b58c00|selinux_capable:audit|Function::selinux_capable&Arg::audit::}"
CE0x5bcc940 "{CE0x5bcc940|selinux_capable:call|security/selinux/hooks.c,2007}"
CE0x5b5e2d0 "{CE0x5b5e2d0|selinux_capable:tobool|security/selinux/hooks.c,2008}"
CE0x5b7be30 "{CE0x5b7be30|selinux_capable:if.end}"
CE0x5b85a70 "{CE0x5b85a70|cred_has_capability:entry}"
CE0x5b9b100 "{CE0x5b9b100|cred_has_capability:bb}"
CE0x5b82860 "{CE0x5b82860|cred_has_capability:call|security/selinux/hooks.c,1558}"
CE0x5b829f0 "{CE0x5b829f0|cred_has_capability:call|security/selinux/hooks.c,1558|*SummSink*}"
CONST[source:0(mediator),value:2(dynamic)][purpose:{object}][SnkIdx:1]


CONST[source:2(external),value:0(static)][purpose:{operation}][SrcIdx:2]  ->  CONST[source:0(mediator),value:2(dynamic)][purpose:{object}][SnkIdx:6]
-----------
CONST[source:2(external),value:0(static)][purpose:{operation}][SrcIdx:2]
CE0x5b43ec0 "{CE0x5b43ec0|i32_0|*Constant*}"
CE0x5b58c00 "{CE0x5b58c00|selinux_capable:audit|Function::selinux_capable&Arg::audit::}"
CE0x5bcc940 "{CE0x5bcc940|selinux_capable:call|security/selinux/hooks.c,2007}"
CE0x5b5e2d0 "{CE0x5b5e2d0|selinux_capable:tobool|security/selinux/hooks.c,2008}"
CE0x5b7be30 "{CE0x5b7be30|selinux_capable:if.end}"
CE0x5b85a70 "{CE0x5b85a70|cred_has_capability:entry}"
CE0x5b9f360 "{CE0x5b9f360|cred_has_capability:sw.epilog}"
CE0x5bbc020 "{CE0x5bbc020|cred_has_capability:sclass.0}"
CE0x5bbc200 "{CE0x5bbc200|cred_has_capability:sclass.0|*SummSink*}"
CONST[source:0(mediator),value:2(dynamic)][purpose:{object}][SnkIdx:6]


CONST[source:2(external),value:0(static)][purpose:{operation}][SrcIdx:2]  ->  CONST[source:0(mediator),value:2(dynamic)][purpose:{subject}][SnkIdx:0]
-----------
CONST[source:2(external),value:0(static)][purpose:{operation}][SrcIdx:2]
CE0x5b43ec0 "{CE0x5b43ec0|i32_0|*Constant*}"
CE0x5b58c00 "{CE0x5b58c00|selinux_capable:audit|Function::selinux_capable&Arg::audit::}"
CE0x5bcc940 "{CE0x5bcc940|selinux_capable:call|security/selinux/hooks.c,2007}"
CE0x5b5e2d0 "{CE0x5b5e2d0|selinux_capable:tobool|security/selinux/hooks.c,2008}"
CE0x5b7be30 "{CE0x5b7be30|selinux_capable:if.end}"
CE0x5b85a70 "{CE0x5b85a70|cred_has_capability:entry}"
CE0x5b9b100 "{CE0x5b9b100|cred_has_capability:bb}"
CE0x5b82860 "{CE0x5b82860|cred_has_capability:call|security/selinux/hooks.c,1558}"
CE0x5b829f0 "{CE0x5b829f0|cred_has_capability:call|security/selinux/hooks.c,1558|*SummSink*}"
CONST[source:0(mediator),value:2(dynamic)][purpose:{subject}][SnkIdx:0]


CONST[source:2(external),value:0(static)][purpose:{operation}][SrcIdx:2]  ->  CONST[source:0(mediator),value:0(static)][purpose:{operation}][SnkIdx:3]
-----------
CONST[source:2(external),value:0(static)][purpose:{operation}][SrcIdx:2]
CE0x5b43ec0 "{CE0x5b43ec0|i32_0|*Constant*}"
CE0x5b58c00 "{CE0x5b58c00|selinux_capable:audit|Function::selinux_capable&Arg::audit::}"
CE0x5bcc940 "{CE0x5bcc940|selinux_capable:call|security/selinux/hooks.c,2007}"
CE0x5b5e2d0 "{CE0x5b5e2d0|selinux_capable:tobool|security/selinux/hooks.c,2008}"
CE0x5b7be30 "{CE0x5b7be30|selinux_capable:if.end}"
CE0x5b85a70 "{CE0x5b85a70|cred_has_capability:entry}"
CE0x5b9b100 "{CE0x5b9b100|cred_has_capability:bb}"
CE0x5ba52b0 "{CE0x5ba52b0|cred_has_capability:shl|security/selinux/hooks.c,1559}"
CE0x5b84d50 "{CE0x5b84d50|cred_has_capability:shl|security/selinux/hooks.c,1559|*SummSink*}"
CONST[source:0(mediator),value:0(static)][purpose:{operation}][SnkIdx:3]


CONST[source:2(external),value:0(static)][purpose:{operation}][SrcIdx:17]  ->  CONST[source:0(mediator),value:2(dynamic)][purpose:{object}][SnkIdx:2]
-----------
CONST[source:2(external),value:0(static)][purpose:{operation}][SrcIdx:17]
CE0x5b58d70 "{CE0x5b58d70|selinux_capable:cap|Function::selinux_capable&Arg::cap::|*SummSource*}"
CE0x5b58d00 "{CE0x5b58d00|selinux_capable:cap|Function::selinux_capable&Arg::cap::}"
CE0x5ba4370 "{CE0x5ba4370|cred_has_capability:cap|Function::cred_has_capability&Arg::cap::}"
CE0x5bf30a0 "{CE0x5bf30a0|cred_has_capability:shr|security/selinux/hooks.c,1565}"
CE0x5b9f360 "{CE0x5b9f360|cred_has_capability:sw.epilog}"
CE0x5bbc020 "{CE0x5bbc020|cred_has_capability:sclass.0}"
CE0x5bbc200 "{CE0x5bbc200|cred_has_capability:sclass.0|*SummSink*}"
CONST[source:0(mediator),value:2(dynamic)][purpose:{object}][SnkIdx:2]


CONST[source:2(external),value:0(static)][purpose:{operation}][SrcIdx:17]  ->  CONST[source:0(mediator),value:2(dynamic)][purpose:{object}][SnkIdx:5]
-----------
CONST[source:2(external),value:0(static)][purpose:{operation}][SrcIdx:17]
CE0x5b58d70 "{CE0x5b58d70|selinux_capable:cap|Function::selinux_capable&Arg::cap::|*SummSource*}"
CE0x5b58d00 "{CE0x5b58d00|selinux_capable:cap|Function::selinux_capable&Arg::cap::}"
CE0x5bcc940 "{CE0x5bcc940|selinux_capable:call|security/selinux/hooks.c,2007}"
CE0x5b5e2d0 "{CE0x5b5e2d0|selinux_capable:tobool|security/selinux/hooks.c,2008}"
CE0x5b7be30 "{CE0x5b7be30|selinux_capable:if.end}"
CE0x5b85a70 "{CE0x5b85a70|cred_has_capability:entry}"
CE0x5b9b100 "{CE0x5b9b100|cred_has_capability:bb}"
CE0x5b82860 "{CE0x5b82860|cred_has_capability:call|security/selinux/hooks.c,1558}"
CE0x5b829f0 "{CE0x5b829f0|cred_has_capability:call|security/selinux/hooks.c,1558|*SummSink*}"
CONST[source:0(mediator),value:2(dynamic)][purpose:{object}][SnkIdx:5]


CONST[source:2(external),value:0(static)][purpose:{operation}][SrcIdx:17]  ->  CONST[source:0(mediator),value:0(static)][purpose:{operation}][SnkIdx:7]
-----------
CONST[source:2(external),value:0(static)][purpose:{operation}][SrcIdx:17]
CE0x5b58d70 "{CE0x5b58d70|selinux_capable:cap|Function::selinux_capable&Arg::cap::|*SummSource*}"
CE0x5b58d00 "{CE0x5b58d00|selinux_capable:cap|Function::selinux_capable&Arg::cap::}"
CE0x5ba4370 "{CE0x5ba4370|cred_has_capability:cap|Function::cred_has_capability&Arg::cap::}"
CE0x5b80630 "{CE0x5b80630|cred_has_capability:and|security/selinux/hooks.c,1559}"
CE0x5ba52b0 "{CE0x5ba52b0|cred_has_capability:shl|security/selinux/hooks.c,1559}"
CE0x5b84d50 "{CE0x5b84d50|cred_has_capability:shl|security/selinux/hooks.c,1559|*SummSink*}"
CONST[source:0(mediator),value:0(static)][purpose:{operation}][SnkIdx:7]


CONST[source:2(external),value:0(static)][purpose:{operation}][SrcIdx:17]  ->  CONST[source:0(mediator),value:2(dynamic)][purpose:{subject}][SnkIdx:4]
-----------
CONST[source:2(external),value:0(static)][purpose:{operation}][SrcIdx:17]
CE0x5b58d70 "{CE0x5b58d70|selinux_capable:cap|Function::selinux_capable&Arg::cap::|*SummSource*}"
CE0x5b58d00 "{CE0x5b58d00|selinux_capable:cap|Function::selinux_capable&Arg::cap::}"
CE0x5bcc940 "{CE0x5bcc940|selinux_capable:call|security/selinux/hooks.c,2007}"
CE0x5b5e2d0 "{CE0x5b5e2d0|selinux_capable:tobool|security/selinux/hooks.c,2008}"
CE0x5b7be30 "{CE0x5b7be30|selinux_capable:if.end}"
CE0x5b85a70 "{CE0x5b85a70|cred_has_capability:entry}"
CE0x5b9b100 "{CE0x5b9b100|cred_has_capability:bb}"
CE0x5b82860 "{CE0x5b82860|cred_has_capability:call|security/selinux/hooks.c,1558}"
CE0x5b829f0 "{CE0x5b829f0|cred_has_capability:call|security/selinux/hooks.c,1558|*SummSink*}"
CONST[source:0(mediator),value:2(dynamic)][purpose:{subject}][SnkIdx:4]


CONST[source:2(external),value:0(static)][purpose:{operation}][SrcIdx:17]  ->  CONST[source:0(mediator),value:2(dynamic)][purpose:{object}][SnkIdx:1]
-----------
CONST[source:2(external),value:0(static)][purpose:{operation}][SrcIdx:17]
CE0x5b58d70 "{CE0x5b58d70|selinux_capable:cap|Function::selinux_capable&Arg::cap::|*SummSource*}"
CE0x5b58d00 "{CE0x5b58d00|selinux_capable:cap|Function::selinux_capable&Arg::cap::}"
CE0x5bcc940 "{CE0x5bcc940|selinux_capable:call|security/selinux/hooks.c,2007}"
CE0x5b5e2d0 "{CE0x5b5e2d0|selinux_capable:tobool|security/selinux/hooks.c,2008}"
CE0x5b7be30 "{CE0x5b7be30|selinux_capable:if.end}"
CE0x5b85a70 "{CE0x5b85a70|cred_has_capability:entry}"
CE0x5b9b100 "{CE0x5b9b100|cred_has_capability:bb}"
CE0x5b82860 "{CE0x5b82860|cred_has_capability:call|security/selinux/hooks.c,1558}"
CE0x5b829f0 "{CE0x5b829f0|cred_has_capability:call|security/selinux/hooks.c,1558|*SummSink*}"
CONST[source:0(mediator),value:2(dynamic)][purpose:{object}][SnkIdx:1]


CONST[source:2(external),value:0(static)][purpose:{operation}][SrcIdx:17]  ->  CONST[source:0(mediator),value:2(dynamic)][purpose:{object}][SnkIdx:6]
-----------
CONST[source:2(external),value:0(static)][purpose:{operation}][SrcIdx:17]
CE0x5b58d70 "{CE0x5b58d70|selinux_capable:cap|Function::selinux_capable&Arg::cap::|*SummSource*}"
CE0x5b58d00 "{CE0x5b58d00|selinux_capable:cap|Function::selinux_capable&Arg::cap::}"
CE0x5ba4370 "{CE0x5ba4370|cred_has_capability:cap|Function::cred_has_capability&Arg::cap::}"
CE0x5bf30a0 "{CE0x5bf30a0|cred_has_capability:shr|security/selinux/hooks.c,1565}"
CE0x5b9f360 "{CE0x5b9f360|cred_has_capability:sw.epilog}"
CE0x5bbc020 "{CE0x5bbc020|cred_has_capability:sclass.0}"
CE0x5bbc200 "{CE0x5bbc200|cred_has_capability:sclass.0|*SummSink*}"
CONST[source:0(mediator),value:2(dynamic)][purpose:{object}][SnkIdx:6]


CONST[source:2(external),value:0(static)][purpose:{operation}][SrcIdx:17]  ->  CONST[source:0(mediator),value:2(dynamic)][purpose:{subject}][SnkIdx:0]
-----------
CONST[source:2(external),value:0(static)][purpose:{operation}][SrcIdx:17]
CE0x5b58d70 "{CE0x5b58d70|selinux_capable:cap|Function::selinux_capable&Arg::cap::|*SummSource*}"
CE0x5b58d00 "{CE0x5b58d00|selinux_capable:cap|Function::selinux_capable&Arg::cap::}"
CE0x5bcc940 "{CE0x5bcc940|selinux_capable:call|security/selinux/hooks.c,2007}"
CE0x5b5e2d0 "{CE0x5b5e2d0|selinux_capable:tobool|security/selinux/hooks.c,2008}"
CE0x5b7be30 "{CE0x5b7be30|selinux_capable:if.end}"
CE0x5b85a70 "{CE0x5b85a70|cred_has_capability:entry}"
CE0x5b9b100 "{CE0x5b9b100|cred_has_capability:bb}"
CE0x5b82860 "{CE0x5b82860|cred_has_capability:call|security/selinux/hooks.c,1558}"
CE0x5b829f0 "{CE0x5b829f0|cred_has_capability:call|security/selinux/hooks.c,1558|*SummSink*}"
CONST[source:0(mediator),value:2(dynamic)][purpose:{subject}][SnkIdx:0]


CONST[source:2(external),value:0(static)][purpose:{operation}][SrcIdx:17]  ->  CONST[source:0(mediator),value:0(static)][purpose:{operation}][SnkIdx:3]
-----------
CONST[source:2(external),value:0(static)][purpose:{operation}][SrcIdx:17]
CE0x5b58d70 "{CE0x5b58d70|selinux_capable:cap|Function::selinux_capable&Arg::cap::|*SummSource*}"
CE0x5b58d00 "{CE0x5b58d00|selinux_capable:cap|Function::selinux_capable&Arg::cap::}"
CE0x5ba4370 "{CE0x5ba4370|cred_has_capability:cap|Function::cred_has_capability&Arg::cap::}"
CE0x5b80630 "{CE0x5b80630|cred_has_capability:and|security/selinux/hooks.c,1559}"
CE0x5ba52b0 "{CE0x5ba52b0|cred_has_capability:shl|security/selinux/hooks.c,1559}"
CE0x5b84d50 "{CE0x5b84d50|cred_has_capability:shl|security/selinux/hooks.c,1559|*SummSink*}"
CONST[source:0(mediator),value:0(static)][purpose:{operation}][SnkIdx:3]


CONST[source:2(external),value:2(dynamic)][purpose:{subject}][SrcIdx:18]  ->  CONST[source:0(mediator),value:2(dynamic)][purpose:{object}][SnkIdx:2]
-----------
CONST[source:2(external),value:2(dynamic)][purpose:{subject}][SrcIdx:18]
CE0x5b73970 "{CE0x5b73970|COLLAPSED:_GCMRE_current_task_external_global_%struct.task_struct*:_elem_0::|security/selinux/hooks.c,2088}"
CE0x5b73b50 "{CE0x5b73b50|selinux_vm_enough_memory:tmp19|security/selinux/hooks.c,2088}"
CE0x5b55720 "{CE0x5b55720|selinux_capable:cred|Function::selinux_capable&Arg::cred::}"
CE0x5bcc940 "{CE0x5bcc940|selinux_capable:call|security/selinux/hooks.c,2007}"
CE0x5b5e2d0 "{CE0x5b5e2d0|selinux_capable:tobool|security/selinux/hooks.c,2008}"
CE0x5b7be30 "{CE0x5b7be30|selinux_capable:if.end}"
CE0x5b85a70 "{CE0x5b85a70|cred_has_capability:entry}"
CE0x5b9f360 "{CE0x5b9f360|cred_has_capability:sw.epilog}"
CE0x5bbc020 "{CE0x5bbc020|cred_has_capability:sclass.0}"
CE0x5bbc200 "{CE0x5bbc200|cred_has_capability:sclass.0|*SummSink*}"
CONST[source:0(mediator),value:2(dynamic)][purpose:{object}][SnkIdx:2]


CONST[source:2(external),value:2(dynamic)][purpose:{subject}][SrcIdx:18]  ->  CONST[source:0(mediator),value:2(dynamic)][purpose:{object}][SnkIdx:5]
-----------
CONST[source:2(external),value:2(dynamic)][purpose:{subject}][SrcIdx:18]
CE0x5b73970 "{CE0x5b73970|COLLAPSED:_GCMRE_current_task_external_global_%struct.task_struct*:_elem_0::|security/selinux/hooks.c,2088}"
CE0x5b73b50 "{CE0x5b73b50|selinux_vm_enough_memory:tmp19|security/selinux/hooks.c,2088}"
CE0x5b55720 "{CE0x5b55720|selinux_capable:cred|Function::selinux_capable&Arg::cred::}"
CE0x5bcc940 "{CE0x5bcc940|selinux_capable:call|security/selinux/hooks.c,2007}"
CE0x5b5e2d0 "{CE0x5b5e2d0|selinux_capable:tobool|security/selinux/hooks.c,2008}"
CE0x5b7be30 "{CE0x5b7be30|selinux_capable:if.end}"
CE0x5b85a70 "{CE0x5b85a70|cred_has_capability:entry}"
CE0x5b9b100 "{CE0x5b9b100|cred_has_capability:bb}"
CE0x5b82860 "{CE0x5b82860|cred_has_capability:call|security/selinux/hooks.c,1558}"
CE0x5b829f0 "{CE0x5b829f0|cred_has_capability:call|security/selinux/hooks.c,1558|*SummSink*}"
CONST[source:0(mediator),value:2(dynamic)][purpose:{object}][SnkIdx:5]


CONST[source:2(external),value:2(dynamic)][purpose:{subject}][SrcIdx:18]  ->  CONST[source:0(mediator),value:0(static)][purpose:{operation}][SnkIdx:7]
-----------
CONST[source:2(external),value:2(dynamic)][purpose:{subject}][SrcIdx:18]
CE0x5b73970 "{CE0x5b73970|COLLAPSED:_GCMRE_current_task_external_global_%struct.task_struct*:_elem_0::|security/selinux/hooks.c,2088}"
CE0x5b73b50 "{CE0x5b73b50|selinux_vm_enough_memory:tmp19|security/selinux/hooks.c,2088}"
CE0x5b55720 "{CE0x5b55720|selinux_capable:cred|Function::selinux_capable&Arg::cred::}"
CE0x5bcc940 "{CE0x5bcc940|selinux_capable:call|security/selinux/hooks.c,2007}"
CE0x5b5e2d0 "{CE0x5b5e2d0|selinux_capable:tobool|security/selinux/hooks.c,2008}"
CE0x5b7be30 "{CE0x5b7be30|selinux_capable:if.end}"
CE0x5b85a70 "{CE0x5b85a70|cred_has_capability:entry}"
CE0x5b9b100 "{CE0x5b9b100|cred_has_capability:bb}"
CE0x5ba52b0 "{CE0x5ba52b0|cred_has_capability:shl|security/selinux/hooks.c,1559}"
CE0x5b84d50 "{CE0x5b84d50|cred_has_capability:shl|security/selinux/hooks.c,1559|*SummSink*}"
CONST[source:0(mediator),value:0(static)][purpose:{operation}][SnkIdx:7]


CONST[source:2(external),value:2(dynamic)][purpose:{subject}][SrcIdx:18]  ->  CONST[source:0(mediator),value:2(dynamic)][purpose:{subject}][SnkIdx:4]
-----------
CONST[source:2(external),value:2(dynamic)][purpose:{subject}][SrcIdx:18]
CE0x5b73970 "{CE0x5b73970|COLLAPSED:_GCMRE_current_task_external_global_%struct.task_struct*:_elem_0::|security/selinux/hooks.c,2088}"
CE0x5b73b50 "{CE0x5b73b50|selinux_vm_enough_memory:tmp19|security/selinux/hooks.c,2088}"
CE0x5b55720 "{CE0x5b55720|selinux_capable:cred|Function::selinux_capable&Arg::cred::}"
CE0x5bcc940 "{CE0x5bcc940|selinux_capable:call|security/selinux/hooks.c,2007}"
CE0x5b5e2d0 "{CE0x5b5e2d0|selinux_capable:tobool|security/selinux/hooks.c,2008}"
CE0x5b7be30 "{CE0x5b7be30|selinux_capable:if.end}"
CE0x5b85a70 "{CE0x5b85a70|cred_has_capability:entry}"
CE0x5b9b100 "{CE0x5b9b100|cred_has_capability:bb}"
CE0x5b82860 "{CE0x5b82860|cred_has_capability:call|security/selinux/hooks.c,1558}"
CE0x5b829f0 "{CE0x5b829f0|cred_has_capability:call|security/selinux/hooks.c,1558|*SummSink*}"
CONST[source:0(mediator),value:2(dynamic)][purpose:{subject}][SnkIdx:4]


CONST[source:2(external),value:2(dynamic)][purpose:{subject}][SrcIdx:18]  ->  CONST[source:0(mediator),value:2(dynamic)][purpose:{object}][SnkIdx:1]
-----------
CONST[source:2(external),value:2(dynamic)][purpose:{subject}][SrcIdx:18]
CE0x5b73970 "{CE0x5b73970|COLLAPSED:_GCMRE_current_task_external_global_%struct.task_struct*:_elem_0::|security/selinux/hooks.c,2088}"
CE0x5b73b50 "{CE0x5b73b50|selinux_vm_enough_memory:tmp19|security/selinux/hooks.c,2088}"
CE0x5b55720 "{CE0x5b55720|selinux_capable:cred|Function::selinux_capable&Arg::cred::}"
CE0x5bcc940 "{CE0x5bcc940|selinux_capable:call|security/selinux/hooks.c,2007}"
CE0x5b5e2d0 "{CE0x5b5e2d0|selinux_capable:tobool|security/selinux/hooks.c,2008}"
CE0x5b7be30 "{CE0x5b7be30|selinux_capable:if.end}"
CE0x5b85a70 "{CE0x5b85a70|cred_has_capability:entry}"
CE0x5b9b100 "{CE0x5b9b100|cred_has_capability:bb}"
CE0x5b82860 "{CE0x5b82860|cred_has_capability:call|security/selinux/hooks.c,1558}"
CE0x5b829f0 "{CE0x5b829f0|cred_has_capability:call|security/selinux/hooks.c,1558|*SummSink*}"
CONST[source:0(mediator),value:2(dynamic)][purpose:{object}][SnkIdx:1]


CONST[source:2(external),value:2(dynamic)][purpose:{subject}][SrcIdx:18]  ->  CONST[source:0(mediator),value:2(dynamic)][purpose:{object}][SnkIdx:6]
-----------
CONST[source:2(external),value:2(dynamic)][purpose:{subject}][SrcIdx:18]
CE0x5b73970 "{CE0x5b73970|COLLAPSED:_GCMRE_current_task_external_global_%struct.task_struct*:_elem_0::|security/selinux/hooks.c,2088}"
CE0x5b73b50 "{CE0x5b73b50|selinux_vm_enough_memory:tmp19|security/selinux/hooks.c,2088}"
CE0x5b55720 "{CE0x5b55720|selinux_capable:cred|Function::selinux_capable&Arg::cred::}"
CE0x5bcc940 "{CE0x5bcc940|selinux_capable:call|security/selinux/hooks.c,2007}"
CE0x5b5e2d0 "{CE0x5b5e2d0|selinux_capable:tobool|security/selinux/hooks.c,2008}"
CE0x5b7be30 "{CE0x5b7be30|selinux_capable:if.end}"
CE0x5b85a70 "{CE0x5b85a70|cred_has_capability:entry}"
CE0x5b9f360 "{CE0x5b9f360|cred_has_capability:sw.epilog}"
CE0x5bbc020 "{CE0x5bbc020|cred_has_capability:sclass.0}"
CE0x5bbc200 "{CE0x5bbc200|cred_has_capability:sclass.0|*SummSink*}"
CONST[source:0(mediator),value:2(dynamic)][purpose:{object}][SnkIdx:6]


CONST[source:2(external),value:2(dynamic)][purpose:{subject}][SrcIdx:18]  ->  CONST[source:0(mediator),value:2(dynamic)][purpose:{subject}][SnkIdx:0]
-----------
CONST[source:2(external),value:2(dynamic)][purpose:{subject}][SrcIdx:18]
CE0x5b73970 "{CE0x5b73970|COLLAPSED:_GCMRE_current_task_external_global_%struct.task_struct*:_elem_0::|security/selinux/hooks.c,2088}"
CE0x5b73b50 "{CE0x5b73b50|selinux_vm_enough_memory:tmp19|security/selinux/hooks.c,2088}"
CE0x5b55720 "{CE0x5b55720|selinux_capable:cred|Function::selinux_capable&Arg::cred::}"
CE0x5bcc940 "{CE0x5bcc940|selinux_capable:call|security/selinux/hooks.c,2007}"
CE0x5b5e2d0 "{CE0x5b5e2d0|selinux_capable:tobool|security/selinux/hooks.c,2008}"
CE0x5b7be30 "{CE0x5b7be30|selinux_capable:if.end}"
CE0x5b85a70 "{CE0x5b85a70|cred_has_capability:entry}"
CE0x5b9b100 "{CE0x5b9b100|cred_has_capability:bb}"
CE0x5b82860 "{CE0x5b82860|cred_has_capability:call|security/selinux/hooks.c,1558}"
CE0x5b829f0 "{CE0x5b829f0|cred_has_capability:call|security/selinux/hooks.c,1558|*SummSink*}"
CONST[source:0(mediator),value:2(dynamic)][purpose:{subject}][SnkIdx:0]


CONST[source:2(external),value:2(dynamic)][purpose:{subject}][SrcIdx:18]  ->  CONST[source:0(mediator),value:0(static)][purpose:{operation}][SnkIdx:3]
-----------
CONST[source:2(external),value:2(dynamic)][purpose:{subject}][SrcIdx:18]
CE0x5b73970 "{CE0x5b73970|COLLAPSED:_GCMRE_current_task_external_global_%struct.task_struct*:_elem_0::|security/selinux/hooks.c,2088}"
CE0x5b73b50 "{CE0x5b73b50|selinux_vm_enough_memory:tmp19|security/selinux/hooks.c,2088}"
CE0x5b55720 "{CE0x5b55720|selinux_capable:cred|Function::selinux_capable&Arg::cred::}"
CE0x5bcc940 "{CE0x5bcc940|selinux_capable:call|security/selinux/hooks.c,2007}"
CE0x5b5e2d0 "{CE0x5b5e2d0|selinux_capable:tobool|security/selinux/hooks.c,2008}"
CE0x5b7be30 "{CE0x5b7be30|selinux_capable:if.end}"
CE0x5b85a70 "{CE0x5b85a70|cred_has_capability:entry}"
CE0x5b9b100 "{CE0x5b9b100|cred_has_capability:bb}"
CE0x5ba52b0 "{CE0x5ba52b0|cred_has_capability:shl|security/selinux/hooks.c,1559}"
CE0x5b84d50 "{CE0x5b84d50|cred_has_capability:shl|security/selinux/hooks.c,1559|*SummSink*}"
CONST[source:0(mediator),value:0(static)][purpose:{operation}][SnkIdx:3]


CONST[source:2(external),value:0(static)][purpose:{operation}][SrcIdx:13]  ->  CONST[source:0(mediator),value:2(dynamic)][purpose:{object}][SnkIdx:2]
-----------
CONST[source:2(external),value:0(static)][purpose:{operation}][SrcIdx:13]
CE0x5bf2a50 "{CE0x5bf2a50|i32_1|*Constant*}"
CE0x5b9f360 "{CE0x5b9f360|cred_has_capability:sw.epilog}"
CE0x5bbc020 "{CE0x5bbc020|cred_has_capability:sclass.0}"
CE0x5bbc200 "{CE0x5bbc200|cred_has_capability:sclass.0|*SummSink*}"
CONST[source:0(mediator),value:2(dynamic)][purpose:{object}][SnkIdx:2]


CONST[source:2(external),value:0(static)][purpose:{operation}][SrcIdx:13]  ->  CONST[source:0(mediator),value:0(static)][purpose:{operation}][SnkIdx:7]
-----------
CONST[source:2(external),value:0(static)][purpose:{operation}][SrcIdx:13]
CE0x5bf2a50 "{CE0x5bf2a50|i32_1|*Constant*}"
CE0x5ba52b0 "{CE0x5ba52b0|cred_has_capability:shl|security/selinux/hooks.c,1559}"
CE0x5b84d50 "{CE0x5b84d50|cred_has_capability:shl|security/selinux/hooks.c,1559|*SummSink*}"
CONST[source:0(mediator),value:0(static)][purpose:{operation}][SnkIdx:7]


CONST[source:2(external),value:0(static)][purpose:{operation}][SrcIdx:13]  ->  CONST[source:0(mediator),value:2(dynamic)][purpose:{object}][SnkIdx:6]
-----------
CONST[source:2(external),value:0(static)][purpose:{operation}][SrcIdx:13]
CE0x5bf2a50 "{CE0x5bf2a50|i32_1|*Constant*}"
CE0x5b9f360 "{CE0x5b9f360|cred_has_capability:sw.epilog}"
CE0x5bbc020 "{CE0x5bbc020|cred_has_capability:sclass.0}"
CE0x5bbc200 "{CE0x5bbc200|cred_has_capability:sclass.0|*SummSink*}"
CONST[source:0(mediator),value:2(dynamic)][purpose:{object}][SnkIdx:6]


CONST[source:2(external),value:0(static)][purpose:{operation}][SrcIdx:13]  ->  CONST[source:0(mediator),value:0(static)][purpose:{operation}][SnkIdx:3]
-----------
CONST[source:2(external),value:0(static)][purpose:{operation}][SrcIdx:13]
CE0x5bf2a50 "{CE0x5bf2a50|i32_1|*Constant*}"
CE0x5ba52b0 "{CE0x5ba52b0|cred_has_capability:shl|security/selinux/hooks.c,1559}"
CE0x5b84d50 "{CE0x5b84d50|cred_has_capability:shl|security/selinux/hooks.c,1559|*SummSink*}"
CONST[source:0(mediator),value:0(static)][purpose:{operation}][SnkIdx:3]


