[tomoyo_socket_sendmsg]

explicit:
CONST[source:2(external),value:2(dynamic)][purpose:{subject}]  ->  CONST[source:1(input),value:2(dynamic)][purpose:{subject}]
-----------
CONST[source:2(external),value:2(dynamic)][purpose:{subject}]
CE0x417fbc0 "{CE0x417fbc0|COLLAPSED:_GCRE_current_task_external_global_%struct.task_struct*:_elem_0::|security/tomoyo/common.h,1205}"
CE0x4cf20b0 "{CE0x4cf20b0|tomoyo_domain:_tmp22|security/tomoyo/common.h,1205}"
CE0x426d280 "{CE0x426d280|tomoyo_domain:_tmp23|security/tomoyo/common.h,1205}"
CE0x5bd7bd0 "{CE0x5bd7bd0|_ret_%struct.tomoyo_domain_info*_%tmp23,_!dbg_!38929|security/tomoyo/common.h,1205}"
CE0x5c2e520 "{CE0x5c2e520|tomoyo_init_request_info:_call|security/tomoyo/util.c,1005}"
CE0x5c2e4b0 "{CE0x5c2e4b0|tomoyo_init_request_info:_domain.addr.0}"
CE0x4e1b560 "{CE0x4e1b560|24:_%struct.tomoyo_path_info*,_32:_i8,_33:_i8,_72:_i8,_:_SCMRE_16,24_|*MultipleSource*|security/tomoyo/network.c, 544|security/tomoyo/network.c,544|Function::tomoyo_init_request_info&Arg::r::|security/tomoyo/network.c,565}"
CONST[source:1(input),value:2(dynamic)][purpose:{subject}]


CONST[source:1(input),value:2(dynamic)][purpose:{operation}]  ->  CONST[source:0(mediator),value:0(static)][purpose:{operation}]
-----------
CONST[source:1(input),value:2(dynamic)][purpose:{operation}]
CE0x762c5f0 "{CE0x762c5f0|0:_i8,_1:_i8,_32:_i8*,_40:_i32,_:_CMR_1,2_|*MultipleSource*|Function::tomoyo_check_unix_address&Arg::address::|security/tomoyo/network.c,594}"
CE0x4e53e70 "{CE0x4e53e70|tomoyo_unix_entry:_tmp38|*LoadInst*|security/tomoyo/network.c,567}"
CE0x4dd8c40 "{CE0x4dd8c40|24:_%struct.tomoyo_path_info*,_32:_i8,_33:_i8,_72:_i8,_:_SCMRE_33,34_}"
CONST[source:0(mediator),value:0(static)][purpose:{operation}]


CONST[source:0(mediator),value:1(k-static)][purpose:{operation}]  ->  CONST[source:0(mediator),value:0(static)][purpose:{operation}]
-----------
CONST[source:0(mediator),value:1(k-static)][purpose:{operation}]
CE0x75c3250 "{CE0x75c3250|0:_i8,_1:_i8,_32:_i8*,_40:_i32,_:_CMR_0,1_|*MultipleSource*|Function::tomoyo_check_unix_address&Arg::address::|security/tomoyo/network.c,594}"
CE0x4d303c0 "{CE0x4d303c0|tomoyo_unix_entry:_tmp37|*LoadInst*|security/tomoyo/network.c,566}"
CE0x4dd8aa0 "{CE0x4dd8aa0|24:_%struct.tomoyo_path_info*,_32:_i8,_33:_i8,_72:_i8,_:_SCMRE_32,33_}"
CONST[source:0(mediator),value:0(static)][purpose:{operation}]



implicit:
CONST[source:2(external),value:2(dynamic)][purpose:{subject}]  ->  CONST[source:1(input),value:2(dynamic)][purpose:{subject}]
-----------
CONST[source:2(external),value:2(dynamic)][purpose:{subject}]
CE0x417fbc0 "{CE0x417fbc0|COLLAPSED:_GCRE_current_task_external_global_%struct.task_struct*:_elem_0::|security/tomoyo/common.h,1205}"
CE0x4cf20b0 "{CE0x4cf20b0|tomoyo_domain:_tmp22|security/tomoyo/common.h,1205}"
CE0x426d280 "{CE0x426d280|tomoyo_domain:_tmp23|security/tomoyo/common.h,1205}"
CE0x5bd7bd0 "{CE0x5bd7bd0|_ret_%struct.tomoyo_domain_info*_%tmp23,_!dbg_!38929|security/tomoyo/common.h,1205}"
CE0x5c2e520 "{CE0x5c2e520|tomoyo_init_request_info:_call|security/tomoyo/util.c,1005}"
CE0x5c2e4b0 "{CE0x5c2e4b0|tomoyo_init_request_info:_domain.addr.0}"
CE0x4e1b560 "{CE0x4e1b560|24:_%struct.tomoyo_path_info*,_32:_i8,_33:_i8,_72:_i8,_:_SCMRE_16,24_|*MultipleSource*|security/tomoyo/network.c, 544|security/tomoyo/network.c,544|Function::tomoyo_init_request_info&Arg::r::|security/tomoyo/network.c,565}"
CONST[source:1(input),value:2(dynamic)][purpose:{subject}]


CONST[source:1(input),value:2(dynamic)][purpose:{operation}]  ->  CONST[source:0(mediator),value:0(static)][purpose:{operation}]
-----------
CONST[source:1(input),value:2(dynamic)][purpose:{operation}]
CE0x762c5f0 "{CE0x762c5f0|0:_i8,_1:_i8,_32:_i8*,_40:_i32,_:_CMR_1,2_|*MultipleSource*|Function::tomoyo_check_unix_address&Arg::address::|security/tomoyo/network.c,594}"
CE0x4e53e70 "{CE0x4e53e70|tomoyo_unix_entry:_tmp38|*LoadInst*|security/tomoyo/network.c,567}"
CE0x4dd8c40 "{CE0x4dd8c40|24:_%struct.tomoyo_path_info*,_32:_i8,_33:_i8,_72:_i8,_:_SCMRE_33,34_}"
CONST[source:0(mediator),value:0(static)][purpose:{operation}]


CONST[source:0(mediator),value:1(k-static)][purpose:{operation}]  ->  CONST[source:0(mediator),value:0(static)][purpose:{operation}]
-----------
CONST[source:0(mediator),value:1(k-static)][purpose:{operation}]
CE0x75c3250 "{CE0x75c3250|0:_i8,_1:_i8,_32:_i8*,_40:_i32,_:_CMR_0,1_|*MultipleSource*|Function::tomoyo_check_unix_address&Arg::address::|security/tomoyo/network.c,594}"
CE0x4d303c0 "{CE0x4d303c0|tomoyo_unix_entry:_tmp37|*LoadInst*|security/tomoyo/network.c,566}"
CE0x4dd8aa0 "{CE0x4dd8aa0|24:_%struct.tomoyo_path_info*,_32:_i8,_33:_i8,_72:_i8,_:_SCMRE_32,33_}"
CONST[source:0(mediator),value:0(static)][purpose:{operation}]


