[selinux_file_lock]

explicit:
CONST[source:1(input),value:2(dynamic)][purpose:{object}]  ->  CONST[source:0(mediator),value:2(dynamic)][purpose:{object}]
-----------
CONST[source:1(input),value:2(dynamic)][purpose:{object}]
CE0x40cfc80 "{CE0x40cfc80|0:_i32,_:_CRE_0,4_|*MultipleSource*|security/selinux/hooks.c,1683|*LoadInst*|security/selinux/hooks.c,1674|security/selinux/hooks.c,1674}"
CE0x40d2e00 "{CE0x40d2e00|file_has_perm:_tmp11|security/selinux/hooks.c,1684}"
CE0x40d30a0 "{CE0x40d30a0|file_has_perm:_tmp11|security/selinux/hooks.c,1684|*SummSink*}"
CONST[source:0(mediator),value:2(dynamic)][purpose:{object}]


CONST[source:2(external),value:2(dynamic)][purpose:{subject}]  ->  CONST[source:0(mediator),value:2(dynamic)][purpose:{subject}]
-----------
CONST[source:2(external),value:2(dynamic)][purpose:{subject}]
CE0x406e0e0 "{CE0x406e0e0|COLLAPSED:_GCMRE_current_task_external_global_%struct.task_struct*:_elem_0::|security/selinux/hooks.c,3337}"
CE0x406e850 "{CE0x406e850|selinux_file_lock:_tmp21|security/selinux/hooks.c,3337}"
CE0x40459f0 "{CE0x40459f0|file_has_perm:_cred|Function::file_has_perm&Arg::cred::}"
CE0x4087e20 "{CE0x4087e20|cred_sid:_cred|Function::cred_sid&Arg::cred::}"
CE0x4041c90 "{CE0x4041c90|cred_sid:_security|security/selinux/hooks.c,196}"
CE0x40422e0 "{CE0x40422e0|cred_sid:_tmp4|*LoadInst*|security/selinux/hooks.c,196}"
CE0x4042690 "{CE0x4042690|cred_sid:_tmp5|security/selinux/hooks.c,196}"
CE0x404ab60 "{CE0x404ab60|cred_sid:_sid|security/selinux/hooks.c,197}"
CE0x40af5a0 "{CE0x40af5a0|cred_sid:_tmp6|security/selinux/hooks.c,197}"
CE0x4088110 "{CE0x4088110|_ret_i32_%tmp6,_!dbg_!27716|security/selinux/hooks.c,197}"
CE0x40cd700 "{CE0x40cd700|file_has_perm:_call1|security/selinux/hooks.c,1677}"
CE0x4091410 "{CE0x4091410|file_has_perm:_call1|security/selinux/hooks.c,1677|*SummSink*}"
CONST[source:0(mediator),value:2(dynamic)][purpose:{subject}]



implicit:
CONST[source:0(mediator),value:0(static)][purpose:{operation}]  ->  CONST[source:0(mediator),value:2(dynamic)][purpose:{subject}]
-----------
CONST[source:0(mediator),value:0(static)][purpose:{operation}]
CE0x4046d10 "{CE0x4046d10|file_has_perm:_av|Function::file_has_perm&Arg::av::|*SummSource*}"
CE0x4046ca0 "{CE0x4046ca0|file_has_perm:_av|Function::file_has_perm&Arg::av::}"
CE0x40d7210 "{CE0x40d7210|file_has_perm:_tobool7|security/selinux/hooks.c,1694}"
CE0x4071fe0 "{CE0x4071fe0|file_has_perm:_if.then8}"
CE0x40eb5c0 "{CE0x40eb5c0|inode_has_perm:_entry}"
CE0x40a38f0 "{CE0x40a38f0|inode_has_perm:_if.end}"
CE0x41461c0 "{CE0x41461c0|inode_has_perm:_call|security/selinux/hooks.c,1614}"
CE0x4146460 "{CE0x4146460|inode_has_perm:_call|security/selinux/hooks.c,1614|*SummSink*}"
CONST[source:0(mediator),value:2(dynamic)][purpose:{subject}]


CONST[source:0(mediator),value:0(static)][purpose:{operation}]  ->  CONST[source:0(mediator),value:2(dynamic)][purpose:{object}]
-----------
CONST[source:0(mediator),value:0(static)][purpose:{operation}]
CE0x4046d10 "{CE0x4046d10|file_has_perm:_av|Function::file_has_perm&Arg::av::|*SummSource*}"
CE0x4046ca0 "{CE0x4046ca0|file_has_perm:_av|Function::file_has_perm&Arg::av::}"
CE0x40d7210 "{CE0x40d7210|file_has_perm:_tobool7|security/selinux/hooks.c,1694}"
CE0x4071fe0 "{CE0x4071fe0|file_has_perm:_if.then8}"
CE0x40eb5c0 "{CE0x40eb5c0|inode_has_perm:_entry}"
CE0x40a38f0 "{CE0x40a38f0|inode_has_perm:_if.end}"
CE0x415cae0 "{CE0x415cae0|inode_has_perm:_tmp18|security/selinux/hooks.c,1617}"
CE0x415cfe0 "{CE0x415cfe0|inode_has_perm:_tmp18|security/selinux/hooks.c,1617|*SummSink*}"
CONST[source:0(mediator),value:2(dynamic)][purpose:{object}]


CONST[source:0(mediator),value:2(dynamic)][purpose:{subject}]  ->  CONST[source:0(mediator),value:2(dynamic)][purpose:{object}]
-----------
CONST[source:0(mediator),value:2(dynamic)][purpose:{subject}]
CE0x404b260 "{CE0x404b260|0:_i32,_4:_i32,_8:_i32,_12:_i32,_:_CMRE_4,8_|*MultipleSource*|security/selinux/hooks.c,196|security/selinux/hooks.c,197|*LoadInst*|security/selinux/hooks.c,196}"
CE0x40af5a0 "{CE0x40af5a0|cred_sid:_tmp6|security/selinux/hooks.c,197}"
CE0x4088110 "{CE0x4088110|_ret_i32_%tmp6,_!dbg_!27716|security/selinux/hooks.c,197}"
CE0x40cd700 "{CE0x40cd700|file_has_perm:_call1|security/selinux/hooks.c,1677}"
CE0x40d0630 "{CE0x40d0630|file_has_perm:_cmp|security/selinux/hooks.c,1683}"
CE0x4074b20 "{CE0x4074b20|file_has_perm:_if.then}"
CE0x40d2e00 "{CE0x40d2e00|file_has_perm:_tmp11|security/selinux/hooks.c,1684}"
CE0x40d30a0 "{CE0x40d30a0|file_has_perm:_tmp11|security/selinux/hooks.c,1684|*SummSink*}"
CONST[source:0(mediator),value:2(dynamic)][purpose:{object}]


CONST[source:1(input),value:2(dynamic)][purpose:{object}]  ->  CONST[source:0(mediator),value:2(dynamic)][purpose:{subject}]
-----------
CONST[source:1(input),value:2(dynamic)][purpose:{object}]
CE0x40cfc80 "{CE0x40cfc80|0:_i32,_:_CRE_0,4_|*MultipleSource*|security/selinux/hooks.c,1683|*LoadInst*|security/selinux/hooks.c,1674|security/selinux/hooks.c,1674}"
CE0x40d0320 "{CE0x40d0320|file_has_perm:_tmp6|security/selinux/hooks.c,1683}"
CE0x40d0630 "{CE0x40d0630|file_has_perm:_cmp|security/selinux/hooks.c,1683}"
CE0x4071fe0 "{CE0x4071fe0|file_has_perm:_if.then8}"
CE0x40eb5c0 "{CE0x40eb5c0|inode_has_perm:_entry}"
CE0x40a38f0 "{CE0x40a38f0|inode_has_perm:_if.end}"
CE0x41461c0 "{CE0x41461c0|inode_has_perm:_call|security/selinux/hooks.c,1614}"
CE0x4146460 "{CE0x4146460|inode_has_perm:_call|security/selinux/hooks.c,1614|*SummSink*}"
CONST[source:0(mediator),value:2(dynamic)][purpose:{subject}]


CONST[source:1(input),value:2(dynamic)][purpose:{object}]  ->  CONST[source:0(mediator),value:2(dynamic)][purpose:{object}]
-----------
CONST[source:1(input),value:2(dynamic)][purpose:{object}]
CE0x40cfc80 "{CE0x40cfc80|0:_i32,_:_CRE_0,4_|*MultipleSource*|security/selinux/hooks.c,1683|*LoadInst*|security/selinux/hooks.c,1674|security/selinux/hooks.c,1674}"
CE0x40d2e00 "{CE0x40d2e00|file_has_perm:_tmp11|security/selinux/hooks.c,1684}"
CE0x40d30a0 "{CE0x40d30a0|file_has_perm:_tmp11|security/selinux/hooks.c,1684|*SummSink*}"
CONST[source:0(mediator),value:2(dynamic)][purpose:{object}]


CONST[source:2(external),value:2(dynamic)][purpose:{subject}]  ->  CONST[source:0(mediator),value:2(dynamic)][purpose:{subject}]
-----------
CONST[source:2(external),value:2(dynamic)][purpose:{subject}]
CE0x406e0e0 "{CE0x406e0e0|COLLAPSED:_GCMRE_current_task_external_global_%struct.task_struct*:_elem_0::|security/selinux/hooks.c,3337}"
CE0x406e850 "{CE0x406e850|selinux_file_lock:_tmp21|security/selinux/hooks.c,3337}"
CE0x40459f0 "{CE0x40459f0|file_has_perm:_cred|Function::file_has_perm&Arg::cred::}"
CE0x4087e20 "{CE0x4087e20|cred_sid:_cred|Function::cred_sid&Arg::cred::}"
CE0x4041c90 "{CE0x4041c90|cred_sid:_security|security/selinux/hooks.c,196}"
CE0x40422e0 "{CE0x40422e0|cred_sid:_tmp4|*LoadInst*|security/selinux/hooks.c,196}"
CE0x4042690 "{CE0x4042690|cred_sid:_tmp5|security/selinux/hooks.c,196}"
CE0x404ab60 "{CE0x404ab60|cred_sid:_sid|security/selinux/hooks.c,197}"
CE0x40af5a0 "{CE0x40af5a0|cred_sid:_tmp6|security/selinux/hooks.c,197}"
CE0x4088110 "{CE0x4088110|_ret_i32_%tmp6,_!dbg_!27716|security/selinux/hooks.c,197}"
CE0x40cd700 "{CE0x40cd700|file_has_perm:_call1|security/selinux/hooks.c,1677}"
CE0x4091410 "{CE0x4091410|file_has_perm:_call1|security/selinux/hooks.c,1677|*SummSink*}"
CONST[source:0(mediator),value:2(dynamic)][purpose:{subject}]


CONST[source:2(external),value:2(dynamic)][purpose:{subject}]  ->  CONST[source:0(mediator),value:2(dynamic)][purpose:{object}]
-----------
CONST[source:2(external),value:2(dynamic)][purpose:{subject}]
CE0x406e0e0 "{CE0x406e0e0|COLLAPSED:_GCMRE_current_task_external_global_%struct.task_struct*:_elem_0::|security/selinux/hooks.c,3337}"
CE0x406e850 "{CE0x406e850|selinux_file_lock:_tmp21|security/selinux/hooks.c,3337}"
CE0x40459f0 "{CE0x40459f0|file_has_perm:_cred|Function::file_has_perm&Arg::cred::}"
CE0x4087e20 "{CE0x4087e20|cred_sid:_cred|Function::cred_sid&Arg::cred::}"
CE0x4041c90 "{CE0x4041c90|cred_sid:_security|security/selinux/hooks.c,196}"
CE0x40422e0 "{CE0x40422e0|cred_sid:_tmp4|*LoadInst*|security/selinux/hooks.c,196}"
CE0x4042690 "{CE0x4042690|cred_sid:_tmp5|security/selinux/hooks.c,196}"
CE0x404ab60 "{CE0x404ab60|cred_sid:_sid|security/selinux/hooks.c,197}"
CE0x40af5a0 "{CE0x40af5a0|cred_sid:_tmp6|security/selinux/hooks.c,197}"
CE0x4088110 "{CE0x4088110|_ret_i32_%tmp6,_!dbg_!27716|security/selinux/hooks.c,197}"
CE0x40cd700 "{CE0x40cd700|file_has_perm:_call1|security/selinux/hooks.c,1677}"
CE0x40d0630 "{CE0x40d0630|file_has_perm:_cmp|security/selinux/hooks.c,1683}"
CE0x4074b20 "{CE0x4074b20|file_has_perm:_if.then}"
CE0x40d2e00 "{CE0x40d2e00|file_has_perm:_tmp11|security/selinux/hooks.c,1684}"
CE0x40d30a0 "{CE0x40d30a0|file_has_perm:_tmp11|security/selinux/hooks.c,1684|*SummSink*}"
CONST[source:0(mediator),value:2(dynamic)][purpose:{object}]


