[tomoyo_path_chmod]

explicit:
CONST[source:2(external),value:2(dynamic)][purpose:{subject}][SrcIdx:3]  ->  CONST[source:0(mediator),value:2(dynamic)][purpose:{subject}]
-----------
CONST[source:2(external),value:2(dynamic)][purpose:{subject}][SrcIdx:3]
CE0x89e6e50 "{CE0x89e6e50|128:_i8*,_1208:_%struct.file*,_:_CMRE_128,136_|*MultipleSource*|security/tomoyo/common.h,1205|security/tomoyo/common.h,1205}"
CE0x89e7990 "{CE0x89e7990|tomoyo_domain:tmp22|security/tomoyo/common.h,1205}"
CE0x73a9e20 "{CE0x73a9e20|tomoyo_domain:tmp23|security/tomoyo/common.h,1205}"
CE0x6f36510 "{CE0x6f36510|_ret_%struct.tomoyo_domain_info*_%tmp23,_!dbg_!38929|security/tomoyo/common.h,1205}"
CE0x61e7c20 "{CE0x61e7c20|tomoyo_init_request_info:call|security/tomoyo/util.c,1005}"
CE0x71d4380 "{CE0x71d4380|tomoyo_init_request_info:domain.addr.0}"
CE0x70374b0 "{CE0x70374b0|0:_%struct.tomoyo_obj_info*,_24:_%struct.tomoyo_path_info*,_32:_i64,_40:_i8,_72:_i8,_76:_i8,_:_SCMRE_16,24_|*MultipleSource*|security/tomoyo/file.c,693|security/tomoyo/file.c, 693|security/tomoyo/file.c,707|Function::tomoyo_init_request_info&Arg::r::}"
CONST[source:0(mediator),value:2(dynamic)][purpose:{subject}]


CONST[source:1(input),value:2(dynamic)][purpose:{operation}][SrcIdx:2]  ->  CONST[source:0(mediator),value:0(static)][purpose:{operation}]
-----------
CONST[source:1(input),value:2(dynamic)][purpose:{operation}][SrcIdx:2]
CE0x5559d10 "{CE0x5559d10|tomoyo_path_chmod:mode|Function::tomoyo_path_chmod&Arg::mode::|*SummSource*}"
CE0x54b0aa0 "{CE0x54b0aa0|tomoyo_path_chmod:mode|Function::tomoyo_path_chmod&Arg::mode::}"
CE0x553c530 "{CE0x553c530|tomoyo_path_chmod:conv|security/tomoyo/tomoyo.c,364}"
CE0x55405a0 "{CE0x55405a0|tomoyo_path_chmod:and|security/tomoyo/tomoyo.c,364}"
CE0x55361a0 "{CE0x55361a0|tomoyo_path_chmod:conv1|security/tomoyo/tomoyo.c,364}"
CE0x56b9eb0 "{CE0x56b9eb0|tomoyo_path_number_perm:number|Function::tomoyo_path_number_perm&Arg::number::}"
CE0x60e6ef0 "{CE0x60e6ef0|0:_%struct.tomoyo_obj_info*,_24:_%struct.tomoyo_path_info*,_32:_i64,_40:_i8,_72:_i8,_76:_i8,_:_SCMRE_34,35_}"
CONST[source:0(mediator),value:0(static)][purpose:{operation}]



implicit:
CONST[source:1(input),value:2(dynamic)][purpose:{operation}][SrcIdx:2]  ->  CONST[source:0(mediator),value:0(static)][purpose:{operation}]
-----------
CONST[source:1(input),value:2(dynamic)][purpose:{operation}][SrcIdx:2]
CE0x5559d10 "{CE0x5559d10|tomoyo_path_chmod:mode|Function::tomoyo_path_chmod&Arg::mode::|*SummSource*}"
CE0x54b0aa0 "{CE0x54b0aa0|tomoyo_path_chmod:mode|Function::tomoyo_path_chmod&Arg::mode::}"
CE0x553c530 "{CE0x553c530|tomoyo_path_chmod:conv|security/tomoyo/tomoyo.c,364}"
CE0x55405a0 "{CE0x55405a0|tomoyo_path_chmod:and|security/tomoyo/tomoyo.c,364}"
CE0x55361a0 "{CE0x55361a0|tomoyo_path_chmod:conv1|security/tomoyo/tomoyo.c,364}"
CE0x56b9eb0 "{CE0x56b9eb0|tomoyo_path_number_perm:number|Function::tomoyo_path_number_perm&Arg::number::}"
CE0x705ebc0 "{CE0x705ebc0|0:_%struct.tomoyo_obj_info*,_24:_%struct.tomoyo_path_info*,_32:_i64,_40:_i8,_72:_i8,_76:_i8,_:_SCMRE_39,40_}"
CONST[source:0(mediator),value:0(static)][purpose:{operation}]


CONST[source:2(external),value:2(dynamic)][purpose:{subject}][SrcIdx:3]  ->  CONST[source:0(mediator),value:2(dynamic)][purpose:{subject}]
-----------
CONST[source:2(external),value:2(dynamic)][purpose:{subject}][SrcIdx:3]
CE0x89e6e50 "{CE0x89e6e50|128:_i8*,_1208:_%struct.file*,_:_CMRE_128,136_|*MultipleSource*|security/tomoyo/common.h,1205|security/tomoyo/common.h,1205}"
CE0x89e7990 "{CE0x89e7990|tomoyo_domain:tmp22|security/tomoyo/common.h,1205}"
CE0x73a9e20 "{CE0x73a9e20|tomoyo_domain:tmp23|security/tomoyo/common.h,1205}"
CE0x6f36510 "{CE0x6f36510|_ret_%struct.tomoyo_domain_info*_%tmp23,_!dbg_!38929|security/tomoyo/common.h,1205}"
CE0x61e7c20 "{CE0x61e7c20|tomoyo_init_request_info:call|security/tomoyo/util.c,1005}"
CE0x71d4380 "{CE0x71d4380|tomoyo_init_request_info:domain.addr.0}"
CE0x70374b0 "{CE0x70374b0|0:_%struct.tomoyo_obj_info*,_24:_%struct.tomoyo_path_info*,_32:_i64,_40:_i8,_72:_i8,_76:_i8,_:_SCMRE_16,24_|*MultipleSource*|security/tomoyo/file.c,693|security/tomoyo/file.c, 693|security/tomoyo/file.c,707|Function::tomoyo_init_request_info&Arg::r::}"
CONST[source:0(mediator),value:2(dynamic)][purpose:{subject}]


