[selinux_msg_queue_alloc_security]

explicit:
CONST[source:2(external),value:2(dynamic)][purpose:{subject}][SrcIdx:15]  ->  CONST[source:0(mediator),value:2(dynamic)][purpose:{subject}][SnkIdx:0]
-----------
CONST[source:2(external),value:2(dynamic)][purpose:{subject}][SrcIdx:15]
CE0x82df0b0 "{CE0x82df0b0|VOIDTB_TE:_IE:_elem_0:default:}"
CE0x82fdf50 "{CE0x82fdf50|tmp24}"
CE0x5268d30 "{CE0x5268d30|_ret_i32_%tmp24,_!dbg_!27742}"
CE0x82d4450 "{CE0x82d4450|call}"
CE0x5220550 "{CE0x5220550|call}"
CONST[source:0(mediator),value:2(dynamic)][purpose:{subject}][SnkIdx:0]


CONST[source:2(external),value:2(dynamic)][purpose:{subject}][SrcIdx:15]  ->  CONST[source:0(mediator),value:2(dynamic)][purpose:{object}][SnkIdx:1]
-----------
CONST[source:2(external),value:2(dynamic)][purpose:{subject}][SrcIdx:15]
CE0x82df0b0 "{CE0x82df0b0|VOIDTB_TE:_IE:_elem_0:default:}"
CE0x82daa60 "{CE0x82daa60|tmp11}"
CE0x82dadb0 "{CE0x82dadb0|tmp11}"
CONST[source:0(mediator),value:2(dynamic)][purpose:{object}][SnkIdx:1]


CONST[source:1(input),value:2(dynamic)][purpose:{object}][SrcIdx:14]  ->  CONST[source:0(mediator),value:2(dynamic)][purpose:{subject}][SnkIdx:0]
-----------
CONST[source:1(input),value:2(dynamic)][purpose:{object}][SrcIdx:14]
CE0x82df0b0 "{CE0x82df0b0|VOIDTB_TE:_IE:_elem_0:default:}"
CE0x82fdf50 "{CE0x82fdf50|tmp24}"
CE0x5268d30 "{CE0x5268d30|_ret_i32_%tmp24,_!dbg_!27742}"
CE0x82d4450 "{CE0x82d4450|call}"
CE0x5220550 "{CE0x5220550|call}"
CONST[source:0(mediator),value:2(dynamic)][purpose:{subject}][SnkIdx:0]


CONST[source:1(input),value:2(dynamic)][purpose:{object}][SrcIdx:14]  ->  CONST[source:0(mediator),value:2(dynamic)][purpose:{object}][SnkIdx:1]
-----------
CONST[source:1(input),value:2(dynamic)][purpose:{object}][SrcIdx:14]
CE0x82df0b0 "{CE0x82df0b0|VOIDTB_TE:_IE:_elem_0:default:}"
CE0x82daa60 "{CE0x82daa60|tmp11}"
CE0x82dadb0 "{CE0x82dadb0|tmp11}"
CONST[source:0(mediator),value:2(dynamic)][purpose:{object}][SnkIdx:1]



implicit:
CONST[source:2(external),value:2(dynamic)][purpose:{subject}][SrcIdx:15]  ->  CONST[source:0(mediator),value:2(dynamic)][purpose:{object}][SnkIdx:1]
-----------
CONST[source:2(external),value:2(dynamic)][purpose:{subject}][SrcIdx:15]
CE0x82df0b0 "{CE0x82df0b0|VOIDTB_TE:_IE:_elem_0:default:}"
CE0x82daa60 "{CE0x82daa60|tmp11}"
CE0x82dadb0 "{CE0x82dadb0|tmp11}"
CONST[source:0(mediator),value:2(dynamic)][purpose:{object}][SnkIdx:1]


CONST[source:2(external),value:2(dynamic)][purpose:{subject}][SrcIdx:15]  ->  CONST[source:0(mediator),value:2(dynamic)][purpose:{subject}][SnkIdx:0]
-----------
CONST[source:2(external),value:2(dynamic)][purpose:{subject}][SrcIdx:15]
CE0x82df0b0 "{CE0x82df0b0|VOIDTB_TE:_IE:_elem_0:default:}"
CE0x82fdf50 "{CE0x82fdf50|tmp24}"
CE0x5268d30 "{CE0x5268d30|_ret_i32_%tmp24,_!dbg_!27742}"
CE0x82d4450 "{CE0x82d4450|call}"
CE0x5220550 "{CE0x5220550|call}"
CONST[source:0(mediator),value:2(dynamic)][purpose:{subject}][SnkIdx:0]


CONST[source:1(input),value:2(dynamic)][purpose:{object}][SrcIdx:14]  ->  CONST[source:0(mediator),value:2(dynamic)][purpose:{object}][SnkIdx:1]
-----------
CONST[source:1(input),value:2(dynamic)][purpose:{object}][SrcIdx:14]
CE0x82df0b0 "{CE0x82df0b0|VOIDTB_TE:_IE:_elem_0:default:}"
CE0x82daa60 "{CE0x82daa60|tmp11}"
CE0x82dadb0 "{CE0x82dadb0|tmp11}"
CONST[source:0(mediator),value:2(dynamic)][purpose:{object}][SnkIdx:1]


CONST[source:1(input),value:2(dynamic)][purpose:{object}][SrcIdx:14]  ->  CONST[source:0(mediator),value:2(dynamic)][purpose:{subject}][SnkIdx:0]
-----------
CONST[source:1(input),value:2(dynamic)][purpose:{object}][SrcIdx:14]
CE0x82df0b0 "{CE0x82df0b0|VOIDTB_TE:_IE:_elem_0:default:}"
CE0x82fdf50 "{CE0x82fdf50|tmp24}"
CE0x5268d30 "{CE0x5268d30|_ret_i32_%tmp24,_!dbg_!27742}"
CE0x82d4450 "{CE0x82d4450|call}"
CE0x5220550 "{CE0x5220550|call}"
CONST[source:0(mediator),value:2(dynamic)][purpose:{subject}][SnkIdx:0]


