[selinux_inode_listxattr]

explicit:
CONST[source:1(input),value:2(dynamic)][purpose:{object}][SrcIdx:0]  ->  CONST[source:0(mediator),value:2(dynamic)][purpose:{object}]
-----------
CONST[source:1(input),value:2(dynamic)][purpose:{object}][SrcIdx:0]
CE0x53b0720 "{CE0x53b0720|12:_i32,_56:_i8*,_:_CRE_56,64_|*MultipleSource*|Function::inode_has_perm&Arg::inode::|*LoadInst*|security/selinux/hooks.c,1627|security/selinux/hooks.c,1611}"
CE0x53daa90 "{CE0x53daa90|inode_has_perm:tmp15|*LoadInst*|security/selinux/hooks.c,1615}"
CE0x53db130 "{CE0x53db130|inode_has_perm:tmp16|security/selinux/hooks.c,1615}"
CE0x53dbb80 "{CE0x53dbb80|inode_has_perm:sclass|security/selinux/hooks.c,1617}"
CE0x5392070 "{CE0x5392070|inode_has_perm:tmp18|security/selinux/hooks.c,1617}"
CE0x5392370 "{CE0x5392370|inode_has_perm:tmp18|security/selinux/hooks.c,1617|*SummSink*}"
CONST[source:0(mediator),value:2(dynamic)][purpose:{object}]


CONST[source:2(external),value:2(dynamic)][purpose:{subject}][SrcIdx:2]  ->  CONST[source:0(mediator),value:2(dynamic)][purpose:{subject}]
-----------
CONST[source:2(external),value:2(dynamic)][purpose:{subject}][SrcIdx:2]
CE0x533dd50 "{CE0x533dd50|COLLAPSED:_GCMRE_current_task_external_global_%struct.task_struct*:_elem_0::|security/selinux/hooks.c,3048}"
CE0x533e370 "{CE0x533e370|selinux_inode_listxattr:tmp21|security/selinux/hooks.c,3048}"
CE0x533f5c0 "{CE0x533f5c0|dentry_has_perm:cred|Function::dentry_has_perm&Arg::cred::}"
CE0x53a27a0 "{CE0x53a27a0|inode_has_perm:cred|Function::inode_has_perm&Arg::cred::}"
CE0x5365d40 "{CE0x5365d40|cred_sid:cred|Function::cred_sid&Arg::cred::}"
CE0x53afc10 "{CE0x53afc10|cred_sid:security|security/selinux/hooks.c,196}"
CE0x54040c0 "{CE0x54040c0|cred_sid:tmp4|*LoadInst*|security/selinux/hooks.c,196}"
CE0x54047a0 "{CE0x54047a0|cred_sid:tmp5|security/selinux/hooks.c,196}"
CE0x5405090 "{CE0x5405090|cred_sid:sid|security/selinux/hooks.c,197}"
CE0x53b2d30 "{CE0x53b2d30|cred_sid:tmp6|security/selinux/hooks.c,197}"
CE0x53da030 "{CE0x53da030|_ret_i32_%tmp6,_!dbg_!27716|security/selinux/hooks.c,197}"
CE0x5365130 "{CE0x5365130|inode_has_perm:call|security/selinux/hooks.c,1614}"
CE0x53652d0 "{CE0x53652d0|inode_has_perm:call|security/selinux/hooks.c,1614|*SummSink*}"
CONST[source:0(mediator),value:2(dynamic)][purpose:{subject}]



implicit:
CONST[source:2(external),value:2(dynamic)][purpose:{subject}][SrcIdx:2]  ->  CONST[source:0(mediator),value:2(dynamic)][purpose:{subject}]
-----------
CONST[source:2(external),value:2(dynamic)][purpose:{subject}][SrcIdx:2]
CE0x533dd50 "{CE0x533dd50|COLLAPSED:_GCMRE_current_task_external_global_%struct.task_struct*:_elem_0::|security/selinux/hooks.c,3048}"
CE0x533e370 "{CE0x533e370|selinux_inode_listxattr:tmp21|security/selinux/hooks.c,3048}"
CE0x533f5c0 "{CE0x533f5c0|dentry_has_perm:cred|Function::dentry_has_perm&Arg::cred::}"
CE0x53a27a0 "{CE0x53a27a0|inode_has_perm:cred|Function::inode_has_perm&Arg::cred::}"
CE0x5365d40 "{CE0x5365d40|cred_sid:cred|Function::cred_sid&Arg::cred::}"
CE0x53afc10 "{CE0x53afc10|cred_sid:security|security/selinux/hooks.c,196}"
CE0x54040c0 "{CE0x54040c0|cred_sid:tmp4|*LoadInst*|security/selinux/hooks.c,196}"
CE0x54047a0 "{CE0x54047a0|cred_sid:tmp5|security/selinux/hooks.c,196}"
CE0x5405090 "{CE0x5405090|cred_sid:sid|security/selinux/hooks.c,197}"
CE0x53b2d30 "{CE0x53b2d30|cred_sid:tmp6|security/selinux/hooks.c,197}"
CE0x53da030 "{CE0x53da030|_ret_i32_%tmp6,_!dbg_!27716|security/selinux/hooks.c,197}"
CE0x5365130 "{CE0x5365130|inode_has_perm:call|security/selinux/hooks.c,1614}"
CE0x53652d0 "{CE0x53652d0|inode_has_perm:call|security/selinux/hooks.c,1614|*SummSink*}"
CONST[source:0(mediator),value:2(dynamic)][purpose:{subject}]


CONST[source:1(input),value:2(dynamic)][purpose:{object}][SrcIdx:0]  ->  CONST[source:0(mediator),value:2(dynamic)][purpose:{object}]
-----------
CONST[source:1(input),value:2(dynamic)][purpose:{object}][SrcIdx:0]
CE0x53b0720 "{CE0x53b0720|12:_i32,_56:_i8*,_:_CRE_56,64_|*MultipleSource*|Function::inode_has_perm&Arg::inode::|*LoadInst*|security/selinux/hooks.c,1627|security/selinux/hooks.c,1611}"
CE0x53daa90 "{CE0x53daa90|inode_has_perm:tmp15|*LoadInst*|security/selinux/hooks.c,1615}"
CE0x53db130 "{CE0x53db130|inode_has_perm:tmp16|security/selinux/hooks.c,1615}"
CE0x53db450 "{CE0x53db450|inode_has_perm:sid3|security/selinux/hooks.c,1617}"
CE0x53dd710 "{CE0x53dd710|inode_has_perm:tmp17|security/selinux/hooks.c,1617}"
CE0x53ddb10 "{CE0x53ddb10|inode_has_perm:tmp17|security/selinux/hooks.c,1617|*SummSink*}"
CONST[source:0(mediator),value:2(dynamic)][purpose:{object}]


CONST[source:1(input),value:2(dynamic)][purpose:{object}][SrcIdx:0]  ->  CONST[source:0(mediator),value:2(dynamic)][purpose:{subject}]
-----------
CONST[source:1(input),value:2(dynamic)][purpose:{object}][SrcIdx:0]
CE0x5388950 "{CE0x5388950|12:_i32,_56:_i8*,_:_CRE_12,16_|*MultipleSource*|Function::inode_has_perm&Arg::inode::|*LoadInst*|security/selinux/hooks.c,1627|security/selinux/hooks.c,1611}"
CE0x53d58c0 "{CE0x53d58c0|inode_has_perm:tmp6|*LoadInst*|security/selinux/hooks.c,1611}"
CE0x53e2da0 "{CE0x53e2da0|inode_has_perm:and|security/selinux/hooks.c,1611}"
CE0x53e9230 "{CE0x53e9230|inode_has_perm:tobool|security/selinux/hooks.c,1611}"
CE0x53e3550 "{CE0x53e3550|inode_has_perm:lnot|security/selinux/hooks.c,1611}"
CE0x53e3840 "{CE0x53e3840|inode_has_perm:lnot1|security/selinux/hooks.c,1611}"
CE0x53e4120 "{CE0x53e4120|inode_has_perm:lnot.ext|security/selinux/hooks.c,1611}"
CE0x53e3e60 "{CE0x53e3e60|inode_has_perm:conv|security/selinux/hooks.c,1611}"
CE0x53e4f70 "{CE0x53e4f70|inode_has_perm:expval|security/selinux/hooks.c,1611}"
CE0x53e55d0 "{CE0x53e55d0|inode_has_perm:tobool2|security/selinux/hooks.c,1611}"
CE0x53a4ef0 "{CE0x53a4ef0|inode_has_perm:if.end}"
CE0x5365130 "{CE0x5365130|inode_has_perm:call|security/selinux/hooks.c,1614}"
CE0x53652d0 "{CE0x53652d0|inode_has_perm:call|security/selinux/hooks.c,1614|*SummSink*}"
CONST[source:0(mediator),value:2(dynamic)][purpose:{subject}]


