[selinux_sem_associate]

explicit:
CONST[source:2(external),value:2(dynamic)][purpose:{subject}][SrcIdx:2]  ->  CONST[source:0(mediator),value:2(dynamic)][purpose:{subject}][SnkIdx:0]
-----------
CONST[source:2(external),value:2(dynamic)][purpose:{subject}][SrcIdx:2]
CE0x46357d0 "{CE0x46357d0|COLLAPSED:_CMRE:_elem_0::|security/selinux/hooks.c,218}"
CE0x4635df0 "{CE0x4635df0|current_sid:tmp22|security/selinux/hooks.c,218}"
CE0x46360e0 "{CE0x46360e0|current_sid:tmp23|security/selinux/hooks.c,218}"
CE0x4636ab0 "{CE0x4636ab0|current_sid:sid|security/selinux/hooks.c,220}"
CE0x46380d0 "{CE0x46380d0|current_sid:tmp24|security/selinux/hooks.c,220}"
CE0x46268c0 "{CE0x46268c0|_ret_i32_%tmp24,_!dbg_!27742|security/selinux/hooks.c,220}"
CE0x4611f80 "{CE0x4611f80|selinux_sem_associate:call|security/selinux/hooks.c,5417}"
CE0x46289a0 "{CE0x46289a0|selinux_sem_associate:call|security/selinux/hooks.c,5417|*SummSink*}"
CONST[source:0(mediator),value:2(dynamic)][purpose:{subject}][SnkIdx:0]


CONST[source:1(input),value:2(dynamic)][purpose:{object}][SrcIdx:1]  ->  CONST[source:0(mediator),value:2(dynamic)][purpose:{object}][SnkIdx:1]
-----------
CONST[source:1(input),value:2(dynamic)][purpose:{object}][SrcIdx:1]
CE0x461b8e0 "{CE0x461b8e0|4:_i32,_:_CRE_4,8_|*MultipleSource*|security/selinux/hooks.c,5424|security/selinux/hooks.c,5419|security/selinux/hooks.c,5419}"
CE0x461b9f0 "{CE0x461b9f0|selinux_sem_associate:tmp7|security/selinux/hooks.c,5424}"
CE0x461c000 "{CE0x461c000|selinux_sem_associate:tmp7|security/selinux/hooks.c,5424|*SummSink*}"
CONST[source:0(mediator),value:2(dynamic)][purpose:{object}][SnkIdx:1]



implicit:
CONST[source:1(input),value:2(dynamic)][purpose:{object}][SrcIdx:1]  ->  CONST[source:0(mediator),value:2(dynamic)][purpose:{object}][SnkIdx:1]
-----------
CONST[source:1(input),value:2(dynamic)][purpose:{object}][SrcIdx:1]
CE0x461b8e0 "{CE0x461b8e0|4:_i32,_:_CRE_4,8_|*MultipleSource*|security/selinux/hooks.c,5424|security/selinux/hooks.c,5419|security/selinux/hooks.c,5419}"
CE0x461b9f0 "{CE0x461b9f0|selinux_sem_associate:tmp7|security/selinux/hooks.c,5424}"
CE0x461c000 "{CE0x461c000|selinux_sem_associate:tmp7|security/selinux/hooks.c,5424|*SummSink*}"
CONST[source:0(mediator),value:2(dynamic)][purpose:{object}][SnkIdx:1]


CONST[source:2(external),value:2(dynamic)][purpose:{subject}][SrcIdx:2]  ->  CONST[source:0(mediator),value:2(dynamic)][purpose:{subject}][SnkIdx:0]
-----------
CONST[source:2(external),value:2(dynamic)][purpose:{subject}][SrcIdx:2]
CE0x46109b0 "{CE0x46109b0|COLLAPSED:_GCMRE_current_task_external_global_%struct.task_struct*:_elem_0::|security/selinux/hooks.c,218}"
CE0x4635df0 "{CE0x4635df0|current_sid:tmp22|security/selinux/hooks.c,218}"
CE0x46360e0 "{CE0x46360e0|current_sid:tmp23|security/selinux/hooks.c,218}"
CE0x4636ab0 "{CE0x4636ab0|current_sid:sid|security/selinux/hooks.c,220}"
CE0x46380d0 "{CE0x46380d0|current_sid:tmp24|security/selinux/hooks.c,220}"
CE0x46268c0 "{CE0x46268c0|_ret_i32_%tmp24,_!dbg_!27742|security/selinux/hooks.c,220}"
CE0x4611f80 "{CE0x4611f80|selinux_sem_associate:call|security/selinux/hooks.c,5417}"
CE0x46289a0 "{CE0x46289a0|selinux_sem_associate:call|security/selinux/hooks.c,5417|*SummSink*}"
CONST[source:0(mediator),value:2(dynamic)][purpose:{subject}][SnkIdx:0]


