[selinux_task_setpgid]

explicit:
CONST[source:1(input),value:2(dynamic)][purpose:{object}][SrcIdx:0]  ->  CONST[source:0(mediator),value:2(dynamic)][purpose:{object}]
-----------
CONST[source:1(input),value:2(dynamic)][purpose:{object}][SrcIdx:0]
CE0x3f248a0 "{CE0x3f248a0|2472:_%struct.cred*,_:_CRE_2472,2480_|*MultipleSource*|Function::task_sid&Arg::task::|Function::current_has_perm&Arg::tsk::|Function::selinux_task_setpgid&Arg::p::|security/selinux/hooks.c,208}"
CE0x3f4bd60 "{CE0x3f4bd60|task_sid:tmp4|*LoadInst*|security/selinux/hooks.c,208}"
CE0x3f63180 "{CE0x3f63180|cred_sid:cred|Function::cred_sid&Arg::cred::}"
CE0x3f55750 "{CE0x3f55750|cred_sid:security|security/selinux/hooks.c,196}"
CE0x3ee4b30 "{CE0x3ee4b30|cred_sid:tmp4|*LoadInst*|security/selinux/hooks.c,196}"
CE0x3ef6400 "{CE0x3ef6400|cred_sid:tmp5|security/selinux/hooks.c,196}"
CE0x3f123c0 "{CE0x3f123c0|cred_sid:sid|security/selinux/hooks.c,197}"
CE0x3f13250 "{CE0x3f13250|cred_sid:tmp6|security/selinux/hooks.c,197}"
CE0x3f634e0 "{CE0x3f634e0|_ret_i32_%tmp6,_!dbg_!27716|security/selinux/hooks.c,197}"
CE0x3f61e20 "{CE0x3f61e20|task_sid:call7|security/selinux/hooks.c,208}"
CE0x3eaf2a0 "{CE0x3eaf2a0|_ret_i32_%call7,_!dbg_!27749|security/selinux/hooks.c,210}"
CE0x3eae650 "{CE0x3eae650|current_has_perm:call1|security/selinux/hooks.c,1543}"
CE0x3eae3f0 "{CE0x3eae3f0|current_has_perm:call1|security/selinux/hooks.c,1543|*SummSink*}"
CONST[source:0(mediator),value:2(dynamic)][purpose:{object}]


CONST[source:2(external),value:2(dynamic)][purpose:{subject}][SrcIdx:2]  ->  CONST[source:0(mediator),value:2(dynamic)][purpose:{subject}]
-----------
CONST[source:2(external),value:2(dynamic)][purpose:{subject}][SrcIdx:2]
CE0x3ee27b0 "{CE0x3ee27b0|COLLAPSED:_CMRE:_elem_0::|security/selinux/hooks.c,218}"
CE0x3ee2d50 "{CE0x3ee2d50|current_sid:tmp22|security/selinux/hooks.c,218}"
CE0x3ee3040 "{CE0x3ee3040|current_sid:tmp23|security/selinux/hooks.c,218}"
CE0x3ed2820 "{CE0x3ed2820|current_sid:sid|security/selinux/hooks.c,220}"
CE0x3ee5260 "{CE0x3ee5260|current_sid:tmp24|security/selinux/hooks.c,220}"
CE0x3ea76b0 "{CE0x3ea76b0|_ret_i32_%tmp24,_!dbg_!27742|security/selinux/hooks.c,220}"
CE0x3ea6ae0 "{CE0x3ea6ae0|current_has_perm:call|security/selinux/hooks.c,1542}"
CE0x3ea6e20 "{CE0x3ea6e20|current_has_perm:call|security/selinux/hooks.c,1542|*SummSink*}"
CONST[source:0(mediator),value:2(dynamic)][purpose:{subject}]



implicit:
CONST[source:1(input),value:2(dynamic)][purpose:{object}][SrcIdx:0]  ->  CONST[source:0(mediator),value:2(dynamic)][purpose:{object}]
-----------
CONST[source:1(input),value:2(dynamic)][purpose:{object}][SrcIdx:0]
CE0x3f248a0 "{CE0x3f248a0|2472:_%struct.cred*,_:_CRE_2472,2480_|*MultipleSource*|Function::task_sid&Arg::task::|Function::current_has_perm&Arg::tsk::|Function::selinux_task_setpgid&Arg::p::|security/selinux/hooks.c,208}"
CE0x3f4bd60 "{CE0x3f4bd60|task_sid:tmp4|*LoadInst*|security/selinux/hooks.c,208}"
CE0x3f63180 "{CE0x3f63180|cred_sid:cred|Function::cred_sid&Arg::cred::}"
CE0x3f55750 "{CE0x3f55750|cred_sid:security|security/selinux/hooks.c,196}"
CE0x3ee4b30 "{CE0x3ee4b30|cred_sid:tmp4|*LoadInst*|security/selinux/hooks.c,196}"
CE0x3ef6400 "{CE0x3ef6400|cred_sid:tmp5|security/selinux/hooks.c,196}"
CE0x3f123c0 "{CE0x3f123c0|cred_sid:sid|security/selinux/hooks.c,197}"
CE0x3f13250 "{CE0x3f13250|cred_sid:tmp6|security/selinux/hooks.c,197}"
CE0x3f634e0 "{CE0x3f634e0|_ret_i32_%tmp6,_!dbg_!27716|security/selinux/hooks.c,197}"
CE0x3f61e20 "{CE0x3f61e20|task_sid:call7|security/selinux/hooks.c,208}"
CE0x3eaf2a0 "{CE0x3eaf2a0|_ret_i32_%call7,_!dbg_!27749|security/selinux/hooks.c,210}"
CE0x3eae650 "{CE0x3eae650|current_has_perm:call1|security/selinux/hooks.c,1543}"
CE0x3eae3f0 "{CE0x3eae3f0|current_has_perm:call1|security/selinux/hooks.c,1543|*SummSink*}"
CONST[source:0(mediator),value:2(dynamic)][purpose:{object}]


CONST[source:2(external),value:2(dynamic)][purpose:{subject}][SrcIdx:2]  ->  CONST[source:0(mediator),value:2(dynamic)][purpose:{subject}]
-----------
CONST[source:2(external),value:2(dynamic)][purpose:{subject}][SrcIdx:2]
CE0x3ee27b0 "{CE0x3ee27b0|COLLAPSED:_CMRE:_elem_0::|security/selinux/hooks.c,218}"
CE0x3ee2d50 "{CE0x3ee2d50|current_sid:tmp22|security/selinux/hooks.c,218}"
CE0x3ee3040 "{CE0x3ee3040|current_sid:tmp23|security/selinux/hooks.c,218}"
CE0x3ed2820 "{CE0x3ed2820|current_sid:sid|security/selinux/hooks.c,220}"
CE0x3ee5260 "{CE0x3ee5260|current_sid:tmp24|security/selinux/hooks.c,220}"
CE0x3ea76b0 "{CE0x3ea76b0|_ret_i32_%tmp24,_!dbg_!27742|security/selinux/hooks.c,220}"
CE0x3ea6ae0 "{CE0x3ea6ae0|current_has_perm:call|security/selinux/hooks.c,1542}"
CE0x3ea6e20 "{CE0x3ea6e20|current_has_perm:call|security/selinux/hooks.c,1542|*SummSink*}"
CONST[source:0(mediator),value:2(dynamic)][purpose:{subject}]


