[tomoyo_socket_bind]

explicit:
CONST[source:1(input),value:2(dynamic)][purpose:{operation}]  ->  CONST[source:0(mediator),value:0(static)][purpose:{operation}]
-----------
CONST[source:1(input),value:2(dynamic)][purpose:{operation}]
CE0x6e059c0 "{CE0x6e059c0|0:_i8,_1:_i8,_32:_i8*,_40:_i32,_:_CMR_1,2_|*MultipleSource*|Function::tomoyo_check_unix_address&Arg::address::|security/tomoyo/network.c,594}"
CE0x45cfd70 "{CE0x45cfd70|tomoyo_unix_entry:_tmp38|*LoadInst*|security/tomoyo/network.c,567}"
CE0x45f3950 "{CE0x45f3950|24:_%struct.tomoyo_path_info*,_32:_i8,_33:_i8,_72:_i8,_:_SCMRE_33,34_}"
CONST[source:0(mediator),value:0(static)][purpose:{operation}]


CONST[source:0(mediator),value:1(k-static)][purpose:{operation}]  ->  CONST[source:0(mediator),value:0(static)][purpose:{operation}]
-----------
CONST[source:0(mediator),value:1(k-static)][purpose:{operation}]
CE0x6e08e10 "{CE0x6e08e10|0:_i8,_1:_i8,_32:_i8*,_40:_i32,_:_CMR_0,1_|*MultipleSource*|Function::tomoyo_check_unix_address&Arg::address::|security/tomoyo/network.c,594}"
CE0x45cffe0 "{CE0x45cffe0|tomoyo_unix_entry:_tmp37|*LoadInst*|security/tomoyo/network.c,566}"
CE0x45f37b0 "{CE0x45f37b0|24:_%struct.tomoyo_path_info*,_32:_i8,_33:_i8,_72:_i8,_:_SCMRE_32,33_}"
CONST[source:0(mediator),value:0(static)][purpose:{operation}]


CONST[source:2(external),value:2(dynamic)][purpose:{subject}]  ->  CONST[source:1(input),value:2(dynamic)][purpose:{subject}]
-----------
CONST[source:2(external),value:2(dynamic)][purpose:{subject}]
CE0x6d7eb10 "{CE0x6d7eb10|COLLAPSED:_GCRE_current_task_external_global_%struct.task_struct*:_elem_0::|security/tomoyo/common.h,1205}"
CE0x7048aa0 "{CE0x7048aa0|tomoyo_domain:_tmp22|security/tomoyo/common.h,1205}"
CE0x38e2de0 "{CE0x38e2de0|tomoyo_domain:_tmp23|security/tomoyo/common.h,1205}"
CE0x53b56f0 "{CE0x53b56f0|_ret_%struct.tomoyo_domain_info*_%tmp23,_!dbg_!38929|security/tomoyo/common.h,1205}"
CE0x54dd990 "{CE0x54dd990|tomoyo_init_request_info:_call|security/tomoyo/util.c,1005}"
CE0x54dd920 "{CE0x54dd920|tomoyo_init_request_info:_domain.addr.0}"
CE0x47101e0 "{CE0x47101e0|24:_%struct.tomoyo_path_info*,_32:_i8,_33:_i8,_72:_i8,_:_SCMRE_16,24_|*MultipleSource*|security/tomoyo/network.c,544|security/tomoyo/network.c, 544|Function::tomoyo_init_request_info&Arg::r::|security/tomoyo/network.c,565}"
CONST[source:1(input),value:2(dynamic)][purpose:{subject}]



implicit:
CONST[source:1(input),value:2(dynamic)][purpose:{operation}]  ->  CONST[source:0(mediator),value:0(static)][purpose:{operation}]
-----------
CONST[source:1(input),value:2(dynamic)][purpose:{operation}]
CE0x6e059c0 "{CE0x6e059c0|0:_i8,_1:_i8,_32:_i8*,_40:_i32,_:_CMR_1,2_|*MultipleSource*|Function::tomoyo_check_unix_address&Arg::address::|security/tomoyo/network.c,594}"
CE0x45cfd70 "{CE0x45cfd70|tomoyo_unix_entry:_tmp38|*LoadInst*|security/tomoyo/network.c,567}"
CE0x45f3950 "{CE0x45f3950|24:_%struct.tomoyo_path_info*,_32:_i8,_33:_i8,_72:_i8,_:_SCMRE_33,34_}"
CONST[source:0(mediator),value:0(static)][purpose:{operation}]


CONST[source:0(mediator),value:1(k-static)][purpose:{operation}]  ->  CONST[source:0(mediator),value:0(static)][purpose:{operation}]
-----------
CONST[source:0(mediator),value:1(k-static)][purpose:{operation}]
CE0x6e08e10 "{CE0x6e08e10|0:_i8,_1:_i8,_32:_i8*,_40:_i32,_:_CMR_0,1_|*MultipleSource*|Function::tomoyo_check_unix_address&Arg::address::|security/tomoyo/network.c,594}"
CE0x45cffe0 "{CE0x45cffe0|tomoyo_unix_entry:_tmp37|*LoadInst*|security/tomoyo/network.c,566}"
CE0x45f37b0 "{CE0x45f37b0|24:_%struct.tomoyo_path_info*,_32:_i8,_33:_i8,_72:_i8,_:_SCMRE_32,33_}"
CONST[source:0(mediator),value:0(static)][purpose:{operation}]


CONST[source:2(external),value:2(dynamic)][purpose:{subject}]  ->  CONST[source:1(input),value:2(dynamic)][purpose:{subject}]
-----------
CONST[source:2(external),value:2(dynamic)][purpose:{subject}]
CE0x6d7eb10 "{CE0x6d7eb10|COLLAPSED:_GCRE_current_task_external_global_%struct.task_struct*:_elem_0::|security/tomoyo/common.h,1205}"
CE0x7048aa0 "{CE0x7048aa0|tomoyo_domain:_tmp22|security/tomoyo/common.h,1205}"
CE0x38e2de0 "{CE0x38e2de0|tomoyo_domain:_tmp23|security/tomoyo/common.h,1205}"
CE0x53b56f0 "{CE0x53b56f0|_ret_%struct.tomoyo_domain_info*_%tmp23,_!dbg_!38929|security/tomoyo/common.h,1205}"
CE0x54dd990 "{CE0x54dd990|tomoyo_init_request_info:_call|security/tomoyo/util.c,1005}"
CE0x54dd920 "{CE0x54dd920|tomoyo_init_request_info:_domain.addr.0}"
CE0x47101e0 "{CE0x47101e0|24:_%struct.tomoyo_path_info*,_32:_i8,_33:_i8,_72:_i8,_:_SCMRE_16,24_|*MultipleSource*|security/tomoyo/network.c,544|security/tomoyo/network.c, 544|Function::tomoyo_init_request_info&Arg::r::|security/tomoyo/network.c,565}"
CONST[source:1(input),value:2(dynamic)][purpose:{subject}]


