[selinux_socket_setsockopt]

explicit:
CONST[source:1(input),value:2(dynamic)][purpose:{object}]  ->  CONST[source:0(mediator),value:2(dynamic)][purpose:{object}]
-----------
CONST[source:1(input),value:2(dynamic)][purpose:{object}]
CE0x6b999c0 "{CE0x6b999c0|32:_%struct.sock*,_:_CRE_32,40_|*MultipleSource*|Function::selinux_socket_setsockopt&Arg::sock::|security/selinux/hooks.c,4238}"
CE0x597c0b0 "{CE0x597c0b0|selinux_socket_setsockopt:_tmp2|*LoadInst*|security/selinux/hooks.c,4238}"
CE0x5978a30 "{CE0x5978a30|sock_has_perm:_sk|Function::sock_has_perm&Arg::sk::}"
CE0x5971a30 "{CE0x5971a30|sock_has_perm:_sk_security|security/selinux/hooks.c,3964}"
CE0x59eb2a0 "{CE0x59eb2a0|sock_has_perm:_tmp2|*LoadInst*|security/selinux/hooks.c,3964}"
CE0x5a09100 "{CE0x5a09100|sock_has_perm:_tmp3|security/selinux/hooks.c,3964}"
CE0x5a0ab70 "{CE0x5a0ab70|sock_has_perm:_sclass|security/selinux/hooks.c,3976}"
CE0x5973e00 "{CE0x5973e00|sock_has_perm:_tmp17|security/selinux/hooks.c,3976}"
CE0x5a0b080 "{CE0x5a0b080|sock_has_perm:_tmp17|security/selinux/hooks.c,3976|*SummSink*}"
CONST[source:0(mediator),value:2(dynamic)][purpose:{object}]


CONST[source:2(external),value:2(dynamic)][purpose:{subject}]  ->  CONST[source:1(input),value:2(dynamic)][purpose:{subject}]
-----------
CONST[source:2(external),value:2(dynamic)][purpose:{subject}]
CE0x5974c30 "{CE0x5974c30|COLLAPSED:_GCMRE_current_task_external_global_%struct.task_struct*:_elem_0:default:}"
CE0x5a1efc0 "{CE0x5a1efc0|task_sid:_tmp4|*LoadInst*|security/selinux/hooks.c,208}"
CE0x5994ba0 "{CE0x5994ba0|cred_sid:_cred|Function::cred_sid&Arg::cred::}"
CE0x59b3c40 "{CE0x59b3c40|cred_sid:_security|security/selinux/hooks.c,196}"
CE0x5a19ea0 "{CE0x5a19ea0|cred_sid:_tmp4|*LoadInst*|security/selinux/hooks.c,196}"
CE0x59b1a70 "{CE0x59b1a70|cred_sid:_tmp5|security/selinux/hooks.c,196}"
CE0x59d1e50 "{CE0x59d1e50|cred_sid:_sid|security/selinux/hooks.c,197}"
CE0x5a1c730 "{CE0x5a1c730|cred_sid:_tmp6|security/selinux/hooks.c,197}"
CE0x5999e30 "{CE0x5999e30|_ret_i32_%tmp6,_!dbg_!27716|security/selinux/hooks.c,197}"
CE0x5993ea0 "{CE0x5993ea0|task_sid:_call7|security/selinux/hooks.c,208}"
CE0x59c61f0 "{CE0x59c61f0|_ret_i32_%call7,_!dbg_!27749|security/selinux/hooks.c,210}"
CE0x5a02f60 "{CE0x5a02f60|sock_has_perm:_call|security/selinux/hooks.c,3967}"
CE0x5a03150 "{CE0x5a03150|sock_has_perm:_call|security/selinux/hooks.c,3967|*SummSink*}"
CONST[source:1(input),value:2(dynamic)][purpose:{subject}]



implicit:
CONST[source:1(input),value:2(dynamic)][purpose:{object}]  ->  CONST[source:0(mediator),value:2(dynamic)][purpose:{object}]
-----------
CONST[source:1(input),value:2(dynamic)][purpose:{object}]
CE0x6b999c0 "{CE0x6b999c0|32:_%struct.sock*,_:_CRE_32,40_|*MultipleSource*|Function::selinux_socket_setsockopt&Arg::sock::|security/selinux/hooks.c,4238}"
CE0x597c0b0 "{CE0x597c0b0|selinux_socket_setsockopt:_tmp2|*LoadInst*|security/selinux/hooks.c,4238}"
CE0x5978a30 "{CE0x5978a30|sock_has_perm:_sk|Function::sock_has_perm&Arg::sk::}"
CE0x5971a30 "{CE0x5971a30|sock_has_perm:_sk_security|security/selinux/hooks.c,3964}"
CE0x59eb2a0 "{CE0x59eb2a0|sock_has_perm:_tmp2|*LoadInst*|security/selinux/hooks.c,3964}"
CE0x5a09100 "{CE0x5a09100|sock_has_perm:_tmp3|security/selinux/hooks.c,3964}"
CE0x59b94d0 "{CE0x59b94d0|sock_has_perm:_sid5|security/selinux/hooks.c,3976}"
CE0x5a0a270 "{CE0x5a0a270|sock_has_perm:_tmp16|security/selinux/hooks.c,3976}"
CE0x5a0a510 "{CE0x5a0a510|sock_has_perm:_tmp16|security/selinux/hooks.c,3976|*SummSink*}"
CONST[source:0(mediator),value:2(dynamic)][purpose:{object}]


CONST[source:2(external),value:2(dynamic)][purpose:{subject}]  ->  CONST[source:1(input),value:2(dynamic)][purpose:{subject}]
-----------
CONST[source:2(external),value:2(dynamic)][purpose:{subject}]
CE0x5974c30 "{CE0x5974c30|COLLAPSED:_GCMRE_current_task_external_global_%struct.task_struct*:_elem_0:default:}"
CE0x5a1efc0 "{CE0x5a1efc0|task_sid:_tmp4|*LoadInst*|security/selinux/hooks.c,208}"
CE0x5994ba0 "{CE0x5994ba0|cred_sid:_cred|Function::cred_sid&Arg::cred::}"
CE0x59b3c40 "{CE0x59b3c40|cred_sid:_security|security/selinux/hooks.c,196}"
CE0x5a19ea0 "{CE0x5a19ea0|cred_sid:_tmp4|*LoadInst*|security/selinux/hooks.c,196}"
CE0x59b1a70 "{CE0x59b1a70|cred_sid:_tmp5|security/selinux/hooks.c,196}"
CE0x59d1e50 "{CE0x59d1e50|cred_sid:_sid|security/selinux/hooks.c,197}"
CE0x5a1c730 "{CE0x5a1c730|cred_sid:_tmp6|security/selinux/hooks.c,197}"
CE0x5999e30 "{CE0x5999e30|_ret_i32_%tmp6,_!dbg_!27716|security/selinux/hooks.c,197}"
CE0x5993ea0 "{CE0x5993ea0|task_sid:_call7|security/selinux/hooks.c,208}"
CE0x59c61f0 "{CE0x59c61f0|_ret_i32_%call7,_!dbg_!27749|security/selinux/hooks.c,210}"
CE0x5a02f60 "{CE0x5a02f60|sock_has_perm:_call|security/selinux/hooks.c,3967}"
CE0x5a03150 "{CE0x5a03150|sock_has_perm:_call|security/selinux/hooks.c,3967|*SummSink*}"
CONST[source:1(input),value:2(dynamic)][purpose:{subject}]


