[tomoyo_sb_pivotroot]

explicit:
CONST[source:2(external),value:2(dynamic)][purpose:{subject}][SrcIdx:5]  ->  CONST[source:0(mediator),value:2(dynamic)][purpose:{subject}]
-----------
CONST[source:2(external),value:2(dynamic)][purpose:{subject}][SrcIdx:5]
CE0x747fa60 "{CE0x747fa60|COLLAPSED:_GCRE_current_task_external_global_%struct.task_struct*:_elem_0::|security/tomoyo/common.h,1205}"
CE0x5502250 "{CE0x5502250|tomoyo_domain:tmp22|security/tomoyo/common.h,1205}"
CE0x5405730 "{CE0x5405730|tomoyo_domain:tmp23|security/tomoyo/common.h,1205}"
CE0x7227ef0 "{CE0x7227ef0|_ret_%struct.tomoyo_domain_info*_%tmp23,_!dbg_!38929|security/tomoyo/common.h,1205}"
CE0x893ce90 "{CE0x893ce90|tomoyo_init_request_info:call|security/tomoyo/util.c,1005}"
CE0x71c3b80 "{CE0x71c3b80|tomoyo_init_request_info:domain.addr.0}"
CE0x6f532b0 "{CE0x6f532b0|0:_%struct.tomoyo_obj_info*,_24:_%struct.tomoyo_path_info*,_32:_%struct.tomoyo_path_info*,_40:_i8,_72:_i8,_76:_i8,_:_SCMRE_16,24_|*MultipleSource*|security/tomoyo/file.c, 891|security/tomoyo/file.c,891|security/tomoyo/file.c,920|Function::tomoyo_init_request_info&Arg::r::}"
CONST[source:0(mediator),value:2(dynamic)][purpose:{subject}]



implicit:
CONST[source:0(mediator),value:2(dynamic)][purpose:{subject}][SrcIdx:3]  ->  CONST[source:0(mediator),value:2(dynamic)][purpose:{object}]
-----------
CONST[source:0(mediator),value:2(dynamic)][purpose:{subject}][SrcIdx:3]
CE0x63071c0 "{CE0x63071c0|VOIDTB_TE:_CE_6376,6384_|*MultipleSource*|security/tomoyo/util.c,1010|Function::tomoyo_get_mode&Arg::ns::}"
CE0x70c7b10 "{CE0x70c7b10|COLLAPSED:_CRE:_elem_0:default:}"
CE0x5447cb0 "{CE0x5447cb0|tomoyo_get_mode:tmp24|security/tomoyo/util.c,986}"
CE0x5448330 "{CE0x5448330|tomoyo_get_mode:mode.1}"
CE0x5472cd0 "{CE0x5472cd0|tomoyo_get_mode:conv15|security/tomoyo/util.c,987}"
CE0x53f73e0 "{CE0x53f73e0|tomoyo_get_mode:and|security/tomoyo/util.c,987}"
CE0x53f75b0 "{CE0x53f75b0|tomoyo_get_mode:retval.0}"
CE0x724a920 "{CE0x724a920|_ret_i32_%retval.0,_!dbg_!38935|security/tomoyo/util.c,988}"
CE0x71c5620 "{CE0x71c5620|tomoyo_init_request_info:call4|security/tomoyo/util.c,1010}"
CE0x728ed20 "{CE0x728ed20|tomoyo_init_request_info:conv|security/tomoyo/util.c,1010}"
CE0x6fcdfc0 "{CE0x6fcdfc0|0:_%struct.tomoyo_obj_info*,_24:_%struct.tomoyo_path_info*,_32:_%struct.tomoyo_path_info*,_40:_i8,_72:_i8,_76:_i8,_:_SCMRE_76,77_|*MultipleSource*|security/tomoyo/file.c, 891|security/tomoyo/file.c,891|security/tomoyo/file.c,920|Function::tomoyo_init_request_info&Arg::r::}"
CE0x6f942b0 "{CE0x6f942b0|tomoyo_init_request_info:tmp13|*LoadInst*|security/tomoyo/util.c,1011}"
CE0x6f94550 "{CE0x6f94550|tomoyo_init_request_info:conv6|security/tomoyo/util.c,1011}"
CE0x8b59880 "{CE0x8b59880|_ret_i32_%conv6,_!dbg_!38926|security/tomoyo/util.c,1011}"
CE0x7371ed0 "{CE0x7371ed0|tomoyo_path2_perm:call|security/tomoyo/file.c,898}"
CE0x6f435b0 "{CE0x6f435b0|tomoyo_path2_perm:cmp|security/tomoyo/file.c,899}"
CE0x6fef080 "{CE0x6fef080|tomoyo_path2_perm:sw.epilog}"
CE0x8b427b0 "{CE0x8b427b0|0:_%struct.tomoyo_obj_info*,_24:_%struct.tomoyo_path_info*,_32:_%struct.tomoyo_path_info*,_40:_i8,_72:_i8,_76:_i8,_:_SCMRE_25,26_}"
CONST[source:0(mediator),value:2(dynamic)][purpose:{object}]


CONST[source:0(mediator),value:2(dynamic)][purpose:{subject}][SrcIdx:3]  ->  CONST[source:0(mediator),value:0(static)][purpose:{operation}]
-----------
CONST[source:0(mediator),value:2(dynamic)][purpose:{subject}][SrcIdx:3]
CE0x63071c0 "{CE0x63071c0|VOIDTB_TE:_CE_6376,6384_|*MultipleSource*|security/tomoyo/util.c,1010|Function::tomoyo_get_mode&Arg::ns::}"
CE0x70c7b10 "{CE0x70c7b10|COLLAPSED:_CRE:_elem_0:default:}"
CE0x5447cb0 "{CE0x5447cb0|tomoyo_get_mode:tmp24|security/tomoyo/util.c,986}"
CE0x5448330 "{CE0x5448330|tomoyo_get_mode:mode.1}"
CE0x5472cd0 "{CE0x5472cd0|tomoyo_get_mode:conv15|security/tomoyo/util.c,987}"
CE0x53f73e0 "{CE0x53f73e0|tomoyo_get_mode:and|security/tomoyo/util.c,987}"
CE0x53f75b0 "{CE0x53f75b0|tomoyo_get_mode:retval.0}"
CE0x724a920 "{CE0x724a920|_ret_i32_%retval.0,_!dbg_!38935|security/tomoyo/util.c,988}"
CE0x71c5620 "{CE0x71c5620|tomoyo_init_request_info:call4|security/tomoyo/util.c,1010}"
CE0x728ed20 "{CE0x728ed20|tomoyo_init_request_info:conv|security/tomoyo/util.c,1010}"
CE0x6fcdfc0 "{CE0x6fcdfc0|0:_%struct.tomoyo_obj_info*,_24:_%struct.tomoyo_path_info*,_32:_%struct.tomoyo_path_info*,_40:_i8,_72:_i8,_76:_i8,_:_SCMRE_76,77_|*MultipleSource*|security/tomoyo/file.c, 891|security/tomoyo/file.c,891|security/tomoyo/file.c,920|Function::tomoyo_init_request_info&Arg::r::}"
CE0x6f942b0 "{CE0x6f942b0|tomoyo_init_request_info:tmp13|*LoadInst*|security/tomoyo/util.c,1011}"
CE0x6f94550 "{CE0x6f94550|tomoyo_init_request_info:conv6|security/tomoyo/util.c,1011}"
CE0x8b59880 "{CE0x8b59880|_ret_i32_%conv6,_!dbg_!38926|security/tomoyo/util.c,1011}"
CE0x7371ed0 "{CE0x7371ed0|tomoyo_path2_perm:call|security/tomoyo/file.c,898}"
CE0x6f435b0 "{CE0x6f435b0|tomoyo_path2_perm:cmp|security/tomoyo/file.c,899}"
CE0x6fef080 "{CE0x6fef080|tomoyo_path2_perm:sw.epilog}"
CE0x8b90130 "{CE0x8b90130|0:_%struct.tomoyo_obj_info*,_24:_%struct.tomoyo_path_info*,_32:_%struct.tomoyo_path_info*,_40:_i8,_72:_i8,_76:_i8,_:_SCMRE_40,41_}"
CONST[source:0(mediator),value:0(static)][purpose:{operation}]


CONST[source:0(mediator),value:0(static)][purpose:{operation}][SrcIdx:2]  ->  CONST[source:0(mediator),value:2(dynamic)][purpose:{object}]
-----------
CONST[source:0(mediator),value:0(static)][purpose:{operation}][SrcIdx:2]
CE0x6207ed0 "{CE0x6207ed0|tomoyo_path2_perm:operation|Function::tomoyo_path2_perm&Arg::operation::|*SummSource*}"
CE0x6207f40 "{CE0x6207f40|tomoyo_path2_perm:operation|Function::tomoyo_path2_perm&Arg::operation::}"
CE0x8863830 "{CE0x8863830|tomoyo_path2_perm:idxprom|security/tomoyo/file.c,898}"
CE0x727de30 "{CE0x727de30|tomoyo_path2_perm:arrayidx|security/tomoyo/file.c,898}"
CE0x88dcac0 "{CE0x88dcac0|tomoyo_path2_perm:tmp9|security/tomoyo/file.c,898}"
CE0x6ec6a40 "{CE0x6ec6a40|tomoyo_init_request_info:index|Function::tomoyo_init_request_info&Arg::index::}"
CE0x70a74f0 "{CE0x70a74f0|tomoyo_get_mode:index|Function::tomoyo_get_mode&Arg::index::}"
CE0x5fed750 "{CE0x5fed750|tomoyo_get_mode:idxprom|security/tomoyo/util.c,981}"
CE0x62bee90 "{CE0x62bee90|tomoyo_get_mode:arrayidx|security/tomoyo/util.c,981}"
CE0x6fff2a0 "{CE0x6fff2a0|tomoyo_get_mode:tmp9|security/tomoyo/util.c,981}"
CE0x7399cf0 "{CE0x7399cf0|tomoyo_get_mode:mode.0}"
CE0x5448330 "{CE0x5448330|tomoyo_get_mode:mode.1}"
CE0x5472cd0 "{CE0x5472cd0|tomoyo_get_mode:conv15|security/tomoyo/util.c,987}"
CE0x53f73e0 "{CE0x53f73e0|tomoyo_get_mode:and|security/tomoyo/util.c,987}"
CE0x53f75b0 "{CE0x53f75b0|tomoyo_get_mode:retval.0}"
CE0x724a920 "{CE0x724a920|_ret_i32_%retval.0,_!dbg_!38935|security/tomoyo/util.c,988}"
CE0x71c5620 "{CE0x71c5620|tomoyo_init_request_info:call4|security/tomoyo/util.c,1010}"
CE0x728ed20 "{CE0x728ed20|tomoyo_init_request_info:conv|security/tomoyo/util.c,1010}"
CE0x6fcdfc0 "{CE0x6fcdfc0|0:_%struct.tomoyo_obj_info*,_24:_%struct.tomoyo_path_info*,_32:_%struct.tomoyo_path_info*,_40:_i8,_72:_i8,_76:_i8,_:_SCMRE_76,77_|*MultipleSource*|security/tomoyo/file.c, 891|security/tomoyo/file.c,891|security/tomoyo/file.c,920|Function::tomoyo_init_request_info&Arg::r::}"
CE0x6f942b0 "{CE0x6f942b0|tomoyo_init_request_info:tmp13|*LoadInst*|security/tomoyo/util.c,1011}"
CE0x6f94550 "{CE0x6f94550|tomoyo_init_request_info:conv6|security/tomoyo/util.c,1011}"
CE0x8b59880 "{CE0x8b59880|_ret_i32_%conv6,_!dbg_!38926|security/tomoyo/util.c,1011}"
CE0x7371ed0 "{CE0x7371ed0|tomoyo_path2_perm:call|security/tomoyo/file.c,898}"
CE0x6f435b0 "{CE0x6f435b0|tomoyo_path2_perm:cmp|security/tomoyo/file.c,899}"
CE0x6fef080 "{CE0x6fef080|tomoyo_path2_perm:sw.epilog}"
CE0x8b427b0 "{CE0x8b427b0|0:_%struct.tomoyo_obj_info*,_24:_%struct.tomoyo_path_info*,_32:_%struct.tomoyo_path_info*,_40:_i8,_72:_i8,_76:_i8,_:_SCMRE_25,26_}"
CONST[source:0(mediator),value:2(dynamic)][purpose:{object}]


CONST[source:2(external),value:2(dynamic)][purpose:{subject}][SrcIdx:5]  ->  CONST[source:0(mediator),value:2(dynamic)][purpose:{object}]
-----------
CONST[source:2(external),value:2(dynamic)][purpose:{subject}][SrcIdx:5]
CE0x54dc790 "{CE0x54dc790|128:_i8*,_1208:_%struct.file*,_:_CMRE_128,136_|*MultipleSource*|security/tomoyo/common.h,1205|security/tomoyo/common.h,1205}"
CE0x5502250 "{CE0x5502250|tomoyo_domain:tmp22|security/tomoyo/common.h,1205}"
CE0x5405730 "{CE0x5405730|tomoyo_domain:tmp23|security/tomoyo/common.h,1205}"
CE0x7227ef0 "{CE0x7227ef0|_ret_%struct.tomoyo_domain_info*_%tmp23,_!dbg_!38929|security/tomoyo/common.h,1205}"
CE0x893ce90 "{CE0x893ce90|tomoyo_init_request_info:call|security/tomoyo/util.c,1005}"
CE0x71c3b80 "{CE0x71c3b80|tomoyo_init_request_info:domain.addr.0}"
CE0x728f000 "{CE0x728f000|tomoyo_init_request_info:ns|security/tomoyo/util.c,1010}"
CE0x71d3240 "{CE0x71d3240|tomoyo_init_request_info:tmp12|security/tomoyo/util.c,1010}"
CE0x70a7190 "{CE0x70a7190|tomoyo_get_mode:ns|Function::tomoyo_get_mode&Arg::ns::}"
CE0x70c7b10 "{CE0x70c7b10|COLLAPSED:_CRE:_elem_0:default:}"
CE0x5447cb0 "{CE0x5447cb0|tomoyo_get_mode:tmp24|security/tomoyo/util.c,986}"
CE0x5448330 "{CE0x5448330|tomoyo_get_mode:mode.1}"
CE0x5472cd0 "{CE0x5472cd0|tomoyo_get_mode:conv15|security/tomoyo/util.c,987}"
CE0x53f73e0 "{CE0x53f73e0|tomoyo_get_mode:and|security/tomoyo/util.c,987}"
CE0x53f75b0 "{CE0x53f75b0|tomoyo_get_mode:retval.0}"
CE0x724a920 "{CE0x724a920|_ret_i32_%retval.0,_!dbg_!38935|security/tomoyo/util.c,988}"
CE0x71c5620 "{CE0x71c5620|tomoyo_init_request_info:call4|security/tomoyo/util.c,1010}"
CE0x728ed20 "{CE0x728ed20|tomoyo_init_request_info:conv|security/tomoyo/util.c,1010}"
CE0x6fcdfc0 "{CE0x6fcdfc0|0:_%struct.tomoyo_obj_info*,_24:_%struct.tomoyo_path_info*,_32:_%struct.tomoyo_path_info*,_40:_i8,_72:_i8,_76:_i8,_:_SCMRE_76,77_|*MultipleSource*|security/tomoyo/file.c, 891|security/tomoyo/file.c,891|security/tomoyo/file.c,920|Function::tomoyo_init_request_info&Arg::r::}"
CE0x6f942b0 "{CE0x6f942b0|tomoyo_init_request_info:tmp13|*LoadInst*|security/tomoyo/util.c,1011}"
CE0x6f94550 "{CE0x6f94550|tomoyo_init_request_info:conv6|security/tomoyo/util.c,1011}"
CE0x8b59880 "{CE0x8b59880|_ret_i32_%conv6,_!dbg_!38926|security/tomoyo/util.c,1011}"
CE0x7371ed0 "{CE0x7371ed0|tomoyo_path2_perm:call|security/tomoyo/file.c,898}"
CE0x6f435b0 "{CE0x6f435b0|tomoyo_path2_perm:cmp|security/tomoyo/file.c,899}"
CE0x6fef080 "{CE0x6fef080|tomoyo_path2_perm:sw.epilog}"
CE0x8b427b0 "{CE0x8b427b0|0:_%struct.tomoyo_obj_info*,_24:_%struct.tomoyo_path_info*,_32:_%struct.tomoyo_path_info*,_40:_i8,_72:_i8,_76:_i8,_:_SCMRE_25,26_}"
CONST[source:0(mediator),value:2(dynamic)][purpose:{object}]


CONST[source:2(external),value:2(dynamic)][purpose:{subject}][SrcIdx:5]  ->  CONST[source:0(mediator),value:0(static)][purpose:{operation}]
-----------
CONST[source:2(external),value:2(dynamic)][purpose:{subject}][SrcIdx:5]
CE0x54dc790 "{CE0x54dc790|128:_i8*,_1208:_%struct.file*,_:_CMRE_128,136_|*MultipleSource*|security/tomoyo/common.h,1205|security/tomoyo/common.h,1205}"
CE0x5502250 "{CE0x5502250|tomoyo_domain:tmp22|security/tomoyo/common.h,1205}"
CE0x5405730 "{CE0x5405730|tomoyo_domain:tmp23|security/tomoyo/common.h,1205}"
CE0x7227ef0 "{CE0x7227ef0|_ret_%struct.tomoyo_domain_info*_%tmp23,_!dbg_!38929|security/tomoyo/common.h,1205}"
CE0x893ce90 "{CE0x893ce90|tomoyo_init_request_info:call|security/tomoyo/util.c,1005}"
CE0x71c3b80 "{CE0x71c3b80|tomoyo_init_request_info:domain.addr.0}"
CE0x728f000 "{CE0x728f000|tomoyo_init_request_info:ns|security/tomoyo/util.c,1010}"
CE0x71d3240 "{CE0x71d3240|tomoyo_init_request_info:tmp12|security/tomoyo/util.c,1010}"
CE0x70a7190 "{CE0x70a7190|tomoyo_get_mode:ns|Function::tomoyo_get_mode&Arg::ns::}"
CE0x70c7b10 "{CE0x70c7b10|COLLAPSED:_CRE:_elem_0:default:}"
CE0x5447cb0 "{CE0x5447cb0|tomoyo_get_mode:tmp24|security/tomoyo/util.c,986}"
CE0x5448330 "{CE0x5448330|tomoyo_get_mode:mode.1}"
CE0x5472cd0 "{CE0x5472cd0|tomoyo_get_mode:conv15|security/tomoyo/util.c,987}"
CE0x53f73e0 "{CE0x53f73e0|tomoyo_get_mode:and|security/tomoyo/util.c,987}"
CE0x53f75b0 "{CE0x53f75b0|tomoyo_get_mode:retval.0}"
CE0x724a920 "{CE0x724a920|_ret_i32_%retval.0,_!dbg_!38935|security/tomoyo/util.c,988}"
CE0x71c5620 "{CE0x71c5620|tomoyo_init_request_info:call4|security/tomoyo/util.c,1010}"
CE0x728ed20 "{CE0x728ed20|tomoyo_init_request_info:conv|security/tomoyo/util.c,1010}"
CE0x6fcdfc0 "{CE0x6fcdfc0|0:_%struct.tomoyo_obj_info*,_24:_%struct.tomoyo_path_info*,_32:_%struct.tomoyo_path_info*,_40:_i8,_72:_i8,_76:_i8,_:_SCMRE_76,77_|*MultipleSource*|security/tomoyo/file.c, 891|security/tomoyo/file.c,891|security/tomoyo/file.c,920|Function::tomoyo_init_request_info&Arg::r::}"
CE0x6f942b0 "{CE0x6f942b0|tomoyo_init_request_info:tmp13|*LoadInst*|security/tomoyo/util.c,1011}"
CE0x6f94550 "{CE0x6f94550|tomoyo_init_request_info:conv6|security/tomoyo/util.c,1011}"
CE0x8b59880 "{CE0x8b59880|_ret_i32_%conv6,_!dbg_!38926|security/tomoyo/util.c,1011}"
CE0x7371ed0 "{CE0x7371ed0|tomoyo_path2_perm:call|security/tomoyo/file.c,898}"
CE0x6f435b0 "{CE0x6f435b0|tomoyo_path2_perm:cmp|security/tomoyo/file.c,899}"
CE0x6fef080 "{CE0x6fef080|tomoyo_path2_perm:sw.epilog}"
CE0x8b90130 "{CE0x8b90130|0:_%struct.tomoyo_obj_info*,_24:_%struct.tomoyo_path_info*,_32:_%struct.tomoyo_path_info*,_40:_i8,_72:_i8,_76:_i8,_:_SCMRE_40,41_}"
CONST[source:0(mediator),value:0(static)][purpose:{operation}]


CONST[source:2(external),value:2(dynamic)][purpose:{subject}][SrcIdx:5]  ->  CONST[source:0(mediator),value:2(dynamic)][purpose:{subject}]
-----------
CONST[source:2(external),value:2(dynamic)][purpose:{subject}][SrcIdx:5]
CE0x54dc790 "{CE0x54dc790|128:_i8*,_1208:_%struct.file*,_:_CMRE_128,136_|*MultipleSource*|security/tomoyo/common.h,1205|security/tomoyo/common.h,1205}"
CE0x5502250 "{CE0x5502250|tomoyo_domain:tmp22|security/tomoyo/common.h,1205}"
CE0x5405730 "{CE0x5405730|tomoyo_domain:tmp23|security/tomoyo/common.h,1205}"
CE0x7227ef0 "{CE0x7227ef0|_ret_%struct.tomoyo_domain_info*_%tmp23,_!dbg_!38929|security/tomoyo/common.h,1205}"
CE0x893ce90 "{CE0x893ce90|tomoyo_init_request_info:call|security/tomoyo/util.c,1005}"
CE0x71c3b80 "{CE0x71c3b80|tomoyo_init_request_info:domain.addr.0}"
CE0x6f532b0 "{CE0x6f532b0|0:_%struct.tomoyo_obj_info*,_24:_%struct.tomoyo_path_info*,_32:_%struct.tomoyo_path_info*,_40:_i8,_72:_i8,_76:_i8,_:_SCMRE_16,24_|*MultipleSource*|security/tomoyo/file.c, 891|security/tomoyo/file.c,891|security/tomoyo/file.c,920|Function::tomoyo_init_request_info&Arg::r::}"
CONST[source:0(mediator),value:2(dynamic)][purpose:{subject}]


CONST[source:0(mediator),value:2(dynamic)][purpose:{subject}][SrcIdx:4]  ->  CONST[source:0(mediator),value:2(dynamic)][purpose:{object}]
-----------
CONST[source:0(mediator),value:2(dynamic)][purpose:{subject}][SrcIdx:4]
CE0x70637f0 "{CE0x70637f0|40:_%struct.tomoyo_policy_namespace*,_48:_i8,_:_GCRE_tomoyo_kernel_domain_external_global_%struct.tomoyo_domain_info_48,49_|*MultipleSource*|security/tomoyo/util.c,1005|security/tomoyo/util.c,1007|Function::tomoyo_init_request_info&Arg::domain::}"
CE0x7097870 "{CE0x7097870|tomoyo_init_request_info:tmp11|security/tomoyo/util.c,1007}"
CE0x70a7630 "{CE0x70a7630|tomoyo_get_mode:profile|Function::tomoyo_get_mode&Arg::profile::}"
CE0x70c7b10 "{CE0x70c7b10|COLLAPSED:_CRE:_elem_0:default:}"
CE0x5447cb0 "{CE0x5447cb0|tomoyo_get_mode:tmp24|security/tomoyo/util.c,986}"
CE0x5448330 "{CE0x5448330|tomoyo_get_mode:mode.1}"
CE0x5472cd0 "{CE0x5472cd0|tomoyo_get_mode:conv15|security/tomoyo/util.c,987}"
CE0x53f73e0 "{CE0x53f73e0|tomoyo_get_mode:and|security/tomoyo/util.c,987}"
CE0x53f75b0 "{CE0x53f75b0|tomoyo_get_mode:retval.0}"
CE0x724a920 "{CE0x724a920|_ret_i32_%retval.0,_!dbg_!38935|security/tomoyo/util.c,988}"
CE0x71c5620 "{CE0x71c5620|tomoyo_init_request_info:call4|security/tomoyo/util.c,1010}"
CE0x728ed20 "{CE0x728ed20|tomoyo_init_request_info:conv|security/tomoyo/util.c,1010}"
CE0x6fcdfc0 "{CE0x6fcdfc0|0:_%struct.tomoyo_obj_info*,_24:_%struct.tomoyo_path_info*,_32:_%struct.tomoyo_path_info*,_40:_i8,_72:_i8,_76:_i8,_:_SCMRE_76,77_|*MultipleSource*|security/tomoyo/file.c, 891|security/tomoyo/file.c,891|security/tomoyo/file.c,920|Function::tomoyo_init_request_info&Arg::r::}"
CE0x6f942b0 "{CE0x6f942b0|tomoyo_init_request_info:tmp13|*LoadInst*|security/tomoyo/util.c,1011}"
CE0x6f94550 "{CE0x6f94550|tomoyo_init_request_info:conv6|security/tomoyo/util.c,1011}"
CE0x8b59880 "{CE0x8b59880|_ret_i32_%conv6,_!dbg_!38926|security/tomoyo/util.c,1011}"
CE0x7371ed0 "{CE0x7371ed0|tomoyo_path2_perm:call|security/tomoyo/file.c,898}"
CE0x6f435b0 "{CE0x6f435b0|tomoyo_path2_perm:cmp|security/tomoyo/file.c,899}"
CE0x6fef080 "{CE0x6fef080|tomoyo_path2_perm:sw.epilog}"
CE0x8b427b0 "{CE0x8b427b0|0:_%struct.tomoyo_obj_info*,_24:_%struct.tomoyo_path_info*,_32:_%struct.tomoyo_path_info*,_40:_i8,_72:_i8,_76:_i8,_:_SCMRE_25,26_}"
CONST[source:0(mediator),value:2(dynamic)][purpose:{object}]


CONST[source:0(mediator),value:2(dynamic)][purpose:{subject}][SrcIdx:4]  ->  CONST[source:0(mediator),value:0(static)][purpose:{operation}]
-----------
CONST[source:0(mediator),value:2(dynamic)][purpose:{subject}][SrcIdx:4]
CE0x70637f0 "{CE0x70637f0|40:_%struct.tomoyo_policy_namespace*,_48:_i8,_:_GCRE_tomoyo_kernel_domain_external_global_%struct.tomoyo_domain_info_48,49_|*MultipleSource*|security/tomoyo/util.c,1005|security/tomoyo/util.c,1007|Function::tomoyo_init_request_info&Arg::domain::}"
CE0x7097870 "{CE0x7097870|tomoyo_init_request_info:tmp11|security/tomoyo/util.c,1007}"
CE0x70a7630 "{CE0x70a7630|tomoyo_get_mode:profile|Function::tomoyo_get_mode&Arg::profile::}"
CE0x70c7b10 "{CE0x70c7b10|COLLAPSED:_CRE:_elem_0:default:}"
CE0x5447cb0 "{CE0x5447cb0|tomoyo_get_mode:tmp24|security/tomoyo/util.c,986}"
CE0x5448330 "{CE0x5448330|tomoyo_get_mode:mode.1}"
CE0x5472cd0 "{CE0x5472cd0|tomoyo_get_mode:conv15|security/tomoyo/util.c,987}"
CE0x53f73e0 "{CE0x53f73e0|tomoyo_get_mode:and|security/tomoyo/util.c,987}"
CE0x53f75b0 "{CE0x53f75b0|tomoyo_get_mode:retval.0}"
CE0x724a920 "{CE0x724a920|_ret_i32_%retval.0,_!dbg_!38935|security/tomoyo/util.c,988}"
CE0x71c5620 "{CE0x71c5620|tomoyo_init_request_info:call4|security/tomoyo/util.c,1010}"
CE0x728ed20 "{CE0x728ed20|tomoyo_init_request_info:conv|security/tomoyo/util.c,1010}"
CE0x6fcdfc0 "{CE0x6fcdfc0|0:_%struct.tomoyo_obj_info*,_24:_%struct.tomoyo_path_info*,_32:_%struct.tomoyo_path_info*,_40:_i8,_72:_i8,_76:_i8,_:_SCMRE_76,77_|*MultipleSource*|security/tomoyo/file.c, 891|security/tomoyo/file.c,891|security/tomoyo/file.c,920|Function::tomoyo_init_request_info&Arg::r::}"
CE0x6f942b0 "{CE0x6f942b0|tomoyo_init_request_info:tmp13|*LoadInst*|security/tomoyo/util.c,1011}"
CE0x6f94550 "{CE0x6f94550|tomoyo_init_request_info:conv6|security/tomoyo/util.c,1011}"
CE0x8b59880 "{CE0x8b59880|_ret_i32_%conv6,_!dbg_!38926|security/tomoyo/util.c,1011}"
CE0x7371ed0 "{CE0x7371ed0|tomoyo_path2_perm:call|security/tomoyo/file.c,898}"
CE0x6f435b0 "{CE0x6f435b0|tomoyo_path2_perm:cmp|security/tomoyo/file.c,899}"
CE0x6fef080 "{CE0x6fef080|tomoyo_path2_perm:sw.epilog}"
CE0x8b90130 "{CE0x8b90130|0:_%struct.tomoyo_obj_info*,_24:_%struct.tomoyo_path_info*,_32:_%struct.tomoyo_path_info*,_40:_i8,_72:_i8,_76:_i8,_:_SCMRE_40,41_}"
CONST[source:0(mediator),value:0(static)][purpose:{operation}]


