[selinux_task_getscheduler]

explicit:
CONST[source:2(external),value:2(dynamic)][purpose:{subject}][SrcIdx:4]  ->  CONST[source:0(mediator),value:2(dynamic)][purpose:{subject}][SnkIdx:0]
-----------
CONST[source:2(external),value:2(dynamic)][purpose:{subject}][SrcIdx:4]
CE0x4d92ad0 "{CE0x4d92ad0|COLLAPSED:_CMRE:_elem_0::|security/selinux/hooks.c,218}"
CE0x4d7fdb0 "{CE0x4d7fdb0|current_sid:tmp22|security/selinux/hooks.c,218}"
CE0x4d800d0 "{CE0x4d800d0|current_sid:tmp23|security/selinux/hooks.c,218}"
CE0x4d6a530 "{CE0x4d6a530|current_sid:sid|security/selinux/hooks.c,220}"
CE0x4d82240 "{CE0x4d82240|current_sid:tmp24|security/selinux/hooks.c,220}"
CE0x4d68ac0 "{CE0x4d68ac0|_ret_i32_%tmp24,_!dbg_!27742|security/selinux/hooks.c,220}"
CE0x4d6d170 "{CE0x4d6d170|current_has_perm:call|security/selinux/hooks.c,1542}"
CE0x4d6d460 "{CE0x4d6d460|current_has_perm:call|security/selinux/hooks.c,1542|*SummSink*}"
CONST[source:0(mediator),value:2(dynamic)][purpose:{subject}][SnkIdx:0]


CONST[source:1(input),value:2(dynamic)][purpose:{object}][SrcIdx:2]  ->  CONST[source:0(mediator),value:2(dynamic)][purpose:{object}][SnkIdx:1]
-----------
CONST[source:1(input),value:2(dynamic)][purpose:{object}][SrcIdx:2]
CE0x4dd3ce0 "{CE0x4dd3ce0|2472:_%struct.cred*,_:_CRE_2472,2480_|*MultipleSource*|Function::task_sid&Arg::task::|Function::current_has_perm&Arg::tsk::|Function::selinux_task_getscheduler&Arg::p::|security/selinux/hooks.c,208}"
CE0x4dfb1a0 "{CE0x4dfb1a0|task_sid:tmp4|*LoadInst*|security/selinux/hooks.c,208}"
CE0x4e12720 "{CE0x4e12720|cred_sid:cred|Function::cred_sid&Arg::cred::}"
CE0x4dadbe0 "{CE0x4dadbe0|cred_sid:security|security/selinux/hooks.c,196}"
CE0x4dbb090 "{CE0x4dbb090|cred_sid:tmp4|*LoadInst*|security/selinux/hooks.c,196}"
CE0x4db6b90 "{CE0x4db6b90|cred_sid:tmp5|security/selinux/hooks.c,196}"
CE0x4e2edd0 "{CE0x4e2edd0|cred_sid:sid|security/selinux/hooks.c,197}"
CE0x4e2fc60 "{CE0x4e2fc60|cred_sid:tmp6|security/selinux/hooks.c,197}"
CE0x4e12a80 "{CE0x4e12a80|_ret_i32_%tmp6,_!dbg_!27716|security/selinux/hooks.c,197}"
CE0x4e113c0 "{CE0x4e113c0|task_sid:call7|security/selinux/hooks.c,208}"
CE0x4d54130 "{CE0x4d54130|_ret_i32_%call7,_!dbg_!27749|security/selinux/hooks.c,210}"
CE0x4d69130 "{CE0x4d69130|current_has_perm:call1|security/selinux/hooks.c,1543}"
CE0x4d68e80 "{CE0x4d68e80|current_has_perm:call1|security/selinux/hooks.c,1543|*SummSink*}"
CONST[source:0(mediator),value:2(dynamic)][purpose:{object}][SnkIdx:1]



implicit:
CONST[source:2(external),value:2(dynamic)][purpose:{subject}][SrcIdx:4]  ->  CONST[source:0(mediator),value:2(dynamic)][purpose:{subject}][SnkIdx:0]
-----------
CONST[source:2(external),value:2(dynamic)][purpose:{subject}][SrcIdx:4]
CE0x4d91d30 "{CE0x4d91d30|COLLAPSED:_GCMRE_current_task_external_global_%struct.task_struct*:_elem_0::|security/selinux/hooks.c,218}"
CE0x4d7fdb0 "{CE0x4d7fdb0|current_sid:tmp22|security/selinux/hooks.c,218}"
CE0x4d800d0 "{CE0x4d800d0|current_sid:tmp23|security/selinux/hooks.c,218}"
CE0x4d6a530 "{CE0x4d6a530|current_sid:sid|security/selinux/hooks.c,220}"
CE0x4d82240 "{CE0x4d82240|current_sid:tmp24|security/selinux/hooks.c,220}"
CE0x4d68ac0 "{CE0x4d68ac0|_ret_i32_%tmp24,_!dbg_!27742|security/selinux/hooks.c,220}"
CE0x4d6d170 "{CE0x4d6d170|current_has_perm:call|security/selinux/hooks.c,1542}"
CE0x4d6d460 "{CE0x4d6d460|current_has_perm:call|security/selinux/hooks.c,1542|*SummSink*}"
CONST[source:0(mediator),value:2(dynamic)][purpose:{subject}][SnkIdx:0]


CONST[source:1(input),value:2(dynamic)][purpose:{object}][SrcIdx:2]  ->  CONST[source:0(mediator),value:2(dynamic)][purpose:{object}][SnkIdx:1]
-----------
CONST[source:1(input),value:2(dynamic)][purpose:{object}][SrcIdx:2]
CE0x4dd3ce0 "{CE0x4dd3ce0|2472:_%struct.cred*,_:_CRE_2472,2480_|*MultipleSource*|Function::task_sid&Arg::task::|Function::current_has_perm&Arg::tsk::|Function::selinux_task_getscheduler&Arg::p::|security/selinux/hooks.c,208}"
CE0x4dfb1a0 "{CE0x4dfb1a0|task_sid:tmp4|*LoadInst*|security/selinux/hooks.c,208}"
CE0x4e12720 "{CE0x4e12720|cred_sid:cred|Function::cred_sid&Arg::cred::}"
CE0x4dadbe0 "{CE0x4dadbe0|cred_sid:security|security/selinux/hooks.c,196}"
CE0x4dbb090 "{CE0x4dbb090|cred_sid:tmp4|*LoadInst*|security/selinux/hooks.c,196}"
CE0x4db6b90 "{CE0x4db6b90|cred_sid:tmp5|security/selinux/hooks.c,196}"
CE0x4e2edd0 "{CE0x4e2edd0|cred_sid:sid|security/selinux/hooks.c,197}"
CE0x4e2fc60 "{CE0x4e2fc60|cred_sid:tmp6|security/selinux/hooks.c,197}"
CE0x4e12a80 "{CE0x4e12a80|_ret_i32_%tmp6,_!dbg_!27716|security/selinux/hooks.c,197}"
CE0x4e113c0 "{CE0x4e113c0|task_sid:call7|security/selinux/hooks.c,208}"
CE0x4d54130 "{CE0x4d54130|_ret_i32_%call7,_!dbg_!27749|security/selinux/hooks.c,210}"
CE0x4d69130 "{CE0x4d69130|current_has_perm:call1|security/selinux/hooks.c,1543}"
CE0x4d68e80 "{CE0x4d68e80|current_has_perm:call1|security/selinux/hooks.c,1543|*SummSink*}"
CONST[source:0(mediator),value:2(dynamic)][purpose:{object}][SnkIdx:1]


