[selinux_quota_on]

explicit:
CONST[source:2(external),value:2(dynamic)][purpose:{subject}]  ->  CONST[source:0(mediator),value:2(dynamic)][purpose:{subject}]
-----------
CONST[source:2(external),value:2(dynamic)][purpose:{subject}]
CE0x3ee8a90 "{CE0x3ee8a90|COLLAPSED:_GCMRE_current_task_external_global_%struct.task_struct*:_elem_0::|security/selinux/hooks.c,2044}"
CE0x3ee8350 "{CE0x3ee8350|selinux_quota_on:_tmp21|security/selinux/hooks.c,2044}"
CE0x3ee4c10 "{CE0x3ee4c10|dentry_has_perm:_cred|Function::dentry_has_perm&Arg::cred::}"
CE0x3f16f70 "{CE0x3f16f70|inode_has_perm:_cred|Function::inode_has_perm&Arg::cred::}"
CE0x3f64ad0 "{CE0x3f64ad0|cred_sid:_cred|Function::cred_sid&Arg::cred::}"
CE0x3ef4ca0 "{CE0x3ef4ca0|cred_sid:_security|security/selinux/hooks.c,196}"
CE0x3eec850 "{CE0x3eec850|cred_sid:_tmp4|*LoadInst*|security/selinux/hooks.c,196}"
CE0x3eecc40 "{CE0x3eecc40|cred_sid:_tmp5|security/selinux/hooks.c,196}"
CE0x3eed430 "{CE0x3eed430|cred_sid:_sid|security/selinux/hooks.c,197}"
CE0x3f3dc70 "{CE0x3f3dc70|cred_sid:_tmp6|security/selinux/hooks.c,197}"
CE0x3f64de0 "{CE0x3f64de0|_ret_i32_%tmp6,_!dbg_!27716|security/selinux/hooks.c,197}"
CE0x3f40540 "{CE0x3f40540|inode_has_perm:_call|security/selinux/hooks.c,1614}"
CE0x3f407e0 "{CE0x3f407e0|inode_has_perm:_call|security/selinux/hooks.c,1614|*SummSink*}"
CONST[source:0(mediator),value:2(dynamic)][purpose:{subject}]


CONST[source:1(input),value:2(dynamic)][purpose:{object}]  ->  CONST[source:0(mediator),value:2(dynamic)][purpose:{object}]
-----------
CONST[source:1(input),value:2(dynamic)][purpose:{object}]
CE0x3f306b0 "{CE0x3f306b0|12:_i32,_56:_i8*,_:_CRE_56,64_|*MultipleSource*|Function::inode_has_perm&Arg::inode::|*LoadInst*|security/selinux/hooks.c,1627|security/selinux/hooks.c,1611}"
CE0x3f65b60 "{CE0x3f65b60|inode_has_perm:_tmp15|*LoadInst*|security/selinux/hooks.c,1615}"
CE0x3f87840 "{CE0x3f87840|inode_has_perm:_tmp16|security/selinux/hooks.c,1615}"
CE0x3f6c5d0 "{CE0x3f6c5d0|inode_has_perm:_sid3|security/selinux/hooks.c,1617}"
CE0x3f67ef0 "{CE0x3f67ef0|inode_has_perm:_tmp17|security/selinux/hooks.c,1617}"
CE0x3f682f0 "{CE0x3f682f0|inode_has_perm:_tmp17|security/selinux/hooks.c,1617|*SummSink*}"
CONST[source:0(mediator),value:2(dynamic)][purpose:{object}]



implicit:
CONST[source:2(external),value:2(dynamic)][purpose:{subject}]  ->  CONST[source:0(mediator),value:2(dynamic)][purpose:{subject}]
-----------
CONST[source:2(external),value:2(dynamic)][purpose:{subject}]
CE0x3ee8a90 "{CE0x3ee8a90|COLLAPSED:_GCMRE_current_task_external_global_%struct.task_struct*:_elem_0::|security/selinux/hooks.c,2044}"
CE0x3ee8350 "{CE0x3ee8350|selinux_quota_on:_tmp21|security/selinux/hooks.c,2044}"
CE0x3ee4c10 "{CE0x3ee4c10|dentry_has_perm:_cred|Function::dentry_has_perm&Arg::cred::}"
CE0x3f16f70 "{CE0x3f16f70|inode_has_perm:_cred|Function::inode_has_perm&Arg::cred::}"
CE0x3f64ad0 "{CE0x3f64ad0|cred_sid:_cred|Function::cred_sid&Arg::cred::}"
CE0x3ef4ca0 "{CE0x3ef4ca0|cred_sid:_security|security/selinux/hooks.c,196}"
CE0x3eec850 "{CE0x3eec850|cred_sid:_tmp4|*LoadInst*|security/selinux/hooks.c,196}"
CE0x3eecc40 "{CE0x3eecc40|cred_sid:_tmp5|security/selinux/hooks.c,196}"
CE0x3eed430 "{CE0x3eed430|cred_sid:_sid|security/selinux/hooks.c,197}"
CE0x3f3dc70 "{CE0x3f3dc70|cred_sid:_tmp6|security/selinux/hooks.c,197}"
CE0x3f64de0 "{CE0x3f64de0|_ret_i32_%tmp6,_!dbg_!27716|security/selinux/hooks.c,197}"
CE0x3f40540 "{CE0x3f40540|inode_has_perm:_call|security/selinux/hooks.c,1614}"
CE0x3f407e0 "{CE0x3f407e0|inode_has_perm:_call|security/selinux/hooks.c,1614|*SummSink*}"
CONST[source:0(mediator),value:2(dynamic)][purpose:{subject}]


CONST[source:1(input),value:2(dynamic)][purpose:{object}]  ->  CONST[source:0(mediator),value:2(dynamic)][purpose:{object}]
-----------
CONST[source:1(input),value:2(dynamic)][purpose:{object}]
CE0x3f306b0 "{CE0x3f306b0|12:_i32,_56:_i8*,_:_CRE_56,64_|*MultipleSource*|Function::inode_has_perm&Arg::inode::|*LoadInst*|security/selinux/hooks.c,1627|security/selinux/hooks.c,1611}"
CE0x3f65b60 "{CE0x3f65b60|inode_has_perm:_tmp15|*LoadInst*|security/selinux/hooks.c,1615}"
CE0x3f87840 "{CE0x3f87840|inode_has_perm:_tmp16|security/selinux/hooks.c,1615}"
CE0x3f6c5d0 "{CE0x3f6c5d0|inode_has_perm:_sid3|security/selinux/hooks.c,1617}"
CE0x3f67ef0 "{CE0x3f67ef0|inode_has_perm:_tmp17|security/selinux/hooks.c,1617}"
CE0x3f682f0 "{CE0x3f682f0|inode_has_perm:_tmp17|security/selinux/hooks.c,1617|*SummSink*}"
CONST[source:0(mediator),value:2(dynamic)][purpose:{object}]


CONST[source:1(input),value:2(dynamic)][purpose:{object}]  ->  CONST[source:0(mediator),value:2(dynamic)][purpose:{subject}]
-----------
CONST[source:1(input),value:2(dynamic)][purpose:{object}]
CE0x3f28e00 "{CE0x3f28e00|12:_i32,_56:_i8*,_:_CRE_12,16_|*MultipleSource*|Function::inode_has_perm&Arg::inode::|*LoadInst*|security/selinux/hooks.c,1627|security/selinux/hooks.c,1611}"
CE0x3f5ff30 "{CE0x3f5ff30|inode_has_perm:_tmp6|*LoadInst*|security/selinux/hooks.c,1611}"
CE0x3f6d470 "{CE0x3f6d470|inode_has_perm:_and|security/selinux/hooks.c,1611}"
CE0x3f6d920 "{CE0x3f6d920|inode_has_perm:_tobool|security/selinux/hooks.c,1611}"
CE0x3f6dce0 "{CE0x3f6dce0|inode_has_perm:_lnot|security/selinux/hooks.c,1611}"
CE0x3f6e330 "{CE0x3f6e330|inode_has_perm:_lnot1|security/selinux/hooks.c,1611}"
CE0x3f6e9c0 "{CE0x3f6e9c0|inode_has_perm:_lnot.ext|security/selinux/hooks.c,1611}"
CE0x3f6e890 "{CE0x3f6e890|inode_has_perm:_conv|security/selinux/hooks.c,1611}"
CE0x3f6f030 "{CE0x3f6f030|inode_has_perm:_expval|security/selinux/hooks.c,1611}"
CE0x3f6fd60 "{CE0x3f6fd60|inode_has_perm:_tobool2|security/selinux/hooks.c,1611}"
CE0x3f34040 "{CE0x3f34040|inode_has_perm:_if.end}"
CE0x3f40540 "{CE0x3f40540|inode_has_perm:_call|security/selinux/hooks.c,1614}"
CE0x3f407e0 "{CE0x3f407e0|inode_has_perm:_call|security/selinux/hooks.c,1614|*SummSink*}"
CONST[source:0(mediator),value:2(dynamic)][purpose:{subject}]


