[selinux_capable]

explicit:
CONST[source:1(input),value:2(dynamic)][purpose:{subject}][SrcIdx:1]  ->  CONST[source:0(mediator),value:2(dynamic)][purpose:{object}]
-----------
CONST[source:1(input),value:2(dynamic)][purpose:{subject}][SrcIdx:1]
CE0x6e65fb0 "{CE0x6e65fb0|VOIDTB_TE:_IE:_elem_0:default:}"
CE0x9f7c280 "{CE0x9f7c280|tmp6}"
CE0x9f80cd0 "{CE0x9f80cd0|_ret_i32_%tmp6,_!dbg_!27716}"
CE0x9f0ff70 "{CE0x9f0ff70|call}"
CE0x9f71410 "{CE0x9f71410|call}"
CONST[source:0(mediator),value:2(dynamic)][purpose:{object}]


CONST[source:1(input),value:2(dynamic)][purpose:{subject}][SrcIdx:1]  ->  CONST[source:0(mediator),value:2(dynamic)][purpose:{subject}]
-----------
CONST[source:1(input),value:2(dynamic)][purpose:{subject}][SrcIdx:1]
CE0x6e65fb0 "{CE0x6e65fb0|VOIDTB_TE:_IE:_elem_0:default:}"
CE0x9f7c280 "{CE0x9f7c280|tmp6}"
CE0x9f80cd0 "{CE0x9f80cd0|_ret_i32_%tmp6,_!dbg_!27716}"
CE0x9f0ff70 "{CE0x9f0ff70|call}"
CE0x9f71410 "{CE0x9f71410|call}"
CONST[source:0(mediator),value:2(dynamic)][purpose:{subject}]


CONST[source:1(input),value:2(dynamic)][purpose:{operation}][SrcIdx:0]  ->  CONST[source:0(mediator),value:2(dynamic)][purpose:{object}]
-----------
CONST[source:1(input),value:2(dynamic)][purpose:{operation}][SrcIdx:0]
CE0x9f0bc60 "{CE0x9f0bc60|cap}"
CE0x9f0c1a0 "{CE0x9f0c1a0|cap}"
CE0x6e65fb0 "{CE0x6e65fb0|VOIDTB_TE:_IE:_elem_0:default:}"
CE0x9f7c280 "{CE0x9f7c280|tmp6}"
CE0x9f80cd0 "{CE0x9f80cd0|_ret_i32_%tmp6,_!dbg_!27716}"
CE0x9f0ff70 "{CE0x9f0ff70|call}"
CE0x9f71410 "{CE0x9f71410|call}"
CONST[source:0(mediator),value:2(dynamic)][purpose:{object}]


CONST[source:1(input),value:2(dynamic)][purpose:{operation}][SrcIdx:0]  ->  CONST[source:0(mediator),value:0(static)][purpose:{operation}]
-----------
CONST[source:1(input),value:2(dynamic)][purpose:{operation}][SrcIdx:0]
CE0x9f0bc60 "{CE0x9f0bc60|cap}"
CE0x9f0c1a0 "{CE0x9f0c1a0|cap}"
CE0x9f00f60 "{CE0x9f00f60|cap}"
CE0x9eee790 "{CE0x9eee790|and}"
CE0x9eeed50 "{CE0x9eeed50|shl}"
CE0x9efc930 "{CE0x9efc930|shl}"
CONST[source:0(mediator),value:0(static)][purpose:{operation}]


CONST[source:1(input),value:2(dynamic)][purpose:{operation}][SrcIdx:0]  ->  CONST[source:0(mediator),value:2(dynamic)][purpose:{subject}]
-----------
CONST[source:1(input),value:2(dynamic)][purpose:{operation}][SrcIdx:0]
CE0x9f0bc60 "{CE0x9f0bc60|cap}"
CE0x9f0c1a0 "{CE0x9f0c1a0|cap}"
CE0x6e65fb0 "{CE0x6e65fb0|VOIDTB_TE:_IE:_elem_0:default:}"
CE0x9f7c280 "{CE0x9f7c280|tmp6}"
CE0x9f80cd0 "{CE0x9f80cd0|_ret_i32_%tmp6,_!dbg_!27716}"
CE0x9f0ff70 "{CE0x9f0ff70|call}"
CE0x9f71410 "{CE0x9f71410|call}"
CONST[source:0(mediator),value:2(dynamic)][purpose:{subject}]



implicit:
CONST[source:1(input),value:2(dynamic)][purpose:{operation}][SrcIdx:0]  ->  CONST[source:0(mediator),value:2(dynamic)][purpose:{subject}]
-----------
CONST[source:1(input),value:2(dynamic)][purpose:{operation}][SrcIdx:0]
CE0x9f0bc60 "{CE0x9f0bc60|cap}"
CE0x9f0c1a0 "{CE0x9f0c1a0|cap}"
CE0x6e65fb0 "{CE0x6e65fb0|VOIDTB_TE:_IE:_elem_0:default:}"
CE0x9f7c280 "{CE0x9f7c280|tmp6}"
CE0x9f80cd0 "{CE0x9f80cd0|_ret_i32_%tmp6,_!dbg_!27716}"
CE0x9f0ff70 "{CE0x9f0ff70|call}"
CE0x9f71410 "{CE0x9f71410|call}"
CONST[source:0(mediator),value:2(dynamic)][purpose:{subject}]


CONST[source:1(input),value:2(dynamic)][purpose:{operation}][SrcIdx:0]  ->  CONST[source:0(mediator),value:2(dynamic)][purpose:{object}]
-----------
CONST[source:1(input),value:2(dynamic)][purpose:{operation}][SrcIdx:0]
CE0x9f0bc60 "{CE0x9f0bc60|cap}"
CE0x9f0c1a0 "{CE0x9f0c1a0|cap}"
CE0x6e65fb0 "{CE0x6e65fb0|VOIDTB_TE:_IE:_elem_0:default:}"
CE0x9f7c280 "{CE0x9f7c280|tmp6}"
CE0x9f80cd0 "{CE0x9f80cd0|_ret_i32_%tmp6,_!dbg_!27716}"
CE0x9f0ff70 "{CE0x9f0ff70|call}"
CE0x9f71410 "{CE0x9f71410|call}"
CONST[source:0(mediator),value:2(dynamic)][purpose:{object}]


CONST[source:1(input),value:2(dynamic)][purpose:{operation}][SrcIdx:0]  ->  CONST[source:0(mediator),value:0(static)][purpose:{operation}]
-----------
CONST[source:1(input),value:2(dynamic)][purpose:{operation}][SrcIdx:0]
CE0x9f0bc60 "{CE0x9f0bc60|cap}"
CE0x9f0c1a0 "{CE0x9f0c1a0|cap}"
CE0x9f00f60 "{CE0x9f00f60|cap}"
CE0x9eee790 "{CE0x9eee790|and}"
CE0x9eeed50 "{CE0x9eeed50|shl}"
CE0x9efc930 "{CE0x9efc930|shl}"
CONST[source:0(mediator),value:0(static)][purpose:{operation}]


CONST[source:1(input),value:2(dynamic)][purpose:{subject}][SrcIdx:1]  ->  CONST[source:0(mediator),value:2(dynamic)][purpose:{subject}]
-----------
CONST[source:1(input),value:2(dynamic)][purpose:{subject}][SrcIdx:1]
CE0x6e65fb0 "{CE0x6e65fb0|VOIDTB_TE:_IE:_elem_0:default:}"
CE0x9f7c280 "{CE0x9f7c280|tmp6}"
CE0x9f80cd0 "{CE0x9f80cd0|_ret_i32_%tmp6,_!dbg_!27716}"
CE0x9f0ff70 "{CE0x9f0ff70|call}"
CE0x9f71410 "{CE0x9f71410|call}"
CONST[source:0(mediator),value:2(dynamic)][purpose:{subject}]


CONST[source:1(input),value:2(dynamic)][purpose:{subject}][SrcIdx:1]  ->  CONST[source:0(mediator),value:2(dynamic)][purpose:{object}]
-----------
CONST[source:1(input),value:2(dynamic)][purpose:{subject}][SrcIdx:1]
CE0x6e65fb0 "{CE0x6e65fb0|VOIDTB_TE:_IE:_elem_0:default:}"
CE0x9f7c280 "{CE0x9f7c280|tmp6}"
CE0x9f80cd0 "{CE0x9f80cd0|_ret_i32_%tmp6,_!dbg_!27716}"
CE0x9f0ff70 "{CE0x9f0ff70|call}"
CE0x9f71410 "{CE0x9f71410|call}"
CONST[source:0(mediator),value:2(dynamic)][purpose:{object}]


