[selinux_inode_mkdir]

explicit:
CONST[source:1(input),value:2(dynamic)][purpose:{object}][SrcIdx:11]  ->  CONST[source:0(mediator),value:2(dynamic)][purpose:{object}][SnkIdx:9]
-----------
CONST[source:1(input),value:2(dynamic)][purpose:{object}][SrcIdx:11]
CE0x3c82da0 "{CE0x3c82da0|272:_i8*,_:_CRE_272,280_|*MultipleSource*|*LoadInst*|security/selinux/hooks.c,1714|security/selinux/hooks.c,1714}"
CE0x3ce6030 "{CE0x3ce6030|may_create:tmp25|security/selinux/hooks.c,1714}"
CE0x3ce78f0 "{CE0x3ce78f0|may_create:tmp26|security/selinux/hooks.c,1714}"
CE0x3c55c10 "{CE0x3c55c10|may_create:sid31|security/selinux/hooks.c,1739}"
CE0x3c3e760 "{CE0x3c3e760|may_create:tmp65|security/selinux/hooks.c,1739}"
CE0x3c3ec10 "{CE0x3c3ec10|may_create:tmp65|security/selinux/hooks.c,1739|*SummSink*}"
CONST[source:0(mediator),value:2(dynamic)][purpose:{object}][SnkIdx:9]


CONST[source:1(input),value:2(dynamic)][purpose:{object}][SrcIdx:11]  ->  CONST[source:0(mediator),value:2(dynamic)][purpose:{object}][SnkIdx:1]
-----------
CONST[source:1(input),value:2(dynamic)][purpose:{object}][SrcIdx:11]
CE0x3c10c80 "{CE0x3c10c80|28:_i32,_:_CRE_28,32_|*MultipleSource*|security/selinux/hooks.c,1722|*LoadInst*|security/selinux/hooks.c,1713|security/selinux/hooks.c,1713}"
CE0x3cf0c20 "{CE0x3cf0c20|may_create:tmp29|security/selinux/hooks.c,1722}"
CE0x3cf1020 "{CE0x3cf1020|may_create:tmp29|security/selinux/hooks.c,1722|*SummSink*}"
CONST[source:0(mediator),value:2(dynamic)][purpose:{object}][SnkIdx:1]


CONST[source:1(input),value:2(dynamic)][purpose:{object}][SrcIdx:13]  ->  CONST[source:0(mediator),value:2(dynamic)][purpose:{object}][SnkIdx:6]
-----------
CONST[source:1(input),value:2(dynamic)][purpose:{object}][SrcIdx:13]
CE0x3c18a30 "{CE0x3c18a30|may_create:tclass|Function::may_create&Arg::tclass::|*SummSource*}"
CE0x3c189c0 "{CE0x3c189c0|may_create:tclass|Function::may_create&Arg::tclass::}"
CE0x3c18b00 "{CE0x3c18b00|may_create:tclass|Function::may_create&Arg::tclass::|*SummSink*}"
CONST[source:0(mediator),value:2(dynamic)][purpose:{object}][SnkIdx:6]


CONST[source:2(external),value:2(dynamic)][purpose:{subject}][SrcIdx:14]  ->  CONST[source:0(mediator),value:2(dynamic)][purpose:{object}][SnkIdx:5]
-----------
CONST[source:2(external),value:2(dynamic)][purpose:{subject}][SrcIdx:14]
CE0x3c3cac0 "{CE0x3c3cac0|COLLAPSED:_GCMRE_current_task_external_global_%struct.task_struct*:_elem_0::|security/selinux/hooks.c,1706}"
CE0x3c3dcd0 "{CE0x3c3dcd0|may_create:tmp20|security/selinux/hooks.c,1706}"
CE0x3c3dfc0 "{CE0x3c3dfc0|may_create:tmp21|security/selinux/hooks.c,1706}"
CE0x3cf8c40 "{CE0x3cf8c40|may_create:create_sid|security/selinux/hooks.c,1717}"
CE0x3cf8bd0 "{CE0x3cf8bd0|may_create:tmp28|security/selinux/hooks.c,1717}"
CE0x3cf92e0 "{CE0x3cf92e0|0:_i32,_:_SCMRE:_elem_0:default:}"
CE0x3d2b470 "{CE0x3d2b470|may_create:tmp55|security/selinux/hooks.c,1735}"
CE0x3d2b660 "{CE0x3d2b660|may_create:tmp55|security/selinux/hooks.c,1735|*SummSink*}"
CONST[source:0(mediator),value:2(dynamic)][purpose:{object}][SnkIdx:5]


CONST[source:2(external),value:2(dynamic)][purpose:{subject}][SrcIdx:14]  ->  CONST[source:0(mediator),value:2(dynamic)][purpose:{subject}][SnkIdx:0]
-----------
CONST[source:2(external),value:2(dynamic)][purpose:{subject}][SrcIdx:14]
CE0x3c3cac0 "{CE0x3c3cac0|COLLAPSED:_GCMRE_current_task_external_global_%struct.task_struct*:_elem_0::|security/selinux/hooks.c,1706}"
CE0x3c3dcd0 "{CE0x3c3dcd0|may_create:tmp20|security/selinux/hooks.c,1706}"
CE0x3c3dfc0 "{CE0x3c3dfc0|may_create:tmp21|security/selinux/hooks.c,1706}"
CE0x3cfeff0 "{CE0x3cfeff0|may_create:sid11|security/selinux/hooks.c,1716}"
CE0x3cf7e50 "{CE0x3cf7e50|may_create:tmp27|security/selinux/hooks.c,1716}"
CE0x3cf8290 "{CE0x3cf8290|may_create:tmp27|security/selinux/hooks.c,1716|*SummSink*}"
CONST[source:0(mediator),value:2(dynamic)][purpose:{subject}][SnkIdx:0]


CONST[source:2(external),value:2(dynamic)][purpose:{subject}][SrcIdx:14]  ->  CONST[source:0(mediator),value:2(dynamic)][purpose:{subject}][SnkIdx:8]
-----------
CONST[source:2(external),value:2(dynamic)][purpose:{subject}][SrcIdx:14]
CE0x3c3cac0 "{CE0x3c3cac0|COLLAPSED:_GCMRE_current_task_external_global_%struct.task_struct*:_elem_0::|security/selinux/hooks.c,1706}"
CE0x3c3dcd0 "{CE0x3c3dcd0|may_create:tmp20|security/selinux/hooks.c,1706}"
CE0x3c3dfc0 "{CE0x3c3dfc0|may_create:tmp21|security/selinux/hooks.c,1706}"
CE0x3cf8c40 "{CE0x3cf8c40|may_create:create_sid|security/selinux/hooks.c,1717}"
CE0x3cf8bd0 "{CE0x3cf8bd0|may_create:tmp28|security/selinux/hooks.c,1717}"
CE0x3cf92e0 "{CE0x3cf92e0|0:_i32,_:_SCMRE:_elem_0:default:}"
CE0x3c558f0 "{CE0x3c558f0|may_create:tmp64|security/selinux/hooks.c,1739}"
CE0x3c55ae0 "{CE0x3c55ae0|may_create:tmp64|security/selinux/hooks.c,1739|*SummSink*}"
CONST[source:0(mediator),value:2(dynamic)][purpose:{subject}][SnkIdx:8]


CONST[source:2(external),value:2(dynamic)][purpose:{subject}][SrcIdx:14]  ->  CONST[source:0(mediator),value:2(dynamic)][purpose:{subject}][SnkIdx:4]
-----------
CONST[source:2(external),value:2(dynamic)][purpose:{subject}][SrcIdx:14]
CE0x3c3cac0 "{CE0x3c3cac0|COLLAPSED:_GCMRE_current_task_external_global_%struct.task_struct*:_elem_0::|security/selinux/hooks.c,1706}"
CE0x3c3dcd0 "{CE0x3c3dcd0|may_create:tmp20|security/selinux/hooks.c,1706}"
CE0x3c3dfc0 "{CE0x3c3dfc0|may_create:tmp21|security/selinux/hooks.c,1706}"
CE0x3cfeff0 "{CE0x3cfeff0|may_create:sid11|security/selinux/hooks.c,1716}"
CE0x3cf7e50 "{CE0x3cf7e50|may_create:tmp27|security/selinux/hooks.c,1716}"
CE0x3cf8290 "{CE0x3cf8290|may_create:tmp27|security/selinux/hooks.c,1716|*SummSink*}"
CONST[source:0(mediator),value:2(dynamic)][purpose:{subject}][SnkIdx:4]



implicit:
CONST[source:1(input),value:2(dynamic)][purpose:{object}][SrcIdx:11]  ->  CONST[source:0(mediator),value:2(dynamic)][purpose:{object}][SnkIdx:9]
-----------
CONST[source:1(input),value:2(dynamic)][purpose:{object}][SrcIdx:11]
CE0x3c82da0 "{CE0x3c82da0|272:_i8*,_:_CRE_272,280_|*MultipleSource*|*LoadInst*|security/selinux/hooks.c,1714|security/selinux/hooks.c,1714}"
CE0x3ce6030 "{CE0x3ce6030|may_create:tmp25|security/selinux/hooks.c,1714}"
CE0x3ce78f0 "{CE0x3ce78f0|may_create:tmp26|security/selinux/hooks.c,1714}"
CE0x3c55c10 "{CE0x3c55c10|may_create:sid31|security/selinux/hooks.c,1739}"
CE0x3c3e760 "{CE0x3c3e760|may_create:tmp65|security/selinux/hooks.c,1739}"
CE0x3c3ec10 "{CE0x3c3ec10|may_create:tmp65|security/selinux/hooks.c,1739|*SummSink*}"
CONST[source:0(mediator),value:2(dynamic)][purpose:{object}][SnkIdx:9]


CONST[source:1(input),value:2(dynamic)][purpose:{object}][SrcIdx:11]  ->  CONST[source:0(mediator),value:2(dynamic)][purpose:{object}][SnkIdx:1]
-----------
CONST[source:1(input),value:2(dynamic)][purpose:{object}][SrcIdx:11]
CE0x3c10c80 "{CE0x3c10c80|28:_i32,_:_CRE_28,32_|*MultipleSource*|security/selinux/hooks.c,1722|*LoadInst*|security/selinux/hooks.c,1713|security/selinux/hooks.c,1713}"
CE0x3cf0c20 "{CE0x3cf0c20|may_create:tmp29|security/selinux/hooks.c,1722}"
CE0x3cf1020 "{CE0x3cf1020|may_create:tmp29|security/selinux/hooks.c,1722|*SummSink*}"
CONST[source:0(mediator),value:2(dynamic)][purpose:{object}][SnkIdx:1]


CONST[source:2(external),value:2(dynamic)][purpose:{subject}][SrcIdx:14]  ->  CONST[source:0(mediator),value:2(dynamic)][purpose:{subject}][SnkIdx:8]
-----------
CONST[source:2(external),value:2(dynamic)][purpose:{subject}][SrcIdx:14]
CE0x3c3cac0 "{CE0x3c3cac0|COLLAPSED:_GCMRE_current_task_external_global_%struct.task_struct*:_elem_0::|security/selinux/hooks.c,1706}"
CE0x3c3dcd0 "{CE0x3c3dcd0|may_create:tmp20|security/selinux/hooks.c,1706}"
CE0x3c3dfc0 "{CE0x3c3dfc0|may_create:tmp21|security/selinux/hooks.c,1706}"
CE0x3cf8c40 "{CE0x3cf8c40|may_create:create_sid|security/selinux/hooks.c,1717}"
CE0x3cf8bd0 "{CE0x3cf8bd0|may_create:tmp28|security/selinux/hooks.c,1717}"
CE0x3cf92e0 "{CE0x3cf92e0|0:_i32,_:_SCMRE:_elem_0:default:}"
CE0x3c558f0 "{CE0x3c558f0|may_create:tmp64|security/selinux/hooks.c,1739}"
CE0x3c55ae0 "{CE0x3c55ae0|may_create:tmp64|security/selinux/hooks.c,1739|*SummSink*}"
CONST[source:0(mediator),value:2(dynamic)][purpose:{subject}][SnkIdx:8]


CONST[source:2(external),value:2(dynamic)][purpose:{subject}][SrcIdx:14]  ->  CONST[source:0(mediator),value:2(dynamic)][purpose:{subject}][SnkIdx:0]
-----------
CONST[source:2(external),value:2(dynamic)][purpose:{subject}][SrcIdx:14]
CE0x3c3cac0 "{CE0x3c3cac0|COLLAPSED:_GCMRE_current_task_external_global_%struct.task_struct*:_elem_0::|security/selinux/hooks.c,1706}"
CE0x3c3dcd0 "{CE0x3c3dcd0|may_create:tmp20|security/selinux/hooks.c,1706}"
CE0x3c3dfc0 "{CE0x3c3dfc0|may_create:tmp21|security/selinux/hooks.c,1706}"
CE0x3cfeff0 "{CE0x3cfeff0|may_create:sid11|security/selinux/hooks.c,1716}"
CE0x3cf7e50 "{CE0x3cf7e50|may_create:tmp27|security/selinux/hooks.c,1716}"
CE0x3cf8290 "{CE0x3cf8290|may_create:tmp27|security/selinux/hooks.c,1716|*SummSink*}"
CONST[source:0(mediator),value:2(dynamic)][purpose:{subject}][SnkIdx:0]


CONST[source:2(external),value:2(dynamic)][purpose:{subject}][SrcIdx:14]  ->  CONST[source:0(mediator),value:2(dynamic)][purpose:{subject}][SnkIdx:4]
-----------
CONST[source:2(external),value:2(dynamic)][purpose:{subject}][SrcIdx:14]
CE0x3c3cac0 "{CE0x3c3cac0|COLLAPSED:_GCMRE_current_task_external_global_%struct.task_struct*:_elem_0::|security/selinux/hooks.c,1706}"
CE0x3c3dcd0 "{CE0x3c3dcd0|may_create:tmp20|security/selinux/hooks.c,1706}"
CE0x3c3dfc0 "{CE0x3c3dfc0|may_create:tmp21|security/selinux/hooks.c,1706}"
CE0x3cfeff0 "{CE0x3cfeff0|may_create:sid11|security/selinux/hooks.c,1716}"
CE0x3cf7e50 "{CE0x3cf7e50|may_create:tmp27|security/selinux/hooks.c,1716}"
CE0x3cf8290 "{CE0x3cf8290|may_create:tmp27|security/selinux/hooks.c,1716|*SummSink*}"
CONST[source:0(mediator),value:2(dynamic)][purpose:{subject}][SnkIdx:4]


CONST[source:2(external),value:2(dynamic)][purpose:{subject}][SrcIdx:14]  ->  CONST[source:0(mediator),value:2(dynamic)][purpose:{object}][SnkIdx:5]
-----------
CONST[source:2(external),value:2(dynamic)][purpose:{subject}][SrcIdx:14]
CE0x3c3cac0 "{CE0x3c3cac0|COLLAPSED:_GCMRE_current_task_external_global_%struct.task_struct*:_elem_0::|security/selinux/hooks.c,1706}"
CE0x3c3dcd0 "{CE0x3c3dcd0|may_create:tmp20|security/selinux/hooks.c,1706}"
CE0x3c3dfc0 "{CE0x3c3dfc0|may_create:tmp21|security/selinux/hooks.c,1706}"
CE0x3cf8c40 "{CE0x3cf8c40|may_create:create_sid|security/selinux/hooks.c,1717}"
CE0x3cf8bd0 "{CE0x3cf8bd0|may_create:tmp28|security/selinux/hooks.c,1717}"
CE0x3cf92e0 "{CE0x3cf92e0|0:_i32,_:_SCMRE:_elem_0:default:}"
CE0x3d2b470 "{CE0x3d2b470|may_create:tmp55|security/selinux/hooks.c,1735}"
CE0x3d2b660 "{CE0x3d2b660|may_create:tmp55|security/selinux/hooks.c,1735|*SummSink*}"
CONST[source:0(mediator),value:2(dynamic)][purpose:{object}][SnkIdx:5]


CONST[source:1(input),value:2(dynamic)][purpose:{object}][SrcIdx:13]  ->  CONST[source:0(mediator),value:2(dynamic)][purpose:{object}][SnkIdx:6]
-----------
CONST[source:1(input),value:2(dynamic)][purpose:{object}][SrcIdx:13]
CE0x3c18a30 "{CE0x3c18a30|may_create:tclass|Function::may_create&Arg::tclass::|*SummSource*}"
CE0x3c189c0 "{CE0x3c189c0|may_create:tclass|Function::may_create&Arg::tclass::}"
CE0x3c18b00 "{CE0x3c18b00|may_create:tclass|Function::may_create&Arg::tclass::|*SummSink*}"
CONST[source:0(mediator),value:2(dynamic)][purpose:{object}][SnkIdx:6]


