[selinux_vm_enough_memory]

explicit:
CONST[source:2(external),value:0(static)][purpose:{operation}]  ->  CONST[source:0(mediator),value:0(static)][purpose:{operation}]
-----------
CONST[source:2(external),value:0(static)][purpose:{operation}]
CE0x4c495e0 "{CE0x4c495e0|selinux_capable:_cap|Function::selinux_capable&Arg::cap::|*SummSource*}"
CE0x4c49570 "{CE0x4c49570|selinux_capable:_cap|Function::selinux_capable&Arg::cap::}"
CE0x4c382e0 "{CE0x4c382e0|cred_has_capability:_cap|Function::cred_has_capability&Arg::cap::}"
CE0x4c89480 "{CE0x4c89480|cred_has_capability:_and|security/selinux/hooks.c,1559}"
CE0x4c8a400 "{CE0x4c8a400|cred_has_capability:_shl|security/selinux/hooks.c,1559}"
CE0x4c6e5b0 "{CE0x4c6e5b0|cred_has_capability:_shl|security/selinux/hooks.c,1559|*SummSink*}"
CONST[source:0(mediator),value:0(static)][purpose:{operation}]


CONST[source:2(external),value:2(dynamic)][purpose:{subject}]  ->  CONST[source:1(input),value:2(dynamic)][purpose:{subject}]
-----------
CONST[source:2(external),value:2(dynamic)][purpose:{subject}]
CE0x4c3ba60 "{CE0x4c3ba60|COLLAPSED:_GCMRE_current_task_external_global_%struct.task_struct*:_elem_0::|security/selinux/hooks.c,2088}"
CE0x4c3bc50 "{CE0x4c3bc50|selinux_vm_enough_memory:_tmp19|security/selinux/hooks.c,2088}"
CE0x4c30a70 "{CE0x4c30a70|selinux_capable:_cred|Function::selinux_capable&Arg::cred::}"
CE0x4c37ec0 "{CE0x4c37ec0|cred_has_capability:_cred|Function::cred_has_capability&Arg::cred::}"
CE0x4c479f0 "{CE0x4c479f0|cred_sid:_cred|Function::cred_sid&Arg::cred::}"
CE0x4c51ef0 "{CE0x4c51ef0|cred_sid:_security|security/selinux/hooks.c,196}"
CE0x4c52830 "{CE0x4c52830|cred_sid:_tmp4|*LoadInst*|security/selinux/hooks.c,196}"
CE0x4cc6b10 "{CE0x4cc6b10|cred_sid:_tmp5|security/selinux/hooks.c,196}"
CE0x4c94360 "{CE0x4c94360|cred_sid:_sid|security/selinux/hooks.c,197}"
CE0x4c54290 "{CE0x4c54290|cred_sid:_tmp6|security/selinux/hooks.c,197}"
CE0x4c71350 "{CE0x4c71350|_ret_i32_%tmp6,_!dbg_!27716|security/selinux/hooks.c,197}"
CE0x4c899c0 "{CE0x4c899c0|cred_has_capability:_call|security/selinux/hooks.c,1558}"
CE0x4c89b80 "{CE0x4c89b80|cred_has_capability:_call|security/selinux/hooks.c,1558|*SummSink*}"
CONST[source:1(input),value:2(dynamic)][purpose:{subject}]


CONST[source:2(external),value:2(dynamic)][purpose:{subject}]  ->  CONST[source:0(mediator),value:2(dynamic)][purpose:{object}]
-----------
CONST[source:2(external),value:2(dynamic)][purpose:{subject}]
CE0x4c3ba60 "{CE0x4c3ba60|COLLAPSED:_GCMRE_current_task_external_global_%struct.task_struct*:_elem_0::|security/selinux/hooks.c,2088}"
CE0x4c3bc50 "{CE0x4c3bc50|selinux_vm_enough_memory:_tmp19|security/selinux/hooks.c,2088}"
CE0x4c30a70 "{CE0x4c30a70|selinux_capable:_cred|Function::selinux_capable&Arg::cred::}"
CE0x4c37ec0 "{CE0x4c37ec0|cred_has_capability:_cred|Function::cred_has_capability&Arg::cred::}"
CE0x4c479f0 "{CE0x4c479f0|cred_sid:_cred|Function::cred_sid&Arg::cred::}"
CE0x4c51ef0 "{CE0x4c51ef0|cred_sid:_security|security/selinux/hooks.c,196}"
CE0x4c52830 "{CE0x4c52830|cred_sid:_tmp4|*LoadInst*|security/selinux/hooks.c,196}"
CE0x4cc6b10 "{CE0x4cc6b10|cred_sid:_tmp5|security/selinux/hooks.c,196}"
CE0x4c94360 "{CE0x4c94360|cred_sid:_sid|security/selinux/hooks.c,197}"
CE0x4c54290 "{CE0x4c54290|cred_sid:_tmp6|security/selinux/hooks.c,197}"
CE0x4c71350 "{CE0x4c71350|_ret_i32_%tmp6,_!dbg_!27716|security/selinux/hooks.c,197}"
CE0x4c899c0 "{CE0x4c899c0|cred_has_capability:_call|security/selinux/hooks.c,1558}"
CE0x4c89b80 "{CE0x4c89b80|cred_has_capability:_call|security/selinux/hooks.c,1558|*SummSink*}"
CONST[source:0(mediator),value:2(dynamic)][purpose:{object}]


CONST[source:0(mediator),value:2(dynamic)][purpose:{subject}]  ->  CONST[source:0(mediator),value:2(dynamic)][purpose:{object}]
-----------
CONST[source:0(mediator),value:2(dynamic)][purpose:{subject}]
CE0x4c516f0 "{CE0x4c516f0|0:_i32,_4:_i32,_8:_i32,_12:_i32,_:_CMRE_4,8_|*MultipleSource*|security/selinux/hooks.c,196|security/selinux/hooks.c,197|*LoadInst*|security/selinux/hooks.c,196}"
CE0x4c54290 "{CE0x4c54290|cred_sid:_tmp6|security/selinux/hooks.c,197}"
CE0x4c71350 "{CE0x4c71350|_ret_i32_%tmp6,_!dbg_!27716|security/selinux/hooks.c,197}"
CE0x4c899c0 "{CE0x4c899c0|cred_has_capability:_call|security/selinux/hooks.c,1558}"
CE0x4c89b80 "{CE0x4c89b80|cred_has_capability:_call|security/selinux/hooks.c,1558|*SummSink*}"
CONST[source:0(mediator),value:2(dynamic)][purpose:{object}]



implicit:
CONST[source:2(external),value:2(dynamic)][purpose:{subject}]  ->  CONST[source:1(input),value:2(dynamic)][purpose:{subject}]
-----------
CONST[source:2(external),value:2(dynamic)][purpose:{subject}]
CE0x4c3ba60 "{CE0x4c3ba60|COLLAPSED:_GCMRE_current_task_external_global_%struct.task_struct*:_elem_0::|security/selinux/hooks.c,2088}"
CE0x4c3bc50 "{CE0x4c3bc50|selinux_vm_enough_memory:_tmp19|security/selinux/hooks.c,2088}"
CE0x4c30a70 "{CE0x4c30a70|selinux_capable:_cred|Function::selinux_capable&Arg::cred::}"
CE0x4c37ec0 "{CE0x4c37ec0|cred_has_capability:_cred|Function::cred_has_capability&Arg::cred::}"
CE0x4c479f0 "{CE0x4c479f0|cred_sid:_cred|Function::cred_sid&Arg::cred::}"
CE0x4c51ef0 "{CE0x4c51ef0|cred_sid:_security|security/selinux/hooks.c,196}"
CE0x4c52830 "{CE0x4c52830|cred_sid:_tmp4|*LoadInst*|security/selinux/hooks.c,196}"
CE0x4cc6b10 "{CE0x4cc6b10|cred_sid:_tmp5|security/selinux/hooks.c,196}"
CE0x4c94360 "{CE0x4c94360|cred_sid:_sid|security/selinux/hooks.c,197}"
CE0x4c54290 "{CE0x4c54290|cred_sid:_tmp6|security/selinux/hooks.c,197}"
CE0x4c71350 "{CE0x4c71350|_ret_i32_%tmp6,_!dbg_!27716|security/selinux/hooks.c,197}"
CE0x4c899c0 "{CE0x4c899c0|cred_has_capability:_call|security/selinux/hooks.c,1558}"
CE0x4c89b80 "{CE0x4c89b80|cred_has_capability:_call|security/selinux/hooks.c,1558|*SummSink*}"
CONST[source:1(input),value:2(dynamic)][purpose:{subject}]


CONST[source:2(external),value:2(dynamic)][purpose:{subject}]  ->  CONST[source:0(mediator),value:2(dynamic)][purpose:{object}]
-----------
CONST[source:2(external),value:2(dynamic)][purpose:{subject}]
CE0x4c3ba60 "{CE0x4c3ba60|COLLAPSED:_GCMRE_current_task_external_global_%struct.task_struct*:_elem_0::|security/selinux/hooks.c,2088}"
CE0x4c3bc50 "{CE0x4c3bc50|selinux_vm_enough_memory:_tmp19|security/selinux/hooks.c,2088}"
CE0x4c30a70 "{CE0x4c30a70|selinux_capable:_cred|Function::selinux_capable&Arg::cred::}"
CE0x4c37ec0 "{CE0x4c37ec0|cred_has_capability:_cred|Function::cred_has_capability&Arg::cred::}"
CE0x4c479f0 "{CE0x4c479f0|cred_sid:_cred|Function::cred_sid&Arg::cred::}"
CE0x4c51ef0 "{CE0x4c51ef0|cred_sid:_security|security/selinux/hooks.c,196}"
CE0x4c52830 "{CE0x4c52830|cred_sid:_tmp4|*LoadInst*|security/selinux/hooks.c,196}"
CE0x4cc6b10 "{CE0x4cc6b10|cred_sid:_tmp5|security/selinux/hooks.c,196}"
CE0x4c94360 "{CE0x4c94360|cred_sid:_sid|security/selinux/hooks.c,197}"
CE0x4c54290 "{CE0x4c54290|cred_sid:_tmp6|security/selinux/hooks.c,197}"
CE0x4c71350 "{CE0x4c71350|_ret_i32_%tmp6,_!dbg_!27716|security/selinux/hooks.c,197}"
CE0x4c899c0 "{CE0x4c899c0|cred_has_capability:_call|security/selinux/hooks.c,1558}"
CE0x4c89b80 "{CE0x4c89b80|cred_has_capability:_call|security/selinux/hooks.c,1558|*SummSink*}"
CONST[source:0(mediator),value:2(dynamic)][purpose:{object}]


CONST[source:2(external),value:0(static)][purpose:{operation}]  ->  CONST[source:0(mediator),value:0(static)][purpose:{operation}]
-----------
CONST[source:2(external),value:0(static)][purpose:{operation}]
CE0x4c495e0 "{CE0x4c495e0|selinux_capable:_cap|Function::selinux_capable&Arg::cap::|*SummSource*}"
CE0x4c49570 "{CE0x4c49570|selinux_capable:_cap|Function::selinux_capable&Arg::cap::}"
CE0x4c382e0 "{CE0x4c382e0|cred_has_capability:_cap|Function::cred_has_capability&Arg::cap::}"
CE0x4c89480 "{CE0x4c89480|cred_has_capability:_and|security/selinux/hooks.c,1559}"
CE0x4c8a400 "{CE0x4c8a400|cred_has_capability:_shl|security/selinux/hooks.c,1559}"
CE0x4c6e5b0 "{CE0x4c6e5b0|cred_has_capability:_shl|security/selinux/hooks.c,1559|*SummSink*}"
CONST[source:0(mediator),value:0(static)][purpose:{operation}]


CONST[source:0(mediator),value:2(dynamic)][purpose:{subject}]  ->  CONST[source:0(mediator),value:2(dynamic)][purpose:{object}]
-----------
CONST[source:0(mediator),value:2(dynamic)][purpose:{subject}]
CE0x4c516f0 "{CE0x4c516f0|0:_i32,_4:_i32,_8:_i32,_12:_i32,_:_CMRE_4,8_|*MultipleSource*|security/selinux/hooks.c,196|security/selinux/hooks.c,197|*LoadInst*|security/selinux/hooks.c,196}"
CE0x4c54290 "{CE0x4c54290|cred_sid:_tmp6|security/selinux/hooks.c,197}"
CE0x4c71350 "{CE0x4c71350|_ret_i32_%tmp6,_!dbg_!27716|security/selinux/hooks.c,197}"
CE0x4c899c0 "{CE0x4c899c0|cred_has_capability:_call|security/selinux/hooks.c,1558}"
CE0x4c89b80 "{CE0x4c89b80|cred_has_capability:_call|security/selinux/hooks.c,1558|*SummSink*}"
CONST[source:0(mediator),value:2(dynamic)][purpose:{object}]


