[selinux_inode_link]

explicit:
CONST[source:1(input),value:2(dynamic)][purpose:{object}]  ->  CONST[source:0(mediator),value:2(dynamic)][purpose:{object}]
-----------
CONST[source:1(input),value:2(dynamic)][purpose:{object}]
CE0x5302f50 "{CE0x5302f50|28:_i32,_:_CRE_28,32_|*MultipleSource*|security/selinux/hooks.c,1777|*LoadInst*|security/selinux/hooks.c,1769|security/selinux/hooks.c,1769}"
CE0x5309430 "{CE0x5309430|may_link:_tmp7|security/selinux/hooks.c,1777}"
CE0x53156b0 "{CE0x53156b0|may_link:_tmp7|security/selinux/hooks.c,1777|*SummSink*}"
CONST[source:0(mediator),value:2(dynamic)][purpose:{object}]


CONST[source:2(external),value:2(dynamic)][purpose:{subject}]  ->  CONST[source:0(mediator),value:2(dynamic)][purpose:{subject}]
-----------
CONST[source:2(external),value:2(dynamic)][purpose:{subject}]
CE0x53234c0 "{CE0x53234c0|COLLAPSED:_CMRE:_elem_0::|security/selinux/hooks.c,218}"
CE0x5323640 "{CE0x5323640|current_sid:_tmp22|security/selinux/hooks.c,218}"
CE0x5323e20 "{CE0x5323e20|current_sid:_tmp23|security/selinux/hooks.c,218}"
CE0x52db080 "{CE0x52db080|current_sid:_sid|security/selinux/hooks.c,220}"
CE0x531abc0 "{CE0x531abc0|current_sid:_tmp24|security/selinux/hooks.c,220}"
CE0x527e920 "{CE0x527e920|_ret_i32_%tmp24,_!dbg_!27742|security/selinux/hooks.c,220}"
CE0x52850c0 "{CE0x52850c0|may_link:_call|security/selinux/hooks.c,1765}"
CE0x5288bc0 "{CE0x5288bc0|may_link:_call|security/selinux/hooks.c,1765|*SummSink*}"
CONST[source:0(mediator),value:2(dynamic)][purpose:{subject}]



implicit:
CONST[source:2(external),value:2(dynamic)][purpose:{subject}]  ->  CONST[source:0(mediator),value:2(dynamic)][purpose:{subject}]
-----------
CONST[source:2(external),value:2(dynamic)][purpose:{subject}]
CE0x53234c0 "{CE0x53234c0|COLLAPSED:_CMRE:_elem_0::|security/selinux/hooks.c,218}"
CE0x5323640 "{CE0x5323640|current_sid:_tmp22|security/selinux/hooks.c,218}"
CE0x5323e20 "{CE0x5323e20|current_sid:_tmp23|security/selinux/hooks.c,218}"
CE0x52db080 "{CE0x52db080|current_sid:_sid|security/selinux/hooks.c,220}"
CE0x531abc0 "{CE0x531abc0|current_sid:_tmp24|security/selinux/hooks.c,220}"
CE0x527e920 "{CE0x527e920|_ret_i32_%tmp24,_!dbg_!27742|security/selinux/hooks.c,220}"
CE0x52850c0 "{CE0x52850c0|may_link:_call|security/selinux/hooks.c,1765}"
CE0x5288bc0 "{CE0x5288bc0|may_link:_call|security/selinux/hooks.c,1765|*SummSink*}"
CONST[source:0(mediator),value:2(dynamic)][purpose:{subject}]


CONST[source:1(input),value:2(dynamic)][purpose:{object}]  ->  CONST[source:0(mediator),value:2(dynamic)][purpose:{object}]
-----------
CONST[source:1(input),value:2(dynamic)][purpose:{object}]
CE0x5302f50 "{CE0x5302f50|28:_i32,_:_CRE_28,32_|*MultipleSource*|security/selinux/hooks.c,1777|*LoadInst*|security/selinux/hooks.c,1769|security/selinux/hooks.c,1769}"
CE0x5309430 "{CE0x5309430|may_link:_tmp7|security/selinux/hooks.c,1777}"
CE0x53156b0 "{CE0x53156b0|may_link:_tmp7|security/selinux/hooks.c,1777|*SummSink*}"
CONST[source:0(mediator),value:2(dynamic)][purpose:{object}]


CONST[source:0(mediator),value:0(static)][purpose:{operation}]  ->  CONST[source:0(mediator),value:2(dynamic)][purpose:{object}]
-----------
CONST[source:0(mediator),value:0(static)][purpose:{operation}]
CE0x5270540 "{CE0x5270540|may_link:_kind|Function::may_link&Arg::kind::|*SummSource*}"
CE0x52704d0 "{CE0x52704d0|may_link:_kind|Function::may_link&Arg::kind::}"
CE0x5260c20 "{CE0x5260c20|may_link:_sw.epilog}"
CE0x533a4f0 "{CE0x533a4f0|may_link:_tmp24|security/selinux/hooks.c,1797}"
CE0x533a8f0 "{CE0x533a8f0|may_link:_tmp24|security/selinux/hooks.c,1797|*SummSink*}"
CONST[source:0(mediator),value:2(dynamic)][purpose:{object}]


