[tomoyo_path_symlink]

explicit:
CONST[source:2(external),value:2(dynamic)][purpose:{subject}][SrcIdx:4]  ->  CONST[source:0(mediator),value:2(dynamic)][purpose:{subject}]
-----------
CONST[source:2(external),value:2(dynamic)][purpose:{subject}][SrcIdx:4]
CE0x52beba0 "{CE0x52beba0|COLLAPSED:_GCRE_current_task_external_global_%struct.task_struct*:_elem_0::|security/tomoyo/common.h,1205}"
CE0x5f3e060 "{CE0x5f3e060|tomoyo_domain:tmp22|security/tomoyo/common.h,1205}"
CE0x64b4150 "{CE0x64b4150|tomoyo_domain:tmp23|security/tomoyo/common.h,1205}"
CE0x79e1fc0 "{CE0x79e1fc0|_ret_%struct.tomoyo_domain_info*_%tmp23,_!dbg_!38929|security/tomoyo/common.h,1205}"
CE0x54c3160 "{CE0x54c3160|tomoyo_init_request_info:call|security/tomoyo/util.c,1005}"
CE0x79a8c00 "{CE0x79a8c00|tomoyo_init_request_info:domain.addr.0}"
CE0x53c15e0 "{CE0x53c15e0|0:_%struct.tomoyo_obj_info*,_16:_%struct.tomoyo_domain_info*,_24:_%struct.tomoyo_path_info*,_40:_i8,_72:_i8,_75:_i8,_76:_i8,_77:_i8,_:_SCMRE_16,24_|*MultipleSource*|security/tomoyo/file.c, 787|security/tomoyo/file.c,787|Function::tomoyo_init_request_info&Arg::r::|security/tomoyo/file.c,800}"
CONST[source:0(mediator),value:2(dynamic)][purpose:{subject}]



implicit:
CONST[source:0(mediator),value:0(static)][purpose:{operation}][SrcIdx:3]  ->  CONST[source:0(mediator),value:2(dynamic)][purpose:{object}]
-----------
CONST[source:0(mediator),value:0(static)][purpose:{operation}][SrcIdx:3]
CE0x5298590 "{CE0x5298590|tomoyo_path_perm:operation|Function::tomoyo_path_perm&Arg::operation::|*SummSource*}"
CE0x52984b0 "{CE0x52984b0|tomoyo_path_perm:operation|Function::tomoyo_path_perm&Arg::operation::}"
CE0x7af22c0 "{CE0x7af22c0|tomoyo_path_perm:conv8|security/tomoyo/file.c,807}"
CE0x79e2b00 "{CE0x79e2b00|tomoyo_path_perm:sw.epilog}"
CE0x62e39b0 "{CE0x62e39b0|tomoyo_path_permission:entry}"
CE0x60f82e0 "{CE0x60f82e0|tomoyo_path_permission:if.end}"
CE0x60197f0 "{CE0x60197f0|0:_%struct.tomoyo_obj_info*,_16:_%struct.tomoyo_domain_info*,_24:_%struct.tomoyo_path_info*,_40:_i8,_72:_i8,_75:_i8,_76:_i8,_77:_i8,_:_SCMRE_27,28_}"
CONST[source:0(mediator),value:2(dynamic)][purpose:{object}]


CONST[source:2(external),value:2(dynamic)][purpose:{subject}][SrcIdx:4]  ->  CONST[source:0(mediator),value:2(dynamic)][purpose:{object}]
-----------
CONST[source:2(external),value:2(dynamic)][purpose:{subject}][SrcIdx:4]
CE0x6267a80 "{CE0x6267a80|128:_i8*,_1208:_%struct.file*,_:_CMRE_128,136_|*MultipleSource*|security/tomoyo/common.h,1205|security/tomoyo/common.h,1205}"
CE0x5f3e060 "{CE0x5f3e060|tomoyo_domain:tmp22|security/tomoyo/common.h,1205}"
CE0x64b4150 "{CE0x64b4150|tomoyo_domain:tmp23|security/tomoyo/common.h,1205}"
CE0x79e1fc0 "{CE0x79e1fc0|_ret_%struct.tomoyo_domain_info*_%tmp23,_!dbg_!38929|security/tomoyo/common.h,1205}"
CE0x54c3160 "{CE0x54c3160|tomoyo_init_request_info:call|security/tomoyo/util.c,1005}"
CE0x79a8c00 "{CE0x79a8c00|tomoyo_init_request_info:domain.addr.0}"
CE0x7acc400 "{CE0x7acc400|tomoyo_init_request_info:profile2|security/tomoyo/util.c,1007}"
CE0x65d5a00 "{CE0x65d5a00|tomoyo_init_request_info:tmp11|security/tomoyo/util.c,1007}"
CE0x7a97540 "{CE0x7a97540|tomoyo_get_mode:profile|Function::tomoyo_get_mode&Arg::profile::}"
CE0x7ae1930 "{CE0x7ae1930|COLLAPSED:_CRE:_elem_0:default:}"
CE0x5471a30 "{CE0x5471a30|tomoyo_get_mode:tmp24|security/tomoyo/util.c,986}"
CE0x6076640 "{CE0x6076640|tomoyo_get_mode:mode.1}"
CE0x45c5060 "{CE0x45c5060|tomoyo_get_mode:conv15|security/tomoyo/util.c,987}"
CE0x45c50d0 "{CE0x45c50d0|tomoyo_get_mode:and|security/tomoyo/util.c,987}"
CE0x45c5140 "{CE0x45c5140|tomoyo_get_mode:retval.0}"
CE0x7b67980 "{CE0x7b67980|_ret_i32_%retval.0,_!dbg_!38935|security/tomoyo/util.c,988}"
CE0x6416c70 "{CE0x6416c70|tomoyo_path_permission:call|security/tomoyo/file.c,564}"
CE0x7b67a50 "{CE0x7b67a50|tomoyo_path_permission:conv|security/tomoyo/file.c,564}"
CE0x643fe40 "{CE0x643fe40|0:_%struct.tomoyo_obj_info*,_16:_%struct.tomoyo_domain_info*,_24:_%struct.tomoyo_path_info*,_40:_i8,_72:_i8,_75:_i8,_76:_i8,_77:_i8,_:_SCMRE_76,77_|*MultipleSource*|security/tomoyo/file.c, 787|security/tomoyo/file.c,787|Function::tomoyo_init_request_info&Arg::r::|security/tomoyo/file.c,800}"
CE0x52d2b90 "{CE0x52d2b90|tomoyo_path_permission:tmp7|*LoadInst*|security/tomoyo/file.c,565}"
CE0x5340b40 "{CE0x5340b40|tomoyo_path_permission:conv3|security/tomoyo/file.c,565}"
CE0x52e9f40 "{CE0x52e9f40|tomoyo_path_permission:cmp|security/tomoyo/file.c,565}"
CE0x60f82e0 "{CE0x60f82e0|tomoyo_path_permission:if.end}"
CE0x60197f0 "{CE0x60197f0|0:_%struct.tomoyo_obj_info*,_16:_%struct.tomoyo_domain_info*,_24:_%struct.tomoyo_path_info*,_40:_i8,_72:_i8,_75:_i8,_76:_i8,_77:_i8,_:_SCMRE_27,28_}"
CONST[source:0(mediator),value:2(dynamic)][purpose:{object}]


CONST[source:2(external),value:2(dynamic)][purpose:{subject}][SrcIdx:4]  ->  CONST[source:0(mediator),value:0(static)][purpose:{operation}]
-----------
CONST[source:2(external),value:2(dynamic)][purpose:{subject}][SrcIdx:4]
CE0x6267a80 "{CE0x6267a80|128:_i8*,_1208:_%struct.file*,_:_CMRE_128,136_|*MultipleSource*|security/tomoyo/common.h,1205|security/tomoyo/common.h,1205}"
CE0x5f3e060 "{CE0x5f3e060|tomoyo_domain:tmp22|security/tomoyo/common.h,1205}"
CE0x64b4150 "{CE0x64b4150|tomoyo_domain:tmp23|security/tomoyo/common.h,1205}"
CE0x79e1fc0 "{CE0x79e1fc0|_ret_%struct.tomoyo_domain_info*_%tmp23,_!dbg_!38929|security/tomoyo/common.h,1205}"
CE0x54c3160 "{CE0x54c3160|tomoyo_init_request_info:call|security/tomoyo/util.c,1005}"
CE0x79a8c00 "{CE0x79a8c00|tomoyo_init_request_info:domain.addr.0}"
CE0x7acc400 "{CE0x7acc400|tomoyo_init_request_info:profile2|security/tomoyo/util.c,1007}"
CE0x65d5a00 "{CE0x65d5a00|tomoyo_init_request_info:tmp11|security/tomoyo/util.c,1007}"
CE0x7a97540 "{CE0x7a97540|tomoyo_get_mode:profile|Function::tomoyo_get_mode&Arg::profile::}"
CE0x7ae1930 "{CE0x7ae1930|COLLAPSED:_CRE:_elem_0:default:}"
CE0x5471a30 "{CE0x5471a30|tomoyo_get_mode:tmp24|security/tomoyo/util.c,986}"
CE0x6076640 "{CE0x6076640|tomoyo_get_mode:mode.1}"
CE0x45c5060 "{CE0x45c5060|tomoyo_get_mode:conv15|security/tomoyo/util.c,987}"
CE0x45c50d0 "{CE0x45c50d0|tomoyo_get_mode:and|security/tomoyo/util.c,987}"
CE0x45c5140 "{CE0x45c5140|tomoyo_get_mode:retval.0}"
CE0x7b67980 "{CE0x7b67980|_ret_i32_%retval.0,_!dbg_!38935|security/tomoyo/util.c,988}"
CE0x6416c70 "{CE0x6416c70|tomoyo_path_permission:call|security/tomoyo/file.c,564}"
CE0x7b67a50 "{CE0x7b67a50|tomoyo_path_permission:conv|security/tomoyo/file.c,564}"
CE0x643fe40 "{CE0x643fe40|0:_%struct.tomoyo_obj_info*,_16:_%struct.tomoyo_domain_info*,_24:_%struct.tomoyo_path_info*,_40:_i8,_72:_i8,_75:_i8,_76:_i8,_77:_i8,_:_SCMRE_76,77_|*MultipleSource*|security/tomoyo/file.c, 787|security/tomoyo/file.c,787|Function::tomoyo_init_request_info&Arg::r::|security/tomoyo/file.c,800}"
CE0x52d2b90 "{CE0x52d2b90|tomoyo_path_permission:tmp7|*LoadInst*|security/tomoyo/file.c,565}"
CE0x5340b40 "{CE0x5340b40|tomoyo_path_permission:conv3|security/tomoyo/file.c,565}"
CE0x52e9f40 "{CE0x52e9f40|tomoyo_path_permission:cmp|security/tomoyo/file.c,565}"
CE0x60f82e0 "{CE0x60f82e0|tomoyo_path_permission:if.end}"
CE0x63e2110 "{CE0x63e2110|0:_%struct.tomoyo_obj_info*,_16:_%struct.tomoyo_domain_info*,_24:_%struct.tomoyo_path_info*,_40:_i8,_72:_i8,_75:_i8,_76:_i8,_77:_i8,_:_SCMRE_40,41_}"
CONST[source:0(mediator),value:0(static)][purpose:{operation}]


CONST[source:2(external),value:2(dynamic)][purpose:{subject}][SrcIdx:4]  ->  CONST[source:0(mediator),value:2(dynamic)][purpose:{subject}]
-----------
CONST[source:2(external),value:2(dynamic)][purpose:{subject}][SrcIdx:4]
CE0x52beba0 "{CE0x52beba0|COLLAPSED:_GCRE_current_task_external_global_%struct.task_struct*:_elem_0::|security/tomoyo/common.h,1205}"
CE0x5f3e060 "{CE0x5f3e060|tomoyo_domain:tmp22|security/tomoyo/common.h,1205}"
CE0x64b4150 "{CE0x64b4150|tomoyo_domain:tmp23|security/tomoyo/common.h,1205}"
CE0x79e1fc0 "{CE0x79e1fc0|_ret_%struct.tomoyo_domain_info*_%tmp23,_!dbg_!38929|security/tomoyo/common.h,1205}"
CE0x54c3160 "{CE0x54c3160|tomoyo_init_request_info:call|security/tomoyo/util.c,1005}"
CE0x79a8c00 "{CE0x79a8c00|tomoyo_init_request_info:domain.addr.0}"
CE0x53c15e0 "{CE0x53c15e0|0:_%struct.tomoyo_obj_info*,_16:_%struct.tomoyo_domain_info*,_24:_%struct.tomoyo_path_info*,_40:_i8,_72:_i8,_75:_i8,_76:_i8,_77:_i8,_:_SCMRE_16,24_|*MultipleSource*|security/tomoyo/file.c, 787|security/tomoyo/file.c,787|Function::tomoyo_init_request_info&Arg::r::|security/tomoyo/file.c,800}"
CONST[source:0(mediator),value:2(dynamic)][purpose:{subject}]


