[selinux_inode_listxattr]

explicit:
CONST[source:1(input),value:2(dynamic)][purpose:{object}]  ->  CONST[source:0(mediator),value:2(dynamic)][purpose:{object}]
-----------
CONST[source:1(input),value:2(dynamic)][purpose:{object}]
CE0x4ab8150 "{CE0x4ab8150|12:_i32,_56:_i8*,_:_CRE_56,64_|*MultipleSource*|Function::inode_has_perm&Arg::inode::|*LoadInst*|security/selinux/hooks.c,1627|security/selinux/hooks.c,1611}"
CE0x4b2e4a0 "{CE0x4b2e4a0|inode_has_perm:_tmp15|*LoadInst*|security/selinux/hooks.c,1615}"
CE0x4b501d0 "{CE0x4b501d0|inode_has_perm:_tmp16|security/selinux/hooks.c,1615}"
CE0x4b34f40 "{CE0x4b34f40|inode_has_perm:_sid3|security/selinux/hooks.c,1617}"
CE0x4b30750 "{CE0x4b30750|inode_has_perm:_tmp17|security/selinux/hooks.c,1617}"
CE0x4b30b50 "{CE0x4b30b50|inode_has_perm:_tmp17|security/selinux/hooks.c,1617|*SummSink*}"
CONST[source:0(mediator),value:2(dynamic)][purpose:{object}]


CONST[source:2(external),value:2(dynamic)][purpose:{subject}]  ->  CONST[source:1(input),value:2(dynamic)][purpose:{subject}]
-----------
CONST[source:2(external),value:2(dynamic)][purpose:{subject}]
CE0x4a91e00 "{CE0x4a91e00|COLLAPSED:_GCMRE_current_task_external_global_%struct.task_struct*:_elem_0::|security/selinux/hooks.c,3048}"
CE0x4a91fc0 "{CE0x4a91fc0|selinux_inode_listxattr:_tmp21|security/selinux/hooks.c,3048}"
CE0x4a934c0 "{CE0x4a934c0|dentry_has_perm:_cred|Function::dentry_has_perm&Arg::cred::}"
CE0x4af64c0 "{CE0x4af64c0|inode_has_perm:_cred|Function::inode_has_perm&Arg::cred::}"
CE0x4b2d490 "{CE0x4b2d490|cred_sid:_cred|Function::cred_sid&Arg::cred::}"
CE0x4b03660 "{CE0x4b03660|cred_sid:_security|security/selinux/hooks.c,196}"
CE0x4aa4700 "{CE0x4aa4700|cred_sid:_tmp4|*LoadInst*|security/selinux/hooks.c,196}"
CE0x4aa4aa0 "{CE0x4aa4aa0|cred_sid:_tmp5|security/selinux/hooks.c,196}"
CE0x4aa5290 "{CE0x4aa5290|cred_sid:_sid|security/selinux/hooks.c,197}"
CE0x4b07d20 "{CE0x4b07d20|cred_sid:_tmp6|security/selinux/hooks.c,197}"
CE0x4b2d7a0 "{CE0x4b2d7a0|_ret_i32_%tmp6,_!dbg_!27716|security/selinux/hooks.c,197}"
CE0x4b0a4a0 "{CE0x4b0a4a0|inode_has_perm:_call|security/selinux/hooks.c,1614}"
CE0x4b0a740 "{CE0x4b0a740|inode_has_perm:_call|security/selinux/hooks.c,1614|*SummSink*}"
CONST[source:1(input),value:2(dynamic)][purpose:{subject}]



implicit:
CONST[source:2(external),value:2(dynamic)][purpose:{subject}]  ->  CONST[source:1(input),value:2(dynamic)][purpose:{subject}]
-----------
CONST[source:2(external),value:2(dynamic)][purpose:{subject}]
CE0x4a91e00 "{CE0x4a91e00|COLLAPSED:_GCMRE_current_task_external_global_%struct.task_struct*:_elem_0::|security/selinux/hooks.c,3048}"
CE0x4a91fc0 "{CE0x4a91fc0|selinux_inode_listxattr:_tmp21|security/selinux/hooks.c,3048}"
CE0x4a934c0 "{CE0x4a934c0|dentry_has_perm:_cred|Function::dentry_has_perm&Arg::cred::}"
CE0x4af64c0 "{CE0x4af64c0|inode_has_perm:_cred|Function::inode_has_perm&Arg::cred::}"
CE0x4b2d490 "{CE0x4b2d490|cred_sid:_cred|Function::cred_sid&Arg::cred::}"
CE0x4b03660 "{CE0x4b03660|cred_sid:_security|security/selinux/hooks.c,196}"
CE0x4aa4700 "{CE0x4aa4700|cred_sid:_tmp4|*LoadInst*|security/selinux/hooks.c,196}"
CE0x4aa4aa0 "{CE0x4aa4aa0|cred_sid:_tmp5|security/selinux/hooks.c,196}"
CE0x4aa5290 "{CE0x4aa5290|cred_sid:_sid|security/selinux/hooks.c,197}"
CE0x4b07d20 "{CE0x4b07d20|cred_sid:_tmp6|security/selinux/hooks.c,197}"
CE0x4b2d7a0 "{CE0x4b2d7a0|_ret_i32_%tmp6,_!dbg_!27716|security/selinux/hooks.c,197}"
CE0x4b0a4a0 "{CE0x4b0a4a0|inode_has_perm:_call|security/selinux/hooks.c,1614}"
CE0x4b0a740 "{CE0x4b0a740|inode_has_perm:_call|security/selinux/hooks.c,1614|*SummSink*}"
CONST[source:1(input),value:2(dynamic)][purpose:{subject}]


CONST[source:1(input),value:2(dynamic)][purpose:{object}]  ->  CONST[source:0(mediator),value:2(dynamic)][purpose:{object}]
-----------
CONST[source:1(input),value:2(dynamic)][purpose:{object}]
CE0x4ab8150 "{CE0x4ab8150|12:_i32,_56:_i8*,_:_CRE_56,64_|*MultipleSource*|Function::inode_has_perm&Arg::inode::|*LoadInst*|security/selinux/hooks.c,1627|security/selinux/hooks.c,1611}"
CE0x4b2e4a0 "{CE0x4b2e4a0|inode_has_perm:_tmp15|*LoadInst*|security/selinux/hooks.c,1615}"
CE0x4b501d0 "{CE0x4b501d0|inode_has_perm:_tmp16|security/selinux/hooks.c,1615}"
CE0x4ae6420 "{CE0x4ae6420|inode_has_perm:_sclass|security/selinux/hooks.c,1617}"
CE0x4ae6340 "{CE0x4ae6340|inode_has_perm:_tmp18|security/selinux/hooks.c,1617}"
CE0x4ae6840 "{CE0x4ae6840|inode_has_perm:_tmp18|security/selinux/hooks.c,1617|*SummSink*}"
CONST[source:0(mediator),value:2(dynamic)][purpose:{object}]


