[tomoyo_path_rename]

explicit:
CONST[source:2(external),value:2(dynamic)][purpose:{subject}]  ->  CONST[source:0(mediator),value:2(dynamic)][purpose:{subject}]
-----------
CONST[source:2(external),value:2(dynamic)][purpose:{subject}]
CE0x8156120 "{CE0x8156120|COLLAPSED:_GCRE_current_task_external_global_%struct.task_struct*:_elem_0::|security/tomoyo/common.h,1205}"
CE0x68de9a0 "{CE0x68de9a0|tomoyo_domain:_tmp22|security/tomoyo/common.h,1205}"
CE0x4c54710 "{CE0x4c54710|tomoyo_domain:_tmp23|security/tomoyo/common.h,1205}"
CE0x68db8a0 "{CE0x68db8a0|_ret_%struct.tomoyo_domain_info*_%tmp23,_!dbg_!38929|security/tomoyo/common.h,1205}"
CE0x6b096c0 "{CE0x6b096c0|tomoyo_init_request_info:_call|security/tomoyo/util.c,1005}"
CE0x6af2540 "{CE0x6af2540|tomoyo_init_request_info:_domain.addr.0}"
CE0x68c2e10 "{CE0x68c2e10|0:_%struct.tomoyo_obj_info*,_24:_%struct.tomoyo_path_info*,_32:_%struct.tomoyo_path_info*,_40:_i8,_72:_i8,_76:_i8,_:_SCMRE_16,24_|*MultipleSource*|security/tomoyo/file.c, 891|security/tomoyo/file.c,891|security/tomoyo/file.c,920|Function::tomoyo_init_request_info&Arg::r::}"
CONST[source:0(mediator),value:2(dynamic)][purpose:{subject}]



implicit:
CONST[source:2(external),value:2(dynamic)][purpose:{subject}]  ->  CONST[source:0(mediator),value:2(dynamic)][purpose:{subject}]
-----------
CONST[source:2(external),value:2(dynamic)][purpose:{subject}]
CE0x8156120 "{CE0x8156120|COLLAPSED:_GCRE_current_task_external_global_%struct.task_struct*:_elem_0::|security/tomoyo/common.h,1205}"
CE0x68de9a0 "{CE0x68de9a0|tomoyo_domain:_tmp22|security/tomoyo/common.h,1205}"
CE0x4c54710 "{CE0x4c54710|tomoyo_domain:_tmp23|security/tomoyo/common.h,1205}"
CE0x68db8a0 "{CE0x68db8a0|_ret_%struct.tomoyo_domain_info*_%tmp23,_!dbg_!38929|security/tomoyo/common.h,1205}"
CE0x6b096c0 "{CE0x6b096c0|tomoyo_init_request_info:_call|security/tomoyo/util.c,1005}"
CE0x6af2540 "{CE0x6af2540|tomoyo_init_request_info:_domain.addr.0}"
CE0x68c2e10 "{CE0x68c2e10|0:_%struct.tomoyo_obj_info*,_24:_%struct.tomoyo_path_info*,_32:_%struct.tomoyo_path_info*,_40:_i8,_72:_i8,_76:_i8,_:_SCMRE_16,24_|*MultipleSource*|security/tomoyo/file.c, 891|security/tomoyo/file.c,891|security/tomoyo/file.c,920|Function::tomoyo_init_request_info&Arg::r::}"
CONST[source:0(mediator),value:2(dynamic)][purpose:{subject}]


