[selinux_inode_listxattr]

explicit:
CONST[source:2(external),value:2(dynamic)][purpose:{subject}][SrcIdx:3]  ->  CONST[source:0(mediator),value:2(dynamic)][purpose:{subject}][SnkIdx:0]
-----------
CONST[source:2(external),value:2(dynamic)][purpose:{subject}][SrcIdx:3]
CE0x3e20ce0 "{CE0x3e20ce0|COLLAPSED:_GCMRE_current_task_external_global_%struct.task_struct*:_elem_0::|security/selinux/hooks.c,3048}"
CE0x3e212a0 "{CE0x3e212a0|selinux_inode_listxattr:tmp21|security/selinux/hooks.c,3048}"
CE0x3df8310 "{CE0x3df8310|dentry_has_perm:cred|Function::dentry_has_perm&Arg::cred::}"
CE0x3e65020 "{CE0x3e65020|inode_has_perm:cred|Function::inode_has_perm&Arg::cred::}"
CE0x3e1f6e0 "{CE0x3e1f6e0|cred_sid:cred|Function::cred_sid&Arg::cred::}"
CE0x3e68830 "{CE0x3e68830|cred_sid:security|security/selinux/hooks.c,196}"
CE0x3e687c0 "{CE0x3e687c0|cred_sid:tmp4|*LoadInst*|security/selinux/hooks.c,196}"
CE0x3e6b5a0 "{CE0x3e6b5a0|cred_sid:tmp5|security/selinux/hooks.c,196}"
CE0x3e6be90 "{CE0x3e6be90|cred_sid:sid|security/selinux/hooks.c,197}"
CE0x3e6efd0 "{CE0x3e6efd0|cred_sid:tmp6|security/selinux/hooks.c,197}"
CE0x3e93290 "{CE0x3e93290|_ret_i32_%tmp6,_!dbg_!27716|security/selinux/hooks.c,197}"
CE0x3e1ead0 "{CE0x3e1ead0|inode_has_perm:call|security/selinux/hooks.c,1614}"
CE0x3e1ec70 "{CE0x3e1ec70|inode_has_perm:call|security/selinux/hooks.c,1614|*SummSink*}"
CONST[source:0(mediator),value:2(dynamic)][purpose:{subject}][SnkIdx:0]


CONST[source:1(input),value:2(dynamic)][purpose:{object}][SrcIdx:1]  ->  CONST[source:0(mediator),value:2(dynamic)][purpose:{object}][SnkIdx:1]
-----------
CONST[source:1(input),value:2(dynamic)][purpose:{object}][SrcIdx:1]
CE0x3e69940 "{CE0x3e69940|12:_i32,_56:_i8*,_:_CRE_56,64_|*MultipleSource*|Function::inode_has_perm&Arg::inode::|*LoadInst*|security/selinux/hooks.c,1627|security/selinux/hooks.c,1611}"
CE0x3e93cf0 "{CE0x3e93cf0|inode_has_perm:tmp15|*LoadInst*|security/selinux/hooks.c,1615}"
CE0x3e94390 "{CE0x3e94390|inode_has_perm:tmp16|security/selinux/hooks.c,1615}"
CE0x3e946b0 "{CE0x3e946b0|inode_has_perm:sid3|security/selinux/hooks.c,1617}"
CE0x3e967b0 "{CE0x3e967b0|inode_has_perm:tmp17|security/selinux/hooks.c,1617}"
CE0x3e96bb0 "{CE0x3e96bb0|inode_has_perm:tmp17|security/selinux/hooks.c,1617|*SummSink*}"
CONST[source:0(mediator),value:2(dynamic)][purpose:{object}][SnkIdx:1]


CONST[source:1(input),value:2(dynamic)][purpose:{object}][SrcIdx:1]  ->  CONST[source:0(mediator),value:2(dynamic)][purpose:{object}][SnkIdx:2]
-----------
CONST[source:1(input),value:2(dynamic)][purpose:{object}][SrcIdx:1]
CE0x3e69940 "{CE0x3e69940|12:_i32,_56:_i8*,_:_CRE_56,64_|*MultipleSource*|Function::inode_has_perm&Arg::inode::|*LoadInst*|security/selinux/hooks.c,1627|security/selinux/hooks.c,1611}"
CE0x3e93cf0 "{CE0x3e93cf0|inode_has_perm:tmp15|*LoadInst*|security/selinux/hooks.c,1615}"
CE0x3e94390 "{CE0x3e94390|inode_has_perm:tmp16|security/selinux/hooks.c,1615}"
CE0x3e94de0 "{CE0x3e94de0|inode_has_perm:sclass|security/selinux/hooks.c,1617}"
CE0x3e4b2c0 "{CE0x3e4b2c0|inode_has_perm:tmp18|security/selinux/hooks.c,1617}"
CE0x3e4b5f0 "{CE0x3e4b5f0|inode_has_perm:tmp18|security/selinux/hooks.c,1617|*SummSink*}"
CONST[source:0(mediator),value:2(dynamic)][purpose:{object}][SnkIdx:2]



implicit:
CONST[source:1(input),value:2(dynamic)][purpose:{object}][SrcIdx:1]  ->  CONST[source:0(mediator),value:2(dynamic)][purpose:{object}][SnkIdx:2]
-----------
CONST[source:1(input),value:2(dynamic)][purpose:{object}][SrcIdx:1]
CE0x3e69940 "{CE0x3e69940|12:_i32,_56:_i8*,_:_CRE_56,64_|*MultipleSource*|Function::inode_has_perm&Arg::inode::|*LoadInst*|security/selinux/hooks.c,1627|security/selinux/hooks.c,1611}"
CE0x3e93cf0 "{CE0x3e93cf0|inode_has_perm:tmp15|*LoadInst*|security/selinux/hooks.c,1615}"
CE0x3e94390 "{CE0x3e94390|inode_has_perm:tmp16|security/selinux/hooks.c,1615}"
CE0x3e94de0 "{CE0x3e94de0|inode_has_perm:sclass|security/selinux/hooks.c,1617}"
CE0x3e4b2c0 "{CE0x3e4b2c0|inode_has_perm:tmp18|security/selinux/hooks.c,1617}"
CE0x3e4b5f0 "{CE0x3e4b5f0|inode_has_perm:tmp18|security/selinux/hooks.c,1617|*SummSink*}"
CONST[source:0(mediator),value:2(dynamic)][purpose:{object}][SnkIdx:2]


CONST[source:1(input),value:2(dynamic)][purpose:{object}][SrcIdx:1]  ->  CONST[source:0(mediator),value:2(dynamic)][purpose:{subject}][SnkIdx:0]
-----------
CONST[source:1(input),value:2(dynamic)][purpose:{object}][SrcIdx:1]
CE0x3e6a110 "{CE0x3e6a110|12:_i32,_56:_i8*,_:_CRE_12,16_|*MultipleSource*|Function::inode_has_perm&Arg::inode::|*LoadInst*|security/selinux/hooks.c,1627|security/selinux/hooks.c,1611}"
CE0x3e8eb20 "{CE0x3e8eb20|inode_has_perm:tmp6|*LoadInst*|security/selinux/hooks.c,1611}"
CE0x3e9bfe0 "{CE0x3e9bfe0|inode_has_perm:and|security/selinux/hooks.c,1611}"
CE0x3ea2470 "{CE0x3ea2470|inode_has_perm:tobool|security/selinux/hooks.c,1611}"
CE0x3e9c790 "{CE0x3e9c790|inode_has_perm:lnot|security/selinux/hooks.c,1611}"
CE0x3e9ca80 "{CE0x3e9ca80|inode_has_perm:lnot1|security/selinux/hooks.c,1611}"
CE0x3e9d360 "{CE0x3e9d360|inode_has_perm:lnot.ext|security/selinux/hooks.c,1611}"
CE0x3e9d0a0 "{CE0x3e9d0a0|inode_has_perm:conv|security/selinux/hooks.c,1611}"
CE0x3e9e1b0 "{CE0x3e9e1b0|inode_has_perm:expval|security/selinux/hooks.c,1611}"
CE0x3e9e810 "{CE0x3e9e810|inode_has_perm:tobool2|security/selinux/hooks.c,1611}"
CE0x3e26a00 "{CE0x3e26a00|inode_has_perm:if.end}"
CE0x3e1ead0 "{CE0x3e1ead0|inode_has_perm:call|security/selinux/hooks.c,1614}"
CE0x3e1ec70 "{CE0x3e1ec70|inode_has_perm:call|security/selinux/hooks.c,1614|*SummSink*}"
CONST[source:0(mediator),value:2(dynamic)][purpose:{subject}][SnkIdx:0]


CONST[source:1(input),value:2(dynamic)][purpose:{object}][SrcIdx:1]  ->  CONST[source:0(mediator),value:2(dynamic)][purpose:{object}][SnkIdx:1]
-----------
CONST[source:1(input),value:2(dynamic)][purpose:{object}][SrcIdx:1]
CE0x3e69940 "{CE0x3e69940|12:_i32,_56:_i8*,_:_CRE_56,64_|*MultipleSource*|Function::inode_has_perm&Arg::inode::|*LoadInst*|security/selinux/hooks.c,1627|security/selinux/hooks.c,1611}"
CE0x3e93cf0 "{CE0x3e93cf0|inode_has_perm:tmp15|*LoadInst*|security/selinux/hooks.c,1615}"
CE0x3e94390 "{CE0x3e94390|inode_has_perm:tmp16|security/selinux/hooks.c,1615}"
CE0x3e946b0 "{CE0x3e946b0|inode_has_perm:sid3|security/selinux/hooks.c,1617}"
CE0x3e967b0 "{CE0x3e967b0|inode_has_perm:tmp17|security/selinux/hooks.c,1617}"
CE0x3e96bb0 "{CE0x3e96bb0|inode_has_perm:tmp17|security/selinux/hooks.c,1617|*SummSink*}"
CONST[source:0(mediator),value:2(dynamic)][purpose:{object}][SnkIdx:1]


CONST[source:2(external),value:2(dynamic)][purpose:{subject}][SrcIdx:3]  ->  CONST[source:0(mediator),value:2(dynamic)][purpose:{subject}][SnkIdx:0]
-----------
CONST[source:2(external),value:2(dynamic)][purpose:{subject}][SrcIdx:3]
CE0x3e20ce0 "{CE0x3e20ce0|COLLAPSED:_GCMRE_current_task_external_global_%struct.task_struct*:_elem_0::|security/selinux/hooks.c,3048}"
CE0x3e212a0 "{CE0x3e212a0|selinux_inode_listxattr:tmp21|security/selinux/hooks.c,3048}"
CE0x3df8310 "{CE0x3df8310|dentry_has_perm:cred|Function::dentry_has_perm&Arg::cred::}"
CE0x3e65020 "{CE0x3e65020|inode_has_perm:cred|Function::inode_has_perm&Arg::cred::}"
CE0x3e1f6e0 "{CE0x3e1f6e0|cred_sid:cred|Function::cred_sid&Arg::cred::}"
CE0x3e68830 "{CE0x3e68830|cred_sid:security|security/selinux/hooks.c,196}"
CE0x3e687c0 "{CE0x3e687c0|cred_sid:tmp4|*LoadInst*|security/selinux/hooks.c,196}"
CE0x3e6b5a0 "{CE0x3e6b5a0|cred_sid:tmp5|security/selinux/hooks.c,196}"
CE0x3e6be90 "{CE0x3e6be90|cred_sid:sid|security/selinux/hooks.c,197}"
CE0x3e6efd0 "{CE0x3e6efd0|cred_sid:tmp6|security/selinux/hooks.c,197}"
CE0x3e93290 "{CE0x3e93290|_ret_i32_%tmp6,_!dbg_!27716|security/selinux/hooks.c,197}"
CE0x3e1ead0 "{CE0x3e1ead0|inode_has_perm:call|security/selinux/hooks.c,1614}"
CE0x3e1ec70 "{CE0x3e1ec70|inode_has_perm:call|security/selinux/hooks.c,1614|*SummSink*}"
CONST[source:0(mediator),value:2(dynamic)][purpose:{subject}][SnkIdx:0]


