[selinux_xfrm_policy_lookup]

explicit:
CONST[source:1(input),value:2(dynamic)][purpose:{subject}]  ->  CONST[source:0(mediator),value:2(dynamic)][purpose:{subject}]
-----------
CONST[source:1(input),value:2(dynamic)][purpose:{subject}]
CE0x59f47b0 "{CE0x59f47b0|selinux_xfrm_policy_lookup:_fl_secid|Function::selinux_xfrm_policy_lookup&Arg::fl_secid::|*SummSource*}"
CE0x59f4710 "{CE0x59f4710|selinux_xfrm_policy_lookup:_fl_secid|Function::selinux_xfrm_policy_lookup&Arg::fl_secid::}"
CE0x59fada0 "{CE0x59fada0|selinux_xfrm_policy_lookup:_fl_secid|Function::selinux_xfrm_policy_lookup&Arg::fl_secid::|*SummSink*}"
CONST[source:0(mediator),value:2(dynamic)][purpose:{subject}]


CONST[source:1(input),value:2(dynamic)][purpose:{object}]  ->  CONST[source:0(mediator),value:2(dynamic)][purpose:{object}]
-----------
CONST[source:1(input),value:2(dynamic)][purpose:{object}]
CE0x5a0e980 "{CE0x5a0e980|0:_i8,_1:_i8,_4:_i32,_:_CRE_4,8_|*MultipleSource*|Function::selinux_authorizable_ctx&Arg::ctx::|Function::selinux_xfrm_policy_lookup&Arg::ctx::|security/selinux/xfrm.c,169}"
CE0x59f7ed0 "{CE0x59f7ed0|selinux_xfrm_policy_lookup:_tmp14|*LoadInst*|security/selinux/xfrm.c,169}"
CE0x59f8150 "{CE0x59f8150|selinux_xfrm_policy_lookup:_tmp14|*LoadInst*|security/selinux/xfrm.c,169|*SummSink*}"
CONST[source:0(mediator),value:2(dynamic)][purpose:{object}]



implicit:
CONST[source:1(input),value:2(dynamic)][purpose:{object}]  ->  CONST[source:0(mediator),value:2(dynamic)][purpose:{object}]
-----------
CONST[source:1(input),value:2(dynamic)][purpose:{object}]
CE0x5a0e980 "{CE0x5a0e980|0:_i8,_1:_i8,_4:_i32,_:_CRE_4,8_|*MultipleSource*|Function::selinux_authorizable_ctx&Arg::ctx::|Function::selinux_xfrm_policy_lookup&Arg::ctx::|security/selinux/xfrm.c,169}"
CE0x59f7ed0 "{CE0x59f7ed0|selinux_xfrm_policy_lookup:_tmp14|*LoadInst*|security/selinux/xfrm.c,169}"
CE0x59f8150 "{CE0x59f8150|selinux_xfrm_policy_lookup:_tmp14|*LoadInst*|security/selinux/xfrm.c,169|*SummSink*}"
CONST[source:0(mediator),value:2(dynamic)][purpose:{object}]


CONST[source:1(input),value:2(dynamic)][purpose:{subject}]  ->  CONST[source:0(mediator),value:2(dynamic)][purpose:{subject}]
-----------
CONST[source:1(input),value:2(dynamic)][purpose:{subject}]
CE0x59f47b0 "{CE0x59f47b0|selinux_xfrm_policy_lookup:_fl_secid|Function::selinux_xfrm_policy_lookup&Arg::fl_secid::|*SummSource*}"
CE0x59f4710 "{CE0x59f4710|selinux_xfrm_policy_lookup:_fl_secid|Function::selinux_xfrm_policy_lookup&Arg::fl_secid::}"
CE0x59fada0 "{CE0x59fada0|selinux_xfrm_policy_lookup:_fl_secid|Function::selinux_xfrm_policy_lookup&Arg::fl_secid::|*SummSink*}"
CONST[source:0(mediator),value:2(dynamic)][purpose:{subject}]


