[tomoyo_path_chmod]

explicit:
CONST[source:1(input),value:2(dynamic)][purpose:{operation}]  ->  CONST[source:0(mediator),value:0(static)][purpose:{operation}]
-----------
CONST[source:1(input),value:2(dynamic)][purpose:{operation}]
CE0x3f55460 "{CE0x3f55460|tomoyo_path_chmod:_mode|Function::tomoyo_path_chmod&Arg::mode::|*SummSource*}"
CE0x3f553f0 "{CE0x3f553f0|tomoyo_path_chmod:_mode|Function::tomoyo_path_chmod&Arg::mode::}"
CE0x3f21760 "{CE0x3f21760|tomoyo_path_chmod:_conv|security/tomoyo/tomoyo.c,364}"
CE0x3f728a0 "{CE0x3f728a0|tomoyo_path_chmod:_and|security/tomoyo/tomoyo.c,364}"
CE0x3e4d680 "{CE0x3e4d680|tomoyo_path_chmod:_conv1|security/tomoyo/tomoyo.c,364}"
CE0x3f630b0 "{CE0x3f630b0|tomoyo_path_number_perm:_number|Function::tomoyo_path_number_perm&Arg::number::}"
CE0x4c9a0c0 "{CE0x4c9a0c0|0:_%struct.tomoyo_obj_info*,_24:_%struct.tomoyo_path_info*,_32:_i64,_40:_i8,_72:_i8,_76:_i8,_:_SCMRE_38,39_}"
CONST[source:0(mediator),value:0(static)][purpose:{operation}]


CONST[source:2(external),value:2(dynamic)][purpose:{subject}]  ->  CONST[source:0(mediator),value:2(dynamic)][purpose:{subject}]
-----------
CONST[source:2(external),value:2(dynamic)][purpose:{subject}]
CE0x74110f0 "{CE0x74110f0|128:_i8*,_1208:_%struct.file*,_:_CMRE_128,136_|*MultipleSource*|security/tomoyo/common.h,1205|security/tomoyo/common.h,1205}"
CE0x7417800 "{CE0x7417800|tomoyo_domain:_tmp22|security/tomoyo/common.h,1205}"
CE0x75cc1e0 "{CE0x75cc1e0|tomoyo_domain:_tmp23|security/tomoyo/common.h,1205}"
CE0x4c1b1c0 "{CE0x4c1b1c0|_ret_%struct.tomoyo_domain_info*_%tmp23,_!dbg_!38929|security/tomoyo/common.h,1205}"
CE0x5a70700 "{CE0x5a70700|tomoyo_init_request_info:_call|security/tomoyo/util.c,1005}"
CE0x5a70690 "{CE0x5a70690|tomoyo_init_request_info:_domain.addr.0}"
CE0x4cd3730 "{CE0x4cd3730|0:_%struct.tomoyo_obj_info*,_24:_%struct.tomoyo_path_info*,_32:_i64,_40:_i8,_72:_i8,_76:_i8,_:_SCMRE_16,24_|*MultipleSource*|security/tomoyo/file.c,693|security/tomoyo/file.c, 693|security/tomoyo/file.c,707|Function::tomoyo_init_request_info&Arg::r::}"
CONST[source:0(mediator),value:2(dynamic)][purpose:{subject}]



implicit:
CONST[source:0(mediator),value:0(static)][purpose:{operation}]  ->  CONST[source:0(mediator),value:2(dynamic)][purpose:{object}]
-----------
CONST[source:0(mediator),value:0(static)][purpose:{operation}]
CE0x3d9baa0 "{CE0x3d9baa0|tomoyo_path_number_perm:_type|Function::tomoyo_path_number_perm&Arg::type::|*SummSource*}"
CE0x763b450 "{CE0x763b450|tomoyo_path_number_perm:_type|Function::tomoyo_path_number_perm&Arg::type::}"
CE0x7427bf0 "{CE0x7427bf0|tomoyo_path_number_perm:_idxprom|security/tomoyo/file.c,701}"
CE0x4bc1d80 "{CE0x4bc1d80|tomoyo_path_number_perm:_arrayidx|security/tomoyo/file.c,701}"
CE0x4b8d440 "{CE0x4b8d440|tomoyo_path_number_perm:_tmp7|security/tomoyo/file.c,701}"
CE0x5cd5d60 "{CE0x5cd5d60|tomoyo_init_request_info:_index|Function::tomoyo_init_request_info&Arg::index::}"
CE0x5a59130 "{CE0x5a59130|tomoyo_get_mode:_index|Function::tomoyo_get_mode&Arg::index::}"
CE0x59dbff0 "{CE0x59dbff0|tomoyo_get_mode:_idxprom|security/tomoyo/util.c,981}"
CE0x4b59190 "{CE0x4b59190|tomoyo_get_mode:_arrayidx|security/tomoyo/util.c,981}"
CE0x3df4470 "{CE0x3df4470|tomoyo_get_mode:_tmp9|security/tomoyo/util.c,981}"
CE0x5ee0790 "{CE0x5ee0790|tomoyo_get_mode:_mode.0}"
CE0x75b9380 "{CE0x75b9380|tomoyo_get_mode:_mode.1}"
CE0x4ef2450 "{CE0x4ef2450|tomoyo_get_mode:_conv15|security/tomoyo/util.c,987}"
CE0x4d47ae0 "{CE0x4d47ae0|tomoyo_get_mode:_and|security/tomoyo/util.c,987}"
CE0x4d48010 "{CE0x4d48010|tomoyo_get_mode:_retval.0}"
CE0x5a58ce0 "{CE0x5a58ce0|_ret_i32_%retval.0,_!dbg_!38935|security/tomoyo/util.c,988}"
CE0x5b51f90 "{CE0x5b51f90|tomoyo_init_request_info:_call4|security/tomoyo/util.c,1010}"
CE0x5f1c9f0 "{CE0x5f1c9f0|tomoyo_init_request_info:_conv|security/tomoyo/util.c,1010}"
CE0x4db37f0 "{CE0x4db37f0|0:_%struct.tomoyo_obj_info*,_24:_%struct.tomoyo_path_info*,_32:_i64,_40:_i8,_72:_i8,_76:_i8,_:_SCMRE_76,77_|*MultipleSource*|security/tomoyo/file.c,693|security/tomoyo/file.c, 693|security/tomoyo/file.c,707|Function::tomoyo_init_request_info&Arg::r::}"
CE0x4e13cc0 "{CE0x4e13cc0|tomoyo_init_request_info:_tmp13|*LoadInst*|security/tomoyo/util.c,1011}"
CE0x72df020 "{CE0x72df020|tomoyo_init_request_info:_conv6|security/tomoyo/util.c,1011}"
CE0x75e26f0 "{CE0x75e26f0|_ret_i32_%conv6,_!dbg_!38926|security/tomoyo/util.c,1011}"
CE0x5cd5f60 "{CE0x5cd5f60|tomoyo_path_number_perm:_call|security/tomoyo/file.c,701}"
CE0x762a240 "{CE0x762a240|tomoyo_path_number_perm:_cmp|security/tomoyo/file.c,702}"
CE0x5b44cd0 "{CE0x5b44cd0|tomoyo_path_number_perm:_if.end9}"
CE0x4c91330 "{CE0x4c91330|0:_%struct.tomoyo_obj_info*,_24:_%struct.tomoyo_path_info*,_32:_i64,_40:_i8,_72:_i8,_76:_i8,_:_SCMRE_30,31_}"
CONST[source:0(mediator),value:2(dynamic)][purpose:{object}]


CONST[source:1(input),value:2(dynamic)][purpose:{object}]  ->  CONST[source:0(mediator),value:0(static)][purpose:{operation}]
-----------
CONST[source:1(input),value:2(dynamic)][purpose:{object}]
CE0x5ef5ab0 "{CE0x5ef5ab0|16:_%struct.dentry*,_:_SCMRE_8,16_|*MultipleSource*|security/tomoyo/file.c, 694|security/tomoyo/file.c,694|security/tomoyo/file.c,694|Function::tomoyo_path_number_perm&Arg::path::|Function::tomoyo_path_chmod&Arg::path::}"
CE0x5913d80 "{CE0x5913d80|tomoyo_path_number_perm:_tmp12|*LoadInst*|security/tomoyo/file.c,702}"
CE0x59143e0 "{CE0x59143e0|tomoyo_path_number_perm:_tobool|security/tomoyo/file.c,702}"
CE0x5b44cd0 "{CE0x5b44cd0|tomoyo_path_number_perm:_if.end9}"
CE0x4c9a0c0 "{CE0x4c9a0c0|0:_%struct.tomoyo_obj_info*,_24:_%struct.tomoyo_path_info*,_32:_i64,_40:_i8,_72:_i8,_76:_i8,_:_SCMRE_38,39_}"
CONST[source:0(mediator),value:0(static)][purpose:{operation}]


CONST[source:1(input),value:2(dynamic)][purpose:{object}]  ->  CONST[source:0(mediator),value:2(dynamic)][purpose:{object}]
-----------
CONST[source:1(input),value:2(dynamic)][purpose:{object}]
CE0x5ef5ab0 "{CE0x5ef5ab0|16:_%struct.dentry*,_:_SCMRE_8,16_|*MultipleSource*|security/tomoyo/file.c, 694|security/tomoyo/file.c,694|security/tomoyo/file.c,694|Function::tomoyo_path_number_perm&Arg::path::|Function::tomoyo_path_chmod&Arg::path::}"
CE0x5913d80 "{CE0x5913d80|tomoyo_path_number_perm:_tmp12|*LoadInst*|security/tomoyo/file.c,702}"
CE0x59143e0 "{CE0x59143e0|tomoyo_path_number_perm:_tobool|security/tomoyo/file.c,702}"
CE0x5b44cd0 "{CE0x5b44cd0|tomoyo_path_number_perm:_if.end9}"
CE0x4c91330 "{CE0x4c91330|0:_%struct.tomoyo_obj_info*,_24:_%struct.tomoyo_path_info*,_32:_i64,_40:_i8,_72:_i8,_76:_i8,_:_SCMRE_30,31_}"
CONST[source:0(mediator),value:2(dynamic)][purpose:{object}]


CONST[source:1(input),value:2(dynamic)][purpose:{operation}]  ->  CONST[source:0(mediator),value:0(static)][purpose:{operation}]
-----------
CONST[source:1(input),value:2(dynamic)][purpose:{operation}]
CE0x3f55460 "{CE0x3f55460|tomoyo_path_chmod:_mode|Function::tomoyo_path_chmod&Arg::mode::|*SummSource*}"
CE0x3f553f0 "{CE0x3f553f0|tomoyo_path_chmod:_mode|Function::tomoyo_path_chmod&Arg::mode::}"
CE0x3f21760 "{CE0x3f21760|tomoyo_path_chmod:_conv|security/tomoyo/tomoyo.c,364}"
CE0x3f728a0 "{CE0x3f728a0|tomoyo_path_chmod:_and|security/tomoyo/tomoyo.c,364}"
CE0x3e4d680 "{CE0x3e4d680|tomoyo_path_chmod:_conv1|security/tomoyo/tomoyo.c,364}"
CE0x3f630b0 "{CE0x3f630b0|tomoyo_path_number_perm:_number|Function::tomoyo_path_number_perm&Arg::number::}"
CE0x4c916b0 "{CE0x4c916b0|0:_%struct.tomoyo_obj_info*,_24:_%struct.tomoyo_path_info*,_32:_i64,_40:_i8,_72:_i8,_76:_i8,_:_SCMRE_32,33_}"
CONST[source:0(mediator),value:0(static)][purpose:{operation}]


CONST[source:1(input),value:2(dynamic)][purpose:{operation}]  ->  CONST[source:0(mediator),value:2(dynamic)][purpose:{object}]
-----------
CONST[source:1(input),value:2(dynamic)][purpose:{operation}]
CE0x3f55460 "{CE0x3f55460|tomoyo_path_chmod:_mode|Function::tomoyo_path_chmod&Arg::mode::|*SummSource*}"
CE0x3f553f0 "{CE0x3f553f0|tomoyo_path_chmod:_mode|Function::tomoyo_path_chmod&Arg::mode::}"
CE0x3f21760 "{CE0x3f21760|tomoyo_path_chmod:_conv|security/tomoyo/tomoyo.c,364}"
CE0x3f728a0 "{CE0x3f728a0|tomoyo_path_chmod:_and|security/tomoyo/tomoyo.c,364}"
CE0x3e4d680 "{CE0x3e4d680|tomoyo_path_chmod:_conv1|security/tomoyo/tomoyo.c,364}"
CE0x3f630b0 "{CE0x3f630b0|tomoyo_path_number_perm:_number|Function::tomoyo_path_number_perm&Arg::number::}"
CE0x4c916b0 "{CE0x4c916b0|0:_%struct.tomoyo_obj_info*,_24:_%struct.tomoyo_path_info*,_32:_i64,_40:_i8,_72:_i8,_76:_i8,_:_SCMRE_32,33_}"
CONST[source:0(mediator),value:0(static)][purpose:{operation}]
CE0x3d9baa0 "{CE0x3d9baa0|tomoyo_path_number_perm:_type|Function::tomoyo_path_number_perm&Arg::type::|*SummSource*}"
CE0x763b450 "{CE0x763b450|tomoyo_path_number_perm:_type|Function::tomoyo_path_number_perm&Arg::type::}"
CE0x7427bf0 "{CE0x7427bf0|tomoyo_path_number_perm:_idxprom|security/tomoyo/file.c,701}"
CE0x4bc1d80 "{CE0x4bc1d80|tomoyo_path_number_perm:_arrayidx|security/tomoyo/file.c,701}"
CE0x4b8d440 "{CE0x4b8d440|tomoyo_path_number_perm:_tmp7|security/tomoyo/file.c,701}"
CE0x5cd5d60 "{CE0x5cd5d60|tomoyo_init_request_info:_index|Function::tomoyo_init_request_info&Arg::index::}"
CE0x5a59130 "{CE0x5a59130|tomoyo_get_mode:_index|Function::tomoyo_get_mode&Arg::index::}"
CE0x59dbff0 "{CE0x59dbff0|tomoyo_get_mode:_idxprom|security/tomoyo/util.c,981}"
CE0x4b59190 "{CE0x4b59190|tomoyo_get_mode:_arrayidx|security/tomoyo/util.c,981}"
CE0x3df4470 "{CE0x3df4470|tomoyo_get_mode:_tmp9|security/tomoyo/util.c,981}"
CE0x5ee0790 "{CE0x5ee0790|tomoyo_get_mode:_mode.0}"
CE0x75b9380 "{CE0x75b9380|tomoyo_get_mode:_mode.1}"
CE0x4ef2450 "{CE0x4ef2450|tomoyo_get_mode:_conv15|security/tomoyo/util.c,987}"
CE0x4d47ae0 "{CE0x4d47ae0|tomoyo_get_mode:_and|security/tomoyo/util.c,987}"
CE0x4d48010 "{CE0x4d48010|tomoyo_get_mode:_retval.0}"
CE0x5a58ce0 "{CE0x5a58ce0|_ret_i32_%retval.0,_!dbg_!38935|security/tomoyo/util.c,988}"
CE0x5b51f90 "{CE0x5b51f90|tomoyo_init_request_info:_call4|security/tomoyo/util.c,1010}"
CE0x5f1c9f0 "{CE0x5f1c9f0|tomoyo_init_request_info:_conv|security/tomoyo/util.c,1010}"
CE0x4db37f0 "{CE0x4db37f0|0:_%struct.tomoyo_obj_info*,_24:_%struct.tomoyo_path_info*,_32:_i64,_40:_i8,_72:_i8,_76:_i8,_:_SCMRE_76,77_|*MultipleSource*|security/tomoyo/file.c,693|security/tomoyo/file.c, 693|security/tomoyo/file.c,707|Function::tomoyo_init_request_info&Arg::r::}"
CE0x4e13cc0 "{CE0x4e13cc0|tomoyo_init_request_info:_tmp13|*LoadInst*|security/tomoyo/util.c,1011}"
CE0x72df020 "{CE0x72df020|tomoyo_init_request_info:_conv6|security/tomoyo/util.c,1011}"
CE0x75e26f0 "{CE0x75e26f0|_ret_i32_%conv6,_!dbg_!38926|security/tomoyo/util.c,1011}"
CE0x5cd5f60 "{CE0x5cd5f60|tomoyo_path_number_perm:_call|security/tomoyo/file.c,701}"
CE0x762a240 "{CE0x762a240|tomoyo_path_number_perm:_cmp|security/tomoyo/file.c,702}"
CE0x5b44cd0 "{CE0x5b44cd0|tomoyo_path_number_perm:_if.end9}"
CE0x4c91330 "{CE0x4c91330|0:_%struct.tomoyo_obj_info*,_24:_%struct.tomoyo_path_info*,_32:_i64,_40:_i8,_72:_i8,_76:_i8,_:_SCMRE_30,31_}"
CONST[source:0(mediator),value:2(dynamic)][purpose:{object}]


CONST[source:2(external),value:2(dynamic)][purpose:{subject}]  ->  CONST[source:0(mediator),value:0(static)][purpose:{operation}]
-----------
CONST[source:2(external),value:2(dynamic)][purpose:{subject}]
CE0x74110f0 "{CE0x74110f0|128:_i8*,_1208:_%struct.file*,_:_CMRE_128,136_|*MultipleSource*|security/tomoyo/common.h,1205|security/tomoyo/common.h,1205}"
CE0x7417800 "{CE0x7417800|tomoyo_domain:_tmp22|security/tomoyo/common.h,1205}"
CE0x75cc1e0 "{CE0x75cc1e0|tomoyo_domain:_tmp23|security/tomoyo/common.h,1205}"
CE0x4c1b1c0 "{CE0x4c1b1c0|_ret_%struct.tomoyo_domain_info*_%tmp23,_!dbg_!38929|security/tomoyo/common.h,1205}"
CE0x5a70700 "{CE0x5a70700|tomoyo_init_request_info:_call|security/tomoyo/util.c,1005}"
CE0x5a70690 "{CE0x5a70690|tomoyo_init_request_info:_domain.addr.0}"
CE0x5a7f290 "{CE0x5a7f290|tomoyo_init_request_info:_profile2|security/tomoyo/util.c,1007}"
CE0x5addec0 "{CE0x5addec0|tomoyo_init_request_info:_tmp11|security/tomoyo/util.c,1007}"
CE0x5a58da0 "{CE0x5a58da0|tomoyo_get_mode:_profile|Function::tomoyo_get_mode&Arg::profile::}"
CE0x5e13c40 "{CE0x5e13c40|COLLAPSED:_CRE:_elem_0:default:}"
CE0x75b9540 "{CE0x75b9540|tomoyo_get_mode:_tmp24|security/tomoyo/util.c,986}"
CE0x75b9380 "{CE0x75b9380|tomoyo_get_mode:_mode.1}"
CE0x4ef2450 "{CE0x4ef2450|tomoyo_get_mode:_conv15|security/tomoyo/util.c,987}"
CE0x4d47ae0 "{CE0x4d47ae0|tomoyo_get_mode:_and|security/tomoyo/util.c,987}"
CE0x4d48010 "{CE0x4d48010|tomoyo_get_mode:_retval.0}"
CE0x5a58ce0 "{CE0x5a58ce0|_ret_i32_%retval.0,_!dbg_!38935|security/tomoyo/util.c,988}"
CE0x5b51f90 "{CE0x5b51f90|tomoyo_init_request_info:_call4|security/tomoyo/util.c,1010}"
CE0x5f1c9f0 "{CE0x5f1c9f0|tomoyo_init_request_info:_conv|security/tomoyo/util.c,1010}"
CE0x4db37f0 "{CE0x4db37f0|0:_%struct.tomoyo_obj_info*,_24:_%struct.tomoyo_path_info*,_32:_i64,_40:_i8,_72:_i8,_76:_i8,_:_SCMRE_76,77_|*MultipleSource*|security/tomoyo/file.c,693|security/tomoyo/file.c, 693|security/tomoyo/file.c,707|Function::tomoyo_init_request_info&Arg::r::}"
CE0x4e13cc0 "{CE0x4e13cc0|tomoyo_init_request_info:_tmp13|*LoadInst*|security/tomoyo/util.c,1011}"
CE0x72df020 "{CE0x72df020|tomoyo_init_request_info:_conv6|security/tomoyo/util.c,1011}"
CE0x75e26f0 "{CE0x75e26f0|_ret_i32_%conv6,_!dbg_!38926|security/tomoyo/util.c,1011}"
CE0x5cd5f60 "{CE0x5cd5f60|tomoyo_path_number_perm:_call|security/tomoyo/file.c,701}"
CE0x762a240 "{CE0x762a240|tomoyo_path_number_perm:_cmp|security/tomoyo/file.c,702}"
CE0x5b44cd0 "{CE0x5b44cd0|tomoyo_path_number_perm:_if.end9}"
CE0x4c9a0c0 "{CE0x4c9a0c0|0:_%struct.tomoyo_obj_info*,_24:_%struct.tomoyo_path_info*,_32:_i64,_40:_i8,_72:_i8,_76:_i8,_:_SCMRE_38,39_}"
CONST[source:0(mediator),value:0(static)][purpose:{operation}]


CONST[source:2(external),value:2(dynamic)][purpose:{subject}]  ->  CONST[source:0(mediator),value:2(dynamic)][purpose:{subject}]
-----------
CONST[source:2(external),value:2(dynamic)][purpose:{subject}]
CE0x74110f0 "{CE0x74110f0|128:_i8*,_1208:_%struct.file*,_:_CMRE_128,136_|*MultipleSource*|security/tomoyo/common.h,1205|security/tomoyo/common.h,1205}"
CE0x7417800 "{CE0x7417800|tomoyo_domain:_tmp22|security/tomoyo/common.h,1205}"
CE0x75cc1e0 "{CE0x75cc1e0|tomoyo_domain:_tmp23|security/tomoyo/common.h,1205}"
CE0x4c1b1c0 "{CE0x4c1b1c0|_ret_%struct.tomoyo_domain_info*_%tmp23,_!dbg_!38929|security/tomoyo/common.h,1205}"
CE0x5a70700 "{CE0x5a70700|tomoyo_init_request_info:_call|security/tomoyo/util.c,1005}"
CE0x5a70690 "{CE0x5a70690|tomoyo_init_request_info:_domain.addr.0}"
CE0x4cd3730 "{CE0x4cd3730|0:_%struct.tomoyo_obj_info*,_24:_%struct.tomoyo_path_info*,_32:_i64,_40:_i8,_72:_i8,_76:_i8,_:_SCMRE_16,24_|*MultipleSource*|security/tomoyo/file.c,693|security/tomoyo/file.c, 693|security/tomoyo/file.c,707|Function::tomoyo_init_request_info&Arg::r::}"
CONST[source:0(mediator),value:2(dynamic)][purpose:{subject}]


CONST[source:2(external),value:2(dynamic)][purpose:{subject}]  ->  CONST[source:0(mediator),value:2(dynamic)][purpose:{object}]
-----------
CONST[source:2(external),value:2(dynamic)][purpose:{subject}]
CE0x74110f0 "{CE0x74110f0|128:_i8*,_1208:_%struct.file*,_:_CMRE_128,136_|*MultipleSource*|security/tomoyo/common.h,1205|security/tomoyo/common.h,1205}"
CE0x7417800 "{CE0x7417800|tomoyo_domain:_tmp22|security/tomoyo/common.h,1205}"
CE0x75cc1e0 "{CE0x75cc1e0|tomoyo_domain:_tmp23|security/tomoyo/common.h,1205}"
CE0x4c1b1c0 "{CE0x4c1b1c0|_ret_%struct.tomoyo_domain_info*_%tmp23,_!dbg_!38929|security/tomoyo/common.h,1205}"
CE0x5a70700 "{CE0x5a70700|tomoyo_init_request_info:_call|security/tomoyo/util.c,1005}"
CE0x5a70690 "{CE0x5a70690|tomoyo_init_request_info:_domain.addr.0}"
CE0x5a7f290 "{CE0x5a7f290|tomoyo_init_request_info:_profile2|security/tomoyo/util.c,1007}"
CE0x5addec0 "{CE0x5addec0|tomoyo_init_request_info:_tmp11|security/tomoyo/util.c,1007}"
CE0x5a58da0 "{CE0x5a58da0|tomoyo_get_mode:_profile|Function::tomoyo_get_mode&Arg::profile::}"
CE0x5e13c40 "{CE0x5e13c40|COLLAPSED:_CRE:_elem_0:default:}"
CE0x75b9540 "{CE0x75b9540|tomoyo_get_mode:_tmp24|security/tomoyo/util.c,986}"
CE0x75b9380 "{CE0x75b9380|tomoyo_get_mode:_mode.1}"
CE0x4ef2450 "{CE0x4ef2450|tomoyo_get_mode:_conv15|security/tomoyo/util.c,987}"
CE0x4d47ae0 "{CE0x4d47ae0|tomoyo_get_mode:_and|security/tomoyo/util.c,987}"
CE0x4d48010 "{CE0x4d48010|tomoyo_get_mode:_retval.0}"
CE0x5a58ce0 "{CE0x5a58ce0|_ret_i32_%retval.0,_!dbg_!38935|security/tomoyo/util.c,988}"
CE0x5b51f90 "{CE0x5b51f90|tomoyo_init_request_info:_call4|security/tomoyo/util.c,1010}"
CE0x5f1c9f0 "{CE0x5f1c9f0|tomoyo_init_request_info:_conv|security/tomoyo/util.c,1010}"
CE0x4db37f0 "{CE0x4db37f0|0:_%struct.tomoyo_obj_info*,_24:_%struct.tomoyo_path_info*,_32:_i64,_40:_i8,_72:_i8,_76:_i8,_:_SCMRE_76,77_|*MultipleSource*|security/tomoyo/file.c,693|security/tomoyo/file.c, 693|security/tomoyo/file.c,707|Function::tomoyo_init_request_info&Arg::r::}"
CE0x4e13cc0 "{CE0x4e13cc0|tomoyo_init_request_info:_tmp13|*LoadInst*|security/tomoyo/util.c,1011}"
CE0x72df020 "{CE0x72df020|tomoyo_init_request_info:_conv6|security/tomoyo/util.c,1011}"
CE0x75e26f0 "{CE0x75e26f0|_ret_i32_%conv6,_!dbg_!38926|security/tomoyo/util.c,1011}"
CE0x5cd5f60 "{CE0x5cd5f60|tomoyo_path_number_perm:_call|security/tomoyo/file.c,701}"
CE0x762a240 "{CE0x762a240|tomoyo_path_number_perm:_cmp|security/tomoyo/file.c,702}"
CE0x5b44cd0 "{CE0x5b44cd0|tomoyo_path_number_perm:_if.end9}"
CE0x4c91330 "{CE0x4c91330|0:_%struct.tomoyo_obj_info*,_24:_%struct.tomoyo_path_info*,_32:_i64,_40:_i8,_72:_i8,_76:_i8,_:_SCMRE_30,31_}"
CONST[source:0(mediator),value:2(dynamic)][purpose:{object}]


