[tomoyo_socket_listen]

explicit:
CONST[source:0(mediator),value:2(dynamic)][purpose:{operation}][SrcIdx:5]  ->  CONST[source:0(mediator),value:0(static)][purpose:{operation}][SnkIdx:2]
-----------
CONST[source:0(mediator),value:2(dynamic)][purpose:{operation}][SrcIdx:5]
CE0x86c6340 "{CE0x86c6340|0:_i8,_1:_i8,_32:_i8*,_40:_i32,_:_CMR_0,1_|*MultipleSource*|Function::tomoyo_check_unix_address&Arg::address::|security/tomoyo/network.c,594}"
CE0x534e770 "{CE0x534e770|tomoyo_unix_entry:tmp37|*LoadInst*|security/tomoyo/network.c,566}"
CE0x527bd90 "{CE0x527bd90|24:_%struct.tomoyo_path_info*,_32:_i8,_33:_i8,_72:_i8,_:_SCMRE_32,33_}"
CONST[source:0(mediator),value:0(static)][purpose:{operation}][SnkIdx:2]


CONST[source:2(external),value:2(dynamic)][purpose:{subject}][SrcIdx:7]  ->  CONST[source:0(mediator),value:2(dynamic)][purpose:{subject}][SnkIdx:0]
-----------
CONST[source:2(external),value:2(dynamic)][purpose:{subject}][SrcIdx:7]
CE0x867dee0 "{CE0x867dee0|COLLAPSED:_GCRE_current_task_external_global_%struct.task_struct*:_elem_0::|security/tomoyo/common.h,1205}"
CE0x8811e50 "{CE0x8811e50|tomoyo_domain:tmp22|security/tomoyo/common.h,1205}"
CE0x51693f0 "{CE0x51693f0|tomoyo_domain:tmp23|security/tomoyo/common.h,1205}"
CE0x6f82840 "{CE0x6f82840|_ret_%struct.tomoyo_domain_info*_%tmp23,_!dbg_!38929|security/tomoyo/common.h,1205}"
CE0x6fb1ba0 "{CE0x6fb1ba0|tomoyo_init_request_info:call|security/tomoyo/util.c,1005}"
CE0x6f755a0 "{CE0x6f755a0|tomoyo_init_request_info:domain.addr.0}"
CE0x5259e30 "{CE0x5259e30|24:_%struct.tomoyo_path_info*,_32:_i8,_33:_i8,_72:_i8,_:_SCMRE_16,24_|*MultipleSource*|security/tomoyo/network.c, 544|security/tomoyo/network.c,544|Function::tomoyo_init_request_info&Arg::r::|security/tomoyo/network.c,565}"
CONST[source:0(mediator),value:2(dynamic)][purpose:{subject}][SnkIdx:0]


CONST[source:1(input),value:2(dynamic)][purpose:{operation}][SrcIdx:6]  ->  CONST[source:0(mediator),value:0(static)][purpose:{operation}][SnkIdx:3]
-----------
CONST[source:1(input),value:2(dynamic)][purpose:{operation}][SrcIdx:6]
CE0x8699280 "{CE0x8699280|0:_i8,_1:_i8,_32:_i8*,_40:_i32,_:_CMR_1,2_|*MultipleSource*|Function::tomoyo_check_unix_address&Arg::address::|security/tomoyo/network.c,594}"
CE0x534e5c0 "{CE0x534e5c0|tomoyo_unix_entry:tmp38|*LoadInst*|security/tomoyo/network.c,567}"
CE0x527bf30 "{CE0x527bf30|24:_%struct.tomoyo_path_info*,_32:_i8,_33:_i8,_72:_i8,_:_SCMRE_33,34_}"
CONST[source:0(mediator),value:0(static)][purpose:{operation}][SnkIdx:3]



implicit:
CONST[source:1(input),value:2(dynamic)][purpose:{operation}][SrcIdx:6]  ->  CONST[source:0(mediator),value:0(static)][purpose:{operation}][SnkIdx:3]
-----------
CONST[source:1(input),value:2(dynamic)][purpose:{operation}][SrcIdx:6]
CE0x8699280 "{CE0x8699280|0:_i8,_1:_i8,_32:_i8*,_40:_i32,_:_CMR_1,2_|*MultipleSource*|Function::tomoyo_check_unix_address&Arg::address::|security/tomoyo/network.c,594}"
CE0x534e5c0 "{CE0x534e5c0|tomoyo_unix_entry:tmp38|*LoadInst*|security/tomoyo/network.c,567}"
CE0x527bf30 "{CE0x527bf30|24:_%struct.tomoyo_path_info*,_32:_i8,_33:_i8,_72:_i8,_:_SCMRE_33,34_}"
CONST[source:0(mediator),value:0(static)][purpose:{operation}][SnkIdx:3]


CONST[source:1(input),value:2(dynamic)][purpose:{operation}][SrcIdx:6]  ->  CONST[source:0(mediator),value:2(dynamic)][purpose:{subject}][SnkIdx:0]
-----------
CONST[source:1(input),value:2(dynamic)][purpose:{operation}][SrcIdx:6]
CE0x8699280 "{CE0x8699280|0:_i8,_1:_i8,_32:_i8*,_40:_i32,_:_CMR_1,2_|*MultipleSource*|Function::tomoyo_check_unix_address&Arg::address::|security/tomoyo/network.c,594}"
CE0x85e0500 "{CE0x85e0500|tomoyo_unix_entry:tmp3|*LoadInst*|security/tomoyo/network.c,546}"
CE0x870ad90 "{CE0x870ad90|tomoyo_unix_entry:idxprom|security/tomoyo/network.c,546}"
CE0x8719a00 "{CE0x8719a00|tomoyo_unix_entry:arrayidx2|security/tomoyo/network.c,546}"
CE0x5e17590 "{CE0x5e17590|tomoyo_unix_entry:tmp5|security/tomoyo/network.c,546}"
CE0x7b82bf0 "{CE0x7b82bf0|tomoyo_unix_entry:conv|security/tomoyo/network.c,548}"
CE0x7b83140 "{CE0x7b83140|tomoyo_unix_entry:tobool|security/tomoyo/network.c,548}"
CE0x6d8e200 "{CE0x6d8e200|tomoyo_unix_entry:land.lhs.true}"
CE0x51f6010 "{CE0x51f6010|tomoyo_init_request_info:entry}"
CE0x6ecad50 "{CE0x6ecad50|tomoyo_init_request_info:if.end}"
CE0x5259e30 "{CE0x5259e30|24:_%struct.tomoyo_path_info*,_32:_i8,_33:_i8,_72:_i8,_:_SCMRE_16,24_|*MultipleSource*|security/tomoyo/network.c, 544|security/tomoyo/network.c,544|Function::tomoyo_init_request_info&Arg::r::|security/tomoyo/network.c,565}"
CONST[source:0(mediator),value:2(dynamic)][purpose:{subject}][SnkIdx:0]


CONST[source:1(input),value:2(dynamic)][purpose:{operation}][SrcIdx:6]  ->  CONST[source:0(mediator),value:2(dynamic)][purpose:{object}][SnkIdx:1]
-----------
CONST[source:1(input),value:2(dynamic)][purpose:{operation}][SrcIdx:6]
CE0x8699280 "{CE0x8699280|0:_i8,_1:_i8,_32:_i8*,_40:_i32,_:_CMR_1,2_|*MultipleSource*|Function::tomoyo_check_unix_address&Arg::address::|security/tomoyo/network.c,594}"
CE0x85e0500 "{CE0x85e0500|tomoyo_unix_entry:tmp3|*LoadInst*|security/tomoyo/network.c,546}"
CE0x870ad90 "{CE0x870ad90|tomoyo_unix_entry:idxprom|security/tomoyo/network.c,546}"
CE0x8719a00 "{CE0x8719a00|tomoyo_unix_entry:arrayidx2|security/tomoyo/network.c,546}"
CE0x5e17590 "{CE0x5e17590|tomoyo_unix_entry:tmp5|security/tomoyo/network.c,546}"
CE0x7b82bf0 "{CE0x7b82bf0|tomoyo_unix_entry:conv|security/tomoyo/network.c,548}"
CE0x7b83140 "{CE0x7b83140|tomoyo_unix_entry:tobool|security/tomoyo/network.c,548}"
CE0x6f2ed00 "{CE0x6f2ed00|tomoyo_unix_entry:if.then20}"
CE0x5275560 "{CE0x5275560|24:_%struct.tomoyo_path_info*,_32:_i8,_33:_i8,_72:_i8,_:_SCMRE_24,25_}"
CONST[source:0(mediator),value:2(dynamic)][purpose:{object}][SnkIdx:1]


CONST[source:1(input),value:2(dynamic)][purpose:{operation}][SrcIdx:6]  ->  CONST[source:0(mediator),value:0(static)][purpose:{operation}][SnkIdx:2]
-----------
CONST[source:1(input),value:2(dynamic)][purpose:{operation}][SrcIdx:6]
CE0x8699280 "{CE0x8699280|0:_i8,_1:_i8,_32:_i8*,_40:_i32,_:_CMR_1,2_|*MultipleSource*|Function::tomoyo_check_unix_address&Arg::address::|security/tomoyo/network.c,594}"
CE0x85e0500 "{CE0x85e0500|tomoyo_unix_entry:tmp3|*LoadInst*|security/tomoyo/network.c,546}"
CE0x870ad90 "{CE0x870ad90|tomoyo_unix_entry:idxprom|security/tomoyo/network.c,546}"
CE0x8719a00 "{CE0x8719a00|tomoyo_unix_entry:arrayidx2|security/tomoyo/network.c,546}"
CE0x5e17590 "{CE0x5e17590|tomoyo_unix_entry:tmp5|security/tomoyo/network.c,546}"
CE0x7b82bf0 "{CE0x7b82bf0|tomoyo_unix_entry:conv|security/tomoyo/network.c,548}"
CE0x7b83140 "{CE0x7b83140|tomoyo_unix_entry:tobool|security/tomoyo/network.c,548}"
CE0x6f2ed00 "{CE0x6f2ed00|tomoyo_unix_entry:if.then20}"
CE0x527bd90 "{CE0x527bd90|24:_%struct.tomoyo_path_info*,_32:_i8,_33:_i8,_72:_i8,_:_SCMRE_32,33_}"
CONST[source:0(mediator),value:0(static)][purpose:{operation}][SnkIdx:2]


CONST[source:2(external),value:2(dynamic)][purpose:{subject}][SrcIdx:7]  ->  CONST[source:0(mediator),value:0(static)][purpose:{operation}][SnkIdx:3]
-----------
CONST[source:2(external),value:2(dynamic)][purpose:{subject}][SrcIdx:7]
CE0x867dee0 "{CE0x867dee0|COLLAPSED:_GCRE_current_task_external_global_%struct.task_struct*:_elem_0::|security/tomoyo/common.h,1205}"
CE0x8811e50 "{CE0x8811e50|tomoyo_domain:tmp22|security/tomoyo/common.h,1205}"
CE0x51693f0 "{CE0x51693f0|tomoyo_domain:tmp23|security/tomoyo/common.h,1205}"
CE0x6f82840 "{CE0x6f82840|_ret_%struct.tomoyo_domain_info*_%tmp23,_!dbg_!38929|security/tomoyo/common.h,1205}"
CE0x6fb1ba0 "{CE0x6fb1ba0|tomoyo_init_request_info:call|security/tomoyo/util.c,1005}"
CE0x6f755a0 "{CE0x6f755a0|tomoyo_init_request_info:domain.addr.0}"
CE0x6f4fcd0 "{CE0x6f4fcd0|tomoyo_init_request_info:ns|security/tomoyo/util.c,1010}"
CE0x6f2c900 "{CE0x6f2c900|tomoyo_init_request_info:tmp12|security/tomoyo/util.c,1010}"
CE0x6d79cd0 "{CE0x6d79cd0|tomoyo_get_mode:ns|Function::tomoyo_get_mode&Arg::ns::}"
CE0x85d3ba0 "{CE0x85d3ba0|COLLAPSED:_CRE:_elem_0:default:}"
CE0x6c054e0 "{CE0x6c054e0|tomoyo_get_mode:tmp24|security/tomoyo/util.c,986}"
CE0x6c05bc0 "{CE0x6c05bc0|tomoyo_get_mode:mode.1}"
CE0x85ce9a0 "{CE0x85ce9a0|tomoyo_get_mode:conv15|security/tomoyo/util.c,987}"
CE0x5109990 "{CE0x5109990|tomoyo_get_mode:and|security/tomoyo/util.c,987}"
CE0x5109b60 "{CE0x5109b60|tomoyo_get_mode:retval.0}"
CE0x6e69050 "{CE0x6e69050|_ret_i32_%retval.0,_!dbg_!38935|security/tomoyo/util.c,988}"
CE0x6f2cbd0 "{CE0x6f2cbd0|tomoyo_init_request_info:call4|security/tomoyo/util.c,1010}"
CE0x6c4ccf0 "{CE0x6c4ccf0|tomoyo_init_request_info:conv|security/tomoyo/util.c,1010}"
CE0x5328040 "{CE0x5328040|24:_%struct.tomoyo_path_info*,_32:_i8,_33:_i8,_72:_i8,_:_SCMRE_76,77_|*MultipleSource*|security/tomoyo/network.c, 544|security/tomoyo/network.c,544|Function::tomoyo_init_request_info&Arg::r::|security/tomoyo/network.c,565}"
CE0x53938b0 "{CE0x53938b0|tomoyo_init_request_info:tmp13|*LoadInst*|security/tomoyo/util.c,1011}"
CE0x5393c30 "{CE0x5393c30|tomoyo_init_request_info:conv6|security/tomoyo/util.c,1011}"
CE0x5e76fa0 "{CE0x5e76fa0|_ret_i32_%conv6,_!dbg_!38926|security/tomoyo/util.c,1011}"
CE0x6c1e630 "{CE0x6c1e630|tomoyo_unix_entry:call3|security/tomoyo/network.c,548}"
CE0x50bf330 "{CE0x50bf330|tomoyo_unix_entry:cmp|security/tomoyo/network.c,549}"
CE0x6f2ed00 "{CE0x6f2ed00|tomoyo_unix_entry:if.then20}"
CE0x527bf30 "{CE0x527bf30|24:_%struct.tomoyo_path_info*,_32:_i8,_33:_i8,_72:_i8,_:_SCMRE_33,34_}"
CONST[source:0(mediator),value:0(static)][purpose:{operation}][SnkIdx:3]


CONST[source:2(external),value:2(dynamic)][purpose:{subject}][SrcIdx:7]  ->  CONST[source:0(mediator),value:2(dynamic)][purpose:{subject}][SnkIdx:0]
-----------
CONST[source:2(external),value:2(dynamic)][purpose:{subject}][SrcIdx:7]
CE0x867dee0 "{CE0x867dee0|COLLAPSED:_GCRE_current_task_external_global_%struct.task_struct*:_elem_0::|security/tomoyo/common.h,1205}"
CE0x8811e50 "{CE0x8811e50|tomoyo_domain:tmp22|security/tomoyo/common.h,1205}"
CE0x51693f0 "{CE0x51693f0|tomoyo_domain:tmp23|security/tomoyo/common.h,1205}"
CE0x6f82840 "{CE0x6f82840|_ret_%struct.tomoyo_domain_info*_%tmp23,_!dbg_!38929|security/tomoyo/common.h,1205}"
CE0x6fb1ba0 "{CE0x6fb1ba0|tomoyo_init_request_info:call|security/tomoyo/util.c,1005}"
CE0x6f755a0 "{CE0x6f755a0|tomoyo_init_request_info:domain.addr.0}"
CE0x5259e30 "{CE0x5259e30|24:_%struct.tomoyo_path_info*,_32:_i8,_33:_i8,_72:_i8,_:_SCMRE_16,24_|*MultipleSource*|security/tomoyo/network.c, 544|security/tomoyo/network.c,544|Function::tomoyo_init_request_info&Arg::r::|security/tomoyo/network.c,565}"
CONST[source:0(mediator),value:2(dynamic)][purpose:{subject}][SnkIdx:0]


CONST[source:2(external),value:2(dynamic)][purpose:{subject}][SrcIdx:7]  ->  CONST[source:0(mediator),value:2(dynamic)][purpose:{object}][SnkIdx:1]
-----------
CONST[source:2(external),value:2(dynamic)][purpose:{subject}][SrcIdx:7]
CE0x867dee0 "{CE0x867dee0|COLLAPSED:_GCRE_current_task_external_global_%struct.task_struct*:_elem_0::|security/tomoyo/common.h,1205}"
CE0x8811e50 "{CE0x8811e50|tomoyo_domain:tmp22|security/tomoyo/common.h,1205}"
CE0x51693f0 "{CE0x51693f0|tomoyo_domain:tmp23|security/tomoyo/common.h,1205}"
CE0x6f82840 "{CE0x6f82840|_ret_%struct.tomoyo_domain_info*_%tmp23,_!dbg_!38929|security/tomoyo/common.h,1205}"
CE0x6fb1ba0 "{CE0x6fb1ba0|tomoyo_init_request_info:call|security/tomoyo/util.c,1005}"
CE0x6f755a0 "{CE0x6f755a0|tomoyo_init_request_info:domain.addr.0}"
CE0x6f4fcd0 "{CE0x6f4fcd0|tomoyo_init_request_info:ns|security/tomoyo/util.c,1010}"
CE0x6f2c900 "{CE0x6f2c900|tomoyo_init_request_info:tmp12|security/tomoyo/util.c,1010}"
CE0x6d79cd0 "{CE0x6d79cd0|tomoyo_get_mode:ns|Function::tomoyo_get_mode&Arg::ns::}"
CE0x85d3ba0 "{CE0x85d3ba0|COLLAPSED:_CRE:_elem_0:default:}"
CE0x6c054e0 "{CE0x6c054e0|tomoyo_get_mode:tmp24|security/tomoyo/util.c,986}"
CE0x6c05bc0 "{CE0x6c05bc0|tomoyo_get_mode:mode.1}"
CE0x85ce9a0 "{CE0x85ce9a0|tomoyo_get_mode:conv15|security/tomoyo/util.c,987}"
CE0x5109990 "{CE0x5109990|tomoyo_get_mode:and|security/tomoyo/util.c,987}"
CE0x5109b60 "{CE0x5109b60|tomoyo_get_mode:retval.0}"
CE0x6e69050 "{CE0x6e69050|_ret_i32_%retval.0,_!dbg_!38935|security/tomoyo/util.c,988}"
CE0x6f2cbd0 "{CE0x6f2cbd0|tomoyo_init_request_info:call4|security/tomoyo/util.c,1010}"
CE0x6c4ccf0 "{CE0x6c4ccf0|tomoyo_init_request_info:conv|security/tomoyo/util.c,1010}"
CE0x5328040 "{CE0x5328040|24:_%struct.tomoyo_path_info*,_32:_i8,_33:_i8,_72:_i8,_:_SCMRE_76,77_|*MultipleSource*|security/tomoyo/network.c, 544|security/tomoyo/network.c,544|Function::tomoyo_init_request_info&Arg::r::|security/tomoyo/network.c,565}"
CE0x53938b0 "{CE0x53938b0|tomoyo_init_request_info:tmp13|*LoadInst*|security/tomoyo/util.c,1011}"
CE0x5393c30 "{CE0x5393c30|tomoyo_init_request_info:conv6|security/tomoyo/util.c,1011}"
CE0x5e76fa0 "{CE0x5e76fa0|_ret_i32_%conv6,_!dbg_!38926|security/tomoyo/util.c,1011}"
CE0x6c1e630 "{CE0x6c1e630|tomoyo_unix_entry:call3|security/tomoyo/network.c,548}"
CE0x50bf330 "{CE0x50bf330|tomoyo_unix_entry:cmp|security/tomoyo/network.c,549}"
CE0x6f2ed00 "{CE0x6f2ed00|tomoyo_unix_entry:if.then20}"
CE0x5275560 "{CE0x5275560|24:_%struct.tomoyo_path_info*,_32:_i8,_33:_i8,_72:_i8,_:_SCMRE_24,25_}"
CONST[source:0(mediator),value:2(dynamic)][purpose:{object}][SnkIdx:1]


CONST[source:2(external),value:2(dynamic)][purpose:{subject}][SrcIdx:7]  ->  CONST[source:0(mediator),value:0(static)][purpose:{operation}][SnkIdx:2]
-----------
CONST[source:2(external),value:2(dynamic)][purpose:{subject}][SrcIdx:7]
CE0x867dee0 "{CE0x867dee0|COLLAPSED:_GCRE_current_task_external_global_%struct.task_struct*:_elem_0::|security/tomoyo/common.h,1205}"
CE0x8811e50 "{CE0x8811e50|tomoyo_domain:tmp22|security/tomoyo/common.h,1205}"
CE0x51693f0 "{CE0x51693f0|tomoyo_domain:tmp23|security/tomoyo/common.h,1205}"
CE0x6f82840 "{CE0x6f82840|_ret_%struct.tomoyo_domain_info*_%tmp23,_!dbg_!38929|security/tomoyo/common.h,1205}"
CE0x6fb1ba0 "{CE0x6fb1ba0|tomoyo_init_request_info:call|security/tomoyo/util.c,1005}"
CE0x6f755a0 "{CE0x6f755a0|tomoyo_init_request_info:domain.addr.0}"
CE0x6f4fcd0 "{CE0x6f4fcd0|tomoyo_init_request_info:ns|security/tomoyo/util.c,1010}"
CE0x6f2c900 "{CE0x6f2c900|tomoyo_init_request_info:tmp12|security/tomoyo/util.c,1010}"
CE0x6d79cd0 "{CE0x6d79cd0|tomoyo_get_mode:ns|Function::tomoyo_get_mode&Arg::ns::}"
CE0x85d3ba0 "{CE0x85d3ba0|COLLAPSED:_CRE:_elem_0:default:}"
CE0x6c054e0 "{CE0x6c054e0|tomoyo_get_mode:tmp24|security/tomoyo/util.c,986}"
CE0x6c05bc0 "{CE0x6c05bc0|tomoyo_get_mode:mode.1}"
CE0x85ce9a0 "{CE0x85ce9a0|tomoyo_get_mode:conv15|security/tomoyo/util.c,987}"
CE0x5109990 "{CE0x5109990|tomoyo_get_mode:and|security/tomoyo/util.c,987}"
CE0x5109b60 "{CE0x5109b60|tomoyo_get_mode:retval.0}"
CE0x6e69050 "{CE0x6e69050|_ret_i32_%retval.0,_!dbg_!38935|security/tomoyo/util.c,988}"
CE0x6f2cbd0 "{CE0x6f2cbd0|tomoyo_init_request_info:call4|security/tomoyo/util.c,1010}"
CE0x6c4ccf0 "{CE0x6c4ccf0|tomoyo_init_request_info:conv|security/tomoyo/util.c,1010}"
CE0x5328040 "{CE0x5328040|24:_%struct.tomoyo_path_info*,_32:_i8,_33:_i8,_72:_i8,_:_SCMRE_76,77_|*MultipleSource*|security/tomoyo/network.c, 544|security/tomoyo/network.c,544|Function::tomoyo_init_request_info&Arg::r::|security/tomoyo/network.c,565}"
CE0x53938b0 "{CE0x53938b0|tomoyo_init_request_info:tmp13|*LoadInst*|security/tomoyo/util.c,1011}"
CE0x5393c30 "{CE0x5393c30|tomoyo_init_request_info:conv6|security/tomoyo/util.c,1011}"
CE0x5e76fa0 "{CE0x5e76fa0|_ret_i32_%conv6,_!dbg_!38926|security/tomoyo/util.c,1011}"
CE0x6c1e630 "{CE0x6c1e630|tomoyo_unix_entry:call3|security/tomoyo/network.c,548}"
CE0x50bf330 "{CE0x50bf330|tomoyo_unix_entry:cmp|security/tomoyo/network.c,549}"
CE0x6f2ed00 "{CE0x6f2ed00|tomoyo_unix_entry:if.then20}"
CE0x527bd90 "{CE0x527bd90|24:_%struct.tomoyo_path_info*,_32:_i8,_33:_i8,_72:_i8,_:_SCMRE_32,33_}"
CONST[source:0(mediator),value:0(static)][purpose:{operation}][SnkIdx:2]


CONST[source:1(input),value:2(dynamic)][purpose:{object}][SrcIdx:3]  ->  CONST[source:0(mediator),value:0(static)][purpose:{operation}][SnkIdx:3]
-----------
CONST[source:1(input),value:2(dynamic)][purpose:{object}][SrcIdx:3]
CE0x88aa270 "{CE0x88aa270|tomoyo_check_unix_address:addr_len|Function::tomoyo_check_unix_address&Arg::addr_len::|*SummSource*}"
CE0x88aa200 "{CE0x88aa200|tomoyo_check_unix_address:addr_len|Function::tomoyo_check_unix_address&Arg::addr_len::}"
CE0x85788e0 "{CE0x85788e0|0:_i8,_1:_i8,_32:_i8*,_40:_i32,_:_CMR_40,44_|*MultipleSource*|Function::tomoyo_check_unix_address&Arg::address::|security/tomoyo/network.c,594}"
CE0x6f56800 "{CE0x6f56800|tomoyo_unix_entry:tmp15|security/tomoyo/network.c,551}"
CE0x6f56de0 "{CE0x6f56de0|tomoyo_unix_entry:conv6|security/tomoyo/network.c,551}"
CE0x6f566b0 "{CE0x6f566b0|tomoyo_unix_entry:sub|security/tomoyo/network.c,551}"
CE0x8537080 "{CE0x8537080|tomoyo_unix_entry:conv7|security/tomoyo/network.c,551}"
CE0x5e4a410 "{CE0x5e4a410|tomoyo_unix_entry:len.0}"
CE0x5e968d0 "{CE0x5e968d0|tomoyo_unix_entry:len.1}"
CE0x5e96c70 "{CE0x5e96c70|tomoyo_unix_entry:call18|security/tomoyo/network.c,559}"
CE0x5ea4a20 "{CE0x5ea4a20|tomoyo_unix_entry:tobool19|security/tomoyo/network.c,560}"
CE0x6f2ed00 "{CE0x6f2ed00|tomoyo_unix_entry:if.then20}"
CE0x527bf30 "{CE0x527bf30|24:_%struct.tomoyo_path_info*,_32:_i8,_33:_i8,_72:_i8,_:_SCMRE_33,34_}"
CONST[source:0(mediator),value:0(static)][purpose:{operation}][SnkIdx:3]


CONST[source:1(input),value:2(dynamic)][purpose:{object}][SrcIdx:3]  ->  CONST[source:0(mediator),value:2(dynamic)][purpose:{object}][SnkIdx:1]
-----------
CONST[source:1(input),value:2(dynamic)][purpose:{object}][SrcIdx:3]
CE0x88aa270 "{CE0x88aa270|tomoyo_check_unix_address:addr_len|Function::tomoyo_check_unix_address&Arg::addr_len::|*SummSource*}"
CE0x88aa200 "{CE0x88aa200|tomoyo_check_unix_address:addr_len|Function::tomoyo_check_unix_address&Arg::addr_len::}"
CE0x85788e0 "{CE0x85788e0|0:_i8,_1:_i8,_32:_i8*,_40:_i32,_:_CMR_40,44_|*MultipleSource*|Function::tomoyo_check_unix_address&Arg::address::|security/tomoyo/network.c,594}"
CE0x6f56800 "{CE0x6f56800|tomoyo_unix_entry:tmp15|security/tomoyo/network.c,551}"
CE0x6f56de0 "{CE0x6f56de0|tomoyo_unix_entry:conv6|security/tomoyo/network.c,551}"
CE0x6f566b0 "{CE0x6f566b0|tomoyo_unix_entry:sub|security/tomoyo/network.c,551}"
CE0x8537080 "{CE0x8537080|tomoyo_unix_entry:conv7|security/tomoyo/network.c,551}"
CE0x5e4a410 "{CE0x5e4a410|tomoyo_unix_entry:len.0}"
CE0x5e968d0 "{CE0x5e968d0|tomoyo_unix_entry:len.1}"
CE0x5e96c70 "{CE0x5e96c70|tomoyo_unix_entry:call18|security/tomoyo/network.c,559}"
CE0x5ea4a20 "{CE0x5ea4a20|tomoyo_unix_entry:tobool19|security/tomoyo/network.c,560}"
CE0x6f2ed00 "{CE0x6f2ed00|tomoyo_unix_entry:if.then20}"
CE0x5275560 "{CE0x5275560|24:_%struct.tomoyo_path_info*,_32:_i8,_33:_i8,_72:_i8,_:_SCMRE_24,25_}"
CONST[source:0(mediator),value:2(dynamic)][purpose:{object}][SnkIdx:1]


CONST[source:1(input),value:2(dynamic)][purpose:{object}][SrcIdx:3]  ->  CONST[source:0(mediator),value:0(static)][purpose:{operation}][SnkIdx:2]
-----------
CONST[source:1(input),value:2(dynamic)][purpose:{object}][SrcIdx:3]
CE0x88aa270 "{CE0x88aa270|tomoyo_check_unix_address:addr_len|Function::tomoyo_check_unix_address&Arg::addr_len::|*SummSource*}"
CE0x88aa200 "{CE0x88aa200|tomoyo_check_unix_address:addr_len|Function::tomoyo_check_unix_address&Arg::addr_len::}"
CE0x85788e0 "{CE0x85788e0|0:_i8,_1:_i8,_32:_i8*,_40:_i32,_:_CMR_40,44_|*MultipleSource*|Function::tomoyo_check_unix_address&Arg::address::|security/tomoyo/network.c,594}"
CE0x6f56800 "{CE0x6f56800|tomoyo_unix_entry:tmp15|security/tomoyo/network.c,551}"
CE0x6f56de0 "{CE0x6f56de0|tomoyo_unix_entry:conv6|security/tomoyo/network.c,551}"
CE0x6f566b0 "{CE0x6f566b0|tomoyo_unix_entry:sub|security/tomoyo/network.c,551}"
CE0x8537080 "{CE0x8537080|tomoyo_unix_entry:conv7|security/tomoyo/network.c,551}"
CE0x5e4a410 "{CE0x5e4a410|tomoyo_unix_entry:len.0}"
CE0x5e968d0 "{CE0x5e968d0|tomoyo_unix_entry:len.1}"
CE0x5e96c70 "{CE0x5e96c70|tomoyo_unix_entry:call18|security/tomoyo/network.c,559}"
CE0x5ea4a20 "{CE0x5ea4a20|tomoyo_unix_entry:tobool19|security/tomoyo/network.c,560}"
CE0x6f2ed00 "{CE0x6f2ed00|tomoyo_unix_entry:if.then20}"
CE0x527bd90 "{CE0x527bd90|24:_%struct.tomoyo_path_info*,_32:_i8,_33:_i8,_72:_i8,_:_SCMRE_32,33_}"
CONST[source:0(mediator),value:0(static)][purpose:{operation}][SnkIdx:2]


CONST[source:1(input),value:2(dynamic)][purpose:{object}][SrcIdx:4]  ->  CONST[source:0(mediator),value:0(static)][purpose:{operation}][SnkIdx:3]
-----------
CONST[source:1(input),value:2(dynamic)][purpose:{object}][SrcIdx:4]
CE0x8650730 "{CE0x8650730|0:_i64*,_array:_GI___llvm_gcda_edge_table14_internal_unnamed_addr_constant_3_x_i64*_i64*_getelementptr_inbounds_(_30_x_i64_,_30_x_i64_*___llvm_gcov_ctr13,_i64_0,_i64_9),_i64*_getelementptr_inbounds_(_30_x_i64_,_30_x_i64_*___llvm_gcov_ctr13,_i64_0,_i64_11),_i64*_getelementptr_inbounds_(_30_x_i64_,_30_x_i64_*___llvm_gcov_ctr13,_i64_0,_i64_12)_0,2_|*MultipleSource*|Function::tomoyo_check_unix_address&Arg::addr::|security/tomoyo/network.c,596}"
CE0x5e96c70 "{CE0x5e96c70|tomoyo_unix_entry:call18|security/tomoyo/network.c,559}"
CE0x5ea4a20 "{CE0x5ea4a20|tomoyo_unix_entry:tobool19|security/tomoyo/network.c,560}"
CE0x6f2ed00 "{CE0x6f2ed00|tomoyo_unix_entry:if.then20}"
CE0x527bf30 "{CE0x527bf30|24:_%struct.tomoyo_path_info*,_32:_i8,_33:_i8,_72:_i8,_:_SCMRE_33,34_}"
CONST[source:0(mediator),value:0(static)][purpose:{operation}][SnkIdx:3]


CONST[source:1(input),value:2(dynamic)][purpose:{object}][SrcIdx:4]  ->  CONST[source:0(mediator),value:2(dynamic)][purpose:{subject}][SnkIdx:0]
-----------
CONST[source:1(input),value:2(dynamic)][purpose:{object}][SrcIdx:4]
CE0x8650730 "{CE0x8650730|0:_i64*,_array:_GI___llvm_gcda_edge_table14_internal_unnamed_addr_constant_3_x_i64*_i64*_getelementptr_inbounds_(_30_x_i64_,_30_x_i64_*___llvm_gcov_ctr13,_i64_0,_i64_9),_i64*_getelementptr_inbounds_(_30_x_i64_,_30_x_i64_*___llvm_gcov_ctr13,_i64_0,_i64_11),_i64*_getelementptr_inbounds_(_30_x_i64_,_30_x_i64_*___llvm_gcov_ctr13,_i64_0,_i64_12)_0,2_|*MultipleSource*|Function::tomoyo_check_unix_address&Arg::addr::|security/tomoyo/network.c,596}"
CE0x85b0e80 "{CE0x85b0e80|tomoyo_check_unix_address:tmp2|*LoadInst*|security/tomoyo/network.c,596}"
CE0x85b6f00 "{CE0x85b6f00|tomoyo_check_unix_address:conv|security/tomoyo/network.c,596}"
CE0x87c43c0 "{CE0x87c43c0|tomoyo_check_unix_address:cmp|security/tomoyo/network.c,596}"
CE0x85e74a0 "{CE0x85e74a0|tomoyo_check_unix_address:if.end}"
CE0x6c70b60 "{CE0x6c70b60|tomoyo_unix_entry:entry}"
CE0x519cff0 "{CE0x519cff0|tomoyo_unix_entry:r|security/tomoyo/network.c, 544}"
CE0x5f5a5a0 "{CE0x5f5a5a0|tomoyo_init_request_info:r|Function::tomoyo_init_request_info&Arg::r::}"
CE0x6e80820 "{CE0x6e80820|tomoyo_init_request_info:domain1|security/tomoyo/util.c,1006}"
CE0x5259e30 "{CE0x5259e30|24:_%struct.tomoyo_path_info*,_32:_i8,_33:_i8,_72:_i8,_:_SCMRE_16,24_|*MultipleSource*|security/tomoyo/network.c, 544|security/tomoyo/network.c,544|Function::tomoyo_init_request_info&Arg::r::|security/tomoyo/network.c,565}"
CONST[source:0(mediator),value:2(dynamic)][purpose:{subject}][SnkIdx:0]


CONST[source:1(input),value:2(dynamic)][purpose:{object}][SrcIdx:4]  ->  CONST[source:0(mediator),value:2(dynamic)][purpose:{object}][SnkIdx:1]
-----------
CONST[source:1(input),value:2(dynamic)][purpose:{object}][SrcIdx:4]
CE0x8650730 "{CE0x8650730|0:_i64*,_array:_GI___llvm_gcda_edge_table14_internal_unnamed_addr_constant_3_x_i64*_i64*_getelementptr_inbounds_(_30_x_i64_,_30_x_i64_*___llvm_gcov_ctr13,_i64_0,_i64_9),_i64*_getelementptr_inbounds_(_30_x_i64_,_30_x_i64_*___llvm_gcov_ctr13,_i64_0,_i64_11),_i64*_getelementptr_inbounds_(_30_x_i64_,_30_x_i64_*___llvm_gcov_ctr13,_i64_0,_i64_12)_0,2_|*MultipleSource*|Function::tomoyo_check_unix_address&Arg::addr::|security/tomoyo/network.c,596}"
CE0x5e96c70 "{CE0x5e96c70|tomoyo_unix_entry:call18|security/tomoyo/network.c,559}"
CE0x5ea4a20 "{CE0x5ea4a20|tomoyo_unix_entry:tobool19|security/tomoyo/network.c,560}"
CE0x6f2ed00 "{CE0x6f2ed00|tomoyo_unix_entry:if.then20}"
CE0x5275560 "{CE0x5275560|24:_%struct.tomoyo_path_info*,_32:_i8,_33:_i8,_72:_i8,_:_SCMRE_24,25_}"
CONST[source:0(mediator),value:2(dynamic)][purpose:{object}][SnkIdx:1]


CONST[source:1(input),value:2(dynamic)][purpose:{object}][SrcIdx:4]  ->  CONST[source:0(mediator),value:0(static)][purpose:{operation}][SnkIdx:2]
-----------
CONST[source:1(input),value:2(dynamic)][purpose:{object}][SrcIdx:4]
CE0x8650730 "{CE0x8650730|0:_i64*,_array:_GI___llvm_gcda_edge_table14_internal_unnamed_addr_constant_3_x_i64*_i64*_getelementptr_inbounds_(_30_x_i64_,_30_x_i64_*___llvm_gcov_ctr13,_i64_0,_i64_9),_i64*_getelementptr_inbounds_(_30_x_i64_,_30_x_i64_*___llvm_gcov_ctr13,_i64_0,_i64_11),_i64*_getelementptr_inbounds_(_30_x_i64_,_30_x_i64_*___llvm_gcov_ctr13,_i64_0,_i64_12)_0,2_|*MultipleSource*|Function::tomoyo_check_unix_address&Arg::addr::|security/tomoyo/network.c,596}"
CE0x5e96c70 "{CE0x5e96c70|tomoyo_unix_entry:call18|security/tomoyo/network.c,559}"
CE0x5ea4a20 "{CE0x5ea4a20|tomoyo_unix_entry:tobool19|security/tomoyo/network.c,560}"
CE0x6f2ed00 "{CE0x6f2ed00|tomoyo_unix_entry:if.then20}"
CE0x527bd90 "{CE0x527bd90|24:_%struct.tomoyo_path_info*,_32:_i8,_33:_i8,_72:_i8,_:_SCMRE_32,33_}"
CONST[source:0(mediator),value:0(static)][purpose:{operation}][SnkIdx:2]


CONST[source:1(input),value:2(dynamic)][purpose:{object}][SrcIdx:2]  ->  CONST[source:0(mediator),value:0(static)][purpose:{operation}][SnkIdx:3]
-----------
CONST[source:1(input),value:2(dynamic)][purpose:{object}][SrcIdx:2]
CE0x86c5fe0 "{CE0x86c5fe0|0:_i8,_1:_i8,_32:_i8*,_40:_i32,_:_CMR_32,40_|*MultipleSource*|Function::tomoyo_check_unix_address&Arg::address::|security/tomoyo/network.c,594}"
CE0x85e6870 "{CE0x85e6870|tomoyo_unix_entry:tmp14|security/tomoyo/network.c,550}"
CE0x5e7d010 "{CE0x5e7d010|tomoyo_unix_entry:buf.0}"
CE0x5e96c70 "{CE0x5e96c70|tomoyo_unix_entry:call18|security/tomoyo/network.c,559}"
CE0x5ea4a20 "{CE0x5ea4a20|tomoyo_unix_entry:tobool19|security/tomoyo/network.c,560}"
CE0x6f2ed00 "{CE0x6f2ed00|tomoyo_unix_entry:if.then20}"
CE0x527bf30 "{CE0x527bf30|24:_%struct.tomoyo_path_info*,_32:_i8,_33:_i8,_72:_i8,_:_SCMRE_33,34_}"
CONST[source:0(mediator),value:0(static)][purpose:{operation}][SnkIdx:3]


CONST[source:1(input),value:2(dynamic)][purpose:{object}][SrcIdx:2]  ->  CONST[source:0(mediator),value:2(dynamic)][purpose:{object}][SnkIdx:1]
-----------
CONST[source:1(input),value:2(dynamic)][purpose:{object}][SrcIdx:2]
CE0x86c5fe0 "{CE0x86c5fe0|0:_i8,_1:_i8,_32:_i8*,_40:_i32,_:_CMR_32,40_|*MultipleSource*|Function::tomoyo_check_unix_address&Arg::address::|security/tomoyo/network.c,594}"
CE0x85e6870 "{CE0x85e6870|tomoyo_unix_entry:tmp14|security/tomoyo/network.c,550}"
CE0x5e7d010 "{CE0x5e7d010|tomoyo_unix_entry:buf.0}"
CE0x5e96c70 "{CE0x5e96c70|tomoyo_unix_entry:call18|security/tomoyo/network.c,559}"
CE0x5ea4a20 "{CE0x5ea4a20|tomoyo_unix_entry:tobool19|security/tomoyo/network.c,560}"
CE0x6f2ed00 "{CE0x6f2ed00|tomoyo_unix_entry:if.then20}"
CE0x5275560 "{CE0x5275560|24:_%struct.tomoyo_path_info*,_32:_i8,_33:_i8,_72:_i8,_:_SCMRE_24,25_}"
CONST[source:0(mediator),value:2(dynamic)][purpose:{object}][SnkIdx:1]


CONST[source:1(input),value:2(dynamic)][purpose:{object}][SrcIdx:2]  ->  CONST[source:0(mediator),value:0(static)][purpose:{operation}][SnkIdx:2]
-----------
CONST[source:1(input),value:2(dynamic)][purpose:{object}][SrcIdx:2]
CE0x86c5fe0 "{CE0x86c5fe0|0:_i8,_1:_i8,_32:_i8*,_40:_i32,_:_CMR_32,40_|*MultipleSource*|Function::tomoyo_check_unix_address&Arg::address::|security/tomoyo/network.c,594}"
CE0x85e6870 "{CE0x85e6870|tomoyo_unix_entry:tmp14|security/tomoyo/network.c,550}"
CE0x5e7d010 "{CE0x5e7d010|tomoyo_unix_entry:buf.0}"
CE0x5e96c70 "{CE0x5e96c70|tomoyo_unix_entry:call18|security/tomoyo/network.c,559}"
CE0x5ea4a20 "{CE0x5ea4a20|tomoyo_unix_entry:tobool19|security/tomoyo/network.c,560}"
CE0x6f2ed00 "{CE0x6f2ed00|tomoyo_unix_entry:if.then20}"
CE0x527bd90 "{CE0x527bd90|24:_%struct.tomoyo_path_info*,_32:_i8,_33:_i8,_72:_i8,_:_SCMRE_32,33_}"
CONST[source:0(mediator),value:0(static)][purpose:{operation}][SnkIdx:2]


CONST[source:0(mediator),value:2(dynamic)][purpose:{operation}][SrcIdx:5]  ->  CONST[source:0(mediator),value:0(static)][purpose:{operation}][SnkIdx:3]
-----------
CONST[source:0(mediator),value:2(dynamic)][purpose:{operation}][SrcIdx:5]
CE0x86c6340 "{CE0x86c6340|0:_i8,_1:_i8,_32:_i8*,_40:_i32,_:_CMR_0,1_|*MultipleSource*|Function::tomoyo_check_unix_address&Arg::address::|security/tomoyo/network.c,594}"
CE0x5fa8320 "{CE0x5fa8320|tomoyo_unix_entry:tmp4|*LoadInst*|security/tomoyo/network.c,546}"
CE0x883e0b0 "{CE0x883e0b0|tomoyo_unix_entry:idxprom1|security/tomoyo/network.c,546}"
CE0x883e5e0 "{CE0x883e5e0|tomoyo_unix_entry:arrayidx|security/tomoyo/network.c,546}"
CE0x8719a00 "{CE0x8719a00|tomoyo_unix_entry:arrayidx2|security/tomoyo/network.c,546}"
CE0x5e17590 "{CE0x5e17590|tomoyo_unix_entry:tmp5|security/tomoyo/network.c,546}"
CE0x7b82bf0 "{CE0x7b82bf0|tomoyo_unix_entry:conv|security/tomoyo/network.c,548}"
CE0x7b83140 "{CE0x7b83140|tomoyo_unix_entry:tobool|security/tomoyo/network.c,548}"
CE0x6f2ed00 "{CE0x6f2ed00|tomoyo_unix_entry:if.then20}"
CE0x527bf30 "{CE0x527bf30|24:_%struct.tomoyo_path_info*,_32:_i8,_33:_i8,_72:_i8,_:_SCMRE_33,34_}"
CONST[source:0(mediator),value:0(static)][purpose:{operation}][SnkIdx:3]


CONST[source:0(mediator),value:2(dynamic)][purpose:{operation}][SrcIdx:5]  ->  CONST[source:0(mediator),value:2(dynamic)][purpose:{subject}][SnkIdx:0]
-----------
CONST[source:0(mediator),value:2(dynamic)][purpose:{operation}][SrcIdx:5]
CE0x86c6340 "{CE0x86c6340|0:_i8,_1:_i8,_32:_i8*,_40:_i32,_:_CMR_0,1_|*MultipleSource*|Function::tomoyo_check_unix_address&Arg::address::|security/tomoyo/network.c,594}"
CE0x5fa8320 "{CE0x5fa8320|tomoyo_unix_entry:tmp4|*LoadInst*|security/tomoyo/network.c,546}"
CE0x883e0b0 "{CE0x883e0b0|tomoyo_unix_entry:idxprom1|security/tomoyo/network.c,546}"
CE0x883e5e0 "{CE0x883e5e0|tomoyo_unix_entry:arrayidx|security/tomoyo/network.c,546}"
CE0x8719a00 "{CE0x8719a00|tomoyo_unix_entry:arrayidx2|security/tomoyo/network.c,546}"
CE0x5e17590 "{CE0x5e17590|tomoyo_unix_entry:tmp5|security/tomoyo/network.c,546}"
CE0x7b82bf0 "{CE0x7b82bf0|tomoyo_unix_entry:conv|security/tomoyo/network.c,548}"
CE0x7b83140 "{CE0x7b83140|tomoyo_unix_entry:tobool|security/tomoyo/network.c,548}"
CE0x6d8e200 "{CE0x6d8e200|tomoyo_unix_entry:land.lhs.true}"
CE0x51f6010 "{CE0x51f6010|tomoyo_init_request_info:entry}"
CE0x6ecad50 "{CE0x6ecad50|tomoyo_init_request_info:if.end}"
CE0x5259e30 "{CE0x5259e30|24:_%struct.tomoyo_path_info*,_32:_i8,_33:_i8,_72:_i8,_:_SCMRE_16,24_|*MultipleSource*|security/tomoyo/network.c, 544|security/tomoyo/network.c,544|Function::tomoyo_init_request_info&Arg::r::|security/tomoyo/network.c,565}"
CONST[source:0(mediator),value:2(dynamic)][purpose:{subject}][SnkIdx:0]


CONST[source:0(mediator),value:2(dynamic)][purpose:{operation}][SrcIdx:5]  ->  CONST[source:0(mediator),value:2(dynamic)][purpose:{object}][SnkIdx:1]
-----------
CONST[source:0(mediator),value:2(dynamic)][purpose:{operation}][SrcIdx:5]
CE0x86c6340 "{CE0x86c6340|0:_i8,_1:_i8,_32:_i8*,_40:_i32,_:_CMR_0,1_|*MultipleSource*|Function::tomoyo_check_unix_address&Arg::address::|security/tomoyo/network.c,594}"
CE0x5fa8320 "{CE0x5fa8320|tomoyo_unix_entry:tmp4|*LoadInst*|security/tomoyo/network.c,546}"
CE0x883e0b0 "{CE0x883e0b0|tomoyo_unix_entry:idxprom1|security/tomoyo/network.c,546}"
CE0x883e5e0 "{CE0x883e5e0|tomoyo_unix_entry:arrayidx|security/tomoyo/network.c,546}"
CE0x8719a00 "{CE0x8719a00|tomoyo_unix_entry:arrayidx2|security/tomoyo/network.c,546}"
CE0x5e17590 "{CE0x5e17590|tomoyo_unix_entry:tmp5|security/tomoyo/network.c,546}"
CE0x7b82bf0 "{CE0x7b82bf0|tomoyo_unix_entry:conv|security/tomoyo/network.c,548}"
CE0x7b83140 "{CE0x7b83140|tomoyo_unix_entry:tobool|security/tomoyo/network.c,548}"
CE0x6f2ed00 "{CE0x6f2ed00|tomoyo_unix_entry:if.then20}"
CE0x5275560 "{CE0x5275560|24:_%struct.tomoyo_path_info*,_32:_i8,_33:_i8,_72:_i8,_:_SCMRE_24,25_}"
CONST[source:0(mediator),value:2(dynamic)][purpose:{object}][SnkIdx:1]


CONST[source:0(mediator),value:2(dynamic)][purpose:{operation}][SrcIdx:5]  ->  CONST[source:0(mediator),value:0(static)][purpose:{operation}][SnkIdx:2]
-----------
CONST[source:0(mediator),value:2(dynamic)][purpose:{operation}][SrcIdx:5]
CE0x86c6340 "{CE0x86c6340|0:_i8,_1:_i8,_32:_i8*,_40:_i32,_:_CMR_0,1_|*MultipleSource*|Function::tomoyo_check_unix_address&Arg::address::|security/tomoyo/network.c,594}"
CE0x534e770 "{CE0x534e770|tomoyo_unix_entry:tmp37|*LoadInst*|security/tomoyo/network.c,566}"
CE0x527bd90 "{CE0x527bd90|24:_%struct.tomoyo_path_info*,_32:_i8,_33:_i8,_72:_i8,_:_SCMRE_32,33_}"
CONST[source:0(mediator),value:0(static)][purpose:{operation}][SnkIdx:2]


