[apparmor_path_mknod]

explicit:
CONST[source:1(input),value:2(dynamic)][purpose:{object}]  ->  CONST[source:1(input),value:2(dynamic)][purpose:{subject}]
-----------
CONST[source:1(input),value:2(dynamic)][purpose:{object}]
CE0x5a35830 "{CE0x5a35830|apparmor_path_mknod:_mode|Function::apparmor_path_mknod&Arg::mode::|*SummSource*}"
CE0x5a35410 "{CE0x5a35410|apparmor_path_mknod:_mode|Function::apparmor_path_mknod&Arg::mode::}"
CE0x5a35b20 "{CE0x5a35b20|common_perm_create:_mode|Function::common_perm_create&Arg::mode::}"
CE0x5a3b900 "{CE0x5a3b900|44:_i32,_48:_i16,_128:_i8*,_:_SCMRE_4,6_|*MultipleSource*|security/apparmor/lsm.c, 251|security/apparmor/lsm.c,251}"
CE0x5b3ecf0 "{CE0x5b3ecf0|aa_cred_profile:_tmp4|*LoadInst*|security/apparmor/include/context.h,99}"
CE0x5b3ec20 "{CE0x5b3ec20|aa_cred_profile:_tmp5|security/apparmor/include/context.h,99}"
CE0x5aeeb50 "{CE0x5aeeb50|aa_cred_profile:_profile11|security/apparmor/include/context.h,101}"
CE0x5aef220 "{CE0x5aef220|aa_cred_profile:_tmp34|security/apparmor/include/context.h,101}"
CE0x5b43900 "{CE0x5b43900|_ret_%struct.aa_profile*_%tmp34,_!dbg_!15510|security/apparmor/include/context.h,101}"
CE0x5b42450 "{CE0x5b42450|__aa_current_profile:_call4|security/apparmor/include/context.h,138}"
CE0x5b0b260 "{CE0x5b0b260|_ret_%struct.aa_profile*_%call4,_!dbg_!15494|security/apparmor/include/context.h,138}"
CE0x5b07040 "{CE0x5b07040|common_perm:_call|security/apparmor/lsm.c,168}"
CE0x5b07af0 "{CE0x5b07af0|common_perm:_call|security/apparmor/lsm.c,168|*SummSink*}"
CONST[source:1(input),value:2(dynamic)][purpose:{subject}]


CONST[source:1(input),value:2(dynamic)][purpose:{object}]  ->  CONST[source:0(mediator),value:2(dynamic)][purpose:{object}]
-----------
CONST[source:1(input),value:2(dynamic)][purpose:{object}]
CE0x5a62aa0 "{CE0x5a62aa0|0:_%struct.vfsmount*,_8:_%struct.dentry*,_:_CRE_0,8_|*MultipleSource*|Function::common_perm_create&Arg::dir::|Function::apparmor_path_mknod&Arg::dir::|security/apparmor/lsm.c,253}"
CE0x5b179e0 "{CE0x5b179e0|common_perm_dir_dentry:_tmp4|*LoadInst*|security/apparmor/lsm.c,189}"
CE0x5b17470 "{CE0x5b17470|0:_%struct.vfsmount*,_8:_%struct.dentry*,_:_SCMRE_0,8_|*MultipleSource*|security/apparmor/lsm.c, 189|security/apparmor/lsm.c,189}"
CONST[source:0(mediator),value:2(dynamic)][purpose:{object}]


CONST[source:2(external),value:2(dynamic)][purpose:{object}]  ->  CONST[source:1(input),value:2(dynamic)][purpose:{subject}]
-----------
CONST[source:2(external),value:2(dynamic)][purpose:{object}]
CE0x5b14df0 "{CE0x5b14df0|0:_%struct.aa_profile*,_:_CMRE_0,8_|*MultipleSource*|security/apparmor/include/context.h,99|*LoadInst*|security/apparmor/include/context.h,99|security/apparmor/include/context.h,100}"
CE0x5aef220 "{CE0x5aef220|aa_cred_profile:_tmp34|security/apparmor/include/context.h,101}"
CE0x5b43900 "{CE0x5b43900|_ret_%struct.aa_profile*_%tmp34,_!dbg_!15510|security/apparmor/include/context.h,101}"
CE0x5b42450 "{CE0x5b42450|__aa_current_profile:_call4|security/apparmor/include/context.h,138}"
CE0x5b0b260 "{CE0x5b0b260|_ret_%struct.aa_profile*_%call4,_!dbg_!15494|security/apparmor/include/context.h,138}"
CE0x5b07040 "{CE0x5b07040|common_perm:_call|security/apparmor/lsm.c,168}"
CE0x5b07af0 "{CE0x5b07af0|common_perm:_call|security/apparmor/lsm.c,168|*SummSink*}"
CONST[source:1(input),value:2(dynamic)][purpose:{subject}]


CONST[source:2(external),value:2(dynamic)][purpose:{object}]  ->  CONST[source:0(mediator),value:2(dynamic)][purpose:{object}]
-----------
CONST[source:2(external),value:2(dynamic)][purpose:{object}]
CE0x5b15110 "{CE0x5b15110|0:_%struct.aa_profile*,_:_CMRE_16,24_|*MultipleSource*|security/apparmor/include/context.h,99|*LoadInst*|security/apparmor/include/context.h,99|security/apparmor/include/context.h,100}"
CONST[source:0(mediator),value:2(dynamic)][purpose:{object}]


CONST[source:2(external),value:2(dynamic)][purpose:{subject}]  ->  CONST[source:1(input),value:2(dynamic)][purpose:{subject}]
-----------
CONST[source:2(external),value:2(dynamic)][purpose:{subject}]
CE0x5b0c350 "{CE0x5b0c350|COLLAPSED:_CRE:_elem_0::|security/apparmor/lsm.c,169}"
CONST[source:1(input),value:2(dynamic)][purpose:{subject}]



implicit:
CONST[source:1(input),value:2(dynamic)][purpose:{object}]  ->  CONST[source:0(mediator),value:2(dynamic)][purpose:{object}]
-----------
CONST[source:1(input),value:2(dynamic)][purpose:{object}]
CE0x5a62aa0 "{CE0x5a62aa0|0:_%struct.vfsmount*,_8:_%struct.dentry*,_:_CRE_0,8_|*MultipleSource*|Function::common_perm_create&Arg::dir::|Function::apparmor_path_mknod&Arg::dir::|security/apparmor/lsm.c,253}"
CE0x5b179e0 "{CE0x5b179e0|common_perm_dir_dentry:_tmp4|*LoadInst*|security/apparmor/lsm.c,189}"
CE0x5b17470 "{CE0x5b17470|0:_%struct.vfsmount*,_8:_%struct.dentry*,_:_SCMRE_0,8_|*MultipleSource*|security/apparmor/lsm.c, 189|security/apparmor/lsm.c,189}"
CONST[source:0(mediator),value:2(dynamic)][purpose:{object}]


CONST[source:1(input),value:2(dynamic)][purpose:{object}]  ->  CONST[source:1(input),value:2(dynamic)][purpose:{subject}]
-----------
CONST[source:1(input),value:2(dynamic)][purpose:{object}]
CE0x5a35830 "{CE0x5a35830|apparmor_path_mknod:_mode|Function::apparmor_path_mknod&Arg::mode::|*SummSource*}"
CE0x5a35410 "{CE0x5a35410|apparmor_path_mknod:_mode|Function::apparmor_path_mknod&Arg::mode::}"
CE0x5a35b20 "{CE0x5a35b20|common_perm_create:_mode|Function::common_perm_create&Arg::mode::}"
CE0x5a3b900 "{CE0x5a3b900|44:_i32,_48:_i16,_128:_i8*,_:_SCMRE_4,6_|*MultipleSource*|security/apparmor/lsm.c, 251|security/apparmor/lsm.c,251}"
CE0x5b3ecf0 "{CE0x5b3ecf0|aa_cred_profile:_tmp4|*LoadInst*|security/apparmor/include/context.h,99}"
CE0x5b3ec20 "{CE0x5b3ec20|aa_cred_profile:_tmp5|security/apparmor/include/context.h,99}"
CE0x5aeeb50 "{CE0x5aeeb50|aa_cred_profile:_profile11|security/apparmor/include/context.h,101}"
CE0x5aef220 "{CE0x5aef220|aa_cred_profile:_tmp34|security/apparmor/include/context.h,101}"
CE0x5b43900 "{CE0x5b43900|_ret_%struct.aa_profile*_%tmp34,_!dbg_!15510|security/apparmor/include/context.h,101}"
CE0x5b42450 "{CE0x5b42450|__aa_current_profile:_call4|security/apparmor/include/context.h,138}"
CE0x5b0b260 "{CE0x5b0b260|_ret_%struct.aa_profile*_%call4,_!dbg_!15494|security/apparmor/include/context.h,138}"
CE0x5b07040 "{CE0x5b07040|common_perm:_call|security/apparmor/lsm.c,168}"
CE0x5b07af0 "{CE0x5b07af0|common_perm:_call|security/apparmor/lsm.c,168|*SummSink*}"
CONST[source:1(input),value:2(dynamic)][purpose:{subject}]


CONST[source:2(external),value:2(dynamic)][purpose:{object}]  ->  CONST[source:0(mediator),value:2(dynamic)][purpose:{object}]
-----------
CONST[source:2(external),value:2(dynamic)][purpose:{object}]
CE0x5a3b900 "{CE0x5a3b900|44:_i32,_48:_i16,_128:_i8*,_:_SCMRE_4,6_|*MultipleSource*|security/apparmor/lsm.c, 251|security/apparmor/lsm.c,251}"
CONST[source:0(mediator),value:2(dynamic)][purpose:{object}]


CONST[source:2(external),value:2(dynamic)][purpose:{object}]  ->  CONST[source:1(input),value:2(dynamic)][purpose:{subject}]
-----------
CONST[source:2(external),value:2(dynamic)][purpose:{object}]
CE0x5b14df0 "{CE0x5b14df0|0:_%struct.aa_profile*,_:_CMRE_0,8_|*MultipleSource*|security/apparmor/include/context.h,99|*LoadInst*|security/apparmor/include/context.h,99|security/apparmor/include/context.h,100}"
CE0x5aef220 "{CE0x5aef220|aa_cred_profile:_tmp34|security/apparmor/include/context.h,101}"
CE0x5b43900 "{CE0x5b43900|_ret_%struct.aa_profile*_%tmp34,_!dbg_!15510|security/apparmor/include/context.h,101}"
CE0x5b42450 "{CE0x5b42450|__aa_current_profile:_call4|security/apparmor/include/context.h,138}"
CE0x5b0b260 "{CE0x5b0b260|_ret_%struct.aa_profile*_%call4,_!dbg_!15494|security/apparmor/include/context.h,138}"
CE0x5b07040 "{CE0x5b07040|common_perm:_call|security/apparmor/lsm.c,168}"
CE0x5b07af0 "{CE0x5b07af0|common_perm:_call|security/apparmor/lsm.c,168|*SummSink*}"
CONST[source:1(input),value:2(dynamic)][purpose:{subject}]


CONST[source:2(external),value:2(dynamic)][purpose:{subject}]  ->  CONST[source:1(input),value:2(dynamic)][purpose:{subject}]
-----------
CONST[source:2(external),value:2(dynamic)][purpose:{subject}]
CE0x5b0c350 "{CE0x5b0c350|COLLAPSED:_CRE:_elem_0::|security/apparmor/lsm.c,169}"
CONST[source:1(input),value:2(dynamic)][purpose:{subject}]


