[selinux_kernel_create_files_as]

explicit:
CONST[source:1(input),value:2(dynamic)][purpose:{object}]  ->  CONST[source:0(mediator),value:2(dynamic)][purpose:{object}]
-----------
CONST[source:1(input),value:2(dynamic)][purpose:{object}]
CE0x46ba060 "{CE0x46ba060|28:_i32,_:_CRE_28,32_|*MultipleSource*|*LoadInst*|security/selinux/hooks.c,3543|security/selinux/hooks.c,3543|security/selinux/hooks.c,3548}"
CE0x46ddcf0 "{CE0x46ddcf0|selinux_kernel_create_files_as:_tmp6|security/selinux/hooks.c,3548}"
CE0x46de0f0 "{CE0x46de0f0|selinux_kernel_create_files_as:_tmp6|security/selinux/hooks.c,3548|*SummSink*}"
CONST[source:0(mediator),value:2(dynamic)][purpose:{object}]


CONST[source:2(external),value:2(dynamic)][purpose:{subject}]  ->  CONST[source:1(input),value:2(dynamic)][purpose:{subject}]
-----------
CONST[source:2(external),value:2(dynamic)][purpose:{subject}]
CE0x470cb90 "{CE0x470cb90|COLLAPSED:_GCMRE_current_task_external_global_%struct.task_struct*:_elem_0::|security/selinux/hooks.c,218}"
CE0x47097a0 "{CE0x47097a0|current_sid:_tmp22|security/selinux/hooks.c,218}"
CE0x4709c70 "{CE0x4709c70|current_sid:_tmp23|security/selinux/hooks.c,218}"
CE0x470a5e0 "{CE0x470a5e0|current_sid:_sid|security/selinux/hooks.c,220}"
CE0x471cee0 "{CE0x471cee0|current_sid:_tmp24|security/selinux/hooks.c,220}"
CE0x46e2c30 "{CE0x46e2c30|_ret_i32_%tmp24,_!dbg_!27742|security/selinux/hooks.c,220}"
CE0x46e37d0 "{CE0x46e37d0|selinux_kernel_create_files_as:_call|security/selinux/hooks.c,3545}"
CE0x46e3d10 "{CE0x46e3d10|selinux_kernel_create_files_as:_call|security/selinux/hooks.c,3545|*SummSink*}"
CONST[source:1(input),value:2(dynamic)][purpose:{subject}]



implicit:
CONST[source:2(external),value:2(dynamic)][purpose:{subject}]  ->  CONST[source:1(input),value:2(dynamic)][purpose:{subject}]
-----------
CONST[source:2(external),value:2(dynamic)][purpose:{subject}]
CE0x470cb90 "{CE0x470cb90|COLLAPSED:_GCMRE_current_task_external_global_%struct.task_struct*:_elem_0::|security/selinux/hooks.c,218}"
CE0x47097a0 "{CE0x47097a0|current_sid:_tmp22|security/selinux/hooks.c,218}"
CE0x4709c70 "{CE0x4709c70|current_sid:_tmp23|security/selinux/hooks.c,218}"
CE0x470a5e0 "{CE0x470a5e0|current_sid:_sid|security/selinux/hooks.c,220}"
CE0x471cee0 "{CE0x471cee0|current_sid:_tmp24|security/selinux/hooks.c,220}"
CE0x46e2c30 "{CE0x46e2c30|_ret_i32_%tmp24,_!dbg_!27742|security/selinux/hooks.c,220}"
CE0x46e37d0 "{CE0x46e37d0|selinux_kernel_create_files_as:_call|security/selinux/hooks.c,3545}"
CE0x46e3d10 "{CE0x46e3d10|selinux_kernel_create_files_as:_call|security/selinux/hooks.c,3545|*SummSink*}"
CONST[source:1(input),value:2(dynamic)][purpose:{subject}]


CONST[source:1(input),value:2(dynamic)][purpose:{object}]  ->  CONST[source:0(mediator),value:2(dynamic)][purpose:{object}]
-----------
CONST[source:1(input),value:2(dynamic)][purpose:{object}]
CE0x46ba060 "{CE0x46ba060|28:_i32,_:_CRE_28,32_|*MultipleSource*|*LoadInst*|security/selinux/hooks.c,3543|security/selinux/hooks.c,3543|security/selinux/hooks.c,3548}"
CE0x46ddcf0 "{CE0x46ddcf0|selinux_kernel_create_files_as:_tmp6|security/selinux/hooks.c,3548}"
CE0x46de0f0 "{CE0x46de0f0|selinux_kernel_create_files_as:_tmp6|security/selinux/hooks.c,3548|*SummSink*}"
CONST[source:0(mediator),value:2(dynamic)][purpose:{object}]


