[selinux_socket_shutdown]

explicit:
CONST[source:1(input),value:2(dynamic)][purpose:{object}][SrcIdx:1]  ->  CONST[source:0(mediator),value:2(dynamic)][purpose:{object}][SnkIdx:1]
-----------
CONST[source:1(input),value:2(dynamic)][purpose:{object}][SrcIdx:1]
CE0x3ce7b00 "{CE0x3ce7b00|32:_%struct.sock*,_:_CRE_32,40_|*MultipleSource*|security/selinux/hooks.c,4253|Function::selinux_socket_shutdown&Arg::sock::}"
CE0x3cc3da0 "{CE0x3cc3da0|selinux_socket_shutdown:tmp4|*LoadInst*|security/selinux/hooks.c,4253}"
CE0x583a550 "{CE0x583a550|sock_has_perm:sk|Function::sock_has_perm&Arg::sk::}"
CE0x3cfb3a0 "{CE0x3cfb3a0|sock_has_perm:sk_security|security/selinux/hooks.c,3964}"
CE0x3d3ae00 "{CE0x3d3ae00|sock_has_perm:tmp2|*LoadInst*|security/selinux/hooks.c,3964}"
CE0x3cd1220 "{CE0x3cd1220|sock_has_perm:tmp3|security/selinux/hooks.c,3964}"
CE0x3d4b6d0 "{CE0x3d4b6d0|sock_has_perm:sid5|security/selinux/hooks.c,3976}"
CE0x3d4c190 "{CE0x3d4c190|sock_has_perm:tmp16|security/selinux/hooks.c,3976}"
CE0x3d4c330 "{CE0x3d4c330|sock_has_perm:tmp16|security/selinux/hooks.c,3976|*SummSink*}"
CONST[source:0(mediator),value:2(dynamic)][purpose:{object}][SnkIdx:1]


CONST[source:1(input),value:2(dynamic)][purpose:{object}][SrcIdx:1]  ->  CONST[source:0(mediator),value:2(dynamic)][purpose:{object}][SnkIdx:2]
-----------
CONST[source:1(input),value:2(dynamic)][purpose:{object}][SrcIdx:1]
CE0x3ce7b00 "{CE0x3ce7b00|32:_%struct.sock*,_:_CRE_32,40_|*MultipleSource*|security/selinux/hooks.c,4253|Function::selinux_socket_shutdown&Arg::sock::}"
CE0x3cc3da0 "{CE0x3cc3da0|selinux_socket_shutdown:tmp4|*LoadInst*|security/selinux/hooks.c,4253}"
CE0x583a550 "{CE0x583a550|sock_has_perm:sk|Function::sock_has_perm&Arg::sk::}"
CE0x3cfb3a0 "{CE0x3cfb3a0|sock_has_perm:sk_security|security/selinux/hooks.c,3964}"
CE0x3d3ae00 "{CE0x3d3ae00|sock_has_perm:tmp2|*LoadInst*|security/selinux/hooks.c,3964}"
CE0x3cd1220 "{CE0x3cd1220|sock_has_perm:tmp3|security/selinux/hooks.c,3964}"
CE0x3d4c900 "{CE0x3d4c900|sock_has_perm:sclass|security/selinux/hooks.c,3976}"
CE0x3d491a0 "{CE0x3d491a0|sock_has_perm:tmp17|security/selinux/hooks.c,3976}"
CE0x3d49340 "{CE0x3d49340|sock_has_perm:tmp17|security/selinux/hooks.c,3976|*SummSink*}"
CONST[source:0(mediator),value:2(dynamic)][purpose:{object}][SnkIdx:2]


CONST[source:2(external),value:2(dynamic)][purpose:{subject}][SrcIdx:3]  ->  CONST[source:0(mediator),value:2(dynamic)][purpose:{subject}][SnkIdx:0]
-----------
CONST[source:2(external),value:2(dynamic)][purpose:{subject}][SrcIdx:3]
CE0x3d06ec0 "{CE0x3d06ec0|COLLAPSED:_GCMRE_current_task_external_global_%struct.task_struct*:_elem_0:default:}"
CE0x3cf7160 "{CE0x3cf7160|task_sid:tmp4|*LoadInst*|security/selinux/hooks.c,208}"
CE0x3d89430 "{CE0x3d89430|cred_sid:cred|Function::cred_sid&Arg::cred::}"
CE0x3cdf820 "{CE0x3cdf820|cred_sid:security|security/selinux/hooks.c,196}"
CE0x3d4fa30 "{CE0x3d4fa30|cred_sid:tmp4|*LoadInst*|security/selinux/hooks.c,196}"
CE0x3d0d890 "{CE0x3d0d890|cred_sid:tmp5|security/selinux/hooks.c,196}"
CE0x3d6ce20 "{CE0x3d6ce20|cred_sid:sid|security/selinux/hooks.c,197}"
CE0x3d0bcc0 "{CE0x3d0bcc0|cred_sid:tmp6|security/selinux/hooks.c,197}"
CE0x3d89790 "{CE0x3d89790|_ret_i32_%tmp6,_!dbg_!27716|security/selinux/hooks.c,197}"
CE0x3d880d0 "{CE0x3d880d0|task_sid:call7|security/selinux/hooks.c,208}"
CE0x3d53340 "{CE0x3d53340|_ret_i32_%call7,_!dbg_!27749|security/selinux/hooks.c,210}"
CE0x3d54960 "{CE0x3d54960|sock_has_perm:call|security/selinux/hooks.c,3967}"
CE0x3d54b50 "{CE0x3d54b50|sock_has_perm:call|security/selinux/hooks.c,3967|*SummSink*}"
CONST[source:0(mediator),value:2(dynamic)][purpose:{subject}][SnkIdx:0]



implicit:
CONST[source:2(external),value:2(dynamic)][purpose:{subject}][SrcIdx:3]  ->  CONST[source:0(mediator),value:2(dynamic)][purpose:{subject}][SnkIdx:0]
-----------
CONST[source:2(external),value:2(dynamic)][purpose:{subject}][SrcIdx:3]
CE0x3d06ec0 "{CE0x3d06ec0|COLLAPSED:_GCMRE_current_task_external_global_%struct.task_struct*:_elem_0:default:}"
CE0x3cf7160 "{CE0x3cf7160|task_sid:tmp4|*LoadInst*|security/selinux/hooks.c,208}"
CE0x3d89430 "{CE0x3d89430|cred_sid:cred|Function::cred_sid&Arg::cred::}"
CE0x3cdf820 "{CE0x3cdf820|cred_sid:security|security/selinux/hooks.c,196}"
CE0x3d4fa30 "{CE0x3d4fa30|cred_sid:tmp4|*LoadInst*|security/selinux/hooks.c,196}"
CE0x3d0d890 "{CE0x3d0d890|cred_sid:tmp5|security/selinux/hooks.c,196}"
CE0x3d6ce20 "{CE0x3d6ce20|cred_sid:sid|security/selinux/hooks.c,197}"
CE0x3d0bcc0 "{CE0x3d0bcc0|cred_sid:tmp6|security/selinux/hooks.c,197}"
CE0x3d89790 "{CE0x3d89790|_ret_i32_%tmp6,_!dbg_!27716|security/selinux/hooks.c,197}"
CE0x3d880d0 "{CE0x3d880d0|task_sid:call7|security/selinux/hooks.c,208}"
CE0x3d53340 "{CE0x3d53340|_ret_i32_%call7,_!dbg_!27749|security/selinux/hooks.c,210}"
CE0x3d54960 "{CE0x3d54960|sock_has_perm:call|security/selinux/hooks.c,3967}"
CE0x3d54b50 "{CE0x3d54b50|sock_has_perm:call|security/selinux/hooks.c,3967|*SummSink*}"
CONST[source:0(mediator),value:2(dynamic)][purpose:{subject}][SnkIdx:0]


CONST[source:1(input),value:2(dynamic)][purpose:{object}][SrcIdx:1]  ->  CONST[source:0(mediator),value:2(dynamic)][purpose:{object}][SnkIdx:1]
-----------
CONST[source:1(input),value:2(dynamic)][purpose:{object}][SrcIdx:1]
CE0x3ce7b00 "{CE0x3ce7b00|32:_%struct.sock*,_:_CRE_32,40_|*MultipleSource*|security/selinux/hooks.c,4253|Function::selinux_socket_shutdown&Arg::sock::}"
CE0x3cc3da0 "{CE0x3cc3da0|selinux_socket_shutdown:tmp4|*LoadInst*|security/selinux/hooks.c,4253}"
CE0x583a550 "{CE0x583a550|sock_has_perm:sk|Function::sock_has_perm&Arg::sk::}"
CE0x3cfb3a0 "{CE0x3cfb3a0|sock_has_perm:sk_security|security/selinux/hooks.c,3964}"
CE0x3d3ae00 "{CE0x3d3ae00|sock_has_perm:tmp2|*LoadInst*|security/selinux/hooks.c,3964}"
CE0x3cd1220 "{CE0x3cd1220|sock_has_perm:tmp3|security/selinux/hooks.c,3964}"
CE0x3d4b6d0 "{CE0x3d4b6d0|sock_has_perm:sid5|security/selinux/hooks.c,3976}"
CE0x3d4c190 "{CE0x3d4c190|sock_has_perm:tmp16|security/selinux/hooks.c,3976}"
CE0x3d4c330 "{CE0x3d4c330|sock_has_perm:tmp16|security/selinux/hooks.c,3976|*SummSink*}"
CONST[source:0(mediator),value:2(dynamic)][purpose:{object}][SnkIdx:1]


CONST[source:1(input),value:2(dynamic)][purpose:{object}][SrcIdx:1]  ->  CONST[source:0(mediator),value:2(dynamic)][purpose:{object}][SnkIdx:2]
-----------
CONST[source:1(input),value:2(dynamic)][purpose:{object}][SrcIdx:1]
CE0x3ce7b00 "{CE0x3ce7b00|32:_%struct.sock*,_:_CRE_32,40_|*MultipleSource*|security/selinux/hooks.c,4253|Function::selinux_socket_shutdown&Arg::sock::}"
CE0x3cc3da0 "{CE0x3cc3da0|selinux_socket_shutdown:tmp4|*LoadInst*|security/selinux/hooks.c,4253}"
CE0x583a550 "{CE0x583a550|sock_has_perm:sk|Function::sock_has_perm&Arg::sk::}"
CE0x3cfb3a0 "{CE0x3cfb3a0|sock_has_perm:sk_security|security/selinux/hooks.c,3964}"
CE0x3d3ae00 "{CE0x3d3ae00|sock_has_perm:tmp2|*LoadInst*|security/selinux/hooks.c,3964}"
CE0x3cd1220 "{CE0x3cd1220|sock_has_perm:tmp3|security/selinux/hooks.c,3964}"
CE0x3d4c900 "{CE0x3d4c900|sock_has_perm:sclass|security/selinux/hooks.c,3976}"
CE0x3d491a0 "{CE0x3d491a0|sock_has_perm:tmp17|security/selinux/hooks.c,3976}"
CE0x3d49340 "{CE0x3d49340|sock_has_perm:tmp17|security/selinux/hooks.c,3976|*SummSink*}"
CONST[source:0(mediator),value:2(dynamic)][purpose:{object}][SnkIdx:2]


