[selinux_file_send_sigiotask]

explicit:
CONST[source:1(input),value:2(dynamic)][purpose:{object}][SrcIdx:9]  ->  CONST[source:0(mediator),value:2(dynamic)][purpose:{object}][SnkIdx:1]
-----------
CONST[source:1(input),value:2(dynamic)][purpose:{object}][SrcIdx:9]
CE0x48159d0 "{CE0x48159d0|2472:_%struct.cred*,_:_CRE_2472,2480_|*MultipleSource*|Function::task_sid&Arg::task::|security/selinux/hooks.c,208|Function::selinux_file_send_sigiotask&Arg::tsk::}"
CE0x48399c0 "{CE0x48399c0|task_sid:tmp4|*LoadInst*|security/selinux/hooks.c,208}"
CE0x4849e40 "{CE0x4849e40|cred_sid:cred|Function::cred_sid&Arg::cred::}"
CE0x4840f40 "{CE0x4840f40|cred_sid:security|security/selinux/hooks.c,196}"
CE0x487b7c0 "{CE0x487b7c0|cred_sid:tmp4|*LoadInst*|security/selinux/hooks.c,196}"
CE0x4873340 "{CE0x4873340|cred_sid:tmp5|security/selinux/hooks.c,196}"
CE0x48901c0 "{CE0x48901c0|cred_sid:sid|security/selinux/hooks.c,197}"
CE0x4890fb0 "{CE0x4890fb0|cred_sid:tmp6|security/selinux/hooks.c,197}"
CE0x484a1a0 "{CE0x484a1a0|_ret_i32_%tmp6,_!dbg_!27716|security/selinux/hooks.c,197}"
CE0x4848ae0 "{CE0x4848ae0|task_sid:call7|security/selinux/hooks.c,208}"
CE0x47ce590 "{CE0x47ce590|_ret_i32_%call7,_!dbg_!27749|security/selinux/hooks.c,210}"
CE0x3e98fe0 "{CE0x3e98fe0|selinux_file_send_sigiotask:call|security/selinux/hooks.c,3394}"
CE0x47d87c0 "{CE0x47d87c0|selinux_file_send_sigiotask:call|security/selinux/hooks.c,3394|*SummSink*}"
CONST[source:0(mediator),value:2(dynamic)][purpose:{object}][SnkIdx:1]


CONST[source:1(input),value:2(dynamic)][purpose:{subject}][SrcIdx:11]  ->  CONST[source:0(mediator),value:2(dynamic)][purpose:{subject}][SnkIdx:0]
-----------
CONST[source:1(input),value:2(dynamic)][purpose:{subject}][SrcIdx:11]
CE0x47c10f0 "{CE0x47c10f0|4:_i32,_:_CRE_4,8_|*MultipleSource*|security/selinux/hooks.c,3401|security/selinux/hooks.c,3401|security/selinux/hooks.c,3408}"
CE0x47da2b0 "{CE0x47da2b0|selinux_file_send_sigiotask:tmp16|security/selinux/hooks.c,3408}"
CE0x47da670 "{CE0x47da670|selinux_file_send_sigiotask:tmp16|security/selinux/hooks.c,3408|*SummSink*}"
CONST[source:0(mediator),value:2(dynamic)][purpose:{subject}][SnkIdx:0]



implicit:
CONST[source:1(input),value:2(dynamic)][purpose:{subject}][SrcIdx:11]  ->  CONST[source:0(mediator),value:2(dynamic)][purpose:{subject}][SnkIdx:0]
-----------
CONST[source:1(input),value:2(dynamic)][purpose:{subject}][SrcIdx:11]
CE0x47c10f0 "{CE0x47c10f0|4:_i32,_:_CRE_4,8_|*MultipleSource*|security/selinux/hooks.c,3401|security/selinux/hooks.c,3401|security/selinux/hooks.c,3408}"
CE0x47da2b0 "{CE0x47da2b0|selinux_file_send_sigiotask:tmp16|security/selinux/hooks.c,3408}"
CE0x47da670 "{CE0x47da670|selinux_file_send_sigiotask:tmp16|security/selinux/hooks.c,3408|*SummSink*}"
CONST[source:0(mediator),value:2(dynamic)][purpose:{subject}][SnkIdx:0]


CONST[source:1(input),value:2(dynamic)][purpose:{operation}][SrcIdx:10]  ->  CONST[source:0(mediator),value:0(static)][purpose:{operation}][SnkIdx:3]
-----------
CONST[source:1(input),value:2(dynamic)][purpose:{operation}][SrcIdx:10]
CE0x47b4fc0 "{CE0x47b4fc0|selinux_file_send_sigiotask:signum|Function::selinux_file_send_sigiotask&Arg::signum::|*SummSource*}"
CE0x47b4d80 "{CE0x47b4d80|selinux_file_send_sigiotask:signum|Function::selinux_file_send_sigiotask&Arg::signum::}"
CE0x47d2aa0 "{CE0x47d2aa0|selinux_file_send_sigiotask:tobool|security/selinux/hooks.c,3403}"
CE0x47b5410 "{CE0x47b5410|selinux_file_send_sigiotask:if.else}"
CE0x47c0ad0 "{CE0x47c0ad0|selinux_file_send_sigiotask:call2|security/selinux/hooks.c,3406}"
CE0x47d5770 "{CE0x47d5770|selinux_file_send_sigiotask:perm.0}"
CE0x47b8d40 "{CE0x47b8d40|selinux_file_send_sigiotask:perm.0|*SummSink*}"
CONST[source:0(mediator),value:0(static)][purpose:{operation}][SnkIdx:3]


CONST[source:1(input),value:2(dynamic)][purpose:{object}][SrcIdx:9]  ->  CONST[source:0(mediator),value:2(dynamic)][purpose:{object}][SnkIdx:1]
-----------
CONST[source:1(input),value:2(dynamic)][purpose:{object}][SrcIdx:9]
CE0x48159d0 "{CE0x48159d0|2472:_%struct.cred*,_:_CRE_2472,2480_|*MultipleSource*|Function::task_sid&Arg::task::|security/selinux/hooks.c,208|Function::selinux_file_send_sigiotask&Arg::tsk::}"
CE0x48399c0 "{CE0x48399c0|task_sid:tmp4|*LoadInst*|security/selinux/hooks.c,208}"
CE0x4849e40 "{CE0x4849e40|cred_sid:cred|Function::cred_sid&Arg::cred::}"
CE0x4840f40 "{CE0x4840f40|cred_sid:security|security/selinux/hooks.c,196}"
CE0x487b7c0 "{CE0x487b7c0|cred_sid:tmp4|*LoadInst*|security/selinux/hooks.c,196}"
CE0x4873340 "{CE0x4873340|cred_sid:tmp5|security/selinux/hooks.c,196}"
CE0x48901c0 "{CE0x48901c0|cred_sid:sid|security/selinux/hooks.c,197}"
CE0x4890fb0 "{CE0x4890fb0|cred_sid:tmp6|security/selinux/hooks.c,197}"
CE0x484a1a0 "{CE0x484a1a0|_ret_i32_%tmp6,_!dbg_!27716|security/selinux/hooks.c,197}"
CE0x4848ae0 "{CE0x4848ae0|task_sid:call7|security/selinux/hooks.c,208}"
CE0x47ce590 "{CE0x47ce590|_ret_i32_%call7,_!dbg_!27749|security/selinux/hooks.c,210}"
CE0x3e98fe0 "{CE0x3e98fe0|selinux_file_send_sigiotask:call|security/selinux/hooks.c,3394}"
CE0x47d87c0 "{CE0x47d87c0|selinux_file_send_sigiotask:call|security/selinux/hooks.c,3394|*SummSink*}"
CONST[source:0(mediator),value:2(dynamic)][purpose:{object}][SnkIdx:1]


