[apparmor_file_open]

explicit:
CONST[source:2(external),value:0(static)][purpose:{operation}][SrcIdx:8]  ->  CONST[source:0(mediator),value:2(dynamic)][purpose:{object}][SnkIdx:2]
-----------
CONST[source:2(external),value:0(static)][purpose:{operation}][SrcIdx:8]
CE0x4a019c0 "{CE0x4a019c0|i32_2|*Constant*}"
CE0x498a960 "{CE0x498a960|file_inode:f_inode|include/linux/fs.h,1916}"
CE0x498aa50 "{CE0x498aa50|file_inode:tmp4|*LoadInst*|include/linux/fs.h,1916}"
CE0x49ad2a0 "{CE0x49ad2a0|_ret_%struct.inode*_%tmp4,_!dbg_!15470|include/linux/fs.h,1916}"
CE0x49e4810 "{CE0x49e4810|apparmor_file_open:call7|security/apparmor/lsm.c,397}"
CE0x49d7d30 "{CE0x49d7d30|apparmor_file_open:i_mode|security/apparmor/lsm.c,398}"
CE0x49d7f90 "{CE0x49d7f90|apparmor_file_open:tmp25|security/apparmor/lsm.c,398}"
CE0x49d4590 "{CE0x49d4590|0:_i16,_4:_i32,_8:_i16,_40:_%struct.super_block*,_:_SCMRE_4,6_|*MultipleSource*|security/apparmor/lsm.c,382|security/apparmor/lsm.c, 398|security/apparmor/lsm.c,397|security/apparmor/lsm.c,398|Function::mediated_filesystem&Arg::inode::}"
CONST[source:0(mediator),value:2(dynamic)][purpose:{object}][SnkIdx:2]


CONST[source:2(external),value:0(static)][purpose:{operation}][SrcIdx:8]  ->  CONST[source:0(mediator),value:0(static)][purpose:{operation}][SnkIdx:3]
-----------
CONST[source:2(external),value:0(static)][purpose:{operation}][SrcIdx:8]
CE0x4a019c0 "{CE0x4a019c0|i32_2|*Constant*}"
CE0x4a92900 "{CE0x4a92900|aa_map_file_to_perms:or18|security/apparmor/include/file.h,209}"
CE0x4a92cf0 "{CE0x4a92cf0|aa_map_file_to_perms:perms.3}"
CE0x4a3ec70 "{CE0x4a3ec70|aa_map_file_to_perms:perms.4}"
CE0x49f5930 "{CE0x49f5930|_ret_i32_%perms.4,_!dbg_!15504|security/apparmor/include/file.h,213}"
CE0x4993d20 "{CE0x4993d20|apparmor_file_open:call9|security/apparmor/lsm.c,401}"
CE0x4993ea0 "{CE0x4993ea0|apparmor_file_open:call9|security/apparmor/lsm.c,401|*SummSink*}"
CONST[source:0(mediator),value:0(static)][purpose:{operation}][SnkIdx:3]


CONST[source:2(external),value:0(static)][purpose:{operation}][SrcIdx:5]  ->  CONST[source:0(mediator),value:0(static)][purpose:{operation}][SnkIdx:3]
-----------
CONST[source:2(external),value:0(static)][purpose:{operation}][SrcIdx:5]
CE0x4a31a80 "{CE0x4a31a80|i32_4|*Constant*}"
CE0x4a31af0 "{CE0x4a31af0|aa_map_file_to_perms:or5|security/apparmor/include/file.h,203}"
CE0x4a88560 "{CE0x4a88560|aa_map_file_to_perms:perms.1}"
CE0x4a8da70 "{CE0x4a8da70|aa_map_file_to_perms:perms.2}"
CE0x4a92cf0 "{CE0x4a92cf0|aa_map_file_to_perms:perms.3}"
CE0x4a3ec70 "{CE0x4a3ec70|aa_map_file_to_perms:perms.4}"
CE0x49f5930 "{CE0x49f5930|_ret_i32_%perms.4,_!dbg_!15504|security/apparmor/include/file.h,213}"
CE0x4993d20 "{CE0x4993d20|apparmor_file_open:call9|security/apparmor/lsm.c,401}"
CE0x4993ea0 "{CE0x4993ea0|apparmor_file_open:call9|security/apparmor/lsm.c,401|*SummSink*}"
CONST[source:0(mediator),value:0(static)][purpose:{operation}][SnkIdx:3]


CONST[source:1(input),value:2(dynamic)][purpose:{subject}][SrcIdx:17]  ->  CONST[source:0(mediator),value:2(dynamic)][purpose:{subject}][SnkIdx:0]
-----------
CONST[source:1(input),value:2(dynamic)][purpose:{subject}][SrcIdx:17]
CE0x4a39d30 "{CE0x4a39d30|0:_%struct.aa_profile*,_:_CRE_0,8_|*MultipleSource*|security/apparmor/include/context.h,99|*LoadInst*|security/apparmor/include/context.h,99|security/apparmor/include/context.h,100}"
CE0x4a6e6c0 "{CE0x4a6e6c0|aa_cred_profile:tmp34|security/apparmor/include/context.h,101}"
CE0x49dd050 "{CE0x49dd050|_ret_%struct.aa_profile*_%tmp34,_!dbg_!15510|security/apparmor/include/context.h,101}"
CE0x49dbb10 "{CE0x49dbb10|apparmor_file_open:call5|security/apparmor/lsm.c,395}"
CE0x49db440 "{CE0x49db440|apparmor_file_open:call5|security/apparmor/lsm.c,395|*SummSink*}"
CONST[source:0(mediator),value:2(dynamic)][purpose:{subject}][SnkIdx:0]


CONST[source:2(external),value:0(static)][purpose:{operation}][SrcIdx:2]  ->  CONST[source:0(mediator),value:2(dynamic)][purpose:{object}][SnkIdx:2]
-----------
CONST[source:2(external),value:0(static)][purpose:{operation}][SrcIdx:2]
CE0x4a019c0 "{CE0x4a019c0|i32_2|*Constant*}"
CE0x498a960 "{CE0x498a960|file_inode:f_inode|include/linux/fs.h,1916}"
CE0x498aa50 "{CE0x498aa50|file_inode:tmp4|*LoadInst*|include/linux/fs.h,1916}"
CE0x49ad2a0 "{CE0x49ad2a0|_ret_%struct.inode*_%tmp4,_!dbg_!15470|include/linux/fs.h,1916}"
CE0x49e4810 "{CE0x49e4810|apparmor_file_open:call7|security/apparmor/lsm.c,397}"
CE0x49d7d30 "{CE0x49d7d30|apparmor_file_open:i_mode|security/apparmor/lsm.c,398}"
CE0x49d7f90 "{CE0x49d7f90|apparmor_file_open:tmp25|security/apparmor/lsm.c,398}"
CE0x49d4590 "{CE0x49d4590|0:_i16,_4:_i32,_8:_i16,_40:_%struct.super_block*,_:_SCMRE_4,6_|*MultipleSource*|security/apparmor/lsm.c,382|security/apparmor/lsm.c, 398|security/apparmor/lsm.c,397|security/apparmor/lsm.c,398|Function::mediated_filesystem&Arg::inode::}"
CONST[source:0(mediator),value:2(dynamic)][purpose:{object}][SnkIdx:2]


CONST[source:2(external),value:0(static)][purpose:{operation}][SrcIdx:2]  ->  CONST[source:0(mediator),value:0(static)][purpose:{operation}][SnkIdx:3]
-----------
CONST[source:2(external),value:0(static)][purpose:{operation}][SrcIdx:2]
CE0x4a019c0 "{CE0x4a019c0|i32_2|*Constant*}"
CE0x4a92900 "{CE0x4a92900|aa_map_file_to_perms:or18|security/apparmor/include/file.h,209}"
CE0x4a92cf0 "{CE0x4a92cf0|aa_map_file_to_perms:perms.3}"
CE0x4a3ec70 "{CE0x4a3ec70|aa_map_file_to_perms:perms.4}"
CE0x49f5930 "{CE0x49f5930|_ret_i32_%perms.4,_!dbg_!15504|security/apparmor/include/file.h,213}"
CE0x4993d20 "{CE0x4993d20|apparmor_file_open:call9|security/apparmor/lsm.c,401}"
CE0x4993ea0 "{CE0x4993ea0|apparmor_file_open:call9|security/apparmor/lsm.c,401|*SummSink*}"
CONST[source:0(mediator),value:0(static)][purpose:{operation}][SnkIdx:3]


CONST[source:2(external),value:0(static)][purpose:{operation}][SrcIdx:7]  ->  CONST[source:0(mediator),value:2(dynamic)][purpose:{object}][SnkIdx:2]
-----------
CONST[source:2(external),value:0(static)][purpose:{operation}][SrcIdx:7]
CE0x4a019c0 "{CE0x4a019c0|i32_2|*Constant*}"
CE0x498a960 "{CE0x498a960|file_inode:f_inode|include/linux/fs.h,1916}"
CE0x498aa50 "{CE0x498aa50|file_inode:tmp4|*LoadInst*|include/linux/fs.h,1916}"
CE0x49ad2a0 "{CE0x49ad2a0|_ret_%struct.inode*_%tmp4,_!dbg_!15470|include/linux/fs.h,1916}"
CE0x49e4810 "{CE0x49e4810|apparmor_file_open:call7|security/apparmor/lsm.c,397}"
CE0x49d7d30 "{CE0x49d7d30|apparmor_file_open:i_mode|security/apparmor/lsm.c,398}"
CE0x49d7f90 "{CE0x49d7f90|apparmor_file_open:tmp25|security/apparmor/lsm.c,398}"
CE0x49d4590 "{CE0x49d4590|0:_i16,_4:_i32,_8:_i16,_40:_%struct.super_block*,_:_SCMRE_4,6_|*MultipleSource*|security/apparmor/lsm.c,382|security/apparmor/lsm.c, 398|security/apparmor/lsm.c,397|security/apparmor/lsm.c,398|Function::mediated_filesystem&Arg::inode::}"
CONST[source:0(mediator),value:2(dynamic)][purpose:{object}][SnkIdx:2]


CONST[source:2(external),value:0(static)][purpose:{operation}][SrcIdx:7]  ->  CONST[source:0(mediator),value:0(static)][purpose:{operation}][SnkIdx:3]
-----------
CONST[source:2(external),value:0(static)][purpose:{operation}][SrcIdx:7]
CE0x4a019c0 "{CE0x4a019c0|i32_2|*Constant*}"
CE0x4a92900 "{CE0x4a92900|aa_map_file_to_perms:or18|security/apparmor/include/file.h,209}"
CE0x4a92cf0 "{CE0x4a92cf0|aa_map_file_to_perms:perms.3}"
CE0x4a3ec70 "{CE0x4a3ec70|aa_map_file_to_perms:perms.4}"
CE0x49f5930 "{CE0x49f5930|_ret_i32_%perms.4,_!dbg_!15504|security/apparmor/include/file.h,213}"
CE0x4993d20 "{CE0x4993d20|apparmor_file_open:call9|security/apparmor/lsm.c,401}"
CE0x4993ea0 "{CE0x4993ea0|apparmor_file_open:call9|security/apparmor/lsm.c,401|*SummSink*}"
CONST[source:0(mediator),value:0(static)][purpose:{operation}][SnkIdx:3]


CONST[source:2(external),value:0(static)][purpose:{operation}][SrcIdx:3]  ->  CONST[source:0(mediator),value:0(static)][purpose:{operation}][SnkIdx:3]
-----------
CONST[source:2(external),value:0(static)][purpose:{operation}][SrcIdx:3]
CE0x49d0890 "{CE0x49d0890|i32_8|*Constant*}"
CE0x4a8d010 "{CE0x4a8d010|aa_map_file_to_perms:or13|security/apparmor/include/file.h,206}"
CE0x4a8da70 "{CE0x4a8da70|aa_map_file_to_perms:perms.2}"
CE0x4a92cf0 "{CE0x4a92cf0|aa_map_file_to_perms:perms.3}"
CE0x4a3ec70 "{CE0x4a3ec70|aa_map_file_to_perms:perms.4}"
CE0x49f5930 "{CE0x49f5930|_ret_i32_%perms.4,_!dbg_!15504|security/apparmor/include/file.h,213}"
CE0x4993d20 "{CE0x4993d20|apparmor_file_open:call9|security/apparmor/lsm.c,401}"
CE0x4993ea0 "{CE0x4993ea0|apparmor_file_open:call9|security/apparmor/lsm.c,401|*SummSink*}"
CONST[source:0(mediator),value:0(static)][purpose:{operation}][SnkIdx:3]


CONST[source:2(external),value:0(static)][purpose:{operation}][SrcIdx:10]  ->  CONST[source:0(mediator),value:2(dynamic)][purpose:{object}][SnkIdx:2]
-----------
CONST[source:2(external),value:0(static)][purpose:{operation}][SrcIdx:10]
CE0x4a019c0 "{CE0x4a019c0|i32_2|*Constant*}"
CE0x498a960 "{CE0x498a960|file_inode:f_inode|include/linux/fs.h,1916}"
CE0x498aa50 "{CE0x498aa50|file_inode:tmp4|*LoadInst*|include/linux/fs.h,1916}"
CE0x49ad2a0 "{CE0x49ad2a0|_ret_%struct.inode*_%tmp4,_!dbg_!15470|include/linux/fs.h,1916}"
CE0x49e4810 "{CE0x49e4810|apparmor_file_open:call7|security/apparmor/lsm.c,397}"
CE0x49d7d30 "{CE0x49d7d30|apparmor_file_open:i_mode|security/apparmor/lsm.c,398}"
CE0x49d7f90 "{CE0x49d7f90|apparmor_file_open:tmp25|security/apparmor/lsm.c,398}"
CE0x49d4590 "{CE0x49d4590|0:_i16,_4:_i32,_8:_i16,_40:_%struct.super_block*,_:_SCMRE_4,6_|*MultipleSource*|security/apparmor/lsm.c,382|security/apparmor/lsm.c, 398|security/apparmor/lsm.c,397|security/apparmor/lsm.c,398|Function::mediated_filesystem&Arg::inode::}"
CONST[source:0(mediator),value:2(dynamic)][purpose:{object}][SnkIdx:2]


CONST[source:2(external),value:0(static)][purpose:{operation}][SrcIdx:10]  ->  CONST[source:0(mediator),value:0(static)][purpose:{operation}][SnkIdx:3]
-----------
CONST[source:2(external),value:0(static)][purpose:{operation}][SrcIdx:10]
CE0x4a019c0 "{CE0x4a019c0|i32_2|*Constant*}"
CE0x4a92900 "{CE0x4a92900|aa_map_file_to_perms:or18|security/apparmor/include/file.h,209}"
CE0x4a92cf0 "{CE0x4a92cf0|aa_map_file_to_perms:perms.3}"
CE0x4a3ec70 "{CE0x4a3ec70|aa_map_file_to_perms:perms.4}"
CE0x49f5930 "{CE0x49f5930|_ret_i32_%perms.4,_!dbg_!15504|security/apparmor/include/file.h,213}"
CE0x4993d20 "{CE0x4993d20|apparmor_file_open:call9|security/apparmor/lsm.c,401}"
CE0x4993ea0 "{CE0x4993ea0|apparmor_file_open:call9|security/apparmor/lsm.c,401|*SummSink*}"
CONST[source:0(mediator),value:0(static)][purpose:{operation}][SnkIdx:3]



implicit:
CONST[source:2(external),value:0(static)][purpose:{operation}][SrcIdx:8]  ->  CONST[source:0(mediator),value:0(static)][purpose:{operation}][SnkIdx:3]
-----------
CONST[source:2(external),value:0(static)][purpose:{operation}][SrcIdx:8]
CE0x4a019c0 "{CE0x4a019c0|i32_2|*Constant*}"
CE0x4a92900 "{CE0x4a92900|aa_map_file_to_perms:or18|security/apparmor/include/file.h,209}"
CE0x4a92cf0 "{CE0x4a92cf0|aa_map_file_to_perms:perms.3}"
CE0x4a3ec70 "{CE0x4a3ec70|aa_map_file_to_perms:perms.4}"
CE0x49f5930 "{CE0x49f5930|_ret_i32_%perms.4,_!dbg_!15504|security/apparmor/include/file.h,213}"
CE0x4993d20 "{CE0x4993d20|apparmor_file_open:call9|security/apparmor/lsm.c,401}"
CE0x4993ea0 "{CE0x4993ea0|apparmor_file_open:call9|security/apparmor/lsm.c,401|*SummSink*}"
CONST[source:0(mediator),value:0(static)][purpose:{operation}][SnkIdx:3]


CONST[source:2(external),value:0(static)][purpose:{operation}][SrcIdx:8]  ->  CONST[source:0(mediator),value:2(dynamic)][purpose:{object}][SnkIdx:2]
-----------
CONST[source:2(external),value:0(static)][purpose:{operation}][SrcIdx:8]
CE0x4a019c0 "{CE0x4a019c0|i32_2|*Constant*}"
CE0x498a960 "{CE0x498a960|file_inode:f_inode|include/linux/fs.h,1916}"
CE0x498aa50 "{CE0x498aa50|file_inode:tmp4|*LoadInst*|include/linux/fs.h,1916}"
CE0x49ad2a0 "{CE0x49ad2a0|_ret_%struct.inode*_%tmp4,_!dbg_!15470|include/linux/fs.h,1916}"
CE0x49e4810 "{CE0x49e4810|apparmor_file_open:call7|security/apparmor/lsm.c,397}"
CE0x49d7d30 "{CE0x49d7d30|apparmor_file_open:i_mode|security/apparmor/lsm.c,398}"
CE0x49d7f90 "{CE0x49d7f90|apparmor_file_open:tmp25|security/apparmor/lsm.c,398}"
CE0x49d4590 "{CE0x49d4590|0:_i16,_4:_i32,_8:_i16,_40:_%struct.super_block*,_:_SCMRE_4,6_|*MultipleSource*|security/apparmor/lsm.c,382|security/apparmor/lsm.c, 398|security/apparmor/lsm.c,397|security/apparmor/lsm.c,398|Function::mediated_filesystem&Arg::inode::}"
CONST[source:0(mediator),value:2(dynamic)][purpose:{object}][SnkIdx:2]


CONST[source:2(external),value:0(static)][purpose:{operation}][SrcIdx:8]  ->  CONST[source:0(mediator),value:2(dynamic)][purpose:{subject}][SnkIdx:0]
-----------
CONST[source:2(external),value:0(static)][purpose:{operation}][SrcIdx:8]
CE0x4a019c0 "{CE0x4a019c0|i32_2|*Constant*}"
CE0x498a960 "{CE0x498a960|file_inode:f_inode|include/linux/fs.h,1916}"
CE0x498aa50 "{CE0x498aa50|file_inode:tmp4|*LoadInst*|include/linux/fs.h,1916}"
CE0x49ad2a0 "{CE0x49ad2a0|_ret_%struct.inode*_%tmp4,_!dbg_!15470|include/linux/fs.h,1916}"
CE0x49ac580 "{CE0x49ac580|apparmor_file_open:call|security/apparmor/lsm.c,382}"
CE0x499a7f0 "{CE0x499a7f0|mediated_filesystem:inode|Function::mediated_filesystem&Arg::inode::}"
CE0x49ca050 "{CE0x49ca050|mediated_filesystem:i_sb|security/apparmor/include/apparmor.h,117}"
CE0x49ca500 "{CE0x49ca500|mediated_filesystem:tmp4|*LoadInst*|security/apparmor/include/apparmor.h,117}"
CE0x49d27e0 "{CE0x49d27e0|mediated_filesystem:s_flags|security/apparmor/include/apparmor.h,117}"
CE0x4a25830 "{CE0x4a25830|mediated_filesystem:tmp5|security/apparmor/include/apparmor.h,117}"
CE0x4a35780 "{CE0x4a35780|mediated_filesystem:and|security/apparmor/include/apparmor.h,117}"
CE0x4a35ba0 "{CE0x4a35ba0|mediated_filesystem:tobool|security/apparmor/include/apparmor.h,117}"
CE0x4a366e0 "{CE0x4a366e0|mediated_filesystem:lnot|security/apparmor/include/apparmor.h,117}"
CE0x498fa20 "{CE0x498fa20|_ret_i1_%lnot,_!dbg_!15473|security/apparmor/include/apparmor.h,117}"
CE0x498ef70 "{CE0x498ef70|apparmor_file_open:call1|security/apparmor/lsm.c,382}"
CE0x496c010 "{CE0x496c010|apparmor_file_open:if.end4}"
CE0x49dbb10 "{CE0x49dbb10|apparmor_file_open:call5|security/apparmor/lsm.c,395}"
CE0x49db440 "{CE0x49db440|apparmor_file_open:call5|security/apparmor/lsm.c,395|*SummSink*}"
CONST[source:0(mediator),value:2(dynamic)][purpose:{subject}][SnkIdx:0]


CONST[source:2(external),value:0(static)][purpose:{operation}][SrcIdx:5]  ->  CONST[source:0(mediator),value:0(static)][purpose:{operation}][SnkIdx:3]
-----------
CONST[source:2(external),value:0(static)][purpose:{operation}][SrcIdx:5]
CE0x4a31a80 "{CE0x4a31a80|i32_4|*Constant*}"
CE0x4a31af0 "{CE0x4a31af0|aa_map_file_to_perms:or5|security/apparmor/include/file.h,203}"
CE0x4a88560 "{CE0x4a88560|aa_map_file_to_perms:perms.1}"
CE0x4a8da70 "{CE0x4a8da70|aa_map_file_to_perms:perms.2}"
CE0x4a92cf0 "{CE0x4a92cf0|aa_map_file_to_perms:perms.3}"
CE0x4a3ec70 "{CE0x4a3ec70|aa_map_file_to_perms:perms.4}"
CE0x49f5930 "{CE0x49f5930|_ret_i32_%perms.4,_!dbg_!15504|security/apparmor/include/file.h,213}"
CE0x4993d20 "{CE0x4993d20|apparmor_file_open:call9|security/apparmor/lsm.c,401}"
CE0x4993ea0 "{CE0x4993ea0|apparmor_file_open:call9|security/apparmor/lsm.c,401|*SummSink*}"
CONST[source:0(mediator),value:0(static)][purpose:{operation}][SnkIdx:3]


CONST[source:2(external),value:0(static)][purpose:{object}][SrcIdx:11]  ->  CONST[source:0(mediator),value:0(static)][purpose:{operation}][SnkIdx:3]
-----------
CONST[source:2(external),value:0(static)][purpose:{object}][SrcIdx:11]
CE0x49d3960 "{CE0x49d3960|i64_-2147483648|*Constant*}"
CE0x4a35780 "{CE0x4a35780|mediated_filesystem:and|security/apparmor/include/apparmor.h,117}"
CE0x4a35ba0 "{CE0x4a35ba0|mediated_filesystem:tobool|security/apparmor/include/apparmor.h,117}"
CE0x4a366e0 "{CE0x4a366e0|mediated_filesystem:lnot|security/apparmor/include/apparmor.h,117}"
CE0x498fa20 "{CE0x498fa20|_ret_i1_%lnot,_!dbg_!15473|security/apparmor/include/apparmor.h,117}"
CE0x498ef70 "{CE0x498ef70|apparmor_file_open:call1|security/apparmor/lsm.c,382}"
CE0x496e220 "{CE0x496e220|apparmor_file_open:if.then6}"
CE0x4993d20 "{CE0x4993d20|apparmor_file_open:call9|security/apparmor/lsm.c,401}"
CE0x4993ea0 "{CE0x4993ea0|apparmor_file_open:call9|security/apparmor/lsm.c,401|*SummSink*}"
CONST[source:0(mediator),value:0(static)][purpose:{operation}][SnkIdx:3]


CONST[source:2(external),value:0(static)][purpose:{object}][SrcIdx:11]  ->  CONST[source:0(mediator),value:2(dynamic)][purpose:{object}][SnkIdx:2]
-----------
CONST[source:2(external),value:0(static)][purpose:{object}][SrcIdx:11]
CE0x49d3960 "{CE0x49d3960|i64_-2147483648|*Constant*}"
CE0x4a35780 "{CE0x4a35780|mediated_filesystem:and|security/apparmor/include/apparmor.h,117}"
CE0x4a35ba0 "{CE0x4a35ba0|mediated_filesystem:tobool|security/apparmor/include/apparmor.h,117}"
CE0x4a366e0 "{CE0x4a366e0|mediated_filesystem:lnot|security/apparmor/include/apparmor.h,117}"
CE0x498fa20 "{CE0x498fa20|_ret_i1_%lnot,_!dbg_!15473|security/apparmor/include/apparmor.h,117}"
CE0x498ef70 "{CE0x498ef70|apparmor_file_open:call1|security/apparmor/lsm.c,382}"
CE0x496e220 "{CE0x496e220|apparmor_file_open:if.then6}"
CE0x49d4590 "{CE0x49d4590|0:_i16,_4:_i32,_8:_i16,_40:_%struct.super_block*,_:_SCMRE_4,6_|*MultipleSource*|security/apparmor/lsm.c,382|security/apparmor/lsm.c, 398|security/apparmor/lsm.c,397|security/apparmor/lsm.c,398|Function::mediated_filesystem&Arg::inode::}"
CONST[source:0(mediator),value:2(dynamic)][purpose:{object}][SnkIdx:2]


CONST[source:2(external),value:0(static)][purpose:{object}][SrcIdx:11]  ->  CONST[source:0(mediator),value:2(dynamic)][purpose:{subject}][SnkIdx:0]
-----------
CONST[source:2(external),value:0(static)][purpose:{object}][SrcIdx:11]
CE0x49d3960 "{CE0x49d3960|i64_-2147483648|*Constant*}"
CE0x4a35780 "{CE0x4a35780|mediated_filesystem:and|security/apparmor/include/apparmor.h,117}"
CE0x4a35ba0 "{CE0x4a35ba0|mediated_filesystem:tobool|security/apparmor/include/apparmor.h,117}"
CE0x4a366e0 "{CE0x4a366e0|mediated_filesystem:lnot|security/apparmor/include/apparmor.h,117}"
CE0x498fa20 "{CE0x498fa20|_ret_i1_%lnot,_!dbg_!15473|security/apparmor/include/apparmor.h,117}"
CE0x498ef70 "{CE0x498ef70|apparmor_file_open:call1|security/apparmor/lsm.c,382}"
CE0x496c010 "{CE0x496c010|apparmor_file_open:if.end4}"
CE0x49dbb10 "{CE0x49dbb10|apparmor_file_open:call5|security/apparmor/lsm.c,395}"
CE0x49db440 "{CE0x49db440|apparmor_file_open:call5|security/apparmor/lsm.c,395|*SummSink*}"
CONST[source:0(mediator),value:2(dynamic)][purpose:{subject}][SnkIdx:0]


CONST[source:2(external),value:0(static)][purpose:{operation}][SrcIdx:12]  ->  CONST[source:0(mediator),value:0(static)][purpose:{operation}][SnkIdx:3]
-----------
CONST[source:2(external),value:0(static)][purpose:{operation}][SrcIdx:12]
CE0x4a82670 "{CE0x4a82670|i32_1024|*Constant*}"
CE0x4a83630 "{CE0x4a83630|aa_map_file_to_perms:and7|security/apparmor/include/file.h,205}"
CE0x49ebee0 "{CE0x49ebee0|aa_map_file_to_perms:tobool8|security/apparmor/include/file.h,205}"
CE0x49efcf0 "{CE0x49efcf0|aa_map_file_to_perms:if.then11}"
CE0x4a8d010 "{CE0x4a8d010|aa_map_file_to_perms:or13|security/apparmor/include/file.h,206}"
CE0x4a8da70 "{CE0x4a8da70|aa_map_file_to_perms:perms.2}"
CE0x4a92cf0 "{CE0x4a92cf0|aa_map_file_to_perms:perms.3}"
CE0x4a3ec70 "{CE0x4a3ec70|aa_map_file_to_perms:perms.4}"
CE0x49f5930 "{CE0x49f5930|_ret_i32_%perms.4,_!dbg_!15504|security/apparmor/include/file.h,213}"
CE0x4993d20 "{CE0x4993d20|apparmor_file_open:call9|security/apparmor/lsm.c,401}"
CE0x4993ea0 "{CE0x4993ea0|apparmor_file_open:call9|security/apparmor/lsm.c,401|*SummSink*}"
CONST[source:0(mediator),value:0(static)][purpose:{operation}][SnkIdx:3]


CONST[source:2(external),value:0(static)][purpose:{operation}][SrcIdx:2]  ->  CONST[source:0(mediator),value:0(static)][purpose:{operation}][SnkIdx:3]
-----------
CONST[source:2(external),value:0(static)][purpose:{operation}][SrcIdx:2]
CE0x4a019c0 "{CE0x4a019c0|i32_2|*Constant*}"
CE0x4a92900 "{CE0x4a92900|aa_map_file_to_perms:or18|security/apparmor/include/file.h,209}"
CE0x4a92cf0 "{CE0x4a92cf0|aa_map_file_to_perms:perms.3}"
CE0x4a3ec70 "{CE0x4a3ec70|aa_map_file_to_perms:perms.4}"
CE0x49f5930 "{CE0x49f5930|_ret_i32_%perms.4,_!dbg_!15504|security/apparmor/include/file.h,213}"
CE0x4993d20 "{CE0x4993d20|apparmor_file_open:call9|security/apparmor/lsm.c,401}"
CE0x4993ea0 "{CE0x4993ea0|apparmor_file_open:call9|security/apparmor/lsm.c,401|*SummSink*}"
CONST[source:0(mediator),value:0(static)][purpose:{operation}][SnkIdx:3]


CONST[source:2(external),value:0(static)][purpose:{operation}][SrcIdx:2]  ->  CONST[source:0(mediator),value:2(dynamic)][purpose:{object}][SnkIdx:2]
-----------
CONST[source:2(external),value:0(static)][purpose:{operation}][SrcIdx:2]
CE0x4a019c0 "{CE0x4a019c0|i32_2|*Constant*}"
CE0x498a960 "{CE0x498a960|file_inode:f_inode|include/linux/fs.h,1916}"
CE0x498aa50 "{CE0x498aa50|file_inode:tmp4|*LoadInst*|include/linux/fs.h,1916}"
CE0x49ad2a0 "{CE0x49ad2a0|_ret_%struct.inode*_%tmp4,_!dbg_!15470|include/linux/fs.h,1916}"
CE0x49e4810 "{CE0x49e4810|apparmor_file_open:call7|security/apparmor/lsm.c,397}"
CE0x49d7d30 "{CE0x49d7d30|apparmor_file_open:i_mode|security/apparmor/lsm.c,398}"
CE0x49d7f90 "{CE0x49d7f90|apparmor_file_open:tmp25|security/apparmor/lsm.c,398}"
CE0x49d4590 "{CE0x49d4590|0:_i16,_4:_i32,_8:_i16,_40:_%struct.super_block*,_:_SCMRE_4,6_|*MultipleSource*|security/apparmor/lsm.c,382|security/apparmor/lsm.c, 398|security/apparmor/lsm.c,397|security/apparmor/lsm.c,398|Function::mediated_filesystem&Arg::inode::}"
CONST[source:0(mediator),value:2(dynamic)][purpose:{object}][SnkIdx:2]


CONST[source:2(external),value:0(static)][purpose:{operation}][SrcIdx:2]  ->  CONST[source:0(mediator),value:2(dynamic)][purpose:{subject}][SnkIdx:0]
-----------
CONST[source:2(external),value:0(static)][purpose:{operation}][SrcIdx:2]
CE0x4a019c0 "{CE0x4a019c0|i32_2|*Constant*}"
CE0x498a960 "{CE0x498a960|file_inode:f_inode|include/linux/fs.h,1916}"
CE0x498aa50 "{CE0x498aa50|file_inode:tmp4|*LoadInst*|include/linux/fs.h,1916}"
CE0x49ad2a0 "{CE0x49ad2a0|_ret_%struct.inode*_%tmp4,_!dbg_!15470|include/linux/fs.h,1916}"
CE0x49ac580 "{CE0x49ac580|apparmor_file_open:call|security/apparmor/lsm.c,382}"
CE0x499a7f0 "{CE0x499a7f0|mediated_filesystem:inode|Function::mediated_filesystem&Arg::inode::}"
CE0x49ca050 "{CE0x49ca050|mediated_filesystem:i_sb|security/apparmor/include/apparmor.h,117}"
CE0x49ca500 "{CE0x49ca500|mediated_filesystem:tmp4|*LoadInst*|security/apparmor/include/apparmor.h,117}"
CE0x49d27e0 "{CE0x49d27e0|mediated_filesystem:s_flags|security/apparmor/include/apparmor.h,117}"
CE0x4a25830 "{CE0x4a25830|mediated_filesystem:tmp5|security/apparmor/include/apparmor.h,117}"
CE0x4a35780 "{CE0x4a35780|mediated_filesystem:and|security/apparmor/include/apparmor.h,117}"
CE0x4a35ba0 "{CE0x4a35ba0|mediated_filesystem:tobool|security/apparmor/include/apparmor.h,117}"
CE0x4a366e0 "{CE0x4a366e0|mediated_filesystem:lnot|security/apparmor/include/apparmor.h,117}"
CE0x498fa20 "{CE0x498fa20|_ret_i1_%lnot,_!dbg_!15473|security/apparmor/include/apparmor.h,117}"
CE0x498ef70 "{CE0x498ef70|apparmor_file_open:call1|security/apparmor/lsm.c,382}"
CE0x496c010 "{CE0x496c010|apparmor_file_open:if.end4}"
CE0x49dbb10 "{CE0x49dbb10|apparmor_file_open:call5|security/apparmor/lsm.c,395}"
CE0x49db440 "{CE0x49db440|apparmor_file_open:call5|security/apparmor/lsm.c,395|*SummSink*}"
CONST[source:0(mediator),value:2(dynamic)][purpose:{subject}][SnkIdx:0]


CONST[source:1(input),value:2(dynamic)][purpose:{subject}][SrcIdx:17]  ->  CONST[source:0(mediator),value:0(static)][purpose:{operation}][SnkIdx:3]
-----------
CONST[source:1(input),value:2(dynamic)][purpose:{subject}][SrcIdx:17]
CE0x4a39d30 "{CE0x4a39d30|0:_%struct.aa_profile*,_:_CRE_0,8_|*MultipleSource*|security/apparmor/include/context.h,99|*LoadInst*|security/apparmor/include/context.h,99|security/apparmor/include/context.h,100}"
CE0x4a6e6c0 "{CE0x4a6e6c0|aa_cred_profile:tmp34|security/apparmor/include/context.h,101}"
CE0x49dd050 "{CE0x49dd050|_ret_%struct.aa_profile*_%tmp34,_!dbg_!15510|security/apparmor/include/context.h,101}"
CE0x49dbb10 "{CE0x49dbb10|apparmor_file_open:call5|security/apparmor/lsm.c,395}"
CE0x49ddd00 "{CE0x49ddd00|apparmor_file_open:mode|security/apparmor/lsm.c,396}"
CE0x49e3e30 "{CE0x49e3e30|apparmor_file_open:tmp16|security/apparmor/lsm.c,396}"
CE0x49e6290 "{CE0x49e6290|apparmor_file_open:cmp|security/apparmor/lsm.c,396}"
CE0x496e220 "{CE0x496e220|apparmor_file_open:if.then6}"
CE0x4993d20 "{CE0x4993d20|apparmor_file_open:call9|security/apparmor/lsm.c,401}"
CE0x4993ea0 "{CE0x4993ea0|apparmor_file_open:call9|security/apparmor/lsm.c,401|*SummSink*}"
CONST[source:0(mediator),value:0(static)][purpose:{operation}][SnkIdx:3]


CONST[source:1(input),value:2(dynamic)][purpose:{subject}][SrcIdx:17]  ->  CONST[source:0(mediator),value:2(dynamic)][purpose:{object}][SnkIdx:2]
-----------
CONST[source:1(input),value:2(dynamic)][purpose:{subject}][SrcIdx:17]
CE0x4a39d30 "{CE0x4a39d30|0:_%struct.aa_profile*,_:_CRE_0,8_|*MultipleSource*|security/apparmor/include/context.h,99|*LoadInst*|security/apparmor/include/context.h,99|security/apparmor/include/context.h,100}"
CE0x4a6e6c0 "{CE0x4a6e6c0|aa_cred_profile:tmp34|security/apparmor/include/context.h,101}"
CE0x49dd050 "{CE0x49dd050|_ret_%struct.aa_profile*_%tmp34,_!dbg_!15510|security/apparmor/include/context.h,101}"
CE0x49dbb10 "{CE0x49dbb10|apparmor_file_open:call5|security/apparmor/lsm.c,395}"
CE0x49ddd00 "{CE0x49ddd00|apparmor_file_open:mode|security/apparmor/lsm.c,396}"
CE0x49e3e30 "{CE0x49e3e30|apparmor_file_open:tmp16|security/apparmor/lsm.c,396}"
CE0x49e6290 "{CE0x49e6290|apparmor_file_open:cmp|security/apparmor/lsm.c,396}"
CE0x496e220 "{CE0x496e220|apparmor_file_open:if.then6}"
CE0x49d4590 "{CE0x49d4590|0:_i16,_4:_i32,_8:_i16,_40:_%struct.super_block*,_:_SCMRE_4,6_|*MultipleSource*|security/apparmor/lsm.c,382|security/apparmor/lsm.c, 398|security/apparmor/lsm.c,397|security/apparmor/lsm.c,398|Function::mediated_filesystem&Arg::inode::}"
CONST[source:0(mediator),value:2(dynamic)][purpose:{object}][SnkIdx:2]


CONST[source:1(input),value:2(dynamic)][purpose:{subject}][SrcIdx:17]  ->  CONST[source:0(mediator),value:2(dynamic)][purpose:{subject}][SnkIdx:0]
-----------
CONST[source:1(input),value:2(dynamic)][purpose:{subject}][SrcIdx:17]
CE0x4a39d30 "{CE0x4a39d30|0:_%struct.aa_profile*,_:_CRE_0,8_|*MultipleSource*|security/apparmor/include/context.h,99|*LoadInst*|security/apparmor/include/context.h,99|security/apparmor/include/context.h,100}"
CE0x4a6e6c0 "{CE0x4a6e6c0|aa_cred_profile:tmp34|security/apparmor/include/context.h,101}"
CE0x49dd050 "{CE0x49dd050|_ret_%struct.aa_profile*_%tmp34,_!dbg_!15510|security/apparmor/include/context.h,101}"
CE0x49dbb10 "{CE0x49dbb10|apparmor_file_open:call5|security/apparmor/lsm.c,395}"
CE0x49db440 "{CE0x49db440|apparmor_file_open:call5|security/apparmor/lsm.c,395|*SummSink*}"
CONST[source:0(mediator),value:2(dynamic)][purpose:{subject}][SnkIdx:0]


CONST[source:2(external),value:0(static)][purpose:{operation}][SrcIdx:14]  ->  CONST[source:0(mediator),value:0(static)][purpose:{operation}][SnkIdx:3]
-----------
CONST[source:2(external),value:0(static)][purpose:{operation}][SrcIdx:14]
CE0x4a8e050 "{CE0x4a8e050|i32_512|*Constant*}"
CE0x4a8e6d0 "{CE0x4a8e6d0|aa_map_file_to_perms:and15|security/apparmor/include/file.h,208}"
CE0x4a8eea0 "{CE0x4a8eea0|aa_map_file_to_perms:tobool16|security/apparmor/include/file.h,208}"
CE0x4a85bb0 "{CE0x4a85bb0|aa_map_file_to_perms:if.then17}"
CE0x4a92900 "{CE0x4a92900|aa_map_file_to_perms:or18|security/apparmor/include/file.h,209}"
CE0x4a92cf0 "{CE0x4a92cf0|aa_map_file_to_perms:perms.3}"
CE0x4a3ec70 "{CE0x4a3ec70|aa_map_file_to_perms:perms.4}"
CE0x49f5930 "{CE0x49f5930|_ret_i32_%perms.4,_!dbg_!15504|security/apparmor/include/file.h,213}"
CE0x4993d20 "{CE0x4993d20|apparmor_file_open:call9|security/apparmor/lsm.c,401}"
CE0x4993ea0 "{CE0x4993ea0|apparmor_file_open:call9|security/apparmor/lsm.c,401|*SummSink*}"
CONST[source:0(mediator),value:0(static)][purpose:{operation}][SnkIdx:3]


CONST[source:2(external),value:0(static)][purpose:{operation}][SrcIdx:13]  ->  CONST[source:0(mediator),value:0(static)][purpose:{operation}][SnkIdx:3]
-----------
CONST[source:2(external),value:0(static)][purpose:{operation}][SrcIdx:13]
CE0x4a93450 "{CE0x4a93450|i32_64|*Constant*}"
CE0x4a93aa0 "{CE0x4a93aa0|aa_map_file_to_perms:and20|security/apparmor/include/file.h,210}"
CE0x4a94320 "{CE0x4a94320|aa_map_file_to_perms:tobool21|security/apparmor/include/file.h,210}"
CE0x4a80b40 "{CE0x4a80b40|aa_map_file_to_perms:if.then22}"
CE0x4a3efb0 "{CE0x4a3efb0|aa_map_file_to_perms:or23|security/apparmor/include/file.h,211}"
CE0x4a3ec70 "{CE0x4a3ec70|aa_map_file_to_perms:perms.4}"
CE0x49f5930 "{CE0x49f5930|_ret_i32_%perms.4,_!dbg_!15504|security/apparmor/include/file.h,213}"
CE0x4993d20 "{CE0x4993d20|apparmor_file_open:call9|security/apparmor/lsm.c,401}"
CE0x4993ea0 "{CE0x4993ea0|apparmor_file_open:call9|security/apparmor/lsm.c,401|*SummSink*}"
CONST[source:0(mediator),value:0(static)][purpose:{operation}][SnkIdx:3]


CONST[source:2(external),value:0(static)][purpose:{operation}][SrcIdx:3]  ->  CONST[source:0(mediator),value:0(static)][purpose:{operation}][SnkIdx:3]
-----------
CONST[source:2(external),value:0(static)][purpose:{operation}][SrcIdx:3]
CE0x49d0890 "{CE0x49d0890|i32_8|*Constant*}"
CE0x4a8d010 "{CE0x4a8d010|aa_map_file_to_perms:or13|security/apparmor/include/file.h,206}"
CE0x4a8da70 "{CE0x4a8da70|aa_map_file_to_perms:perms.2}"
CE0x4a92cf0 "{CE0x4a92cf0|aa_map_file_to_perms:perms.3}"
CE0x4a3ec70 "{CE0x4a3ec70|aa_map_file_to_perms:perms.4}"
CE0x49f5930 "{CE0x49f5930|_ret_i32_%perms.4,_!dbg_!15504|security/apparmor/include/file.h,213}"
CE0x4993d20 "{CE0x4993d20|apparmor_file_open:call9|security/apparmor/lsm.c,401}"
CE0x4993ea0 "{CE0x4993ea0|apparmor_file_open:call9|security/apparmor/lsm.c,401|*SummSink*}"
CONST[source:0(mediator),value:0(static)][purpose:{operation}][SnkIdx:3]


CONST[source:2(external),value:0(static)][purpose:{operation}][SrcIdx:3]  ->  CONST[source:0(mediator),value:2(dynamic)][purpose:{object}][SnkIdx:2]
-----------
CONST[source:2(external),value:0(static)][purpose:{operation}][SrcIdx:3]
CE0x49d0890 "{CE0x49d0890|i32_8|*Constant*}"
CE0x49ca050 "{CE0x49ca050|mediated_filesystem:i_sb|security/apparmor/include/apparmor.h,117}"
CE0x49ca500 "{CE0x49ca500|mediated_filesystem:tmp4|*LoadInst*|security/apparmor/include/apparmor.h,117}"
CE0x49d27e0 "{CE0x49d27e0|mediated_filesystem:s_flags|security/apparmor/include/apparmor.h,117}"
CE0x4a25830 "{CE0x4a25830|mediated_filesystem:tmp5|security/apparmor/include/apparmor.h,117}"
CE0x4a35780 "{CE0x4a35780|mediated_filesystem:and|security/apparmor/include/apparmor.h,117}"
CE0x4a35ba0 "{CE0x4a35ba0|mediated_filesystem:tobool|security/apparmor/include/apparmor.h,117}"
CE0x4a366e0 "{CE0x4a366e0|mediated_filesystem:lnot|security/apparmor/include/apparmor.h,117}"
CE0x498fa20 "{CE0x498fa20|_ret_i1_%lnot,_!dbg_!15473|security/apparmor/include/apparmor.h,117}"
CE0x498ef70 "{CE0x498ef70|apparmor_file_open:call1|security/apparmor/lsm.c,382}"
CE0x496e220 "{CE0x496e220|apparmor_file_open:if.then6}"
CE0x49d4590 "{CE0x49d4590|0:_i16,_4:_i32,_8:_i16,_40:_%struct.super_block*,_:_SCMRE_4,6_|*MultipleSource*|security/apparmor/lsm.c,382|security/apparmor/lsm.c, 398|security/apparmor/lsm.c,397|security/apparmor/lsm.c,398|Function::mediated_filesystem&Arg::inode::}"
CONST[source:0(mediator),value:2(dynamic)][purpose:{object}][SnkIdx:2]


CONST[source:2(external),value:0(static)][purpose:{operation}][SrcIdx:3]  ->  CONST[source:0(mediator),value:2(dynamic)][purpose:{subject}][SnkIdx:0]
-----------
CONST[source:2(external),value:0(static)][purpose:{operation}][SrcIdx:3]
CE0x49d0890 "{CE0x49d0890|i32_8|*Constant*}"
CE0x49ca050 "{CE0x49ca050|mediated_filesystem:i_sb|security/apparmor/include/apparmor.h,117}"
CE0x49ca500 "{CE0x49ca500|mediated_filesystem:tmp4|*LoadInst*|security/apparmor/include/apparmor.h,117}"
CE0x49d27e0 "{CE0x49d27e0|mediated_filesystem:s_flags|security/apparmor/include/apparmor.h,117}"
CE0x4a25830 "{CE0x4a25830|mediated_filesystem:tmp5|security/apparmor/include/apparmor.h,117}"
CE0x4a35780 "{CE0x4a35780|mediated_filesystem:and|security/apparmor/include/apparmor.h,117}"
CE0x4a35ba0 "{CE0x4a35ba0|mediated_filesystem:tobool|security/apparmor/include/apparmor.h,117}"
CE0x4a366e0 "{CE0x4a366e0|mediated_filesystem:lnot|security/apparmor/include/apparmor.h,117}"
CE0x498fa20 "{CE0x498fa20|_ret_i1_%lnot,_!dbg_!15473|security/apparmor/include/apparmor.h,117}"
CE0x498ef70 "{CE0x498ef70|apparmor_file_open:call1|security/apparmor/lsm.c,382}"
CE0x496c010 "{CE0x496c010|apparmor_file_open:if.end4}"
CE0x49dbb10 "{CE0x49dbb10|apparmor_file_open:call5|security/apparmor/lsm.c,395}"
CE0x49db440 "{CE0x49db440|apparmor_file_open:call5|security/apparmor/lsm.c,395|*SummSink*}"
CONST[source:0(mediator),value:2(dynamic)][purpose:{subject}][SnkIdx:0]


CONST[source:2(external),value:0(static)][purpose:{operation}][SrcIdx:10]  ->  CONST[source:0(mediator),value:0(static)][purpose:{operation}][SnkIdx:3]
-----------
CONST[source:2(external),value:0(static)][purpose:{operation}][SrcIdx:10]
CE0x4a019c0 "{CE0x4a019c0|i32_2|*Constant*}"
CE0x4a92900 "{CE0x4a92900|aa_map_file_to_perms:or18|security/apparmor/include/file.h,209}"
CE0x4a92cf0 "{CE0x4a92cf0|aa_map_file_to_perms:perms.3}"
CE0x4a3ec70 "{CE0x4a3ec70|aa_map_file_to_perms:perms.4}"
CE0x49f5930 "{CE0x49f5930|_ret_i32_%perms.4,_!dbg_!15504|security/apparmor/include/file.h,213}"
CE0x4993d20 "{CE0x4993d20|apparmor_file_open:call9|security/apparmor/lsm.c,401}"
CE0x4993ea0 "{CE0x4993ea0|apparmor_file_open:call9|security/apparmor/lsm.c,401|*SummSink*}"
CONST[source:0(mediator),value:0(static)][purpose:{operation}][SnkIdx:3]


CONST[source:2(external),value:0(static)][purpose:{operation}][SrcIdx:10]  ->  CONST[source:0(mediator),value:2(dynamic)][purpose:{object}][SnkIdx:2]
-----------
CONST[source:2(external),value:0(static)][purpose:{operation}][SrcIdx:10]
CE0x4a019c0 "{CE0x4a019c0|i32_2|*Constant*}"
CE0x498a960 "{CE0x498a960|file_inode:f_inode|include/linux/fs.h,1916}"
CE0x498aa50 "{CE0x498aa50|file_inode:tmp4|*LoadInst*|include/linux/fs.h,1916}"
CE0x49ad2a0 "{CE0x49ad2a0|_ret_%struct.inode*_%tmp4,_!dbg_!15470|include/linux/fs.h,1916}"
CE0x49e4810 "{CE0x49e4810|apparmor_file_open:call7|security/apparmor/lsm.c,397}"
CE0x49d7d30 "{CE0x49d7d30|apparmor_file_open:i_mode|security/apparmor/lsm.c,398}"
CE0x49d7f90 "{CE0x49d7f90|apparmor_file_open:tmp25|security/apparmor/lsm.c,398}"
CE0x49d4590 "{CE0x49d4590|0:_i16,_4:_i32,_8:_i16,_40:_%struct.super_block*,_:_SCMRE_4,6_|*MultipleSource*|security/apparmor/lsm.c,382|security/apparmor/lsm.c, 398|security/apparmor/lsm.c,397|security/apparmor/lsm.c,398|Function::mediated_filesystem&Arg::inode::}"
CONST[source:0(mediator),value:2(dynamic)][purpose:{object}][SnkIdx:2]


CONST[source:2(external),value:0(static)][purpose:{operation}][SrcIdx:10]  ->  CONST[source:0(mediator),value:2(dynamic)][purpose:{subject}][SnkIdx:0]
-----------
CONST[source:2(external),value:0(static)][purpose:{operation}][SrcIdx:10]
CE0x4a019c0 "{CE0x4a019c0|i32_2|*Constant*}"
CE0x498a960 "{CE0x498a960|file_inode:f_inode|include/linux/fs.h,1916}"
CE0x498aa50 "{CE0x498aa50|file_inode:tmp4|*LoadInst*|include/linux/fs.h,1916}"
CE0x49ad2a0 "{CE0x49ad2a0|_ret_%struct.inode*_%tmp4,_!dbg_!15470|include/linux/fs.h,1916}"
CE0x49ac580 "{CE0x49ac580|apparmor_file_open:call|security/apparmor/lsm.c,382}"
CE0x499a7f0 "{CE0x499a7f0|mediated_filesystem:inode|Function::mediated_filesystem&Arg::inode::}"
CE0x49ca050 "{CE0x49ca050|mediated_filesystem:i_sb|security/apparmor/include/apparmor.h,117}"
CE0x49ca500 "{CE0x49ca500|mediated_filesystem:tmp4|*LoadInst*|security/apparmor/include/apparmor.h,117}"
CE0x49d27e0 "{CE0x49d27e0|mediated_filesystem:s_flags|security/apparmor/include/apparmor.h,117}"
CE0x4a25830 "{CE0x4a25830|mediated_filesystem:tmp5|security/apparmor/include/apparmor.h,117}"
CE0x4a35780 "{CE0x4a35780|mediated_filesystem:and|security/apparmor/include/apparmor.h,117}"
CE0x4a35ba0 "{CE0x4a35ba0|mediated_filesystem:tobool|security/apparmor/include/apparmor.h,117}"
CE0x4a366e0 "{CE0x4a366e0|mediated_filesystem:lnot|security/apparmor/include/apparmor.h,117}"
CE0x498fa20 "{CE0x498fa20|_ret_i1_%lnot,_!dbg_!15473|security/apparmor/include/apparmor.h,117}"
CE0x498ef70 "{CE0x498ef70|apparmor_file_open:call1|security/apparmor/lsm.c,382}"
CE0x496c010 "{CE0x496c010|apparmor_file_open:if.end4}"
CE0x49dbb10 "{CE0x49dbb10|apparmor_file_open:call5|security/apparmor/lsm.c,395}"
CE0x49db440 "{CE0x49db440|apparmor_file_open:call5|security/apparmor/lsm.c,395|*SummSink*}"
CONST[source:0(mediator),value:2(dynamic)][purpose:{subject}][SnkIdx:0]


CONST[source:1(input),value:2(dynamic)][purpose:{operation}][SrcIdx:16]  ->  CONST[source:0(mediator),value:0(static)][purpose:{operation}][SnkIdx:3]
-----------
CONST[source:1(input),value:2(dynamic)][purpose:{operation}][SrcIdx:16]
CE0x497e2d0 "{CE0x497e2d0|24:_%struct.dentry*,_32:_%struct.inode*,_128:_i32,_132:_i32,_456:_i8*,_:_CRE_128,132_|*MultipleSource*|Function::apparmor_file_open&Arg::file::|security/apparmor/lsm.c,378}"
CE0x4a718d0 "{CE0x4a718d0|aa_map_file_to_perms:tmp2|*LoadInst*|security/apparmor/include/file.h,197}"
CE0x4a93aa0 "{CE0x4a93aa0|aa_map_file_to_perms:and20|security/apparmor/include/file.h,210}"
CE0x4a94320 "{CE0x4a94320|aa_map_file_to_perms:tobool21|security/apparmor/include/file.h,210}"
CE0x4a80b40 "{CE0x4a80b40|aa_map_file_to_perms:if.then22}"
CE0x4a3efb0 "{CE0x4a3efb0|aa_map_file_to_perms:or23|security/apparmor/include/file.h,211}"
CE0x4a3ec70 "{CE0x4a3ec70|aa_map_file_to_perms:perms.4}"
CE0x49f5930 "{CE0x49f5930|_ret_i32_%perms.4,_!dbg_!15504|security/apparmor/include/file.h,213}"
CE0x4993d20 "{CE0x4993d20|apparmor_file_open:call9|security/apparmor/lsm.c,401}"
CE0x4993ea0 "{CE0x4993ea0|apparmor_file_open:call9|security/apparmor/lsm.c,401|*SummSink*}"
CONST[source:0(mediator),value:0(static)][purpose:{operation}][SnkIdx:3]


CONST[source:2(external),value:0(static)][purpose:{operation}][SrcIdx:1]  ->  CONST[source:0(mediator),value:0(static)][purpose:{operation}][SnkIdx:3]
-----------
CONST[source:2(external),value:0(static)][purpose:{operation}][SrcIdx:1]
CE0x4a2a3d0 "{CE0x4a2a3d0|i32_1|*Constant*}"
CE0x4a89cc0 "{CE0x4a89cc0|aa_map_file_to_perms:and2|security/apparmor/include/file.h,202}"
CE0x4a89da0 "{CE0x4a89da0|aa_map_file_to_perms:tobool3|security/apparmor/include/file.h,202}"
CE0x4a6f560 "{CE0x4a6f560|aa_map_file_to_perms:if.then4}"
CE0x4a31af0 "{CE0x4a31af0|aa_map_file_to_perms:or5|security/apparmor/include/file.h,203}"
CE0x4a88560 "{CE0x4a88560|aa_map_file_to_perms:perms.1}"
CE0x4a8da70 "{CE0x4a8da70|aa_map_file_to_perms:perms.2}"
CE0x4a92cf0 "{CE0x4a92cf0|aa_map_file_to_perms:perms.3}"
CE0x4a3ec70 "{CE0x4a3ec70|aa_map_file_to_perms:perms.4}"
CE0x49f5930 "{CE0x49f5930|_ret_i32_%perms.4,_!dbg_!15504|security/apparmor/include/file.h,213}"
CE0x4993d20 "{CE0x4993d20|apparmor_file_open:call9|security/apparmor/lsm.c,401}"
CE0x4993ea0 "{CE0x4993ea0|apparmor_file_open:call9|security/apparmor/lsm.c,401|*SummSink*}"
CONST[source:0(mediator),value:0(static)][purpose:{operation}][SnkIdx:3]


CONST[source:2(external),value:0(static)][purpose:{operation}][SrcIdx:7]  ->  CONST[source:0(mediator),value:0(static)][purpose:{operation}][SnkIdx:3]
-----------
CONST[source:2(external),value:0(static)][purpose:{operation}][SrcIdx:7]
CE0x4a019c0 "{CE0x4a019c0|i32_2|*Constant*}"
CE0x4a92900 "{CE0x4a92900|aa_map_file_to_perms:or18|security/apparmor/include/file.h,209}"
CE0x4a92cf0 "{CE0x4a92cf0|aa_map_file_to_perms:perms.3}"
CE0x4a3ec70 "{CE0x4a3ec70|aa_map_file_to_perms:perms.4}"
CE0x49f5930 "{CE0x49f5930|_ret_i32_%perms.4,_!dbg_!15504|security/apparmor/include/file.h,213}"
CE0x4993d20 "{CE0x4993d20|apparmor_file_open:call9|security/apparmor/lsm.c,401}"
CE0x4993ea0 "{CE0x4993ea0|apparmor_file_open:call9|security/apparmor/lsm.c,401|*SummSink*}"
CONST[source:0(mediator),value:0(static)][purpose:{operation}][SnkIdx:3]


CONST[source:2(external),value:0(static)][purpose:{operation}][SrcIdx:7]  ->  CONST[source:0(mediator),value:2(dynamic)][purpose:{object}][SnkIdx:2]
-----------
CONST[source:2(external),value:0(static)][purpose:{operation}][SrcIdx:7]
CE0x4a019c0 "{CE0x4a019c0|i32_2|*Constant*}"
CE0x498a960 "{CE0x498a960|file_inode:f_inode|include/linux/fs.h,1916}"
CE0x498aa50 "{CE0x498aa50|file_inode:tmp4|*LoadInst*|include/linux/fs.h,1916}"
CE0x49ad2a0 "{CE0x49ad2a0|_ret_%struct.inode*_%tmp4,_!dbg_!15470|include/linux/fs.h,1916}"
CE0x49e4810 "{CE0x49e4810|apparmor_file_open:call7|security/apparmor/lsm.c,397}"
CE0x49d7d30 "{CE0x49d7d30|apparmor_file_open:i_mode|security/apparmor/lsm.c,398}"
CE0x49d7f90 "{CE0x49d7f90|apparmor_file_open:tmp25|security/apparmor/lsm.c,398}"
CE0x49d4590 "{CE0x49d4590|0:_i16,_4:_i32,_8:_i16,_40:_%struct.super_block*,_:_SCMRE_4,6_|*MultipleSource*|security/apparmor/lsm.c,382|security/apparmor/lsm.c, 398|security/apparmor/lsm.c,397|security/apparmor/lsm.c,398|Function::mediated_filesystem&Arg::inode::}"
CONST[source:0(mediator),value:2(dynamic)][purpose:{object}][SnkIdx:2]


CONST[source:2(external),value:0(static)][purpose:{operation}][SrcIdx:7]  ->  CONST[source:0(mediator),value:2(dynamic)][purpose:{subject}][SnkIdx:0]
-----------
CONST[source:2(external),value:0(static)][purpose:{operation}][SrcIdx:7]
CE0x4a019c0 "{CE0x4a019c0|i32_2|*Constant*}"
CE0x498a960 "{CE0x498a960|file_inode:f_inode|include/linux/fs.h,1916}"
CE0x498aa50 "{CE0x498aa50|file_inode:tmp4|*LoadInst*|include/linux/fs.h,1916}"
CE0x49ad2a0 "{CE0x49ad2a0|_ret_%struct.inode*_%tmp4,_!dbg_!15470|include/linux/fs.h,1916}"
CE0x49ac580 "{CE0x49ac580|apparmor_file_open:call|security/apparmor/lsm.c,382}"
CE0x499a7f0 "{CE0x499a7f0|mediated_filesystem:inode|Function::mediated_filesystem&Arg::inode::}"
CE0x49ca050 "{CE0x49ca050|mediated_filesystem:i_sb|security/apparmor/include/apparmor.h,117}"
CE0x49ca500 "{CE0x49ca500|mediated_filesystem:tmp4|*LoadInst*|security/apparmor/include/apparmor.h,117}"
CE0x49d27e0 "{CE0x49d27e0|mediated_filesystem:s_flags|security/apparmor/include/apparmor.h,117}"
CE0x4a25830 "{CE0x4a25830|mediated_filesystem:tmp5|security/apparmor/include/apparmor.h,117}"
CE0x4a35780 "{CE0x4a35780|mediated_filesystem:and|security/apparmor/include/apparmor.h,117}"
CE0x4a35ba0 "{CE0x4a35ba0|mediated_filesystem:tobool|security/apparmor/include/apparmor.h,117}"
CE0x4a366e0 "{CE0x4a366e0|mediated_filesystem:lnot|security/apparmor/include/apparmor.h,117}"
CE0x498fa20 "{CE0x498fa20|_ret_i1_%lnot,_!dbg_!15473|security/apparmor/include/apparmor.h,117}"
CE0x498ef70 "{CE0x498ef70|apparmor_file_open:call1|security/apparmor/lsm.c,382}"
CE0x496c010 "{CE0x496c010|apparmor_file_open:if.end4}"
CE0x49dbb10 "{CE0x49dbb10|apparmor_file_open:call5|security/apparmor/lsm.c,395}"
CE0x49db440 "{CE0x49db440|apparmor_file_open:call5|security/apparmor/lsm.c,395|*SummSink*}"
CONST[source:0(mediator),value:2(dynamic)][purpose:{subject}][SnkIdx:0]


