[tomoyo_path_chmod]

explicit:
CONST[source:1(input),value:2(dynamic)][purpose:{operation}][SrcIdx:16]  ->  CONST[source:0(mediator),value:0(static)][purpose:{operation}][SnkIdx:2]
-----------
CONST[source:1(input),value:2(dynamic)][purpose:{operation}][SrcIdx:16]
CE0x4cd3ea0 "{CE0x4cd3ea0|tomoyo_path_chmod:mode|Function::tomoyo_path_chmod&Arg::mode::|*SummSource*}"
CE0x4cb9d50 "{CE0x4cb9d50|tomoyo_path_chmod:mode|Function::tomoyo_path_chmod&Arg::mode::}"
CE0x4bde170 "{CE0x4bde170|tomoyo_path_chmod:conv|security/tomoyo/tomoyo.c,364}"
CE0x68fe940 "{CE0x68fe940|tomoyo_path_chmod:and|security/tomoyo/tomoyo.c,364}"
CE0x4ccc020 "{CE0x4ccc020|tomoyo_path_chmod:conv1|security/tomoyo/tomoyo.c,364}"
CE0x57c0bd0 "{CE0x57c0bd0|tomoyo_path_number_perm:number|Function::tomoyo_path_number_perm&Arg::number::}"
CE0x6a283e0 "{CE0x6a283e0|0:_%struct.tomoyo_obj_info*,_24:_%struct.tomoyo_path_info*,_32:_i64,_40:_i8,_72:_i8,_76:_i8,_:_SCMRE_33,34_}"
CONST[source:0(mediator),value:0(static)][purpose:{operation}][SnkIdx:2]


CONST[source:2(external),value:0(static)][purpose:{operation}][SrcIdx:11]  ->  CONST[source:0(mediator),value:0(static)][purpose:{operation}][SnkIdx:2]
-----------
CONST[source:2(external),value:0(static)][purpose:{operation}][SrcIdx:11]
CE0x4cba160 "{CE0x4cba160|i32_4095|*Constant*}"
CE0x68fe940 "{CE0x68fe940|tomoyo_path_chmod:and|security/tomoyo/tomoyo.c,364}"
CE0x4ccc020 "{CE0x4ccc020|tomoyo_path_chmod:conv1|security/tomoyo/tomoyo.c,364}"
CE0x57c0bd0 "{CE0x57c0bd0|tomoyo_path_number_perm:number|Function::tomoyo_path_number_perm&Arg::number::}"
CE0x6a283e0 "{CE0x6a283e0|0:_%struct.tomoyo_obj_info*,_24:_%struct.tomoyo_path_info*,_32:_i64,_40:_i8,_72:_i8,_76:_i8,_:_SCMRE_33,34_}"
CONST[source:0(mediator),value:0(static)][purpose:{operation}][SnkIdx:2]


CONST[source:2(external),value:2(dynamic)][purpose:{subject}][SrcIdx:17]  ->  CONST[source:0(mediator),value:2(dynamic)][purpose:{subject}][SnkIdx:0]
-----------
CONST[source:2(external),value:2(dynamic)][purpose:{subject}][SrcIdx:17]
CE0x6aa6f40 "{CE0x6aa6f40|128:_i8*,_1208:_%struct.file*,_:_CMRE_128,136_|*MultipleSource*|security/tomoyo/common.h,1205|security/tomoyo/common.h,1205}"
CE0x6aa7a80 "{CE0x6aa7a80|tomoyo_domain:tmp22|security/tomoyo/common.h,1205}"
CE0x6757950 "{CE0x6757950|tomoyo_domain:tmp23|security/tomoyo/common.h,1205}"
CE0x5a585c0 "{CE0x5a585c0|_ret_%struct.tomoyo_domain_info*_%tmp23,_!dbg_!38929|security/tomoyo/common.h,1205}"
CE0x590d0c0 "{CE0x590d0c0|tomoyo_init_request_info:call|security/tomoyo/util.c,1005}"
CE0x6a672c0 "{CE0x6a672c0|tomoyo_init_request_info:domain.addr.0}"
CE0x694e210 "{CE0x694e210|0:_%struct.tomoyo_obj_info*,_24:_%struct.tomoyo_path_info*,_32:_i64,_40:_i8,_72:_i8,_76:_i8,_:_SCMRE_16,24_|*MultipleSource*|security/tomoyo/file.c, 693|security/tomoyo/file.c,693|security/tomoyo/file.c,707|Function::tomoyo_init_request_info&Arg::r::}"
CONST[source:0(mediator),value:2(dynamic)][purpose:{subject}][SnkIdx:0]



implicit:
CONST[source:1(input),value:2(dynamic)][purpose:{operation}][SrcIdx:16]  ->  CONST[source:0(mediator),value:0(static)][purpose:{operation}][SnkIdx:2]
-----------
CONST[source:1(input),value:2(dynamic)][purpose:{operation}][SrcIdx:16]
CE0x4cd3ea0 "{CE0x4cd3ea0|tomoyo_path_chmod:mode|Function::tomoyo_path_chmod&Arg::mode::|*SummSource*}"
CE0x4cb9d50 "{CE0x4cb9d50|tomoyo_path_chmod:mode|Function::tomoyo_path_chmod&Arg::mode::}"
CE0x4bde170 "{CE0x4bde170|tomoyo_path_chmod:conv|security/tomoyo/tomoyo.c,364}"
CE0x68fe940 "{CE0x68fe940|tomoyo_path_chmod:and|security/tomoyo/tomoyo.c,364}"
CE0x4ccc020 "{CE0x4ccc020|tomoyo_path_chmod:conv1|security/tomoyo/tomoyo.c,364}"
CE0x57c0bd0 "{CE0x57c0bd0|tomoyo_path_number_perm:number|Function::tomoyo_path_number_perm&Arg::number::}"
CE0x6a285a0 "{CE0x6a285a0|0:_%struct.tomoyo_obj_info*,_24:_%struct.tomoyo_path_info*,_32:_i64,_40:_i8,_72:_i8,_76:_i8,_:_SCMRE_34,35_}"
CONST[source:0(mediator),value:0(static)][purpose:{operation}][SnkIdx:2]


CONST[source:1(input),value:2(dynamic)][purpose:{object}][SrcIdx:14]  ->  CONST[source:0(mediator),value:0(static)][purpose:{operation}][SnkIdx:2]
-----------
CONST[source:1(input),value:2(dynamic)][purpose:{object}][SrcIdx:14]
CE0x6bcf040 "{CE0x6bcf040|16:_%struct.dentry*,_:_SCMRE_8,16_|*MultipleSource*|security/tomoyo/file.c, 694|security/tomoyo/file.c,694|security/tomoyo/file.c,694|Function::tomoyo_path_number_perm&Arg::path::|Function::tomoyo_path_chmod&Arg::path::}"
CE0x4cb0370 "{CE0x4cb0370|tomoyo_path_number_perm:tmp12|*LoadInst*|security/tomoyo/file.c,702}"
CE0x4e33c10 "{CE0x4e33c10|tomoyo_path_number_perm:tobool|security/tomoyo/file.c,702}"
CE0x5a587c0 "{CE0x5a587c0|tomoyo_path_number_perm:if.end9}"
CE0x6a28ae0 "{CE0x6a28ae0|0:_%struct.tomoyo_obj_info*,_24:_%struct.tomoyo_path_info*,_32:_i64,_40:_i8,_72:_i8,_76:_i8,_:_SCMRE_37,38_}"
CONST[source:0(mediator),value:0(static)][purpose:{operation}][SnkIdx:2]


CONST[source:1(input),value:2(dynamic)][purpose:{object}][SrcIdx:14]  ->  CONST[source:0(mediator),value:0(static)][purpose:{operation}][SnkIdx:3]
-----------
CONST[source:1(input),value:2(dynamic)][purpose:{object}][SrcIdx:14]
CE0x6bcf040 "{CE0x6bcf040|16:_%struct.dentry*,_:_SCMRE_8,16_|*MultipleSource*|security/tomoyo/file.c, 694|security/tomoyo/file.c,694|security/tomoyo/file.c,694|Function::tomoyo_path_number_perm&Arg::path::|Function::tomoyo_path_chmod&Arg::path::}"
CE0x4cb0370 "{CE0x4cb0370|tomoyo_path_number_perm:tmp12|*LoadInst*|security/tomoyo/file.c,702}"
CE0x4e33c10 "{CE0x4e33c10|tomoyo_path_number_perm:tobool|security/tomoyo/file.c,702}"
CE0x5a587c0 "{CE0x5a587c0|tomoyo_path_number_perm:if.end9}"
CE0x665c310 "{CE0x665c310|0:_%struct.tomoyo_obj_info*,_24:_%struct.tomoyo_path_info*,_32:_i64,_40:_i8,_72:_i8,_76:_i8,_:_SCMRE_40,41_}"
CONST[source:0(mediator),value:0(static)][purpose:{operation}][SnkIdx:3]


CONST[source:1(input),value:2(dynamic)][purpose:{object}][SrcIdx:14]  ->  CONST[source:0(mediator),value:2(dynamic)][purpose:{object}][SnkIdx:1]
-----------
CONST[source:1(input),value:2(dynamic)][purpose:{object}][SrcIdx:14]
CE0x6bcf040 "{CE0x6bcf040|16:_%struct.dentry*,_:_SCMRE_8,16_|*MultipleSource*|security/tomoyo/file.c, 694|security/tomoyo/file.c,694|security/tomoyo/file.c,694|Function::tomoyo_path_number_perm&Arg::path::|Function::tomoyo_path_chmod&Arg::path::}"
CE0x4cb0370 "{CE0x4cb0370|tomoyo_path_number_perm:tmp12|*LoadInst*|security/tomoyo/file.c,702}"
CE0x4e33c10 "{CE0x4e33c10|tomoyo_path_number_perm:tobool|security/tomoyo/file.c,702}"
CE0x5a587c0 "{CE0x5a587c0|tomoyo_path_number_perm:if.end9}"
CE0x6a27ea0 "{CE0x6a27ea0|0:_%struct.tomoyo_obj_info*,_24:_%struct.tomoyo_path_info*,_32:_i64,_40:_i8,_72:_i8,_76:_i8,_:_SCMRE_30,31_}"
CONST[source:0(mediator),value:2(dynamic)][purpose:{object}][SnkIdx:1]


CONST[source:0(mediator),value:0(static)][purpose:{operation}][SrcIdx:15]  ->  CONST[source:0(mediator),value:2(dynamic)][purpose:{object}][SnkIdx:1]
-----------
CONST[source:0(mediator),value:0(static)][purpose:{operation}][SrcIdx:15]
CE0x4d3f6b0 "{CE0x4d3f6b0|tomoyo_path_number_perm:type|Function::tomoyo_path_number_perm&Arg::type::|*SummSource*}"
CE0x4d3f640 "{CE0x4d3f640|tomoyo_path_number_perm:type|Function::tomoyo_path_number_perm&Arg::type::}"
CE0x82ad000 "{CE0x82ad000|tomoyo_path_number_perm:idxprom|security/tomoyo/file.c,701}"
CE0x58ee1f0 "{CE0x58ee1f0|tomoyo_path_number_perm:arrayidx|security/tomoyo/file.c,701}"
CE0x838ad40 "{CE0x838ad40|tomoyo_path_number_perm:tmp7|security/tomoyo/file.c,701}"
CE0x4ccc7f0 "{CE0x4ccc7f0|tomoyo_init_request_info:index|Function::tomoyo_init_request_info&Arg::index::}"
CE0x6a96890 "{CE0x6a96890|tomoyo_get_mode:index|Function::tomoyo_get_mode&Arg::index::}"
CE0x6b9dd00 "{CE0x6b9dd00|tomoyo_get_mode:idxprom|security/tomoyo/util.c,981}"
CE0x58b9c70 "{CE0x58b9c70|tomoyo_get_mode:arrayidx|security/tomoyo/util.c,981}"
CE0x8208d60 "{CE0x8208d60|tomoyo_get_mode:tmp9|security/tomoyo/util.c,981}"
CE0x6c457d0 "{CE0x6c457d0|tomoyo_get_mode:mode.0}"
CE0x831a9f0 "{CE0x831a9f0|tomoyo_get_mode:mode.1}"
CE0x5aa9690 "{CE0x5aa9690|tomoyo_get_mode:conv15|security/tomoyo/util.c,987}"
CE0x5adbfa0 "{CE0x5adbfa0|tomoyo_get_mode:and|security/tomoyo/util.c,987}"
CE0x5adc170 "{CE0x5adc170|tomoyo_get_mode:retval.0}"
CE0x69bca20 "{CE0x69bca20|_ret_i32_%retval.0,_!dbg_!38935|security/tomoyo/util.c,988}"
CE0x6a8a770 "{CE0x6a8a770|tomoyo_init_request_info:call4|security/tomoyo/util.c,1010}"
CE0x6a9d9e0 "{CE0x6a9d9e0|tomoyo_init_request_info:conv|security/tomoyo/util.c,1010}"
CE0x6680900 "{CE0x6680900|0:_%struct.tomoyo_obj_info*,_24:_%struct.tomoyo_path_info*,_32:_i64,_40:_i8,_72:_i8,_76:_i8,_:_SCMRE_76,77_|*MultipleSource*|security/tomoyo/file.c, 693|security/tomoyo/file.c,693|security/tomoyo/file.c,707|Function::tomoyo_init_request_info&Arg::r::}"
CE0x820fc00 "{CE0x820fc00|tomoyo_init_request_info:tmp13|*LoadInst*|security/tomoyo/util.c,1011}"
CE0x6738a10 "{CE0x6738a10|tomoyo_init_request_info:conv6|security/tomoyo/util.c,1011}"
CE0x5a8f620 "{CE0x5a8f620|_ret_i32_%conv6,_!dbg_!38926|security/tomoyo/util.c,1011}"
CE0x4d3a540 "{CE0x4d3a540|tomoyo_path_number_perm:call|security/tomoyo/file.c,701}"
CE0x806fac0 "{CE0x806fac0|tomoyo_path_number_perm:cmp|security/tomoyo/file.c,702}"
CE0x5a587c0 "{CE0x5a587c0|tomoyo_path_number_perm:if.end9}"
CE0x6a27ea0 "{CE0x6a27ea0|0:_%struct.tomoyo_obj_info*,_24:_%struct.tomoyo_path_info*,_32:_i64,_40:_i8,_72:_i8,_76:_i8,_:_SCMRE_30,31_}"
CONST[source:0(mediator),value:2(dynamic)][purpose:{object}][SnkIdx:1]


CONST[source:2(external),value:0(static)][purpose:{operation}][SrcIdx:11]  ->  CONST[source:0(mediator),value:0(static)][purpose:{operation}][SnkIdx:2]
-----------
CONST[source:2(external),value:0(static)][purpose:{operation}][SrcIdx:11]
CE0x4cba160 "{CE0x4cba160|i32_4095|*Constant*}"
CE0x68fe940 "{CE0x68fe940|tomoyo_path_chmod:and|security/tomoyo/tomoyo.c,364}"
CE0x4ccc020 "{CE0x4ccc020|tomoyo_path_chmod:conv1|security/tomoyo/tomoyo.c,364}"
CE0x57c0bd0 "{CE0x57c0bd0|tomoyo_path_number_perm:number|Function::tomoyo_path_number_perm&Arg::number::}"
CE0x6a285a0 "{CE0x6a285a0|0:_%struct.tomoyo_obj_info*,_24:_%struct.tomoyo_path_info*,_32:_i64,_40:_i8,_72:_i8,_76:_i8,_:_SCMRE_34,35_}"
CONST[source:0(mediator),value:0(static)][purpose:{operation}][SnkIdx:2]


CONST[source:2(external),value:2(dynamic)][purpose:{subject}][SrcIdx:17]  ->  CONST[source:0(mediator),value:0(static)][purpose:{operation}][SnkIdx:2]
-----------
CONST[source:2(external),value:2(dynamic)][purpose:{subject}][SrcIdx:17]
CE0x6aa6f40 "{CE0x6aa6f40|128:_i8*,_1208:_%struct.file*,_:_CMRE_128,136_|*MultipleSource*|security/tomoyo/common.h,1205|security/tomoyo/common.h,1205}"
CE0x6aa7a80 "{CE0x6aa7a80|tomoyo_domain:tmp22|security/tomoyo/common.h,1205}"
CE0x6757950 "{CE0x6757950|tomoyo_domain:tmp23|security/tomoyo/common.h,1205}"
CE0x5a585c0 "{CE0x5a585c0|_ret_%struct.tomoyo_domain_info*_%tmp23,_!dbg_!38929|security/tomoyo/common.h,1205}"
CE0x590d0c0 "{CE0x590d0c0|tomoyo_init_request_info:call|security/tomoyo/util.c,1005}"
CE0x6a672c0 "{CE0x6a672c0|tomoyo_init_request_info:domain.addr.0}"
CE0x6a348c0 "{CE0x6a348c0|tomoyo_init_request_info:profile2|security/tomoyo/util.c,1007}"
CE0x6a136b0 "{CE0x6a136b0|tomoyo_init_request_info:tmp11|security/tomoyo/util.c,1007}"
CE0x6a96a30 "{CE0x6a96a30|tomoyo_get_mode:profile|Function::tomoyo_get_mode&Arg::profile::}"
CE0x68266c0 "{CE0x68266c0|COLLAPSED:_CRE:_elem_0:default:}"
CE0x831a310 "{CE0x831a310|tomoyo_get_mode:tmp24|security/tomoyo/util.c,986}"
CE0x831a9f0 "{CE0x831a9f0|tomoyo_get_mode:mode.1}"
CE0x5aa9690 "{CE0x5aa9690|tomoyo_get_mode:conv15|security/tomoyo/util.c,987}"
CE0x5adbfa0 "{CE0x5adbfa0|tomoyo_get_mode:and|security/tomoyo/util.c,987}"
CE0x5adc170 "{CE0x5adc170|tomoyo_get_mode:retval.0}"
CE0x69bca20 "{CE0x69bca20|_ret_i32_%retval.0,_!dbg_!38935|security/tomoyo/util.c,988}"
CE0x6a8a770 "{CE0x6a8a770|tomoyo_init_request_info:call4|security/tomoyo/util.c,1010}"
CE0x6a9d9e0 "{CE0x6a9d9e0|tomoyo_init_request_info:conv|security/tomoyo/util.c,1010}"
CE0x6680900 "{CE0x6680900|0:_%struct.tomoyo_obj_info*,_24:_%struct.tomoyo_path_info*,_32:_i64,_40:_i8,_72:_i8,_76:_i8,_:_SCMRE_76,77_|*MultipleSource*|security/tomoyo/file.c, 693|security/tomoyo/file.c,693|security/tomoyo/file.c,707|Function::tomoyo_init_request_info&Arg::r::}"
CE0x820fc00 "{CE0x820fc00|tomoyo_init_request_info:tmp13|*LoadInst*|security/tomoyo/util.c,1011}"
CE0x6738a10 "{CE0x6738a10|tomoyo_init_request_info:conv6|security/tomoyo/util.c,1011}"
CE0x5a8f620 "{CE0x5a8f620|_ret_i32_%conv6,_!dbg_!38926|security/tomoyo/util.c,1011}"
CE0x4d3a540 "{CE0x4d3a540|tomoyo_path_number_perm:call|security/tomoyo/file.c,701}"
CE0x806fac0 "{CE0x806fac0|tomoyo_path_number_perm:cmp|security/tomoyo/file.c,702}"
CE0x5a587c0 "{CE0x5a587c0|tomoyo_path_number_perm:if.end9}"
CE0x6a28ae0 "{CE0x6a28ae0|0:_%struct.tomoyo_obj_info*,_24:_%struct.tomoyo_path_info*,_32:_i64,_40:_i8,_72:_i8,_76:_i8,_:_SCMRE_37,38_}"
CONST[source:0(mediator),value:0(static)][purpose:{operation}][SnkIdx:2]


CONST[source:2(external),value:2(dynamic)][purpose:{subject}][SrcIdx:17]  ->  CONST[source:0(mediator),value:0(static)][purpose:{operation}][SnkIdx:3]
-----------
CONST[source:2(external),value:2(dynamic)][purpose:{subject}][SrcIdx:17]
CE0x6aa6f40 "{CE0x6aa6f40|128:_i8*,_1208:_%struct.file*,_:_CMRE_128,136_|*MultipleSource*|security/tomoyo/common.h,1205|security/tomoyo/common.h,1205}"
CE0x6aa7a80 "{CE0x6aa7a80|tomoyo_domain:tmp22|security/tomoyo/common.h,1205}"
CE0x6757950 "{CE0x6757950|tomoyo_domain:tmp23|security/tomoyo/common.h,1205}"
CE0x5a585c0 "{CE0x5a585c0|_ret_%struct.tomoyo_domain_info*_%tmp23,_!dbg_!38929|security/tomoyo/common.h,1205}"
CE0x590d0c0 "{CE0x590d0c0|tomoyo_init_request_info:call|security/tomoyo/util.c,1005}"
CE0x6a672c0 "{CE0x6a672c0|tomoyo_init_request_info:domain.addr.0}"
CE0x6a348c0 "{CE0x6a348c0|tomoyo_init_request_info:profile2|security/tomoyo/util.c,1007}"
CE0x6a136b0 "{CE0x6a136b0|tomoyo_init_request_info:tmp11|security/tomoyo/util.c,1007}"
CE0x6a96a30 "{CE0x6a96a30|tomoyo_get_mode:profile|Function::tomoyo_get_mode&Arg::profile::}"
CE0x68266c0 "{CE0x68266c0|COLLAPSED:_CRE:_elem_0:default:}"
CE0x831a310 "{CE0x831a310|tomoyo_get_mode:tmp24|security/tomoyo/util.c,986}"
CE0x831a9f0 "{CE0x831a9f0|tomoyo_get_mode:mode.1}"
CE0x5aa9690 "{CE0x5aa9690|tomoyo_get_mode:conv15|security/tomoyo/util.c,987}"
CE0x5adbfa0 "{CE0x5adbfa0|tomoyo_get_mode:and|security/tomoyo/util.c,987}"
CE0x5adc170 "{CE0x5adc170|tomoyo_get_mode:retval.0}"
CE0x69bca20 "{CE0x69bca20|_ret_i32_%retval.0,_!dbg_!38935|security/tomoyo/util.c,988}"
CE0x6a8a770 "{CE0x6a8a770|tomoyo_init_request_info:call4|security/tomoyo/util.c,1010}"
CE0x6a9d9e0 "{CE0x6a9d9e0|tomoyo_init_request_info:conv|security/tomoyo/util.c,1010}"
CE0x6680900 "{CE0x6680900|0:_%struct.tomoyo_obj_info*,_24:_%struct.tomoyo_path_info*,_32:_i64,_40:_i8,_72:_i8,_76:_i8,_:_SCMRE_76,77_|*MultipleSource*|security/tomoyo/file.c, 693|security/tomoyo/file.c,693|security/tomoyo/file.c,707|Function::tomoyo_init_request_info&Arg::r::}"
CE0x820fc00 "{CE0x820fc00|tomoyo_init_request_info:tmp13|*LoadInst*|security/tomoyo/util.c,1011}"
CE0x6738a10 "{CE0x6738a10|tomoyo_init_request_info:conv6|security/tomoyo/util.c,1011}"
CE0x5a8f620 "{CE0x5a8f620|_ret_i32_%conv6,_!dbg_!38926|security/tomoyo/util.c,1011}"
CE0x4d3a540 "{CE0x4d3a540|tomoyo_path_number_perm:call|security/tomoyo/file.c,701}"
CE0x806fac0 "{CE0x806fac0|tomoyo_path_number_perm:cmp|security/tomoyo/file.c,702}"
CE0x5a587c0 "{CE0x5a587c0|tomoyo_path_number_perm:if.end9}"
CE0x665c310 "{CE0x665c310|0:_%struct.tomoyo_obj_info*,_24:_%struct.tomoyo_path_info*,_32:_i64,_40:_i8,_72:_i8,_76:_i8,_:_SCMRE_40,41_}"
CONST[source:0(mediator),value:0(static)][purpose:{operation}][SnkIdx:3]


CONST[source:2(external),value:2(dynamic)][purpose:{subject}][SrcIdx:17]  ->  CONST[source:0(mediator),value:2(dynamic)][purpose:{object}][SnkIdx:1]
-----------
CONST[source:2(external),value:2(dynamic)][purpose:{subject}][SrcIdx:17]
CE0x6aa6f40 "{CE0x6aa6f40|128:_i8*,_1208:_%struct.file*,_:_CMRE_128,136_|*MultipleSource*|security/tomoyo/common.h,1205|security/tomoyo/common.h,1205}"
CE0x6aa7a80 "{CE0x6aa7a80|tomoyo_domain:tmp22|security/tomoyo/common.h,1205}"
CE0x6757950 "{CE0x6757950|tomoyo_domain:tmp23|security/tomoyo/common.h,1205}"
CE0x5a585c0 "{CE0x5a585c0|_ret_%struct.tomoyo_domain_info*_%tmp23,_!dbg_!38929|security/tomoyo/common.h,1205}"
CE0x590d0c0 "{CE0x590d0c0|tomoyo_init_request_info:call|security/tomoyo/util.c,1005}"
CE0x6a672c0 "{CE0x6a672c0|tomoyo_init_request_info:domain.addr.0}"
CE0x6a348c0 "{CE0x6a348c0|tomoyo_init_request_info:profile2|security/tomoyo/util.c,1007}"
CE0x6a136b0 "{CE0x6a136b0|tomoyo_init_request_info:tmp11|security/tomoyo/util.c,1007}"
CE0x6a96a30 "{CE0x6a96a30|tomoyo_get_mode:profile|Function::tomoyo_get_mode&Arg::profile::}"
CE0x68266c0 "{CE0x68266c0|COLLAPSED:_CRE:_elem_0:default:}"
CE0x831a310 "{CE0x831a310|tomoyo_get_mode:tmp24|security/tomoyo/util.c,986}"
CE0x831a9f0 "{CE0x831a9f0|tomoyo_get_mode:mode.1}"
CE0x5aa9690 "{CE0x5aa9690|tomoyo_get_mode:conv15|security/tomoyo/util.c,987}"
CE0x5adbfa0 "{CE0x5adbfa0|tomoyo_get_mode:and|security/tomoyo/util.c,987}"
CE0x5adc170 "{CE0x5adc170|tomoyo_get_mode:retval.0}"
CE0x69bca20 "{CE0x69bca20|_ret_i32_%retval.0,_!dbg_!38935|security/tomoyo/util.c,988}"
CE0x6a8a770 "{CE0x6a8a770|tomoyo_init_request_info:call4|security/tomoyo/util.c,1010}"
CE0x6a9d9e0 "{CE0x6a9d9e0|tomoyo_init_request_info:conv|security/tomoyo/util.c,1010}"
CE0x6680900 "{CE0x6680900|0:_%struct.tomoyo_obj_info*,_24:_%struct.tomoyo_path_info*,_32:_i64,_40:_i8,_72:_i8,_76:_i8,_:_SCMRE_76,77_|*MultipleSource*|security/tomoyo/file.c, 693|security/tomoyo/file.c,693|security/tomoyo/file.c,707|Function::tomoyo_init_request_info&Arg::r::}"
CE0x820fc00 "{CE0x820fc00|tomoyo_init_request_info:tmp13|*LoadInst*|security/tomoyo/util.c,1011}"
CE0x6738a10 "{CE0x6738a10|tomoyo_init_request_info:conv6|security/tomoyo/util.c,1011}"
CE0x5a8f620 "{CE0x5a8f620|_ret_i32_%conv6,_!dbg_!38926|security/tomoyo/util.c,1011}"
CE0x4d3a540 "{CE0x4d3a540|tomoyo_path_number_perm:call|security/tomoyo/file.c,701}"
CE0x806fac0 "{CE0x806fac0|tomoyo_path_number_perm:cmp|security/tomoyo/file.c,702}"
CE0x5a587c0 "{CE0x5a587c0|tomoyo_path_number_perm:if.end9}"
CE0x6a27ea0 "{CE0x6a27ea0|0:_%struct.tomoyo_obj_info*,_24:_%struct.tomoyo_path_info*,_32:_i64,_40:_i8,_72:_i8,_76:_i8,_:_SCMRE_30,31_}"
CONST[source:0(mediator),value:2(dynamic)][purpose:{object}][SnkIdx:1]


CONST[source:2(external),value:2(dynamic)][purpose:{subject}][SrcIdx:17]  ->  CONST[source:0(mediator),value:2(dynamic)][purpose:{subject}][SnkIdx:0]
-----------
CONST[source:2(external),value:2(dynamic)][purpose:{subject}][SrcIdx:17]
CE0x6aa6f40 "{CE0x6aa6f40|128:_i8*,_1208:_%struct.file*,_:_CMRE_128,136_|*MultipleSource*|security/tomoyo/common.h,1205|security/tomoyo/common.h,1205}"
CE0x6aa7a80 "{CE0x6aa7a80|tomoyo_domain:tmp22|security/tomoyo/common.h,1205}"
CE0x6757950 "{CE0x6757950|tomoyo_domain:tmp23|security/tomoyo/common.h,1205}"
CE0x5a585c0 "{CE0x5a585c0|_ret_%struct.tomoyo_domain_info*_%tmp23,_!dbg_!38929|security/tomoyo/common.h,1205}"
CE0x590d0c0 "{CE0x590d0c0|tomoyo_init_request_info:call|security/tomoyo/util.c,1005}"
CE0x6a672c0 "{CE0x6a672c0|tomoyo_init_request_info:domain.addr.0}"
CE0x694e210 "{CE0x694e210|0:_%struct.tomoyo_obj_info*,_24:_%struct.tomoyo_path_info*,_32:_i64,_40:_i8,_72:_i8,_76:_i8,_:_SCMRE_16,24_|*MultipleSource*|security/tomoyo/file.c, 693|security/tomoyo/file.c,693|security/tomoyo/file.c,707|Function::tomoyo_init_request_info&Arg::r::}"
CONST[source:0(mediator),value:2(dynamic)][purpose:{subject}][SnkIdx:0]


