[selinux_xfrm_state_pol_flow_match]

explicit:
CONST[source:1(input),value:2(dynamic)][purpose:{object}][SrcIdx:2]  ->  CONST[source:0(mediator),value:2(dynamic)][purpose:{subject}][SnkIdx:0]
-----------
CONST[source:1(input),value:2(dynamic)][purpose:{object}][SrcIdx:2]
CE0xa0a6240 "{CE0xa0a6240|VOIDTB_TE:_IE:_elem_0:default:}"
CE0xa0c1090 "{CE0xa0c1090|tmp44}"
CE0xa0c12c0 "{CE0xa0c12c0|tmp44}"
CONST[source:0(mediator),value:2(dynamic)][purpose:{subject}][SnkIdx:0]


CONST[source:1(input),value:2(dynamic)][purpose:{object}][SrcIdx:2]  ->  CONST[source:0(mediator),value:2(dynamic)][purpose:{object}][SnkIdx:1]
-----------
CONST[source:1(input),value:2(dynamic)][purpose:{object}][SrcIdx:2]
CE0xa0a6240 "{CE0xa0a6240|VOIDTB_TE:_IE:_elem_0:default:}"
CE0xa0d9d50 "{CE0xa0d9d50|tmp34}"
CE0xa0d9ef0 "{CE0xa0d9ef0|tmp34}"
CONST[source:0(mediator),value:2(dynamic)][purpose:{object}][SnkIdx:1]


CONST[source:1(input),value:2(dynamic)][purpose:{object}][SrcIdx:1]  ->  CONST[source:0(mediator),value:2(dynamic)][purpose:{subject}][SnkIdx:0]
-----------
CONST[source:1(input),value:2(dynamic)][purpose:{object}][SrcIdx:1]
CE0xa0a6240 "{CE0xa0a6240|VOIDTB_TE:_IE:_elem_0:default:}"
CE0xa0c1090 "{CE0xa0c1090|tmp44}"
CE0xa0c12c0 "{CE0xa0c12c0|tmp44}"
CONST[source:0(mediator),value:2(dynamic)][purpose:{subject}][SnkIdx:0]


CONST[source:1(input),value:2(dynamic)][purpose:{object}][SrcIdx:1]  ->  CONST[source:0(mediator),value:2(dynamic)][purpose:{object}][SnkIdx:1]
-----------
CONST[source:1(input),value:2(dynamic)][purpose:{object}][SrcIdx:1]
CE0xa0a6240 "{CE0xa0a6240|VOIDTB_TE:_IE:_elem_0:default:}"
CE0xa0d9d50 "{CE0xa0d9d50|tmp34}"
CE0xa0d9ef0 "{CE0xa0d9ef0|tmp34}"
CONST[source:0(mediator),value:2(dynamic)][purpose:{object}][SnkIdx:1]


CONST[source:1(input),value:2(dynamic)][purpose:{subject}][SrcIdx:3]  ->  CONST[source:0(mediator),value:2(dynamic)][purpose:{subject}][SnkIdx:0]
-----------
CONST[source:1(input),value:2(dynamic)][purpose:{subject}][SrcIdx:3]
CE0xa0a6240 "{CE0xa0a6240|VOIDTB_TE:_IE:_elem_0:default:}"
CE0xa0c1090 "{CE0xa0c1090|tmp44}"
CE0xa0c12c0 "{CE0xa0c12c0|tmp44}"
CONST[source:0(mediator),value:2(dynamic)][purpose:{subject}][SnkIdx:0]


CONST[source:1(input),value:2(dynamic)][purpose:{subject}][SrcIdx:3]  ->  CONST[source:0(mediator),value:2(dynamic)][purpose:{object}][SnkIdx:1]
-----------
CONST[source:1(input),value:2(dynamic)][purpose:{subject}][SrcIdx:3]
CE0xa0a6240 "{CE0xa0a6240|VOIDTB_TE:_IE:_elem_0:default:}"
CE0xa0d9d50 "{CE0xa0d9d50|tmp34}"
CE0xa0d9ef0 "{CE0xa0d9ef0|tmp34}"
CONST[source:0(mediator),value:2(dynamic)][purpose:{object}][SnkIdx:1]



implicit:
CONST[source:1(input),value:2(dynamic)][purpose:{object}][SrcIdx:2]  ->  CONST[source:0(mediator),value:2(dynamic)][purpose:{subject}][SnkIdx:0]
-----------
CONST[source:1(input),value:2(dynamic)][purpose:{object}][SrcIdx:2]
CE0xa0a6240 "{CE0xa0a6240|VOIDTB_TE:_IE:_elem_0:default:}"
CE0xa0c1090 "{CE0xa0c1090|tmp44}"
CE0xa0c12c0 "{CE0xa0c12c0|tmp44}"
CONST[source:0(mediator),value:2(dynamic)][purpose:{subject}][SnkIdx:0]


CONST[source:1(input),value:2(dynamic)][purpose:{object}][SrcIdx:2]  ->  CONST[source:0(mediator),value:2(dynamic)][purpose:{object}][SnkIdx:1]
-----------
CONST[source:1(input),value:2(dynamic)][purpose:{object}][SrcIdx:2]
CE0xa0a6240 "{CE0xa0a6240|VOIDTB_TE:_IE:_elem_0:default:}"
CE0xa0d9d50 "{CE0xa0d9d50|tmp34}"
CE0xa0d9ef0 "{CE0xa0d9ef0|tmp34}"
CONST[source:0(mediator),value:2(dynamic)][purpose:{object}][SnkIdx:1]


CONST[source:1(input),value:2(dynamic)][purpose:{object}][SrcIdx:1]  ->  CONST[source:0(mediator),value:2(dynamic)][purpose:{subject}][SnkIdx:0]
-----------
CONST[source:1(input),value:2(dynamic)][purpose:{object}][SrcIdx:1]
CE0xa0a6240 "{CE0xa0a6240|VOIDTB_TE:_IE:_elem_0:default:}"
CE0xa0c1090 "{CE0xa0c1090|tmp44}"
CE0xa0c12c0 "{CE0xa0c12c0|tmp44}"
CONST[source:0(mediator),value:2(dynamic)][purpose:{subject}][SnkIdx:0]


CONST[source:1(input),value:2(dynamic)][purpose:{object}][SrcIdx:1]  ->  CONST[source:0(mediator),value:2(dynamic)][purpose:{object}][SnkIdx:1]
-----------
CONST[source:1(input),value:2(dynamic)][purpose:{object}][SrcIdx:1]
CE0xa0a6240 "{CE0xa0a6240|VOIDTB_TE:_IE:_elem_0:default:}"
CE0xa0d9d50 "{CE0xa0d9d50|tmp34}"
CE0xa0d9ef0 "{CE0xa0d9ef0|tmp34}"
CONST[source:0(mediator),value:2(dynamic)][purpose:{object}][SnkIdx:1]


CONST[source:1(input),value:2(dynamic)][purpose:{subject}][SrcIdx:3]  ->  CONST[source:0(mediator),value:2(dynamic)][purpose:{subject}][SnkIdx:0]
-----------
CONST[source:1(input),value:2(dynamic)][purpose:{subject}][SrcIdx:3]
CE0xa0a6240 "{CE0xa0a6240|VOIDTB_TE:_IE:_elem_0:default:}"
CE0xa0c1090 "{CE0xa0c1090|tmp44}"
CE0xa0c12c0 "{CE0xa0c12c0|tmp44}"
CONST[source:0(mediator),value:2(dynamic)][purpose:{subject}][SnkIdx:0]


CONST[source:1(input),value:2(dynamic)][purpose:{subject}][SrcIdx:3]  ->  CONST[source:0(mediator),value:2(dynamic)][purpose:{object}][SnkIdx:1]
-----------
CONST[source:1(input),value:2(dynamic)][purpose:{subject}][SrcIdx:3]
CE0xa0a6240 "{CE0xa0a6240|VOIDTB_TE:_IE:_elem_0:default:}"
CE0xa0d9d50 "{CE0xa0d9d50|tmp34}"
CE0xa0d9ef0 "{CE0xa0d9ef0|tmp34}"
CONST[source:0(mediator),value:2(dynamic)][purpose:{object}][SnkIdx:1]


