[selinux_xfrm_policy_alloc]

explicit:
CONST[source:1(input),value:2(dynamic)][purpose:{object}][SrcIdx:12]  ->  CONST[source:0(mediator),value:2(dynamic)][purpose:{object}][SnkIdx:1]
-----------
CONST[source:1(input),value:2(dynamic)][purpose:{object}][SrcIdx:12]
CE0x56302d0 "{CE0x56302d0|COLLAPSED:_CMRE:_elem_0::|security/selinux/xfrm.c,90}"
CE0x56fca10 "{CE0x56fca10|selinux_xfrm_alloc_user:tmp65|security/selinux/xfrm.c,111}"
CE0x56fcff0 "{CE0x56fcff0|selinux_xfrm_alloc_user:tmp65|security/selinux/xfrm.c,111|*SummSink*}"
CONST[source:0(mediator),value:2(dynamic)][purpose:{object}][SnkIdx:1]


CONST[source:1(input),value:2(dynamic)][purpose:{object}][SrcIdx:13]  ->  CONST[source:0(mediator),value:2(dynamic)][purpose:{object}][SnkIdx:1]
-----------
CONST[source:1(input),value:2(dynamic)][purpose:{object}][SrcIdx:13]
CE0x563feb0 "{CE0x563feb0|selinux_xfrm_policy_alloc:gfp|Function::selinux_xfrm_policy_alloc&Arg::gfp::|*SummSource*}"
CE0x564c3b0 "{CE0x564c3b0|selinux_xfrm_policy_alloc:gfp|Function::selinux_xfrm_policy_alloc&Arg::gfp::}"
CE0x5637760 "{CE0x5637760|selinux_xfrm_alloc_user:gfp|Function::selinux_xfrm_alloc_user&Arg::gfp::}"
CE0x56371e0 "{CE0x56371e0|kmalloc222:flags|Function::kmalloc222&Arg::flags::}"
CE0x56302d0 "{CE0x56302d0|COLLAPSED:_CMRE:_elem_0::|security/selinux/xfrm.c,90}"
CE0x56fca10 "{CE0x56fca10|selinux_xfrm_alloc_user:tmp65|security/selinux/xfrm.c,111}"
CE0x56fcff0 "{CE0x56fcff0|selinux_xfrm_alloc_user:tmp65|security/selinux/xfrm.c,111|*SummSink*}"
CONST[source:0(mediator),value:2(dynamic)][purpose:{object}][SnkIdx:1]



implicit:
CONST[source:1(input),value:2(dynamic)][purpose:{object}][SrcIdx:11]  ->  CONST[source:0(mediator),value:2(dynamic)][purpose:{object}][SnkIdx:1]
-----------
CONST[source:1(input),value:2(dynamic)][purpose:{object}][SrcIdx:11]
CE0x561ef90 "{CE0x561ef90|selinux_xfrm_policy_alloc:ctxp|Function::selinux_xfrm_policy_alloc&Arg::ctxp::|*SummSource*}"
CE0x56253d0 "{CE0x56253d0|selinux_xfrm_policy_alloc:ctxp|Function::selinux_xfrm_policy_alloc&Arg::ctxp::}"
CE0x5632790 "{CE0x5632790|selinux_xfrm_alloc_user:ctxp|Function::selinux_xfrm_alloc_user&Arg::ctxp::}"
CE0x5636300 "{CE0x5636300|selinux_xfrm_alloc_user:cmp|security/selinux/xfrm.c,89}"
CE0x5642e20 "{CE0x5642e20|selinux_xfrm_alloc_user:if.end43}"
CE0x56fca10 "{CE0x56fca10|selinux_xfrm_alloc_user:tmp65|security/selinux/xfrm.c,111}"
CE0x56fcff0 "{CE0x56fcff0|selinux_xfrm_alloc_user:tmp65|security/selinux/xfrm.c,111|*SummSink*}"
CONST[source:0(mediator),value:2(dynamic)][purpose:{object}][SnkIdx:1]


CONST[source:1(input),value:2(dynamic)][purpose:{object}][SrcIdx:11]  ->  CONST[source:0(mediator),value:2(dynamic)][purpose:{subject}][SnkIdx:0]
-----------
CONST[source:1(input),value:2(dynamic)][purpose:{object}][SrcIdx:11]
CE0x561ef90 "{CE0x561ef90|selinux_xfrm_policy_alloc:ctxp|Function::selinux_xfrm_policy_alloc&Arg::ctxp::|*SummSource*}"
CE0x56253d0 "{CE0x56253d0|selinux_xfrm_policy_alloc:ctxp|Function::selinux_xfrm_policy_alloc&Arg::ctxp::}"
CE0x5632790 "{CE0x5632790|selinux_xfrm_alloc_user:ctxp|Function::selinux_xfrm_alloc_user&Arg::ctxp::}"
CE0x5636300 "{CE0x5636300|selinux_xfrm_alloc_user:cmp|security/selinux/xfrm.c,89}"
CE0x5642e20 "{CE0x5642e20|selinux_xfrm_alloc_user:if.end43}"
CE0x56fb250 "{CE0x56fb250|selinux_xfrm_alloc_user:tmp64|security/selinux/xfrm.c,111}"
CE0x56fc020 "{CE0x56fc020|selinux_xfrm_alloc_user:tmp64|security/selinux/xfrm.c,111|*SummSink*}"
CONST[source:0(mediator),value:2(dynamic)][purpose:{subject}][SnkIdx:0]


CONST[source:1(input),value:2(dynamic)][purpose:{object}][SrcIdx:13]  ->  CONST[source:0(mediator),value:2(dynamic)][purpose:{object}][SnkIdx:1]
-----------
CONST[source:1(input),value:2(dynamic)][purpose:{object}][SrcIdx:13]
CE0x563feb0 "{CE0x563feb0|selinux_xfrm_policy_alloc:gfp|Function::selinux_xfrm_policy_alloc&Arg::gfp::|*SummSource*}"
CE0x564c3b0 "{CE0x564c3b0|selinux_xfrm_policy_alloc:gfp|Function::selinux_xfrm_policy_alloc&Arg::gfp::}"
CE0x5637760 "{CE0x5637760|selinux_xfrm_alloc_user:gfp|Function::selinux_xfrm_alloc_user&Arg::gfp::}"
CE0x56371e0 "{CE0x56371e0|kmalloc222:flags|Function::kmalloc222&Arg::flags::}"
CE0x56302d0 "{CE0x56302d0|COLLAPSED:_CMRE:_elem_0::|security/selinux/xfrm.c,90}"
CE0x56fca10 "{CE0x56fca10|selinux_xfrm_alloc_user:tmp65|security/selinux/xfrm.c,111}"
CE0x56fcff0 "{CE0x56fcff0|selinux_xfrm_alloc_user:tmp65|security/selinux/xfrm.c,111|*SummSink*}"
CONST[source:0(mediator),value:2(dynamic)][purpose:{object}][SnkIdx:1]


CONST[source:1(input),value:2(dynamic)][purpose:{object}][SrcIdx:13]  ->  CONST[source:0(mediator),value:2(dynamic)][purpose:{subject}][SnkIdx:0]
-----------
CONST[source:1(input),value:2(dynamic)][purpose:{object}][SrcIdx:13]
CE0x563feb0 "{CE0x563feb0|selinux_xfrm_policy_alloc:gfp|Function::selinux_xfrm_policy_alloc&Arg::gfp::|*SummSource*}"
CE0x564c3b0 "{CE0x564c3b0|selinux_xfrm_policy_alloc:gfp|Function::selinux_xfrm_policy_alloc&Arg::gfp::}"
CE0x5637760 "{CE0x5637760|selinux_xfrm_alloc_user:gfp|Function::selinux_xfrm_alloc_user&Arg::gfp::}"
CE0x5658950 "{CE0x5658950|selinux_xfrm_alloc_user:call40|security/selinux/xfrm.c,107}"
CE0x5659580 "{CE0x5659580|selinux_xfrm_alloc_user:tobool41|security/selinux/xfrm.c,108}"
CE0x5642e20 "{CE0x5642e20|selinux_xfrm_alloc_user:if.end43}"
CE0x56fb250 "{CE0x56fb250|selinux_xfrm_alloc_user:tmp64|security/selinux/xfrm.c,111}"
CE0x56fc020 "{CE0x56fc020|selinux_xfrm_alloc_user:tmp64|security/selinux/xfrm.c,111|*SummSink*}"
CONST[source:0(mediator),value:2(dynamic)][purpose:{subject}][SnkIdx:0]


CONST[source:1(input),value:2(dynamic)][purpose:{object}][SrcIdx:12]  ->  CONST[source:0(mediator),value:2(dynamic)][purpose:{object}][SnkIdx:1]
-----------
CONST[source:1(input),value:2(dynamic)][purpose:{object}][SrcIdx:12]
CE0x56302d0 "{CE0x56302d0|COLLAPSED:_CMRE:_elem_0::|security/selinux/xfrm.c,90}"
CE0x56fca10 "{CE0x56fca10|selinux_xfrm_alloc_user:tmp65|security/selinux/xfrm.c,111}"
CE0x56fcff0 "{CE0x56fcff0|selinux_xfrm_alloc_user:tmp65|security/selinux/xfrm.c,111|*SummSink*}"
CONST[source:0(mediator),value:2(dynamic)][purpose:{object}][SnkIdx:1]


CONST[source:1(input),value:2(dynamic)][purpose:{object}][SrcIdx:12]  ->  CONST[source:0(mediator),value:2(dynamic)][purpose:{subject}][SnkIdx:0]
-----------
CONST[source:1(input),value:2(dynamic)][purpose:{object}][SrcIdx:12]
CE0x56302d0 "{CE0x56302d0|COLLAPSED:_CMRE:_elem_0::|security/selinux/xfrm.c,90}"
CE0x5658950 "{CE0x5658950|selinux_xfrm_alloc_user:call40|security/selinux/xfrm.c,107}"
CE0x5659580 "{CE0x5659580|selinux_xfrm_alloc_user:tobool41|security/selinux/xfrm.c,108}"
CE0x5642e20 "{CE0x5642e20|selinux_xfrm_alloc_user:if.end43}"
CE0x56fb250 "{CE0x56fb250|selinux_xfrm_alloc_user:tmp64|security/selinux/xfrm.c,111}"
CE0x56fc020 "{CE0x56fc020|selinux_xfrm_alloc_user:tmp64|security/selinux/xfrm.c,111|*SummSink*}"
CONST[source:0(mediator),value:2(dynamic)][purpose:{subject}][SnkIdx:0]


