[tomoyo_socket_listen.z]

explicit:
CONST[source:2(external),value:2(dynamic)][purpose:{subject}][SrcIdx:7]  ->  CONST[source:0(mediator),value:2(dynamic)][purpose:{object}][SnkIdx:1]
-----------
CONST[source:2(external),value:2(dynamic)][purpose:{subject}][SrcIdx:7]
CE0x5c906f0 "{CE0x5c906f0|COLLAPSED:_GCRE_current_task_external_global_%struct.task_struct*:_elem_0:default:}"
CE0x5c5d620 "{CE0x5c5d620|VOIDTB_TE:_CE_6368,6384_}"
CE0x5c2a220 "{CE0x5c2a220|16:_%struct.dentry*,_:_SCMRE_0,1_}"
CONST[source:0(mediator),value:2(dynamic)][purpose:{object}][SnkIdx:1]


CONST[source:2(external),value:2(dynamic)][purpose:{subject}][SrcIdx:7]  ->  CONST[source:0(mediator),value:2(dynamic)][purpose:{object}][SnkIdx:2]
-----------
CONST[source:2(external),value:2(dynamic)][purpose:{subject}][SrcIdx:7]
CE0x5c906f0 "{CE0x5c906f0|COLLAPSED:_GCRE_current_task_external_global_%struct.task_struct*:_elem_0:default:}"
CE0x5c5d5b0 "{CE0x5c5d5b0|VOIDTB_TE:_CE_2096,2272_}"
CE0x5c405e0 "{CE0x5c405e0|0:_i8*,_8:_i32,_12:_i16,_14:_i8,_15:_i8,_:_SCMRE_14,15_}"
CONST[source:0(mediator),value:2(dynamic)][purpose:{object}][SnkIdx:2]


CONST[source:2(external),value:2(dynamic)][purpose:{subject}][SrcIdx:7]  ->  CONST[source:0(mediator),value:2(dynamic)][purpose:{object}][SnkIdx:3]
-----------
CONST[source:2(external),value:2(dynamic)][purpose:{subject}][SrcIdx:7]
CE0x5c906f0 "{CE0x5c906f0|COLLAPSED:_GCRE_current_task_external_global_%struct.task_struct*:_elem_0:default:}"
CE0x5c5d5b0 "{CE0x5c5d5b0|VOIDTB_TE:_CE_2096,2272_}"
CE0x5c36b70 "{CE0x5c36b70|0:_i8*,_8:_i32,_12:_i16,_14:_i8,_15:_i8,_:_SCMRE_8,12_}"
CONST[source:0(mediator),value:2(dynamic)][purpose:{object}][SnkIdx:3]


CONST[source:2(external),value:2(dynamic)][purpose:{subject}][SrcIdx:7]  ->  CONST[source:0(mediator),value:2(dynamic)][purpose:{subject}][SnkIdx:0]
-----------
CONST[source:2(external),value:2(dynamic)][purpose:{subject}][SrcIdx:7]
CE0x5c906f0 "{CE0x5c906f0|COLLAPSED:_GCRE_current_task_external_global_%struct.task_struct*:_elem_0:default:}"
CE0x5c5d700 "{CE0x5c5d700|VOIDTB_TE:_CE_6392,6400_}"
CE0x5c28cd0 "{CE0x5c28cd0|0:_i8*,_8:_i32,_12:_i16,_14:_i8,_15:_i8,_:_SCMRE_12,14_}"
CONST[source:0(mediator),value:2(dynamic)][purpose:{subject}][SnkIdx:0]


CONST[source:2(external),value:2(dynamic)][purpose:{subject}][SrcIdx:7]  ->  CONST[source:0(mediator),value:0(static)][purpose:{operation}][SnkIdx:4]
-----------
CONST[source:2(external),value:2(dynamic)][purpose:{subject}][SrcIdx:7]
CE0x5c906f0 "{CE0x5c906f0|COLLAPSED:_GCRE_current_task_external_global_%struct.task_struct*:_elem_0:default:}"
CE0x5c5d5b0 "{CE0x5c5d5b0|VOIDTB_TE:_CE_2096,2272_}"
CE0x5c36b70 "{CE0x5c36b70|0:_i8*,_8:_i32,_12:_i16,_14:_i8,_15:_i8,_:_SCMRE_8,12_}"
CONST[source:0(mediator),value:0(static)][purpose:{operation}][SnkIdx:4]


CONST[source:2(external),value:2(dynamic)][purpose:{subject}][SrcIdx:7]  ->  CONST[source:0(mediator),value:0(static)][purpose:{operation}][SnkIdx:5]
-----------
CONST[source:2(external),value:2(dynamic)][purpose:{subject}][SrcIdx:7]
CE0x5c906f0 "{CE0x5c906f0|COLLAPSED:_GCRE_current_task_external_global_%struct.task_struct*:_elem_0:default:}"
CE0x5c5d3c0 "{CE0x5c5d3c0|VOIDTB_TE:_CE_2272,6368_}"
CE0x5c2a1b0 "{CE0x5c2a1b0|0:_%struct.tomoyo_obj_info*,_16:_%struct.tomoyo_domain_info*,_24:_%struct.tomoyo_path_info*,_32:_%struct.tomoyo_path_info*,_40:_%struct.tomoyo_path_info*,_48:_i64,_56:_i32,_72:_i8,_75:_i8,_76:_i8,_77:_i8,_:_SCMRE:_elem_0:default:}"
CONST[source:0(mediator),value:0(static)][purpose:{operation}][SnkIdx:5]


CONST[source:1(input),value:2(dynamic)][purpose:{object}][SrcIdx:3]  ->  CONST[source:0(mediator),value:2(dynamic)][purpose:{object}][SnkIdx:1]
-----------
CONST[source:1(input),value:2(dynamic)][purpose:{object}][SrcIdx:3]
CE0x5c2a220 "{CE0x5c2a220|16:_%struct.dentry*,_:_SCMRE_0,1_}"
CONST[source:0(mediator),value:2(dynamic)][purpose:{object}][SnkIdx:1]


CONST[source:1(input),value:2(dynamic)][purpose:{object}][SrcIdx:3]  ->  CONST[source:0(mediator),value:2(dynamic)][purpose:{object}][SnkIdx:2]
-----------
CONST[source:1(input),value:2(dynamic)][purpose:{object}][SrcIdx:3]
CE0x5c405e0 "{CE0x5c405e0|0:_i8*,_8:_i32,_12:_i16,_14:_i8,_15:_i8,_:_SCMRE_14,15_}"
CONST[source:0(mediator),value:2(dynamic)][purpose:{object}][SnkIdx:2]


CONST[source:1(input),value:2(dynamic)][purpose:{object}][SrcIdx:3]  ->  CONST[source:0(mediator),value:2(dynamic)][purpose:{object}][SnkIdx:3]
-----------
CONST[source:1(input),value:2(dynamic)][purpose:{object}][SrcIdx:3]
CE0x5c36b70 "{CE0x5c36b70|0:_i8*,_8:_i32,_12:_i16,_14:_i8,_15:_i8,_:_SCMRE_8,12_}"
CONST[source:0(mediator),value:2(dynamic)][purpose:{object}][SnkIdx:3]


CONST[source:1(input),value:2(dynamic)][purpose:{object}][SrcIdx:3]  ->  CONST[source:0(mediator),value:2(dynamic)][purpose:{subject}][SnkIdx:0]
-----------
CONST[source:1(input),value:2(dynamic)][purpose:{object}][SrcIdx:3]
CE0x5c28cd0 "{CE0x5c28cd0|0:_i8*,_8:_i32,_12:_i16,_14:_i8,_15:_i8,_:_SCMRE_12,14_}"
CONST[source:0(mediator),value:2(dynamic)][purpose:{subject}][SnkIdx:0]


CONST[source:1(input),value:2(dynamic)][purpose:{object}][SrcIdx:3]  ->  CONST[source:0(mediator),value:0(static)][purpose:{operation}][SnkIdx:4]
-----------
CONST[source:1(input),value:2(dynamic)][purpose:{object}][SrcIdx:3]
CE0x5c36b70 "{CE0x5c36b70|0:_i8*,_8:_i32,_12:_i16,_14:_i8,_15:_i8,_:_SCMRE_8,12_}"
CONST[source:0(mediator),value:0(static)][purpose:{operation}][SnkIdx:4]


CONST[source:1(input),value:2(dynamic)][purpose:{object}][SrcIdx:3]  ->  CONST[source:0(mediator),value:0(static)][purpose:{operation}][SnkIdx:5]
-----------
CONST[source:1(input),value:2(dynamic)][purpose:{object}][SrcIdx:3]
CE0x5c2a1b0 "{CE0x5c2a1b0|0:_%struct.tomoyo_obj_info*,_16:_%struct.tomoyo_domain_info*,_24:_%struct.tomoyo_path_info*,_32:_%struct.tomoyo_path_info*,_40:_%struct.tomoyo_path_info*,_48:_i64,_56:_i32,_72:_i8,_75:_i8,_76:_i8,_77:_i8,_:_SCMRE:_elem_0:default:}"
CONST[source:0(mediator),value:0(static)][purpose:{operation}][SnkIdx:5]


CONST[source:1(input),value:2(dynamic)][purpose:{object}][SrcIdx:1]  ->  CONST[source:0(mediator),value:2(dynamic)][purpose:{object}][SnkIdx:1]
-----------
CONST[source:1(input),value:2(dynamic)][purpose:{object}][SrcIdx:1]
CE0x5c359f0 "{CE0x5c359f0|0:_i8,_1:_i8,_8:_i16,_16:_i32*,_24:_i8,_32:_i8*,_40:_i32,_:_SCMR:_elem_0:default:}"
CE0x5c74d40 "{CE0x5c74d40|tmp19}"
CE0x5c2a1b0 "{CE0x5c2a1b0|0:_%struct.tomoyo_obj_info*,_16:_%struct.tomoyo_domain_info*,_24:_%struct.tomoyo_path_info*,_32:_%struct.tomoyo_path_info*,_40:_%struct.tomoyo_path_info*,_48:_i64,_56:_i32,_72:_i8,_75:_i8,_76:_i8,_77:_i8,_:_SCMRE:_elem_0:default:}"
CONST[source:0(mediator),value:2(dynamic)][purpose:{object}][SnkIdx:1]


CONST[source:1(input),value:2(dynamic)][purpose:{object}][SrcIdx:1]  ->  CONST[source:0(mediator),value:2(dynamic)][purpose:{object}][SnkIdx:2]
-----------
CONST[source:1(input),value:2(dynamic)][purpose:{object}][SrcIdx:1]
CE0x5c359f0 "{CE0x5c359f0|0:_i8,_1:_i8,_8:_i16,_16:_i32*,_24:_i8,_32:_i8*,_40:_i32,_:_SCMR:_elem_0:default:}"
CE0x5c74d40 "{CE0x5c74d40|tmp19}"
CE0x5c2a1b0 "{CE0x5c2a1b0|0:_%struct.tomoyo_obj_info*,_16:_%struct.tomoyo_domain_info*,_24:_%struct.tomoyo_path_info*,_32:_%struct.tomoyo_path_info*,_40:_%struct.tomoyo_path_info*,_48:_i64,_56:_i32,_72:_i8,_75:_i8,_76:_i8,_77:_i8,_:_SCMRE:_elem_0:default:}"
CONST[source:0(mediator),value:2(dynamic)][purpose:{object}][SnkIdx:2]


CONST[source:1(input),value:2(dynamic)][purpose:{object}][SrcIdx:1]  ->  CONST[source:0(mediator),value:2(dynamic)][purpose:{object}][SnkIdx:3]
-----------
CONST[source:1(input),value:2(dynamic)][purpose:{object}][SrcIdx:1]
CE0x5c359f0 "{CE0x5c359f0|0:_i8,_1:_i8,_8:_i16,_16:_i32*,_24:_i8,_32:_i8*,_40:_i32,_:_SCMR:_elem_0:default:}"
CE0x5c74d40 "{CE0x5c74d40|tmp19}"
CE0x5c2a1b0 "{CE0x5c2a1b0|0:_%struct.tomoyo_obj_info*,_16:_%struct.tomoyo_domain_info*,_24:_%struct.tomoyo_path_info*,_32:_%struct.tomoyo_path_info*,_40:_%struct.tomoyo_path_info*,_48:_i64,_56:_i32,_72:_i8,_75:_i8,_76:_i8,_77:_i8,_:_SCMRE:_elem_0:default:}"
CONST[source:0(mediator),value:2(dynamic)][purpose:{object}][SnkIdx:3]


CONST[source:1(input),value:2(dynamic)][purpose:{object}][SrcIdx:1]  ->  CONST[source:0(mediator),value:2(dynamic)][purpose:{subject}][SnkIdx:0]
-----------
CONST[source:1(input),value:2(dynamic)][purpose:{object}][SrcIdx:1]
CE0x5c359f0 "{CE0x5c359f0|0:_i8,_1:_i8,_8:_i16,_16:_i32*,_24:_i8,_32:_i8*,_40:_i32,_:_SCMR:_elem_0:default:}"
CE0x5c74d40 "{CE0x5c74d40|tmp19}"
CE0x5c2a1b0 "{CE0x5c2a1b0|0:_%struct.tomoyo_obj_info*,_16:_%struct.tomoyo_domain_info*,_24:_%struct.tomoyo_path_info*,_32:_%struct.tomoyo_path_info*,_40:_%struct.tomoyo_path_info*,_48:_i64,_56:_i32,_72:_i8,_75:_i8,_76:_i8,_77:_i8,_:_SCMRE:_elem_0:default:}"
CONST[source:0(mediator),value:2(dynamic)][purpose:{subject}][SnkIdx:0]


CONST[source:1(input),value:2(dynamic)][purpose:{object}][SrcIdx:1]  ->  CONST[source:0(mediator),value:0(static)][purpose:{operation}][SnkIdx:4]
-----------
CONST[source:1(input),value:2(dynamic)][purpose:{object}][SrcIdx:1]
CE0x5c359f0 "{CE0x5c359f0|0:_i8,_1:_i8,_8:_i16,_16:_i32*,_24:_i8,_32:_i8*,_40:_i32,_:_SCMR:_elem_0:default:}"
CE0x5c74d40 "{CE0x5c74d40|tmp19}"
CE0x5c2a1b0 "{CE0x5c2a1b0|0:_%struct.tomoyo_obj_info*,_16:_%struct.tomoyo_domain_info*,_24:_%struct.tomoyo_path_info*,_32:_%struct.tomoyo_path_info*,_40:_%struct.tomoyo_path_info*,_48:_i64,_56:_i32,_72:_i8,_75:_i8,_76:_i8,_77:_i8,_:_SCMRE:_elem_0:default:}"
CONST[source:0(mediator),value:0(static)][purpose:{operation}][SnkIdx:4]


CONST[source:1(input),value:2(dynamic)][purpose:{object}][SrcIdx:1]  ->  CONST[source:0(mediator),value:0(static)][purpose:{operation}][SnkIdx:5]
-----------
CONST[source:1(input),value:2(dynamic)][purpose:{object}][SrcIdx:1]
CE0x5c359f0 "{CE0x5c359f0|0:_i8,_1:_i8,_8:_i16,_16:_i32*,_24:_i8,_32:_i8*,_40:_i32,_:_SCMR:_elem_0:default:}"
CE0x5c74d40 "{CE0x5c74d40|tmp19}"
CE0x5c2a1b0 "{CE0x5c2a1b0|0:_%struct.tomoyo_obj_info*,_16:_%struct.tomoyo_domain_info*,_24:_%struct.tomoyo_path_info*,_32:_%struct.tomoyo_path_info*,_40:_%struct.tomoyo_path_info*,_48:_i64,_56:_i32,_72:_i8,_75:_i8,_76:_i8,_77:_i8,_:_SCMRE:_elem_0:default:}"
CONST[source:0(mediator),value:0(static)][purpose:{operation}][SnkIdx:5]


CONST[source:1(input),value:2(dynamic)][purpose:{operation}][SrcIdx:6]  ->  CONST[source:0(mediator),value:2(dynamic)][purpose:{object}][SnkIdx:1]
-----------
CONST[source:1(input),value:2(dynamic)][purpose:{operation}][SrcIdx:6]
CE0x5c359f0 "{CE0x5c359f0|0:_i8,_1:_i8,_8:_i16,_16:_i32*,_24:_i8,_32:_i8*,_40:_i32,_:_SCMR:_elem_0:default:}"
CE0x5c74d40 "{CE0x5c74d40|tmp19}"
CE0x5c2a1b0 "{CE0x5c2a1b0|0:_%struct.tomoyo_obj_info*,_16:_%struct.tomoyo_domain_info*,_24:_%struct.tomoyo_path_info*,_32:_%struct.tomoyo_path_info*,_40:_%struct.tomoyo_path_info*,_48:_i64,_56:_i32,_72:_i8,_75:_i8,_76:_i8,_77:_i8,_:_SCMRE:_elem_0:default:}"
CONST[source:0(mediator),value:2(dynamic)][purpose:{object}][SnkIdx:1]


CONST[source:1(input),value:2(dynamic)][purpose:{operation}][SrcIdx:6]  ->  CONST[source:0(mediator),value:2(dynamic)][purpose:{object}][SnkIdx:2]
-----------
CONST[source:1(input),value:2(dynamic)][purpose:{operation}][SrcIdx:6]
CE0x5c359f0 "{CE0x5c359f0|0:_i8,_1:_i8,_8:_i16,_16:_i32*,_24:_i8,_32:_i8*,_40:_i32,_:_SCMR:_elem_0:default:}"
CE0x5c74d40 "{CE0x5c74d40|tmp19}"
CE0x5c2a1b0 "{CE0x5c2a1b0|0:_%struct.tomoyo_obj_info*,_16:_%struct.tomoyo_domain_info*,_24:_%struct.tomoyo_path_info*,_32:_%struct.tomoyo_path_info*,_40:_%struct.tomoyo_path_info*,_48:_i64,_56:_i32,_72:_i8,_75:_i8,_76:_i8,_77:_i8,_:_SCMRE:_elem_0:default:}"
CONST[source:0(mediator),value:2(dynamic)][purpose:{object}][SnkIdx:2]


CONST[source:1(input),value:2(dynamic)][purpose:{operation}][SrcIdx:6]  ->  CONST[source:0(mediator),value:2(dynamic)][purpose:{object}][SnkIdx:3]
-----------
CONST[source:1(input),value:2(dynamic)][purpose:{operation}][SrcIdx:6]
CE0x5c359f0 "{CE0x5c359f0|0:_i8,_1:_i8,_8:_i16,_16:_i32*,_24:_i8,_32:_i8*,_40:_i32,_:_SCMR:_elem_0:default:}"
CE0x5c74d40 "{CE0x5c74d40|tmp19}"
CE0x5c2a1b0 "{CE0x5c2a1b0|0:_%struct.tomoyo_obj_info*,_16:_%struct.tomoyo_domain_info*,_24:_%struct.tomoyo_path_info*,_32:_%struct.tomoyo_path_info*,_40:_%struct.tomoyo_path_info*,_48:_i64,_56:_i32,_72:_i8,_75:_i8,_76:_i8,_77:_i8,_:_SCMRE:_elem_0:default:}"
CONST[source:0(mediator),value:2(dynamic)][purpose:{object}][SnkIdx:3]


CONST[source:1(input),value:2(dynamic)][purpose:{operation}][SrcIdx:6]  ->  CONST[source:0(mediator),value:2(dynamic)][purpose:{subject}][SnkIdx:0]
-----------
CONST[source:1(input),value:2(dynamic)][purpose:{operation}][SrcIdx:6]
CE0x5c359f0 "{CE0x5c359f0|0:_i8,_1:_i8,_8:_i16,_16:_i32*,_24:_i8,_32:_i8*,_40:_i32,_:_SCMR:_elem_0:default:}"
CE0x5c74d40 "{CE0x5c74d40|tmp19}"
CE0x5c2a1b0 "{CE0x5c2a1b0|0:_%struct.tomoyo_obj_info*,_16:_%struct.tomoyo_domain_info*,_24:_%struct.tomoyo_path_info*,_32:_%struct.tomoyo_path_info*,_40:_%struct.tomoyo_path_info*,_48:_i64,_56:_i32,_72:_i8,_75:_i8,_76:_i8,_77:_i8,_:_SCMRE:_elem_0:default:}"
CONST[source:0(mediator),value:2(dynamic)][purpose:{subject}][SnkIdx:0]


CONST[source:1(input),value:2(dynamic)][purpose:{operation}][SrcIdx:6]  ->  CONST[source:0(mediator),value:0(static)][purpose:{operation}][SnkIdx:4]
-----------
CONST[source:1(input),value:2(dynamic)][purpose:{operation}][SrcIdx:6]
CE0x5c359f0 "{CE0x5c359f0|0:_i8,_1:_i8,_8:_i16,_16:_i32*,_24:_i8,_32:_i8*,_40:_i32,_:_SCMR:_elem_0:default:}"
CE0x5c74d40 "{CE0x5c74d40|tmp19}"
CE0x5c2a1b0 "{CE0x5c2a1b0|0:_%struct.tomoyo_obj_info*,_16:_%struct.tomoyo_domain_info*,_24:_%struct.tomoyo_path_info*,_32:_%struct.tomoyo_path_info*,_40:_%struct.tomoyo_path_info*,_48:_i64,_56:_i32,_72:_i8,_75:_i8,_76:_i8,_77:_i8,_:_SCMRE:_elem_0:default:}"
CONST[source:0(mediator),value:0(static)][purpose:{operation}][SnkIdx:4]


CONST[source:1(input),value:2(dynamic)][purpose:{operation}][SrcIdx:6]  ->  CONST[source:0(mediator),value:0(static)][purpose:{operation}][SnkIdx:5]
-----------
CONST[source:1(input),value:2(dynamic)][purpose:{operation}][SrcIdx:6]
CE0x5c359f0 "{CE0x5c359f0|0:_i8,_1:_i8,_8:_i16,_16:_i32*,_24:_i8,_32:_i8*,_40:_i32,_:_SCMR:_elem_0:default:}"
CE0x5c74d40 "{CE0x5c74d40|tmp19}"
CE0x5c2a1b0 "{CE0x5c2a1b0|0:_%struct.tomoyo_obj_info*,_16:_%struct.tomoyo_domain_info*,_24:_%struct.tomoyo_path_info*,_32:_%struct.tomoyo_path_info*,_40:_%struct.tomoyo_path_info*,_48:_i64,_56:_i32,_72:_i8,_75:_i8,_76:_i8,_77:_i8,_:_SCMRE:_elem_0:default:}"
CONST[source:0(mediator),value:0(static)][purpose:{operation}][SnkIdx:5]


CONST[source:0(mediator),value:2(dynamic)][purpose:{operation}][SrcIdx:5]  ->  CONST[source:0(mediator),value:2(dynamic)][purpose:{object}][SnkIdx:1]
-----------
CONST[source:0(mediator),value:2(dynamic)][purpose:{operation}][SrcIdx:5]
CE0x5c359f0 "{CE0x5c359f0|0:_i8,_1:_i8,_8:_i16,_16:_i32*,_24:_i8,_32:_i8*,_40:_i32,_:_SCMR:_elem_0:default:}"
CE0x5c74d40 "{CE0x5c74d40|tmp19}"
CE0x5c2a1b0 "{CE0x5c2a1b0|0:_%struct.tomoyo_obj_info*,_16:_%struct.tomoyo_domain_info*,_24:_%struct.tomoyo_path_info*,_32:_%struct.tomoyo_path_info*,_40:_%struct.tomoyo_path_info*,_48:_i64,_56:_i32,_72:_i8,_75:_i8,_76:_i8,_77:_i8,_:_SCMRE:_elem_0:default:}"
CONST[source:0(mediator),value:2(dynamic)][purpose:{object}][SnkIdx:1]


CONST[source:0(mediator),value:2(dynamic)][purpose:{operation}][SrcIdx:5]  ->  CONST[source:0(mediator),value:2(dynamic)][purpose:{object}][SnkIdx:2]
-----------
CONST[source:0(mediator),value:2(dynamic)][purpose:{operation}][SrcIdx:5]
CE0x5c359f0 "{CE0x5c359f0|0:_i8,_1:_i8,_8:_i16,_16:_i32*,_24:_i8,_32:_i8*,_40:_i32,_:_SCMR:_elem_0:default:}"
CE0x5c74d40 "{CE0x5c74d40|tmp19}"
CE0x5c2a1b0 "{CE0x5c2a1b0|0:_%struct.tomoyo_obj_info*,_16:_%struct.tomoyo_domain_info*,_24:_%struct.tomoyo_path_info*,_32:_%struct.tomoyo_path_info*,_40:_%struct.tomoyo_path_info*,_48:_i64,_56:_i32,_72:_i8,_75:_i8,_76:_i8,_77:_i8,_:_SCMRE:_elem_0:default:}"
CONST[source:0(mediator),value:2(dynamic)][purpose:{object}][SnkIdx:2]


CONST[source:0(mediator),value:2(dynamic)][purpose:{operation}][SrcIdx:5]  ->  CONST[source:0(mediator),value:2(dynamic)][purpose:{object}][SnkIdx:3]
-----------
CONST[source:0(mediator),value:2(dynamic)][purpose:{operation}][SrcIdx:5]
CE0x5c359f0 "{CE0x5c359f0|0:_i8,_1:_i8,_8:_i16,_16:_i32*,_24:_i8,_32:_i8*,_40:_i32,_:_SCMR:_elem_0:default:}"
CE0x5c74d40 "{CE0x5c74d40|tmp19}"
CE0x5c2a1b0 "{CE0x5c2a1b0|0:_%struct.tomoyo_obj_info*,_16:_%struct.tomoyo_domain_info*,_24:_%struct.tomoyo_path_info*,_32:_%struct.tomoyo_path_info*,_40:_%struct.tomoyo_path_info*,_48:_i64,_56:_i32,_72:_i8,_75:_i8,_76:_i8,_77:_i8,_:_SCMRE:_elem_0:default:}"
CONST[source:0(mediator),value:2(dynamic)][purpose:{object}][SnkIdx:3]


CONST[source:0(mediator),value:2(dynamic)][purpose:{operation}][SrcIdx:5]  ->  CONST[source:0(mediator),value:2(dynamic)][purpose:{subject}][SnkIdx:0]
-----------
CONST[source:0(mediator),value:2(dynamic)][purpose:{operation}][SrcIdx:5]
CE0x5c359f0 "{CE0x5c359f0|0:_i8,_1:_i8,_8:_i16,_16:_i32*,_24:_i8,_32:_i8*,_40:_i32,_:_SCMR:_elem_0:default:}"
CE0x5c74d40 "{CE0x5c74d40|tmp19}"
CE0x5c2a1b0 "{CE0x5c2a1b0|0:_%struct.tomoyo_obj_info*,_16:_%struct.tomoyo_domain_info*,_24:_%struct.tomoyo_path_info*,_32:_%struct.tomoyo_path_info*,_40:_%struct.tomoyo_path_info*,_48:_i64,_56:_i32,_72:_i8,_75:_i8,_76:_i8,_77:_i8,_:_SCMRE:_elem_0:default:}"
CONST[source:0(mediator),value:2(dynamic)][purpose:{subject}][SnkIdx:0]


CONST[source:0(mediator),value:2(dynamic)][purpose:{operation}][SrcIdx:5]  ->  CONST[source:0(mediator),value:0(static)][purpose:{operation}][SnkIdx:4]
-----------
CONST[source:0(mediator),value:2(dynamic)][purpose:{operation}][SrcIdx:5]
CE0x5c359f0 "{CE0x5c359f0|0:_i8,_1:_i8,_8:_i16,_16:_i32*,_24:_i8,_32:_i8*,_40:_i32,_:_SCMR:_elem_0:default:}"
CE0x5c74d40 "{CE0x5c74d40|tmp19}"
CE0x5c2a1b0 "{CE0x5c2a1b0|0:_%struct.tomoyo_obj_info*,_16:_%struct.tomoyo_domain_info*,_24:_%struct.tomoyo_path_info*,_32:_%struct.tomoyo_path_info*,_40:_%struct.tomoyo_path_info*,_48:_i64,_56:_i32,_72:_i8,_75:_i8,_76:_i8,_77:_i8,_:_SCMRE:_elem_0:default:}"
CONST[source:0(mediator),value:0(static)][purpose:{operation}][SnkIdx:4]


CONST[source:0(mediator),value:2(dynamic)][purpose:{operation}][SrcIdx:5]  ->  CONST[source:0(mediator),value:0(static)][purpose:{operation}][SnkIdx:5]
-----------
CONST[source:0(mediator),value:2(dynamic)][purpose:{operation}][SrcIdx:5]
CE0x5c359f0 "{CE0x5c359f0|0:_i8,_1:_i8,_8:_i16,_16:_i32*,_24:_i8,_32:_i8*,_40:_i32,_:_SCMR:_elem_0:default:}"
CE0x5c74d40 "{CE0x5c74d40|tmp19}"
CE0x5c2a1b0 "{CE0x5c2a1b0|0:_%struct.tomoyo_obj_info*,_16:_%struct.tomoyo_domain_info*,_24:_%struct.tomoyo_path_info*,_32:_%struct.tomoyo_path_info*,_40:_%struct.tomoyo_path_info*,_48:_i64,_56:_i32,_72:_i8,_75:_i8,_76:_i8,_77:_i8,_:_SCMRE:_elem_0:default:}"
CONST[source:0(mediator),value:0(static)][purpose:{operation}][SnkIdx:5]


CONST[source:1(input),value:2(dynamic)][purpose:{object}][SrcIdx:2]  ->  CONST[source:0(mediator),value:2(dynamic)][purpose:{object}][SnkIdx:1]
-----------
CONST[source:1(input),value:2(dynamic)][purpose:{object}][SrcIdx:2]
CE0x5c359f0 "{CE0x5c359f0|0:_i8,_1:_i8,_8:_i16,_16:_i32*,_24:_i8,_32:_i8*,_40:_i32,_:_SCMR:_elem_0:default:}"
CE0x5c74d40 "{CE0x5c74d40|tmp19}"
CE0x5c2a1b0 "{CE0x5c2a1b0|0:_%struct.tomoyo_obj_info*,_16:_%struct.tomoyo_domain_info*,_24:_%struct.tomoyo_path_info*,_32:_%struct.tomoyo_path_info*,_40:_%struct.tomoyo_path_info*,_48:_i64,_56:_i32,_72:_i8,_75:_i8,_76:_i8,_77:_i8,_:_SCMRE:_elem_0:default:}"
CONST[source:0(mediator),value:2(dynamic)][purpose:{object}][SnkIdx:1]


CONST[source:1(input),value:2(dynamic)][purpose:{object}][SrcIdx:2]  ->  CONST[source:0(mediator),value:2(dynamic)][purpose:{object}][SnkIdx:2]
-----------
CONST[source:1(input),value:2(dynamic)][purpose:{object}][SrcIdx:2]
CE0x5c359f0 "{CE0x5c359f0|0:_i8,_1:_i8,_8:_i16,_16:_i32*,_24:_i8,_32:_i8*,_40:_i32,_:_SCMR:_elem_0:default:}"
CE0x5c74d40 "{CE0x5c74d40|tmp19}"
CE0x5c2a1b0 "{CE0x5c2a1b0|0:_%struct.tomoyo_obj_info*,_16:_%struct.tomoyo_domain_info*,_24:_%struct.tomoyo_path_info*,_32:_%struct.tomoyo_path_info*,_40:_%struct.tomoyo_path_info*,_48:_i64,_56:_i32,_72:_i8,_75:_i8,_76:_i8,_77:_i8,_:_SCMRE:_elem_0:default:}"
CONST[source:0(mediator),value:2(dynamic)][purpose:{object}][SnkIdx:2]


CONST[source:1(input),value:2(dynamic)][purpose:{object}][SrcIdx:2]  ->  CONST[source:0(mediator),value:2(dynamic)][purpose:{object}][SnkIdx:3]
-----------
CONST[source:1(input),value:2(dynamic)][purpose:{object}][SrcIdx:2]
CE0x5c359f0 "{CE0x5c359f0|0:_i8,_1:_i8,_8:_i16,_16:_i32*,_24:_i8,_32:_i8*,_40:_i32,_:_SCMR:_elem_0:default:}"
CE0x5c74d40 "{CE0x5c74d40|tmp19}"
CE0x5c2a1b0 "{CE0x5c2a1b0|0:_%struct.tomoyo_obj_info*,_16:_%struct.tomoyo_domain_info*,_24:_%struct.tomoyo_path_info*,_32:_%struct.tomoyo_path_info*,_40:_%struct.tomoyo_path_info*,_48:_i64,_56:_i32,_72:_i8,_75:_i8,_76:_i8,_77:_i8,_:_SCMRE:_elem_0:default:}"
CONST[source:0(mediator),value:2(dynamic)][purpose:{object}][SnkIdx:3]


CONST[source:1(input),value:2(dynamic)][purpose:{object}][SrcIdx:2]  ->  CONST[source:0(mediator),value:2(dynamic)][purpose:{subject}][SnkIdx:0]
-----------
CONST[source:1(input),value:2(dynamic)][purpose:{object}][SrcIdx:2]
CE0x5c359f0 "{CE0x5c359f0|0:_i8,_1:_i8,_8:_i16,_16:_i32*,_24:_i8,_32:_i8*,_40:_i32,_:_SCMR:_elem_0:default:}"
CE0x5c74d40 "{CE0x5c74d40|tmp19}"
CE0x5c2a1b0 "{CE0x5c2a1b0|0:_%struct.tomoyo_obj_info*,_16:_%struct.tomoyo_domain_info*,_24:_%struct.tomoyo_path_info*,_32:_%struct.tomoyo_path_info*,_40:_%struct.tomoyo_path_info*,_48:_i64,_56:_i32,_72:_i8,_75:_i8,_76:_i8,_77:_i8,_:_SCMRE:_elem_0:default:}"
CONST[source:0(mediator),value:2(dynamic)][purpose:{subject}][SnkIdx:0]


CONST[source:1(input),value:2(dynamic)][purpose:{object}][SrcIdx:2]  ->  CONST[source:0(mediator),value:0(static)][purpose:{operation}][SnkIdx:4]
-----------
CONST[source:1(input),value:2(dynamic)][purpose:{object}][SrcIdx:2]
CE0x5c359f0 "{CE0x5c359f0|0:_i8,_1:_i8,_8:_i16,_16:_i32*,_24:_i8,_32:_i8*,_40:_i32,_:_SCMR:_elem_0:default:}"
CE0x5c74d40 "{CE0x5c74d40|tmp19}"
CE0x5c2a1b0 "{CE0x5c2a1b0|0:_%struct.tomoyo_obj_info*,_16:_%struct.tomoyo_domain_info*,_24:_%struct.tomoyo_path_info*,_32:_%struct.tomoyo_path_info*,_40:_%struct.tomoyo_path_info*,_48:_i64,_56:_i32,_72:_i8,_75:_i8,_76:_i8,_77:_i8,_:_SCMRE:_elem_0:default:}"
CONST[source:0(mediator),value:0(static)][purpose:{operation}][SnkIdx:4]


CONST[source:1(input),value:2(dynamic)][purpose:{object}][SrcIdx:2]  ->  CONST[source:0(mediator),value:0(static)][purpose:{operation}][SnkIdx:5]
-----------
CONST[source:1(input),value:2(dynamic)][purpose:{object}][SrcIdx:2]
CE0x5c359f0 "{CE0x5c359f0|0:_i8,_1:_i8,_8:_i16,_16:_i32*,_24:_i8,_32:_i8*,_40:_i32,_:_SCMR:_elem_0:default:}"
CE0x5c74d40 "{CE0x5c74d40|tmp19}"
CE0x5c2a1b0 "{CE0x5c2a1b0|0:_%struct.tomoyo_obj_info*,_16:_%struct.tomoyo_domain_info*,_24:_%struct.tomoyo_path_info*,_32:_%struct.tomoyo_path_info*,_40:_%struct.tomoyo_path_info*,_48:_i64,_56:_i32,_72:_i8,_75:_i8,_76:_i8,_77:_i8,_:_SCMRE:_elem_0:default:}"
CONST[source:0(mediator),value:0(static)][purpose:{operation}][SnkIdx:5]



implicit:
CONST[source:2(external),value:2(dynamic)][purpose:{subject}][SrcIdx:7]  ->  CONST[source:0(mediator),value:2(dynamic)][purpose:{subject}][SnkIdx:0]
-----------
CONST[source:2(external),value:2(dynamic)][purpose:{subject}][SrcIdx:7]
CE0x5c90f70 "{CE0x5c90f70|128:_i8*,_1208:_%struct.file*,_:_CMRE:_elem_0:default:}"
CE0x5c5d350 "{CE0x5c5d350|VOIDTB_TE:_CE_2048,2096_}"
CE0x5c318b0 "{CE0x5c318b0|40:_%struct.tomoyo_policy_namespace*,_48:_i8,_:_GCRE_tomoyo_kernel_domain_external_global_%struct.tomoyo_domain_info_0,16_}"
CONST[source:0(mediator),value:2(dynamic)][purpose:{subject}][SnkIdx:0]


CONST[source:2(external),value:2(dynamic)][purpose:{subject}][SrcIdx:7]  ->  CONST[source:0(mediator),value:2(dynamic)][purpose:{object}][SnkIdx:2]
-----------
CONST[source:2(external),value:2(dynamic)][purpose:{subject}][SrcIdx:7]
CE0x5c90f70 "{CE0x5c90f70|128:_i8*,_1208:_%struct.file*,_:_CMRE:_elem_0:default:}"
CE0x5c5cfc0 "{CE0x5c5cfc0|40:_%struct.tomoyo_policy_namespace*,_48:_i8,_:_GCRE_tomoyo_kernel_domain_external_global_%struct.tomoyo_domain_info:_elem_0:default:}"
CE0x5c31450 "{CE0x5c31450|0:_i8*,_8:_i32,_12:_i16,_14:_i8,_15:_i8,_:_SCMRE_8,12_}"
CONST[source:0(mediator),value:2(dynamic)][purpose:{object}][SnkIdx:2]


CONST[source:2(external),value:2(dynamic)][purpose:{subject}][SrcIdx:7]  ->  CONST[source:0(mediator),value:2(dynamic)][purpose:{object}][SnkIdx:3]
-----------
CONST[source:2(external),value:2(dynamic)][purpose:{subject}][SrcIdx:7]
CE0x5c90f70 "{CE0x5c90f70|128:_i8*,_1208:_%struct.file*,_:_CMRE:_elem_0:default:}"
CE0x5c5d690 "{CE0x5c5d690|VOIDTB_TE:_CE_6384,6388_}"
CE0x5c36d30 "{CE0x5c36d30|0:_i8*,_8:_i32,_12:_i16,_14:_i8,_15:_i8,_:_SCMRE_15,16_}"
CONST[source:0(mediator),value:2(dynamic)][purpose:{object}][SnkIdx:3]


CONST[source:2(external),value:2(dynamic)][purpose:{subject}][SrcIdx:7]  ->  CONST[source:0(mediator),value:0(static)][purpose:{operation}][SnkIdx:5]
-----------
CONST[source:2(external),value:2(dynamic)][purpose:{subject}][SrcIdx:7]
CE0x5c90f70 "{CE0x5c90f70|128:_i8*,_1208:_%struct.file*,_:_CMRE:_elem_0:default:}"
CE0x5c5d350 "{CE0x5c5d350|VOIDTB_TE:_CE_2048,2096_}"
CE0x5c2a1b0 "{CE0x5c2a1b0|0:_%struct.tomoyo_obj_info*,_16:_%struct.tomoyo_domain_info*,_24:_%struct.tomoyo_path_info*,_32:_%struct.tomoyo_path_info*,_40:_%struct.tomoyo_path_info*,_48:_i64,_56:_i32,_72:_i8,_75:_i8,_76:_i8,_77:_i8,_:_SCMRE:_elem_0:default:}"
CONST[source:0(mediator),value:0(static)][purpose:{operation}][SnkIdx:5]


CONST[source:2(external),value:2(dynamic)][purpose:{subject}][SrcIdx:7]  ->  CONST[source:0(mediator),value:0(static)][purpose:{operation}][SnkIdx:4]
-----------
CONST[source:2(external),value:2(dynamic)][purpose:{subject}][SrcIdx:7]
CE0x5c90f70 "{CE0x5c90f70|128:_i8*,_1208:_%struct.file*,_:_CMRE:_elem_0:default:}"
CE0x5c5cfc0 "{CE0x5c5cfc0|40:_%struct.tomoyo_policy_namespace*,_48:_i8,_:_GCRE_tomoyo_kernel_domain_external_global_%struct.tomoyo_domain_info:_elem_0:default:}"
CE0x5c31450 "{CE0x5c31450|0:_i8*,_8:_i32,_12:_i16,_14:_i8,_15:_i8,_:_SCMRE_8,12_}"
CONST[source:0(mediator),value:0(static)][purpose:{operation}][SnkIdx:4]


CONST[source:2(external),value:2(dynamic)][purpose:{subject}][SrcIdx:7]  ->  CONST[source:0(mediator),value:2(dynamic)][purpose:{object}][SnkIdx:1]
-----------
CONST[source:2(external),value:2(dynamic)][purpose:{subject}][SrcIdx:7]
CE0x5c90f70 "{CE0x5c90f70|128:_i8*,_1208:_%struct.file*,_:_CMRE:_elem_0:default:}"
CE0x5c5d620 "{CE0x5c5d620|VOIDTB_TE:_CE_6368,6384_}"
CE0x5c250e0 "{CE0x5c250e0|16:_%struct.dentry*,_:_SCMRE_1,5_}"
CONST[source:0(mediator),value:2(dynamic)][purpose:{object}][SnkIdx:1]


CONST[source:1(input),value:2(dynamic)][purpose:{operation}][SrcIdx:6]  ->  CONST[source:0(mediator),value:2(dynamic)][purpose:{subject}][SnkIdx:0]
-----------
CONST[source:1(input),value:2(dynamic)][purpose:{operation}][SrcIdx:6]
CE0x5c359f0 "{CE0x5c359f0|0:_i8,_1:_i8,_8:_i16,_16:_i32*,_24:_i8,_32:_i8*,_40:_i32,_:_SCMR:_elem_0:default:}"
CE0x5c74d40 "{CE0x5c74d40|tmp19}"
CE0x5c2a1b0 "{CE0x5c2a1b0|0:_%struct.tomoyo_obj_info*,_16:_%struct.tomoyo_domain_info*,_24:_%struct.tomoyo_path_info*,_32:_%struct.tomoyo_path_info*,_40:_%struct.tomoyo_path_info*,_48:_i64,_56:_i32,_72:_i8,_75:_i8,_76:_i8,_77:_i8,_:_SCMRE:_elem_0:default:}"
CONST[source:0(mediator),value:2(dynamic)][purpose:{subject}][SnkIdx:0]


CONST[source:1(input),value:2(dynamic)][purpose:{operation}][SrcIdx:6]  ->  CONST[source:0(mediator),value:2(dynamic)][purpose:{object}][SnkIdx:2]
-----------
CONST[source:1(input),value:2(dynamic)][purpose:{operation}][SrcIdx:6]
CE0x5c359f0 "{CE0x5c359f0|0:_i8,_1:_i8,_8:_i16,_16:_i32*,_24:_i8,_32:_i8*,_40:_i32,_:_SCMR:_elem_0:default:}"
CE0x5c74d40 "{CE0x5c74d40|tmp19}"
CE0x5c2a1b0 "{CE0x5c2a1b0|0:_%struct.tomoyo_obj_info*,_16:_%struct.tomoyo_domain_info*,_24:_%struct.tomoyo_path_info*,_32:_%struct.tomoyo_path_info*,_40:_%struct.tomoyo_path_info*,_48:_i64,_56:_i32,_72:_i8,_75:_i8,_76:_i8,_77:_i8,_:_SCMRE:_elem_0:default:}"
CONST[source:0(mediator),value:2(dynamic)][purpose:{object}][SnkIdx:2]


CONST[source:1(input),value:2(dynamic)][purpose:{operation}][SrcIdx:6]  ->  CONST[source:0(mediator),value:2(dynamic)][purpose:{object}][SnkIdx:3]
-----------
CONST[source:1(input),value:2(dynamic)][purpose:{operation}][SrcIdx:6]
CE0x5c359f0 "{CE0x5c359f0|0:_i8,_1:_i8,_8:_i16,_16:_i32*,_24:_i8,_32:_i8*,_40:_i32,_:_SCMR:_elem_0:default:}"
CE0x5c74d40 "{CE0x5c74d40|tmp19}"
CE0x5c2a1b0 "{CE0x5c2a1b0|0:_%struct.tomoyo_obj_info*,_16:_%struct.tomoyo_domain_info*,_24:_%struct.tomoyo_path_info*,_32:_%struct.tomoyo_path_info*,_40:_%struct.tomoyo_path_info*,_48:_i64,_56:_i32,_72:_i8,_75:_i8,_76:_i8,_77:_i8,_:_SCMRE:_elem_0:default:}"
CONST[source:0(mediator),value:2(dynamic)][purpose:{object}][SnkIdx:3]


CONST[source:1(input),value:2(dynamic)][purpose:{operation}][SrcIdx:6]  ->  CONST[source:0(mediator),value:0(static)][purpose:{operation}][SnkIdx:5]
-----------
CONST[source:1(input),value:2(dynamic)][purpose:{operation}][SrcIdx:6]
CE0x5c359f0 "{CE0x5c359f0|0:_i8,_1:_i8,_8:_i16,_16:_i32*,_24:_i8,_32:_i8*,_40:_i32,_:_SCMR:_elem_0:default:}"
CE0x5c74d40 "{CE0x5c74d40|tmp19}"
CE0x5c2a1b0 "{CE0x5c2a1b0|0:_%struct.tomoyo_obj_info*,_16:_%struct.tomoyo_domain_info*,_24:_%struct.tomoyo_path_info*,_32:_%struct.tomoyo_path_info*,_40:_%struct.tomoyo_path_info*,_48:_i64,_56:_i32,_72:_i8,_75:_i8,_76:_i8,_77:_i8,_:_SCMRE:_elem_0:default:}"
CONST[source:0(mediator),value:0(static)][purpose:{operation}][SnkIdx:5]


CONST[source:1(input),value:2(dynamic)][purpose:{operation}][SrcIdx:6]  ->  CONST[source:0(mediator),value:0(static)][purpose:{operation}][SnkIdx:4]
-----------
CONST[source:1(input),value:2(dynamic)][purpose:{operation}][SrcIdx:6]
CE0x5c359f0 "{CE0x5c359f0|0:_i8,_1:_i8,_8:_i16,_16:_i32*,_24:_i8,_32:_i8*,_40:_i32,_:_SCMR:_elem_0:default:}"
CE0x5c74d40 "{CE0x5c74d40|tmp19}"
CE0x5c2a1b0 "{CE0x5c2a1b0|0:_%struct.tomoyo_obj_info*,_16:_%struct.tomoyo_domain_info*,_24:_%struct.tomoyo_path_info*,_32:_%struct.tomoyo_path_info*,_40:_%struct.tomoyo_path_info*,_48:_i64,_56:_i32,_72:_i8,_75:_i8,_76:_i8,_77:_i8,_:_SCMRE:_elem_0:default:}"
CONST[source:0(mediator),value:0(static)][purpose:{operation}][SnkIdx:4]


CONST[source:1(input),value:2(dynamic)][purpose:{operation}][SrcIdx:6]  ->  CONST[source:0(mediator),value:2(dynamic)][purpose:{object}][SnkIdx:1]
-----------
CONST[source:1(input),value:2(dynamic)][purpose:{operation}][SrcIdx:6]
CE0x5c359f0 "{CE0x5c359f0|0:_i8,_1:_i8,_8:_i16,_16:_i32*,_24:_i8,_32:_i8*,_40:_i32,_:_SCMR:_elem_0:default:}"
CE0x5c74d40 "{CE0x5c74d40|tmp19}"
CE0x5c2a1b0 "{CE0x5c2a1b0|0:_%struct.tomoyo_obj_info*,_16:_%struct.tomoyo_domain_info*,_24:_%struct.tomoyo_path_info*,_32:_%struct.tomoyo_path_info*,_40:_%struct.tomoyo_path_info*,_48:_i64,_56:_i32,_72:_i8,_75:_i8,_76:_i8,_77:_i8,_:_SCMRE:_elem_0:default:}"
CONST[source:0(mediator),value:2(dynamic)][purpose:{object}][SnkIdx:1]


CONST[source:1(input),value:2(dynamic)][purpose:{object}][SrcIdx:2]  ->  CONST[source:0(mediator),value:2(dynamic)][purpose:{subject}][SnkIdx:0]
-----------
CONST[source:1(input),value:2(dynamic)][purpose:{object}][SrcIdx:2]
CE0x5c359f0 "{CE0x5c359f0|0:_i8,_1:_i8,_8:_i16,_16:_i32*,_24:_i8,_32:_i8*,_40:_i32,_:_SCMR:_elem_0:default:}"
CE0x5c74d40 "{CE0x5c74d40|tmp19}"
CE0x5c2a1b0 "{CE0x5c2a1b0|0:_%struct.tomoyo_obj_info*,_16:_%struct.tomoyo_domain_info*,_24:_%struct.tomoyo_path_info*,_32:_%struct.tomoyo_path_info*,_40:_%struct.tomoyo_path_info*,_48:_i64,_56:_i32,_72:_i8,_75:_i8,_76:_i8,_77:_i8,_:_SCMRE:_elem_0:default:}"
CONST[source:0(mediator),value:2(dynamic)][purpose:{subject}][SnkIdx:0]


CONST[source:1(input),value:2(dynamic)][purpose:{object}][SrcIdx:2]  ->  CONST[source:0(mediator),value:2(dynamic)][purpose:{object}][SnkIdx:2]
-----------
CONST[source:1(input),value:2(dynamic)][purpose:{object}][SrcIdx:2]
CE0x5c359f0 "{CE0x5c359f0|0:_i8,_1:_i8,_8:_i16,_16:_i32*,_24:_i8,_32:_i8*,_40:_i32,_:_SCMR:_elem_0:default:}"
CE0x5c74d40 "{CE0x5c74d40|tmp19}"
CE0x5c2a1b0 "{CE0x5c2a1b0|0:_%struct.tomoyo_obj_info*,_16:_%struct.tomoyo_domain_info*,_24:_%struct.tomoyo_path_info*,_32:_%struct.tomoyo_path_info*,_40:_%struct.tomoyo_path_info*,_48:_i64,_56:_i32,_72:_i8,_75:_i8,_76:_i8,_77:_i8,_:_SCMRE:_elem_0:default:}"
CONST[source:0(mediator),value:2(dynamic)][purpose:{object}][SnkIdx:2]


CONST[source:1(input),value:2(dynamic)][purpose:{object}][SrcIdx:2]  ->  CONST[source:0(mediator),value:2(dynamic)][purpose:{object}][SnkIdx:3]
-----------
CONST[source:1(input),value:2(dynamic)][purpose:{object}][SrcIdx:2]
CE0x5c359f0 "{CE0x5c359f0|0:_i8,_1:_i8,_8:_i16,_16:_i32*,_24:_i8,_32:_i8*,_40:_i32,_:_SCMR:_elem_0:default:}"
CE0x5c74d40 "{CE0x5c74d40|tmp19}"
CE0x5c2a1b0 "{CE0x5c2a1b0|0:_%struct.tomoyo_obj_info*,_16:_%struct.tomoyo_domain_info*,_24:_%struct.tomoyo_path_info*,_32:_%struct.tomoyo_path_info*,_40:_%struct.tomoyo_path_info*,_48:_i64,_56:_i32,_72:_i8,_75:_i8,_76:_i8,_77:_i8,_:_SCMRE:_elem_0:default:}"
CONST[source:0(mediator),value:2(dynamic)][purpose:{object}][SnkIdx:3]


CONST[source:1(input),value:2(dynamic)][purpose:{object}][SrcIdx:2]  ->  CONST[source:0(mediator),value:0(static)][purpose:{operation}][SnkIdx:5]
-----------
CONST[source:1(input),value:2(dynamic)][purpose:{object}][SrcIdx:2]
CE0x5c359f0 "{CE0x5c359f0|0:_i8,_1:_i8,_8:_i16,_16:_i32*,_24:_i8,_32:_i8*,_40:_i32,_:_SCMR:_elem_0:default:}"
CE0x5c74d40 "{CE0x5c74d40|tmp19}"
CE0x5c2a1b0 "{CE0x5c2a1b0|0:_%struct.tomoyo_obj_info*,_16:_%struct.tomoyo_domain_info*,_24:_%struct.tomoyo_path_info*,_32:_%struct.tomoyo_path_info*,_40:_%struct.tomoyo_path_info*,_48:_i64,_56:_i32,_72:_i8,_75:_i8,_76:_i8,_77:_i8,_:_SCMRE:_elem_0:default:}"
CONST[source:0(mediator),value:0(static)][purpose:{operation}][SnkIdx:5]


CONST[source:1(input),value:2(dynamic)][purpose:{object}][SrcIdx:2]  ->  CONST[source:0(mediator),value:0(static)][purpose:{operation}][SnkIdx:4]
-----------
CONST[source:1(input),value:2(dynamic)][purpose:{object}][SrcIdx:2]
CE0x5c359f0 "{CE0x5c359f0|0:_i8,_1:_i8,_8:_i16,_16:_i32*,_24:_i8,_32:_i8*,_40:_i32,_:_SCMR:_elem_0:default:}"
CE0x5c74d40 "{CE0x5c74d40|tmp19}"
CE0x5c2a1b0 "{CE0x5c2a1b0|0:_%struct.tomoyo_obj_info*,_16:_%struct.tomoyo_domain_info*,_24:_%struct.tomoyo_path_info*,_32:_%struct.tomoyo_path_info*,_40:_%struct.tomoyo_path_info*,_48:_i64,_56:_i32,_72:_i8,_75:_i8,_76:_i8,_77:_i8,_:_SCMRE:_elem_0:default:}"
CONST[source:0(mediator),value:0(static)][purpose:{operation}][SnkIdx:4]


CONST[source:1(input),value:2(dynamic)][purpose:{object}][SrcIdx:2]  ->  CONST[source:0(mediator),value:2(dynamic)][purpose:{object}][SnkIdx:1]
-----------
CONST[source:1(input),value:2(dynamic)][purpose:{object}][SrcIdx:2]
CE0x5c359f0 "{CE0x5c359f0|0:_i8,_1:_i8,_8:_i16,_16:_i32*,_24:_i8,_32:_i8*,_40:_i32,_:_SCMR:_elem_0:default:}"
CE0x5c74d40 "{CE0x5c74d40|tmp19}"
CE0x5c2a1b0 "{CE0x5c2a1b0|0:_%struct.tomoyo_obj_info*,_16:_%struct.tomoyo_domain_info*,_24:_%struct.tomoyo_path_info*,_32:_%struct.tomoyo_path_info*,_40:_%struct.tomoyo_path_info*,_48:_i64,_56:_i32,_72:_i8,_75:_i8,_76:_i8,_77:_i8,_:_SCMRE:_elem_0:default:}"
CONST[source:0(mediator),value:2(dynamic)][purpose:{object}][SnkIdx:1]


CONST[source:1(input),value:2(dynamic)][purpose:{object}][SrcIdx:3]  ->  CONST[source:0(mediator),value:2(dynamic)][purpose:{subject}][SnkIdx:0]
-----------
CONST[source:1(input),value:2(dynamic)][purpose:{object}][SrcIdx:3]
CE0x5c318b0 "{CE0x5c318b0|40:_%struct.tomoyo_policy_namespace*,_48:_i8,_:_GCRE_tomoyo_kernel_domain_external_global_%struct.tomoyo_domain_info_0,16_}"
CONST[source:0(mediator),value:2(dynamic)][purpose:{subject}][SnkIdx:0]


CONST[source:1(input),value:2(dynamic)][purpose:{object}][SrcIdx:3]  ->  CONST[source:0(mediator),value:2(dynamic)][purpose:{object}][SnkIdx:2]
-----------
CONST[source:1(input),value:2(dynamic)][purpose:{object}][SrcIdx:3]
CE0x5c31450 "{CE0x5c31450|0:_i8*,_8:_i32,_12:_i16,_14:_i8,_15:_i8,_:_SCMRE_8,12_}"
CONST[source:0(mediator),value:2(dynamic)][purpose:{object}][SnkIdx:2]


CONST[source:1(input),value:2(dynamic)][purpose:{object}][SrcIdx:3]  ->  CONST[source:0(mediator),value:2(dynamic)][purpose:{object}][SnkIdx:3]
-----------
CONST[source:1(input),value:2(dynamic)][purpose:{object}][SrcIdx:3]
CE0x5c36d30 "{CE0x5c36d30|0:_i8*,_8:_i32,_12:_i16,_14:_i8,_15:_i8,_:_SCMRE_15,16_}"
CONST[source:0(mediator),value:2(dynamic)][purpose:{object}][SnkIdx:3]


CONST[source:1(input),value:2(dynamic)][purpose:{object}][SrcIdx:3]  ->  CONST[source:0(mediator),value:0(static)][purpose:{operation}][SnkIdx:5]
-----------
CONST[source:1(input),value:2(dynamic)][purpose:{object}][SrcIdx:3]
CE0x5c2a1b0 "{CE0x5c2a1b0|0:_%struct.tomoyo_obj_info*,_16:_%struct.tomoyo_domain_info*,_24:_%struct.tomoyo_path_info*,_32:_%struct.tomoyo_path_info*,_40:_%struct.tomoyo_path_info*,_48:_i64,_56:_i32,_72:_i8,_75:_i8,_76:_i8,_77:_i8,_:_SCMRE:_elem_0:default:}"
CONST[source:0(mediator),value:0(static)][purpose:{operation}][SnkIdx:5]


CONST[source:1(input),value:2(dynamic)][purpose:{object}][SrcIdx:3]  ->  CONST[source:0(mediator),value:0(static)][purpose:{operation}][SnkIdx:4]
-----------
CONST[source:1(input),value:2(dynamic)][purpose:{object}][SrcIdx:3]
CE0x5c31450 "{CE0x5c31450|0:_i8*,_8:_i32,_12:_i16,_14:_i8,_15:_i8,_:_SCMRE_8,12_}"
CONST[source:0(mediator),value:0(static)][purpose:{operation}][SnkIdx:4]


CONST[source:1(input),value:2(dynamic)][purpose:{object}][SrcIdx:3]  ->  CONST[source:0(mediator),value:2(dynamic)][purpose:{object}][SnkIdx:1]
-----------
CONST[source:1(input),value:2(dynamic)][purpose:{object}][SrcIdx:3]
CE0x5c250e0 "{CE0x5c250e0|16:_%struct.dentry*,_:_SCMRE_1,5_}"
CONST[source:0(mediator),value:2(dynamic)][purpose:{object}][SnkIdx:1]


CONST[source:0(mediator),value:2(dynamic)][purpose:{operation}][SrcIdx:5]  ->  CONST[source:0(mediator),value:2(dynamic)][purpose:{subject}][SnkIdx:0]
-----------
CONST[source:0(mediator),value:2(dynamic)][purpose:{operation}][SrcIdx:5]
CE0x5c359f0 "{CE0x5c359f0|0:_i8,_1:_i8,_8:_i16,_16:_i32*,_24:_i8,_32:_i8*,_40:_i32,_:_SCMR:_elem_0:default:}"
CE0x5c74d40 "{CE0x5c74d40|tmp19}"
CE0x5c2a1b0 "{CE0x5c2a1b0|0:_%struct.tomoyo_obj_info*,_16:_%struct.tomoyo_domain_info*,_24:_%struct.tomoyo_path_info*,_32:_%struct.tomoyo_path_info*,_40:_%struct.tomoyo_path_info*,_48:_i64,_56:_i32,_72:_i8,_75:_i8,_76:_i8,_77:_i8,_:_SCMRE:_elem_0:default:}"
CONST[source:0(mediator),value:2(dynamic)][purpose:{subject}][SnkIdx:0]


CONST[source:0(mediator),value:2(dynamic)][purpose:{operation}][SrcIdx:5]  ->  CONST[source:0(mediator),value:2(dynamic)][purpose:{object}][SnkIdx:2]
-----------
CONST[source:0(mediator),value:2(dynamic)][purpose:{operation}][SrcIdx:5]
CE0x5c359f0 "{CE0x5c359f0|0:_i8,_1:_i8,_8:_i16,_16:_i32*,_24:_i8,_32:_i8*,_40:_i32,_:_SCMR:_elem_0:default:}"
CE0x5c74d40 "{CE0x5c74d40|tmp19}"
CE0x5c2a1b0 "{CE0x5c2a1b0|0:_%struct.tomoyo_obj_info*,_16:_%struct.tomoyo_domain_info*,_24:_%struct.tomoyo_path_info*,_32:_%struct.tomoyo_path_info*,_40:_%struct.tomoyo_path_info*,_48:_i64,_56:_i32,_72:_i8,_75:_i8,_76:_i8,_77:_i8,_:_SCMRE:_elem_0:default:}"
CONST[source:0(mediator),value:2(dynamic)][purpose:{object}][SnkIdx:2]


CONST[source:0(mediator),value:2(dynamic)][purpose:{operation}][SrcIdx:5]  ->  CONST[source:0(mediator),value:2(dynamic)][purpose:{object}][SnkIdx:3]
-----------
CONST[source:0(mediator),value:2(dynamic)][purpose:{operation}][SrcIdx:5]
CE0x5c359f0 "{CE0x5c359f0|0:_i8,_1:_i8,_8:_i16,_16:_i32*,_24:_i8,_32:_i8*,_40:_i32,_:_SCMR:_elem_0:default:}"
CE0x5c74d40 "{CE0x5c74d40|tmp19}"
CE0x5c2a1b0 "{CE0x5c2a1b0|0:_%struct.tomoyo_obj_info*,_16:_%struct.tomoyo_domain_info*,_24:_%struct.tomoyo_path_info*,_32:_%struct.tomoyo_path_info*,_40:_%struct.tomoyo_path_info*,_48:_i64,_56:_i32,_72:_i8,_75:_i8,_76:_i8,_77:_i8,_:_SCMRE:_elem_0:default:}"
CONST[source:0(mediator),value:2(dynamic)][purpose:{object}][SnkIdx:3]


CONST[source:0(mediator),value:2(dynamic)][purpose:{operation}][SrcIdx:5]  ->  CONST[source:0(mediator),value:0(static)][purpose:{operation}][SnkIdx:5]
-----------
CONST[source:0(mediator),value:2(dynamic)][purpose:{operation}][SrcIdx:5]
CE0x5c359f0 "{CE0x5c359f0|0:_i8,_1:_i8,_8:_i16,_16:_i32*,_24:_i8,_32:_i8*,_40:_i32,_:_SCMR:_elem_0:default:}"
CE0x5c74d40 "{CE0x5c74d40|tmp19}"
CE0x5c2a1b0 "{CE0x5c2a1b0|0:_%struct.tomoyo_obj_info*,_16:_%struct.tomoyo_domain_info*,_24:_%struct.tomoyo_path_info*,_32:_%struct.tomoyo_path_info*,_40:_%struct.tomoyo_path_info*,_48:_i64,_56:_i32,_72:_i8,_75:_i8,_76:_i8,_77:_i8,_:_SCMRE:_elem_0:default:}"
CONST[source:0(mediator),value:0(static)][purpose:{operation}][SnkIdx:5]


CONST[source:0(mediator),value:2(dynamic)][purpose:{operation}][SrcIdx:5]  ->  CONST[source:0(mediator),value:0(static)][purpose:{operation}][SnkIdx:4]
-----------
CONST[source:0(mediator),value:2(dynamic)][purpose:{operation}][SrcIdx:5]
CE0x5c359f0 "{CE0x5c359f0|0:_i8,_1:_i8,_8:_i16,_16:_i32*,_24:_i8,_32:_i8*,_40:_i32,_:_SCMR:_elem_0:default:}"
CE0x5c74d40 "{CE0x5c74d40|tmp19}"
CE0x5c2a1b0 "{CE0x5c2a1b0|0:_%struct.tomoyo_obj_info*,_16:_%struct.tomoyo_domain_info*,_24:_%struct.tomoyo_path_info*,_32:_%struct.tomoyo_path_info*,_40:_%struct.tomoyo_path_info*,_48:_i64,_56:_i32,_72:_i8,_75:_i8,_76:_i8,_77:_i8,_:_SCMRE:_elem_0:default:}"
CONST[source:0(mediator),value:0(static)][purpose:{operation}][SnkIdx:4]


CONST[source:0(mediator),value:2(dynamic)][purpose:{operation}][SrcIdx:5]  ->  CONST[source:0(mediator),value:2(dynamic)][purpose:{object}][SnkIdx:1]
-----------
CONST[source:0(mediator),value:2(dynamic)][purpose:{operation}][SrcIdx:5]
CE0x5c359f0 "{CE0x5c359f0|0:_i8,_1:_i8,_8:_i16,_16:_i32*,_24:_i8,_32:_i8*,_40:_i32,_:_SCMR:_elem_0:default:}"
CE0x5c74d40 "{CE0x5c74d40|tmp19}"
CE0x5c2a1b0 "{CE0x5c2a1b0|0:_%struct.tomoyo_obj_info*,_16:_%struct.tomoyo_domain_info*,_24:_%struct.tomoyo_path_info*,_32:_%struct.tomoyo_path_info*,_40:_%struct.tomoyo_path_info*,_48:_i64,_56:_i32,_72:_i8,_75:_i8,_76:_i8,_77:_i8,_:_SCMRE:_elem_0:default:}"
CONST[source:0(mediator),value:2(dynamic)][purpose:{object}][SnkIdx:1]


CONST[source:1(input),value:2(dynamic)][purpose:{object}][SrcIdx:1]  ->  CONST[source:0(mediator),value:2(dynamic)][purpose:{subject}][SnkIdx:0]
-----------
CONST[source:1(input),value:2(dynamic)][purpose:{object}][SrcIdx:1]
CE0x5c359f0 "{CE0x5c359f0|0:_i8,_1:_i8,_8:_i16,_16:_i32*,_24:_i8,_32:_i8*,_40:_i32,_:_SCMR:_elem_0:default:}"
CE0x5c74d40 "{CE0x5c74d40|tmp19}"
CE0x5c2a1b0 "{CE0x5c2a1b0|0:_%struct.tomoyo_obj_info*,_16:_%struct.tomoyo_domain_info*,_24:_%struct.tomoyo_path_info*,_32:_%struct.tomoyo_path_info*,_40:_%struct.tomoyo_path_info*,_48:_i64,_56:_i32,_72:_i8,_75:_i8,_76:_i8,_77:_i8,_:_SCMRE:_elem_0:default:}"
CONST[source:0(mediator),value:2(dynamic)][purpose:{subject}][SnkIdx:0]


CONST[source:1(input),value:2(dynamic)][purpose:{object}][SrcIdx:1]  ->  CONST[source:0(mediator),value:2(dynamic)][purpose:{object}][SnkIdx:2]
-----------
CONST[source:1(input),value:2(dynamic)][purpose:{object}][SrcIdx:1]
CE0x5c359f0 "{CE0x5c359f0|0:_i8,_1:_i8,_8:_i16,_16:_i32*,_24:_i8,_32:_i8*,_40:_i32,_:_SCMR:_elem_0:default:}"
CE0x5c74d40 "{CE0x5c74d40|tmp19}"
CE0x5c2a1b0 "{CE0x5c2a1b0|0:_%struct.tomoyo_obj_info*,_16:_%struct.tomoyo_domain_info*,_24:_%struct.tomoyo_path_info*,_32:_%struct.tomoyo_path_info*,_40:_%struct.tomoyo_path_info*,_48:_i64,_56:_i32,_72:_i8,_75:_i8,_76:_i8,_77:_i8,_:_SCMRE:_elem_0:default:}"
CONST[source:0(mediator),value:2(dynamic)][purpose:{object}][SnkIdx:2]


CONST[source:1(input),value:2(dynamic)][purpose:{object}][SrcIdx:1]  ->  CONST[source:0(mediator),value:2(dynamic)][purpose:{object}][SnkIdx:3]
-----------
CONST[source:1(input),value:2(dynamic)][purpose:{object}][SrcIdx:1]
CE0x5c359f0 "{CE0x5c359f0|0:_i8,_1:_i8,_8:_i16,_16:_i32*,_24:_i8,_32:_i8*,_40:_i32,_:_SCMR:_elem_0:default:}"
CE0x5c74d40 "{CE0x5c74d40|tmp19}"
CE0x5c2a1b0 "{CE0x5c2a1b0|0:_%struct.tomoyo_obj_info*,_16:_%struct.tomoyo_domain_info*,_24:_%struct.tomoyo_path_info*,_32:_%struct.tomoyo_path_info*,_40:_%struct.tomoyo_path_info*,_48:_i64,_56:_i32,_72:_i8,_75:_i8,_76:_i8,_77:_i8,_:_SCMRE:_elem_0:default:}"
CONST[source:0(mediator),value:2(dynamic)][purpose:{object}][SnkIdx:3]


CONST[source:1(input),value:2(dynamic)][purpose:{object}][SrcIdx:1]  ->  CONST[source:0(mediator),value:0(static)][purpose:{operation}][SnkIdx:5]
-----------
CONST[source:1(input),value:2(dynamic)][purpose:{object}][SrcIdx:1]
CE0x5c359f0 "{CE0x5c359f0|0:_i8,_1:_i8,_8:_i16,_16:_i32*,_24:_i8,_32:_i8*,_40:_i32,_:_SCMR:_elem_0:default:}"
CE0x5c74d40 "{CE0x5c74d40|tmp19}"
CE0x5c2a1b0 "{CE0x5c2a1b0|0:_%struct.tomoyo_obj_info*,_16:_%struct.tomoyo_domain_info*,_24:_%struct.tomoyo_path_info*,_32:_%struct.tomoyo_path_info*,_40:_%struct.tomoyo_path_info*,_48:_i64,_56:_i32,_72:_i8,_75:_i8,_76:_i8,_77:_i8,_:_SCMRE:_elem_0:default:}"
CONST[source:0(mediator),value:0(static)][purpose:{operation}][SnkIdx:5]


CONST[source:1(input),value:2(dynamic)][purpose:{object}][SrcIdx:1]  ->  CONST[source:0(mediator),value:0(static)][purpose:{operation}][SnkIdx:4]
-----------
CONST[source:1(input),value:2(dynamic)][purpose:{object}][SrcIdx:1]
CE0x5c359f0 "{CE0x5c359f0|0:_i8,_1:_i8,_8:_i16,_16:_i32*,_24:_i8,_32:_i8*,_40:_i32,_:_SCMR:_elem_0:default:}"
CE0x5c74d40 "{CE0x5c74d40|tmp19}"
CE0x5c2a1b0 "{CE0x5c2a1b0|0:_%struct.tomoyo_obj_info*,_16:_%struct.tomoyo_domain_info*,_24:_%struct.tomoyo_path_info*,_32:_%struct.tomoyo_path_info*,_40:_%struct.tomoyo_path_info*,_48:_i64,_56:_i32,_72:_i8,_75:_i8,_76:_i8,_77:_i8,_:_SCMRE:_elem_0:default:}"
CONST[source:0(mediator),value:0(static)][purpose:{operation}][SnkIdx:4]


CONST[source:1(input),value:2(dynamic)][purpose:{object}][SrcIdx:1]  ->  CONST[source:0(mediator),value:2(dynamic)][purpose:{object}][SnkIdx:1]
-----------
CONST[source:1(input),value:2(dynamic)][purpose:{object}][SrcIdx:1]
CE0x5c359f0 "{CE0x5c359f0|0:_i8,_1:_i8,_8:_i16,_16:_i32*,_24:_i8,_32:_i8*,_40:_i32,_:_SCMR:_elem_0:default:}"
CE0x5c74d40 "{CE0x5c74d40|tmp19}"
CE0x5c2a1b0 "{CE0x5c2a1b0|0:_%struct.tomoyo_obj_info*,_16:_%struct.tomoyo_domain_info*,_24:_%struct.tomoyo_path_info*,_32:_%struct.tomoyo_path_info*,_40:_%struct.tomoyo_path_info*,_48:_i64,_56:_i32,_72:_i8,_75:_i8,_76:_i8,_77:_i8,_:_SCMRE:_elem_0:default:}"
CONST[source:0(mediator),value:2(dynamic)][purpose:{object}][SnkIdx:1]


