[selinux_inode_rmdir]

explicit:
CONST[source:1(input),value:2(dynamic)][purpose:{object}]  ->  CONST[source:0(mediator),value:2(dynamic)][purpose:{object}]
-----------
CONST[source:1(input),value:2(dynamic)][purpose:{object}]
CE0x469e670 "{CE0x469e670|28:_i32,_:_CRE_28,32_|*MultipleSource*|security/selinux/hooks.c,1777|*LoadInst*|security/selinux/hooks.c,1769|security/selinux/hooks.c,1769}"
CE0x46a4b50 "{CE0x46a4b50|may_link:_tmp7|security/selinux/hooks.c,1777}"
CE0x46b0dd0 "{CE0x46b0dd0|may_link:_tmp7|security/selinux/hooks.c,1777|*SummSink*}"
CONST[source:0(mediator),value:2(dynamic)][purpose:{object}]


CONST[source:2(external),value:2(dynamic)][purpose:{subject}]  ->  CONST[source:0(mediator),value:2(dynamic)][purpose:{subject}]
-----------
CONST[source:2(external),value:2(dynamic)][purpose:{subject}]
CE0x46be7f0 "{CE0x46be7f0|COLLAPSED:_CMRE:_elem_0::|security/selinux/hooks.c,218}"
CE0x46be970 "{CE0x46be970|current_sid:_tmp22|security/selinux/hooks.c,218}"
CE0x46bee90 "{CE0x46bee90|current_sid:_tmp23|security/selinux/hooks.c,218}"
CE0x46740c0 "{CE0x46740c0|current_sid:_sid|security/selinux/hooks.c,220}"
CE0x4681500 "{CE0x4681500|current_sid:_tmp24|security/selinux/hooks.c,220}"
CE0x4607570 "{CE0x4607570|_ret_i32_%tmp24,_!dbg_!27742|security/selinux/hooks.c,220}"
CE0x461b2c0 "{CE0x461b2c0|may_link:_call|security/selinux/hooks.c,1765}"
CE0x46226c0 "{CE0x46226c0|may_link:_call|security/selinux/hooks.c,1765|*SummSink*}"
CONST[source:0(mediator),value:2(dynamic)][purpose:{subject}]



implicit:
CONST[source:1(input),value:2(dynamic)][purpose:{object}]  ->  CONST[source:0(mediator),value:2(dynamic)][purpose:{object}]
-----------
CONST[source:1(input),value:2(dynamic)][purpose:{object}]
CE0x469e670 "{CE0x469e670|28:_i32,_:_CRE_28,32_|*MultipleSource*|security/selinux/hooks.c,1777|*LoadInst*|security/selinux/hooks.c,1769|security/selinux/hooks.c,1769}"
CE0x46a4b50 "{CE0x46a4b50|may_link:_tmp7|security/selinux/hooks.c,1777}"
CE0x46b0dd0 "{CE0x46b0dd0|may_link:_tmp7|security/selinux/hooks.c,1777|*SummSink*}"
CONST[source:0(mediator),value:2(dynamic)][purpose:{object}]


CONST[source:2(external),value:2(dynamic)][purpose:{subject}]  ->  CONST[source:0(mediator),value:2(dynamic)][purpose:{subject}]
-----------
CONST[source:2(external),value:2(dynamic)][purpose:{subject}]
CE0x46bdf40 "{CE0x46bdf40|COLLAPSED:_GCMRE_current_task_external_global_%struct.task_struct*:_elem_0::|security/selinux/hooks.c,218}"
CE0x46be970 "{CE0x46be970|current_sid:_tmp22|security/selinux/hooks.c,218}"
CE0x46bee90 "{CE0x46bee90|current_sid:_tmp23|security/selinux/hooks.c,218}"
CE0x46740c0 "{CE0x46740c0|current_sid:_sid|security/selinux/hooks.c,220}"
CE0x4681500 "{CE0x4681500|current_sid:_tmp24|security/selinux/hooks.c,220}"
CE0x4607570 "{CE0x4607570|_ret_i32_%tmp24,_!dbg_!27742|security/selinux/hooks.c,220}"
CE0x461b2c0 "{CE0x461b2c0|may_link:_call|security/selinux/hooks.c,1765}"
CE0x46226c0 "{CE0x46226c0|may_link:_call|security/selinux/hooks.c,1765|*SummSink*}"
CONST[source:0(mediator),value:2(dynamic)][purpose:{subject}]


CONST[source:0(mediator),value:0(static)][purpose:{operation}]  ->  CONST[source:0(mediator),value:2(dynamic)][purpose:{object}]
-----------
CONST[source:0(mediator),value:0(static)][purpose:{operation}]
CE0x460b0f0 "{CE0x460b0f0|may_link:_kind|Function::may_link&Arg::kind::|*SummSource*}"
CE0x4624600 "{CE0x4624600|may_link:_kind|Function::may_link&Arg::kind::}"
CE0x46189d0 "{CE0x46189d0|may_link:_sw.epilog}"
CE0x46d5b50 "{CE0x46d5b50|may_link:_tmp24|security/selinux/hooks.c,1797}"
CE0x46d5f50 "{CE0x46d5f50|may_link:_tmp24|security/selinux/hooks.c,1797|*SummSink*}"
CONST[source:0(mediator),value:2(dynamic)][purpose:{object}]


