[selinux_socket_getpeername]

explicit:
CONST[source:1(input),value:2(dynamic)][purpose:{object}][SrcIdx:2]  ->  CONST[source:0(mediator),value:2(dynamic)][purpose:{object}][SnkIdx:2]
-----------
CONST[source:1(input),value:2(dynamic)][purpose:{object}][SrcIdx:2]
CE0x9166890 "{CE0x9166890|VOIDTB_TE:_IE:_elem_0:default:}"
CE0x918bed0 "{CE0x918bed0|tmp17}"
CE0x9187c70 "{CE0x9187c70|tmp17}"
CONST[source:0(mediator),value:2(dynamic)][purpose:{object}][SnkIdx:2]


CONST[source:1(input),value:2(dynamic)][purpose:{object}][SrcIdx:2]  ->  CONST[source:0(mediator),value:2(dynamic)][purpose:{subject}][SnkIdx:0]
-----------
CONST[source:1(input),value:2(dynamic)][purpose:{object}][SrcIdx:2]
CE0x9166890 "{CE0x9166890|VOIDTB_TE:_IE:_elem_0:default:}"
CE0x9199f20 "{CE0x9199f20|tmp6}"
CE0x91a1430 "{CE0x91a1430|_ret_i32_%tmp6,_!dbg_!27716}"
CE0x91a0b90 "{CE0x91a0b90|call7}"
CE0x9188f50 "{CE0x9188f50|_ret_i32_%call7,_!dbg_!27749}"
CE0x672dec0 "{CE0x672dec0|call}"
CE0x91b2530 "{CE0x91b2530|call}"
CONST[source:0(mediator),value:2(dynamic)][purpose:{subject}][SnkIdx:0]


CONST[source:1(input),value:2(dynamic)][purpose:{object}][SrcIdx:2]  ->  CONST[source:0(mediator),value:2(dynamic)][purpose:{object}][SnkIdx:1]
-----------
CONST[source:1(input),value:2(dynamic)][purpose:{object}][SrcIdx:2]
CE0x9166890 "{CE0x9166890|VOIDTB_TE:_IE:_elem_0:default:}"
CE0x9175890 "{CE0x9175890|tmp16}"
CE0x9175b50 "{CE0x9175b50|tmp16}"
CONST[source:0(mediator),value:2(dynamic)][purpose:{object}][SnkIdx:1]


CONST[source:2(external),value:2(dynamic)][purpose:{subject}][SrcIdx:4]  ->  CONST[source:0(mediator),value:2(dynamic)][purpose:{object}][SnkIdx:2]
-----------
CONST[source:2(external),value:2(dynamic)][purpose:{subject}][SrcIdx:4]
CE0x9166890 "{CE0x9166890|VOIDTB_TE:_IE:_elem_0:default:}"
CE0x918bed0 "{CE0x918bed0|tmp17}"
CE0x9187c70 "{CE0x9187c70|tmp17}"
CONST[source:0(mediator),value:2(dynamic)][purpose:{object}][SnkIdx:2]


CONST[source:2(external),value:2(dynamic)][purpose:{subject}][SrcIdx:4]  ->  CONST[source:0(mediator),value:2(dynamic)][purpose:{subject}][SnkIdx:0]
-----------
CONST[source:2(external),value:2(dynamic)][purpose:{subject}][SrcIdx:4]
CE0x9166890 "{CE0x9166890|VOIDTB_TE:_IE:_elem_0:default:}"
CE0x9199f20 "{CE0x9199f20|tmp6}"
CE0x91a1430 "{CE0x91a1430|_ret_i32_%tmp6,_!dbg_!27716}"
CE0x91a0b90 "{CE0x91a0b90|call7}"
CE0x9188f50 "{CE0x9188f50|_ret_i32_%call7,_!dbg_!27749}"
CE0x672dec0 "{CE0x672dec0|call}"
CE0x91b2530 "{CE0x91b2530|call}"
CONST[source:0(mediator),value:2(dynamic)][purpose:{subject}][SnkIdx:0]


CONST[source:2(external),value:2(dynamic)][purpose:{subject}][SrcIdx:4]  ->  CONST[source:0(mediator),value:2(dynamic)][purpose:{object}][SnkIdx:1]
-----------
CONST[source:2(external),value:2(dynamic)][purpose:{subject}][SrcIdx:4]
CE0x9166890 "{CE0x9166890|VOIDTB_TE:_IE:_elem_0:default:}"
CE0x9175890 "{CE0x9175890|tmp16}"
CE0x9175b50 "{CE0x9175b50|tmp16}"
CONST[source:0(mediator),value:2(dynamic)][purpose:{object}][SnkIdx:1]



implicit:
CONST[source:1(input),value:2(dynamic)][purpose:{object}][SrcIdx:2]  ->  CONST[source:0(mediator),value:2(dynamic)][purpose:{subject}][SnkIdx:0]
-----------
CONST[source:1(input),value:2(dynamic)][purpose:{object}][SrcIdx:2]
CE0x9166890 "{CE0x9166890|VOIDTB_TE:_IE:_elem_0:default:}"
CE0x9199f20 "{CE0x9199f20|tmp6}"
CE0x91a1430 "{CE0x91a1430|_ret_i32_%tmp6,_!dbg_!27716}"
CE0x91a0b90 "{CE0x91a0b90|call7}"
CE0x9188f50 "{CE0x9188f50|_ret_i32_%call7,_!dbg_!27749}"
CE0x672dec0 "{CE0x672dec0|call}"
CE0x91b2530 "{CE0x91b2530|call}"
CONST[source:0(mediator),value:2(dynamic)][purpose:{subject}][SnkIdx:0]


CONST[source:1(input),value:2(dynamic)][purpose:{object}][SrcIdx:2]  ->  CONST[source:0(mediator),value:2(dynamic)][purpose:{object}][SnkIdx:1]
-----------
CONST[source:1(input),value:2(dynamic)][purpose:{object}][SrcIdx:2]
CE0x9166890 "{CE0x9166890|VOIDTB_TE:_IE:_elem_0:default:}"
CE0x9175890 "{CE0x9175890|tmp16}"
CE0x9175b50 "{CE0x9175b50|tmp16}"
CONST[source:0(mediator),value:2(dynamic)][purpose:{object}][SnkIdx:1]


CONST[source:1(input),value:2(dynamic)][purpose:{object}][SrcIdx:2]  ->  CONST[source:0(mediator),value:2(dynamic)][purpose:{object}][SnkIdx:2]
-----------
CONST[source:1(input),value:2(dynamic)][purpose:{object}][SrcIdx:2]
CE0x9166890 "{CE0x9166890|VOIDTB_TE:_IE:_elem_0:default:}"
CE0x918bed0 "{CE0x918bed0|tmp17}"
CE0x9187c70 "{CE0x9187c70|tmp17}"
CONST[source:0(mediator),value:2(dynamic)][purpose:{object}][SnkIdx:2]


CONST[source:2(external),value:2(dynamic)][purpose:{subject}][SrcIdx:4]  ->  CONST[source:0(mediator),value:2(dynamic)][purpose:{subject}][SnkIdx:0]
-----------
CONST[source:2(external),value:2(dynamic)][purpose:{subject}][SrcIdx:4]
CE0x9166890 "{CE0x9166890|VOIDTB_TE:_IE:_elem_0:default:}"
CE0x9199f20 "{CE0x9199f20|tmp6}"
CE0x91a1430 "{CE0x91a1430|_ret_i32_%tmp6,_!dbg_!27716}"
CE0x91a0b90 "{CE0x91a0b90|call7}"
CE0x9188f50 "{CE0x9188f50|_ret_i32_%call7,_!dbg_!27749}"
CE0x672dec0 "{CE0x672dec0|call}"
CE0x91b2530 "{CE0x91b2530|call}"
CONST[source:0(mediator),value:2(dynamic)][purpose:{subject}][SnkIdx:0]


CONST[source:2(external),value:2(dynamic)][purpose:{subject}][SrcIdx:4]  ->  CONST[source:0(mediator),value:2(dynamic)][purpose:{object}][SnkIdx:1]
-----------
CONST[source:2(external),value:2(dynamic)][purpose:{subject}][SrcIdx:4]
CE0x9166890 "{CE0x9166890|VOIDTB_TE:_IE:_elem_0:default:}"
CE0x9175890 "{CE0x9175890|tmp16}"
CE0x9175b50 "{CE0x9175b50|tmp16}"
CONST[source:0(mediator),value:2(dynamic)][purpose:{object}][SnkIdx:1]


CONST[source:2(external),value:2(dynamic)][purpose:{subject}][SrcIdx:4]  ->  CONST[source:0(mediator),value:2(dynamic)][purpose:{object}][SnkIdx:2]
-----------
CONST[source:2(external),value:2(dynamic)][purpose:{subject}][SrcIdx:4]
CE0x9166890 "{CE0x9166890|VOIDTB_TE:_IE:_elem_0:default:}"
CE0x918bed0 "{CE0x918bed0|tmp17}"
CE0x9187c70 "{CE0x9187c70|tmp17}"
CONST[source:0(mediator),value:2(dynamic)][purpose:{object}][SnkIdx:2]


