[selinux_set_mnt_opts]

explicit:
CONST[source:2(external),value:0(static)][purpose:{operation}][SrcIdx:1]  ->  CONST[source:0(mediator),value:2(dynamic)][purpose:{object}]
-----------
CONST[source:2(external),value:0(static)][purpose:{operation}][SrcIdx:1]
CE0x9ab0b60 "{CE0x9ab0b60|i32_-61|*Constant*}"
CE0x9a967b0 "{CE0x9a967b0|inode_doinit_with_dentry:cmp63|security/selinux/hooks.c,1370}"
CE0x9a766d0 "{CE0x9a766d0|inode_doinit_with_dentry:tmp94|security/selinux/hooks.c,1370}"
CE0x9a76440 "{CE0x9a76440|inode_doinit_with_dentry:tmp95|security/selinux/hooks.c,1370}"
CE0x9a85440 "{CE0x9a85440|inode_doinit_with_dentry:tmp96|security/selinux/hooks.c,1370}"
CE0x98c7780 "{CE0x98c7780|inode_doinit_with_dentry:tmp97|security/selinux/hooks.c,1370}"
CE0x96eb7f0 "{CE0x96eb7f0|VOIDTB_TE:_UCEP2:_elem_0:default:}"
CE0x9876af0 "{CE0x9876af0|may_context_mount_inode_relabel:tmp5|*LoadInst*|security/selinux/hooks.c,390}"
CE0x9878420 "{CE0x9878420|may_context_mount_inode_relabel:tmp5|*LoadInst*|security/selinux/hooks.c,390|*SummSink*}"
CONST[source:0(mediator),value:2(dynamic)][purpose:{object}]


CONST[source:2(external),value:0(static)][purpose:{operation}][SrcIdx:1]  ->  CONST[source:0(mediator),value:2(dynamic)][purpose:{subject}]
-----------
CONST[source:2(external),value:0(static)][purpose:{operation}][SrcIdx:1]
CE0x9ab0b60 "{CE0x9ab0b60|i32_-61|*Constant*}"
CE0x9a967b0 "{CE0x9a967b0|inode_doinit_with_dentry:cmp63|security/selinux/hooks.c,1370}"
CE0x9a766d0 "{CE0x9a766d0|inode_doinit_with_dentry:tmp94|security/selinux/hooks.c,1370}"
CE0x9a76440 "{CE0x9a76440|inode_doinit_with_dentry:tmp95|security/selinux/hooks.c,1370}"
CE0x9a85440 "{CE0x9a85440|inode_doinit_with_dentry:tmp96|security/selinux/hooks.c,1370}"
CE0x98c7780 "{CE0x98c7780|inode_doinit_with_dentry:tmp97|security/selinux/hooks.c,1370}"
CE0x96eb7f0 "{CE0x96eb7f0|VOIDTB_TE:_UCEP2:_elem_0:default:}"
CE0x9713c80 "{CE0x9713c80|may_context_mount_sb_relabel:tmp4|security/selinux/hooks.c,374}"
CE0x96d9270 "{CE0x96d9270|may_context_mount_sb_relabel:tmp4|security/selinux/hooks.c,374|*SummSink*}"
CONST[source:0(mediator),value:2(dynamic)][purpose:{subject}]


CONST[source:2(external),value:0(static)][purpose:{operation}][SrcIdx:8]  ->  CONST[source:0(mediator),value:2(dynamic)][purpose:{object}]
-----------
CONST[source:2(external),value:0(static)][purpose:{operation}][SrcIdx:8]
CE0x98b3f50 "{CE0x98b3f50|i32_1|*Constant*}"
CE0x9ab6630 "{CE0x9ab6630|inode_doinit_with_dentry:sid|security/selinux/hooks.c, 1279}"
CE0x9b63b90 "{CE0x9b63b90|inode_doinit_with_dentry:tmp188|security/selinux/hooks.c,1456}"
CE0x96eb7f0 "{CE0x96eb7f0|VOIDTB_TE:_UCEP2:_elem_0:default:}"
CE0x9876af0 "{CE0x9876af0|may_context_mount_inode_relabel:tmp5|*LoadInst*|security/selinux/hooks.c,390}"
CE0x9878420 "{CE0x9878420|may_context_mount_inode_relabel:tmp5|*LoadInst*|security/selinux/hooks.c,390|*SummSink*}"
CONST[source:0(mediator),value:2(dynamic)][purpose:{object}]


CONST[source:2(external),value:0(static)][purpose:{operation}][SrcIdx:8]  ->  CONST[source:0(mediator),value:2(dynamic)][purpose:{subject}]
-----------
CONST[source:2(external),value:0(static)][purpose:{operation}][SrcIdx:8]
CE0x98b3f50 "{CE0x98b3f50|i32_1|*Constant*}"
CE0x9ab6630 "{CE0x9ab6630|inode_doinit_with_dentry:sid|security/selinux/hooks.c, 1279}"
CE0x9b63b90 "{CE0x9b63b90|inode_doinit_with_dentry:tmp188|security/selinux/hooks.c,1456}"
CE0x96eb7f0 "{CE0x96eb7f0|VOIDTB_TE:_UCEP2:_elem_0:default:}"
CE0x9713c80 "{CE0x9713c80|may_context_mount_sb_relabel:tmp4|security/selinux/hooks.c,374}"
CE0x96d9270 "{CE0x96d9270|may_context_mount_sb_relabel:tmp4|security/selinux/hooks.c,374|*SummSink*}"
CONST[source:0(mediator),value:2(dynamic)][purpose:{subject}]


CONST[source:2(external),value:0(static)][purpose:{operation}][SrcIdx:7]  ->  CONST[source:0(mediator),value:2(dynamic)][purpose:{object}]
-----------
CONST[source:2(external),value:0(static)][purpose:{operation}][SrcIdx:7]
CE0x98d07e0 "{CE0x98d07e0|i32_208|*Constant*}"
CE0x9ab5aa0 "{CE0x9ab5aa0|selinux_proc_get_sid:call|security/selinux/hooks.c,1245}"
CE0x9aa5030 "{CE0x9aa5030|selinux_proc_get_sid:tmp2|security/selinux/hooks.c,1245}"
CE0x98e6af0 "{CE0x98e6af0|COLLAPSED:_CMRE2:_elem_0:default:}"
CE0x9b7b190 "{CE0x9b7b190|selinux_proc_get_sid:call12|security/selinux/hooks.c,1260}"
CE0x9b7c0d0 "{CE0x9b7c0d0|selinux_proc_get_sid:rc.0}"
CE0x9b7f250 "{CE0x9b7f250|selinux_proc_get_sid:retval.0}"
CE0x986e860 "{CE0x986e860|_ret_i32_%retval.0,_!dbg_!27752|security/selinux/hooks.c,1264}"
CE0x9c71150 "{CE0x9c71150|inode_doinit_with_dentry:call135|security/selinux/hooks.c,1452}"
CE0x9c74730 "{CE0x9c74730|inode_doinit_with_dentry:tobool136|security/selinux/hooks.c,1454}"
CE0x9926fe0 "{CE0x9926fe0|inode_doinit_with_dentry:tmp180|security/selinux/hooks.c,1454}"
CE0x9c76600 "{CE0x9c76600|inode_doinit_with_dentry:tmp181|security/selinux/hooks.c,1454}"
CE0x9c766d0 "{CE0x9c766d0|inode_doinit_with_dentry:tmp182|security/selinux/hooks.c,1454}"
CE0x9926f70 "{CE0x9926f70|inode_doinit_with_dentry:tmp183|security/selinux/hooks.c,1454}"
CE0x96eb7f0 "{CE0x96eb7f0|VOIDTB_TE:_UCEP2:_elem_0:default:}"
CE0x9876af0 "{CE0x9876af0|may_context_mount_inode_relabel:tmp5|*LoadInst*|security/selinux/hooks.c,390}"
CE0x9878420 "{CE0x9878420|may_context_mount_inode_relabel:tmp5|*LoadInst*|security/selinux/hooks.c,390|*SummSink*}"
CONST[source:0(mediator),value:2(dynamic)][purpose:{object}]


CONST[source:2(external),value:0(static)][purpose:{operation}][SrcIdx:7]  ->  CONST[source:0(mediator),value:2(dynamic)][purpose:{subject}]
-----------
CONST[source:2(external),value:0(static)][purpose:{operation}][SrcIdx:7]
CE0x98d07e0 "{CE0x98d07e0|i32_208|*Constant*}"
CE0x9ab5aa0 "{CE0x9ab5aa0|selinux_proc_get_sid:call|security/selinux/hooks.c,1245}"
CE0x9aa5030 "{CE0x9aa5030|selinux_proc_get_sid:tmp2|security/selinux/hooks.c,1245}"
CE0x98e6af0 "{CE0x98e6af0|COLLAPSED:_CMRE2:_elem_0:default:}"
CE0x9b7b190 "{CE0x9b7b190|selinux_proc_get_sid:call12|security/selinux/hooks.c,1260}"
CE0x9b7c0d0 "{CE0x9b7c0d0|selinux_proc_get_sid:rc.0}"
CE0x9b7f250 "{CE0x9b7f250|selinux_proc_get_sid:retval.0}"
CE0x986e860 "{CE0x986e860|_ret_i32_%retval.0,_!dbg_!27752|security/selinux/hooks.c,1264}"
CE0x9c71150 "{CE0x9c71150|inode_doinit_with_dentry:call135|security/selinux/hooks.c,1452}"
CE0x9c74730 "{CE0x9c74730|inode_doinit_with_dentry:tobool136|security/selinux/hooks.c,1454}"
CE0x9926fe0 "{CE0x9926fe0|inode_doinit_with_dentry:tmp180|security/selinux/hooks.c,1454}"
CE0x9c76600 "{CE0x9c76600|inode_doinit_with_dentry:tmp181|security/selinux/hooks.c,1454}"
CE0x9c766d0 "{CE0x9c766d0|inode_doinit_with_dentry:tmp182|security/selinux/hooks.c,1454}"
CE0x9926f70 "{CE0x9926f70|inode_doinit_with_dentry:tmp183|security/selinux/hooks.c,1454}"
CE0x96eb7f0 "{CE0x96eb7f0|VOIDTB_TE:_UCEP2:_elem_0:default:}"
CE0x9713c80 "{CE0x9713c80|may_context_mount_sb_relabel:tmp4|security/selinux/hooks.c,374}"
CE0x96d9270 "{CE0x96d9270|may_context_mount_sb_relabel:tmp4|security/selinux/hooks.c,374|*SummSink*}"
CONST[source:0(mediator),value:2(dynamic)][purpose:{subject}]


CONST[source:2(external),value:0(static)][purpose:{operation}][SrcIdx:13]  ->  CONST[source:0(mediator),value:2(dynamic)][purpose:{object}]
-----------
CONST[source:2(external),value:0(static)][purpose:{operation}][SrcIdx:13]
CE0x9895940 "{CE0x9895940|i32_0|*Constant*}"
CE0x96eb7f0 "{CE0x96eb7f0|VOIDTB_TE:_UCEP2:_elem_0:default:}"
CE0x9876af0 "{CE0x9876af0|may_context_mount_inode_relabel:tmp5|*LoadInst*|security/selinux/hooks.c,390}"
CE0x9878420 "{CE0x9878420|may_context_mount_inode_relabel:tmp5|*LoadInst*|security/selinux/hooks.c,390|*SummSink*}"
CONST[source:0(mediator),value:2(dynamic)][purpose:{object}]


CONST[source:2(external),value:0(static)][purpose:{operation}][SrcIdx:13]  ->  CONST[source:0(mediator),value:2(dynamic)][purpose:{subject}]
-----------
CONST[source:2(external),value:0(static)][purpose:{operation}][SrcIdx:13]
CE0x9895940 "{CE0x9895940|i32_0|*Constant*}"
CE0x96eb7f0 "{CE0x96eb7f0|VOIDTB_TE:_UCEP2:_elem_0:default:}"
CE0x9713c80 "{CE0x9713c80|may_context_mount_sb_relabel:tmp4|security/selinux/hooks.c,374}"
CE0x96d9270 "{CE0x96d9270|may_context_mount_sb_relabel:tmp4|security/selinux/hooks.c,374|*SummSink*}"
CONST[source:0(mediator),value:2(dynamic)][purpose:{subject}]


CONST[source:2(external),value:2(dynamic)][purpose:{subject}][SrcIdx:22]  ->  CONST[source:0(mediator),value:2(dynamic)][purpose:{object}]
-----------
CONST[source:2(external),value:2(dynamic)][purpose:{subject}][SrcIdx:22]
CE0x96eb7f0 "{CE0x96eb7f0|VOIDTB_TE:_UCEP2:_elem_0:default:}"
CE0x9876af0 "{CE0x9876af0|may_context_mount_inode_relabel:tmp5|*LoadInst*|security/selinux/hooks.c,390}"
CE0x9878420 "{CE0x9878420|may_context_mount_inode_relabel:tmp5|*LoadInst*|security/selinux/hooks.c,390|*SummSink*}"
CONST[source:0(mediator),value:2(dynamic)][purpose:{object}]


CONST[source:2(external),value:2(dynamic)][purpose:{subject}][SrcIdx:22]  ->  CONST[source:0(mediator),value:2(dynamic)][purpose:{subject}]
-----------
CONST[source:2(external),value:2(dynamic)][purpose:{subject}][SrcIdx:22]
CE0x96eb7f0 "{CE0x96eb7f0|VOIDTB_TE:_UCEP2:_elem_0:default:}"
CE0x9713c80 "{CE0x9713c80|may_context_mount_sb_relabel:tmp4|security/selinux/hooks.c,374}"
CE0x96d9270 "{CE0x96d9270|may_context_mount_sb_relabel:tmp4|security/selinux/hooks.c,374|*SummSink*}"
CONST[source:0(mediator),value:2(dynamic)][purpose:{subject}]


CONST[source:1(input),value:2(dynamic)][purpose:{object}][SrcIdx:20]  ->  CONST[source:0(mediator),value:2(dynamic)][purpose:{object}]
-----------
CONST[source:1(input),value:2(dynamic)][purpose:{object}][SrcIdx:20]
CE0x96eb7f0 "{CE0x96eb7f0|VOIDTB_TE:_UCEP2:_elem_0:default:}"
CE0x9876af0 "{CE0x9876af0|may_context_mount_inode_relabel:tmp5|*LoadInst*|security/selinux/hooks.c,390}"
CE0x9878420 "{CE0x9878420|may_context_mount_inode_relabel:tmp5|*LoadInst*|security/selinux/hooks.c,390|*SummSink*}"
CONST[source:0(mediator),value:2(dynamic)][purpose:{object}]


CONST[source:1(input),value:2(dynamic)][purpose:{object}][SrcIdx:20]  ->  CONST[source:0(mediator),value:2(dynamic)][purpose:{subject}]
-----------
CONST[source:1(input),value:2(dynamic)][purpose:{object}][SrcIdx:20]
CE0x96eb7f0 "{CE0x96eb7f0|VOIDTB_TE:_UCEP2:_elem_0:default:}"
CE0x9713c80 "{CE0x9713c80|may_context_mount_sb_relabel:tmp4|security/selinux/hooks.c,374}"
CE0x96d9270 "{CE0x96d9270|may_context_mount_sb_relabel:tmp4|security/selinux/hooks.c,374|*SummSink*}"
CONST[source:0(mediator),value:2(dynamic)][purpose:{subject}]


CONST[source:2(external),value:0(static)][purpose:{operation}][SrcIdx:15]  ->  CONST[source:0(mediator),value:2(dynamic)][purpose:{object}]
-----------
CONST[source:2(external),value:0(static)][purpose:{operation}][SrcIdx:15]
CE0x98b47e0 "{CE0x98b47e0|i64_0|*Constant*}"
CE0x9abfb60 "{CE0x9abfb60|inode_doinit_with_dentry:tmp69|security/selinux/hooks.c,1346}"
CE0x9ac1ad0 "{CE0x9ac1ad0|inode_doinit_with_dentry:tmp70|security/selinux/hooks.c,1346}"
CE0x9abe3d0 "{CE0x9abe3d0|inode_doinit_with_dentry:tmp71|security/selinux/hooks.c,1346}"
CE0x96eb7f0 "{CE0x96eb7f0|VOIDTB_TE:_UCEP2:_elem_0:default:}"
CE0x9876af0 "{CE0x9876af0|may_context_mount_inode_relabel:tmp5|*LoadInst*|security/selinux/hooks.c,390}"
CE0x9878420 "{CE0x9878420|may_context_mount_inode_relabel:tmp5|*LoadInst*|security/selinux/hooks.c,390|*SummSink*}"
CONST[source:0(mediator),value:2(dynamic)][purpose:{object}]


CONST[source:2(external),value:0(static)][purpose:{operation}][SrcIdx:15]  ->  CONST[source:0(mediator),value:2(dynamic)][purpose:{subject}]
-----------
CONST[source:2(external),value:0(static)][purpose:{operation}][SrcIdx:15]
CE0x98b47e0 "{CE0x98b47e0|i64_0|*Constant*}"
CE0x9abfb60 "{CE0x9abfb60|inode_doinit_with_dentry:tmp69|security/selinux/hooks.c,1346}"
CE0x9ac1ad0 "{CE0x9ac1ad0|inode_doinit_with_dentry:tmp70|security/selinux/hooks.c,1346}"
CE0x9abe3d0 "{CE0x9abe3d0|inode_doinit_with_dentry:tmp71|security/selinux/hooks.c,1346}"
CE0x96eb7f0 "{CE0x96eb7f0|VOIDTB_TE:_UCEP2:_elem_0:default:}"
CE0x9713c80 "{CE0x9713c80|may_context_mount_sb_relabel:tmp4|security/selinux/hooks.c,374}"
CE0x96d9270 "{CE0x96d9270|may_context_mount_sb_relabel:tmp4|security/selinux/hooks.c,374|*SummSink*}"
CONST[source:0(mediator),value:2(dynamic)][purpose:{subject}]


CONST[source:2(external),value:0(static)][purpose:{operation}][SrcIdx:0]  ->  CONST[source:0(mediator),value:2(dynamic)][purpose:{object}]
-----------
CONST[source:2(external),value:0(static)][purpose:{operation}][SrcIdx:0]
CE0x9adad40 "{CE0x9adad40|i32_-22|*Constant*}"
CE0x98d3080 "{CE0x98d3080|inode_doinit_with_dentry:cmp79|security/selinux/hooks.c,1388}"
CE0x9a939c0 "{CE0x9a939c0|inode_doinit_with_dentry:tmp112|security/selinux/hooks.c,1388}"
CE0x98d3d60 "{CE0x98d3d60|inode_doinit_with_dentry:tmp113|security/selinux/hooks.c,1388}"
CE0x9a941f0 "{CE0x9a941f0|inode_doinit_with_dentry:tmp114|security/selinux/hooks.c,1388}"
CE0x9a947e0 "{CE0x9a947e0|inode_doinit_with_dentry:tmp115|security/selinux/hooks.c,1388}"
CE0x96eb7f0 "{CE0x96eb7f0|VOIDTB_TE:_UCEP2:_elem_0:default:}"
CE0x9876af0 "{CE0x9876af0|may_context_mount_inode_relabel:tmp5|*LoadInst*|security/selinux/hooks.c,390}"
CE0x9878420 "{CE0x9878420|may_context_mount_inode_relabel:tmp5|*LoadInst*|security/selinux/hooks.c,390|*SummSink*}"
CONST[source:0(mediator),value:2(dynamic)][purpose:{object}]


CONST[source:2(external),value:0(static)][purpose:{operation}][SrcIdx:0]  ->  CONST[source:0(mediator),value:2(dynamic)][purpose:{subject}]
-----------
CONST[source:2(external),value:0(static)][purpose:{operation}][SrcIdx:0]
CE0x9adad40 "{CE0x9adad40|i32_-22|*Constant*}"
CE0x98d3080 "{CE0x98d3080|inode_doinit_with_dentry:cmp79|security/selinux/hooks.c,1388}"
CE0x9a939c0 "{CE0x9a939c0|inode_doinit_with_dentry:tmp112|security/selinux/hooks.c,1388}"
CE0x98d3d60 "{CE0x98d3d60|inode_doinit_with_dentry:tmp113|security/selinux/hooks.c,1388}"
CE0x9a941f0 "{CE0x9a941f0|inode_doinit_with_dentry:tmp114|security/selinux/hooks.c,1388}"
CE0x9a947e0 "{CE0x9a947e0|inode_doinit_with_dentry:tmp115|security/selinux/hooks.c,1388}"
CE0x96eb7f0 "{CE0x96eb7f0|VOIDTB_TE:_UCEP2:_elem_0:default:}"
CE0x9713c80 "{CE0x9713c80|may_context_mount_sb_relabel:tmp4|security/selinux/hooks.c,374}"
CE0x96d9270 "{CE0x96d9270|may_context_mount_sb_relabel:tmp4|security/selinux/hooks.c,374|*SummSink*}"
CONST[source:0(mediator),value:2(dynamic)][purpose:{subject}]


CONST[source:2(external),value:0(static)][purpose:{operation}][SrcIdx:16]  ->  CONST[source:0(mediator),value:2(dynamic)][purpose:{object}]
-----------
CONST[source:2(external),value:0(static)][purpose:{operation}][SrcIdx:16]
CE0x96db700 "{CE0x96db700|i32_0|*Constant*}"
CE0x9874ba0 "{CE0x9874ba0|may_context_mount_inode_relabel:sid2|security/selinux/hooks.c,390}"
CE0x9876af0 "{CE0x9876af0|may_context_mount_inode_relabel:tmp5|*LoadInst*|security/selinux/hooks.c,390}"
CE0x9878420 "{CE0x9878420|may_context_mount_inode_relabel:tmp5|*LoadInst*|security/selinux/hooks.c,390|*SummSink*}"
CONST[source:0(mediator),value:2(dynamic)][purpose:{object}]


CONST[source:2(external),value:0(static)][purpose:{operation}][SrcIdx:16]  ->  CONST[source:0(mediator),value:2(dynamic)][purpose:{subject}]
-----------
CONST[source:2(external),value:0(static)][purpose:{operation}][SrcIdx:16]
CE0x96db700 "{CE0x96db700|i32_0|*Constant*}"
CE0x97135b0 "{CE0x97135b0|may_context_mount_sb_relabel:sid1|security/selinux/hooks.c,374}"
CE0x9713c80 "{CE0x9713c80|may_context_mount_sb_relabel:tmp4|security/selinux/hooks.c,374}"
CE0x96d9270 "{CE0x96d9270|may_context_mount_sb_relabel:tmp4|security/selinux/hooks.c,374|*SummSink*}"
CONST[source:0(mediator),value:2(dynamic)][purpose:{subject}]


CONST[source:2(external),value:0(static)][purpose:{operation}][SrcIdx:4]  ->  CONST[source:0(mediator),value:2(dynamic)][purpose:{object}]
-----------
CONST[source:2(external),value:0(static)][purpose:{operation}][SrcIdx:4]
CE0x9ab6ee0 "{CE0x9ab6ee0|i32_-34|*Constant*}"
CE0x9ababe0 "{CE0x9ababe0|inode_doinit_with_dentry:cmp|security/selinux/hooks.c,1346}"
CE0x9abfd90 "{CE0x9abfd90|inode_doinit_with_dentry:tmp68|security/selinux/hooks.c,1346}"
CE0x9abfb60 "{CE0x9abfb60|inode_doinit_with_dentry:tmp69|security/selinux/hooks.c,1346}"
CE0x9ac1ad0 "{CE0x9ac1ad0|inode_doinit_with_dentry:tmp70|security/selinux/hooks.c,1346}"
CE0x9abe3d0 "{CE0x9abe3d0|inode_doinit_with_dentry:tmp71|security/selinux/hooks.c,1346}"
CE0x96eb7f0 "{CE0x96eb7f0|VOIDTB_TE:_UCEP2:_elem_0:default:}"
CE0x9876af0 "{CE0x9876af0|may_context_mount_inode_relabel:tmp5|*LoadInst*|security/selinux/hooks.c,390}"
CE0x9878420 "{CE0x9878420|may_context_mount_inode_relabel:tmp5|*LoadInst*|security/selinux/hooks.c,390|*SummSink*}"
CONST[source:0(mediator),value:2(dynamic)][purpose:{object}]


CONST[source:2(external),value:0(static)][purpose:{operation}][SrcIdx:4]  ->  CONST[source:0(mediator),value:2(dynamic)][purpose:{subject}]
-----------
CONST[source:2(external),value:0(static)][purpose:{operation}][SrcIdx:4]
CE0x9ab6ee0 "{CE0x9ab6ee0|i32_-34|*Constant*}"
CE0x9ababe0 "{CE0x9ababe0|inode_doinit_with_dentry:cmp|security/selinux/hooks.c,1346}"
CE0x9abfd90 "{CE0x9abfd90|inode_doinit_with_dentry:tmp68|security/selinux/hooks.c,1346}"
CE0x9abfb60 "{CE0x9abfb60|inode_doinit_with_dentry:tmp69|security/selinux/hooks.c,1346}"
CE0x9ac1ad0 "{CE0x9ac1ad0|inode_doinit_with_dentry:tmp70|security/selinux/hooks.c,1346}"
CE0x9abe3d0 "{CE0x9abe3d0|inode_doinit_with_dentry:tmp71|security/selinux/hooks.c,1346}"
CE0x96eb7f0 "{CE0x96eb7f0|VOIDTB_TE:_UCEP2:_elem_0:default:}"
CE0x9713c80 "{CE0x9713c80|may_context_mount_sb_relabel:tmp4|security/selinux/hooks.c,374}"
CE0x96d9270 "{CE0x96d9270|may_context_mount_sb_relabel:tmp4|security/selinux/hooks.c,374|*SummSink*}"
CONST[source:0(mediator),value:2(dynamic)][purpose:{subject}]


CONST[source:2(external),value:0(static)][purpose:{operation}][SrcIdx:18]  ->  CONST[source:0(mediator),value:2(dynamic)][purpose:{object}]
-----------
CONST[source:2(external),value:0(static)][purpose:{operation}][SrcIdx:18]
CE0x96db700 "{CE0x96db700|i32_0|*Constant*}"
CE0x9874ba0 "{CE0x9874ba0|may_context_mount_inode_relabel:sid2|security/selinux/hooks.c,390}"
CE0x9876af0 "{CE0x9876af0|may_context_mount_inode_relabel:tmp5|*LoadInst*|security/selinux/hooks.c,390}"
CE0x9878420 "{CE0x9878420|may_context_mount_inode_relabel:tmp5|*LoadInst*|security/selinux/hooks.c,390|*SummSink*}"
CONST[source:0(mediator),value:2(dynamic)][purpose:{object}]


CONST[source:2(external),value:0(static)][purpose:{operation}][SrcIdx:18]  ->  CONST[source:0(mediator),value:2(dynamic)][purpose:{subject}]
-----------
CONST[source:2(external),value:0(static)][purpose:{operation}][SrcIdx:18]
CE0x96db700 "{CE0x96db700|i32_0|*Constant*}"
CE0x97135b0 "{CE0x97135b0|may_context_mount_sb_relabel:sid1|security/selinux/hooks.c,374}"
CE0x9713c80 "{CE0x9713c80|may_context_mount_sb_relabel:tmp4|security/selinux/hooks.c,374}"
CE0x96d9270 "{CE0x96d9270|may_context_mount_sb_relabel:tmp4|security/selinux/hooks.c,374|*SummSink*}"
CONST[source:0(mediator),value:2(dynamic)][purpose:{subject}]


CONST[source:1(input),value:2(dynamic)][purpose:{object}][SrcIdx:21]  ->  CONST[source:0(mediator),value:2(dynamic)][purpose:{object}]
-----------
CONST[source:1(input),value:2(dynamic)][purpose:{object}][SrcIdx:21]
CE0x9704c60 "{CE0x9704c60|0:_i8**,_8:_i32*,_16:_i32,_:_SCMR_16,20_|*MultipleSource*|Function::selinux_set_mnt_opts&Arg::opts::|security/selinux/hooks.c,629}"
CE0x96ed5c0 "{CE0x96ed5c0|selinux_set_mnt_opts:tmp31|*LoadInst*|security/selinux/hooks.c,631}"
CE0x96a3c80 "{CE0x96a3c80|selinux_set_mnt_opts:tobool110|security/selinux/hooks.c,734}"
CE0x96a4f50 "{CE0x96a4f50|selinux_set_mnt_opts:tmp155|security/selinux/hooks.c,734}"
CE0x96a4bb0 "{CE0x96a4bb0|selinux_set_mnt_opts:tmp156|security/selinux/hooks.c,734}"
CE0x960bb60 "{CE0x960bb60|selinux_set_mnt_opts:tmp157|security/selinux/hooks.c,734}"
CE0x960c0f0 "{CE0x960c0f0|selinux_set_mnt_opts:tmp158|security/selinux/hooks.c,734}"
CE0x96eb7f0 "{CE0x96eb7f0|VOIDTB_TE:_UCEP2:_elem_0:default:}"
CE0x9876af0 "{CE0x9876af0|may_context_mount_inode_relabel:tmp5|*LoadInst*|security/selinux/hooks.c,390}"
CE0x9878420 "{CE0x9878420|may_context_mount_inode_relabel:tmp5|*LoadInst*|security/selinux/hooks.c,390|*SummSink*}"
CONST[source:0(mediator),value:2(dynamic)][purpose:{object}]


CONST[source:1(input),value:2(dynamic)][purpose:{object}][SrcIdx:21]  ->  CONST[source:0(mediator),value:2(dynamic)][purpose:{subject}]
-----------
CONST[source:1(input),value:2(dynamic)][purpose:{object}][SrcIdx:21]
CE0x9704c60 "{CE0x9704c60|0:_i8**,_8:_i32*,_16:_i32,_:_SCMR_16,20_|*MultipleSource*|Function::selinux_set_mnt_opts&Arg::opts::|security/selinux/hooks.c,629}"
CE0x96ed5c0 "{CE0x96ed5c0|selinux_set_mnt_opts:tmp31|*LoadInst*|security/selinux/hooks.c,631}"
CE0x96a3c80 "{CE0x96a3c80|selinux_set_mnt_opts:tobool110|security/selinux/hooks.c,734}"
CE0x96a4f50 "{CE0x96a4f50|selinux_set_mnt_opts:tmp155|security/selinux/hooks.c,734}"
CE0x96a4bb0 "{CE0x96a4bb0|selinux_set_mnt_opts:tmp156|security/selinux/hooks.c,734}"
CE0x960bb60 "{CE0x960bb60|selinux_set_mnt_opts:tmp157|security/selinux/hooks.c,734}"
CE0x960c0f0 "{CE0x960c0f0|selinux_set_mnt_opts:tmp158|security/selinux/hooks.c,734}"
CE0x96eb7f0 "{CE0x96eb7f0|VOIDTB_TE:_UCEP2:_elem_0:default:}"
CE0x9713c80 "{CE0x9713c80|may_context_mount_sb_relabel:tmp4|security/selinux/hooks.c,374}"
CE0x96d9270 "{CE0x96d9270|may_context_mount_sb_relabel:tmp4|security/selinux/hooks.c,374|*SummSink*}"
CONST[source:0(mediator),value:2(dynamic)][purpose:{subject}]


CONST[source:2(external),value:0(static)][purpose:{operation}][SrcIdx:10]  ->  CONST[source:0(mediator),value:2(dynamic)][purpose:{object}]
-----------
CONST[source:2(external),value:0(static)][purpose:{operation}][SrcIdx:10]
CE0x96efe20 "{CE0x96efe20|i64_1|*Constant*}"
CE0x9777e70 "{CE0x9777e70|selinux_set_mnt_opts:tmp241|security/selinux/hooks.c,791}"
CE0x96eb7f0 "{CE0x96eb7f0|VOIDTB_TE:_UCEP2:_elem_0:default:}"
CE0x9876af0 "{CE0x9876af0|may_context_mount_inode_relabel:tmp5|*LoadInst*|security/selinux/hooks.c,390}"
CE0x9878420 "{CE0x9878420|may_context_mount_inode_relabel:tmp5|*LoadInst*|security/selinux/hooks.c,390|*SummSink*}"
CONST[source:0(mediator),value:2(dynamic)][purpose:{object}]


CONST[source:2(external),value:0(static)][purpose:{operation}][SrcIdx:10]  ->  CONST[source:0(mediator),value:2(dynamic)][purpose:{subject}]
-----------
CONST[source:2(external),value:0(static)][purpose:{operation}][SrcIdx:10]
CE0x96efe20 "{CE0x96efe20|i64_1|*Constant*}"
CE0x9777e70 "{CE0x9777e70|selinux_set_mnt_opts:tmp241|security/selinux/hooks.c,791}"
CE0x96eb7f0 "{CE0x96eb7f0|VOIDTB_TE:_UCEP2:_elem_0:default:}"
CE0x9713c80 "{CE0x9713c80|may_context_mount_sb_relabel:tmp4|security/selinux/hooks.c,374}"
CE0x96d9270 "{CE0x96d9270|may_context_mount_sb_relabel:tmp4|security/selinux/hooks.c,374|*SummSink*}"
CONST[source:0(mediator),value:2(dynamic)][purpose:{subject}]


CONST[source:0(mediator),value:2(dynamic)][purpose:{subject}][SrcIdx:23]  ->  CONST[source:0(mediator),value:2(dynamic)][purpose:{object}]
-----------
CONST[source:0(mediator),value:2(dynamic)][purpose:{subject}][SrcIdx:23]
CE0x96eb7f0 "{CE0x96eb7f0|VOIDTB_TE:_UCEP2:_elem_0:default:}"
CE0x9876af0 "{CE0x9876af0|may_context_mount_inode_relabel:tmp5|*LoadInst*|security/selinux/hooks.c,390}"
CE0x9878420 "{CE0x9878420|may_context_mount_inode_relabel:tmp5|*LoadInst*|security/selinux/hooks.c,390|*SummSink*}"
CONST[source:0(mediator),value:2(dynamic)][purpose:{object}]


CONST[source:2(external),value:0(static)][purpose:{operation}][SrcIdx:6]  ->  CONST[source:0(mediator),value:2(dynamic)][purpose:{object}]
-----------
CONST[source:2(external),value:0(static)][purpose:{operation}][SrcIdx:6]
CE0x971a0f0 "{CE0x971a0f0|i64_0|*Constant*}"
CE0x96e2130 "{CE0x96e2130|selinux_set_mnt_opts:tmp131|security/selinux/hooks.c,719}"
CE0x968df60 "{CE0x968df60|selinux_set_mnt_opts:tmp132|security/selinux/hooks.c,719}"
CE0x968e4f0 "{CE0x968e4f0|selinux_set_mnt_opts:tmp133|security/selinux/hooks.c,719}"
CE0x96eb7f0 "{CE0x96eb7f0|VOIDTB_TE:_UCEP2:_elem_0:default:}"
CE0x9876af0 "{CE0x9876af0|may_context_mount_inode_relabel:tmp5|*LoadInst*|security/selinux/hooks.c,390}"
CE0x9878420 "{CE0x9878420|may_context_mount_inode_relabel:tmp5|*LoadInst*|security/selinux/hooks.c,390|*SummSink*}"
CONST[source:0(mediator),value:2(dynamic)][purpose:{object}]


CONST[source:2(external),value:0(static)][purpose:{operation}][SrcIdx:6]  ->  CONST[source:0(mediator),value:2(dynamic)][purpose:{subject}]
-----------
CONST[source:2(external),value:0(static)][purpose:{operation}][SrcIdx:6]
CE0x971a0f0 "{CE0x971a0f0|i64_0|*Constant*}"
CE0x96e2130 "{CE0x96e2130|selinux_set_mnt_opts:tmp131|security/selinux/hooks.c,719}"
CE0x968df60 "{CE0x968df60|selinux_set_mnt_opts:tmp132|security/selinux/hooks.c,719}"
CE0x968e4f0 "{CE0x968e4f0|selinux_set_mnt_opts:tmp133|security/selinux/hooks.c,719}"
CE0x96eb7f0 "{CE0x96eb7f0|VOIDTB_TE:_UCEP2:_elem_0:default:}"
CE0x9713c80 "{CE0x9713c80|may_context_mount_sb_relabel:tmp4|security/selinux/hooks.c,374}"
CE0x96d9270 "{CE0x96d9270|may_context_mount_sb_relabel:tmp4|security/selinux/hooks.c,374|*SummSink*}"
CONST[source:0(mediator),value:2(dynamic)][purpose:{subject}]


CONST[source:2(external),value:0(static)][purpose:{operation}][SrcIdx:5]  ->  CONST[source:0(mediator),value:2(dynamic)][purpose:{object}]
-----------
CONST[source:2(external),value:0(static)][purpose:{operation}][SrcIdx:5]
CE0x97013f0 "{CE0x97013f0|i32_0|*Constant*}"
CE0x96eb7f0 "{CE0x96eb7f0|VOIDTB_TE:_UCEP2:_elem_0:default:}"
CE0x9876af0 "{CE0x9876af0|may_context_mount_inode_relabel:tmp5|*LoadInst*|security/selinux/hooks.c,390}"
CE0x9878420 "{CE0x9878420|may_context_mount_inode_relabel:tmp5|*LoadInst*|security/selinux/hooks.c,390|*SummSink*}"
CONST[source:0(mediator),value:2(dynamic)][purpose:{object}]


CONST[source:2(external),value:0(static)][purpose:{operation}][SrcIdx:5]  ->  CONST[source:0(mediator),value:2(dynamic)][purpose:{subject}]
-----------
CONST[source:2(external),value:0(static)][purpose:{operation}][SrcIdx:5]
CE0x97013f0 "{CE0x97013f0|i32_0|*Constant*}"
CE0x9736740 "{CE0x9736740|selinux_set_mnt_opts:defcontext_sid.0}"
CE0x976c3e0 "{CE0x976c3e0|may_context_mount_inode_relabel:sid|Function::may_context_mount_inode_relabel&Arg::sid::}"
CE0x976c880 "{CE0x976c880|may_context_mount_inode_relabel:sid|Function::may_context_mount_inode_relabel&Arg::sid::|*SummSink*}"
CONST[source:0(mediator),value:2(dynamic)][purpose:{subject}]


CONST[source:2(external),value:0(static)][purpose:{operation}][SrcIdx:11]  ->  CONST[source:0(mediator),value:2(dynamic)][purpose:{object}]
-----------
CONST[source:2(external),value:0(static)][purpose:{operation}][SrcIdx:11]
CE0x96efe20 "{CE0x96efe20|i64_1|*Constant*}"
CE0x9777e70 "{CE0x9777e70|selinux_set_mnt_opts:tmp241|security/selinux/hooks.c,791}"
CE0x96eb7f0 "{CE0x96eb7f0|VOIDTB_TE:_UCEP2:_elem_0:default:}"
CE0x9876af0 "{CE0x9876af0|may_context_mount_inode_relabel:tmp5|*LoadInst*|security/selinux/hooks.c,390}"
CE0x9878420 "{CE0x9878420|may_context_mount_inode_relabel:tmp5|*LoadInst*|security/selinux/hooks.c,390|*SummSink*}"
CONST[source:0(mediator),value:2(dynamic)][purpose:{object}]


CONST[source:2(external),value:0(static)][purpose:{operation}][SrcIdx:11]  ->  CONST[source:0(mediator),value:2(dynamic)][purpose:{subject}]
-----------
CONST[source:2(external),value:0(static)][purpose:{operation}][SrcIdx:11]
CE0x96efe20 "{CE0x96efe20|i64_1|*Constant*}"
CE0x9777e70 "{CE0x9777e70|selinux_set_mnt_opts:tmp241|security/selinux/hooks.c,791}"
CE0x96eb7f0 "{CE0x96eb7f0|VOIDTB_TE:_UCEP2:_elem_0:default:}"
CE0x9713c80 "{CE0x9713c80|may_context_mount_sb_relabel:tmp4|security/selinux/hooks.c,374}"
CE0x96d9270 "{CE0x96d9270|may_context_mount_sb_relabel:tmp4|security/selinux/hooks.c,374|*SummSink*}"
CONST[source:0(mediator),value:2(dynamic)][purpose:{subject}]


CONST[source:2(external),value:0(static)][purpose:{operation}][SrcIdx:9]  ->  CONST[source:0(mediator),value:2(dynamic)][purpose:{object}]
-----------
CONST[source:2(external),value:0(static)][purpose:{operation}][SrcIdx:9]
CE0x98b3f50 "{CE0x98b3f50|i32_1|*Constant*}"
CE0x9ab6630 "{CE0x9ab6630|inode_doinit_with_dentry:sid|security/selinux/hooks.c, 1279}"
CE0x9b63b90 "{CE0x9b63b90|inode_doinit_with_dentry:tmp188|security/selinux/hooks.c,1456}"
CE0x96eb7f0 "{CE0x96eb7f0|VOIDTB_TE:_UCEP2:_elem_0:default:}"
CE0x9876af0 "{CE0x9876af0|may_context_mount_inode_relabel:tmp5|*LoadInst*|security/selinux/hooks.c,390}"
CE0x9878420 "{CE0x9878420|may_context_mount_inode_relabel:tmp5|*LoadInst*|security/selinux/hooks.c,390|*SummSink*}"
CONST[source:0(mediator),value:2(dynamic)][purpose:{object}]


CONST[source:2(external),value:0(static)][purpose:{operation}][SrcIdx:9]  ->  CONST[source:0(mediator),value:2(dynamic)][purpose:{subject}]
-----------
CONST[source:2(external),value:0(static)][purpose:{operation}][SrcIdx:9]
CE0x98b3f50 "{CE0x98b3f50|i32_1|*Constant*}"
CE0x9ab6630 "{CE0x9ab6630|inode_doinit_with_dentry:sid|security/selinux/hooks.c, 1279}"
CE0x9b63b90 "{CE0x9b63b90|inode_doinit_with_dentry:tmp188|security/selinux/hooks.c,1456}"
CE0x96eb7f0 "{CE0x96eb7f0|VOIDTB_TE:_UCEP2:_elem_0:default:}"
CE0x9713c80 "{CE0x9713c80|may_context_mount_sb_relabel:tmp4|security/selinux/hooks.c,374}"
CE0x96d9270 "{CE0x96d9270|may_context_mount_sb_relabel:tmp4|security/selinux/hooks.c,374|*SummSink*}"
CONST[source:0(mediator),value:2(dynamic)][purpose:{subject}]


CONST[source:2(external),value:0(static)][purpose:{operation}][SrcIdx:14]  ->  CONST[source:0(mediator),value:2(dynamic)][purpose:{object}]
-----------
CONST[source:2(external),value:0(static)][purpose:{operation}][SrcIdx:14]
CE0x9895940 "{CE0x9895940|i32_0|*Constant*}"
CE0x96eb7f0 "{CE0x96eb7f0|VOIDTB_TE:_UCEP2:_elem_0:default:}"
CE0x9876af0 "{CE0x9876af0|may_context_mount_inode_relabel:tmp5|*LoadInst*|security/selinux/hooks.c,390}"
CE0x9878420 "{CE0x9878420|may_context_mount_inode_relabel:tmp5|*LoadInst*|security/selinux/hooks.c,390|*SummSink*}"
CONST[source:0(mediator),value:2(dynamic)][purpose:{object}]


CONST[source:2(external),value:0(static)][purpose:{operation}][SrcIdx:14]  ->  CONST[source:0(mediator),value:2(dynamic)][purpose:{subject}]
-----------
CONST[source:2(external),value:0(static)][purpose:{operation}][SrcIdx:14]
CE0x9895940 "{CE0x9895940|i32_0|*Constant*}"
CE0x96eb7f0 "{CE0x96eb7f0|VOIDTB_TE:_UCEP2:_elem_0:default:}"
CE0x9713c80 "{CE0x9713c80|may_context_mount_sb_relabel:tmp4|security/selinux/hooks.c,374}"
CE0x96d9270 "{CE0x96d9270|may_context_mount_sb_relabel:tmp4|security/selinux/hooks.c,374|*SummSink*}"
CONST[source:0(mediator),value:2(dynamic)][purpose:{subject}]



implicit:
CONST[source:0(mediator),value:2(dynamic)][purpose:{subject}][SrcIdx:23]  ->  CONST[source:0(mediator),value:2(dynamic)][purpose:{object}]
-----------
CONST[source:0(mediator),value:2(dynamic)][purpose:{subject}][SrcIdx:23]
CE0x96eb7f0 "{CE0x96eb7f0|VOIDTB_TE:_UCEP2:_elem_0:default:}"
CE0x9876af0 "{CE0x9876af0|may_context_mount_inode_relabel:tmp5|*LoadInst*|security/selinux/hooks.c,390}"
CE0x9878420 "{CE0x9878420|may_context_mount_inode_relabel:tmp5|*LoadInst*|security/selinux/hooks.c,390|*SummSink*}"
CONST[source:0(mediator),value:2(dynamic)][purpose:{object}]


CONST[source:2(external),value:0(static)][purpose:{operation}][SrcIdx:2]  ->  CONST[source:0(mediator),value:2(dynamic)][purpose:{object}]
-----------
CONST[source:2(external),value:0(static)][purpose:{operation}][SrcIdx:2]
CE0x9886650 "{CE0x9886650|i32_-61|*Constant*}"
CE0x9888420 "{CE0x9888420|sb_finish_set_opts:cmp9|security/selinux/hooks.c,443}"
CE0x988ff70 "{CE0x988ff70|sb_finish_set_opts:if.then61}"
CE0x96eb7f0 "{CE0x96eb7f0|VOIDTB_TE:_UCEP2:_elem_0:default:}"
CE0x9876af0 "{CE0x9876af0|may_context_mount_inode_relabel:tmp5|*LoadInst*|security/selinux/hooks.c,390}"
CE0x9878420 "{CE0x9878420|may_context_mount_inode_relabel:tmp5|*LoadInst*|security/selinux/hooks.c,390|*SummSink*}"
CONST[source:0(mediator),value:2(dynamic)][purpose:{object}]


CONST[source:2(external),value:0(static)][purpose:{operation}][SrcIdx:2]  ->  CONST[source:0(mediator),value:2(dynamic)][purpose:{subject}]
-----------
CONST[source:2(external),value:0(static)][purpose:{operation}][SrcIdx:2]
CE0x9886650 "{CE0x9886650|i32_-61|*Constant*}"
CE0x9888420 "{CE0x9888420|sb_finish_set_opts:cmp9|security/selinux/hooks.c,443}"
CE0x988ff70 "{CE0x988ff70|sb_finish_set_opts:if.then61}"
CE0x96eb7f0 "{CE0x96eb7f0|VOIDTB_TE:_UCEP2:_elem_0:default:}"
CE0x9713c80 "{CE0x9713c80|may_context_mount_sb_relabel:tmp4|security/selinux/hooks.c,374}"
CE0x96d9270 "{CE0x96d9270|may_context_mount_sb_relabel:tmp4|security/selinux/hooks.c,374|*SummSink*}"
CONST[source:0(mediator),value:2(dynamic)][purpose:{subject}]


CONST[source:2(external),value:0(static)][purpose:{operation}][SrcIdx:4]  ->  CONST[source:0(mediator),value:2(dynamic)][purpose:{object}]
-----------
CONST[source:2(external),value:0(static)][purpose:{operation}][SrcIdx:4]
CE0x9ab6ee0 "{CE0x9ab6ee0|i32_-34|*Constant*}"
CE0x9ababe0 "{CE0x9ababe0|inode_doinit_with_dentry:cmp|security/selinux/hooks.c,1346}"
CE0x98a1150 "{CE0x98a1150|inode_doinit_with_dentry:if.else87}"
CE0x96eb7f0 "{CE0x96eb7f0|VOIDTB_TE:_UCEP2:_elem_0:default:}"
CE0x9876af0 "{CE0x9876af0|may_context_mount_inode_relabel:tmp5|*LoadInst*|security/selinux/hooks.c,390}"
CE0x9878420 "{CE0x9878420|may_context_mount_inode_relabel:tmp5|*LoadInst*|security/selinux/hooks.c,390|*SummSink*}"
CONST[source:0(mediator),value:2(dynamic)][purpose:{object}]


CONST[source:2(external),value:0(static)][purpose:{operation}][SrcIdx:4]  ->  CONST[source:0(mediator),value:2(dynamic)][purpose:{subject}]
-----------
CONST[source:2(external),value:0(static)][purpose:{operation}][SrcIdx:4]
CE0x9ab6ee0 "{CE0x9ab6ee0|i32_-34|*Constant*}"
CE0x9ababe0 "{CE0x9ababe0|inode_doinit_with_dentry:cmp|security/selinux/hooks.c,1346}"
CE0x98a1150 "{CE0x98a1150|inode_doinit_with_dentry:if.else87}"
CE0x96eb7f0 "{CE0x96eb7f0|VOIDTB_TE:_UCEP2:_elem_0:default:}"
CE0x9713c80 "{CE0x9713c80|may_context_mount_sb_relabel:tmp4|security/selinux/hooks.c,374}"
CE0x96d9270 "{CE0x96d9270|may_context_mount_sb_relabel:tmp4|security/selinux/hooks.c,374|*SummSink*}"
CONST[source:0(mediator),value:2(dynamic)][purpose:{subject}]


CONST[source:2(external),value:0(static)][purpose:{operation}][SrcIdx:18]  ->  CONST[source:0(mediator),value:2(dynamic)][purpose:{object}]
-----------
CONST[source:2(external),value:0(static)][purpose:{operation}][SrcIdx:18]
CE0x96db700 "{CE0x96db700|i32_0|*Constant*}"
CE0x9874ba0 "{CE0x9874ba0|may_context_mount_inode_relabel:sid2|security/selinux/hooks.c,390}"
CE0x9876af0 "{CE0x9876af0|may_context_mount_inode_relabel:tmp5|*LoadInst*|security/selinux/hooks.c,390}"
CE0x9878420 "{CE0x9878420|may_context_mount_inode_relabel:tmp5|*LoadInst*|security/selinux/hooks.c,390|*SummSink*}"
CONST[source:0(mediator),value:2(dynamic)][purpose:{object}]


CONST[source:2(external),value:0(static)][purpose:{operation}][SrcIdx:18]  ->  CONST[source:0(mediator),value:2(dynamic)][purpose:{subject}]
-----------
CONST[source:2(external),value:0(static)][purpose:{operation}][SrcIdx:18]
CE0x96db700 "{CE0x96db700|i32_0|*Constant*}"
CE0x97135b0 "{CE0x97135b0|may_context_mount_sb_relabel:sid1|security/selinux/hooks.c,374}"
CE0x9713c80 "{CE0x9713c80|may_context_mount_sb_relabel:tmp4|security/selinux/hooks.c,374}"
CE0x96d9270 "{CE0x96d9270|may_context_mount_sb_relabel:tmp4|security/selinux/hooks.c,374|*SummSink*}"
CONST[source:0(mediator),value:2(dynamic)][purpose:{subject}]


CONST[source:2(external),value:0(static)][purpose:{operation}][SrcIdx:1]  ->  CONST[source:0(mediator),value:2(dynamic)][purpose:{object}]
-----------
CONST[source:2(external),value:0(static)][purpose:{operation}][SrcIdx:1]
CE0x9ab0b60 "{CE0x9ab0b60|i32_-61|*Constant*}"
CE0x9a967b0 "{CE0x9a967b0|inode_doinit_with_dentry:cmp63|security/selinux/hooks.c,1370}"
CE0x9ad8830 "{CE0x9ad8830|inode_doinit_with_dentry:if.end68}"
CE0x96eb7f0 "{CE0x96eb7f0|VOIDTB_TE:_UCEP2:_elem_0:default:}"
CE0x9876af0 "{CE0x9876af0|may_context_mount_inode_relabel:tmp5|*LoadInst*|security/selinux/hooks.c,390}"
CE0x9878420 "{CE0x9878420|may_context_mount_inode_relabel:tmp5|*LoadInst*|security/selinux/hooks.c,390|*SummSink*}"
CONST[source:0(mediator),value:2(dynamic)][purpose:{object}]


CONST[source:2(external),value:0(static)][purpose:{operation}][SrcIdx:1]  ->  CONST[source:0(mediator),value:2(dynamic)][purpose:{subject}]
-----------
CONST[source:2(external),value:0(static)][purpose:{operation}][SrcIdx:1]
CE0x9ab0b60 "{CE0x9ab0b60|i32_-61|*Constant*}"
CE0x9a967b0 "{CE0x9a967b0|inode_doinit_with_dentry:cmp63|security/selinux/hooks.c,1370}"
CE0x9ad8830 "{CE0x9ad8830|inode_doinit_with_dentry:if.end68}"
CE0x96eb7f0 "{CE0x96eb7f0|VOIDTB_TE:_UCEP2:_elem_0:default:}"
CE0x9713c80 "{CE0x9713c80|may_context_mount_sb_relabel:tmp4|security/selinux/hooks.c,374}"
CE0x96d9270 "{CE0x96d9270|may_context_mount_sb_relabel:tmp4|security/selinux/hooks.c,374|*SummSink*}"
CONST[source:0(mediator),value:2(dynamic)][purpose:{subject}]


CONST[source:2(external),value:0(static)][purpose:{operation}][SrcIdx:13]  ->  CONST[source:0(mediator),value:2(dynamic)][purpose:{object}]
-----------
CONST[source:2(external),value:0(static)][purpose:{operation}][SrcIdx:13]
CE0x9895940 "{CE0x9895940|i32_0|*Constant*}"
CE0x96eb7f0 "{CE0x96eb7f0|VOIDTB_TE:_UCEP2:_elem_0:default:}"
CE0x9876af0 "{CE0x9876af0|may_context_mount_inode_relabel:tmp5|*LoadInst*|security/selinux/hooks.c,390}"
CE0x9878420 "{CE0x9878420|may_context_mount_inode_relabel:tmp5|*LoadInst*|security/selinux/hooks.c,390|*SummSink*}"
CONST[source:0(mediator),value:2(dynamic)][purpose:{object}]


CONST[source:2(external),value:0(static)][purpose:{operation}][SrcIdx:13]  ->  CONST[source:0(mediator),value:2(dynamic)][purpose:{subject}]
-----------
CONST[source:2(external),value:0(static)][purpose:{operation}][SrcIdx:13]
CE0x9895940 "{CE0x9895940|i32_0|*Constant*}"
CE0x96eb7f0 "{CE0x96eb7f0|VOIDTB_TE:_UCEP2:_elem_0:default:}"
CE0x9713c80 "{CE0x9713c80|may_context_mount_sb_relabel:tmp4|security/selinux/hooks.c,374}"
CE0x96d9270 "{CE0x96d9270|may_context_mount_sb_relabel:tmp4|security/selinux/hooks.c,374|*SummSink*}"
CONST[source:0(mediator),value:2(dynamic)][purpose:{subject}]


CONST[source:2(external),value:0(static)][purpose:{operation}][SrcIdx:15]  ->  CONST[source:0(mediator),value:2(dynamic)][purpose:{object}]
-----------
CONST[source:2(external),value:0(static)][purpose:{operation}][SrcIdx:15]
CE0x98b47e0 "{CE0x98b47e0|i64_0|*Constant*}"
CE0x9a85b60 "{CE0x9a85b60|inode_doinit_with_dentry:tmp61|security/selinux/hooks.c,1338}"
CE0x96eb7f0 "{CE0x96eb7f0|VOIDTB_TE:_UCEP2:_elem_0:default:}"
CE0x9876af0 "{CE0x9876af0|may_context_mount_inode_relabel:tmp5|*LoadInst*|security/selinux/hooks.c,390}"
CE0x9878420 "{CE0x9878420|may_context_mount_inode_relabel:tmp5|*LoadInst*|security/selinux/hooks.c,390|*SummSink*}"
CONST[source:0(mediator),value:2(dynamic)][purpose:{object}]


CONST[source:2(external),value:0(static)][purpose:{operation}][SrcIdx:15]  ->  CONST[source:0(mediator),value:2(dynamic)][purpose:{subject}]
-----------
CONST[source:2(external),value:0(static)][purpose:{operation}][SrcIdx:15]
CE0x98b47e0 "{CE0x98b47e0|i64_0|*Constant*}"
CE0x9a85b60 "{CE0x9a85b60|inode_doinit_with_dentry:tmp61|security/selinux/hooks.c,1338}"
CE0x96eb7f0 "{CE0x96eb7f0|VOIDTB_TE:_UCEP2:_elem_0:default:}"
CE0x9713c80 "{CE0x9713c80|may_context_mount_sb_relabel:tmp4|security/selinux/hooks.c,374}"
CE0x96d9270 "{CE0x96d9270|may_context_mount_sb_relabel:tmp4|security/selinux/hooks.c,374|*SummSink*}"
CONST[source:0(mediator),value:2(dynamic)][purpose:{subject}]


CONST[source:2(external),value:0(static)][purpose:{operation}][SrcIdx:6]  ->  CONST[source:0(mediator),value:2(dynamic)][purpose:{object}]
-----------
CONST[source:2(external),value:0(static)][purpose:{operation}][SrcIdx:6]
CE0x971a0f0 "{CE0x971a0f0|i64_0|*Constant*}"
CE0x9718310 "{CE0x9718310|selinux_set_mnt_opts:tmp34|security/selinux/hooks.c,635}"
CE0x96eb7f0 "{CE0x96eb7f0|VOIDTB_TE:_UCEP2:_elem_0:default:}"
CE0x9876af0 "{CE0x9876af0|may_context_mount_inode_relabel:tmp5|*LoadInst*|security/selinux/hooks.c,390}"
CE0x9878420 "{CE0x9878420|may_context_mount_inode_relabel:tmp5|*LoadInst*|security/selinux/hooks.c,390|*SummSink*}"
CONST[source:0(mediator),value:2(dynamic)][purpose:{object}]


CONST[source:2(external),value:0(static)][purpose:{operation}][SrcIdx:6]  ->  CONST[source:0(mediator),value:2(dynamic)][purpose:{subject}]
-----------
CONST[source:2(external),value:0(static)][purpose:{operation}][SrcIdx:6]
CE0x971a0f0 "{CE0x971a0f0|i64_0|*Constant*}"
CE0x9718310 "{CE0x9718310|selinux_set_mnt_opts:tmp34|security/selinux/hooks.c,635}"
CE0x96eb7f0 "{CE0x96eb7f0|VOIDTB_TE:_UCEP2:_elem_0:default:}"
CE0x9713c80 "{CE0x9713c80|may_context_mount_sb_relabel:tmp4|security/selinux/hooks.c,374}"
CE0x96d9270 "{CE0x96d9270|may_context_mount_sb_relabel:tmp4|security/selinux/hooks.c,374|*SummSink*}"
CONST[source:0(mediator),value:2(dynamic)][purpose:{subject}]


CONST[source:2(external),value:0(static)][purpose:{operation}][SrcIdx:9]  ->  CONST[source:0(mediator),value:2(dynamic)][purpose:{object}]
-----------
CONST[source:2(external),value:0(static)][purpose:{operation}][SrcIdx:9]
CE0x98b3f50 "{CE0x98b3f50|i32_1|*Constant*}"
CE0x98a1150 "{CE0x98a1150|inode_doinit_with_dentry:if.else87}"
CE0x96eb7f0 "{CE0x96eb7f0|VOIDTB_TE:_UCEP2:_elem_0:default:}"
CE0x9876af0 "{CE0x9876af0|may_context_mount_inode_relabel:tmp5|*LoadInst*|security/selinux/hooks.c,390}"
CE0x9878420 "{CE0x9878420|may_context_mount_inode_relabel:tmp5|*LoadInst*|security/selinux/hooks.c,390|*SummSink*}"
CONST[source:0(mediator),value:2(dynamic)][purpose:{object}]


CONST[source:2(external),value:0(static)][purpose:{operation}][SrcIdx:9]  ->  CONST[source:0(mediator),value:2(dynamic)][purpose:{subject}]
-----------
CONST[source:2(external),value:0(static)][purpose:{operation}][SrcIdx:9]
CE0x98b3f50 "{CE0x98b3f50|i32_1|*Constant*}"
CE0x98a1150 "{CE0x98a1150|inode_doinit_with_dentry:if.else87}"
CE0x96eb7f0 "{CE0x96eb7f0|VOIDTB_TE:_UCEP2:_elem_0:default:}"
CE0x9713c80 "{CE0x9713c80|may_context_mount_sb_relabel:tmp4|security/selinux/hooks.c,374}"
CE0x96d9270 "{CE0x96d9270|may_context_mount_sb_relabel:tmp4|security/selinux/hooks.c,374|*SummSink*}"
CONST[source:0(mediator),value:2(dynamic)][purpose:{subject}]


CONST[source:2(external),value:2(dynamic)][purpose:{subject}][SrcIdx:22]  ->  CONST[source:0(mediator),value:2(dynamic)][purpose:{object}]
-----------
CONST[source:2(external),value:2(dynamic)][purpose:{subject}][SrcIdx:22]
CE0x96eb7f0 "{CE0x96eb7f0|VOIDTB_TE:_UCEP2:_elem_0:default:}"
CE0x9876af0 "{CE0x9876af0|may_context_mount_inode_relabel:tmp5|*LoadInst*|security/selinux/hooks.c,390}"
CE0x9878420 "{CE0x9878420|may_context_mount_inode_relabel:tmp5|*LoadInst*|security/selinux/hooks.c,390|*SummSink*}"
CONST[source:0(mediator),value:2(dynamic)][purpose:{object}]


CONST[source:2(external),value:2(dynamic)][purpose:{subject}][SrcIdx:22]  ->  CONST[source:0(mediator),value:2(dynamic)][purpose:{subject}]
-----------
CONST[source:2(external),value:2(dynamic)][purpose:{subject}][SrcIdx:22]
CE0x96eb7f0 "{CE0x96eb7f0|VOIDTB_TE:_UCEP2:_elem_0:default:}"
CE0x9713c80 "{CE0x9713c80|may_context_mount_sb_relabel:tmp4|security/selinux/hooks.c,374}"
CE0x96d9270 "{CE0x96d9270|may_context_mount_sb_relabel:tmp4|security/selinux/hooks.c,374|*SummSink*}"
CONST[source:0(mediator),value:2(dynamic)][purpose:{subject}]


CONST[source:2(external),value:0(static)][purpose:{operation}][SrcIdx:10]  ->  CONST[source:0(mediator),value:2(dynamic)][purpose:{object}]
-----------
CONST[source:2(external),value:0(static)][purpose:{operation}][SrcIdx:10]
CE0x96efe20 "{CE0x96efe20|i64_1|*Constant*}"
CE0x97140a0 "{CE0x97140a0|selinux_set_mnt_opts:tmp7|security/selinux/hooks.c,621}"
CE0x96eb7f0 "{CE0x96eb7f0|VOIDTB_TE:_UCEP2:_elem_0:default:}"
CE0x9876af0 "{CE0x9876af0|may_context_mount_inode_relabel:tmp5|*LoadInst*|security/selinux/hooks.c,390}"
CE0x9878420 "{CE0x9878420|may_context_mount_inode_relabel:tmp5|*LoadInst*|security/selinux/hooks.c,390|*SummSink*}"
CONST[source:0(mediator),value:2(dynamic)][purpose:{object}]


CONST[source:2(external),value:0(static)][purpose:{operation}][SrcIdx:10]  ->  CONST[source:0(mediator),value:2(dynamic)][purpose:{subject}]
-----------
CONST[source:2(external),value:0(static)][purpose:{operation}][SrcIdx:10]
CE0x96efe20 "{CE0x96efe20|i64_1|*Constant*}"
CE0x97140a0 "{CE0x97140a0|selinux_set_mnt_opts:tmp7|security/selinux/hooks.c,621}"
CE0x96eb7f0 "{CE0x96eb7f0|VOIDTB_TE:_UCEP2:_elem_0:default:}"
CE0x9713c80 "{CE0x9713c80|may_context_mount_sb_relabel:tmp4|security/selinux/hooks.c,374}"
CE0x96d9270 "{CE0x96d9270|may_context_mount_sb_relabel:tmp4|security/selinux/hooks.c,374|*SummSink*}"
CONST[source:0(mediator),value:2(dynamic)][purpose:{subject}]


CONST[source:2(external),value:0(static)][purpose:{operation}][SrcIdx:8]  ->  CONST[source:0(mediator),value:2(dynamic)][purpose:{object}]
-----------
CONST[source:2(external),value:0(static)][purpose:{operation}][SrcIdx:8]
CE0x98b3f50 "{CE0x98b3f50|i32_1|*Constant*}"
CE0x98a1150 "{CE0x98a1150|inode_doinit_with_dentry:if.else87}"
CE0x96eb7f0 "{CE0x96eb7f0|VOIDTB_TE:_UCEP2:_elem_0:default:}"
CE0x9876af0 "{CE0x9876af0|may_context_mount_inode_relabel:tmp5|*LoadInst*|security/selinux/hooks.c,390}"
CE0x9878420 "{CE0x9878420|may_context_mount_inode_relabel:tmp5|*LoadInst*|security/selinux/hooks.c,390|*SummSink*}"
CONST[source:0(mediator),value:2(dynamic)][purpose:{object}]


CONST[source:2(external),value:0(static)][purpose:{operation}][SrcIdx:8]  ->  CONST[source:0(mediator),value:2(dynamic)][purpose:{subject}]
-----------
CONST[source:2(external),value:0(static)][purpose:{operation}][SrcIdx:8]
CE0x98b3f50 "{CE0x98b3f50|i32_1|*Constant*}"
CE0x98a1150 "{CE0x98a1150|inode_doinit_with_dentry:if.else87}"
CE0x96eb7f0 "{CE0x96eb7f0|VOIDTB_TE:_UCEP2:_elem_0:default:}"
CE0x9713c80 "{CE0x9713c80|may_context_mount_sb_relabel:tmp4|security/selinux/hooks.c,374}"
CE0x96d9270 "{CE0x96d9270|may_context_mount_sb_relabel:tmp4|security/selinux/hooks.c,374|*SummSink*}"
CONST[source:0(mediator),value:2(dynamic)][purpose:{subject}]


CONST[source:2(external),value:0(static)][purpose:{operation}][SrcIdx:19]  ->  CONST[source:0(mediator),value:2(dynamic)][purpose:{object}]
-----------
CONST[source:2(external),value:0(static)][purpose:{operation}][SrcIdx:19]
CE0x9630b00 "{CE0x9630b00|i64_0|*Constant*}"
CE0x9879700 "{CE0x9879700|sb_finish_set_opts:call5|security/selinux/hooks.c,442}"
CE0x98ffaf0 "{CE0x98ffaf0|sb_finish_set_opts:conv6|security/selinux/hooks.c,442}"
CE0x9888420 "{CE0x9888420|sb_finish_set_opts:cmp9|security/selinux/hooks.c,443}"
CE0x98b0240 "{CE0x98b0240|sb_finish_set_opts:if.then52}"
CE0x96eb7f0 "{CE0x96eb7f0|VOIDTB_TE:_UCEP2:_elem_0:default:}"
CE0x9876af0 "{CE0x9876af0|may_context_mount_inode_relabel:tmp5|*LoadInst*|security/selinux/hooks.c,390}"
CE0x9878420 "{CE0x9878420|may_context_mount_inode_relabel:tmp5|*LoadInst*|security/selinux/hooks.c,390|*SummSink*}"
CONST[source:0(mediator),value:2(dynamic)][purpose:{object}]


CONST[source:2(external),value:0(static)][purpose:{operation}][SrcIdx:19]  ->  CONST[source:0(mediator),value:2(dynamic)][purpose:{subject}]
-----------
CONST[source:2(external),value:0(static)][purpose:{operation}][SrcIdx:19]
CE0x9630b00 "{CE0x9630b00|i64_0|*Constant*}"
CE0x9879700 "{CE0x9879700|sb_finish_set_opts:call5|security/selinux/hooks.c,442}"
CE0x98ffaf0 "{CE0x98ffaf0|sb_finish_set_opts:conv6|security/selinux/hooks.c,442}"
CE0x9888420 "{CE0x9888420|sb_finish_set_opts:cmp9|security/selinux/hooks.c,443}"
CE0x98b0240 "{CE0x98b0240|sb_finish_set_opts:if.then52}"
CE0x96eb7f0 "{CE0x96eb7f0|VOIDTB_TE:_UCEP2:_elem_0:default:}"
CE0x9713c80 "{CE0x9713c80|may_context_mount_sb_relabel:tmp4|security/selinux/hooks.c,374}"
CE0x96d9270 "{CE0x96d9270|may_context_mount_sb_relabel:tmp4|security/selinux/hooks.c,374|*SummSink*}"
CONST[source:0(mediator),value:2(dynamic)][purpose:{subject}]


CONST[source:2(external),value:0(static)][purpose:{operation}][SrcIdx:12]  ->  CONST[source:0(mediator),value:2(dynamic)][purpose:{object}]
-----------
CONST[source:2(external),value:0(static)][purpose:{operation}][SrcIdx:12]
CE0x9a9e360 "{CE0x9a9e360|i32_61440|*Constant*}"
CE0x9a9ec30 "{CE0x9a9ec30|inode_mode_to_security_class:and|security/selinux/hooks.c,1139}"
CE0x9a85850 "{CE0x9a85850|inode_mode_to_security_class:sw.bb4}"
CE0x96eb7f0 "{CE0x96eb7f0|VOIDTB_TE:_UCEP2:_elem_0:default:}"
CE0x9876af0 "{CE0x9876af0|may_context_mount_inode_relabel:tmp5|*LoadInst*|security/selinux/hooks.c,390}"
CE0x9878420 "{CE0x9878420|may_context_mount_inode_relabel:tmp5|*LoadInst*|security/selinux/hooks.c,390|*SummSink*}"
CONST[source:0(mediator),value:2(dynamic)][purpose:{object}]


CONST[source:2(external),value:0(static)][purpose:{operation}][SrcIdx:12]  ->  CONST[source:0(mediator),value:2(dynamic)][purpose:{subject}]
-----------
CONST[source:2(external),value:0(static)][purpose:{operation}][SrcIdx:12]
CE0x9a9e360 "{CE0x9a9e360|i32_61440|*Constant*}"
CE0x9a9ec30 "{CE0x9a9ec30|inode_mode_to_security_class:and|security/selinux/hooks.c,1139}"
CE0x9a85850 "{CE0x9a85850|inode_mode_to_security_class:sw.bb4}"
CE0x96eb7f0 "{CE0x96eb7f0|VOIDTB_TE:_UCEP2:_elem_0:default:}"
CE0x9713c80 "{CE0x9713c80|may_context_mount_sb_relabel:tmp4|security/selinux/hooks.c,374}"
CE0x96d9270 "{CE0x96d9270|may_context_mount_sb_relabel:tmp4|security/selinux/hooks.c,374|*SummSink*}"
CONST[source:0(mediator),value:2(dynamic)][purpose:{subject}]


CONST[source:2(external),value:0(static)][purpose:{operation}][SrcIdx:7]  ->  CONST[source:0(mediator),value:2(dynamic)][purpose:{object}]
-----------
CONST[source:2(external),value:0(static)][purpose:{operation}][SrcIdx:7]
CE0x98d07e0 "{CE0x98d07e0|i32_208|*Constant*}"
CE0x9ab5aa0 "{CE0x9ab5aa0|selinux_proc_get_sid:call|security/selinux/hooks.c,1245}"
CE0x9aa5030 "{CE0x9aa5030|selinux_proc_get_sid:tmp2|security/selinux/hooks.c,1245}"
CE0x9a8cfa0 "{CE0x9a8cfa0|selinux_proc_get_sid:tobool|security/selinux/hooks.c,1246}"
CE0x9ac3530 "{CE0x9ac3530|selinux_proc_get_sid:if.end13}"
CE0x9b7c0d0 "{CE0x9b7c0d0|selinux_proc_get_sid:rc.0}"
CE0x9b7f250 "{CE0x9b7f250|selinux_proc_get_sid:retval.0}"
CE0x986e860 "{CE0x986e860|_ret_i32_%retval.0,_!dbg_!27752|security/selinux/hooks.c,1264}"
CE0x986d050 "{CE0x986d050|inode_doinit_with_dentry:call135|security/selinux/hooks.c,1452}"
CE0x986fdf0 "{CE0x986fdf0|inode_doinit_with_dentry:tobool136|security/selinux/hooks.c,1454}"
CE0x9ad2a10 "{CE0x9ad2a10|inode_doinit_with_dentry:if.end140}"
CE0x96eb7f0 "{CE0x96eb7f0|VOIDTB_TE:_UCEP2:_elem_0:default:}"
CE0x9876af0 "{CE0x9876af0|may_context_mount_inode_relabel:tmp5|*LoadInst*|security/selinux/hooks.c,390}"
CE0x9878420 "{CE0x9878420|may_context_mount_inode_relabel:tmp5|*LoadInst*|security/selinux/hooks.c,390|*SummSink*}"
CONST[source:0(mediator),value:2(dynamic)][purpose:{object}]


CONST[source:2(external),value:0(static)][purpose:{operation}][SrcIdx:7]  ->  CONST[source:0(mediator),value:2(dynamic)][purpose:{subject}]
-----------
CONST[source:2(external),value:0(static)][purpose:{operation}][SrcIdx:7]
CE0x98d07e0 "{CE0x98d07e0|i32_208|*Constant*}"
CE0x9ab5aa0 "{CE0x9ab5aa0|selinux_proc_get_sid:call|security/selinux/hooks.c,1245}"
CE0x9aa5030 "{CE0x9aa5030|selinux_proc_get_sid:tmp2|security/selinux/hooks.c,1245}"
CE0x9a8cfa0 "{CE0x9a8cfa0|selinux_proc_get_sid:tobool|security/selinux/hooks.c,1246}"
CE0x9ac3530 "{CE0x9ac3530|selinux_proc_get_sid:if.end13}"
CE0x9b7c0d0 "{CE0x9b7c0d0|selinux_proc_get_sid:rc.0}"
CE0x9b7f250 "{CE0x9b7f250|selinux_proc_get_sid:retval.0}"
CE0x986e860 "{CE0x986e860|_ret_i32_%retval.0,_!dbg_!27752|security/selinux/hooks.c,1264}"
CE0x986d050 "{CE0x986d050|inode_doinit_with_dentry:call135|security/selinux/hooks.c,1452}"
CE0x986fdf0 "{CE0x986fdf0|inode_doinit_with_dentry:tobool136|security/selinux/hooks.c,1454}"
CE0x9ad2a10 "{CE0x9ad2a10|inode_doinit_with_dentry:if.end140}"
CE0x96eb7f0 "{CE0x96eb7f0|VOIDTB_TE:_UCEP2:_elem_0:default:}"
CE0x9713c80 "{CE0x9713c80|may_context_mount_sb_relabel:tmp4|security/selinux/hooks.c,374}"
CE0x96d9270 "{CE0x96d9270|may_context_mount_sb_relabel:tmp4|security/selinux/hooks.c,374|*SummSink*}"
CONST[source:0(mediator),value:2(dynamic)][purpose:{subject}]


CONST[source:2(external),value:0(static)][purpose:{operation}][SrcIdx:11]  ->  CONST[source:0(mediator),value:2(dynamic)][purpose:{object}]
-----------
CONST[source:2(external),value:0(static)][purpose:{operation}][SrcIdx:11]
CE0x96efe20 "{CE0x96efe20|i64_1|*Constant*}"
CE0x97140a0 "{CE0x97140a0|selinux_set_mnt_opts:tmp7|security/selinux/hooks.c,621}"
CE0x96eb7f0 "{CE0x96eb7f0|VOIDTB_TE:_UCEP2:_elem_0:default:}"
CE0x9876af0 "{CE0x9876af0|may_context_mount_inode_relabel:tmp5|*LoadInst*|security/selinux/hooks.c,390}"
CE0x9878420 "{CE0x9878420|may_context_mount_inode_relabel:tmp5|*LoadInst*|security/selinux/hooks.c,390|*SummSink*}"
CONST[source:0(mediator),value:2(dynamic)][purpose:{object}]


CONST[source:2(external),value:0(static)][purpose:{operation}][SrcIdx:11]  ->  CONST[source:0(mediator),value:2(dynamic)][purpose:{subject}]
-----------
CONST[source:2(external),value:0(static)][purpose:{operation}][SrcIdx:11]
CE0x96efe20 "{CE0x96efe20|i64_1|*Constant*}"
CE0x97140a0 "{CE0x97140a0|selinux_set_mnt_opts:tmp7|security/selinux/hooks.c,621}"
CE0x96eb7f0 "{CE0x96eb7f0|VOIDTB_TE:_UCEP2:_elem_0:default:}"
CE0x9713c80 "{CE0x9713c80|may_context_mount_sb_relabel:tmp4|security/selinux/hooks.c,374}"
CE0x96d9270 "{CE0x96d9270|may_context_mount_sb_relabel:tmp4|security/selinux/hooks.c,374|*SummSink*}"
CONST[source:0(mediator),value:2(dynamic)][purpose:{subject}]


CONST[source:2(external),value:0(static)][purpose:{operation}][SrcIdx:5]  ->  CONST[source:0(mediator),value:2(dynamic)][purpose:{object}]
-----------
CONST[source:2(external),value:0(static)][purpose:{operation}][SrcIdx:5]
CE0x97013f0 "{CE0x97013f0|i32_0|*Constant*}"
CE0x973c620 "{CE0x973c620|selinux_set_mnt_opts:fscontext_sid.0}"
CE0x974e9b0 "{CE0x974e9b0|may_context_mount_sb_relabel:sid|Function::may_context_mount_sb_relabel&Arg::sid::}"
CE0x974ed20 "{CE0x974ed20|may_context_mount_sb_relabel:sid|Function::may_context_mount_sb_relabel&Arg::sid::|*SummSink*}"
CONST[source:0(mediator),value:2(dynamic)][purpose:{object}]


CONST[source:2(external),value:0(static)][purpose:{operation}][SrcIdx:5]  ->  CONST[source:0(mediator),value:2(dynamic)][purpose:{subject}]
-----------
CONST[source:2(external),value:0(static)][purpose:{operation}][SrcIdx:5]
CE0x97013f0 "{CE0x97013f0|i32_0|*Constant*}"
CE0x96eb7f0 "{CE0x96eb7f0|VOIDTB_TE:_UCEP2:_elem_0:default:}"
CE0x9713c80 "{CE0x9713c80|may_context_mount_sb_relabel:tmp4|security/selinux/hooks.c,374}"
CE0x96d9270 "{CE0x96d9270|may_context_mount_sb_relabel:tmp4|security/selinux/hooks.c,374|*SummSink*}"
CONST[source:0(mediator),value:2(dynamic)][purpose:{subject}]


CONST[source:2(external),value:0(static)][purpose:{operation}][SrcIdx:14]  ->  CONST[source:0(mediator),value:2(dynamic)][purpose:{object}]
-----------
CONST[source:2(external),value:0(static)][purpose:{operation}][SrcIdx:14]
CE0x9895940 "{CE0x9895940|i32_0|*Constant*}"
CE0x96eb7f0 "{CE0x96eb7f0|VOIDTB_TE:_UCEP2:_elem_0:default:}"
CE0x9876af0 "{CE0x9876af0|may_context_mount_inode_relabel:tmp5|*LoadInst*|security/selinux/hooks.c,390}"
CE0x9878420 "{CE0x9878420|may_context_mount_inode_relabel:tmp5|*LoadInst*|security/selinux/hooks.c,390|*SummSink*}"
CONST[source:0(mediator),value:2(dynamic)][purpose:{object}]


CONST[source:2(external),value:0(static)][purpose:{operation}][SrcIdx:14]  ->  CONST[source:0(mediator),value:2(dynamic)][purpose:{subject}]
-----------
CONST[source:2(external),value:0(static)][purpose:{operation}][SrcIdx:14]
CE0x9895940 "{CE0x9895940|i32_0|*Constant*}"
CE0x96eb7f0 "{CE0x96eb7f0|VOIDTB_TE:_UCEP2:_elem_0:default:}"
CE0x9713c80 "{CE0x9713c80|may_context_mount_sb_relabel:tmp4|security/selinux/hooks.c,374}"
CE0x96d9270 "{CE0x96d9270|may_context_mount_sb_relabel:tmp4|security/selinux/hooks.c,374|*SummSink*}"
CONST[source:0(mediator),value:2(dynamic)][purpose:{subject}]


CONST[source:1(input),value:2(dynamic)][purpose:{object}][SrcIdx:20]  ->  CONST[source:0(mediator),value:2(dynamic)][purpose:{object}]
-----------
CONST[source:1(input),value:2(dynamic)][purpose:{object}][SrcIdx:20]
CE0x96eb7f0 "{CE0x96eb7f0|VOIDTB_TE:_UCEP2:_elem_0:default:}"
CE0x9876af0 "{CE0x9876af0|may_context_mount_inode_relabel:tmp5|*LoadInst*|security/selinux/hooks.c,390}"
CE0x9878420 "{CE0x9878420|may_context_mount_inode_relabel:tmp5|*LoadInst*|security/selinux/hooks.c,390|*SummSink*}"
CONST[source:0(mediator),value:2(dynamic)][purpose:{object}]


CONST[source:1(input),value:2(dynamic)][purpose:{object}][SrcIdx:20]  ->  CONST[source:0(mediator),value:2(dynamic)][purpose:{subject}]
-----------
CONST[source:1(input),value:2(dynamic)][purpose:{object}][SrcIdx:20]
CE0x96eb7f0 "{CE0x96eb7f0|VOIDTB_TE:_UCEP2:_elem_0:default:}"
CE0x9713c80 "{CE0x9713c80|may_context_mount_sb_relabel:tmp4|security/selinux/hooks.c,374}"
CE0x96d9270 "{CE0x96d9270|may_context_mount_sb_relabel:tmp4|security/selinux/hooks.c,374|*SummSink*}"
CONST[source:0(mediator),value:2(dynamic)][purpose:{subject}]


CONST[source:1(input),value:2(dynamic)][purpose:{object}][SrcIdx:21]  ->  CONST[source:0(mediator),value:2(dynamic)][purpose:{object}]
-----------
CONST[source:1(input),value:2(dynamic)][purpose:{object}][SrcIdx:21]
CE0x9704c60 "{CE0x9704c60|0:_i8**,_8:_i32*,_16:_i32,_:_SCMR_16,20_|*MultipleSource*|Function::selinux_set_mnt_opts&Arg::opts::|security/selinux/hooks.c,629}"
CE0x96ed5c0 "{CE0x96ed5c0|selinux_set_mnt_opts:tmp31|*LoadInst*|security/selinux/hooks.c,631}"
CE0x9736ae0 "{CE0x9736ae0|selinux_set_mnt_opts:cmp42|security/selinux/hooks.c,674}"
CE0x95ffc80 "{CE0x95ffc80|selinux_set_mnt_opts:if.then196}"
CE0x96eb7f0 "{CE0x96eb7f0|VOIDTB_TE:_UCEP2:_elem_0:default:}"
CE0x9876af0 "{CE0x9876af0|may_context_mount_inode_relabel:tmp5|*LoadInst*|security/selinux/hooks.c,390}"
CE0x9878420 "{CE0x9878420|may_context_mount_inode_relabel:tmp5|*LoadInst*|security/selinux/hooks.c,390|*SummSink*}"
CONST[source:0(mediator),value:2(dynamic)][purpose:{object}]


CONST[source:1(input),value:2(dynamic)][purpose:{object}][SrcIdx:21]  ->  CONST[source:0(mediator),value:2(dynamic)][purpose:{subject}]
-----------
CONST[source:1(input),value:2(dynamic)][purpose:{object}][SrcIdx:21]
CE0x9704c60 "{CE0x9704c60|0:_i8**,_8:_i32*,_16:_i32,_:_SCMR_16,20_|*MultipleSource*|Function::selinux_set_mnt_opts&Arg::opts::|security/selinux/hooks.c,629}"
CE0x96ed5c0 "{CE0x96ed5c0|selinux_set_mnt_opts:tmp31|*LoadInst*|security/selinux/hooks.c,631}"
CE0x9736ae0 "{CE0x9736ae0|selinux_set_mnt_opts:cmp42|security/selinux/hooks.c,674}"
CE0x95ffc80 "{CE0x95ffc80|selinux_set_mnt_opts:if.then196}"
CE0x96eb7f0 "{CE0x96eb7f0|VOIDTB_TE:_UCEP2:_elem_0:default:}"
CE0x9713c80 "{CE0x9713c80|may_context_mount_sb_relabel:tmp4|security/selinux/hooks.c,374}"
CE0x96d9270 "{CE0x96d9270|may_context_mount_sb_relabel:tmp4|security/selinux/hooks.c,374|*SummSink*}"
CONST[source:0(mediator),value:2(dynamic)][purpose:{subject}]


CONST[source:2(external),value:0(static)][purpose:{operation}][SrcIdx:0]  ->  CONST[source:0(mediator),value:2(dynamic)][purpose:{object}]
-----------
CONST[source:2(external),value:0(static)][purpose:{operation}][SrcIdx:0]
CE0x9adad40 "{CE0x9adad40|i32_-22|*Constant*}"
CE0x98d3080 "{CE0x98d3080|inode_doinit_with_dentry:cmp79|security/selinux/hooks.c,1388}"
CE0x98a1150 "{CE0x98a1150|inode_doinit_with_dentry:if.else87}"
CE0x96eb7f0 "{CE0x96eb7f0|VOIDTB_TE:_UCEP2:_elem_0:default:}"
CE0x9876af0 "{CE0x9876af0|may_context_mount_inode_relabel:tmp5|*LoadInst*|security/selinux/hooks.c,390}"
CE0x9878420 "{CE0x9878420|may_context_mount_inode_relabel:tmp5|*LoadInst*|security/selinux/hooks.c,390|*SummSink*}"
CONST[source:0(mediator),value:2(dynamic)][purpose:{object}]


CONST[source:2(external),value:0(static)][purpose:{operation}][SrcIdx:0]  ->  CONST[source:0(mediator),value:2(dynamic)][purpose:{subject}]
-----------
CONST[source:2(external),value:0(static)][purpose:{operation}][SrcIdx:0]
CE0x9adad40 "{CE0x9adad40|i32_-22|*Constant*}"
CE0x98d3080 "{CE0x98d3080|inode_doinit_with_dentry:cmp79|security/selinux/hooks.c,1388}"
CE0x98a1150 "{CE0x98a1150|inode_doinit_with_dentry:if.else87}"
CE0x96eb7f0 "{CE0x96eb7f0|VOIDTB_TE:_UCEP2:_elem_0:default:}"
CE0x9713c80 "{CE0x9713c80|may_context_mount_sb_relabel:tmp4|security/selinux/hooks.c,374}"
CE0x96d9270 "{CE0x96d9270|may_context_mount_sb_relabel:tmp4|security/selinux/hooks.c,374|*SummSink*}"
CONST[source:0(mediator),value:2(dynamic)][purpose:{subject}]


CONST[source:2(external),value:0(static)][purpose:{operation}][SrcIdx:17]  ->  CONST[source:0(mediator),value:2(dynamic)][purpose:{object}]
-----------
CONST[source:2(external),value:0(static)][purpose:{operation}][SrcIdx:17]
CE0x9630b00 "{CE0x9630b00|i64_0|*Constant*}"
CE0x9879700 "{CE0x9879700|sb_finish_set_opts:call5|security/selinux/hooks.c,442}"
CE0x98ffaf0 "{CE0x98ffaf0|sb_finish_set_opts:conv6|security/selinux/hooks.c,442}"
CE0x9888420 "{CE0x9888420|sb_finish_set_opts:cmp9|security/selinux/hooks.c,443}"
CE0x98b0240 "{CE0x98b0240|sb_finish_set_opts:if.then52}"
CE0x96eb7f0 "{CE0x96eb7f0|VOIDTB_TE:_UCEP2:_elem_0:default:}"
CE0x9876af0 "{CE0x9876af0|may_context_mount_inode_relabel:tmp5|*LoadInst*|security/selinux/hooks.c,390}"
CE0x9878420 "{CE0x9878420|may_context_mount_inode_relabel:tmp5|*LoadInst*|security/selinux/hooks.c,390|*SummSink*}"
CONST[source:0(mediator),value:2(dynamic)][purpose:{object}]


CONST[source:2(external),value:0(static)][purpose:{operation}][SrcIdx:17]  ->  CONST[source:0(mediator),value:2(dynamic)][purpose:{subject}]
-----------
CONST[source:2(external),value:0(static)][purpose:{operation}][SrcIdx:17]
CE0x9630b00 "{CE0x9630b00|i64_0|*Constant*}"
CE0x9879700 "{CE0x9879700|sb_finish_set_opts:call5|security/selinux/hooks.c,442}"
CE0x98ffaf0 "{CE0x98ffaf0|sb_finish_set_opts:conv6|security/selinux/hooks.c,442}"
CE0x9888420 "{CE0x9888420|sb_finish_set_opts:cmp9|security/selinux/hooks.c,443}"
CE0x98b0240 "{CE0x98b0240|sb_finish_set_opts:if.then52}"
CE0x96eb7f0 "{CE0x96eb7f0|VOIDTB_TE:_UCEP2:_elem_0:default:}"
CE0x9713c80 "{CE0x9713c80|may_context_mount_sb_relabel:tmp4|security/selinux/hooks.c,374}"
CE0x96d9270 "{CE0x96d9270|may_context_mount_sb_relabel:tmp4|security/selinux/hooks.c,374|*SummSink*}"
CONST[source:0(mediator),value:2(dynamic)][purpose:{subject}]


CONST[source:2(external),value:0(static)][purpose:{operation}][SrcIdx:16]  ->  CONST[source:0(mediator),value:2(dynamic)][purpose:{object}]
-----------
CONST[source:2(external),value:0(static)][purpose:{operation}][SrcIdx:16]
CE0x96db700 "{CE0x96db700|i32_0|*Constant*}"
CE0x9874ba0 "{CE0x9874ba0|may_context_mount_inode_relabel:sid2|security/selinux/hooks.c,390}"
CE0x9876af0 "{CE0x9876af0|may_context_mount_inode_relabel:tmp5|*LoadInst*|security/selinux/hooks.c,390}"
CE0x9878420 "{CE0x9878420|may_context_mount_inode_relabel:tmp5|*LoadInst*|security/selinux/hooks.c,390|*SummSink*}"
CONST[source:0(mediator),value:2(dynamic)][purpose:{object}]


CONST[source:2(external),value:0(static)][purpose:{operation}][SrcIdx:16]  ->  CONST[source:0(mediator),value:2(dynamic)][purpose:{subject}]
-----------
CONST[source:2(external),value:0(static)][purpose:{operation}][SrcIdx:16]
CE0x96db700 "{CE0x96db700|i32_0|*Constant*}"
CE0x97135b0 "{CE0x97135b0|may_context_mount_sb_relabel:sid1|security/selinux/hooks.c,374}"
CE0x9713c80 "{CE0x9713c80|may_context_mount_sb_relabel:tmp4|security/selinux/hooks.c,374}"
CE0x96d9270 "{CE0x96d9270|may_context_mount_sb_relabel:tmp4|security/selinux/hooks.c,374|*SummSink*}"
CONST[source:0(mediator),value:2(dynamic)][purpose:{subject}]


