[tomoyo_socket_connect.z]

explicit:
CONST[source:1(input),value:2(dynamic)][purpose:{object}][SrcIdx:3]  ->  CONST[source:0(mediator),value:2(dynamic)][purpose:{object}][SnkIdx:2]
-----------
CONST[source:1(input),value:2(dynamic)][purpose:{object}][SrcIdx:3]
CE0x58845b0 "{CE0x58845b0|COLLAPSED:_CRE:_elem_0::|security/tomoyo/network.c,507}"
CE0x5ae51e0 "{CE0x5ae51e0|tomoyo_check_inet_address:tmp26|security/tomoyo/network.c,522}"
CE0x7543d60 "{CE0x7543d60|0:_i8,_1:_i8,_8:_i16,_16:_i32*,_24:_i8,_:_CMR_8,10_|*MultipleSource*|Function::tomoyo_check_inet_address&Arg::address::|security/tomoyo/network.c,505}"
CE0x4b16580 "{CE0x4b16580|tomoyo_inet_entry:tmp20|security/tomoyo/network.c,480}"
CE0x4b570d0 "{CE0x4b570d0|__fswab16:val|Function::__fswab16&Arg::val::}"
CE0x4ae4db0 "{CE0x4ae4db0|__fswab16:conv|include/uapi/linux/swab.h,53}"
CE0x59468d0 "{CE0x59468d0|__fswab16:and|include/uapi/linux/swab.h,53}"
CE0x5946ac0 "{CE0x5946ac0|__fswab16:shl|include/uapi/linux/swab.h,53}"
CE0x7355cb0 "{CE0x7355cb0|__fswab16:or|include/uapi/linux/swab.h,53}"
CE0x7355c40 "{CE0x7355c40|__fswab16:conv3|include/uapi/linux/swab.h,53}"
CE0x4b571e0 "{CE0x4b571e0|_ret_i16_%conv3,_!dbg_!38911|include/uapi/linux/swab.h,53}"
CE0x4b16450 "{CE0x4b16450|tomoyo_inet_entry:call21|security/tomoyo/network.c,480}"
CE0x4b57330 "{CE0x4b57330|tomoyo_inet_entry:conv22|security/tomoyo/network.c,480}"
CE0x4b5e070 "{CE0x4b5e070|tomoyo_inet_entry:conv23|security/tomoyo/network.c,480}"
CE0x5946e60 "{CE0x5946e60|24:_i32*,_32:_i16,_34:_i8,_35:_i8,_36:_i8,_72:_i8,_:_SCMRE_33,34_}"
CONST[source:0(mediator),value:2(dynamic)][purpose:{object}][SnkIdx:2]


CONST[source:1(input),value:2(dynamic)][purpose:{object}][SrcIdx:3]  ->  CONST[source:0(mediator),value:2(dynamic)][purpose:{object}][SnkIdx:1]
-----------
CONST[source:1(input),value:2(dynamic)][purpose:{object}][SrcIdx:3]
CE0x4b89b60 "{CE0x4b89b60|tomoyo_check_inet_address:addr|Function::tomoyo_check_inet_address&Arg::addr::|*SummSource*}"
CE0x7429560 "{CE0x7429560|tomoyo_check_inet_address:addr|Function::tomoyo_check_inet_address&Arg::addr::}"
CE0x59f9c50 "{CE0x59f9c50|tomoyo_check_inet_address:tmp23|security/tomoyo/network.c,521}"
CE0x5ab93e0 "{CE0x5ab93e0|tomoyo_check_inet_address:sin_addr|security/tomoyo/network.c,521}"
CE0x5ab9b20 "{CE0x5ab9b20|tomoyo_check_inet_address:tmp24|security/tomoyo/network.c,520}"
CE0x7424fa0 "{CE0x7424fa0|0:_i8,_1:_i8,_8:_i16,_16:_i32*,_24:_i8,_:_CMR_16,24_|*MultipleSource*|Function::tomoyo_check_inet_address&Arg::address::|security/tomoyo/network.c,505}"
CE0x4b131a0 "{CE0x4b131a0|tomoyo_inet_entry:tmp19|security/tomoyo/network.c,479}"
CE0x74f6440 "{CE0x74f6440|24:_i32*,_32:_i16,_34:_i8,_35:_i8,_36:_i8,_72:_i8,_:_SCMRE_26,27_}"
CONST[source:0(mediator),value:2(dynamic)][purpose:{object}][SnkIdx:1]


CONST[source:2(external),value:2(dynamic)][purpose:{subject}][SrcIdx:7]  ->  CONST[source:0(mediator),value:2(dynamic)][purpose:{subject}][SnkIdx:0]
-----------
CONST[source:2(external),value:2(dynamic)][purpose:{subject}][SrcIdx:7]
CE0x4a98b20 "{CE0x4a98b20|COLLAPSED:_GCRE_current_task_external_global_%struct.task_struct*:_elem_0::|security/tomoyo/common.h,1205}"
CE0x3db1a30 "{CE0x3db1a30|tomoyo_domain:tmp22|security/tomoyo/common.h,1205}"
CE0x72dbaf0 "{CE0x72dbaf0|tomoyo_domain:tmp23|security/tomoyo/common.h,1205}"
CE0x7343450 "{CE0x7343450|_ret_%struct.tomoyo_domain_info*_%tmp23,_!dbg_!38929|security/tomoyo/common.h,1205}"
CE0x5c50680 "{CE0x5c50680|tomoyo_init_request_info:call|security/tomoyo/util.c,1005}"
CE0x74d5c30 "{CE0x74d5c30|tomoyo_init_request_info:domain.addr.0}"
CE0x72ed540 "{CE0x72ed540|24:_i32*,_32:_i16,_34:_i8,_35:_i8,_36:_i8,_72:_i8,_:_SCMRE_16,24_|*MultipleSource*|security/tomoyo/network.c, 469|security/tomoyo/network.c,469|Function::tomoyo_init_request_info&Arg::r::|security/tomoyo/network.c,475}"
CONST[source:0(mediator),value:2(dynamic)][purpose:{subject}][SnkIdx:0]


CONST[source:0(mediator),value:1(k-static)][purpose:{operation}][SrcIdx:5]  ->  CONST[source:0(mediator),value:0(static)][purpose:{operation}][SnkIdx:4]
-----------
CONST[source:0(mediator),value:1(k-static)][purpose:{operation}][SrcIdx:5]
CE0x73d8560 "{CE0x73d8560|0:_i8,_1:_i8,_8:_i16,_16:_i32*,_24:_i8,_:_CMR_0,1_|*MultipleSource*|Function::tomoyo_check_inet_address&Arg::address::|security/tomoyo/network.c,505}"
CE0x40324e0 "{CE0x40324e0|tomoyo_inet_entry:tmp16|*LoadInst*|security/tomoyo/network.c,476}"
CE0x5947000 "{CE0x5947000|24:_i32*,_32:_i16,_34:_i8,_35:_i8,_36:_i8,_72:_i8,_:_SCMRE_34,35_}"
CONST[source:0(mediator),value:0(static)][purpose:{operation}][SnkIdx:4]


CONST[source:1(input),value:2(dynamic)][purpose:{object}][SrcIdx:1]  ->  CONST[source:0(mediator),value:2(dynamic)][purpose:{object}][SnkIdx:2]
-----------
CONST[source:1(input),value:2(dynamic)][purpose:{object}][SrcIdx:1]
CE0x7543d60 "{CE0x7543d60|0:_i8,_1:_i8,_8:_i16,_16:_i32*,_24:_i8,_:_CMR_8,10_|*MultipleSource*|Function::tomoyo_check_inet_address&Arg::address::|security/tomoyo/network.c,505}"
CE0x4b16580 "{CE0x4b16580|tomoyo_inet_entry:tmp20|security/tomoyo/network.c,480}"
CE0x4b570d0 "{CE0x4b570d0|__fswab16:val|Function::__fswab16&Arg::val::}"
CE0x4ae4db0 "{CE0x4ae4db0|__fswab16:conv|include/uapi/linux/swab.h,53}"
CE0x59468d0 "{CE0x59468d0|__fswab16:and|include/uapi/linux/swab.h,53}"
CE0x5946ac0 "{CE0x5946ac0|__fswab16:shl|include/uapi/linux/swab.h,53}"
CE0x7355cb0 "{CE0x7355cb0|__fswab16:or|include/uapi/linux/swab.h,53}"
CE0x7355c40 "{CE0x7355c40|__fswab16:conv3|include/uapi/linux/swab.h,53}"
CE0x4b571e0 "{CE0x4b571e0|_ret_i16_%conv3,_!dbg_!38911|include/uapi/linux/swab.h,53}"
CE0x4b16450 "{CE0x4b16450|tomoyo_inet_entry:call21|security/tomoyo/network.c,480}"
CE0x4b57330 "{CE0x4b57330|tomoyo_inet_entry:conv22|security/tomoyo/network.c,480}"
CE0x4b5e070 "{CE0x4b5e070|tomoyo_inet_entry:conv23|security/tomoyo/network.c,480}"
CE0x5946e60 "{CE0x5946e60|24:_i32*,_32:_i16,_34:_i8,_35:_i8,_36:_i8,_72:_i8,_:_SCMRE_33,34_}"
CONST[source:0(mediator),value:2(dynamic)][purpose:{object}][SnkIdx:2]


CONST[source:1(input),value:2(dynamic)][purpose:{object}][SrcIdx:1]  ->  CONST[source:0(mediator),value:2(dynamic)][purpose:{object}][SnkIdx:1]
-----------
CONST[source:1(input),value:2(dynamic)][purpose:{object}][SrcIdx:1]
CE0x7424fa0 "{CE0x7424fa0|0:_i8,_1:_i8,_8:_i16,_16:_i32*,_24:_i8,_:_CMR_16,24_|*MultipleSource*|Function::tomoyo_check_inet_address&Arg::address::|security/tomoyo/network.c,505}"
CE0x4b131a0 "{CE0x4b131a0|tomoyo_inet_entry:tmp19|security/tomoyo/network.c,479}"
CE0x72ca200 "{CE0x72ca200|24:_i32*,_32:_i16,_34:_i8,_35:_i8,_36:_i8,_72:_i8,_:_SCMRE_24,25_}"
CONST[source:0(mediator),value:2(dynamic)][purpose:{object}][SnkIdx:1]


CONST[source:1(input),value:2(dynamic)][purpose:{object}][SrcIdx:1]  ->  CONST[source:0(mediator),value:2(dynamic)][purpose:{object}][SnkIdx:3]
-----------
CONST[source:1(input),value:2(dynamic)][purpose:{object}][SrcIdx:1]
CE0x74254d0 "{CE0x74254d0|0:_i8,_1:_i8,_8:_i16,_16:_i32*,_24:_i8,_:_CMR_24,25_|*MultipleSource*|Function::tomoyo_check_inet_address&Arg::address::|security/tomoyo/network.c,505}"
CE0x7356390 "{CE0x7356390|tomoyo_inet_entry:tmp18|security/tomoyo/network.c,478}"
CE0x3f62480 "{CE0x3f62480|tomoyo_inet_entry:tobool11|security/tomoyo/network.c,478}"
CE0x7356430 "{CE0x7356430|tomoyo_inet_entry:frombool|security/tomoyo/network.c,478}"
CE0x754ba30 "{CE0x754ba30|24:_i32*,_32:_i16,_34:_i8,_35:_i8,_36:_i8,_72:_i8,_:_SCMRE_36,37_}"
CONST[source:0(mediator),value:2(dynamic)][purpose:{object}][SnkIdx:3]


CONST[source:1(input),value:2(dynamic)][purpose:{operation}][SrcIdx:6]  ->  CONST[source:0(mediator),value:0(static)][purpose:{operation}][SnkIdx:5]
-----------
CONST[source:1(input),value:2(dynamic)][purpose:{operation}][SrcIdx:6]
CE0x7424ea0 "{CE0x7424ea0|0:_i8,_1:_i8,_8:_i16,_16:_i32*,_24:_i8,_:_CMR_1,2_|*MultipleSource*|Function::tomoyo_check_inet_address&Arg::address::|security/tomoyo/network.c,505}"
CE0x3e63c60 "{CE0x3e63c60|tomoyo_inet_entry:tmp17|*LoadInst*|security/tomoyo/network.c,477}"
CE0x754b890 "{CE0x754b890|24:_i32*,_32:_i16,_34:_i8,_35:_i8,_36:_i8,_72:_i8,_:_SCMRE_35,36_}"
CONST[source:0(mediator),value:0(static)][purpose:{operation}][SnkIdx:5]



implicit:
CONST[source:1(input),value:2(dynamic)][purpose:{operation}][SrcIdx:6]  ->  CONST[source:0(mediator),value:0(static)][purpose:{operation}][SnkIdx:5]
-----------
CONST[source:1(input),value:2(dynamic)][purpose:{operation}][SrcIdx:6]
CE0x7424ea0 "{CE0x7424ea0|0:_i8,_1:_i8,_8:_i16,_16:_i32*,_24:_i8,_:_CMR_1,2_|*MultipleSource*|Function::tomoyo_check_inet_address&Arg::address::|security/tomoyo/network.c,505}"
CE0x3e63c60 "{CE0x3e63c60|tomoyo_inet_entry:tmp17|*LoadInst*|security/tomoyo/network.c,477}"
CE0x754b890 "{CE0x754b890|24:_i32*,_32:_i16,_34:_i8,_35:_i8,_36:_i8,_72:_i8,_:_SCMRE_35,36_}"
CONST[source:0(mediator),value:0(static)][purpose:{operation}][SnkIdx:5]


CONST[source:1(input),value:2(dynamic)][purpose:{object}][SrcIdx:3]  ->  CONST[source:0(mediator),value:2(dynamic)][purpose:{object}][SnkIdx:1]
-----------
CONST[source:1(input),value:2(dynamic)][purpose:{object}][SrcIdx:3]
CE0x58845b0 "{CE0x58845b0|COLLAPSED:_CRE:_elem_0::|security/tomoyo/network.c,507}"
CE0x5884540 "{CE0x5884540|tomoyo_check_inet_address:tmp2|*LoadInst*|security/tomoyo/network.c,507}"
CE0x7433850 "{CE0x7433850|tomoyo_check_inet_address:conv|security/tomoyo/network.c,507}"
CE0x4041d70 "{CE0x4041d70|tomoyo_check_inet_address:if.end20}"
CE0x5d0f9b0 "{CE0x5d0f9b0|tomoyo_inet_entry:entry}"
CE0x5955da0 "{CE0x5955da0|tomoyo_inet_entry:if.then}"
CE0x74f61d0 "{CE0x74f61d0|24:_i32*,_32:_i16,_34:_i8,_35:_i8,_36:_i8,_72:_i8,_:_SCMRE_25,26_}"
CONST[source:0(mediator),value:2(dynamic)][purpose:{object}][SnkIdx:1]


CONST[source:1(input),value:2(dynamic)][purpose:{object}][SrcIdx:3]  ->  CONST[source:0(mediator),value:0(static)][purpose:{operation}][SnkIdx:4]
-----------
CONST[source:1(input),value:2(dynamic)][purpose:{object}][SrcIdx:3]
CE0x58845b0 "{CE0x58845b0|COLLAPSED:_CRE:_elem_0::|security/tomoyo/network.c,507}"
CE0x5884540 "{CE0x5884540|tomoyo_check_inet_address:tmp2|*LoadInst*|security/tomoyo/network.c,507}"
CE0x7433850 "{CE0x7433850|tomoyo_check_inet_address:conv|security/tomoyo/network.c,507}"
CE0x4041d70 "{CE0x4041d70|tomoyo_check_inet_address:if.end20}"
CE0x5d0f9b0 "{CE0x5d0f9b0|tomoyo_inet_entry:entry}"
CE0x5955da0 "{CE0x5955da0|tomoyo_inet_entry:if.then}"
CE0x5947000 "{CE0x5947000|24:_i32*,_32:_i16,_34:_i8,_35:_i8,_36:_i8,_72:_i8,_:_SCMRE_34,35_}"
CONST[source:0(mediator),value:0(static)][purpose:{operation}][SnkIdx:4]


CONST[source:1(input),value:2(dynamic)][purpose:{object}][SrcIdx:3]  ->  CONST[source:0(mediator),value:0(static)][purpose:{operation}][SnkIdx:5]
-----------
CONST[source:1(input),value:2(dynamic)][purpose:{object}][SrcIdx:3]
CE0x58845b0 "{CE0x58845b0|COLLAPSED:_CRE:_elem_0::|security/tomoyo/network.c,507}"
CE0x5884540 "{CE0x5884540|tomoyo_check_inet_address:tmp2|*LoadInst*|security/tomoyo/network.c,507}"
CE0x7433850 "{CE0x7433850|tomoyo_check_inet_address:conv|security/tomoyo/network.c,507}"
CE0x4041d70 "{CE0x4041d70|tomoyo_check_inet_address:if.end20}"
CE0x5d0f9b0 "{CE0x5d0f9b0|tomoyo_inet_entry:entry}"
CE0x5955da0 "{CE0x5955da0|tomoyo_inet_entry:if.then}"
CE0x754b890 "{CE0x754b890|24:_i32*,_32:_i16,_34:_i8,_35:_i8,_36:_i8,_72:_i8,_:_SCMRE_35,36_}"
CONST[source:0(mediator),value:0(static)][purpose:{operation}][SnkIdx:5]


CONST[source:1(input),value:2(dynamic)][purpose:{object}][SrcIdx:3]  ->  CONST[source:0(mediator),value:2(dynamic)][purpose:{subject}][SnkIdx:0]
-----------
CONST[source:1(input),value:2(dynamic)][purpose:{object}][SrcIdx:3]
CE0x58845b0 "{CE0x58845b0|COLLAPSED:_CRE:_elem_0::|security/tomoyo/network.c,507}"
CE0x5884540 "{CE0x5884540|tomoyo_check_inet_address:tmp2|*LoadInst*|security/tomoyo/network.c,507}"
CE0x7433850 "{CE0x7433850|tomoyo_check_inet_address:conv|security/tomoyo/network.c,507}"
CE0x4041d70 "{CE0x4041d70|tomoyo_check_inet_address:if.end20}"
CE0x5d0f9b0 "{CE0x5d0f9b0|tomoyo_inet_entry:entry}"
CE0x4e0f600 "{CE0x4e0f600|tomoyo_inet_entry:land.lhs.true}"
CE0x7266160 "{CE0x7266160|tomoyo_init_request_info:entry}"
CE0x3d2a370 "{CE0x3d2a370|tomoyo_init_request_info:if.end}"
CE0x72ed540 "{CE0x72ed540|24:_i32*,_32:_i16,_34:_i8,_35:_i8,_36:_i8,_72:_i8,_:_SCMRE_16,24_|*MultipleSource*|security/tomoyo/network.c, 469|security/tomoyo/network.c,469|Function::tomoyo_init_request_info&Arg::r::|security/tomoyo/network.c,475}"
CONST[source:0(mediator),value:2(dynamic)][purpose:{subject}][SnkIdx:0]


CONST[source:1(input),value:2(dynamic)][purpose:{object}][SrcIdx:3]  ->  CONST[source:0(mediator),value:2(dynamic)][purpose:{object}][SnkIdx:3]
-----------
CONST[source:1(input),value:2(dynamic)][purpose:{object}][SrcIdx:3]
CE0x58845b0 "{CE0x58845b0|COLLAPSED:_CRE:_elem_0::|security/tomoyo/network.c,507}"
CE0x5884540 "{CE0x5884540|tomoyo_check_inet_address:tmp2|*LoadInst*|security/tomoyo/network.c,507}"
CE0x7433850 "{CE0x7433850|tomoyo_check_inet_address:conv|security/tomoyo/network.c,507}"
CE0x4041d70 "{CE0x4041d70|tomoyo_check_inet_address:if.end20}"
CE0x5d0f9b0 "{CE0x5d0f9b0|tomoyo_inet_entry:entry}"
CE0x5955da0 "{CE0x5955da0|tomoyo_inet_entry:if.then}"
CE0x754ba30 "{CE0x754ba30|24:_i32*,_32:_i16,_34:_i8,_35:_i8,_36:_i8,_72:_i8,_:_SCMRE_36,37_}"
CONST[source:0(mediator),value:2(dynamic)][purpose:{object}][SnkIdx:3]


CONST[source:1(input),value:2(dynamic)][purpose:{object}][SrcIdx:3]  ->  CONST[source:0(mediator),value:2(dynamic)][purpose:{object}][SnkIdx:2]
-----------
CONST[source:1(input),value:2(dynamic)][purpose:{object}][SrcIdx:3]
CE0x58845b0 "{CE0x58845b0|COLLAPSED:_CRE:_elem_0::|security/tomoyo/network.c,507}"
CE0x5884540 "{CE0x5884540|tomoyo_check_inet_address:tmp2|*LoadInst*|security/tomoyo/network.c,507}"
CE0x7433850 "{CE0x7433850|tomoyo_check_inet_address:conv|security/tomoyo/network.c,507}"
CE0x4041d70 "{CE0x4041d70|tomoyo_check_inet_address:if.end20}"
CE0x5d0f9b0 "{CE0x5d0f9b0|tomoyo_inet_entry:entry}"
CE0x5955da0 "{CE0x5955da0|tomoyo_inet_entry:if.then}"
CE0x5946cc0 "{CE0x5946cc0|24:_i32*,_32:_i16,_34:_i8,_35:_i8,_36:_i8,_72:_i8,_:_SCMRE_32,33_}"
CONST[source:0(mediator),value:2(dynamic)][purpose:{object}][SnkIdx:2]


CONST[source:0(mediator),value:1(k-static)][purpose:{operation}][SrcIdx:5]  ->  CONST[source:0(mediator),value:0(static)][purpose:{operation}][SnkIdx:4]
-----------
CONST[source:0(mediator),value:1(k-static)][purpose:{operation}][SrcIdx:5]
CE0x73d8560 "{CE0x73d8560|0:_i8,_1:_i8,_8:_i16,_16:_i32*,_24:_i8,_:_CMR_0,1_|*MultipleSource*|Function::tomoyo_check_inet_address&Arg::address::|security/tomoyo/network.c,505}"
CE0x40324e0 "{CE0x40324e0|tomoyo_inet_entry:tmp16|*LoadInst*|security/tomoyo/network.c,476}"
CE0x5947000 "{CE0x5947000|24:_i32*,_32:_i16,_34:_i8,_35:_i8,_36:_i8,_72:_i8,_:_SCMRE_34,35_}"
CONST[source:0(mediator),value:0(static)][purpose:{operation}][SnkIdx:4]


CONST[source:0(mediator),value:1(k-static)][purpose:{operation}][SrcIdx:5]  ->  CONST[source:0(mediator),value:2(dynamic)][purpose:{object}][SnkIdx:2]
-----------
CONST[source:0(mediator),value:1(k-static)][purpose:{operation}][SrcIdx:5]
CE0x73d8560 "{CE0x73d8560|0:_i8,_1:_i8,_8:_i16,_16:_i32*,_24:_i8,_:_CMR_0,1_|*MultipleSource*|Function::tomoyo_check_inet_address&Arg::address::|security/tomoyo/network.c,505}"
CE0x5a6fb90 "{CE0x5a6fb90|tomoyo_check_inet_address:tmp29|*LoadInst*|security/tomoyo/network.c,527}"
CE0x5a6fec0 "{CE0x5a6fec0|tomoyo_check_inet_address:conv13|security/tomoyo/network.c,527}"
CE0x5be51f0 "{CE0x5be51f0|tomoyo_check_inet_address:cmp14|security/tomoyo/network.c,527}"
CE0x74f2f70 "{CE0x74f2f70|tomoyo_check_inet_address:if.then16}"
CE0x7543d60 "{CE0x7543d60|0:_i8,_1:_i8,_8:_i16,_16:_i32*,_24:_i8,_:_CMR_8,10_|*MultipleSource*|Function::tomoyo_check_inet_address&Arg::address::|security/tomoyo/network.c,505}"
CE0x4b16580 "{CE0x4b16580|tomoyo_inet_entry:tmp20|security/tomoyo/network.c,480}"
CE0x4b570d0 "{CE0x4b570d0|__fswab16:val|Function::__fswab16&Arg::val::}"
CE0x74374c0 "{CE0x74374c0|__fswab16:conv1|include/uapi/linux/swab.h,53}"
CE0x7437680 "{CE0x7437680|__fswab16:and2|include/uapi/linux/swab.h,53}"
CE0x74377b0 "{CE0x74377b0|__fswab16:shr|include/uapi/linux/swab.h,53}"
CE0x7355cb0 "{CE0x7355cb0|__fswab16:or|include/uapi/linux/swab.h,53}"
CE0x7355c40 "{CE0x7355c40|__fswab16:conv3|include/uapi/linux/swab.h,53}"
CE0x4b571e0 "{CE0x4b571e0|_ret_i16_%conv3,_!dbg_!38911|include/uapi/linux/swab.h,53}"
CE0x4b16450 "{CE0x4b16450|tomoyo_inet_entry:call21|security/tomoyo/network.c,480}"
CE0x4b57330 "{CE0x4b57330|tomoyo_inet_entry:conv22|security/tomoyo/network.c,480}"
CE0x4b5e070 "{CE0x4b5e070|tomoyo_inet_entry:conv23|security/tomoyo/network.c,480}"
CE0x5946cc0 "{CE0x5946cc0|24:_i32*,_32:_i16,_34:_i8,_35:_i8,_36:_i8,_72:_i8,_:_SCMRE_32,33_}"
CONST[source:0(mediator),value:2(dynamic)][purpose:{object}][SnkIdx:2]


CONST[source:1(input),value:2(dynamic)][purpose:{object}][SrcIdx:1]  ->  CONST[source:0(mediator),value:2(dynamic)][purpose:{object}][SnkIdx:1]
-----------
CONST[source:1(input),value:2(dynamic)][purpose:{object}][SrcIdx:1]
CE0x7424fa0 "{CE0x7424fa0|0:_i8,_1:_i8,_8:_i16,_16:_i32*,_24:_i8,_:_CMR_16,24_|*MultipleSource*|Function::tomoyo_check_inet_address&Arg::address::|security/tomoyo/network.c,505}"
CE0x4b131a0 "{CE0x4b131a0|tomoyo_inet_entry:tmp19|security/tomoyo/network.c,479}"
CE0x73205e0 "{CE0x73205e0|24:_i32*,_32:_i16,_34:_i8,_35:_i8,_36:_i8,_72:_i8,_:_SCMRE_31,32_}"
CONST[source:0(mediator),value:2(dynamic)][purpose:{object}][SnkIdx:1]


CONST[source:1(input),value:2(dynamic)][purpose:{object}][SrcIdx:1]  ->  CONST[source:0(mediator),value:2(dynamic)][purpose:{object}][SnkIdx:3]
-----------
CONST[source:1(input),value:2(dynamic)][purpose:{object}][SrcIdx:1]
CE0x74254d0 "{CE0x74254d0|0:_i8,_1:_i8,_8:_i16,_16:_i32*,_24:_i8,_:_CMR_24,25_|*MultipleSource*|Function::tomoyo_check_inet_address&Arg::address::|security/tomoyo/network.c,505}"
CE0x7356390 "{CE0x7356390|tomoyo_inet_entry:tmp18|security/tomoyo/network.c,478}"
CE0x3f62480 "{CE0x3f62480|tomoyo_inet_entry:tobool11|security/tomoyo/network.c,478}"
CE0x7356430 "{CE0x7356430|tomoyo_inet_entry:frombool|security/tomoyo/network.c,478}"
CE0x754ba30 "{CE0x754ba30|24:_i32*,_32:_i16,_34:_i8,_35:_i8,_36:_i8,_72:_i8,_:_SCMRE_36,37_}"
CONST[source:0(mediator),value:2(dynamic)][purpose:{object}][SnkIdx:3]


CONST[source:1(input),value:2(dynamic)][purpose:{object}][SrcIdx:1]  ->  CONST[source:0(mediator),value:2(dynamic)][purpose:{object}][SnkIdx:2]
-----------
CONST[source:1(input),value:2(dynamic)][purpose:{object}][SrcIdx:1]
CE0x7543d60 "{CE0x7543d60|0:_i8,_1:_i8,_8:_i16,_16:_i32*,_24:_i8,_:_CMR_8,10_|*MultipleSource*|Function::tomoyo_check_inet_address&Arg::address::|security/tomoyo/network.c,505}"
CE0x4b16580 "{CE0x4b16580|tomoyo_inet_entry:tmp20|security/tomoyo/network.c,480}"
CE0x4b570d0 "{CE0x4b570d0|__fswab16:val|Function::__fswab16&Arg::val::}"
CE0x4ae4db0 "{CE0x4ae4db0|__fswab16:conv|include/uapi/linux/swab.h,53}"
CE0x59468d0 "{CE0x59468d0|__fswab16:and|include/uapi/linux/swab.h,53}"
CE0x5946ac0 "{CE0x5946ac0|__fswab16:shl|include/uapi/linux/swab.h,53}"
CE0x7355cb0 "{CE0x7355cb0|__fswab16:or|include/uapi/linux/swab.h,53}"
CE0x7355c40 "{CE0x7355c40|__fswab16:conv3|include/uapi/linux/swab.h,53}"
CE0x4b571e0 "{CE0x4b571e0|_ret_i16_%conv3,_!dbg_!38911|include/uapi/linux/swab.h,53}"
CE0x4b16450 "{CE0x4b16450|tomoyo_inet_entry:call21|security/tomoyo/network.c,480}"
CE0x4b57330 "{CE0x4b57330|tomoyo_inet_entry:conv22|security/tomoyo/network.c,480}"
CE0x4b5e070 "{CE0x4b5e070|tomoyo_inet_entry:conv23|security/tomoyo/network.c,480}"
CE0x5946cc0 "{CE0x5946cc0|24:_i32*,_32:_i16,_34:_i8,_35:_i8,_36:_i8,_72:_i8,_:_SCMRE_32,33_}"
CONST[source:0(mediator),value:2(dynamic)][purpose:{object}][SnkIdx:2]


CONST[source:2(external),value:2(dynamic)][purpose:{subject}][SrcIdx:7]  ->  CONST[source:0(mediator),value:2(dynamic)][purpose:{subject}][SnkIdx:0]
-----------
CONST[source:2(external),value:2(dynamic)][purpose:{subject}][SrcIdx:7]
CE0x3d62980 "{CE0x3d62980|128:_i8*,_1208:_%struct.file*,_:_CMRE_128,136_|*MultipleSource*|security/tomoyo/common.h,1205|security/tomoyo/common.h,1205}"
CE0x3db1a30 "{CE0x3db1a30|tomoyo_domain:tmp22|security/tomoyo/common.h,1205}"
CE0x72dbaf0 "{CE0x72dbaf0|tomoyo_domain:tmp23|security/tomoyo/common.h,1205}"
CE0x7343450 "{CE0x7343450|_ret_%struct.tomoyo_domain_info*_%tmp23,_!dbg_!38929|security/tomoyo/common.h,1205}"
CE0x5c50680 "{CE0x5c50680|tomoyo_init_request_info:call|security/tomoyo/util.c,1005}"
CE0x74d5c30 "{CE0x74d5c30|tomoyo_init_request_info:domain.addr.0}"
CE0x72ed540 "{CE0x72ed540|24:_i32*,_32:_i16,_34:_i8,_35:_i8,_36:_i8,_72:_i8,_:_SCMRE_16,24_|*MultipleSource*|security/tomoyo/network.c, 469|security/tomoyo/network.c,469|Function::tomoyo_init_request_info&Arg::r::|security/tomoyo/network.c,475}"
CONST[source:0(mediator),value:2(dynamic)][purpose:{subject}][SnkIdx:0]


CONST[source:1(input),value:2(dynamic)][purpose:{object}][SrcIdx:4]  ->  CONST[source:0(mediator),value:2(dynamic)][purpose:{object}][SnkIdx:1]
-----------
CONST[source:1(input),value:2(dynamic)][purpose:{object}][SrcIdx:4]
CE0x4034f60 "{CE0x4034f60|tomoyo_check_inet_address:addr_len|Function::tomoyo_check_inet_address&Arg::addr_len::|*SummSource*}"
CE0x4034e90 "{CE0x4034e90|tomoyo_check_inet_address:addr_len|Function::tomoyo_check_inet_address&Arg::addr_len::}"
CE0x75b6630 "{CE0x75b6630|tomoyo_check_inet_address:cmp|security/tomoyo/network.c,509}"
CE0x73d8e50 "{CE0x73d8e50|tomoyo_check_inet_address:if.end}"
CE0x7424fa0 "{CE0x7424fa0|0:_i8,_1:_i8,_8:_i16,_16:_i32*,_24:_i8,_:_CMR_16,24_|*MultipleSource*|Function::tomoyo_check_inet_address&Arg::address::|security/tomoyo/network.c,505}"
CE0x4b131a0 "{CE0x4b131a0|tomoyo_inet_entry:tmp19|security/tomoyo/network.c,479}"
CE0x74f61d0 "{CE0x74f61d0|24:_i32*,_32:_i16,_34:_i8,_35:_i8,_36:_i8,_72:_i8,_:_SCMRE_25,26_}"
CONST[source:0(mediator),value:2(dynamic)][purpose:{object}][SnkIdx:1]


CONST[source:1(input),value:2(dynamic)][purpose:{object}][SrcIdx:4]  ->  CONST[source:0(mediator),value:0(static)][purpose:{operation}][SnkIdx:4]
-----------
CONST[source:1(input),value:2(dynamic)][purpose:{object}][SrcIdx:4]
CE0x4034f60 "{CE0x4034f60|tomoyo_check_inet_address:addr_len|Function::tomoyo_check_inet_address&Arg::addr_len::|*SummSource*}"
CE0x4034e90 "{CE0x4034e90|tomoyo_check_inet_address:addr_len|Function::tomoyo_check_inet_address&Arg::addr_len::}"
CE0x75b6630 "{CE0x75b6630|tomoyo_check_inet_address:cmp|security/tomoyo/network.c,509}"
CE0x4041d70 "{CE0x4041d70|tomoyo_check_inet_address:if.end20}"
CE0x5d0f9b0 "{CE0x5d0f9b0|tomoyo_inet_entry:entry}"
CE0x5955da0 "{CE0x5955da0|tomoyo_inet_entry:if.then}"
CE0x5947000 "{CE0x5947000|24:_i32*,_32:_i16,_34:_i8,_35:_i8,_36:_i8,_72:_i8,_:_SCMRE_34,35_}"
CONST[source:0(mediator),value:0(static)][purpose:{operation}][SnkIdx:4]


CONST[source:1(input),value:2(dynamic)][purpose:{object}][SrcIdx:4]  ->  CONST[source:0(mediator),value:0(static)][purpose:{operation}][SnkIdx:5]
-----------
CONST[source:1(input),value:2(dynamic)][purpose:{object}][SrcIdx:4]
CE0x4034f60 "{CE0x4034f60|tomoyo_check_inet_address:addr_len|Function::tomoyo_check_inet_address&Arg::addr_len::|*SummSource*}"
CE0x4034e90 "{CE0x4034e90|tomoyo_check_inet_address:addr_len|Function::tomoyo_check_inet_address&Arg::addr_len::}"
CE0x75b6630 "{CE0x75b6630|tomoyo_check_inet_address:cmp|security/tomoyo/network.c,509}"
CE0x4041d70 "{CE0x4041d70|tomoyo_check_inet_address:if.end20}"
CE0x5d0f9b0 "{CE0x5d0f9b0|tomoyo_inet_entry:entry}"
CE0x5955da0 "{CE0x5955da0|tomoyo_inet_entry:if.then}"
CE0x754b890 "{CE0x754b890|24:_i32*,_32:_i16,_34:_i8,_35:_i8,_36:_i8,_72:_i8,_:_SCMRE_35,36_}"
CONST[source:0(mediator),value:0(static)][purpose:{operation}][SnkIdx:5]


CONST[source:1(input),value:2(dynamic)][purpose:{object}][SrcIdx:4]  ->  CONST[source:0(mediator),value:2(dynamic)][purpose:{subject}][SnkIdx:0]
-----------
CONST[source:1(input),value:2(dynamic)][purpose:{object}][SrcIdx:4]
CE0x4034f60 "{CE0x4034f60|tomoyo_check_inet_address:addr_len|Function::tomoyo_check_inet_address&Arg::addr_len::|*SummSource*}"
CE0x4034e90 "{CE0x4034e90|tomoyo_check_inet_address:addr_len|Function::tomoyo_check_inet_address&Arg::addr_len::}"
CE0x75b6630 "{CE0x75b6630|tomoyo_check_inet_address:cmp|security/tomoyo/network.c,509}"
CE0x4041d70 "{CE0x4041d70|tomoyo_check_inet_address:if.end20}"
CE0x5d0f9b0 "{CE0x5d0f9b0|tomoyo_inet_entry:entry}"
CE0x4e0f600 "{CE0x4e0f600|tomoyo_inet_entry:land.lhs.true}"
CE0x7266160 "{CE0x7266160|tomoyo_init_request_info:entry}"
CE0x3d2a370 "{CE0x3d2a370|tomoyo_init_request_info:if.end}"
CE0x72ed540 "{CE0x72ed540|24:_i32*,_32:_i16,_34:_i8,_35:_i8,_36:_i8,_72:_i8,_:_SCMRE_16,24_|*MultipleSource*|security/tomoyo/network.c, 469|security/tomoyo/network.c,469|Function::tomoyo_init_request_info&Arg::r::|security/tomoyo/network.c,475}"
CONST[source:0(mediator),value:2(dynamic)][purpose:{subject}][SnkIdx:0]


CONST[source:1(input),value:2(dynamic)][purpose:{object}][SrcIdx:4]  ->  CONST[source:0(mediator),value:2(dynamic)][purpose:{object}][SnkIdx:3]
-----------
CONST[source:1(input),value:2(dynamic)][purpose:{object}][SrcIdx:4]
CE0x4034f60 "{CE0x4034f60|tomoyo_check_inet_address:addr_len|Function::tomoyo_check_inet_address&Arg::addr_len::|*SummSource*}"
CE0x4034e90 "{CE0x4034e90|tomoyo_check_inet_address:addr_len|Function::tomoyo_check_inet_address&Arg::addr_len::}"
CE0x75b6630 "{CE0x75b6630|tomoyo_check_inet_address:cmp|security/tomoyo/network.c,509}"
CE0x4041d70 "{CE0x4041d70|tomoyo_check_inet_address:if.end20}"
CE0x5d0f9b0 "{CE0x5d0f9b0|tomoyo_inet_entry:entry}"
CE0x5955da0 "{CE0x5955da0|tomoyo_inet_entry:if.then}"
CE0x754ba30 "{CE0x754ba30|24:_i32*,_32:_i16,_34:_i8,_35:_i8,_36:_i8,_72:_i8,_:_SCMRE_36,37_}"
CONST[source:0(mediator),value:2(dynamic)][purpose:{object}][SnkIdx:3]


CONST[source:1(input),value:2(dynamic)][purpose:{object}][SrcIdx:4]  ->  CONST[source:0(mediator),value:2(dynamic)][purpose:{object}][SnkIdx:2]
-----------
CONST[source:1(input),value:2(dynamic)][purpose:{object}][SrcIdx:4]
CE0x4034f60 "{CE0x4034f60|tomoyo_check_inet_address:addr_len|Function::tomoyo_check_inet_address&Arg::addr_len::|*SummSource*}"
CE0x4034e90 "{CE0x4034e90|tomoyo_check_inet_address:addr_len|Function::tomoyo_check_inet_address&Arg::addr_len::}"
CE0x75b6630 "{CE0x75b6630|tomoyo_check_inet_address:cmp|security/tomoyo/network.c,509}"
CE0x4041d70 "{CE0x4041d70|tomoyo_check_inet_address:if.end20}"
CE0x5d0f9b0 "{CE0x5d0f9b0|tomoyo_inet_entry:entry}"
CE0x5955da0 "{CE0x5955da0|tomoyo_inet_entry:if.then}"
CE0x5946cc0 "{CE0x5946cc0|24:_i32*,_32:_i16,_34:_i8,_35:_i8,_36:_i8,_72:_i8,_:_SCMRE_32,33_}"
CONST[source:0(mediator),value:2(dynamic)][purpose:{object}][SnkIdx:2]


