[selinux_inode_symlink]

explicit:
CONST[source:1(input),value:2(dynamic)][purpose:{object}]  ->  CONST[source:0(mediator),value:2(dynamic)][purpose:{object}]
-----------
CONST[source:1(input),value:2(dynamic)][purpose:{object}]
CE0x4eb8250 "{CE0x4eb8250|28:_i32,_:_CRE_28,32_|*MultipleSource*|*LoadInst*|security/selinux/hooks.c,1713|security/selinux/hooks.c,1713|security/selinux/hooks.c,1722}"
CE0x4f99c10 "{CE0x4f99c10|may_create:_tmp29|security/selinux/hooks.c,1722}"
CE0x4f9a010 "{CE0x4f9a010|may_create:_tmp29|security/selinux/hooks.c,1722|*SummSink*}"
CONST[source:0(mediator),value:2(dynamic)][purpose:{object}]


CONST[source:2(external),value:2(dynamic)][purpose:{subject}]  ->  CONST[source:0(mediator),value:2(dynamic)][purpose:{object}]
-----------
CONST[source:2(external),value:2(dynamic)][purpose:{subject}]
CE0x4f08400 "{CE0x4f08400|COLLAPSED:_GCMRE_current_task_external_global_%struct.task_struct*:_elem_0::|security/selinux/hooks.c,1706}"
CE0x4ed97f0 "{CE0x4ed97f0|may_create:_tmp20|security/selinux/hooks.c,1706}"
CE0x4ed9cd0 "{CE0x4ed9cd0|may_create:_tmp21|security/selinux/hooks.c,1706}"
CE0x4fa1980 "{CE0x4fa1980|may_create:_create_sid|security/selinux/hooks.c,1717}"
CE0x4fa1910 "{CE0x4fa1910|may_create:_tmp28|security/selinux/hooks.c,1717}"
CE0x4fa1d40 "{CE0x4fa1d40|0:_i32,_:_SCMRE:_elem_0:default:}"
CE0x4f110b0 "{CE0x4f110b0|may_create:_tmp55|security/selinux/hooks.c,1735}"
CE0x4fd56f0 "{CE0x4fd56f0|may_create:_tmp55|security/selinux/hooks.c,1735|*SummSink*}"
CONST[source:0(mediator),value:2(dynamic)][purpose:{object}]


CONST[source:2(external),value:2(dynamic)][purpose:{subject}]  ->  CONST[source:1(input),value:2(dynamic)][purpose:{subject}]
-----------
CONST[source:2(external),value:2(dynamic)][purpose:{subject}]
CE0x4f08400 "{CE0x4f08400|COLLAPSED:_GCMRE_current_task_external_global_%struct.task_struct*:_elem_0::|security/selinux/hooks.c,1706}"
CE0x4ed97f0 "{CE0x4ed97f0|may_create:_tmp20|security/selinux/hooks.c,1706}"
CE0x4ed9cd0 "{CE0x4ed9cd0|may_create:_tmp21|security/selinux/hooks.c,1706}"
CE0x4fa7fa0 "{CE0x4fa7fa0|may_create:_sid11|security/selinux/hooks.c,1716}"
CE0x4fa0d80 "{CE0x4fa0d80|may_create:_tmp27|security/selinux/hooks.c,1716}"
CE0x4fa1060 "{CE0x4fa1060|may_create:_tmp27|security/selinux/hooks.c,1716|*SummSink*}"
CONST[source:1(input),value:2(dynamic)][purpose:{subject}]



implicit:
CONST[source:1(input),value:2(dynamic)][purpose:{object}]  ->  CONST[source:0(mediator),value:2(dynamic)][purpose:{object}]
-----------
CONST[source:1(input),value:2(dynamic)][purpose:{object}]
CE0x4eb8250 "{CE0x4eb8250|28:_i32,_:_CRE_28,32_|*MultipleSource*|*LoadInst*|security/selinux/hooks.c,1713|security/selinux/hooks.c,1713|security/selinux/hooks.c,1722}"
CE0x4f99c10 "{CE0x4f99c10|may_create:_tmp29|security/selinux/hooks.c,1722}"
CE0x4f9a010 "{CE0x4f9a010|may_create:_tmp29|security/selinux/hooks.c,1722|*SummSink*}"
CONST[source:0(mediator),value:2(dynamic)][purpose:{object}]


CONST[source:1(input),value:2(dynamic)][purpose:{object}]  ->  CONST[source:1(input),value:2(dynamic)][purpose:{subject}]
-----------
CONST[source:1(input),value:2(dynamic)][purpose:{object}]
CE0x4fbf170 "{CE0x4fbf170|VOIDTB_TE:_CE_90,91_}"
CE0x4f0f1f0 "{CE0x4f0f1f0|may_create:_call22|security/selinux/hooks.c,1729}"
CE0x4fd4ba0 "{CE0x4fd4ba0|may_create:_tobool23|security/selinux/hooks.c,1731}"
CE0x4ed5700 "{CE0x4ed5700|may_create:_if.end30}"
CE0x4ede0a0 "{CE0x4ede0a0|may_create:_tmp64|security/selinux/hooks.c,1739}"
CE0x4ee03a0 "{CE0x4ee03a0|may_create:_tmp64|security/selinux/hooks.c,1739|*SummSink*}"
CONST[source:1(input),value:2(dynamic)][purpose:{subject}]


CONST[source:2(external),value:2(dynamic)][purpose:{subject}]  ->  CONST[source:0(mediator),value:2(dynamic)][purpose:{object}]
-----------
CONST[source:2(external),value:2(dynamic)][purpose:{subject}]
CE0x4ed9670 "{CE0x4ed9670|COLLAPSED:_CMRE:_elem_0::|security/selinux/hooks.c,1706}"
CE0x4ed97f0 "{CE0x4ed97f0|may_create:_tmp20|security/selinux/hooks.c,1706}"
CE0x4ed9cd0 "{CE0x4ed9cd0|may_create:_tmp21|security/selinux/hooks.c,1706}"
CE0x4fa1980 "{CE0x4fa1980|may_create:_create_sid|security/selinux/hooks.c,1717}"
CE0x4fa1910 "{CE0x4fa1910|may_create:_tmp28|security/selinux/hooks.c,1717}"
CE0x4fa1d40 "{CE0x4fa1d40|0:_i32,_:_SCMRE:_elem_0:default:}"
CE0x4f110b0 "{CE0x4f110b0|may_create:_tmp55|security/selinux/hooks.c,1735}"
CE0x4fd56f0 "{CE0x4fd56f0|may_create:_tmp55|security/selinux/hooks.c,1735|*SummSink*}"
CONST[source:0(mediator),value:2(dynamic)][purpose:{object}]


CONST[source:2(external),value:2(dynamic)][purpose:{subject}]  ->  CONST[source:1(input),value:2(dynamic)][purpose:{subject}]
-----------
CONST[source:2(external),value:2(dynamic)][purpose:{subject}]
CE0x4ed9670 "{CE0x4ed9670|COLLAPSED:_CMRE:_elem_0::|security/selinux/hooks.c,1706}"
CE0x4ed97f0 "{CE0x4ed97f0|may_create:_tmp20|security/selinux/hooks.c,1706}"
CE0x4ed9cd0 "{CE0x4ed9cd0|may_create:_tmp21|security/selinux/hooks.c,1706}"
CE0x4fa7fa0 "{CE0x4fa7fa0|may_create:_sid11|security/selinux/hooks.c,1716}"
CE0x4fa0d80 "{CE0x4fa0d80|may_create:_tmp27|security/selinux/hooks.c,1716}"
CE0x4fa1060 "{CE0x4fa1060|may_create:_tmp27|security/selinux/hooks.c,1716|*SummSink*}"
CONST[source:1(input),value:2(dynamic)][purpose:{subject}]


