[tomoyo_socket_connect]

explicit:
CONST[source:2(external),value:2(dynamic)][purpose:{subject}][SrcIdx:6]  ->  CONST[source:0(mediator),value:2(dynamic)][purpose:{subject}]
-----------
CONST[source:2(external),value:2(dynamic)][purpose:{subject}][SrcIdx:6]
CE0x6482c10 "{CE0x6482c10|128:_i8*,_1208:_%struct.file*,_:_CMRE_128,136_|*MultipleSource*|security/tomoyo/common.h,1205|security/tomoyo/common.h,1205}"
CE0x64a24b0 "{CE0x64a24b0|tomoyo_domain:tmp22|security/tomoyo/common.h,1205}"
CE0x6339e80 "{CE0x6339e80|tomoyo_domain:tmp23|security/tomoyo/common.h,1205}"
CE0x6174070 "{CE0x6174070|_ret_%struct.tomoyo_domain_info*_%tmp23,_!dbg_!38929|security/tomoyo/common.h,1205}"
CE0x6199830 "{CE0x6199830|tomoyo_init_request_info:call|security/tomoyo/util.c,1005}"
CE0x616edd0 "{CE0x616edd0|tomoyo_init_request_info:domain.addr.0}"
CE0x4472880 "{CE0x4472880|24:_%struct.tomoyo_path_info*,_32:_i8,_33:_i8,_72:_i8,_:_SCMRE_16,24_|*MultipleSource*|security/tomoyo/network.c, 544|security/tomoyo/network.c,544|Function::tomoyo_init_request_info&Arg::r::|security/tomoyo/network.c,565}"
CONST[source:0(mediator),value:2(dynamic)][purpose:{subject}]


CONST[source:0(mediator),value:2(dynamic)][purpose:{operation}][SrcIdx:4]  ->  CONST[source:0(mediator),value:0(static)][purpose:{operation}]
-----------
CONST[source:0(mediator),value:2(dynamic)][purpose:{operation}][SrcIdx:4]
CE0x7a5ca90 "{CE0x7a5ca90|0:_i8,_1:_i8,_32:_i8*,_40:_i32,_:_CMR_0,1_|*MultipleSource*|Function::tomoyo_check_unix_address&Arg::address::|security/tomoyo/network.c,594}"
CE0x51e3e30 "{CE0x51e3e30|tomoyo_unix_entry:tmp37|*LoadInst*|security/tomoyo/network.c,566}"
CE0x45517f0 "{CE0x45517f0|24:_%struct.tomoyo_path_info*,_32:_i8,_33:_i8,_72:_i8,_:_SCMRE_32,33_}"
CONST[source:0(mediator),value:0(static)][purpose:{operation}]


CONST[source:1(input),value:2(dynamic)][purpose:{operation}][SrcIdx:5]  ->  CONST[source:0(mediator),value:0(static)][purpose:{operation}]
-----------
CONST[source:1(input),value:2(dynamic)][purpose:{operation}][SrcIdx:5]
CE0x7ab3630 "{CE0x7ab3630|0:_i8,_1:_i8,_32:_i8*,_40:_i32,_:_CMR_1,2_|*MultipleSource*|Function::tomoyo_check_unix_address&Arg::address::|security/tomoyo/network.c,594}"
CE0x51e3c80 "{CE0x51e3c80|tomoyo_unix_entry:tmp38|*LoadInst*|security/tomoyo/network.c,567}"
CE0x4551990 "{CE0x4551990|24:_%struct.tomoyo_path_info*,_32:_i8,_33:_i8,_72:_i8,_:_SCMRE_33,34_}"
CONST[source:0(mediator),value:0(static)][purpose:{operation}]



implicit:
CONST[source:1(input),value:2(dynamic)][purpose:{object}][SrcIdx:2]  ->  CONST[source:0(mediator),value:0(static)][purpose:{operation}]
-----------
CONST[source:1(input),value:2(dynamic)][purpose:{object}][SrcIdx:2]
CE0x7aed5e0 "{CE0x7aed5e0|tomoyo_check_unix_address:addr_len|Function::tomoyo_check_unix_address&Arg::addr_len::|*SummSource*}"
CE0x7aed350 "{CE0x7aed350|tomoyo_check_unix_address:addr_len|Function::tomoyo_check_unix_address&Arg::addr_len::}"
CE0x7a2a7a0 "{CE0x7a2a7a0|0:_i8,_1:_i8,_32:_i8*,_40:_i32,_:_CMR_40,44_|*MultipleSource*|Function::tomoyo_check_unix_address&Arg::address::|security/tomoyo/network.c,594}"
CE0x7943200 "{CE0x7943200|tomoyo_unix_entry:tmp15|security/tomoyo/network.c,551}"
CE0x61b2ea0 "{CE0x61b2ea0|tomoyo_unix_entry:conv6|security/tomoyo/network.c,551}"
CE0x79430b0 "{CE0x79430b0|tomoyo_unix_entry:sub|security/tomoyo/network.c,551}"
CE0x61b35f0 "{CE0x61b35f0|tomoyo_unix_entry:conv7|security/tomoyo/network.c,551}"
CE0x6045400 "{CE0x6045400|tomoyo_unix_entry:len.0}"
CE0x605b390 "{CE0x605b390|tomoyo_unix_entry:len.1}"
CE0x605b730 "{CE0x605b730|tomoyo_unix_entry:call18|security/tomoyo/network.c,559}"
CE0x7bd3fe0 "{CE0x7bd3fe0|tomoyo_unix_entry:tobool19|security/tomoyo/network.c,560}"
CE0x617f570 "{CE0x617f570|tomoyo_unix_entry:if.then20}"
CE0x45517f0 "{CE0x45517f0|24:_%struct.tomoyo_path_info*,_32:_i8,_33:_i8,_72:_i8,_:_SCMRE_32,33_}"
CONST[source:0(mediator),value:0(static)][purpose:{operation}]


CONST[source:1(input),value:2(dynamic)][purpose:{object}][SrcIdx:2]  ->  CONST[source:0(mediator),value:2(dynamic)][purpose:{object}]
-----------
CONST[source:1(input),value:2(dynamic)][purpose:{object}][SrcIdx:2]
CE0x7aed5e0 "{CE0x7aed5e0|tomoyo_check_unix_address:addr_len|Function::tomoyo_check_unix_address&Arg::addr_len::|*SummSource*}"
CE0x7aed350 "{CE0x7aed350|tomoyo_check_unix_address:addr_len|Function::tomoyo_check_unix_address&Arg::addr_len::}"
CE0x7a2a7a0 "{CE0x7a2a7a0|0:_i8,_1:_i8,_32:_i8*,_40:_i32,_:_CMR_40,44_|*MultipleSource*|Function::tomoyo_check_unix_address&Arg::address::|security/tomoyo/network.c,594}"
CE0x7943200 "{CE0x7943200|tomoyo_unix_entry:tmp15|security/tomoyo/network.c,551}"
CE0x61b2ea0 "{CE0x61b2ea0|tomoyo_unix_entry:conv6|security/tomoyo/network.c,551}"
CE0x79430b0 "{CE0x79430b0|tomoyo_unix_entry:sub|security/tomoyo/network.c,551}"
CE0x61b35f0 "{CE0x61b35f0|tomoyo_unix_entry:conv7|security/tomoyo/network.c,551}"
CE0x6045400 "{CE0x6045400|tomoyo_unix_entry:len.0}"
CE0x605b390 "{CE0x605b390|tomoyo_unix_entry:len.1}"
CE0x605b730 "{CE0x605b730|tomoyo_unix_entry:call18|security/tomoyo/network.c,559}"
CE0x7bd3fe0 "{CE0x7bd3fe0|tomoyo_unix_entry:tobool19|security/tomoyo/network.c,560}"
CE0x617f570 "{CE0x617f570|tomoyo_unix_entry:if.then20}"
CE0x4551310 "{CE0x4551310|24:_%struct.tomoyo_path_info*,_32:_i8,_33:_i8,_72:_i8,_:_SCMRE_29,30_}"
CONST[source:0(mediator),value:2(dynamic)][purpose:{object}]


CONST[source:0(mediator),value:2(dynamic)][purpose:{operation}][SrcIdx:4]  ->  CONST[source:0(mediator),value:0(static)][purpose:{operation}]
-----------
CONST[source:0(mediator),value:2(dynamic)][purpose:{operation}][SrcIdx:4]
CE0x7a5ca90 "{CE0x7a5ca90|0:_i8,_1:_i8,_32:_i8*,_40:_i32,_:_CMR_0,1_|*MultipleSource*|Function::tomoyo_check_unix_address&Arg::address::|security/tomoyo/network.c,594}"
CE0x51e3e30 "{CE0x51e3e30|tomoyo_unix_entry:tmp37|*LoadInst*|security/tomoyo/network.c,566}"
CE0x45517f0 "{CE0x45517f0|24:_%struct.tomoyo_path_info*,_32:_i8,_33:_i8,_72:_i8,_:_SCMRE_32,33_}"
CONST[source:0(mediator),value:0(static)][purpose:{operation}]


CONST[source:0(mediator),value:2(dynamic)][purpose:{operation}][SrcIdx:4]  ->  CONST[source:0(mediator),value:2(dynamic)][purpose:{object}]
-----------
CONST[source:0(mediator),value:2(dynamic)][purpose:{operation}][SrcIdx:4]
CE0x7a5ca90 "{CE0x7a5ca90|0:_i8,_1:_i8,_32:_i8*,_40:_i32,_:_CMR_0,1_|*MultipleSource*|Function::tomoyo_check_unix_address&Arg::address::|security/tomoyo/network.c,594}"
CE0x45ea850 "{CE0x45ea850|tomoyo_unix_entry:tmp4|*LoadInst*|security/tomoyo/network.c,546}"
CE0x45eae30 "{CE0x45eae30|tomoyo_unix_entry:idxprom1|security/tomoyo/network.c,546}"
CE0x62349e0 "{CE0x62349e0|tomoyo_unix_entry:arrayidx|security/tomoyo/network.c,546}"
CE0x525d2f0 "{CE0x525d2f0|tomoyo_unix_entry:arrayidx2|security/tomoyo/network.c,546}"
CE0x649c2b0 "{CE0x649c2b0|tomoyo_unix_entry:tmp5|security/tomoyo/network.c,546}"
CE0x45d79c0 "{CE0x45d79c0|tomoyo_unix_entry:conv|security/tomoyo/network.c,548}"
CE0x6f8e640 "{CE0x6f8e640|tomoyo_unix_entry:tobool|security/tomoyo/network.c,548}"
CE0x617f570 "{CE0x617f570|tomoyo_unix_entry:if.then20}"
CE0x4551310 "{CE0x4551310|24:_%struct.tomoyo_path_info*,_32:_i8,_33:_i8,_72:_i8,_:_SCMRE_29,30_}"
CONST[source:0(mediator),value:2(dynamic)][purpose:{object}]


CONST[source:0(mediator),value:2(dynamic)][purpose:{operation}][SrcIdx:4]  ->  CONST[source:0(mediator),value:2(dynamic)][purpose:{subject}]
-----------
CONST[source:0(mediator),value:2(dynamic)][purpose:{operation}][SrcIdx:4]
CE0x7a5ca90 "{CE0x7a5ca90|0:_i8,_1:_i8,_32:_i8*,_40:_i32,_:_CMR_0,1_|*MultipleSource*|Function::tomoyo_check_unix_address&Arg::address::|security/tomoyo/network.c,594}"
CE0x45ea850 "{CE0x45ea850|tomoyo_unix_entry:tmp4|*LoadInst*|security/tomoyo/network.c,546}"
CE0x45eae30 "{CE0x45eae30|tomoyo_unix_entry:idxprom1|security/tomoyo/network.c,546}"
CE0x62349e0 "{CE0x62349e0|tomoyo_unix_entry:arrayidx|security/tomoyo/network.c,546}"
CE0x525d2f0 "{CE0x525d2f0|tomoyo_unix_entry:arrayidx2|security/tomoyo/network.c,546}"
CE0x649c2b0 "{CE0x649c2b0|tomoyo_unix_entry:tmp5|security/tomoyo/network.c,546}"
CE0x45d79c0 "{CE0x45d79c0|tomoyo_unix_entry:conv|security/tomoyo/network.c,548}"
CE0x6f8e640 "{CE0x6f8e640|tomoyo_unix_entry:tobool|security/tomoyo/network.c,548}"
CE0x6016fe0 "{CE0x6016fe0|tomoyo_unix_entry:land.lhs.true}"
CE0x45d1240 "{CE0x45d1240|tomoyo_init_request_info:entry}"
CE0x60abc00 "{CE0x60abc00|tomoyo_init_request_info:if.end}"
CE0x4472880 "{CE0x4472880|24:_%struct.tomoyo_path_info*,_32:_i8,_33:_i8,_72:_i8,_:_SCMRE_16,24_|*MultipleSource*|security/tomoyo/network.c, 544|security/tomoyo/network.c,544|Function::tomoyo_init_request_info&Arg::r::|security/tomoyo/network.c,565}"
CONST[source:0(mediator),value:2(dynamic)][purpose:{subject}]


CONST[source:1(input),value:2(dynamic)][purpose:{object}][SrcIdx:1]  ->  CONST[source:0(mediator),value:0(static)][purpose:{operation}]
-----------
CONST[source:1(input),value:2(dynamic)][purpose:{object}][SrcIdx:1]
CE0x7a0c590 "{CE0x7a0c590|0:_i8,_1:_i8,_32:_i8*,_40:_i32,_:_CMR_32,40_|*MultipleSource*|Function::tomoyo_check_unix_address&Arg::address::|security/tomoyo/network.c,594}"
CE0x53b4250 "{CE0x53b4250|tomoyo_unix_entry:tmp14|security/tomoyo/network.c,550}"
CE0x6054750 "{CE0x6054750|tomoyo_unix_entry:buf.0}"
CE0x605b730 "{CE0x605b730|tomoyo_unix_entry:call18|security/tomoyo/network.c,559}"
CE0x7bd3fe0 "{CE0x7bd3fe0|tomoyo_unix_entry:tobool19|security/tomoyo/network.c,560}"
CE0x617f570 "{CE0x617f570|tomoyo_unix_entry:if.then20}"
CE0x45517f0 "{CE0x45517f0|24:_%struct.tomoyo_path_info*,_32:_i8,_33:_i8,_72:_i8,_:_SCMRE_32,33_}"
CONST[source:0(mediator),value:0(static)][purpose:{operation}]


CONST[source:1(input),value:2(dynamic)][purpose:{object}][SrcIdx:1]  ->  CONST[source:0(mediator),value:2(dynamic)][purpose:{object}]
-----------
CONST[source:1(input),value:2(dynamic)][purpose:{object}][SrcIdx:1]
CE0x7a0c590 "{CE0x7a0c590|0:_i8,_1:_i8,_32:_i8*,_40:_i32,_:_CMR_32,40_|*MultipleSource*|Function::tomoyo_check_unix_address&Arg::address::|security/tomoyo/network.c,594}"
CE0x53b4250 "{CE0x53b4250|tomoyo_unix_entry:tmp14|security/tomoyo/network.c,550}"
CE0x6054750 "{CE0x6054750|tomoyo_unix_entry:buf.0}"
CE0x605b730 "{CE0x605b730|tomoyo_unix_entry:call18|security/tomoyo/network.c,559}"
CE0x7bd3fe0 "{CE0x7bd3fe0|tomoyo_unix_entry:tobool19|security/tomoyo/network.c,560}"
CE0x617f570 "{CE0x617f570|tomoyo_unix_entry:if.then20}"
CE0x4551310 "{CE0x4551310|24:_%struct.tomoyo_path_info*,_32:_i8,_33:_i8,_72:_i8,_:_SCMRE_29,30_}"
CONST[source:0(mediator),value:2(dynamic)][purpose:{object}]


CONST[source:2(external),value:2(dynamic)][purpose:{subject}][SrcIdx:6]  ->  CONST[source:0(mediator),value:0(static)][purpose:{operation}]
-----------
CONST[source:2(external),value:2(dynamic)][purpose:{subject}][SrcIdx:6]
CE0x6482c10 "{CE0x6482c10|128:_i8*,_1208:_%struct.file*,_:_CMRE_128,136_|*MultipleSource*|security/tomoyo/common.h,1205|security/tomoyo/common.h,1205}"
CE0x64a24b0 "{CE0x64a24b0|tomoyo_domain:tmp22|security/tomoyo/common.h,1205}"
CE0x6339e80 "{CE0x6339e80|tomoyo_domain:tmp23|security/tomoyo/common.h,1205}"
CE0x6174070 "{CE0x6174070|_ret_%struct.tomoyo_domain_info*_%tmp23,_!dbg_!38929|security/tomoyo/common.h,1205}"
CE0x6199830 "{CE0x6199830|tomoyo_init_request_info:call|security/tomoyo/util.c,1005}"
CE0x616edd0 "{CE0x616edd0|tomoyo_init_request_info:domain.addr.0}"
CE0x60a5120 "{CE0x60a5120|tomoyo_init_request_info:profile2|security/tomoyo/util.c,1007}"
CE0x60a47a0 "{CE0x60a47a0|tomoyo_init_request_info:tmp11|security/tomoyo/util.c,1007}"
CE0x6022b90 "{CE0x6022b90|tomoyo_get_mode:profile|Function::tomoyo_get_mode&Arg::profile::}"
CE0x4556a60 "{CE0x4556a60|COLLAPSED:_CRE:_elem_0:default:}"
CE0x7a52e50 "{CE0x7a52e50|tomoyo_get_mode:tmp24|security/tomoyo/util.c,986}"
CE0x7a53530 "{CE0x7a53530|tomoyo_get_mode:mode.1}"
CE0x51de810 "{CE0x51de810|tomoyo_get_mode:conv15|security/tomoyo/util.c,987}"
CE0x6010e30 "{CE0x6010e30|tomoyo_get_mode:and|security/tomoyo/util.c,987}"
CE0x6011000 "{CE0x6011000|tomoyo_get_mode:retval.0}"
CE0x60d7d80 "{CE0x60d7d80|_ret_i32_%retval.0,_!dbg_!38935|security/tomoyo/util.c,988}"
CE0x6023560 "{CE0x6023560|tomoyo_init_request_info:call4|security/tomoyo/util.c,1010}"
CE0x47b5270 "{CE0x47b5270|tomoyo_init_request_info:conv|security/tomoyo/util.c,1010}"
CE0x50e2b20 "{CE0x50e2b20|24:_%struct.tomoyo_path_info*,_32:_i8,_33:_i8,_72:_i8,_:_SCMRE_76,77_|*MultipleSource*|security/tomoyo/network.c, 544|security/tomoyo/network.c,544|Function::tomoyo_init_request_info&Arg::r::|security/tomoyo/network.c,565}"
CE0x52151c0 "{CE0x52151c0|tomoyo_init_request_info:tmp13|*LoadInst*|security/tomoyo/util.c,1011}"
CE0x5215540 "{CE0x5215540|tomoyo_init_request_info:conv6|security/tomoyo/util.c,1011}"
CE0x651dc70 "{CE0x651dc70|_ret_i32_%conv6,_!dbg_!38926|security/tomoyo/util.c,1011}"
CE0x60d2380 "{CE0x60d2380|tomoyo_unix_entry:call3|security/tomoyo/network.c,548}"
CE0x7c42660 "{CE0x7c42660|tomoyo_unix_entry:cmp|security/tomoyo/network.c,549}"
CE0x617f570 "{CE0x617f570|tomoyo_unix_entry:if.then20}"
CE0x45517f0 "{CE0x45517f0|24:_%struct.tomoyo_path_info*,_32:_i8,_33:_i8,_72:_i8,_:_SCMRE_32,33_}"
CONST[source:0(mediator),value:0(static)][purpose:{operation}]


CONST[source:2(external),value:2(dynamic)][purpose:{subject}][SrcIdx:6]  ->  CONST[source:0(mediator),value:2(dynamic)][purpose:{object}]
-----------
CONST[source:2(external),value:2(dynamic)][purpose:{subject}][SrcIdx:6]
CE0x6482c10 "{CE0x6482c10|128:_i8*,_1208:_%struct.file*,_:_CMRE_128,136_|*MultipleSource*|security/tomoyo/common.h,1205|security/tomoyo/common.h,1205}"
CE0x64a24b0 "{CE0x64a24b0|tomoyo_domain:tmp22|security/tomoyo/common.h,1205}"
CE0x6339e80 "{CE0x6339e80|tomoyo_domain:tmp23|security/tomoyo/common.h,1205}"
CE0x6174070 "{CE0x6174070|_ret_%struct.tomoyo_domain_info*_%tmp23,_!dbg_!38929|security/tomoyo/common.h,1205}"
CE0x6199830 "{CE0x6199830|tomoyo_init_request_info:call|security/tomoyo/util.c,1005}"
CE0x616edd0 "{CE0x616edd0|tomoyo_init_request_info:domain.addr.0}"
CE0x60a5120 "{CE0x60a5120|tomoyo_init_request_info:profile2|security/tomoyo/util.c,1007}"
CE0x60a47a0 "{CE0x60a47a0|tomoyo_init_request_info:tmp11|security/tomoyo/util.c,1007}"
CE0x6022b90 "{CE0x6022b90|tomoyo_get_mode:profile|Function::tomoyo_get_mode&Arg::profile::}"
CE0x4556a60 "{CE0x4556a60|COLLAPSED:_CRE:_elem_0:default:}"
CE0x7a52e50 "{CE0x7a52e50|tomoyo_get_mode:tmp24|security/tomoyo/util.c,986}"
CE0x7a53530 "{CE0x7a53530|tomoyo_get_mode:mode.1}"
CE0x51de810 "{CE0x51de810|tomoyo_get_mode:conv15|security/tomoyo/util.c,987}"
CE0x6010e30 "{CE0x6010e30|tomoyo_get_mode:and|security/tomoyo/util.c,987}"
CE0x6011000 "{CE0x6011000|tomoyo_get_mode:retval.0}"
CE0x60d7d80 "{CE0x60d7d80|_ret_i32_%retval.0,_!dbg_!38935|security/tomoyo/util.c,988}"
CE0x6023560 "{CE0x6023560|tomoyo_init_request_info:call4|security/tomoyo/util.c,1010}"
CE0x47b5270 "{CE0x47b5270|tomoyo_init_request_info:conv|security/tomoyo/util.c,1010}"
CE0x50e2b20 "{CE0x50e2b20|24:_%struct.tomoyo_path_info*,_32:_i8,_33:_i8,_72:_i8,_:_SCMRE_76,77_|*MultipleSource*|security/tomoyo/network.c, 544|security/tomoyo/network.c,544|Function::tomoyo_init_request_info&Arg::r::|security/tomoyo/network.c,565}"
CE0x52151c0 "{CE0x52151c0|tomoyo_init_request_info:tmp13|*LoadInst*|security/tomoyo/util.c,1011}"
CE0x5215540 "{CE0x5215540|tomoyo_init_request_info:conv6|security/tomoyo/util.c,1011}"
CE0x651dc70 "{CE0x651dc70|_ret_i32_%conv6,_!dbg_!38926|security/tomoyo/util.c,1011}"
CE0x60d2380 "{CE0x60d2380|tomoyo_unix_entry:call3|security/tomoyo/network.c,548}"
CE0x7c42660 "{CE0x7c42660|tomoyo_unix_entry:cmp|security/tomoyo/network.c,549}"
CE0x617f570 "{CE0x617f570|tomoyo_unix_entry:if.then20}"
CE0x4551310 "{CE0x4551310|24:_%struct.tomoyo_path_info*,_32:_i8,_33:_i8,_72:_i8,_:_SCMRE_29,30_}"
CONST[source:0(mediator),value:2(dynamic)][purpose:{object}]


CONST[source:2(external),value:2(dynamic)][purpose:{subject}][SrcIdx:6]  ->  CONST[source:0(mediator),value:2(dynamic)][purpose:{subject}]
-----------
CONST[source:2(external),value:2(dynamic)][purpose:{subject}][SrcIdx:6]
CE0x6482c10 "{CE0x6482c10|128:_i8*,_1208:_%struct.file*,_:_CMRE_128,136_|*MultipleSource*|security/tomoyo/common.h,1205|security/tomoyo/common.h,1205}"
CE0x64a24b0 "{CE0x64a24b0|tomoyo_domain:tmp22|security/tomoyo/common.h,1205}"
CE0x6339e80 "{CE0x6339e80|tomoyo_domain:tmp23|security/tomoyo/common.h,1205}"
CE0x6174070 "{CE0x6174070|_ret_%struct.tomoyo_domain_info*_%tmp23,_!dbg_!38929|security/tomoyo/common.h,1205}"
CE0x6199830 "{CE0x6199830|tomoyo_init_request_info:call|security/tomoyo/util.c,1005}"
CE0x616edd0 "{CE0x616edd0|tomoyo_init_request_info:domain.addr.0}"
CE0x4472880 "{CE0x4472880|24:_%struct.tomoyo_path_info*,_32:_i8,_33:_i8,_72:_i8,_:_SCMRE_16,24_|*MultipleSource*|security/tomoyo/network.c, 544|security/tomoyo/network.c,544|Function::tomoyo_init_request_info&Arg::r::|security/tomoyo/network.c,565}"
CONST[source:0(mediator),value:2(dynamic)][purpose:{subject}]


CONST[source:1(input),value:2(dynamic)][purpose:{operation}][SrcIdx:5]  ->  CONST[source:0(mediator),value:0(static)][purpose:{operation}]
-----------
CONST[source:1(input),value:2(dynamic)][purpose:{operation}][SrcIdx:5]
CE0x7ab3630 "{CE0x7ab3630|0:_i8,_1:_i8,_32:_i8*,_40:_i32,_:_CMR_1,2_|*MultipleSource*|Function::tomoyo_check_unix_address&Arg::address::|security/tomoyo/network.c,594}"
CE0x51e3c80 "{CE0x51e3c80|tomoyo_unix_entry:tmp38|*LoadInst*|security/tomoyo/network.c,567}"
CE0x4551990 "{CE0x4551990|24:_%struct.tomoyo_path_info*,_32:_i8,_33:_i8,_72:_i8,_:_SCMRE_33,34_}"
CONST[source:0(mediator),value:0(static)][purpose:{operation}]


CONST[source:1(input),value:2(dynamic)][purpose:{operation}][SrcIdx:5]  ->  CONST[source:0(mediator),value:2(dynamic)][purpose:{object}]
-----------
CONST[source:1(input),value:2(dynamic)][purpose:{operation}][SrcIdx:5]
CE0x7ab3630 "{CE0x7ab3630|0:_i8,_1:_i8,_32:_i8*,_40:_i32,_:_CMR_1,2_|*MultipleSource*|Function::tomoyo_check_unix_address&Arg::address::|security/tomoyo/network.c,594}"
CE0x635d790 "{CE0x635d790|tomoyo_unix_entry:tmp3|*LoadInst*|security/tomoyo/network.c,546}"
CE0x7aa85d0 "{CE0x7aa85d0|tomoyo_unix_entry:idxprom|security/tomoyo/network.c,546}"
CE0x525d2f0 "{CE0x525d2f0|tomoyo_unix_entry:arrayidx2|security/tomoyo/network.c,546}"
CE0x649c2b0 "{CE0x649c2b0|tomoyo_unix_entry:tmp5|security/tomoyo/network.c,546}"
CE0x45d79c0 "{CE0x45d79c0|tomoyo_unix_entry:conv|security/tomoyo/network.c,548}"
CE0x6f8e640 "{CE0x6f8e640|tomoyo_unix_entry:tobool|security/tomoyo/network.c,548}"
CE0x617f570 "{CE0x617f570|tomoyo_unix_entry:if.then20}"
CE0x4551310 "{CE0x4551310|24:_%struct.tomoyo_path_info*,_32:_i8,_33:_i8,_72:_i8,_:_SCMRE_29,30_}"
CONST[source:0(mediator),value:2(dynamic)][purpose:{object}]


CONST[source:1(input),value:2(dynamic)][purpose:{operation}][SrcIdx:5]  ->  CONST[source:0(mediator),value:2(dynamic)][purpose:{subject}]
-----------
CONST[source:1(input),value:2(dynamic)][purpose:{operation}][SrcIdx:5]
CE0x7ab3630 "{CE0x7ab3630|0:_i8,_1:_i8,_32:_i8*,_40:_i32,_:_CMR_1,2_|*MultipleSource*|Function::tomoyo_check_unix_address&Arg::address::|security/tomoyo/network.c,594}"
CE0x635d790 "{CE0x635d790|tomoyo_unix_entry:tmp3|*LoadInst*|security/tomoyo/network.c,546}"
CE0x7aa85d0 "{CE0x7aa85d0|tomoyo_unix_entry:idxprom|security/tomoyo/network.c,546}"
CE0x525d2f0 "{CE0x525d2f0|tomoyo_unix_entry:arrayidx2|security/tomoyo/network.c,546}"
CE0x649c2b0 "{CE0x649c2b0|tomoyo_unix_entry:tmp5|security/tomoyo/network.c,546}"
CE0x45d79c0 "{CE0x45d79c0|tomoyo_unix_entry:conv|security/tomoyo/network.c,548}"
CE0x6f8e640 "{CE0x6f8e640|tomoyo_unix_entry:tobool|security/tomoyo/network.c,548}"
CE0x6016fe0 "{CE0x6016fe0|tomoyo_unix_entry:land.lhs.true}"
CE0x45d1240 "{CE0x45d1240|tomoyo_init_request_info:entry}"
CE0x60abc00 "{CE0x60abc00|tomoyo_init_request_info:if.end}"
CE0x4472880 "{CE0x4472880|24:_%struct.tomoyo_path_info*,_32:_i8,_33:_i8,_72:_i8,_:_SCMRE_16,24_|*MultipleSource*|security/tomoyo/network.c, 544|security/tomoyo/network.c,544|Function::tomoyo_init_request_info&Arg::r::|security/tomoyo/network.c,565}"
CONST[source:0(mediator),value:2(dynamic)][purpose:{subject}]


CONST[source:1(input),value:2(dynamic)][purpose:{object}][SrcIdx:3]  ->  CONST[source:0(mediator),value:0(static)][purpose:{operation}]
-----------
CONST[source:1(input),value:2(dynamic)][purpose:{object}][SrcIdx:3]
CE0x7c50e10 "{CE0x7c50e10|VOIDTB_TE:_GIE_Function_Attrs:_noredzone_nounwind_optsize_define_internal_zeroext_i1_tomoyo_check_path2_acl(%struct.tomoyo_request_info*_%r,_%struct.tomoyo_acl_info*_%ptr)_#0_entry:_%tmp_load_i64,_i64*_getelementptr_inbounds_(_7_x_i64_,_7_x_i64_*___llvm_gcov_ctr38,_i64_0,_i64_0)_%tmp1_add_i64_%tmp,_1_store_i64_%tmp1,_i64*_getelementptr_inbounds_(_7_x_i64_,_7_x_i64_*___llvm_gcov_ctr38,_i64_0,_i64_0)_br_label_%bb_bb:_preds_%entry_call_void_mcount()_#3_call_void_llvm.dbg.value(metadata_%struct.tomoyo_request_info*_%r,_i64_0,_metadata_!8419,_metadata_!38901),_!dbg_!39766_call_void_llvm.dbg.value(metadata_%struct.tomoyo_acl_info*_%ptr,_i64_0,_metadata_!8420,_metadata_!38901),_!dbg_!39767_call_void_llvm.dbg.value(metadata_%struct.tomoyo_acl_info*_%ptr,_i64_0,_metadata_!8422,_metadata_!38901),_!dbg_!39768_%tmp2_bitcast_%struct.tomoyo_acl_info*_%ptr_to_i8*,_!dbg_!39769_%add.ptr_getelementptr_i8,_i8*_%tmp2,_i64_0,_!dbg_!39770_%tmp3_bitcast_i8*_%add.ptr_to_%struct.tomoyo_path2_acl*,_!dbg_!39771_call_void_llvm.dbg.value(metadata_%struct.tomoyo_path2_acl*_%tmp3,_i64_0,_metadata_!8421,_metadata_!38901),_!dbg_!39772_%perm_getelementptr_inbounds_%struct.tomoyo_path2_acl,_%struct.tomoyo_path2_acl*_%tmp3,_i32_0,_i32_1,_!dbg_!39773_%tmp4_load_i8,_i8*_%perm,_align_1,_!dbg_!39773_%conv_zext_i8_%tmp4_to_i32,_!dbg_!39774_%param_getelementptr_inbounds_%struct.tomoyo_request_info,_%struct.tomoyo_request_info*_%r,_i32_0,_i32_3,_!dbg_!39775_%path2_bitcast_%union.anon.91*_%param_to_%struct.anon.92*,_!dbg_!39776_%operation_getelementptr_inbounds_%struct.anon.92,_%struct.anon.92*_%path2,_i32_0,_i32_2,_!dbg_!39777_%tmp5_load_i8,_i8*_%operation,_align_1,_!dbg_!39777_%conv1_zext_i8_%tmp5_to_i32,_!dbg_!39778_%shl_shl_i32_1,_%conv1,_!dbg_!39779_%and_and_i32_%conv,_%shl,_!dbg_!39780_%tobool_icmp_ne_i32_%and,_0,_!dbg_!39780_%tmp6_select_i1_%tobool,_i64_1,_i64_2,_!dbg_!39781_%tmp7_getelementptr_inbounds_7_x_i64_,_7_x_i64_*___llvm_gcov_ctr38,_i64_0,_i64_%tmp6,_!dbg_!39781_%tmp8_load_i64,_i64*_%tmp7,_!dbg_!39781_%tmp9_add_i64_%tmp8,_1,_!dbg_!39781_store_i64_%tmp9,_i64*_%tmp7,_!dbg_!39781_br_i1_%tobool,_label_%land.lhs.true,_label_%land.end,_!dbg_!39781_land.lhs.true:_preds_%bb_%param2_getelementptr_inbounds_%struct.tomoyo_request_info,_%struct.tomoyo_request_info*_%r,_i32_0,_i32_3,_!dbg_!39782_%path23_bitcast_%union.anon.91*_%param2_to_%struct.anon.92*,_!dbg_!39783_%filename1_getelementptr_inbounds_%struct.anon.92,_%struct.anon.92*_%path23,_i32_0,_i32_0,_!dbg_!39784_%tmp10_load_%struct.tomoyo_path_info*,_%struct.tomoyo_path_info**_%filename1,_align_8,_!dbg_!39784_%name1_getelementptr_inbounds_%struct.tomoyo_path2_acl,_%struct.tomoyo_path2_acl*_%tmp3,_i32_0,_i32_2,_!dbg_!39785_%call_call_%struct.tomoyo_path_info*_tomoyo_compare_name_union(%struct.tomoyo_path_info*_%tmp10,_%struct.tomoyo_name_union*_%name1)_#9,_!dbg_!39786_%tobool4_icmp_ne_%struct.tomoyo_path_info*_%call,_null,_!dbg_!39786_%tmp11_select_i1_%tobool4,_i64_3,_i64_4,_!dbg_!39787_%tmp12_getelementptr_inbounds_7_x_i64_,_7_x_i64_*___llvm_gcov_ctr38,_i64_0,_i64_%tmp11,_!dbg_!39787_%tmp13_load_i64,_i64*_%tmp12,_!dbg_!39787_%tmp14_add_i64_%tmp13,_1,_!dbg_!39787_store_i64_%tmp14,_i64*_%tmp12,_!dbg_!39787_br_i1_%tobool4,_label_%land.rhs,_label_%land.end,_!dbg_!39787_land.rhs:_preds_%land.lhs.true_%tmp15_load_i64,_i64*_getelementptr_inbounds_(_7_x_i64_,_7_x_i64_*___llvm_gcov_ctr38,_i64_0,_i64_5),_!dbg_!39788_%tmp16_add_i64_%tmp15,_1,_!dbg_!39788_store_i64_%tmp16,_i64*_getelementptr_inbounds_(_7_x_i64_,_7_x_i64_*___llvm_gcov_ctr38,_i64_0,_i64_5),_!dbg_!39788_%param5_getelementptr_inbounds_%struct.tomoyo_request_info,_%struct.tomoyo_request_info*_%r,_i32_0,_i32_3,_!dbg_!39790_%path26_bitcast_%union.anon.91*_%param5_to_%struct.anon.92*,_!dbg_!39791_%filename2_getelementptr_inbounds_%struct.anon.92,_%struct.anon.92*_%path26,_i32_0,_i32_1,_!dbg_!39792_%tmp17_load_%struct.tomoyo_path_info*,_%struct.tomoyo_path_info**_%filename2,_align_8,_!dbg_!39792_%name2_getelementptr_inbounds_%struct.tomoyo_path2_acl,_%struct.tomoyo_path2_acl*_%tmp3,_i32_0,_i32_3,_!dbg_!39793_%call7_call_%struct.tomoyo_path_info*_tomoyo_compare_name_union(%struct.tomoyo_path_info*_%tmp17,_%struct.tomoyo_name_union*_%name2)_#9,_!dbg_!39794_%tobool8_icmp_ne_%struct.tomoyo_path_info*_%call7,_null,_!dbg_!39787_br_label_%land.end_land.end:_preds_%land.rhs,_%land.lhs.true,_%bb_%tmp18_phi_i1_false,_%land.lhs.true_,_false,_%bb_,_%tobool8,_%land.rhs_%tmp19_load_i64,_i64*_getelementptr_inbounds_(_7_x_i64_,_7_x_i64_*___llvm_gcov_ctr38,_i64_0,_i64_6),_!dbg_!39795_%tmp20_add_i64_%tmp19,_1,_!dbg_!39795_store_i64_%tmp20,_i64*_getelementptr_inbounds_(_7_x_i64_,_7_x_i64_*___llvm_gcov_ctr38,_i64_0,_i64_6),_!dbg_!39795_ret_i1_%tmp18,_!dbg_!39795_0,2_|*MultipleSource*|Function::tomoyo_check_unix_address&Arg::addr::|security/tomoyo/network.c,596}"
CE0x605b730 "{CE0x605b730|tomoyo_unix_entry:call18|security/tomoyo/network.c,559}"
CE0x7bd3fe0 "{CE0x7bd3fe0|tomoyo_unix_entry:tobool19|security/tomoyo/network.c,560}"
CE0x617f570 "{CE0x617f570|tomoyo_unix_entry:if.then20}"
CE0x45517f0 "{CE0x45517f0|24:_%struct.tomoyo_path_info*,_32:_i8,_33:_i8,_72:_i8,_:_SCMRE_32,33_}"
CONST[source:0(mediator),value:0(static)][purpose:{operation}]


CONST[source:1(input),value:2(dynamic)][purpose:{object}][SrcIdx:3]  ->  CONST[source:0(mediator),value:2(dynamic)][purpose:{object}]
-----------
CONST[source:1(input),value:2(dynamic)][purpose:{object}][SrcIdx:3]
CE0x7c50e10 "{CE0x7c50e10|VOIDTB_TE:_GIE_Function_Attrs:_noredzone_nounwind_optsize_define_internal_zeroext_i1_tomoyo_check_path2_acl(%struct.tomoyo_request_info*_%r,_%struct.tomoyo_acl_info*_%ptr)_#0_entry:_%tmp_load_i64,_i64*_getelementptr_inbounds_(_7_x_i64_,_7_x_i64_*___llvm_gcov_ctr38,_i64_0,_i64_0)_%tmp1_add_i64_%tmp,_1_store_i64_%tmp1,_i64*_getelementptr_inbounds_(_7_x_i64_,_7_x_i64_*___llvm_gcov_ctr38,_i64_0,_i64_0)_br_label_%bb_bb:_preds_%entry_call_void_mcount()_#3_call_void_llvm.dbg.value(metadata_%struct.tomoyo_request_info*_%r,_i64_0,_metadata_!8419,_metadata_!38901),_!dbg_!39766_call_void_llvm.dbg.value(metadata_%struct.tomoyo_acl_info*_%ptr,_i64_0,_metadata_!8420,_metadata_!38901),_!dbg_!39767_call_void_llvm.dbg.value(metadata_%struct.tomoyo_acl_info*_%ptr,_i64_0,_metadata_!8422,_metadata_!38901),_!dbg_!39768_%tmp2_bitcast_%struct.tomoyo_acl_info*_%ptr_to_i8*,_!dbg_!39769_%add.ptr_getelementptr_i8,_i8*_%tmp2,_i64_0,_!dbg_!39770_%tmp3_bitcast_i8*_%add.ptr_to_%struct.tomoyo_path2_acl*,_!dbg_!39771_call_void_llvm.dbg.value(metadata_%struct.tomoyo_path2_acl*_%tmp3,_i64_0,_metadata_!8421,_metadata_!38901),_!dbg_!39772_%perm_getelementptr_inbounds_%struct.tomoyo_path2_acl,_%struct.tomoyo_path2_acl*_%tmp3,_i32_0,_i32_1,_!dbg_!39773_%tmp4_load_i8,_i8*_%perm,_align_1,_!dbg_!39773_%conv_zext_i8_%tmp4_to_i32,_!dbg_!39774_%param_getelementptr_inbounds_%struct.tomoyo_request_info,_%struct.tomoyo_request_info*_%r,_i32_0,_i32_3,_!dbg_!39775_%path2_bitcast_%union.anon.91*_%param_to_%struct.anon.92*,_!dbg_!39776_%operation_getelementptr_inbounds_%struct.anon.92,_%struct.anon.92*_%path2,_i32_0,_i32_2,_!dbg_!39777_%tmp5_load_i8,_i8*_%operation,_align_1,_!dbg_!39777_%conv1_zext_i8_%tmp5_to_i32,_!dbg_!39778_%shl_shl_i32_1,_%conv1,_!dbg_!39779_%and_and_i32_%conv,_%shl,_!dbg_!39780_%tobool_icmp_ne_i32_%and,_0,_!dbg_!39780_%tmp6_select_i1_%tobool,_i64_1,_i64_2,_!dbg_!39781_%tmp7_getelementptr_inbounds_7_x_i64_,_7_x_i64_*___llvm_gcov_ctr38,_i64_0,_i64_%tmp6,_!dbg_!39781_%tmp8_load_i64,_i64*_%tmp7,_!dbg_!39781_%tmp9_add_i64_%tmp8,_1,_!dbg_!39781_store_i64_%tmp9,_i64*_%tmp7,_!dbg_!39781_br_i1_%tobool,_label_%land.lhs.true,_label_%land.end,_!dbg_!39781_land.lhs.true:_preds_%bb_%param2_getelementptr_inbounds_%struct.tomoyo_request_info,_%struct.tomoyo_request_info*_%r,_i32_0,_i32_3,_!dbg_!39782_%path23_bitcast_%union.anon.91*_%param2_to_%struct.anon.92*,_!dbg_!39783_%filename1_getelementptr_inbounds_%struct.anon.92,_%struct.anon.92*_%path23,_i32_0,_i32_0,_!dbg_!39784_%tmp10_load_%struct.tomoyo_path_info*,_%struct.tomoyo_path_info**_%filename1,_align_8,_!dbg_!39784_%name1_getelementptr_inbounds_%struct.tomoyo_path2_acl,_%struct.tomoyo_path2_acl*_%tmp3,_i32_0,_i32_2,_!dbg_!39785_%call_call_%struct.tomoyo_path_info*_tomoyo_compare_name_union(%struct.tomoyo_path_info*_%tmp10,_%struct.tomoyo_name_union*_%name1)_#9,_!dbg_!39786_%tobool4_icmp_ne_%struct.tomoyo_path_info*_%call,_null,_!dbg_!39786_%tmp11_select_i1_%tobool4,_i64_3,_i64_4,_!dbg_!39787_%tmp12_getelementptr_inbounds_7_x_i64_,_7_x_i64_*___llvm_gcov_ctr38,_i64_0,_i64_%tmp11,_!dbg_!39787_%tmp13_load_i64,_i64*_%tmp12,_!dbg_!39787_%tmp14_add_i64_%tmp13,_1,_!dbg_!39787_store_i64_%tmp14,_i64*_%tmp12,_!dbg_!39787_br_i1_%tobool4,_label_%land.rhs,_label_%land.end,_!dbg_!39787_land.rhs:_preds_%land.lhs.true_%tmp15_load_i64,_i64*_getelementptr_inbounds_(_7_x_i64_,_7_x_i64_*___llvm_gcov_ctr38,_i64_0,_i64_5),_!dbg_!39788_%tmp16_add_i64_%tmp15,_1,_!dbg_!39788_store_i64_%tmp16,_i64*_getelementptr_inbounds_(_7_x_i64_,_7_x_i64_*___llvm_gcov_ctr38,_i64_0,_i64_5),_!dbg_!39788_%param5_getelementptr_inbounds_%struct.tomoyo_request_info,_%struct.tomoyo_request_info*_%r,_i32_0,_i32_3,_!dbg_!39790_%path26_bitcast_%union.anon.91*_%param5_to_%struct.anon.92*,_!dbg_!39791_%filename2_getelementptr_inbounds_%struct.anon.92,_%struct.anon.92*_%path26,_i32_0,_i32_1,_!dbg_!39792_%tmp17_load_%struct.tomoyo_path_info*,_%struct.tomoyo_path_info**_%filename2,_align_8,_!dbg_!39792_%name2_getelementptr_inbounds_%struct.tomoyo_path2_acl,_%struct.tomoyo_path2_acl*_%tmp3,_i32_0,_i32_3,_!dbg_!39793_%call7_call_%struct.tomoyo_path_info*_tomoyo_compare_name_union(%struct.tomoyo_path_info*_%tmp17,_%struct.tomoyo_name_union*_%name2)_#9,_!dbg_!39794_%tobool8_icmp_ne_%struct.tomoyo_path_info*_%call7,_null,_!dbg_!39787_br_label_%land.end_land.end:_preds_%land.rhs,_%land.lhs.true,_%bb_%tmp18_phi_i1_false,_%land.lhs.true_,_false,_%bb_,_%tobool8,_%land.rhs_%tmp19_load_i64,_i64*_getelementptr_inbounds_(_7_x_i64_,_7_x_i64_*___llvm_gcov_ctr38,_i64_0,_i64_6),_!dbg_!39795_%tmp20_add_i64_%tmp19,_1,_!dbg_!39795_store_i64_%tmp20,_i64*_getelementptr_inbounds_(_7_x_i64_,_7_x_i64_*___llvm_gcov_ctr38,_i64_0,_i64_6),_!dbg_!39795_ret_i1_%tmp18,_!dbg_!39795_0,2_|*MultipleSource*|Function::tomoyo_check_unix_address&Arg::addr::|security/tomoyo/network.c,596}"
CE0x605b730 "{CE0x605b730|tomoyo_unix_entry:call18|security/tomoyo/network.c,559}"
CE0x7bd3fe0 "{CE0x7bd3fe0|tomoyo_unix_entry:tobool19|security/tomoyo/network.c,560}"
CE0x617f570 "{CE0x617f570|tomoyo_unix_entry:if.then20}"
CE0x4551310 "{CE0x4551310|24:_%struct.tomoyo_path_info*,_32:_i8,_33:_i8,_72:_i8,_:_SCMRE_29,30_}"
CONST[source:0(mediator),value:2(dynamic)][purpose:{object}]


CONST[source:1(input),value:2(dynamic)][purpose:{object}][SrcIdx:3]  ->  CONST[source:0(mediator),value:2(dynamic)][purpose:{subject}]
-----------
CONST[source:1(input),value:2(dynamic)][purpose:{object}][SrcIdx:3]
CE0x7c50e10 "{CE0x7c50e10|VOIDTB_TE:_GIE_Function_Attrs:_noredzone_nounwind_optsize_define_internal_zeroext_i1_tomoyo_check_path2_acl(%struct.tomoyo_request_info*_%r,_%struct.tomoyo_acl_info*_%ptr)_#0_entry:_%tmp_load_i64,_i64*_getelementptr_inbounds_(_7_x_i64_,_7_x_i64_*___llvm_gcov_ctr38,_i64_0,_i64_0)_%tmp1_add_i64_%tmp,_1_store_i64_%tmp1,_i64*_getelementptr_inbounds_(_7_x_i64_,_7_x_i64_*___llvm_gcov_ctr38,_i64_0,_i64_0)_br_label_%bb_bb:_preds_%entry_call_void_mcount()_#3_call_void_llvm.dbg.value(metadata_%struct.tomoyo_request_info*_%r,_i64_0,_metadata_!8419,_metadata_!38901),_!dbg_!39766_call_void_llvm.dbg.value(metadata_%struct.tomoyo_acl_info*_%ptr,_i64_0,_metadata_!8420,_metadata_!38901),_!dbg_!39767_call_void_llvm.dbg.value(metadata_%struct.tomoyo_acl_info*_%ptr,_i64_0,_metadata_!8422,_metadata_!38901),_!dbg_!39768_%tmp2_bitcast_%struct.tomoyo_acl_info*_%ptr_to_i8*,_!dbg_!39769_%add.ptr_getelementptr_i8,_i8*_%tmp2,_i64_0,_!dbg_!39770_%tmp3_bitcast_i8*_%add.ptr_to_%struct.tomoyo_path2_acl*,_!dbg_!39771_call_void_llvm.dbg.value(metadata_%struct.tomoyo_path2_acl*_%tmp3,_i64_0,_metadata_!8421,_metadata_!38901),_!dbg_!39772_%perm_getelementptr_inbounds_%struct.tomoyo_path2_acl,_%struct.tomoyo_path2_acl*_%tmp3,_i32_0,_i32_1,_!dbg_!39773_%tmp4_load_i8,_i8*_%perm,_align_1,_!dbg_!39773_%conv_zext_i8_%tmp4_to_i32,_!dbg_!39774_%param_getelementptr_inbounds_%struct.tomoyo_request_info,_%struct.tomoyo_request_info*_%r,_i32_0,_i32_3,_!dbg_!39775_%path2_bitcast_%union.anon.91*_%param_to_%struct.anon.92*,_!dbg_!39776_%operation_getelementptr_inbounds_%struct.anon.92,_%struct.anon.92*_%path2,_i32_0,_i32_2,_!dbg_!39777_%tmp5_load_i8,_i8*_%operation,_align_1,_!dbg_!39777_%conv1_zext_i8_%tmp5_to_i32,_!dbg_!39778_%shl_shl_i32_1,_%conv1,_!dbg_!39779_%and_and_i32_%conv,_%shl,_!dbg_!39780_%tobool_icmp_ne_i32_%and,_0,_!dbg_!39780_%tmp6_select_i1_%tobool,_i64_1,_i64_2,_!dbg_!39781_%tmp7_getelementptr_inbounds_7_x_i64_,_7_x_i64_*___llvm_gcov_ctr38,_i64_0,_i64_%tmp6,_!dbg_!39781_%tmp8_load_i64,_i64*_%tmp7,_!dbg_!39781_%tmp9_add_i64_%tmp8,_1,_!dbg_!39781_store_i64_%tmp9,_i64*_%tmp7,_!dbg_!39781_br_i1_%tobool,_label_%land.lhs.true,_label_%land.end,_!dbg_!39781_land.lhs.true:_preds_%bb_%param2_getelementptr_inbounds_%struct.tomoyo_request_info,_%struct.tomoyo_request_info*_%r,_i32_0,_i32_3,_!dbg_!39782_%path23_bitcast_%union.anon.91*_%param2_to_%struct.anon.92*,_!dbg_!39783_%filename1_getelementptr_inbounds_%struct.anon.92,_%struct.anon.92*_%path23,_i32_0,_i32_0,_!dbg_!39784_%tmp10_load_%struct.tomoyo_path_info*,_%struct.tomoyo_path_info**_%filename1,_align_8,_!dbg_!39784_%name1_getelementptr_inbounds_%struct.tomoyo_path2_acl,_%struct.tomoyo_path2_acl*_%tmp3,_i32_0,_i32_2,_!dbg_!39785_%call_call_%struct.tomoyo_path_info*_tomoyo_compare_name_union(%struct.tomoyo_path_info*_%tmp10,_%struct.tomoyo_name_union*_%name1)_#9,_!dbg_!39786_%tobool4_icmp_ne_%struct.tomoyo_path_info*_%call,_null,_!dbg_!39786_%tmp11_select_i1_%tobool4,_i64_3,_i64_4,_!dbg_!39787_%tmp12_getelementptr_inbounds_7_x_i64_,_7_x_i64_*___llvm_gcov_ctr38,_i64_0,_i64_%tmp11,_!dbg_!39787_%tmp13_load_i64,_i64*_%tmp12,_!dbg_!39787_%tmp14_add_i64_%tmp13,_1,_!dbg_!39787_store_i64_%tmp14,_i64*_%tmp12,_!dbg_!39787_br_i1_%tobool4,_label_%land.rhs,_label_%land.end,_!dbg_!39787_land.rhs:_preds_%land.lhs.true_%tmp15_load_i64,_i64*_getelementptr_inbounds_(_7_x_i64_,_7_x_i64_*___llvm_gcov_ctr38,_i64_0,_i64_5),_!dbg_!39788_%tmp16_add_i64_%tmp15,_1,_!dbg_!39788_store_i64_%tmp16,_i64*_getelementptr_inbounds_(_7_x_i64_,_7_x_i64_*___llvm_gcov_ctr38,_i64_0,_i64_5),_!dbg_!39788_%param5_getelementptr_inbounds_%struct.tomoyo_request_info,_%struct.tomoyo_request_info*_%r,_i32_0,_i32_3,_!dbg_!39790_%path26_bitcast_%union.anon.91*_%param5_to_%struct.anon.92*,_!dbg_!39791_%filename2_getelementptr_inbounds_%struct.anon.92,_%struct.anon.92*_%path26,_i32_0,_i32_1,_!dbg_!39792_%tmp17_load_%struct.tomoyo_path_info*,_%struct.tomoyo_path_info**_%filename2,_align_8,_!dbg_!39792_%name2_getelementptr_inbounds_%struct.tomoyo_path2_acl,_%struct.tomoyo_path2_acl*_%tmp3,_i32_0,_i32_3,_!dbg_!39793_%call7_call_%struct.tomoyo_path_info*_tomoyo_compare_name_union(%struct.tomoyo_path_info*_%tmp17,_%struct.tomoyo_name_union*_%name2)_#9,_!dbg_!39794_%tobool8_icmp_ne_%struct.tomoyo_path_info*_%call7,_null,_!dbg_!39787_br_label_%land.end_land.end:_preds_%land.rhs,_%land.lhs.true,_%bb_%tmp18_phi_i1_false,_%land.lhs.true_,_false,_%bb_,_%tobool8,_%land.rhs_%tmp19_load_i64,_i64*_getelementptr_inbounds_(_7_x_i64_,_7_x_i64_*___llvm_gcov_ctr38,_i64_0,_i64_6),_!dbg_!39795_%tmp20_add_i64_%tmp19,_1,_!dbg_!39795_store_i64_%tmp20,_i64*_getelementptr_inbounds_(_7_x_i64_,_7_x_i64_*___llvm_gcov_ctr38,_i64_0,_i64_6),_!dbg_!39795_ret_i1_%tmp18,_!dbg_!39795_0,2_|*MultipleSource*|Function::tomoyo_check_unix_address&Arg::addr::|security/tomoyo/network.c,596}"
CE0x7c16520 "{CE0x7c16520|tomoyo_check_unix_address:tmp2|*LoadInst*|security/tomoyo/network.c,596}"
CE0x4766120 "{CE0x4766120|tomoyo_check_unix_address:conv|security/tomoyo/network.c,596}"
CE0x7be58d0 "{CE0x7be58d0|tomoyo_check_unix_address:cmp|security/tomoyo/network.c,596}"
CE0x7a26f10 "{CE0x7a26f10|tomoyo_check_unix_address:if.end}"
CE0x79f16f0 "{CE0x79f16f0|tomoyo_unix_entry:entry}"
CE0x6016fe0 "{CE0x6016fe0|tomoyo_unix_entry:land.lhs.true}"
CE0x45d1240 "{CE0x45d1240|tomoyo_init_request_info:entry}"
CE0x60abc00 "{CE0x60abc00|tomoyo_init_request_info:if.end}"
CE0x4472880 "{CE0x4472880|24:_%struct.tomoyo_path_info*,_32:_i8,_33:_i8,_72:_i8,_:_SCMRE_16,24_|*MultipleSource*|security/tomoyo/network.c, 544|security/tomoyo/network.c,544|Function::tomoyo_init_request_info&Arg::r::|security/tomoyo/network.c,565}"
CONST[source:0(mediator),value:2(dynamic)][purpose:{subject}]


