[selinux_vm_enough_memory]

explicit:
CONST[source:0(mediator),value:2(dynamic)][purpose:{subject}]  ->  CONST[source:0(mediator),value:2(dynamic)][purpose:{object}]
-----------
CONST[source:0(mediator),value:2(dynamic)][purpose:{subject}]
CE0x4fa4be0 "{CE0x4fa4be0|0:_i32,_4:_i32,_8:_i32,_12:_i32,_:_CMRE_4,8_|*MultipleSource*|security/selinux/hooks.c,196|*LoadInst*|security/selinux/hooks.c,196|security/selinux/hooks.c,197}"
CE0x4fdcf10 "{CE0x4fdcf10|cred_sid:_tmp6|security/selinux/hooks.c,197}"
CE0x4fdd040 "{CE0x4fdd040|_ret_i32_%tmp6,_!dbg_!27716|security/selinux/hooks.c,197}"
CE0x4fbeeb0 "{CE0x4fbeeb0|cred_has_capability:_call|security/selinux/hooks.c,1558}"
CE0x4fbf0a0 "{CE0x4fbf0a0|cred_has_capability:_call|security/selinux/hooks.c,1558|*SummSink*}"
CONST[source:0(mediator),value:2(dynamic)][purpose:{object}]


CONST[source:2(external),value:0(static)][purpose:{operation}]  ->  CONST[source:0(mediator),value:2(dynamic)][purpose:{object}]
-----------
CONST[source:2(external),value:0(static)][purpose:{operation}]
CE0x4f2be00 "{CE0x4f2be00|i32_0|*Constant*}"
CE0x4f4e190 "{CE0x4f4e190|selinux_vm_enough_memory:_cred|security/selinux/hooks.c,2088}"
CE0x4f4e6c0 "{CE0x4f4e6c0|selinux_vm_enough_memory:_tmp19|security/selinux/hooks.c,2088}"
CE0x4f31f80 "{CE0x4f31f80|selinux_capable:_cred|Function::selinux_capable&Arg::cred::}"
CE0x4f440a0 "{CE0x4f440a0|cred_has_capability:_cred|Function::cred_has_capability&Arg::cred::}"
CE0x4fd8f00 "{CE0x4fd8f00|cred_sid:_cred|Function::cred_sid&Arg::cred::}"
CE0x4fd2490 "{CE0x4fd2490|cred_sid:_security|security/selinux/hooks.c,196}"
CE0x4fde0a0 "{CE0x4fde0a0|cred_sid:_tmp4|*LoadInst*|security/selinux/hooks.c,196}"
CE0x4fdee10 "{CE0x4fdee10|cred_sid:_tmp5|security/selinux/hooks.c,196}"
CE0x4fde8b0 "{CE0x4fde8b0|cred_sid:_sid|security/selinux/hooks.c,197}"
CE0x4fdcf10 "{CE0x4fdcf10|cred_sid:_tmp6|security/selinux/hooks.c,197}"
CE0x4fdd040 "{CE0x4fdd040|_ret_i32_%tmp6,_!dbg_!27716|security/selinux/hooks.c,197}"
CE0x4fbeeb0 "{CE0x4fbeeb0|cred_has_capability:_call|security/selinux/hooks.c,1558}"
CE0x4fbf0a0 "{CE0x4fbf0a0|cred_has_capability:_call|security/selinux/hooks.c,1558|*SummSink*}"
CONST[source:0(mediator),value:2(dynamic)][purpose:{object}]


CONST[source:2(external),value:0(static)][purpose:{operation}]  ->  CONST[source:0(mediator),value:2(dynamic)][purpose:{subject}]
-----------
CONST[source:2(external),value:0(static)][purpose:{operation}]
CE0x4f2be00 "{CE0x4f2be00|i32_0|*Constant*}"
CE0x4f4e190 "{CE0x4f4e190|selinux_vm_enough_memory:_cred|security/selinux/hooks.c,2088}"
CE0x4f4e6c0 "{CE0x4f4e6c0|selinux_vm_enough_memory:_tmp19|security/selinux/hooks.c,2088}"
CE0x4f31f80 "{CE0x4f31f80|selinux_capable:_cred|Function::selinux_capable&Arg::cred::}"
CE0x4f440a0 "{CE0x4f440a0|cred_has_capability:_cred|Function::cred_has_capability&Arg::cred::}"
CE0x4fd8f00 "{CE0x4fd8f00|cred_sid:_cred|Function::cred_sid&Arg::cred::}"
CE0x4fd2490 "{CE0x4fd2490|cred_sid:_security|security/selinux/hooks.c,196}"
CE0x4fde0a0 "{CE0x4fde0a0|cred_sid:_tmp4|*LoadInst*|security/selinux/hooks.c,196}"
CE0x4fdee10 "{CE0x4fdee10|cred_sid:_tmp5|security/selinux/hooks.c,196}"
CE0x4fde8b0 "{CE0x4fde8b0|cred_sid:_sid|security/selinux/hooks.c,197}"
CE0x4fdcf10 "{CE0x4fdcf10|cred_sid:_tmp6|security/selinux/hooks.c,197}"
CE0x4fdd040 "{CE0x4fdd040|_ret_i32_%tmp6,_!dbg_!27716|security/selinux/hooks.c,197}"
CE0x4fbeeb0 "{CE0x4fbeeb0|cred_has_capability:_call|security/selinux/hooks.c,1558}"
CE0x4fbf0a0 "{CE0x4fbf0a0|cred_has_capability:_call|security/selinux/hooks.c,1558|*SummSink*}"
CONST[source:0(mediator),value:2(dynamic)][purpose:{subject}]


CONST[source:2(external),value:0(static)][purpose:{operation}]  ->  CONST[source:0(mediator),value:0(static)][purpose:{operation}]
-----------
CONST[source:2(external),value:0(static)][purpose:{operation}]
CE0x4fb4f60 "{CE0x4fb4f60|i32_1|*Constant*}"
CE0x4fada40 "{CE0x4fada40|cred_has_capability:_shl|security/selinux/hooks.c,1559}"
CE0x4f537e0 "{CE0x4f537e0|cred_has_capability:_shl|security/selinux/hooks.c,1559|*SummSink*}"
CONST[source:0(mediator),value:0(static)][purpose:{operation}]


CONST[source:2(external),value:2(dynamic)][purpose:{subject}]  ->  CONST[source:0(mediator),value:2(dynamic)][purpose:{object}]
-----------
CONST[source:2(external),value:2(dynamic)][purpose:{subject}]
CE0x4f4e500 "{CE0x4f4e500|COLLAPSED:_GCMRE_current_task_external_global_%struct.task_struct*:_elem_0::|security/selinux/hooks.c,2088}"
CE0x4f4e6c0 "{CE0x4f4e6c0|selinux_vm_enough_memory:_tmp19|security/selinux/hooks.c,2088}"
CE0x4f31f80 "{CE0x4f31f80|selinux_capable:_cred|Function::selinux_capable&Arg::cred::}"
CE0x4f440a0 "{CE0x4f440a0|cred_has_capability:_cred|Function::cred_has_capability&Arg::cred::}"
CE0x4fd8f00 "{CE0x4fd8f00|cred_sid:_cred|Function::cred_sid&Arg::cred::}"
CE0x4fd2490 "{CE0x4fd2490|cred_sid:_security|security/selinux/hooks.c,196}"
CE0x4fde0a0 "{CE0x4fde0a0|cred_sid:_tmp4|*LoadInst*|security/selinux/hooks.c,196}"
CE0x4fdee10 "{CE0x4fdee10|cred_sid:_tmp5|security/selinux/hooks.c,196}"
CE0x4fde8b0 "{CE0x4fde8b0|cred_sid:_sid|security/selinux/hooks.c,197}"
CE0x4fdcf10 "{CE0x4fdcf10|cred_sid:_tmp6|security/selinux/hooks.c,197}"
CE0x4fdd040 "{CE0x4fdd040|_ret_i32_%tmp6,_!dbg_!27716|security/selinux/hooks.c,197}"
CE0x4fbeeb0 "{CE0x4fbeeb0|cred_has_capability:_call|security/selinux/hooks.c,1558}"
CE0x4fbf0a0 "{CE0x4fbf0a0|cred_has_capability:_call|security/selinux/hooks.c,1558|*SummSink*}"
CONST[source:0(mediator),value:2(dynamic)][purpose:{object}]


CONST[source:2(external),value:2(dynamic)][purpose:{subject}]  ->  CONST[source:0(mediator),value:2(dynamic)][purpose:{subject}]
-----------
CONST[source:2(external),value:2(dynamic)][purpose:{subject}]
CE0x4f4e500 "{CE0x4f4e500|COLLAPSED:_GCMRE_current_task_external_global_%struct.task_struct*:_elem_0::|security/selinux/hooks.c,2088}"
CE0x4f4e6c0 "{CE0x4f4e6c0|selinux_vm_enough_memory:_tmp19|security/selinux/hooks.c,2088}"
CE0x4f31f80 "{CE0x4f31f80|selinux_capable:_cred|Function::selinux_capable&Arg::cred::}"
CE0x4f440a0 "{CE0x4f440a0|cred_has_capability:_cred|Function::cred_has_capability&Arg::cred::}"
CE0x4fd8f00 "{CE0x4fd8f00|cred_sid:_cred|Function::cred_sid&Arg::cred::}"
CE0x4fd2490 "{CE0x4fd2490|cred_sid:_security|security/selinux/hooks.c,196}"
CE0x4fde0a0 "{CE0x4fde0a0|cred_sid:_tmp4|*LoadInst*|security/selinux/hooks.c,196}"
CE0x4fdee10 "{CE0x4fdee10|cred_sid:_tmp5|security/selinux/hooks.c,196}"
CE0x4fde8b0 "{CE0x4fde8b0|cred_sid:_sid|security/selinux/hooks.c,197}"
CE0x4fdcf10 "{CE0x4fdcf10|cred_sid:_tmp6|security/selinux/hooks.c,197}"
CE0x4fdd040 "{CE0x4fdd040|_ret_i32_%tmp6,_!dbg_!27716|security/selinux/hooks.c,197}"
CE0x4fbeeb0 "{CE0x4fbeeb0|cred_has_capability:_call|security/selinux/hooks.c,1558}"
CE0x4fbf0a0 "{CE0x4fbf0a0|cred_has_capability:_call|security/selinux/hooks.c,1558|*SummSink*}"
CONST[source:0(mediator),value:2(dynamic)][purpose:{subject}]



implicit:
CONST[source:2(external),value:0(static)][purpose:{operation}]  ->  CONST[source:0(mediator),value:2(dynamic)][purpose:{object}]
-----------
CONST[source:2(external),value:0(static)][purpose:{operation}]
CE0x4fb4f60 "{CE0x4fb4f60|i32_1|*Constant*}"
CE0x4faf040 "{CE0x4faf040|cred_has_capability:_sw.epilog}"
CE0x4fa99b0 "{CE0x4fa99b0|cred_has_capability:_sclass.0}"
CE0x4fa9b90 "{CE0x4fa9b90|cred_has_capability:_sclass.0|*SummSink*}"
CONST[source:0(mediator),value:2(dynamic)][purpose:{object}]


CONST[source:2(external),value:0(static)][purpose:{operation}]  ->  CONST[source:0(mediator),value:2(dynamic)][purpose:{subject}]
-----------
CONST[source:2(external),value:0(static)][purpose:{operation}]
CE0x4f2be00 "{CE0x4f2be00|i32_0|*Constant*}"
CE0x4f4e190 "{CE0x4f4e190|selinux_vm_enough_memory:_cred|security/selinux/hooks.c,2088}"
CE0x4f4e6c0 "{CE0x4f4e6c0|selinux_vm_enough_memory:_tmp19|security/selinux/hooks.c,2088}"
CE0x4f31f80 "{CE0x4f31f80|selinux_capable:_cred|Function::selinux_capable&Arg::cred::}"
CE0x4f440a0 "{CE0x4f440a0|cred_has_capability:_cred|Function::cred_has_capability&Arg::cred::}"
CE0x4fd8f00 "{CE0x4fd8f00|cred_sid:_cred|Function::cred_sid&Arg::cred::}"
CE0x4fd2490 "{CE0x4fd2490|cred_sid:_security|security/selinux/hooks.c,196}"
CE0x4fde0a0 "{CE0x4fde0a0|cred_sid:_tmp4|*LoadInst*|security/selinux/hooks.c,196}"
CE0x4fdee10 "{CE0x4fdee10|cred_sid:_tmp5|security/selinux/hooks.c,196}"
CE0x4fde8b0 "{CE0x4fde8b0|cred_sid:_sid|security/selinux/hooks.c,197}"
CE0x4fdcf10 "{CE0x4fdcf10|cred_sid:_tmp6|security/selinux/hooks.c,197}"
CE0x4fdd040 "{CE0x4fdd040|_ret_i32_%tmp6,_!dbg_!27716|security/selinux/hooks.c,197}"
CE0x4fbeeb0 "{CE0x4fbeeb0|cred_has_capability:_call|security/selinux/hooks.c,1558}"
CE0x4fbf0a0 "{CE0x4fbf0a0|cred_has_capability:_call|security/selinux/hooks.c,1558|*SummSink*}"
CONST[source:0(mediator),value:2(dynamic)][purpose:{subject}]


CONST[source:2(external),value:0(static)][purpose:{operation}]  ->  CONST[source:0(mediator),value:0(static)][purpose:{operation}]
-----------
CONST[source:2(external),value:0(static)][purpose:{operation}]
CE0x4fb4f60 "{CE0x4fb4f60|i32_1|*Constant*}"
CE0x4fada40 "{CE0x4fada40|cred_has_capability:_shl|security/selinux/hooks.c,1559}"
CE0x4f537e0 "{CE0x4f537e0|cred_has_capability:_shl|security/selinux/hooks.c,1559|*SummSink*}"
CONST[source:0(mediator),value:0(static)][purpose:{operation}]


CONST[source:0(mediator),value:2(dynamic)][purpose:{subject}]  ->  CONST[source:0(mediator),value:2(dynamic)][purpose:{object}]
-----------
CONST[source:0(mediator),value:2(dynamic)][purpose:{subject}]
CE0x4fa4be0 "{CE0x4fa4be0|0:_i32,_4:_i32,_8:_i32,_12:_i32,_:_CMRE_4,8_|*MultipleSource*|security/selinux/hooks.c,196|*LoadInst*|security/selinux/hooks.c,196|security/selinux/hooks.c,197}"
CE0x4fdcf10 "{CE0x4fdcf10|cred_sid:_tmp6|security/selinux/hooks.c,197}"
CE0x4fdd040 "{CE0x4fdd040|_ret_i32_%tmp6,_!dbg_!27716|security/selinux/hooks.c,197}"
CE0x4fbeeb0 "{CE0x4fbeeb0|cred_has_capability:_call|security/selinux/hooks.c,1558}"
CE0x4fbf0a0 "{CE0x4fbf0a0|cred_has_capability:_call|security/selinux/hooks.c,1558|*SummSink*}"
CONST[source:0(mediator),value:2(dynamic)][purpose:{object}]


CONST[source:2(external),value:2(dynamic)][purpose:{subject}]  ->  CONST[source:0(mediator),value:2(dynamic)][purpose:{object}]
-----------
CONST[source:2(external),value:2(dynamic)][purpose:{subject}]
CE0x4f4e500 "{CE0x4f4e500|COLLAPSED:_GCMRE_current_task_external_global_%struct.task_struct*:_elem_0::|security/selinux/hooks.c,2088}"
CE0x4f4e6c0 "{CE0x4f4e6c0|selinux_vm_enough_memory:_tmp19|security/selinux/hooks.c,2088}"
CE0x4f31f80 "{CE0x4f31f80|selinux_capable:_cred|Function::selinux_capable&Arg::cred::}"
CE0x4f440a0 "{CE0x4f440a0|cred_has_capability:_cred|Function::cred_has_capability&Arg::cred::}"
CE0x4fd8f00 "{CE0x4fd8f00|cred_sid:_cred|Function::cred_sid&Arg::cred::}"
CE0x4fd2490 "{CE0x4fd2490|cred_sid:_security|security/selinux/hooks.c,196}"
CE0x4fde0a0 "{CE0x4fde0a0|cred_sid:_tmp4|*LoadInst*|security/selinux/hooks.c,196}"
CE0x4fdee10 "{CE0x4fdee10|cred_sid:_tmp5|security/selinux/hooks.c,196}"
CE0x4fde8b0 "{CE0x4fde8b0|cred_sid:_sid|security/selinux/hooks.c,197}"
CE0x4fdcf10 "{CE0x4fdcf10|cred_sid:_tmp6|security/selinux/hooks.c,197}"
CE0x4fdd040 "{CE0x4fdd040|_ret_i32_%tmp6,_!dbg_!27716|security/selinux/hooks.c,197}"
CE0x4fbeeb0 "{CE0x4fbeeb0|cred_has_capability:_call|security/selinux/hooks.c,1558}"
CE0x4fbf0a0 "{CE0x4fbf0a0|cred_has_capability:_call|security/selinux/hooks.c,1558|*SummSink*}"
CONST[source:0(mediator),value:2(dynamic)][purpose:{object}]


CONST[source:2(external),value:2(dynamic)][purpose:{subject}]  ->  CONST[source:0(mediator),value:2(dynamic)][purpose:{subject}]
-----------
CONST[source:2(external),value:2(dynamic)][purpose:{subject}]
CE0x4f4e500 "{CE0x4f4e500|COLLAPSED:_GCMRE_current_task_external_global_%struct.task_struct*:_elem_0::|security/selinux/hooks.c,2088}"
CE0x4f4e6c0 "{CE0x4f4e6c0|selinux_vm_enough_memory:_tmp19|security/selinux/hooks.c,2088}"
CE0x4f31f80 "{CE0x4f31f80|selinux_capable:_cred|Function::selinux_capable&Arg::cred::}"
CE0x4f440a0 "{CE0x4f440a0|cred_has_capability:_cred|Function::cred_has_capability&Arg::cred::}"
CE0x4fd8f00 "{CE0x4fd8f00|cred_sid:_cred|Function::cred_sid&Arg::cred::}"
CE0x4fd2490 "{CE0x4fd2490|cred_sid:_security|security/selinux/hooks.c,196}"
CE0x4fde0a0 "{CE0x4fde0a0|cred_sid:_tmp4|*LoadInst*|security/selinux/hooks.c,196}"
CE0x4fdee10 "{CE0x4fdee10|cred_sid:_tmp5|security/selinux/hooks.c,196}"
CE0x4fde8b0 "{CE0x4fde8b0|cred_sid:_sid|security/selinux/hooks.c,197}"
CE0x4fdcf10 "{CE0x4fdcf10|cred_sid:_tmp6|security/selinux/hooks.c,197}"
CE0x4fdd040 "{CE0x4fdd040|_ret_i32_%tmp6,_!dbg_!27716|security/selinux/hooks.c,197}"
CE0x4fbeeb0 "{CE0x4fbeeb0|cred_has_capability:_call|security/selinux/hooks.c,1558}"
CE0x4fbf0a0 "{CE0x4fbf0a0|cred_has_capability:_call|security/selinux/hooks.c,1558|*SummSink*}"
CONST[source:0(mediator),value:2(dynamic)][purpose:{subject}]


