[selinux_msg_queue_alloc_security]

explicit:
CONST[source:1(input),value:2(dynamic)][purpose:{object}]  ->  CONST[source:0(mediator),value:2(dynamic)][purpose:{object}]
-----------
CONST[source:1(input),value:2(dynamic)][purpose:{object}]
CE0x4e02df0 "{CE0x4e02df0|80:_i32,_112:_i8*,_:_CMRE_112,120_|*MultipleSource*|Function::selinux_msg_queue_alloc_security&Arg::msq::|security/selinux/hooks.c,5157}"
CE0x4e1e460 "{CE0x4e1e460|selinux_msg_queue_alloc_security:_tmp8|security/selinux/hooks.c,5161}"
CE0x4e1e060 "{CE0x4e1e060|selinux_msg_queue_alloc_security:_tmp9|security/selinux/hooks.c,5161}"
CE0x4e388d0 "{CE0x4e388d0|selinux_msg_queue_alloc_security:_sid5|security/selinux/hooks.c,5166}"
CE0x4e3a8c0 "{CE0x4e3a8c0|selinux_msg_queue_alloc_security:_tmp11|security/selinux/hooks.c,5166}"
CE0x4e3bce0 "{CE0x4e3bce0|selinux_msg_queue_alloc_security:_tmp11|security/selinux/hooks.c,5166|*SummSink*}"
CONST[source:0(mediator),value:2(dynamic)][purpose:{object}]


CONST[source:2(external),value:2(dynamic)][purpose:{subject}]  ->  CONST[source:0(mediator),value:2(dynamic)][purpose:{object}]
-----------
CONST[source:2(external),value:2(dynamic)][purpose:{subject}]
CE0x4e67b70 "{CE0x4e67b70|COLLAPSED:_CMRE:_elem_0::|security/selinux/hooks.c,218}"
CE0x4e620b0 "{CE0x4e620b0|cred_sid:_tmp4|*LoadInst*|security/selinux/hooks.c,196}"
CE0x4eac930 "{CE0x4eac930|cred_sid:_tmp5|security/selinux/hooks.c,196}"
CE0x4ebc2e0 "{CE0x4ebc2e0|cred_sid:_sid|security/selinux/hooks.c,197}"
CE0x4eb9310 "{CE0x4eb9310|cred_sid:_tmp6|security/selinux/hooks.c,197}"
CE0x4eaace0 "{CE0x4eaace0|_ret_i32_%tmp6,_!dbg_!27716|security/selinux/hooks.c,197}"
CE0x4ea9c70 "{CE0x4ea9c70|task_sid:_call7|security/selinux/hooks.c,208}"
CE0x4e14d90 "{CE0x4e14d90|_ret_i32_%call7,_!dbg_!27749|security/selinux/hooks.c,210}"
CE0x4e90c40 "{CE0x4e90c40|ipc_alloc_security:_call1|security/selinux/hooks.c,5087}"
CE0x4e3aa90 "{CE0x4e3aa90|0:_i16,_4:_i32,_:_CMRE_4,8_|*MultipleSource*|security/selinux/hooks.c,5166|security/selinux/hooks.c,5161|security/selinux/hooks.c,5161}"
CE0x4e3a8c0 "{CE0x4e3a8c0|selinux_msg_queue_alloc_security:_tmp11|security/selinux/hooks.c,5166}"
CE0x4e3bce0 "{CE0x4e3bce0|selinux_msg_queue_alloc_security:_tmp11|security/selinux/hooks.c,5166|*SummSink*}"
CONST[source:0(mediator),value:2(dynamic)][purpose:{object}]


CONST[source:2(external),value:2(dynamic)][purpose:{subject}]  ->  CONST[source:0(mediator),value:2(dynamic)][purpose:{subject}]
-----------
CONST[source:2(external),value:2(dynamic)][purpose:{subject}]
CE0x4e66c40 "{CE0x4e66c40|COLLAPSED:_GCMRE_current_task_external_global_%struct.task_struct*:_elem_0::|security/selinux/hooks.c,218}"
CE0x4e67cf0 "{CE0x4e67cf0|current_sid:_tmp22|security/selinux/hooks.c,218}"
CE0x4e68190 "{CE0x4e68190|current_sid:_tmp23|security/selinux/hooks.c,218}"
CE0x4e68a20 "{CE0x4e68a20|current_sid:_sid|security/selinux/hooks.c,220}"
CE0x4e69840 "{CE0x4e69840|current_sid:_tmp24|security/selinux/hooks.c,220}"
CE0x4e0fd40 "{CE0x4e0fd40|_ret_i32_%tmp24,_!dbg_!27742|security/selinux/hooks.c,220}"
CE0x4e04180 "{CE0x4e04180|selinux_msg_queue_alloc_security:_call|security/selinux/hooks.c,5154}"
CE0x4e020c0 "{CE0x4e020c0|selinux_msg_queue_alloc_security:_call|security/selinux/hooks.c,5154|*SummSink*}"
CONST[source:0(mediator),value:2(dynamic)][purpose:{subject}]



implicit:
CONST[source:1(input),value:2(dynamic)][purpose:{object}]  ->  CONST[source:0(mediator),value:2(dynamic)][purpose:{object}]
-----------
CONST[source:1(input),value:2(dynamic)][purpose:{object}]
CE0x4e02df0 "{CE0x4e02df0|80:_i32,_112:_i8*,_:_CMRE_112,120_|*MultipleSource*|Function::selinux_msg_queue_alloc_security&Arg::msq::|security/selinux/hooks.c,5157}"
CE0x4e1e460 "{CE0x4e1e460|selinux_msg_queue_alloc_security:_tmp8|security/selinux/hooks.c,5161}"
CE0x4e1e060 "{CE0x4e1e060|selinux_msg_queue_alloc_security:_tmp9|security/selinux/hooks.c,5161}"
CE0x4e388d0 "{CE0x4e388d0|selinux_msg_queue_alloc_security:_sid5|security/selinux/hooks.c,5166}"
CE0x4e3a8c0 "{CE0x4e3a8c0|selinux_msg_queue_alloc_security:_tmp11|security/selinux/hooks.c,5166}"
CE0x4e3bce0 "{CE0x4e3bce0|selinux_msg_queue_alloc_security:_tmp11|security/selinux/hooks.c,5166|*SummSink*}"
CONST[source:0(mediator),value:2(dynamic)][purpose:{object}]


CONST[source:2(external),value:2(dynamic)][purpose:{subject}]  ->  CONST[source:0(mediator),value:2(dynamic)][purpose:{object}]
-----------
CONST[source:2(external),value:2(dynamic)][purpose:{subject}]
CE0x4e67b70 "{CE0x4e67b70|COLLAPSED:_CMRE:_elem_0::|security/selinux/hooks.c,218}"
CE0x4e620b0 "{CE0x4e620b0|cred_sid:_tmp4|*LoadInst*|security/selinux/hooks.c,196}"
CE0x4eac930 "{CE0x4eac930|cred_sid:_tmp5|security/selinux/hooks.c,196}"
CE0x4ebc2e0 "{CE0x4ebc2e0|cred_sid:_sid|security/selinux/hooks.c,197}"
CE0x4eb9310 "{CE0x4eb9310|cred_sid:_tmp6|security/selinux/hooks.c,197}"
CE0x4eaace0 "{CE0x4eaace0|_ret_i32_%tmp6,_!dbg_!27716|security/selinux/hooks.c,197}"
CE0x4ea9c70 "{CE0x4ea9c70|task_sid:_call7|security/selinux/hooks.c,208}"
CE0x4e14d90 "{CE0x4e14d90|_ret_i32_%call7,_!dbg_!27749|security/selinux/hooks.c,210}"
CE0x4e90c40 "{CE0x4e90c40|ipc_alloc_security:_call1|security/selinux/hooks.c,5087}"
CE0x4e3aa90 "{CE0x4e3aa90|0:_i16,_4:_i32,_:_CMRE_4,8_|*MultipleSource*|security/selinux/hooks.c,5166|security/selinux/hooks.c,5161|security/selinux/hooks.c,5161}"
CE0x4e3a8c0 "{CE0x4e3a8c0|selinux_msg_queue_alloc_security:_tmp11|security/selinux/hooks.c,5166}"
CE0x4e3bce0 "{CE0x4e3bce0|selinux_msg_queue_alloc_security:_tmp11|security/selinux/hooks.c,5166|*SummSink*}"
CONST[source:0(mediator),value:2(dynamic)][purpose:{object}]


CONST[source:2(external),value:2(dynamic)][purpose:{subject}]  ->  CONST[source:0(mediator),value:2(dynamic)][purpose:{subject}]
-----------
CONST[source:2(external),value:2(dynamic)][purpose:{subject}]
CE0x4e67b70 "{CE0x4e67b70|COLLAPSED:_CMRE:_elem_0::|security/selinux/hooks.c,218}"
CE0x4e67cf0 "{CE0x4e67cf0|current_sid:_tmp22|security/selinux/hooks.c,218}"
CE0x4e68190 "{CE0x4e68190|current_sid:_tmp23|security/selinux/hooks.c,218}"
CE0x4e68a20 "{CE0x4e68a20|current_sid:_sid|security/selinux/hooks.c,220}"
CE0x4e69840 "{CE0x4e69840|current_sid:_tmp24|security/selinux/hooks.c,220}"
CE0x4e0fd40 "{CE0x4e0fd40|_ret_i32_%tmp24,_!dbg_!27742|security/selinux/hooks.c,220}"
CE0x4e04180 "{CE0x4e04180|selinux_msg_queue_alloc_security:_call|security/selinux/hooks.c,5154}"
CE0x4e020c0 "{CE0x4e020c0|selinux_msg_queue_alloc_security:_call|security/selinux/hooks.c,5154|*SummSink*}"
CONST[source:0(mediator),value:2(dynamic)][purpose:{subject}]


