[tomoyo_path_chown]

explicit:
CONST[source:1(input),value:2(dynamic)][purpose:{operation}][SrcIdx:17]  ->  CONST[source:0(mediator),value:0(static)][purpose:{operation}][SnkIdx:2]
-----------
CONST[source:1(input),value:2(dynamic)][purpose:{operation}][SrcIdx:17]
CE0x6d24400 "{CE0x6d24400|0:_i32,_:_SCMR_1,2_}"
CE0x57ba610 "{CE0x57ba610|tomoyo_path_chown:tmp9|security/tomoyo/tomoyo.c,381}"
CE0x538c6f0 "{CE0x538c6f0|tomoyo_path_chown:call4|security/tomoyo/tomoyo.c,381}"
CE0x56957a0 "{CE0x56957a0|tomoyo_path_chown:conv|security/tomoyo/tomoyo.c,381}"
CE0x6e6e900 "{CE0x6e6e900|tomoyo_path_number_perm:number|Function::tomoyo_path_number_perm&Arg::number::}"
CE0x5744cd0 "{CE0x5744cd0|0:_%struct.tomoyo_obj_info*,_24:_%struct.tomoyo_path_info*,_32:_i64,_40:_i8,_72:_i8,_76:_i8,_:_SCMRE_33,34_}"
CONST[source:0(mediator),value:0(static)][purpose:{operation}][SnkIdx:2]


CONST[source:2(external),value:2(dynamic)][purpose:{subject}][SrcIdx:19]  ->  CONST[source:0(mediator),value:2(dynamic)][purpose:{subject}][SnkIdx:0]
-----------
CONST[source:2(external),value:2(dynamic)][purpose:{subject}][SrcIdx:19]
CE0x38402a0 "{CE0x38402a0|128:_i8*,_1208:_%struct.file*,_:_CMRE_128,136_|*MultipleSource*|security/tomoyo/common.h,1205|security/tomoyo/common.h,1205}"
CE0x3840de0 "{CE0x3840de0|tomoyo_domain:tmp22|security/tomoyo/common.h,1205}"
CE0x6d052f0 "{CE0x6d052f0|tomoyo_domain:tmp23|security/tomoyo/common.h,1205}"
CE0x3930590 "{CE0x3930590|_ret_%struct.tomoyo_domain_info*_%tmp23,_!dbg_!38929|security/tomoyo/common.h,1205}"
CE0x47081d0 "{CE0x47081d0|tomoyo_init_request_info:call|security/tomoyo/util.c,1005}"
CE0x473b400 "{CE0x473b400|tomoyo_init_request_info:domain.addr.0}"
CE0x5733610 "{CE0x5733610|0:_%struct.tomoyo_obj_info*,_24:_%struct.tomoyo_path_info*,_32:_i64,_40:_i8,_72:_i8,_76:_i8,_:_SCMRE_16,24_|*MultipleSource*|security/tomoyo/file.c,693|security/tomoyo/file.c, 693|security/tomoyo/file.c,707|Function::tomoyo_init_request_info&Arg::r::}"
CONST[source:0(mediator),value:2(dynamic)][purpose:{subject}][SnkIdx:0]


CONST[source:1(input),value:2(dynamic)][purpose:{operation}][SrcIdx:18]  ->  CONST[source:0(mediator),value:0(static)][purpose:{operation}][SnkIdx:2]
-----------
CONST[source:1(input),value:2(dynamic)][purpose:{operation}][SrcIdx:18]
CE0x537dc50 "{CE0x537dc50|0:_i32,_:_SCMR_2,3_}"
CE0x6fa21c0 "{CE0x6fa21c0|tomoyo_path_chown:tmp21|security/tomoyo/tomoyo.c,384}"
CE0x6fdb8e0 "{CE0x6fdb8e0|tomoyo_path_chown:call11|security/tomoyo/tomoyo.c,384}"
CE0x6fdbd70 "{CE0x6fdbd70|tomoyo_path_chown:conv12|security/tomoyo/tomoyo.c,384}"
CE0x6e6e900 "{CE0x6e6e900|tomoyo_path_number_perm:number|Function::tomoyo_path_number_perm&Arg::number::}"
CE0x5744cd0 "{CE0x5744cd0|0:_%struct.tomoyo_obj_info*,_24:_%struct.tomoyo_path_info*,_32:_i64,_40:_i8,_72:_i8,_76:_i8,_:_SCMRE_33,34_}"
CONST[source:0(mediator),value:0(static)][purpose:{operation}][SnkIdx:2]



implicit:
CONST[source:2(external),value:0(static)][purpose:{operation}][SrcIdx:3]  ->  CONST[source:0(mediator),value:0(static)][purpose:{operation}][SnkIdx:2]
-----------
CONST[source:2(external),value:0(static)][purpose:{operation}][SrcIdx:3]
CE0x6cceb10 "{CE0x6cceb10|i1_true|*Constant*}"
CE0x6ccee70 "{CE0x6ccee70|uid_valid:lnot|include/linux/uidgid.h,100}"
CE0x6d23d80 "{CE0x6d23d80|_ret_i1_%lnot,_!dbg_!38906|include/linux/uidgid.h,100}"
CE0x47a3e10 "{CE0x47a3e10|tomoyo_path_chown:call|security/tomoyo/tomoyo.c,379}"
CE0x560e310 "{CE0x560e310|tomoyo_path_chown:if.then}"
CE0x6e6e0e0 "{CE0x6e6e0e0|tomoyo_path_number_perm:entry}"
CE0x4516a50 "{CE0x4516a50|tomoyo_path_number_perm:if.end9}"
CE0x5744b10 "{CE0x5744b10|0:_%struct.tomoyo_obj_info*,_24:_%struct.tomoyo_path_info*,_32:_i64,_40:_i8,_72:_i8,_76:_i8,_:_SCMRE_32,33_}"
CONST[source:0(mediator),value:0(static)][purpose:{operation}][SnkIdx:2]


CONST[source:2(external),value:0(static)][purpose:{operation}][SrcIdx:3]  ->  CONST[source:0(mediator),value:2(dynamic)][purpose:{object}][SnkIdx:1]
-----------
CONST[source:2(external),value:0(static)][purpose:{operation}][SrcIdx:3]
CE0x6cceb10 "{CE0x6cceb10|i1_true|*Constant*}"
CE0x6ccee70 "{CE0x6ccee70|uid_valid:lnot|include/linux/uidgid.h,100}"
CE0x6d23d80 "{CE0x6d23d80|_ret_i1_%lnot,_!dbg_!38906|include/linux/uidgid.h,100}"
CE0x47a3e10 "{CE0x47a3e10|tomoyo_path_chown:call|security/tomoyo/tomoyo.c,379}"
CE0x560e310 "{CE0x560e310|tomoyo_path_chown:if.then}"
CE0x6e6e0e0 "{CE0x6e6e0e0|tomoyo_path_number_perm:entry}"
CE0x45d8d60 "{CE0x45d8d60|tomoyo_path_number_perm:buf|security/tomoyo/file.c, 698}"
CE0x5744370 "{CE0x5744370|0:_%struct.tomoyo_obj_info*,_24:_%struct.tomoyo_path_info*,_32:_i64,_40:_i8,_72:_i8,_76:_i8,_:_SCMRE_27,28_}"
CONST[source:0(mediator),value:2(dynamic)][purpose:{object}][SnkIdx:1]


CONST[source:2(external),value:0(static)][purpose:{operation}][SrcIdx:3]  ->  CONST[source:0(mediator),value:2(dynamic)][purpose:{subject}][SnkIdx:0]
-----------
CONST[source:2(external),value:0(static)][purpose:{operation}][SrcIdx:3]
CE0x6cceb10 "{CE0x6cceb10|i1_true|*Constant*}"
CE0x6ccee70 "{CE0x6ccee70|uid_valid:lnot|include/linux/uidgid.h,100}"
CE0x6d23d80 "{CE0x6d23d80|_ret_i1_%lnot,_!dbg_!38906|include/linux/uidgid.h,100}"
CE0x47a3e10 "{CE0x47a3e10|tomoyo_path_chown:call|security/tomoyo/tomoyo.c,379}"
CE0x560e310 "{CE0x560e310|tomoyo_path_chown:if.then}"
CE0x6e6e0e0 "{CE0x6e6e0e0|tomoyo_path_number_perm:entry}"
CE0x45dfdc0 "{CE0x45dfdc0|tomoyo_path_number_perm:bb}"
CE0x4617500 "{CE0x4617500|tomoyo_init_request_info:entry}"
CE0x38e9850 "{CE0x38e9850|tomoyo_init_request_info:if.end}"
CE0x5733610 "{CE0x5733610|0:_%struct.tomoyo_obj_info*,_24:_%struct.tomoyo_path_info*,_32:_i64,_40:_i8,_72:_i8,_76:_i8,_:_SCMRE_16,24_|*MultipleSource*|security/tomoyo/file.c,693|security/tomoyo/file.c, 693|security/tomoyo/file.c,707|Function::tomoyo_init_request_info&Arg::r::}"
CONST[source:0(mediator),value:2(dynamic)][purpose:{subject}][SnkIdx:0]


CONST[source:2(external),value:0(static)][purpose:{operation}][SrcIdx:3]  ->  CONST[source:0(mediator),value:0(static)][purpose:{operation}][SnkIdx:3]
-----------
CONST[source:2(external),value:0(static)][purpose:{operation}][SrcIdx:3]
CE0x6cceb10 "{CE0x6cceb10|i1_true|*Constant*}"
CE0x6ccee70 "{CE0x6ccee70|uid_valid:lnot|include/linux/uidgid.h,100}"
CE0x6d23d80 "{CE0x6d23d80|_ret_i1_%lnot,_!dbg_!38906|include/linux/uidgid.h,100}"
CE0x47a3e10 "{CE0x47a3e10|tomoyo_path_chown:call|security/tomoyo/tomoyo.c,379}"
CE0x560e310 "{CE0x560e310|tomoyo_path_chown:if.then}"
CE0x6e6e0e0 "{CE0x6e6e0e0|tomoyo_path_number_perm:entry}"
CE0x4516a50 "{CE0x4516a50|tomoyo_path_number_perm:if.end9}"
CE0x574b4f0 "{CE0x574b4f0|0:_%struct.tomoyo_obj_info*,_24:_%struct.tomoyo_path_info*,_32:_i64,_40:_i8,_72:_i8,_76:_i8,_:_SCMRE_40,41_}"
CONST[source:0(mediator),value:0(static)][purpose:{operation}][SnkIdx:3]


CONST[source:1(input),value:2(dynamic)][purpose:{operation}][SrcIdx:17]  ->  CONST[source:0(mediator),value:0(static)][purpose:{operation}][SnkIdx:2]
-----------
CONST[source:1(input),value:2(dynamic)][purpose:{operation}][SrcIdx:17]
CE0x6d24400 "{CE0x6d24400|0:_i32,_:_SCMR_1,2_}"
CE0x57ba610 "{CE0x57ba610|tomoyo_path_chown:tmp9|security/tomoyo/tomoyo.c,381}"
CE0x538c6f0 "{CE0x538c6f0|tomoyo_path_chown:call4|security/tomoyo/tomoyo.c,381}"
CE0x56957a0 "{CE0x56957a0|tomoyo_path_chown:conv|security/tomoyo/tomoyo.c,381}"
CE0x6e6e900 "{CE0x6e6e900|tomoyo_path_number_perm:number|Function::tomoyo_path_number_perm&Arg::number::}"
CE0x5744b10 "{CE0x5744b10|0:_%struct.tomoyo_obj_info*,_24:_%struct.tomoyo_path_info*,_32:_i64,_40:_i8,_72:_i8,_76:_i8,_:_SCMRE_32,33_}"
CONST[source:0(mediator),value:0(static)][purpose:{operation}][SnkIdx:2]


CONST[source:1(input),value:2(dynamic)][purpose:{operation}][SrcIdx:17]  ->  CONST[source:0(mediator),value:2(dynamic)][purpose:{object}][SnkIdx:1]
-----------
CONST[source:1(input),value:2(dynamic)][purpose:{operation}][SrcIdx:17]
CE0x6d24400 "{CE0x6d24400|0:_i32,_:_SCMR_1,2_}"
CE0x551b6c0 "{CE0x551b6c0|tomoyo_path_chown:tmp2|security/tomoyo/tomoyo.c,379}"
CE0x6d00590 "{CE0x6d00590|uid_valid:uid.coerce|Function::uid_valid&Arg::uid.coerce::}"
CE0x6e4e5c0 "{CE0x6e4e5c0|0:_i32,_:_SCMR_1,2_}"
CE0x6c9e3d0 "{CE0x6c9e3d0|uid_valid:tmp7|include/linux/uidgid.h,100}"
CE0x6ca8580 "{CE0x6ca8580|uid_eq:left.coerce|Function::uid_eq&Arg::left.coerce::}"
CE0x3799a40 "{CE0x3799a40|0:_i32,_:_SCMR_0,1_}"
CE0x396b780 "{CE0x396b780|uid_eq:tmp4|include/linux/uidgid.h,50}"
CE0x384e2d0 "{CE0x384e2d0|__kuid_val:uid.coerce|Function::__kuid_val&Arg::uid.coerce::}"
CE0x5776e60 "{CE0x5776e60|0:_i32,_:_SCMR_3,4_}"
CE0x6d5b610 "{CE0x6d5b610|__kuid_val:tmp4|include/linux/uidgid.h,34}"
CE0x384e4d0 "{CE0x384e4d0|_ret_i32_%tmp4,_!dbg_!38904|include/linux/uidgid.h,34}"
CE0x396ba60 "{CE0x396ba60|uid_eq:call|include/linux/uidgid.h,50}"
CE0x382bf60 "{CE0x382bf60|uid_eq:cmp|include/linux/uidgid.h,50}"
CE0x6ca8b40 "{CE0x6ca8b40|_ret_i1_%cmp,_!dbg_!38907|include/linux/uidgid.h,50}"
CE0x6cac2a0 "{CE0x6cac2a0|uid_valid:call|include/linux/uidgid.h,100}"
CE0x6ccee70 "{CE0x6ccee70|uid_valid:lnot|include/linux/uidgid.h,100}"
CE0x6d23d80 "{CE0x6d23d80|_ret_i1_%lnot,_!dbg_!38906|include/linux/uidgid.h,100}"
CE0x47a3e10 "{CE0x47a3e10|tomoyo_path_chown:call|security/tomoyo/tomoyo.c,379}"
CE0x560e310 "{CE0x560e310|tomoyo_path_chown:if.then}"
CE0x6e6e0e0 "{CE0x6e6e0e0|tomoyo_path_number_perm:entry}"
CE0x45d8d60 "{CE0x45d8d60|tomoyo_path_number_perm:buf|security/tomoyo/file.c, 698}"
CE0x5744370 "{CE0x5744370|0:_%struct.tomoyo_obj_info*,_24:_%struct.tomoyo_path_info*,_32:_i64,_40:_i8,_72:_i8,_76:_i8,_:_SCMRE_27,28_}"
CONST[source:0(mediator),value:2(dynamic)][purpose:{object}][SnkIdx:1]


CONST[source:1(input),value:2(dynamic)][purpose:{operation}][SrcIdx:17]  ->  CONST[source:0(mediator),value:2(dynamic)][purpose:{subject}][SnkIdx:0]
-----------
CONST[source:1(input),value:2(dynamic)][purpose:{operation}][SrcIdx:17]
CE0x6d24400 "{CE0x6d24400|0:_i32,_:_SCMR_1,2_}"
CE0x551b6c0 "{CE0x551b6c0|tomoyo_path_chown:tmp2|security/tomoyo/tomoyo.c,379}"
CE0x6d00590 "{CE0x6d00590|uid_valid:uid.coerce|Function::uid_valid&Arg::uid.coerce::}"
CE0x6e4e5c0 "{CE0x6e4e5c0|0:_i32,_:_SCMR_1,2_}"
CE0x6c9e3d0 "{CE0x6c9e3d0|uid_valid:tmp7|include/linux/uidgid.h,100}"
CE0x6ca8580 "{CE0x6ca8580|uid_eq:left.coerce|Function::uid_eq&Arg::left.coerce::}"
CE0x3799a40 "{CE0x3799a40|0:_i32,_:_SCMR_0,1_}"
CE0x396b780 "{CE0x396b780|uid_eq:tmp4|include/linux/uidgid.h,50}"
CE0x384e2d0 "{CE0x384e2d0|__kuid_val:uid.coerce|Function::__kuid_val&Arg::uid.coerce::}"
CE0x5776e60 "{CE0x5776e60|0:_i32,_:_SCMR_3,4_}"
CE0x6d5b610 "{CE0x6d5b610|__kuid_val:tmp4|include/linux/uidgid.h,34}"
CE0x384e4d0 "{CE0x384e4d0|_ret_i32_%tmp4,_!dbg_!38904|include/linux/uidgid.h,34}"
CE0x396ba60 "{CE0x396ba60|uid_eq:call|include/linux/uidgid.h,50}"
CE0x382bf60 "{CE0x382bf60|uid_eq:cmp|include/linux/uidgid.h,50}"
CE0x6ca8b40 "{CE0x6ca8b40|_ret_i1_%cmp,_!dbg_!38907|include/linux/uidgid.h,50}"
CE0x6cac2a0 "{CE0x6cac2a0|uid_valid:call|include/linux/uidgid.h,100}"
CE0x6ccee70 "{CE0x6ccee70|uid_valid:lnot|include/linux/uidgid.h,100}"
CE0x6d23d80 "{CE0x6d23d80|_ret_i1_%lnot,_!dbg_!38906|include/linux/uidgid.h,100}"
CE0x47a3e10 "{CE0x47a3e10|tomoyo_path_chown:call|security/tomoyo/tomoyo.c,379}"
CE0x560e310 "{CE0x560e310|tomoyo_path_chown:if.then}"
CE0x6e6e0e0 "{CE0x6e6e0e0|tomoyo_path_number_perm:entry}"
CE0x45dfdc0 "{CE0x45dfdc0|tomoyo_path_number_perm:bb}"
CE0x4617500 "{CE0x4617500|tomoyo_init_request_info:entry}"
CE0x38e9850 "{CE0x38e9850|tomoyo_init_request_info:if.end}"
CE0x5733610 "{CE0x5733610|0:_%struct.tomoyo_obj_info*,_24:_%struct.tomoyo_path_info*,_32:_i64,_40:_i8,_72:_i8,_76:_i8,_:_SCMRE_16,24_|*MultipleSource*|security/tomoyo/file.c,693|security/tomoyo/file.c, 693|security/tomoyo/file.c,707|Function::tomoyo_init_request_info&Arg::r::}"
CONST[source:0(mediator),value:2(dynamic)][purpose:{subject}][SnkIdx:0]


CONST[source:1(input),value:2(dynamic)][purpose:{operation}][SrcIdx:17]  ->  CONST[source:0(mediator),value:0(static)][purpose:{operation}][SnkIdx:3]
-----------
CONST[source:1(input),value:2(dynamic)][purpose:{operation}][SrcIdx:17]
CE0x6d24400 "{CE0x6d24400|0:_i32,_:_SCMR_1,2_}"
CE0x551b6c0 "{CE0x551b6c0|tomoyo_path_chown:tmp2|security/tomoyo/tomoyo.c,379}"
CE0x6d00590 "{CE0x6d00590|uid_valid:uid.coerce|Function::uid_valid&Arg::uid.coerce::}"
CE0x6e4e5c0 "{CE0x6e4e5c0|0:_i32,_:_SCMR_1,2_}"
CE0x6c9e3d0 "{CE0x6c9e3d0|uid_valid:tmp7|include/linux/uidgid.h,100}"
CE0x6ca8580 "{CE0x6ca8580|uid_eq:left.coerce|Function::uid_eq&Arg::left.coerce::}"
CE0x3799a40 "{CE0x3799a40|0:_i32,_:_SCMR_0,1_}"
CE0x396b780 "{CE0x396b780|uid_eq:tmp4|include/linux/uidgid.h,50}"
CE0x384e2d0 "{CE0x384e2d0|__kuid_val:uid.coerce|Function::__kuid_val&Arg::uid.coerce::}"
CE0x5776e60 "{CE0x5776e60|0:_i32,_:_SCMR_3,4_}"
CE0x6d5b610 "{CE0x6d5b610|__kuid_val:tmp4|include/linux/uidgid.h,34}"
CE0x384e4d0 "{CE0x384e4d0|_ret_i32_%tmp4,_!dbg_!38904|include/linux/uidgid.h,34}"
CE0x396ba60 "{CE0x396ba60|uid_eq:call|include/linux/uidgid.h,50}"
CE0x382bf60 "{CE0x382bf60|uid_eq:cmp|include/linux/uidgid.h,50}"
CE0x6ca8b40 "{CE0x6ca8b40|_ret_i1_%cmp,_!dbg_!38907|include/linux/uidgid.h,50}"
CE0x6cac2a0 "{CE0x6cac2a0|uid_valid:call|include/linux/uidgid.h,100}"
CE0x6ccee70 "{CE0x6ccee70|uid_valid:lnot|include/linux/uidgid.h,100}"
CE0x6d23d80 "{CE0x6d23d80|_ret_i1_%lnot,_!dbg_!38906|include/linux/uidgid.h,100}"
CE0x47a3e10 "{CE0x47a3e10|tomoyo_path_chown:call|security/tomoyo/tomoyo.c,379}"
CE0x560e310 "{CE0x560e310|tomoyo_path_chown:if.then}"
CE0x6e6e0e0 "{CE0x6e6e0e0|tomoyo_path_number_perm:entry}"
CE0x4516a50 "{CE0x4516a50|tomoyo_path_number_perm:if.end9}"
CE0x574b4f0 "{CE0x574b4f0|0:_%struct.tomoyo_obj_info*,_24:_%struct.tomoyo_path_info*,_32:_i64,_40:_i8,_72:_i8,_76:_i8,_:_SCMRE_40,41_}"
CONST[source:0(mediator),value:0(static)][purpose:{operation}][SnkIdx:3]


CONST[source:2(external),value:0(static)][purpose:{operation}][SrcIdx:4]  ->  CONST[source:0(mediator),value:0(static)][purpose:{operation}][SnkIdx:2]
-----------
CONST[source:2(external),value:0(static)][purpose:{operation}][SrcIdx:4]
CE0x6cceb10 "{CE0x6cceb10|i1_true|*Constant*}"
CE0x6ccee70 "{CE0x6ccee70|uid_valid:lnot|include/linux/uidgid.h,100}"
CE0x6d23d80 "{CE0x6d23d80|_ret_i1_%lnot,_!dbg_!38906|include/linux/uidgid.h,100}"
CE0x47a3e10 "{CE0x47a3e10|tomoyo_path_chown:call|security/tomoyo/tomoyo.c,379}"
CE0x560e310 "{CE0x560e310|tomoyo_path_chown:if.then}"
CE0x6e6e0e0 "{CE0x6e6e0e0|tomoyo_path_number_perm:entry}"
CE0x4516a50 "{CE0x4516a50|tomoyo_path_number_perm:if.end9}"
CE0x5744b10 "{CE0x5744b10|0:_%struct.tomoyo_obj_info*,_24:_%struct.tomoyo_path_info*,_32:_i64,_40:_i8,_72:_i8,_76:_i8,_:_SCMRE_32,33_}"
CONST[source:0(mediator),value:0(static)][purpose:{operation}][SnkIdx:2]


CONST[source:2(external),value:0(static)][purpose:{operation}][SrcIdx:4]  ->  CONST[source:0(mediator),value:2(dynamic)][purpose:{object}][SnkIdx:1]
-----------
CONST[source:2(external),value:0(static)][purpose:{operation}][SrcIdx:4]
CE0x6cceb10 "{CE0x6cceb10|i1_true|*Constant*}"
CE0x6ccee70 "{CE0x6ccee70|uid_valid:lnot|include/linux/uidgid.h,100}"
CE0x6d23d80 "{CE0x6d23d80|_ret_i1_%lnot,_!dbg_!38906|include/linux/uidgid.h,100}"
CE0x47a3e10 "{CE0x47a3e10|tomoyo_path_chown:call|security/tomoyo/tomoyo.c,379}"
CE0x560e310 "{CE0x560e310|tomoyo_path_chown:if.then}"
CE0x6e6e0e0 "{CE0x6e6e0e0|tomoyo_path_number_perm:entry}"
CE0x45d8d60 "{CE0x45d8d60|tomoyo_path_number_perm:buf|security/tomoyo/file.c, 698}"
CE0x5744370 "{CE0x5744370|0:_%struct.tomoyo_obj_info*,_24:_%struct.tomoyo_path_info*,_32:_i64,_40:_i8,_72:_i8,_76:_i8,_:_SCMRE_27,28_}"
CONST[source:0(mediator),value:2(dynamic)][purpose:{object}][SnkIdx:1]


CONST[source:2(external),value:0(static)][purpose:{operation}][SrcIdx:4]  ->  CONST[source:0(mediator),value:2(dynamic)][purpose:{subject}][SnkIdx:0]
-----------
CONST[source:2(external),value:0(static)][purpose:{operation}][SrcIdx:4]
CE0x6cceb10 "{CE0x6cceb10|i1_true|*Constant*}"
CE0x6ccee70 "{CE0x6ccee70|uid_valid:lnot|include/linux/uidgid.h,100}"
CE0x6d23d80 "{CE0x6d23d80|_ret_i1_%lnot,_!dbg_!38906|include/linux/uidgid.h,100}"
CE0x47a3e10 "{CE0x47a3e10|tomoyo_path_chown:call|security/tomoyo/tomoyo.c,379}"
CE0x560e310 "{CE0x560e310|tomoyo_path_chown:if.then}"
CE0x6e6e0e0 "{CE0x6e6e0e0|tomoyo_path_number_perm:entry}"
CE0x45dfdc0 "{CE0x45dfdc0|tomoyo_path_number_perm:bb}"
CE0x4617500 "{CE0x4617500|tomoyo_init_request_info:entry}"
CE0x38e9850 "{CE0x38e9850|tomoyo_init_request_info:if.end}"
CE0x5733610 "{CE0x5733610|0:_%struct.tomoyo_obj_info*,_24:_%struct.tomoyo_path_info*,_32:_i64,_40:_i8,_72:_i8,_76:_i8,_:_SCMRE_16,24_|*MultipleSource*|security/tomoyo/file.c,693|security/tomoyo/file.c, 693|security/tomoyo/file.c,707|Function::tomoyo_init_request_info&Arg::r::}"
CONST[source:0(mediator),value:2(dynamic)][purpose:{subject}][SnkIdx:0]


CONST[source:2(external),value:0(static)][purpose:{operation}][SrcIdx:4]  ->  CONST[source:0(mediator),value:0(static)][purpose:{operation}][SnkIdx:3]
-----------
CONST[source:2(external),value:0(static)][purpose:{operation}][SrcIdx:4]
CE0x6cceb10 "{CE0x6cceb10|i1_true|*Constant*}"
CE0x6ccee70 "{CE0x6ccee70|uid_valid:lnot|include/linux/uidgid.h,100}"
CE0x6d23d80 "{CE0x6d23d80|_ret_i1_%lnot,_!dbg_!38906|include/linux/uidgid.h,100}"
CE0x47a3e10 "{CE0x47a3e10|tomoyo_path_chown:call|security/tomoyo/tomoyo.c,379}"
CE0x560e310 "{CE0x560e310|tomoyo_path_chown:if.then}"
CE0x6e6e0e0 "{CE0x6e6e0e0|tomoyo_path_number_perm:entry}"
CE0x4516a50 "{CE0x4516a50|tomoyo_path_number_perm:if.end9}"
CE0x574b4f0 "{CE0x574b4f0|0:_%struct.tomoyo_obj_info*,_24:_%struct.tomoyo_path_info*,_32:_i64,_40:_i8,_72:_i8,_76:_i8,_:_SCMRE_40,41_}"
CONST[source:0(mediator),value:0(static)][purpose:{operation}][SnkIdx:3]


CONST[source:2(external),value:2(dynamic)][purpose:{subject}][SrcIdx:19]  ->  CONST[source:0(mediator),value:2(dynamic)][purpose:{subject}][SnkIdx:0]
-----------
CONST[source:2(external),value:2(dynamic)][purpose:{subject}][SrcIdx:19]
CE0x38402a0 "{CE0x38402a0|128:_i8*,_1208:_%struct.file*,_:_CMRE_128,136_|*MultipleSource*|security/tomoyo/common.h,1205|security/tomoyo/common.h,1205}"
CE0x3840de0 "{CE0x3840de0|tomoyo_domain:tmp22|security/tomoyo/common.h,1205}"
CE0x6d052f0 "{CE0x6d052f0|tomoyo_domain:tmp23|security/tomoyo/common.h,1205}"
CE0x3930590 "{CE0x3930590|_ret_%struct.tomoyo_domain_info*_%tmp23,_!dbg_!38929|security/tomoyo/common.h,1205}"
CE0x47081d0 "{CE0x47081d0|tomoyo_init_request_info:call|security/tomoyo/util.c,1005}"
CE0x473b400 "{CE0x473b400|tomoyo_init_request_info:domain.addr.0}"
CE0x5733610 "{CE0x5733610|0:_%struct.tomoyo_obj_info*,_24:_%struct.tomoyo_path_info*,_32:_i64,_40:_i8,_72:_i8,_76:_i8,_:_SCMRE_16,24_|*MultipleSource*|security/tomoyo/file.c,693|security/tomoyo/file.c, 693|security/tomoyo/file.c,707|Function::tomoyo_init_request_info&Arg::r::}"
CONST[source:0(mediator),value:2(dynamic)][purpose:{subject}][SnkIdx:0]


CONST[source:1(input),value:2(dynamic)][purpose:{operation}][SrcIdx:18]  ->  CONST[source:0(mediator),value:0(static)][purpose:{operation}][SnkIdx:2]
-----------
CONST[source:1(input),value:2(dynamic)][purpose:{operation}][SrcIdx:18]
CE0x6e684f0 "{CE0x6e684f0|0:_i32,_:_SCMR_3,4_}"
CE0x6fa21c0 "{CE0x6fa21c0|tomoyo_path_chown:tmp21|security/tomoyo/tomoyo.c,384}"
CE0x6fdb8e0 "{CE0x6fdb8e0|tomoyo_path_chown:call11|security/tomoyo/tomoyo.c,384}"
CE0x6fdbd70 "{CE0x6fdbd70|tomoyo_path_chown:conv12|security/tomoyo/tomoyo.c,384}"
CE0x6e6e900 "{CE0x6e6e900|tomoyo_path_number_perm:number|Function::tomoyo_path_number_perm&Arg::number::}"
CE0x5744b10 "{CE0x5744b10|0:_%struct.tomoyo_obj_info*,_24:_%struct.tomoyo_path_info*,_32:_i64,_40:_i8,_72:_i8,_76:_i8,_:_SCMRE_32,33_}"
CONST[source:0(mediator),value:0(static)][purpose:{operation}][SnkIdx:2]


