[tomoyo_path_rmdir]

explicit:
CONST[source:2(external),value:2(dynamic)][purpose:{subject}]  ->  CONST[source:0(mediator),value:2(dynamic)][purpose:{subject}]
-----------
CONST[source:2(external),value:2(dynamic)][purpose:{subject}]
CE0x5fac200 "{CE0x5fac200|COLLAPSED:_GCRE_current_task_external_global_%struct.task_struct*:_elem_0::|security/tomoyo/common.h,1205}"
CE0x73e1900 "{CE0x73e1900|tomoyo_domain:_tmp22|security/tomoyo/common.h,1205}"
CE0x87a8880 "{CE0x87a8880|tomoyo_domain:_tmp23|security/tomoyo/common.h,1205}"
CE0x888b8e0 "{CE0x888b8e0|_ret_%struct.tomoyo_domain_info*_%tmp23,_!dbg_!38929|security/tomoyo/common.h,1205}"
CE0x88fdb90 "{CE0x88fdb90|tomoyo_init_request_info:_call|security/tomoyo/util.c,1005}"
CE0x87c0580 "{CE0x87c0580|tomoyo_init_request_info:_domain.addr.0}"
CE0x6ef4c30 "{CE0x6ef4c30|0:_%struct.tomoyo_obj_info*,_16:_%struct.tomoyo_domain_info*,_24:_%struct.tomoyo_path_info*,_40:_i8,_72:_i8,_75:_i8,_76:_i8,_77:_i8,_:_SCMRE_16,24_|*MultipleSource*|security/tomoyo/file.c, 787|security/tomoyo/file.c,787|Function::tomoyo_init_request_info&Arg::r::|security/tomoyo/file.c,800}"
CONST[source:0(mediator),value:2(dynamic)][purpose:{subject}]



implicit:
CONST[source:0(mediator),value:0(static)][purpose:{operation}]  ->  CONST[source:0(mediator),value:2(dynamic)][purpose:{object}]
-----------
CONST[source:0(mediator),value:0(static)][purpose:{operation}]
CE0x545de10 "{CE0x545de10|tomoyo_path_perm:_operation|Function::tomoyo_path_perm&Arg::operation::|*SummSource*}"
CE0x545dd30 "{CE0x545dd30|tomoyo_path_perm:_operation|Function::tomoyo_path_perm&Arg::operation::}"
CE0x73ef280 "{CE0x73ef280|tomoyo_path_perm:_conv8|security/tomoyo/file.c,807}"
CE0x87cd360 "{CE0x87cd360|tomoyo_path_perm:_sw.epilog}"
CE0x7163140 "{CE0x7163140|tomoyo_path_permission:_entry}"
CE0x6307150 "{CE0x6307150|tomoyo_path_permission:_if.end}"
CE0x6267a80 "{CE0x6267a80|0:_%struct.tomoyo_obj_info*,_16:_%struct.tomoyo_domain_info*,_24:_%struct.tomoyo_path_info*,_40:_i8,_72:_i8,_75:_i8,_76:_i8,_77:_i8,_:_SCMRE_31,32_}"
CONST[source:0(mediator),value:2(dynamic)][purpose:{object}]


CONST[source:2(external),value:2(dynamic)][purpose:{subject}]  ->  CONST[source:0(mediator),value:0(static)][purpose:{operation}]
-----------
CONST[source:2(external),value:2(dynamic)][purpose:{subject}]
CE0x73c9180 "{CE0x73c9180|128:_i8*,_1208:_%struct.file*,_:_CMRE_128,136_|*MultipleSource*|security/tomoyo/common.h,1205|security/tomoyo/common.h,1205}"
CE0x73e1900 "{CE0x73e1900|tomoyo_domain:_tmp22|security/tomoyo/common.h,1205}"
CE0x87a8880 "{CE0x87a8880|tomoyo_domain:_tmp23|security/tomoyo/common.h,1205}"
CE0x888b8e0 "{CE0x888b8e0|_ret_%struct.tomoyo_domain_info*_%tmp23,_!dbg_!38929|security/tomoyo/common.h,1205}"
CE0x88fdb90 "{CE0x88fdb90|tomoyo_init_request_info:_call|security/tomoyo/util.c,1005}"
CE0x87c0580 "{CE0x87c0580|tomoyo_init_request_info:_domain.addr.0}"
CE0x8972a60 "{CE0x8972a60|tomoyo_init_request_info:_ns|security/tomoyo/util.c,1010}"
CE0x897bc80 "{CE0x897bc80|tomoyo_init_request_info:_tmp12|security/tomoyo/util.c,1010}"
CE0x87f3850 "{CE0x87f3850|tomoyo_get_mode:_ns|Function::tomoyo_get_mode&Arg::ns::}"
CE0x6ec0970 "{CE0x6ec0970|COLLAPSED:_CRE:_elem_0:default:}"
CE0x883a660 "{CE0x883a660|tomoyo_get_mode:_tmp24|security/tomoyo/util.c,986}"
CE0x883a6d0 "{CE0x883a6d0|tomoyo_get_mode:_mode.1}"
CE0x603ea10 "{CE0x603ea10|tomoyo_get_mode:_conv15|security/tomoyo/util.c,987}"
CE0x603eaf0 "{CE0x603eaf0|tomoyo_get_mode:_and|security/tomoyo/util.c,987}"
CE0x73ec9c0 "{CE0x73ec9c0|tomoyo_get_mode:_retval.0}"
CE0x6f3bb90 "{CE0x6f3bb90|_ret_i32_%retval.0,_!dbg_!38935|security/tomoyo/util.c,988}"
CE0x72a6e70 "{CE0x72a6e70|tomoyo_path_permission:_call|security/tomoyo/file.c,564}"
CE0x60c8c30 "{CE0x60c8c30|tomoyo_path_permission:_conv|security/tomoyo/file.c,564}"
CE0x73450d0 "{CE0x73450d0|0:_%struct.tomoyo_obj_info*,_16:_%struct.tomoyo_domain_info*,_24:_%struct.tomoyo_path_info*,_40:_i8,_72:_i8,_75:_i8,_76:_i8,_77:_i8,_:_SCMRE_76,77_|*MultipleSource*|security/tomoyo/file.c, 787|security/tomoyo/file.c,787|Function::tomoyo_init_request_info&Arg::r::|security/tomoyo/file.c,800}"
CE0x6f53230 "{CE0x6f53230|tomoyo_path_permission:_tmp7|*LoadInst*|security/tomoyo/file.c,565}"
CE0x6f8a8d0 "{CE0x6f8a8d0|tomoyo_path_permission:_conv3|security/tomoyo/file.c,565}"
CE0x88c14a0 "{CE0x88c14a0|tomoyo_path_permission:_cmp|security/tomoyo/file.c,565}"
CE0x6307150 "{CE0x6307150|tomoyo_path_permission:_if.end}"
CE0x61c73e0 "{CE0x61c73e0|0:_%struct.tomoyo_obj_info*,_16:_%struct.tomoyo_domain_info*,_24:_%struct.tomoyo_path_info*,_40:_i8,_72:_i8,_75:_i8,_76:_i8,_77:_i8,_:_SCMRE_40,41_}"
CONST[source:0(mediator),value:0(static)][purpose:{operation}]


CONST[source:2(external),value:2(dynamic)][purpose:{subject}]  ->  CONST[source:0(mediator),value:2(dynamic)][purpose:{object}]
-----------
CONST[source:2(external),value:2(dynamic)][purpose:{subject}]
CE0x73c9180 "{CE0x73c9180|128:_i8*,_1208:_%struct.file*,_:_CMRE_128,136_|*MultipleSource*|security/tomoyo/common.h,1205|security/tomoyo/common.h,1205}"
CE0x73e1900 "{CE0x73e1900|tomoyo_domain:_tmp22|security/tomoyo/common.h,1205}"
CE0x87a8880 "{CE0x87a8880|tomoyo_domain:_tmp23|security/tomoyo/common.h,1205}"
CE0x888b8e0 "{CE0x888b8e0|_ret_%struct.tomoyo_domain_info*_%tmp23,_!dbg_!38929|security/tomoyo/common.h,1205}"
CE0x88fdb90 "{CE0x88fdb90|tomoyo_init_request_info:_call|security/tomoyo/util.c,1005}"
CE0x87c0580 "{CE0x87c0580|tomoyo_init_request_info:_domain.addr.0}"
CE0x8972a60 "{CE0x8972a60|tomoyo_init_request_info:_ns|security/tomoyo/util.c,1010}"
CE0x897bc80 "{CE0x897bc80|tomoyo_init_request_info:_tmp12|security/tomoyo/util.c,1010}"
CE0x87f3850 "{CE0x87f3850|tomoyo_get_mode:_ns|Function::tomoyo_get_mode&Arg::ns::}"
CE0x6ec0970 "{CE0x6ec0970|COLLAPSED:_CRE:_elem_0:default:}"
CE0x883a660 "{CE0x883a660|tomoyo_get_mode:_tmp24|security/tomoyo/util.c,986}"
CE0x883a6d0 "{CE0x883a6d0|tomoyo_get_mode:_mode.1}"
CE0x603ea10 "{CE0x603ea10|tomoyo_get_mode:_conv15|security/tomoyo/util.c,987}"
CE0x603eaf0 "{CE0x603eaf0|tomoyo_get_mode:_and|security/tomoyo/util.c,987}"
CE0x73ec9c0 "{CE0x73ec9c0|tomoyo_get_mode:_retval.0}"
CE0x6f3bb90 "{CE0x6f3bb90|_ret_i32_%retval.0,_!dbg_!38935|security/tomoyo/util.c,988}"
CE0x72a6e70 "{CE0x72a6e70|tomoyo_path_permission:_call|security/tomoyo/file.c,564}"
CE0x60c8c30 "{CE0x60c8c30|tomoyo_path_permission:_conv|security/tomoyo/file.c,564}"
CE0x73450d0 "{CE0x73450d0|0:_%struct.tomoyo_obj_info*,_16:_%struct.tomoyo_domain_info*,_24:_%struct.tomoyo_path_info*,_40:_i8,_72:_i8,_75:_i8,_76:_i8,_77:_i8,_:_SCMRE_76,77_|*MultipleSource*|security/tomoyo/file.c, 787|security/tomoyo/file.c,787|Function::tomoyo_init_request_info&Arg::r::|security/tomoyo/file.c,800}"
CE0x6f53230 "{CE0x6f53230|tomoyo_path_permission:_tmp7|*LoadInst*|security/tomoyo/file.c,565}"
CE0x6f8a8d0 "{CE0x6f8a8d0|tomoyo_path_permission:_conv3|security/tomoyo/file.c,565}"
CE0x88c14a0 "{CE0x88c14a0|tomoyo_path_permission:_cmp|security/tomoyo/file.c,565}"
CE0x6307150 "{CE0x6307150|tomoyo_path_permission:_if.end}"
CE0x6267a80 "{CE0x6267a80|0:_%struct.tomoyo_obj_info*,_16:_%struct.tomoyo_domain_info*,_24:_%struct.tomoyo_path_info*,_40:_i8,_72:_i8,_75:_i8,_76:_i8,_77:_i8,_:_SCMRE_31,32_}"
CONST[source:0(mediator),value:2(dynamic)][purpose:{object}]


CONST[source:2(external),value:2(dynamic)][purpose:{subject}]  ->  CONST[source:0(mediator),value:2(dynamic)][purpose:{subject}]
-----------
CONST[source:2(external),value:2(dynamic)][purpose:{subject}]
CE0x5fac200 "{CE0x5fac200|COLLAPSED:_GCRE_current_task_external_global_%struct.task_struct*:_elem_0::|security/tomoyo/common.h,1205}"
CE0x73e1900 "{CE0x73e1900|tomoyo_domain:_tmp22|security/tomoyo/common.h,1205}"
CE0x87a8880 "{CE0x87a8880|tomoyo_domain:_tmp23|security/tomoyo/common.h,1205}"
CE0x888b8e0 "{CE0x888b8e0|_ret_%struct.tomoyo_domain_info*_%tmp23,_!dbg_!38929|security/tomoyo/common.h,1205}"
CE0x88fdb90 "{CE0x88fdb90|tomoyo_init_request_info:_call|security/tomoyo/util.c,1005}"
CE0x87c0580 "{CE0x87c0580|tomoyo_init_request_info:_domain.addr.0}"
CE0x6ef4c30 "{CE0x6ef4c30|0:_%struct.tomoyo_obj_info*,_16:_%struct.tomoyo_domain_info*,_24:_%struct.tomoyo_path_info*,_40:_i8,_72:_i8,_75:_i8,_76:_i8,_77:_i8,_:_SCMRE_16,24_|*MultipleSource*|security/tomoyo/file.c, 787|security/tomoyo/file.c,787|Function::tomoyo_init_request_info&Arg::r::|security/tomoyo/file.c,800}"
CONST[source:0(mediator),value:2(dynamic)][purpose:{subject}]


