[tomoyo_socket_bind]

explicit:
CONST[source:0(mediator),value:2(dynamic)][purpose:{operation}][SrcIdx:5]  ->  CONST[source:0(mediator),value:0(static)][purpose:{operation}][SnkIdx:2]
-----------
CONST[source:0(mediator),value:2(dynamic)][purpose:{operation}][SrcIdx:5]
CE0x6929520 "{CE0x6929520|0:_i8,_1:_i8,_32:_i8*,_40:_i32,_:_CMR_0,1_|*MultipleSource*|Function::tomoyo_check_unix_address&Arg::address::|security/tomoyo/network.c,594}"
CE0x4c0dfa0 "{CE0x4c0dfa0|tomoyo_unix_entry:tmp37|*LoadInst*|security/tomoyo/network.c,566}"
CE0x5599810 "{CE0x5599810|24:_%struct.tomoyo_path_info*,_32:_i8,_33:_i8,_72:_i8,_:_SCMRE_32,33_}"
CONST[source:0(mediator),value:0(static)][purpose:{operation}][SnkIdx:2]


CONST[source:2(external),value:2(dynamic)][purpose:{subject}][SrcIdx:7]  ->  CONST[source:0(mediator),value:2(dynamic)][purpose:{subject}][SnkIdx:0]
-----------
CONST[source:2(external),value:2(dynamic)][purpose:{subject}][SrcIdx:7]
CE0x48a0cd0 "{CE0x48a0cd0|128:_i8*,_1208:_%struct.file*,_:_CMRE_128,136_|*MultipleSource*|security/tomoyo/common.h,1205|security/tomoyo/common.h,1205}"
CE0x4a62950 "{CE0x4a62950|tomoyo_domain:tmp22|security/tomoyo/common.h,1205}"
CE0x564a410 "{CE0x564a410|tomoyo_domain:tmp23|security/tomoyo/common.h,1205}"
CE0x65cd770 "{CE0x65cd770|_ret_%struct.tomoyo_domain_info*_%tmp23,_!dbg_!38929|security/tomoyo/common.h,1205}"
CE0x67b4ea0 "{CE0x67b4ea0|tomoyo_init_request_info:call|security/tomoyo/util.c,1005}"
CE0x67e7260 "{CE0x67e7260|tomoyo_init_request_info:domain.addr.0}"
CE0x6530fe0 "{CE0x6530fe0|24:_%struct.tomoyo_path_info*,_32:_i8,_33:_i8,_72:_i8,_:_SCMRE_16,24_|*MultipleSource*|security/tomoyo/network.c, 544|security/tomoyo/network.c,544|Function::tomoyo_init_request_info&Arg::r::|security/tomoyo/network.c,565}"
CONST[source:0(mediator),value:2(dynamic)][purpose:{subject}][SnkIdx:0]


CONST[source:1(input),value:2(dynamic)][purpose:{operation}][SrcIdx:6]  ->  CONST[source:0(mediator),value:0(static)][purpose:{operation}][SnkIdx:3]
-----------
CONST[source:1(input),value:2(dynamic)][purpose:{operation}][SrcIdx:6]
CE0x7df78f0 "{CE0x7df78f0|0:_i8,_1:_i8,_32:_i8*,_40:_i32,_:_CMR_1,2_|*MultipleSource*|Function::tomoyo_check_unix_address&Arg::address::|security/tomoyo/network.c,594}"
CE0x4c0de10 "{CE0x4c0de10|tomoyo_unix_entry:tmp38|*LoadInst*|security/tomoyo/network.c,567}"
CE0x55999b0 "{CE0x55999b0|24:_%struct.tomoyo_path_info*,_32:_i8,_33:_i8,_72:_i8,_:_SCMRE_33,34_}"
CONST[source:0(mediator),value:0(static)][purpose:{operation}][SnkIdx:3]



implicit:
CONST[source:2(external),value:2(dynamic)][purpose:{subject}][SrcIdx:7]  ->  CONST[source:0(mediator),value:2(dynamic)][purpose:{subject}][SnkIdx:0]
-----------
CONST[source:2(external),value:2(dynamic)][purpose:{subject}][SrcIdx:7]
CE0x48a0cd0 "{CE0x48a0cd0|128:_i8*,_1208:_%struct.file*,_:_CMRE_128,136_|*MultipleSource*|security/tomoyo/common.h,1205|security/tomoyo/common.h,1205}"
CE0x4a62950 "{CE0x4a62950|tomoyo_domain:tmp22|security/tomoyo/common.h,1205}"
CE0x564a410 "{CE0x564a410|tomoyo_domain:tmp23|security/tomoyo/common.h,1205}"
CE0x65cd770 "{CE0x65cd770|_ret_%struct.tomoyo_domain_info*_%tmp23,_!dbg_!38929|security/tomoyo/common.h,1205}"
CE0x67b4ea0 "{CE0x67b4ea0|tomoyo_init_request_info:call|security/tomoyo/util.c,1005}"
CE0x67e7260 "{CE0x67e7260|tomoyo_init_request_info:domain.addr.0}"
CE0x6530fe0 "{CE0x6530fe0|24:_%struct.tomoyo_path_info*,_32:_i8,_33:_i8,_72:_i8,_:_SCMRE_16,24_|*MultipleSource*|security/tomoyo/network.c, 544|security/tomoyo/network.c,544|Function::tomoyo_init_request_info&Arg::r::|security/tomoyo/network.c,565}"
CONST[source:0(mediator),value:2(dynamic)][purpose:{subject}][SnkIdx:0]


CONST[source:1(input),value:2(dynamic)][purpose:{operation}][SrcIdx:6]  ->  CONST[source:0(mediator),value:0(static)][purpose:{operation}][SnkIdx:3]
-----------
CONST[source:1(input),value:2(dynamic)][purpose:{operation}][SrcIdx:6]
CE0x7df78f0 "{CE0x7df78f0|0:_i8,_1:_i8,_32:_i8*,_40:_i32,_:_CMR_1,2_|*MultipleSource*|Function::tomoyo_check_unix_address&Arg::address::|security/tomoyo/network.c,594}"
CE0x4c0de10 "{CE0x4c0de10|tomoyo_unix_entry:tmp38|*LoadInst*|security/tomoyo/network.c,567}"
CE0x55999b0 "{CE0x55999b0|24:_%struct.tomoyo_path_info*,_32:_i8,_33:_i8,_72:_i8,_:_SCMRE_33,34_}"
CONST[source:0(mediator),value:0(static)][purpose:{operation}][SnkIdx:3]


CONST[source:0(mediator),value:2(dynamic)][purpose:{operation}][SrcIdx:5]  ->  CONST[source:0(mediator),value:0(static)][purpose:{operation}][SnkIdx:2]
-----------
CONST[source:0(mediator),value:2(dynamic)][purpose:{operation}][SrcIdx:5]
CE0x6929520 "{CE0x6929520|0:_i8,_1:_i8,_32:_i8*,_40:_i32,_:_CMR_0,1_|*MultipleSource*|Function::tomoyo_check_unix_address&Arg::address::|security/tomoyo/network.c,594}"
CE0x4c0dfa0 "{CE0x4c0dfa0|tomoyo_unix_entry:tmp37|*LoadInst*|security/tomoyo/network.c,566}"
CE0x5599810 "{CE0x5599810|24:_%struct.tomoyo_path_info*,_32:_i8,_33:_i8,_72:_i8,_:_SCMRE_32,33_}"
CONST[source:0(mediator),value:0(static)][purpose:{operation}][SnkIdx:2]


