[tomoyo_socket_bind]

explicit:
CONST[source:1(input),value:2(dynamic)][purpose:{operation}][SrcIdx:5]  ->  CONST[source:0(mediator),value:0(static)][purpose:{operation}]
-----------
CONST[source:1(input),value:2(dynamic)][purpose:{operation}][SrcIdx:5]
CE0x81284c0 "{CE0x81284c0|0:_i8,_1:_i8,_32:_i8*,_40:_i32,_:_CMR_1,2_|*MultipleSource*|Function::tomoyo_check_unix_address&Arg::address::|security/tomoyo/network.c,594}"
CE0x8178ea0 "{CE0x8178ea0|tomoyo_unix_entry:tmp38|*LoadInst*|security/tomoyo/network.c,567}"
CE0x8101b50 "{CE0x8101b50|24:_%struct.tomoyo_path_info*,_32:_i8,_33:_i8,_72:_i8,_:_SCMRE_33,34_}"
CONST[source:0(mediator),value:0(static)][purpose:{operation}]


CONST[source:0(mediator),value:1(k-static)][purpose:{operation}][SrcIdx:4]  ->  CONST[source:0(mediator),value:0(static)][purpose:{operation}]
-----------
CONST[source:0(mediator),value:1(k-static)][purpose:{operation}][SrcIdx:4]
CE0x80f06f0 "{CE0x80f06f0|0:_i8,_1:_i8,_32:_i8*,_40:_i32,_:_CMR_0,1_|*MultipleSource*|Function::tomoyo_check_unix_address&Arg::address::|security/tomoyo/network.c,594}"
CE0x8178fd0 "{CE0x8178fd0|tomoyo_unix_entry:tmp37|*LoadInst*|security/tomoyo/network.c,566}"
CE0x81019b0 "{CE0x81019b0|24:_%struct.tomoyo_path_info*,_32:_i8,_33:_i8,_72:_i8,_:_SCMRE_32,33_}"
CONST[source:0(mediator),value:0(static)][purpose:{operation}]


CONST[source:2(external),value:2(dynamic)][purpose:{subject}][SrcIdx:6]  ->  CONST[source:0(mediator),value:2(dynamic)][purpose:{subject}]
-----------
CONST[source:2(external),value:2(dynamic)][purpose:{subject}][SrcIdx:6]
CE0x5aa27a0 "{CE0x5aa27a0|COLLAPSED:_GCRE_current_task_external_global_%struct.task_struct*:_elem_0::|security/tomoyo/common.h,1205}"
CE0x69c3e00 "{CE0x69c3e00|tomoyo_domain:tmp22|security/tomoyo/common.h,1205}"
CE0x5959ce0 "{CE0x5959ce0|tomoyo_domain:tmp23|security/tomoyo/common.h,1205}"
CE0x675ba50 "{CE0x675ba50|_ret_%struct.tomoyo_domain_info*_%tmp23,_!dbg_!38929|security/tomoyo/common.h,1205}"
CE0x6829390 "{CE0x6829390|tomoyo_init_request_info:call|security/tomoyo/util.c,1005}"
CE0x5ac3840 "{CE0x5ac3840|tomoyo_init_request_info:domain.addr.0}"
CE0x80d7640 "{CE0x80d7640|24:_%struct.tomoyo_path_info*,_32:_i8,_33:_i8,_72:_i8,_:_SCMRE_16,24_|*MultipleSource*|security/tomoyo/network.c, 544|security/tomoyo/network.c,544|Function::tomoyo_init_request_info&Arg::r::|security/tomoyo/network.c,565}"
CONST[source:0(mediator),value:2(dynamic)][purpose:{subject}]



implicit:
CONST[source:1(input),value:2(dynamic)][purpose:{object}][SrcIdx:1]  ->  CONST[source:0(mediator),value:0(static)][purpose:{operation}]
-----------
CONST[source:1(input),value:2(dynamic)][purpose:{object}][SrcIdx:1]
CE0x81e3300 "{CE0x81e3300|0:_i8,_1:_i8,_32:_i8*,_40:_i32,_:_CMR_32,40_|*MultipleSource*|Function::tomoyo_check_unix_address&Arg::address::|security/tomoyo/network.c,594}"
CE0x592e5c0 "{CE0x592e5c0|tomoyo_unix_entry:tmp14|security/tomoyo/network.c,550}"
CE0x6bfc8a0 "{CE0x6bfc8a0|tomoyo_unix_entry:buf.0}"
CE0x6c0c3f0 "{CE0x6c0c3f0|tomoyo_unix_entry:call18|security/tomoyo/network.c,559}"
CE0x6c206a0 "{CE0x6c206a0|tomoyo_unix_entry:tobool19|security/tomoyo/network.c,560}"
CE0x66d54b0 "{CE0x66d54b0|tomoyo_unix_entry:if.then20}"
CE0x81019b0 "{CE0x81019b0|24:_%struct.tomoyo_path_info*,_32:_i8,_33:_i8,_72:_i8,_:_SCMRE_32,33_}"
CONST[source:0(mediator),value:0(static)][purpose:{operation}]


CONST[source:1(input),value:2(dynamic)][purpose:{object}][SrcIdx:1]  ->  CONST[source:0(mediator),value:2(dynamic)][purpose:{object}]
-----------
CONST[source:1(input),value:2(dynamic)][purpose:{object}][SrcIdx:1]
CE0x81e3300 "{CE0x81e3300|0:_i8,_1:_i8,_32:_i8*,_40:_i32,_:_CMR_32,40_|*MultipleSource*|Function::tomoyo_check_unix_address&Arg::address::|security/tomoyo/network.c,594}"
CE0x592e5c0 "{CE0x592e5c0|tomoyo_unix_entry:tmp14|security/tomoyo/network.c,550}"
CE0x6bfc8a0 "{CE0x6bfc8a0|tomoyo_unix_entry:buf.0}"
CE0x6c0c3f0 "{CE0x6c0c3f0|tomoyo_unix_entry:call18|security/tomoyo/network.c,559}"
CE0x6c206a0 "{CE0x6c206a0|tomoyo_unix_entry:tobool19|security/tomoyo/network.c,560}"
CE0x66d54b0 "{CE0x66d54b0|tomoyo_unix_entry:if.then20}"
CE0x81013c0 "{CE0x81013c0|24:_%struct.tomoyo_path_info*,_32:_i8,_33:_i8,_72:_i8,_:_SCMRE_28,29_}"
CONST[source:0(mediator),value:2(dynamic)][purpose:{object}]


CONST[source:2(external),value:2(dynamic)][purpose:{subject}][SrcIdx:6]  ->  CONST[source:0(mediator),value:0(static)][purpose:{operation}]
-----------
CONST[source:2(external),value:2(dynamic)][purpose:{subject}][SrcIdx:6]
CE0x5aa27a0 "{CE0x5aa27a0|COLLAPSED:_GCRE_current_task_external_global_%struct.task_struct*:_elem_0::|security/tomoyo/common.h,1205}"
CE0x69c3e00 "{CE0x69c3e00|tomoyo_domain:tmp22|security/tomoyo/common.h,1205}"
CE0x5959ce0 "{CE0x5959ce0|tomoyo_domain:tmp23|security/tomoyo/common.h,1205}"
CE0x675ba50 "{CE0x675ba50|_ret_%struct.tomoyo_domain_info*_%tmp23,_!dbg_!38929|security/tomoyo/common.h,1205}"
CE0x6829390 "{CE0x6829390|tomoyo_init_request_info:call|security/tomoyo/util.c,1005}"
CE0x5ac3840 "{CE0x5ac3840|tomoyo_init_request_info:domain.addr.0}"
CE0x6759de0 "{CE0x6759de0|tomoyo_init_request_info:profile2|security/tomoyo/util.c,1007}"
CE0x58c70c0 "{CE0x58c70c0|tomoyo_init_request_info:tmp11|security/tomoyo/util.c,1007}"
CE0x58dbba0 "{CE0x58dbba0|tomoyo_get_mode:profile|Function::tomoyo_get_mode&Arg::profile::}"
CE0x6b4c6d0 "{CE0x6b4c6d0|COLLAPSED:_CRE:_elem_0:default:}"
CE0x6af9bc0 "{CE0x6af9bc0|tomoyo_get_mode:tmp24|security/tomoyo/util.c,986}"
CE0x6afa270 "{CE0x6afa270|tomoyo_get_mode:mode.1}"
CE0x5992590 "{CE0x5992590|tomoyo_get_mode:conv15|security/tomoyo/util.c,987}"
CE0x5992a20 "{CE0x5992a20|tomoyo_get_mode:and|security/tomoyo/util.c,987}"
CE0x5992bf0 "{CE0x5992bf0|tomoyo_get_mode:retval.0}"
CE0x58db970 "{CE0x58db970|_ret_i32_%retval.0,_!dbg_!38935|security/tomoyo/util.c,988}"
CE0x5aedcf0 "{CE0x5aedcf0|tomoyo_init_request_info:call4|security/tomoyo/util.c,1010}"
CE0x4bc6100 "{CE0x4bc6100|tomoyo_init_request_info:conv|security/tomoyo/util.c,1010}"
CE0x8155e60 "{CE0x8155e60|24:_%struct.tomoyo_path_info*,_32:_i8,_33:_i8,_72:_i8,_:_SCMRE_76,77_|*MultipleSource*|security/tomoyo/network.c, 544|security/tomoyo/network.c,544|Function::tomoyo_init_request_info&Arg::r::|security/tomoyo/network.c,565}"
CE0x4b609b0 "{CE0x4b609b0|tomoyo_init_request_info:tmp13|*LoadInst*|security/tomoyo/util.c,1011}"
CE0x581ecf0 "{CE0x581ecf0|tomoyo_init_request_info:conv6|security/tomoyo/util.c,1011}"
CE0x83ed960 "{CE0x83ed960|_ret_i32_%conv6,_!dbg_!38926|security/tomoyo/util.c,1011}"
CE0x8129890 "{CE0x8129890|tomoyo_unix_entry:call3|security/tomoyo/network.c,548}"
CE0x6940200 "{CE0x6940200|tomoyo_unix_entry:cmp|security/tomoyo/network.c,549}"
CE0x66d54b0 "{CE0x66d54b0|tomoyo_unix_entry:if.then20}"
CE0x81019b0 "{CE0x81019b0|24:_%struct.tomoyo_path_info*,_32:_i8,_33:_i8,_72:_i8,_:_SCMRE_32,33_}"
CONST[source:0(mediator),value:0(static)][purpose:{operation}]


CONST[source:2(external),value:2(dynamic)][purpose:{subject}][SrcIdx:6]  ->  CONST[source:0(mediator),value:2(dynamic)][purpose:{object}]
-----------
CONST[source:2(external),value:2(dynamic)][purpose:{subject}][SrcIdx:6]
CE0x5aa27a0 "{CE0x5aa27a0|COLLAPSED:_GCRE_current_task_external_global_%struct.task_struct*:_elem_0::|security/tomoyo/common.h,1205}"
CE0x69c3e00 "{CE0x69c3e00|tomoyo_domain:tmp22|security/tomoyo/common.h,1205}"
CE0x5959ce0 "{CE0x5959ce0|tomoyo_domain:tmp23|security/tomoyo/common.h,1205}"
CE0x675ba50 "{CE0x675ba50|_ret_%struct.tomoyo_domain_info*_%tmp23,_!dbg_!38929|security/tomoyo/common.h,1205}"
CE0x6829390 "{CE0x6829390|tomoyo_init_request_info:call|security/tomoyo/util.c,1005}"
CE0x5ac3840 "{CE0x5ac3840|tomoyo_init_request_info:domain.addr.0}"
CE0x6759de0 "{CE0x6759de0|tomoyo_init_request_info:profile2|security/tomoyo/util.c,1007}"
CE0x58c70c0 "{CE0x58c70c0|tomoyo_init_request_info:tmp11|security/tomoyo/util.c,1007}"
CE0x58dbba0 "{CE0x58dbba0|tomoyo_get_mode:profile|Function::tomoyo_get_mode&Arg::profile::}"
CE0x6b4c6d0 "{CE0x6b4c6d0|COLLAPSED:_CRE:_elem_0:default:}"
CE0x6af9bc0 "{CE0x6af9bc0|tomoyo_get_mode:tmp24|security/tomoyo/util.c,986}"
CE0x6afa270 "{CE0x6afa270|tomoyo_get_mode:mode.1}"
CE0x5992590 "{CE0x5992590|tomoyo_get_mode:conv15|security/tomoyo/util.c,987}"
CE0x5992a20 "{CE0x5992a20|tomoyo_get_mode:and|security/tomoyo/util.c,987}"
CE0x5992bf0 "{CE0x5992bf0|tomoyo_get_mode:retval.0}"
CE0x58db970 "{CE0x58db970|_ret_i32_%retval.0,_!dbg_!38935|security/tomoyo/util.c,988}"
CE0x5aedcf0 "{CE0x5aedcf0|tomoyo_init_request_info:call4|security/tomoyo/util.c,1010}"
CE0x4bc6100 "{CE0x4bc6100|tomoyo_init_request_info:conv|security/tomoyo/util.c,1010}"
CE0x8155e60 "{CE0x8155e60|24:_%struct.tomoyo_path_info*,_32:_i8,_33:_i8,_72:_i8,_:_SCMRE_76,77_|*MultipleSource*|security/tomoyo/network.c, 544|security/tomoyo/network.c,544|Function::tomoyo_init_request_info&Arg::r::|security/tomoyo/network.c,565}"
CE0x4b609b0 "{CE0x4b609b0|tomoyo_init_request_info:tmp13|*LoadInst*|security/tomoyo/util.c,1011}"
CE0x581ecf0 "{CE0x581ecf0|tomoyo_init_request_info:conv6|security/tomoyo/util.c,1011}"
CE0x83ed960 "{CE0x83ed960|_ret_i32_%conv6,_!dbg_!38926|security/tomoyo/util.c,1011}"
CE0x8129890 "{CE0x8129890|tomoyo_unix_entry:call3|security/tomoyo/network.c,548}"
CE0x6940200 "{CE0x6940200|tomoyo_unix_entry:cmp|security/tomoyo/network.c,549}"
CE0x66d54b0 "{CE0x66d54b0|tomoyo_unix_entry:if.then20}"
CE0x81013c0 "{CE0x81013c0|24:_%struct.tomoyo_path_info*,_32:_i8,_33:_i8,_72:_i8,_:_SCMRE_28,29_}"
CONST[source:0(mediator),value:2(dynamic)][purpose:{object}]


CONST[source:2(external),value:2(dynamic)][purpose:{subject}][SrcIdx:6]  ->  CONST[source:0(mediator),value:2(dynamic)][purpose:{subject}]
-----------
CONST[source:2(external),value:2(dynamic)][purpose:{subject}][SrcIdx:6]
CE0x5aa27a0 "{CE0x5aa27a0|COLLAPSED:_GCRE_current_task_external_global_%struct.task_struct*:_elem_0::|security/tomoyo/common.h,1205}"
CE0x69c3e00 "{CE0x69c3e00|tomoyo_domain:tmp22|security/tomoyo/common.h,1205}"
CE0x5959ce0 "{CE0x5959ce0|tomoyo_domain:tmp23|security/tomoyo/common.h,1205}"
CE0x675ba50 "{CE0x675ba50|_ret_%struct.tomoyo_domain_info*_%tmp23,_!dbg_!38929|security/tomoyo/common.h,1205}"
CE0x6829390 "{CE0x6829390|tomoyo_init_request_info:call|security/tomoyo/util.c,1005}"
CE0x5ac3840 "{CE0x5ac3840|tomoyo_init_request_info:domain.addr.0}"
CE0x80d7640 "{CE0x80d7640|24:_%struct.tomoyo_path_info*,_32:_i8,_33:_i8,_72:_i8,_:_SCMRE_16,24_|*MultipleSource*|security/tomoyo/network.c, 544|security/tomoyo/network.c,544|Function::tomoyo_init_request_info&Arg::r::|security/tomoyo/network.c,565}"
CONST[source:0(mediator),value:2(dynamic)][purpose:{subject}]


CONST[source:1(input),value:2(dynamic)][purpose:{object}][SrcIdx:2]  ->  CONST[source:0(mediator),value:0(static)][purpose:{operation}]
-----------
CONST[source:1(input),value:2(dynamic)][purpose:{object}][SrcIdx:2]
CE0x831cb50 "{CE0x831cb50|tomoyo_check_unix_address:addr_len|Function::tomoyo_check_unix_address&Arg::addr_len::|*SummSource*}"
CE0x831cbc0 "{CE0x831cbc0|tomoyo_check_unix_address:addr_len|Function::tomoyo_check_unix_address&Arg::addr_len::}"
CE0x81e3370 "{CE0x81e3370|0:_i8,_1:_i8,_32:_i8*,_40:_i32,_:_CMR_40,44_|*MultipleSource*|Function::tomoyo_check_unix_address&Arg::address::|security/tomoyo/network.c,594}"
CE0x4d08150 "{CE0x4d08150|tomoyo_unix_entry:tmp15|security/tomoyo/network.c,551}"
CE0x4d086e0 "{CE0x4d086e0|tomoyo_unix_entry:conv6|security/tomoyo/network.c,551}"
CE0x4d08000 "{CE0x4d08000|tomoyo_unix_entry:sub|security/tomoyo/network.c,551}"
CE0x6760dc0 "{CE0x6760dc0|tomoyo_unix_entry:conv7|security/tomoyo/network.c,551}"
CE0x6bed280 "{CE0x6bed280|tomoyo_unix_entry:len.0}"
CE0x6c0c050 "{CE0x6c0c050|tomoyo_unix_entry:len.1}"
CE0x6c0c3f0 "{CE0x6c0c3f0|tomoyo_unix_entry:call18|security/tomoyo/network.c,559}"
CE0x6c206a0 "{CE0x6c206a0|tomoyo_unix_entry:tobool19|security/tomoyo/network.c,560}"
CE0x66d54b0 "{CE0x66d54b0|tomoyo_unix_entry:if.then20}"
CE0x81019b0 "{CE0x81019b0|24:_%struct.tomoyo_path_info*,_32:_i8,_33:_i8,_72:_i8,_:_SCMRE_32,33_}"
CONST[source:0(mediator),value:0(static)][purpose:{operation}]


CONST[source:1(input),value:2(dynamic)][purpose:{object}][SrcIdx:2]  ->  CONST[source:0(mediator),value:2(dynamic)][purpose:{object}]
-----------
CONST[source:1(input),value:2(dynamic)][purpose:{object}][SrcIdx:2]
CE0x831cb50 "{CE0x831cb50|tomoyo_check_unix_address:addr_len|Function::tomoyo_check_unix_address&Arg::addr_len::|*SummSource*}"
CE0x831cbc0 "{CE0x831cbc0|tomoyo_check_unix_address:addr_len|Function::tomoyo_check_unix_address&Arg::addr_len::}"
CE0x81e3370 "{CE0x81e3370|0:_i8,_1:_i8,_32:_i8*,_40:_i32,_:_CMR_40,44_|*MultipleSource*|Function::tomoyo_check_unix_address&Arg::address::|security/tomoyo/network.c,594}"
CE0x4d08150 "{CE0x4d08150|tomoyo_unix_entry:tmp15|security/tomoyo/network.c,551}"
CE0x4d086e0 "{CE0x4d086e0|tomoyo_unix_entry:conv6|security/tomoyo/network.c,551}"
CE0x4d08000 "{CE0x4d08000|tomoyo_unix_entry:sub|security/tomoyo/network.c,551}"
CE0x6760dc0 "{CE0x6760dc0|tomoyo_unix_entry:conv7|security/tomoyo/network.c,551}"
CE0x6bed280 "{CE0x6bed280|tomoyo_unix_entry:len.0}"
CE0x6c0c050 "{CE0x6c0c050|tomoyo_unix_entry:len.1}"
CE0x6c0c3f0 "{CE0x6c0c3f0|tomoyo_unix_entry:call18|security/tomoyo/network.c,559}"
CE0x6c206a0 "{CE0x6c206a0|tomoyo_unix_entry:tobool19|security/tomoyo/network.c,560}"
CE0x66d54b0 "{CE0x66d54b0|tomoyo_unix_entry:if.then20}"
CE0x81013c0 "{CE0x81013c0|24:_%struct.tomoyo_path_info*,_32:_i8,_33:_i8,_72:_i8,_:_SCMRE_28,29_}"
CONST[source:0(mediator),value:2(dynamic)][purpose:{object}]


CONST[source:0(mediator),value:1(k-static)][purpose:{operation}][SrcIdx:4]  ->  CONST[source:0(mediator),value:0(static)][purpose:{operation}]
-----------
CONST[source:0(mediator),value:1(k-static)][purpose:{operation}][SrcIdx:4]
CE0x80f06f0 "{CE0x80f06f0|0:_i8,_1:_i8,_32:_i8*,_40:_i32,_:_CMR_0,1_|*MultipleSource*|Function::tomoyo_check_unix_address&Arg::address::|security/tomoyo/network.c,594}"
CE0x8178fd0 "{CE0x8178fd0|tomoyo_unix_entry:tmp37|*LoadInst*|security/tomoyo/network.c,566}"
CE0x81019b0 "{CE0x81019b0|24:_%struct.tomoyo_path_info*,_32:_i8,_33:_i8,_72:_i8,_:_SCMRE_32,33_}"
CONST[source:0(mediator),value:0(static)][purpose:{operation}]


CONST[source:0(mediator),value:1(k-static)][purpose:{operation}][SrcIdx:4]  ->  CONST[source:0(mediator),value:2(dynamic)][purpose:{object}]
-----------
CONST[source:0(mediator),value:1(k-static)][purpose:{operation}][SrcIdx:4]
CE0x80f06f0 "{CE0x80f06f0|0:_i8,_1:_i8,_32:_i8*,_40:_i32,_:_CMR_0,1_|*MultipleSource*|Function::tomoyo_check_unix_address&Arg::address::|security/tomoyo/network.c,594}"
CE0x4d142c0 "{CE0x4d142c0|tomoyo_unix_entry:tmp4|*LoadInst*|security/tomoyo/network.c,546}"
CE0x598c910 "{CE0x598c910|tomoyo_unix_entry:idxprom1|security/tomoyo/network.c,546}"
CE0x598ce40 "{CE0x598ce40|tomoyo_unix_entry:arrayidx|security/tomoyo/network.c,546}"
CE0x6910c60 "{CE0x6910c60|tomoyo_unix_entry:arrayidx2|security/tomoyo/network.c,546}"
CE0x81d8af0 "{CE0x81d8af0|tomoyo_unix_entry:tmp5|security/tomoyo/network.c,546}"
CE0x81d8fd0 "{CE0x81d8fd0|tomoyo_unix_entry:conv|security/tomoyo/network.c,548}"
CE0x76c5eb0 "{CE0x76c5eb0|tomoyo_unix_entry:tobool|security/tomoyo/network.c,548}"
CE0x66d54b0 "{CE0x66d54b0|tomoyo_unix_entry:if.then20}"
CE0x81013c0 "{CE0x81013c0|24:_%struct.tomoyo_path_info*,_32:_i8,_33:_i8,_72:_i8,_:_SCMRE_28,29_}"
CONST[source:0(mediator),value:2(dynamic)][purpose:{object}]


CONST[source:0(mediator),value:1(k-static)][purpose:{operation}][SrcIdx:4]  ->  CONST[source:0(mediator),value:2(dynamic)][purpose:{subject}]
-----------
CONST[source:0(mediator),value:1(k-static)][purpose:{operation}][SrcIdx:4]
CE0x80f06f0 "{CE0x80f06f0|0:_i8,_1:_i8,_32:_i8*,_40:_i32,_:_CMR_0,1_|*MultipleSource*|Function::tomoyo_check_unix_address&Arg::address::|security/tomoyo/network.c,594}"
CE0x4d142c0 "{CE0x4d142c0|tomoyo_unix_entry:tmp4|*LoadInst*|security/tomoyo/network.c,546}"
CE0x598c910 "{CE0x598c910|tomoyo_unix_entry:idxprom1|security/tomoyo/network.c,546}"
CE0x598ce40 "{CE0x598ce40|tomoyo_unix_entry:arrayidx|security/tomoyo/network.c,546}"
CE0x6910c60 "{CE0x6910c60|tomoyo_unix_entry:arrayidx2|security/tomoyo/network.c,546}"
CE0x81d8af0 "{CE0x81d8af0|tomoyo_unix_entry:tmp5|security/tomoyo/network.c,546}"
CE0x81d8fd0 "{CE0x81d8fd0|tomoyo_unix_entry:conv|security/tomoyo/network.c,548}"
CE0x76c5eb0 "{CE0x76c5eb0|tomoyo_unix_entry:tobool|security/tomoyo/network.c,548}"
CE0x67e3a90 "{CE0x67e3a90|tomoyo_unix_entry:land.lhs.true}"
CE0x8129eb0 "{CE0x8129eb0|tomoyo_init_request_info:entry}"
CE0x675c320 "{CE0x675c320|tomoyo_init_request_info:if.end}"
CE0x80d7640 "{CE0x80d7640|24:_%struct.tomoyo_path_info*,_32:_i8,_33:_i8,_72:_i8,_:_SCMRE_16,24_|*MultipleSource*|security/tomoyo/network.c, 544|security/tomoyo/network.c,544|Function::tomoyo_init_request_info&Arg::r::|security/tomoyo/network.c,565}"
CONST[source:0(mediator),value:2(dynamic)][purpose:{subject}]


CONST[source:1(input),value:2(dynamic)][purpose:{object}][SrcIdx:3]  ->  CONST[source:0(mediator),value:0(static)][purpose:{operation}]
-----------
CONST[source:1(input),value:2(dynamic)][purpose:{object}][SrcIdx:3]
CE0x80eed20 "{CE0x80eed20|VOIDTB_TE_array:_GIE_.str60_private_unnamed_addr_constant_7_x_i8_c_<NULL>_00_,_align_1_+_7_EC_2,16_|*MultipleSource*|Function::tomoyo_check_unix_address&Arg::addr::|security/tomoyo/network.c,596}"
CE0x6c0c3f0 "{CE0x6c0c3f0|tomoyo_unix_entry:call18|security/tomoyo/network.c,559}"
CE0x6c206a0 "{CE0x6c206a0|tomoyo_unix_entry:tobool19|security/tomoyo/network.c,560}"
CE0x66d54b0 "{CE0x66d54b0|tomoyo_unix_entry:if.then20}"
CE0x81019b0 "{CE0x81019b0|24:_%struct.tomoyo_path_info*,_32:_i8,_33:_i8,_72:_i8,_:_SCMRE_32,33_}"
CONST[source:0(mediator),value:0(static)][purpose:{operation}]


CONST[source:1(input),value:2(dynamic)][purpose:{object}][SrcIdx:3]  ->  CONST[source:0(mediator),value:2(dynamic)][purpose:{object}]
-----------
CONST[source:1(input),value:2(dynamic)][purpose:{object}][SrcIdx:3]
CE0x80eed20 "{CE0x80eed20|VOIDTB_TE_array:_GIE_.str60_private_unnamed_addr_constant_7_x_i8_c_<NULL>_00_,_align_1_+_7_EC_2,16_|*MultipleSource*|Function::tomoyo_check_unix_address&Arg::addr::|security/tomoyo/network.c,596}"
CE0x6c0c3f0 "{CE0x6c0c3f0|tomoyo_unix_entry:call18|security/tomoyo/network.c,559}"
CE0x6c206a0 "{CE0x6c206a0|tomoyo_unix_entry:tobool19|security/tomoyo/network.c,560}"
CE0x66d54b0 "{CE0x66d54b0|tomoyo_unix_entry:if.then20}"
CE0x81013c0 "{CE0x81013c0|24:_%struct.tomoyo_path_info*,_32:_i8,_33:_i8,_72:_i8,_:_SCMRE_28,29_}"
CONST[source:0(mediator),value:2(dynamic)][purpose:{object}]


CONST[source:1(input),value:2(dynamic)][purpose:{object}][SrcIdx:3]  ->  CONST[source:0(mediator),value:2(dynamic)][purpose:{subject}]
-----------
CONST[source:1(input),value:2(dynamic)][purpose:{object}][SrcIdx:3]
CE0x81281e0 "{CE0x81281e0|VOIDTB_TE_array:_GIE_.str60_private_unnamed_addr_constant_7_x_i8_c_<NULL>_00_,_align_1_+_7_EC_0,2_|*MultipleSource*|Function::tomoyo_check_unix_address&Arg::addr::|security/tomoyo/network.c,596}"
CE0x80eff90 "{CE0x80eff90|tomoyo_check_unix_address:tmp2|*LoadInst*|security/tomoyo/network.c,596}"
CE0x80d5f50 "{CE0x80d5f50|tomoyo_check_unix_address:conv|security/tomoyo/network.c,596}"
CE0x57feba0 "{CE0x57feba0|tomoyo_check_unix_address:cmp|security/tomoyo/network.c,596}"
CE0x5be2c00 "{CE0x5be2c00|tomoyo_check_unix_address:if.end}"
CE0x4b694a0 "{CE0x4b694a0|tomoyo_unix_entry:entry}"
CE0x80f3c60 "{CE0x80f3c60|tomoyo_unix_entry:r|security/tomoyo/network.c, 544}"
CE0x6c07130 "{CE0x6c07130|tomoyo_init_request_info:r|Function::tomoyo_init_request_info&Arg::r::}"
CE0x66d4ee0 "{CE0x66d4ee0|tomoyo_init_request_info:domain1|security/tomoyo/util.c,1006}"
CE0x80d7640 "{CE0x80d7640|24:_%struct.tomoyo_path_info*,_32:_i8,_33:_i8,_72:_i8,_:_SCMRE_16,24_|*MultipleSource*|security/tomoyo/network.c, 544|security/tomoyo/network.c,544|Function::tomoyo_init_request_info&Arg::r::|security/tomoyo/network.c,565}"
CONST[source:0(mediator),value:2(dynamic)][purpose:{subject}]


CONST[source:1(input),value:2(dynamic)][purpose:{operation}][SrcIdx:5]  ->  CONST[source:0(mediator),value:0(static)][purpose:{operation}]
-----------
CONST[source:1(input),value:2(dynamic)][purpose:{operation}][SrcIdx:5]
CE0x81284c0 "{CE0x81284c0|0:_i8,_1:_i8,_32:_i8*,_40:_i32,_:_CMR_1,2_|*MultipleSource*|Function::tomoyo_check_unix_address&Arg::address::|security/tomoyo/network.c,594}"
CE0x8178ea0 "{CE0x8178ea0|tomoyo_unix_entry:tmp38|*LoadInst*|security/tomoyo/network.c,567}"
CE0x8101b50 "{CE0x8101b50|24:_%struct.tomoyo_path_info*,_32:_i8,_33:_i8,_72:_i8,_:_SCMRE_33,34_}"
CONST[source:0(mediator),value:0(static)][purpose:{operation}]


CONST[source:1(input),value:2(dynamic)][purpose:{operation}][SrcIdx:5]  ->  CONST[source:0(mediator),value:2(dynamic)][purpose:{object}]
-----------
CONST[source:1(input),value:2(dynamic)][purpose:{operation}][SrcIdx:5]
CE0x81284c0 "{CE0x81284c0|0:_i8,_1:_i8,_32:_i8*,_40:_i32,_:_CMR_1,2_|*MultipleSource*|Function::tomoyo_check_unix_address&Arg::address::|security/tomoyo/network.c,594}"
CE0x4d9ab40 "{CE0x4d9ab40|tomoyo_unix_entry:tmp3|*LoadInst*|security/tomoyo/network.c,546}"
CE0x80ce650 "{CE0x80ce650|tomoyo_unix_entry:idxprom|security/tomoyo/network.c,546}"
CE0x6910c60 "{CE0x6910c60|tomoyo_unix_entry:arrayidx2|security/tomoyo/network.c,546}"
CE0x81d8af0 "{CE0x81d8af0|tomoyo_unix_entry:tmp5|security/tomoyo/network.c,546}"
CE0x81d8fd0 "{CE0x81d8fd0|tomoyo_unix_entry:conv|security/tomoyo/network.c,548}"
CE0x76c5eb0 "{CE0x76c5eb0|tomoyo_unix_entry:tobool|security/tomoyo/network.c,548}"
CE0x66d54b0 "{CE0x66d54b0|tomoyo_unix_entry:if.then20}"
CE0x81013c0 "{CE0x81013c0|24:_%struct.tomoyo_path_info*,_32:_i8,_33:_i8,_72:_i8,_:_SCMRE_28,29_}"
CONST[source:0(mediator),value:2(dynamic)][purpose:{object}]


CONST[source:1(input),value:2(dynamic)][purpose:{operation}][SrcIdx:5]  ->  CONST[source:0(mediator),value:2(dynamic)][purpose:{subject}]
-----------
CONST[source:1(input),value:2(dynamic)][purpose:{operation}][SrcIdx:5]
CE0x81284c0 "{CE0x81284c0|0:_i8,_1:_i8,_32:_i8*,_40:_i32,_:_CMR_1,2_|*MultipleSource*|Function::tomoyo_check_unix_address&Arg::address::|security/tomoyo/network.c,594}"
CE0x4d9ab40 "{CE0x4d9ab40|tomoyo_unix_entry:tmp3|*LoadInst*|security/tomoyo/network.c,546}"
CE0x80ce650 "{CE0x80ce650|tomoyo_unix_entry:idxprom|security/tomoyo/network.c,546}"
CE0x6910c60 "{CE0x6910c60|tomoyo_unix_entry:arrayidx2|security/tomoyo/network.c,546}"
CE0x81d8af0 "{CE0x81d8af0|tomoyo_unix_entry:tmp5|security/tomoyo/network.c,546}"
CE0x81d8fd0 "{CE0x81d8fd0|tomoyo_unix_entry:conv|security/tomoyo/network.c,548}"
CE0x76c5eb0 "{CE0x76c5eb0|tomoyo_unix_entry:tobool|security/tomoyo/network.c,548}"
CE0x67e3a90 "{CE0x67e3a90|tomoyo_unix_entry:land.lhs.true}"
CE0x8129eb0 "{CE0x8129eb0|tomoyo_init_request_info:entry}"
CE0x675c320 "{CE0x675c320|tomoyo_init_request_info:if.end}"
CE0x80d7640 "{CE0x80d7640|24:_%struct.tomoyo_path_info*,_32:_i8,_33:_i8,_72:_i8,_:_SCMRE_16,24_|*MultipleSource*|security/tomoyo/network.c, 544|security/tomoyo/network.c,544|Function::tomoyo_init_request_info&Arg::r::|security/tomoyo/network.c,565}"
CONST[source:0(mediator),value:2(dynamic)][purpose:{subject}]


