[selinux_socket_sock_rcv_skb]

explicit:
CONST[source:2(external),value:0(static)][purpose:{operation}]  ->  CONST[source:0(mediator),value:2(dynamic)][purpose:{subject}]
-----------
CONST[source:2(external),value:0(static)][purpose:{operation}]
CE0x5c07690 "{CE0x5c07690|i32_2|*Constant*}"
CE0x5c272c0 "{CE0x5c272c0|selinux_socket_sock_rcv_skb:_sid|security/selinux/hooks.c,4367}"
CE0x5c7cfb0 "{CE0x5c7cfb0|selinux_socket_sock_rcv_skb:_tmp5|security/selinux/hooks.c,4367}"
CE0x5c7f030 "{CE0x5c7f030|selinux_socket_sock_rcv_skb:_tmp5|security/selinux/hooks.c,4367|*SummSink*}"
CONST[source:0(mediator),value:2(dynamic)][purpose:{subject}]


CONST[source:2(external),value:0(static)][purpose:{operation}]  ->  CONST[source:0(mediator),value:0(static)][purpose:{operation}]
-----------
CONST[source:2(external),value:0(static)][purpose:{operation}]
CE0x5c07690 "{CE0x5c07690|i32_2|*Constant*}"
CE0x5c26e10 "{CE0x5c26e10|i32_2|*Constant*|*SummSink*}"
CONST[source:0(mediator),value:0(static)][purpose:{operation}]


CONST[source:1(input),value:2(dynamic)][purpose:{object}]  ->  CONST[source:0(mediator),value:2(dynamic)][purpose:{object}]
-----------
CONST[source:1(input),value:2(dynamic)][purpose:{object}]
CE0x5c87ef0 "{CE0x5c87ef0|88:_i64,_104:_%struct.sec_path*,_128:_i32,_132:_i32,_160:_i32,_176:_i32,_192:_i16,_196:_i16,_208:_i8*,_216:_i8*,_:_CRE_176,180_|*MultipleSource*|Function::selinux_socket_sock_rcv_skb&Arg::skb::|security/selinux/hooks.c,4378}"
CE0x5cf0360 "{CE0x5cf0360|selinux_socket_sock_rcv_skb:_tmp87|*LoadInst*|security/selinux/hooks.c,4422}"
CE0x5cf0640 "{CE0x5cf0640|selinux_socket_sock_rcv_skb:_tmp87|*LoadInst*|security/selinux/hooks.c,4422|*SummSink*}"
CONST[source:0(mediator),value:2(dynamic)][purpose:{object}]


CONST[source:1(input),value:2(dynamic)][purpose:{subject}]  ->  CONST[source:0(mediator),value:2(dynamic)][purpose:{subject}]
-----------
CONST[source:1(input),value:2(dynamic)][purpose:{subject}]
CE0x5c7cb00 "{CE0x5c7cb00|16:_i32,_:_CRE_16,20_|*MultipleSource*|security/selinux/hooks.c,4367|*LoadInst*|security/selinux/hooks.c,4365|security/selinux/hooks.c,4365}"
CE0x5d1f270 "{CE0x5d1f270|selinux_sock_rcv_skb_compat:_tmp4|security/selinux/hooks.c,4334}"
CE0x5d1f5b0 "{CE0x5d1f5b0|selinux_sock_rcv_skb_compat:_tmp4|security/selinux/hooks.c,4334|*SummSink*}"
CONST[source:0(mediator),value:2(dynamic)][purpose:{subject}]



implicit:
CONST[source:1(input),value:2(dynamic)][purpose:{subject}]  ->  CONST[source:0(mediator),value:2(dynamic)][purpose:{object}]
-----------
CONST[source:1(input),value:2(dynamic)][purpose:{subject}]
CE0x5bd7530 "{CE0x5bd7530|16:_i16,_48:_%struct.net*,_1216:_i8*,_:_CRE_16,18_|*MultipleSource*|Function::selinux_socket_sock_rcv_skb&Arg::sk::|security/selinux/hooks.c,4365}"
CE0x5c26cb0 "{CE0x5c26cb0|selinux_socket_sock_rcv_skb:_tmp4|security/selinux/hooks.c,4366}"
CE0x5c19fa0 "{CE0x5c19fa0|selinux_socket_sock_rcv_skb:_conv|security/selinux/hooks.c,4374}"
CE0x5c1a6a0 "{CE0x5c1a6a0|selinux_socket_sock_rcv_skb:_cmp|security/selinux/hooks.c,4374}"
CE0x5bab580 "{CE0x5bab580|selinux_socket_sock_rcv_skb:_if.then53}"
CE0x5cf0360 "{CE0x5cf0360|selinux_socket_sock_rcv_skb:_tmp87|*LoadInst*|security/selinux/hooks.c,4422}"
CE0x5cf0640 "{CE0x5cf0640|selinux_socket_sock_rcv_skb:_tmp87|*LoadInst*|security/selinux/hooks.c,4422|*SummSink*}"
CONST[source:0(mediator),value:2(dynamic)][purpose:{object}]


CONST[source:1(input),value:2(dynamic)][purpose:{subject}]  ->  CONST[source:0(mediator),value:2(dynamic)][purpose:{subject}]
-----------
CONST[source:1(input),value:2(dynamic)][purpose:{subject}]
CE0x5c7cb00 "{CE0x5c7cb00|16:_i32,_:_CRE_16,20_|*MultipleSource*|security/selinux/hooks.c,4367|*LoadInst*|security/selinux/hooks.c,4365|security/selinux/hooks.c,4365}"
CE0x5c7cfb0 "{CE0x5c7cfb0|selinux_socket_sock_rcv_skb:_tmp5|security/selinux/hooks.c,4367}"
CE0x5c7f030 "{CE0x5c7f030|selinux_socket_sock_rcv_skb:_tmp5|security/selinux/hooks.c,4367|*SummSink*}"
CONST[source:0(mediator),value:2(dynamic)][purpose:{subject}]


CONST[source:1(input),value:2(dynamic)][purpose:{object}]  ->  CONST[source:0(mediator),value:2(dynamic)][purpose:{object}]
-----------
CONST[source:1(input),value:2(dynamic)][purpose:{object}]
CE0x5c87ef0 "{CE0x5c87ef0|88:_i64,_104:_%struct.sec_path*,_128:_i32,_132:_i32,_160:_i32,_176:_i32,_192:_i16,_196:_i16,_208:_i8*,_216:_i8*,_:_CRE_176,180_|*MultipleSource*|Function::selinux_socket_sock_rcv_skb&Arg::skb::|security/selinux/hooks.c,4378}"
CE0x5c69460 "{CE0x5c69460|selinux_sock_rcv_skb_compat:_tmp20|*LoadInst*|security/selinux/hooks.c,4348}"
CE0x5c68380 "{CE0x5c68380|selinux_sock_rcv_skb_compat:_tmp20|*LoadInst*|security/selinux/hooks.c,4348|*SummSink*}"
CONST[source:0(mediator),value:2(dynamic)][purpose:{object}]


CONST[source:1(input),value:2(dynamic)][purpose:{object}]  ->  CONST[source:0(mediator),value:2(dynamic)][purpose:{subject}]
-----------
CONST[source:1(input),value:2(dynamic)][purpose:{object}]
CE0x5c32c70 "{CE0x5c32c70|88:_i64,_104:_%struct.sec_path*,_128:_i32,_132:_i32,_160:_i32,_176:_i32,_192:_i16,_196:_i16,_208:_i8*,_216:_i8*,_:_CRE_0,1_}"
CE0x5ea3150 "{CE0x5ea3150|selinux_parse_skb_ipv6:_call10|security/selinux/hooks.c,3789}"
CE0x5e9bdd0 "{CE0x5e9bdd0|selinux_parse_skb_ipv6:_cmp11|security/selinux/hooks.c,3790}"
CE0x5da6460 "{CE0x5da6460|selinux_parse_skb_ipv6:_if.end14}"
CE0x5d5d370 "{CE0x5d5d370|COLLAPSED:_GCRE_selinux_secmark_refcount_internal_global_%struct.atomic_t_zeroinitializer,_align_4_+_1_EC:_elem_0:default:}"
CE0x5ec5230 "{CE0x5ec5230|atomic_read:_tmp4|*LoadInst*|./arch/x86/include/asm/atomic.h,27}"
CE0x5e3bb60 "{CE0x5e3bb60|_ret_i32_%tmp4,_!dbg_!27714|./arch/x86/include/asm/atomic.h,27}"
CE0x5d346c0 "{CE0x5d346c0|selinux_xfrm_enabled:_call|security/selinux/include/xfrm.h,35}"
CE0x5e1d1a0 "{CE0x5e1d1a0|selinux_xfrm_enabled:_cmp|security/selinux/include/xfrm.h,35}"
CE0x5e1da40 "{CE0x5e1da40|selinux_xfrm_enabled:_conv|security/selinux/include/xfrm.h,35}"
CE0x5d40d20 "{CE0x5d40d20|_ret_i32_%conv,_!dbg_!27712|security/selinux/include/xfrm.h,35}"
CE0x5c9b8b0 "{CE0x5c9b8b0|selinux_peerlbl_enabled:_call2|security/selinux/hooks.c,159}"
CE0x5d411c0 "{CE0x5d411c0|selinux_peerlbl_enabled:_tobool3|security/selinux/hooks.c,159}"
CE0x5d417c0 "{CE0x5d417c0|selinux_peerlbl_enabled:_tmp13}"
CE0x5d437e0 "{CE0x5d437e0|selinux_peerlbl_enabled:_lor.ext|security/selinux/hooks.c,159}"
CE0x5ca7fe0 "{CE0x5ca7fe0|_ret_i32_%lor.ext,_!dbg_!27721|security/selinux/hooks.c,159}"
CE0x5ca6a60 "{CE0x5ca6a60|selinux_socket_sock_rcv_skb:_call18|security/selinux/hooks.c,4389}"
CE0x5ca8400 "{CE0x5ca8400|selinux_socket_sock_rcv_skb:_conv19|security/selinux/hooks.c,4389}"
CE0x5c92b20 "{CE0x5c92b20|selinux_socket_sock_rcv_skb:_tobool35|security/selinux/hooks.c,4401}"
CE0x5bb4d20 "{CE0x5bb4d20|selinux_socket_sock_rcv_skb:_if.end40}"
CE0x5cdb550 "{CE0x5cdb550|selinux_socket_sock_rcv_skb:_tmp67|security/selinux/hooks.c,4408}"
CE0x5cd7770 "{CE0x5cd7770|selinux_inet_sys_rcv_skb:_peer_sid|Function::selinux_inet_sys_rcv_skb&Arg::peer_sid::}"
CE0x5cd7a40 "{CE0x5cd7a40|selinux_inet_sys_rcv_skb:_peer_sid|Function::selinux_inet_sys_rcv_skb&Arg::peer_sid::|*SummSink*}"
CONST[source:0(mediator),value:2(dynamic)][purpose:{subject}]


CONST[source:2(external),value:0(static)][purpose:{operation}]  ->  CONST[source:0(mediator),value:2(dynamic)][purpose:{object}]
-----------
CONST[source:2(external),value:0(static)][purpose:{operation}]
CE0x5c07690 "{CE0x5c07690|i32_2|*Constant*}"
CE0x5c1a6a0 "{CE0x5c1a6a0|selinux_socket_sock_rcv_skb:_cmp|security/selinux/hooks.c,4374}"
CE0x5bab580 "{CE0x5bab580|selinux_socket_sock_rcv_skb:_if.then53}"
CE0x5cf0360 "{CE0x5cf0360|selinux_socket_sock_rcv_skb:_tmp87|*LoadInst*|security/selinux/hooks.c,4422}"
CE0x5cf0640 "{CE0x5cf0640|selinux_socket_sock_rcv_skb:_tmp87|*LoadInst*|security/selinux/hooks.c,4422|*SummSink*}"
CONST[source:0(mediator),value:2(dynamic)][purpose:{object}]


CONST[source:2(external),value:0(static)][purpose:{operation}]  ->  CONST[source:0(mediator),value:0(static)][purpose:{operation}]
-----------
CONST[source:2(external),value:0(static)][purpose:{operation}]
CE0x5c07690 "{CE0x5c07690|i32_2|*Constant*}"
CE0x5c26e10 "{CE0x5c26e10|i32_2|*Constant*|*SummSink*}"
CONST[source:0(mediator),value:0(static)][purpose:{operation}]


CONST[source:2(external),value:0(static)][purpose:{operation}]  ->  CONST[source:0(mediator),value:2(dynamic)][purpose:{subject}]
-----------
CONST[source:2(external),value:0(static)][purpose:{operation}]
CE0x5c07690 "{CE0x5c07690|i32_2|*Constant*}"
CE0x5c272c0 "{CE0x5c272c0|selinux_socket_sock_rcv_skb:_sid|security/selinux/hooks.c,4367}"
CE0x5c7cfb0 "{CE0x5c7cfb0|selinux_socket_sock_rcv_skb:_tmp5|security/selinux/hooks.c,4367}"
CE0x5c7f030 "{CE0x5c7f030|selinux_socket_sock_rcv_skb:_tmp5|security/selinux/hooks.c,4367|*SummSink*}"
CONST[source:0(mediator),value:2(dynamic)][purpose:{subject}]


