[selinux_shm_associate]

explicit:
CONST[source:2(external),value:2(dynamic)][purpose:{subject}][SrcIdx:2]  ->  CONST[source:0(mediator),value:2(dynamic)][purpose:{subject}][SnkIdx:0]
-----------
CONST[source:2(external),value:2(dynamic)][purpose:{subject}][SrcIdx:2]
CE0x60399f0 "{CE0x60399f0|VOIDTB_TE:_IE:_elem_0:default:}"
CE0x8afdcc0 "{CE0x8afdcc0|tmp24}"
CE0x8af0d70 "{CE0x8af0d70|_ret_i32_%tmp24,_!dbg_!27742}"
CE0x8af0110 "{CE0x8af0110|call}"
CE0x5a5aef0 "{CE0x5a5aef0|call}"
CONST[source:0(mediator),value:2(dynamic)][purpose:{subject}][SnkIdx:0]


CONST[source:2(external),value:2(dynamic)][purpose:{subject}][SrcIdx:2]  ->  CONST[source:0(mediator),value:2(dynamic)][purpose:{object}][SnkIdx:1]
-----------
CONST[source:2(external),value:2(dynamic)][purpose:{subject}][SrcIdx:2]
CE0x60399f0 "{CE0x60399f0|VOIDTB_TE:_IE:_elem_0:default:}"
CE0x8aca270 "{CE0x8aca270|tmp7}"
CE0x8aea900 "{CE0x8aea900|tmp7}"
CONST[source:0(mediator),value:2(dynamic)][purpose:{object}][SnkIdx:1]


CONST[source:1(input),value:2(dynamic)][purpose:{object}][SrcIdx:1]  ->  CONST[source:0(mediator),value:2(dynamic)][purpose:{subject}][SnkIdx:0]
-----------
CONST[source:1(input),value:2(dynamic)][purpose:{object}][SrcIdx:1]
CE0x60399f0 "{CE0x60399f0|VOIDTB_TE:_IE:_elem_0:default:}"
CE0x8afdcc0 "{CE0x8afdcc0|tmp24}"
CE0x8af0d70 "{CE0x8af0d70|_ret_i32_%tmp24,_!dbg_!27742}"
CE0x8af0110 "{CE0x8af0110|call}"
CE0x5a5aef0 "{CE0x5a5aef0|call}"
CONST[source:0(mediator),value:2(dynamic)][purpose:{subject}][SnkIdx:0]


CONST[source:1(input),value:2(dynamic)][purpose:{object}][SrcIdx:1]  ->  CONST[source:0(mediator),value:2(dynamic)][purpose:{object}][SnkIdx:1]
-----------
CONST[source:1(input),value:2(dynamic)][purpose:{object}][SrcIdx:1]
CE0x60399f0 "{CE0x60399f0|VOIDTB_TE:_IE:_elem_0:default:}"
CE0x8aca270 "{CE0x8aca270|tmp7}"
CE0x8aea900 "{CE0x8aea900|tmp7}"
CONST[source:0(mediator),value:2(dynamic)][purpose:{object}][SnkIdx:1]



implicit:
CONST[source:2(external),value:2(dynamic)][purpose:{subject}][SrcIdx:2]  ->  CONST[source:0(mediator),value:2(dynamic)][purpose:{object}][SnkIdx:1]
-----------
CONST[source:2(external),value:2(dynamic)][purpose:{subject}][SrcIdx:2]
CE0x60399f0 "{CE0x60399f0|VOIDTB_TE:_IE:_elem_0:default:}"
CE0x8aca270 "{CE0x8aca270|tmp7}"
CE0x8aea900 "{CE0x8aea900|tmp7}"
CONST[source:0(mediator),value:2(dynamic)][purpose:{object}][SnkIdx:1]


CONST[source:2(external),value:2(dynamic)][purpose:{subject}][SrcIdx:2]  ->  CONST[source:0(mediator),value:2(dynamic)][purpose:{subject}][SnkIdx:0]
-----------
CONST[source:2(external),value:2(dynamic)][purpose:{subject}][SrcIdx:2]
CE0x60399f0 "{CE0x60399f0|VOIDTB_TE:_IE:_elem_0:default:}"
CE0x8afdcc0 "{CE0x8afdcc0|tmp24}"
CE0x8af0d70 "{CE0x8af0d70|_ret_i32_%tmp24,_!dbg_!27742}"
CE0x8af0110 "{CE0x8af0110|call}"
CE0x5a5aef0 "{CE0x5a5aef0|call}"
CONST[source:0(mediator),value:2(dynamic)][purpose:{subject}][SnkIdx:0]


CONST[source:1(input),value:2(dynamic)][purpose:{object}][SrcIdx:1]  ->  CONST[source:0(mediator),value:2(dynamic)][purpose:{object}][SnkIdx:1]
-----------
CONST[source:1(input),value:2(dynamic)][purpose:{object}][SrcIdx:1]
CE0x60399f0 "{CE0x60399f0|VOIDTB_TE:_IE:_elem_0:default:}"
CE0x8aca270 "{CE0x8aca270|tmp7}"
CE0x8aea900 "{CE0x8aea900|tmp7}"
CONST[source:0(mediator),value:2(dynamic)][purpose:{object}][SnkIdx:1]


CONST[source:1(input),value:2(dynamic)][purpose:{object}][SrcIdx:1]  ->  CONST[source:0(mediator),value:2(dynamic)][purpose:{subject}][SnkIdx:0]
-----------
CONST[source:1(input),value:2(dynamic)][purpose:{object}][SrcIdx:1]
CE0x60399f0 "{CE0x60399f0|VOIDTB_TE:_IE:_elem_0:default:}"
CE0x8afdcc0 "{CE0x8afdcc0|tmp24}"
CE0x8af0d70 "{CE0x8af0d70|_ret_i32_%tmp24,_!dbg_!27742}"
CE0x8af0110 "{CE0x8af0110|call}"
CE0x5a5aef0 "{CE0x5a5aef0|call}"
CONST[source:0(mediator),value:2(dynamic)][purpose:{subject}][SnkIdx:0]


