[selinux_mount]

explicit:
CONST[source:2(external),value:2(dynamic)][purpose:{subject}][SrcIdx:4]  ->  CONST[source:0(mediator),value:2(dynamic)][purpose:{subject}]
-----------
CONST[source:2(external),value:2(dynamic)][purpose:{subject}][SrcIdx:4]
CE0x5b38570 "{CE0x5b38570|COLLAPSED:_GCMRE_current_task_external_global_%struct.task_struct*:_elem_0::|security/selinux/hooks.c,2639}"
CE0x5b39360 "{CE0x5b39360|selinux_mount:tmp19|security/selinux/hooks.c,2639}"
CE0x5b60000 "{CE0x5b60000|superblock_has_perm:cred|Function::superblock_has_perm&Arg::cred::}"
CE0x5b85bf0 "{CE0x5b85bf0|cred_sid:cred|Function::cred_sid&Arg::cred::}"
CE0x5b65eb0 "{CE0x5b65eb0|cred_sid:security|security/selinux/hooks.c,196}"
CE0x5b66440 "{CE0x5b66440|cred_sid:tmp4|*LoadInst*|security/selinux/hooks.c,196}"
CE0x5b666f0 "{CE0x5b666f0|cred_sid:tmp5|security/selinux/hooks.c,196}"
CE0x5b67120 "{CE0x5b67120|cred_sid:sid|security/selinux/hooks.c,197}"
CE0x5b682e0 "{CE0x5b682e0|cred_sid:tmp6|security/selinux/hooks.c,197}"
CE0x5b72950 "{CE0x5b72950|_ret_i32_%tmp6,_!dbg_!27716|security/selinux/hooks.c,197}"
CE0x5b85300 "{CE0x5b85300|superblock_has_perm:call|security/selinux/hooks.c,1863}"
CE0x5b854b0 "{CE0x5b854b0|superblock_has_perm:call|security/selinux/hooks.c,1863|*SummSink*}"
CONST[source:0(mediator),value:2(dynamic)][purpose:{subject}]


CONST[source:1(input),value:2(dynamic)][purpose:{object}][SrcIdx:1]  ->  CONST[source:0(mediator),value:2(dynamic)][purpose:{object}]
-----------
CONST[source:1(input),value:2(dynamic)][purpose:{object}][SrcIdx:1]
CE0x5b1ce90 "{CE0x5b1ce90|104:_%struct.inode*,_232:_%struct.super_block*,_:_CRE_104,112_|*MultipleSource*|*LoadInst*|security/selinux/hooks.c,2642|security/selinux/hooks.c,2642}"
CE0x5b9c4b0 "{CE0x5b9c4b0|path_has_perm:tmp5|security/selinux/hooks.c,1642}"
CE0x5b9df40 "{CE0x5b9df40|inode_has_perm:inode|Function::inode_has_perm&Arg::inode::}"
CE0x5b8b160 "{CE0x5b8b160|inode_has_perm:i_security|security/selinux/hooks.c,1615}"
CE0x5b8b040 "{CE0x5b8b040|inode_has_perm:tmp15|*LoadInst*|security/selinux/hooks.c,1615}"
CE0x5b8b6f0 "{CE0x5b8b6f0|inode_has_perm:tmp16|security/selinux/hooks.c,1615}"
CE0x5c13e90 "{CE0x5c13e90|inode_has_perm:sid3|security/selinux/hooks.c,1617}"
CE0x5b94250 "{CE0x5b94250|inode_has_perm:tmp17|security/selinux/hooks.c,1617}"
CE0x5b94650 "{CE0x5b94650|inode_has_perm:tmp17|security/selinux/hooks.c,1617|*SummSink*}"
CONST[source:0(mediator),value:2(dynamic)][purpose:{object}]



implicit:
CONST[source:2(external),value:2(dynamic)][purpose:{subject}][SrcIdx:4]  ->  CONST[source:0(mediator),value:2(dynamic)][purpose:{subject}]
-----------
CONST[source:2(external),value:2(dynamic)][purpose:{subject}][SrcIdx:4]
CE0x5b38570 "{CE0x5b38570|COLLAPSED:_GCMRE_current_task_external_global_%struct.task_struct*:_elem_0::|security/selinux/hooks.c,2639}"
CE0x5b39360 "{CE0x5b39360|selinux_mount:tmp19|security/selinux/hooks.c,2639}"
CE0x5b60000 "{CE0x5b60000|superblock_has_perm:cred|Function::superblock_has_perm&Arg::cred::}"
CE0x5b85bf0 "{CE0x5b85bf0|cred_sid:cred|Function::cred_sid&Arg::cred::}"
CE0x5b65eb0 "{CE0x5b65eb0|cred_sid:security|security/selinux/hooks.c,196}"
CE0x5b66440 "{CE0x5b66440|cred_sid:tmp4|*LoadInst*|security/selinux/hooks.c,196}"
CE0x5b666f0 "{CE0x5b666f0|cred_sid:tmp5|security/selinux/hooks.c,196}"
CE0x5b67120 "{CE0x5b67120|cred_sid:sid|security/selinux/hooks.c,197}"
CE0x5b682e0 "{CE0x5b682e0|cred_sid:tmp6|security/selinux/hooks.c,197}"
CE0x5b72950 "{CE0x5b72950|_ret_i32_%tmp6,_!dbg_!27716|security/selinux/hooks.c,197}"
CE0x5b85300 "{CE0x5b85300|superblock_has_perm:call|security/selinux/hooks.c,1863}"
CE0x5b854b0 "{CE0x5b854b0|superblock_has_perm:call|security/selinux/hooks.c,1863|*SummSink*}"
CONST[source:0(mediator),value:2(dynamic)][purpose:{subject}]


CONST[source:1(input),value:2(dynamic)][purpose:{object}][SrcIdx:1]  ->  CONST[source:0(mediator),value:2(dynamic)][purpose:{object}]
-----------
CONST[source:1(input),value:2(dynamic)][purpose:{object}][SrcIdx:1]
CE0x5b1ce90 "{CE0x5b1ce90|104:_%struct.inode*,_232:_%struct.super_block*,_:_CRE_104,112_|*MultipleSource*|*LoadInst*|security/selinux/hooks.c,2642|security/selinux/hooks.c,2642}"
CE0x5b9c4b0 "{CE0x5b9c4b0|path_has_perm:tmp5|security/selinux/hooks.c,1642}"
CE0x5b9df40 "{CE0x5b9df40|inode_has_perm:inode|Function::inode_has_perm&Arg::inode::}"
CE0x5b8b160 "{CE0x5b8b160|inode_has_perm:i_security|security/selinux/hooks.c,1615}"
CE0x5b8b040 "{CE0x5b8b040|inode_has_perm:tmp15|*LoadInst*|security/selinux/hooks.c,1615}"
CE0x5b8b6f0 "{CE0x5b8b6f0|inode_has_perm:tmp16|security/selinux/hooks.c,1615}"
CE0x5c147b0 "{CE0x5c147b0|inode_has_perm:sclass|security/selinux/hooks.c,1617}"
CE0x5bfc8d0 "{CE0x5bfc8d0|inode_has_perm:tmp18|security/selinux/hooks.c,1617}"
CE0x5bfcbd0 "{CE0x5bfcbd0|inode_has_perm:tmp18|security/selinux/hooks.c,1617|*SummSink*}"
CONST[source:0(mediator),value:2(dynamic)][purpose:{object}]


CONST[source:1(input),value:2(dynamic)][purpose:{object}][SrcIdx:1]  ->  CONST[source:0(mediator),value:2(dynamic)][purpose:{subject}]
-----------
CONST[source:1(input),value:2(dynamic)][purpose:{object}][SrcIdx:1]
CE0x5b1ce90 "{CE0x5b1ce90|104:_%struct.inode*,_232:_%struct.super_block*,_:_CRE_104,112_|*MultipleSource*|*LoadInst*|security/selinux/hooks.c,2642|security/selinux/hooks.c,2642}"
CE0x5b9c4b0 "{CE0x5b9c4b0|path_has_perm:tmp5|security/selinux/hooks.c,1642}"
CE0x5b9df40 "{CE0x5b9df40|inode_has_perm:inode|Function::inode_has_perm&Arg::inode::}"
CE0x5bca070 "{CE0x5bca070|inode_has_perm:i_flags|security/selinux/hooks.c,1611}"
CE0x5bf8330 "{CE0x5bf8330|inode_has_perm:tmp6|*LoadInst*|security/selinux/hooks.c,1611}"
CE0x5c05750 "{CE0x5c05750|inode_has_perm:and|security/selinux/hooks.c,1611}"
CE0x5c0bd40 "{CE0x5c0bd40|inode_has_perm:tobool|security/selinux/hooks.c,1611}"
CE0x5b09d20 "{CE0x5b09d20|inode_has_perm:lnot|security/selinux/hooks.c,1611}"
CE0x5b0a010 "{CE0x5b0a010|inode_has_perm:lnot1|security/selinux/hooks.c,1611}"
CE0x5b0a930 "{CE0x5b0a930|inode_has_perm:lnot.ext|security/selinux/hooks.c,1611}"
CE0x5b0a670 "{CE0x5b0a670|inode_has_perm:conv|security/selinux/hooks.c,1611}"
CE0x5c08920 "{CE0x5c08920|inode_has_perm:expval|security/selinux/hooks.c,1611}"
CE0x5c08f80 "{CE0x5c08f80|inode_has_perm:tobool2|security/selinux/hooks.c,1611}"
CE0x5b82a50 "{CE0x5b82a50|inode_has_perm:if.end}"
CE0x5b89fe0 "{CE0x5b89fe0|inode_has_perm:call|security/selinux/hooks.c,1614}"
CE0x5b8a180 "{CE0x5b8a180|inode_has_perm:call|security/selinux/hooks.c,1614|*SummSink*}"
CONST[source:0(mediator),value:2(dynamic)][purpose:{subject}]


CONST[source:2(external),value:0(static)][purpose:{operation}][SrcIdx:0]  ->  CONST[source:0(mediator),value:2(dynamic)][purpose:{object}]
-----------
CONST[source:2(external),value:0(static)][purpose:{operation}][SrcIdx:0]
CE0x5b39db0 "{CE0x5b39db0|i64_32|*Constant*}"
CE0x5b3a570 "{CE0x5b3a570|selinux_mount:and|security/selinux/hooks.c,2641}"
CE0x5b3a950 "{CE0x5b3a950|selinux_mount:tobool5|security/selinux/hooks.c,2641}"
CE0x5b10f40 "{CE0x5b10f40|selinux_mount:if.then6}"
CE0x5b64930 "{CE0x5b64930|superblock_has_perm:entry}"
CE0x5b860e0 "{CE0x5b860e0|superblock_has_perm:bb}"
CE0x5b995f0 "{CE0x5b995f0|superblock_has_perm:tmp6|security/selinux/hooks.c,1866}"
CE0x5bad180 "{CE0x5bad180|superblock_has_perm:tmp6|security/selinux/hooks.c,1866|*SummSink*}"
CONST[source:0(mediator),value:2(dynamic)][purpose:{object}]


CONST[source:2(external),value:0(static)][purpose:{operation}][SrcIdx:0]  ->  CONST[source:0(mediator),value:2(dynamic)][purpose:{subject}]
-----------
CONST[source:2(external),value:0(static)][purpose:{operation}][SrcIdx:0]
CE0x5b39db0 "{CE0x5b39db0|i64_32|*Constant*}"
CE0x5b3a570 "{CE0x5b3a570|selinux_mount:and|security/selinux/hooks.c,2641}"
CE0x5b3a950 "{CE0x5b3a950|selinux_mount:tobool5|security/selinux/hooks.c,2641}"
CE0x5b10f40 "{CE0x5b10f40|selinux_mount:if.then6}"
CE0x5b64930 "{CE0x5b64930|superblock_has_perm:entry}"
CE0x5b860e0 "{CE0x5b860e0|superblock_has_perm:bb}"
CE0x5b85300 "{CE0x5b85300|superblock_has_perm:call|security/selinux/hooks.c,1863}"
CE0x5b854b0 "{CE0x5b854b0|superblock_has_perm:call|security/selinux/hooks.c,1863|*SummSink*}"
CONST[source:0(mediator),value:2(dynamic)][purpose:{subject}]


