[tomoyo_file_ioctl]

explicit:
CONST[source:1(input),value:2(dynamic)][purpose:{operation}]  ->  CONST[source:0(mediator),value:0(static)][purpose:{operation}]
-----------
CONST[source:1(input),value:2(dynamic)][purpose:{operation}]
CE0x675a890 "{CE0x675a890|tomoyo_path_number_perm:_type|Function::tomoyo_path_number_perm&Arg::type::|*SummSource*}"
CE0x678ce90 "{CE0x678ce90|tomoyo_path_number_perm:_type|Function::tomoyo_path_number_perm&Arg::type::}"
CE0x6d3f380 "{CE0x6d3f380|0:_%struct.tomoyo_obj_info*,_24:_%struct.tomoyo_path_info*,_32:_i64,_40:_i8,_72:_i8,_76:_i8,_:_SCMRE_40,41_}"
CONST[source:0(mediator),value:0(static)][purpose:{operation}]


CONST[source:2(external),value:2(dynamic)][purpose:{subject}]  ->  CONST[source:0(mediator),value:2(dynamic)][purpose:{subject}]
-----------
CONST[source:2(external),value:2(dynamic)][purpose:{subject}]
CE0x84008d0 "{CE0x84008d0|128:_i8*,_1208:_%struct.file*,_:_CMRE_128,136_|*MultipleSource*|security/tomoyo/common.h,1205|security/tomoyo/common.h,1205}"
CE0x5bc1ef0 "{CE0x5bc1ef0|tomoyo_domain:_tmp22|security/tomoyo/common.h,1205}"
CE0x5bccfc0 "{CE0x5bccfc0|tomoyo_domain:_tmp23|security/tomoyo/common.h,1205}"
CE0x81ab120 "{CE0x81ab120|_ret_%struct.tomoyo_domain_info*_%tmp23,_!dbg_!38929|security/tomoyo/common.h,1205}"
CE0x6bd4510 "{CE0x6bd4510|tomoyo_init_request_info:_call|security/tomoyo/util.c,1005}"
CE0x6bd44a0 "{CE0x6bd44a0|tomoyo_init_request_info:_domain.addr.0}"
CE0x6896f00 "{CE0x6896f00|0:_%struct.tomoyo_obj_info*,_24:_%struct.tomoyo_path_info*,_32:_i64,_40:_i8,_72:_i8,_76:_i8,_:_SCMRE_16,24_|*MultipleSource*|security/tomoyo/file.c, 693|security/tomoyo/file.c,693|security/tomoyo/file.c,707|Function::tomoyo_init_request_info&Arg::r::}"
CONST[source:0(mediator),value:2(dynamic)][purpose:{subject}]



implicit:
CONST[source:1(input),value:2(dynamic)][purpose:{operation}]  ->  CONST[source:0(mediator),value:0(static)][purpose:{operation}]
-----------
CONST[source:1(input),value:2(dynamic)][purpose:{operation}]
CE0x675a890 "{CE0x675a890|tomoyo_path_number_perm:_type|Function::tomoyo_path_number_perm&Arg::type::|*SummSource*}"
CE0x678ce90 "{CE0x678ce90|tomoyo_path_number_perm:_type|Function::tomoyo_path_number_perm&Arg::type::}"
CE0x6d3f380 "{CE0x6d3f380|0:_%struct.tomoyo_obj_info*,_24:_%struct.tomoyo_path_info*,_32:_i64,_40:_i8,_72:_i8,_76:_i8,_:_SCMRE_40,41_}"
CONST[source:0(mediator),value:0(static)][purpose:{operation}]


CONST[source:1(input),value:2(dynamic)][purpose:{operation}]  ->  CONST[source:0(mediator),value:2(dynamic)][purpose:{object}]
-----------
CONST[source:1(input),value:2(dynamic)][purpose:{operation}]
CE0x675a890 "{CE0x675a890|tomoyo_path_number_perm:_type|Function::tomoyo_path_number_perm&Arg::type::|*SummSource*}"
CE0x678ce90 "{CE0x678ce90|tomoyo_path_number_perm:_type|Function::tomoyo_path_number_perm&Arg::type::}"
CE0x5c40a50 "{CE0x5c40a50|tomoyo_path_number_perm:_idxprom|security/tomoyo/file.c,701}"
CE0x820d0e0 "{CE0x820d0e0|tomoyo_path_number_perm:_arrayidx|security/tomoyo/file.c,701}"
CE0x6af8020 "{CE0x6af8020|tomoyo_path_number_perm:_tmp7|security/tomoyo/file.c,701}"
CE0x8408f50 "{CE0x8408f50|tomoyo_init_request_info:_index|Function::tomoyo_init_request_info&Arg::index::}"
CE0x6b711e0 "{CE0x6b711e0|tomoyo_get_mode:_index|Function::tomoyo_get_mode&Arg::index::}"
CE0x4b28540 "{CE0x4b28540|tomoyo_get_mode:_idxprom|security/tomoyo/util.c,981}"
CE0x6713270 "{CE0x6713270|tomoyo_get_mode:_arrayidx|security/tomoyo/util.c,981}"
CE0x6ab0f20 "{CE0x6ab0f20|tomoyo_get_mode:_tmp9|security/tomoyo/util.c,981}"
CE0x4d1b820 "{CE0x4d1b820|tomoyo_get_mode:_mode.0}"
CE0x4eb7440 "{CE0x4eb7440|tomoyo_get_mode:_mode.1}"
CE0x4be0580 "{CE0x4be0580|tomoyo_get_mode:_conv15|security/tomoyo/util.c,987}"
CE0x4be0ba0 "{CE0x4be0ba0|tomoyo_get_mode:_and|security/tomoyo/util.c,987}"
CE0x5898510 "{CE0x5898510|tomoyo_get_mode:_retval.0}"
CE0x6b70ea0 "{CE0x6b70ea0|_ret_i32_%retval.0,_!dbg_!38935|security/tomoyo/util.c,988}"
CE0x6c5ada0 "{CE0x6c5ada0|tomoyo_init_request_info:_call4|security/tomoyo/util.c,1010}"
CE0x6c4a9e0 "{CE0x6c4a9e0|tomoyo_init_request_info:_conv|security/tomoyo/util.c,1010}"
CE0x5a6fb00 "{CE0x5a6fb00|0:_%struct.tomoyo_obj_info*,_24:_%struct.tomoyo_path_info*,_32:_i64,_40:_i8,_72:_i8,_76:_i8,_:_SCMRE_76,77_|*MultipleSource*|security/tomoyo/file.c, 693|security/tomoyo/file.c,693|security/tomoyo/file.c,707|Function::tomoyo_init_request_info&Arg::r::}"
CE0x69f4500 "{CE0x69f4500|tomoyo_init_request_info:_tmp13|*LoadInst*|security/tomoyo/util.c,1011}"
CE0x6cb51b0 "{CE0x6cb51b0|tomoyo_init_request_info:_conv6|security/tomoyo/util.c,1011}"
CE0x68644d0 "{CE0x68644d0|_ret_i32_%conv6,_!dbg_!38926|security/tomoyo/util.c,1011}"
CE0x8409150 "{CE0x8409150|tomoyo_path_number_perm:_call|security/tomoyo/file.c,701}"
CE0x6a7b630 "{CE0x6a7b630|tomoyo_path_number_perm:_cmp|security/tomoyo/file.c,702}"
CE0x6c5b670 "{CE0x6c5b670|tomoyo_path_number_perm:_if.end9}"
CE0x68975e0 "{CE0x68975e0|0:_%struct.tomoyo_obj_info*,_24:_%struct.tomoyo_path_info*,_32:_i64,_40:_i8,_72:_i8,_76:_i8,_:_SCMRE_24,25_}"
CONST[source:0(mediator),value:2(dynamic)][purpose:{object}]


CONST[source:1(input),value:2(dynamic)][purpose:{object}]  ->  CONST[source:0(mediator),value:0(static)][purpose:{operation}]
-----------
CONST[source:1(input),value:2(dynamic)][purpose:{object}]
CE0x58a1590 "{CE0x58a1590|24:_%struct.dentry*,_:_SCMRE_8,9_}"
CE0x81ccf30 "{CE0x81ccf30|tomoyo_path_number_perm:_tmp12|*LoadInst*|security/tomoyo/file.c,702}"
CE0x81338b0 "{CE0x81338b0|tomoyo_path_number_perm:_tobool|security/tomoyo/file.c,702}"
CE0x6c5b670 "{CE0x6c5b670|tomoyo_path_number_perm:_if.end9}"
CE0x6d3d280 "{CE0x6d3d280|0:_%struct.tomoyo_obj_info*,_24:_%struct.tomoyo_path_info*,_32:_i64,_40:_i8,_72:_i8,_76:_i8,_:_SCMRE_39,40_}"
CONST[source:0(mediator),value:0(static)][purpose:{operation}]


CONST[source:1(input),value:2(dynamic)][purpose:{object}]  ->  CONST[source:0(mediator),value:2(dynamic)][purpose:{object}]
-----------
CONST[source:1(input),value:2(dynamic)][purpose:{object}]
CE0x58a1590 "{CE0x58a1590|24:_%struct.dentry*,_:_SCMRE_8,9_}"
CE0x81ccf30 "{CE0x81ccf30|tomoyo_path_number_perm:_tmp12|*LoadInst*|security/tomoyo/file.c,702}"
CE0x81338b0 "{CE0x81338b0|tomoyo_path_number_perm:_tobool|security/tomoyo/file.c,702}"
CE0x6c5b670 "{CE0x6c5b670|tomoyo_path_number_perm:_if.end9}"
CE0x68975e0 "{CE0x68975e0|0:_%struct.tomoyo_obj_info*,_24:_%struct.tomoyo_path_info*,_32:_i64,_40:_i8,_72:_i8,_76:_i8,_:_SCMRE_24,25_}"
CONST[source:0(mediator),value:2(dynamic)][purpose:{object}]


CONST[source:2(external),value:2(dynamic)][purpose:{subject}]  ->  CONST[source:0(mediator),value:2(dynamic)][purpose:{subject}]
-----------
CONST[source:2(external),value:2(dynamic)][purpose:{subject}]
CE0x84008d0 "{CE0x84008d0|128:_i8*,_1208:_%struct.file*,_:_CMRE_128,136_|*MultipleSource*|security/tomoyo/common.h,1205|security/tomoyo/common.h,1205}"
CE0x5bc1ef0 "{CE0x5bc1ef0|tomoyo_domain:_tmp22|security/tomoyo/common.h,1205}"
CE0x5bccfc0 "{CE0x5bccfc0|tomoyo_domain:_tmp23|security/tomoyo/common.h,1205}"
CE0x81ab120 "{CE0x81ab120|_ret_%struct.tomoyo_domain_info*_%tmp23,_!dbg_!38929|security/tomoyo/common.h,1205}"
CE0x6bd4510 "{CE0x6bd4510|tomoyo_init_request_info:_call|security/tomoyo/util.c,1005}"
CE0x6bd44a0 "{CE0x6bd44a0|tomoyo_init_request_info:_domain.addr.0}"
CE0x6896f00 "{CE0x6896f00|0:_%struct.tomoyo_obj_info*,_24:_%struct.tomoyo_path_info*,_32:_i64,_40:_i8,_72:_i8,_76:_i8,_:_SCMRE_16,24_|*MultipleSource*|security/tomoyo/file.c, 693|security/tomoyo/file.c,693|security/tomoyo/file.c,707|Function::tomoyo_init_request_info&Arg::r::}"
CONST[source:0(mediator),value:2(dynamic)][purpose:{subject}]


CONST[source:2(external),value:2(dynamic)][purpose:{subject}]  ->  CONST[source:0(mediator),value:0(static)][purpose:{operation}]
-----------
CONST[source:2(external),value:2(dynamic)][purpose:{subject}]
CE0x84008d0 "{CE0x84008d0|128:_i8*,_1208:_%struct.file*,_:_CMRE_128,136_|*MultipleSource*|security/tomoyo/common.h,1205|security/tomoyo/common.h,1205}"
CE0x5bc1ef0 "{CE0x5bc1ef0|tomoyo_domain:_tmp22|security/tomoyo/common.h,1205}"
CE0x5bccfc0 "{CE0x5bccfc0|tomoyo_domain:_tmp23|security/tomoyo/common.h,1205}"
CE0x81ab120 "{CE0x81ab120|_ret_%struct.tomoyo_domain_info*_%tmp23,_!dbg_!38929|security/tomoyo/common.h,1205}"
CE0x6bd4510 "{CE0x6bd4510|tomoyo_init_request_info:_call|security/tomoyo/util.c,1005}"
CE0x6bd44a0 "{CE0x6bd44a0|tomoyo_init_request_info:_domain.addr.0}"
CE0x6b838a0 "{CE0x6b838a0|tomoyo_init_request_info:_profile2|security/tomoyo/util.c,1007}"
CE0x6c504f0 "{CE0x6c504f0|tomoyo_init_request_info:_tmp11|security/tomoyo/util.c,1007}"
CE0x6b70f60 "{CE0x6b70f60|tomoyo_get_mode:_profile|Function::tomoyo_get_mode&Arg::profile::}"
CE0x819bef0 "{CE0x819bef0|COLLAPSED:_CRE:_elem_0:default:}"
CE0x4eb7600 "{CE0x4eb7600|tomoyo_get_mode:_tmp24|security/tomoyo/util.c,986}"
CE0x4eb7440 "{CE0x4eb7440|tomoyo_get_mode:_mode.1}"
CE0x4be0580 "{CE0x4be0580|tomoyo_get_mode:_conv15|security/tomoyo/util.c,987}"
CE0x4be0ba0 "{CE0x4be0ba0|tomoyo_get_mode:_and|security/tomoyo/util.c,987}"
CE0x5898510 "{CE0x5898510|tomoyo_get_mode:_retval.0}"
CE0x6b70ea0 "{CE0x6b70ea0|_ret_i32_%retval.0,_!dbg_!38935|security/tomoyo/util.c,988}"
CE0x6c5ada0 "{CE0x6c5ada0|tomoyo_init_request_info:_call4|security/tomoyo/util.c,1010}"
CE0x6c4a9e0 "{CE0x6c4a9e0|tomoyo_init_request_info:_conv|security/tomoyo/util.c,1010}"
CE0x5a6fb00 "{CE0x5a6fb00|0:_%struct.tomoyo_obj_info*,_24:_%struct.tomoyo_path_info*,_32:_i64,_40:_i8,_72:_i8,_76:_i8,_:_SCMRE_76,77_|*MultipleSource*|security/tomoyo/file.c, 693|security/tomoyo/file.c,693|security/tomoyo/file.c,707|Function::tomoyo_init_request_info&Arg::r::}"
CE0x69f4500 "{CE0x69f4500|tomoyo_init_request_info:_tmp13|*LoadInst*|security/tomoyo/util.c,1011}"
CE0x6cb51b0 "{CE0x6cb51b0|tomoyo_init_request_info:_conv6|security/tomoyo/util.c,1011}"
CE0x68644d0 "{CE0x68644d0|_ret_i32_%conv6,_!dbg_!38926|security/tomoyo/util.c,1011}"
CE0x8409150 "{CE0x8409150|tomoyo_path_number_perm:_call|security/tomoyo/file.c,701}"
CE0x6a7b630 "{CE0x6a7b630|tomoyo_path_number_perm:_cmp|security/tomoyo/file.c,702}"
CE0x6c5b670 "{CE0x6c5b670|tomoyo_path_number_perm:_if.end9}"
CE0x6d3d280 "{CE0x6d3d280|0:_%struct.tomoyo_obj_info*,_24:_%struct.tomoyo_path_info*,_32:_i64,_40:_i8,_72:_i8,_76:_i8,_:_SCMRE_39,40_}"
CONST[source:0(mediator),value:0(static)][purpose:{operation}]


CONST[source:2(external),value:2(dynamic)][purpose:{subject}]  ->  CONST[source:0(mediator),value:2(dynamic)][purpose:{object}]
-----------
CONST[source:2(external),value:2(dynamic)][purpose:{subject}]
CE0x84008d0 "{CE0x84008d0|128:_i8*,_1208:_%struct.file*,_:_CMRE_128,136_|*MultipleSource*|security/tomoyo/common.h,1205|security/tomoyo/common.h,1205}"
CE0x5bc1ef0 "{CE0x5bc1ef0|tomoyo_domain:_tmp22|security/tomoyo/common.h,1205}"
CE0x5bccfc0 "{CE0x5bccfc0|tomoyo_domain:_tmp23|security/tomoyo/common.h,1205}"
CE0x81ab120 "{CE0x81ab120|_ret_%struct.tomoyo_domain_info*_%tmp23,_!dbg_!38929|security/tomoyo/common.h,1205}"
CE0x6bd4510 "{CE0x6bd4510|tomoyo_init_request_info:_call|security/tomoyo/util.c,1005}"
CE0x6bd44a0 "{CE0x6bd44a0|tomoyo_init_request_info:_domain.addr.0}"
CE0x6b838a0 "{CE0x6b838a0|tomoyo_init_request_info:_profile2|security/tomoyo/util.c,1007}"
CE0x6c504f0 "{CE0x6c504f0|tomoyo_init_request_info:_tmp11|security/tomoyo/util.c,1007}"
CE0x6b70f60 "{CE0x6b70f60|tomoyo_get_mode:_profile|Function::tomoyo_get_mode&Arg::profile::}"
CE0x819bef0 "{CE0x819bef0|COLLAPSED:_CRE:_elem_0:default:}"
CE0x4eb7600 "{CE0x4eb7600|tomoyo_get_mode:_tmp24|security/tomoyo/util.c,986}"
CE0x4eb7440 "{CE0x4eb7440|tomoyo_get_mode:_mode.1}"
CE0x4be0580 "{CE0x4be0580|tomoyo_get_mode:_conv15|security/tomoyo/util.c,987}"
CE0x4be0ba0 "{CE0x4be0ba0|tomoyo_get_mode:_and|security/tomoyo/util.c,987}"
CE0x5898510 "{CE0x5898510|tomoyo_get_mode:_retval.0}"
CE0x6b70ea0 "{CE0x6b70ea0|_ret_i32_%retval.0,_!dbg_!38935|security/tomoyo/util.c,988}"
CE0x6c5ada0 "{CE0x6c5ada0|tomoyo_init_request_info:_call4|security/tomoyo/util.c,1010}"
CE0x6c4a9e0 "{CE0x6c4a9e0|tomoyo_init_request_info:_conv|security/tomoyo/util.c,1010}"
CE0x5a6fb00 "{CE0x5a6fb00|0:_%struct.tomoyo_obj_info*,_24:_%struct.tomoyo_path_info*,_32:_i64,_40:_i8,_72:_i8,_76:_i8,_:_SCMRE_76,77_|*MultipleSource*|security/tomoyo/file.c, 693|security/tomoyo/file.c,693|security/tomoyo/file.c,707|Function::tomoyo_init_request_info&Arg::r::}"
CE0x69f4500 "{CE0x69f4500|tomoyo_init_request_info:_tmp13|*LoadInst*|security/tomoyo/util.c,1011}"
CE0x6cb51b0 "{CE0x6cb51b0|tomoyo_init_request_info:_conv6|security/tomoyo/util.c,1011}"
CE0x68644d0 "{CE0x68644d0|_ret_i32_%conv6,_!dbg_!38926|security/tomoyo/util.c,1011}"
CE0x8409150 "{CE0x8409150|tomoyo_path_number_perm:_call|security/tomoyo/file.c,701}"
CE0x6a7b630 "{CE0x6a7b630|tomoyo_path_number_perm:_cmp|security/tomoyo/file.c,702}"
CE0x6c5b670 "{CE0x6c5b670|tomoyo_path_number_perm:_if.end9}"
CE0x68975e0 "{CE0x68975e0|0:_%struct.tomoyo_obj_info*,_24:_%struct.tomoyo_path_info*,_32:_i64,_40:_i8,_72:_i8,_76:_i8,_:_SCMRE_24,25_}"
CONST[source:0(mediator),value:2(dynamic)][purpose:{object}]


