[selinux_ptrace_traceme]

explicit:
CONST[source:1(input),value:2(dynamic)][purpose:{subject}][SrcIdx:1]  ->  CONST[source:0(mediator),value:2(dynamic)][purpose:{subject}][SnkIdx:0]
-----------
CONST[source:1(input),value:2(dynamic)][purpose:{subject}][SrcIdx:1]
CE0x58c1590 "{CE0x58c1590|128:_i8*,_:_CRE_128,136_}"
CE0x581d2e0 "{CE0x581d2e0|task_has_perm:tmp28|security/selinux/hooks.c,1525}"
CE0x5857980 "{CE0x5857980|task_has_perm:tmp29|security/selinux/hooks.c,1525}"
CE0x580ee80 "{CE0x580ee80|task_has_perm:sid|security/selinux/hooks.c,1525}"
CE0x580f8c0 "{CE0x580f8c0|task_has_perm:tmp30|security/selinux/hooks.c,1525}"
CE0x584ec50 "{CE0x584ec50|task_has_perm:tmp30|security/selinux/hooks.c,1525|*SummSink*}"
CONST[source:0(mediator),value:2(dynamic)][purpose:{subject}][SnkIdx:0]


CONST[source:2(external),value:2(dynamic)][purpose:{object}][SrcIdx:3]  ->  CONST[source:0(mediator),value:2(dynamic)][purpose:{object}][SnkIdx:1]
-----------
CONST[source:2(external),value:2(dynamic)][purpose:{object}][SrcIdx:3]
CE0x57f3ea0 "{CE0x57f3ea0|COLLAPSED:_GCMRE_current_task_external_global_%struct.task_struct*:_elem_0:default:}"
CE0x5899fa0 "{CE0x5899fa0|task_has_perm:tmp55|security/selinux/hooks.c,1526}"
CE0x589a120 "{CE0x589a120|task_has_perm:tmp56|security/selinux/hooks.c,1526}"
CE0x589aa20 "{CE0x589aa20|task_has_perm:sid25|security/selinux/hooks.c,1526}"
CE0x589bea0 "{CE0x589bea0|task_has_perm:tmp57|security/selinux/hooks.c,1526}"
CE0x589c180 "{CE0x589c180|task_has_perm:tmp57|security/selinux/hooks.c,1526|*SummSink*}"
CONST[source:0(mediator),value:2(dynamic)][purpose:{object}][SnkIdx:1]



implicit:
CONST[source:2(external),value:2(dynamic)][purpose:{object}][SrcIdx:3]  ->  CONST[source:0(mediator),value:2(dynamic)][purpose:{object}][SnkIdx:1]
-----------
CONST[source:2(external),value:2(dynamic)][purpose:{object}][SrcIdx:3]
CE0x57f3ea0 "{CE0x57f3ea0|COLLAPSED:_GCMRE_current_task_external_global_%struct.task_struct*:_elem_0:default:}"
CE0x5899fa0 "{CE0x5899fa0|task_has_perm:tmp55|security/selinux/hooks.c,1526}"
CE0x589a120 "{CE0x589a120|task_has_perm:tmp56|security/selinux/hooks.c,1526}"
CE0x589aa20 "{CE0x589aa20|task_has_perm:sid25|security/selinux/hooks.c,1526}"
CE0x589bea0 "{CE0x589bea0|task_has_perm:tmp57|security/selinux/hooks.c,1526}"
CE0x589c180 "{CE0x589c180|task_has_perm:tmp57|security/selinux/hooks.c,1526|*SummSink*}"
CONST[source:0(mediator),value:2(dynamic)][purpose:{object}][SnkIdx:1]


CONST[source:1(input),value:2(dynamic)][purpose:{subject}][SrcIdx:1]  ->  CONST[source:0(mediator),value:2(dynamic)][purpose:{subject}][SnkIdx:0]
-----------
CONST[source:1(input),value:2(dynamic)][purpose:{subject}][SrcIdx:1]
CE0x58c1590 "{CE0x58c1590|128:_i8*,_:_CRE_128,136_}"
CE0x581d2e0 "{CE0x581d2e0|task_has_perm:tmp28|security/selinux/hooks.c,1525}"
CE0x5857980 "{CE0x5857980|task_has_perm:tmp29|security/selinux/hooks.c,1525}"
CE0x580ee80 "{CE0x580ee80|task_has_perm:sid|security/selinux/hooks.c,1525}"
CE0x580f8c0 "{CE0x580f8c0|task_has_perm:tmp30|security/selinux/hooks.c,1525}"
CE0x584ec50 "{CE0x584ec50|task_has_perm:tmp30|security/selinux/hooks.c,1525|*SummSink*}"
CONST[source:0(mediator),value:2(dynamic)][purpose:{subject}][SnkIdx:0]


