[selinux_task_setscheduler]

explicit:
CONST[source:2(external),value:2(dynamic)][purpose:{subject}][SrcIdx:2]  ->  CONST[source:0(mediator),value:2(dynamic)][purpose:{subject}]
-----------
CONST[source:2(external),value:2(dynamic)][purpose:{subject}][SrcIdx:2]
CE0x5ad93d0 "{CE0x5ad93d0|COLLAPSED:_GCMRE_current_task_external_global_%struct.task_struct*:_elem_0::|security/selinux/hooks.c,218}"
CE0x5ada790 "{CE0x5ada790|current_sid:tmp22|security/selinux/hooks.c,218}"
CE0x5adaa80 "{CE0x5adaa80|current_sid:tmp23|security/selinux/hooks.c,218}"
CE0x5adb7f0 "{CE0x5adb7f0|current_sid:sid|security/selinux/hooks.c,220}"
CE0x5adc9e0 "{CE0x5adc9e0|current_sid:tmp24|security/selinux/hooks.c,220}"
CE0x5ab1310 "{CE0x5ab1310|_ret_i32_%tmp24,_!dbg_!27742|security/selinux/hooks.c,220}"
CE0x5aba9e0 "{CE0x5aba9e0|current_has_perm:call|security/selinux/hooks.c,1542}"
CE0x5abc130 "{CE0x5abc130|current_has_perm:call|security/selinux/hooks.c,1542|*SummSink*}"
CONST[source:0(mediator),value:2(dynamic)][purpose:{subject}]


CONST[source:1(input),value:2(dynamic)][purpose:{object}][SrcIdx:0]  ->  CONST[source:0(mediator),value:2(dynamic)][purpose:{object}]
-----------
CONST[source:1(input),value:2(dynamic)][purpose:{object}][SrcIdx:0]
CE0x78989d0 "{CE0x78989d0|2472:_%struct.cred*,_:_CRE:_elem_0:default:}"
CE0x5add490 "{CE0x5add490|task_sid:tmp4|*LoadInst*|security/selinux/hooks.c,208}"
CE0x5ae0bd0 "{CE0x5ae0bd0|cred_sid:cred|Function::cred_sid&Arg::cred::}"
CE0x5b0c6c0 "{CE0x5b0c6c0|cred_sid:security|security/selinux/hooks.c,196}"
CE0x5b4b7f0 "{CE0x5b4b7f0|cred_sid:tmp4|*LoadInst*|security/selinux/hooks.c,196}"
CE0x5b0a4a0 "{CE0x5b0a4a0|cred_sid:tmp5|security/selinux/hooks.c,196}"
CE0x5b48f00 "{CE0x5b48f00|cred_sid:sid|security/selinux/hooks.c,197}"
CE0x5b4f5a0 "{CE0x5b4f5a0|cred_sid:tmp6|security/selinux/hooks.c,197}"
CE0x5ae0f30 "{CE0x5ae0f30|_ret_i32_%tmp6,_!dbg_!27716|security/selinux/hooks.c,197}"
CE0x5b027b0 "{CE0x5b027b0|task_sid:call7|security/selinux/hooks.c,208}"
CE0x5aae6f0 "{CE0x5aae6f0|_ret_i32_%call7,_!dbg_!27749|security/selinux/hooks.c,210}"
CE0x5aadb50 "{CE0x5aadb50|current_has_perm:call1|security/selinux/hooks.c,1543}"
CE0x5abc1d0 "{CE0x5abc1d0|current_has_perm:call1|security/selinux/hooks.c,1543|*SummSink*}"
CONST[source:0(mediator),value:2(dynamic)][purpose:{object}]



implicit:
CONST[source:1(input),value:2(dynamic)][purpose:{object}][SrcIdx:0]  ->  CONST[source:0(mediator),value:2(dynamic)][purpose:{object}]
-----------
CONST[source:1(input),value:2(dynamic)][purpose:{object}][SrcIdx:0]
CE0x78989d0 "{CE0x78989d0|2472:_%struct.cred*,_:_CRE:_elem_0:default:}"
CE0x5ab65f0 "{CE0x5ab65f0|selinux_task_setscheduler:call|security/selinux/hooks.c,3638}"
CE0x5a9e980 "{CE0x5a9e980|selinux_task_setscheduler:tobool|security/selinux/hooks.c,3639}"
CE0x5a91cc0 "{CE0x5a91cc0|selinux_task_setscheduler:if.end}"
CE0x5a9d450 "{CE0x5a9d450|current_has_perm:entry}"
CE0x5a97140 "{CE0x5a97140|current_has_perm:bb}"
CE0x5aadb50 "{CE0x5aadb50|current_has_perm:call1|security/selinux/hooks.c,1543}"
CE0x5abc1d0 "{CE0x5abc1d0|current_has_perm:call1|security/selinux/hooks.c,1543|*SummSink*}"
CONST[source:0(mediator),value:2(dynamic)][purpose:{object}]


CONST[source:1(input),value:2(dynamic)][purpose:{object}][SrcIdx:0]  ->  CONST[source:0(mediator),value:2(dynamic)][purpose:{subject}]
-----------
CONST[source:1(input),value:2(dynamic)][purpose:{object}][SrcIdx:0]
CE0x78989d0 "{CE0x78989d0|2472:_%struct.cred*,_:_CRE:_elem_0:default:}"
CE0x5ab65f0 "{CE0x5ab65f0|selinux_task_setscheduler:call|security/selinux/hooks.c,3638}"
CE0x5a9e980 "{CE0x5a9e980|selinux_task_setscheduler:tobool|security/selinux/hooks.c,3639}"
CE0x5a91cc0 "{CE0x5a91cc0|selinux_task_setscheduler:if.end}"
CE0x5a9d450 "{CE0x5a9d450|current_has_perm:entry}"
CE0x5a97140 "{CE0x5a97140|current_has_perm:bb}"
CE0x5aba9e0 "{CE0x5aba9e0|current_has_perm:call|security/selinux/hooks.c,1542}"
CE0x5abc130 "{CE0x5abc130|current_has_perm:call|security/selinux/hooks.c,1542|*SummSink*}"
CONST[source:0(mediator),value:2(dynamic)][purpose:{subject}]


CONST[source:2(external),value:2(dynamic)][purpose:{subject}][SrcIdx:2]  ->  CONST[source:0(mediator),value:2(dynamic)][purpose:{subject}]
-----------
CONST[source:2(external),value:2(dynamic)][purpose:{subject}][SrcIdx:2]
CE0x5ada1f0 "{CE0x5ada1f0|COLLAPSED:_CMRE:_elem_0::|security/selinux/hooks.c,218}"
CE0x5ada790 "{CE0x5ada790|current_sid:tmp22|security/selinux/hooks.c,218}"
CE0x5adaa80 "{CE0x5adaa80|current_sid:tmp23|security/selinux/hooks.c,218}"
CE0x5adb7f0 "{CE0x5adb7f0|current_sid:sid|security/selinux/hooks.c,220}"
CE0x5adc9e0 "{CE0x5adc9e0|current_sid:tmp24|security/selinux/hooks.c,220}"
CE0x5ab1310 "{CE0x5ab1310|_ret_i32_%tmp24,_!dbg_!27742|security/selinux/hooks.c,220}"
CE0x5aba9e0 "{CE0x5aba9e0|current_has_perm:call|security/selinux/hooks.c,1542}"
CE0x5abc130 "{CE0x5abc130|current_has_perm:call|security/selinux/hooks.c,1542|*SummSink*}"
CONST[source:0(mediator),value:2(dynamic)][purpose:{subject}]


