[selinux_inode_mkdir]

explicit:
CONST[source:1(input),value:2(dynamic)][purpose:{object}][SrcIdx:16]  ->  CONST[source:0(mediator),value:2(dynamic)][purpose:{object}][SnkIdx:1]
-----------
CONST[source:1(input),value:2(dynamic)][purpose:{object}][SrcIdx:16]
CE0x56c6d10 "{CE0x56c6d10|28:_i32,_:_CRE_28,32_|*MultipleSource*|*LoadInst*|security/selinux/hooks.c,1713|security/selinux/hooks.c,1713|security/selinux/hooks.c,1722}"
CE0x57a6850 "{CE0x57a6850|may_create:tmp29|security/selinux/hooks.c,1722}"
CE0x57a6c50 "{CE0x57a6c50|may_create:tmp29|security/selinux/hooks.c,1722|*SummSink*}"
CONST[source:0(mediator),value:2(dynamic)][purpose:{object}][SnkIdx:1]


CONST[source:1(input),value:2(dynamic)][purpose:{object}][SrcIdx:16]  ->  CONST[source:0(mediator),value:2(dynamic)][purpose:{object}][SnkIdx:9]
-----------
CONST[source:1(input),value:2(dynamic)][purpose:{object}][SrcIdx:16]
CE0x5737630 "{CE0x5737630|272:_i8*,_:_CRE_272,280_|*MultipleSource*|*LoadInst*|security/selinux/hooks.c,1714|security/selinux/hooks.c,1714}"
CE0x579bbc0 "{CE0x579bbc0|may_create:tmp25|security/selinux/hooks.c,1714}"
CE0x579d480 "{CE0x579d480|may_create:tmp26|security/selinux/hooks.c,1714}"
CE0x56c08d0 "{CE0x56c08d0|may_create:sid31|security/selinux/hooks.c,1739}"
CE0x5710830 "{CE0x5710830|may_create:tmp65|security/selinux/hooks.c,1739}"
CE0x5710ce0 "{CE0x5710ce0|may_create:tmp65|security/selinux/hooks.c,1739|*SummSink*}"
CONST[source:0(mediator),value:2(dynamic)][purpose:{object}][SnkIdx:9]


CONST[source:2(external),value:2(dynamic)][purpose:{subject}][SrcIdx:19]  ->  CONST[source:0(mediator),value:2(dynamic)][purpose:{subject}][SnkIdx:0]
-----------
CONST[source:2(external),value:2(dynamic)][purpose:{subject}][SrcIdx:19]
CE0x56dc780 "{CE0x56dc780|COLLAPSED:_CMRE:_elem_0::|security/selinux/hooks.c,1706}"
CE0x56eb090 "{CE0x56eb090|may_create:tmp20|security/selinux/hooks.c,1706}"
CE0x56eb330 "{CE0x56eb330|may_create:tmp21|security/selinux/hooks.c,1706}"
CE0x57b4c00 "{CE0x57b4c00|may_create:sid11|security/selinux/hooks.c,1716}"
CE0x57ad9e0 "{CE0x57ad9e0|may_create:tmp27|security/selinux/hooks.c,1716}"
CE0x57ade20 "{CE0x57ade20|may_create:tmp27|security/selinux/hooks.c,1716|*SummSink*}"
CONST[source:0(mediator),value:2(dynamic)][purpose:{subject}][SnkIdx:0]


CONST[source:2(external),value:2(dynamic)][purpose:{subject}][SrcIdx:19]  ->  CONST[source:0(mediator),value:2(dynamic)][purpose:{subject}][SnkIdx:4]
-----------
CONST[source:2(external),value:2(dynamic)][purpose:{subject}][SrcIdx:19]
CE0x56dc780 "{CE0x56dc780|COLLAPSED:_CMRE:_elem_0::|security/selinux/hooks.c,1706}"
CE0x56eb090 "{CE0x56eb090|may_create:tmp20|security/selinux/hooks.c,1706}"
CE0x56eb330 "{CE0x56eb330|may_create:tmp21|security/selinux/hooks.c,1706}"
CE0x57b4c00 "{CE0x57b4c00|may_create:sid11|security/selinux/hooks.c,1716}"
CE0x57ad9e0 "{CE0x57ad9e0|may_create:tmp27|security/selinux/hooks.c,1716}"
CE0x57ade20 "{CE0x57ade20|may_create:tmp27|security/selinux/hooks.c,1716|*SummSink*}"
CONST[source:0(mediator),value:2(dynamic)][purpose:{subject}][SnkIdx:4]


CONST[source:2(external),value:2(dynamic)][purpose:{subject}][SrcIdx:19]  ->  CONST[source:0(mediator),value:2(dynamic)][purpose:{object}][SnkIdx:5]
-----------
CONST[source:2(external),value:2(dynamic)][purpose:{subject}][SrcIdx:19]
CE0x56dc780 "{CE0x56dc780|COLLAPSED:_CMRE:_elem_0::|security/selinux/hooks.c,1706}"
CE0x56eb090 "{CE0x56eb090|may_create:tmp20|security/selinux/hooks.c,1706}"
CE0x56eb330 "{CE0x56eb330|may_create:tmp21|security/selinux/hooks.c,1706}"
CE0x57ae7d0 "{CE0x57ae7d0|may_create:create_sid|security/selinux/hooks.c,1717}"
CE0x57aebf0 "{CE0x57aebf0|may_create:tmp28|security/selinux/hooks.c,1717}"
CE0x57aee70 "{CE0x57aee70|0:_i32,_:_SCMRE:_elem_0:default:}"
CE0x57e21c0 "{CE0x57e21c0|may_create:tmp55|security/selinux/hooks.c,1735}"
CE0x57e23b0 "{CE0x57e23b0|may_create:tmp55|security/selinux/hooks.c,1735|*SummSink*}"
CONST[source:0(mediator),value:2(dynamic)][purpose:{object}][SnkIdx:5]


CONST[source:2(external),value:2(dynamic)][purpose:{subject}][SrcIdx:19]  ->  CONST[source:0(mediator),value:2(dynamic)][purpose:{subject}][SnkIdx:8]
-----------
CONST[source:2(external),value:2(dynamic)][purpose:{subject}][SrcIdx:19]
CE0x56dc780 "{CE0x56dc780|COLLAPSED:_CMRE:_elem_0::|security/selinux/hooks.c,1706}"
CE0x56eb090 "{CE0x56eb090|may_create:tmp20|security/selinux/hooks.c,1706}"
CE0x56eb330 "{CE0x56eb330|may_create:tmp21|security/selinux/hooks.c,1706}"
CE0x57ae7d0 "{CE0x57ae7d0|may_create:create_sid|security/selinux/hooks.c,1717}"
CE0x57aebf0 "{CE0x57aebf0|may_create:tmp28|security/selinux/hooks.c,1717}"
CE0x57aee70 "{CE0x57aee70|0:_i32,_:_SCMRE:_elem_0:default:}"
CE0x56c05b0 "{CE0x56c05b0|may_create:tmp64|security/selinux/hooks.c,1739}"
CE0x56c07a0 "{CE0x56c07a0|may_create:tmp64|security/selinux/hooks.c,1739|*SummSink*}"
CONST[source:0(mediator),value:2(dynamic)][purpose:{subject}][SnkIdx:8]



implicit:
CONST[source:1(input),value:2(dynamic)][purpose:{object}][SrcIdx:17]  ->  CONST[source:0(mediator),value:2(dynamic)][purpose:{object}][SnkIdx:5]
-----------
CONST[source:1(input),value:2(dynamic)][purpose:{object}][SrcIdx:17]
CE0x57cf720 "{CE0x57cf720|VOIDTB_TE:_CE_89,90_}"
CE0x571c4b0 "{CE0x571c4b0|may_create:call22|security/selinux/hooks.c,1729}"
CE0x57e0e20 "{CE0x57e0e20|may_create:tobool23|security/selinux/hooks.c,1731}"
CE0x56c35e0 "{CE0x56c35e0|may_create:if.end26}"
CE0x57e21c0 "{CE0x57e21c0|may_create:tmp55|security/selinux/hooks.c,1735}"
CE0x57e23b0 "{CE0x57e23b0|may_create:tmp55|security/selinux/hooks.c,1735|*SummSink*}"
CONST[source:0(mediator),value:2(dynamic)][purpose:{object}][SnkIdx:5]


CONST[source:1(input),value:2(dynamic)][purpose:{object}][SrcIdx:17]  ->  CONST[source:0(mediator),value:2(dynamic)][purpose:{subject}][SnkIdx:8]
-----------
CONST[source:1(input),value:2(dynamic)][purpose:{object}][SrcIdx:17]
CE0x57cf720 "{CE0x57cf720|VOIDTB_TE:_CE_89,90_}"
CE0x571c4b0 "{CE0x571c4b0|may_create:call22|security/selinux/hooks.c,1729}"
CE0x57e0e20 "{CE0x57e0e20|may_create:tobool23|security/selinux/hooks.c,1731}"
CE0x56e5a10 "{CE0x56e5a10|may_create:if.end30}"
CE0x56c05b0 "{CE0x56c05b0|may_create:tmp64|security/selinux/hooks.c,1739}"
CE0x56c07a0 "{CE0x56c07a0|may_create:tmp64|security/selinux/hooks.c,1739|*SummSink*}"
CONST[source:0(mediator),value:2(dynamic)][purpose:{subject}][SnkIdx:8]


CONST[source:1(input),value:2(dynamic)][purpose:{object}][SrcIdx:17]  ->  CONST[source:0(mediator),value:2(dynamic)][purpose:{object}][SnkIdx:9]
-----------
CONST[source:1(input),value:2(dynamic)][purpose:{object}][SrcIdx:17]
CE0x57cf720 "{CE0x57cf720|VOIDTB_TE:_CE_89,90_}"
CE0x571c4b0 "{CE0x571c4b0|may_create:call22|security/selinux/hooks.c,1729}"
CE0x57e0e20 "{CE0x57e0e20|may_create:tobool23|security/selinux/hooks.c,1731}"
CE0x56e5a10 "{CE0x56e5a10|may_create:if.end30}"
CE0x5710830 "{CE0x5710830|may_create:tmp65|security/selinux/hooks.c,1739}"
CE0x5710ce0 "{CE0x5710ce0|may_create:tmp65|security/selinux/hooks.c,1739|*SummSink*}"
CONST[source:0(mediator),value:2(dynamic)][purpose:{object}][SnkIdx:9]


CONST[source:0(mediator),value:0(static)][purpose:{object}][SrcIdx:18]  ->  CONST[source:0(mediator),value:2(dynamic)][purpose:{subject}][SnkIdx:8]
-----------
CONST[source:0(mediator),value:0(static)][purpose:{object}][SrcIdx:18]
CE0x56d08e0 "{CE0x56d08e0|may_create:tclass|Function::may_create&Arg::tclass::|*SummSource*}"
CE0x56d0870 "{CE0x56d0870|may_create:tclass|Function::may_create&Arg::tclass::}"
CE0x571c4b0 "{CE0x571c4b0|may_create:call22|security/selinux/hooks.c,1729}"
CE0x57e0e20 "{CE0x57e0e20|may_create:tobool23|security/selinux/hooks.c,1731}"
CE0x56e5a10 "{CE0x56e5a10|may_create:if.end30}"
CE0x56c05b0 "{CE0x56c05b0|may_create:tmp64|security/selinux/hooks.c,1739}"
CE0x56c07a0 "{CE0x56c07a0|may_create:tmp64|security/selinux/hooks.c,1739|*SummSink*}"
CONST[source:0(mediator),value:2(dynamic)][purpose:{subject}][SnkIdx:8]


CONST[source:2(external),value:2(dynamic)][purpose:{subject}][SrcIdx:19]  ->  CONST[source:0(mediator),value:2(dynamic)][purpose:{subject}][SnkIdx:4]
-----------
CONST[source:2(external),value:2(dynamic)][purpose:{subject}][SrcIdx:19]
CE0x56dc780 "{CE0x56dc780|COLLAPSED:_CMRE:_elem_0::|security/selinux/hooks.c,1706}"
CE0x56eb090 "{CE0x56eb090|may_create:tmp20|security/selinux/hooks.c,1706}"
CE0x56eb330 "{CE0x56eb330|may_create:tmp21|security/selinux/hooks.c,1706}"
CE0x57b4c00 "{CE0x57b4c00|may_create:sid11|security/selinux/hooks.c,1716}"
CE0x57ad9e0 "{CE0x57ad9e0|may_create:tmp27|security/selinux/hooks.c,1716}"
CE0x57ade20 "{CE0x57ade20|may_create:tmp27|security/selinux/hooks.c,1716|*SummSink*}"
CONST[source:0(mediator),value:2(dynamic)][purpose:{subject}][SnkIdx:4]


CONST[source:2(external),value:2(dynamic)][purpose:{subject}][SrcIdx:19]  ->  CONST[source:0(mediator),value:2(dynamic)][purpose:{object}][SnkIdx:5]
-----------
CONST[source:2(external),value:2(dynamic)][purpose:{subject}][SrcIdx:19]
CE0x56dc780 "{CE0x56dc780|COLLAPSED:_CMRE:_elem_0::|security/selinux/hooks.c,1706}"
CE0x56eb090 "{CE0x56eb090|may_create:tmp20|security/selinux/hooks.c,1706}"
CE0x56eb330 "{CE0x56eb330|may_create:tmp21|security/selinux/hooks.c,1706}"
CE0x57ae7d0 "{CE0x57ae7d0|may_create:create_sid|security/selinux/hooks.c,1717}"
CE0x57aebf0 "{CE0x57aebf0|may_create:tmp28|security/selinux/hooks.c,1717}"
CE0x57aee70 "{CE0x57aee70|0:_i32,_:_SCMRE:_elem_0:default:}"
CE0x57e21c0 "{CE0x57e21c0|may_create:tmp55|security/selinux/hooks.c,1735}"
CE0x57e23b0 "{CE0x57e23b0|may_create:tmp55|security/selinux/hooks.c,1735|*SummSink*}"
CONST[source:0(mediator),value:2(dynamic)][purpose:{object}][SnkIdx:5]


CONST[source:2(external),value:2(dynamic)][purpose:{subject}][SrcIdx:19]  ->  CONST[source:0(mediator),value:2(dynamic)][purpose:{subject}][SnkIdx:0]
-----------
CONST[source:2(external),value:2(dynamic)][purpose:{subject}][SrcIdx:19]
CE0x56dc780 "{CE0x56dc780|COLLAPSED:_CMRE:_elem_0::|security/selinux/hooks.c,1706}"
CE0x56eb090 "{CE0x56eb090|may_create:tmp20|security/selinux/hooks.c,1706}"
CE0x56eb330 "{CE0x56eb330|may_create:tmp21|security/selinux/hooks.c,1706}"
CE0x57b4c00 "{CE0x57b4c00|may_create:sid11|security/selinux/hooks.c,1716}"
CE0x57ad9e0 "{CE0x57ad9e0|may_create:tmp27|security/selinux/hooks.c,1716}"
CE0x57ade20 "{CE0x57ade20|may_create:tmp27|security/selinux/hooks.c,1716|*SummSink*}"
CONST[source:0(mediator),value:2(dynamic)][purpose:{subject}][SnkIdx:0]


CONST[source:2(external),value:2(dynamic)][purpose:{subject}][SrcIdx:19]  ->  CONST[source:0(mediator),value:2(dynamic)][purpose:{subject}][SnkIdx:8]
-----------
CONST[source:2(external),value:2(dynamic)][purpose:{subject}][SrcIdx:19]
CE0x56dc780 "{CE0x56dc780|COLLAPSED:_CMRE:_elem_0::|security/selinux/hooks.c,1706}"
CE0x56eb090 "{CE0x56eb090|may_create:tmp20|security/selinux/hooks.c,1706}"
CE0x56eb330 "{CE0x56eb330|may_create:tmp21|security/selinux/hooks.c,1706}"
CE0x57ae7d0 "{CE0x57ae7d0|may_create:create_sid|security/selinux/hooks.c,1717}"
CE0x57aebf0 "{CE0x57aebf0|may_create:tmp28|security/selinux/hooks.c,1717}"
CE0x57aee70 "{CE0x57aee70|0:_i32,_:_SCMRE:_elem_0:default:}"
CE0x56c05b0 "{CE0x56c05b0|may_create:tmp64|security/selinux/hooks.c,1739}"
CE0x56c07a0 "{CE0x56c07a0|may_create:tmp64|security/selinux/hooks.c,1739|*SummSink*}"
CONST[source:0(mediator),value:2(dynamic)][purpose:{subject}][SnkIdx:8]


CONST[source:2(external),value:2(dynamic)][purpose:{subject}][SrcIdx:19]  ->  CONST[source:0(mediator),value:2(dynamic)][purpose:{object}][SnkIdx:9]
-----------
CONST[source:2(external),value:2(dynamic)][purpose:{subject}][SrcIdx:19]
CE0x56dc780 "{CE0x56dc780|COLLAPSED:_CMRE:_elem_0::|security/selinux/hooks.c,1706}"
CE0x56eb090 "{CE0x56eb090|may_create:tmp20|security/selinux/hooks.c,1706}"
CE0x56eb330 "{CE0x56eb330|may_create:tmp21|security/selinux/hooks.c,1706}"
CE0x57b4c00 "{CE0x57b4c00|may_create:sid11|security/selinux/hooks.c,1716}"
CE0x57ad9e0 "{CE0x57ad9e0|may_create:tmp27|security/selinux/hooks.c,1716}"
CE0x571c4b0 "{CE0x571c4b0|may_create:call22|security/selinux/hooks.c,1729}"
CE0x57e0e20 "{CE0x57e0e20|may_create:tobool23|security/selinux/hooks.c,1731}"
CE0x56e5a10 "{CE0x56e5a10|may_create:if.end30}"
CE0x5710830 "{CE0x5710830|may_create:tmp65|security/selinux/hooks.c,1739}"
CE0x5710ce0 "{CE0x5710ce0|may_create:tmp65|security/selinux/hooks.c,1739|*SummSink*}"
CONST[source:0(mediator),value:2(dynamic)][purpose:{object}][SnkIdx:9]


CONST[source:1(input),value:2(dynamic)][purpose:{object}][SrcIdx:16]  ->  CONST[source:0(mediator),value:2(dynamic)][purpose:{object}][SnkIdx:5]
-----------
CONST[source:1(input),value:2(dynamic)][purpose:{object}][SrcIdx:16]
CE0x56c6d10 "{CE0x56c6d10|28:_i32,_:_CRE_28,32_|*MultipleSource*|*LoadInst*|security/selinux/hooks.c,1713|security/selinux/hooks.c,1713|security/selinux/hooks.c,1722}"
CE0x57c9850 "{CE0x57c9850|may_create:tmp46|security/selinux/hooks.c,1729}"
CE0x571c4b0 "{CE0x571c4b0|may_create:call22|security/selinux/hooks.c,1729}"
CE0x57e0e20 "{CE0x57e0e20|may_create:tobool23|security/selinux/hooks.c,1731}"
CE0x56c35e0 "{CE0x56c35e0|may_create:if.end26}"
CE0x57e21c0 "{CE0x57e21c0|may_create:tmp55|security/selinux/hooks.c,1735}"
CE0x57e23b0 "{CE0x57e23b0|may_create:tmp55|security/selinux/hooks.c,1735|*SummSink*}"
CONST[source:0(mediator),value:2(dynamic)][purpose:{object}][SnkIdx:5]


CONST[source:1(input),value:2(dynamic)][purpose:{object}][SrcIdx:16]  ->  CONST[source:0(mediator),value:2(dynamic)][purpose:{object}][SnkIdx:1]
-----------
CONST[source:1(input),value:2(dynamic)][purpose:{object}][SrcIdx:16]
CE0x56c6d10 "{CE0x56c6d10|28:_i32,_:_CRE_28,32_|*MultipleSource*|*LoadInst*|security/selinux/hooks.c,1713|security/selinux/hooks.c,1713|security/selinux/hooks.c,1722}"
CE0x57a6850 "{CE0x57a6850|may_create:tmp29|security/selinux/hooks.c,1722}"
CE0x57a6c50 "{CE0x57a6c50|may_create:tmp29|security/selinux/hooks.c,1722|*SummSink*}"
CONST[source:0(mediator),value:2(dynamic)][purpose:{object}][SnkIdx:1]


CONST[source:1(input),value:2(dynamic)][purpose:{object}][SrcIdx:16]  ->  CONST[source:0(mediator),value:2(dynamic)][purpose:{subject}][SnkIdx:8]
-----------
CONST[source:1(input),value:2(dynamic)][purpose:{object}][SrcIdx:16]
CE0x56c6d10 "{CE0x56c6d10|28:_i32,_:_CRE_28,32_|*MultipleSource*|*LoadInst*|security/selinux/hooks.c,1713|security/selinux/hooks.c,1713|security/selinux/hooks.c,1722}"
CE0x57c9850 "{CE0x57c9850|may_create:tmp46|security/selinux/hooks.c,1729}"
CE0x571c4b0 "{CE0x571c4b0|may_create:call22|security/selinux/hooks.c,1729}"
CE0x57e0e20 "{CE0x57e0e20|may_create:tobool23|security/selinux/hooks.c,1731}"
CE0x56e5a10 "{CE0x56e5a10|may_create:if.end30}"
CE0x56c05b0 "{CE0x56c05b0|may_create:tmp64|security/selinux/hooks.c,1739}"
CE0x56c07a0 "{CE0x56c07a0|may_create:tmp64|security/selinux/hooks.c,1739|*SummSink*}"
CONST[source:0(mediator),value:2(dynamic)][purpose:{subject}][SnkIdx:8]


CONST[source:1(input),value:2(dynamic)][purpose:{object}][SrcIdx:16]  ->  CONST[source:0(mediator),value:2(dynamic)][purpose:{object}][SnkIdx:9]
-----------
CONST[source:1(input),value:2(dynamic)][purpose:{object}][SrcIdx:16]
CE0x5737630 "{CE0x5737630|272:_i8*,_:_CRE_272,280_|*MultipleSource*|*LoadInst*|security/selinux/hooks.c,1714|security/selinux/hooks.c,1714}"
CE0x579bbc0 "{CE0x579bbc0|may_create:tmp25|security/selinux/hooks.c,1714}"
CE0x579d480 "{CE0x579d480|may_create:tmp26|security/selinux/hooks.c,1714}"
CE0x56c08d0 "{CE0x56c08d0|may_create:sid31|security/selinux/hooks.c,1739}"
CE0x5710830 "{CE0x5710830|may_create:tmp65|security/selinux/hooks.c,1739}"
CE0x5710ce0 "{CE0x5710ce0|may_create:tmp65|security/selinux/hooks.c,1739|*SummSink*}"
CONST[source:0(mediator),value:2(dynamic)][purpose:{object}][SnkIdx:9]


