[selinux_inode_mkdir]

explicit:
CONST[source:1(input),value:2(dynamic)][purpose:{object}][SrcIdx:13]  ->  CONST[source:0(mediator),value:2(dynamic)][purpose:{object}][SnkIdx:6]
-----------
CONST[source:1(input),value:2(dynamic)][purpose:{object}][SrcIdx:13]
CE0x5450bb0 "{CE0x5450bb0|may_create:tclass|Function::may_create&Arg::tclass::|*SummSource*}"
CE0x5450b40 "{CE0x5450b40|may_create:tclass|Function::may_create&Arg::tclass::}"
CE0x5450c80 "{CE0x5450c80|may_create:tclass|Function::may_create&Arg::tclass::|*SummSink*}"
CONST[source:0(mediator),value:2(dynamic)][purpose:{object}][SnkIdx:6]


CONST[source:2(external),value:2(dynamic)][purpose:{subject}][SrcIdx:14]  ->  CONST[source:0(mediator),value:2(dynamic)][purpose:{object}][SnkIdx:5]
-----------
CONST[source:2(external),value:2(dynamic)][purpose:{subject}][SrcIdx:14]
CE0x546e460 "{CE0x546e460|COLLAPSED:_GCMRE_current_task_external_global_%struct.task_struct*:_elem_0::|security/selinux/hooks.c,1706}"
CE0x5444c20 "{CE0x5444c20|may_create:tmp20|security/selinux/hooks.c,1706}"
CE0x5444ef0 "{CE0x5444ef0|may_create:tmp21|security/selinux/hooks.c,1706}"
CE0x5531520 "{CE0x5531520|may_create:create_sid|security/selinux/hooks.c,1717}"
CE0x5531940 "{CE0x5531940|may_create:tmp28|security/selinux/hooks.c,1717}"
CE0x5531bc0 "{CE0x5531bc0|0:_i32,_:_SCMRE:_elem_0:default:}"
CE0x55640f0 "{CE0x55640f0|may_create:tmp55|security/selinux/hooks.c,1735}"
CE0x55642e0 "{CE0x55642e0|may_create:tmp55|security/selinux/hooks.c,1735|*SummSink*}"
CONST[source:0(mediator),value:2(dynamic)][purpose:{object}][SnkIdx:5]


CONST[source:2(external),value:2(dynamic)][purpose:{subject}][SrcIdx:14]  ->  CONST[source:0(mediator),value:2(dynamic)][purpose:{subject}][SnkIdx:8]
-----------
CONST[source:2(external),value:2(dynamic)][purpose:{subject}][SrcIdx:14]
CE0x546e460 "{CE0x546e460|COLLAPSED:_GCMRE_current_task_external_global_%struct.task_struct*:_elem_0::|security/selinux/hooks.c,1706}"
CE0x5444c20 "{CE0x5444c20|may_create:tmp20|security/selinux/hooks.c,1706}"
CE0x5444ef0 "{CE0x5444ef0|may_create:tmp21|security/selinux/hooks.c,1706}"
CE0x5531520 "{CE0x5531520|may_create:create_sid|security/selinux/hooks.c,1717}"
CE0x5531940 "{CE0x5531940|may_create:tmp28|security/selinux/hooks.c,1717}"
CE0x5531bc0 "{CE0x5531bc0|0:_i32,_:_SCMRE:_elem_0:default:}"
CE0x5498830 "{CE0x5498830|may_create:tmp64|security/selinux/hooks.c,1739}"
CE0x5498a20 "{CE0x5498a20|may_create:tmp64|security/selinux/hooks.c,1739|*SummSink*}"
CONST[source:0(mediator),value:2(dynamic)][purpose:{subject}][SnkIdx:8]


CONST[source:2(external),value:2(dynamic)][purpose:{subject}][SrcIdx:14]  ->  CONST[source:0(mediator),value:2(dynamic)][purpose:{subject}][SnkIdx:0]
-----------
CONST[source:2(external),value:2(dynamic)][purpose:{subject}][SrcIdx:14]
CE0x546e460 "{CE0x546e460|COLLAPSED:_GCMRE_current_task_external_global_%struct.task_struct*:_elem_0::|security/selinux/hooks.c,1706}"
CE0x5444c20 "{CE0x5444c20|may_create:tmp20|security/selinux/hooks.c,1706}"
CE0x5444ef0 "{CE0x5444ef0|may_create:tmp21|security/selinux/hooks.c,1706}"
CE0x5537930 "{CE0x5537930|may_create:sid11|security/selinux/hooks.c,1716}"
CE0x5530730 "{CE0x5530730|may_create:tmp27|security/selinux/hooks.c,1716}"
CE0x5530b70 "{CE0x5530b70|may_create:tmp27|security/selinux/hooks.c,1716|*SummSink*}"
CONST[source:0(mediator),value:2(dynamic)][purpose:{subject}][SnkIdx:0]


CONST[source:2(external),value:2(dynamic)][purpose:{subject}][SrcIdx:14]  ->  CONST[source:0(mediator),value:2(dynamic)][purpose:{subject}][SnkIdx:4]
-----------
CONST[source:2(external),value:2(dynamic)][purpose:{subject}][SrcIdx:14]
CE0x546e460 "{CE0x546e460|COLLAPSED:_GCMRE_current_task_external_global_%struct.task_struct*:_elem_0::|security/selinux/hooks.c,1706}"
CE0x5444c20 "{CE0x5444c20|may_create:tmp20|security/selinux/hooks.c,1706}"
CE0x5444ef0 "{CE0x5444ef0|may_create:tmp21|security/selinux/hooks.c,1706}"
CE0x5537930 "{CE0x5537930|may_create:sid11|security/selinux/hooks.c,1716}"
CE0x5530730 "{CE0x5530730|may_create:tmp27|security/selinux/hooks.c,1716}"
CE0x5530b70 "{CE0x5530b70|may_create:tmp27|security/selinux/hooks.c,1716|*SummSink*}"
CONST[source:0(mediator),value:2(dynamic)][purpose:{subject}][SnkIdx:4]


CONST[source:1(input),value:2(dynamic)][purpose:{object}][SrcIdx:11]  ->  CONST[source:0(mediator),value:2(dynamic)][purpose:{object}][SnkIdx:1]
-----------
CONST[source:1(input),value:2(dynamic)][purpose:{object}][SrcIdx:11]
CE0x5488980 "{CE0x5488980|28:_i32,_:_CRE_28,32_|*MultipleSource*|*LoadInst*|security/selinux/hooks.c,1713|security/selinux/hooks.c,1713|security/selinux/hooks.c,1722}"
CE0x5529500 "{CE0x5529500|may_create:tmp29|security/selinux/hooks.c,1722}"
CE0x5529900 "{CE0x5529900|may_create:tmp29|security/selinux/hooks.c,1722|*SummSink*}"
CONST[source:0(mediator),value:2(dynamic)][purpose:{object}][SnkIdx:1]


CONST[source:1(input),value:2(dynamic)][purpose:{object}][SrcIdx:11]  ->  CONST[source:0(mediator),value:2(dynamic)][purpose:{object}][SnkIdx:9]
-----------
CONST[source:1(input),value:2(dynamic)][purpose:{object}][SrcIdx:11]
CE0x54c4750 "{CE0x54c4750|272:_i8*,_:_CRE_272,280_|*MultipleSource*|*LoadInst*|security/selinux/hooks.c,1714|security/selinux/hooks.c,1714}"
CE0x551e910 "{CE0x551e910|may_create:tmp25|security/selinux/hooks.c,1714}"
CE0x55201d0 "{CE0x55201d0|may_create:tmp26|security/selinux/hooks.c,1714}"
CE0x5498b50 "{CE0x5498b50|may_create:sid31|security/selinux/hooks.c,1739}"
CE0x5442c50 "{CE0x5442c50|may_create:tmp65|security/selinux/hooks.c,1739}"
CE0x5443100 "{CE0x5443100|may_create:tmp65|security/selinux/hooks.c,1739|*SummSink*}"
CONST[source:0(mediator),value:2(dynamic)][purpose:{object}][SnkIdx:9]



implicit:
CONST[source:1(input),value:2(dynamic)][purpose:{object}][SrcIdx:11]  ->  CONST[source:0(mediator),value:2(dynamic)][purpose:{object}][SnkIdx:9]
-----------
CONST[source:1(input),value:2(dynamic)][purpose:{object}][SrcIdx:11]
CE0x54c4750 "{CE0x54c4750|272:_i8*,_:_CRE_272,280_|*MultipleSource*|*LoadInst*|security/selinux/hooks.c,1714|security/selinux/hooks.c,1714}"
CE0x551e910 "{CE0x551e910|may_create:tmp25|security/selinux/hooks.c,1714}"
CE0x55201d0 "{CE0x55201d0|may_create:tmp26|security/selinux/hooks.c,1714}"
CE0x5498b50 "{CE0x5498b50|may_create:sid31|security/selinux/hooks.c,1739}"
CE0x5442c50 "{CE0x5442c50|may_create:tmp65|security/selinux/hooks.c,1739}"
CE0x5443100 "{CE0x5443100|may_create:tmp65|security/selinux/hooks.c,1739|*SummSink*}"
CONST[source:0(mediator),value:2(dynamic)][purpose:{object}][SnkIdx:9]


CONST[source:1(input),value:2(dynamic)][purpose:{object}][SrcIdx:11]  ->  CONST[source:0(mediator),value:2(dynamic)][purpose:{object}][SnkIdx:1]
-----------
CONST[source:1(input),value:2(dynamic)][purpose:{object}][SrcIdx:11]
CE0x5488980 "{CE0x5488980|28:_i32,_:_CRE_28,32_|*MultipleSource*|*LoadInst*|security/selinux/hooks.c,1713|security/selinux/hooks.c,1713|security/selinux/hooks.c,1722}"
CE0x5529500 "{CE0x5529500|may_create:tmp29|security/selinux/hooks.c,1722}"
CE0x5529900 "{CE0x5529900|may_create:tmp29|security/selinux/hooks.c,1722|*SummSink*}"
CONST[source:0(mediator),value:2(dynamic)][purpose:{object}][SnkIdx:1]


CONST[source:1(input),value:2(dynamic)][purpose:{object}][SrcIdx:13]  ->  CONST[source:0(mediator),value:2(dynamic)][purpose:{object}][SnkIdx:6]
-----------
CONST[source:1(input),value:2(dynamic)][purpose:{object}][SrcIdx:13]
CE0x5450bb0 "{CE0x5450bb0|may_create:tclass|Function::may_create&Arg::tclass::|*SummSource*}"
CE0x5450b40 "{CE0x5450b40|may_create:tclass|Function::may_create&Arg::tclass::}"
CE0x5450c80 "{CE0x5450c80|may_create:tclass|Function::may_create&Arg::tclass::|*SummSink*}"
CONST[source:0(mediator),value:2(dynamic)][purpose:{object}][SnkIdx:6]


CONST[source:2(external),value:2(dynamic)][purpose:{subject}][SrcIdx:14]  ->  CONST[source:0(mediator),value:2(dynamic)][purpose:{subject}][SnkIdx:8]
-----------
CONST[source:2(external),value:2(dynamic)][purpose:{subject}][SrcIdx:14]
CE0x546e460 "{CE0x546e460|COLLAPSED:_GCMRE_current_task_external_global_%struct.task_struct*:_elem_0::|security/selinux/hooks.c,1706}"
CE0x5444c20 "{CE0x5444c20|may_create:tmp20|security/selinux/hooks.c,1706}"
CE0x5444ef0 "{CE0x5444ef0|may_create:tmp21|security/selinux/hooks.c,1706}"
CE0x5531520 "{CE0x5531520|may_create:create_sid|security/selinux/hooks.c,1717}"
CE0x5531940 "{CE0x5531940|may_create:tmp28|security/selinux/hooks.c,1717}"
CE0x5531bc0 "{CE0x5531bc0|0:_i32,_:_SCMRE:_elem_0:default:}"
CE0x5498830 "{CE0x5498830|may_create:tmp64|security/selinux/hooks.c,1739}"
CE0x5498a20 "{CE0x5498a20|may_create:tmp64|security/selinux/hooks.c,1739|*SummSink*}"
CONST[source:0(mediator),value:2(dynamic)][purpose:{subject}][SnkIdx:8]


CONST[source:2(external),value:2(dynamic)][purpose:{subject}][SrcIdx:14]  ->  CONST[source:0(mediator),value:2(dynamic)][purpose:{subject}][SnkIdx:4]
-----------
CONST[source:2(external),value:2(dynamic)][purpose:{subject}][SrcIdx:14]
CE0x546e460 "{CE0x546e460|COLLAPSED:_GCMRE_current_task_external_global_%struct.task_struct*:_elem_0::|security/selinux/hooks.c,1706}"
CE0x5444c20 "{CE0x5444c20|may_create:tmp20|security/selinux/hooks.c,1706}"
CE0x5444ef0 "{CE0x5444ef0|may_create:tmp21|security/selinux/hooks.c,1706}"
CE0x5537930 "{CE0x5537930|may_create:sid11|security/selinux/hooks.c,1716}"
CE0x5530730 "{CE0x5530730|may_create:tmp27|security/selinux/hooks.c,1716}"
CE0x5530b70 "{CE0x5530b70|may_create:tmp27|security/selinux/hooks.c,1716|*SummSink*}"
CONST[source:0(mediator),value:2(dynamic)][purpose:{subject}][SnkIdx:4]


CONST[source:2(external),value:2(dynamic)][purpose:{subject}][SrcIdx:14]  ->  CONST[source:0(mediator),value:2(dynamic)][purpose:{subject}][SnkIdx:0]
-----------
CONST[source:2(external),value:2(dynamic)][purpose:{subject}][SrcIdx:14]
CE0x546e460 "{CE0x546e460|COLLAPSED:_GCMRE_current_task_external_global_%struct.task_struct*:_elem_0::|security/selinux/hooks.c,1706}"
CE0x5444c20 "{CE0x5444c20|may_create:tmp20|security/selinux/hooks.c,1706}"
CE0x5444ef0 "{CE0x5444ef0|may_create:tmp21|security/selinux/hooks.c,1706}"
CE0x5537930 "{CE0x5537930|may_create:sid11|security/selinux/hooks.c,1716}"
CE0x5530730 "{CE0x5530730|may_create:tmp27|security/selinux/hooks.c,1716}"
CE0x5530b70 "{CE0x5530b70|may_create:tmp27|security/selinux/hooks.c,1716|*SummSink*}"
CONST[source:0(mediator),value:2(dynamic)][purpose:{subject}][SnkIdx:0]


CONST[source:2(external),value:2(dynamic)][purpose:{subject}][SrcIdx:14]  ->  CONST[source:0(mediator),value:2(dynamic)][purpose:{object}][SnkIdx:5]
-----------
CONST[source:2(external),value:2(dynamic)][purpose:{subject}][SrcIdx:14]
CE0x546e460 "{CE0x546e460|COLLAPSED:_GCMRE_current_task_external_global_%struct.task_struct*:_elem_0::|security/selinux/hooks.c,1706}"
CE0x5444c20 "{CE0x5444c20|may_create:tmp20|security/selinux/hooks.c,1706}"
CE0x5444ef0 "{CE0x5444ef0|may_create:tmp21|security/selinux/hooks.c,1706}"
CE0x5531520 "{CE0x5531520|may_create:create_sid|security/selinux/hooks.c,1717}"
CE0x5531940 "{CE0x5531940|may_create:tmp28|security/selinux/hooks.c,1717}"
CE0x5531bc0 "{CE0x5531bc0|0:_i32,_:_SCMRE:_elem_0:default:}"
CE0x55640f0 "{CE0x55640f0|may_create:tmp55|security/selinux/hooks.c,1735}"
CE0x55642e0 "{CE0x55642e0|may_create:tmp55|security/selinux/hooks.c,1735|*SummSink*}"
CONST[source:0(mediator),value:2(dynamic)][purpose:{object}][SnkIdx:5]


