[selinux_task_setscheduler]

explicit:
CONST[source:2(external),value:2(dynamic)][purpose:{subject}]  ->  CONST[source:1(input),value:2(dynamic)][purpose:{subject}]
-----------
CONST[source:2(external),value:2(dynamic)][purpose:{subject}]
CE0x45491b0 "{CE0x45491b0|COLLAPSED:_CMRE:_elem_0::|security/selinux/hooks.c,218}"
CE0x4549330 "{CE0x4549330|current_sid:_tmp22|security/selinux/hooks.c,218}"
CE0x45497d0 "{CE0x45497d0|current_sid:_tmp23|security/selinux/hooks.c,218}"
CE0x454a140 "{CE0x454a140|current_sid:_sid|security/selinux/hooks.c,220}"
CE0x454b290 "{CE0x454b290|current_sid:_tmp24|security/selinux/hooks.c,220}"
CE0x451d0f0 "{CE0x451d0f0|_ret_i32_%tmp24,_!dbg_!27742|security/selinux/hooks.c,220}"
CE0x4527120 "{CE0x4527120|current_has_perm:_call|security/selinux/hooks.c,1542}"
CE0x45272e0 "{CE0x45272e0|current_has_perm:_call|security/selinux/hooks.c,1542|*SummSink*}"
CONST[source:1(input),value:2(dynamic)][purpose:{subject}]


CONST[source:1(input),value:2(dynamic)][purpose:{object}]  ->  CONST[source:0(mediator),value:2(dynamic)][purpose:{object}]
-----------
CONST[source:1(input),value:2(dynamic)][purpose:{object}]
CE0x5755270 "{CE0x5755270|2472:_%struct.cred*,_:_CRE:_elem_0:default:}"
CE0x4564780 "{CE0x4564780|task_sid:_tmp4|*LoadInst*|security/selinux/hooks.c,208}"
CE0x4529a70 "{CE0x4529a70|cred_sid:_cred|Function::cred_sid&Arg::cred::}"
CE0x45b3290 "{CE0x45b3290|cred_sid:_security|security/selinux/hooks.c,196}"
CE0x4571590 "{CE0x4571590|cred_sid:_tmp4|*LoadInst*|security/selinux/hooks.c,196}"
CE0x45baae0 "{CE0x45baae0|cred_sid:_tmp5|security/selinux/hooks.c,196}"
CE0x45bae80 "{CE0x45bae80|cred_sid:_sid|security/selinux/hooks.c,197}"
CE0x45ba780 "{CE0x45ba780|cred_sid:_tmp6|security/selinux/hooks.c,197}"
CE0x4529de0 "{CE0x4529de0|_ret_i32_%tmp6,_!dbg_!27716|security/selinux/hooks.c,197}"
CE0x45300d0 "{CE0x45300d0|task_sid:_call7|security/selinux/hooks.c,208}"
CE0x45005d0 "{CE0x45005d0|_ret_i32_%call7,_!dbg_!27749|security/selinux/hooks.c,210}"
CE0x451e410 "{CE0x451e410|current_has_perm:_call1|security/selinux/hooks.c,1543}"
CE0x451b590 "{CE0x451b590|current_has_perm:_call1|security/selinux/hooks.c,1543|*SummSink*}"
CONST[source:0(mediator),value:2(dynamic)][purpose:{object}]



implicit:
CONST[source:2(external),value:2(dynamic)][purpose:{subject}]  ->  CONST[source:1(input),value:2(dynamic)][purpose:{subject}]
-----------
CONST[source:2(external),value:2(dynamic)][purpose:{subject}]
CE0x45510e0 "{CE0x45510e0|COLLAPSED:_GCMRE_current_task_external_global_%struct.task_struct*:_elem_0::|security/selinux/hooks.c,218}"
CE0x4549330 "{CE0x4549330|current_sid:_tmp22|security/selinux/hooks.c,218}"
CE0x45497d0 "{CE0x45497d0|current_sid:_tmp23|security/selinux/hooks.c,218}"
CE0x454a140 "{CE0x454a140|current_sid:_sid|security/selinux/hooks.c,220}"
CE0x454b290 "{CE0x454b290|current_sid:_tmp24|security/selinux/hooks.c,220}"
CE0x451d0f0 "{CE0x451d0f0|_ret_i32_%tmp24,_!dbg_!27742|security/selinux/hooks.c,220}"
CE0x4527120 "{CE0x4527120|current_has_perm:_call|security/selinux/hooks.c,1542}"
CE0x45272e0 "{CE0x45272e0|current_has_perm:_call|security/selinux/hooks.c,1542|*SummSink*}"
CONST[source:1(input),value:2(dynamic)][purpose:{subject}]


CONST[source:1(input),value:2(dynamic)][purpose:{object}]  ->  CONST[source:0(mediator),value:2(dynamic)][purpose:{object}]
-----------
CONST[source:1(input),value:2(dynamic)][purpose:{object}]
CE0x5755270 "{CE0x5755270|2472:_%struct.cred*,_:_CRE:_elem_0:default:}"
CE0x4564780 "{CE0x4564780|task_sid:_tmp4|*LoadInst*|security/selinux/hooks.c,208}"
CE0x4529a70 "{CE0x4529a70|cred_sid:_cred|Function::cred_sid&Arg::cred::}"
CE0x45b3290 "{CE0x45b3290|cred_sid:_security|security/selinux/hooks.c,196}"
CE0x4571590 "{CE0x4571590|cred_sid:_tmp4|*LoadInst*|security/selinux/hooks.c,196}"
CE0x45baae0 "{CE0x45baae0|cred_sid:_tmp5|security/selinux/hooks.c,196}"
CE0x45bae80 "{CE0x45bae80|cred_sid:_sid|security/selinux/hooks.c,197}"
CE0x45ba780 "{CE0x45ba780|cred_sid:_tmp6|security/selinux/hooks.c,197}"
CE0x4529de0 "{CE0x4529de0|_ret_i32_%tmp6,_!dbg_!27716|security/selinux/hooks.c,197}"
CE0x45300d0 "{CE0x45300d0|task_sid:_call7|security/selinux/hooks.c,208}"
CE0x45005d0 "{CE0x45005d0|_ret_i32_%call7,_!dbg_!27749|security/selinux/hooks.c,210}"
CE0x451e410 "{CE0x451e410|current_has_perm:_call1|security/selinux/hooks.c,1543}"
CE0x451b590 "{CE0x451b590|current_has_perm:_call1|security/selinux/hooks.c,1543|*SummSink*}"
CONST[source:0(mediator),value:2(dynamic)][purpose:{object}]


