[tomoyo_file_fcntl]

explicit:
CONST[source:1(input),value:2(dynamic)][purpose:{operation}][SrcIdx:19]  ->  CONST[source:0(mediator),value:0(static)][purpose:{operation}][SnkIdx:3]
-----------
CONST[source:1(input),value:2(dynamic)][purpose:{operation}][SrcIdx:19]
CE0x5b4ff90 "{CE0x5b4ff90|tomoyo_file_fcntl:arg|Function::tomoyo_file_fcntl&Arg::arg::|*SummSource*}"
CE0x4da8c80 "{CE0x4da8c80|tomoyo_file_fcntl:arg|Function::tomoyo_file_fcntl&Arg::arg::}"
CE0x4deb530 "{CE0x4deb530|tomoyo_file_fcntl:and1|security/tomoyo/tomoyo.c,318}"
CE0x4deb4c0 "{CE0x4deb4c0|tomoyo_file_fcntl:or|security/tomoyo/tomoyo.c,318}"
CE0x5bebc70 "{CE0x5bebc70|tomoyo_file_fcntl:conv2|security/tomoyo/tomoyo.c,318}"
CE0x6cbbee0 "{CE0x6cbbee0|tomoyo_check_open_permission:flag|Function::tomoyo_check_open_permission&Arg::flag::}"
CE0x6be7480 "{CE0x6be7480|tomoyo_check_open_permission:and18|security/tomoyo/file.c,762}"
CE0x6be7260 "{CE0x6be7260|tomoyo_check_open_permission:tobool19|security/tomoyo/file.c,762}"
CE0x6be7b80 "{CE0x6be7b80|tomoyo_check_open_permission:cond|security/tomoyo/file.c,762}"
CE0x69b2a20 "{CE0x69b2a20|tomoyo_check_open_permission:conv20|security/tomoyo/file.c,762}"
CE0x834a680 "{CE0x834a680|tomoyo_path_permission:operation|Function::tomoyo_path_permission&Arg::operation::}"
CE0x6981430 "{CE0x6981430|0:_%struct.tomoyo_obj_info*,_16:_%struct.tomoyo_domain_info*,_24:_%struct.tomoyo_path_info*,_40:_i8,_72:_i8,_75:_i8,_76:_i8,_77:_i8,_:_SCMRE_40,41_}"
CONST[source:0(mediator),value:0(static)][purpose:{operation}][SnkIdx:3]


CONST[source:2(external),value:2(dynamic)][purpose:{subject}][SrcIdx:20]  ->  CONST[source:0(mediator),value:2(dynamic)][purpose:{subject}][SnkIdx:0]
-----------
CONST[source:2(external),value:2(dynamic)][purpose:{subject}][SrcIdx:20]
CE0x686aa40 "{CE0x686aa40|COLLAPSED:_GCRE_current_task_external_global_%struct.task_struct*:_elem_0::|security/tomoyo/common.h,1205}"
CE0x6d5aae0 "{CE0x6d5aae0|tomoyo_domain:tmp22|security/tomoyo/common.h,1205}"
CE0x6d5b430 "{CE0x6d5b430|tomoyo_domain:tmp23|security/tomoyo/common.h,1205}"
CE0x68c2560 "{CE0x68c2560|_ret_%struct.tomoyo_domain_info*_%tmp23,_!dbg_!38929|security/tomoyo/common.h,1205}"
CE0x68c1e40 "{CE0x68c1e40|tomoyo_init_request_info:call|security/tomoyo/util.c,1005}"
CE0x68c2870 "{CE0x68c2870|tomoyo_init_request_info:domain.addr.0}"
CE0x5d904e0 "{CE0x5d904e0|0:_%struct.tomoyo_obj_info*,_16:_%struct.tomoyo_domain_info*,_24:_%struct.tomoyo_path_info*,_40:_i8,_72:_i8,_75:_i8,_76:_i8,_77:_i8,_:_SCMRE_16,24_|*MultipleSource*|security/tomoyo/file.c, 741|security/tomoyo/file.c,741|security/tomoyo/file.c,748}"
CONST[source:0(mediator),value:2(dynamic)][purpose:{subject}][SnkIdx:0]


CONST[source:2(external),value:0(static)][purpose:{operation}][SrcIdx:11]  ->  CONST[source:0(mediator),value:0(static)][purpose:{operation}][SnkIdx:3]
-----------
CONST[source:2(external),value:0(static)][purpose:{operation}][SrcIdx:11]
CE0x85b90f0 "{CE0x85b90f0|i64_1|*Constant*}"
CE0x4deb4c0 "{CE0x4deb4c0|tomoyo_file_fcntl:or|security/tomoyo/tomoyo.c,318}"
CE0x5bebc70 "{CE0x5bebc70|tomoyo_file_fcntl:conv2|security/tomoyo/tomoyo.c,318}"
CE0x6cbbee0 "{CE0x6cbbee0|tomoyo_check_open_permission:flag|Function::tomoyo_check_open_permission&Arg::flag::}"
CE0x6be7480 "{CE0x6be7480|tomoyo_check_open_permission:and18|security/tomoyo/file.c,762}"
CE0x6be7260 "{CE0x6be7260|tomoyo_check_open_permission:tobool19|security/tomoyo/file.c,762}"
CE0x6be7b80 "{CE0x6be7b80|tomoyo_check_open_permission:cond|security/tomoyo/file.c,762}"
CE0x69b2a20 "{CE0x69b2a20|tomoyo_check_open_permission:conv20|security/tomoyo/file.c,762}"
CE0x834a680 "{CE0x834a680|tomoyo_path_permission:operation|Function::tomoyo_path_permission&Arg::operation::}"
CE0x6981430 "{CE0x6981430|0:_%struct.tomoyo_obj_info*,_16:_%struct.tomoyo_domain_info*,_24:_%struct.tomoyo_path_info*,_40:_i8,_72:_i8,_75:_i8,_76:_i8,_77:_i8,_:_SCMRE_40,41_}"
CONST[source:0(mediator),value:0(static)][purpose:{operation}][SnkIdx:3]



implicit:
CONST[source:1(input),value:2(dynamic)][purpose:{operation}][SrcIdx:18]  ->  CONST[source:0(mediator),value:2(dynamic)][purpose:{object}][SnkIdx:1]
-----------
CONST[source:1(input),value:2(dynamic)][purpose:{operation}][SrcIdx:18]
CE0x4e851f0 "{CE0x4e851f0|tomoyo_file_fcntl:cmd|Function::tomoyo_file_fcntl&Arg::cmd::|*SummSource*}"
CE0x8349720 "{CE0x8349720|tomoyo_file_fcntl:cmd|Function::tomoyo_file_fcntl&Arg::cmd::}"
CE0x5bca110 "{CE0x5bca110|tomoyo_file_fcntl:cmp|security/tomoyo/tomoyo.c,315}"
CE0x4fa2080 "{CE0x4fa2080|tomoyo_file_fcntl:if.end}"
CE0x5bec660 "{CE0x5bec660|tomoyo_check_open_permission:entry}"
CE0x5c5de30 "{CE0x5c5de30|tomoyo_check_open_permission:buf|security/tomoyo/file.c, 740}"
CE0x834af40 "{CE0x834af40|tomoyo_path_permission:filename|Function::tomoyo_path_permission&Arg::filename::}"
CE0x6d53b80 "{CE0x6d53b80|0:_%struct.tomoyo_obj_info*,_16:_%struct.tomoyo_domain_info*,_24:_%struct.tomoyo_path_info*,_40:_i8,_72:_i8,_75:_i8,_76:_i8,_77:_i8,_:_SCMRE_30,31_}"
CONST[source:0(mediator),value:2(dynamic)][purpose:{object}][SnkIdx:1]


CONST[source:1(input),value:2(dynamic)][purpose:{operation}][SrcIdx:18]  ->  CONST[source:0(mediator),value:2(dynamic)][purpose:{subject}][SnkIdx:0]
-----------
CONST[source:1(input),value:2(dynamic)][purpose:{operation}][SrcIdx:18]
CE0x4e851f0 "{CE0x4e851f0|tomoyo_file_fcntl:cmd|Function::tomoyo_file_fcntl&Arg::cmd::|*SummSource*}"
CE0x8349720 "{CE0x8349720|tomoyo_file_fcntl:cmd|Function::tomoyo_file_fcntl&Arg::cmd::}"
CE0x5bca110 "{CE0x5bca110|tomoyo_file_fcntl:cmp|security/tomoyo/tomoyo.c,315}"
CE0x4fa2080 "{CE0x4fa2080|tomoyo_file_fcntl:if.end}"
CE0x6a2b660 "{CE0x6a2b660|tomoyo_file_fcntl:call|security/tomoyo/tomoyo.c,317}"
CE0x4dec050 "{CE0x4dec050|tomoyo_check_open_permission:domain|Function::tomoyo_check_open_permission&Arg::domain::}"
CE0x85c2970 "{CE0x85c2970|tomoyo_init_request_info:domain|Function::tomoyo_init_request_info&Arg::domain::}"
CE0x68c2870 "{CE0x68c2870|tomoyo_init_request_info:domain.addr.0}"
CE0x5d904e0 "{CE0x5d904e0|0:_%struct.tomoyo_obj_info*,_16:_%struct.tomoyo_domain_info*,_24:_%struct.tomoyo_path_info*,_40:_i8,_72:_i8,_75:_i8,_76:_i8,_77:_i8,_:_SCMRE_16,24_|*MultipleSource*|security/tomoyo/file.c, 741|security/tomoyo/file.c,741|security/tomoyo/file.c,748}"
CONST[source:0(mediator),value:2(dynamic)][purpose:{subject}][SnkIdx:0]


CONST[source:1(input),value:2(dynamic)][purpose:{operation}][SrcIdx:18]  ->  CONST[source:0(mediator),value:0(static)][purpose:{operation}][SnkIdx:3]
-----------
CONST[source:1(input),value:2(dynamic)][purpose:{operation}][SrcIdx:18]
CE0x4e851f0 "{CE0x4e851f0|tomoyo_file_fcntl:cmd|Function::tomoyo_file_fcntl&Arg::cmd::|*SummSource*}"
CE0x8349720 "{CE0x8349720|tomoyo_file_fcntl:cmd|Function::tomoyo_file_fcntl&Arg::cmd::}"
CE0x5bca110 "{CE0x5bca110|tomoyo_file_fcntl:cmp|security/tomoyo/tomoyo.c,315}"
CE0x4fa2080 "{CE0x4fa2080|tomoyo_file_fcntl:if.end}"
CE0x5bec660 "{CE0x5bec660|tomoyo_check_open_permission:entry}"
CE0x4f5cb20 "{CE0x4f5cb20|tomoyo_check_open_permission:if.then17}"
CE0x834a360 "{CE0x834a360|tomoyo_path_permission:entry}"
CE0x833d800 "{CE0x833d800|tomoyo_path_permission:if.end}"
CE0x6981430 "{CE0x6981430|0:_%struct.tomoyo_obj_info*,_16:_%struct.tomoyo_domain_info*,_24:_%struct.tomoyo_path_info*,_40:_i8,_72:_i8,_75:_i8,_76:_i8,_77:_i8,_:_SCMRE_40,41_}"
CONST[source:0(mediator),value:0(static)][purpose:{operation}][SnkIdx:3]


CONST[source:1(input),value:2(dynamic)][purpose:{operation}][SrcIdx:19]  ->  CONST[source:0(mediator),value:2(dynamic)][purpose:{object}][SnkIdx:1]
-----------
CONST[source:1(input),value:2(dynamic)][purpose:{operation}][SrcIdx:19]
CE0x5b4ff90 "{CE0x5b4ff90|tomoyo_file_fcntl:arg|Function::tomoyo_file_fcntl&Arg::arg::|*SummSource*}"
CE0x4da8c80 "{CE0x4da8c80|tomoyo_file_fcntl:arg|Function::tomoyo_file_fcntl&Arg::arg::}"
CE0x5b50070 "{CE0x5b50070|tomoyo_file_fcntl:xor|security/tomoyo/tomoyo.c,315}"
CE0x5b50920 "{CE0x5b50920|tomoyo_file_fcntl:and|security/tomoyo/tomoyo.c,315}"
CE0x6a9d450 "{CE0x6a9d450|tomoyo_file_fcntl:tobool|security/tomoyo/tomoyo.c,315}"
CE0x4fa2080 "{CE0x4fa2080|tomoyo_file_fcntl:if.end}"
CE0x5bec660 "{CE0x5bec660|tomoyo_check_open_permission:entry}"
CE0x5c5de30 "{CE0x5c5de30|tomoyo_check_open_permission:buf|security/tomoyo/file.c, 740}"
CE0x834af40 "{CE0x834af40|tomoyo_path_permission:filename|Function::tomoyo_path_permission&Arg::filename::}"
CE0x6d53b80 "{CE0x6d53b80|0:_%struct.tomoyo_obj_info*,_16:_%struct.tomoyo_domain_info*,_24:_%struct.tomoyo_path_info*,_40:_i8,_72:_i8,_75:_i8,_76:_i8,_77:_i8,_:_SCMRE_30,31_}"
CONST[source:0(mediator),value:2(dynamic)][purpose:{object}][SnkIdx:1]


CONST[source:1(input),value:2(dynamic)][purpose:{operation}][SrcIdx:19]  ->  CONST[source:0(mediator),value:2(dynamic)][purpose:{subject}][SnkIdx:0]
-----------
CONST[source:1(input),value:2(dynamic)][purpose:{operation}][SrcIdx:19]
CE0x5b4ff90 "{CE0x5b4ff90|tomoyo_file_fcntl:arg|Function::tomoyo_file_fcntl&Arg::arg::|*SummSource*}"
CE0x4da8c80 "{CE0x4da8c80|tomoyo_file_fcntl:arg|Function::tomoyo_file_fcntl&Arg::arg::}"
CE0x5b50070 "{CE0x5b50070|tomoyo_file_fcntl:xor|security/tomoyo/tomoyo.c,315}"
CE0x5b50920 "{CE0x5b50920|tomoyo_file_fcntl:and|security/tomoyo/tomoyo.c,315}"
CE0x6a9d450 "{CE0x6a9d450|tomoyo_file_fcntl:tobool|security/tomoyo/tomoyo.c,315}"
CE0x4fa2080 "{CE0x4fa2080|tomoyo_file_fcntl:if.end}"
CE0x6a2b660 "{CE0x6a2b660|tomoyo_file_fcntl:call|security/tomoyo/tomoyo.c,317}"
CE0x4dec050 "{CE0x4dec050|tomoyo_check_open_permission:domain|Function::tomoyo_check_open_permission&Arg::domain::}"
CE0x85c2970 "{CE0x85c2970|tomoyo_init_request_info:domain|Function::tomoyo_init_request_info&Arg::domain::}"
CE0x68c2870 "{CE0x68c2870|tomoyo_init_request_info:domain.addr.0}"
CE0x5d904e0 "{CE0x5d904e0|0:_%struct.tomoyo_obj_info*,_16:_%struct.tomoyo_domain_info*,_24:_%struct.tomoyo_path_info*,_40:_i8,_72:_i8,_75:_i8,_76:_i8,_77:_i8,_:_SCMRE_16,24_|*MultipleSource*|security/tomoyo/file.c, 741|security/tomoyo/file.c,741|security/tomoyo/file.c,748}"
CONST[source:0(mediator),value:2(dynamic)][purpose:{subject}][SnkIdx:0]


CONST[source:1(input),value:2(dynamic)][purpose:{operation}][SrcIdx:19]  ->  CONST[source:0(mediator),value:0(static)][purpose:{operation}][SnkIdx:3]
-----------
CONST[source:1(input),value:2(dynamic)][purpose:{operation}][SrcIdx:19]
CE0x5b4ff90 "{CE0x5b4ff90|tomoyo_file_fcntl:arg|Function::tomoyo_file_fcntl&Arg::arg::|*SummSource*}"
CE0x4da8c80 "{CE0x4da8c80|tomoyo_file_fcntl:arg|Function::tomoyo_file_fcntl&Arg::arg::}"
CE0x5b50070 "{CE0x5b50070|tomoyo_file_fcntl:xor|security/tomoyo/tomoyo.c,315}"
CE0x5b50920 "{CE0x5b50920|tomoyo_file_fcntl:and|security/tomoyo/tomoyo.c,315}"
CE0x6a9d450 "{CE0x6a9d450|tomoyo_file_fcntl:tobool|security/tomoyo/tomoyo.c,315}"
CE0x4fa2080 "{CE0x4fa2080|tomoyo_file_fcntl:if.end}"
CE0x5bec660 "{CE0x5bec660|tomoyo_check_open_permission:entry}"
CE0x4f5cb20 "{CE0x4f5cb20|tomoyo_check_open_permission:if.then17}"
CE0x834a360 "{CE0x834a360|tomoyo_path_permission:entry}"
CE0x833d800 "{CE0x833d800|tomoyo_path_permission:if.end}"
CE0x6981430 "{CE0x6981430|0:_%struct.tomoyo_obj_info*,_16:_%struct.tomoyo_domain_info*,_24:_%struct.tomoyo_path_info*,_40:_i8,_72:_i8,_75:_i8,_76:_i8,_77:_i8,_:_SCMRE_40,41_}"
CONST[source:0(mediator),value:0(static)][purpose:{operation}][SnkIdx:3]


CONST[source:2(external),value:2(dynamic)][purpose:{subject}][SrcIdx:20]  ->  CONST[source:0(mediator),value:2(dynamic)][purpose:{subject}][SnkIdx:0]
-----------
CONST[source:2(external),value:2(dynamic)][purpose:{subject}][SrcIdx:20]
CE0x6edc230 "{CE0x6edc230|128:_i8*,_1208:_%struct.file*,_:_CMRE_128,136_|*MultipleSource*|security/tomoyo/common.h,1205|security/tomoyo/common.h,1205}"
CE0x6d5aae0 "{CE0x6d5aae0|tomoyo_domain:tmp22|security/tomoyo/common.h,1205}"
CE0x6d5b430 "{CE0x6d5b430|tomoyo_domain:tmp23|security/tomoyo/common.h,1205}"
CE0x68c2560 "{CE0x68c2560|_ret_%struct.tomoyo_domain_info*_%tmp23,_!dbg_!38929|security/tomoyo/common.h,1205}"
CE0x68c1e40 "{CE0x68c1e40|tomoyo_init_request_info:call|security/tomoyo/util.c,1005}"
CE0x68c2870 "{CE0x68c2870|tomoyo_init_request_info:domain.addr.0}"
CE0x5d904e0 "{CE0x5d904e0|0:_%struct.tomoyo_obj_info*,_16:_%struct.tomoyo_domain_info*,_24:_%struct.tomoyo_path_info*,_40:_i8,_72:_i8,_75:_i8,_76:_i8,_77:_i8,_:_SCMRE_16,24_|*MultipleSource*|security/tomoyo/file.c, 741|security/tomoyo/file.c,741|security/tomoyo/file.c,748}"
CONST[source:0(mediator),value:2(dynamic)][purpose:{subject}][SnkIdx:0]


CONST[source:2(external),value:0(static)][purpose:{operation}][SrcIdx:11]  ->  CONST[source:0(mediator),value:0(static)][purpose:{operation}][SnkIdx:3]
-----------
CONST[source:2(external),value:0(static)][purpose:{operation}][SrcIdx:11]
CE0x85b90f0 "{CE0x85b90f0|i64_1|*Constant*}"
CE0x4deb4c0 "{CE0x4deb4c0|tomoyo_file_fcntl:or|security/tomoyo/tomoyo.c,318}"
CE0x5bebc70 "{CE0x5bebc70|tomoyo_file_fcntl:conv2|security/tomoyo/tomoyo.c,318}"
CE0x6cbbee0 "{CE0x6cbbee0|tomoyo_check_open_permission:flag|Function::tomoyo_check_open_permission&Arg::flag::}"
CE0x6be7480 "{CE0x6be7480|tomoyo_check_open_permission:and18|security/tomoyo/file.c,762}"
CE0x6be7260 "{CE0x6be7260|tomoyo_check_open_permission:tobool19|security/tomoyo/file.c,762}"
CE0x6be7b80 "{CE0x6be7b80|tomoyo_check_open_permission:cond|security/tomoyo/file.c,762}"
CE0x69b2a20 "{CE0x69b2a20|tomoyo_check_open_permission:conv20|security/tomoyo/file.c,762}"
CE0x834a680 "{CE0x834a680|tomoyo_path_permission:operation|Function::tomoyo_path_permission&Arg::operation::}"
CE0x6981430 "{CE0x6981430|0:_%struct.tomoyo_obj_info*,_16:_%struct.tomoyo_domain_info*,_24:_%struct.tomoyo_path_info*,_40:_i8,_72:_i8,_75:_i8,_76:_i8,_77:_i8,_:_SCMRE_40,41_}"
CONST[source:0(mediator),value:0(static)][purpose:{operation}][SnkIdx:3]


CONST[source:1(input),value:2(dynamic)][purpose:{object}][SrcIdx:17]  ->  CONST[source:0(mediator),value:2(dynamic)][purpose:{object}][SnkIdx:1]
-----------
CONST[source:1(input),value:2(dynamic)][purpose:{object}][SrcIdx:17]
CE0x4f4e5d0 "{CE0x4f4e5d0|128:_i32,_:_SCMRE_128,132_|*MultipleSource*|Function::tomoyo_file_fcntl&Arg::file::|security/tomoyo/tomoyo.c,315}"
CE0x6a9cf20 "{CE0x6a9cf20|tomoyo_file_fcntl:tmp6|*LoadInst*|security/tomoyo/tomoyo.c,315}"
CE0x834c840 "{CE0x834c840|tomoyo_file_fcntl:conv|security/tomoyo/tomoyo.c,315}"
CE0x5b50070 "{CE0x5b50070|tomoyo_file_fcntl:xor|security/tomoyo/tomoyo.c,315}"
CE0x5b50920 "{CE0x5b50920|tomoyo_file_fcntl:and|security/tomoyo/tomoyo.c,315}"
CE0x6a9d450 "{CE0x6a9d450|tomoyo_file_fcntl:tobool|security/tomoyo/tomoyo.c,315}"
CE0x4fa2080 "{CE0x4fa2080|tomoyo_file_fcntl:if.end}"
CE0x5bec660 "{CE0x5bec660|tomoyo_check_open_permission:entry}"
CE0x5c5de30 "{CE0x5c5de30|tomoyo_check_open_permission:buf|security/tomoyo/file.c, 740}"
CE0x834af40 "{CE0x834af40|tomoyo_path_permission:filename|Function::tomoyo_path_permission&Arg::filename::}"
CE0x6d53b80 "{CE0x6d53b80|0:_%struct.tomoyo_obj_info*,_16:_%struct.tomoyo_domain_info*,_24:_%struct.tomoyo_path_info*,_40:_i8,_72:_i8,_75:_i8,_76:_i8,_77:_i8,_:_SCMRE_30,31_}"
CONST[source:0(mediator),value:2(dynamic)][purpose:{object}][SnkIdx:1]


CONST[source:1(input),value:2(dynamic)][purpose:{object}][SrcIdx:17]  ->  CONST[source:0(mediator),value:2(dynamic)][purpose:{subject}][SnkIdx:0]
-----------
CONST[source:1(input),value:2(dynamic)][purpose:{object}][SrcIdx:17]
CE0x4f4e5d0 "{CE0x4f4e5d0|128:_i32,_:_SCMRE_128,132_|*MultipleSource*|Function::tomoyo_file_fcntl&Arg::file::|security/tomoyo/tomoyo.c,315}"
CE0x6a9cf20 "{CE0x6a9cf20|tomoyo_file_fcntl:tmp6|*LoadInst*|security/tomoyo/tomoyo.c,315}"
CE0x834c840 "{CE0x834c840|tomoyo_file_fcntl:conv|security/tomoyo/tomoyo.c,315}"
CE0x5b50070 "{CE0x5b50070|tomoyo_file_fcntl:xor|security/tomoyo/tomoyo.c,315}"
CE0x5b50920 "{CE0x5b50920|tomoyo_file_fcntl:and|security/tomoyo/tomoyo.c,315}"
CE0x6a9d450 "{CE0x6a9d450|tomoyo_file_fcntl:tobool|security/tomoyo/tomoyo.c,315}"
CE0x4fa2080 "{CE0x4fa2080|tomoyo_file_fcntl:if.end}"
CE0x6a2b660 "{CE0x6a2b660|tomoyo_file_fcntl:call|security/tomoyo/tomoyo.c,317}"
CE0x4dec050 "{CE0x4dec050|tomoyo_check_open_permission:domain|Function::tomoyo_check_open_permission&Arg::domain::}"
CE0x85c2970 "{CE0x85c2970|tomoyo_init_request_info:domain|Function::tomoyo_init_request_info&Arg::domain::}"
CE0x68c2870 "{CE0x68c2870|tomoyo_init_request_info:domain.addr.0}"
CE0x5d904e0 "{CE0x5d904e0|0:_%struct.tomoyo_obj_info*,_16:_%struct.tomoyo_domain_info*,_24:_%struct.tomoyo_path_info*,_40:_i8,_72:_i8,_75:_i8,_76:_i8,_77:_i8,_:_SCMRE_16,24_|*MultipleSource*|security/tomoyo/file.c, 741|security/tomoyo/file.c,741|security/tomoyo/file.c,748}"
CONST[source:0(mediator),value:2(dynamic)][purpose:{subject}][SnkIdx:0]


CONST[source:1(input),value:2(dynamic)][purpose:{object}][SrcIdx:17]  ->  CONST[source:0(mediator),value:0(static)][purpose:{operation}][SnkIdx:3]
-----------
CONST[source:1(input),value:2(dynamic)][purpose:{object}][SrcIdx:17]
CE0x4f4e5d0 "{CE0x4f4e5d0|128:_i32,_:_SCMRE_128,132_|*MultipleSource*|Function::tomoyo_file_fcntl&Arg::file::|security/tomoyo/tomoyo.c,315}"
CE0x6a9cf20 "{CE0x6a9cf20|tomoyo_file_fcntl:tmp6|*LoadInst*|security/tomoyo/tomoyo.c,315}"
CE0x834c840 "{CE0x834c840|tomoyo_file_fcntl:conv|security/tomoyo/tomoyo.c,315}"
CE0x5b50070 "{CE0x5b50070|tomoyo_file_fcntl:xor|security/tomoyo/tomoyo.c,315}"
CE0x5b50920 "{CE0x5b50920|tomoyo_file_fcntl:and|security/tomoyo/tomoyo.c,315}"
CE0x6a9d450 "{CE0x6a9d450|tomoyo_file_fcntl:tobool|security/tomoyo/tomoyo.c,315}"
CE0x4fa2080 "{CE0x4fa2080|tomoyo_file_fcntl:if.end}"
CE0x5bec660 "{CE0x5bec660|tomoyo_check_open_permission:entry}"
CE0x4f5cb20 "{CE0x4f5cb20|tomoyo_check_open_permission:if.then17}"
CE0x834a360 "{CE0x834a360|tomoyo_path_permission:entry}"
CE0x833d800 "{CE0x833d800|tomoyo_path_permission:if.end}"
CE0x6981430 "{CE0x6981430|0:_%struct.tomoyo_obj_info*,_16:_%struct.tomoyo_domain_info*,_24:_%struct.tomoyo_path_info*,_40:_i8,_72:_i8,_75:_i8,_76:_i8,_77:_i8,_:_SCMRE_40,41_}"
CONST[source:0(mediator),value:0(static)][purpose:{operation}][SnkIdx:3]


CONST[source:2(external),value:0(static)][purpose:{operation}][SrcIdx:2]  ->  CONST[source:0(mediator),value:2(dynamic)][purpose:{object}][SnkIdx:1]
-----------
CONST[source:2(external),value:0(static)][purpose:{operation}][SrcIdx:2]
CE0x4e85180 "{CE0x4e85180|i32_4|*Constant*}"
CE0x5bca110 "{CE0x5bca110|tomoyo_file_fcntl:cmp|security/tomoyo/tomoyo.c,315}"
CE0x4fa2080 "{CE0x4fa2080|tomoyo_file_fcntl:if.end}"
CE0x5bec660 "{CE0x5bec660|tomoyo_check_open_permission:entry}"
CE0x5c5de30 "{CE0x5c5de30|tomoyo_check_open_permission:buf|security/tomoyo/file.c, 740}"
CE0x834af40 "{CE0x834af40|tomoyo_path_permission:filename|Function::tomoyo_path_permission&Arg::filename::}"
CE0x6d53b80 "{CE0x6d53b80|0:_%struct.tomoyo_obj_info*,_16:_%struct.tomoyo_domain_info*,_24:_%struct.tomoyo_path_info*,_40:_i8,_72:_i8,_75:_i8,_76:_i8,_77:_i8,_:_SCMRE_30,31_}"
CONST[source:0(mediator),value:2(dynamic)][purpose:{object}][SnkIdx:1]


CONST[source:2(external),value:0(static)][purpose:{operation}][SrcIdx:2]  ->  CONST[source:0(mediator),value:2(dynamic)][purpose:{subject}][SnkIdx:0]
-----------
CONST[source:2(external),value:0(static)][purpose:{operation}][SrcIdx:2]
CE0x4e85180 "{CE0x4e85180|i32_4|*Constant*}"
CE0x5bca110 "{CE0x5bca110|tomoyo_file_fcntl:cmp|security/tomoyo/tomoyo.c,315}"
CE0x4fa2080 "{CE0x4fa2080|tomoyo_file_fcntl:if.end}"
CE0x6a2b660 "{CE0x6a2b660|tomoyo_file_fcntl:call|security/tomoyo/tomoyo.c,317}"
CE0x4dec050 "{CE0x4dec050|tomoyo_check_open_permission:domain|Function::tomoyo_check_open_permission&Arg::domain::}"
CE0x85c2970 "{CE0x85c2970|tomoyo_init_request_info:domain|Function::tomoyo_init_request_info&Arg::domain::}"
CE0x68c2870 "{CE0x68c2870|tomoyo_init_request_info:domain.addr.0}"
CE0x5d904e0 "{CE0x5d904e0|0:_%struct.tomoyo_obj_info*,_16:_%struct.tomoyo_domain_info*,_24:_%struct.tomoyo_path_info*,_40:_i8,_72:_i8,_75:_i8,_76:_i8,_77:_i8,_:_SCMRE_16,24_|*MultipleSource*|security/tomoyo/file.c, 741|security/tomoyo/file.c,741|security/tomoyo/file.c,748}"
CONST[source:0(mediator),value:2(dynamic)][purpose:{subject}][SnkIdx:0]


CONST[source:2(external),value:0(static)][purpose:{operation}][SrcIdx:2]  ->  CONST[source:0(mediator),value:0(static)][purpose:{operation}][SnkIdx:3]
-----------
CONST[source:2(external),value:0(static)][purpose:{operation}][SrcIdx:2]
CE0x4e85180 "{CE0x4e85180|i32_4|*Constant*}"
CE0x5bca110 "{CE0x5bca110|tomoyo_file_fcntl:cmp|security/tomoyo/tomoyo.c,315}"
CE0x4fa2080 "{CE0x4fa2080|tomoyo_file_fcntl:if.end}"
CE0x5bec660 "{CE0x5bec660|tomoyo_check_open_permission:entry}"
CE0x4f5cb20 "{CE0x4f5cb20|tomoyo_check_open_permission:if.then17}"
CE0x834a360 "{CE0x834a360|tomoyo_path_permission:entry}"
CE0x833d800 "{CE0x833d800|tomoyo_path_permission:if.end}"
CE0x6981430 "{CE0x6981430|0:_%struct.tomoyo_obj_info*,_16:_%struct.tomoyo_domain_info*,_24:_%struct.tomoyo_path_info*,_40:_i8,_72:_i8,_75:_i8,_76:_i8,_77:_i8,_:_SCMRE_40,41_}"
CONST[source:0(mediator),value:0(static)][purpose:{operation}][SnkIdx:3]


