[selinux_xfrm_state_delete]

explicit:
CONST[source:1(input),value:2(dynamic)][purpose:{object}]  ->  CONST[source:0(mediator),value:2(dynamic)][purpose:{object}]
-----------
CONST[source:1(input),value:2(dynamic)][purpose:{object}]
CE0x515cc80 "{CE0x515cc80|864:_%struct.xfrm_sec_ctx*,_:_CRE_864,872_|*MultipleSource*|security/selinux/xfrm.c,394|Function::selinux_xfrm_state_delete&Arg::x::}"
CE0x5144780 "{CE0x5144780|selinux_xfrm_state_delete:_tmp4|*LoadInst*|security/selinux/xfrm.c,394}"
CE0x516f3e0 "{CE0x516f3e0|selinux_xfrm_delete:_ctx|Function::selinux_xfrm_delete&Arg::ctx::}"
CE0x51847a0 "{CE0x51847a0|selinux_xfrm_delete:_ctx_sid|security/selinux/xfrm.c,147}"
CE0x5185670 "{CE0x5185670|selinux_xfrm_delete:_tmp31|*LoadInst*|security/selinux/xfrm.c,147}"
CE0x51859f0 "{CE0x51859f0|selinux_xfrm_delete:_tmp31|*LoadInst*|security/selinux/xfrm.c,147|*SummSink*}"
CONST[source:0(mediator),value:2(dynamic)][purpose:{object}]



implicit:
CONST[source:1(input),value:2(dynamic)][purpose:{object}]  ->  CONST[source:0(mediator),value:2(dynamic)][purpose:{subject}]
-----------
CONST[source:1(input),value:2(dynamic)][purpose:{object}]
CE0x515cc80 "{CE0x515cc80|864:_%struct.xfrm_sec_ctx*,_:_CRE_864,872_|*MultipleSource*|security/selinux/xfrm.c,394|Function::selinux_xfrm_state_delete&Arg::x::}"
CE0x5144780 "{CE0x5144780|selinux_xfrm_state_delete:_tmp4|*LoadInst*|security/selinux/xfrm.c,394}"
CE0x516f3e0 "{CE0x516f3e0|selinux_xfrm_delete:_ctx|Function::selinux_xfrm_delete&Arg::ctx::}"
CE0x5178890 "{CE0x5178890|selinux_xfrm_delete:_tobool5|security/selinux/xfrm.c,144}"
CE0x513a590 "{CE0x513a590|selinux_xfrm_delete:_if.end7}"
CE0x5155420 "{CE0x5155420|selinux_xfrm_delete:_tmp30|security/selinux/xfrm.c,147}"
CE0x5183c60 "{CE0x5183c60|selinux_xfrm_delete:_tmp30|security/selinux/xfrm.c,147|*SummSink*}"
CONST[source:0(mediator),value:2(dynamic)][purpose:{subject}]


CONST[source:1(input),value:2(dynamic)][purpose:{object}]  ->  CONST[source:0(mediator),value:2(dynamic)][purpose:{object}]
-----------
CONST[source:1(input),value:2(dynamic)][purpose:{object}]
CE0x515cc80 "{CE0x515cc80|864:_%struct.xfrm_sec_ctx*,_:_CRE_864,872_|*MultipleSource*|security/selinux/xfrm.c,394|Function::selinux_xfrm_state_delete&Arg::x::}"
CE0x5144780 "{CE0x5144780|selinux_xfrm_state_delete:_tmp4|*LoadInst*|security/selinux/xfrm.c,394}"
CE0x516f3e0 "{CE0x516f3e0|selinux_xfrm_delete:_ctx|Function::selinux_xfrm_delete&Arg::ctx::}"
CE0x51847a0 "{CE0x51847a0|selinux_xfrm_delete:_ctx_sid|security/selinux/xfrm.c,147}"
CE0x5185670 "{CE0x5185670|selinux_xfrm_delete:_tmp31|*LoadInst*|security/selinux/xfrm.c,147}"
CE0x51859f0 "{CE0x51859f0|selinux_xfrm_delete:_tmp31|*LoadInst*|security/selinux/xfrm.c,147|*SummSink*}"
CONST[source:0(mediator),value:2(dynamic)][purpose:{object}]


