[apparmor_path_mkdir]

explicit:
CONST[source:1(input),value:2(dynamic)][purpose:{object}][SrcIdx:3]  ->  CONST[source:0(mediator),value:2(dynamic)][purpose:{object}][SnkIdx:2]
-----------
CONST[source:1(input),value:2(dynamic)][purpose:{object}][SrcIdx:3]
CE0x4fbbda0 "{CE0x4fbbda0|apparmor_path_mkdir:dentry|Function::apparmor_path_mkdir&Arg::dentry::|*SummSource*}"
CE0x4d40010 "{CE0x4d40010|apparmor_path_mkdir:dentry|Function::apparmor_path_mkdir&Arg::dentry::}"
CE0x4fbabb0 "{CE0x4fbabb0|common_perm_create:dentry|Function::common_perm_create&Arg::dentry::}"
CE0x502c4d0 "{CE0x502c4d0|common_perm_dir_dentry:dentry|Function::common_perm_dir_dentry&Arg::dentry::}"
CE0x509b660 "{CE0x509b660|0:_%struct.vfsmount*,_8:_%struct.dentry*,_:_SCMRE_8,16_|*MultipleSource*|security/apparmor/lsm.c, 189|security/apparmor/lsm.c,189}"
CONST[source:0(mediator),value:2(dynamic)][purpose:{object}][SnkIdx:2]


CONST[source:1(input),value:2(dynamic)][purpose:{object}][SrcIdx:2]  ->  CONST[source:0(mediator),value:2(dynamic)][purpose:{object}][SnkIdx:2]
-----------
CONST[source:1(input),value:2(dynamic)][purpose:{object}][SrcIdx:2]
CE0x4fee130 "{CE0x4fee130|0:_%struct.vfsmount*,_8:_%struct.dentry*,_:_CRE_0,8_|*MultipleSource*|Function::common_perm_create&Arg::dir::|Function::apparmor_path_mkdir&Arg::dir::|security/apparmor/lsm.c,253}"
CE0x509be80 "{CE0x509be80|common_perm_dir_dentry:tmp4|*LoadInst*|security/apparmor/lsm.c,189}"
CE0x509b500 "{CE0x509b500|0:_%struct.vfsmount*,_8:_%struct.dentry*,_:_SCMRE_0,8_|*MultipleSource*|security/apparmor/lsm.c, 189|security/apparmor/lsm.c,189}"
CONST[source:0(mediator),value:2(dynamic)][purpose:{object}][SnkIdx:2]


CONST[source:2(external),value:2(dynamic)][purpose:{object}][SrcIdx:5]  ->  CONST[source:0(mediator),value:2(dynamic)][purpose:{subject}][SnkIdx:1]
-----------
CONST[source:2(external),value:2(dynamic)][purpose:{object}][SrcIdx:5]
CE0x50cb820 "{CE0x50cb820|0:_%struct.aa_profile*,_:_CMRE_0,8_|*MultipleSource*|security/apparmor/include/context.h,99|*LoadInst*|security/apparmor/include/context.h,99|security/apparmor/include/context.h,100}"
CE0x50da1d0 "{CE0x50da1d0|aa_cred_profile:tmp34|security/apparmor/include/context.h,101}"
CE0x50c8290 "{CE0x50c8290|_ret_%struct.aa_profile*_%tmp34,_!dbg_!15510|security/apparmor/include/context.h,101}"
CE0x50c6d90 "{CE0x50c6d90|__aa_current_profile:call4|security/apparmor/include/context.h,138}"
CE0x508df40 "{CE0x508df40|_ret_%struct.aa_profile*_%call4,_!dbg_!15494|security/apparmor/include/context.h,138}"
CE0x5025c80 "{CE0x5025c80|common_perm:call|security/apparmor/lsm.c,168}"
CE0x508a8a0 "{CE0x508a8a0|common_perm:call|security/apparmor/lsm.c,168|*SummSink*}"
CONST[source:0(mediator),value:2(dynamic)][purpose:{subject}][SnkIdx:1]


CONST[source:2(external),value:2(dynamic)][purpose:{object}][SrcIdx:5]  ->  CONST[source:0(mediator),value:2(dynamic)][purpose:{object}][SnkIdx:3]
-----------
CONST[source:2(external),value:2(dynamic)][purpose:{object}][SrcIdx:5]
CE0x4c0f110 "{CE0x4c0f110|44:_i32,_48:_i16,_128:_i8*,_:_SCMRE_4,6_|*MultipleSource*|security/apparmor/lsm.c, 251|security/apparmor/lsm.c,251}"
CONST[source:0(mediator),value:2(dynamic)][purpose:{object}][SnkIdx:3]


CONST[source:2(external),value:0(static)][purpose:{object}][SrcIdx:8]  ->  CONST[source:0(mediator),value:2(dynamic)][purpose:{subject}][SnkIdx:1]
-----------
CONST[source:2(external),value:0(static)][purpose:{object}][SrcIdx:8]
CE0x4fbb8c0 "{CE0x4fbb8c0|common_perm_create:mode|Function::common_perm_create&Arg::mode::|*SummSource*}"
CE0x4fbb5f0 "{CE0x4fbb5f0|common_perm_create:mode|Function::common_perm_create&Arg::mode::}"
CE0x4c0f110 "{CE0x4c0f110|44:_i32,_48:_i16,_128:_i8*,_:_SCMRE_4,6_|*MultipleSource*|security/apparmor/lsm.c, 251|security/apparmor/lsm.c,251}"
CE0x50d18a0 "{CE0x50d18a0|aa_cred_profile:tmp4|*LoadInst*|security/apparmor/include/context.h,99}"
CE0x50b5610 "{CE0x50b5610|aa_cred_profile:tmp5|security/apparmor/include/context.h,99}"
CE0x50d9e20 "{CE0x50d9e20|aa_cred_profile:profile11|security/apparmor/include/context.h,101}"
CE0x50da1d0 "{CE0x50da1d0|aa_cred_profile:tmp34|security/apparmor/include/context.h,101}"
CE0x50c8290 "{CE0x50c8290|_ret_%struct.aa_profile*_%tmp34,_!dbg_!15510|security/apparmor/include/context.h,101}"
CE0x50c6d90 "{CE0x50c6d90|__aa_current_profile:call4|security/apparmor/include/context.h,138}"
CE0x508df40 "{CE0x508df40|_ret_%struct.aa_profile*_%call4,_!dbg_!15494|security/apparmor/include/context.h,138}"
CE0x5025c80 "{CE0x5025c80|common_perm:call|security/apparmor/lsm.c,168}"
CE0x508a8a0 "{CE0x508a8a0|common_perm:call|security/apparmor/lsm.c,168|*SummSink*}"
CONST[source:0(mediator),value:2(dynamic)][purpose:{subject}][SnkIdx:1]


CONST[source:2(external),value:0(static)][purpose:{object}][SrcIdx:8]  ->  CONST[source:0(mediator),value:2(dynamic)][purpose:{object}][SnkIdx:3]
-----------
CONST[source:2(external),value:0(static)][purpose:{object}][SrcIdx:8]
CE0x4fbb8c0 "{CE0x4fbb8c0|common_perm_create:mode|Function::common_perm_create&Arg::mode::|*SummSource*}"
CE0x4fbb5f0 "{CE0x4fbb5f0|common_perm_create:mode|Function::common_perm_create&Arg::mode::}"
CE0x4c0f110 "{CE0x4c0f110|44:_i32,_48:_i16,_128:_i8*,_:_SCMRE_4,6_|*MultipleSource*|security/apparmor/lsm.c, 251|security/apparmor/lsm.c,251}"
CONST[source:0(mediator),value:2(dynamic)][purpose:{object}][SnkIdx:3]


CONST[source:2(external),value:2(dynamic)][purpose:{subject}][SrcIdx:9]  ->  CONST[source:0(mediator),value:2(dynamic)][purpose:{subject}][SnkIdx:1]
-----------
CONST[source:2(external),value:2(dynamic)][purpose:{subject}][SrcIdx:9]
CE0x508d4a0 "{CE0x508d4a0|COLLAPSED:_CRE:_elem_0::|security/apparmor/lsm.c,169}"
CONST[source:0(mediator),value:2(dynamic)][purpose:{subject}][SnkIdx:1]



implicit:
CONST[source:2(external),value:0(static)][purpose:{object}][SrcIdx:8]  ->  CONST[source:0(mediator),value:2(dynamic)][purpose:{object}][SnkIdx:3]
-----------
CONST[source:2(external),value:0(static)][purpose:{object}][SrcIdx:8]
CE0x4fbb8c0 "{CE0x4fbb8c0|common_perm_create:mode|Function::common_perm_create&Arg::mode::|*SummSource*}"
CE0x4fbb5f0 "{CE0x4fbb5f0|common_perm_create:mode|Function::common_perm_create&Arg::mode::}"
CE0x4c0f110 "{CE0x4c0f110|44:_i32,_48:_i16,_128:_i8*,_:_SCMRE_4,6_|*MultipleSource*|security/apparmor/lsm.c, 251|security/apparmor/lsm.c,251}"
CONST[source:0(mediator),value:2(dynamic)][purpose:{object}][SnkIdx:3]


CONST[source:2(external),value:0(static)][purpose:{object}][SrcIdx:8]  ->  CONST[source:0(mediator),value:2(dynamic)][purpose:{subject}][SnkIdx:1]
-----------
CONST[source:2(external),value:0(static)][purpose:{object}][SrcIdx:8]
CE0x4fbb8c0 "{CE0x4fbb8c0|common_perm_create:mode|Function::common_perm_create&Arg::mode::|*SummSource*}"
CE0x4fbb5f0 "{CE0x4fbb5f0|common_perm_create:mode|Function::common_perm_create&Arg::mode::}"
CE0x4c0f110 "{CE0x4c0f110|44:_i32,_48:_i16,_128:_i8*,_:_SCMRE_4,6_|*MultipleSource*|security/apparmor/lsm.c, 251|security/apparmor/lsm.c,251}"
CE0x50d18a0 "{CE0x50d18a0|aa_cred_profile:tmp4|*LoadInst*|security/apparmor/include/context.h,99}"
CE0x50b5610 "{CE0x50b5610|aa_cred_profile:tmp5|security/apparmor/include/context.h,99}"
CE0x50d9e20 "{CE0x50d9e20|aa_cred_profile:profile11|security/apparmor/include/context.h,101}"
CE0x50da1d0 "{CE0x50da1d0|aa_cred_profile:tmp34|security/apparmor/include/context.h,101}"
CE0x50c8290 "{CE0x50c8290|_ret_%struct.aa_profile*_%tmp34,_!dbg_!15510|security/apparmor/include/context.h,101}"
CE0x50c6d90 "{CE0x50c6d90|__aa_current_profile:call4|security/apparmor/include/context.h,138}"
CE0x508df40 "{CE0x508df40|_ret_%struct.aa_profile*_%call4,_!dbg_!15494|security/apparmor/include/context.h,138}"
CE0x5025c80 "{CE0x5025c80|common_perm:call|security/apparmor/lsm.c,168}"
CE0x508a8a0 "{CE0x508a8a0|common_perm:call|security/apparmor/lsm.c,168|*SummSink*}"
CONST[source:0(mediator),value:2(dynamic)][purpose:{subject}][SnkIdx:1]


CONST[source:2(external),value:2(dynamic)][purpose:{subject}][SrcIdx:9]  ->  CONST[source:0(mediator),value:2(dynamic)][purpose:{subject}][SnkIdx:1]
-----------
CONST[source:2(external),value:2(dynamic)][purpose:{subject}][SrcIdx:9]
CE0x508d4a0 "{CE0x508d4a0|COLLAPSED:_CRE:_elem_0::|security/apparmor/lsm.c,169}"
CONST[source:0(mediator),value:2(dynamic)][purpose:{subject}][SnkIdx:1]


CONST[source:2(external),value:2(dynamic)][purpose:{object}][SrcIdx:5]  ->  CONST[source:0(mediator),value:2(dynamic)][purpose:{object}][SnkIdx:3]
-----------
CONST[source:2(external),value:2(dynamic)][purpose:{object}][SrcIdx:5]
CE0x50b1fc0 "{CE0x50b1fc0|0:_%struct.aa_profile*,_:_CMRE_16,24_|*MultipleSource*|security/apparmor/include/context.h,99|*LoadInst*|security/apparmor/include/context.h,99|security/apparmor/include/context.h,100}"
CONST[source:0(mediator),value:2(dynamic)][purpose:{object}][SnkIdx:3]


CONST[source:2(external),value:2(dynamic)][purpose:{object}][SrcIdx:5]  ->  CONST[source:0(mediator),value:2(dynamic)][purpose:{subject}][SnkIdx:1]
-----------
CONST[source:2(external),value:2(dynamic)][purpose:{object}][SrcIdx:5]
CE0x50cb820 "{CE0x50cb820|0:_%struct.aa_profile*,_:_CMRE_0,8_|*MultipleSource*|security/apparmor/include/context.h,99|*LoadInst*|security/apparmor/include/context.h,99|security/apparmor/include/context.h,100}"
CE0x50da1d0 "{CE0x50da1d0|aa_cred_profile:tmp34|security/apparmor/include/context.h,101}"
CE0x50c8290 "{CE0x50c8290|_ret_%struct.aa_profile*_%tmp34,_!dbg_!15510|security/apparmor/include/context.h,101}"
CE0x50c6d90 "{CE0x50c6d90|__aa_current_profile:call4|security/apparmor/include/context.h,138}"
CE0x508df40 "{CE0x508df40|_ret_%struct.aa_profile*_%call4,_!dbg_!15494|security/apparmor/include/context.h,138}"
CE0x5025c80 "{CE0x5025c80|common_perm:call|security/apparmor/lsm.c,168}"
CE0x508a8a0 "{CE0x508a8a0|common_perm:call|security/apparmor/lsm.c,168|*SummSink*}"
CONST[source:0(mediator),value:2(dynamic)][purpose:{subject}][SnkIdx:1]


CONST[source:2(external),value:0(static)][purpose:{object}][SrcIdx:1]  ->  CONST[source:0(mediator),value:2(dynamic)][purpose:{subject}][SnkIdx:1]
-----------
CONST[source:2(external),value:0(static)][purpose:{object}][SrcIdx:1]
CE0x5034a40 "{CE0x5034a40|i64_-2147483648|*Constant*}"
CE0x50975e0 "{CE0x50975e0|mediated_filesystem:and|security/apparmor/include/apparmor.h,117}"
CE0x5097a00 "{CE0x5097a00|mediated_filesystem:tobool|security/apparmor/include/apparmor.h,117}"
CE0x5098070 "{CE0x5098070|mediated_filesystem:lnot|security/apparmor/include/apparmor.h,117}"
CE0x502ef80 "{CE0x502ef80|_ret_i1_%lnot,_!dbg_!15473|security/apparmor/include/apparmor.h,117}"
CE0x502f660 "{CE0x502f660|common_perm_create:call7|security/apparmor/lsm.c,253}"
CE0x4fb6870 "{CE0x4fb6870|common_perm_create:if.end9}"
CE0x4fe9f30 "{CE0x4fe9f30|common_perm_dir_dentry:entry}"
CE0x5098710 "{CE0x5098710|common_perm_dir_dentry:bb}"
CE0x5087fa0 "{CE0x5087fa0|common_perm:entry}"
CE0x4fe21b0 "{CE0x4fe21b0|common_perm:bb}"
CE0x5025c80 "{CE0x5025c80|common_perm:call|security/apparmor/lsm.c,168}"
CE0x508a8a0 "{CE0x508a8a0|common_perm:call|security/apparmor/lsm.c,168|*SummSink*}"
CONST[source:0(mediator),value:2(dynamic)][purpose:{subject}][SnkIdx:1]


CONST[source:2(external),value:0(static)][purpose:{object}][SrcIdx:1]  ->  CONST[source:0(mediator),value:2(dynamic)][purpose:{object}][SnkIdx:2]
-----------
CONST[source:2(external),value:0(static)][purpose:{object}][SrcIdx:1]
CE0x5034a40 "{CE0x5034a40|i64_-2147483648|*Constant*}"
CE0x50975e0 "{CE0x50975e0|mediated_filesystem:and|security/apparmor/include/apparmor.h,117}"
CE0x5097a00 "{CE0x5097a00|mediated_filesystem:tobool|security/apparmor/include/apparmor.h,117}"
CE0x5098070 "{CE0x5098070|mediated_filesystem:lnot|security/apparmor/include/apparmor.h,117}"
CE0x502ef80 "{CE0x502ef80|_ret_i1_%lnot,_!dbg_!15473|security/apparmor/include/apparmor.h,117}"
CE0x502f660 "{CE0x502f660|common_perm_create:call7|security/apparmor/lsm.c,253}"
CE0x4fb6870 "{CE0x4fb6870|common_perm_create:if.end9}"
CE0x4fe9f30 "{CE0x4fe9f30|common_perm_dir_dentry:entry}"
CE0x5098710 "{CE0x5098710|common_perm_dir_dentry:bb}"
CE0x509b500 "{CE0x509b500|0:_%struct.vfsmount*,_8:_%struct.dentry*,_:_SCMRE_0,8_|*MultipleSource*|security/apparmor/lsm.c, 189|security/apparmor/lsm.c,189}"
CONST[source:0(mediator),value:2(dynamic)][purpose:{object}][SnkIdx:2]


CONST[source:1(input),value:2(dynamic)][purpose:{object}][SrcIdx:2]  ->  CONST[source:0(mediator),value:2(dynamic)][purpose:{subject}][SnkIdx:1]
-----------
CONST[source:1(input),value:2(dynamic)][purpose:{object}][SrcIdx:2]
CE0x4fee130 "{CE0x4fee130|0:_%struct.vfsmount*,_8:_%struct.dentry*,_:_CRE_0,8_|*MultipleSource*|Function::common_perm_create&Arg::dir::|Function::apparmor_path_mkdir&Arg::dir::|security/apparmor/lsm.c,253}"
CE0x4fed660 "{CE0x4fed660|common_perm_create:tmp22|*LoadInst*|security/apparmor/lsm.c,253}"
CE0x4fee440 "{CE0x4fee440|common_perm_create:tobool5|security/apparmor/lsm.c,253}"
CE0x4fb6870 "{CE0x4fb6870|common_perm_create:if.end9}"
CE0x4fe9f30 "{CE0x4fe9f30|common_perm_dir_dentry:entry}"
CE0x5098710 "{CE0x5098710|common_perm_dir_dentry:bb}"
CE0x5087fa0 "{CE0x5087fa0|common_perm:entry}"
CE0x4fe21b0 "{CE0x4fe21b0|common_perm:bb}"
CE0x5025c80 "{CE0x5025c80|common_perm:call|security/apparmor/lsm.c,168}"
CE0x508a8a0 "{CE0x508a8a0|common_perm:call|security/apparmor/lsm.c,168|*SummSink*}"
CONST[source:0(mediator),value:2(dynamic)][purpose:{subject}][SnkIdx:1]


CONST[source:1(input),value:2(dynamic)][purpose:{object}][SrcIdx:2]  ->  CONST[source:0(mediator),value:2(dynamic)][purpose:{object}][SnkIdx:2]
-----------
CONST[source:1(input),value:2(dynamic)][purpose:{object}][SrcIdx:2]
CE0x4fee130 "{CE0x4fee130|0:_%struct.vfsmount*,_8:_%struct.dentry*,_:_CRE_0,8_|*MultipleSource*|Function::common_perm_create&Arg::dir::|Function::apparmor_path_mkdir&Arg::dir::|security/apparmor/lsm.c,253}"
CE0x509be80 "{CE0x509be80|common_perm_dir_dentry:tmp4|*LoadInst*|security/apparmor/lsm.c,189}"
CE0x509b500 "{CE0x509b500|0:_%struct.vfsmount*,_8:_%struct.dentry*,_:_SCMRE_0,8_|*MultipleSource*|security/apparmor/lsm.c, 189|security/apparmor/lsm.c,189}"
CONST[source:0(mediator),value:2(dynamic)][purpose:{object}][SnkIdx:2]


CONST[source:1(input),value:2(dynamic)][purpose:{object}][SrcIdx:3]  ->  CONST[source:0(mediator),value:2(dynamic)][purpose:{object}][SnkIdx:2]
-----------
CONST[source:1(input),value:2(dynamic)][purpose:{object}][SrcIdx:3]
CE0x4fbbda0 "{CE0x4fbbda0|apparmor_path_mkdir:dentry|Function::apparmor_path_mkdir&Arg::dentry::|*SummSource*}"
CE0x4d40010 "{CE0x4d40010|apparmor_path_mkdir:dentry|Function::apparmor_path_mkdir&Arg::dentry::}"
CE0x4fbabb0 "{CE0x4fbabb0|common_perm_create:dentry|Function::common_perm_create&Arg::dentry::}"
CE0x502c4d0 "{CE0x502c4d0|common_perm_dir_dentry:dentry|Function::common_perm_dir_dentry&Arg::dentry::}"
CE0x509b660 "{CE0x509b660|0:_%struct.vfsmount*,_8:_%struct.dentry*,_:_SCMRE_8,16_|*MultipleSource*|security/apparmor/lsm.c, 189|security/apparmor/lsm.c,189}"
CONST[source:0(mediator),value:2(dynamic)][purpose:{object}][SnkIdx:2]


