[selinux_socket_unix_stream_connect]

explicit:
CONST[source:1(input),value:2(dynamic)][purpose:{subject}][SrcIdx:13]  ->  CONST[source:0(mediator),value:2(dynamic)][purpose:{subject}][SnkIdx:0]
-----------
CONST[source:1(input),value:2(dynamic)][purpose:{subject}][SrcIdx:13]
CE0x4cd1bd0 "{CE0x4cd1bd0|16:_i32,_20:_i32,_:_CMRE_16,20_|*MultipleSource*|security/selinux/hooks.c,4260|*LoadInst*|security/selinux/hooks.c,4260|security/selinux/hooks.c,4271}"
CE0x4d2fe50 "{CE0x4d2fe50|selinux_socket_unix_stream_connect:tmp11|security/selinux/hooks.c,4271}"
CE0x4d301a0 "{CE0x4d301a0|selinux_socket_unix_stream_connect:tmp11|security/selinux/hooks.c,4271|*SummSink*}"
CONST[source:0(mediator),value:2(dynamic)][purpose:{subject}][SnkIdx:0]


CONST[source:1(input),value:2(dynamic)][purpose:{object}][SrcIdx:12]  ->  CONST[source:0(mediator),value:2(dynamic)][purpose:{object}][SnkIdx:1]
-----------
CONST[source:1(input),value:2(dynamic)][purpose:{object}][SrcIdx:12]
CE0x4d30db0 "{CE0x4d30db0|16:_i32,_24:_i16,_:_CRE_16,20_|*MultipleSource*|*LoadInst*|security/selinux/hooks.c,4261|security/selinux/hooks.c,4261|security/selinux/hooks.c,4271}"
CE0x4d315c0 "{CE0x4d315c0|selinux_socket_unix_stream_connect:tmp12|security/selinux/hooks.c,4271}"
CE0x4d31940 "{CE0x4d31940|selinux_socket_unix_stream_connect:tmp12|security/selinux/hooks.c,4271|*SummSink*}"
CONST[source:0(mediator),value:2(dynamic)][purpose:{object}][SnkIdx:1]


CONST[source:1(input),value:2(dynamic)][purpose:{object}][SrcIdx:12]  ->  CONST[source:0(mediator),value:2(dynamic)][purpose:{object}][SnkIdx:2]
-----------
CONST[source:1(input),value:2(dynamic)][purpose:{object}][SrcIdx:12]
CE0x4d31400 "{CE0x4d31400|16:_i32,_24:_i16,_:_CRE_24,26_|*MultipleSource*|*LoadInst*|security/selinux/hooks.c,4261|security/selinux/hooks.c,4261|security/selinux/hooks.c,4271}"
CE0x4c55a60 "{CE0x4c55a60|selinux_socket_unix_stream_connect:tmp13|security/selinux/hooks.c,4272}"
CE0x4c55fc0 "{CE0x4c55fc0|selinux_socket_unix_stream_connect:tmp13|security/selinux/hooks.c,4272|*SummSink*}"
CONST[source:0(mediator),value:2(dynamic)][purpose:{object}][SnkIdx:2]



implicit:
CONST[source:1(input),value:2(dynamic)][purpose:{subject}][SrcIdx:13]  ->  CONST[source:0(mediator),value:2(dynamic)][purpose:{subject}][SnkIdx:0]
-----------
CONST[source:1(input),value:2(dynamic)][purpose:{subject}][SrcIdx:13]
CE0x4cd1bd0 "{CE0x4cd1bd0|16:_i32,_20:_i32,_:_CMRE_16,20_|*MultipleSource*|security/selinux/hooks.c,4260|*LoadInst*|security/selinux/hooks.c,4260|security/selinux/hooks.c,4271}"
CE0x4d2fe50 "{CE0x4d2fe50|selinux_socket_unix_stream_connect:tmp11|security/selinux/hooks.c,4271}"
CE0x4d301a0 "{CE0x4d301a0|selinux_socket_unix_stream_connect:tmp11|security/selinux/hooks.c,4271|*SummSink*}"
CONST[source:0(mediator),value:2(dynamic)][purpose:{subject}][SnkIdx:0]


CONST[source:1(input),value:2(dynamic)][purpose:{object}][SrcIdx:12]  ->  CONST[source:0(mediator),value:2(dynamic)][purpose:{object}][SnkIdx:2]
-----------
CONST[source:1(input),value:2(dynamic)][purpose:{object}][SrcIdx:12]
CE0x4d31400 "{CE0x4d31400|16:_i32,_24:_i16,_:_CRE_24,26_|*MultipleSource*|*LoadInst*|security/selinux/hooks.c,4261|security/selinux/hooks.c,4261|security/selinux/hooks.c,4271}"
CE0x4c55a60 "{CE0x4c55a60|selinux_socket_unix_stream_connect:tmp13|security/selinux/hooks.c,4272}"
CE0x4c55fc0 "{CE0x4c55fc0|selinux_socket_unix_stream_connect:tmp13|security/selinux/hooks.c,4272|*SummSink*}"
CONST[source:0(mediator),value:2(dynamic)][purpose:{object}][SnkIdx:2]


CONST[source:1(input),value:2(dynamic)][purpose:{object}][SrcIdx:12]  ->  CONST[source:0(mediator),value:2(dynamic)][purpose:{object}][SnkIdx:1]
-----------
CONST[source:1(input),value:2(dynamic)][purpose:{object}][SrcIdx:12]
CE0x4d30db0 "{CE0x4d30db0|16:_i32,_24:_i16,_:_CRE_16,20_|*MultipleSource*|*LoadInst*|security/selinux/hooks.c,4261|security/selinux/hooks.c,4261|security/selinux/hooks.c,4271}"
CE0x4d315c0 "{CE0x4d315c0|selinux_socket_unix_stream_connect:tmp12|security/selinux/hooks.c,4271}"
CE0x4d31940 "{CE0x4d31940|selinux_socket_unix_stream_connect:tmp12|security/selinux/hooks.c,4271|*SummSink*}"
CONST[source:0(mediator),value:2(dynamic)][purpose:{object}][SnkIdx:1]


