[selinux_file_ioctl]

explicit:
CONST[source:1(input),value:2(dynamic)][purpose:{object}][SrcIdx:3]  ->  CONST[source:0(mediator),value:2(dynamic)][purpose:{object}]
-----------
CONST[source:1(input),value:2(dynamic)][purpose:{object}][SrcIdx:3]
CE0x40e0e90 "{CE0x40e0e90|0:_i32,_:_CRE_0,4_|*MultipleSource*|*LoadInst*|security/selinux/hooks.c,1674|security/selinux/hooks.c,1674|security/selinux/hooks.c,1683}"
CE0x40e3e00 "{CE0x40e3e00|file_has_perm:tmp11|security/selinux/hooks.c,1684}"
CE0x40e3fa0 "{CE0x40e3fa0|file_has_perm:tmp11|security/selinux/hooks.c,1684|*SummSink*}"
CONST[source:0(mediator),value:2(dynamic)][purpose:{object}]


CONST[source:0(mediator),value:2(dynamic)][purpose:{subject}][SrcIdx:6]  ->  CONST[source:0(mediator),value:2(dynamic)][purpose:{object}]
-----------
CONST[source:0(mediator),value:2(dynamic)][purpose:{subject}][SrcIdx:6]
CE0x412e830 "{CE0x412e830|0:_i32,_4:_i32,_8:_i32,_12:_i32,_:_CMRE_4,8_|*MultipleSource*|security/selinux/hooks.c,196|*LoadInst*|security/selinux/hooks.c,196|security/selinux/hooks.c,197}"
CE0x4151c10 "{CE0x4151c10|cred_sid:tmp6|security/selinux/hooks.c,197}"
CE0x412fa40 "{CE0x412fa40|_ret_i32_%tmp6,_!dbg_!27716|security/selinux/hooks.c,197}"
CE0x40d0310 "{CE0x40d0310|cred_has_capability:call|security/selinux/hooks.c,1558}"
CE0x41289f0 "{CE0x41289f0|avc_has_perm_noaudit:ssid|Function::avc_has_perm_noaudit&Arg::ssid::}"
CE0x4208480 "{CE0x4208480|avc_denied:ssid|Function::avc_denied&Arg::ssid::}"
CE0x42ac370 "{CE0x42ac370|avc_update_node:ssid|Function::avc_update_node&Arg::ssid::}"
CE0x44edef0 "{CE0x44edef0|avc_node_populate:ssid|Function::avc_node_populate&Arg::ssid::}"
CE0x403fa20 "{CE0x403fa20|COLLAPSED:_GIRE_selinux_xfrm_refcount_global_%struct.atomic_t_zeroinitializer,_align_4:_elem_0:default:}"
CE0x4168000 "{CE0x4168000|avc_audit_required:tmp2|*LoadInst*|security/selinux/include/avc.h,75}"
CE0x4171590 "{CE0x4171590|avc_audit_required:neg|security/selinux/include/avc.h,75}"
CE0x4177770 "{CE0x4177770|avc_audit_required:and|security/selinux/include/avc.h,75}"
CE0x4336290 "{CE0x4336290|avc_audit_required:denied.1}"
CE0x42200f0 "{CE0x42200f0|0:_i32,_:_SCMR:_elem_0:default:}"
CE0x4220160 "{CE0x4220160|avc_audit:tmp10|security/selinux/include/avc.h,140}"
CE0x4224e10 "{CE0x4224e10|slow_avc_audit:denied|Function::slow_avc_audit&Arg::denied::}"
CE0x4146550 "{CE0x4146550|0:_i32,_4:_i32,_8:_i16,_12:_i32,_16:_i32,_20:_i32,_24:_i32,_56:_i8*,_:_SCMRE_56,64_|*MultipleSource*|*LoadInst*|include/linux/fs.h,1916|security/selinux/hooks.c,1675|Function::inode_has_perm&Arg::inode::|security/selinux/hooks.c,1611}"
CE0x410fad0 "{CE0x410fad0|inode_has_perm:tmp15|*LoadInst*|security/selinux/hooks.c,1615}"
CE0x4110180 "{CE0x4110180|inode_has_perm:tmp16|security/selinux/hooks.c,1615}"
CE0x41104a0 "{CE0x41104a0|inode_has_perm:sid3|security/selinux/hooks.c,1617}"
CE0x41c4270 "{CE0x41c4270|inode_has_perm:tmp17|security/selinux/hooks.c,1617}"
CE0x41c4670 "{CE0x41c4670|inode_has_perm:tmp17|security/selinux/hooks.c,1617|*SummSink*}"
CONST[source:0(mediator),value:2(dynamic)][purpose:{object}]


CONST[source:2(external),value:0(static)][purpose:{operation}][SrcIdx:0]  ->  CONST[source:0(mediator),value:2(dynamic)][purpose:{object}]
-----------
CONST[source:2(external),value:0(static)][purpose:{operation}][SrcIdx:0]
CE0x40c77f0 "{CE0x40c77f0|i32_1|*Constant*}"
CE0x4152c50 "{CE0x4152c50|cred_has_capability:shl|security/selinux/hooks.c,1559}"
CE0x41263e0 "{CE0x41263e0|avc_audit:requested|Function::avc_audit&Arg::requested::}"
CE0x420e6b0 "{CE0x420e6b0|avc_audit_required:requested|Function::avc_audit_required&Arg::requested::}"
CE0x4177770 "{CE0x4177770|avc_audit_required:and|security/selinux/include/avc.h,75}"
CE0x4336290 "{CE0x4336290|avc_audit_required:denied.1}"
CE0x42200f0 "{CE0x42200f0|0:_i32,_:_SCMR:_elem_0:default:}"
CE0x4220160 "{CE0x4220160|avc_audit:tmp10|security/selinux/include/avc.h,140}"
CE0x4224e10 "{CE0x4224e10|slow_avc_audit:denied|Function::slow_avc_audit&Arg::denied::}"
CE0x4146550 "{CE0x4146550|0:_i32,_4:_i32,_8:_i16,_12:_i32,_16:_i32,_20:_i32,_24:_i32,_56:_i8*,_:_SCMRE_56,64_|*MultipleSource*|*LoadInst*|include/linux/fs.h,1916|security/selinux/hooks.c,1675|Function::inode_has_perm&Arg::inode::|security/selinux/hooks.c,1611}"
CE0x410fad0 "{CE0x410fad0|inode_has_perm:tmp15|*LoadInst*|security/selinux/hooks.c,1615}"
CE0x4110180 "{CE0x4110180|inode_has_perm:tmp16|security/selinux/hooks.c,1615}"
CE0x41104a0 "{CE0x41104a0|inode_has_perm:sid3|security/selinux/hooks.c,1617}"
CE0x41c4270 "{CE0x41c4270|inode_has_perm:tmp17|security/selinux/hooks.c,1617}"
CE0x41c4670 "{CE0x41c4670|inode_has_perm:tmp17|security/selinux/hooks.c,1617|*SummSink*}"
CONST[source:0(mediator),value:2(dynamic)][purpose:{object}]


CONST[source:2(external),value:0(static)][purpose:{operation}][SrcIdx:0]  ->  CONST[source:0(mediator),value:0(static)][purpose:{operation}]
-----------
CONST[source:2(external),value:0(static)][purpose:{operation}][SrcIdx:0]
CE0x40c77f0 "{CE0x40c77f0|i32_1|*Constant*}"
CE0x4086a40 "{CE0x4086a40|i32_1|*Constant*|*SummSink*}"
CONST[source:0(mediator),value:0(static)][purpose:{operation}]


CONST[source:2(external),value:2(dynamic)][purpose:{subject}][SrcIdx:5]  ->  CONST[source:0(mediator),value:2(dynamic)][purpose:{subject}]
-----------
CONST[source:2(external),value:2(dynamic)][purpose:{subject}][SrcIdx:5]
CE0x4074140 "{CE0x4074140|COLLAPSED:_GCMRE_current_task_external_global_%struct.task_struct*:_elem_0::|security/selinux/hooks.c,3190}"
CE0x4083d60 "{CE0x4083d60|selinux_file_ioctl:tmp19|security/selinux/hooks.c,3190}"
CE0x408e6b0 "{CE0x408e6b0|file_has_perm:cred|Function::file_has_perm&Arg::cred::}"
CE0x40c5170 "{CE0x40c5170|cred_sid:cred|Function::cred_sid&Arg::cred::}"
CE0x40d1980 "{CE0x40d1980|cred_sid:security|security/selinux/hooks.c,196}"
CE0x4128120 "{CE0x4128120|cred_sid:tmp4|*LoadInst*|security/selinux/hooks.c,196}"
CE0x41283d0 "{CE0x41283d0|cred_sid:tmp5|security/selinux/hooks.c,196}"
CE0x412f6f0 "{CE0x412f6f0|cred_sid:sid|security/selinux/hooks.c,197}"
CE0x4155b10 "{CE0x4155b10|cred_sid:tmp6|security/selinux/hooks.c,197}"
CE0x40c5470 "{CE0x40c5470|_ret_i32_%tmp6,_!dbg_!27716|security/selinux/hooks.c,197}"
CE0x40ab200 "{CE0x40ab200|file_has_perm:call1|security/selinux/hooks.c,1677}"
CE0x40aabf0 "{CE0x40aabf0|file_has_perm:call1|security/selinux/hooks.c,1677|*SummSink*}"
CONST[source:0(mediator),value:2(dynamic)][purpose:{subject}]


CONST[source:2(external),value:2(dynamic)][purpose:{subject}][SrcIdx:5]  ->  CONST[source:0(mediator),value:2(dynamic)][purpose:{object}]
-----------
CONST[source:2(external),value:2(dynamic)][purpose:{subject}][SrcIdx:5]
CE0x4074140 "{CE0x4074140|COLLAPSED:_GCMRE_current_task_external_global_%struct.task_struct*:_elem_0::|security/selinux/hooks.c,3190}"
CE0x4083d60 "{CE0x4083d60|selinux_file_ioctl:tmp19|security/selinux/hooks.c,3190}"
CE0x40b40f0 "{CE0x40b40f0|cred_has_capability:cred|Function::cred_has_capability&Arg::cred::}"
CE0x412f9d0 "{CE0x412f9d0|cred_sid:cred|Function::cred_sid&Arg::cred::}"
CE0x4135fd0 "{CE0x4135fd0|cred_sid:security|security/selinux/hooks.c,196}"
CE0x4137420 "{CE0x4137420|cred_sid:tmp4|*LoadInst*|security/selinux/hooks.c,196}"
CE0x41374f0 "{CE0x41374f0|cred_sid:tmp5|security/selinux/hooks.c,196}"
CE0x4136290 "{CE0x4136290|cred_sid:sid|security/selinux/hooks.c,197}"
CE0x4151c10 "{CE0x4151c10|cred_sid:tmp6|security/selinux/hooks.c,197}"
CE0x412fa40 "{CE0x412fa40|_ret_i32_%tmp6,_!dbg_!27716|security/selinux/hooks.c,197}"
CE0x40d0310 "{CE0x40d0310|cred_has_capability:call|security/selinux/hooks.c,1558}"
CE0x41289f0 "{CE0x41289f0|avc_has_perm_noaudit:ssid|Function::avc_has_perm_noaudit&Arg::ssid::}"
CE0x4208480 "{CE0x4208480|avc_denied:ssid|Function::avc_denied&Arg::ssid::}"
CE0x42ac370 "{CE0x42ac370|avc_update_node:ssid|Function::avc_update_node&Arg::ssid::}"
CE0x44edef0 "{CE0x44edef0|avc_node_populate:ssid|Function::avc_node_populate&Arg::ssid::}"
CE0x403fa20 "{CE0x403fa20|COLLAPSED:_GIRE_selinux_xfrm_refcount_global_%struct.atomic_t_zeroinitializer,_align_4:_elem_0:default:}"
CE0x4168000 "{CE0x4168000|avc_audit_required:tmp2|*LoadInst*|security/selinux/include/avc.h,75}"
CE0x4171590 "{CE0x4171590|avc_audit_required:neg|security/selinux/include/avc.h,75}"
CE0x4177770 "{CE0x4177770|avc_audit_required:and|security/selinux/include/avc.h,75}"
CE0x4336290 "{CE0x4336290|avc_audit_required:denied.1}"
CE0x42200f0 "{CE0x42200f0|0:_i32,_:_SCMR:_elem_0:default:}"
CE0x4220160 "{CE0x4220160|avc_audit:tmp10|security/selinux/include/avc.h,140}"
CE0x4224e10 "{CE0x4224e10|slow_avc_audit:denied|Function::slow_avc_audit&Arg::denied::}"
CE0x4146550 "{CE0x4146550|0:_i32,_4:_i32,_8:_i16,_12:_i32,_16:_i32,_20:_i32,_24:_i32,_56:_i8*,_:_SCMRE_56,64_|*MultipleSource*|*LoadInst*|include/linux/fs.h,1916|security/selinux/hooks.c,1675|Function::inode_has_perm&Arg::inode::|security/selinux/hooks.c,1611}"
CE0x410fad0 "{CE0x410fad0|inode_has_perm:tmp15|*LoadInst*|security/selinux/hooks.c,1615}"
CE0x4110180 "{CE0x4110180|inode_has_perm:tmp16|security/selinux/hooks.c,1615}"
CE0x41104a0 "{CE0x41104a0|inode_has_perm:sid3|security/selinux/hooks.c,1617}"
CE0x41c4270 "{CE0x41c4270|inode_has_perm:tmp17|security/selinux/hooks.c,1617}"
CE0x41c4670 "{CE0x41c4670|inode_has_perm:tmp17|security/selinux/hooks.c,1617|*SummSink*}"
CONST[source:0(mediator),value:2(dynamic)][purpose:{object}]


CONST[source:2(external),value:0(static)][purpose:{operation}][SrcIdx:2]  ->  CONST[source:0(mediator),value:2(dynamic)][purpose:{object}]
-----------
CONST[source:2(external),value:0(static)][purpose:{operation}][SrcIdx:2]
CE0x46cce50 "{CE0x46cce50|i32_32768|*Constant*}"
CE0x46cd6e0 "{CE0x46cd6e0|kmem_cache_zalloc39:or|include/linux/slab.h,568}"
CE0x403fa20 "{CE0x403fa20|COLLAPSED:_GIRE_selinux_xfrm_refcount_global_%struct.atomic_t_zeroinitializer,_align_4:_elem_0:default:}"
CE0x4168000 "{CE0x4168000|avc_audit_required:tmp2|*LoadInst*|security/selinux/include/avc.h,75}"
CE0x4171590 "{CE0x4171590|avc_audit_required:neg|security/selinux/include/avc.h,75}"
CE0x4177770 "{CE0x4177770|avc_audit_required:and|security/selinux/include/avc.h,75}"
CE0x4336290 "{CE0x4336290|avc_audit_required:denied.1}"
CE0x42200f0 "{CE0x42200f0|0:_i32,_:_SCMR:_elem_0:default:}"
CE0x4220160 "{CE0x4220160|avc_audit:tmp10|security/selinux/include/avc.h,140}"
CE0x4224e10 "{CE0x4224e10|slow_avc_audit:denied|Function::slow_avc_audit&Arg::denied::}"
CE0x4146550 "{CE0x4146550|0:_i32,_4:_i32,_8:_i16,_12:_i32,_16:_i32,_20:_i32,_24:_i32,_56:_i8*,_:_SCMRE_56,64_|*MultipleSource*|*LoadInst*|include/linux/fs.h,1916|security/selinux/hooks.c,1675|Function::inode_has_perm&Arg::inode::|security/selinux/hooks.c,1611}"
CE0x410fad0 "{CE0x410fad0|inode_has_perm:tmp15|*LoadInst*|security/selinux/hooks.c,1615}"
CE0x4110180 "{CE0x4110180|inode_has_perm:tmp16|security/selinux/hooks.c,1615}"
CE0x41104a0 "{CE0x41104a0|inode_has_perm:sid3|security/selinux/hooks.c,1617}"
CE0x41c4270 "{CE0x41c4270|inode_has_perm:tmp17|security/selinux/hooks.c,1617}"
CE0x41c4670 "{CE0x41c4670|inode_has_perm:tmp17|security/selinux/hooks.c,1617|*SummSink*}"
CONST[source:0(mediator),value:2(dynamic)][purpose:{object}]



implicit:
CONST[source:2(external),value:2(dynamic)][purpose:{subject}][SrcIdx:5]  ->  CONST[source:0(mediator),value:2(dynamic)][purpose:{object}]
-----------
CONST[source:2(external),value:2(dynamic)][purpose:{subject}][SrcIdx:5]
CE0x4074140 "{CE0x4074140|COLLAPSED:_GCMRE_current_task_external_global_%struct.task_struct*:_elem_0::|security/selinux/hooks.c,3190}"
CE0x4083d60 "{CE0x4083d60|selinux_file_ioctl:tmp19|security/selinux/hooks.c,3190}"
CE0x408e6b0 "{CE0x408e6b0|file_has_perm:cred|Function::file_has_perm&Arg::cred::}"
CE0x40c5170 "{CE0x40c5170|cred_sid:cred|Function::cred_sid&Arg::cred::}"
CE0x40d1980 "{CE0x40d1980|cred_sid:security|security/selinux/hooks.c,196}"
CE0x4128120 "{CE0x4128120|cred_sid:tmp4|*LoadInst*|security/selinux/hooks.c,196}"
CE0x41283d0 "{CE0x41283d0|cred_sid:tmp5|security/selinux/hooks.c,196}"
CE0x412f6f0 "{CE0x412f6f0|cred_sid:sid|security/selinux/hooks.c,197}"
CE0x4155b10 "{CE0x4155b10|cred_sid:tmp6|security/selinux/hooks.c,197}"
CE0x40c5470 "{CE0x40c5470|_ret_i32_%tmp6,_!dbg_!27716|security/selinux/hooks.c,197}"
CE0x40ab200 "{CE0x40ab200|file_has_perm:call1|security/selinux/hooks.c,1677}"
CE0x40e1140 "{CE0x40e1140|file_has_perm:cmp|security/selinux/hooks.c,1683}"
CE0x40bce40 "{CE0x40bce40|file_has_perm:if.then}"
CE0x40e3e00 "{CE0x40e3e00|file_has_perm:tmp11|security/selinux/hooks.c,1684}"
CE0x40e3fa0 "{CE0x40e3fa0|file_has_perm:tmp11|security/selinux/hooks.c,1684|*SummSink*}"
CONST[source:0(mediator),value:2(dynamic)][purpose:{object}]


CONST[source:2(external),value:2(dynamic)][purpose:{subject}][SrcIdx:5]  ->  CONST[source:0(mediator),value:2(dynamic)][purpose:{subject}]
-----------
CONST[source:2(external),value:2(dynamic)][purpose:{subject}][SrcIdx:5]
CE0x4074140 "{CE0x4074140|COLLAPSED:_GCMRE_current_task_external_global_%struct.task_struct*:_elem_0::|security/selinux/hooks.c,3190}"
CE0x4083d60 "{CE0x4083d60|selinux_file_ioctl:tmp19|security/selinux/hooks.c,3190}"
CE0x408e6b0 "{CE0x408e6b0|file_has_perm:cred|Function::file_has_perm&Arg::cred::}"
CE0x40c5170 "{CE0x40c5170|cred_sid:cred|Function::cred_sid&Arg::cred::}"
CE0x40d1980 "{CE0x40d1980|cred_sid:security|security/selinux/hooks.c,196}"
CE0x4128120 "{CE0x4128120|cred_sid:tmp4|*LoadInst*|security/selinux/hooks.c,196}"
CE0x41283d0 "{CE0x41283d0|cred_sid:tmp5|security/selinux/hooks.c,196}"
CE0x412f6f0 "{CE0x412f6f0|cred_sid:sid|security/selinux/hooks.c,197}"
CE0x4155b10 "{CE0x4155b10|cred_sid:tmp6|security/selinux/hooks.c,197}"
CE0x40c5470 "{CE0x40c5470|_ret_i32_%tmp6,_!dbg_!27716|security/selinux/hooks.c,197}"
CE0x40ab200 "{CE0x40ab200|file_has_perm:call1|security/selinux/hooks.c,1677}"
CE0x40aabf0 "{CE0x40aabf0|file_has_perm:call1|security/selinux/hooks.c,1677|*SummSink*}"
CONST[source:0(mediator),value:2(dynamic)][purpose:{subject}]


CONST[source:1(input),value:2(dynamic)][purpose:{object}][SrcIdx:3]  ->  CONST[source:0(mediator),value:2(dynamic)][purpose:{object}]
-----------
CONST[source:1(input),value:2(dynamic)][purpose:{object}][SrcIdx:3]
CE0x40e0e90 "{CE0x40e0e90|0:_i32,_:_CRE_0,4_|*MultipleSource*|*LoadInst*|security/selinux/hooks.c,1674|security/selinux/hooks.c,1674|security/selinux/hooks.c,1683}"
CE0x40e3e00 "{CE0x40e3e00|file_has_perm:tmp11|security/selinux/hooks.c,1684}"
CE0x40e3fa0 "{CE0x40e3fa0|file_has_perm:tmp11|security/selinux/hooks.c,1684|*SummSink*}"
CONST[source:0(mediator),value:2(dynamic)][purpose:{object}]


CONST[source:1(input),value:2(dynamic)][purpose:{object}][SrcIdx:3]  ->  CONST[source:0(mediator),value:2(dynamic)][purpose:{subject}]
-----------
CONST[source:1(input),value:2(dynamic)][purpose:{object}][SrcIdx:3]
CE0x40e0e90 "{CE0x40e0e90|0:_i32,_:_CRE_0,4_|*MultipleSource*|*LoadInst*|security/selinux/hooks.c,1674|security/selinux/hooks.c,1674|security/selinux/hooks.c,1683}"
CE0x40e14a0 "{CE0x40e14a0|file_has_perm:tmp6|security/selinux/hooks.c,1683}"
CE0x40e1140 "{CE0x40e1140|file_has_perm:cmp|security/selinux/hooks.c,1683}"
CE0x40cab00 "{CE0x40cab00|file_has_perm:if.then8}"
CE0x4116550 "{CE0x4116550|inode_has_perm:entry}"
CE0x4154a10 "{CE0x4154a10|inode_has_perm:if.end}"
CE0x41bc710 "{CE0x41bc710|inode_has_perm:call|security/selinux/hooks.c,1614}"
CE0x41bc8b0 "{CE0x41bc8b0|inode_has_perm:call|security/selinux/hooks.c,1614|*SummSink*}"
CONST[source:0(mediator),value:2(dynamic)][purpose:{subject}]


CONST[source:2(external),value:0(static)][purpose:{operation}][SrcIdx:0]  ->  CONST[source:0(mediator),value:2(dynamic)][purpose:{object}]
-----------
CONST[source:2(external),value:0(static)][purpose:{operation}][SrcIdx:0]
CE0x40c77f0 "{CE0x40c77f0|i32_1|*Constant*}"
CE0x4138900 "{CE0x4138900|cred_has_capability:if.then}"
CE0x41253d0 "{CE0x41253d0|avc_audit:entry}"
CE0x421d4b0 "{CE0x421d4b0|avc_audit:if.end}"
CE0x4221200 "{CE0x4221200|slow_avc_audit:entry}"
CE0x41dbda0 "{CE0x41dbda0|slow_avc_audit:if.end5}"
CE0x4146550 "{CE0x4146550|0:_i32,_4:_i32,_8:_i16,_12:_i32,_16:_i32,_20:_i32,_24:_i32,_56:_i8*,_:_SCMRE_56,64_|*MultipleSource*|*LoadInst*|include/linux/fs.h,1916|security/selinux/hooks.c,1675|Function::inode_has_perm&Arg::inode::|security/selinux/hooks.c,1611}"
CE0x410fad0 "{CE0x410fad0|inode_has_perm:tmp15|*LoadInst*|security/selinux/hooks.c,1615}"
CE0x4110180 "{CE0x4110180|inode_has_perm:tmp16|security/selinux/hooks.c,1615}"
CE0x41104a0 "{CE0x41104a0|inode_has_perm:sid3|security/selinux/hooks.c,1617}"
CE0x41c4270 "{CE0x41c4270|inode_has_perm:tmp17|security/selinux/hooks.c,1617}"
CE0x41c4670 "{CE0x41c4670|inode_has_perm:tmp17|security/selinux/hooks.c,1617|*SummSink*}"
CONST[source:0(mediator),value:2(dynamic)][purpose:{object}]


CONST[source:2(external),value:0(static)][purpose:{operation}][SrcIdx:0]  ->  CONST[source:0(mediator),value:0(static)][purpose:{operation}]
-----------
CONST[source:2(external),value:0(static)][purpose:{operation}][SrcIdx:0]
CE0x40c77f0 "{CE0x40c77f0|i32_1|*Constant*}"
CE0x4086a40 "{CE0x4086a40|i32_1|*Constant*|*SummSink*}"
CONST[source:0(mediator),value:0(static)][purpose:{operation}]


CONST[source:2(external),value:0(static)][purpose:{operation}][SrcIdx:0]  ->  CONST[source:0(mediator),value:2(dynamic)][purpose:{subject}]
-----------
CONST[source:2(external),value:0(static)][purpose:{operation}][SrcIdx:0]
CE0x40c77f0 "{CE0x40c77f0|i32_1|*Constant*}"
CE0x4152c50 "{CE0x4152c50|cred_has_capability:shl|security/selinux/hooks.c,1559}"
CE0x41263e0 "{CE0x41263e0|avc_audit:requested|Function::avc_audit&Arg::requested::}"
CE0x42250b0 "{CE0x42250b0|slow_avc_audit:requested|Function::slow_avc_audit&Arg::requested::}"
CE0x4046070 "{CE0x4046070|0:_i32,_4:_i32,_8:_i16,_12:_i32,_16:_i32,_20:_i32,_24:_i32,_56:_i8*,_:_SCMRE_12,16_|*MultipleSource*|*LoadInst*|include/linux/fs.h,1916|security/selinux/hooks.c,1675|Function::inode_has_perm&Arg::inode::|security/selinux/hooks.c,1611}"
CE0x41442a0 "{CE0x41442a0|inode_has_perm:tmp6|*LoadInst*|security/selinux/hooks.c,1611}"
CE0x41c8770 "{CE0x41c8770|inode_has_perm:and|security/selinux/hooks.c,1611}"
CE0x41bb630 "{CE0x41bb630|inode_has_perm:tobool|security/selinux/hooks.c,1611}"
CE0x41c8e90 "{CE0x41c8e90|inode_has_perm:lnot|security/selinux/hooks.c,1611}"
CE0x41c9180 "{CE0x41c9180|inode_has_perm:lnot1|security/selinux/hooks.c,1611}"
CE0x41c9aa0 "{CE0x41c9aa0|inode_has_perm:lnot.ext|security/selinux/hooks.c,1611}"
CE0x41c97e0 "{CE0x41c97e0|inode_has_perm:conv|security/selinux/hooks.c,1611}"
CE0x41ca8f0 "{CE0x41ca8f0|inode_has_perm:expval|security/selinux/hooks.c,1611}"
CE0x41caf50 "{CE0x41caf50|inode_has_perm:tobool2|security/selinux/hooks.c,1611}"
CE0x4154a10 "{CE0x4154a10|inode_has_perm:if.end}"
CE0x41bc710 "{CE0x41bc710|inode_has_perm:call|security/selinux/hooks.c,1614}"
CE0x41bc8b0 "{CE0x41bc8b0|inode_has_perm:call|security/selinux/hooks.c,1614|*SummSink*}"
CONST[source:0(mediator),value:2(dynamic)][purpose:{subject}]


CONST[source:2(external),value:0(static)][purpose:{operation}][SrcIdx:2]  ->  CONST[source:0(mediator),value:2(dynamic)][purpose:{object}]
-----------
CONST[source:2(external),value:0(static)][purpose:{operation}][SrcIdx:2]
CE0x46cce50 "{CE0x46cce50|i32_32768|*Constant*}"
CE0x46cd6e0 "{CE0x46cd6e0|kmem_cache_zalloc39:or|include/linux/slab.h,568}"
CE0x403fa20 "{CE0x403fa20|COLLAPSED:_GIRE_selinux_xfrm_refcount_global_%struct.atomic_t_zeroinitializer,_align_4:_elem_0:default:}"
CE0x4168000 "{CE0x4168000|avc_audit_required:tmp2|*LoadInst*|security/selinux/include/avc.h,75}"
CE0x4171590 "{CE0x4171590|avc_audit_required:neg|security/selinux/include/avc.h,75}"
CE0x4177770 "{CE0x4177770|avc_audit_required:and|security/selinux/include/avc.h,75}"
CE0x4336290 "{CE0x4336290|avc_audit_required:denied.1}"
CE0x42200f0 "{CE0x42200f0|0:_i32,_:_SCMR:_elem_0:default:}"
CE0x4220160 "{CE0x4220160|avc_audit:tmp10|security/selinux/include/avc.h,140}"
CE0x4224e10 "{CE0x4224e10|slow_avc_audit:denied|Function::slow_avc_audit&Arg::denied::}"
CE0x4146550 "{CE0x4146550|0:_i32,_4:_i32,_8:_i16,_12:_i32,_16:_i32,_20:_i32,_24:_i32,_56:_i8*,_:_SCMRE_56,64_|*MultipleSource*|*LoadInst*|include/linux/fs.h,1916|security/selinux/hooks.c,1675|Function::inode_has_perm&Arg::inode::|security/selinux/hooks.c,1611}"
CE0x410fad0 "{CE0x410fad0|inode_has_perm:tmp15|*LoadInst*|security/selinux/hooks.c,1615}"
CE0x4110180 "{CE0x4110180|inode_has_perm:tmp16|security/selinux/hooks.c,1615}"
CE0x41104a0 "{CE0x41104a0|inode_has_perm:sid3|security/selinux/hooks.c,1617}"
CE0x41c4270 "{CE0x41c4270|inode_has_perm:tmp17|security/selinux/hooks.c,1617}"
CE0x41c4670 "{CE0x41c4670|inode_has_perm:tmp17|security/selinux/hooks.c,1617|*SummSink*}"
CONST[source:0(mediator),value:2(dynamic)][purpose:{object}]


CONST[source:2(external),value:0(static)][purpose:{operation}][SrcIdx:2]  ->  CONST[source:0(mediator),value:2(dynamic)][purpose:{subject}]
-----------
CONST[source:2(external),value:0(static)][purpose:{operation}][SrcIdx:2]
CE0x46cce50 "{CE0x46cce50|i32_32768|*Constant*}"
CE0x46cd6e0 "{CE0x46cd6e0|kmem_cache_zalloc39:or|include/linux/slab.h,568}"
CE0x403fa20 "{CE0x403fa20|COLLAPSED:_GIRE_selinux_xfrm_refcount_global_%struct.atomic_t_zeroinitializer,_align_4:_elem_0:default:}"
CE0x4168000 "{CE0x4168000|avc_audit_required:tmp2|*LoadInst*|security/selinux/include/avc.h,75}"
CE0x4171590 "{CE0x4171590|avc_audit_required:neg|security/selinux/include/avc.h,75}"
CE0x4177770 "{CE0x4177770|avc_audit_required:and|security/selinux/include/avc.h,75}"
CE0x4336290 "{CE0x4336290|avc_audit_required:denied.1}"
CE0x42200f0 "{CE0x42200f0|0:_i32,_:_SCMR:_elem_0:default:}"
CE0x4220160 "{CE0x4220160|avc_audit:tmp10|security/selinux/include/avc.h,140}"
CE0x4224e10 "{CE0x4224e10|slow_avc_audit:denied|Function::slow_avc_audit&Arg::denied::}"
CE0x4046070 "{CE0x4046070|0:_i32,_4:_i32,_8:_i16,_12:_i32,_16:_i32,_20:_i32,_24:_i32,_56:_i8*,_:_SCMRE_12,16_|*MultipleSource*|*LoadInst*|include/linux/fs.h,1916|security/selinux/hooks.c,1675|Function::inode_has_perm&Arg::inode::|security/selinux/hooks.c,1611}"
CE0x41442a0 "{CE0x41442a0|inode_has_perm:tmp6|*LoadInst*|security/selinux/hooks.c,1611}"
CE0x41c8770 "{CE0x41c8770|inode_has_perm:and|security/selinux/hooks.c,1611}"
CE0x41bb630 "{CE0x41bb630|inode_has_perm:tobool|security/selinux/hooks.c,1611}"
CE0x41c8e90 "{CE0x41c8e90|inode_has_perm:lnot|security/selinux/hooks.c,1611}"
CE0x41c9180 "{CE0x41c9180|inode_has_perm:lnot1|security/selinux/hooks.c,1611}"
CE0x41c9aa0 "{CE0x41c9aa0|inode_has_perm:lnot.ext|security/selinux/hooks.c,1611}"
CE0x41c97e0 "{CE0x41c97e0|inode_has_perm:conv|security/selinux/hooks.c,1611}"
CE0x41ca8f0 "{CE0x41ca8f0|inode_has_perm:expval|security/selinux/hooks.c,1611}"
CE0x41caf50 "{CE0x41caf50|inode_has_perm:tobool2|security/selinux/hooks.c,1611}"
CE0x4154a10 "{CE0x4154a10|inode_has_perm:if.end}"
CE0x41bc710 "{CE0x41bc710|inode_has_perm:call|security/selinux/hooks.c,1614}"
CE0x41bc8b0 "{CE0x41bc8b0|inode_has_perm:call|security/selinux/hooks.c,1614|*SummSink*}"
CONST[source:0(mediator),value:2(dynamic)][purpose:{subject}]


CONST[source:1(input),value:2(dynamic)][purpose:{operation}][SrcIdx:4]  ->  CONST[source:0(mediator),value:2(dynamic)][purpose:{object}]
-----------
CONST[source:1(input),value:2(dynamic)][purpose:{operation}][SrcIdx:4]
CE0x40850b0 "{CE0x40850b0|selinux_file_ioctl:cmd|Function::selinux_file_ioctl&Arg::cmd::|*SummSource*}"
CE0x4084f80 "{CE0x4084f80|selinux_file_ioctl:cmd|Function::selinux_file_ioctl&Arg::cmd::}"
CE0x40529c0 "{CE0x40529c0|selinux_file_ioctl:sw.bb}"
CE0x408e180 "{CE0x408e180|file_has_perm:entry}"
CE0x40bce40 "{CE0x40bce40|file_has_perm:if.then}"
CE0x40e3e00 "{CE0x40e3e00|file_has_perm:tmp11|security/selinux/hooks.c,1684}"
CE0x40e3fa0 "{CE0x40e3fa0|file_has_perm:tmp11|security/selinux/hooks.c,1684|*SummSink*}"
CONST[source:0(mediator),value:2(dynamic)][purpose:{object}]


CONST[source:1(input),value:2(dynamic)][purpose:{operation}][SrcIdx:4]  ->  CONST[source:0(mediator),value:2(dynamic)][purpose:{subject}]
-----------
CONST[source:1(input),value:2(dynamic)][purpose:{operation}][SrcIdx:4]
CE0x40850b0 "{CE0x40850b0|selinux_file_ioctl:cmd|Function::selinux_file_ioctl&Arg::cmd::|*SummSource*}"
CE0x4084f80 "{CE0x4084f80|selinux_file_ioctl:cmd|Function::selinux_file_ioctl&Arg::cmd::}"
CE0x40529c0 "{CE0x40529c0|selinux_file_ioctl:sw.bb}"
CE0x408e180 "{CE0x408e180|file_has_perm:entry}"
CE0x40c7170 "{CE0x40c7170|file_has_perm:bb}"
CE0x40ab200 "{CE0x40ab200|file_has_perm:call1|security/selinux/hooks.c,1677}"
CE0x40aabf0 "{CE0x40aabf0|file_has_perm:call1|security/selinux/hooks.c,1677|*SummSink*}"
CONST[source:0(mediator),value:2(dynamic)][purpose:{subject}]


CONST[source:0(mediator),value:2(dynamic)][purpose:{subject}][SrcIdx:6]  ->  CONST[source:0(mediator),value:2(dynamic)][purpose:{object}]
-----------
CONST[source:0(mediator),value:2(dynamic)][purpose:{subject}][SrcIdx:6]
CE0x412e830 "{CE0x412e830|0:_i32,_4:_i32,_8:_i32,_12:_i32,_:_CMRE_4,8_|*MultipleSource*|security/selinux/hooks.c,196|*LoadInst*|security/selinux/hooks.c,196|security/selinux/hooks.c,197}"
CE0x4155b10 "{CE0x4155b10|cred_sid:tmp6|security/selinux/hooks.c,197}"
CE0x40c5470 "{CE0x40c5470|_ret_i32_%tmp6,_!dbg_!27716|security/selinux/hooks.c,197}"
CE0x40ab200 "{CE0x40ab200|file_has_perm:call1|security/selinux/hooks.c,1677}"
CE0x40e1140 "{CE0x40e1140|file_has_perm:cmp|security/selinux/hooks.c,1683}"
CE0x40bce40 "{CE0x40bce40|file_has_perm:if.then}"
CE0x40e3e00 "{CE0x40e3e00|file_has_perm:tmp11|security/selinux/hooks.c,1684}"
CE0x40e3fa0 "{CE0x40e3fa0|file_has_perm:tmp11|security/selinux/hooks.c,1684|*SummSink*}"
CONST[source:0(mediator),value:2(dynamic)][purpose:{object}]


