[selinux_socket_getsockname]

explicit:
CONST[source:2(external),value:2(dynamic)][purpose:{subject}]  ->  CONST[source:1(input),value:2(dynamic)][purpose:{subject}]
-----------
CONST[source:2(external),value:2(dynamic)][purpose:{subject}]
CE0x4c97cb0 "{CE0x4c97cb0|COLLAPSED:_GCMRE_current_task_external_global_%struct.task_struct*:_elem_0:default:}"
CE0x4cec4c0 "{CE0x4cec4c0|task_sid:_tmp4|*LoadInst*|security/selinux/hooks.c,208}"
CE0x4cc94b0 "{CE0x4cc94b0|cred_sid:_cred|Function::cred_sid&Arg::cred::}"
CE0x4c7a160 "{CE0x4c7a160|cred_sid:_security|security/selinux/hooks.c,196}"
CE0x4c793e0 "{CE0x4c793e0|cred_sid:_tmp4|*LoadInst*|security/selinux/hooks.c,196}"
CE0x4c74010 "{CE0x4c74010|cred_sid:_tmp5|security/selinux/hooks.c,196}"
CE0x4ce7ff0 "{CE0x4ce7ff0|cred_sid:_sid|security/selinux/hooks.c,197}"
CE0x4cf14d0 "{CE0x4cf14d0|cred_sid:_tmp6|security/selinux/hooks.c,197}"
CE0x4cc9820 "{CE0x4cc9820|_ret_i32_%tmp6,_!dbg_!27716|security/selinux/hooks.c,197}"
CE0x4cc87b0 "{CE0x4cc87b0|task_sid:_call7|security/selinux/hooks.c,208}"
CE0x4cd7360 "{CE0x4cd7360|_ret_i32_%call7,_!dbg_!27749|security/selinux/hooks.c,210}"
CE0x4cd8850 "{CE0x4cd8850|sock_has_perm:_call|security/selinux/hooks.c,3967}"
CE0x4cd89f0 "{CE0x4cd89f0|sock_has_perm:_call|security/selinux/hooks.c,3967|*SummSink*}"
CONST[source:1(input),value:2(dynamic)][purpose:{subject}]


CONST[source:1(input),value:2(dynamic)][purpose:{object}]  ->  CONST[source:0(mediator),value:2(dynamic)][purpose:{object}]
-----------
CONST[source:1(input),value:2(dynamic)][purpose:{object}]
CE0x4c65760 "{CE0x4c65760|32:_%struct.sock*,_:_CRE_32,40_|*MultipleSource*|Function::selinux_socket_getsockname&Arg::sock::|security/selinux/hooks.c,4226}"
CE0x4c717a0 "{CE0x4c717a0|selinux_socket_getsockname:_tmp4|*LoadInst*|security/selinux/hooks.c,4226}"
CE0x4c891c0 "{CE0x4c891c0|sock_has_perm:_sk|Function::sock_has_perm&Arg::sk::}"
CE0x4c797b0 "{CE0x4c797b0|sock_has_perm:_sk_security|security/selinux/hooks.c,3964}"
CE0x4cbecf0 "{CE0x4cbecf0|sock_has_perm:_tmp2|*LoadInst*|security/selinux/hooks.c,3964}"
CE0x4cdcb00 "{CE0x4cdcb00|sock_has_perm:_tmp3|security/selinux/hooks.c,3964}"
CE0x4ccf990 "{CE0x4ccf990|sock_has_perm:_sid5|security/selinux/hooks.c,3976}"
CE0x4cd02e0 "{CE0x4cd02e0|sock_has_perm:_tmp16|security/selinux/hooks.c,3976}"
CE0x4cd05d0 "{CE0x4cd05d0|sock_has_perm:_tmp16|security/selinux/hooks.c,3976|*SummSink*}"
CONST[source:0(mediator),value:2(dynamic)][purpose:{object}]



implicit:
CONST[source:1(input),value:2(dynamic)][purpose:{object}]  ->  CONST[source:0(mediator),value:2(dynamic)][purpose:{object}]
-----------
CONST[source:1(input),value:2(dynamic)][purpose:{object}]
CE0x4c65760 "{CE0x4c65760|32:_%struct.sock*,_:_CRE_32,40_|*MultipleSource*|Function::selinux_socket_getsockname&Arg::sock::|security/selinux/hooks.c,4226}"
CE0x4c717a0 "{CE0x4c717a0|selinux_socket_getsockname:_tmp4|*LoadInst*|security/selinux/hooks.c,4226}"
CE0x4c891c0 "{CE0x4c891c0|sock_has_perm:_sk|Function::sock_has_perm&Arg::sk::}"
CE0x4c797b0 "{CE0x4c797b0|sock_has_perm:_sk_security|security/selinux/hooks.c,3964}"
CE0x4cbecf0 "{CE0x4cbecf0|sock_has_perm:_tmp2|*LoadInst*|security/selinux/hooks.c,3964}"
CE0x4cdcb00 "{CE0x4cdcb00|sock_has_perm:_tmp3|security/selinux/hooks.c,3964}"
CE0x4cd0270 "{CE0x4cd0270|sock_has_perm:_sclass|security/selinux/hooks.c,3976}"
CE0x4ccda10 "{CE0x4ccda10|sock_has_perm:_tmp17|security/selinux/hooks.c,3976}"
CE0x4ccd4f0 "{CE0x4ccd4f0|sock_has_perm:_tmp17|security/selinux/hooks.c,3976|*SummSink*}"
CONST[source:0(mediator),value:2(dynamic)][purpose:{object}]


CONST[source:2(external),value:2(dynamic)][purpose:{subject}]  ->  CONST[source:1(input),value:2(dynamic)][purpose:{subject}]
-----------
CONST[source:2(external),value:2(dynamic)][purpose:{subject}]
CE0x4c97cb0 "{CE0x4c97cb0|COLLAPSED:_GCMRE_current_task_external_global_%struct.task_struct*:_elem_0:default:}"
CE0x4cec4c0 "{CE0x4cec4c0|task_sid:_tmp4|*LoadInst*|security/selinux/hooks.c,208}"
CE0x4cc94b0 "{CE0x4cc94b0|cred_sid:_cred|Function::cred_sid&Arg::cred::}"
CE0x4c7a160 "{CE0x4c7a160|cred_sid:_security|security/selinux/hooks.c,196}"
CE0x4c793e0 "{CE0x4c793e0|cred_sid:_tmp4|*LoadInst*|security/selinux/hooks.c,196}"
CE0x4c74010 "{CE0x4c74010|cred_sid:_tmp5|security/selinux/hooks.c,196}"
CE0x4ce7ff0 "{CE0x4ce7ff0|cred_sid:_sid|security/selinux/hooks.c,197}"
CE0x4cf14d0 "{CE0x4cf14d0|cred_sid:_tmp6|security/selinux/hooks.c,197}"
CE0x4cc9820 "{CE0x4cc9820|_ret_i32_%tmp6,_!dbg_!27716|security/selinux/hooks.c,197}"
CE0x4cc87b0 "{CE0x4cc87b0|task_sid:_call7|security/selinux/hooks.c,208}"
CE0x4cd7360 "{CE0x4cd7360|_ret_i32_%call7,_!dbg_!27749|security/selinux/hooks.c,210}"
CE0x4cd8850 "{CE0x4cd8850|sock_has_perm:_call|security/selinux/hooks.c,3967}"
CE0x4cd89f0 "{CE0x4cd89f0|sock_has_perm:_call|security/selinux/hooks.c,3967|*SummSink*}"
CONST[source:1(input),value:2(dynamic)][purpose:{subject}]


