[selinux_inode_getsecctx]

explicit:
CONST[source:0(mediator),value:2(dynamic)][purpose:{subject}]  ->  CONST[source:0(mediator),value:2(dynamic)][purpose:{object}]
-----------
CONST[source:0(mediator),value:2(dynamic)][purpose:{subject}]
CE0x4c2f7e0 "{CE0x4c2f7e0|0:_i32,_4:_i32,_8:_i32,_12:_i32,_:_CMRE_4,8_|*MultipleSource*|security/selinux/hooks.c,196|*LoadInst*|security/selinux/hooks.c,196|security/selinux/hooks.c,197}"
CE0x4c27ea0 "{CE0x4c27ea0|cred_sid:_tmp6|security/selinux/hooks.c,197}"
CE0x4c430b0 "{CE0x4c430b0|_ret_i32_%tmp6,_!dbg_!27716|security/selinux/hooks.c,197}"
CE0x4bbd4c0 "{CE0x4bbd4c0|cred_has_capability:_call|security/selinux/hooks.c,1558}"
CE0x4c312a0 "{CE0x4c312a0|cred_has_capability:_call|security/selinux/hooks.c,1558|*SummSink*}"
CONST[source:0(mediator),value:2(dynamic)][purpose:{object}]


CONST[source:2(external),value:0(static)][purpose:{operation}]  ->  CONST[source:0(mediator),value:0(static)][purpose:{operation}]
-----------
CONST[source:2(external),value:0(static)][purpose:{operation}]
CE0x4c60900 "{CE0x4c60900|i32_1|*Constant*}"
CE0x4bc6620 "{CE0x4bc6620|cred_has_capability:_shl|security/selinux/hooks.c,1559}"
CE0x4bc68b0 "{CE0x4bc68b0|cred_has_capability:_shl|security/selinux/hooks.c,1559|*SummSink*}"
CONST[source:0(mediator),value:0(static)][purpose:{operation}]


CONST[source:2(external),value:2(dynamic)][purpose:{subject}]  ->  CONST[source:0(mediator),value:2(dynamic)][purpose:{subject}]
-----------
CONST[source:2(external),value:2(dynamic)][purpose:{subject}]
CE0x4be99f0 "{CE0x4be99f0|COLLAPSED:_GCMRE_current_task_external_global_%struct.task_struct*:_elem_0::|security/selinux/hooks.c,3087}"
CE0x4be9c40 "{CE0x4be9c40|selinux_inode_getsecurity:_tmp27|security/selinux/hooks.c,3087}"
CE0x4beb140 "{CE0x4beb140|selinux_capable:_cred|Function::selinux_capable&Arg::cred::}"
CE0x4bbf450 "{CE0x4bbf450|cred_has_capability:_cred|Function::cred_has_capability&Arg::cred::}"
CE0x4b98ac0 "{CE0x4b98ac0|cred_sid:_cred|Function::cred_sid&Arg::cred::}"
CE0x4c2e780 "{CE0x4c2e780|cred_sid:_security|security/selinux/hooks.c,196}"
CE0x4c57370 "{CE0x4c57370|cred_sid:_tmp4|*LoadInst*|security/selinux/hooks.c,196}"
CE0x4c630a0 "{CE0x4c630a0|cred_sid:_tmp5|security/selinux/hooks.c,196}"
CE0x4c60af0 "{CE0x4c60af0|cred_sid:_sid|security/selinux/hooks.c,197}"
CE0x4c27ea0 "{CE0x4c27ea0|cred_sid:_tmp6|security/selinux/hooks.c,197}"
CE0x4c430b0 "{CE0x4c430b0|_ret_i32_%tmp6,_!dbg_!27716|security/selinux/hooks.c,197}"
CE0x4bbd4c0 "{CE0x4bbd4c0|cred_has_capability:_call|security/selinux/hooks.c,1558}"
CE0x4c312a0 "{CE0x4c312a0|cred_has_capability:_call|security/selinux/hooks.c,1558|*SummSink*}"
CONST[source:0(mediator),value:2(dynamic)][purpose:{subject}]


CONST[source:2(external),value:2(dynamic)][purpose:{subject}]  ->  CONST[source:0(mediator),value:2(dynamic)][purpose:{object}]
-----------
CONST[source:2(external),value:2(dynamic)][purpose:{subject}]
CE0x4be99f0 "{CE0x4be99f0|COLLAPSED:_GCMRE_current_task_external_global_%struct.task_struct*:_elem_0::|security/selinux/hooks.c,3087}"
CE0x4be9c40 "{CE0x4be9c40|selinux_inode_getsecurity:_tmp27|security/selinux/hooks.c,3087}"
CE0x4beb140 "{CE0x4beb140|selinux_capable:_cred|Function::selinux_capable&Arg::cred::}"
CE0x4bbf450 "{CE0x4bbf450|cred_has_capability:_cred|Function::cred_has_capability&Arg::cred::}"
CE0x4b98ac0 "{CE0x4b98ac0|cred_sid:_cred|Function::cred_sid&Arg::cred::}"
CE0x4c2e780 "{CE0x4c2e780|cred_sid:_security|security/selinux/hooks.c,196}"
CE0x4c57370 "{CE0x4c57370|cred_sid:_tmp4|*LoadInst*|security/selinux/hooks.c,196}"
CE0x4c630a0 "{CE0x4c630a0|cred_sid:_tmp5|security/selinux/hooks.c,196}"
CE0x4c60af0 "{CE0x4c60af0|cred_sid:_sid|security/selinux/hooks.c,197}"
CE0x4c27ea0 "{CE0x4c27ea0|cred_sid:_tmp6|security/selinux/hooks.c,197}"
CE0x4c430b0 "{CE0x4c430b0|_ret_i32_%tmp6,_!dbg_!27716|security/selinux/hooks.c,197}"
CE0x4bbd4c0 "{CE0x4bbd4c0|cred_has_capability:_call|security/selinux/hooks.c,1558}"
CE0x4c312a0 "{CE0x4c312a0|cred_has_capability:_call|security/selinux/hooks.c,1558|*SummSink*}"
CONST[source:0(mediator),value:2(dynamic)][purpose:{object}]



implicit:
CONST[source:2(external),value:0(static)][purpose:{operation}]  ->  CONST[source:0(mediator),value:0(static)][purpose:{operation}]
-----------
CONST[source:2(external),value:0(static)][purpose:{operation}]
CE0x4c60900 "{CE0x4c60900|i32_1|*Constant*}"
CE0x4bc6620 "{CE0x4bc6620|cred_has_capability:_shl|security/selinux/hooks.c,1559}"
CE0x4bc68b0 "{CE0x4bc68b0|cred_has_capability:_shl|security/selinux/hooks.c,1559|*SummSink*}"
CONST[source:0(mediator),value:0(static)][purpose:{operation}]


CONST[source:2(external),value:0(static)][purpose:{operation}]  ->  CONST[source:0(mediator),value:2(dynamic)][purpose:{object}]
-----------
CONST[source:2(external),value:0(static)][purpose:{operation}]
CE0x4bdb8f0 "{CE0x4bdb8f0|selinux_capable:_cap|Function::selinux_capable&Arg::cap::|*SummSource*}"
CE0x4bec290 "{CE0x4bec290|selinux_capable:_cap|Function::selinux_capable&Arg::cap::}"
CE0x4bbf870 "{CE0x4bbf870|cred_has_capability:_cap|Function::cred_has_capability&Arg::cap::}"
CE0x4b97c40 "{CE0x4b97c40|cred_has_capability:_shr|security/selinux/hooks.c,1565}"
CE0x4b6fd10 "{CE0x4b6fd10|cred_has_capability:_sw.epilog}"
CE0x4c4eac0 "{CE0x4c4eac0|cred_has_capability:_sclass.0}"
CE0x4c4eca0 "{CE0x4c4eca0|cred_has_capability:_sclass.0|*SummSink*}"
CONST[source:0(mediator),value:2(dynamic)][purpose:{object}]


CONST[source:2(external),value:2(dynamic)][purpose:{subject}]  ->  CONST[source:0(mediator),value:2(dynamic)][purpose:{subject}]
-----------
CONST[source:2(external),value:2(dynamic)][purpose:{subject}]
CE0x4be99f0 "{CE0x4be99f0|COLLAPSED:_GCMRE_current_task_external_global_%struct.task_struct*:_elem_0::|security/selinux/hooks.c,3087}"
CE0x4be9c40 "{CE0x4be9c40|selinux_inode_getsecurity:_tmp27|security/selinux/hooks.c,3087}"
CE0x4beb140 "{CE0x4beb140|selinux_capable:_cred|Function::selinux_capable&Arg::cred::}"
CE0x4bbf450 "{CE0x4bbf450|cred_has_capability:_cred|Function::cred_has_capability&Arg::cred::}"
CE0x4b98ac0 "{CE0x4b98ac0|cred_sid:_cred|Function::cred_sid&Arg::cred::}"
CE0x4c2e780 "{CE0x4c2e780|cred_sid:_security|security/selinux/hooks.c,196}"
CE0x4c57370 "{CE0x4c57370|cred_sid:_tmp4|*LoadInst*|security/selinux/hooks.c,196}"
CE0x4c630a0 "{CE0x4c630a0|cred_sid:_tmp5|security/selinux/hooks.c,196}"
CE0x4c60af0 "{CE0x4c60af0|cred_sid:_sid|security/selinux/hooks.c,197}"
CE0x4c27ea0 "{CE0x4c27ea0|cred_sid:_tmp6|security/selinux/hooks.c,197}"
CE0x4c430b0 "{CE0x4c430b0|_ret_i32_%tmp6,_!dbg_!27716|security/selinux/hooks.c,197}"
CE0x4bbd4c0 "{CE0x4bbd4c0|cred_has_capability:_call|security/selinux/hooks.c,1558}"
CE0x4c312a0 "{CE0x4c312a0|cred_has_capability:_call|security/selinux/hooks.c,1558|*SummSink*}"
CONST[source:0(mediator),value:2(dynamic)][purpose:{subject}]


CONST[source:2(external),value:2(dynamic)][purpose:{subject}]  ->  CONST[source:0(mediator),value:2(dynamic)][purpose:{object}]
-----------
CONST[source:2(external),value:2(dynamic)][purpose:{subject}]
CE0x4be99f0 "{CE0x4be99f0|COLLAPSED:_GCMRE_current_task_external_global_%struct.task_struct*:_elem_0::|security/selinux/hooks.c,3087}"
CE0x4be9c40 "{CE0x4be9c40|selinux_inode_getsecurity:_tmp27|security/selinux/hooks.c,3087}"
CE0x4beb140 "{CE0x4beb140|selinux_capable:_cred|Function::selinux_capable&Arg::cred::}"
CE0x4bbf450 "{CE0x4bbf450|cred_has_capability:_cred|Function::cred_has_capability&Arg::cred::}"
CE0x4b98ac0 "{CE0x4b98ac0|cred_sid:_cred|Function::cred_sid&Arg::cred::}"
CE0x4c2e780 "{CE0x4c2e780|cred_sid:_security|security/selinux/hooks.c,196}"
CE0x4c57370 "{CE0x4c57370|cred_sid:_tmp4|*LoadInst*|security/selinux/hooks.c,196}"
CE0x4c630a0 "{CE0x4c630a0|cred_sid:_tmp5|security/selinux/hooks.c,196}"
CE0x4c60af0 "{CE0x4c60af0|cred_sid:_sid|security/selinux/hooks.c,197}"
CE0x4c27ea0 "{CE0x4c27ea0|cred_sid:_tmp6|security/selinux/hooks.c,197}"
CE0x4c430b0 "{CE0x4c430b0|_ret_i32_%tmp6,_!dbg_!27716|security/selinux/hooks.c,197}"
CE0x4bbd4c0 "{CE0x4bbd4c0|cred_has_capability:_call|security/selinux/hooks.c,1558}"
CE0x4c312a0 "{CE0x4c312a0|cred_has_capability:_call|security/selinux/hooks.c,1558|*SummSink*}"
CONST[source:0(mediator),value:2(dynamic)][purpose:{object}]


CONST[source:0(mediator),value:2(dynamic)][purpose:{subject}]  ->  CONST[source:0(mediator),value:2(dynamic)][purpose:{object}]
-----------
CONST[source:0(mediator),value:2(dynamic)][purpose:{subject}]
CE0x4c2f7e0 "{CE0x4c2f7e0|0:_i32,_4:_i32,_8:_i32,_12:_i32,_:_CMRE_4,8_|*MultipleSource*|security/selinux/hooks.c,196|*LoadInst*|security/selinux/hooks.c,196|security/selinux/hooks.c,197}"
CE0x4c27ea0 "{CE0x4c27ea0|cred_sid:_tmp6|security/selinux/hooks.c,197}"
CE0x4c430b0 "{CE0x4c430b0|_ret_i32_%tmp6,_!dbg_!27716|security/selinux/hooks.c,197}"
CE0x4bbd4c0 "{CE0x4bbd4c0|cred_has_capability:_call|security/selinux/hooks.c,1558}"
CE0x4c312a0 "{CE0x4c312a0|cred_has_capability:_call|security/selinux/hooks.c,1558|*SummSink*}"
CONST[source:0(mediator),value:2(dynamic)][purpose:{object}]


