[selinux_socket_create]

explicit:
CONST[source:0(mediator),value:2(dynamic)][purpose:{object}][SrcIdx:61]  ->  CONST[source:0(mediator),value:2(dynamic)][purpose:{subject}][SnkIdx:0]
-----------
CONST[source:0(mediator),value:2(dynamic)][purpose:{object}][SrcIdx:61]
CE0xa0c4970 "{CE0xa0c4970|VOIDTB_TE:_IE:_elem_0:default:}"
CE0xa0c81c0 "{CE0xa0c81c0|tmp36}"
CE0xa0bb410 "{CE0xa0bb410|tmp36}"
CONST[source:0(mediator),value:2(dynamic)][purpose:{subject}][SnkIdx:0]


CONST[source:2(external),value:2(dynamic)][purpose:{subject}][SrcIdx:59]  ->  CONST[source:0(mediator),value:2(dynamic)][purpose:{subject}][SnkIdx:0]
-----------
CONST[source:2(external),value:2(dynamic)][purpose:{subject}][SrcIdx:59]
CE0xa0c4970 "{CE0xa0c4970|VOIDTB_TE:_IE:_elem_0:default:}"
CE0xa0c81c0 "{CE0xa0c81c0|tmp36}"
CE0xa0bb410 "{CE0xa0bb410|tmp36}"
CONST[source:0(mediator),value:2(dynamic)][purpose:{subject}][SnkIdx:0]



implicit:
CONST[source:0(mediator),value:2(dynamic)][purpose:{object}][SrcIdx:61]  ->  CONST[source:0(mediator),value:2(dynamic)][purpose:{subject}][SnkIdx:0]
-----------
CONST[source:0(mediator),value:2(dynamic)][purpose:{object}][SrcIdx:61]
CE0xa0c4970 "{CE0xa0c4970|VOIDTB_TE:_IE:_elem_0:default:}"
CE0xa0c81c0 "{CE0xa0c81c0|tmp36}"
CE0xa0bb410 "{CE0xa0bb410|tmp36}"
CONST[source:0(mediator),value:2(dynamic)][purpose:{subject}][SnkIdx:0]


CONST[source:2(external),value:2(dynamic)][purpose:{subject}][SrcIdx:59]  ->  CONST[source:0(mediator),value:2(dynamic)][purpose:{subject}][SnkIdx:0]
-----------
CONST[source:2(external),value:2(dynamic)][purpose:{subject}][SrcIdx:59]
CE0xa0c4970 "{CE0xa0c4970|VOIDTB_TE:_IE:_elem_0:default:}"
CE0xa0c81c0 "{CE0xa0c81c0|tmp36}"
CE0xa0bb410 "{CE0xa0bb410|tmp36}"
CONST[source:0(mediator),value:2(dynamic)][purpose:{subject}][SnkIdx:0]


