[apparmor_task_setrlimit]

explicit:
CONST[source:2(external),value:2(dynamic)][purpose:{subject}]  ->  CONST[source:1(input),value:2(dynamic)][purpose:{subject}]
-----------
CONST[source:2(external),value:2(dynamic)][purpose:{subject}]
CE0x54ae380 "{CE0x54ae380|44:_i32,_48:_i16,_128:_i8*,_:_CMRE_128,136_|*MultipleSource*|Function::aa_cred_profile&Arg::cred::|security/apparmor/include/context.h,138|security/apparmor/include/context.h,99}"
CE0x54ab9b0 "{CE0x54ab9b0|aa_cred_profile:_tmp4|*LoadInst*|security/apparmor/include/context.h,99}"
CE0x54ab7b0 "{CE0x54ab7b0|aa_cred_profile:_tmp5|security/apparmor/include/context.h,99}"
CE0x54b3230 "{CE0x54b3230|aa_cred_profile:_profile11|security/apparmor/include/context.h,101}"
CE0x549feb0 "{CE0x549feb0|aa_cred_profile:_tmp34|security/apparmor/include/context.h,101}"
CE0x5493400 "{CE0x5493400|_ret_%struct.aa_profile*_%tmp34,_!dbg_!15510|security/apparmor/include/context.h,101}"
CE0x5491f50 "{CE0x5491f50|__aa_current_profile:_call4|security/apparmor/include/context.h,138}"
CE0x5407970 "{CE0x5407970|_ret_%struct.aa_profile*_%call4,_!dbg_!15494|security/apparmor/include/context.h,138}"
CE0x5473660 "{CE0x5473660|apparmor_task_setrlimit:_call|security/apparmor/lsm.c,609}"
CE0x546b0d0 "{CE0x546b0d0|apparmor_task_setrlimit:_call|security/apparmor/lsm.c,609|*SummSink*}"
CONST[source:1(input),value:2(dynamic)][purpose:{subject}]



implicit:
CONST[source:2(external),value:2(dynamic)][purpose:{subject}]  ->  CONST[source:1(input),value:2(dynamic)][purpose:{subject}]
-----------
CONST[source:2(external),value:2(dynamic)][purpose:{subject}]
CE0x54ae380 "{CE0x54ae380|44:_i32,_48:_i16,_128:_i8*,_:_CMRE_128,136_|*MultipleSource*|Function::aa_cred_profile&Arg::cred::|security/apparmor/include/context.h,138|security/apparmor/include/context.h,99}"
CE0x54ab9b0 "{CE0x54ab9b0|aa_cred_profile:_tmp4|*LoadInst*|security/apparmor/include/context.h,99}"
CE0x54ab7b0 "{CE0x54ab7b0|aa_cred_profile:_tmp5|security/apparmor/include/context.h,99}"
CE0x54b3230 "{CE0x54b3230|aa_cred_profile:_profile11|security/apparmor/include/context.h,101}"
CE0x549feb0 "{CE0x549feb0|aa_cred_profile:_tmp34|security/apparmor/include/context.h,101}"
CE0x5493400 "{CE0x5493400|_ret_%struct.aa_profile*_%tmp34,_!dbg_!15510|security/apparmor/include/context.h,101}"
CE0x5491f50 "{CE0x5491f50|__aa_current_profile:_call4|security/apparmor/include/context.h,138}"
CE0x5407970 "{CE0x5407970|_ret_%struct.aa_profile*_%call4,_!dbg_!15494|security/apparmor/include/context.h,138}"
CE0x5473660 "{CE0x5473660|apparmor_task_setrlimit:_call|security/apparmor/lsm.c,609}"
CE0x546b0d0 "{CE0x546b0d0|apparmor_task_setrlimit:_call|security/apparmor/lsm.c,609|*SummSink*}"
CONST[source:1(input),value:2(dynamic)][purpose:{subject}]


