[selinux_kernel_act_as]

explicit:
CONST[source:1(input),value:2(dynamic)][purpose:{object}]  ->  CONST[source:0(mediator),value:2(dynamic)][purpose:{object}]
-----------
CONST[source:1(input),value:2(dynamic)][purpose:{object}]
CE0x4750440 "{CE0x4750440|selinux_kernel_act_as:_secid|Function::selinux_kernel_act_as&Arg::secid::|*SummSource*}"
CE0x4750310 "{CE0x4750310|selinux_kernel_act_as:_secid|Function::selinux_kernel_act_as&Arg::secid::}"
CE0x47505b0 "{CE0x47505b0|selinux_kernel_act_as:_secid|Function::selinux_kernel_act_as&Arg::secid::|*SummSink*}"
CONST[source:0(mediator),value:2(dynamic)][purpose:{object}]


CONST[source:2(external),value:2(dynamic)][purpose:{subject}]  ->  CONST[source:0(mediator),value:2(dynamic)][purpose:{subject}]
-----------
CONST[source:2(external),value:2(dynamic)][purpose:{subject}]
CE0x475d100 "{CE0x475d100|COLLAPSED:_CMRE:_elem_0::|security/selinux/hooks.c,218}"
CE0x4781b50 "{CE0x4781b50|current_sid:_tmp22|security/selinux/hooks.c,218}"
CE0x4781ff0 "{CE0x4781ff0|current_sid:_tmp23|security/selinux/hooks.c,218}"
CE0x4782880 "{CE0x4782880|current_sid:_sid|security/selinux/hooks.c,220}"
CE0x4783560 "{CE0x4783560|current_sid:_tmp24|security/selinux/hooks.c,220}"
CE0x4739100 "{CE0x4739100|_ret_i32_%tmp24,_!dbg_!27742|security/selinux/hooks.c,220}"
CE0x4738820 "{CE0x4738820|selinux_kernel_act_as:_call|security/selinux/hooks.c,3521}"
CE0x47507a0 "{CE0x47507a0|selinux_kernel_act_as:_call|security/selinux/hooks.c,3521|*SummSink*}"
CONST[source:0(mediator),value:2(dynamic)][purpose:{subject}]



implicit:
CONST[source:1(input),value:2(dynamic)][purpose:{object}]  ->  CONST[source:0(mediator),value:2(dynamic)][purpose:{object}]
-----------
CONST[source:1(input),value:2(dynamic)][purpose:{object}]
CE0x4750440 "{CE0x4750440|selinux_kernel_act_as:_secid|Function::selinux_kernel_act_as&Arg::secid::|*SummSource*}"
CE0x4750310 "{CE0x4750310|selinux_kernel_act_as:_secid|Function::selinux_kernel_act_as&Arg::secid::}"
CE0x47505b0 "{CE0x47505b0|selinux_kernel_act_as:_secid|Function::selinux_kernel_act_as&Arg::secid::|*SummSink*}"
CONST[source:0(mediator),value:2(dynamic)][purpose:{object}]


CONST[source:2(external),value:2(dynamic)][purpose:{subject}]  ->  CONST[source:0(mediator),value:2(dynamic)][purpose:{subject}]
-----------
CONST[source:2(external),value:2(dynamic)][purpose:{subject}]
CE0x475d100 "{CE0x475d100|COLLAPSED:_CMRE:_elem_0::|security/selinux/hooks.c,218}"
CE0x4781b50 "{CE0x4781b50|current_sid:_tmp22|security/selinux/hooks.c,218}"
CE0x4781ff0 "{CE0x4781ff0|current_sid:_tmp23|security/selinux/hooks.c,218}"
CE0x4782880 "{CE0x4782880|current_sid:_sid|security/selinux/hooks.c,220}"
CE0x4783560 "{CE0x4783560|current_sid:_tmp24|security/selinux/hooks.c,220}"
CE0x4739100 "{CE0x4739100|_ret_i32_%tmp24,_!dbg_!27742|security/selinux/hooks.c,220}"
CE0x4738820 "{CE0x4738820|selinux_kernel_act_as:_call|security/selinux/hooks.c,3521}"
CE0x47507a0 "{CE0x47507a0|selinux_kernel_act_as:_call|security/selinux/hooks.c,3521|*SummSink*}"
CONST[source:0(mediator),value:2(dynamic)][purpose:{subject}]


