[tomoyo_file_ioctl]

explicit:
CONST[source:2(external),value:2(dynamic)][purpose:{subject}][SrcIdx:16]  ->  CONST[source:0(mediator),value:2(dynamic)][purpose:{subject}][SnkIdx:0]
-----------
CONST[source:2(external),value:2(dynamic)][purpose:{subject}][SrcIdx:16]
CE0x565e360 "{CE0x565e360|128:_i8*,_1208:_%struct.file*,_:_CMRE_128,136_|*MultipleSource*|security/tomoyo/common.h,1205|security/tomoyo/common.h,1205}"
CE0x7a30080 "{CE0x7a30080|tomoyo_domain:tmp22|security/tomoyo/common.h,1205}"
CE0x7090090 "{CE0x7090090|tomoyo_domain:tmp23|security/tomoyo/common.h,1205}"
CE0x63b8530 "{CE0x63b8530|_ret_%struct.tomoyo_domain_info*_%tmp23,_!dbg_!38929|security/tomoyo/common.h,1205}"
CE0x65b8f70 "{CE0x65b8f70|tomoyo_init_request_info:call|security/tomoyo/util.c,1005}"
CE0x526aaf0 "{CE0x526aaf0|tomoyo_init_request_info:domain.addr.0}"
CE0x7b25a40 "{CE0x7b25a40|0:_%struct.tomoyo_obj_info*,_24:_%struct.tomoyo_path_info*,_32:_i64,_40:_i8,_72:_i8,_76:_i8,_:_SCMRE_16,24_|*MultipleSource*|security/tomoyo/file.c, 693|security/tomoyo/file.c,693|security/tomoyo/file.c,707|Function::tomoyo_init_request_info&Arg::r::}"
CONST[source:0(mediator),value:2(dynamic)][purpose:{subject}][SnkIdx:0]


CONST[source:1(input),value:2(dynamic)][purpose:{operation}][SrcIdx:14]  ->  CONST[source:0(mediator),value:0(static)][purpose:{operation}][SnkIdx:3]
-----------
CONST[source:1(input),value:2(dynamic)][purpose:{operation}][SrcIdx:14]
CE0x551cc10 "{CE0x551cc10|tomoyo_path_number_perm:type|Function::tomoyo_path_number_perm&Arg::type::|*SummSource*}"
CE0x60fb3b0 "{CE0x60fb3b0|tomoyo_path_number_perm:type|Function::tomoyo_path_number_perm&Arg::type::}"
CE0x52b2cf0 "{CE0x52b2cf0|0:_%struct.tomoyo_obj_info*,_24:_%struct.tomoyo_path_info*,_32:_i64,_40:_i8,_72:_i8,_76:_i8,_:_SCMRE_40,41_}"
CONST[source:0(mediator),value:0(static)][purpose:{operation}][SnkIdx:3]


CONST[source:1(input),value:2(dynamic)][purpose:{operation}][SrcIdx:15]  ->  CONST[source:0(mediator),value:0(static)][purpose:{operation}][SnkIdx:2]
-----------
CONST[source:1(input),value:2(dynamic)][purpose:{operation}][SrcIdx:15]
CE0x551f220 "{CE0x551f220|tomoyo_file_ioctl:cmd|Function::tomoyo_file_ioctl&Arg::cmd::|*SummSource*}"
CE0x551f050 "{CE0x551f050|tomoyo_file_ioctl:cmd|Function::tomoyo_file_ioctl&Arg::cmd::}"
CE0x48995e0 "{CE0x48995e0|tomoyo_file_ioctl:conv|security/tomoyo/tomoyo.c,350}"
CE0x551cec0 "{CE0x551cec0|tomoyo_path_number_perm:number|Function::tomoyo_path_number_perm&Arg::number::}"
CE0x5249350 "{CE0x5249350|0:_%struct.tomoyo_obj_info*,_24:_%struct.tomoyo_path_info*,_32:_i64,_40:_i8,_72:_i8,_76:_i8,_:_SCMRE_34,35_}"
CONST[source:0(mediator),value:0(static)][purpose:{operation}][SnkIdx:2]



implicit:
CONST[source:1(input),value:2(dynamic)][purpose:{object}][SrcIdx:13]  ->  CONST[source:0(mediator),value:0(static)][purpose:{operation}][SnkIdx:2]
-----------
CONST[source:1(input),value:2(dynamic)][purpose:{object}][SrcIdx:13]
CE0x450d510 "{CE0x450d510|24:_%struct.dentry*,_:_SCMRE_8,9_}"
CE0x538dee0 "{CE0x538dee0|tomoyo_path_number_perm:tmp12|*LoadInst*|security/tomoyo/file.c,702}"
CE0x6258ce0 "{CE0x6258ce0|tomoyo_path_number_perm:tobool|security/tomoyo/file.c,702}"
CE0x6441ff0 "{CE0x6441ff0|tomoyo_path_number_perm:if.end9}"
CE0x52b2740 "{CE0x52b2740|0:_%struct.tomoyo_obj_info*,_24:_%struct.tomoyo_path_info*,_32:_i64,_40:_i8,_72:_i8,_76:_i8,_:_SCMRE_36,37_}"
CONST[source:0(mediator),value:0(static)][purpose:{operation}][SnkIdx:2]


CONST[source:1(input),value:2(dynamic)][purpose:{object}][SrcIdx:13]  ->  CONST[source:0(mediator),value:2(dynamic)][purpose:{object}][SnkIdx:1]
-----------
CONST[source:1(input),value:2(dynamic)][purpose:{object}][SrcIdx:13]
CE0x450d510 "{CE0x450d510|24:_%struct.dentry*,_:_SCMRE_8,9_}"
CE0x538dee0 "{CE0x538dee0|tomoyo_path_number_perm:tmp12|*LoadInst*|security/tomoyo/file.c,702}"
CE0x6258ce0 "{CE0x6258ce0|tomoyo_path_number_perm:tobool|security/tomoyo/file.c,702}"
CE0x6441ff0 "{CE0x6441ff0|tomoyo_path_number_perm:if.end9}"
CE0x61e3790 "{CE0x61e3790|0:_%struct.tomoyo_obj_info*,_24:_%struct.tomoyo_path_info*,_32:_i64,_40:_i8,_72:_i8,_76:_i8,_:_SCMRE_27,28_}"
CONST[source:0(mediator),value:2(dynamic)][purpose:{object}][SnkIdx:1]


CONST[source:1(input),value:2(dynamic)][purpose:{object}][SrcIdx:13]  ->  CONST[source:0(mediator),value:0(static)][purpose:{operation}][SnkIdx:3]
-----------
CONST[source:1(input),value:2(dynamic)][purpose:{object}][SrcIdx:13]
CE0x450d510 "{CE0x450d510|24:_%struct.dentry*,_:_SCMRE_8,9_}"
CE0x538dee0 "{CE0x538dee0|tomoyo_path_number_perm:tmp12|*LoadInst*|security/tomoyo/file.c,702}"
CE0x6258ce0 "{CE0x6258ce0|tomoyo_path_number_perm:tobool|security/tomoyo/file.c,702}"
CE0x6441ff0 "{CE0x6441ff0|tomoyo_path_number_perm:if.end9}"
CE0x52b2cf0 "{CE0x52b2cf0|0:_%struct.tomoyo_obj_info*,_24:_%struct.tomoyo_path_info*,_32:_i64,_40:_i8,_72:_i8,_76:_i8,_:_SCMRE_40,41_}"
CONST[source:0(mediator),value:0(static)][purpose:{operation}][SnkIdx:3]


CONST[source:2(external),value:2(dynamic)][purpose:{subject}][SrcIdx:16]  ->  CONST[source:0(mediator),value:0(static)][purpose:{operation}][SnkIdx:2]
-----------
CONST[source:2(external),value:2(dynamic)][purpose:{subject}][SrcIdx:16]
CE0x565e360 "{CE0x565e360|128:_i8*,_1208:_%struct.file*,_:_CMRE_128,136_|*MultipleSource*|security/tomoyo/common.h,1205|security/tomoyo/common.h,1205}"
CE0x7a30080 "{CE0x7a30080|tomoyo_domain:tmp22|security/tomoyo/common.h,1205}"
CE0x7090090 "{CE0x7090090|tomoyo_domain:tmp23|security/tomoyo/common.h,1205}"
CE0x63b8530 "{CE0x63b8530|_ret_%struct.tomoyo_domain_info*_%tmp23,_!dbg_!38929|security/tomoyo/common.h,1205}"
CE0x65b8f70 "{CE0x65b8f70|tomoyo_init_request_info:call|security/tomoyo/util.c,1005}"
CE0x526aaf0 "{CE0x526aaf0|tomoyo_init_request_info:domain.addr.0}"
CE0x6464cf0 "{CE0x6464cf0|tomoyo_init_request_info:ns|security/tomoyo/util.c,1010}"
CE0x6483ad0 "{CE0x6483ad0|tomoyo_init_request_info:tmp12|security/tomoyo/util.c,1010}"
CE0x64a9190 "{CE0x64a9190|tomoyo_get_mode:ns|Function::tomoyo_get_mode&Arg::ns::}"
CE0x53e24b0 "{CE0x53e24b0|COLLAPSED:_CRE:_elem_0:default:}"
CE0x61f3c40 "{CE0x61f3c40|tomoyo_get_mode:tmp24|security/tomoyo/util.c,986}"
CE0x61f4460 "{CE0x61f4460|tomoyo_get_mode:mode.1}"
CE0x62bc4c0 "{CE0x62bc4c0|tomoyo_get_mode:conv15|security/tomoyo/util.c,987}"
CE0x62bca10 "{CE0x62bca10|tomoyo_get_mode:and|security/tomoyo/util.c,987}"
CE0x62bcc00 "{CE0x62bcc00|tomoyo_get_mode:retval.0}"
CE0x6461ea0 "{CE0x6461ea0|_ret_i32_%retval.0,_!dbg_!38935|security/tomoyo/util.c,988}"
CE0x6483da0 "{CE0x6483da0|tomoyo_init_request_info:call4|security/tomoyo/util.c,1010}"
CE0x641d000 "{CE0x641d000|tomoyo_init_request_info:conv|security/tomoyo/util.c,1010}"
CE0x662d500 "{CE0x662d500|0:_%struct.tomoyo_obj_info*,_24:_%struct.tomoyo_path_info*,_32:_i64,_40:_i8,_72:_i8,_76:_i8,_:_SCMRE_76,77_|*MultipleSource*|security/tomoyo/file.c, 693|security/tomoyo/file.c,693|security/tomoyo/file.c,707|Function::tomoyo_init_request_info&Arg::r::}"
CE0x628c7a0 "{CE0x628c7a0|tomoyo_init_request_info:tmp13|*LoadInst*|security/tomoyo/util.c,1011}"
CE0x628cb20 "{CE0x628cb20|tomoyo_init_request_info:conv6|security/tomoyo/util.c,1011}"
CE0x6107820 "{CE0x6107820|_ret_i32_%conv6,_!dbg_!38926|security/tomoyo/util.c,1011}"
CE0x629c1a0 "{CE0x629c1a0|tomoyo_path_number_perm:call|security/tomoyo/file.c,701}"
CE0x63710a0 "{CE0x63710a0|tomoyo_path_number_perm:cmp|security/tomoyo/file.c,702}"
CE0x6441ff0 "{CE0x6441ff0|tomoyo_path_number_perm:if.end9}"
CE0x52b2740 "{CE0x52b2740|0:_%struct.tomoyo_obj_info*,_24:_%struct.tomoyo_path_info*,_32:_i64,_40:_i8,_72:_i8,_76:_i8,_:_SCMRE_36,37_}"
CONST[source:0(mediator),value:0(static)][purpose:{operation}][SnkIdx:2]


CONST[source:2(external),value:2(dynamic)][purpose:{subject}][SrcIdx:16]  ->  CONST[source:0(mediator),value:2(dynamic)][purpose:{subject}][SnkIdx:0]
-----------
CONST[source:2(external),value:2(dynamic)][purpose:{subject}][SrcIdx:16]
CE0x565e360 "{CE0x565e360|128:_i8*,_1208:_%struct.file*,_:_CMRE_128,136_|*MultipleSource*|security/tomoyo/common.h,1205|security/tomoyo/common.h,1205}"
CE0x7a30080 "{CE0x7a30080|tomoyo_domain:tmp22|security/tomoyo/common.h,1205}"
CE0x7090090 "{CE0x7090090|tomoyo_domain:tmp23|security/tomoyo/common.h,1205}"
CE0x63b8530 "{CE0x63b8530|_ret_%struct.tomoyo_domain_info*_%tmp23,_!dbg_!38929|security/tomoyo/common.h,1205}"
CE0x65b8f70 "{CE0x65b8f70|tomoyo_init_request_info:call|security/tomoyo/util.c,1005}"
CE0x526aaf0 "{CE0x526aaf0|tomoyo_init_request_info:domain.addr.0}"
CE0x7b25a40 "{CE0x7b25a40|0:_%struct.tomoyo_obj_info*,_24:_%struct.tomoyo_path_info*,_32:_i64,_40:_i8,_72:_i8,_76:_i8,_:_SCMRE_16,24_|*MultipleSource*|security/tomoyo/file.c, 693|security/tomoyo/file.c,693|security/tomoyo/file.c,707|Function::tomoyo_init_request_info&Arg::r::}"
CONST[source:0(mediator),value:2(dynamic)][purpose:{subject}][SnkIdx:0]


CONST[source:2(external),value:2(dynamic)][purpose:{subject}][SrcIdx:16]  ->  CONST[source:0(mediator),value:2(dynamic)][purpose:{object}][SnkIdx:1]
-----------
CONST[source:2(external),value:2(dynamic)][purpose:{subject}][SrcIdx:16]
CE0x565e360 "{CE0x565e360|128:_i8*,_1208:_%struct.file*,_:_CMRE_128,136_|*MultipleSource*|security/tomoyo/common.h,1205|security/tomoyo/common.h,1205}"
CE0x7a30080 "{CE0x7a30080|tomoyo_domain:tmp22|security/tomoyo/common.h,1205}"
CE0x7090090 "{CE0x7090090|tomoyo_domain:tmp23|security/tomoyo/common.h,1205}"
CE0x63b8530 "{CE0x63b8530|_ret_%struct.tomoyo_domain_info*_%tmp23,_!dbg_!38929|security/tomoyo/common.h,1205}"
CE0x65b8f70 "{CE0x65b8f70|tomoyo_init_request_info:call|security/tomoyo/util.c,1005}"
CE0x526aaf0 "{CE0x526aaf0|tomoyo_init_request_info:domain.addr.0}"
CE0x6464cf0 "{CE0x6464cf0|tomoyo_init_request_info:ns|security/tomoyo/util.c,1010}"
CE0x6483ad0 "{CE0x6483ad0|tomoyo_init_request_info:tmp12|security/tomoyo/util.c,1010}"
CE0x64a9190 "{CE0x64a9190|tomoyo_get_mode:ns|Function::tomoyo_get_mode&Arg::ns::}"
CE0x53e24b0 "{CE0x53e24b0|COLLAPSED:_CRE:_elem_0:default:}"
CE0x61f3c40 "{CE0x61f3c40|tomoyo_get_mode:tmp24|security/tomoyo/util.c,986}"
CE0x61f4460 "{CE0x61f4460|tomoyo_get_mode:mode.1}"
CE0x62bc4c0 "{CE0x62bc4c0|tomoyo_get_mode:conv15|security/tomoyo/util.c,987}"
CE0x62bca10 "{CE0x62bca10|tomoyo_get_mode:and|security/tomoyo/util.c,987}"
CE0x62bcc00 "{CE0x62bcc00|tomoyo_get_mode:retval.0}"
CE0x6461ea0 "{CE0x6461ea0|_ret_i32_%retval.0,_!dbg_!38935|security/tomoyo/util.c,988}"
CE0x6483da0 "{CE0x6483da0|tomoyo_init_request_info:call4|security/tomoyo/util.c,1010}"
CE0x641d000 "{CE0x641d000|tomoyo_init_request_info:conv|security/tomoyo/util.c,1010}"
CE0x662d500 "{CE0x662d500|0:_%struct.tomoyo_obj_info*,_24:_%struct.tomoyo_path_info*,_32:_i64,_40:_i8,_72:_i8,_76:_i8,_:_SCMRE_76,77_|*MultipleSource*|security/tomoyo/file.c, 693|security/tomoyo/file.c,693|security/tomoyo/file.c,707|Function::tomoyo_init_request_info&Arg::r::}"
CE0x628c7a0 "{CE0x628c7a0|tomoyo_init_request_info:tmp13|*LoadInst*|security/tomoyo/util.c,1011}"
CE0x628cb20 "{CE0x628cb20|tomoyo_init_request_info:conv6|security/tomoyo/util.c,1011}"
CE0x6107820 "{CE0x6107820|_ret_i32_%conv6,_!dbg_!38926|security/tomoyo/util.c,1011}"
CE0x629c1a0 "{CE0x629c1a0|tomoyo_path_number_perm:call|security/tomoyo/file.c,701}"
CE0x63710a0 "{CE0x63710a0|tomoyo_path_number_perm:cmp|security/tomoyo/file.c,702}"
CE0x6441ff0 "{CE0x6441ff0|tomoyo_path_number_perm:if.end9}"
CE0x61e3790 "{CE0x61e3790|0:_%struct.tomoyo_obj_info*,_24:_%struct.tomoyo_path_info*,_32:_i64,_40:_i8,_72:_i8,_76:_i8,_:_SCMRE_27,28_}"
CONST[source:0(mediator),value:2(dynamic)][purpose:{object}][SnkIdx:1]


CONST[source:2(external),value:2(dynamic)][purpose:{subject}][SrcIdx:16]  ->  CONST[source:0(mediator),value:0(static)][purpose:{operation}][SnkIdx:3]
-----------
CONST[source:2(external),value:2(dynamic)][purpose:{subject}][SrcIdx:16]
CE0x565e360 "{CE0x565e360|128:_i8*,_1208:_%struct.file*,_:_CMRE_128,136_|*MultipleSource*|security/tomoyo/common.h,1205|security/tomoyo/common.h,1205}"
CE0x7a30080 "{CE0x7a30080|tomoyo_domain:tmp22|security/tomoyo/common.h,1205}"
CE0x7090090 "{CE0x7090090|tomoyo_domain:tmp23|security/tomoyo/common.h,1205}"
CE0x63b8530 "{CE0x63b8530|_ret_%struct.tomoyo_domain_info*_%tmp23,_!dbg_!38929|security/tomoyo/common.h,1205}"
CE0x65b8f70 "{CE0x65b8f70|tomoyo_init_request_info:call|security/tomoyo/util.c,1005}"
CE0x526aaf0 "{CE0x526aaf0|tomoyo_init_request_info:domain.addr.0}"
CE0x6464cf0 "{CE0x6464cf0|tomoyo_init_request_info:ns|security/tomoyo/util.c,1010}"
CE0x6483ad0 "{CE0x6483ad0|tomoyo_init_request_info:tmp12|security/tomoyo/util.c,1010}"
CE0x64a9190 "{CE0x64a9190|tomoyo_get_mode:ns|Function::tomoyo_get_mode&Arg::ns::}"
CE0x53e24b0 "{CE0x53e24b0|COLLAPSED:_CRE:_elem_0:default:}"
CE0x61f3c40 "{CE0x61f3c40|tomoyo_get_mode:tmp24|security/tomoyo/util.c,986}"
CE0x61f4460 "{CE0x61f4460|tomoyo_get_mode:mode.1}"
CE0x62bc4c0 "{CE0x62bc4c0|tomoyo_get_mode:conv15|security/tomoyo/util.c,987}"
CE0x62bca10 "{CE0x62bca10|tomoyo_get_mode:and|security/tomoyo/util.c,987}"
CE0x62bcc00 "{CE0x62bcc00|tomoyo_get_mode:retval.0}"
CE0x6461ea0 "{CE0x6461ea0|_ret_i32_%retval.0,_!dbg_!38935|security/tomoyo/util.c,988}"
CE0x6483da0 "{CE0x6483da0|tomoyo_init_request_info:call4|security/tomoyo/util.c,1010}"
CE0x641d000 "{CE0x641d000|tomoyo_init_request_info:conv|security/tomoyo/util.c,1010}"
CE0x662d500 "{CE0x662d500|0:_%struct.tomoyo_obj_info*,_24:_%struct.tomoyo_path_info*,_32:_i64,_40:_i8,_72:_i8,_76:_i8,_:_SCMRE_76,77_|*MultipleSource*|security/tomoyo/file.c, 693|security/tomoyo/file.c,693|security/tomoyo/file.c,707|Function::tomoyo_init_request_info&Arg::r::}"
CE0x628c7a0 "{CE0x628c7a0|tomoyo_init_request_info:tmp13|*LoadInst*|security/tomoyo/util.c,1011}"
CE0x628cb20 "{CE0x628cb20|tomoyo_init_request_info:conv6|security/tomoyo/util.c,1011}"
CE0x6107820 "{CE0x6107820|_ret_i32_%conv6,_!dbg_!38926|security/tomoyo/util.c,1011}"
CE0x629c1a0 "{CE0x629c1a0|tomoyo_path_number_perm:call|security/tomoyo/file.c,701}"
CE0x63710a0 "{CE0x63710a0|tomoyo_path_number_perm:cmp|security/tomoyo/file.c,702}"
CE0x6441ff0 "{CE0x6441ff0|tomoyo_path_number_perm:if.end9}"
CE0x52b2cf0 "{CE0x52b2cf0|0:_%struct.tomoyo_obj_info*,_24:_%struct.tomoyo_path_info*,_32:_i64,_40:_i8,_72:_i8,_76:_i8,_:_SCMRE_40,41_}"
CONST[source:0(mediator),value:0(static)][purpose:{operation}][SnkIdx:3]


CONST[source:1(input),value:2(dynamic)][purpose:{operation}][SrcIdx:14]  ->  CONST[source:0(mediator),value:0(static)][purpose:{operation}][SnkIdx:2]
-----------
CONST[source:1(input),value:2(dynamic)][purpose:{operation}][SrcIdx:14]
CE0x551cc10 "{CE0x551cc10|tomoyo_path_number_perm:type|Function::tomoyo_path_number_perm&Arg::type::|*SummSource*}"
CE0x60fb3b0 "{CE0x60fb3b0|tomoyo_path_number_perm:type|Function::tomoyo_path_number_perm&Arg::type::}"
CE0x61dc6d0 "{CE0x61dc6d0|tomoyo_path_number_perm:idxprom|security/tomoyo/file.c,701}"
CE0x7b8cbc0 "{CE0x7b8cbc0|tomoyo_path_number_perm:arrayidx|security/tomoyo/file.c,701}"
CE0x629ca70 "{CE0x629ca70|tomoyo_path_number_perm:tmp7|security/tomoyo/file.c,701}"
CE0x657fb40 "{CE0x657fb40|tomoyo_init_request_info:index|Function::tomoyo_init_request_info&Arg::index::}"
CE0x641c4d0 "{CE0x641c4d0|tomoyo_get_mode:index|Function::tomoyo_get_mode&Arg::index::}"
CE0x53c2ec0 "{CE0x53c2ec0|tomoyo_get_mode:idxprom|security/tomoyo/util.c,981}"
CE0x451ed60 "{CE0x451ed60|tomoyo_get_mode:arrayidx|security/tomoyo/util.c,981}"
CE0x5fe6080 "{CE0x5fe6080|tomoyo_get_mode:tmp9|security/tomoyo/util.c,981}"
CE0x54fb430 "{CE0x54fb430|tomoyo_get_mode:mode.0}"
CE0x61f4460 "{CE0x61f4460|tomoyo_get_mode:mode.1}"
CE0x62bc4c0 "{CE0x62bc4c0|tomoyo_get_mode:conv15|security/tomoyo/util.c,987}"
CE0x62bca10 "{CE0x62bca10|tomoyo_get_mode:and|security/tomoyo/util.c,987}"
CE0x62bcc00 "{CE0x62bcc00|tomoyo_get_mode:retval.0}"
CE0x6461ea0 "{CE0x6461ea0|_ret_i32_%retval.0,_!dbg_!38935|security/tomoyo/util.c,988}"
CE0x6483da0 "{CE0x6483da0|tomoyo_init_request_info:call4|security/tomoyo/util.c,1010}"
CE0x641d000 "{CE0x641d000|tomoyo_init_request_info:conv|security/tomoyo/util.c,1010}"
CE0x662d500 "{CE0x662d500|0:_%struct.tomoyo_obj_info*,_24:_%struct.tomoyo_path_info*,_32:_i64,_40:_i8,_72:_i8,_76:_i8,_:_SCMRE_76,77_|*MultipleSource*|security/tomoyo/file.c, 693|security/tomoyo/file.c,693|security/tomoyo/file.c,707|Function::tomoyo_init_request_info&Arg::r::}"
CE0x628c7a0 "{CE0x628c7a0|tomoyo_init_request_info:tmp13|*LoadInst*|security/tomoyo/util.c,1011}"
CE0x628cb20 "{CE0x628cb20|tomoyo_init_request_info:conv6|security/tomoyo/util.c,1011}"
CE0x6107820 "{CE0x6107820|_ret_i32_%conv6,_!dbg_!38926|security/tomoyo/util.c,1011}"
CE0x629c1a0 "{CE0x629c1a0|tomoyo_path_number_perm:call|security/tomoyo/file.c,701}"
CE0x63710a0 "{CE0x63710a0|tomoyo_path_number_perm:cmp|security/tomoyo/file.c,702}"
CE0x6441ff0 "{CE0x6441ff0|tomoyo_path_number_perm:if.end9}"
CE0x52b2740 "{CE0x52b2740|0:_%struct.tomoyo_obj_info*,_24:_%struct.tomoyo_path_info*,_32:_i64,_40:_i8,_72:_i8,_76:_i8,_:_SCMRE_36,37_}"
CONST[source:0(mediator),value:0(static)][purpose:{operation}][SnkIdx:2]


CONST[source:1(input),value:2(dynamic)][purpose:{operation}][SrcIdx:14]  ->  CONST[source:0(mediator),value:2(dynamic)][purpose:{object}][SnkIdx:1]
-----------
CONST[source:1(input),value:2(dynamic)][purpose:{operation}][SrcIdx:14]
CE0x551cc10 "{CE0x551cc10|tomoyo_path_number_perm:type|Function::tomoyo_path_number_perm&Arg::type::|*SummSource*}"
CE0x60fb3b0 "{CE0x60fb3b0|tomoyo_path_number_perm:type|Function::tomoyo_path_number_perm&Arg::type::}"
CE0x61dc6d0 "{CE0x61dc6d0|tomoyo_path_number_perm:idxprom|security/tomoyo/file.c,701}"
CE0x7b8cbc0 "{CE0x7b8cbc0|tomoyo_path_number_perm:arrayidx|security/tomoyo/file.c,701}"
CE0x629ca70 "{CE0x629ca70|tomoyo_path_number_perm:tmp7|security/tomoyo/file.c,701}"
CE0x657fb40 "{CE0x657fb40|tomoyo_init_request_info:index|Function::tomoyo_init_request_info&Arg::index::}"
CE0x641c4d0 "{CE0x641c4d0|tomoyo_get_mode:index|Function::tomoyo_get_mode&Arg::index::}"
CE0x53c2ec0 "{CE0x53c2ec0|tomoyo_get_mode:idxprom|security/tomoyo/util.c,981}"
CE0x451ed60 "{CE0x451ed60|tomoyo_get_mode:arrayidx|security/tomoyo/util.c,981}"
CE0x5fe6080 "{CE0x5fe6080|tomoyo_get_mode:tmp9|security/tomoyo/util.c,981}"
CE0x54fb430 "{CE0x54fb430|tomoyo_get_mode:mode.0}"
CE0x61f4460 "{CE0x61f4460|tomoyo_get_mode:mode.1}"
CE0x62bc4c0 "{CE0x62bc4c0|tomoyo_get_mode:conv15|security/tomoyo/util.c,987}"
CE0x62bca10 "{CE0x62bca10|tomoyo_get_mode:and|security/tomoyo/util.c,987}"
CE0x62bcc00 "{CE0x62bcc00|tomoyo_get_mode:retval.0}"
CE0x6461ea0 "{CE0x6461ea0|_ret_i32_%retval.0,_!dbg_!38935|security/tomoyo/util.c,988}"
CE0x6483da0 "{CE0x6483da0|tomoyo_init_request_info:call4|security/tomoyo/util.c,1010}"
CE0x641d000 "{CE0x641d000|tomoyo_init_request_info:conv|security/tomoyo/util.c,1010}"
CE0x662d500 "{CE0x662d500|0:_%struct.tomoyo_obj_info*,_24:_%struct.tomoyo_path_info*,_32:_i64,_40:_i8,_72:_i8,_76:_i8,_:_SCMRE_76,77_|*MultipleSource*|security/tomoyo/file.c, 693|security/tomoyo/file.c,693|security/tomoyo/file.c,707|Function::tomoyo_init_request_info&Arg::r::}"
CE0x628c7a0 "{CE0x628c7a0|tomoyo_init_request_info:tmp13|*LoadInst*|security/tomoyo/util.c,1011}"
CE0x628cb20 "{CE0x628cb20|tomoyo_init_request_info:conv6|security/tomoyo/util.c,1011}"
CE0x6107820 "{CE0x6107820|_ret_i32_%conv6,_!dbg_!38926|security/tomoyo/util.c,1011}"
CE0x629c1a0 "{CE0x629c1a0|tomoyo_path_number_perm:call|security/tomoyo/file.c,701}"
CE0x63710a0 "{CE0x63710a0|tomoyo_path_number_perm:cmp|security/tomoyo/file.c,702}"
CE0x6441ff0 "{CE0x6441ff0|tomoyo_path_number_perm:if.end9}"
CE0x61e3790 "{CE0x61e3790|0:_%struct.tomoyo_obj_info*,_24:_%struct.tomoyo_path_info*,_32:_i64,_40:_i8,_72:_i8,_76:_i8,_:_SCMRE_27,28_}"
CONST[source:0(mediator),value:2(dynamic)][purpose:{object}][SnkIdx:1]


CONST[source:1(input),value:2(dynamic)][purpose:{operation}][SrcIdx:14]  ->  CONST[source:0(mediator),value:0(static)][purpose:{operation}][SnkIdx:3]
-----------
CONST[source:1(input),value:2(dynamic)][purpose:{operation}][SrcIdx:14]
CE0x551cc10 "{CE0x551cc10|tomoyo_path_number_perm:type|Function::tomoyo_path_number_perm&Arg::type::|*SummSource*}"
CE0x60fb3b0 "{CE0x60fb3b0|tomoyo_path_number_perm:type|Function::tomoyo_path_number_perm&Arg::type::}"
CE0x52b2cf0 "{CE0x52b2cf0|0:_%struct.tomoyo_obj_info*,_24:_%struct.tomoyo_path_info*,_32:_i64,_40:_i8,_72:_i8,_76:_i8,_:_SCMRE_40,41_}"
CONST[source:0(mediator),value:0(static)][purpose:{operation}][SnkIdx:3]


CONST[source:1(input),value:2(dynamic)][purpose:{operation}][SrcIdx:15]  ->  CONST[source:0(mediator),value:0(static)][purpose:{operation}][SnkIdx:2]
-----------
CONST[source:1(input),value:2(dynamic)][purpose:{operation}][SrcIdx:15]
CE0x551f220 "{CE0x551f220|tomoyo_file_ioctl:cmd|Function::tomoyo_file_ioctl&Arg::cmd::|*SummSource*}"
CE0x551f050 "{CE0x551f050|tomoyo_file_ioctl:cmd|Function::tomoyo_file_ioctl&Arg::cmd::}"
CE0x48995e0 "{CE0x48995e0|tomoyo_file_ioctl:conv|security/tomoyo/tomoyo.c,350}"
CE0x551cec0 "{CE0x551cec0|tomoyo_path_number_perm:number|Function::tomoyo_path_number_perm&Arg::number::}"
CE0x52b2c80 "{CE0x52b2c80|0:_%struct.tomoyo_obj_info*,_24:_%struct.tomoyo_path_info*,_32:_i64,_40:_i8,_72:_i8,_76:_i8,_:_SCMRE_39,40_}"
CONST[source:0(mediator),value:0(static)][purpose:{operation}][SnkIdx:2]


