[tomoyo_path_chroot]

explicit:
CONST[source:2(external),value:2(dynamic)][purpose:{subject}][SrcIdx:16]  ->  CONST[source:0(mediator),value:2(dynamic)][purpose:{subject}][SnkIdx:0]
-----------
CONST[source:2(external),value:2(dynamic)][purpose:{subject}][SrcIdx:16]
CE0x6086be0 "{CE0x6086be0|COLLAPSED:_GCRE_current_task_external_global_%struct.task_struct*:_elem_0::|security/tomoyo/common.h,1205}"
CE0x5ed0160 "{CE0x5ed0160|tomoyo_domain:tmp22|security/tomoyo/common.h,1205}"
CE0x71f2100 "{CE0x71f2100|tomoyo_domain:tmp23|security/tomoyo/common.h,1205}"
CE0x8809dd0 "{CE0x8809dd0|_ret_%struct.tomoyo_domain_info*_%tmp23,_!dbg_!38929|security/tomoyo/common.h,1205}"
CE0x87912c0 "{CE0x87912c0|tomoyo_init_request_info:call|security/tomoyo/util.c,1005}"
CE0x88b6d30 "{CE0x88b6d30|tomoyo_init_request_info:domain.addr.0}"
CE0x6fb4f80 "{CE0x6fb4f80|0:_%struct.tomoyo_obj_info*,_16:_%struct.tomoyo_domain_info*,_24:_%struct.tomoyo_path_info*,_40:_i8,_72:_i8,_75:_i8,_76:_i8,_77:_i8,_:_SCMRE_16,24_|*MultipleSource*|security/tomoyo/file.c, 787|security/tomoyo/file.c,787|Function::tomoyo_init_request_info&Arg::r::|security/tomoyo/file.c,800}"
CONST[source:0(mediator),value:2(dynamic)][purpose:{subject}][SnkIdx:0]


CONST[source:1(input),value:2(dynamic)][purpose:{object}][SrcIdx:15]  ->  CONST[source:0(mediator),value:2(dynamic)][purpose:{object}][SnkIdx:1]
-----------
CONST[source:1(input),value:2(dynamic)][purpose:{object}][SrcIdx:15]
CE0x54b3e00 "{CE0x54b3e00|tomoyo_path_perm:buf|security/tomoyo/file.c, 792|*SummSource*}"
CE0x54b3d90 "{CE0x54b3d90|tomoyo_path_perm:buf|security/tomoyo/file.c, 792}"
CE0x6011a90 "{CE0x6011a90|tomoyo_path_permission:filename|Function::tomoyo_path_permission&Arg::filename::}"
CE0x6fb5510 "{CE0x6fb5510|0:_%struct.tomoyo_obj_info*,_16:_%struct.tomoyo_domain_info*,_24:_%struct.tomoyo_path_info*,_40:_i8,_72:_i8,_75:_i8,_76:_i8,_77:_i8,_:_SCMRE_24,25_}"
CONST[source:0(mediator),value:2(dynamic)][purpose:{object}][SnkIdx:1]



implicit:
CONST[source:1(input),value:2(dynamic)][purpose:{object}][SrcIdx:13]  ->  CONST[source:0(mediator),value:2(dynamic)][purpose:{object}][SnkIdx:2]
-----------
CONST[source:1(input),value:2(dynamic)][purpose:{object}][SrcIdx:13]
CE0x5e628e0 "{CE0x5e628e0|0:_i8*,_:_SCMRE_0,8_|*MultipleSource*|security/tomoyo/file.c, 794|security/tomoyo/file.c, 792}"
CE0x881b2e0 "{CE0x881b2e0|tomoyo_path_perm:tmp23|security/tomoyo/file.c,814}"
CE0x713d660 "{CE0x713d660|tomoyo_path_perm:tobool|security/tomoyo/file.c,814}"
CE0x88b0910 "{CE0x88b0910|tomoyo_path_perm:sw.epilog}"
CE0x6098bf0 "{CE0x6098bf0|tomoyo_path_permission:entry}"
CE0x6e36300 "{CE0x6e36300|tomoyo_path_permission:bb}"
CE0x7211750 "{CE0x7211750|0:_%struct.tomoyo_obj_info*,_16:_%struct.tomoyo_domain_info*,_24:_%struct.tomoyo_path_info*,_40:_i8,_72:_i8,_75:_i8,_76:_i8,_77:_i8,_:_SCMRE_76,77_|*MultipleSource*|security/tomoyo/file.c, 787|security/tomoyo/file.c,787|Function::tomoyo_init_request_info&Arg::r::|security/tomoyo/file.c,800}"
CE0x6da2f70 "{CE0x6da2f70|tomoyo_init_request_info:tmp13|*LoadInst*|security/tomoyo/util.c,1011}"
CE0x6da32f0 "{CE0x6da32f0|tomoyo_init_request_info:conv6|security/tomoyo/util.c,1011}"
CE0x72c9f90 "{CE0x72c9f90|_ret_i32_%conv6,_!dbg_!38926|security/tomoyo/util.c,1011}"
CE0x5f91e80 "{CE0x5f91e80|tomoyo_path_perm:call|security/tomoyo/file.c,797}"
CE0x6f59590 "{CE0x6f59590|tomoyo_path_perm:cmp|security/tomoyo/file.c,798}"
CE0x61ecb10 "{CE0x61ecb10|tomoyo_path_perm:if.end6}"
CE0x53e5c80 "{CE0x53e5c80|0:_%struct.tomoyo_obj_info*,_16:_%struct.tomoyo_domain_info*,_24:_%struct.tomoyo_path_info*,_40:_i8,_72:_i8,_75:_i8,_76:_i8,_77:_i8,_:_SCMRE_0,8_|*MultipleSource*|security/tomoyo/file.c, 787|security/tomoyo/file.c,787|Function::tomoyo_init_request_info&Arg::r::|security/tomoyo/file.c,800}"
CONST[source:0(mediator),value:2(dynamic)][purpose:{object}][SnkIdx:2]


CONST[source:1(input),value:2(dynamic)][purpose:{object}][SrcIdx:13]  ->  CONST[source:0(mediator),value:2(dynamic)][purpose:{object}][SnkIdx:1]
-----------
CONST[source:1(input),value:2(dynamic)][purpose:{object}][SrcIdx:13]
CE0x5e628e0 "{CE0x5e628e0|0:_i8*,_:_SCMRE_0,8_|*MultipleSource*|security/tomoyo/file.c, 794|security/tomoyo/file.c, 792}"
CE0x881b2e0 "{CE0x881b2e0|tomoyo_path_perm:tmp23|security/tomoyo/file.c,814}"
CE0x713d660 "{CE0x713d660|tomoyo_path_perm:tobool|security/tomoyo/file.c,814}"
CE0x88b0910 "{CE0x88b0910|tomoyo_path_perm:sw.epilog}"
CE0x6098bf0 "{CE0x6098bf0|tomoyo_path_permission:entry}"
CE0x885f710 "{CE0x885f710|tomoyo_path_permission:if.end}"
CE0x703c520 "{CE0x703c520|0:_%struct.tomoyo_obj_info*,_16:_%struct.tomoyo_domain_info*,_24:_%struct.tomoyo_path_info*,_40:_i8,_72:_i8,_75:_i8,_76:_i8,_77:_i8,_:_SCMRE_26,27_}"
CONST[source:0(mediator),value:2(dynamic)][purpose:{object}][SnkIdx:1]


CONST[source:1(input),value:2(dynamic)][purpose:{object}][SrcIdx:13]  ->  CONST[source:0(mediator),value:0(static)][purpose:{operation}][SnkIdx:3]
-----------
CONST[source:1(input),value:2(dynamic)][purpose:{object}][SrcIdx:13]
CE0x5e628e0 "{CE0x5e628e0|0:_i8*,_:_SCMRE_0,8_|*MultipleSource*|security/tomoyo/file.c, 794|security/tomoyo/file.c, 792}"
CE0x881b2e0 "{CE0x881b2e0|tomoyo_path_perm:tmp23|security/tomoyo/file.c,814}"
CE0x713d660 "{CE0x713d660|tomoyo_path_perm:tobool|security/tomoyo/file.c,814}"
CE0x88b0910 "{CE0x88b0910|tomoyo_path_perm:sw.epilog}"
CE0x6098bf0 "{CE0x6098bf0|tomoyo_path_permission:entry}"
CE0x885f710 "{CE0x885f710|tomoyo_path_permission:if.end}"
CE0x7056f50 "{CE0x7056f50|0:_%struct.tomoyo_obj_info*,_16:_%struct.tomoyo_domain_info*,_24:_%struct.tomoyo_path_info*,_40:_i8,_72:_i8,_75:_i8,_76:_i8,_77:_i8,_:_SCMRE_40,41_}"
CONST[source:0(mediator),value:0(static)][purpose:{operation}][SnkIdx:3]


CONST[source:0(mediator),value:0(static)][purpose:{operation}][SrcIdx:14]  ->  CONST[source:0(mediator),value:2(dynamic)][purpose:{object}][SnkIdx:2]
-----------
CONST[source:0(mediator),value:0(static)][purpose:{operation}][SrcIdx:14]
CE0x537a7e0 "{CE0x537a7e0|tomoyo_path_perm:operation|Function::tomoyo_path_perm&Arg::operation::|*SummSource*}"
CE0x537a850 "{CE0x537a850|tomoyo_path_perm:operation|Function::tomoyo_path_perm&Arg::operation::}"
CE0x6e61450 "{CE0x6e61450|tomoyo_path_perm:conv8|security/tomoyo/file.c,807}"
CE0x88b0910 "{CE0x88b0910|tomoyo_path_perm:sw.epilog}"
CE0x6098bf0 "{CE0x6098bf0|tomoyo_path_permission:entry}"
CE0x6e36300 "{CE0x6e36300|tomoyo_path_permission:bb}"
CE0x7211750 "{CE0x7211750|0:_%struct.tomoyo_obj_info*,_16:_%struct.tomoyo_domain_info*,_24:_%struct.tomoyo_path_info*,_40:_i8,_72:_i8,_75:_i8,_76:_i8,_77:_i8,_:_SCMRE_76,77_|*MultipleSource*|security/tomoyo/file.c, 787|security/tomoyo/file.c,787|Function::tomoyo_init_request_info&Arg::r::|security/tomoyo/file.c,800}"
CE0x6da2f70 "{CE0x6da2f70|tomoyo_init_request_info:tmp13|*LoadInst*|security/tomoyo/util.c,1011}"
CE0x6da32f0 "{CE0x6da32f0|tomoyo_init_request_info:conv6|security/tomoyo/util.c,1011}"
CE0x72c9f90 "{CE0x72c9f90|_ret_i32_%conv6,_!dbg_!38926|security/tomoyo/util.c,1011}"
CE0x5f91e80 "{CE0x5f91e80|tomoyo_path_perm:call|security/tomoyo/file.c,797}"
CE0x6f59590 "{CE0x6f59590|tomoyo_path_perm:cmp|security/tomoyo/file.c,798}"
CE0x61ecb10 "{CE0x61ecb10|tomoyo_path_perm:if.end6}"
CE0x53e5c80 "{CE0x53e5c80|0:_%struct.tomoyo_obj_info*,_16:_%struct.tomoyo_domain_info*,_24:_%struct.tomoyo_path_info*,_40:_i8,_72:_i8,_75:_i8,_76:_i8,_77:_i8,_:_SCMRE_0,8_|*MultipleSource*|security/tomoyo/file.c, 787|security/tomoyo/file.c,787|Function::tomoyo_init_request_info&Arg::r::|security/tomoyo/file.c,800}"
CONST[source:0(mediator),value:2(dynamic)][purpose:{object}][SnkIdx:2]


CONST[source:0(mediator),value:0(static)][purpose:{operation}][SrcIdx:14]  ->  CONST[source:0(mediator),value:2(dynamic)][purpose:{object}][SnkIdx:1]
-----------
CONST[source:0(mediator),value:0(static)][purpose:{operation}][SrcIdx:14]
CE0x537a7e0 "{CE0x537a7e0|tomoyo_path_perm:operation|Function::tomoyo_path_perm&Arg::operation::|*SummSource*}"
CE0x537a850 "{CE0x537a850|tomoyo_path_perm:operation|Function::tomoyo_path_perm&Arg::operation::}"
CE0x6e61450 "{CE0x6e61450|tomoyo_path_perm:conv8|security/tomoyo/file.c,807}"
CE0x88b0910 "{CE0x88b0910|tomoyo_path_perm:sw.epilog}"
CE0x6098bf0 "{CE0x6098bf0|tomoyo_path_permission:entry}"
CE0x885f710 "{CE0x885f710|tomoyo_path_permission:if.end}"
CE0x703c520 "{CE0x703c520|0:_%struct.tomoyo_obj_info*,_16:_%struct.tomoyo_domain_info*,_24:_%struct.tomoyo_path_info*,_40:_i8,_72:_i8,_75:_i8,_76:_i8,_77:_i8,_:_SCMRE_26,27_}"
CONST[source:0(mediator),value:2(dynamic)][purpose:{object}][SnkIdx:1]


CONST[source:2(external),value:2(dynamic)][purpose:{subject}][SrcIdx:16]  ->  CONST[source:0(mediator),value:2(dynamic)][purpose:{subject}][SnkIdx:0]
-----------
CONST[source:2(external),value:2(dynamic)][purpose:{subject}][SrcIdx:16]
CE0x6086be0 "{CE0x6086be0|COLLAPSED:_GCRE_current_task_external_global_%struct.task_struct*:_elem_0::|security/tomoyo/common.h,1205}"
CE0x5ed0160 "{CE0x5ed0160|tomoyo_domain:tmp22|security/tomoyo/common.h,1205}"
CE0x71f2100 "{CE0x71f2100|tomoyo_domain:tmp23|security/tomoyo/common.h,1205}"
CE0x8809dd0 "{CE0x8809dd0|_ret_%struct.tomoyo_domain_info*_%tmp23,_!dbg_!38929|security/tomoyo/common.h,1205}"
CE0x87912c0 "{CE0x87912c0|tomoyo_init_request_info:call|security/tomoyo/util.c,1005}"
CE0x88b6d30 "{CE0x88b6d30|tomoyo_init_request_info:domain.addr.0}"
CE0x6fb4f80 "{CE0x6fb4f80|0:_%struct.tomoyo_obj_info*,_16:_%struct.tomoyo_domain_info*,_24:_%struct.tomoyo_path_info*,_40:_i8,_72:_i8,_75:_i8,_76:_i8,_77:_i8,_:_SCMRE_16,24_|*MultipleSource*|security/tomoyo/file.c, 787|security/tomoyo/file.c,787|Function::tomoyo_init_request_info&Arg::r::|security/tomoyo/file.c,800}"
CONST[source:0(mediator),value:2(dynamic)][purpose:{subject}][SnkIdx:0]


CONST[source:2(external),value:2(dynamic)][purpose:{subject}][SrcIdx:16]  ->  CONST[source:0(mediator),value:2(dynamic)][purpose:{object}][SnkIdx:2]
-----------
CONST[source:2(external),value:2(dynamic)][purpose:{subject}][SrcIdx:16]
CE0x6086be0 "{CE0x6086be0|COLLAPSED:_GCRE_current_task_external_global_%struct.task_struct*:_elem_0::|security/tomoyo/common.h,1205}"
CE0x5ed0160 "{CE0x5ed0160|tomoyo_domain:tmp22|security/tomoyo/common.h,1205}"
CE0x71f2100 "{CE0x71f2100|tomoyo_domain:tmp23|security/tomoyo/common.h,1205}"
CE0x8809dd0 "{CE0x8809dd0|_ret_%struct.tomoyo_domain_info*_%tmp23,_!dbg_!38929|security/tomoyo/common.h,1205}"
CE0x87912c0 "{CE0x87912c0|tomoyo_init_request_info:call|security/tomoyo/util.c,1005}"
CE0x88b6d30 "{CE0x88b6d30|tomoyo_init_request_info:domain.addr.0}"
CE0x89750e0 "{CE0x89750e0|tomoyo_init_request_info:ns|security/tomoyo/util.c,1010}"
CE0x876bc30 "{CE0x876bc30|tomoyo_init_request_info:tmp12|security/tomoyo/util.c,1010}"
CE0x86f0e30 "{CE0x86f0e30|tomoyo_get_mode:ns|Function::tomoyo_get_mode&Arg::ns::}"
CE0x62ce8c0 "{CE0x62ce8c0|COLLAPSED:_CRE:_elem_0:default:}"
CE0x72e7e10 "{CE0x72e7e10|tomoyo_get_mode:tmp24|security/tomoyo/util.c,986}"
CE0x61504d0 "{CE0x61504d0|tomoyo_get_mode:mode.1}"
CE0x61af070 "{CE0x61af070|tomoyo_get_mode:conv15|security/tomoyo/util.c,987}"
CE0x61af0e0 "{CE0x61af0e0|tomoyo_get_mode:and|security/tomoyo/util.c,987}"
CE0x61af150 "{CE0x61af150|tomoyo_get_mode:retval.0}"
CE0x6fe2b20 "{CE0x6fe2b20|_ret_i32_%retval.0,_!dbg_!38935|security/tomoyo/util.c,988}"
CE0x6eadfd0 "{CE0x6eadfd0|tomoyo_path_permission:call|security/tomoyo/file.c,564}"
CE0x6fe2bf0 "{CE0x6fe2bf0|tomoyo_path_permission:conv|security/tomoyo/file.c,564}"
CE0x7211750 "{CE0x7211750|0:_%struct.tomoyo_obj_info*,_16:_%struct.tomoyo_domain_info*,_24:_%struct.tomoyo_path_info*,_40:_i8,_72:_i8,_75:_i8,_76:_i8,_77:_i8,_:_SCMRE_76,77_|*MultipleSource*|security/tomoyo/file.c, 787|security/tomoyo/file.c,787|Function::tomoyo_init_request_info&Arg::r::|security/tomoyo/file.c,800}"
CE0x6da2f70 "{CE0x6da2f70|tomoyo_init_request_info:tmp13|*LoadInst*|security/tomoyo/util.c,1011}"
CE0x6da32f0 "{CE0x6da32f0|tomoyo_init_request_info:conv6|security/tomoyo/util.c,1011}"
CE0x72c9f90 "{CE0x72c9f90|_ret_i32_%conv6,_!dbg_!38926|security/tomoyo/util.c,1011}"
CE0x5f91e80 "{CE0x5f91e80|tomoyo_path_perm:call|security/tomoyo/file.c,797}"
CE0x6f59590 "{CE0x6f59590|tomoyo_path_perm:cmp|security/tomoyo/file.c,798}"
CE0x61ecb10 "{CE0x61ecb10|tomoyo_path_perm:if.end6}"
CE0x53e5c80 "{CE0x53e5c80|0:_%struct.tomoyo_obj_info*,_16:_%struct.tomoyo_domain_info*,_24:_%struct.tomoyo_path_info*,_40:_i8,_72:_i8,_75:_i8,_76:_i8,_77:_i8,_:_SCMRE_0,8_|*MultipleSource*|security/tomoyo/file.c, 787|security/tomoyo/file.c,787|Function::tomoyo_init_request_info&Arg::r::|security/tomoyo/file.c,800}"
CONST[source:0(mediator),value:2(dynamic)][purpose:{object}][SnkIdx:2]


CONST[source:2(external),value:2(dynamic)][purpose:{subject}][SrcIdx:16]  ->  CONST[source:0(mediator),value:2(dynamic)][purpose:{object}][SnkIdx:1]
-----------
CONST[source:2(external),value:2(dynamic)][purpose:{subject}][SrcIdx:16]
CE0x6086be0 "{CE0x6086be0|COLLAPSED:_GCRE_current_task_external_global_%struct.task_struct*:_elem_0::|security/tomoyo/common.h,1205}"
CE0x5ed0160 "{CE0x5ed0160|tomoyo_domain:tmp22|security/tomoyo/common.h,1205}"
CE0x71f2100 "{CE0x71f2100|tomoyo_domain:tmp23|security/tomoyo/common.h,1205}"
CE0x8809dd0 "{CE0x8809dd0|_ret_%struct.tomoyo_domain_info*_%tmp23,_!dbg_!38929|security/tomoyo/common.h,1205}"
CE0x87912c0 "{CE0x87912c0|tomoyo_init_request_info:call|security/tomoyo/util.c,1005}"
CE0x88b6d30 "{CE0x88b6d30|tomoyo_init_request_info:domain.addr.0}"
CE0x89750e0 "{CE0x89750e0|tomoyo_init_request_info:ns|security/tomoyo/util.c,1010}"
CE0x876bc30 "{CE0x876bc30|tomoyo_init_request_info:tmp12|security/tomoyo/util.c,1010}"
CE0x86f0e30 "{CE0x86f0e30|tomoyo_get_mode:ns|Function::tomoyo_get_mode&Arg::ns::}"
CE0x62ce8c0 "{CE0x62ce8c0|COLLAPSED:_CRE:_elem_0:default:}"
CE0x72e7e10 "{CE0x72e7e10|tomoyo_get_mode:tmp24|security/tomoyo/util.c,986}"
CE0x61504d0 "{CE0x61504d0|tomoyo_get_mode:mode.1}"
CE0x61af070 "{CE0x61af070|tomoyo_get_mode:conv15|security/tomoyo/util.c,987}"
CE0x61af0e0 "{CE0x61af0e0|tomoyo_get_mode:and|security/tomoyo/util.c,987}"
CE0x61af150 "{CE0x61af150|tomoyo_get_mode:retval.0}"
CE0x6fe2b20 "{CE0x6fe2b20|_ret_i32_%retval.0,_!dbg_!38935|security/tomoyo/util.c,988}"
CE0x6eadfd0 "{CE0x6eadfd0|tomoyo_path_permission:call|security/tomoyo/file.c,564}"
CE0x6fe2bf0 "{CE0x6fe2bf0|tomoyo_path_permission:conv|security/tomoyo/file.c,564}"
CE0x7211750 "{CE0x7211750|0:_%struct.tomoyo_obj_info*,_16:_%struct.tomoyo_domain_info*,_24:_%struct.tomoyo_path_info*,_40:_i8,_72:_i8,_75:_i8,_76:_i8,_77:_i8,_:_SCMRE_76,77_|*MultipleSource*|security/tomoyo/file.c, 787|security/tomoyo/file.c,787|Function::tomoyo_init_request_info&Arg::r::|security/tomoyo/file.c,800}"
CE0x8a212f0 "{CE0x8a212f0|tomoyo_path_permission:tmp7|*LoadInst*|security/tomoyo/file.c,565}"
CE0x8a21570 "{CE0x8a21570|tomoyo_path_permission:conv3|security/tomoyo/file.c,565}"
CE0x881ff50 "{CE0x881ff50|tomoyo_path_permission:cmp|security/tomoyo/file.c,565}"
CE0x885f710 "{CE0x885f710|tomoyo_path_permission:if.end}"
CE0x703c520 "{CE0x703c520|0:_%struct.tomoyo_obj_info*,_16:_%struct.tomoyo_domain_info*,_24:_%struct.tomoyo_path_info*,_40:_i8,_72:_i8,_75:_i8,_76:_i8,_77:_i8,_:_SCMRE_26,27_}"
CONST[source:0(mediator),value:2(dynamic)][purpose:{object}][SnkIdx:1]


CONST[source:2(external),value:2(dynamic)][purpose:{subject}][SrcIdx:16]  ->  CONST[source:0(mediator),value:0(static)][purpose:{operation}][SnkIdx:3]
-----------
CONST[source:2(external),value:2(dynamic)][purpose:{subject}][SrcIdx:16]
CE0x6086be0 "{CE0x6086be0|COLLAPSED:_GCRE_current_task_external_global_%struct.task_struct*:_elem_0::|security/tomoyo/common.h,1205}"
CE0x5ed0160 "{CE0x5ed0160|tomoyo_domain:tmp22|security/tomoyo/common.h,1205}"
CE0x71f2100 "{CE0x71f2100|tomoyo_domain:tmp23|security/tomoyo/common.h,1205}"
CE0x8809dd0 "{CE0x8809dd0|_ret_%struct.tomoyo_domain_info*_%tmp23,_!dbg_!38929|security/tomoyo/common.h,1205}"
CE0x87912c0 "{CE0x87912c0|tomoyo_init_request_info:call|security/tomoyo/util.c,1005}"
CE0x88b6d30 "{CE0x88b6d30|tomoyo_init_request_info:domain.addr.0}"
CE0x89750e0 "{CE0x89750e0|tomoyo_init_request_info:ns|security/tomoyo/util.c,1010}"
CE0x876bc30 "{CE0x876bc30|tomoyo_init_request_info:tmp12|security/tomoyo/util.c,1010}"
CE0x86f0e30 "{CE0x86f0e30|tomoyo_get_mode:ns|Function::tomoyo_get_mode&Arg::ns::}"
CE0x62ce8c0 "{CE0x62ce8c0|COLLAPSED:_CRE:_elem_0:default:}"
CE0x72e7e10 "{CE0x72e7e10|tomoyo_get_mode:tmp24|security/tomoyo/util.c,986}"
CE0x61504d0 "{CE0x61504d0|tomoyo_get_mode:mode.1}"
CE0x61af070 "{CE0x61af070|tomoyo_get_mode:conv15|security/tomoyo/util.c,987}"
CE0x61af0e0 "{CE0x61af0e0|tomoyo_get_mode:and|security/tomoyo/util.c,987}"
CE0x61af150 "{CE0x61af150|tomoyo_get_mode:retval.0}"
CE0x6fe2b20 "{CE0x6fe2b20|_ret_i32_%retval.0,_!dbg_!38935|security/tomoyo/util.c,988}"
CE0x6eadfd0 "{CE0x6eadfd0|tomoyo_path_permission:call|security/tomoyo/file.c,564}"
CE0x6fe2bf0 "{CE0x6fe2bf0|tomoyo_path_permission:conv|security/tomoyo/file.c,564}"
CE0x7211750 "{CE0x7211750|0:_%struct.tomoyo_obj_info*,_16:_%struct.tomoyo_domain_info*,_24:_%struct.tomoyo_path_info*,_40:_i8,_72:_i8,_75:_i8,_76:_i8,_77:_i8,_:_SCMRE_76,77_|*MultipleSource*|security/tomoyo/file.c, 787|security/tomoyo/file.c,787|Function::tomoyo_init_request_info&Arg::r::|security/tomoyo/file.c,800}"
CE0x8a212f0 "{CE0x8a212f0|tomoyo_path_permission:tmp7|*LoadInst*|security/tomoyo/file.c,565}"
CE0x8a21570 "{CE0x8a21570|tomoyo_path_permission:conv3|security/tomoyo/file.c,565}"
CE0x881ff50 "{CE0x881ff50|tomoyo_path_permission:cmp|security/tomoyo/file.c,565}"
CE0x885f710 "{CE0x885f710|tomoyo_path_permission:if.end}"
CE0x7056f50 "{CE0x7056f50|0:_%struct.tomoyo_obj_info*,_16:_%struct.tomoyo_domain_info*,_24:_%struct.tomoyo_path_info*,_40:_i8,_72:_i8,_75:_i8,_76:_i8,_77:_i8,_:_SCMRE_40,41_}"
CONST[source:0(mediator),value:0(static)][purpose:{operation}][SnkIdx:3]


CONST[source:1(input),value:2(dynamic)][purpose:{object}][SrcIdx:15]  ->  CONST[source:0(mediator),value:2(dynamic)][purpose:{object}][SnkIdx:2]
-----------
CONST[source:1(input),value:2(dynamic)][purpose:{object}][SrcIdx:15]
CE0x5e628e0 "{CE0x5e628e0|0:_i8*,_:_SCMRE_0,8_|*MultipleSource*|security/tomoyo/file.c, 794|security/tomoyo/file.c, 792}"
CE0x881b2e0 "{CE0x881b2e0|tomoyo_path_perm:tmp23|security/tomoyo/file.c,814}"
CE0x713d660 "{CE0x713d660|tomoyo_path_perm:tobool|security/tomoyo/file.c,814}"
CE0x88b0910 "{CE0x88b0910|tomoyo_path_perm:sw.epilog}"
CE0x6098bf0 "{CE0x6098bf0|tomoyo_path_permission:entry}"
CE0x6e36300 "{CE0x6e36300|tomoyo_path_permission:bb}"
CE0x7211750 "{CE0x7211750|0:_%struct.tomoyo_obj_info*,_16:_%struct.tomoyo_domain_info*,_24:_%struct.tomoyo_path_info*,_40:_i8,_72:_i8,_75:_i8,_76:_i8,_77:_i8,_:_SCMRE_76,77_|*MultipleSource*|security/tomoyo/file.c, 787|security/tomoyo/file.c,787|Function::tomoyo_init_request_info&Arg::r::|security/tomoyo/file.c,800}"
CE0x6da2f70 "{CE0x6da2f70|tomoyo_init_request_info:tmp13|*LoadInst*|security/tomoyo/util.c,1011}"
CE0x6da32f0 "{CE0x6da32f0|tomoyo_init_request_info:conv6|security/tomoyo/util.c,1011}"
CE0x72c9f90 "{CE0x72c9f90|_ret_i32_%conv6,_!dbg_!38926|security/tomoyo/util.c,1011}"
CE0x5f91e80 "{CE0x5f91e80|tomoyo_path_perm:call|security/tomoyo/file.c,797}"
CE0x6f59590 "{CE0x6f59590|tomoyo_path_perm:cmp|security/tomoyo/file.c,798}"
CE0x61ecb10 "{CE0x61ecb10|tomoyo_path_perm:if.end6}"
CE0x53e5c80 "{CE0x53e5c80|0:_%struct.tomoyo_obj_info*,_16:_%struct.tomoyo_domain_info*,_24:_%struct.tomoyo_path_info*,_40:_i8,_72:_i8,_75:_i8,_76:_i8,_77:_i8,_:_SCMRE_0,8_|*MultipleSource*|security/tomoyo/file.c, 787|security/tomoyo/file.c,787|Function::tomoyo_init_request_info&Arg::r::|security/tomoyo/file.c,800}"
CONST[source:0(mediator),value:2(dynamic)][purpose:{object}][SnkIdx:2]


CONST[source:1(input),value:2(dynamic)][purpose:{object}][SrcIdx:15]  ->  CONST[source:0(mediator),value:2(dynamic)][purpose:{object}][SnkIdx:1]
-----------
CONST[source:1(input),value:2(dynamic)][purpose:{object}][SrcIdx:15]
CE0x54b3e00 "{CE0x54b3e00|tomoyo_path_perm:buf|security/tomoyo/file.c, 792|*SummSource*}"
CE0x54b3d90 "{CE0x54b3d90|tomoyo_path_perm:buf|security/tomoyo/file.c, 792}"
CE0x6011a90 "{CE0x6011a90|tomoyo_path_permission:filename|Function::tomoyo_path_permission&Arg::filename::}"
CE0x703c520 "{CE0x703c520|0:_%struct.tomoyo_obj_info*,_16:_%struct.tomoyo_domain_info*,_24:_%struct.tomoyo_path_info*,_40:_i8,_72:_i8,_75:_i8,_76:_i8,_77:_i8,_:_SCMRE_26,27_}"
CONST[source:0(mediator),value:2(dynamic)][purpose:{object}][SnkIdx:1]


CONST[source:1(input),value:2(dynamic)][purpose:{object}][SrcIdx:15]  ->  CONST[source:0(mediator),value:0(static)][purpose:{operation}][SnkIdx:3]
-----------
CONST[source:1(input),value:2(dynamic)][purpose:{object}][SrcIdx:15]
CE0x5e628e0 "{CE0x5e628e0|0:_i8*,_:_SCMRE_0,8_|*MultipleSource*|security/tomoyo/file.c, 794|security/tomoyo/file.c, 792}"
CE0x881b2e0 "{CE0x881b2e0|tomoyo_path_perm:tmp23|security/tomoyo/file.c,814}"
CE0x713d660 "{CE0x713d660|tomoyo_path_perm:tobool|security/tomoyo/file.c,814}"
CE0x88b0910 "{CE0x88b0910|tomoyo_path_perm:sw.epilog}"
CE0x6098bf0 "{CE0x6098bf0|tomoyo_path_permission:entry}"
CE0x885f710 "{CE0x885f710|tomoyo_path_permission:if.end}"
CE0x7056f50 "{CE0x7056f50|0:_%struct.tomoyo_obj_info*,_16:_%struct.tomoyo_domain_info*,_24:_%struct.tomoyo_path_info*,_40:_i8,_72:_i8,_75:_i8,_76:_i8,_77:_i8,_:_SCMRE_40,41_}"
CONST[source:0(mediator),value:0(static)][purpose:{operation}][SnkIdx:3]


