[tomoyo_sb_pivotroot]

explicit:
CONST[source:2(external),value:2(dynamic)][purpose:{subject}][SrcIdx:17]  ->  CONST[source:0(mediator),value:2(dynamic)][purpose:{subject}][SnkIdx:0]
-----------
CONST[source:2(external),value:2(dynamic)][purpose:{subject}][SrcIdx:17]
CE0x496b4d0 "{CE0x496b4d0|COLLAPSED:_GCRE_current_task_external_global_%struct.task_struct*:_elem_0::|security/tomoyo/common.h,1205}"
CE0x58b1440 "{CE0x58b1440|tomoyo_domain:tmp22|security/tomoyo/common.h,1205}"
CE0x5bb7d30 "{CE0x5bb7d30|tomoyo_domain:tmp23|security/tomoyo/common.h,1205}"
CE0x71d1350 "{CE0x71d1350|_ret_%struct.tomoyo_domain_info*_%tmp23,_!dbg_!38929|security/tomoyo/common.h,1205}"
CE0x731c390 "{CE0x731c390|tomoyo_init_request_info:call|security/tomoyo/util.c,1005}"
CE0x5891cf0 "{CE0x5891cf0|tomoyo_init_request_info:domain.addr.0}"
CE0x72148d0 "{CE0x72148d0|0:_%struct.tomoyo_obj_info*,_24:_%struct.tomoyo_path_info*,_32:_%struct.tomoyo_path_info*,_40:_i8,_72:_i8,_76:_i8,_:_SCMRE_16,24_|*MultipleSource*|security/tomoyo/file.c, 891|security/tomoyo/file.c,891|security/tomoyo/file.c,920|Function::tomoyo_init_request_info&Arg::r::}"
CONST[source:0(mediator),value:2(dynamic)][purpose:{subject}][SnkIdx:0]



implicit:
CONST[source:2(external),value:2(dynamic)][purpose:{subject}][SrcIdx:17]  ->  CONST[source:0(mediator),value:2(dynamic)][purpose:{object}][SnkIdx:1]
-----------
CONST[source:2(external),value:2(dynamic)][purpose:{subject}][SrcIdx:17]
CE0x58b0900 "{CE0x58b0900|128:_i8*,_1208:_%struct.file*,_:_CMRE_128,136_|*MultipleSource*|security/tomoyo/common.h,1205|security/tomoyo/common.h,1205}"
CE0x58b1440 "{CE0x58b1440|tomoyo_domain:tmp22|security/tomoyo/common.h,1205}"
CE0x5bb7d30 "{CE0x5bb7d30|tomoyo_domain:tmp23|security/tomoyo/common.h,1205}"
CE0x71d1350 "{CE0x71d1350|_ret_%struct.tomoyo_domain_info*_%tmp23,_!dbg_!38929|security/tomoyo/common.h,1205}"
CE0x731c390 "{CE0x731c390|tomoyo_init_request_info:call|security/tomoyo/util.c,1005}"
CE0x5891cf0 "{CE0x5891cf0|tomoyo_init_request_info:domain.addr.0}"
CE0x5c0ca10 "{CE0x5c0ca10|tomoyo_init_request_info:profile2|security/tomoyo/util.c,1007}"
CE0x5c0c510 "{CE0x5c0c510|tomoyo_init_request_info:tmp11|security/tomoyo/util.c,1007}"
CE0x5a15980 "{CE0x5a15980|tomoyo_get_mode:profile|Function::tomoyo_get_mode&Arg::profile::}"
CE0x57691a0 "{CE0x57691a0|COLLAPSED:_CRE:_elem_0:default:}"
CE0x3d8c7c0 "{CE0x3d8c7c0|tomoyo_get_mode:tmp24|security/tomoyo/util.c,986}"
CE0x3d8cfa0 "{CE0x3d8cfa0|tomoyo_get_mode:mode.1}"
CE0x3dc5fc0 "{CE0x3dc5fc0|tomoyo_get_mode:conv15|security/tomoyo/util.c,987}"
CE0x3dc6540 "{CE0x3dc6540|tomoyo_get_mode:and|security/tomoyo/util.c,987}"
CE0x3dc6730 "{CE0x3dc6730|tomoyo_get_mode:retval.0}"
CE0x5ba7190 "{CE0x5ba7190|_ret_i32_%retval.0,_!dbg_!38935|security/tomoyo/util.c,988}"
CE0x5aa1b50 "{CE0x5aa1b50|tomoyo_init_request_info:call4|security/tomoyo/util.c,1010}"
CE0x5ba76f0 "{CE0x5ba76f0|tomoyo_init_request_info:conv|security/tomoyo/util.c,1010}"
CE0x74c03a0 "{CE0x74c03a0|0:_%struct.tomoyo_obj_info*,_24:_%struct.tomoyo_path_info*,_32:_%struct.tomoyo_path_info*,_40:_i8,_72:_i8,_76:_i8,_:_SCMRE_76,77_|*MultipleSource*|security/tomoyo/file.c, 891|security/tomoyo/file.c,891|security/tomoyo/file.c,920|Function::tomoyo_init_request_info&Arg::r::}"
CE0x5cf8390 "{CE0x5cf8390|tomoyo_init_request_info:tmp13|*LoadInst*|security/tomoyo/util.c,1011}"
CE0x5cf8710 "{CE0x5cf8710|tomoyo_init_request_info:conv6|security/tomoyo/util.c,1011}"
CE0x586e6f0 "{CE0x586e6f0|_ret_i32_%conv6,_!dbg_!38926|security/tomoyo/util.c,1011}"
CE0x5a067c0 "{CE0x5a067c0|tomoyo_path2_perm:call|security/tomoyo/file.c,898}"
CE0x72c1ca0 "{CE0x72c1ca0|tomoyo_path2_perm:cmp|security/tomoyo/file.c,899}"
CE0x5ba7930 "{CE0x5ba7930|tomoyo_path2_perm:sw.epilog}"
CE0x7214b30 "{CE0x7214b30|0:_%struct.tomoyo_obj_info*,_24:_%struct.tomoyo_path_info*,_32:_%struct.tomoyo_path_info*,_40:_i8,_72:_i8,_76:_i8,_:_SCMRE_24,25_}"
CONST[source:0(mediator),value:2(dynamic)][purpose:{object}][SnkIdx:1]


CONST[source:2(external),value:2(dynamic)][purpose:{subject}][SrcIdx:17]  ->  CONST[source:0(mediator),value:2(dynamic)][purpose:{object}][SnkIdx:2]
-----------
CONST[source:2(external),value:2(dynamic)][purpose:{subject}][SrcIdx:17]
CE0x58b0900 "{CE0x58b0900|128:_i8*,_1208:_%struct.file*,_:_CMRE_128,136_|*MultipleSource*|security/tomoyo/common.h,1205|security/tomoyo/common.h,1205}"
CE0x58b1440 "{CE0x58b1440|tomoyo_domain:tmp22|security/tomoyo/common.h,1205}"
CE0x5bb7d30 "{CE0x5bb7d30|tomoyo_domain:tmp23|security/tomoyo/common.h,1205}"
CE0x71d1350 "{CE0x71d1350|_ret_%struct.tomoyo_domain_info*_%tmp23,_!dbg_!38929|security/tomoyo/common.h,1205}"
CE0x731c390 "{CE0x731c390|tomoyo_init_request_info:call|security/tomoyo/util.c,1005}"
CE0x5891cf0 "{CE0x5891cf0|tomoyo_init_request_info:domain.addr.0}"
CE0x5c0ca10 "{CE0x5c0ca10|tomoyo_init_request_info:profile2|security/tomoyo/util.c,1007}"
CE0x5c0c510 "{CE0x5c0c510|tomoyo_init_request_info:tmp11|security/tomoyo/util.c,1007}"
CE0x5a15980 "{CE0x5a15980|tomoyo_get_mode:profile|Function::tomoyo_get_mode&Arg::profile::}"
CE0x57691a0 "{CE0x57691a0|COLLAPSED:_CRE:_elem_0:default:}"
CE0x3d8c7c0 "{CE0x3d8c7c0|tomoyo_get_mode:tmp24|security/tomoyo/util.c,986}"
CE0x3d8cfa0 "{CE0x3d8cfa0|tomoyo_get_mode:mode.1}"
CE0x3dc5fc0 "{CE0x3dc5fc0|tomoyo_get_mode:conv15|security/tomoyo/util.c,987}"
CE0x3dc6540 "{CE0x3dc6540|tomoyo_get_mode:and|security/tomoyo/util.c,987}"
CE0x3dc6730 "{CE0x3dc6730|tomoyo_get_mode:retval.0}"
CE0x5ba7190 "{CE0x5ba7190|_ret_i32_%retval.0,_!dbg_!38935|security/tomoyo/util.c,988}"
CE0x5aa1b50 "{CE0x5aa1b50|tomoyo_init_request_info:call4|security/tomoyo/util.c,1010}"
CE0x5ba76f0 "{CE0x5ba76f0|tomoyo_init_request_info:conv|security/tomoyo/util.c,1010}"
CE0x74c03a0 "{CE0x74c03a0|0:_%struct.tomoyo_obj_info*,_24:_%struct.tomoyo_path_info*,_32:_%struct.tomoyo_path_info*,_40:_i8,_72:_i8,_76:_i8,_:_SCMRE_76,77_|*MultipleSource*|security/tomoyo/file.c, 891|security/tomoyo/file.c,891|security/tomoyo/file.c,920|Function::tomoyo_init_request_info&Arg::r::}"
CE0x5cf8390 "{CE0x5cf8390|tomoyo_init_request_info:tmp13|*LoadInst*|security/tomoyo/util.c,1011}"
CE0x5cf8710 "{CE0x5cf8710|tomoyo_init_request_info:conv6|security/tomoyo/util.c,1011}"
CE0x586e6f0 "{CE0x586e6f0|_ret_i32_%conv6,_!dbg_!38926|security/tomoyo/util.c,1011}"
CE0x5a067c0 "{CE0x5a067c0|tomoyo_path2_perm:call|security/tomoyo/file.c,898}"
CE0x72c1ca0 "{CE0x72c1ca0|tomoyo_path2_perm:cmp|security/tomoyo/file.c,899}"
CE0x5ba7930 "{CE0x5ba7930|tomoyo_path2_perm:sw.epilog}"
CE0x72d1950 "{CE0x72d1950|0:_%struct.tomoyo_obj_info*,_24:_%struct.tomoyo_path_info*,_32:_%struct.tomoyo_path_info*,_40:_i8,_72:_i8,_76:_i8,_:_SCMRE_33,34_}"
CONST[source:0(mediator),value:2(dynamic)][purpose:{object}][SnkIdx:2]


CONST[source:2(external),value:2(dynamic)][purpose:{subject}][SrcIdx:17]  ->  CONST[source:0(mediator),value:0(static)][purpose:{operation}][SnkIdx:3]
-----------
CONST[source:2(external),value:2(dynamic)][purpose:{subject}][SrcIdx:17]
CE0x58b0900 "{CE0x58b0900|128:_i8*,_1208:_%struct.file*,_:_CMRE_128,136_|*MultipleSource*|security/tomoyo/common.h,1205|security/tomoyo/common.h,1205}"
CE0x58b1440 "{CE0x58b1440|tomoyo_domain:tmp22|security/tomoyo/common.h,1205}"
CE0x5bb7d30 "{CE0x5bb7d30|tomoyo_domain:tmp23|security/tomoyo/common.h,1205}"
CE0x71d1350 "{CE0x71d1350|_ret_%struct.tomoyo_domain_info*_%tmp23,_!dbg_!38929|security/tomoyo/common.h,1205}"
CE0x731c390 "{CE0x731c390|tomoyo_init_request_info:call|security/tomoyo/util.c,1005}"
CE0x5891cf0 "{CE0x5891cf0|tomoyo_init_request_info:domain.addr.0}"
CE0x5c0ca10 "{CE0x5c0ca10|tomoyo_init_request_info:profile2|security/tomoyo/util.c,1007}"
CE0x5c0c510 "{CE0x5c0c510|tomoyo_init_request_info:tmp11|security/tomoyo/util.c,1007}"
CE0x5a15980 "{CE0x5a15980|tomoyo_get_mode:profile|Function::tomoyo_get_mode&Arg::profile::}"
CE0x57691a0 "{CE0x57691a0|COLLAPSED:_CRE:_elem_0:default:}"
CE0x3d8c7c0 "{CE0x3d8c7c0|tomoyo_get_mode:tmp24|security/tomoyo/util.c,986}"
CE0x3d8cfa0 "{CE0x3d8cfa0|tomoyo_get_mode:mode.1}"
CE0x3dc5fc0 "{CE0x3dc5fc0|tomoyo_get_mode:conv15|security/tomoyo/util.c,987}"
CE0x3dc6540 "{CE0x3dc6540|tomoyo_get_mode:and|security/tomoyo/util.c,987}"
CE0x3dc6730 "{CE0x3dc6730|tomoyo_get_mode:retval.0}"
CE0x5ba7190 "{CE0x5ba7190|_ret_i32_%retval.0,_!dbg_!38935|security/tomoyo/util.c,988}"
CE0x5aa1b50 "{CE0x5aa1b50|tomoyo_init_request_info:call4|security/tomoyo/util.c,1010}"
CE0x5ba76f0 "{CE0x5ba76f0|tomoyo_init_request_info:conv|security/tomoyo/util.c,1010}"
CE0x74c03a0 "{CE0x74c03a0|0:_%struct.tomoyo_obj_info*,_24:_%struct.tomoyo_path_info*,_32:_%struct.tomoyo_path_info*,_40:_i8,_72:_i8,_76:_i8,_:_SCMRE_76,77_|*MultipleSource*|security/tomoyo/file.c, 891|security/tomoyo/file.c,891|security/tomoyo/file.c,920|Function::tomoyo_init_request_info&Arg::r::}"
CE0x5cf8390 "{CE0x5cf8390|tomoyo_init_request_info:tmp13|*LoadInst*|security/tomoyo/util.c,1011}"
CE0x5cf8710 "{CE0x5cf8710|tomoyo_init_request_info:conv6|security/tomoyo/util.c,1011}"
CE0x586e6f0 "{CE0x586e6f0|_ret_i32_%conv6,_!dbg_!38926|security/tomoyo/util.c,1011}"
CE0x5a067c0 "{CE0x5a067c0|tomoyo_path2_perm:call|security/tomoyo/file.c,898}"
CE0x72c1ca0 "{CE0x72c1ca0|tomoyo_path2_perm:cmp|security/tomoyo/file.c,899}"
CE0x5ba7930 "{CE0x5ba7930|tomoyo_path2_perm:sw.epilog}"
CE0x72f4f90 "{CE0x72f4f90|0:_%struct.tomoyo_obj_info*,_24:_%struct.tomoyo_path_info*,_32:_%struct.tomoyo_path_info*,_40:_i8,_72:_i8,_76:_i8,_:_SCMRE_40,41_}"
CONST[source:0(mediator),value:0(static)][purpose:{operation}][SnkIdx:3]


CONST[source:2(external),value:2(dynamic)][purpose:{subject}][SrcIdx:17]  ->  CONST[source:0(mediator),value:2(dynamic)][purpose:{subject}][SnkIdx:0]
-----------
CONST[source:2(external),value:2(dynamic)][purpose:{subject}][SrcIdx:17]
CE0x58b0900 "{CE0x58b0900|128:_i8*,_1208:_%struct.file*,_:_CMRE_128,136_|*MultipleSource*|security/tomoyo/common.h,1205|security/tomoyo/common.h,1205}"
CE0x58b1440 "{CE0x58b1440|tomoyo_domain:tmp22|security/tomoyo/common.h,1205}"
CE0x5bb7d30 "{CE0x5bb7d30|tomoyo_domain:tmp23|security/tomoyo/common.h,1205}"
CE0x71d1350 "{CE0x71d1350|_ret_%struct.tomoyo_domain_info*_%tmp23,_!dbg_!38929|security/tomoyo/common.h,1205}"
CE0x731c390 "{CE0x731c390|tomoyo_init_request_info:call|security/tomoyo/util.c,1005}"
CE0x5891cf0 "{CE0x5891cf0|tomoyo_init_request_info:domain.addr.0}"
CE0x72148d0 "{CE0x72148d0|0:_%struct.tomoyo_obj_info*,_24:_%struct.tomoyo_path_info*,_32:_%struct.tomoyo_path_info*,_40:_i8,_72:_i8,_76:_i8,_:_SCMRE_16,24_|*MultipleSource*|security/tomoyo/file.c, 891|security/tomoyo/file.c,891|security/tomoyo/file.c,920|Function::tomoyo_init_request_info&Arg::r::}"
CONST[source:0(mediator),value:2(dynamic)][purpose:{subject}][SnkIdx:0]


CONST[source:0(mediator),value:0(static)][purpose:{operation}][SrcIdx:15]  ->  CONST[source:0(mediator),value:2(dynamic)][purpose:{object}][SnkIdx:1]
-----------
CONST[source:0(mediator),value:0(static)][purpose:{operation}][SrcIdx:15]
CE0x4b94240 "{CE0x4b94240|tomoyo_path2_perm:operation|Function::tomoyo_path2_perm&Arg::operation::|*SummSource*}"
CE0x4b942b0 "{CE0x4b942b0|tomoyo_path2_perm:operation|Function::tomoyo_path2_perm&Arg::operation::}"
CE0x58c16d0 "{CE0x58c16d0|tomoyo_path2_perm:idxprom|security/tomoyo/file.c,898}"
CE0x73a3900 "{CE0x73a3900|tomoyo_path2_perm:arrayidx|security/tomoyo/file.c,898}"
CE0x7259020 "{CE0x7259020|tomoyo_path2_perm:tmp9|security/tomoyo/file.c,898}"
CE0x5db6ce0 "{CE0x5db6ce0|tomoyo_init_request_info:index|Function::tomoyo_init_request_info&Arg::index::}"
CE0x5a157e0 "{CE0x5a157e0|tomoyo_get_mode:index|Function::tomoyo_get_mode&Arg::index::}"
CE0x3f64b60 "{CE0x3f64b60|tomoyo_get_mode:idxprom|security/tomoyo/util.c,981}"
CE0x587f3f0 "{CE0x587f3f0|tomoyo_get_mode:arrayidx|security/tomoyo/util.c,981}"
CE0x4c9c040 "{CE0x4c9c040|tomoyo_get_mode:tmp9|security/tomoyo/util.c,981}"
CE0x59fabd0 "{CE0x59fabd0|tomoyo_get_mode:mode.0}"
CE0x3d8cfa0 "{CE0x3d8cfa0|tomoyo_get_mode:mode.1}"
CE0x3dc5fc0 "{CE0x3dc5fc0|tomoyo_get_mode:conv15|security/tomoyo/util.c,987}"
CE0x3dc6540 "{CE0x3dc6540|tomoyo_get_mode:and|security/tomoyo/util.c,987}"
CE0x3dc6730 "{CE0x3dc6730|tomoyo_get_mode:retval.0}"
CE0x5ba7190 "{CE0x5ba7190|_ret_i32_%retval.0,_!dbg_!38935|security/tomoyo/util.c,988}"
CE0x5aa1b50 "{CE0x5aa1b50|tomoyo_init_request_info:call4|security/tomoyo/util.c,1010}"
CE0x5ba76f0 "{CE0x5ba76f0|tomoyo_init_request_info:conv|security/tomoyo/util.c,1010}"
CE0x74c03a0 "{CE0x74c03a0|0:_%struct.tomoyo_obj_info*,_24:_%struct.tomoyo_path_info*,_32:_%struct.tomoyo_path_info*,_40:_i8,_72:_i8,_76:_i8,_:_SCMRE_76,77_|*MultipleSource*|security/tomoyo/file.c, 891|security/tomoyo/file.c,891|security/tomoyo/file.c,920|Function::tomoyo_init_request_info&Arg::r::}"
CE0x5cf8390 "{CE0x5cf8390|tomoyo_init_request_info:tmp13|*LoadInst*|security/tomoyo/util.c,1011}"
CE0x5cf8710 "{CE0x5cf8710|tomoyo_init_request_info:conv6|security/tomoyo/util.c,1011}"
CE0x586e6f0 "{CE0x586e6f0|_ret_i32_%conv6,_!dbg_!38926|security/tomoyo/util.c,1011}"
CE0x5a067c0 "{CE0x5a067c0|tomoyo_path2_perm:call|security/tomoyo/file.c,898}"
CE0x72c1ca0 "{CE0x72c1ca0|tomoyo_path2_perm:cmp|security/tomoyo/file.c,899}"
CE0x5ba7930 "{CE0x5ba7930|tomoyo_path2_perm:sw.epilog}"
CE0x7214b30 "{CE0x7214b30|0:_%struct.tomoyo_obj_info*,_24:_%struct.tomoyo_path_info*,_32:_%struct.tomoyo_path_info*,_40:_i8,_72:_i8,_76:_i8,_:_SCMRE_24,25_}"
CONST[source:0(mediator),value:2(dynamic)][purpose:{object}][SnkIdx:1]


CONST[source:0(mediator),value:0(static)][purpose:{operation}][SrcIdx:15]  ->  CONST[source:0(mediator),value:2(dynamic)][purpose:{object}][SnkIdx:2]
-----------
CONST[source:0(mediator),value:0(static)][purpose:{operation}][SrcIdx:15]
CE0x4b94240 "{CE0x4b94240|tomoyo_path2_perm:operation|Function::tomoyo_path2_perm&Arg::operation::|*SummSource*}"
CE0x4b942b0 "{CE0x4b942b0|tomoyo_path2_perm:operation|Function::tomoyo_path2_perm&Arg::operation::}"
CE0x58c16d0 "{CE0x58c16d0|tomoyo_path2_perm:idxprom|security/tomoyo/file.c,898}"
CE0x73a3900 "{CE0x73a3900|tomoyo_path2_perm:arrayidx|security/tomoyo/file.c,898}"
CE0x7259020 "{CE0x7259020|tomoyo_path2_perm:tmp9|security/tomoyo/file.c,898}"
CE0x5db6ce0 "{CE0x5db6ce0|tomoyo_init_request_info:index|Function::tomoyo_init_request_info&Arg::index::}"
CE0x5a157e0 "{CE0x5a157e0|tomoyo_get_mode:index|Function::tomoyo_get_mode&Arg::index::}"
CE0x3f64b60 "{CE0x3f64b60|tomoyo_get_mode:idxprom|security/tomoyo/util.c,981}"
CE0x587f3f0 "{CE0x587f3f0|tomoyo_get_mode:arrayidx|security/tomoyo/util.c,981}"
CE0x4c9c040 "{CE0x4c9c040|tomoyo_get_mode:tmp9|security/tomoyo/util.c,981}"
CE0x59fabd0 "{CE0x59fabd0|tomoyo_get_mode:mode.0}"
CE0x3d8cfa0 "{CE0x3d8cfa0|tomoyo_get_mode:mode.1}"
CE0x3dc5fc0 "{CE0x3dc5fc0|tomoyo_get_mode:conv15|security/tomoyo/util.c,987}"
CE0x3dc6540 "{CE0x3dc6540|tomoyo_get_mode:and|security/tomoyo/util.c,987}"
CE0x3dc6730 "{CE0x3dc6730|tomoyo_get_mode:retval.0}"
CE0x5ba7190 "{CE0x5ba7190|_ret_i32_%retval.0,_!dbg_!38935|security/tomoyo/util.c,988}"
CE0x5aa1b50 "{CE0x5aa1b50|tomoyo_init_request_info:call4|security/tomoyo/util.c,1010}"
CE0x5ba76f0 "{CE0x5ba76f0|tomoyo_init_request_info:conv|security/tomoyo/util.c,1010}"
CE0x74c03a0 "{CE0x74c03a0|0:_%struct.tomoyo_obj_info*,_24:_%struct.tomoyo_path_info*,_32:_%struct.tomoyo_path_info*,_40:_i8,_72:_i8,_76:_i8,_:_SCMRE_76,77_|*MultipleSource*|security/tomoyo/file.c, 891|security/tomoyo/file.c,891|security/tomoyo/file.c,920|Function::tomoyo_init_request_info&Arg::r::}"
CE0x5cf8390 "{CE0x5cf8390|tomoyo_init_request_info:tmp13|*LoadInst*|security/tomoyo/util.c,1011}"
CE0x5cf8710 "{CE0x5cf8710|tomoyo_init_request_info:conv6|security/tomoyo/util.c,1011}"
CE0x586e6f0 "{CE0x586e6f0|_ret_i32_%conv6,_!dbg_!38926|security/tomoyo/util.c,1011}"
CE0x5a067c0 "{CE0x5a067c0|tomoyo_path2_perm:call|security/tomoyo/file.c,898}"
CE0x72c1ca0 "{CE0x72c1ca0|tomoyo_path2_perm:cmp|security/tomoyo/file.c,899}"
CE0x5ba7930 "{CE0x5ba7930|tomoyo_path2_perm:sw.epilog}"
CE0x72d1950 "{CE0x72d1950|0:_%struct.tomoyo_obj_info*,_24:_%struct.tomoyo_path_info*,_32:_%struct.tomoyo_path_info*,_40:_i8,_72:_i8,_76:_i8,_:_SCMRE_33,34_}"
CONST[source:0(mediator),value:2(dynamic)][purpose:{object}][SnkIdx:2]


CONST[source:0(mediator),value:2(dynamic)][purpose:{subject}][SrcIdx:16]  ->  CONST[source:0(mediator),value:2(dynamic)][purpose:{object}][SnkIdx:1]
-----------
CONST[source:0(mediator),value:2(dynamic)][purpose:{subject}][SrcIdx:16]
CE0x4dbc450 "{CE0x4dbc450|VOIDTB_TE:_CE_6392,6400_|*MultipleSource*|security/tomoyo/util.c,1010|Function::tomoyo_get_mode&Arg::ns::}"
CE0x57691a0 "{CE0x57691a0|COLLAPSED:_CRE:_elem_0:default:}"
CE0x3d8c7c0 "{CE0x3d8c7c0|tomoyo_get_mode:tmp24|security/tomoyo/util.c,986}"
CE0x3d8cfa0 "{CE0x3d8cfa0|tomoyo_get_mode:mode.1}"
CE0x3dc5fc0 "{CE0x3dc5fc0|tomoyo_get_mode:conv15|security/tomoyo/util.c,987}"
CE0x3dc6540 "{CE0x3dc6540|tomoyo_get_mode:and|security/tomoyo/util.c,987}"
CE0x3dc6730 "{CE0x3dc6730|tomoyo_get_mode:retval.0}"
CE0x5ba7190 "{CE0x5ba7190|_ret_i32_%retval.0,_!dbg_!38935|security/tomoyo/util.c,988}"
CE0x5aa1b50 "{CE0x5aa1b50|tomoyo_init_request_info:call4|security/tomoyo/util.c,1010}"
CE0x5ba76f0 "{CE0x5ba76f0|tomoyo_init_request_info:conv|security/tomoyo/util.c,1010}"
CE0x74c03a0 "{CE0x74c03a0|0:_%struct.tomoyo_obj_info*,_24:_%struct.tomoyo_path_info*,_32:_%struct.tomoyo_path_info*,_40:_i8,_72:_i8,_76:_i8,_:_SCMRE_76,77_|*MultipleSource*|security/tomoyo/file.c, 891|security/tomoyo/file.c,891|security/tomoyo/file.c,920|Function::tomoyo_init_request_info&Arg::r::}"
CE0x5cf8390 "{CE0x5cf8390|tomoyo_init_request_info:tmp13|*LoadInst*|security/tomoyo/util.c,1011}"
CE0x5cf8710 "{CE0x5cf8710|tomoyo_init_request_info:conv6|security/tomoyo/util.c,1011}"
CE0x586e6f0 "{CE0x586e6f0|_ret_i32_%conv6,_!dbg_!38926|security/tomoyo/util.c,1011}"
CE0x5a067c0 "{CE0x5a067c0|tomoyo_path2_perm:call|security/tomoyo/file.c,898}"
CE0x72c1ca0 "{CE0x72c1ca0|tomoyo_path2_perm:cmp|security/tomoyo/file.c,899}"
CE0x5ba7930 "{CE0x5ba7930|tomoyo_path2_perm:sw.epilog}"
CE0x7214b30 "{CE0x7214b30|0:_%struct.tomoyo_obj_info*,_24:_%struct.tomoyo_path_info*,_32:_%struct.tomoyo_path_info*,_40:_i8,_72:_i8,_76:_i8,_:_SCMRE_24,25_}"
CONST[source:0(mediator),value:2(dynamic)][purpose:{object}][SnkIdx:1]


CONST[source:0(mediator),value:2(dynamic)][purpose:{subject}][SrcIdx:16]  ->  CONST[source:0(mediator),value:2(dynamic)][purpose:{object}][SnkIdx:2]
-----------
CONST[source:0(mediator),value:2(dynamic)][purpose:{subject}][SrcIdx:16]
CE0x4dbc450 "{CE0x4dbc450|VOIDTB_TE:_CE_6392,6400_|*MultipleSource*|security/tomoyo/util.c,1010|Function::tomoyo_get_mode&Arg::ns::}"
CE0x57691a0 "{CE0x57691a0|COLLAPSED:_CRE:_elem_0:default:}"
CE0x3d8c7c0 "{CE0x3d8c7c0|tomoyo_get_mode:tmp24|security/tomoyo/util.c,986}"
CE0x3d8cfa0 "{CE0x3d8cfa0|tomoyo_get_mode:mode.1}"
CE0x3dc5fc0 "{CE0x3dc5fc0|tomoyo_get_mode:conv15|security/tomoyo/util.c,987}"
CE0x3dc6540 "{CE0x3dc6540|tomoyo_get_mode:and|security/tomoyo/util.c,987}"
CE0x3dc6730 "{CE0x3dc6730|tomoyo_get_mode:retval.0}"
CE0x5ba7190 "{CE0x5ba7190|_ret_i32_%retval.0,_!dbg_!38935|security/tomoyo/util.c,988}"
CE0x5aa1b50 "{CE0x5aa1b50|tomoyo_init_request_info:call4|security/tomoyo/util.c,1010}"
CE0x5ba76f0 "{CE0x5ba76f0|tomoyo_init_request_info:conv|security/tomoyo/util.c,1010}"
CE0x74c03a0 "{CE0x74c03a0|0:_%struct.tomoyo_obj_info*,_24:_%struct.tomoyo_path_info*,_32:_%struct.tomoyo_path_info*,_40:_i8,_72:_i8,_76:_i8,_:_SCMRE_76,77_|*MultipleSource*|security/tomoyo/file.c, 891|security/tomoyo/file.c,891|security/tomoyo/file.c,920|Function::tomoyo_init_request_info&Arg::r::}"
CE0x5cf8390 "{CE0x5cf8390|tomoyo_init_request_info:tmp13|*LoadInst*|security/tomoyo/util.c,1011}"
CE0x5cf8710 "{CE0x5cf8710|tomoyo_init_request_info:conv6|security/tomoyo/util.c,1011}"
CE0x586e6f0 "{CE0x586e6f0|_ret_i32_%conv6,_!dbg_!38926|security/tomoyo/util.c,1011}"
CE0x5a067c0 "{CE0x5a067c0|tomoyo_path2_perm:call|security/tomoyo/file.c,898}"
CE0x72c1ca0 "{CE0x72c1ca0|tomoyo_path2_perm:cmp|security/tomoyo/file.c,899}"
CE0x5ba7930 "{CE0x5ba7930|tomoyo_path2_perm:sw.epilog}"
CE0x72d1950 "{CE0x72d1950|0:_%struct.tomoyo_obj_info*,_24:_%struct.tomoyo_path_info*,_32:_%struct.tomoyo_path_info*,_40:_i8,_72:_i8,_76:_i8,_:_SCMRE_33,34_}"
CONST[source:0(mediator),value:2(dynamic)][purpose:{object}][SnkIdx:2]


CONST[source:0(mediator),value:2(dynamic)][purpose:{subject}][SrcIdx:16]  ->  CONST[source:0(mediator),value:0(static)][purpose:{operation}][SnkIdx:3]
-----------
CONST[source:0(mediator),value:2(dynamic)][purpose:{subject}][SrcIdx:16]
CE0x4dbc450 "{CE0x4dbc450|VOIDTB_TE:_CE_6392,6400_|*MultipleSource*|security/tomoyo/util.c,1010|Function::tomoyo_get_mode&Arg::ns::}"
CE0x57691a0 "{CE0x57691a0|COLLAPSED:_CRE:_elem_0:default:}"
CE0x3d8c7c0 "{CE0x3d8c7c0|tomoyo_get_mode:tmp24|security/tomoyo/util.c,986}"
CE0x3d8cfa0 "{CE0x3d8cfa0|tomoyo_get_mode:mode.1}"
CE0x3dc5fc0 "{CE0x3dc5fc0|tomoyo_get_mode:conv15|security/tomoyo/util.c,987}"
CE0x3dc6540 "{CE0x3dc6540|tomoyo_get_mode:and|security/tomoyo/util.c,987}"
CE0x3dc6730 "{CE0x3dc6730|tomoyo_get_mode:retval.0}"
CE0x5ba7190 "{CE0x5ba7190|_ret_i32_%retval.0,_!dbg_!38935|security/tomoyo/util.c,988}"
CE0x5aa1b50 "{CE0x5aa1b50|tomoyo_init_request_info:call4|security/tomoyo/util.c,1010}"
CE0x5ba76f0 "{CE0x5ba76f0|tomoyo_init_request_info:conv|security/tomoyo/util.c,1010}"
CE0x74c03a0 "{CE0x74c03a0|0:_%struct.tomoyo_obj_info*,_24:_%struct.tomoyo_path_info*,_32:_%struct.tomoyo_path_info*,_40:_i8,_72:_i8,_76:_i8,_:_SCMRE_76,77_|*MultipleSource*|security/tomoyo/file.c, 891|security/tomoyo/file.c,891|security/tomoyo/file.c,920|Function::tomoyo_init_request_info&Arg::r::}"
CE0x5cf8390 "{CE0x5cf8390|tomoyo_init_request_info:tmp13|*LoadInst*|security/tomoyo/util.c,1011}"
CE0x5cf8710 "{CE0x5cf8710|tomoyo_init_request_info:conv6|security/tomoyo/util.c,1011}"
CE0x586e6f0 "{CE0x586e6f0|_ret_i32_%conv6,_!dbg_!38926|security/tomoyo/util.c,1011}"
CE0x5a067c0 "{CE0x5a067c0|tomoyo_path2_perm:call|security/tomoyo/file.c,898}"
CE0x72c1ca0 "{CE0x72c1ca0|tomoyo_path2_perm:cmp|security/tomoyo/file.c,899}"
CE0x5ba7930 "{CE0x5ba7930|tomoyo_path2_perm:sw.epilog}"
CE0x72f4f90 "{CE0x72f4f90|0:_%struct.tomoyo_obj_info*,_24:_%struct.tomoyo_path_info*,_32:_%struct.tomoyo_path_info*,_40:_i8,_72:_i8,_76:_i8,_:_SCMRE_40,41_}"
CONST[source:0(mediator),value:0(static)][purpose:{operation}][SnkIdx:3]


