[selinux_msg_queue_msgrcv]

explicit:
CONST[source:1(input),value:2(dynamic)][purpose:{object}]  ->  CONST[source:0(mediator),value:2(dynamic)][purpose:{object}]
-----------
CONST[source:1(input),value:2(dynamic)][purpose:{object}]
CE0x4756fa0 "{CE0x4756fa0|0:_i32,_:_CRE_0,4_|*MultipleSource*|*LoadInst*|security/selinux/hooks.c,5277|security/selinux/hooks.c,5285|security/selinux/hooks.c,5277}"
CE0x4757160 "{CE0x4757160|selinux_msg_queue_msgrcv:_tmp14|security/selinux/hooks.c,5285}"
CE0x4753e20 "{CE0x4753e20|selinux_msg_queue_msgrcv:_tmp14|security/selinux/hooks.c,5285|*SummSink*}"
CONST[source:0(mediator),value:2(dynamic)][purpose:{object}]


CONST[source:1(input),value:2(dynamic)][purpose:{subject}]  ->  CONST[source:0(mediator),value:2(dynamic)][purpose:{subject}]
-----------
CONST[source:1(input),value:2(dynamic)][purpose:{subject}]
CE0x4783a30 "{CE0x4783a30|2472:_%struct.cred*,_:_CRE_2472,2480_|*MultipleSource*|Function::task_sid&Arg::task::|security/selinux/hooks.c,208|Function::selinux_msg_queue_msgrcv&Arg::target::}"
CE0x47a7370 "{CE0x47a7370|task_sid:_tmp4|*LoadInst*|security/selinux/hooks.c,208}"
CE0x47b6160 "{CE0x47b6160|cred_sid:_cred|Function::cred_sid&Arg::cred::}"
CE0x47b8020 "{CE0x47b8020|cred_sid:_security|security/selinux/hooks.c,196}"
CE0x475b640 "{CE0x475b640|cred_sid:_tmp4|*LoadInst*|security/selinux/hooks.c,196}"
CE0x47ad840 "{CE0x47ad840|cred_sid:_tmp5|security/selinux/hooks.c,196}"
CE0x47adc60 "{CE0x47adc60|cred_sid:_sid|security/selinux/hooks.c,197}"
CE0x47aeb00 "{CE0x47aeb00|cred_sid:_tmp6|security/selinux/hooks.c,197}"
CE0x47b64d0 "{CE0x47b64d0|_ret_i32_%tmp6,_!dbg_!27716|security/selinux/hooks.c,197}"
CE0x47b5460 "{CE0x47b5460|task_sid:_call7|security/selinux/hooks.c,208}"
CE0x4713240 "{CE0x4713240|_ret_i32_%call7,_!dbg_!27749|security/selinux/hooks.c,210}"
CE0x47012d0 "{CE0x47012d0|selinux_msg_queue_msgrcv:_call|security/selinux/hooks.c,5273}"
CE0x4724350 "{CE0x4724350|selinux_msg_queue_msgrcv:_call|security/selinux/hooks.c,5273|*SummSink*}"
CONST[source:0(mediator),value:2(dynamic)][purpose:{subject}]



implicit:
CONST[source:1(input),value:2(dynamic)][purpose:{subject}]  ->  CONST[source:0(mediator),value:2(dynamic)][purpose:{subject}]
-----------
CONST[source:1(input),value:2(dynamic)][purpose:{subject}]
CE0x4783a30 "{CE0x4783a30|2472:_%struct.cred*,_:_CRE_2472,2480_|*MultipleSource*|Function::task_sid&Arg::task::|security/selinux/hooks.c,208|Function::selinux_msg_queue_msgrcv&Arg::target::}"
CE0x47a7370 "{CE0x47a7370|task_sid:_tmp4|*LoadInst*|security/selinux/hooks.c,208}"
CE0x47b6160 "{CE0x47b6160|cred_sid:_cred|Function::cred_sid&Arg::cred::}"
CE0x47b8020 "{CE0x47b8020|cred_sid:_security|security/selinux/hooks.c,196}"
CE0x475b640 "{CE0x475b640|cred_sid:_tmp4|*LoadInst*|security/selinux/hooks.c,196}"
CE0x47ad840 "{CE0x47ad840|cred_sid:_tmp5|security/selinux/hooks.c,196}"
CE0x47adc60 "{CE0x47adc60|cred_sid:_sid|security/selinux/hooks.c,197}"
CE0x47aeb00 "{CE0x47aeb00|cred_sid:_tmp6|security/selinux/hooks.c,197}"
CE0x47b64d0 "{CE0x47b64d0|_ret_i32_%tmp6,_!dbg_!27716|security/selinux/hooks.c,197}"
CE0x47b5460 "{CE0x47b5460|task_sid:_call7|security/selinux/hooks.c,208}"
CE0x4713240 "{CE0x4713240|_ret_i32_%call7,_!dbg_!27749|security/selinux/hooks.c,210}"
CE0x47012d0 "{CE0x47012d0|selinux_msg_queue_msgrcv:_call|security/selinux/hooks.c,5273}"
CE0x4724350 "{CE0x4724350|selinux_msg_queue_msgrcv:_call|security/selinux/hooks.c,5273|*SummSink*}"
CONST[source:0(mediator),value:2(dynamic)][purpose:{subject}]


CONST[source:1(input),value:2(dynamic)][purpose:{object}]  ->  CONST[source:0(mediator),value:2(dynamic)][purpose:{object}]
-----------
CONST[source:1(input),value:2(dynamic)][purpose:{object}]
CE0x4718e80 "{CE0x4718e80|4:_i32,_:_CRE_4,8_|*MultipleSource*|security/selinux/hooks.c,5276|security/selinux/hooks.c,5276|security/selinux/hooks.c,5282}"
CE0x471d370 "{CE0x471d370|selinux_msg_queue_msgrcv:_tmp7|security/selinux/hooks.c,5282}"
CE0x4719a10 "{CE0x4719a10|selinux_msg_queue_msgrcv:_tmp7|security/selinux/hooks.c,5282|*SummSink*}"
CONST[source:0(mediator),value:2(dynamic)][purpose:{object}]


