[selinux_xfrm_policy_alloc]

explicit:
CONST[source:0(mediator),value:2(dynamic)][purpose:{subject}][SrcIdx:15]  ->  CONST[source:0(mediator),value:2(dynamic)][purpose:{object}][SnkIdx:1]
-----------
CONST[source:0(mediator),value:2(dynamic)][purpose:{subject}][SrcIdx:15]
CE0x8869b90 "{CE0x8869b90|VOIDTB_TE:_IE:_elem_0:default:}"
CE0x88830b0 "{CE0x88830b0|tmp65}"
CE0x8883370 "{CE0x8883370|tmp65}"
CONST[source:0(mediator),value:2(dynamic)][purpose:{object}][SnkIdx:1]


CONST[source:1(input),value:2(dynamic)][purpose:{object}][SrcIdx:12]  ->  CONST[source:0(mediator),value:2(dynamic)][purpose:{object}][SnkIdx:1]
-----------
CONST[source:1(input),value:2(dynamic)][purpose:{object}][SrcIdx:12]
CE0x8869b90 "{CE0x8869b90|VOIDTB_TE:_IE:_elem_0:default:}"
CE0x88830b0 "{CE0x88830b0|tmp65}"
CE0x8883370 "{CE0x8883370|tmp65}"
CONST[source:0(mediator),value:2(dynamic)][purpose:{object}][SnkIdx:1]


CONST[source:1(input),value:2(dynamic)][purpose:{object}][SrcIdx:12]  ->  CONST[source:0(mediator),value:2(dynamic)][purpose:{subject}][SnkIdx:0]
-----------
CONST[source:1(input),value:2(dynamic)][purpose:{object}][SrcIdx:12]
CE0x8869b90 "{CE0x8869b90|VOIDTB_TE:_IE:_elem_0:default:}"
CE0x8882cc0 "{CE0x8882cc0|tmp64}"
CE0x8882da0 "{CE0x8882da0|tmp64}"
CONST[source:0(mediator),value:2(dynamic)][purpose:{subject}][SnkIdx:0]


CONST[source:1(input),value:2(dynamic)][purpose:{object}][SrcIdx:11]  ->  CONST[source:0(mediator),value:2(dynamic)][purpose:{object}][SnkIdx:1]
-----------
CONST[source:1(input),value:2(dynamic)][purpose:{object}][SrcIdx:11]
CE0x8869b90 "{CE0x8869b90|VOIDTB_TE:_IE:_elem_0:default:}"
CE0x88830b0 "{CE0x88830b0|tmp65}"
CE0x8883370 "{CE0x8883370|tmp65}"
CONST[source:0(mediator),value:2(dynamic)][purpose:{object}][SnkIdx:1]


CONST[source:1(input),value:2(dynamic)][purpose:{object}][SrcIdx:11]  ->  CONST[source:0(mediator),value:2(dynamic)][purpose:{subject}][SnkIdx:0]
-----------
CONST[source:1(input),value:2(dynamic)][purpose:{object}][SrcIdx:11]
CE0x8869b90 "{CE0x8869b90|VOIDTB_TE:_IE:_elem_0:default:}"
CE0x8882cc0 "{CE0x8882cc0|tmp64}"
CE0x8882da0 "{CE0x8882da0|tmp64}"
CONST[source:0(mediator),value:2(dynamic)][purpose:{subject}][SnkIdx:0]


CONST[source:1(input),value:2(dynamic)][purpose:{object}][SrcIdx:13]  ->  CONST[source:0(mediator),value:2(dynamic)][purpose:{object}][SnkIdx:1]
-----------
CONST[source:1(input),value:2(dynamic)][purpose:{object}][SrcIdx:13]
CE0x884bbe0 "{CE0x884bbe0|gfp}"
CE0x884fb00 "{CE0x884fb00|gfp}"
CE0x8848780 "{CE0x8848780|gfp}"
CE0x8869b90 "{CE0x8869b90|VOIDTB_TE:_IE:_elem_0:default:}"
CE0x88830b0 "{CE0x88830b0|tmp65}"
CE0x8883370 "{CE0x8883370|tmp65}"
CONST[source:0(mediator),value:2(dynamic)][purpose:{object}][SnkIdx:1]


CONST[source:1(input),value:2(dynamic)][purpose:{object}][SrcIdx:13]  ->  CONST[source:0(mediator),value:2(dynamic)][purpose:{subject}][SnkIdx:0]
-----------
CONST[source:1(input),value:2(dynamic)][purpose:{object}][SrcIdx:13]
CE0x884bbe0 "{CE0x884bbe0|gfp}"
CE0x884fb00 "{CE0x884fb00|gfp}"
CE0x8848780 "{CE0x8848780|gfp}"
CE0x8869b90 "{CE0x8869b90|VOIDTB_TE:_IE:_elem_0:default:}"
CE0x8882cc0 "{CE0x8882cc0|tmp64}"
CE0x8882da0 "{CE0x8882da0|tmp64}"
CONST[source:0(mediator),value:2(dynamic)][purpose:{subject}][SnkIdx:0]



implicit:
CONST[source:0(mediator),value:2(dynamic)][purpose:{subject}][SrcIdx:15]  ->  CONST[source:0(mediator),value:2(dynamic)][purpose:{object}][SnkIdx:1]
-----------
CONST[source:0(mediator),value:2(dynamic)][purpose:{subject}][SrcIdx:15]
CE0x8869b90 "{CE0x8869b90|VOIDTB_TE:_IE:_elem_0:default:}"
CE0x88830b0 "{CE0x88830b0|tmp65}"
CE0x8883370 "{CE0x8883370|tmp65}"
CONST[source:0(mediator),value:2(dynamic)][purpose:{object}][SnkIdx:1]


CONST[source:1(input),value:2(dynamic)][purpose:{object}][SrcIdx:11]  ->  CONST[source:0(mediator),value:2(dynamic)][purpose:{object}][SnkIdx:1]
-----------
CONST[source:1(input),value:2(dynamic)][purpose:{object}][SrcIdx:11]
CE0x8869b90 "{CE0x8869b90|VOIDTB_TE:_IE:_elem_0:default:}"
CE0x88830b0 "{CE0x88830b0|tmp65}"
CE0x8883370 "{CE0x8883370|tmp65}"
CONST[source:0(mediator),value:2(dynamic)][purpose:{object}][SnkIdx:1]


CONST[source:1(input),value:2(dynamic)][purpose:{object}][SrcIdx:11]  ->  CONST[source:0(mediator),value:2(dynamic)][purpose:{subject}][SnkIdx:0]
-----------
CONST[source:1(input),value:2(dynamic)][purpose:{object}][SrcIdx:11]
CE0x8869b90 "{CE0x8869b90|VOIDTB_TE:_IE:_elem_0:default:}"
CE0x8882cc0 "{CE0x8882cc0|tmp64}"
CE0x8882da0 "{CE0x8882da0|tmp64}"
CONST[source:0(mediator),value:2(dynamic)][purpose:{subject}][SnkIdx:0]


CONST[source:1(input),value:2(dynamic)][purpose:{object}][SrcIdx:13]  ->  CONST[source:0(mediator),value:2(dynamic)][purpose:{object}][SnkIdx:1]
-----------
CONST[source:1(input),value:2(dynamic)][purpose:{object}][SrcIdx:13]
CE0x884bbe0 "{CE0x884bbe0|gfp}"
CE0x884fb00 "{CE0x884fb00|gfp}"
CE0x8848780 "{CE0x8848780|gfp}"
CE0x8869b90 "{CE0x8869b90|VOIDTB_TE:_IE:_elem_0:default:}"
CE0x88830b0 "{CE0x88830b0|tmp65}"
CE0x8883370 "{CE0x8883370|tmp65}"
CONST[source:0(mediator),value:2(dynamic)][purpose:{object}][SnkIdx:1]


CONST[source:1(input),value:2(dynamic)][purpose:{object}][SrcIdx:13]  ->  CONST[source:0(mediator),value:2(dynamic)][purpose:{subject}][SnkIdx:0]
-----------
CONST[source:1(input),value:2(dynamic)][purpose:{object}][SrcIdx:13]
CE0x884bbe0 "{CE0x884bbe0|gfp}"
CE0x884fb00 "{CE0x884fb00|gfp}"
CE0x8848780 "{CE0x8848780|gfp}"
CE0x8869b90 "{CE0x8869b90|VOIDTB_TE:_IE:_elem_0:default:}"
CE0x8882cc0 "{CE0x8882cc0|tmp64}"
CE0x8882da0 "{CE0x8882da0|tmp64}"
CONST[source:0(mediator),value:2(dynamic)][purpose:{subject}][SnkIdx:0]


CONST[source:1(input),value:2(dynamic)][purpose:{object}][SrcIdx:12]  ->  CONST[source:0(mediator),value:2(dynamic)][purpose:{object}][SnkIdx:1]
-----------
CONST[source:1(input),value:2(dynamic)][purpose:{object}][SrcIdx:12]
CE0x8869b90 "{CE0x8869b90|VOIDTB_TE:_IE:_elem_0:default:}"
CE0x88830b0 "{CE0x88830b0|tmp65}"
CE0x8883370 "{CE0x8883370|tmp65}"
CONST[source:0(mediator),value:2(dynamic)][purpose:{object}][SnkIdx:1]


CONST[source:1(input),value:2(dynamic)][purpose:{object}][SrcIdx:12]  ->  CONST[source:0(mediator),value:2(dynamic)][purpose:{subject}][SnkIdx:0]
-----------
CONST[source:1(input),value:2(dynamic)][purpose:{object}][SrcIdx:12]
CE0x8869b90 "{CE0x8869b90|VOIDTB_TE:_IE:_elem_0:default:}"
CE0x8882cc0 "{CE0x8882cc0|tmp64}"
CE0x8882da0 "{CE0x8882da0|tmp64}"
CONST[source:0(mediator),value:2(dynamic)][purpose:{subject}][SnkIdx:0]


