[selinux_file_send_sigiotask]

explicit:
CONST[source:1(input),value:2(dynamic)][purpose:{object}][SrcIdx:1]  ->  CONST[source:0(mediator),value:2(dynamic)][purpose:{object}][SnkIdx:1]
-----------
CONST[source:1(input),value:2(dynamic)][purpose:{object}][SrcIdx:1]
CE0x5233880 "{CE0x5233880|2472:_%struct.cred*,_:_CRE_2472,2480_|*MultipleSource*|Function::task_sid&Arg::task::|Function::selinux_file_send_sigiotask&Arg::tsk::|security/selinux/hooks.c,208}"
CE0x5257b70 "{CE0x5257b70|task_sid:tmp4|*LoadInst*|security/selinux/hooks.c,208}"
CE0x52680f0 "{CE0x52680f0|cred_sid:cred|Function::cred_sid&Arg::cred::}"
CE0x525f200 "{CE0x525f200|cred_sid:security|security/selinux/hooks.c,196}"
CE0x52927a0 "{CE0x52927a0|cred_sid:tmp4|*LoadInst*|security/selinux/hooks.c,196}"
CE0x5294bd0 "{CE0x5294bd0|cred_sid:tmp5|security/selinux/hooks.c,196}"
CE0x52add70 "{CE0x52add70|cred_sid:sid|security/selinux/hooks.c,197}"
CE0x52aeb90 "{CE0x52aeb90|cred_sid:tmp6|security/selinux/hooks.c,197}"
CE0x5268450 "{CE0x5268450|_ret_i32_%tmp6,_!dbg_!27716|security/selinux/hooks.c,197}"
CE0x5266d90 "{CE0x5266d90|task_sid:call7|security/selinux/hooks.c,208}"
CE0x51e5850 "{CE0x51e5850|_ret_i32_%call7,_!dbg_!27749|security/selinux/hooks.c,210}"
CE0x48c10a0 "{CE0x48c10a0|selinux_file_send_sigiotask:call|security/selinux/hooks.c,3394}"
CE0x51e3f70 "{CE0x51e3f70|selinux_file_send_sigiotask:call|security/selinux/hooks.c,3394|*SummSink*}"
CONST[source:0(mediator),value:2(dynamic)][purpose:{object}][SnkIdx:1]


CONST[source:1(input),value:2(dynamic)][purpose:{subject}][SrcIdx:3]  ->  CONST[source:0(mediator),value:2(dynamic)][purpose:{subject}][SnkIdx:0]
-----------
CONST[source:1(input),value:2(dynamic)][purpose:{subject}][SrcIdx:3]
CE0x51efec0 "{CE0x51efec0|4:_i32,_:_CRE_4,8_|*MultipleSource*|security/selinux/hooks.c,3401|security/selinux/hooks.c,3401|security/selinux/hooks.c,3408}"
CE0x51f0f40 "{CE0x51f0f40|selinux_file_send_sigiotask:tmp16|security/selinux/hooks.c,3408}"
CE0x51f1300 "{CE0x51f1300|selinux_file_send_sigiotask:tmp16|security/selinux/hooks.c,3408|*SummSink*}"
CONST[source:0(mediator),value:2(dynamic)][purpose:{subject}][SnkIdx:0]



implicit:
CONST[source:1(input),value:2(dynamic)][purpose:{object}][SrcIdx:1]  ->  CONST[source:0(mediator),value:2(dynamic)][purpose:{object}][SnkIdx:1]
-----------
CONST[source:1(input),value:2(dynamic)][purpose:{object}][SrcIdx:1]
CE0x5233880 "{CE0x5233880|2472:_%struct.cred*,_:_CRE_2472,2480_|*MultipleSource*|Function::task_sid&Arg::task::|Function::selinux_file_send_sigiotask&Arg::tsk::|security/selinux/hooks.c,208}"
CE0x5257b70 "{CE0x5257b70|task_sid:tmp4|*LoadInst*|security/selinux/hooks.c,208}"
CE0x52680f0 "{CE0x52680f0|cred_sid:cred|Function::cred_sid&Arg::cred::}"
CE0x525f200 "{CE0x525f200|cred_sid:security|security/selinux/hooks.c,196}"
CE0x52927a0 "{CE0x52927a0|cred_sid:tmp4|*LoadInst*|security/selinux/hooks.c,196}"
CE0x5294bd0 "{CE0x5294bd0|cred_sid:tmp5|security/selinux/hooks.c,196}"
CE0x52add70 "{CE0x52add70|cred_sid:sid|security/selinux/hooks.c,197}"
CE0x52aeb90 "{CE0x52aeb90|cred_sid:tmp6|security/selinux/hooks.c,197}"
CE0x5268450 "{CE0x5268450|_ret_i32_%tmp6,_!dbg_!27716|security/selinux/hooks.c,197}"
CE0x5266d90 "{CE0x5266d90|task_sid:call7|security/selinux/hooks.c,208}"
CE0x51e5850 "{CE0x51e5850|_ret_i32_%call7,_!dbg_!27749|security/selinux/hooks.c,210}"
CE0x48c10a0 "{CE0x48c10a0|selinux_file_send_sigiotask:call|security/selinux/hooks.c,3394}"
CE0x51e3f70 "{CE0x51e3f70|selinux_file_send_sigiotask:call|security/selinux/hooks.c,3394|*SummSink*}"
CONST[source:0(mediator),value:2(dynamic)][purpose:{object}][SnkIdx:1]


CONST[source:1(input),value:2(dynamic)][purpose:{operation}][SrcIdx:2]  ->  CONST[source:0(mediator),value:0(static)][purpose:{operation}][SnkIdx:3]
-----------
CONST[source:1(input),value:2(dynamic)][purpose:{operation}][SrcIdx:2]
CE0x51f4700 "{CE0x51f4700|selinux_file_send_sigiotask:signum|Function::selinux_file_send_sigiotask&Arg::signum::|*SummSource*}"
CE0x51e7b80 "{CE0x51e7b80|selinux_file_send_sigiotask:signum|Function::selinux_file_send_sigiotask&Arg::signum::}"
CE0x51d5b00 "{CE0x51d5b00|selinux_file_send_sigiotask:tobool|security/selinux/hooks.c,3403}"
CE0x51e5c60 "{CE0x51e5c60|selinux_file_send_sigiotask:if.then}"
CE0x51e4330 "{CE0x51e4330|selinux_file_send_sigiotask:call1|security/selinux/hooks.c,3404}"
CE0x51fd160 "{CE0x51fd160|selinux_file_send_sigiotask:perm.0}"
CE0x51e0660 "{CE0x51e0660|selinux_file_send_sigiotask:perm.0|*SummSink*}"
CONST[source:0(mediator),value:0(static)][purpose:{operation}][SnkIdx:3]


CONST[source:1(input),value:2(dynamic)][purpose:{subject}][SrcIdx:3]  ->  CONST[source:0(mediator),value:2(dynamic)][purpose:{subject}][SnkIdx:0]
-----------
CONST[source:1(input),value:2(dynamic)][purpose:{subject}][SrcIdx:3]
CE0x51efec0 "{CE0x51efec0|4:_i32,_:_CRE_4,8_|*MultipleSource*|security/selinux/hooks.c,3401|security/selinux/hooks.c,3401|security/selinux/hooks.c,3408}"
CE0x51f0f40 "{CE0x51f0f40|selinux_file_send_sigiotask:tmp16|security/selinux/hooks.c,3408}"
CE0x51f1300 "{CE0x51f1300|selinux_file_send_sigiotask:tmp16|security/selinux/hooks.c,3408|*SummSink*}"
CONST[source:0(mediator),value:2(dynamic)][purpose:{subject}][SnkIdx:0]


