[tomoyo_path_chroot]

explicit:
CONST[source:2(external),value:2(dynamic)][purpose:{subject}][SrcIdx:2]  ->  CONST[source:0(mediator),value:2(dynamic)][purpose:{subject}]
-----------
CONST[source:2(external),value:2(dynamic)][purpose:{subject}][SrcIdx:2]
CE0x5460220 "{CE0x5460220|COLLAPSED:_GCRE_current_task_external_global_%struct.task_struct*:_elem_0::|security/tomoyo/common.h,1205}"
CE0x66635e0 "{CE0x66635e0|tomoyo_domain:tmp22|security/tomoyo/common.h,1205}"
CE0x6292ff0 "{CE0x6292ff0|tomoyo_domain:tmp23|security/tomoyo/common.h,1205}"
CE0x7d278d0 "{CE0x7d278d0|_ret_%struct.tomoyo_domain_info*_%tmp23,_!dbg_!38929|security/tomoyo/common.h,1205}"
CE0x661e860 "{CE0x661e860|tomoyo_init_request_info:call|security/tomoyo/util.c,1005}"
CE0x64f40f0 "{CE0x64f40f0|tomoyo_init_request_info:domain.addr.0}"
CE0x544d970 "{CE0x544d970|0:_%struct.tomoyo_obj_info*,_16:_%struct.tomoyo_domain_info*,_24:_%struct.tomoyo_path_info*,_40:_i8,_72:_i8,_75:_i8,_76:_i8,_77:_i8,_:_SCMRE_16,24_|*MultipleSource*|security/tomoyo/file.c, 787|security/tomoyo/file.c,787|Function::tomoyo_init_request_info&Arg::r::|security/tomoyo/file.c,800}"
CONST[source:0(mediator),value:2(dynamic)][purpose:{subject}]



implicit:
CONST[source:0(mediator),value:0(static)][purpose:{operation}][SrcIdx:1]  ->  CONST[source:0(mediator),value:2(dynamic)][purpose:{object}]
-----------
CONST[source:0(mediator),value:0(static)][purpose:{operation}][SrcIdx:1]
CE0x5390810 "{CE0x5390810|tomoyo_path_perm:operation|Function::tomoyo_path_perm&Arg::operation::|*SummSource*}"
CE0x4881180 "{CE0x4881180|tomoyo_path_perm:operation|Function::tomoyo_path_perm&Arg::operation::}"
CE0x7db5c30 "{CE0x7db5c30|tomoyo_path_perm:conv8|security/tomoyo/file.c,807}"
CE0x648b8d0 "{CE0x648b8d0|tomoyo_path_perm:sw.epilog}"
CE0x64276c0 "{CE0x64276c0|tomoyo_path_permission:entry}"
CE0x55208f0 "{CE0x55208f0|tomoyo_path_permission:if.end}"
CE0x7c49fd0 "{CE0x7c49fd0|0:_%struct.tomoyo_obj_info*,_16:_%struct.tomoyo_domain_info*,_24:_%struct.tomoyo_path_info*,_40:_i8,_72:_i8,_75:_i8,_76:_i8,_77:_i8,_:_SCMRE_30,31_}"
CONST[source:0(mediator),value:2(dynamic)][purpose:{object}]


CONST[source:2(external),value:2(dynamic)][purpose:{subject}][SrcIdx:2]  ->  CONST[source:0(mediator),value:2(dynamic)][purpose:{subject}]
-----------
CONST[source:2(external),value:2(dynamic)][purpose:{subject}][SrcIdx:2]
CE0x654a050 "{CE0x654a050|128:_i8*,_1208:_%struct.file*,_:_CMRE_128,136_|*MultipleSource*|security/tomoyo/common.h,1205|security/tomoyo/common.h,1205}"
CE0x66635e0 "{CE0x66635e0|tomoyo_domain:tmp22|security/tomoyo/common.h,1205}"
CE0x6292ff0 "{CE0x6292ff0|tomoyo_domain:tmp23|security/tomoyo/common.h,1205}"
CE0x7d278d0 "{CE0x7d278d0|_ret_%struct.tomoyo_domain_info*_%tmp23,_!dbg_!38929|security/tomoyo/common.h,1205}"
CE0x661e860 "{CE0x661e860|tomoyo_init_request_info:call|security/tomoyo/util.c,1005}"
CE0x64f40f0 "{CE0x64f40f0|tomoyo_init_request_info:domain.addr.0}"
CE0x544d970 "{CE0x544d970|0:_%struct.tomoyo_obj_info*,_16:_%struct.tomoyo_domain_info*,_24:_%struct.tomoyo_path_info*,_40:_i8,_72:_i8,_75:_i8,_76:_i8,_77:_i8,_:_SCMRE_16,24_|*MultipleSource*|security/tomoyo/file.c, 787|security/tomoyo/file.c,787|Function::tomoyo_init_request_info&Arg::r::|security/tomoyo/file.c,800}"
CONST[source:0(mediator),value:2(dynamic)][purpose:{subject}]


