[selinux_key_permission]

explicit:
CONST[source:1(input),value:2(dynamic)][purpose:{operation}][SrcIdx:2]  ->  CONST[source:0(mediator),value:0(static)][purpose:{operation}][SnkIdx:3]
-----------
CONST[source:1(input),value:2(dynamic)][purpose:{operation}][SrcIdx:2]
CE0x97d4080 "{CE0x97d4080|perm}"
CE0x97d4ad0 "{CE0x97d4ad0|perm}"
CE0x97d3d10 "{CE0x97d3d10|perm}"
CONST[source:0(mediator),value:0(static)][purpose:{operation}][SnkIdx:3]


CONST[source:1(input),value:2(dynamic)][purpose:{subject}][SrcIdx:3]  ->  CONST[source:0(mediator),value:2(dynamic)][purpose:{subject}][SnkIdx:0]
-----------
CONST[source:1(input),value:2(dynamic)][purpose:{subject}][SrcIdx:3]
CE0x97daa30 "{CE0x97daa30|VOIDTB_TE:_IE:_elem_0:default:}"
CE0x97e1830 "{CE0x97e1830|tmp6}"
CE0x97dde30 "{CE0x97dde30|_ret_i32_%tmp6,_!dbg_!27716}"
CE0x97e0000 "{CE0x97e0000|call}"
CE0x97dfdf0 "{CE0x97dfdf0|call}"
CONST[source:0(mediator),value:2(dynamic)][purpose:{subject}][SnkIdx:0]


CONST[source:1(input),value:2(dynamic)][purpose:{object}][SrcIdx:1]  ->  CONST[source:0(mediator),value:2(dynamic)][purpose:{object}][SnkIdx:1]
-----------
CONST[source:1(input),value:2(dynamic)][purpose:{object}][SrcIdx:1]
CE0x97dede0 "{CE0x97dede0|key_ref}"
CE0x97cf900 "{CE0x97cf900|key_ref}"
CE0x97deec0 "{CE0x97deec0|key_ref}"
CE0x97f6780 "{CE0x97f6780|tmp4}"
CE0x97f27a0 "{CE0x97f27a0|and}"
CE0x97f2880 "{CE0x97f2880|tmp5}"
CE0x490f370 "{CE0x490f370|_ret_%struct.key*_%tmp5,_!dbg_!27715}"
CE0x97ee480 "{CE0x97ee480|call1}"
CE0x97d33e0 "{CE0x97d33e0|security}"
CE0x6e587c0 "{CE0x6e587c0|tmp10}"
CE0x97dc590 "{CE0x97dc590|tmp11}"
CE0x6f91bd0 "{CE0x6f91bd0|sid2}"
CE0x97ed070 "{CE0x97ed070|tmp12}"
CE0x97ed1c0 "{CE0x97ed1c0|tmp12}"
CONST[source:0(mediator),value:2(dynamic)][purpose:{object}][SnkIdx:1]


CONST[source:1(input),value:2(dynamic)][purpose:{object}][SrcIdx:1]  ->  CONST[source:0(mediator),value:2(dynamic)][purpose:{subject}][SnkIdx:0]
-----------
CONST[source:1(input),value:2(dynamic)][purpose:{object}][SrcIdx:1]
CE0x97daa30 "{CE0x97daa30|VOIDTB_TE:_IE:_elem_0:default:}"
CE0x97e1830 "{CE0x97e1830|tmp6}"
CE0x97dde30 "{CE0x97dde30|_ret_i32_%tmp6,_!dbg_!27716}"
CE0x97e0000 "{CE0x97e0000|call}"
CE0x97dfdf0 "{CE0x97dfdf0|call}"
CONST[source:0(mediator),value:2(dynamic)][purpose:{subject}][SnkIdx:0]



implicit:
CONST[source:1(input),value:2(dynamic)][purpose:{subject}][SrcIdx:3]  ->  CONST[source:0(mediator),value:2(dynamic)][purpose:{subject}][SnkIdx:0]
-----------
CONST[source:1(input),value:2(dynamic)][purpose:{subject}][SrcIdx:3]
CE0x97daa30 "{CE0x97daa30|VOIDTB_TE:_IE:_elem_0:default:}"
CE0x97e1830 "{CE0x97e1830|tmp6}"
CE0x97dde30 "{CE0x97dde30|_ret_i32_%tmp6,_!dbg_!27716}"
CE0x97e0000 "{CE0x97e0000|call}"
CE0x97dfdf0 "{CE0x97dfdf0|call}"
CONST[source:0(mediator),value:2(dynamic)][purpose:{subject}][SnkIdx:0]


CONST[source:1(input),value:2(dynamic)][purpose:{object}][SrcIdx:1]  ->  CONST[source:0(mediator),value:2(dynamic)][purpose:{subject}][SnkIdx:0]
-----------
CONST[source:1(input),value:2(dynamic)][purpose:{object}][SrcIdx:1]
CE0x97daa30 "{CE0x97daa30|VOIDTB_TE:_IE:_elem_0:default:}"
CE0x97e1830 "{CE0x97e1830|tmp6}"
CE0x97dde30 "{CE0x97dde30|_ret_i32_%tmp6,_!dbg_!27716}"
CE0x97e0000 "{CE0x97e0000|call}"
CE0x97dfdf0 "{CE0x97dfdf0|call}"
CONST[source:0(mediator),value:2(dynamic)][purpose:{subject}][SnkIdx:0]


CONST[source:1(input),value:2(dynamic)][purpose:{object}][SrcIdx:1]  ->  CONST[source:0(mediator),value:2(dynamic)][purpose:{object}][SnkIdx:1]
-----------
CONST[source:1(input),value:2(dynamic)][purpose:{object}][SrcIdx:1]
CE0x97dede0 "{CE0x97dede0|key_ref}"
CE0x97cf900 "{CE0x97cf900|key_ref}"
CE0x97deec0 "{CE0x97deec0|key_ref}"
CE0x97f6780 "{CE0x97f6780|tmp4}"
CE0x97f27a0 "{CE0x97f27a0|and}"
CE0x97f2880 "{CE0x97f2880|tmp5}"
CE0x490f370 "{CE0x490f370|_ret_%struct.key*_%tmp5,_!dbg_!27715}"
CE0x97ee480 "{CE0x97ee480|call1}"
CE0x97d33e0 "{CE0x97d33e0|security}"
CE0x6e587c0 "{CE0x6e587c0|tmp10}"
CE0x97dc590 "{CE0x97dc590|tmp11}"
CE0x6f91bd0 "{CE0x6f91bd0|sid2}"
CE0x97ed070 "{CE0x97ed070|tmp12}"
CE0x97ed1c0 "{CE0x97ed1c0|tmp12}"
CONST[source:0(mediator),value:2(dynamic)][purpose:{object}][SnkIdx:1]


CONST[source:1(input),value:2(dynamic)][purpose:{operation}][SrcIdx:2]  ->  CONST[source:0(mediator),value:0(static)][purpose:{operation}][SnkIdx:3]
-----------
CONST[source:1(input),value:2(dynamic)][purpose:{operation}][SrcIdx:2]
CE0x97d4080 "{CE0x97d4080|perm}"
CE0x97d4ad0 "{CE0x97d4ad0|perm}"
CE0x97d3d10 "{CE0x97d3d10|perm}"
CONST[source:0(mediator),value:0(static)][purpose:{operation}][SnkIdx:3]


