[selinux_setprocattr]

explicit:
CONST[source:1(input),value:2(dynamic)][purpose:{object}][SrcIdx:22]  ->  CONST[source:0(mediator),value:2(dynamic)][purpose:{subject}][SnkIdx:12]
-----------
CONST[source:1(input),value:2(dynamic)][purpose:{object}][SrcIdx:22]
CE0x6f457c0 "{CE0x6f457c0|VOIDTB_TE:_CE_128,136_|*MultipleSource*|Function::cred_sid&Arg::cred::|*LoadInst*|security/selinux/hooks.c,208|security/selinux/hooks.c,196}"
CE0x6f66f10 "{CE0x6f66f10|cred_sid:tmp4|*LoadInst*|security/selinux/hooks.c,196}"
CE0x6f67490 "{CE0x6f67490|cred_sid:tmp5|security/selinux/hooks.c,196}"
CE0x6f65dc0 "{CE0x6f65dc0|cred_sid:sid|security/selinux/hooks.c,197}"
CE0x6f666e0 "{CE0x6f666e0|cred_sid:tmp6|security/selinux/hooks.c,197}"
CE0x5613930 "{CE0x5613930|_ret_i32_%tmp6,_!dbg_!27716|security/selinux/hooks.c,197}"
CE0x6f18620 "{CE0x6f18620|task_sid:call7|security/selinux/hooks.c,208}"
CE0x55e2870 "{CE0x55e2870|_ret_i32_%call7,_!dbg_!27749|security/selinux/hooks.c,210}"
CE0x55e1880 "{CE0x55e1880|may_create_key:call|security/selinux/hooks.c,1748}"
CE0x55dfa20 "{CE0x55dfa20|may_create_key:call|security/selinux/hooks.c,1748|*SummSink*}"
CONST[source:0(mediator),value:2(dynamic)][purpose:{subject}][SnkIdx:12]


CONST[source:1(input),value:2(dynamic)][purpose:{object}][SrcIdx:22]  ->  CONST[source:0(mediator),value:2(dynamic)][purpose:{object}][SnkIdx:9]
-----------
CONST[source:1(input),value:2(dynamic)][purpose:{object}][SrcIdx:22]
CE0x6f457c0 "{CE0x6f457c0|VOIDTB_TE:_CE_128,136_|*MultipleSource*|Function::cred_sid&Arg::cred::|*LoadInst*|security/selinux/hooks.c,208|security/selinux/hooks.c,196}"
CE0x6f66f10 "{CE0x6f66f10|cred_sid:tmp4|*LoadInst*|security/selinux/hooks.c,196}"
CE0x6f67490 "{CE0x6f67490|cred_sid:tmp5|security/selinux/hooks.c,196}"
CE0x6f65dc0 "{CE0x6f65dc0|cred_sid:sid|security/selinux/hooks.c,197}"
CE0x6f666e0 "{CE0x6f666e0|cred_sid:tmp6|security/selinux/hooks.c,197}"
CE0x5613930 "{CE0x5613930|_ret_i32_%tmp6,_!dbg_!27716|security/selinux/hooks.c,197}"
CE0x6f557c0 "{CE0x6f557c0|task_sid:call7|security/selinux/hooks.c,208}"
CE0x5718700 "{CE0x5718700|_ret_i32_%call7,_!dbg_!27749|security/selinux/hooks.c,210}"
CE0x5730600 "{CE0x5730600|current_has_perm:call1|security/selinux/hooks.c,1543}"
CE0x571ef90 "{CE0x571ef90|current_has_perm:call1|security/selinux/hooks.c,1543|*SummSink*}"
CONST[source:0(mediator),value:2(dynamic)][purpose:{object}][SnkIdx:9]


CONST[source:1(input),value:2(dynamic)][purpose:{object}][SrcIdx:22]  ->  CONST[source:0(mediator),value:2(dynamic)][purpose:{subject}][SnkIdx:4]
-----------
CONST[source:1(input),value:2(dynamic)][purpose:{object}][SrcIdx:22]
CE0x6f457c0 "{CE0x6f457c0|VOIDTB_TE:_CE_128,136_|*MultipleSource*|Function::cred_sid&Arg::cred::|*LoadInst*|security/selinux/hooks.c,208|security/selinux/hooks.c,196}"
CE0x6f66f10 "{CE0x6f66f10|cred_sid:tmp4|*LoadInst*|security/selinux/hooks.c,196}"
CE0x6f67490 "{CE0x6f67490|cred_sid:tmp5|security/selinux/hooks.c,196}"
CE0x6f65dc0 "{CE0x6f65dc0|cred_sid:sid|security/selinux/hooks.c,197}"
CE0x6f666e0 "{CE0x6f666e0|cred_sid:tmp6|security/selinux/hooks.c,197}"
CE0x5613930 "{CE0x5613930|_ret_i32_%tmp6,_!dbg_!27716|security/selinux/hooks.c,197}"
CE0x6f0f300 "{CE0x6f0f300|task_sid:call7|security/selinux/hooks.c,208}"
CE0x6e3ff20 "{CE0x6e3ff20|_ret_i32_%call7,_!dbg_!27749|security/selinux/hooks.c,210}"
CE0x6e3eee0 "{CE0x6e3eee0|selinux_setprocattr:call124|security/selinux/hooks.c,5672}"
CE0x6e40540 "{CE0x6e40540|selinux_setprocattr:ptsid.0}"
CE0x6e407d0 "{CE0x6e407d0|selinux_setprocattr:ptsid.0|*SummSink*}"
CONST[source:0(mediator),value:2(dynamic)][purpose:{subject}][SnkIdx:4]


CONST[source:2(external),value:0(static)][purpose:{operation}][SrcIdx:1]  ->  CONST[source:0(mediator),value:2(dynamic)][purpose:{object}][SnkIdx:1]
-----------
CONST[source:2(external),value:0(static)][purpose:{operation}][SrcIdx:1]
CE0x5702520 "{CE0x5702520|i32_0|*Constant*}"
CE0x5707010 "{CE0x5707010|0:_i32,_:_SCMRE:_elem_0:default:}"
CE0x6e30020 "{CE0x6e30020|selinux_setprocattr:tmp178|security/selinux/hooks.c,5661}"
CE0x6e30820 "{CE0x6e30820|selinux_setprocattr:tmp178|security/selinux/hooks.c,5661|*SummSink*}"
CONST[source:0(mediator),value:2(dynamic)][purpose:{object}][SnkIdx:1]


CONST[source:2(external),value:0(static)][purpose:{operation}][SrcIdx:1]  ->  CONST[source:0(mediator),value:2(dynamic)][purpose:{object}][SnkIdx:5]
-----------
CONST[source:2(external),value:0(static)][purpose:{operation}][SrcIdx:1]
CE0x5702520 "{CE0x5702520|i32_0|*Constant*}"
CE0x5707010 "{CE0x5707010|0:_i32,_:_SCMRE:_elem_0:default:}"
CE0x6e443a0 "{CE0x6e443a0|selinux_setprocattr:tmp195|security/selinux/hooks.c,5676}"
CE0x6e44850 "{CE0x6e44850|selinux_setprocattr:tmp195|security/selinux/hooks.c,5676|*SummSink*}"
CONST[source:0(mediator),value:2(dynamic)][purpose:{object}][SnkIdx:5]


CONST[source:2(external),value:0(static)][purpose:{operation}][SrcIdx:1]  ->  CONST[source:0(mediator),value:2(dynamic)][purpose:{subject}][SnkIdx:0]
-----------
CONST[source:2(external),value:0(static)][purpose:{operation}][SrcIdx:1]
CE0x5702520 "{CE0x5702520|i32_0|*Constant*}"
CE0x6e2f190 "{CE0x6e2f190|selinux_setprocattr:sid116|security/selinux/hooks.c,5661}"
CE0x6e2fd30 "{CE0x6e2fd30|selinux_setprocattr:tmp177|security/selinux/hooks.c,5661}"
CE0x6e2feb0 "{CE0x6e2feb0|selinux_setprocattr:tmp177|security/selinux/hooks.c,5661|*SummSink*}"
CONST[source:0(mediator),value:2(dynamic)][purpose:{subject}][SnkIdx:0]


CONST[source:2(external),value:0(static)][purpose:{operation}][SrcIdx:1]  ->  CONST[source:0(mediator),value:2(dynamic)][purpose:{object}][SnkIdx:13]
-----------
CONST[source:2(external),value:0(static)][purpose:{operation}][SrcIdx:1]
CE0x5702520 "{CE0x5702520|i32_0|*Constant*}"
CE0x5707010 "{CE0x5707010|0:_i32,_:_SCMRE:_elem_0:default:}"
CE0x55b7160 "{CE0x55b7160|selinux_setprocattr:tmp135|security/selinux/hooks.c,5641}"
CE0x55b8f20 "{CE0x55b8f20|may_create_key:ksid|Function::may_create_key&Arg::ksid::}"
CE0x55d38d0 "{CE0x55d38d0|may_create_key:ksid|Function::may_create_key&Arg::ksid::|*SummSink*}"
CONST[source:0(mediator),value:2(dynamic)][purpose:{object}][SnkIdx:13]


CONST[source:2(external),value:0(static)][purpose:{operation}][SrcIdx:1]  ->  CONST[source:0(mediator),value:2(dynamic)][purpose:{subject}][SnkIdx:4]
-----------
CONST[source:2(external),value:0(static)][purpose:{operation}][SrcIdx:1]
CE0x5702520 "{CE0x5702520|i32_0|*Constant*}"
CE0x6e40540 "{CE0x6e40540|selinux_setprocattr:ptsid.0}"
CE0x6e407d0 "{CE0x6e407d0|selinux_setprocattr:ptsid.0|*SummSink*}"
CONST[source:0(mediator),value:2(dynamic)][purpose:{subject}][SnkIdx:4]


CONST[source:2(external),value:2(dynamic)][purpose:{subject}][SrcIdx:25]  ->  CONST[source:0(mediator),value:2(dynamic)][purpose:{subject}][SnkIdx:8]
-----------
CONST[source:2(external),value:2(dynamic)][purpose:{subject}][SrcIdx:25]
CE0x55a0040 "{CE0x55a0040|COLLAPSED:_GCMRE_current_task_external_global_%struct.task_struct*:_elem_0::|security/selinux/hooks.c,5611}"
CE0x6f25fe0 "{CE0x6f25fe0|current_sid:tmp22|security/selinux/hooks.c,218}"
CE0x6f26770 "{CE0x6f26770|current_sid:tmp23|security/selinux/hooks.c,218}"
CE0x6f27100 "{CE0x6f27100|current_sid:sid|security/selinux/hooks.c,220}"
CE0x6f281f0 "{CE0x6f281f0|current_sid:tmp24|security/selinux/hooks.c,220}"
CE0x5624e80 "{CE0x5624e80|_ret_i32_%tmp24,_!dbg_!27742|security/selinux/hooks.c,220}"
CE0x5713340 "{CE0x5713340|current_has_perm:call|security/selinux/hooks.c,1542}"
CE0x57133b0 "{CE0x57133b0|current_has_perm:call|security/selinux/hooks.c,1542|*SummSink*}"
CONST[source:0(mediator),value:2(dynamic)][purpose:{subject}][SnkIdx:8]


CONST[source:2(external),value:0(static)][purpose:{operation}][SrcIdx:11]  ->  CONST[source:0(mediator),value:2(dynamic)][purpose:{object}][SnkIdx:1]
-----------
CONST[source:2(external),value:0(static)][purpose:{operation}][SrcIdx:11]
CE0x5702520 "{CE0x5702520|i32_0|*Constant*}"
CE0x5707010 "{CE0x5707010|0:_i32,_:_SCMRE:_elem_0:default:}"
CE0x6e30020 "{CE0x6e30020|selinux_setprocattr:tmp178|security/selinux/hooks.c,5661}"
CE0x6e30820 "{CE0x6e30820|selinux_setprocattr:tmp178|security/selinux/hooks.c,5661|*SummSink*}"
CONST[source:0(mediator),value:2(dynamic)][purpose:{object}][SnkIdx:1]


CONST[source:2(external),value:0(static)][purpose:{operation}][SrcIdx:11]  ->  CONST[source:0(mediator),value:2(dynamic)][purpose:{object}][SnkIdx:5]
-----------
CONST[source:2(external),value:0(static)][purpose:{operation}][SrcIdx:11]
CE0x5702520 "{CE0x5702520|i32_0|*Constant*}"
CE0x5707010 "{CE0x5707010|0:_i32,_:_SCMRE:_elem_0:default:}"
CE0x6e443a0 "{CE0x6e443a0|selinux_setprocattr:tmp195|security/selinux/hooks.c,5676}"
CE0x6e44850 "{CE0x6e44850|selinux_setprocattr:tmp195|security/selinux/hooks.c,5676|*SummSink*}"
CONST[source:0(mediator),value:2(dynamic)][purpose:{object}][SnkIdx:5]


CONST[source:2(external),value:0(static)][purpose:{operation}][SrcIdx:11]  ->  CONST[source:0(mediator),value:2(dynamic)][purpose:{subject}][SnkIdx:0]
-----------
CONST[source:2(external),value:0(static)][purpose:{operation}][SrcIdx:11]
CE0x5702520 "{CE0x5702520|i32_0|*Constant*}"
CE0x6e2f190 "{CE0x6e2f190|selinux_setprocattr:sid116|security/selinux/hooks.c,5661}"
CE0x6e2fd30 "{CE0x6e2fd30|selinux_setprocattr:tmp177|security/selinux/hooks.c,5661}"
CE0x6e2feb0 "{CE0x6e2feb0|selinux_setprocattr:tmp177|security/selinux/hooks.c,5661|*SummSink*}"
CONST[source:0(mediator),value:2(dynamic)][purpose:{subject}][SnkIdx:0]


CONST[source:2(external),value:0(static)][purpose:{operation}][SrcIdx:11]  ->  CONST[source:0(mediator),value:2(dynamic)][purpose:{object}][SnkIdx:13]
-----------
CONST[source:2(external),value:0(static)][purpose:{operation}][SrcIdx:11]
CE0x5702520 "{CE0x5702520|i32_0|*Constant*}"
CE0x5707010 "{CE0x5707010|0:_i32,_:_SCMRE:_elem_0:default:}"
CE0x55b7160 "{CE0x55b7160|selinux_setprocattr:tmp135|security/selinux/hooks.c,5641}"
CE0x55b8f20 "{CE0x55b8f20|may_create_key:ksid|Function::may_create_key&Arg::ksid::}"
CE0x55d38d0 "{CE0x55d38d0|may_create_key:ksid|Function::may_create_key&Arg::ksid::|*SummSink*}"
CONST[source:0(mediator),value:2(dynamic)][purpose:{object}][SnkIdx:13]


CONST[source:2(external),value:0(static)][purpose:{operation}][SrcIdx:11]  ->  CONST[source:0(mediator),value:2(dynamic)][purpose:{subject}][SnkIdx:4]
-----------
CONST[source:2(external),value:0(static)][purpose:{operation}][SrcIdx:11]
CE0x5702520 "{CE0x5702520|i32_0|*Constant*}"
CE0x6e40540 "{CE0x6e40540|selinux_setprocattr:ptsid.0}"
CE0x6e407d0 "{CE0x6e407d0|selinux_setprocattr:ptsid.0|*SummSink*}"
CONST[source:0(mediator),value:2(dynamic)][purpose:{subject}][SnkIdx:4]



implicit:
CONST[source:2(external),value:0(static)][purpose:{operation}][SrcIdx:3]  ->  CONST[source:0(mediator),value:2(dynamic)][purpose:{subject}][SnkIdx:0]
-----------
CONST[source:2(external),value:0(static)][purpose:{operation}][SrcIdx:3]
CE0x55cb390 "{CE0x55cb390|i32_33|*Constant*}"
CE0x55c0f50 "{CE0x55c0f50|selinux_setprocattr:call56|security/selinux/hooks.c,5601}"
CE0x570fef0 "{CE0x570fef0|selinux_setprocattr:if.end115}"
CE0x6e2fd30 "{CE0x6e2fd30|selinux_setprocattr:tmp177|security/selinux/hooks.c,5661}"
CE0x6e2feb0 "{CE0x6e2feb0|selinux_setprocattr:tmp177|security/selinux/hooks.c,5661|*SummSink*}"
CONST[source:0(mediator),value:2(dynamic)][purpose:{subject}][SnkIdx:0]


CONST[source:2(external),value:0(static)][purpose:{operation}][SrcIdx:3]  ->  CONST[source:0(mediator),value:2(dynamic)][purpose:{object}][SnkIdx:5]
-----------
CONST[source:2(external),value:0(static)][purpose:{operation}][SrcIdx:3]
CE0x55cb390 "{CE0x55cb390|i32_33|*Constant*}"
CE0x55c0f50 "{CE0x55c0f50|selinux_setprocattr:call56|security/selinux/hooks.c,5601}"
CE0x57129f0 "{CE0x57129f0|selinux_setprocattr:if.then127}"
CE0x6e443a0 "{CE0x6e443a0|selinux_setprocattr:tmp195|security/selinux/hooks.c,5676}"
CE0x6e44850 "{CE0x6e44850|selinux_setprocattr:tmp195|security/selinux/hooks.c,5676|*SummSink*}"
CONST[source:0(mediator),value:2(dynamic)][purpose:{object}][SnkIdx:5]


CONST[source:2(external),value:0(static)][purpose:{operation}][SrcIdx:3]  ->  CONST[source:0(mediator),value:2(dynamic)][purpose:{object}][SnkIdx:1]
-----------
CONST[source:2(external),value:0(static)][purpose:{operation}][SrcIdx:3]
CE0x55cb390 "{CE0x55cb390|i32_33|*Constant*}"
CE0x55c0f50 "{CE0x55c0f50|selinux_setprocattr:call56|security/selinux/hooks.c,5601}"
CE0x570fef0 "{CE0x570fef0|selinux_setprocattr:if.end115}"
CE0x6e30020 "{CE0x6e30020|selinux_setprocattr:tmp178|security/selinux/hooks.c,5661}"
CE0x6e30820 "{CE0x6e30820|selinux_setprocattr:tmp178|security/selinux/hooks.c,5661|*SummSink*}"
CONST[source:0(mediator),value:2(dynamic)][purpose:{object}][SnkIdx:1]


CONST[source:2(external),value:0(static)][purpose:{operation}][SrcIdx:3]  ->  CONST[source:0(mediator),value:2(dynamic)][purpose:{object}][SnkIdx:13]
-----------
CONST[source:2(external),value:0(static)][purpose:{operation}][SrcIdx:3]
CE0x55cb390 "{CE0x55cb390|i32_33|*Constant*}"
CE0x55c0f50 "{CE0x55c0f50|selinux_setprocattr:call56|security/selinux/hooks.c,5601}"
CE0x557b490 "{CE0x557b490|selinux_setprocattr:if.then91}"
CE0x55b7160 "{CE0x55b7160|selinux_setprocattr:tmp135|security/selinux/hooks.c,5641}"
CE0x55b8f20 "{CE0x55b8f20|may_create_key:ksid|Function::may_create_key&Arg::ksid::}"
CE0x55d38d0 "{CE0x55d38d0|may_create_key:ksid|Function::may_create_key&Arg::ksid::|*SummSink*}"
CONST[source:0(mediator),value:2(dynamic)][purpose:{object}][SnkIdx:13]


CONST[source:2(external),value:0(static)][purpose:{operation}][SrcIdx:3]  ->  CONST[source:0(mediator),value:2(dynamic)][purpose:{object}][SnkIdx:9]
-----------
CONST[source:2(external),value:0(static)][purpose:{operation}][SrcIdx:3]
CE0x55cb390 "{CE0x55cb390|i32_33|*Constant*}"
CE0x55c0f50 "{CE0x55c0f50|selinux_setprocattr:call56|security/selinux/hooks.c,5601}"
CE0x557ea00 "{CE0x557ea00|selinux_setprocattr:if.then123}"
CE0x6e3f880 "{CE0x6e3f880|task_sid:entry}"
CE0x565d4f0 "{CE0x565d4f0|task_sid:do.end6}"
CE0x5613290 "{CE0x5613290|cred_sid:entry}"
CE0x6f6d0d0 "{CE0x6f6d0d0|cred_sid:bb}"
CE0x5613930 "{CE0x5613930|_ret_i32_%tmp6,_!dbg_!27716|security/selinux/hooks.c,197}"
CE0x6f557c0 "{CE0x6f557c0|task_sid:call7|security/selinux/hooks.c,208}"
CE0x5718700 "{CE0x5718700|_ret_i32_%call7,_!dbg_!27749|security/selinux/hooks.c,210}"
CE0x5730600 "{CE0x5730600|current_has_perm:call1|security/selinux/hooks.c,1543}"
CE0x571ef90 "{CE0x571ef90|current_has_perm:call1|security/selinux/hooks.c,1543|*SummSink*}"
CONST[source:0(mediator),value:2(dynamic)][purpose:{object}][SnkIdx:9]


CONST[source:2(external),value:0(static)][purpose:{operation}][SrcIdx:3]  ->  CONST[source:0(mediator),value:2(dynamic)][purpose:{subject}][SnkIdx:8]
-----------
CONST[source:2(external),value:0(static)][purpose:{operation}][SrcIdx:3]
CE0x55cb390 "{CE0x55cb390|i32_33|*Constant*}"
CE0x55c0f50 "{CE0x55c0f50|selinux_setprocattr:call56|security/selinux/hooks.c,5601}"
CE0x55e3eb0 "{CE0x55e3eb0|selinux_setprocattr:if.end66}"
CE0x572ba50 "{CE0x572ba50|get_current:entry}"
CE0x6e5b410 "{CE0x6e5b410|get_current:bb}"
CE0x55a0040 "{CE0x55a0040|COLLAPSED:_GCMRE_current_task_external_global_%struct.task_struct*:_elem_0::|security/selinux/hooks.c,5611}"
CE0x6f25fe0 "{CE0x6f25fe0|current_sid:tmp22|security/selinux/hooks.c,218}"
CE0x6f26770 "{CE0x6f26770|current_sid:tmp23|security/selinux/hooks.c,218}"
CE0x6f27100 "{CE0x6f27100|current_sid:sid|security/selinux/hooks.c,220}"
CE0x6f281f0 "{CE0x6f281f0|current_sid:tmp24|security/selinux/hooks.c,220}"
CE0x5624e80 "{CE0x5624e80|_ret_i32_%tmp24,_!dbg_!27742|security/selinux/hooks.c,220}"
CE0x5713340 "{CE0x5713340|current_has_perm:call|security/selinux/hooks.c,1542}"
CE0x57133b0 "{CE0x57133b0|current_has_perm:call|security/selinux/hooks.c,1542|*SummSink*}"
CONST[source:0(mediator),value:2(dynamic)][purpose:{subject}][SnkIdx:8]


CONST[source:2(external),value:0(static)][purpose:{operation}][SrcIdx:3]  ->  CONST[source:0(mediator),value:2(dynamic)][purpose:{subject}][SnkIdx:12]
-----------
CONST[source:2(external),value:0(static)][purpose:{operation}][SrcIdx:3]
CE0x55cb390 "{CE0x55cb390|i32_33|*Constant*}"
CE0x55c0f50 "{CE0x55c0f50|selinux_setprocattr:call56|security/selinux/hooks.c,5601}"
CE0x557b490 "{CE0x557b490|selinux_setprocattr:if.then91}"
CE0x55b8af0 "{CE0x55b8af0|may_create_key:entry}"
CE0x55e70f0 "{CE0x55e70f0|may_create_key:bb}"
CE0x55e1880 "{CE0x55e1880|may_create_key:call|security/selinux/hooks.c,1748}"
CE0x55dfa20 "{CE0x55dfa20|may_create_key:call|security/selinux/hooks.c,1748|*SummSink*}"
CONST[source:0(mediator),value:2(dynamic)][purpose:{subject}][SnkIdx:12]


CONST[source:2(external),value:0(static)][purpose:{operation}][SrcIdx:3]  ->  CONST[source:0(mediator),value:2(dynamic)][purpose:{subject}][SnkIdx:4]
-----------
CONST[source:2(external),value:0(static)][purpose:{operation}][SrcIdx:3]
CE0x55cb390 "{CE0x55cb390|i32_33|*Constant*}"
CE0x55c0f50 "{CE0x55c0f50|selinux_setprocattr:call56|security/selinux/hooks.c,5601}"
CE0x5723260 "{CE0x5723260|selinux_setprocattr:if.end125}"
CE0x6e40540 "{CE0x6e40540|selinux_setprocattr:ptsid.0}"
CE0x6e407d0 "{CE0x6e407d0|selinux_setprocattr:ptsid.0|*SummSink*}"
CONST[source:0(mediator),value:2(dynamic)][purpose:{subject}][SnkIdx:4]


CONST[source:2(external),value:0(static)][purpose:{operation}][SrcIdx:13]  ->  CONST[source:0(mediator),value:2(dynamic)][purpose:{subject}][SnkIdx:0]
-----------
CONST[source:2(external),value:0(static)][purpose:{operation}][SrcIdx:13]
CE0x55987a0 "{CE0x55987a0|i32_208|*Constant*}"
CE0x55baf70 "{CE0x55baf70|selinux_setprocattr:call49|security/selinux/hooks.c,5599}"
CE0x5598bc0 "{CE0x5598bc0|selinux_setprocattr:cmp50|security/selinux/hooks.c,5600}"
CE0x570fef0 "{CE0x570fef0|selinux_setprocattr:if.end115}"
CE0x6e2fd30 "{CE0x6e2fd30|selinux_setprocattr:tmp177|security/selinux/hooks.c,5661}"
CE0x6e2feb0 "{CE0x6e2feb0|selinux_setprocattr:tmp177|security/selinux/hooks.c,5661|*SummSink*}"
CONST[source:0(mediator),value:2(dynamic)][purpose:{subject}][SnkIdx:0]


CONST[source:2(external),value:0(static)][purpose:{operation}][SrcIdx:13]  ->  CONST[source:0(mediator),value:2(dynamic)][purpose:{object}][SnkIdx:5]
-----------
CONST[source:2(external),value:0(static)][purpose:{operation}][SrcIdx:13]
CE0x55987a0 "{CE0x55987a0|i32_208|*Constant*}"
CE0x55baf70 "{CE0x55baf70|selinux_setprocattr:call49|security/selinux/hooks.c,5599}"
CE0x5598bc0 "{CE0x5598bc0|selinux_setprocattr:cmp50|security/selinux/hooks.c,5600}"
CE0x57129f0 "{CE0x57129f0|selinux_setprocattr:if.then127}"
CE0x6e443a0 "{CE0x6e443a0|selinux_setprocattr:tmp195|security/selinux/hooks.c,5676}"
CE0x6e44850 "{CE0x6e44850|selinux_setprocattr:tmp195|security/selinux/hooks.c,5676|*SummSink*}"
CONST[source:0(mediator),value:2(dynamic)][purpose:{object}][SnkIdx:5]


CONST[source:2(external),value:0(static)][purpose:{operation}][SrcIdx:13]  ->  CONST[source:0(mediator),value:2(dynamic)][purpose:{object}][SnkIdx:1]
-----------
CONST[source:2(external),value:0(static)][purpose:{operation}][SrcIdx:13]
CE0x55987a0 "{CE0x55987a0|i32_208|*Constant*}"
CE0x55baf70 "{CE0x55baf70|selinux_setprocattr:call49|security/selinux/hooks.c,5599}"
CE0x5598bc0 "{CE0x5598bc0|selinux_setprocattr:cmp50|security/selinux/hooks.c,5600}"
CE0x570fef0 "{CE0x570fef0|selinux_setprocattr:if.end115}"
CE0x6e30020 "{CE0x6e30020|selinux_setprocattr:tmp178|security/selinux/hooks.c,5661}"
CE0x6e30820 "{CE0x6e30820|selinux_setprocattr:tmp178|security/selinux/hooks.c,5661|*SummSink*}"
CONST[source:0(mediator),value:2(dynamic)][purpose:{object}][SnkIdx:1]


CONST[source:2(external),value:0(static)][purpose:{operation}][SrcIdx:13]  ->  CONST[source:0(mediator),value:2(dynamic)][purpose:{object}][SnkIdx:13]
-----------
CONST[source:2(external),value:0(static)][purpose:{operation}][SrcIdx:13]
CE0x55987a0 "{CE0x55987a0|i32_208|*Constant*}"
CE0x55baf70 "{CE0x55baf70|selinux_setprocattr:call49|security/selinux/hooks.c,5599}"
CE0x5598bc0 "{CE0x5598bc0|selinux_setprocattr:cmp50|security/selinux/hooks.c,5600}"
CE0x557b490 "{CE0x557b490|selinux_setprocattr:if.then91}"
CE0x55b7160 "{CE0x55b7160|selinux_setprocattr:tmp135|security/selinux/hooks.c,5641}"
CE0x55b8f20 "{CE0x55b8f20|may_create_key:ksid|Function::may_create_key&Arg::ksid::}"
CE0x55d38d0 "{CE0x55d38d0|may_create_key:ksid|Function::may_create_key&Arg::ksid::|*SummSink*}"
CONST[source:0(mediator),value:2(dynamic)][purpose:{object}][SnkIdx:13]


CONST[source:2(external),value:0(static)][purpose:{operation}][SrcIdx:13]  ->  CONST[source:0(mediator),value:2(dynamic)][purpose:{object}][SnkIdx:9]
-----------
CONST[source:2(external),value:0(static)][purpose:{operation}][SrcIdx:13]
CE0x55987a0 "{CE0x55987a0|i32_208|*Constant*}"
CE0x55baf70 "{CE0x55baf70|selinux_setprocattr:call49|security/selinux/hooks.c,5599}"
CE0x5598bc0 "{CE0x5598bc0|selinux_setprocattr:cmp50|security/selinux/hooks.c,5600}"
CE0x557ea00 "{CE0x557ea00|selinux_setprocattr:if.then123}"
CE0x6e3f880 "{CE0x6e3f880|task_sid:entry}"
CE0x565d4f0 "{CE0x565d4f0|task_sid:do.end6}"
CE0x5613290 "{CE0x5613290|cred_sid:entry}"
CE0x6f6d0d0 "{CE0x6f6d0d0|cred_sid:bb}"
CE0x5613930 "{CE0x5613930|_ret_i32_%tmp6,_!dbg_!27716|security/selinux/hooks.c,197}"
CE0x6f557c0 "{CE0x6f557c0|task_sid:call7|security/selinux/hooks.c,208}"
CE0x5718700 "{CE0x5718700|_ret_i32_%call7,_!dbg_!27749|security/selinux/hooks.c,210}"
CE0x5730600 "{CE0x5730600|current_has_perm:call1|security/selinux/hooks.c,1543}"
CE0x571ef90 "{CE0x571ef90|current_has_perm:call1|security/selinux/hooks.c,1543|*SummSink*}"
CONST[source:0(mediator),value:2(dynamic)][purpose:{object}][SnkIdx:9]


CONST[source:2(external),value:0(static)][purpose:{operation}][SrcIdx:13]  ->  CONST[source:0(mediator),value:2(dynamic)][purpose:{subject}][SnkIdx:8]
-----------
CONST[source:2(external),value:0(static)][purpose:{operation}][SrcIdx:13]
CE0x55987a0 "{CE0x55987a0|i32_208|*Constant*}"
CE0x55baf70 "{CE0x55baf70|selinux_setprocattr:call49|security/selinux/hooks.c,5599}"
CE0x5598bc0 "{CE0x5598bc0|selinux_setprocattr:cmp50|security/selinux/hooks.c,5600}"
CE0x55e3eb0 "{CE0x55e3eb0|selinux_setprocattr:if.end66}"
CE0x572ba50 "{CE0x572ba50|get_current:entry}"
CE0x6e5b410 "{CE0x6e5b410|get_current:bb}"
CE0x55a0040 "{CE0x55a0040|COLLAPSED:_GCMRE_current_task_external_global_%struct.task_struct*:_elem_0::|security/selinux/hooks.c,5611}"
CE0x6f25fe0 "{CE0x6f25fe0|current_sid:tmp22|security/selinux/hooks.c,218}"
CE0x6f26770 "{CE0x6f26770|current_sid:tmp23|security/selinux/hooks.c,218}"
CE0x6f27100 "{CE0x6f27100|current_sid:sid|security/selinux/hooks.c,220}"
CE0x6f281f0 "{CE0x6f281f0|current_sid:tmp24|security/selinux/hooks.c,220}"
CE0x5624e80 "{CE0x5624e80|_ret_i32_%tmp24,_!dbg_!27742|security/selinux/hooks.c,220}"
CE0x5713340 "{CE0x5713340|current_has_perm:call|security/selinux/hooks.c,1542}"
CE0x57133b0 "{CE0x57133b0|current_has_perm:call|security/selinux/hooks.c,1542|*SummSink*}"
CONST[source:0(mediator),value:2(dynamic)][purpose:{subject}][SnkIdx:8]


CONST[source:2(external),value:0(static)][purpose:{operation}][SrcIdx:13]  ->  CONST[source:0(mediator),value:2(dynamic)][purpose:{subject}][SnkIdx:12]
-----------
CONST[source:2(external),value:0(static)][purpose:{operation}][SrcIdx:13]
CE0x55987a0 "{CE0x55987a0|i32_208|*Constant*}"
CE0x55baf70 "{CE0x55baf70|selinux_setprocattr:call49|security/selinux/hooks.c,5599}"
CE0x5598bc0 "{CE0x5598bc0|selinux_setprocattr:cmp50|security/selinux/hooks.c,5600}"
CE0x557b490 "{CE0x557b490|selinux_setprocattr:if.then91}"
CE0x55b8af0 "{CE0x55b8af0|may_create_key:entry}"
CE0x55e70f0 "{CE0x55e70f0|may_create_key:bb}"
CE0x55e1880 "{CE0x55e1880|may_create_key:call|security/selinux/hooks.c,1748}"
CE0x55dfa20 "{CE0x55dfa20|may_create_key:call|security/selinux/hooks.c,1748|*SummSink*}"
CONST[source:0(mediator),value:2(dynamic)][purpose:{subject}][SnkIdx:12]


CONST[source:2(external),value:0(static)][purpose:{operation}][SrcIdx:13]  ->  CONST[source:0(mediator),value:2(dynamic)][purpose:{subject}][SnkIdx:4]
-----------
CONST[source:2(external),value:0(static)][purpose:{operation}][SrcIdx:13]
CE0x55987a0 "{CE0x55987a0|i32_208|*Constant*}"
CE0x55baf70 "{CE0x55baf70|selinux_setprocattr:call49|security/selinux/hooks.c,5599}"
CE0x5598bc0 "{CE0x5598bc0|selinux_setprocattr:cmp50|security/selinux/hooks.c,5600}"
CE0x5723260 "{CE0x5723260|selinux_setprocattr:if.end125}"
CE0x6e40540 "{CE0x6e40540|selinux_setprocattr:ptsid.0}"
CE0x6e407d0 "{CE0x6e407d0|selinux_setprocattr:ptsid.0|*SummSink*}"
CONST[source:0(mediator),value:2(dynamic)][purpose:{subject}][SnkIdx:4]


CONST[source:2(external),value:0(static)][purpose:{operation}][SrcIdx:11]  ->  CONST[source:0(mediator),value:2(dynamic)][purpose:{subject}][SnkIdx:0]
-----------
CONST[source:2(external),value:0(static)][purpose:{operation}][SrcIdx:11]
CE0x5702520 "{CE0x5702520|i32_0|*Constant*}"
CE0x6e2f190 "{CE0x6e2f190|selinux_setprocattr:sid116|security/selinux/hooks.c,5661}"
CE0x6e2fd30 "{CE0x6e2fd30|selinux_setprocattr:tmp177|security/selinux/hooks.c,5661}"
CE0x6e2feb0 "{CE0x6e2feb0|selinux_setprocattr:tmp177|security/selinux/hooks.c,5661|*SummSink*}"
CONST[source:0(mediator),value:2(dynamic)][purpose:{subject}][SnkIdx:0]


CONST[source:2(external),value:0(static)][purpose:{operation}][SrcIdx:11]  ->  CONST[source:0(mediator),value:2(dynamic)][purpose:{object}][SnkIdx:5]
-----------
CONST[source:2(external),value:0(static)][purpose:{operation}][SrcIdx:11]
CE0x5702520 "{CE0x5702520|i32_0|*Constant*}"
CE0x5707010 "{CE0x5707010|0:_i32,_:_SCMRE:_elem_0:default:}"
CE0x6e443a0 "{CE0x6e443a0|selinux_setprocattr:tmp195|security/selinux/hooks.c,5676}"
CE0x6e44850 "{CE0x6e44850|selinux_setprocattr:tmp195|security/selinux/hooks.c,5676|*SummSink*}"
CONST[source:0(mediator),value:2(dynamic)][purpose:{object}][SnkIdx:5]


CONST[source:2(external),value:0(static)][purpose:{operation}][SrcIdx:11]  ->  CONST[source:0(mediator),value:2(dynamic)][purpose:{object}][SnkIdx:1]
-----------
CONST[source:2(external),value:0(static)][purpose:{operation}][SrcIdx:11]
CE0x5702520 "{CE0x5702520|i32_0|*Constant*}"
CE0x5707010 "{CE0x5707010|0:_i32,_:_SCMRE:_elem_0:default:}"
CE0x6e30020 "{CE0x6e30020|selinux_setprocattr:tmp178|security/selinux/hooks.c,5661}"
CE0x6e30820 "{CE0x6e30820|selinux_setprocattr:tmp178|security/selinux/hooks.c,5661|*SummSink*}"
CONST[source:0(mediator),value:2(dynamic)][purpose:{object}][SnkIdx:1]


CONST[source:2(external),value:0(static)][purpose:{operation}][SrcIdx:11]  ->  CONST[source:0(mediator),value:2(dynamic)][purpose:{object}][SnkIdx:13]
-----------
CONST[source:2(external),value:0(static)][purpose:{operation}][SrcIdx:11]
CE0x5702520 "{CE0x5702520|i32_0|*Constant*}"
CE0x5707010 "{CE0x5707010|0:_i32,_:_SCMRE:_elem_0:default:}"
CE0x55b7160 "{CE0x55b7160|selinux_setprocattr:tmp135|security/selinux/hooks.c,5641}"
CE0x55b8f20 "{CE0x55b8f20|may_create_key:ksid|Function::may_create_key&Arg::ksid::}"
CE0x55d38d0 "{CE0x55d38d0|may_create_key:ksid|Function::may_create_key&Arg::ksid::|*SummSink*}"
CONST[source:0(mediator),value:2(dynamic)][purpose:{object}][SnkIdx:13]


CONST[source:2(external),value:0(static)][purpose:{operation}][SrcIdx:11]  ->  CONST[source:0(mediator),value:2(dynamic)][purpose:{object}][SnkIdx:9]
-----------
CONST[source:2(external),value:0(static)][purpose:{operation}][SrcIdx:11]
CE0x5702520 "{CE0x5702520|i32_0|*Constant*}"
CE0x55e4d90 "{CE0x55e4d90|selinux_setprocattr:tobool5|security/selinux/hooks.c,5580}"
CE0x5711950 "{CE0x5711950|selinux_setprocattr:if.then6}"
CE0x5724ab0 "{CE0x5724ab0|current_has_perm:entry}"
CE0x557e220 "{CE0x557e220|current_has_perm:bb}"
CE0x5730600 "{CE0x5730600|current_has_perm:call1|security/selinux/hooks.c,1543}"
CE0x571ef90 "{CE0x571ef90|current_has_perm:call1|security/selinux/hooks.c,1543|*SummSink*}"
CONST[source:0(mediator),value:2(dynamic)][purpose:{object}][SnkIdx:9]


CONST[source:2(external),value:0(static)][purpose:{operation}][SrcIdx:11]  ->  CONST[source:0(mediator),value:2(dynamic)][purpose:{subject}][SnkIdx:8]
-----------
CONST[source:2(external),value:0(static)][purpose:{operation}][SrcIdx:11]
CE0x5702520 "{CE0x5702520|i32_0|*Constant*}"
CE0x55e4d90 "{CE0x55e4d90|selinux_setprocattr:tobool5|security/selinux/hooks.c,5580}"
CE0x5711950 "{CE0x5711950|selinux_setprocattr:if.then6}"
CE0x5724ab0 "{CE0x5724ab0|current_has_perm:entry}"
CE0x557e220 "{CE0x557e220|current_has_perm:bb}"
CE0x5713340 "{CE0x5713340|current_has_perm:call|security/selinux/hooks.c,1542}"
CE0x57133b0 "{CE0x57133b0|current_has_perm:call|security/selinux/hooks.c,1542|*SummSink*}"
CONST[source:0(mediator),value:2(dynamic)][purpose:{subject}][SnkIdx:8]


CONST[source:2(external),value:0(static)][purpose:{operation}][SrcIdx:11]  ->  CONST[source:0(mediator),value:2(dynamic)][purpose:{subject}][SnkIdx:12]
-----------
CONST[source:2(external),value:0(static)][purpose:{operation}][SrcIdx:11]
CE0x5702520 "{CE0x5702520|i32_0|*Constant*}"
CE0x55fdc30 "{CE0x55fdc30|selinux_setprocattr:tobool82|security/selinux/hooks.c,5636}"
CE0x557b490 "{CE0x557b490|selinux_setprocattr:if.then91}"
CE0x55b8af0 "{CE0x55b8af0|may_create_key:entry}"
CE0x55e70f0 "{CE0x55e70f0|may_create_key:bb}"
CE0x55e1880 "{CE0x55e1880|may_create_key:call|security/selinux/hooks.c,1748}"
CE0x55dfa20 "{CE0x55dfa20|may_create_key:call|security/selinux/hooks.c,1748|*SummSink*}"
CONST[source:0(mediator),value:2(dynamic)][purpose:{subject}][SnkIdx:12]


CONST[source:2(external),value:0(static)][purpose:{operation}][SrcIdx:11]  ->  CONST[source:0(mediator),value:2(dynamic)][purpose:{subject}][SnkIdx:4]
-----------
CONST[source:2(external),value:0(static)][purpose:{operation}][SrcIdx:11]
CE0x5702520 "{CE0x5702520|i32_0|*Constant*}"
CE0x6e40540 "{CE0x6e40540|selinux_setprocattr:ptsid.0}"
CE0x6e407d0 "{CE0x6e407d0|selinux_setprocattr:ptsid.0|*SummSink*}"
CONST[source:0(mediator),value:2(dynamic)][purpose:{subject}][SnkIdx:4]


CONST[source:2(external),value:0(static)][purpose:{operation}][SrcIdx:1]  ->  CONST[source:0(mediator),value:2(dynamic)][purpose:{subject}][SnkIdx:0]
-----------
CONST[source:2(external),value:0(static)][purpose:{operation}][SrcIdx:1]
CE0x5702520 "{CE0x5702520|i32_0|*Constant*}"
CE0x6e2f190 "{CE0x6e2f190|selinux_setprocattr:sid116|security/selinux/hooks.c,5661}"
CE0x6e2fd30 "{CE0x6e2fd30|selinux_setprocattr:tmp177|security/selinux/hooks.c,5661}"
CE0x6e2feb0 "{CE0x6e2feb0|selinux_setprocattr:tmp177|security/selinux/hooks.c,5661|*SummSink*}"
CONST[source:0(mediator),value:2(dynamic)][purpose:{subject}][SnkIdx:0]


CONST[source:2(external),value:0(static)][purpose:{operation}][SrcIdx:1]  ->  CONST[source:0(mediator),value:2(dynamic)][purpose:{object}][SnkIdx:5]
-----------
CONST[source:2(external),value:0(static)][purpose:{operation}][SrcIdx:1]
CE0x5702520 "{CE0x5702520|i32_0|*Constant*}"
CE0x5707010 "{CE0x5707010|0:_i32,_:_SCMRE:_elem_0:default:}"
CE0x6e443a0 "{CE0x6e443a0|selinux_setprocattr:tmp195|security/selinux/hooks.c,5676}"
CE0x6e44850 "{CE0x6e44850|selinux_setprocattr:tmp195|security/selinux/hooks.c,5676|*SummSink*}"
CONST[source:0(mediator),value:2(dynamic)][purpose:{object}][SnkIdx:5]


CONST[source:2(external),value:0(static)][purpose:{operation}][SrcIdx:1]  ->  CONST[source:0(mediator),value:2(dynamic)][purpose:{object}][SnkIdx:1]
-----------
CONST[source:2(external),value:0(static)][purpose:{operation}][SrcIdx:1]
CE0x5702520 "{CE0x5702520|i32_0|*Constant*}"
CE0x5707010 "{CE0x5707010|0:_i32,_:_SCMRE:_elem_0:default:}"
CE0x6e30020 "{CE0x6e30020|selinux_setprocattr:tmp178|security/selinux/hooks.c,5661}"
CE0x6e30820 "{CE0x6e30820|selinux_setprocattr:tmp178|security/selinux/hooks.c,5661|*SummSink*}"
CONST[source:0(mediator),value:2(dynamic)][purpose:{object}][SnkIdx:1]


CONST[source:2(external),value:0(static)][purpose:{operation}][SrcIdx:1]  ->  CONST[source:0(mediator),value:2(dynamic)][purpose:{object}][SnkIdx:13]
-----------
CONST[source:2(external),value:0(static)][purpose:{operation}][SrcIdx:1]
CE0x5702520 "{CE0x5702520|i32_0|*Constant*}"
CE0x5707010 "{CE0x5707010|0:_i32,_:_SCMRE:_elem_0:default:}"
CE0x55b7160 "{CE0x55b7160|selinux_setprocattr:tmp135|security/selinux/hooks.c,5641}"
CE0x55b8f20 "{CE0x55b8f20|may_create_key:ksid|Function::may_create_key&Arg::ksid::}"
CE0x55d38d0 "{CE0x55d38d0|may_create_key:ksid|Function::may_create_key&Arg::ksid::|*SummSink*}"
CONST[source:0(mediator),value:2(dynamic)][purpose:{object}][SnkIdx:13]


CONST[source:2(external),value:0(static)][purpose:{operation}][SrcIdx:1]  ->  CONST[source:0(mediator),value:2(dynamic)][purpose:{object}][SnkIdx:9]
-----------
CONST[source:2(external),value:0(static)][purpose:{operation}][SrcIdx:1]
CE0x5702520 "{CE0x5702520|i32_0|*Constant*}"
CE0x55e4d90 "{CE0x55e4d90|selinux_setprocattr:tobool5|security/selinux/hooks.c,5580}"
CE0x5711950 "{CE0x5711950|selinux_setprocattr:if.then6}"
CE0x5724ab0 "{CE0x5724ab0|current_has_perm:entry}"
CE0x557e220 "{CE0x557e220|current_has_perm:bb}"
CE0x5730600 "{CE0x5730600|current_has_perm:call1|security/selinux/hooks.c,1543}"
CE0x571ef90 "{CE0x571ef90|current_has_perm:call1|security/selinux/hooks.c,1543|*SummSink*}"
CONST[source:0(mediator),value:2(dynamic)][purpose:{object}][SnkIdx:9]


CONST[source:2(external),value:0(static)][purpose:{operation}][SrcIdx:1]  ->  CONST[source:0(mediator),value:2(dynamic)][purpose:{subject}][SnkIdx:8]
-----------
CONST[source:2(external),value:0(static)][purpose:{operation}][SrcIdx:1]
CE0x5702520 "{CE0x5702520|i32_0|*Constant*}"
CE0x55e4d90 "{CE0x55e4d90|selinux_setprocattr:tobool5|security/selinux/hooks.c,5580}"
CE0x5711950 "{CE0x5711950|selinux_setprocattr:if.then6}"
CE0x5724ab0 "{CE0x5724ab0|current_has_perm:entry}"
CE0x557e220 "{CE0x557e220|current_has_perm:bb}"
CE0x5713340 "{CE0x5713340|current_has_perm:call|security/selinux/hooks.c,1542}"
CE0x57133b0 "{CE0x57133b0|current_has_perm:call|security/selinux/hooks.c,1542|*SummSink*}"
CONST[source:0(mediator),value:2(dynamic)][purpose:{subject}][SnkIdx:8]


CONST[source:2(external),value:0(static)][purpose:{operation}][SrcIdx:1]  ->  CONST[source:0(mediator),value:2(dynamic)][purpose:{subject}][SnkIdx:12]
-----------
CONST[source:2(external),value:0(static)][purpose:{operation}][SrcIdx:1]
CE0x5702520 "{CE0x5702520|i32_0|*Constant*}"
CE0x55fdc30 "{CE0x55fdc30|selinux_setprocattr:tobool82|security/selinux/hooks.c,5636}"
CE0x557b490 "{CE0x557b490|selinux_setprocattr:if.then91}"
CE0x55b8af0 "{CE0x55b8af0|may_create_key:entry}"
CE0x55e70f0 "{CE0x55e70f0|may_create_key:bb}"
CE0x55e1880 "{CE0x55e1880|may_create_key:call|security/selinux/hooks.c,1748}"
CE0x55dfa20 "{CE0x55dfa20|may_create_key:call|security/selinux/hooks.c,1748|*SummSink*}"
CONST[source:0(mediator),value:2(dynamic)][purpose:{subject}][SnkIdx:12]


CONST[source:2(external),value:0(static)][purpose:{operation}][SrcIdx:1]  ->  CONST[source:0(mediator),value:2(dynamic)][purpose:{subject}][SnkIdx:4]
-----------
CONST[source:2(external),value:0(static)][purpose:{operation}][SrcIdx:1]
CE0x5702520 "{CE0x5702520|i32_0|*Constant*}"
CE0x6e40540 "{CE0x6e40540|selinux_setprocattr:ptsid.0}"
CE0x6e407d0 "{CE0x6e407d0|selinux_setprocattr:ptsid.0|*SummSink*}"
CONST[source:0(mediator),value:2(dynamic)][purpose:{subject}][SnkIdx:4]


CONST[source:1(input),value:2(dynamic)][purpose:{object}][SrcIdx:22]  ->  CONST[source:0(mediator),value:2(dynamic)][purpose:{subject}][SnkIdx:0]
-----------
CONST[source:1(input),value:2(dynamic)][purpose:{object}][SrcIdx:22]
CE0x56e4120 "{CE0x56e4120|24:_i32,_2088:_%struct.task_struct*,_2472:_%struct.cred*,_:_CRE_2088,2096_|*MultipleSource*|Function::task_sid&Arg::task::|Function::current_has_perm&Arg::tsk::|include/linux/ptrace.h,91|Function::selinux_setprocattr&Arg::p::|Function::may_create_key&Arg::ctx::|security/selinux/hooks.c,5670|Function::ptrace_parent&Arg::task::}"
CE0x5663d90 "{CE0x5663d90|ptrace_parent:tmp9|*LoadInst*|include/linux/ptrace.h,92}"
CE0x6ee5b50 "{CE0x6ee5b50|ptrace_parent:retval.0}"
CE0x6e3a6c0 "{CE0x6e3a6c0|_ret_%struct.task_struct*_%retval.0,_!dbg_!27752|include/linux/ptrace.h,94}"
CE0x6e39030 "{CE0x6e39030|selinux_setprocattr:call121|security/selinux/hooks.c,5670}"
CE0x6e415b0 "{CE0x6e415b0|selinux_setprocattr:tobool126|security/selinux/hooks.c,5675}"
CE0x55ef990 "{CE0x55ef990|selinux_setprocattr:if.end132}"
CE0x5602330 "{CE0x5602330|4:_i32,_8:_i32,_12:_i32,_16:_i32,_20:_i32,_:_CMRE_4,8_|*MultipleSource*|security/selinux/hooks.c,5635|security/selinux/hooks.c,5635|security/selinux/hooks.c,5637}"
CE0x6e2fd30 "{CE0x6e2fd30|selinux_setprocattr:tmp177|security/selinux/hooks.c,5661}"
CE0x6e2feb0 "{CE0x6e2feb0|selinux_setprocattr:tmp177|security/selinux/hooks.c,5661|*SummSink*}"
CONST[source:0(mediator),value:2(dynamic)][purpose:{subject}][SnkIdx:0]


CONST[source:1(input),value:2(dynamic)][purpose:{object}][SrcIdx:22]  ->  CONST[source:0(mediator),value:2(dynamic)][purpose:{object}][SnkIdx:5]
-----------
CONST[source:1(input),value:2(dynamic)][purpose:{object}][SrcIdx:22]
CE0x56e4120 "{CE0x56e4120|24:_i32,_2088:_%struct.task_struct*,_2472:_%struct.cred*,_:_CRE_2088,2096_|*MultipleSource*|Function::task_sid&Arg::task::|Function::current_has_perm&Arg::tsk::|include/linux/ptrace.h,91|Function::selinux_setprocattr&Arg::p::|Function::may_create_key&Arg::ctx::|security/selinux/hooks.c,5670|Function::ptrace_parent&Arg::task::}"
CE0x5663d90 "{CE0x5663d90|ptrace_parent:tmp9|*LoadInst*|include/linux/ptrace.h,92}"
CE0x6ee5b50 "{CE0x6ee5b50|ptrace_parent:retval.0}"
CE0x6e3a6c0 "{CE0x6e3a6c0|_ret_%struct.task_struct*_%retval.0,_!dbg_!27752|include/linux/ptrace.h,94}"
CE0x6e39030 "{CE0x6e39030|selinux_setprocattr:call121|security/selinux/hooks.c,5670}"
CE0x6e415b0 "{CE0x6e415b0|selinux_setprocattr:tobool126|security/selinux/hooks.c,5675}"
CE0x57129f0 "{CE0x57129f0|selinux_setprocattr:if.then127}"
CE0x6e443a0 "{CE0x6e443a0|selinux_setprocattr:tmp195|security/selinux/hooks.c,5676}"
CE0x6e44850 "{CE0x6e44850|selinux_setprocattr:tmp195|security/selinux/hooks.c,5676|*SummSink*}"
CONST[source:0(mediator),value:2(dynamic)][purpose:{object}][SnkIdx:5]


CONST[source:1(input),value:2(dynamic)][purpose:{object}][SrcIdx:22]  ->  CONST[source:0(mediator),value:2(dynamic)][purpose:{object}][SnkIdx:1]
-----------
CONST[source:1(input),value:2(dynamic)][purpose:{object}][SrcIdx:22]
CE0x56e4120 "{CE0x56e4120|24:_i32,_2088:_%struct.task_struct*,_2472:_%struct.cred*,_:_CRE_2088,2096_|*MultipleSource*|Function::task_sid&Arg::task::|Function::current_has_perm&Arg::tsk::|include/linux/ptrace.h,91|Function::selinux_setprocattr&Arg::p::|Function::may_create_key&Arg::ctx::|security/selinux/hooks.c,5670|Function::ptrace_parent&Arg::task::}"
CE0x5663d90 "{CE0x5663d90|ptrace_parent:tmp9|*LoadInst*|include/linux/ptrace.h,92}"
CE0x6ee5b50 "{CE0x6ee5b50|ptrace_parent:retval.0}"
CE0x6e3a6c0 "{CE0x6e3a6c0|_ret_%struct.task_struct*_%retval.0,_!dbg_!27752|include/linux/ptrace.h,94}"
CE0x6e39030 "{CE0x6e39030|selinux_setprocattr:call121|security/selinux/hooks.c,5670}"
CE0x6e415b0 "{CE0x6e415b0|selinux_setprocattr:tobool126|security/selinux/hooks.c,5675}"
CE0x55ef990 "{CE0x55ef990|selinux_setprocattr:if.end132}"
CE0x5602330 "{CE0x5602330|4:_i32,_8:_i32,_12:_i32,_16:_i32,_20:_i32,_:_CMRE_4,8_|*MultipleSource*|security/selinux/hooks.c,5635|security/selinux/hooks.c,5635|security/selinux/hooks.c,5637}"
CE0x6e25f10 "{CE0x6e25f10|selinux_setprocattr:tmp167|security/selinux/hooks.c,5655}"
CE0x6e26c00 "{CE0x6e26c00|selinux_setprocattr:call111|security/selinux/hooks.c,5655}"
CE0x6e277d0 "{CE0x6e277d0|selinux_setprocattr:tobool112|security/selinux/hooks.c,5656}"
CE0x570fef0 "{CE0x570fef0|selinux_setprocattr:if.end115}"
CE0x6e30020 "{CE0x6e30020|selinux_setprocattr:tmp178|security/selinux/hooks.c,5661}"
CE0x6e30820 "{CE0x6e30820|selinux_setprocattr:tmp178|security/selinux/hooks.c,5661|*SummSink*}"
CONST[source:0(mediator),value:2(dynamic)][purpose:{object}][SnkIdx:1]


CONST[source:1(input),value:2(dynamic)][purpose:{object}][SrcIdx:22]  ->  CONST[source:0(mediator),value:2(dynamic)][purpose:{object}][SnkIdx:9]
-----------
CONST[source:1(input),value:2(dynamic)][purpose:{object}][SrcIdx:22]
CE0x6f457c0 "{CE0x6f457c0|VOIDTB_TE:_CE_128,136_|*MultipleSource*|Function::cred_sid&Arg::cred::|*LoadInst*|security/selinux/hooks.c,208|security/selinux/hooks.c,196}"
CE0x6f66f10 "{CE0x6f66f10|cred_sid:tmp4|*LoadInst*|security/selinux/hooks.c,196}"
CE0x6f67490 "{CE0x6f67490|cred_sid:tmp5|security/selinux/hooks.c,196}"
CE0x6f65dc0 "{CE0x6f65dc0|cred_sid:sid|security/selinux/hooks.c,197}"
CE0x6f666e0 "{CE0x6f666e0|cred_sid:tmp6|security/selinux/hooks.c,197}"
CE0x5613930 "{CE0x5613930|_ret_i32_%tmp6,_!dbg_!27716|security/selinux/hooks.c,197}"
CE0x6f557c0 "{CE0x6f557c0|task_sid:call7|security/selinux/hooks.c,208}"
CE0x5718700 "{CE0x5718700|_ret_i32_%call7,_!dbg_!27749|security/selinux/hooks.c,210}"
CE0x5730600 "{CE0x5730600|current_has_perm:call1|security/selinux/hooks.c,1543}"
CE0x571ef90 "{CE0x571ef90|current_has_perm:call1|security/selinux/hooks.c,1543|*SummSink*}"
CONST[source:0(mediator),value:2(dynamic)][purpose:{object}][SnkIdx:9]


CONST[source:1(input),value:2(dynamic)][purpose:{object}][SrcIdx:22]  ->  CONST[source:0(mediator),value:2(dynamic)][purpose:{subject}][SnkIdx:12]
-----------
CONST[source:1(input),value:2(dynamic)][purpose:{object}][SrcIdx:22]
CE0x6f457c0 "{CE0x6f457c0|VOIDTB_TE:_CE_128,136_|*MultipleSource*|Function::cred_sid&Arg::cred::|*LoadInst*|security/selinux/hooks.c,208|security/selinux/hooks.c,196}"
CE0x6f66f10 "{CE0x6f66f10|cred_sid:tmp4|*LoadInst*|security/selinux/hooks.c,196}"
CE0x6f67490 "{CE0x6f67490|cred_sid:tmp5|security/selinux/hooks.c,196}"
CE0x6f65dc0 "{CE0x6f65dc0|cred_sid:sid|security/selinux/hooks.c,197}"
CE0x6f666e0 "{CE0x6f666e0|cred_sid:tmp6|security/selinux/hooks.c,197}"
CE0x5613930 "{CE0x5613930|_ret_i32_%tmp6,_!dbg_!27716|security/selinux/hooks.c,197}"
CE0x6f18620 "{CE0x6f18620|task_sid:call7|security/selinux/hooks.c,208}"
CE0x55e2870 "{CE0x55e2870|_ret_i32_%call7,_!dbg_!27749|security/selinux/hooks.c,210}"
CE0x55e1880 "{CE0x55e1880|may_create_key:call|security/selinux/hooks.c,1748}"
CE0x55dfa20 "{CE0x55dfa20|may_create_key:call|security/selinux/hooks.c,1748|*SummSink*}"
CONST[source:0(mediator),value:2(dynamic)][purpose:{subject}][SnkIdx:12]


CONST[source:1(input),value:2(dynamic)][purpose:{object}][SrcIdx:22]  ->  CONST[source:0(mediator),value:2(dynamic)][purpose:{subject}][SnkIdx:4]
-----------
CONST[source:1(input),value:2(dynamic)][purpose:{object}][SrcIdx:22]
CE0x56e4120 "{CE0x56e4120|24:_i32,_2088:_%struct.task_struct*,_2472:_%struct.cred*,_:_CRE_2088,2096_|*MultipleSource*|Function::task_sid&Arg::task::|Function::current_has_perm&Arg::tsk::|include/linux/ptrace.h,91|Function::selinux_setprocattr&Arg::p::|Function::may_create_key&Arg::ctx::|security/selinux/hooks.c,5670|Function::ptrace_parent&Arg::task::}"
CE0x5663d90 "{CE0x5663d90|ptrace_parent:tmp9|*LoadInst*|include/linux/ptrace.h,92}"
CE0x6ee5b50 "{CE0x6ee5b50|ptrace_parent:retval.0}"
CE0x6e3a6c0 "{CE0x6e3a6c0|_ret_%struct.task_struct*_%retval.0,_!dbg_!27752|include/linux/ptrace.h,94}"
CE0x6e39030 "{CE0x6e39030|selinux_setprocattr:call121|security/selinux/hooks.c,5670}"
CE0x6e3b2b0 "{CE0x6e3b2b0|selinux_setprocattr:tobool122|security/selinux/hooks.c,5671}"
CE0x557ea00 "{CE0x557ea00|selinux_setprocattr:if.then123}"
CE0x6e3eee0 "{CE0x6e3eee0|selinux_setprocattr:call124|security/selinux/hooks.c,5672}"
CE0x6e40540 "{CE0x6e40540|selinux_setprocattr:ptsid.0}"
CE0x6e407d0 "{CE0x6e407d0|selinux_setprocattr:ptsid.0|*SummSink*}"
CONST[source:0(mediator),value:2(dynamic)][purpose:{subject}][SnkIdx:4]


CONST[source:2(external),value:0(static)][purpose:{operation}][SrcIdx:6]  ->  CONST[source:0(mediator),value:2(dynamic)][purpose:{subject}][SnkIdx:0]
-----------
CONST[source:2(external),value:0(static)][purpose:{operation}][SrcIdx:6]
CE0x55dfb30 "{CE0x55dfb30|i32_-22|*Constant*}"
CE0x5598bc0 "{CE0x5598bc0|selinux_setprocattr:cmp50|security/selinux/hooks.c,5600}"
CE0x570fef0 "{CE0x570fef0|selinux_setprocattr:if.end115}"
CE0x6e2fd30 "{CE0x6e2fd30|selinux_setprocattr:tmp177|security/selinux/hooks.c,5661}"
CE0x6e2feb0 "{CE0x6e2feb0|selinux_setprocattr:tmp177|security/selinux/hooks.c,5661|*SummSink*}"
CONST[source:0(mediator),value:2(dynamic)][purpose:{subject}][SnkIdx:0]


CONST[source:2(external),value:0(static)][purpose:{operation}][SrcIdx:6]  ->  CONST[source:0(mediator),value:2(dynamic)][purpose:{object}][SnkIdx:5]
-----------
CONST[source:2(external),value:0(static)][purpose:{operation}][SrcIdx:6]
CE0x55dfb30 "{CE0x55dfb30|i32_-22|*Constant*}"
CE0x5598bc0 "{CE0x5598bc0|selinux_setprocattr:cmp50|security/selinux/hooks.c,5600}"
CE0x57129f0 "{CE0x57129f0|selinux_setprocattr:if.then127}"
CE0x6e443a0 "{CE0x6e443a0|selinux_setprocattr:tmp195|security/selinux/hooks.c,5676}"
CE0x6e44850 "{CE0x6e44850|selinux_setprocattr:tmp195|security/selinux/hooks.c,5676|*SummSink*}"
CONST[source:0(mediator),value:2(dynamic)][purpose:{object}][SnkIdx:5]


CONST[source:2(external),value:0(static)][purpose:{operation}][SrcIdx:6]  ->  CONST[source:0(mediator),value:2(dynamic)][purpose:{object}][SnkIdx:1]
-----------
CONST[source:2(external),value:0(static)][purpose:{operation}][SrcIdx:6]
CE0x55dfb30 "{CE0x55dfb30|i32_-22|*Constant*}"
CE0x5598bc0 "{CE0x5598bc0|selinux_setprocattr:cmp50|security/selinux/hooks.c,5600}"
CE0x570fef0 "{CE0x570fef0|selinux_setprocattr:if.end115}"
CE0x6e30020 "{CE0x6e30020|selinux_setprocattr:tmp178|security/selinux/hooks.c,5661}"
CE0x6e30820 "{CE0x6e30820|selinux_setprocattr:tmp178|security/selinux/hooks.c,5661|*SummSink*}"
CONST[source:0(mediator),value:2(dynamic)][purpose:{object}][SnkIdx:1]


CONST[source:2(external),value:0(static)][purpose:{operation}][SrcIdx:6]  ->  CONST[source:0(mediator),value:2(dynamic)][purpose:{object}][SnkIdx:13]
-----------
CONST[source:2(external),value:0(static)][purpose:{operation}][SrcIdx:6]
CE0x55dfb30 "{CE0x55dfb30|i32_-22|*Constant*}"
CE0x5598bc0 "{CE0x5598bc0|selinux_setprocattr:cmp50|security/selinux/hooks.c,5600}"
CE0x557b490 "{CE0x557b490|selinux_setprocattr:if.then91}"
CE0x55b7160 "{CE0x55b7160|selinux_setprocattr:tmp135|security/selinux/hooks.c,5641}"
CE0x55b8f20 "{CE0x55b8f20|may_create_key:ksid|Function::may_create_key&Arg::ksid::}"
CE0x55d38d0 "{CE0x55d38d0|may_create_key:ksid|Function::may_create_key&Arg::ksid::|*SummSink*}"
CONST[source:0(mediator),value:2(dynamic)][purpose:{object}][SnkIdx:13]


CONST[source:2(external),value:0(static)][purpose:{operation}][SrcIdx:6]  ->  CONST[source:0(mediator),value:2(dynamic)][purpose:{object}][SnkIdx:9]
-----------
CONST[source:2(external),value:0(static)][purpose:{operation}][SrcIdx:6]
CE0x55dfb30 "{CE0x55dfb30|i32_-22|*Constant*}"
CE0x5598bc0 "{CE0x5598bc0|selinux_setprocattr:cmp50|security/selinux/hooks.c,5600}"
CE0x557ea00 "{CE0x557ea00|selinux_setprocattr:if.then123}"
CE0x6e3f880 "{CE0x6e3f880|task_sid:entry}"
CE0x565d4f0 "{CE0x565d4f0|task_sid:do.end6}"
CE0x5613290 "{CE0x5613290|cred_sid:entry}"
CE0x6f6d0d0 "{CE0x6f6d0d0|cred_sid:bb}"
CE0x5613930 "{CE0x5613930|_ret_i32_%tmp6,_!dbg_!27716|security/selinux/hooks.c,197}"
CE0x6f557c0 "{CE0x6f557c0|task_sid:call7|security/selinux/hooks.c,208}"
CE0x5718700 "{CE0x5718700|_ret_i32_%call7,_!dbg_!27749|security/selinux/hooks.c,210}"
CE0x5730600 "{CE0x5730600|current_has_perm:call1|security/selinux/hooks.c,1543}"
CE0x571ef90 "{CE0x571ef90|current_has_perm:call1|security/selinux/hooks.c,1543|*SummSink*}"
CONST[source:0(mediator),value:2(dynamic)][purpose:{object}][SnkIdx:9]


CONST[source:2(external),value:0(static)][purpose:{operation}][SrcIdx:6]  ->  CONST[source:0(mediator),value:2(dynamic)][purpose:{subject}][SnkIdx:8]
-----------
CONST[source:2(external),value:0(static)][purpose:{operation}][SrcIdx:6]
CE0x55dfb30 "{CE0x55dfb30|i32_-22|*Constant*}"
CE0x5598bc0 "{CE0x5598bc0|selinux_setprocattr:cmp50|security/selinux/hooks.c,5600}"
CE0x55e3eb0 "{CE0x55e3eb0|selinux_setprocattr:if.end66}"
CE0x572ba50 "{CE0x572ba50|get_current:entry}"
CE0x6e5b410 "{CE0x6e5b410|get_current:bb}"
CE0x55a0040 "{CE0x55a0040|COLLAPSED:_GCMRE_current_task_external_global_%struct.task_struct*:_elem_0::|security/selinux/hooks.c,5611}"
CE0x6f25fe0 "{CE0x6f25fe0|current_sid:tmp22|security/selinux/hooks.c,218}"
CE0x6f26770 "{CE0x6f26770|current_sid:tmp23|security/selinux/hooks.c,218}"
CE0x6f27100 "{CE0x6f27100|current_sid:sid|security/selinux/hooks.c,220}"
CE0x6f281f0 "{CE0x6f281f0|current_sid:tmp24|security/selinux/hooks.c,220}"
CE0x5624e80 "{CE0x5624e80|_ret_i32_%tmp24,_!dbg_!27742|security/selinux/hooks.c,220}"
CE0x5713340 "{CE0x5713340|current_has_perm:call|security/selinux/hooks.c,1542}"
CE0x57133b0 "{CE0x57133b0|current_has_perm:call|security/selinux/hooks.c,1542|*SummSink*}"
CONST[source:0(mediator),value:2(dynamic)][purpose:{subject}][SnkIdx:8]


CONST[source:2(external),value:0(static)][purpose:{operation}][SrcIdx:6]  ->  CONST[source:0(mediator),value:2(dynamic)][purpose:{subject}][SnkIdx:12]
-----------
CONST[source:2(external),value:0(static)][purpose:{operation}][SrcIdx:6]
CE0x55dfb30 "{CE0x55dfb30|i32_-22|*Constant*}"
CE0x5598bc0 "{CE0x5598bc0|selinux_setprocattr:cmp50|security/selinux/hooks.c,5600}"
CE0x557b490 "{CE0x557b490|selinux_setprocattr:if.then91}"
CE0x55b8af0 "{CE0x55b8af0|may_create_key:entry}"
CE0x55e70f0 "{CE0x55e70f0|may_create_key:bb}"
CE0x55e1880 "{CE0x55e1880|may_create_key:call|security/selinux/hooks.c,1748}"
CE0x55dfa20 "{CE0x55dfa20|may_create_key:call|security/selinux/hooks.c,1748|*SummSink*}"
CONST[source:0(mediator),value:2(dynamic)][purpose:{subject}][SnkIdx:12]


CONST[source:2(external),value:0(static)][purpose:{operation}][SrcIdx:6]  ->  CONST[source:0(mediator),value:2(dynamic)][purpose:{subject}][SnkIdx:4]
-----------
CONST[source:2(external),value:0(static)][purpose:{operation}][SrcIdx:6]
CE0x55dfb30 "{CE0x55dfb30|i32_-22|*Constant*}"
CE0x5598bc0 "{CE0x5598bc0|selinux_setprocattr:cmp50|security/selinux/hooks.c,5600}"
CE0x5723260 "{CE0x5723260|selinux_setprocattr:if.end125}"
CE0x6e40540 "{CE0x6e40540|selinux_setprocattr:ptsid.0}"
CE0x6e407d0 "{CE0x6e407d0|selinux_setprocattr:ptsid.0|*SummSink*}"
CONST[source:0(mediator),value:2(dynamic)][purpose:{subject}][SnkIdx:4]


CONST[source:2(external),value:2(dynamic)][purpose:{subject}][SrcIdx:25]  ->  CONST[source:0(mediator),value:2(dynamic)][purpose:{subject}][SnkIdx:8]
-----------
CONST[source:2(external),value:2(dynamic)][purpose:{subject}][SrcIdx:25]
CE0x55a0040 "{CE0x55a0040|COLLAPSED:_GCMRE_current_task_external_global_%struct.task_struct*:_elem_0::|security/selinux/hooks.c,5611}"
CE0x6f25fe0 "{CE0x6f25fe0|current_sid:tmp22|security/selinux/hooks.c,218}"
CE0x6f26770 "{CE0x6f26770|current_sid:tmp23|security/selinux/hooks.c,218}"
CE0x6f27100 "{CE0x6f27100|current_sid:sid|security/selinux/hooks.c,220}"
CE0x6f281f0 "{CE0x6f281f0|current_sid:tmp24|security/selinux/hooks.c,220}"
CE0x5624e80 "{CE0x5624e80|_ret_i32_%tmp24,_!dbg_!27742|security/selinux/hooks.c,220}"
CE0x5713340 "{CE0x5713340|current_has_perm:call|security/selinux/hooks.c,1542}"
CE0x57133b0 "{CE0x57133b0|current_has_perm:call|security/selinux/hooks.c,1542|*SummSink*}"
CONST[source:0(mediator),value:2(dynamic)][purpose:{subject}][SnkIdx:8]


