[selinux_sb_statfs]

explicit:
CONST[source:1(input),value:2(dynamic)][purpose:{object}]  ->  CONST[source:0(mediator),value:2(dynamic)][purpose:{object}]
-----------
CONST[source:1(input),value:2(dynamic)][purpose:{object}]
CE0x5860460 "{CE0x5860460|232:_%struct.super_block*,_:_CRE_232,240_|*MultipleSource*|security/selinux/hooks.c,2629|Function::selinux_sb_statfs&Arg::dentry::}"
CE0x58a82b0 "{CE0x58a82b0|selinux_sb_statfs:_tmp24|*LoadInst*|security/selinux/hooks.c,2630}"
CE0x58a9f30 "{CE0x58a9f30|superblock_has_perm:_sb|Function::superblock_has_perm&Arg::sb::}"
CE0x5894710 "{CE0x5894710|superblock_has_perm:_s_security|security/selinux/hooks.c,1865}"
CE0x58b1dd0 "{CE0x58b1dd0|superblock_has_perm:_tmp4|*LoadInst*|security/selinux/hooks.c,1865}"
CE0x58a1b80 "{CE0x58a1b80|superblock_has_perm:_tmp5|security/selinux/hooks.c,1865}"
CE0x58a1ff0 "{CE0x58a1ff0|superblock_has_perm:_sid1|security/selinux/hooks.c,1866}"
CE0x58a15d0 "{CE0x58a15d0|superblock_has_perm:_tmp6|security/selinux/hooks.c,1866}"
CE0x582f780 "{CE0x582f780|superblock_has_perm:_tmp6|security/selinux/hooks.c,1866|*SummSink*}"
CONST[source:0(mediator),value:2(dynamic)][purpose:{object}]


CONST[source:2(external),value:2(dynamic)][purpose:{subject}]  ->  CONST[source:0(mediator),value:2(dynamic)][purpose:{subject}]
-----------
CONST[source:2(external),value:2(dynamic)][purpose:{subject}]
CE0x5851f70 "{CE0x5851f70|COLLAPSED:_GCMRE_current_task_external_global_%struct.task_struct*:_elem_0::|security/selinux/hooks.c,2625}"
CE0x58526e0 "{CE0x58526e0|selinux_sb_statfs:_tmp21|security/selinux/hooks.c,2625}"
CE0x58a9b10 "{CE0x58a9b10|superblock_has_perm:_cred|Function::superblock_has_perm&Arg::cred::}"
CE0x5835760 "{CE0x5835760|cred_sid:_cred|Function::cred_sid&Arg::cred::}"
CE0x5892530 "{CE0x5892530|cred_sid:_security|security/selinux/hooks.c,196}"
CE0x58aabd0 "{CE0x58aabd0|cred_sid:_tmp4|*LoadInst*|security/selinux/hooks.c,196}"
CE0x58aaf20 "{CE0x58aaf20|cred_sid:_tmp5|security/selinux/hooks.c,196}"
CE0x58ab690 "{CE0x58ab690|cred_sid:_sid|security/selinux/hooks.c,197}"
CE0x58b5940 "{CE0x58b5940|cred_sid:_tmp6|security/selinux/hooks.c,197}"
CE0x5835a50 "{CE0x5835a50|_ret_i32_%tmp6,_!dbg_!27716|security/selinux/hooks.c,197}"
CE0x5832c30 "{CE0x5832c30|superblock_has_perm:_call|security/selinux/hooks.c,1863}"
CE0x5832de0 "{CE0x5832de0|superblock_has_perm:_call|security/selinux/hooks.c,1863|*SummSink*}"
CONST[source:0(mediator),value:2(dynamic)][purpose:{subject}]



implicit:
CONST[source:2(external),value:2(dynamic)][purpose:{subject}]  ->  CONST[source:0(mediator),value:2(dynamic)][purpose:{subject}]
-----------
CONST[source:2(external),value:2(dynamic)][purpose:{subject}]
CE0x5851f70 "{CE0x5851f70|COLLAPSED:_GCMRE_current_task_external_global_%struct.task_struct*:_elem_0::|security/selinux/hooks.c,2625}"
CE0x58526e0 "{CE0x58526e0|selinux_sb_statfs:_tmp21|security/selinux/hooks.c,2625}"
CE0x58a9b10 "{CE0x58a9b10|superblock_has_perm:_cred|Function::superblock_has_perm&Arg::cred::}"
CE0x5835760 "{CE0x5835760|cred_sid:_cred|Function::cred_sid&Arg::cred::}"
CE0x5892530 "{CE0x5892530|cred_sid:_security|security/selinux/hooks.c,196}"
CE0x58aabd0 "{CE0x58aabd0|cred_sid:_tmp4|*LoadInst*|security/selinux/hooks.c,196}"
CE0x58aaf20 "{CE0x58aaf20|cred_sid:_tmp5|security/selinux/hooks.c,196}"
CE0x58ab690 "{CE0x58ab690|cred_sid:_sid|security/selinux/hooks.c,197}"
CE0x58b5940 "{CE0x58b5940|cred_sid:_tmp6|security/selinux/hooks.c,197}"
CE0x5835a50 "{CE0x5835a50|_ret_i32_%tmp6,_!dbg_!27716|security/selinux/hooks.c,197}"
CE0x5832c30 "{CE0x5832c30|superblock_has_perm:_call|security/selinux/hooks.c,1863}"
CE0x5832de0 "{CE0x5832de0|superblock_has_perm:_call|security/selinux/hooks.c,1863|*SummSink*}"
CONST[source:0(mediator),value:2(dynamic)][purpose:{subject}]


CONST[source:1(input),value:2(dynamic)][purpose:{object}]  ->  CONST[source:0(mediator),value:2(dynamic)][purpose:{object}]
-----------
CONST[source:1(input),value:2(dynamic)][purpose:{object}]
CE0x5860460 "{CE0x5860460|232:_%struct.super_block*,_:_CRE_232,240_|*MultipleSource*|security/selinux/hooks.c,2629|Function::selinux_sb_statfs&Arg::dentry::}"
CE0x58a82b0 "{CE0x58a82b0|selinux_sb_statfs:_tmp24|*LoadInst*|security/selinux/hooks.c,2630}"
CE0x58a9f30 "{CE0x58a9f30|superblock_has_perm:_sb|Function::superblock_has_perm&Arg::sb::}"
CE0x5894710 "{CE0x5894710|superblock_has_perm:_s_security|security/selinux/hooks.c,1865}"
CE0x58b1dd0 "{CE0x58b1dd0|superblock_has_perm:_tmp4|*LoadInst*|security/selinux/hooks.c,1865}"
CE0x58a1b80 "{CE0x58a1b80|superblock_has_perm:_tmp5|security/selinux/hooks.c,1865}"
CE0x58a1ff0 "{CE0x58a1ff0|superblock_has_perm:_sid1|security/selinux/hooks.c,1866}"
CE0x58a15d0 "{CE0x58a15d0|superblock_has_perm:_tmp6|security/selinux/hooks.c,1866}"
CE0x582f780 "{CE0x582f780|superblock_has_perm:_tmp6|security/selinux/hooks.c,1866|*SummSink*}"
CONST[source:0(mediator),value:2(dynamic)][purpose:{object}]


