[selinux_vm_enough_memory]

explicit:
CONST[source:2(external),value:2(dynamic)][purpose:{subject}][SrcIdx:18]  ->  CONST[source:0(mediator),value:2(dynamic)][purpose:{subject}][SnkIdx:0]
-----------
CONST[source:2(external),value:2(dynamic)][purpose:{subject}][SrcIdx:18]
CE0x47727c0 "{CE0x47727c0|COLLAPSED:_GCMRE_current_task_external_global_%struct.task_struct*:_elem_0::|security/selinux/hooks.c,2088}"
CE0x476a5d0 "{CE0x476a5d0|selinux_vm_enough_memory:tmp19|security/selinux/hooks.c,2088}"
CE0x4754460 "{CE0x4754460|selinux_capable:cred|Function::selinux_capable&Arg::cred::}"
CE0x4784450 "{CE0x4784450|cred_has_capability:cred|Function::cred_has_capability&Arg::cred::}"
CE0x47cfd90 "{CE0x47cfd90|cred_sid:cred|Function::cred_sid&Arg::cred::}"
CE0x47d0a60 "{CE0x47d0a60|cred_sid:security|security/selinux/hooks.c,196}"
CE0x47d09f0 "{CE0x47d09f0|cred_sid:tmp4|*LoadInst*|security/selinux/hooks.c,196}"
CE0x47c0d60 "{CE0x47c0d60|cred_sid:tmp5|security/selinux/hooks.c,196}"
CE0x4801eb0 "{CE0x4801eb0|cred_sid:sid|security/selinux/hooks.c,197}"
CE0x47f5ff0 "{CE0x47f5ff0|cred_sid:tmp6|security/selinux/hooks.c,197}"
CE0x47b9390 "{CE0x47b9390|_ret_i32_%tmp6,_!dbg_!27716|security/selinux/hooks.c,197}"
CE0x47d0d10 "{CE0x47d0d10|cred_has_capability:call|security/selinux/hooks.c,1558}"
CE0x47d0ed0 "{CE0x47d0ed0|cred_has_capability:call|security/selinux/hooks.c,1558|*SummSink*}"
CONST[source:0(mediator),value:2(dynamic)][purpose:{subject}][SnkIdx:0]


CONST[source:2(external),value:2(dynamic)][purpose:{subject}][SrcIdx:18]  ->  CONST[source:0(mediator),value:2(dynamic)][purpose:{object}][SnkIdx:1]
-----------
CONST[source:2(external),value:2(dynamic)][purpose:{subject}][SrcIdx:18]
CE0x47727c0 "{CE0x47727c0|COLLAPSED:_GCMRE_current_task_external_global_%struct.task_struct*:_elem_0::|security/selinux/hooks.c,2088}"
CE0x476a5d0 "{CE0x476a5d0|selinux_vm_enough_memory:tmp19|security/selinux/hooks.c,2088}"
CE0x4754460 "{CE0x4754460|selinux_capable:cred|Function::selinux_capable&Arg::cred::}"
CE0x4784450 "{CE0x4784450|cred_has_capability:cred|Function::cred_has_capability&Arg::cred::}"
CE0x47cfd90 "{CE0x47cfd90|cred_sid:cred|Function::cred_sid&Arg::cred::}"
CE0x47d0a60 "{CE0x47d0a60|cred_sid:security|security/selinux/hooks.c,196}"
CE0x47d09f0 "{CE0x47d09f0|cred_sid:tmp4|*LoadInst*|security/selinux/hooks.c,196}"
CE0x47c0d60 "{CE0x47c0d60|cred_sid:tmp5|security/selinux/hooks.c,196}"
CE0x4801eb0 "{CE0x4801eb0|cred_sid:sid|security/selinux/hooks.c,197}"
CE0x47f5ff0 "{CE0x47f5ff0|cred_sid:tmp6|security/selinux/hooks.c,197}"
CE0x47b9390 "{CE0x47b9390|_ret_i32_%tmp6,_!dbg_!27716|security/selinux/hooks.c,197}"
CE0x47d0d10 "{CE0x47d0d10|cred_has_capability:call|security/selinux/hooks.c,1558}"
CE0x47d0ed0 "{CE0x47d0ed0|cred_has_capability:call|security/selinux/hooks.c,1558|*SummSink*}"
CONST[source:0(mediator),value:2(dynamic)][purpose:{object}][SnkIdx:1]


CONST[source:2(external),value:2(dynamic)][purpose:{subject}][SrcIdx:18]  ->  CONST[source:0(mediator),value:2(dynamic)][purpose:{object}][SnkIdx:5]
-----------
CONST[source:2(external),value:2(dynamic)][purpose:{subject}][SrcIdx:18]
CE0x47727c0 "{CE0x47727c0|COLLAPSED:_GCMRE_current_task_external_global_%struct.task_struct*:_elem_0::|security/selinux/hooks.c,2088}"
CE0x476a5d0 "{CE0x476a5d0|selinux_vm_enough_memory:tmp19|security/selinux/hooks.c,2088}"
CE0x4754460 "{CE0x4754460|selinux_capable:cred|Function::selinux_capable&Arg::cred::}"
CE0x4784450 "{CE0x4784450|cred_has_capability:cred|Function::cred_has_capability&Arg::cred::}"
CE0x47cfd90 "{CE0x47cfd90|cred_sid:cred|Function::cred_sid&Arg::cred::}"
CE0x47d0a60 "{CE0x47d0a60|cred_sid:security|security/selinux/hooks.c,196}"
CE0x47d09f0 "{CE0x47d09f0|cred_sid:tmp4|*LoadInst*|security/selinux/hooks.c,196}"
CE0x47c0d60 "{CE0x47c0d60|cred_sid:tmp5|security/selinux/hooks.c,196}"
CE0x4801eb0 "{CE0x4801eb0|cred_sid:sid|security/selinux/hooks.c,197}"
CE0x47f5ff0 "{CE0x47f5ff0|cred_sid:tmp6|security/selinux/hooks.c,197}"
CE0x47b9390 "{CE0x47b9390|_ret_i32_%tmp6,_!dbg_!27716|security/selinux/hooks.c,197}"
CE0x47d0d10 "{CE0x47d0d10|cred_has_capability:call|security/selinux/hooks.c,1558}"
CE0x47d0ed0 "{CE0x47d0ed0|cred_has_capability:call|security/selinux/hooks.c,1558|*SummSink*}"
CONST[source:0(mediator),value:2(dynamic)][purpose:{object}][SnkIdx:5]


CONST[source:2(external),value:2(dynamic)][purpose:{subject}][SrcIdx:18]  ->  CONST[source:0(mediator),value:2(dynamic)][purpose:{subject}][SnkIdx:4]
-----------
CONST[source:2(external),value:2(dynamic)][purpose:{subject}][SrcIdx:18]
CE0x47727c0 "{CE0x47727c0|COLLAPSED:_GCMRE_current_task_external_global_%struct.task_struct*:_elem_0::|security/selinux/hooks.c,2088}"
CE0x476a5d0 "{CE0x476a5d0|selinux_vm_enough_memory:tmp19|security/selinux/hooks.c,2088}"
CE0x4754460 "{CE0x4754460|selinux_capable:cred|Function::selinux_capable&Arg::cred::}"
CE0x4784450 "{CE0x4784450|cred_has_capability:cred|Function::cred_has_capability&Arg::cred::}"
CE0x47cfd90 "{CE0x47cfd90|cred_sid:cred|Function::cred_sid&Arg::cred::}"
CE0x47d0a60 "{CE0x47d0a60|cred_sid:security|security/selinux/hooks.c,196}"
CE0x47d09f0 "{CE0x47d09f0|cred_sid:tmp4|*LoadInst*|security/selinux/hooks.c,196}"
CE0x47c0d60 "{CE0x47c0d60|cred_sid:tmp5|security/selinux/hooks.c,196}"
CE0x4801eb0 "{CE0x4801eb0|cred_sid:sid|security/selinux/hooks.c,197}"
CE0x47f5ff0 "{CE0x47f5ff0|cred_sid:tmp6|security/selinux/hooks.c,197}"
CE0x47b9390 "{CE0x47b9390|_ret_i32_%tmp6,_!dbg_!27716|security/selinux/hooks.c,197}"
CE0x47d0d10 "{CE0x47d0d10|cred_has_capability:call|security/selinux/hooks.c,1558}"
CE0x47d0ed0 "{CE0x47d0ed0|cred_has_capability:call|security/selinux/hooks.c,1558|*SummSink*}"
CONST[source:0(mediator),value:2(dynamic)][purpose:{subject}][SnkIdx:4]


CONST[source:0(mediator),value:2(dynamic)][purpose:{subject}][SrcIdx:19]  ->  CONST[source:0(mediator),value:2(dynamic)][purpose:{object}][SnkIdx:1]
-----------
CONST[source:0(mediator),value:2(dynamic)][purpose:{subject}][SrcIdx:19]
CE0x4802d80 "{CE0x4802d80|0:_i32,_4:_i32,_8:_i32,_12:_i32,_:_CMRE_4,8_|*MultipleSource*|security/selinux/hooks.c,196|*LoadInst*|security/selinux/hooks.c,196|security/selinux/hooks.c,197}"
CE0x47f5ff0 "{CE0x47f5ff0|cred_sid:tmp6|security/selinux/hooks.c,197}"
CE0x47b9390 "{CE0x47b9390|_ret_i32_%tmp6,_!dbg_!27716|security/selinux/hooks.c,197}"
CE0x47d0d10 "{CE0x47d0d10|cred_has_capability:call|security/selinux/hooks.c,1558}"
CE0x47d0ed0 "{CE0x47d0ed0|cred_has_capability:call|security/selinux/hooks.c,1558|*SummSink*}"
CONST[source:0(mediator),value:2(dynamic)][purpose:{object}][SnkIdx:1]


CONST[source:0(mediator),value:2(dynamic)][purpose:{subject}][SrcIdx:19]  ->  CONST[source:0(mediator),value:2(dynamic)][purpose:{object}][SnkIdx:5]
-----------
CONST[source:0(mediator),value:2(dynamic)][purpose:{subject}][SrcIdx:19]
CE0x4802d80 "{CE0x4802d80|0:_i32,_4:_i32,_8:_i32,_12:_i32,_:_CMRE_4,8_|*MultipleSource*|security/selinux/hooks.c,196|*LoadInst*|security/selinux/hooks.c,196|security/selinux/hooks.c,197}"
CE0x47f5ff0 "{CE0x47f5ff0|cred_sid:tmp6|security/selinux/hooks.c,197}"
CE0x47b9390 "{CE0x47b9390|_ret_i32_%tmp6,_!dbg_!27716|security/selinux/hooks.c,197}"
CE0x47d0d10 "{CE0x47d0d10|cred_has_capability:call|security/selinux/hooks.c,1558}"
CE0x47d0ed0 "{CE0x47d0ed0|cred_has_capability:call|security/selinux/hooks.c,1558|*SummSink*}"
CONST[source:0(mediator),value:2(dynamic)][purpose:{object}][SnkIdx:5]


CONST[source:2(external),value:0(static)][purpose:{operation}][SrcIdx:17]  ->  CONST[source:0(mediator),value:0(static)][purpose:{operation}][SnkIdx:3]
-----------
CONST[source:2(external),value:0(static)][purpose:{operation}][SrcIdx:17]
CE0x4757ab0 "{CE0x4757ab0|selinux_capable:cap|Function::selinux_capable&Arg::cap::|*SummSource*}"
CE0x4757a40 "{CE0x4757a40|selinux_capable:cap|Function::selinux_capable&Arg::cap::}"
CE0x47848d0 "{CE0x47848d0|cred_has_capability:cap|Function::cred_has_capability&Arg::cap::}"
CE0x4776630 "{CE0x4776630|cred_has_capability:and|security/selinux/hooks.c,1559}"
CE0x47a3840 "{CE0x47a3840|cred_has_capability:shl|security/selinux/hooks.c,1559}"
CE0x477f060 "{CE0x477f060|cred_has_capability:shl|security/selinux/hooks.c,1559|*SummSink*}"
CONST[source:0(mediator),value:0(static)][purpose:{operation}][SnkIdx:3]


CONST[source:2(external),value:0(static)][purpose:{operation}][SrcIdx:17]  ->  CONST[source:0(mediator),value:0(static)][purpose:{operation}][SnkIdx:7]
-----------
CONST[source:2(external),value:0(static)][purpose:{operation}][SrcIdx:17]
CE0x4757ab0 "{CE0x4757ab0|selinux_capable:cap|Function::selinux_capable&Arg::cap::|*SummSource*}"
CE0x4757a40 "{CE0x4757a40|selinux_capable:cap|Function::selinux_capable&Arg::cap::}"
CE0x47848d0 "{CE0x47848d0|cred_has_capability:cap|Function::cred_has_capability&Arg::cap::}"
CE0x4776630 "{CE0x4776630|cred_has_capability:and|security/selinux/hooks.c,1559}"
CE0x47a3840 "{CE0x47a3840|cred_has_capability:shl|security/selinux/hooks.c,1559}"
CE0x477f060 "{CE0x477f060|cred_has_capability:shl|security/selinux/hooks.c,1559|*SummSink*}"
CONST[source:0(mediator),value:0(static)][purpose:{operation}][SnkIdx:7]



implicit:
CONST[source:2(external),value:2(dynamic)][purpose:{subject}][SrcIdx:18]  ->  CONST[source:0(mediator),value:2(dynamic)][purpose:{object}][SnkIdx:1]
-----------
CONST[source:2(external),value:2(dynamic)][purpose:{subject}][SrcIdx:18]
CE0x47727c0 "{CE0x47727c0|COLLAPSED:_GCMRE_current_task_external_global_%struct.task_struct*:_elem_0::|security/selinux/hooks.c,2088}"
CE0x476a5d0 "{CE0x476a5d0|selinux_vm_enough_memory:tmp19|security/selinux/hooks.c,2088}"
CE0x4754460 "{CE0x4754460|selinux_capable:cred|Function::selinux_capable&Arg::cred::}"
CE0x47d7e50 "{CE0x47d7e50|selinux_capable:call|security/selinux/hooks.c,2007}"
CE0x479b640 "{CE0x479b640|selinux_capable:tobool|security/selinux/hooks.c,2008}"
CE0x4764010 "{CE0x4764010|selinux_capable:if.end}"
CE0x4784070 "{CE0x4784070|cred_has_capability:entry}"
CE0x479ff00 "{CE0x479ff00|cred_has_capability:bb}"
CE0x47d0d10 "{CE0x47d0d10|cred_has_capability:call|security/selinux/hooks.c,1558}"
CE0x47d0ed0 "{CE0x47d0ed0|cred_has_capability:call|security/selinux/hooks.c,1558|*SummSink*}"
CONST[source:0(mediator),value:2(dynamic)][purpose:{object}][SnkIdx:1]


CONST[source:2(external),value:2(dynamic)][purpose:{subject}][SrcIdx:18]  ->  CONST[source:0(mediator),value:2(dynamic)][purpose:{object}][SnkIdx:6]
-----------
CONST[source:2(external),value:2(dynamic)][purpose:{subject}][SrcIdx:18]
CE0x47727c0 "{CE0x47727c0|COLLAPSED:_GCMRE_current_task_external_global_%struct.task_struct*:_elem_0::|security/selinux/hooks.c,2088}"
CE0x476a5d0 "{CE0x476a5d0|selinux_vm_enough_memory:tmp19|security/selinux/hooks.c,2088}"
CE0x4754460 "{CE0x4754460|selinux_capable:cred|Function::selinux_capable&Arg::cred::}"
CE0x47d7e50 "{CE0x47d7e50|selinux_capable:call|security/selinux/hooks.c,2007}"
CE0x479b640 "{CE0x479b640|selinux_capable:tobool|security/selinux/hooks.c,2008}"
CE0x4764010 "{CE0x4764010|selinux_capable:if.end}"
CE0x4784070 "{CE0x4784070|cred_has_capability:entry}"
CE0x47d3080 "{CE0x47d3080|cred_has_capability:sw.epilog}"
CE0x47da000 "{CE0x47da000|cred_has_capability:sclass.0}"
CE0x47da1e0 "{CE0x47da1e0|cred_has_capability:sclass.0|*SummSink*}"
CONST[source:0(mediator),value:2(dynamic)][purpose:{object}][SnkIdx:6]


CONST[source:2(external),value:2(dynamic)][purpose:{subject}][SrcIdx:18]  ->  CONST[source:0(mediator),value:0(static)][purpose:{operation}][SnkIdx:3]
-----------
CONST[source:2(external),value:2(dynamic)][purpose:{subject}][SrcIdx:18]
CE0x47727c0 "{CE0x47727c0|COLLAPSED:_GCMRE_current_task_external_global_%struct.task_struct*:_elem_0::|security/selinux/hooks.c,2088}"
CE0x476a5d0 "{CE0x476a5d0|selinux_vm_enough_memory:tmp19|security/selinux/hooks.c,2088}"
CE0x4754460 "{CE0x4754460|selinux_capable:cred|Function::selinux_capable&Arg::cred::}"
CE0x47d7e50 "{CE0x47d7e50|selinux_capable:call|security/selinux/hooks.c,2007}"
CE0x479b640 "{CE0x479b640|selinux_capable:tobool|security/selinux/hooks.c,2008}"
CE0x4764010 "{CE0x4764010|selinux_capable:if.end}"
CE0x4784070 "{CE0x4784070|cred_has_capability:entry}"
CE0x479ff00 "{CE0x479ff00|cred_has_capability:bb}"
CE0x47a3840 "{CE0x47a3840|cred_has_capability:shl|security/selinux/hooks.c,1559}"
CE0x477f060 "{CE0x477f060|cred_has_capability:shl|security/selinux/hooks.c,1559|*SummSink*}"
CONST[source:0(mediator),value:0(static)][purpose:{operation}][SnkIdx:3]


CONST[source:2(external),value:2(dynamic)][purpose:{subject}][SrcIdx:18]  ->  CONST[source:0(mediator),value:2(dynamic)][purpose:{object}][SnkIdx:5]
-----------
CONST[source:2(external),value:2(dynamic)][purpose:{subject}][SrcIdx:18]
CE0x47727c0 "{CE0x47727c0|COLLAPSED:_GCMRE_current_task_external_global_%struct.task_struct*:_elem_0::|security/selinux/hooks.c,2088}"
CE0x476a5d0 "{CE0x476a5d0|selinux_vm_enough_memory:tmp19|security/selinux/hooks.c,2088}"
CE0x4754460 "{CE0x4754460|selinux_capable:cred|Function::selinux_capable&Arg::cred::}"
CE0x47d7e50 "{CE0x47d7e50|selinux_capable:call|security/selinux/hooks.c,2007}"
CE0x479b640 "{CE0x479b640|selinux_capable:tobool|security/selinux/hooks.c,2008}"
CE0x4764010 "{CE0x4764010|selinux_capable:if.end}"
CE0x4784070 "{CE0x4784070|cred_has_capability:entry}"
CE0x479ff00 "{CE0x479ff00|cred_has_capability:bb}"
CE0x47d0d10 "{CE0x47d0d10|cred_has_capability:call|security/selinux/hooks.c,1558}"
CE0x47d0ed0 "{CE0x47d0ed0|cred_has_capability:call|security/selinux/hooks.c,1558|*SummSink*}"
CONST[source:0(mediator),value:2(dynamic)][purpose:{object}][SnkIdx:5]


CONST[source:2(external),value:2(dynamic)][purpose:{subject}][SrcIdx:18]  ->  CONST[source:0(mediator),value:0(static)][purpose:{operation}][SnkIdx:7]
-----------
CONST[source:2(external),value:2(dynamic)][purpose:{subject}][SrcIdx:18]
CE0x47727c0 "{CE0x47727c0|COLLAPSED:_GCMRE_current_task_external_global_%struct.task_struct*:_elem_0::|security/selinux/hooks.c,2088}"
CE0x476a5d0 "{CE0x476a5d0|selinux_vm_enough_memory:tmp19|security/selinux/hooks.c,2088}"
CE0x4754460 "{CE0x4754460|selinux_capable:cred|Function::selinux_capable&Arg::cred::}"
CE0x47d7e50 "{CE0x47d7e50|selinux_capable:call|security/selinux/hooks.c,2007}"
CE0x479b640 "{CE0x479b640|selinux_capable:tobool|security/selinux/hooks.c,2008}"
CE0x4764010 "{CE0x4764010|selinux_capable:if.end}"
CE0x4784070 "{CE0x4784070|cred_has_capability:entry}"
CE0x479ff00 "{CE0x479ff00|cred_has_capability:bb}"
CE0x47a3840 "{CE0x47a3840|cred_has_capability:shl|security/selinux/hooks.c,1559}"
CE0x477f060 "{CE0x477f060|cred_has_capability:shl|security/selinux/hooks.c,1559|*SummSink*}"
CONST[source:0(mediator),value:0(static)][purpose:{operation}][SnkIdx:7]


CONST[source:2(external),value:2(dynamic)][purpose:{subject}][SrcIdx:18]  ->  CONST[source:0(mediator),value:2(dynamic)][purpose:{subject}][SnkIdx:4]
-----------
CONST[source:2(external),value:2(dynamic)][purpose:{subject}][SrcIdx:18]
CE0x47727c0 "{CE0x47727c0|COLLAPSED:_GCMRE_current_task_external_global_%struct.task_struct*:_elem_0::|security/selinux/hooks.c,2088}"
CE0x476a5d0 "{CE0x476a5d0|selinux_vm_enough_memory:tmp19|security/selinux/hooks.c,2088}"
CE0x4754460 "{CE0x4754460|selinux_capable:cred|Function::selinux_capable&Arg::cred::}"
CE0x47d7e50 "{CE0x47d7e50|selinux_capable:call|security/selinux/hooks.c,2007}"
CE0x479b640 "{CE0x479b640|selinux_capable:tobool|security/selinux/hooks.c,2008}"
CE0x4764010 "{CE0x4764010|selinux_capable:if.end}"
CE0x4784070 "{CE0x4784070|cred_has_capability:entry}"
CE0x479ff00 "{CE0x479ff00|cred_has_capability:bb}"
CE0x47d0d10 "{CE0x47d0d10|cred_has_capability:call|security/selinux/hooks.c,1558}"
CE0x47d0ed0 "{CE0x47d0ed0|cred_has_capability:call|security/selinux/hooks.c,1558|*SummSink*}"
CONST[source:0(mediator),value:2(dynamic)][purpose:{subject}][SnkIdx:4]


CONST[source:2(external),value:2(dynamic)][purpose:{subject}][SrcIdx:18]  ->  CONST[source:0(mediator),value:2(dynamic)][purpose:{object}][SnkIdx:2]
-----------
CONST[source:2(external),value:2(dynamic)][purpose:{subject}][SrcIdx:18]
CE0x47727c0 "{CE0x47727c0|COLLAPSED:_GCMRE_current_task_external_global_%struct.task_struct*:_elem_0::|security/selinux/hooks.c,2088}"
CE0x476a5d0 "{CE0x476a5d0|selinux_vm_enough_memory:tmp19|security/selinux/hooks.c,2088}"
CE0x4754460 "{CE0x4754460|selinux_capable:cred|Function::selinux_capable&Arg::cred::}"
CE0x47d7e50 "{CE0x47d7e50|selinux_capable:call|security/selinux/hooks.c,2007}"
CE0x479b640 "{CE0x479b640|selinux_capable:tobool|security/selinux/hooks.c,2008}"
CE0x4764010 "{CE0x4764010|selinux_capable:if.end}"
CE0x4784070 "{CE0x4784070|cred_has_capability:entry}"
CE0x47d3080 "{CE0x47d3080|cred_has_capability:sw.epilog}"
CE0x47da000 "{CE0x47da000|cred_has_capability:sclass.0}"
CE0x47da1e0 "{CE0x47da1e0|cred_has_capability:sclass.0|*SummSink*}"
CONST[source:0(mediator),value:2(dynamic)][purpose:{object}][SnkIdx:2]


CONST[source:2(external),value:2(dynamic)][purpose:{subject}][SrcIdx:18]  ->  CONST[source:0(mediator),value:2(dynamic)][purpose:{subject}][SnkIdx:0]
-----------
CONST[source:2(external),value:2(dynamic)][purpose:{subject}][SrcIdx:18]
CE0x47727c0 "{CE0x47727c0|COLLAPSED:_GCMRE_current_task_external_global_%struct.task_struct*:_elem_0::|security/selinux/hooks.c,2088}"
CE0x476a5d0 "{CE0x476a5d0|selinux_vm_enough_memory:tmp19|security/selinux/hooks.c,2088}"
CE0x4754460 "{CE0x4754460|selinux_capable:cred|Function::selinux_capable&Arg::cred::}"
CE0x47d7e50 "{CE0x47d7e50|selinux_capable:call|security/selinux/hooks.c,2007}"
CE0x479b640 "{CE0x479b640|selinux_capable:tobool|security/selinux/hooks.c,2008}"
CE0x4764010 "{CE0x4764010|selinux_capable:if.end}"
CE0x4784070 "{CE0x4784070|cred_has_capability:entry}"
CE0x479ff00 "{CE0x479ff00|cred_has_capability:bb}"
CE0x47d0d10 "{CE0x47d0d10|cred_has_capability:call|security/selinux/hooks.c,1558}"
CE0x47d0ed0 "{CE0x47d0ed0|cred_has_capability:call|security/selinux/hooks.c,1558|*SummSink*}"
CONST[source:0(mediator),value:2(dynamic)][purpose:{subject}][SnkIdx:0]


CONST[source:0(mediator),value:2(dynamic)][purpose:{subject}][SrcIdx:19]  ->  CONST[source:0(mediator),value:2(dynamic)][purpose:{object}][SnkIdx:1]
-----------
CONST[source:0(mediator),value:2(dynamic)][purpose:{subject}][SrcIdx:19]
CE0x4802d80 "{CE0x4802d80|0:_i32,_4:_i32,_8:_i32,_12:_i32,_:_CMRE_4,8_|*MultipleSource*|security/selinux/hooks.c,196|*LoadInst*|security/selinux/hooks.c,196|security/selinux/hooks.c,197}"
CE0x47f5ff0 "{CE0x47f5ff0|cred_sid:tmp6|security/selinux/hooks.c,197}"
CE0x47b9390 "{CE0x47b9390|_ret_i32_%tmp6,_!dbg_!27716|security/selinux/hooks.c,197}"
CE0x47d0d10 "{CE0x47d0d10|cred_has_capability:call|security/selinux/hooks.c,1558}"
CE0x47d0ed0 "{CE0x47d0ed0|cred_has_capability:call|security/selinux/hooks.c,1558|*SummSink*}"
CONST[source:0(mediator),value:2(dynamic)][purpose:{object}][SnkIdx:1]


CONST[source:0(mediator),value:2(dynamic)][purpose:{subject}][SrcIdx:19]  ->  CONST[source:0(mediator),value:2(dynamic)][purpose:{object}][SnkIdx:6]
-----------
CONST[source:0(mediator),value:2(dynamic)][purpose:{subject}][SrcIdx:19]
CE0x4764c50 "{CE0x4764c50|COLLAPSED:_CMRE:_elem_0:default:}"
CE0x47d7e50 "{CE0x47d7e50|selinux_capable:call|security/selinux/hooks.c,2007}"
CE0x479b640 "{CE0x479b640|selinux_capable:tobool|security/selinux/hooks.c,2008}"
CE0x4764010 "{CE0x4764010|selinux_capable:if.end}"
CE0x4784070 "{CE0x4784070|cred_has_capability:entry}"
CE0x47d3080 "{CE0x47d3080|cred_has_capability:sw.epilog}"
CE0x47da000 "{CE0x47da000|cred_has_capability:sclass.0}"
CE0x47da1e0 "{CE0x47da1e0|cred_has_capability:sclass.0|*SummSink*}"
CONST[source:0(mediator),value:2(dynamic)][purpose:{object}][SnkIdx:6]


CONST[source:0(mediator),value:2(dynamic)][purpose:{subject}][SrcIdx:19]  ->  CONST[source:0(mediator),value:0(static)][purpose:{operation}][SnkIdx:3]
-----------
CONST[source:0(mediator),value:2(dynamic)][purpose:{subject}][SrcIdx:19]
CE0x4764c50 "{CE0x4764c50|COLLAPSED:_CMRE:_elem_0:default:}"
CE0x47d7e50 "{CE0x47d7e50|selinux_capable:call|security/selinux/hooks.c,2007}"
CE0x479b640 "{CE0x479b640|selinux_capable:tobool|security/selinux/hooks.c,2008}"
CE0x4764010 "{CE0x4764010|selinux_capable:if.end}"
CE0x4784070 "{CE0x4784070|cred_has_capability:entry}"
CE0x479ff00 "{CE0x479ff00|cred_has_capability:bb}"
CE0x47a3840 "{CE0x47a3840|cred_has_capability:shl|security/selinux/hooks.c,1559}"
CE0x477f060 "{CE0x477f060|cred_has_capability:shl|security/selinux/hooks.c,1559|*SummSink*}"
CONST[source:0(mediator),value:0(static)][purpose:{operation}][SnkIdx:3]


CONST[source:0(mediator),value:2(dynamic)][purpose:{subject}][SrcIdx:19]  ->  CONST[source:0(mediator),value:2(dynamic)][purpose:{object}][SnkIdx:5]
-----------
CONST[source:0(mediator),value:2(dynamic)][purpose:{subject}][SrcIdx:19]
CE0x4802d80 "{CE0x4802d80|0:_i32,_4:_i32,_8:_i32,_12:_i32,_:_CMRE_4,8_|*MultipleSource*|security/selinux/hooks.c,196|*LoadInst*|security/selinux/hooks.c,196|security/selinux/hooks.c,197}"
CE0x47f5ff0 "{CE0x47f5ff0|cred_sid:tmp6|security/selinux/hooks.c,197}"
CE0x47b9390 "{CE0x47b9390|_ret_i32_%tmp6,_!dbg_!27716|security/selinux/hooks.c,197}"
CE0x47d0d10 "{CE0x47d0d10|cred_has_capability:call|security/selinux/hooks.c,1558}"
CE0x47d0ed0 "{CE0x47d0ed0|cred_has_capability:call|security/selinux/hooks.c,1558|*SummSink*}"
CONST[source:0(mediator),value:2(dynamic)][purpose:{object}][SnkIdx:5]


CONST[source:0(mediator),value:2(dynamic)][purpose:{subject}][SrcIdx:19]  ->  CONST[source:0(mediator),value:0(static)][purpose:{operation}][SnkIdx:7]
-----------
CONST[source:0(mediator),value:2(dynamic)][purpose:{subject}][SrcIdx:19]
CE0x4764c50 "{CE0x4764c50|COLLAPSED:_CMRE:_elem_0:default:}"
CE0x47d7e50 "{CE0x47d7e50|selinux_capable:call|security/selinux/hooks.c,2007}"
CE0x479b640 "{CE0x479b640|selinux_capable:tobool|security/selinux/hooks.c,2008}"
CE0x4764010 "{CE0x4764010|selinux_capable:if.end}"
CE0x4784070 "{CE0x4784070|cred_has_capability:entry}"
CE0x479ff00 "{CE0x479ff00|cred_has_capability:bb}"
CE0x47a3840 "{CE0x47a3840|cred_has_capability:shl|security/selinux/hooks.c,1559}"
CE0x477f060 "{CE0x477f060|cred_has_capability:shl|security/selinux/hooks.c,1559|*SummSink*}"
CONST[source:0(mediator),value:0(static)][purpose:{operation}][SnkIdx:7]


CONST[source:0(mediator),value:2(dynamic)][purpose:{subject}][SrcIdx:19]  ->  CONST[source:0(mediator),value:2(dynamic)][purpose:{object}][SnkIdx:2]
-----------
CONST[source:0(mediator),value:2(dynamic)][purpose:{subject}][SrcIdx:19]
CE0x4764c50 "{CE0x4764c50|COLLAPSED:_CMRE:_elem_0:default:}"
CE0x47d7e50 "{CE0x47d7e50|selinux_capable:call|security/selinux/hooks.c,2007}"
CE0x479b640 "{CE0x479b640|selinux_capable:tobool|security/selinux/hooks.c,2008}"
CE0x4764010 "{CE0x4764010|selinux_capable:if.end}"
CE0x4784070 "{CE0x4784070|cred_has_capability:entry}"
CE0x47d3080 "{CE0x47d3080|cred_has_capability:sw.epilog}"
CE0x47da000 "{CE0x47da000|cred_has_capability:sclass.0}"
CE0x47da1e0 "{CE0x47da1e0|cred_has_capability:sclass.0|*SummSink*}"
CONST[source:0(mediator),value:2(dynamic)][purpose:{object}][SnkIdx:2]


CONST[source:2(external),value:0(static)][purpose:{operation}][SrcIdx:17]  ->  CONST[source:0(mediator),value:2(dynamic)][purpose:{object}][SnkIdx:1]
-----------
CONST[source:2(external),value:0(static)][purpose:{operation}][SrcIdx:17]
CE0x4757ab0 "{CE0x4757ab0|selinux_capable:cap|Function::selinux_capable&Arg::cap::|*SummSource*}"
CE0x4757a40 "{CE0x4757a40|selinux_capable:cap|Function::selinux_capable&Arg::cap::}"
CE0x47d7e50 "{CE0x47d7e50|selinux_capable:call|security/selinux/hooks.c,2007}"
CE0x479b640 "{CE0x479b640|selinux_capable:tobool|security/selinux/hooks.c,2008}"
CE0x4764010 "{CE0x4764010|selinux_capable:if.end}"
CE0x4784070 "{CE0x4784070|cred_has_capability:entry}"
CE0x479ff00 "{CE0x479ff00|cred_has_capability:bb}"
CE0x47d0d10 "{CE0x47d0d10|cred_has_capability:call|security/selinux/hooks.c,1558}"
CE0x47d0ed0 "{CE0x47d0ed0|cred_has_capability:call|security/selinux/hooks.c,1558|*SummSink*}"
CONST[source:0(mediator),value:2(dynamic)][purpose:{object}][SnkIdx:1]


CONST[source:2(external),value:0(static)][purpose:{operation}][SrcIdx:17]  ->  CONST[source:0(mediator),value:2(dynamic)][purpose:{object}][SnkIdx:6]
-----------
CONST[source:2(external),value:0(static)][purpose:{operation}][SrcIdx:17]
CE0x4757ab0 "{CE0x4757ab0|selinux_capable:cap|Function::selinux_capable&Arg::cap::|*SummSource*}"
CE0x4757a40 "{CE0x4757a40|selinux_capable:cap|Function::selinux_capable&Arg::cap::}"
CE0x47848d0 "{CE0x47848d0|cred_has_capability:cap|Function::cred_has_capability&Arg::cap::}"
CE0x47e30f0 "{CE0x47e30f0|cred_has_capability:shr|security/selinux/hooks.c,1565}"
CE0x47d3080 "{CE0x47d3080|cred_has_capability:sw.epilog}"
CE0x47da000 "{CE0x47da000|cred_has_capability:sclass.0}"
CE0x47da1e0 "{CE0x47da1e0|cred_has_capability:sclass.0|*SummSink*}"
CONST[source:0(mediator),value:2(dynamic)][purpose:{object}][SnkIdx:6]


CONST[source:2(external),value:0(static)][purpose:{operation}][SrcIdx:17]  ->  CONST[source:0(mediator),value:0(static)][purpose:{operation}][SnkIdx:3]
-----------
CONST[source:2(external),value:0(static)][purpose:{operation}][SrcIdx:17]
CE0x4757ab0 "{CE0x4757ab0|selinux_capable:cap|Function::selinux_capable&Arg::cap::|*SummSource*}"
CE0x4757a40 "{CE0x4757a40|selinux_capable:cap|Function::selinux_capable&Arg::cap::}"
CE0x47848d0 "{CE0x47848d0|cred_has_capability:cap|Function::cred_has_capability&Arg::cap::}"
CE0x4776630 "{CE0x4776630|cred_has_capability:and|security/selinux/hooks.c,1559}"
CE0x47a3840 "{CE0x47a3840|cred_has_capability:shl|security/selinux/hooks.c,1559}"
CE0x477f060 "{CE0x477f060|cred_has_capability:shl|security/selinux/hooks.c,1559|*SummSink*}"
CONST[source:0(mediator),value:0(static)][purpose:{operation}][SnkIdx:3]


CONST[source:2(external),value:0(static)][purpose:{operation}][SrcIdx:17]  ->  CONST[source:0(mediator),value:2(dynamic)][purpose:{object}][SnkIdx:5]
-----------
CONST[source:2(external),value:0(static)][purpose:{operation}][SrcIdx:17]
CE0x4757ab0 "{CE0x4757ab0|selinux_capable:cap|Function::selinux_capable&Arg::cap::|*SummSource*}"
CE0x4757a40 "{CE0x4757a40|selinux_capable:cap|Function::selinux_capable&Arg::cap::}"
CE0x47d7e50 "{CE0x47d7e50|selinux_capable:call|security/selinux/hooks.c,2007}"
CE0x479b640 "{CE0x479b640|selinux_capable:tobool|security/selinux/hooks.c,2008}"
CE0x4764010 "{CE0x4764010|selinux_capable:if.end}"
CE0x4784070 "{CE0x4784070|cred_has_capability:entry}"
CE0x479ff00 "{CE0x479ff00|cred_has_capability:bb}"
CE0x47d0d10 "{CE0x47d0d10|cred_has_capability:call|security/selinux/hooks.c,1558}"
CE0x47d0ed0 "{CE0x47d0ed0|cred_has_capability:call|security/selinux/hooks.c,1558|*SummSink*}"
CONST[source:0(mediator),value:2(dynamic)][purpose:{object}][SnkIdx:5]


CONST[source:2(external),value:0(static)][purpose:{operation}][SrcIdx:17]  ->  CONST[source:0(mediator),value:0(static)][purpose:{operation}][SnkIdx:7]
-----------
CONST[source:2(external),value:0(static)][purpose:{operation}][SrcIdx:17]
CE0x4757ab0 "{CE0x4757ab0|selinux_capable:cap|Function::selinux_capable&Arg::cap::|*SummSource*}"
CE0x4757a40 "{CE0x4757a40|selinux_capable:cap|Function::selinux_capable&Arg::cap::}"
CE0x47848d0 "{CE0x47848d0|cred_has_capability:cap|Function::cred_has_capability&Arg::cap::}"
CE0x4776630 "{CE0x4776630|cred_has_capability:and|security/selinux/hooks.c,1559}"
CE0x47a3840 "{CE0x47a3840|cred_has_capability:shl|security/selinux/hooks.c,1559}"
CE0x477f060 "{CE0x477f060|cred_has_capability:shl|security/selinux/hooks.c,1559|*SummSink*}"
CONST[source:0(mediator),value:0(static)][purpose:{operation}][SnkIdx:7]


CONST[source:2(external),value:0(static)][purpose:{operation}][SrcIdx:17]  ->  CONST[source:0(mediator),value:2(dynamic)][purpose:{subject}][SnkIdx:4]
-----------
CONST[source:2(external),value:0(static)][purpose:{operation}][SrcIdx:17]
CE0x4757ab0 "{CE0x4757ab0|selinux_capable:cap|Function::selinux_capable&Arg::cap::|*SummSource*}"
CE0x4757a40 "{CE0x4757a40|selinux_capable:cap|Function::selinux_capable&Arg::cap::}"
CE0x47d7e50 "{CE0x47d7e50|selinux_capable:call|security/selinux/hooks.c,2007}"
CE0x479b640 "{CE0x479b640|selinux_capable:tobool|security/selinux/hooks.c,2008}"
CE0x4764010 "{CE0x4764010|selinux_capable:if.end}"
CE0x4784070 "{CE0x4784070|cred_has_capability:entry}"
CE0x479ff00 "{CE0x479ff00|cred_has_capability:bb}"
CE0x47d0d10 "{CE0x47d0d10|cred_has_capability:call|security/selinux/hooks.c,1558}"
CE0x47d0ed0 "{CE0x47d0ed0|cred_has_capability:call|security/selinux/hooks.c,1558|*SummSink*}"
CONST[source:0(mediator),value:2(dynamic)][purpose:{subject}][SnkIdx:4]


CONST[source:2(external),value:0(static)][purpose:{operation}][SrcIdx:17]  ->  CONST[source:0(mediator),value:2(dynamic)][purpose:{object}][SnkIdx:2]
-----------
CONST[source:2(external),value:0(static)][purpose:{operation}][SrcIdx:17]
CE0x4757ab0 "{CE0x4757ab0|selinux_capable:cap|Function::selinux_capable&Arg::cap::|*SummSource*}"
CE0x4757a40 "{CE0x4757a40|selinux_capable:cap|Function::selinux_capable&Arg::cap::}"
CE0x47848d0 "{CE0x47848d0|cred_has_capability:cap|Function::cred_has_capability&Arg::cap::}"
CE0x47e30f0 "{CE0x47e30f0|cred_has_capability:shr|security/selinux/hooks.c,1565}"
CE0x47d3080 "{CE0x47d3080|cred_has_capability:sw.epilog}"
CE0x47da000 "{CE0x47da000|cred_has_capability:sclass.0}"
CE0x47da1e0 "{CE0x47da1e0|cred_has_capability:sclass.0|*SummSink*}"
CONST[source:0(mediator),value:2(dynamic)][purpose:{object}][SnkIdx:2]


CONST[source:2(external),value:0(static)][purpose:{operation}][SrcIdx:17]  ->  CONST[source:0(mediator),value:2(dynamic)][purpose:{subject}][SnkIdx:0]
-----------
CONST[source:2(external),value:0(static)][purpose:{operation}][SrcIdx:17]
CE0x4757ab0 "{CE0x4757ab0|selinux_capable:cap|Function::selinux_capable&Arg::cap::|*SummSource*}"
CE0x4757a40 "{CE0x4757a40|selinux_capable:cap|Function::selinux_capable&Arg::cap::}"
CE0x47d7e50 "{CE0x47d7e50|selinux_capable:call|security/selinux/hooks.c,2007}"
CE0x479b640 "{CE0x479b640|selinux_capable:tobool|security/selinux/hooks.c,2008}"
CE0x4764010 "{CE0x4764010|selinux_capable:if.end}"
CE0x4784070 "{CE0x4784070|cred_has_capability:entry}"
CE0x479ff00 "{CE0x479ff00|cred_has_capability:bb}"
CE0x47d0d10 "{CE0x47d0d10|cred_has_capability:call|security/selinux/hooks.c,1558}"
CE0x47d0ed0 "{CE0x47d0ed0|cred_has_capability:call|security/selinux/hooks.c,1558|*SummSink*}"
CONST[source:0(mediator),value:2(dynamic)][purpose:{subject}][SnkIdx:0]


