[selinux_socket_sendmsg]

explicit:
CONST[source:2(external),value:2(dynamic)][purpose:{subject}][SrcIdx:4]  ->  CONST[source:0(mediator),value:2(dynamic)][purpose:{subject}][SnkIdx:0]
-----------
CONST[source:2(external),value:2(dynamic)][purpose:{subject}][SrcIdx:4]
CE0x4c99a70 "{CE0x4c99a70|COLLAPSED:_GCMRE_current_task_external_global_%struct.task_struct*:_elem_0:default:}"
CE0x4c84910 "{CE0x4c84910|task_sid:tmp4|*LoadInst*|security/selinux/hooks.c,208}"
CE0x4d12990 "{CE0x4d12990|cred_sid:cred|Function::cred_sid&Arg::cred::}"
CE0x4caa4e0 "{CE0x4caa4e0|cred_sid:security|security/selinux/hooks.c,196}"
CE0x4d044a0 "{CE0x4d044a0|cred_sid:tmp4|*LoadInst*|security/selinux/hooks.c,196}"
CE0x4d264f0 "{CE0x4d264f0|cred_sid:tmp5|security/selinux/hooks.c,196}"
CE0x4d051c0 "{CE0x4d051c0|cred_sid:sid|security/selinux/hooks.c,197}"
CE0x4c904b0 "{CE0x4c904b0|cred_sid:tmp6|security/selinux/hooks.c,197}"
CE0x4d12cf0 "{CE0x4d12cf0|_ret_i32_%tmp6,_!dbg_!27716|security/selinux/hooks.c,197}"
CE0x4d11630 "{CE0x4d11630|task_sid:call7|security/selinux/hooks.c,208}"
CE0x4cebd90 "{CE0x4cebd90|_ret_i32_%call7,_!dbg_!27749|security/selinux/hooks.c,210}"
CE0x4ced3b0 "{CE0x4ced3b0|sock_has_perm:call|security/selinux/hooks.c,3967}"
CE0x4ced5a0 "{CE0x4ced5a0|sock_has_perm:call|security/selinux/hooks.c,3967|*SummSink*}"
CONST[source:0(mediator),value:2(dynamic)][purpose:{subject}][SnkIdx:0]


CONST[source:1(input),value:2(dynamic)][purpose:{object}][SrcIdx:2]  ->  CONST[source:0(mediator),value:2(dynamic)][purpose:{object}][SnkIdx:1]
-----------
CONST[source:1(input),value:2(dynamic)][purpose:{object}][SrcIdx:2]
CE0x4c86910 "{CE0x4c86910|32:_%struct.sock*,_:_CRE_32,40_|*MultipleSource*|Function::selinux_socket_sendmsg&Arg::sock::|security/selinux/hooks.c,4215}"
CE0x4c52da0 "{CE0x4c52da0|selinux_socket_sendmsg:tmp4|*LoadInst*|security/selinux/hooks.c,4215}"
CE0x4c79f10 "{CE0x4c79f10|sock_has_perm:sk|Function::sock_has_perm&Arg::sk::}"
CE0x4c61b60 "{CE0x4c61b60|sock_has_perm:sk_security|security/selinux/hooks.c,3964}"
CE0x4cd3750 "{CE0x4cd3750|sock_has_perm:tmp2|*LoadInst*|security/selinux/hooks.c,3964}"
CE0x4ca2970 "{CE0x4ca2970|sock_has_perm:tmp3|security/selinux/hooks.c,3964}"
CE0x4ce4120 "{CE0x4ce4120|sock_has_perm:sid5|security/selinux/hooks.c,3976}"
CE0x4ce4be0 "{CE0x4ce4be0|sock_has_perm:tmp16|security/selinux/hooks.c,3976}"
CE0x4ce4d80 "{CE0x4ce4d80|sock_has_perm:tmp16|security/selinux/hooks.c,3976|*SummSink*}"
CONST[source:0(mediator),value:2(dynamic)][purpose:{object}][SnkIdx:1]


CONST[source:1(input),value:2(dynamic)][purpose:{object}][SrcIdx:2]  ->  CONST[source:0(mediator),value:2(dynamic)][purpose:{object}][SnkIdx:2]
-----------
CONST[source:1(input),value:2(dynamic)][purpose:{object}][SrcIdx:2]
CE0x4c86910 "{CE0x4c86910|32:_%struct.sock*,_:_CRE_32,40_|*MultipleSource*|Function::selinux_socket_sendmsg&Arg::sock::|security/selinux/hooks.c,4215}"
CE0x4c52da0 "{CE0x4c52da0|selinux_socket_sendmsg:tmp4|*LoadInst*|security/selinux/hooks.c,4215}"
CE0x4c79f10 "{CE0x4c79f10|sock_has_perm:sk|Function::sock_has_perm&Arg::sk::}"
CE0x4c61b60 "{CE0x4c61b60|sock_has_perm:sk_security|security/selinux/hooks.c,3964}"
CE0x4cd3750 "{CE0x4cd3750|sock_has_perm:tmp2|*LoadInst*|security/selinux/hooks.c,3964}"
CE0x4ca2970 "{CE0x4ca2970|sock_has_perm:tmp3|security/selinux/hooks.c,3964}"
CE0x4ce5060 "{CE0x4ce5060|sock_has_perm:sclass|security/selinux/hooks.c,3976}"
CE0x4ce5350 "{CE0x4ce5350|sock_has_perm:tmp17|security/selinux/hooks.c,3976}"
CE0x4ce58d0 "{CE0x4ce58d0|sock_has_perm:tmp17|security/selinux/hooks.c,3976|*SummSink*}"
CONST[source:0(mediator),value:2(dynamic)][purpose:{object}][SnkIdx:2]



implicit:
CONST[source:2(external),value:2(dynamic)][purpose:{subject}][SrcIdx:4]  ->  CONST[source:0(mediator),value:2(dynamic)][purpose:{subject}][SnkIdx:0]
-----------
CONST[source:2(external),value:2(dynamic)][purpose:{subject}][SrcIdx:4]
CE0x4c99a70 "{CE0x4c99a70|COLLAPSED:_GCMRE_current_task_external_global_%struct.task_struct*:_elem_0:default:}"
CE0x4c84910 "{CE0x4c84910|task_sid:tmp4|*LoadInst*|security/selinux/hooks.c,208}"
CE0x4d12990 "{CE0x4d12990|cred_sid:cred|Function::cred_sid&Arg::cred::}"
CE0x4caa4e0 "{CE0x4caa4e0|cred_sid:security|security/selinux/hooks.c,196}"
CE0x4d044a0 "{CE0x4d044a0|cred_sid:tmp4|*LoadInst*|security/selinux/hooks.c,196}"
CE0x4d264f0 "{CE0x4d264f0|cred_sid:tmp5|security/selinux/hooks.c,196}"
CE0x4d051c0 "{CE0x4d051c0|cred_sid:sid|security/selinux/hooks.c,197}"
CE0x4c904b0 "{CE0x4c904b0|cred_sid:tmp6|security/selinux/hooks.c,197}"
CE0x4d12cf0 "{CE0x4d12cf0|_ret_i32_%tmp6,_!dbg_!27716|security/selinux/hooks.c,197}"
CE0x4d11630 "{CE0x4d11630|task_sid:call7|security/selinux/hooks.c,208}"
CE0x4cebd90 "{CE0x4cebd90|_ret_i32_%call7,_!dbg_!27749|security/selinux/hooks.c,210}"
CE0x4ced3b0 "{CE0x4ced3b0|sock_has_perm:call|security/selinux/hooks.c,3967}"
CE0x4ced5a0 "{CE0x4ced5a0|sock_has_perm:call|security/selinux/hooks.c,3967|*SummSink*}"
CONST[source:0(mediator),value:2(dynamic)][purpose:{subject}][SnkIdx:0]


CONST[source:1(input),value:2(dynamic)][purpose:{object}][SrcIdx:2]  ->  CONST[source:0(mediator),value:2(dynamic)][purpose:{object}][SnkIdx:1]
-----------
CONST[source:1(input),value:2(dynamic)][purpose:{object}][SrcIdx:2]
CE0x4c86910 "{CE0x4c86910|32:_%struct.sock*,_:_CRE_32,40_|*MultipleSource*|Function::selinux_socket_sendmsg&Arg::sock::|security/selinux/hooks.c,4215}"
CE0x4c52da0 "{CE0x4c52da0|selinux_socket_sendmsg:tmp4|*LoadInst*|security/selinux/hooks.c,4215}"
CE0x4c79f10 "{CE0x4c79f10|sock_has_perm:sk|Function::sock_has_perm&Arg::sk::}"
CE0x4c61b60 "{CE0x4c61b60|sock_has_perm:sk_security|security/selinux/hooks.c,3964}"
CE0x4cd3750 "{CE0x4cd3750|sock_has_perm:tmp2|*LoadInst*|security/selinux/hooks.c,3964}"
CE0x4ca2970 "{CE0x4ca2970|sock_has_perm:tmp3|security/selinux/hooks.c,3964}"
CE0x4ce4120 "{CE0x4ce4120|sock_has_perm:sid5|security/selinux/hooks.c,3976}"
CE0x4ce4be0 "{CE0x4ce4be0|sock_has_perm:tmp16|security/selinux/hooks.c,3976}"
CE0x4ce4d80 "{CE0x4ce4d80|sock_has_perm:tmp16|security/selinux/hooks.c,3976|*SummSink*}"
CONST[source:0(mediator),value:2(dynamic)][purpose:{object}][SnkIdx:1]


CONST[source:1(input),value:2(dynamic)][purpose:{object}][SrcIdx:2]  ->  CONST[source:0(mediator),value:2(dynamic)][purpose:{object}][SnkIdx:2]
-----------
CONST[source:1(input),value:2(dynamic)][purpose:{object}][SrcIdx:2]
CE0x4c86910 "{CE0x4c86910|32:_%struct.sock*,_:_CRE_32,40_|*MultipleSource*|Function::selinux_socket_sendmsg&Arg::sock::|security/selinux/hooks.c,4215}"
CE0x4c52da0 "{CE0x4c52da0|selinux_socket_sendmsg:tmp4|*LoadInst*|security/selinux/hooks.c,4215}"
CE0x4c79f10 "{CE0x4c79f10|sock_has_perm:sk|Function::sock_has_perm&Arg::sk::}"
CE0x4c61b60 "{CE0x4c61b60|sock_has_perm:sk_security|security/selinux/hooks.c,3964}"
CE0x4cd3750 "{CE0x4cd3750|sock_has_perm:tmp2|*LoadInst*|security/selinux/hooks.c,3964}"
CE0x4ca2970 "{CE0x4ca2970|sock_has_perm:tmp3|security/selinux/hooks.c,3964}"
CE0x4ce5060 "{CE0x4ce5060|sock_has_perm:sclass|security/selinux/hooks.c,3976}"
CE0x4ce5350 "{CE0x4ce5350|sock_has_perm:tmp17|security/selinux/hooks.c,3976}"
CE0x4ce58d0 "{CE0x4ce58d0|sock_has_perm:tmp17|security/selinux/hooks.c,3976|*SummSink*}"
CONST[source:0(mediator),value:2(dynamic)][purpose:{object}][SnkIdx:2]


