[selinux_sem_alloc_security]

explicit:
CONST[source:1(input),value:2(dynamic)][purpose:{object}][SrcIdx:0]  ->  CONST[source:0(mediator),value:2(dynamic)][purpose:{subject}]
-----------
CONST[source:1(input),value:2(dynamic)][purpose:{object}][SrcIdx:0]
CE0x8ab41f0 "{CE0x8ab41f0|VOIDTB_TE:_IE:_elem_0:default:}"
CE0x8abda70 "{CE0x8abda70|tmp24}"
CE0x5bac590 "{CE0x5bac590|_ret_i32_%tmp24,_!dbg_!27742}"
CE0x8a92e70 "{CE0x8a92e70|call}"
CE0x5a1fcc0 "{CE0x5a1fcc0|call}"
CONST[source:0(mediator),value:2(dynamic)][purpose:{subject}]


CONST[source:1(input),value:2(dynamic)][purpose:{object}][SrcIdx:0]  ->  CONST[source:0(mediator),value:2(dynamic)][purpose:{object}]
-----------
CONST[source:1(input),value:2(dynamic)][purpose:{object}][SrcIdx:0]
CE0x8ab41f0 "{CE0x8ab41f0|VOIDTB_TE:_IE:_elem_0:default:}"
CE0x8aaf660 "{CE0x8aaf660|tmp11}"
CE0x8a9a6d0 "{CE0x8a9a6d0|tmp11}"
CONST[source:0(mediator),value:2(dynamic)][purpose:{object}]


CONST[source:2(external),value:2(dynamic)][purpose:{subject}][SrcIdx:1]  ->  CONST[source:0(mediator),value:2(dynamic)][purpose:{subject}]
-----------
CONST[source:2(external),value:2(dynamic)][purpose:{subject}][SrcIdx:1]
CE0x8ab41f0 "{CE0x8ab41f0|VOIDTB_TE:_IE:_elem_0:default:}"
CE0x8abda70 "{CE0x8abda70|tmp24}"
CE0x5bac590 "{CE0x5bac590|_ret_i32_%tmp24,_!dbg_!27742}"
CE0x8a92e70 "{CE0x8a92e70|call}"
CE0x5a1fcc0 "{CE0x5a1fcc0|call}"
CONST[source:0(mediator),value:2(dynamic)][purpose:{subject}]


CONST[source:2(external),value:2(dynamic)][purpose:{subject}][SrcIdx:1]  ->  CONST[source:0(mediator),value:2(dynamic)][purpose:{object}]
-----------
CONST[source:2(external),value:2(dynamic)][purpose:{subject}][SrcIdx:1]
CE0x8ab41f0 "{CE0x8ab41f0|VOIDTB_TE:_IE:_elem_0:default:}"
CE0x8aaf660 "{CE0x8aaf660|tmp11}"
CE0x8a9a6d0 "{CE0x8a9a6d0|tmp11}"
CONST[source:0(mediator),value:2(dynamic)][purpose:{object}]



implicit:
CONST[source:1(input),value:2(dynamic)][purpose:{object}][SrcIdx:0]  ->  CONST[source:0(mediator),value:2(dynamic)][purpose:{object}]
-----------
CONST[source:1(input),value:2(dynamic)][purpose:{object}][SrcIdx:0]
CE0x8ab41f0 "{CE0x8ab41f0|VOIDTB_TE:_IE:_elem_0:default:}"
CE0x8aaf660 "{CE0x8aaf660|tmp11}"
CE0x8a9a6d0 "{CE0x8a9a6d0|tmp11}"
CONST[source:0(mediator),value:2(dynamic)][purpose:{object}]


CONST[source:1(input),value:2(dynamic)][purpose:{object}][SrcIdx:0]  ->  CONST[source:0(mediator),value:2(dynamic)][purpose:{subject}]
-----------
CONST[source:1(input),value:2(dynamic)][purpose:{object}][SrcIdx:0]
CE0x8ab41f0 "{CE0x8ab41f0|VOIDTB_TE:_IE:_elem_0:default:}"
CE0x8abda70 "{CE0x8abda70|tmp24}"
CE0x5bac590 "{CE0x5bac590|_ret_i32_%tmp24,_!dbg_!27742}"
CE0x8a92e70 "{CE0x8a92e70|call}"
CE0x5a1fcc0 "{CE0x5a1fcc0|call}"
CONST[source:0(mediator),value:2(dynamic)][purpose:{subject}]


CONST[source:2(external),value:2(dynamic)][purpose:{subject}][SrcIdx:1]  ->  CONST[source:0(mediator),value:2(dynamic)][purpose:{object}]
-----------
CONST[source:2(external),value:2(dynamic)][purpose:{subject}][SrcIdx:1]
CE0x8ab41f0 "{CE0x8ab41f0|VOIDTB_TE:_IE:_elem_0:default:}"
CE0x8aaf660 "{CE0x8aaf660|tmp11}"
CE0x8a9a6d0 "{CE0x8a9a6d0|tmp11}"
CONST[source:0(mediator),value:2(dynamic)][purpose:{object}]


CONST[source:2(external),value:2(dynamic)][purpose:{subject}][SrcIdx:1]  ->  CONST[source:0(mediator),value:2(dynamic)][purpose:{subject}]
-----------
CONST[source:2(external),value:2(dynamic)][purpose:{subject}][SrcIdx:1]
CE0x8ab41f0 "{CE0x8ab41f0|VOIDTB_TE:_IE:_elem_0:default:}"
CE0x8abda70 "{CE0x8abda70|tmp24}"
CE0x5bac590 "{CE0x5bac590|_ret_i32_%tmp24,_!dbg_!27742}"
CE0x8a92e70 "{CE0x8a92e70|call}"
CE0x5a1fcc0 "{CE0x5a1fcc0|call}"
CONST[source:0(mediator),value:2(dynamic)][purpose:{subject}]


