[selinux_xfrm_policy_alloc]

explicit:
CONST[source:1(input),value:2(dynamic)][purpose:{object}][SrcIdx:13]  ->  CONST[source:0(mediator),value:2(dynamic)][purpose:{object}][SnkIdx:1]
-----------
CONST[source:1(input),value:2(dynamic)][purpose:{object}][SrcIdx:13]
CE0x4d73870 "{CE0x4d73870|selinux_xfrm_policy_alloc:gfp|Function::selinux_xfrm_policy_alloc&Arg::gfp::|*SummSource*}"
CE0x4d7fd70 "{CE0x4d7fd70|selinux_xfrm_policy_alloc:gfp|Function::selinux_xfrm_policy_alloc&Arg::gfp::}"
CE0x4d6b120 "{CE0x4d6b120|selinux_xfrm_alloc_user:gfp|Function::selinux_xfrm_alloc_user&Arg::gfp::}"
CE0x4d6a9a0 "{CE0x4d6a9a0|kmalloc222:flags|Function::kmalloc222&Arg::flags::}"
CE0x4d803a0 "{CE0x4d803a0|COLLAPSED:_CMRE:_elem_0::|security/selinux/xfrm.c,90}"
CE0x4e26790 "{CE0x4e26790|selinux_xfrm_alloc_user:tmp65|security/selinux/xfrm.c,111}"
CE0x4e26d40 "{CE0x4e26d40|selinux_xfrm_alloc_user:tmp65|security/selinux/xfrm.c,111|*SummSink*}"
CONST[source:0(mediator),value:2(dynamic)][purpose:{object}][SnkIdx:1]


CONST[source:1(input),value:2(dynamic)][purpose:{object}][SrcIdx:12]  ->  CONST[source:0(mediator),value:2(dynamic)][purpose:{object}][SnkIdx:1]
-----------
CONST[source:1(input),value:2(dynamic)][purpose:{object}][SrcIdx:12]
CE0x4d803a0 "{CE0x4d803a0|COLLAPSED:_CMRE:_elem_0::|security/selinux/xfrm.c,90}"
CE0x4e26790 "{CE0x4e26790|selinux_xfrm_alloc_user:tmp65|security/selinux/xfrm.c,111}"
CE0x4e26d40 "{CE0x4e26d40|selinux_xfrm_alloc_user:tmp65|security/selinux/xfrm.c,111|*SummSink*}"
CONST[source:0(mediator),value:2(dynamic)][purpose:{object}][SnkIdx:1]



implicit:
CONST[source:1(input),value:2(dynamic)][purpose:{object}][SrcIdx:13]  ->  CONST[source:0(mediator),value:2(dynamic)][purpose:{object}][SnkIdx:1]
-----------
CONST[source:1(input),value:2(dynamic)][purpose:{object}][SrcIdx:13]
CE0x4d73870 "{CE0x4d73870|selinux_xfrm_policy_alloc:gfp|Function::selinux_xfrm_policy_alloc&Arg::gfp::|*SummSource*}"
CE0x4d7fd70 "{CE0x4d7fd70|selinux_xfrm_policy_alloc:gfp|Function::selinux_xfrm_policy_alloc&Arg::gfp::}"
CE0x4d6b120 "{CE0x4d6b120|selinux_xfrm_alloc_user:gfp|Function::selinux_xfrm_alloc_user&Arg::gfp::}"
CE0x4d6a9a0 "{CE0x4d6a9a0|kmalloc222:flags|Function::kmalloc222&Arg::flags::}"
CE0x4d803a0 "{CE0x4d803a0|COLLAPSED:_CMRE:_elem_0::|security/selinux/xfrm.c,90}"
CE0x4e26790 "{CE0x4e26790|selinux_xfrm_alloc_user:tmp65|security/selinux/xfrm.c,111}"
CE0x4e26d40 "{CE0x4e26d40|selinux_xfrm_alloc_user:tmp65|security/selinux/xfrm.c,111|*SummSink*}"
CONST[source:0(mediator),value:2(dynamic)][purpose:{object}][SnkIdx:1]


CONST[source:1(input),value:2(dynamic)][purpose:{object}][SrcIdx:12]  ->  CONST[source:0(mediator),value:2(dynamic)][purpose:{object}][SnkIdx:1]
-----------
CONST[source:1(input),value:2(dynamic)][purpose:{object}][SrcIdx:12]
CE0x4d803a0 "{CE0x4d803a0|COLLAPSED:_CMRE:_elem_0::|security/selinux/xfrm.c,90}"
CE0x4e26790 "{CE0x4e26790|selinux_xfrm_alloc_user:tmp65|security/selinux/xfrm.c,111}"
CE0x4e26d40 "{CE0x4e26d40|selinux_xfrm_alloc_user:tmp65|security/selinux/xfrm.c,111|*SummSink*}"
CONST[source:0(mediator),value:2(dynamic)][purpose:{object}][SnkIdx:1]


