[selinux_capget]

explicit:
CONST[source:1(input),value:2(dynamic)][purpose:{object}][SrcIdx:1]  ->  CONST[source:0(mediator),value:2(dynamic)][purpose:{object}][SnkIdx:1]
-----------
CONST[source:1(input),value:2(dynamic)][purpose:{object}][SrcIdx:1]
CE0x51383e0 "{CE0x51383e0|2472:_%struct.cred*,_:_CRE:_elem_0:default:}"
CE0x518a730 "{CE0x518a730|task_sid:tmp4|*LoadInst*|security/selinux/hooks.c,208}"
CE0x51838f0 "{CE0x51838f0|cred_sid:cred|Function::cred_sid&Arg::cred::}"
CE0x5141c80 "{CE0x5141c80|cred_sid:security|security/selinux/hooks.c,196}"
CE0x51926c0 "{CE0x51926c0|cred_sid:tmp4|*LoadInst*|security/selinux/hooks.c,196}"
CE0x518a2e0 "{CE0x518a2e0|cred_sid:tmp5|security/selinux/hooks.c,196}"
CE0x51c06e0 "{CE0x51c06e0|cred_sid:sid|security/selinux/hooks.c,197}"
CE0x51c1520 "{CE0x51c1520|cred_sid:tmp6|security/selinux/hooks.c,197}"
CE0x5183c50 "{CE0x5183c50|_ret_i32_%tmp6,_!dbg_!27716|security/selinux/hooks.c,197}"
CE0x514a7b0 "{CE0x514a7b0|task_sid:call7|security/selinux/hooks.c,208}"
CE0x514e3d0 "{CE0x514e3d0|_ret_i32_%call7,_!dbg_!27749|security/selinux/hooks.c,210}"
CE0x5123510 "{CE0x5123510|current_has_perm:call1|security/selinux/hooks.c,1543}"
CE0x511c190 "{CE0x511c190|current_has_perm:call1|security/selinux/hooks.c,1543|*SummSink*}"
CONST[source:0(mediator),value:2(dynamic)][purpose:{object}][SnkIdx:1]


CONST[source:2(external),value:2(dynamic)][purpose:{subject}][SrcIdx:3]  ->  CONST[source:0(mediator),value:2(dynamic)][purpose:{subject}][SnkIdx:0]
-----------
CONST[source:2(external),value:2(dynamic)][purpose:{subject}][SrcIdx:3]
CE0x515eab0 "{CE0x515eab0|COLLAPSED:_CMRE:_elem_0::|security/selinux/hooks.c,218}"
CE0x515f150 "{CE0x515f150|current_sid:tmp22|security/selinux/hooks.c,218}"
CE0x515f440 "{CE0x515f440|current_sid:tmp23|security/selinux/hooks.c,218}"
CE0x5160260 "{CE0x5160260|current_sid:sid|security/selinux/hooks.c,220}"
CE0x51616d0 "{CE0x51616d0|current_sid:tmp24|security/selinux/hooks.c,220}"
CE0x511bdd0 "{CE0x511bdd0|_ret_i32_%tmp24,_!dbg_!27742|security/selinux/hooks.c,220}"
CE0x5120b10 "{CE0x5120b10|current_has_perm:call|security/selinux/hooks.c,1542}"
CE0x513adc0 "{CE0x513adc0|current_has_perm:call|security/selinux/hooks.c,1542|*SummSink*}"
CONST[source:0(mediator),value:2(dynamic)][purpose:{subject}][SnkIdx:0]



implicit:
CONST[source:2(external),value:2(dynamic)][purpose:{subject}][SrcIdx:3]  ->  CONST[source:0(mediator),value:2(dynamic)][purpose:{subject}][SnkIdx:0]
-----------
CONST[source:2(external),value:2(dynamic)][purpose:{subject}][SrcIdx:3]
CE0x515db50 "{CE0x515db50|COLLAPSED:_GCMRE_current_task_external_global_%struct.task_struct*:_elem_0::|security/selinux/hooks.c,218}"
CE0x515f150 "{CE0x515f150|current_sid:tmp22|security/selinux/hooks.c,218}"
CE0x515f440 "{CE0x515f440|current_sid:tmp23|security/selinux/hooks.c,218}"
CE0x5160260 "{CE0x5160260|current_sid:sid|security/selinux/hooks.c,220}"
CE0x51616d0 "{CE0x51616d0|current_sid:tmp24|security/selinux/hooks.c,220}"
CE0x511bdd0 "{CE0x511bdd0|_ret_i32_%tmp24,_!dbg_!27742|security/selinux/hooks.c,220}"
CE0x5120b10 "{CE0x5120b10|current_has_perm:call|security/selinux/hooks.c,1542}"
CE0x513adc0 "{CE0x513adc0|current_has_perm:call|security/selinux/hooks.c,1542|*SummSink*}"
CONST[source:0(mediator),value:2(dynamic)][purpose:{subject}][SnkIdx:0]


CONST[source:1(input),value:2(dynamic)][purpose:{object}][SrcIdx:1]  ->  CONST[source:0(mediator),value:2(dynamic)][purpose:{object}][SnkIdx:1]
-----------
CONST[source:1(input),value:2(dynamic)][purpose:{object}][SrcIdx:1]
CE0x51383e0 "{CE0x51383e0|2472:_%struct.cred*,_:_CRE:_elem_0:default:}"
CE0x518a730 "{CE0x518a730|task_sid:tmp4|*LoadInst*|security/selinux/hooks.c,208}"
CE0x51838f0 "{CE0x51838f0|cred_sid:cred|Function::cred_sid&Arg::cred::}"
CE0x5141c80 "{CE0x5141c80|cred_sid:security|security/selinux/hooks.c,196}"
CE0x51926c0 "{CE0x51926c0|cred_sid:tmp4|*LoadInst*|security/selinux/hooks.c,196}"
CE0x518a2e0 "{CE0x518a2e0|cred_sid:tmp5|security/selinux/hooks.c,196}"
CE0x51c06e0 "{CE0x51c06e0|cred_sid:sid|security/selinux/hooks.c,197}"
CE0x51c1520 "{CE0x51c1520|cred_sid:tmp6|security/selinux/hooks.c,197}"
CE0x5183c50 "{CE0x5183c50|_ret_i32_%tmp6,_!dbg_!27716|security/selinux/hooks.c,197}"
CE0x514a7b0 "{CE0x514a7b0|task_sid:call7|security/selinux/hooks.c,208}"
CE0x514e3d0 "{CE0x514e3d0|_ret_i32_%call7,_!dbg_!27749|security/selinux/hooks.c,210}"
CE0x5123510 "{CE0x5123510|current_has_perm:call1|security/selinux/hooks.c,1543}"
CE0x511c190 "{CE0x511c190|current_has_perm:call1|security/selinux/hooks.c,1543|*SummSink*}"
CONST[source:0(mediator),value:2(dynamic)][purpose:{object}][SnkIdx:1]


