[apparmor_mmap_file]

explicit:
CONST[source:2(external),value:2(dynamic)][purpose:{subject}]  ->  CONST[source:1(input),value:2(dynamic)][purpose:{subject}]
-----------
CONST[source:2(external),value:2(dynamic)][purpose:{subject}]
CE0x5026720 "{CE0x5026720|44:_i32,_48:_i16,_128:_i8*,_:_SCMRE_128,136_|*MultipleSource*|*LoadInst*|security/apparmor/lsm.c,429|Function::aa_cred_profile&Arg::cred::|security/apparmor/include/context.h,99}"
CE0x51617b0 "{CE0x51617b0|aa_cred_profile:_tmp4|*LoadInst*|security/apparmor/include/context.h,99}"
CE0x51616e0 "{CE0x51616e0|aa_cred_profile:_tmp5|security/apparmor/include/context.h,99}"
CE0x51676b0 "{CE0x51676b0|aa_cred_profile:_profile11|security/apparmor/include/context.h,101}"
CE0x5167790 "{CE0x5167790|aa_cred_profile:_tmp34|security/apparmor/include/context.h,101}"
CE0x511ee50 "{CE0x511ee50|_ret_%struct.aa_profile*_%tmp34,_!dbg_!15510|security/apparmor/include/context.h,101}"
CE0x5003060 "{CE0x5003060|__aa_current_profile:_call4|security/apparmor/include/context.h,138}"
CE0x4ffe120 "{CE0x4ffe120|_ret_%struct.aa_profile*_%call4,_!dbg_!15494|security/apparmor/include/context.h,138}"
CE0x500a450 "{CE0x500a450|common_file_perm:_call15|security/apparmor/lsm.c,438}"
CE0x506ddc0 "{CE0x506ddc0|aa_file_perm:_profile|Function::aa_file_perm&Arg::profile::}"
CE0x506e0f0 "{CE0x506e0f0|aa_file_perm:_profile|Function::aa_file_perm&Arg::profile::|*SummSink*}"
CONST[source:1(input),value:2(dynamic)][purpose:{subject}]


CONST[source:2(external),value:0(static)][purpose:{operation}]  ->  CONST[source:0(mediator),value:0(static)][purpose:{operation}]
-----------
CONST[source:2(external),value:0(static)][purpose:{operation}]
CE0x4fa6ec0 "{CE0x4fa6ec0|i32_2|*Constant*}"
CE0x4fbaf60 "{CE0x4fbaf60|common_mmap:_or10|security/apparmor/lsm.c,484}"
CE0x4fa73f0 "{CE0x4fa73f0|common_mmap:_mask.1}"
CE0x4fd47a0 "{CE0x4fd47a0|common_mmap:_mask.2}"
CE0x500e8c0 "{CE0x500e8c0|common_file_perm:_mask|Function::common_file_perm&Arg::mask::}"
CE0x506e7a0 "{CE0x506e7a0|aa_file_perm:_request|Function::aa_file_perm&Arg::request::}"
CE0x506ea70 "{CE0x506ea70|aa_file_perm:_request|Function::aa_file_perm&Arg::request::|*SummSink*}"
CONST[source:0(mediator),value:0(static)][purpose:{operation}]


CONST[source:1(input),value:2(dynamic)][purpose:{object}]  ->  CONST[source:0(mediator),value:2(dynamic)][purpose:{object}]
-----------
CONST[source:1(input),value:2(dynamic)][purpose:{object}]
CE0x4faeba0 "{CE0x4faeba0|16:_%struct.vfsmount*,_24:_%struct.dentry*,_32:_%struct.inode*,_408:_%struct.cred*,_456:_i8*,_:_CRE_169,170_}"
CONST[source:0(mediator),value:2(dynamic)][purpose:{object}]



implicit:
CONST[source:1(input),value:2(dynamic)][purpose:{object}]  ->  CONST[source:0(mediator),value:2(dynamic)][purpose:{object}]
-----------
CONST[source:1(input),value:2(dynamic)][purpose:{object}]
CE0x4fc5830 "{CE0x4fc5830|16:_%struct.vfsmount*,_24:_%struct.dentry*,_32:_%struct.inode*,_408:_%struct.cred*,_456:_i8*,_:_CRE_100,101_}"
CONST[source:0(mediator),value:2(dynamic)][purpose:{object}]


CONST[source:2(external),value:2(dynamic)][purpose:{subject}]  ->  CONST[source:1(input),value:2(dynamic)][purpose:{subject}]
-----------
CONST[source:2(external),value:2(dynamic)][purpose:{subject}]
CE0x5026720 "{CE0x5026720|44:_i32,_48:_i16,_128:_i8*,_:_SCMRE_128,136_|*MultipleSource*|*LoadInst*|security/apparmor/lsm.c,429|Function::aa_cred_profile&Arg::cred::|security/apparmor/include/context.h,99}"
CE0x51617b0 "{CE0x51617b0|aa_cred_profile:_tmp4|*LoadInst*|security/apparmor/include/context.h,99}"
CE0x51616e0 "{CE0x51616e0|aa_cred_profile:_tmp5|security/apparmor/include/context.h,99}"
CE0x51676b0 "{CE0x51676b0|aa_cred_profile:_profile11|security/apparmor/include/context.h,101}"
CE0x5167790 "{CE0x5167790|aa_cred_profile:_tmp34|security/apparmor/include/context.h,101}"
CE0x511ee50 "{CE0x511ee50|_ret_%struct.aa_profile*_%tmp34,_!dbg_!15510|security/apparmor/include/context.h,101}"
CE0x5003060 "{CE0x5003060|__aa_current_profile:_call4|security/apparmor/include/context.h,138}"
CE0x4ffe120 "{CE0x4ffe120|_ret_%struct.aa_profile*_%call4,_!dbg_!15494|security/apparmor/include/context.h,138}"
CE0x500a450 "{CE0x500a450|common_file_perm:_call15|security/apparmor/lsm.c,438}"
CE0x506ddc0 "{CE0x506ddc0|aa_file_perm:_profile|Function::aa_file_perm&Arg::profile::}"
CE0x506e0f0 "{CE0x506e0f0|aa_file_perm:_profile|Function::aa_file_perm&Arg::profile::|*SummSink*}"
CONST[source:1(input),value:2(dynamic)][purpose:{subject}]


CONST[source:2(external),value:0(static)][purpose:{operation}]  ->  CONST[source:0(mediator),value:0(static)][purpose:{operation}]
-----------
CONST[source:2(external),value:0(static)][purpose:{operation}]
CE0x4fa6ec0 "{CE0x4fa6ec0|i32_2|*Constant*}"
CE0x4fbaf60 "{CE0x4fbaf60|common_mmap:_or10|security/apparmor/lsm.c,484}"
CE0x4fa73f0 "{CE0x4fa73f0|common_mmap:_mask.1}"
CE0x4fd47a0 "{CE0x4fd47a0|common_mmap:_mask.2}"
CE0x500e8c0 "{CE0x500e8c0|common_file_perm:_mask|Function::common_file_perm&Arg::mask::}"
CE0x506e7a0 "{CE0x506e7a0|aa_file_perm:_request|Function::aa_file_perm&Arg::request::}"
CE0x506ea70 "{CE0x506ea70|aa_file_perm:_request|Function::aa_file_perm&Arg::request::|*SummSink*}"
CONST[source:0(mediator),value:0(static)][purpose:{operation}]


