[tomoyo_path_mknod.z]

explicit:
CONST[source:1(input),value:2(dynamic)][purpose:{operation}][SrcIdx:22]  ->  CONST[source:0(mediator),value:0(static)][purpose:{operation}][SnkIdx:2]
-----------
CONST[source:1(input),value:2(dynamic)][purpose:{operation}][SrcIdx:22]
CE0x5737ab0 "{CE0x5737ab0|tomoyo_path_number_perm:number|Function::tomoyo_path_number_perm&Arg::number::|*SummSource*}"
CE0x5737760 "{CE0x5737760|tomoyo_path_number_perm:number|Function::tomoyo_path_number_perm&Arg::number::}"
CE0x7092770 "{CE0x7092770|0:_%struct.tomoyo_obj_info*,_16:_%struct.tomoyo_domain_info*,_24:_%struct.tomoyo_path_info*,_32:_i64,_40:_i8,_72:_i8,_75:_i8,_76:_i8,_77:_i8,_:_SCMRE_37,38_}"
CONST[source:0(mediator),value:0(static)][purpose:{operation}][SnkIdx:2]


CONST[source:2(external),value:2(dynamic)][purpose:{subject}][SrcIdx:23]  ->  CONST[source:0(mediator),value:2(dynamic)][purpose:{subject}][SnkIdx:0]
-----------
CONST[source:2(external),value:2(dynamic)][purpose:{subject}][SrcIdx:23]
CE0x5c5a110 "{CE0x5c5a110|128:_i8*,_1208:_%struct.file*,_:_CMRE_128,136_|*MultipleSource*|security/tomoyo/common.h,1205|security/tomoyo/common.h,1205}"
CE0x5c77380 "{CE0x5c77380|tomoyo_domain:tmp22|security/tomoyo/common.h,1205}"
CE0x7300170 "{CE0x7300170|tomoyo_domain:tmp23|security/tomoyo/common.h,1205}"
CE0x5966e00 "{CE0x5966e00|_ret_%struct.tomoyo_domain_info*_%tmp23,_!dbg_!38929|security/tomoyo/common.h,1205}"
CE0x4914f40 "{CE0x4914f40|tomoyo_init_request_info:call|security/tomoyo/util.c,1005}"
CE0x5870f00 "{CE0x5870f00|tomoyo_init_request_info:domain.addr.0}"
CE0x7063280 "{CE0x7063280|0:_%struct.tomoyo_obj_info*,_16:_%struct.tomoyo_domain_info*,_24:_%struct.tomoyo_path_info*,_32:_i64,_40:_i8,_72:_i8,_75:_i8,_76:_i8,_77:_i8,_:_SCMRE_16,24_|*MultipleSource*|security/tomoyo/file.c,693|security/tomoyo/file.c, 693|security/tomoyo/file.c,707|Function::tomoyo_init_request_info&Arg::r::}"
CONST[source:0(mediator),value:2(dynamic)][purpose:{subject}][SnkIdx:0]


CONST[source:0(mediator),value:1(k-static)][purpose:{operation}][SrcIdx:21]  ->  CONST[source:0(mediator),value:0(static)][purpose:{operation}][SnkIdx:3]
-----------
CONST[source:0(mediator),value:1(k-static)][purpose:{operation}][SrcIdx:21]
CE0x56f2530 "{CE0x56f2530|tomoyo_path_number_perm:type|Function::tomoyo_path_number_perm&Arg::type::|*SummSource*}"
CE0x56f22d0 "{CE0x56f22d0|tomoyo_path_number_perm:type|Function::tomoyo_path_number_perm&Arg::type::}"
CE0x70bab20 "{CE0x70bab20|0:_%struct.tomoyo_obj_info*,_16:_%struct.tomoyo_domain_info*,_24:_%struct.tomoyo_path_info*,_32:_i64,_40:_i8,_72:_i8,_75:_i8,_76:_i8,_77:_i8,_:_SCMRE_40,41_}"
CONST[source:0(mediator),value:0(static)][purpose:{operation}][SnkIdx:3]



implicit:
CONST[source:1(input),value:2(dynamic)][purpose:{operation}][SrcIdx:22]  ->  CONST[source:0(mediator),value:0(static)][purpose:{operation}][SnkIdx:2]
-----------
CONST[source:1(input),value:2(dynamic)][purpose:{operation}][SrcIdx:22]
CE0x5737ab0 "{CE0x5737ab0|tomoyo_path_number_perm:number|Function::tomoyo_path_number_perm&Arg::number::|*SummSource*}"
CE0x5737760 "{CE0x5737760|tomoyo_path_number_perm:number|Function::tomoyo_path_number_perm&Arg::number::}"
CE0x7092770 "{CE0x7092770|0:_%struct.tomoyo_obj_info*,_16:_%struct.tomoyo_domain_info*,_24:_%struct.tomoyo_path_info*,_32:_i64,_40:_i8,_72:_i8,_75:_i8,_76:_i8,_77:_i8,_:_SCMRE_37,38_}"
CONST[source:0(mediator),value:0(static)][purpose:{operation}][SnkIdx:2]


CONST[source:2(external),value:2(dynamic)][purpose:{subject}][SrcIdx:23]  ->  CONST[source:0(mediator),value:2(dynamic)][purpose:{subject}][SnkIdx:0]
-----------
CONST[source:2(external),value:2(dynamic)][purpose:{subject}][SrcIdx:23]
CE0x4841a40 "{CE0x4841a40|COLLAPSED:_GCRE_current_task_external_global_%struct.task_struct*:_elem_0::|security/tomoyo/common.h,1205}"
CE0x5c77380 "{CE0x5c77380|tomoyo_domain:tmp22|security/tomoyo/common.h,1205}"
CE0x7300170 "{CE0x7300170|tomoyo_domain:tmp23|security/tomoyo/common.h,1205}"
CE0x5966e00 "{CE0x5966e00|_ret_%struct.tomoyo_domain_info*_%tmp23,_!dbg_!38929|security/tomoyo/common.h,1205}"
CE0x4914f40 "{CE0x4914f40|tomoyo_init_request_info:call|security/tomoyo/util.c,1005}"
CE0x5870f00 "{CE0x5870f00|tomoyo_init_request_info:domain.addr.0}"
CE0x7063280 "{CE0x7063280|0:_%struct.tomoyo_obj_info*,_16:_%struct.tomoyo_domain_info*,_24:_%struct.tomoyo_path_info*,_32:_i64,_40:_i8,_72:_i8,_75:_i8,_76:_i8,_77:_i8,_:_SCMRE_16,24_|*MultipleSource*|security/tomoyo/file.c,693|security/tomoyo/file.c, 693|security/tomoyo/file.c,707|Function::tomoyo_init_request_info&Arg::r::}"
CONST[source:0(mediator),value:2(dynamic)][purpose:{subject}][SnkIdx:0]


CONST[source:0(mediator),value:1(k-static)][purpose:{operation}][SrcIdx:21]  ->  CONST[source:0(mediator),value:0(static)][purpose:{operation}][SnkIdx:3]
-----------
CONST[source:0(mediator),value:1(k-static)][purpose:{operation}][SrcIdx:21]
CE0x56f2530 "{CE0x56f2530|tomoyo_path_number_perm:type|Function::tomoyo_path_number_perm&Arg::type::|*SummSource*}"
CE0x56f22d0 "{CE0x56f22d0|tomoyo_path_number_perm:type|Function::tomoyo_path_number_perm&Arg::type::}"
CE0x70bab20 "{CE0x70bab20|0:_%struct.tomoyo_obj_info*,_16:_%struct.tomoyo_domain_info*,_24:_%struct.tomoyo_path_info*,_32:_i64,_40:_i8,_72:_i8,_75:_i8,_76:_i8,_77:_i8,_:_SCMRE_40,41_}"
CONST[source:0(mediator),value:0(static)][purpose:{operation}][SnkIdx:3]


