[tomoyo_path_rename]

explicit:
CONST[source:2(external),value:2(dynamic)][purpose:{subject}]  ->  CONST[source:1(input),value:2(dynamic)][purpose:{subject}]
-----------
CONST[source:2(external),value:2(dynamic)][purpose:{subject}]
CE0x49b1020 "{CE0x49b1020|COLLAPSED:_GCRE_current_task_external_global_%struct.task_struct*:_elem_0::|security/tomoyo/common.h,1205}"
CE0x49be380 "{CE0x49be380|tomoyo_domain:_tmp22|security/tomoyo/common.h,1205}"
CE0x5807a00 "{CE0x5807a00|tomoyo_domain:_tmp23|security/tomoyo/common.h,1205}"
CE0x56fd9e0 "{CE0x56fd9e0|_ret_%struct.tomoyo_domain_info*_%tmp23,_!dbg_!38929|security/tomoyo/common.h,1205}"
CE0x5803cb0 "{CE0x5803cb0|tomoyo_init_request_info:_call|security/tomoyo/util.c,1005}"
CE0x5804410 "{CE0x5804410|tomoyo_init_request_info:_domain.addr.0}"
CE0x7017110 "{CE0x7017110|0:_%struct.tomoyo_obj_info*,_24:_%struct.tomoyo_path_info*,_32:_%struct.tomoyo_path_info*,_40:_i8,_72:_i8,_76:_i8,_:_SCMRE_16,24_|*MultipleSource*|security/tomoyo/file.c, 891|security/tomoyo/file.c,891|security/tomoyo/file.c,920|Function::tomoyo_init_request_info&Arg::r::}"
CONST[source:1(input),value:2(dynamic)][purpose:{subject}]



implicit:
CONST[source:2(external),value:2(dynamic)][purpose:{subject}]  ->  CONST[source:1(input),value:2(dynamic)][purpose:{subject}]
-----------
CONST[source:2(external),value:2(dynamic)][purpose:{subject}]
CE0x49b1020 "{CE0x49b1020|COLLAPSED:_GCRE_current_task_external_global_%struct.task_struct*:_elem_0::|security/tomoyo/common.h,1205}"
CE0x49be380 "{CE0x49be380|tomoyo_domain:_tmp22|security/tomoyo/common.h,1205}"
CE0x5807a00 "{CE0x5807a00|tomoyo_domain:_tmp23|security/tomoyo/common.h,1205}"
CE0x56fd9e0 "{CE0x56fd9e0|_ret_%struct.tomoyo_domain_info*_%tmp23,_!dbg_!38929|security/tomoyo/common.h,1205}"
CE0x5803cb0 "{CE0x5803cb0|tomoyo_init_request_info:_call|security/tomoyo/util.c,1005}"
CE0x5804410 "{CE0x5804410|tomoyo_init_request_info:_domain.addr.0}"
CE0x7017110 "{CE0x7017110|0:_%struct.tomoyo_obj_info*,_24:_%struct.tomoyo_path_info*,_32:_%struct.tomoyo_path_info*,_40:_i8,_72:_i8,_76:_i8,_:_SCMRE_16,24_|*MultipleSource*|security/tomoyo/file.c, 891|security/tomoyo/file.c,891|security/tomoyo/file.c,920|Function::tomoyo_init_request_info&Arg::r::}"
CONST[source:1(input),value:2(dynamic)][purpose:{subject}]


