[tomoyo_bprm_check_security]

explicit:
CONST[source:1(input),value:2(dynamic)][purpose:{subject}][SrcIdx:19]  ->  CONST[source:0(mediator),value:2(dynamic)][purpose:{subject}][SnkIdx:0]
-----------
CONST[source:1(input),value:2(dynamic)][purpose:{subject}][SrcIdx:19]
CE0x7efce70 "{CE0x7efce70|tomoyo_bprm_check_security:tmp4|security/tomoyo/tomoyo.c,120|*SummSource*}"
CE0x7eef160 "{CE0x7eef160|tomoyo_bprm_check_security:tmp4|security/tomoyo/tomoyo.c,120}"
CE0x7dfc6d0 "{CE0x7dfc6d0|tomoyo_check_open_permission:domain|Function::tomoyo_check_open_permission&Arg::domain::}"
CE0x73fe4f0 "{CE0x73fe4f0|tomoyo_init_request_info:domain|Function::tomoyo_init_request_info&Arg::domain::}"
CE0x69411b0 "{CE0x69411b0|tomoyo_init_request_info:domain.addr.0}"
CE0x671f130 "{CE0x671f130|0:_%struct.tomoyo_obj_info*,_16:_%struct.tomoyo_domain_info*,_24:_%struct.tomoyo_path_info*,_40:_i8,_72:_i8,_75:_i8,_76:_i8,_77:_i8,_:_SCMRE_16,24_|*MultipleSource*|security/tomoyo/file.c,741|security/tomoyo/file.c, 741|security/tomoyo/file.c,748}"
CONST[source:0(mediator),value:2(dynamic)][purpose:{subject}][SnkIdx:0]


CONST[source:2(external),value:2(dynamic)][purpose:{subject}][SrcIdx:18]  ->  CONST[source:0(mediator),value:2(dynamic)][purpose:{subject}][SnkIdx:0]
-----------
CONST[source:2(external),value:2(dynamic)][purpose:{subject}][SrcIdx:18]
CE0x4ab1210 "{CE0x4ab1210|128:_i8*,_1208:_%struct.file*,_:_CMRE_128,136_|*MultipleSource*|security/tomoyo/common.h,1205|security/tomoyo/common.h,1205}"
CE0x4ab1d50 "{CE0x4ab1d50|tomoyo_domain:tmp22|security/tomoyo/common.h,1205}"
CE0x55c9130 "{CE0x55c9130|tomoyo_domain:tmp23|security/tomoyo/common.h,1205}"
CE0x64661c0 "{CE0x64661c0|_ret_%struct.tomoyo_domain_info*_%tmp23,_!dbg_!38929|security/tomoyo/common.h,1205}"
CE0x4abbea0 "{CE0x4abbea0|tomoyo_init_request_info:call|security/tomoyo/util.c,1005}"
CE0x69411b0 "{CE0x69411b0|tomoyo_init_request_info:domain.addr.0}"
CE0x671f130 "{CE0x671f130|0:_%struct.tomoyo_obj_info*,_16:_%struct.tomoyo_domain_info*,_24:_%struct.tomoyo_path_info*,_40:_i8,_72:_i8,_75:_i8,_76:_i8,_77:_i8,_:_SCMRE_16,24_|*MultipleSource*|security/tomoyo/file.c,741|security/tomoyo/file.c, 741|security/tomoyo/file.c,748}"
CONST[source:0(mediator),value:2(dynamic)][purpose:{subject}][SnkIdx:0]



implicit:
CONST[source:1(input),value:2(dynamic)][purpose:{subject}][SrcIdx:19]  ->  CONST[source:0(mediator),value:0(static)][purpose:{operation}][SnkIdx:2]
-----------
CONST[source:1(input),value:2(dynamic)][purpose:{subject}][SrcIdx:19]
CE0x7efce70 "{CE0x7efce70|tomoyo_bprm_check_security:tmp4|security/tomoyo/tomoyo.c,120|*SummSource*}"
CE0x7eef160 "{CE0x7eef160|tomoyo_bprm_check_security:tmp4|security/tomoyo/tomoyo.c,120}"
CE0x8029050 "{CE0x8029050|tomoyo_bprm_check_security:tobool|security/tomoyo/tomoyo.c,126}"
CE0x7e1cbc0 "{CE0x7e1cbc0|tomoyo_bprm_check_security:if.end}"
CE0x7dfc450 "{CE0x7dfc450|tomoyo_check_open_permission:entry}"
CE0x63224d0 "{CE0x63224d0|tomoyo_check_open_permission:if.then17}"
CE0x5743980 "{CE0x5743980|tomoyo_check_open_permission:conv20|security/tomoyo/file.c,762}"
CE0x4a67a00 "{CE0x4a67a00|tomoyo_path_permission:operation|Function::tomoyo_path_permission&Arg::operation::}"
CE0x7e31ac0 "{CE0x7e31ac0|0:_%struct.tomoyo_obj_info*,_16:_%struct.tomoyo_domain_info*,_24:_%struct.tomoyo_path_info*,_40:_i8,_72:_i8,_75:_i8,_76:_i8,_77:_i8,_:_SCMRE_40,41_}"
CONST[source:0(mediator),value:0(static)][purpose:{operation}][SnkIdx:2]


CONST[source:1(input),value:2(dynamic)][purpose:{subject}][SrcIdx:19]  ->  CONST[source:0(mediator),value:2(dynamic)][purpose:{subject}][SnkIdx:0]
-----------
CONST[source:1(input),value:2(dynamic)][purpose:{subject}][SrcIdx:19]
CE0x7efce70 "{CE0x7efce70|tomoyo_bprm_check_security:tmp4|security/tomoyo/tomoyo.c,120|*SummSource*}"
CE0x7eef160 "{CE0x7eef160|tomoyo_bprm_check_security:tmp4|security/tomoyo/tomoyo.c,120}"
CE0x7dfc6d0 "{CE0x7dfc6d0|tomoyo_check_open_permission:domain|Function::tomoyo_check_open_permission&Arg::domain::}"
CE0x73fe4f0 "{CE0x73fe4f0|tomoyo_init_request_info:domain|Function::tomoyo_init_request_info&Arg::domain::}"
CE0x69411b0 "{CE0x69411b0|tomoyo_init_request_info:domain.addr.0}"
CE0x671f130 "{CE0x671f130|0:_%struct.tomoyo_obj_info*,_16:_%struct.tomoyo_domain_info*,_24:_%struct.tomoyo_path_info*,_40:_i8,_72:_i8,_75:_i8,_76:_i8,_77:_i8,_:_SCMRE_16,24_|*MultipleSource*|security/tomoyo/file.c,741|security/tomoyo/file.c, 741|security/tomoyo/file.c,748}"
CONST[source:0(mediator),value:2(dynamic)][purpose:{subject}][SnkIdx:0]


CONST[source:1(input),value:2(dynamic)][purpose:{subject}][SrcIdx:19]  ->  CONST[source:0(mediator),value:2(dynamic)][purpose:{object}][SnkIdx:1]
-----------
CONST[source:1(input),value:2(dynamic)][purpose:{subject}][SrcIdx:19]
CE0x7efce70 "{CE0x7efce70|tomoyo_bprm_check_security:tmp4|security/tomoyo/tomoyo.c,120|*SummSource*}"
CE0x7eef160 "{CE0x7eef160|tomoyo_bprm_check_security:tmp4|security/tomoyo/tomoyo.c,120}"
CE0x8029050 "{CE0x8029050|tomoyo_bprm_check_security:tobool|security/tomoyo/tomoyo.c,126}"
CE0x7e1cbc0 "{CE0x7e1cbc0|tomoyo_bprm_check_security:if.end}"
CE0x7dfc450 "{CE0x7dfc450|tomoyo_check_open_permission:entry}"
CE0x6679b40 "{CE0x6679b40|tomoyo_check_open_permission:buf|security/tomoyo/file.c, 740}"
CE0x4aa0560 "{CE0x4aa0560|tomoyo_path_permission:filename|Function::tomoyo_path_permission&Arg::filename::}"
CE0x575abb0 "{CE0x575abb0|0:_%struct.tomoyo_obj_info*,_16:_%struct.tomoyo_domain_info*,_24:_%struct.tomoyo_path_info*,_40:_i8,_72:_i8,_75:_i8,_76:_i8,_77:_i8,_:_SCMRE_27,28_}"
CONST[source:0(mediator),value:2(dynamic)][purpose:{object}][SnkIdx:1]


CONST[source:2(external),value:2(dynamic)][purpose:{subject}][SrcIdx:18]  ->  CONST[source:0(mediator),value:2(dynamic)][purpose:{subject}][SnkIdx:0]
-----------
CONST[source:2(external),value:2(dynamic)][purpose:{subject}][SrcIdx:18]
CE0x4ab1210 "{CE0x4ab1210|128:_i8*,_1208:_%struct.file*,_:_CMRE_128,136_|*MultipleSource*|security/tomoyo/common.h,1205|security/tomoyo/common.h,1205}"
CE0x4ab1d50 "{CE0x4ab1d50|tomoyo_domain:tmp22|security/tomoyo/common.h,1205}"
CE0x55c9130 "{CE0x55c9130|tomoyo_domain:tmp23|security/tomoyo/common.h,1205}"
CE0x64661c0 "{CE0x64661c0|_ret_%struct.tomoyo_domain_info*_%tmp23,_!dbg_!38929|security/tomoyo/common.h,1205}"
CE0x4abbea0 "{CE0x4abbea0|tomoyo_init_request_info:call|security/tomoyo/util.c,1005}"
CE0x69411b0 "{CE0x69411b0|tomoyo_init_request_info:domain.addr.0}"
CE0x671f130 "{CE0x671f130|0:_%struct.tomoyo_obj_info*,_16:_%struct.tomoyo_domain_info*,_24:_%struct.tomoyo_path_info*,_40:_i8,_72:_i8,_75:_i8,_76:_i8,_77:_i8,_:_SCMRE_16,24_|*MultipleSource*|security/tomoyo/file.c,741|security/tomoyo/file.c, 741|security/tomoyo/file.c,748}"
CONST[source:0(mediator),value:2(dynamic)][purpose:{subject}][SnkIdx:0]


