[selinux_socket_sock_rcv_skb]

explicit:
CONST[source:1(input),value:2(dynamic)][purpose:{subject}][SrcIdx:8]  ->  CONST[source:0(mediator),value:2(dynamic)][purpose:{subject}]
-----------
CONST[source:1(input),value:2(dynamic)][purpose:{subject}][SrcIdx:8]
CE0x44ac700 "{CE0x44ac700|16:_i32,_:_CRE_16,20_|*MultipleSource*|security/selinux/hooks.c,4367|security/selinux/hooks.c,4365|*LoadInst*|security/selinux/hooks.c,4365}"
CE0x4548690 "{CE0x4548690|selinux_sock_rcv_skb_compat:tmp4|security/selinux/hooks.c,4334}"
CE0x45488c0 "{CE0x45488c0|selinux_sock_rcv_skb_compat:tmp4|security/selinux/hooks.c,4334|*SummSink*}"
CONST[source:0(mediator),value:2(dynamic)][purpose:{subject}]


CONST[source:1(input),value:2(dynamic)][purpose:{object}][SrcIdx:7]  ->  CONST[source:0(mediator),value:2(dynamic)][purpose:{object}]
-----------
CONST[source:1(input),value:2(dynamic)][purpose:{object}][SrcIdx:7]
CE0x450cad0 "{CE0x450cad0|88:_i64,_104:_%struct.sec_path*,_128:_i32,_132:_i32,_160:_i32,_176:_i32,_192:_i16,_196:_i16,_208:_i8*,_216:_i8*,_:_CRE_176,180_|*MultipleSource*|Function::selinux_socket_sock_rcv_skb&Arg::skb::|security/selinux/hooks.c,4378}"
CE0x4575110 "{CE0x4575110|selinux_socket_sock_rcv_skb:tmp87|*LoadInst*|security/selinux/hooks.c,4422}"
CE0x4575760 "{CE0x4575760|selinux_socket_sock_rcv_skb:tmp87|*LoadInst*|security/selinux/hooks.c,4422|*SummSink*}"
CONST[source:0(mediator),value:2(dynamic)][purpose:{object}]


CONST[source:2(external),value:0(static)][purpose:{operation}][SrcIdx:3]  ->  CONST[source:0(mediator),value:2(dynamic)][purpose:{subject}]
-----------
CONST[source:2(external),value:0(static)][purpose:{operation}][SrcIdx:3]
CE0x44ab100 "{CE0x44ab100|i32_2|*Constant*}"
CE0x44ac220 "{CE0x44ac220|selinux_socket_sock_rcv_skb:sid|security/selinux/hooks.c,4367}"
CE0x44accd0 "{CE0x44accd0|selinux_socket_sock_rcv_skb:tmp5|security/selinux/hooks.c,4367}"
CE0x44acf10 "{CE0x44acf10|selinux_socket_sock_rcv_skb:tmp5|security/selinux/hooks.c,4367|*SummSink*}"
CONST[source:0(mediator),value:2(dynamic)][purpose:{subject}]


CONST[source:2(external),value:0(static)][purpose:{operation}][SrcIdx:3]  ->  CONST[source:0(mediator),value:0(static)][purpose:{operation}]
-----------
CONST[source:2(external),value:0(static)][purpose:{operation}][SrcIdx:3]
CE0x44ab100 "{CE0x44ab100|i32_2|*Constant*}"
CE0x448b2c0 "{CE0x448b2c0|i32_2|*Constant*|*SummSink*}"
CONST[source:0(mediator),value:0(static)][purpose:{operation}]



implicit:
CONST[source:2(external),value:0(static)][purpose:{operation}][SrcIdx:5]  ->  CONST[source:0(mediator),value:2(dynamic)][purpose:{object}]
-----------
CONST[source:2(external),value:0(static)][purpose:{operation}][SrcIdx:5]
CE0x44b2800 "{CE0x44b2800|i32_10|*Constant*}"
CE0x4438a70 "{CE0x4438a70|selinux_socket_sock_rcv_skb:cmp3|security/selinux/hooks.c,4374}"
CE0x49305c0 "{CE0x49305c0|selinux_socket_sock_rcv_skb:if.end46}"
CE0x4567bc0 "{CE0x4567bc0|selinux_socket_sock_rcv_skb:tmp74|security/selinux/hooks.c,4413}"
CE0x4567b50 "{CE0x4567b50|selinux_socket_sock_rcv_skb:tmp74|security/selinux/hooks.c,4413|*SummSink*}"
CONST[source:0(mediator),value:2(dynamic)][purpose:{object}]


CONST[source:2(external),value:0(static)][purpose:{operation}][SrcIdx:5]  ->  CONST[source:0(mediator),value:2(dynamic)][purpose:{subject}]
-----------
CONST[source:2(external),value:0(static)][purpose:{operation}][SrcIdx:5]
CE0x44b2800 "{CE0x44b2800|i32_10|*Constant*}"
CE0x4438a70 "{CE0x4438a70|selinux_socket_sock_rcv_skb:cmp3|security/selinux/hooks.c,4374}"
CE0x443dfa0 "{CE0x443dfa0|selinux_socket_sock_rcv_skb:if.end40}"
CE0x4560660 "{CE0x4560660|selinux_socket_sock_rcv_skb:tmp67|security/selinux/hooks.c,4408}"
CE0x455c9b0 "{CE0x455c9b0|selinux_inet_sys_rcv_skb:peer_sid|Function::selinux_inet_sys_rcv_skb&Arg::peer_sid::}"
CE0x455ccf0 "{CE0x455ccf0|selinux_inet_sys_rcv_skb:peer_sid|Function::selinux_inet_sys_rcv_skb&Arg::peer_sid::|*SummSink*}"
CONST[source:0(mediator),value:2(dynamic)][purpose:{subject}]


CONST[source:2(external),value:0(static)][purpose:{operation}][SrcIdx:1]  ->  CONST[source:0(mediator),value:2(dynamic)][purpose:{object}]
-----------
CONST[source:2(external),value:0(static)][purpose:{operation}][SrcIdx:1]
CE0x4743230 "{CE0x4743230|i32_8191|*Constant*}"
CE0x4747ce0 "{CE0x4747ce0|selinux_parse_skb_ipv4:and|security/selinux/hooks.c,3715}"
CE0x4746560 "{CE0x4746560|selinux_parse_skb_ipv4:tobool19|security/selinux/hooks.c,3715}"
CE0x4775130 "{CE0x4775130|selinux_parse_skb_ipv4:if.end21}"
CE0x45ee390 "{CE0x45ee390|COLLAPSED:_GCRE_selinux_secmark_refcount_internal_global_%struct.atomic_t_zeroinitializer,_align_4_+_1_EC:_elem_0:default:}"
CE0x4551eb0 "{CE0x4551eb0|atomic_read:tmp4|*LoadInst*|./arch/x86/include/asm/atomic.h,27}"
CE0x4490570 "{CE0x4490570|_ret_i32_%tmp4,_!dbg_!27714|./arch/x86/include/asm/atomic.h,27}"
CE0x45d9650 "{CE0x45d9650|selinux_secmark_enabled:call|security/selinux/hooks.c,144}"
CE0x4669340 "{CE0x4669340|selinux_secmark_enabled:tobool1|security/selinux/hooks.c,144}"
CE0x45b3d30 "{CE0x45b3d30|selinux_secmark_enabled:tmp9}"
CE0x4550610 "{CE0x4550610|selinux_secmark_enabled:lor.ext|security/selinux/hooks.c,144}"
CE0x446a300 "{CE0x446a300|_ret_i32_%lor.ext,_!dbg_!27717|security/selinux/hooks.c,144}"
CE0x447da20 "{CE0x447da20|selinux_sock_rcv_skb_compat:call7|security/selinux/hooks.c,4347}"
CE0x44fd760 "{CE0x44fd760|selinux_sock_rcv_skb_compat:tobool8|security/selinux/hooks.c,4347}"
CE0x44ed4c0 "{CE0x44ed4c0|selinux_sock_rcv_skb_compat:if.then9}"
CE0x44ebeb0 "{CE0x44ebeb0|selinux_sock_rcv_skb_compat:tmp20|*LoadInst*|security/selinux/hooks.c,4348}"
CE0x4488280 "{CE0x4488280|selinux_sock_rcv_skb_compat:tmp20|*LoadInst*|security/selinux/hooks.c,4348|*SummSink*}"
CONST[source:0(mediator),value:2(dynamic)][purpose:{object}]


CONST[source:2(external),value:0(static)][purpose:{operation}][SrcIdx:1]  ->  CONST[source:0(mediator),value:2(dynamic)][purpose:{subject}]
-----------
CONST[source:2(external),value:0(static)][purpose:{operation}][SrcIdx:1]
CE0x4743230 "{CE0x4743230|i32_8191|*Constant*}"
CE0x4747ce0 "{CE0x4747ce0|selinux_parse_skb_ipv4:and|security/selinux/hooks.c,3715}"
CE0x4746560 "{CE0x4746560|selinux_parse_skb_ipv4:tobool19|security/selinux/hooks.c,3715}"
CE0x4775130 "{CE0x4775130|selinux_parse_skb_ipv4:if.end21}"
CE0x45ee390 "{CE0x45ee390|COLLAPSED:_GCRE_selinux_secmark_refcount_internal_global_%struct.atomic_t_zeroinitializer,_align_4_+_1_EC:_elem_0:default:}"
CE0x4551eb0 "{CE0x4551eb0|atomic_read:tmp4|*LoadInst*|./arch/x86/include/asm/atomic.h,27}"
CE0x4490570 "{CE0x4490570|_ret_i32_%tmp4,_!dbg_!27714|./arch/x86/include/asm/atomic.h,27}"
CE0x45d9650 "{CE0x45d9650|selinux_secmark_enabled:call|security/selinux/hooks.c,144}"
CE0x4669340 "{CE0x4669340|selinux_secmark_enabled:tobool1|security/selinux/hooks.c,144}"
CE0x45b3d30 "{CE0x45b3d30|selinux_secmark_enabled:tmp9}"
CE0x4550610 "{CE0x4550610|selinux_secmark_enabled:lor.ext|security/selinux/hooks.c,144}"
CE0x446a300 "{CE0x446a300|_ret_i32_%lor.ext,_!dbg_!27717|security/selinux/hooks.c,144}"
CE0x447da20 "{CE0x447da20|selinux_sock_rcv_skb_compat:call7|security/selinux/hooks.c,4347}"
CE0x44fd760 "{CE0x44fd760|selinux_sock_rcv_skb_compat:tobool8|security/selinux/hooks.c,4347}"
CE0x44ee660 "{CE0x44ee660|selinux_sock_rcv_skb_compat:if.end18}"
CE0x44f6930 "{CE0x44f6930|selinux_sock_rcv_skb_compat:tmp37|security/selinux/hooks.c,4357}"
CE0x4555050 "{CE0x4555050|selinux_xfrm_sock_rcv_skb:sk_sid|Function::selinux_xfrm_sock_rcv_skb&Arg::sk_sid::}"
CE0x45552e0 "{CE0x45552e0|selinux_xfrm_sock_rcv_skb:sk_sid|Function::selinux_xfrm_sock_rcv_skb&Arg::sk_sid::|*SummSink*}"
CONST[source:0(mediator),value:2(dynamic)][purpose:{subject}]


CONST[source:2(external),value:0(static)][purpose:{operation}][SrcIdx:6]  ->  CONST[source:0(mediator),value:2(dynamic)][purpose:{object}]
-----------
CONST[source:2(external),value:0(static)][purpose:{operation}][SrcIdx:6]
CE0x44b2800 "{CE0x44b2800|i32_10|*Constant*}"
CE0x4438a70 "{CE0x4438a70|selinux_socket_sock_rcv_skb:cmp3|security/selinux/hooks.c,4374}"
CE0x49305c0 "{CE0x49305c0|selinux_socket_sock_rcv_skb:if.end46}"
CE0x4567bc0 "{CE0x4567bc0|selinux_socket_sock_rcv_skb:tmp74|security/selinux/hooks.c,4413}"
CE0x4567b50 "{CE0x4567b50|selinux_socket_sock_rcv_skb:tmp74|security/selinux/hooks.c,4413|*SummSink*}"
CONST[source:0(mediator),value:2(dynamic)][purpose:{object}]


CONST[source:2(external),value:0(static)][purpose:{operation}][SrcIdx:6]  ->  CONST[source:0(mediator),value:2(dynamic)][purpose:{subject}]
-----------
CONST[source:2(external),value:0(static)][purpose:{operation}][SrcIdx:6]
CE0x44b2800 "{CE0x44b2800|i32_10|*Constant*}"
CE0x4438a70 "{CE0x4438a70|selinux_socket_sock_rcv_skb:cmp3|security/selinux/hooks.c,4374}"
CE0x443dfa0 "{CE0x443dfa0|selinux_socket_sock_rcv_skb:if.end40}"
CE0x4560660 "{CE0x4560660|selinux_socket_sock_rcv_skb:tmp67|security/selinux/hooks.c,4408}"
CE0x455c9b0 "{CE0x455c9b0|selinux_inet_sys_rcv_skb:peer_sid|Function::selinux_inet_sys_rcv_skb&Arg::peer_sid::}"
CE0x455ccf0 "{CE0x455ccf0|selinux_inet_sys_rcv_skb:peer_sid|Function::selinux_inet_sys_rcv_skb&Arg::peer_sid::|*SummSink*}"
CONST[source:0(mediator),value:2(dynamic)][purpose:{subject}]


CONST[source:2(external),value:0(static)][purpose:{operation}][SrcIdx:2]  ->  CONST[source:0(mediator),value:2(dynamic)][purpose:{object}]
-----------
CONST[source:2(external),value:0(static)][purpose:{operation}][SrcIdx:2]
CE0x4743230 "{CE0x4743230|i32_8191|*Constant*}"
CE0x4747ce0 "{CE0x4747ce0|selinux_parse_skb_ipv4:and|security/selinux/hooks.c,3715}"
CE0x4746560 "{CE0x4746560|selinux_parse_skb_ipv4:tobool19|security/selinux/hooks.c,3715}"
CE0x4775130 "{CE0x4775130|selinux_parse_skb_ipv4:if.end21}"
CE0x45ee390 "{CE0x45ee390|COLLAPSED:_GCRE_selinux_secmark_refcount_internal_global_%struct.atomic_t_zeroinitializer,_align_4_+_1_EC:_elem_0:default:}"
CE0x4551eb0 "{CE0x4551eb0|atomic_read:tmp4|*LoadInst*|./arch/x86/include/asm/atomic.h,27}"
CE0x4490570 "{CE0x4490570|_ret_i32_%tmp4,_!dbg_!27714|./arch/x86/include/asm/atomic.h,27}"
CE0x45d9650 "{CE0x45d9650|selinux_secmark_enabled:call|security/selinux/hooks.c,144}"
CE0x4669340 "{CE0x4669340|selinux_secmark_enabled:tobool1|security/selinux/hooks.c,144}"
CE0x45b3d30 "{CE0x45b3d30|selinux_secmark_enabled:tmp9}"
CE0x4550610 "{CE0x4550610|selinux_secmark_enabled:lor.ext|security/selinux/hooks.c,144}"
CE0x446a300 "{CE0x446a300|_ret_i32_%lor.ext,_!dbg_!27717|security/selinux/hooks.c,144}"
CE0x447da20 "{CE0x447da20|selinux_sock_rcv_skb_compat:call7|security/selinux/hooks.c,4347}"
CE0x44fd760 "{CE0x44fd760|selinux_sock_rcv_skb_compat:tobool8|security/selinux/hooks.c,4347}"
CE0x44ed4c0 "{CE0x44ed4c0|selinux_sock_rcv_skb_compat:if.then9}"
CE0x44ebeb0 "{CE0x44ebeb0|selinux_sock_rcv_skb_compat:tmp20|*LoadInst*|security/selinux/hooks.c,4348}"
CE0x4488280 "{CE0x4488280|selinux_sock_rcv_skb_compat:tmp20|*LoadInst*|security/selinux/hooks.c,4348|*SummSink*}"
CONST[source:0(mediator),value:2(dynamic)][purpose:{object}]


CONST[source:2(external),value:0(static)][purpose:{operation}][SrcIdx:2]  ->  CONST[source:0(mediator),value:2(dynamic)][purpose:{subject}]
-----------
CONST[source:2(external),value:0(static)][purpose:{operation}][SrcIdx:2]
CE0x4743230 "{CE0x4743230|i32_8191|*Constant*}"
CE0x4747ce0 "{CE0x4747ce0|selinux_parse_skb_ipv4:and|security/selinux/hooks.c,3715}"
CE0x4746560 "{CE0x4746560|selinux_parse_skb_ipv4:tobool19|security/selinux/hooks.c,3715}"
CE0x4775130 "{CE0x4775130|selinux_parse_skb_ipv4:if.end21}"
CE0x45ee390 "{CE0x45ee390|COLLAPSED:_GCRE_selinux_secmark_refcount_internal_global_%struct.atomic_t_zeroinitializer,_align_4_+_1_EC:_elem_0:default:}"
CE0x4551eb0 "{CE0x4551eb0|atomic_read:tmp4|*LoadInst*|./arch/x86/include/asm/atomic.h,27}"
CE0x4490570 "{CE0x4490570|_ret_i32_%tmp4,_!dbg_!27714|./arch/x86/include/asm/atomic.h,27}"
CE0x45d9650 "{CE0x45d9650|selinux_secmark_enabled:call|security/selinux/hooks.c,144}"
CE0x4669340 "{CE0x4669340|selinux_secmark_enabled:tobool1|security/selinux/hooks.c,144}"
CE0x45b3d30 "{CE0x45b3d30|selinux_secmark_enabled:tmp9}"
CE0x4550610 "{CE0x4550610|selinux_secmark_enabled:lor.ext|security/selinux/hooks.c,144}"
CE0x446a300 "{CE0x446a300|_ret_i32_%lor.ext,_!dbg_!27717|security/selinux/hooks.c,144}"
CE0x447da20 "{CE0x447da20|selinux_sock_rcv_skb_compat:call7|security/selinux/hooks.c,4347}"
CE0x44fd760 "{CE0x44fd760|selinux_sock_rcv_skb_compat:tobool8|security/selinux/hooks.c,4347}"
CE0x44ee660 "{CE0x44ee660|selinux_sock_rcv_skb_compat:if.end18}"
CE0x44f6930 "{CE0x44f6930|selinux_sock_rcv_skb_compat:tmp37|security/selinux/hooks.c,4357}"
CE0x4555050 "{CE0x4555050|selinux_xfrm_sock_rcv_skb:sk_sid|Function::selinux_xfrm_sock_rcv_skb&Arg::sk_sid::}"
CE0x45552e0 "{CE0x45552e0|selinux_xfrm_sock_rcv_skb:sk_sid|Function::selinux_xfrm_sock_rcv_skb&Arg::sk_sid::|*SummSink*}"
CONST[source:0(mediator),value:2(dynamic)][purpose:{subject}]


CONST[source:2(external),value:0(static)][purpose:{operation}][SrcIdx:0]  ->  CONST[source:0(mediator),value:2(dynamic)][purpose:{object}]
-----------
CONST[source:2(external),value:0(static)][purpose:{operation}][SrcIdx:0]
CE0x4743230 "{CE0x4743230|i32_8191|*Constant*}"
CE0x4747ce0 "{CE0x4747ce0|selinux_parse_skb_ipv4:and|security/selinux/hooks.c,3715}"
CE0x4746560 "{CE0x4746560|selinux_parse_skb_ipv4:tobool19|security/selinux/hooks.c,3715}"
CE0x4775130 "{CE0x4775130|selinux_parse_skb_ipv4:if.end21}"
CE0x45ee390 "{CE0x45ee390|COLLAPSED:_GCRE_selinux_secmark_refcount_internal_global_%struct.atomic_t_zeroinitializer,_align_4_+_1_EC:_elem_0:default:}"
CE0x4551eb0 "{CE0x4551eb0|atomic_read:tmp4|*LoadInst*|./arch/x86/include/asm/atomic.h,27}"
CE0x4490570 "{CE0x4490570|_ret_i32_%tmp4,_!dbg_!27714|./arch/x86/include/asm/atomic.h,27}"
CE0x45d9650 "{CE0x45d9650|selinux_secmark_enabled:call|security/selinux/hooks.c,144}"
CE0x4669340 "{CE0x4669340|selinux_secmark_enabled:tobool1|security/selinux/hooks.c,144}"
CE0x45b3d30 "{CE0x45b3d30|selinux_secmark_enabled:tmp9}"
CE0x4550610 "{CE0x4550610|selinux_secmark_enabled:lor.ext|security/selinux/hooks.c,144}"
CE0x446a300 "{CE0x446a300|_ret_i32_%lor.ext,_!dbg_!27717|security/selinux/hooks.c,144}"
CE0x447da20 "{CE0x447da20|selinux_sock_rcv_skb_compat:call7|security/selinux/hooks.c,4347}"
CE0x44fd760 "{CE0x44fd760|selinux_sock_rcv_skb_compat:tobool8|security/selinux/hooks.c,4347}"
CE0x44ed4c0 "{CE0x44ed4c0|selinux_sock_rcv_skb_compat:if.then9}"
CE0x44ebeb0 "{CE0x44ebeb0|selinux_sock_rcv_skb_compat:tmp20|*LoadInst*|security/selinux/hooks.c,4348}"
CE0x4488280 "{CE0x4488280|selinux_sock_rcv_skb_compat:tmp20|*LoadInst*|security/selinux/hooks.c,4348|*SummSink*}"
CONST[source:0(mediator),value:2(dynamic)][purpose:{object}]


CONST[source:2(external),value:0(static)][purpose:{operation}][SrcIdx:0]  ->  CONST[source:0(mediator),value:2(dynamic)][purpose:{subject}]
-----------
CONST[source:2(external),value:0(static)][purpose:{operation}][SrcIdx:0]
CE0x4743230 "{CE0x4743230|i32_8191|*Constant*}"
CE0x4747ce0 "{CE0x4747ce0|selinux_parse_skb_ipv4:and|security/selinux/hooks.c,3715}"
CE0x4746560 "{CE0x4746560|selinux_parse_skb_ipv4:tobool19|security/selinux/hooks.c,3715}"
CE0x4775130 "{CE0x4775130|selinux_parse_skb_ipv4:if.end21}"
CE0x45ee390 "{CE0x45ee390|COLLAPSED:_GCRE_selinux_secmark_refcount_internal_global_%struct.atomic_t_zeroinitializer,_align_4_+_1_EC:_elem_0:default:}"
CE0x4551eb0 "{CE0x4551eb0|atomic_read:tmp4|*LoadInst*|./arch/x86/include/asm/atomic.h,27}"
CE0x4490570 "{CE0x4490570|_ret_i32_%tmp4,_!dbg_!27714|./arch/x86/include/asm/atomic.h,27}"
CE0x45d9650 "{CE0x45d9650|selinux_secmark_enabled:call|security/selinux/hooks.c,144}"
CE0x4669340 "{CE0x4669340|selinux_secmark_enabled:tobool1|security/selinux/hooks.c,144}"
CE0x45b3d30 "{CE0x45b3d30|selinux_secmark_enabled:tmp9}"
CE0x4550610 "{CE0x4550610|selinux_secmark_enabled:lor.ext|security/selinux/hooks.c,144}"
CE0x446a300 "{CE0x446a300|_ret_i32_%lor.ext,_!dbg_!27717|security/selinux/hooks.c,144}"
CE0x447da20 "{CE0x447da20|selinux_sock_rcv_skb_compat:call7|security/selinux/hooks.c,4347}"
CE0x44fd760 "{CE0x44fd760|selinux_sock_rcv_skb_compat:tobool8|security/selinux/hooks.c,4347}"
CE0x44ee660 "{CE0x44ee660|selinux_sock_rcv_skb_compat:if.end18}"
CE0x44f6930 "{CE0x44f6930|selinux_sock_rcv_skb_compat:tmp37|security/selinux/hooks.c,4357}"
CE0x4555050 "{CE0x4555050|selinux_xfrm_sock_rcv_skb:sk_sid|Function::selinux_xfrm_sock_rcv_skb&Arg::sk_sid::}"
CE0x45552e0 "{CE0x45552e0|selinux_xfrm_sock_rcv_skb:sk_sid|Function::selinux_xfrm_sock_rcv_skb&Arg::sk_sid::|*SummSink*}"
CONST[source:0(mediator),value:2(dynamic)][purpose:{subject}]


CONST[source:1(input),value:2(dynamic)][purpose:{object}][SrcIdx:7]  ->  CONST[source:0(mediator),value:2(dynamic)][purpose:{object}]
-----------
CONST[source:1(input),value:2(dynamic)][purpose:{object}][SrcIdx:7]
CE0x450cad0 "{CE0x450cad0|88:_i64,_104:_%struct.sec_path*,_128:_i32,_132:_i32,_160:_i32,_176:_i32,_192:_i16,_196:_i16,_208:_i8*,_216:_i8*,_:_CRE_176,180_|*MultipleSource*|Function::selinux_socket_sock_rcv_skb&Arg::skb::|security/selinux/hooks.c,4378}"
CE0x44ebeb0 "{CE0x44ebeb0|selinux_sock_rcv_skb_compat:tmp20|*LoadInst*|security/selinux/hooks.c,4348}"
CE0x4488280 "{CE0x4488280|selinux_sock_rcv_skb_compat:tmp20|*LoadInst*|security/selinux/hooks.c,4348|*SummSink*}"
CONST[source:0(mediator),value:2(dynamic)][purpose:{object}]


CONST[source:1(input),value:2(dynamic)][purpose:{object}][SrcIdx:7]  ->  CONST[source:0(mediator),value:2(dynamic)][purpose:{subject}]
-----------
CONST[source:1(input),value:2(dynamic)][purpose:{object}][SrcIdx:7]
CE0x4504620 "{CE0x4504620|88:_i64,_104:_%struct.sec_path*,_128:_i32,_132:_i32,_160:_i32,_176:_i32,_192:_i16,_196:_i16,_208:_i8*,_216:_i8*,_:_CRE_3,4_}"
CE0x46ee2d0 "{CE0x46ee2d0|selinux_parse_skb_ipv6:call10|security/selinux/hooks.c,3789}"
CE0x4749c20 "{CE0x4749c20|selinux_parse_skb_ipv6:cmp11|security/selinux/hooks.c,3790}"
CE0x47fbc00 "{CE0x47fbc00|selinux_parse_skb_ipv6:if.then45}"
CE0x45ee390 "{CE0x45ee390|COLLAPSED:_GCRE_selinux_secmark_refcount_internal_global_%struct.atomic_t_zeroinitializer,_align_4_+_1_EC:_elem_0:default:}"
CE0x4551eb0 "{CE0x4551eb0|atomic_read:tmp4|*LoadInst*|./arch/x86/include/asm/atomic.h,27}"
CE0x4490570 "{CE0x4490570|_ret_i32_%tmp4,_!dbg_!27714|./arch/x86/include/asm/atomic.h,27}"
CE0x45d9650 "{CE0x45d9650|selinux_secmark_enabled:call|security/selinux/hooks.c,144}"
CE0x4669340 "{CE0x4669340|selinux_secmark_enabled:tobool1|security/selinux/hooks.c,144}"
CE0x45b3d30 "{CE0x45b3d30|selinux_secmark_enabled:tmp9}"
CE0x4550610 "{CE0x4550610|selinux_secmark_enabled:lor.ext|security/selinux/hooks.c,144}"
CE0x446a300 "{CE0x446a300|_ret_i32_%lor.ext,_!dbg_!27717|security/selinux/hooks.c,144}"
CE0x447da20 "{CE0x447da20|selinux_sock_rcv_skb_compat:call7|security/selinux/hooks.c,4347}"
CE0x44fd760 "{CE0x44fd760|selinux_sock_rcv_skb_compat:tobool8|security/selinux/hooks.c,4347}"
CE0x44ee660 "{CE0x44ee660|selinux_sock_rcv_skb_compat:if.end18}"
CE0x44f6930 "{CE0x44f6930|selinux_sock_rcv_skb_compat:tmp37|security/selinux/hooks.c,4357}"
CE0x4555050 "{CE0x4555050|selinux_xfrm_sock_rcv_skb:sk_sid|Function::selinux_xfrm_sock_rcv_skb&Arg::sk_sid::}"
CE0x45552e0 "{CE0x45552e0|selinux_xfrm_sock_rcv_skb:sk_sid|Function::selinux_xfrm_sock_rcv_skb&Arg::sk_sid::|*SummSink*}"
CONST[source:0(mediator),value:2(dynamic)][purpose:{subject}]


CONST[source:2(external),value:0(static)][purpose:{operation}][SrcIdx:3]  ->  CONST[source:0(mediator),value:0(static)][purpose:{operation}]
-----------
CONST[source:2(external),value:0(static)][purpose:{operation}][SrcIdx:3]
CE0x44ab100 "{CE0x44ab100|i32_2|*Constant*}"
CE0x448b2c0 "{CE0x448b2c0|i32_2|*Constant*|*SummSink*}"
CONST[source:0(mediator),value:0(static)][purpose:{operation}]


CONST[source:2(external),value:0(static)][purpose:{operation}][SrcIdx:3]  ->  CONST[source:0(mediator),value:2(dynamic)][purpose:{object}]
-----------
CONST[source:2(external),value:0(static)][purpose:{operation}][SrcIdx:3]
CE0x44ab100 "{CE0x44ab100|i32_2|*Constant*}"
CE0x44499e0 "{CE0x44499e0|selinux_socket_sock_rcv_skb:cmp|security/selinux/hooks.c,4374}"
CE0x49305c0 "{CE0x49305c0|selinux_socket_sock_rcv_skb:if.end46}"
CE0x4567bc0 "{CE0x4567bc0|selinux_socket_sock_rcv_skb:tmp74|security/selinux/hooks.c,4413}"
CE0x4567b50 "{CE0x4567b50|selinux_socket_sock_rcv_skb:tmp74|security/selinux/hooks.c,4413|*SummSink*}"
CONST[source:0(mediator),value:2(dynamic)][purpose:{object}]


CONST[source:2(external),value:0(static)][purpose:{operation}][SrcIdx:3]  ->  CONST[source:0(mediator),value:2(dynamic)][purpose:{subject}]
-----------
CONST[source:2(external),value:0(static)][purpose:{operation}][SrcIdx:3]
CE0x44ab100 "{CE0x44ab100|i32_2|*Constant*}"
CE0x44ac220 "{CE0x44ac220|selinux_socket_sock_rcv_skb:sid|security/selinux/hooks.c,4367}"
CE0x44accd0 "{CE0x44accd0|selinux_socket_sock_rcv_skb:tmp5|security/selinux/hooks.c,4367}"
CE0x44acf10 "{CE0x44acf10|selinux_socket_sock_rcv_skb:tmp5|security/selinux/hooks.c,4367|*SummSink*}"
CONST[source:0(mediator),value:2(dynamic)][purpose:{subject}]


CONST[source:1(input),value:2(dynamic)][purpose:{subject}][SrcIdx:8]  ->  CONST[source:0(mediator),value:2(dynamic)][purpose:{object}]
-----------
CONST[source:1(input),value:2(dynamic)][purpose:{subject}][SrcIdx:8]
CE0x4452a70 "{CE0x4452a70|16:_i16,_48:_%struct.net*,_1216:_i8*,_:_CRE_16,18_|*MultipleSource*|Function::selinux_socket_sock_rcv_skb&Arg::sk::|security/selinux/hooks.c,4365}"
CE0x450b9c0 "{CE0x450b9c0|selinux_socket_sock_rcv_skb:tmp4|security/selinux/hooks.c,4366}"
CE0x4449190 "{CE0x4449190|selinux_socket_sock_rcv_skb:conv2|security/selinux/hooks.c,4374}"
CE0x4438a70 "{CE0x4438a70|selinux_socket_sock_rcv_skb:cmp3|security/selinux/hooks.c,4374}"
CE0x49305c0 "{CE0x49305c0|selinux_socket_sock_rcv_skb:if.end46}"
CE0x4567bc0 "{CE0x4567bc0|selinux_socket_sock_rcv_skb:tmp74|security/selinux/hooks.c,4413}"
CE0x4567b50 "{CE0x4567b50|selinux_socket_sock_rcv_skb:tmp74|security/selinux/hooks.c,4413|*SummSink*}"
CONST[source:0(mediator),value:2(dynamic)][purpose:{object}]


CONST[source:1(input),value:2(dynamic)][purpose:{subject}][SrcIdx:8]  ->  CONST[source:0(mediator),value:2(dynamic)][purpose:{subject}]
-----------
CONST[source:1(input),value:2(dynamic)][purpose:{subject}][SrcIdx:8]
CE0x44ac700 "{CE0x44ac700|16:_i32,_:_CRE_16,20_|*MultipleSource*|security/selinux/hooks.c,4367|security/selinux/hooks.c,4365|*LoadInst*|security/selinux/hooks.c,4365}"
CE0x44accd0 "{CE0x44accd0|selinux_socket_sock_rcv_skb:tmp5|security/selinux/hooks.c,4367}"
CE0x44acf10 "{CE0x44acf10|selinux_socket_sock_rcv_skb:tmp5|security/selinux/hooks.c,4367|*SummSink*}"
CONST[source:0(mediator),value:2(dynamic)][purpose:{subject}]


