[selinux_ipc_permission]

explicit:
CONST[source:1(input),value:2(dynamic)][purpose:{object}]  ->  CONST[source:0(mediator),value:2(dynamic)][purpose:{object}]
-----------
CONST[source:1(input),value:2(dynamic)][purpose:{object}]
CE0x442be90 "{CE0x442be90|0:_i16,_4:_i32,_:_CRE_0,2_|*MultipleSource*|security/selinux/hooks.c,5136|*LoadInst*|security/selinux/hooks.c,5131|security/selinux/hooks.c,5131}"
CE0x442cc10 "{CE0x442cc10|ipc_has_perm:_tmp8|security/selinux/hooks.c,5136}"
CE0x442ce70 "{CE0x442ce70|ipc_has_perm:_tmp8|security/selinux/hooks.c,5136|*SummSink*}"
CONST[source:0(mediator),value:2(dynamic)][purpose:{object}]


CONST[source:2(external),value:2(dynamic)][purpose:{subject}]  ->  CONST[source:1(input),value:2(dynamic)][purpose:{subject}]
-----------
CONST[source:2(external),value:2(dynamic)][purpose:{subject}]
CE0x441e270 "{CE0x441e270|COLLAPSED:_GCMRE_current_task_external_global_%struct.task_struct*:_elem_0::|security/selinux/hooks.c,218}"
CE0x441f2e0 "{CE0x441f2e0|current_sid:_tmp22|security/selinux/hooks.c,218}"
CE0x441f780 "{CE0x441f780|current_sid:_tmp23|security/selinux/hooks.c,218}"
CE0x44204f0 "{CE0x44204f0|current_sid:_sid|security/selinux/hooks.c,220}"
CE0x4421310 "{CE0x4421310|current_sid:_tmp24|security/selinux/hooks.c,220}"
CE0x43dd2f0 "{CE0x43dd2f0|_ret_i32_%tmp24,_!dbg_!27742|security/selinux/hooks.c,220}"
CE0x43ef8f0 "{CE0x43ef8f0|ipc_has_perm:_call|security/selinux/hooks.c,5129}"
CE0x43cc750 "{CE0x43cc750|ipc_has_perm:_call|security/selinux/hooks.c,5129|*SummSink*}"
CONST[source:1(input),value:2(dynamic)][purpose:{subject}]



implicit:
CONST[source:1(input),value:2(dynamic)][purpose:{object}]  ->  CONST[source:0(mediator),value:2(dynamic)][purpose:{object}]
-----------
CONST[source:1(input),value:2(dynamic)][purpose:{object}]
CE0x442bfc0 "{CE0x442bfc0|0:_i16,_4:_i32,_:_CRE_4,8_|*MultipleSource*|security/selinux/hooks.c,5136|*LoadInst*|security/selinux/hooks.c,5131|security/selinux/hooks.c,5131}"
CE0x442c130 "{CE0x442c130|ipc_has_perm:_tmp7|security/selinux/hooks.c,5136}"
CE0x442c5e0 "{CE0x442c5e0|ipc_has_perm:_tmp7|security/selinux/hooks.c,5136|*SummSink*}"
CONST[source:0(mediator),value:2(dynamic)][purpose:{object}]


CONST[source:1(input),value:2(dynamic)][purpose:{operation}]  ->  CONST[source:0(mediator),value:2(dynamic)][purpose:{object}]
-----------
CONST[source:1(input),value:2(dynamic)][purpose:{operation}]
CE0x43e6460 "{CE0x43e6460|selinux_ipc_permission:_flag|Function::selinux_ipc_permission&Arg::flag::|*SummSource*}"
CE0x43ead70 "{CE0x43ead70|selinux_ipc_permission:_flag|Function::selinux_ipc_permission&Arg::flag::}"
CE0x43f0620 "{CE0x43f0620|selinux_ipc_permission:_conv3|security/selinux/hooks.c,5490}"
CE0x43cf790 "{CE0x43cf790|selinux_ipc_permission:_and4|security/selinux/hooks.c,5490}"
CE0x43ea9c0 "{CE0x43ea9c0|selinux_ipc_permission:_tobool5|security/selinux/hooks.c,5490}"
CE0x58b8a30 "{CE0x58b8a30|selinux_ipc_permission:_if.then6}"
CE0x43e4490 "{CE0x43e4490|selinux_ipc_permission:_conv9|security/selinux/hooks.c,5491}"
CE0x43ed650 "{CE0x43ed650|selinux_ipc_permission:_av.1}"
CE0x43e5e20 "{CE0x43e5e20|selinux_ipc_permission:_cmp|security/selinux/hooks.c,5493}"
CE0x43d7130 "{CE0x43d7130|selinux_ipc_permission:_if.end13}"
CE0x43f44a0 "{CE0x43f44a0|ipc_has_perm:_entry}"
CE0x43f75f0 "{CE0x43f75f0|ipc_has_perm:_bb}"
CE0x442c130 "{CE0x442c130|ipc_has_perm:_tmp7|security/selinux/hooks.c,5136}"
CE0x442c5e0 "{CE0x442c5e0|ipc_has_perm:_tmp7|security/selinux/hooks.c,5136|*SummSink*}"
CONST[source:0(mediator),value:2(dynamic)][purpose:{object}]


CONST[source:1(input),value:2(dynamic)][purpose:{operation}]  ->  CONST[source:1(input),value:2(dynamic)][purpose:{subject}]
-----------
CONST[source:1(input),value:2(dynamic)][purpose:{operation}]
CE0x43e6460 "{CE0x43e6460|selinux_ipc_permission:_flag|Function::selinux_ipc_permission&Arg::flag::|*SummSource*}"
CE0x43ead70 "{CE0x43ead70|selinux_ipc_permission:_flag|Function::selinux_ipc_permission&Arg::flag::}"
CE0x43f0620 "{CE0x43f0620|selinux_ipc_permission:_conv3|security/selinux/hooks.c,5490}"
CE0x43cf790 "{CE0x43cf790|selinux_ipc_permission:_and4|security/selinux/hooks.c,5490}"
CE0x43ea9c0 "{CE0x43ea9c0|selinux_ipc_permission:_tobool5|security/selinux/hooks.c,5490}"
CE0x58b8a30 "{CE0x58b8a30|selinux_ipc_permission:_if.then6}"
CE0x43e4490 "{CE0x43e4490|selinux_ipc_permission:_conv9|security/selinux/hooks.c,5491}"
CE0x43ed650 "{CE0x43ed650|selinux_ipc_permission:_av.1}"
CE0x43e5e20 "{CE0x43e5e20|selinux_ipc_permission:_cmp|security/selinux/hooks.c,5493}"
CE0x43d7130 "{CE0x43d7130|selinux_ipc_permission:_if.end13}"
CE0x43f44a0 "{CE0x43f44a0|ipc_has_perm:_entry}"
CE0x43f75f0 "{CE0x43f75f0|ipc_has_perm:_bb}"
CE0x43ef8f0 "{CE0x43ef8f0|ipc_has_perm:_call|security/selinux/hooks.c,5129}"
CE0x43cc750 "{CE0x43cc750|ipc_has_perm:_call|security/selinux/hooks.c,5129|*SummSink*}"
CONST[source:1(input),value:2(dynamic)][purpose:{subject}]


CONST[source:1(input),value:2(dynamic)][purpose:{operation}]  ->  CONST[source:0(mediator),value:0(static)][purpose:{operation}]
-----------
CONST[source:1(input),value:2(dynamic)][purpose:{operation}]
CE0x43e6460 "{CE0x43e6460|selinux_ipc_permission:_flag|Function::selinux_ipc_permission&Arg::flag::|*SummSource*}"
CE0x43ead70 "{CE0x43ead70|selinux_ipc_permission:_flag|Function::selinux_ipc_permission&Arg::flag::}"
CE0x43f0620 "{CE0x43f0620|selinux_ipc_permission:_conv3|security/selinux/hooks.c,5490}"
CE0x43cf790 "{CE0x43cf790|selinux_ipc_permission:_and4|security/selinux/hooks.c,5490}"
CE0x43ea9c0 "{CE0x43ea9c0|selinux_ipc_permission:_tobool5|security/selinux/hooks.c,5490}"
CE0x58b8a30 "{CE0x58b8a30|selinux_ipc_permission:_if.then6}"
CE0x43e4490 "{CE0x43e4490|selinux_ipc_permission:_conv9|security/selinux/hooks.c,5491}"
CE0x43ed650 "{CE0x43ed650|selinux_ipc_permission:_av.1}"
CE0x43f4ca0 "{CE0x43f4ca0|ipc_has_perm:_perms|Function::ipc_has_perm&Arg::perms::}"
CE0x43f5440 "{CE0x43f5440|ipc_has_perm:_perms|Function::ipc_has_perm&Arg::perms::|*SummSink*}"
CONST[source:0(mediator),value:0(static)][purpose:{operation}]


CONST[source:2(external),value:2(dynamic)][purpose:{subject}]  ->  CONST[source:1(input),value:2(dynamic)][purpose:{subject}]
-----------
CONST[source:2(external),value:2(dynamic)][purpose:{subject}]
CE0x441e270 "{CE0x441e270|COLLAPSED:_GCMRE_current_task_external_global_%struct.task_struct*:_elem_0::|security/selinux/hooks.c,218}"
CE0x441f2e0 "{CE0x441f2e0|current_sid:_tmp22|security/selinux/hooks.c,218}"
CE0x441f780 "{CE0x441f780|current_sid:_tmp23|security/selinux/hooks.c,218}"
CE0x44204f0 "{CE0x44204f0|current_sid:_sid|security/selinux/hooks.c,220}"
CE0x4421310 "{CE0x4421310|current_sid:_tmp24|security/selinux/hooks.c,220}"
CE0x43dd2f0 "{CE0x43dd2f0|_ret_i32_%tmp24,_!dbg_!27742|security/selinux/hooks.c,220}"
CE0x43ef8f0 "{CE0x43ef8f0|ipc_has_perm:_call|security/selinux/hooks.c,5129}"
CE0x43cc750 "{CE0x43cc750|ipc_has_perm:_call|security/selinux/hooks.c,5129|*SummSink*}"
CONST[source:1(input),value:2(dynamic)][purpose:{subject}]


CONST[source:2(external),value:0(static)][purpose:{operation}]  ->  CONST[source:0(mediator),value:2(dynamic)][purpose:{object}]
-----------
CONST[source:2(external),value:0(static)][purpose:{operation}]
CE0x43ec350 "{CE0x43ec350|i32_146|*Constant*}"
CE0x43cf790 "{CE0x43cf790|selinux_ipc_permission:_and4|security/selinux/hooks.c,5490}"
CE0x43ea9c0 "{CE0x43ea9c0|selinux_ipc_permission:_tobool5|security/selinux/hooks.c,5490}"
CE0x58b8a30 "{CE0x58b8a30|selinux_ipc_permission:_if.then6}"
CE0x43e4490 "{CE0x43e4490|selinux_ipc_permission:_conv9|security/selinux/hooks.c,5491}"
CE0x43ed650 "{CE0x43ed650|selinux_ipc_permission:_av.1}"
CE0x43e5e20 "{CE0x43e5e20|selinux_ipc_permission:_cmp|security/selinux/hooks.c,5493}"
CE0x43d7130 "{CE0x43d7130|selinux_ipc_permission:_if.end13}"
CE0x43f44a0 "{CE0x43f44a0|ipc_has_perm:_entry}"
CE0x43f75f0 "{CE0x43f75f0|ipc_has_perm:_bb}"
CE0x442c130 "{CE0x442c130|ipc_has_perm:_tmp7|security/selinux/hooks.c,5136}"
CE0x442c5e0 "{CE0x442c5e0|ipc_has_perm:_tmp7|security/selinux/hooks.c,5136|*SummSink*}"
CONST[source:0(mediator),value:2(dynamic)][purpose:{object}]


CONST[source:2(external),value:0(static)][purpose:{operation}]  ->  CONST[source:1(input),value:2(dynamic)][purpose:{subject}]
-----------
CONST[source:2(external),value:0(static)][purpose:{operation}]
CE0x43ec350 "{CE0x43ec350|i32_146|*Constant*}"
CE0x43cf790 "{CE0x43cf790|selinux_ipc_permission:_and4|security/selinux/hooks.c,5490}"
CE0x43ea9c0 "{CE0x43ea9c0|selinux_ipc_permission:_tobool5|security/selinux/hooks.c,5490}"
CE0x58b8a30 "{CE0x58b8a30|selinux_ipc_permission:_if.then6}"
CE0x43e4490 "{CE0x43e4490|selinux_ipc_permission:_conv9|security/selinux/hooks.c,5491}"
CE0x43ed650 "{CE0x43ed650|selinux_ipc_permission:_av.1}"
CE0x43e5e20 "{CE0x43e5e20|selinux_ipc_permission:_cmp|security/selinux/hooks.c,5493}"
CE0x43d7130 "{CE0x43d7130|selinux_ipc_permission:_if.end13}"
CE0x43f44a0 "{CE0x43f44a0|ipc_has_perm:_entry}"
CE0x43f75f0 "{CE0x43f75f0|ipc_has_perm:_bb}"
CE0x43ef8f0 "{CE0x43ef8f0|ipc_has_perm:_call|security/selinux/hooks.c,5129}"
CE0x43cc750 "{CE0x43cc750|ipc_has_perm:_call|security/selinux/hooks.c,5129|*SummSink*}"
CONST[source:1(input),value:2(dynamic)][purpose:{subject}]


CONST[source:2(external),value:0(static)][purpose:{operation}]  ->  CONST[source:0(mediator),value:0(static)][purpose:{operation}]
-----------
CONST[source:2(external),value:0(static)][purpose:{operation}]
CE0x43ec350 "{CE0x43ec350|i32_146|*Constant*}"
CE0x43cf790 "{CE0x43cf790|selinux_ipc_permission:_and4|security/selinux/hooks.c,5490}"
CE0x43ea9c0 "{CE0x43ea9c0|selinux_ipc_permission:_tobool5|security/selinux/hooks.c,5490}"
CE0x58b8a30 "{CE0x58b8a30|selinux_ipc_permission:_if.then6}"
CE0x43e4490 "{CE0x43e4490|selinux_ipc_permission:_conv9|security/selinux/hooks.c,5491}"
CE0x43ed650 "{CE0x43ed650|selinux_ipc_permission:_av.1}"
CE0x43f4ca0 "{CE0x43f4ca0|ipc_has_perm:_perms|Function::ipc_has_perm&Arg::perms::}"
CE0x43f5440 "{CE0x43f5440|ipc_has_perm:_perms|Function::ipc_has_perm&Arg::perms::|*SummSink*}"
CONST[source:0(mediator),value:0(static)][purpose:{operation}]


