[apparmor_ptrace_traceme]

explicit:
CONST[source:1(input),value:2(dynamic)][purpose:{subject}][SrcIdx:2]  ->  CONST[source:0(mediator),value:2(dynamic)][purpose:{subject}][SnkIdx:0]
-----------
CONST[source:1(input),value:2(dynamic)][purpose:{subject}][SrcIdx:2]
CE0x453b1a0 "{CE0x453b1a0|VOIDTB_TE:_CE:_elem_0:default:}"
CONST[source:0(mediator),value:2(dynamic)][purpose:{subject}][SnkIdx:0]


CONST[source:2(external),value:2(dynamic)][purpose:{object}][SrcIdx:4]  ->  CONST[source:0(mediator),value:2(dynamic)][purpose:{object}][SnkIdx:1]
-----------
CONST[source:2(external),value:2(dynamic)][purpose:{object}][SrcIdx:4]
CE0x45573e0 "{CE0x45573e0|COLLAPSED:_GCRE_current_task_external_global_%struct.task_struct*:_elem_0:default:}"
CONST[source:0(mediator),value:2(dynamic)][purpose:{object}][SnkIdx:1]



implicit:
CONST[source:1(input),value:2(dynamic)][purpose:{subject}][SrcIdx:2]  ->  CONST[source:0(mediator),value:2(dynamic)][purpose:{subject}][SnkIdx:0]
-----------
CONST[source:1(input),value:2(dynamic)][purpose:{subject}][SrcIdx:2]
CE0x453b1a0 "{CE0x453b1a0|VOIDTB_TE:_CE:_elem_0:default:}"
CONST[source:0(mediator),value:2(dynamic)][purpose:{subject}][SnkIdx:0]


CONST[source:1(input),value:2(dynamic)][purpose:{subject}][SrcIdx:2]  ->  CONST[source:0(mediator),value:2(dynamic)][purpose:{object}][SnkIdx:1]
-----------
CONST[source:1(input),value:2(dynamic)][purpose:{subject}][SrcIdx:2]
CE0x453b1a0 "{CE0x453b1a0|VOIDTB_TE:_CE:_elem_0:default:}"
CE0x4537840 "{CE0x4537840|apparmor_ptrace_traceme:call|security/apparmor/lsm.c,108}"
CE0x45355a0 "{CE0x45355a0|apparmor_ptrace_traceme:tobool|security/apparmor/lsm.c,109}"
CE0x4535c50 "{CE0x4535c50|apparmor_ptrace_traceme:if.end}"
CE0x453e800 "{CE0x453e800|apparmor_ptrace_traceme:call1|security/apparmor/lsm.c,112}"
CE0x453e980 "{CE0x453e980|apparmor_ptrace_traceme:call1|security/apparmor/lsm.c,112|*SummSink*}"
CONST[source:0(mediator),value:2(dynamic)][purpose:{object}][SnkIdx:1]


CONST[source:2(external),value:2(dynamic)][purpose:{object}][SrcIdx:4]  ->  CONST[source:0(mediator),value:2(dynamic)][purpose:{object}][SnkIdx:1]
-----------
CONST[source:2(external),value:2(dynamic)][purpose:{object}][SrcIdx:4]
CE0x45573e0 "{CE0x45573e0|COLLAPSED:_GCRE_current_task_external_global_%struct.task_struct*:_elem_0:default:}"
CONST[source:0(mediator),value:2(dynamic)][purpose:{object}][SnkIdx:1]


