[apparmor_path_chmod]

explicit:
CONST[source:2(external),value:2(dynamic)][purpose:{subject}][SrcIdx:6]  ->  CONST[source:0(mediator),value:2(dynamic)][purpose:{subject}][SnkIdx:1]
-----------
CONST[source:2(external),value:2(dynamic)][purpose:{subject}][SrcIdx:6]
CE0x4c98d90 "{CE0x4c98d90|44:_i32,_48:_i16,_128:_i8*,_:_SCMRE_128,136_|*MultipleSource*|Function::aa_cred_profile&Arg::cred::|security/apparmor/include/context.h,99|security/apparmor/include/context.h,138}"
CE0x4c6fd30 "{CE0x4c6fd30|aa_cred_profile:tmp4|*LoadInst*|security/apparmor/include/context.h,99}"
CE0x4c6fb70 "{CE0x4c6fb70|aa_cred_profile:tmp5|security/apparmor/include/context.h,99}"
CE0x4b996b0 "{CE0x4b996b0|aa_cred_profile:profile11|security/apparmor/include/context.h,101}"
CE0x4b99a60 "{CE0x4b99a60|aa_cred_profile:tmp34|security/apparmor/include/context.h,101}"
CE0x4c89d70 "{CE0x4c89d70|_ret_%struct.aa_profile*_%tmp34,_!dbg_!15510|security/apparmor/include/context.h,101}"
CE0x4bb1f60 "{CE0x4bb1f60|__aa_current_profile:call4|security/apparmor/include/context.h,138}"
CE0x4baf500 "{CE0x4baf500|_ret_%struct.aa_profile*_%call4,_!dbg_!15494|security/apparmor/include/context.h,138}"
CE0x4c25ca0 "{CE0x4c25ca0|common_perm:call|security/apparmor/lsm.c,168}"
CE0x4ba76d0 "{CE0x4ba76d0|common_perm:call|security/apparmor/lsm.c,168|*SummSink*}"
CONST[source:0(mediator),value:2(dynamic)][purpose:{subject}][SnkIdx:1]


CONST[source:1(input),value:2(dynamic)][purpose:{object}][SrcIdx:2]  ->  CONST[source:0(mediator),value:2(dynamic)][purpose:{object}][SnkIdx:3]
-----------
CONST[source:1(input),value:2(dynamic)][purpose:{object}][SrcIdx:2]
CE0x4b725f0 "{CE0x4b725f0|0:_%struct.vfsmount*,_8:_%struct.dentry*,_:_CRE_8,16_|*MultipleSource*|Function::apparmor_path_chmod&Arg::path::|security/apparmor/lsm.c,349}"
CE0x4bac710 "{CE0x4bac710|apparmor_path_chmod:tmp13|*LoadInst*|security/apparmor/lsm.c,352}"
CE0x4b949b0 "{CE0x4b949b0|common_perm_mnt_dentry:dentry|Function::common_perm_mnt_dentry&Arg::dentry::}"
CE0x4bb0080 "{CE0x4bb0080|common_perm_mnt_dentry:d_inode3|security/apparmor/lsm.c,208}"
CE0x4c34e90 "{CE0x4c34e90|common_perm_mnt_dentry:tmp7|*LoadInst*|security/apparmor/lsm.c,208}"
CE0x4c35230 "{CE0x4c35230|common_perm_mnt_dentry:i_mode|security/apparmor/lsm.c,208}"
CE0x4c35720 "{CE0x4c35720|common_perm_mnt_dentry:tmp8|security/apparmor/lsm.c,208}"
CE0x4baa580 "{CE0x4baa580|0:_i16,_4:_i32,_8:_i16,_40:_%struct.super_block*,_72:_i32,_:_SCMRE_4,8_|*MultipleSource*|security/apparmor/include/apparmor.h,117|Function::mediated_filesystem&Arg::inode::|security/apparmor/lsm.c,349}"
CONST[source:0(mediator),value:2(dynamic)][purpose:{object}][SnkIdx:3]


CONST[source:1(input),value:2(dynamic)][purpose:{object}][SrcIdx:2]  ->  CONST[source:0(mediator),value:2(dynamic)][purpose:{object}][SnkIdx:2]
-----------
CONST[source:1(input),value:2(dynamic)][purpose:{object}][SrcIdx:2]
CE0x4b72580 "{CE0x4b72580|0:_%struct.vfsmount*,_8:_%struct.dentry*,_:_CRE_0,8_|*MultipleSource*|Function::apparmor_path_chmod&Arg::path::|security/apparmor/lsm.c,349}"
CE0x4b97830 "{CE0x4b97830|apparmor_path_chmod:tmp12|*LoadInst*|security/apparmor/lsm.c,352}"
CE0x4b8c910 "{CE0x4b8c910|common_perm_mnt_dentry:mnt|Function::common_perm_mnt_dentry&Arg::mnt::}"
CE0x4c28a20 "{CE0x4c28a20|0:_%struct.vfsmount*,_8:_%struct.dentry*,_:_SCMRE_0,8_|*MultipleSource*|security/apparmor/lsm.c, 206|security/apparmor/lsm.c,206}"
CONST[source:0(mediator),value:2(dynamic)][purpose:{object}][SnkIdx:2]



implicit:
CONST[source:2(external),value:0(static)][purpose:{object}][SrcIdx:1]  ->  CONST[source:0(mediator),value:2(dynamic)][purpose:{subject}][SnkIdx:1]
-----------
CONST[source:2(external),value:0(static)][purpose:{object}][SrcIdx:1]
CE0x4bf6120 "{CE0x4bf6120|i64_-2147483648|*Constant*}"
CE0x4c229d0 "{CE0x4c229d0|mediated_filesystem:and|security/apparmor/include/apparmor.h,117}"
CE0x4c22d50 "{CE0x4c22d50|mediated_filesystem:tobool|security/apparmor/include/apparmor.h,117}"
CE0x4c23890 "{CE0x4c23890|mediated_filesystem:lnot|security/apparmor/include/apparmor.h,117}"
CE0x4b97a80 "{CE0x4b97a80|_ret_i1_%lnot,_!dbg_!15473|security/apparmor/include/apparmor.h,117}"
CE0x4b92cc0 "{CE0x4b92cc0|apparmor_path_chmod:call|security/apparmor/lsm.c,349}"
CE0x4b71fa0 "{CE0x4b71fa0|apparmor_path_chmod:if.end}"
CE0x4bad5f0 "{CE0x4bad5f0|common_perm_mnt_dentry:entry}"
CE0x4c23c60 "{CE0x4c23c60|common_perm_mnt_dentry:bb}"
CE0x4c433b0 "{CE0x4c433b0|common_perm:entry}"
CE0x4bb3680 "{CE0x4bb3680|common_perm:bb}"
CE0x4c25ca0 "{CE0x4c25ca0|common_perm:call|security/apparmor/lsm.c,168}"
CE0x4ba76d0 "{CE0x4ba76d0|common_perm:call|security/apparmor/lsm.c,168|*SummSink*}"
CONST[source:0(mediator),value:2(dynamic)][purpose:{subject}][SnkIdx:1]


CONST[source:2(external),value:0(static)][purpose:{object}][SrcIdx:1]  ->  CONST[source:0(mediator),value:2(dynamic)][purpose:{object}][SnkIdx:2]
-----------
CONST[source:2(external),value:0(static)][purpose:{object}][SrcIdx:1]
CE0x4bf6120 "{CE0x4bf6120|i64_-2147483648|*Constant*}"
CE0x4c229d0 "{CE0x4c229d0|mediated_filesystem:and|security/apparmor/include/apparmor.h,117}"
CE0x4c22d50 "{CE0x4c22d50|mediated_filesystem:tobool|security/apparmor/include/apparmor.h,117}"
CE0x4c23890 "{CE0x4c23890|mediated_filesystem:lnot|security/apparmor/include/apparmor.h,117}"
CE0x4b97a80 "{CE0x4b97a80|_ret_i1_%lnot,_!dbg_!15473|security/apparmor/include/apparmor.h,117}"
CE0x4b92cc0 "{CE0x4b92cc0|apparmor_path_chmod:call|security/apparmor/lsm.c,349}"
CE0x4b71fa0 "{CE0x4b71fa0|apparmor_path_chmod:if.end}"
CE0x4bad5f0 "{CE0x4bad5f0|common_perm_mnt_dentry:entry}"
CE0x4c23c60 "{CE0x4c23c60|common_perm_mnt_dentry:bb}"
CE0x4c28b30 "{CE0x4c28b30|0:_%struct.vfsmount*,_8:_%struct.dentry*,_:_SCMRE_8,16_|*MultipleSource*|security/apparmor/lsm.c, 206|security/apparmor/lsm.c,206}"
CONST[source:0(mediator),value:2(dynamic)][purpose:{object}][SnkIdx:2]


CONST[source:2(external),value:0(static)][purpose:{object}][SrcIdx:1]  ->  CONST[source:0(mediator),value:2(dynamic)][purpose:{object}][SnkIdx:3]
-----------
CONST[source:2(external),value:0(static)][purpose:{object}][SrcIdx:1]
CE0x4bf6120 "{CE0x4bf6120|i64_-2147483648|*Constant*}"
CE0x4c229d0 "{CE0x4c229d0|mediated_filesystem:and|security/apparmor/include/apparmor.h,117}"
CE0x4c22d50 "{CE0x4c22d50|mediated_filesystem:tobool|security/apparmor/include/apparmor.h,117}"
CE0x4c23890 "{CE0x4c23890|mediated_filesystem:lnot|security/apparmor/include/apparmor.h,117}"
CE0x4b97a80 "{CE0x4b97a80|_ret_i1_%lnot,_!dbg_!15473|security/apparmor/include/apparmor.h,117}"
CE0x4b92cc0 "{CE0x4b92cc0|apparmor_path_chmod:call|security/apparmor/lsm.c,349}"
CE0x4b71fa0 "{CE0x4b71fa0|apparmor_path_chmod:if.end}"
CE0x4bad5f0 "{CE0x4bad5f0|common_perm_mnt_dentry:entry}"
CE0x4c23c60 "{CE0x4c23c60|common_perm_mnt_dentry:bb}"
CE0x4baa580 "{CE0x4baa580|0:_i16,_4:_i32,_8:_i16,_40:_%struct.super_block*,_72:_i32,_:_SCMRE_4,8_|*MultipleSource*|security/apparmor/include/apparmor.h,117|Function::mediated_filesystem&Arg::inode::|security/apparmor/lsm.c,349}"
CONST[source:0(mediator),value:2(dynamic)][purpose:{object}][SnkIdx:3]


CONST[source:1(input),value:2(dynamic)][purpose:{object}][SrcIdx:2]  ->  CONST[source:0(mediator),value:2(dynamic)][purpose:{subject}][SnkIdx:1]
-----------
CONST[source:1(input),value:2(dynamic)][purpose:{object}][SrcIdx:2]
CE0x4b725f0 "{CE0x4b725f0|0:_%struct.vfsmount*,_8:_%struct.dentry*,_:_CRE_8,16_|*MultipleSource*|Function::apparmor_path_chmod&Arg::path::|security/apparmor/lsm.c,349}"
CE0x4b6ed70 "{CE0x4b6ed70|apparmor_path_chmod:tmp2|*LoadInst*|security/apparmor/lsm.c,349}"
CE0x4b7ba60 "{CE0x4b7ba60|apparmor_path_chmod:d_inode|security/apparmor/lsm.c,349}"
CE0x4b92960 "{CE0x4b92960|apparmor_path_chmod:tmp3|security/apparmor/lsm.c,349}"
CE0x4ba7f40 "{CE0x4ba7f40|mediated_filesystem:inode|Function::mediated_filesystem&Arg::inode::}"
CE0x4ba9f70 "{CE0x4ba9f70|mediated_filesystem:i_sb|security/apparmor/include/apparmor.h,117}"
CE0x4be87a0 "{CE0x4be87a0|mediated_filesystem:tmp4|*LoadInst*|security/apparmor/include/apparmor.h,117}"
CE0x4bfbf90 "{CE0x4bfbf90|mediated_filesystem:s_flags|security/apparmor/include/apparmor.h,117}"
CE0x4c12a80 "{CE0x4c12a80|mediated_filesystem:tmp5|security/apparmor/include/apparmor.h,117}"
CE0x4c229d0 "{CE0x4c229d0|mediated_filesystem:and|security/apparmor/include/apparmor.h,117}"
CE0x4c22d50 "{CE0x4c22d50|mediated_filesystem:tobool|security/apparmor/include/apparmor.h,117}"
CE0x4c23890 "{CE0x4c23890|mediated_filesystem:lnot|security/apparmor/include/apparmor.h,117}"
CE0x4b97a80 "{CE0x4b97a80|_ret_i1_%lnot,_!dbg_!15473|security/apparmor/include/apparmor.h,117}"
CE0x4b92cc0 "{CE0x4b92cc0|apparmor_path_chmod:call|security/apparmor/lsm.c,349}"
CE0x4b71fa0 "{CE0x4b71fa0|apparmor_path_chmod:if.end}"
CE0x4bad5f0 "{CE0x4bad5f0|common_perm_mnt_dentry:entry}"
CE0x4c23c60 "{CE0x4c23c60|common_perm_mnt_dentry:bb}"
CE0x4c433b0 "{CE0x4c433b0|common_perm:entry}"
CE0x4bb3680 "{CE0x4bb3680|common_perm:bb}"
CE0x4c25ca0 "{CE0x4c25ca0|common_perm:call|security/apparmor/lsm.c,168}"
CE0x4ba76d0 "{CE0x4ba76d0|common_perm:call|security/apparmor/lsm.c,168|*SummSink*}"
CONST[source:0(mediator),value:2(dynamic)][purpose:{subject}][SnkIdx:1]


CONST[source:1(input),value:2(dynamic)][purpose:{object}][SrcIdx:2]  ->  CONST[source:0(mediator),value:2(dynamic)][purpose:{object}][SnkIdx:2]
-----------
CONST[source:1(input),value:2(dynamic)][purpose:{object}][SrcIdx:2]
CE0x4b72580 "{CE0x4b72580|0:_%struct.vfsmount*,_8:_%struct.dentry*,_:_CRE_0,8_|*MultipleSource*|Function::apparmor_path_chmod&Arg::path::|security/apparmor/lsm.c,349}"
CE0x4b97830 "{CE0x4b97830|apparmor_path_chmod:tmp12|*LoadInst*|security/apparmor/lsm.c,352}"
CE0x4b8c910 "{CE0x4b8c910|common_perm_mnt_dentry:mnt|Function::common_perm_mnt_dentry&Arg::mnt::}"
CE0x4c28a20 "{CE0x4c28a20|0:_%struct.vfsmount*,_8:_%struct.dentry*,_:_SCMRE_0,8_|*MultipleSource*|security/apparmor/lsm.c, 206|security/apparmor/lsm.c,206}"
CONST[source:0(mediator),value:2(dynamic)][purpose:{object}][SnkIdx:2]


CONST[source:1(input),value:2(dynamic)][purpose:{object}][SrcIdx:2]  ->  CONST[source:0(mediator),value:2(dynamic)][purpose:{object}][SnkIdx:3]
-----------
CONST[source:1(input),value:2(dynamic)][purpose:{object}][SrcIdx:2]
CE0x4b725f0 "{CE0x4b725f0|0:_%struct.vfsmount*,_8:_%struct.dentry*,_:_CRE_8,16_|*MultipleSource*|Function::apparmor_path_chmod&Arg::path::|security/apparmor/lsm.c,349}"
CE0x4bac710 "{CE0x4bac710|apparmor_path_chmod:tmp13|*LoadInst*|security/apparmor/lsm.c,352}"
CE0x4b949b0 "{CE0x4b949b0|common_perm_mnt_dentry:dentry|Function::common_perm_mnt_dentry&Arg::dentry::}"
CE0x4bb0080 "{CE0x4bb0080|common_perm_mnt_dentry:d_inode3|security/apparmor/lsm.c,208}"
CE0x4c34e90 "{CE0x4c34e90|common_perm_mnt_dentry:tmp7|*LoadInst*|security/apparmor/lsm.c,208}"
CE0x4c35230 "{CE0x4c35230|common_perm_mnt_dentry:i_mode|security/apparmor/lsm.c,208}"
CE0x4c35720 "{CE0x4c35720|common_perm_mnt_dentry:tmp8|security/apparmor/lsm.c,208}"
CE0x4baa580 "{CE0x4baa580|0:_i16,_4:_i32,_8:_i16,_40:_%struct.super_block*,_72:_i32,_:_SCMRE_4,8_|*MultipleSource*|security/apparmor/include/apparmor.h,117|Function::mediated_filesystem&Arg::inode::|security/apparmor/lsm.c,349}"
CONST[source:0(mediator),value:2(dynamic)][purpose:{object}][SnkIdx:3]


CONST[source:2(external),value:2(dynamic)][purpose:{subject}][SrcIdx:6]  ->  CONST[source:0(mediator),value:2(dynamic)][purpose:{subject}][SnkIdx:1]
-----------
CONST[source:2(external),value:2(dynamic)][purpose:{subject}][SrcIdx:6]
CE0x4c98d90 "{CE0x4c98d90|44:_i32,_48:_i16,_128:_i8*,_:_SCMRE_128,136_|*MultipleSource*|Function::aa_cred_profile&Arg::cred::|security/apparmor/include/context.h,99|security/apparmor/include/context.h,138}"
CE0x4c6fd30 "{CE0x4c6fd30|aa_cred_profile:tmp4|*LoadInst*|security/apparmor/include/context.h,99}"
CE0x4c6fb70 "{CE0x4c6fb70|aa_cred_profile:tmp5|security/apparmor/include/context.h,99}"
CE0x4b996b0 "{CE0x4b996b0|aa_cred_profile:profile11|security/apparmor/include/context.h,101}"
CE0x4b99a60 "{CE0x4b99a60|aa_cred_profile:tmp34|security/apparmor/include/context.h,101}"
CE0x4c89d70 "{CE0x4c89d70|_ret_%struct.aa_profile*_%tmp34,_!dbg_!15510|security/apparmor/include/context.h,101}"
CE0x4bb1f60 "{CE0x4bb1f60|__aa_current_profile:call4|security/apparmor/include/context.h,138}"
CE0x4baf500 "{CE0x4baf500|_ret_%struct.aa_profile*_%call4,_!dbg_!15494|security/apparmor/include/context.h,138}"
CE0x4c25ca0 "{CE0x4c25ca0|common_perm:call|security/apparmor/lsm.c,168}"
CE0x4ba76d0 "{CE0x4ba76d0|common_perm:call|security/apparmor/lsm.c,168|*SummSink*}"
CONST[source:0(mediator),value:2(dynamic)][purpose:{subject}][SnkIdx:1]


