[selinux_kernel_module_request]

explicit:
CONST[source:2(external),value:2(dynamic)][purpose:{subject}][SrcIdx:2]  ->  CONST[source:0(mediator),value:2(dynamic)][purpose:{subject}][SnkIdx:0]
-----------
CONST[source:2(external),value:2(dynamic)][purpose:{subject}][SrcIdx:2]
CE0x4827240 "{CE0x4827240|COLLAPSED:_GCMRE_current_task_external_global_%struct.task_struct*:_elem_0:default:}"
CE0x47e8180 "{CE0x47e8180|task_sid:tmp4|*LoadInst*|security/selinux/hooks.c,208}"
CE0x482bde0 "{CE0x482bde0|cred_sid:cred|Function::cred_sid&Arg::cred::}"
CE0x47fd2f0 "{CE0x47fd2f0|cred_sid:security|security/selinux/hooks.c,196}"
CE0x47fe060 "{CE0x47fe060|cred_sid:tmp4|*LoadInst*|security/selinux/hooks.c,196}"
CE0x47fe310 "{CE0x47fe310|cred_sid:tmp5|security/selinux/hooks.c,196}"
CE0x484e140 "{CE0x484e140|cred_sid:sid|security/selinux/hooks.c,197}"
CE0x4845ef0 "{CE0x4845ef0|cred_sid:tmp6|security/selinux/hooks.c,197}"
CE0x47da5f0 "{CE0x47da5f0|_ret_i32_%tmp6,_!dbg_!27716|security/selinux/hooks.c,197}"
CE0x4808d60 "{CE0x4808d60|task_sid:call7|security/selinux/hooks.c,208}"
CE0x47dde60 "{CE0x47dde60|_ret_i32_%call7,_!dbg_!27749|security/selinux/hooks.c,210}"
CE0x47dccc0 "{CE0x47dccc0|selinux_kernel_module_request:call1|security/selinux/hooks.c,3563}"
CE0x47dcd30 "{CE0x47dcd30|selinux_kernel_module_request:call1|security/selinux/hooks.c,3563|*SummSink*}"
CONST[source:0(mediator),value:2(dynamic)][purpose:{subject}][SnkIdx:0]



implicit:
CONST[source:2(external),value:2(dynamic)][purpose:{subject}][SrcIdx:2]  ->  CONST[source:0(mediator),value:2(dynamic)][purpose:{subject}][SnkIdx:0]
-----------
CONST[source:2(external),value:2(dynamic)][purpose:{subject}][SrcIdx:2]
CE0x4827240 "{CE0x4827240|COLLAPSED:_GCMRE_current_task_external_global_%struct.task_struct*:_elem_0:default:}"
CE0x47e8180 "{CE0x47e8180|task_sid:tmp4|*LoadInst*|security/selinux/hooks.c,208}"
CE0x482bde0 "{CE0x482bde0|cred_sid:cred|Function::cred_sid&Arg::cred::}"
CE0x47fd2f0 "{CE0x47fd2f0|cred_sid:security|security/selinux/hooks.c,196}"
CE0x47fe060 "{CE0x47fe060|cred_sid:tmp4|*LoadInst*|security/selinux/hooks.c,196}"
CE0x47fe310 "{CE0x47fe310|cred_sid:tmp5|security/selinux/hooks.c,196}"
CE0x484e140 "{CE0x484e140|cred_sid:sid|security/selinux/hooks.c,197}"
CE0x4845ef0 "{CE0x4845ef0|cred_sid:tmp6|security/selinux/hooks.c,197}"
CE0x47da5f0 "{CE0x47da5f0|_ret_i32_%tmp6,_!dbg_!27716|security/selinux/hooks.c,197}"
CE0x4808d60 "{CE0x4808d60|task_sid:call7|security/selinux/hooks.c,208}"
CE0x47dde60 "{CE0x47dde60|_ret_i32_%call7,_!dbg_!27749|security/selinux/hooks.c,210}"
CE0x47dccc0 "{CE0x47dccc0|selinux_kernel_module_request:call1|security/selinux/hooks.c,3563}"
CE0x47dcd30 "{CE0x47dcd30|selinux_kernel_module_request:call1|security/selinux/hooks.c,3563|*SummSink*}"
CONST[source:0(mediator),value:2(dynamic)][purpose:{subject}][SnkIdx:0]


