[selinux_inode_create]

explicit:
CONST[source:1(input),value:2(dynamic)][purpose:{object}][SrcIdx:16]  ->  CONST[source:0(mediator),value:2(dynamic)][purpose:{object}][SnkIdx:1]
-----------
CONST[source:1(input),value:2(dynamic)][purpose:{object}][SrcIdx:16]
CE0x4ac5cb0 "{CE0x4ac5cb0|28:_i32,_:_CRE_28,32_|*MultipleSource*|security/selinux/hooks.c,1722|*LoadInst*|security/selinux/hooks.c,1713|security/selinux/hooks.c,1713}"
CE0x4b7db90 "{CE0x4b7db90|may_create:tmp29|security/selinux/hooks.c,1722}"
CE0x4b7df90 "{CE0x4b7df90|may_create:tmp29|security/selinux/hooks.c,1722|*SummSink*}"
CONST[source:0(mediator),value:2(dynamic)][purpose:{object}][SnkIdx:1]


CONST[source:1(input),value:2(dynamic)][purpose:{object}][SrcIdx:16]  ->  CONST[source:0(mediator),value:2(dynamic)][purpose:{object}][SnkIdx:9]
-----------
CONST[source:1(input),value:2(dynamic)][purpose:{object}][SrcIdx:16]
CE0x4b0ea20 "{CE0x4b0ea20|272:_i8*,_:_CRE_272,280_|*MultipleSource*|*LoadInst*|security/selinux/hooks.c,1714|security/selinux/hooks.c,1714}"
CE0x4b73160 "{CE0x4b73160|may_create:tmp25|security/selinux/hooks.c,1714}"
CE0x4b74a20 "{CE0x4b74a20|may_create:tmp26|security/selinux/hooks.c,1714}"
CE0x4ab5540 "{CE0x4ab5540|may_create:sid31|security/selinux/hooks.c,1739}"
CE0x4ab5b30 "{CE0x4ab5b30|may_create:tmp65|security/selinux/hooks.c,1739}"
CE0x4ab5fe0 "{CE0x4ab5fe0|may_create:tmp65|security/selinux/hooks.c,1739|*SummSink*}"
CONST[source:0(mediator),value:2(dynamic)][purpose:{object}][SnkIdx:9]


CONST[source:2(external),value:2(dynamic)][purpose:{subject}][SrcIdx:19]  ->  CONST[source:0(mediator),value:2(dynamic)][purpose:{subject}][SnkIdx:8]
-----------
CONST[source:2(external),value:2(dynamic)][purpose:{subject}][SrcIdx:19]
CE0x4a9a840 "{CE0x4a9a840|COLLAPSED:_GCMRE_current_task_external_global_%struct.task_struct*:_elem_0::|security/selinux/hooks.c,1706}"
CE0x4ad93a0 "{CE0x4ad93a0|may_create:tmp20|security/selinux/hooks.c,1706}"
CE0x4ad9690 "{CE0x4ad9690|may_create:tmp21|security/selinux/hooks.c,1706}"
CE0x4b85b60 "{CE0x4b85b60|may_create:create_sid|security/selinux/hooks.c,1717}"
CE0x4b85f80 "{CE0x4b85f80|may_create:tmp28|security/selinux/hooks.c,1717}"
CE0x4b86200 "{CE0x4b86200|0:_i32,_:_SCMRE:_elem_0:default:}"
CE0x4b78a80 "{CE0x4b78a80|may_create:tmp64|security/selinux/hooks.c,1739}"
CE0x4b78c70 "{CE0x4b78c70|may_create:tmp64|security/selinux/hooks.c,1739|*SummSink*}"
CONST[source:0(mediator),value:2(dynamic)][purpose:{subject}][SnkIdx:8]


CONST[source:2(external),value:2(dynamic)][purpose:{subject}][SrcIdx:19]  ->  CONST[source:0(mediator),value:2(dynamic)][purpose:{subject}][SnkIdx:0]
-----------
CONST[source:2(external),value:2(dynamic)][purpose:{subject}][SrcIdx:19]
CE0x4a9a840 "{CE0x4a9a840|COLLAPSED:_GCMRE_current_task_external_global_%struct.task_struct*:_elem_0::|security/selinux/hooks.c,1706}"
CE0x4ad93a0 "{CE0x4ad93a0|may_create:tmp20|security/selinux/hooks.c,1706}"
CE0x4ad9690 "{CE0x4ad9690|may_create:tmp21|security/selinux/hooks.c,1706}"
CE0x4b8c0e0 "{CE0x4b8c0e0|may_create:sid11|security/selinux/hooks.c,1716}"
CE0x4b84ed0 "{CE0x4b84ed0|may_create:tmp27|security/selinux/hooks.c,1716}"
CE0x4b851b0 "{CE0x4b851b0|may_create:tmp27|security/selinux/hooks.c,1716|*SummSink*}"
CONST[source:0(mediator),value:2(dynamic)][purpose:{subject}][SnkIdx:0]


CONST[source:2(external),value:2(dynamic)][purpose:{subject}][SrcIdx:19]  ->  CONST[source:0(mediator),value:2(dynamic)][purpose:{subject}][SnkIdx:4]
-----------
CONST[source:2(external),value:2(dynamic)][purpose:{subject}][SrcIdx:19]
CE0x4a9a840 "{CE0x4a9a840|COLLAPSED:_GCMRE_current_task_external_global_%struct.task_struct*:_elem_0::|security/selinux/hooks.c,1706}"
CE0x4ad93a0 "{CE0x4ad93a0|may_create:tmp20|security/selinux/hooks.c,1706}"
CE0x4ad9690 "{CE0x4ad9690|may_create:tmp21|security/selinux/hooks.c,1706}"
CE0x4b8c0e0 "{CE0x4b8c0e0|may_create:sid11|security/selinux/hooks.c,1716}"
CE0x4b84ed0 "{CE0x4b84ed0|may_create:tmp27|security/selinux/hooks.c,1716}"
CE0x4b851b0 "{CE0x4b851b0|may_create:tmp27|security/selinux/hooks.c,1716|*SummSink*}"
CONST[source:0(mediator),value:2(dynamic)][purpose:{subject}][SnkIdx:4]


CONST[source:2(external),value:2(dynamic)][purpose:{subject}][SrcIdx:19]  ->  CONST[source:0(mediator),value:2(dynamic)][purpose:{object}][SnkIdx:5]
-----------
CONST[source:2(external),value:2(dynamic)][purpose:{subject}][SrcIdx:19]
CE0x4a9a840 "{CE0x4a9a840|COLLAPSED:_GCMRE_current_task_external_global_%struct.task_struct*:_elem_0::|security/selinux/hooks.c,1706}"
CE0x4ad93a0 "{CE0x4ad93a0|may_create:tmp20|security/selinux/hooks.c,1706}"
CE0x4ad9690 "{CE0x4ad9690|may_create:tmp21|security/selinux/hooks.c,1706}"
CE0x4b85b60 "{CE0x4b85b60|may_create:create_sid|security/selinux/hooks.c,1717}"
CE0x4b85f80 "{CE0x4b85f80|may_create:tmp28|security/selinux/hooks.c,1717}"
CE0x4b86200 "{CE0x4b86200|0:_i32,_:_SCMRE:_elem_0:default:}"
CE0x4bb8a90 "{CE0x4bb8a90|may_create:tmp55|security/selinux/hooks.c,1735}"
CE0x4bb8c80 "{CE0x4bb8c80|may_create:tmp55|security/selinux/hooks.c,1735|*SummSink*}"
CONST[source:0(mediator),value:2(dynamic)][purpose:{object}][SnkIdx:5]



implicit:
CONST[source:2(external),value:2(dynamic)][purpose:{subject}][SrcIdx:19]  ->  CONST[source:0(mediator),value:2(dynamic)][purpose:{subject}][SnkIdx:0]
-----------
CONST[source:2(external),value:2(dynamic)][purpose:{subject}][SrcIdx:19]
CE0x4a9a840 "{CE0x4a9a840|COLLAPSED:_GCMRE_current_task_external_global_%struct.task_struct*:_elem_0::|security/selinux/hooks.c,1706}"
CE0x4ad93a0 "{CE0x4ad93a0|may_create:tmp20|security/selinux/hooks.c,1706}"
CE0x4ad9690 "{CE0x4ad9690|may_create:tmp21|security/selinux/hooks.c,1706}"
CE0x4b8c0e0 "{CE0x4b8c0e0|may_create:sid11|security/selinux/hooks.c,1716}"
CE0x4b84ed0 "{CE0x4b84ed0|may_create:tmp27|security/selinux/hooks.c,1716}"
CE0x4b851b0 "{CE0x4b851b0|may_create:tmp27|security/selinux/hooks.c,1716|*SummSink*}"
CONST[source:0(mediator),value:2(dynamic)][purpose:{subject}][SnkIdx:0]


CONST[source:2(external),value:2(dynamic)][purpose:{subject}][SrcIdx:19]  ->  CONST[source:0(mediator),value:2(dynamic)][purpose:{subject}][SnkIdx:4]
-----------
CONST[source:2(external),value:2(dynamic)][purpose:{subject}][SrcIdx:19]
CE0x4a9a840 "{CE0x4a9a840|COLLAPSED:_GCMRE_current_task_external_global_%struct.task_struct*:_elem_0::|security/selinux/hooks.c,1706}"
CE0x4ad93a0 "{CE0x4ad93a0|may_create:tmp20|security/selinux/hooks.c,1706}"
CE0x4ad9690 "{CE0x4ad9690|may_create:tmp21|security/selinux/hooks.c,1706}"
CE0x4b8c0e0 "{CE0x4b8c0e0|may_create:sid11|security/selinux/hooks.c,1716}"
CE0x4b84ed0 "{CE0x4b84ed0|may_create:tmp27|security/selinux/hooks.c,1716}"
CE0x4b851b0 "{CE0x4b851b0|may_create:tmp27|security/selinux/hooks.c,1716|*SummSink*}"
CONST[source:0(mediator),value:2(dynamic)][purpose:{subject}][SnkIdx:4]


CONST[source:2(external),value:2(dynamic)][purpose:{subject}][SrcIdx:19]  ->  CONST[source:0(mediator),value:2(dynamic)][purpose:{object}][SnkIdx:9]
-----------
CONST[source:2(external),value:2(dynamic)][purpose:{subject}][SrcIdx:19]
CE0x4a9a840 "{CE0x4a9a840|COLLAPSED:_GCMRE_current_task_external_global_%struct.task_struct*:_elem_0::|security/selinux/hooks.c,1706}"
CE0x4ad93a0 "{CE0x4ad93a0|may_create:tmp20|security/selinux/hooks.c,1706}"
CE0x4ad9690 "{CE0x4ad9690|may_create:tmp21|security/selinux/hooks.c,1706}"
CE0x4b8c0e0 "{CE0x4b8c0e0|may_create:sid11|security/selinux/hooks.c,1716}"
CE0x4b84ed0 "{CE0x4b84ed0|may_create:tmp27|security/selinux/hooks.c,1716}"
CE0x4ae0490 "{CE0x4ae0490|may_create:call22|security/selinux/hooks.c,1729}"
CE0x4bb8320 "{CE0x4bb8320|may_create:tobool23|security/selinux/hooks.c,1731}"
CE0x4aa7b30 "{CE0x4aa7b30|may_create:if.end30}"
CE0x4ab5b30 "{CE0x4ab5b30|may_create:tmp65|security/selinux/hooks.c,1739}"
CE0x4ab5fe0 "{CE0x4ab5fe0|may_create:tmp65|security/selinux/hooks.c,1739|*SummSink*}"
CONST[source:0(mediator),value:2(dynamic)][purpose:{object}][SnkIdx:9]


CONST[source:2(external),value:2(dynamic)][purpose:{subject}][SrcIdx:19]  ->  CONST[source:0(mediator),value:2(dynamic)][purpose:{object}][SnkIdx:5]
-----------
CONST[source:2(external),value:2(dynamic)][purpose:{subject}][SrcIdx:19]
CE0x4a9a840 "{CE0x4a9a840|COLLAPSED:_GCMRE_current_task_external_global_%struct.task_struct*:_elem_0::|security/selinux/hooks.c,1706}"
CE0x4ad93a0 "{CE0x4ad93a0|may_create:tmp20|security/selinux/hooks.c,1706}"
CE0x4ad9690 "{CE0x4ad9690|may_create:tmp21|security/selinux/hooks.c,1706}"
CE0x4b85b60 "{CE0x4b85b60|may_create:create_sid|security/selinux/hooks.c,1717}"
CE0x4b85f80 "{CE0x4b85f80|may_create:tmp28|security/selinux/hooks.c,1717}"
CE0x4b86200 "{CE0x4b86200|0:_i32,_:_SCMRE:_elem_0:default:}"
CE0x4bb8a90 "{CE0x4bb8a90|may_create:tmp55|security/selinux/hooks.c,1735}"
CE0x4bb8c80 "{CE0x4bb8c80|may_create:tmp55|security/selinux/hooks.c,1735|*SummSink*}"
CONST[source:0(mediator),value:2(dynamic)][purpose:{object}][SnkIdx:5]


CONST[source:2(external),value:2(dynamic)][purpose:{subject}][SrcIdx:19]  ->  CONST[source:0(mediator),value:2(dynamic)][purpose:{subject}][SnkIdx:8]
-----------
CONST[source:2(external),value:2(dynamic)][purpose:{subject}][SrcIdx:19]
CE0x4a9a840 "{CE0x4a9a840|COLLAPSED:_GCMRE_current_task_external_global_%struct.task_struct*:_elem_0::|security/selinux/hooks.c,1706}"
CE0x4ad93a0 "{CE0x4ad93a0|may_create:tmp20|security/selinux/hooks.c,1706}"
CE0x4ad9690 "{CE0x4ad9690|may_create:tmp21|security/selinux/hooks.c,1706}"
CE0x4b85b60 "{CE0x4b85b60|may_create:create_sid|security/selinux/hooks.c,1717}"
CE0x4b85f80 "{CE0x4b85f80|may_create:tmp28|security/selinux/hooks.c,1717}"
CE0x4b86200 "{CE0x4b86200|0:_i32,_:_SCMRE:_elem_0:default:}"
CE0x4b78a80 "{CE0x4b78a80|may_create:tmp64|security/selinux/hooks.c,1739}"
CE0x4b78c70 "{CE0x4b78c70|may_create:tmp64|security/selinux/hooks.c,1739|*SummSink*}"
CONST[source:0(mediator),value:2(dynamic)][purpose:{subject}][SnkIdx:8]


CONST[source:1(input),value:2(dynamic)][purpose:{object}][SrcIdx:16]  ->  CONST[source:0(mediator),value:2(dynamic)][purpose:{object}][SnkIdx:1]
-----------
CONST[source:1(input),value:2(dynamic)][purpose:{object}][SrcIdx:16]
CE0x4ac5cb0 "{CE0x4ac5cb0|28:_i32,_:_CRE_28,32_|*MultipleSource*|security/selinux/hooks.c,1722|*LoadInst*|security/selinux/hooks.c,1713|security/selinux/hooks.c,1713}"
CE0x4b7db90 "{CE0x4b7db90|may_create:tmp29|security/selinux/hooks.c,1722}"
CE0x4b7df90 "{CE0x4b7df90|may_create:tmp29|security/selinux/hooks.c,1722|*SummSink*}"
CONST[source:0(mediator),value:2(dynamic)][purpose:{object}][SnkIdx:1]


CONST[source:1(input),value:2(dynamic)][purpose:{object}][SrcIdx:16]  ->  CONST[source:0(mediator),value:2(dynamic)][purpose:{object}][SnkIdx:9]
-----------
CONST[source:1(input),value:2(dynamic)][purpose:{object}][SrcIdx:16]
CE0x4b0ea20 "{CE0x4b0ea20|272:_i8*,_:_CRE_272,280_|*MultipleSource*|*LoadInst*|security/selinux/hooks.c,1714|security/selinux/hooks.c,1714}"
CE0x4b73160 "{CE0x4b73160|may_create:tmp25|security/selinux/hooks.c,1714}"
CE0x4b74a20 "{CE0x4b74a20|may_create:tmp26|security/selinux/hooks.c,1714}"
CE0x4ab5540 "{CE0x4ab5540|may_create:sid31|security/selinux/hooks.c,1739}"
CE0x4ab5b30 "{CE0x4ab5b30|may_create:tmp65|security/selinux/hooks.c,1739}"
CE0x4ab5fe0 "{CE0x4ab5fe0|may_create:tmp65|security/selinux/hooks.c,1739|*SummSink*}"
CONST[source:0(mediator),value:2(dynamic)][purpose:{object}][SnkIdx:9]


CONST[source:1(input),value:2(dynamic)][purpose:{object}][SrcIdx:16]  ->  CONST[source:0(mediator),value:2(dynamic)][purpose:{object}][SnkIdx:5]
-----------
CONST[source:1(input),value:2(dynamic)][purpose:{object}][SrcIdx:16]
CE0x4ac5cb0 "{CE0x4ac5cb0|28:_i32,_:_CRE_28,32_|*MultipleSource*|security/selinux/hooks.c,1722|*LoadInst*|security/selinux/hooks.c,1713|security/selinux/hooks.c,1713}"
CE0x4ba0900 "{CE0x4ba0900|may_create:tmp46|security/selinux/hooks.c,1729}"
CE0x4ae0490 "{CE0x4ae0490|may_create:call22|security/selinux/hooks.c,1729}"
CE0x4bb8320 "{CE0x4bb8320|may_create:tobool23|security/selinux/hooks.c,1731}"
CE0x4a8df90 "{CE0x4a8df90|may_create:if.end26}"
CE0x4bb8a90 "{CE0x4bb8a90|may_create:tmp55|security/selinux/hooks.c,1735}"
CE0x4bb8c80 "{CE0x4bb8c80|may_create:tmp55|security/selinux/hooks.c,1735|*SummSink*}"
CONST[source:0(mediator),value:2(dynamic)][purpose:{object}][SnkIdx:5]


CONST[source:1(input),value:2(dynamic)][purpose:{object}][SrcIdx:16]  ->  CONST[source:0(mediator),value:2(dynamic)][purpose:{subject}][SnkIdx:8]
-----------
CONST[source:1(input),value:2(dynamic)][purpose:{object}][SrcIdx:16]
CE0x4ac5cb0 "{CE0x4ac5cb0|28:_i32,_:_CRE_28,32_|*MultipleSource*|security/selinux/hooks.c,1722|*LoadInst*|security/selinux/hooks.c,1713|security/selinux/hooks.c,1713}"
CE0x4ba0900 "{CE0x4ba0900|may_create:tmp46|security/selinux/hooks.c,1729}"
CE0x4ae0490 "{CE0x4ae0490|may_create:call22|security/selinux/hooks.c,1729}"
CE0x4bb8320 "{CE0x4bb8320|may_create:tobool23|security/selinux/hooks.c,1731}"
CE0x4aa7b30 "{CE0x4aa7b30|may_create:if.end30}"
CE0x4b78a80 "{CE0x4b78a80|may_create:tmp64|security/selinux/hooks.c,1739}"
CE0x4b78c70 "{CE0x4b78c70|may_create:tmp64|security/selinux/hooks.c,1739|*SummSink*}"
CONST[source:0(mediator),value:2(dynamic)][purpose:{subject}][SnkIdx:8]


CONST[source:1(input),value:2(dynamic)][purpose:{object}][SrcIdx:17]  ->  CONST[source:0(mediator),value:2(dynamic)][purpose:{object}][SnkIdx:9]
-----------
CONST[source:1(input),value:2(dynamic)][purpose:{object}][SrcIdx:17]
CE0x4ba5050 "{CE0x4ba5050|VOIDTB_TE:_CE_96,104_|*MultipleSource*|security/selinux/hooks.c,1730|Function::may_create&Arg::dentry::|Function::selinux_inode_create&Arg::dentry::}"
CE0x4ae0490 "{CE0x4ae0490|may_create:call22|security/selinux/hooks.c,1729}"
CE0x4bb8320 "{CE0x4bb8320|may_create:tobool23|security/selinux/hooks.c,1731}"
CE0x4aa7b30 "{CE0x4aa7b30|may_create:if.end30}"
CE0x4ab5b30 "{CE0x4ab5b30|may_create:tmp65|security/selinux/hooks.c,1739}"
CE0x4ab5fe0 "{CE0x4ab5fe0|may_create:tmp65|security/selinux/hooks.c,1739|*SummSink*}"
CONST[source:0(mediator),value:2(dynamic)][purpose:{object}][SnkIdx:9]


CONST[source:1(input),value:2(dynamic)][purpose:{object}][SrcIdx:17]  ->  CONST[source:0(mediator),value:2(dynamic)][purpose:{object}][SnkIdx:5]
-----------
CONST[source:1(input),value:2(dynamic)][purpose:{object}][SrcIdx:17]
CE0x4ba5050 "{CE0x4ba5050|VOIDTB_TE:_CE_96,104_|*MultipleSource*|security/selinux/hooks.c,1730|Function::may_create&Arg::dentry::|Function::selinux_inode_create&Arg::dentry::}"
CE0x4ae0490 "{CE0x4ae0490|may_create:call22|security/selinux/hooks.c,1729}"
CE0x4bb8320 "{CE0x4bb8320|may_create:tobool23|security/selinux/hooks.c,1731}"
CE0x4a8df90 "{CE0x4a8df90|may_create:if.end26}"
CE0x4bb8a90 "{CE0x4bb8a90|may_create:tmp55|security/selinux/hooks.c,1735}"
CE0x4bb8c80 "{CE0x4bb8c80|may_create:tmp55|security/selinux/hooks.c,1735|*SummSink*}"
CONST[source:0(mediator),value:2(dynamic)][purpose:{object}][SnkIdx:5]


CONST[source:1(input),value:2(dynamic)][purpose:{object}][SrcIdx:17]  ->  CONST[source:0(mediator),value:2(dynamic)][purpose:{subject}][SnkIdx:8]
-----------
CONST[source:1(input),value:2(dynamic)][purpose:{object}][SrcIdx:17]
CE0x4ba5050 "{CE0x4ba5050|VOIDTB_TE:_CE_96,104_|*MultipleSource*|security/selinux/hooks.c,1730|Function::may_create&Arg::dentry::|Function::selinux_inode_create&Arg::dentry::}"
CE0x4ae0490 "{CE0x4ae0490|may_create:call22|security/selinux/hooks.c,1729}"
CE0x4bb8320 "{CE0x4bb8320|may_create:tobool23|security/selinux/hooks.c,1731}"
CE0x4aa7b30 "{CE0x4aa7b30|may_create:if.end30}"
CE0x4b78a80 "{CE0x4b78a80|may_create:tmp64|security/selinux/hooks.c,1739}"
CE0x4b78c70 "{CE0x4b78c70|may_create:tmp64|security/selinux/hooks.c,1739|*SummSink*}"
CONST[source:0(mediator),value:2(dynamic)][purpose:{subject}][SnkIdx:8]


CONST[source:0(mediator),value:0(static)][purpose:{object}][SrcIdx:18]  ->  CONST[source:0(mediator),value:2(dynamic)][purpose:{subject}][SnkIdx:8]
-----------
CONST[source:0(mediator),value:0(static)][purpose:{object}][SrcIdx:18]
CE0x4aa39d0 "{CE0x4aa39d0|may_create:tclass|Function::may_create&Arg::tclass::|*SummSource*}"
CE0x4aa3960 "{CE0x4aa3960|may_create:tclass|Function::may_create&Arg::tclass::}"
CE0x4ae0490 "{CE0x4ae0490|may_create:call22|security/selinux/hooks.c,1729}"
CE0x4bb8320 "{CE0x4bb8320|may_create:tobool23|security/selinux/hooks.c,1731}"
CE0x4aa7b30 "{CE0x4aa7b30|may_create:if.end30}"
CE0x4b78a80 "{CE0x4b78a80|may_create:tmp64|security/selinux/hooks.c,1739}"
CE0x4b78c70 "{CE0x4b78c70|may_create:tmp64|security/selinux/hooks.c,1739|*SummSink*}"
CONST[source:0(mediator),value:2(dynamic)][purpose:{subject}][SnkIdx:8]


