[selinux_capable]

explicit:
CONST[source:1(input),value:2(dynamic)][purpose:{operation}][SrcIdx:2]  ->  CONST[source:0(mediator),value:0(static)][purpose:{operation}]
-----------
CONST[source:1(input),value:2(dynamic)][purpose:{operation}][SrcIdx:2]
CE0x5120550 "{CE0x5120550|selinux_capable:cap|Function::selinux_capable&Arg::cap::|*SummSource*}"
CE0x5129170 "{CE0x5129170|selinux_capable:cap|Function::selinux_capable&Arg::cap::}"
CE0x5127990 "{CE0x5127990|cred_has_capability:cap|Function::cred_has_capability&Arg::cap::}"
CE0x5127b20 "{CE0x5127b20|cred_has_capability:and|security/selinux/hooks.c,1559}"
CE0x5127df0 "{CE0x5127df0|cred_has_capability:shl|security/selinux/hooks.c,1559}"
CE0x5127fe0 "{CE0x5127fe0|cred_has_capability:shl|security/selinux/hooks.c,1559|*SummSink*}"
CONST[source:0(mediator),value:0(static)][purpose:{operation}]


CONST[source:2(external),value:0(static)][purpose:{operation}][SrcIdx:0]  ->  CONST[source:0(mediator),value:0(static)][purpose:{operation}]
-----------
CONST[source:2(external),value:0(static)][purpose:{operation}][SrcIdx:0]
CE0x5196f40 "{CE0x5196f40|i32_1|*Constant*}"
CE0x5127df0 "{CE0x5127df0|cred_has_capability:shl|security/selinux/hooks.c,1559}"
CE0x5127fe0 "{CE0x5127fe0|cred_has_capability:shl|security/selinux/hooks.c,1559|*SummSink*}"
CONST[source:0(mediator),value:0(static)][purpose:{operation}]


CONST[source:1(input),value:2(dynamic)][purpose:{subject}][SrcIdx:3]  ->  CONST[source:0(mediator),value:2(dynamic)][purpose:{object}]
-----------
CONST[source:1(input),value:2(dynamic)][purpose:{subject}][SrcIdx:3]
CE0x518cba0 "{CE0x518cba0|4:_i32,_:_CRE_4,8_|*MultipleSource*|security/selinux/hooks.c,196|security/selinux/hooks.c,197|*LoadInst*|security/selinux/hooks.c,196}"
CE0x5194de0 "{CE0x5194de0|cred_sid:tmp6|security/selinux/hooks.c,197}"
CE0x5131750 "{CE0x5131750|_ret_i32_%tmp6,_!dbg_!27716|security/selinux/hooks.c,197}"
CE0x513c960 "{CE0x513c960|cred_has_capability:call|security/selinux/hooks.c,1558}"
CE0x514ee30 "{CE0x514ee30|cred_has_capability:call|security/selinux/hooks.c,1558|*SummSink*}"
CONST[source:0(mediator),value:2(dynamic)][purpose:{object}]


CONST[source:1(input),value:2(dynamic)][purpose:{subject}][SrcIdx:3]  ->  CONST[source:0(mediator),value:2(dynamic)][purpose:{subject}]
-----------
CONST[source:1(input),value:2(dynamic)][purpose:{subject}][SrcIdx:3]
CE0x518cba0 "{CE0x518cba0|4:_i32,_:_CRE_4,8_|*MultipleSource*|security/selinux/hooks.c,196|security/selinux/hooks.c,197|*LoadInst*|security/selinux/hooks.c,196}"
CE0x5194de0 "{CE0x5194de0|cred_sid:tmp6|security/selinux/hooks.c,197}"
CE0x5131750 "{CE0x5131750|_ret_i32_%tmp6,_!dbg_!27716|security/selinux/hooks.c,197}"
CE0x513c960 "{CE0x513c960|cred_has_capability:call|security/selinux/hooks.c,1558}"
CE0x514ee30 "{CE0x514ee30|cred_has_capability:call|security/selinux/hooks.c,1558|*SummSink*}"
CONST[source:0(mediator),value:2(dynamic)][purpose:{subject}]



implicit:
CONST[source:2(external),value:0(static)][purpose:{operation}][SrcIdx:0]  ->  CONST[source:0(mediator),value:0(static)][purpose:{operation}]
-----------
CONST[source:2(external),value:0(static)][purpose:{operation}][SrcIdx:0]
CE0x5196f40 "{CE0x5196f40|i32_1|*Constant*}"
CE0x5127df0 "{CE0x5127df0|cred_has_capability:shl|security/selinux/hooks.c,1559}"
CE0x5127fe0 "{CE0x5127fe0|cred_has_capability:shl|security/selinux/hooks.c,1559|*SummSink*}"
CONST[source:0(mediator),value:0(static)][purpose:{operation}]


CONST[source:2(external),value:0(static)][purpose:{operation}][SrcIdx:0]  ->  CONST[source:0(mediator),value:2(dynamic)][purpose:{object}]
-----------
CONST[source:2(external),value:0(static)][purpose:{operation}][SrcIdx:0]
CE0x5196f40 "{CE0x5196f40|i32_1|*Constant*}"
CE0x5122bc0 "{CE0x5122bc0|cred_has_capability:sw.epilog}"
CE0x5177590 "{CE0x5177590|cred_has_capability:sclass.0}"
CE0x5177770 "{CE0x5177770|cred_has_capability:sclass.0|*SummSink*}"
CONST[source:0(mediator),value:2(dynamic)][purpose:{object}]


CONST[source:1(input),value:2(dynamic)][purpose:{subject}][SrcIdx:3]  ->  CONST[source:0(mediator),value:2(dynamic)][purpose:{object}]
-----------
CONST[source:1(input),value:2(dynamic)][purpose:{subject}][SrcIdx:3]
CE0x518cba0 "{CE0x518cba0|4:_i32,_:_CRE_4,8_|*MultipleSource*|security/selinux/hooks.c,196|security/selinux/hooks.c,197|*LoadInst*|security/selinux/hooks.c,196}"
CE0x5194de0 "{CE0x5194de0|cred_sid:tmp6|security/selinux/hooks.c,197}"
CE0x5131750 "{CE0x5131750|_ret_i32_%tmp6,_!dbg_!27716|security/selinux/hooks.c,197}"
CE0x513c960 "{CE0x513c960|cred_has_capability:call|security/selinux/hooks.c,1558}"
CE0x514ee30 "{CE0x514ee30|cred_has_capability:call|security/selinux/hooks.c,1558|*SummSink*}"
CONST[source:0(mediator),value:2(dynamic)][purpose:{object}]


CONST[source:1(input),value:2(dynamic)][purpose:{subject}][SrcIdx:3]  ->  CONST[source:0(mediator),value:2(dynamic)][purpose:{subject}]
-----------
CONST[source:1(input),value:2(dynamic)][purpose:{subject}][SrcIdx:3]
CE0x518cba0 "{CE0x518cba0|4:_i32,_:_CRE_4,8_|*MultipleSource*|security/selinux/hooks.c,196|security/selinux/hooks.c,197|*LoadInst*|security/selinux/hooks.c,196}"
CE0x5194de0 "{CE0x5194de0|cred_sid:tmp6|security/selinux/hooks.c,197}"
CE0x5131750 "{CE0x5131750|_ret_i32_%tmp6,_!dbg_!27716|security/selinux/hooks.c,197}"
CE0x513c960 "{CE0x513c960|cred_has_capability:call|security/selinux/hooks.c,1558}"
CE0x514ee30 "{CE0x514ee30|cred_has_capability:call|security/selinux/hooks.c,1558|*SummSink*}"
CONST[source:0(mediator),value:2(dynamic)][purpose:{subject}]


CONST[source:1(input),value:2(dynamic)][purpose:{operation}][SrcIdx:2]  ->  CONST[source:0(mediator),value:0(static)][purpose:{operation}]
-----------
CONST[source:1(input),value:2(dynamic)][purpose:{operation}][SrcIdx:2]
CE0x5120550 "{CE0x5120550|selinux_capable:cap|Function::selinux_capable&Arg::cap::|*SummSource*}"
CE0x5129170 "{CE0x5129170|selinux_capable:cap|Function::selinux_capable&Arg::cap::}"
CE0x5127990 "{CE0x5127990|cred_has_capability:cap|Function::cred_has_capability&Arg::cap::}"
CE0x5127b20 "{CE0x5127b20|cred_has_capability:and|security/selinux/hooks.c,1559}"
CE0x5127df0 "{CE0x5127df0|cred_has_capability:shl|security/selinux/hooks.c,1559}"
CE0x5127fe0 "{CE0x5127fe0|cred_has_capability:shl|security/selinux/hooks.c,1559|*SummSink*}"
CONST[source:0(mediator),value:0(static)][purpose:{operation}]


CONST[source:1(input),value:2(dynamic)][purpose:{operation}][SrcIdx:2]  ->  CONST[source:0(mediator),value:2(dynamic)][purpose:{object}]
-----------
CONST[source:1(input),value:2(dynamic)][purpose:{operation}][SrcIdx:2]
CE0x5120550 "{CE0x5120550|selinux_capable:cap|Function::selinux_capable&Arg::cap::|*SummSource*}"
CE0x5129170 "{CE0x5129170|selinux_capable:cap|Function::selinux_capable&Arg::cap::}"
CE0x5127990 "{CE0x5127990|cred_has_capability:cap|Function::cred_has_capability&Arg::cap::}"
CE0x5121160 "{CE0x5121160|cred_has_capability:shr|security/selinux/hooks.c,1565}"
CE0x5122bc0 "{CE0x5122bc0|cred_has_capability:sw.epilog}"
CE0x5177590 "{CE0x5177590|cred_has_capability:sclass.0}"
CE0x5177770 "{CE0x5177770|cred_has_capability:sclass.0|*SummSink*}"
CONST[source:0(mediator),value:2(dynamic)][purpose:{object}]


