[selinux_inode_mknod]

explicit:
CONST[source:1(input),value:2(dynamic)][purpose:{object}][SrcIdx:1]  ->  CONST[source:0(mediator),value:2(dynamic)][purpose:{object}]
-----------
CONST[source:1(input),value:2(dynamic)][purpose:{object}][SrcIdx:1]
CE0x435ba40 "{CE0x435ba40|28:_i32,_:_CRE_28,32_|*MultipleSource*|*LoadInst*|security/selinux/hooks.c,1713|security/selinux/hooks.c,1713|security/selinux/hooks.c,1722}"
CE0x4361e20 "{CE0x4361e20|may_create:tmp29|security/selinux/hooks.c,1722}"
CE0x4362220 "{CE0x4362220|may_create:tmp29|security/selinux/hooks.c,1722|*SummSink*}"
CONST[source:0(mediator),value:2(dynamic)][purpose:{object}]


CONST[source:2(external),value:2(dynamic)][purpose:{subject}][SrcIdx:4]  ->  CONST[source:0(mediator),value:2(dynamic)][purpose:{object}]
-----------
CONST[source:2(external),value:2(dynamic)][purpose:{subject}][SrcIdx:4]
CE0x42b7f80 "{CE0x42b7f80|COLLAPSED:_CMRE:_elem_0::|security/selinux/hooks.c,1706}"
CE0x42b8520 "{CE0x42b8520|may_create:tmp20|security/selinux/hooks.c,1706}"
CE0x42abc40 "{CE0x42abc40|may_create:tmp21|security/selinux/hooks.c,1706}"
CE0x425cc00 "{CE0x425cc00|may_create:create_sid|security/selinux/hooks.c,1717}"
CE0x425cff0 "{CE0x425cff0|may_create:tmp28|security/selinux/hooks.c,1717}"
CE0x425d270 "{CE0x425d270|0:_i32,_:_SCMRE:_elem_0:default:}"
CE0x4399810 "{CE0x4399810|may_create:tmp55|security/selinux/hooks.c,1735}"
CE0x4399a00 "{CE0x4399a00|may_create:tmp55|security/selinux/hooks.c,1735|*SummSink*}"
CONST[source:0(mediator),value:2(dynamic)][purpose:{object}]


CONST[source:2(external),value:2(dynamic)][purpose:{subject}][SrcIdx:4]  ->  CONST[source:0(mediator),value:2(dynamic)][purpose:{subject}]
-----------
CONST[source:2(external),value:2(dynamic)][purpose:{subject}][SrcIdx:4]
CE0x42b7f80 "{CE0x42b7f80|COLLAPSED:_CMRE:_elem_0::|security/selinux/hooks.c,1706}"
CE0x42b8520 "{CE0x42b8520|may_create:tmp20|security/selinux/hooks.c,1706}"
CE0x42abc40 "{CE0x42abc40|may_create:tmp21|security/selinux/hooks.c,1706}"
CE0x436a8b0 "{CE0x436a8b0|may_create:sid11|security/selinux/hooks.c,1716}"
CE0x426dc70 "{CE0x426dc70|may_create:tmp27|security/selinux/hooks.c,1716}"
CE0x426e0b0 "{CE0x426e0b0|may_create:tmp27|security/selinux/hooks.c,1716|*SummSink*}"
CONST[source:0(mediator),value:2(dynamic)][purpose:{subject}]



implicit:
CONST[source:2(external),value:2(dynamic)][purpose:{subject}][SrcIdx:4]  ->  CONST[source:0(mediator),value:2(dynamic)][purpose:{object}]
-----------
CONST[source:2(external),value:2(dynamic)][purpose:{subject}][SrcIdx:4]
CE0x42939b0 "{CE0x42939b0|COLLAPSED:_GCMRE_current_task_external_global_%struct.task_struct*:_elem_0::|security/selinux/hooks.c,1706}"
CE0x42b8520 "{CE0x42b8520|may_create:tmp20|security/selinux/hooks.c,1706}"
CE0x42abc40 "{CE0x42abc40|may_create:tmp21|security/selinux/hooks.c,1706}"
CE0x425cc00 "{CE0x425cc00|may_create:create_sid|security/selinux/hooks.c,1717}"
CE0x425cff0 "{CE0x425cff0|may_create:tmp28|security/selinux/hooks.c,1717}"
CE0x425d270 "{CE0x425d270|0:_i32,_:_SCMRE:_elem_0:default:}"
CE0x4399810 "{CE0x4399810|may_create:tmp55|security/selinux/hooks.c,1735}"
CE0x4399a00 "{CE0x4399a00|may_create:tmp55|security/selinux/hooks.c,1735|*SummSink*}"
CONST[source:0(mediator),value:2(dynamic)][purpose:{object}]


CONST[source:2(external),value:2(dynamic)][purpose:{subject}][SrcIdx:4]  ->  CONST[source:0(mediator),value:2(dynamic)][purpose:{subject}]
-----------
CONST[source:2(external),value:2(dynamic)][purpose:{subject}][SrcIdx:4]
CE0x42939b0 "{CE0x42939b0|COLLAPSED:_GCMRE_current_task_external_global_%struct.task_struct*:_elem_0::|security/selinux/hooks.c,1706}"
CE0x42b8520 "{CE0x42b8520|may_create:tmp20|security/selinux/hooks.c,1706}"
CE0x42abc40 "{CE0x42abc40|may_create:tmp21|security/selinux/hooks.c,1706}"
CE0x436a8b0 "{CE0x436a8b0|may_create:sid11|security/selinux/hooks.c,1716}"
CE0x426dc70 "{CE0x426dc70|may_create:tmp27|security/selinux/hooks.c,1716}"
CE0x426e0b0 "{CE0x426e0b0|may_create:tmp27|security/selinux/hooks.c,1716|*SummSink*}"
CONST[source:0(mediator),value:2(dynamic)][purpose:{subject}]


CONST[source:1(input),value:2(dynamic)][purpose:{object}][SrcIdx:1]  ->  CONST[source:0(mediator),value:2(dynamic)][purpose:{object}]
-----------
CONST[source:1(input),value:2(dynamic)][purpose:{object}][SrcIdx:1]
CE0x435ba40 "{CE0x435ba40|28:_i32,_:_CRE_28,32_|*MultipleSource*|*LoadInst*|security/selinux/hooks.c,1713|security/selinux/hooks.c,1713|security/selinux/hooks.c,1722}"
CE0x4361e20 "{CE0x4361e20|may_create:tmp29|security/selinux/hooks.c,1722}"
CE0x4362220 "{CE0x4362220|may_create:tmp29|security/selinux/hooks.c,1722|*SummSink*}"
CONST[source:0(mediator),value:2(dynamic)][purpose:{object}]


