[selinux_sem_semop]

explicit:
CONST[source:1(input),value:2(dynamic)][purpose:{object}][SrcIdx:4]  ->  CONST[source:0(mediator),value:2(dynamic)][purpose:{object}][SnkIdx:1]
-----------
CONST[source:1(input),value:2(dynamic)][purpose:{object}][SrcIdx:4]
CE0x53948e0 "{CE0x53948e0|0:_i16,_4:_i32,_:_CRE_4,8_|*MultipleSource*|*LoadInst*|security/selinux/hooks.c,5131|security/selinux/hooks.c,5131|security/selinux/hooks.c,5136}"
CE0x5394a60 "{CE0x5394a60|ipc_has_perm:tmp7|security/selinux/hooks.c,5136}"
CE0x5395060 "{CE0x5395060|ipc_has_perm:tmp7|security/selinux/hooks.c,5136|*SummSink*}"
CONST[source:0(mediator),value:2(dynamic)][purpose:{object}][SnkIdx:1]


CONST[source:1(input),value:2(dynamic)][purpose:{object}][SrcIdx:4]  ->  CONST[source:0(mediator),value:2(dynamic)][purpose:{object}][SnkIdx:2]
-----------
CONST[source:1(input),value:2(dynamic)][purpose:{object}][SrcIdx:4]
CE0x5394870 "{CE0x5394870|0:_i16,_4:_i32,_:_CRE_0,2_|*MultipleSource*|*LoadInst*|security/selinux/hooks.c,5131|security/selinux/hooks.c,5131|security/selinux/hooks.c,5136}"
CE0x53953c0 "{CE0x53953c0|ipc_has_perm:tmp8|security/selinux/hooks.c,5136}"
CE0x5395720 "{CE0x5395720|ipc_has_perm:tmp8|security/selinux/hooks.c,5136|*SummSink*}"
CONST[source:0(mediator),value:2(dynamic)][purpose:{object}][SnkIdx:2]


CONST[source:2(external),value:2(dynamic)][purpose:{subject}][SrcIdx:7]  ->  CONST[source:0(mediator),value:2(dynamic)][purpose:{subject}][SnkIdx:0]
-----------
CONST[source:2(external),value:2(dynamic)][purpose:{subject}][SrcIdx:7]
CE0x53a0130 "{CE0x53a0130|COLLAPSED:_CMRE:_elem_0::|security/selinux/hooks.c,218}"
CE0x53a06d0 "{CE0x53a06d0|current_sid:tmp22|security/selinux/hooks.c,218}"
CE0x53a09c0 "{CE0x53a09c0|current_sid:tmp23|security/selinux/hooks.c,218}"
CE0x53a1390 "{CE0x53a1390|current_sid:sid|security/selinux/hooks.c,220}"
CE0x53a2260 "{CE0x53a2260|current_sid:tmp24|security/selinux/hooks.c,220}"
CE0x536f3a0 "{CE0x536f3a0|_ret_i32_%tmp24,_!dbg_!27742|security/selinux/hooks.c,220}"
CE0x5371950 "{CE0x5371950|ipc_has_perm:call|security/selinux/hooks.c,5129}"
CE0x53637b0 "{CE0x53637b0|ipc_has_perm:call|security/selinux/hooks.c,5129|*SummSink*}"
CONST[source:0(mediator),value:2(dynamic)][purpose:{subject}][SnkIdx:0]



implicit:
CONST[source:1(input),value:2(dynamic)][purpose:{object}][SrcIdx:4]  ->  CONST[source:0(mediator),value:2(dynamic)][purpose:{object}][SnkIdx:2]
-----------
CONST[source:1(input),value:2(dynamic)][purpose:{object}][SrcIdx:4]
CE0x5394870 "{CE0x5394870|0:_i16,_4:_i32,_:_CRE_0,2_|*MultipleSource*|*LoadInst*|security/selinux/hooks.c,5131|security/selinux/hooks.c,5131|security/selinux/hooks.c,5136}"
CE0x53953c0 "{CE0x53953c0|ipc_has_perm:tmp8|security/selinux/hooks.c,5136}"
CE0x5395720 "{CE0x5395720|ipc_has_perm:tmp8|security/selinux/hooks.c,5136|*SummSink*}"
CONST[source:0(mediator),value:2(dynamic)][purpose:{object}][SnkIdx:2]


CONST[source:1(input),value:2(dynamic)][purpose:{object}][SrcIdx:4]  ->  CONST[source:0(mediator),value:2(dynamic)][purpose:{object}][SnkIdx:1]
-----------
CONST[source:1(input),value:2(dynamic)][purpose:{object}][SrcIdx:4]
CE0x53948e0 "{CE0x53948e0|0:_i16,_4:_i32,_:_CRE_4,8_|*MultipleSource*|*LoadInst*|security/selinux/hooks.c,5131|security/selinux/hooks.c,5131|security/selinux/hooks.c,5136}"
CE0x5394a60 "{CE0x5394a60|ipc_has_perm:tmp7|security/selinux/hooks.c,5136}"
CE0x5395060 "{CE0x5395060|ipc_has_perm:tmp7|security/selinux/hooks.c,5136|*SummSink*}"
CONST[source:0(mediator),value:2(dynamic)][purpose:{object}][SnkIdx:1]


CONST[source:2(external),value:2(dynamic)][purpose:{subject}][SrcIdx:7]  ->  CONST[source:0(mediator),value:2(dynamic)][purpose:{subject}][SnkIdx:0]
-----------
CONST[source:2(external),value:2(dynamic)][purpose:{subject}][SrcIdx:7]
CE0x53a0130 "{CE0x53a0130|COLLAPSED:_CMRE:_elem_0::|security/selinux/hooks.c,218}"
CE0x53a06d0 "{CE0x53a06d0|current_sid:tmp22|security/selinux/hooks.c,218}"
CE0x53a09c0 "{CE0x53a09c0|current_sid:tmp23|security/selinux/hooks.c,218}"
CE0x53a1390 "{CE0x53a1390|current_sid:sid|security/selinux/hooks.c,220}"
CE0x53a2260 "{CE0x53a2260|current_sid:tmp24|security/selinux/hooks.c,220}"
CE0x536f3a0 "{CE0x536f3a0|_ret_i32_%tmp24,_!dbg_!27742|security/selinux/hooks.c,220}"
CE0x5371950 "{CE0x5371950|ipc_has_perm:call|security/selinux/hooks.c,5129}"
CE0x53637b0 "{CE0x53637b0|ipc_has_perm:call|security/selinux/hooks.c,5129|*SummSink*}"
CONST[source:0(mediator),value:2(dynamic)][purpose:{subject}][SnkIdx:0]


