[tomoyo_socket_sendmsg]

explicit:
CONST[source:1(input),value:2(dynamic)][purpose:{operation}]  ->  CONST[source:0(mediator),value:0(static)][purpose:{operation}]
-----------
CONST[source:1(input),value:2(dynamic)][purpose:{operation}]
CE0x8a508f0 "{CE0x8a508f0|0:_i8,_1:_i8,_32:_i8*,_40:_i32,_:_CMR_1,2_|*MultipleSource*|Function::tomoyo_check_unix_address&Arg::address::|security/tomoyo/network.c,594}"
CE0x72358a0 "{CE0x72358a0|tomoyo_unix_entry:_tmp38|*LoadInst*|security/tomoyo/network.c,567}"
CE0x71f30c0 "{CE0x71f30c0|24:_%struct.tomoyo_path_info*,_32:_i8,_33:_i8,_72:_i8,_:_SCMRE_33,34_}"
CONST[source:0(mediator),value:0(static)][purpose:{operation}]


CONST[source:2(external),value:2(dynamic)][purpose:{subject}]  ->  CONST[source:0(mediator),value:2(dynamic)][purpose:{subject}]
-----------
CONST[source:2(external),value:2(dynamic)][purpose:{subject}]
CE0x8cd7c10 "{CE0x8cd7c10|COLLAPSED:_GCRE_current_task_external_global_%struct.task_struct*:_elem_0::|security/tomoyo/common.h,1205}"
CE0x61b3640 "{CE0x61b3640|tomoyo_domain:_tmp22|security/tomoyo/common.h,1205}"
CE0x61e7ef0 "{CE0x61e7ef0|tomoyo_domain:_tmp23|security/tomoyo/common.h,1205}"
CE0x748adf0 "{CE0x748adf0|_ret_%struct.tomoyo_domain_info*_%tmp23,_!dbg_!38929|security/tomoyo/common.h,1205}"
CE0x72c19a0 "{CE0x72c19a0|tomoyo_init_request_info:_call|security/tomoyo/util.c,1005}"
CE0x7518c60 "{CE0x7518c60|tomoyo_init_request_info:_domain.addr.0}"
CE0x62155c0 "{CE0x62155c0|24:_%struct.tomoyo_path_info*,_32:_i8,_33:_i8,_72:_i8,_:_SCMRE_16,24_|*MultipleSource*|security/tomoyo/network.c,544|security/tomoyo/network.c, 544|Function::tomoyo_init_request_info&Arg::r::|security/tomoyo/network.c,565}"
CONST[source:0(mediator),value:2(dynamic)][purpose:{subject}]


CONST[source:0(mediator),value:1(k-static)][purpose:{operation}]  ->  CONST[source:0(mediator),value:0(static)][purpose:{operation}]
-----------
CONST[source:0(mediator),value:1(k-static)][purpose:{operation}]
CE0x5847810 "{CE0x5847810|0:_i8,_1:_i8,_32:_i8*,_40:_i32,_:_CMR_0,1_|*MultipleSource*|Function::tomoyo_check_unix_address&Arg::address::|security/tomoyo/network.c,594}"
CE0x7226ad0 "{CE0x7226ad0|tomoyo_unix_entry:_tmp37|*LoadInst*|security/tomoyo/network.c,566}"
CE0x71f2f20 "{CE0x71f2f20|24:_%struct.tomoyo_path_info*,_32:_i8,_33:_i8,_72:_i8,_:_SCMRE_32,33_}"
CONST[source:0(mediator),value:0(static)][purpose:{operation}]



implicit:
CONST[source:2(external),value:2(dynamic)][purpose:{subject}]  ->  CONST[source:0(mediator),value:2(dynamic)][purpose:{object}]
-----------
CONST[source:2(external),value:2(dynamic)][purpose:{subject}]
CE0x8cd7c10 "{CE0x8cd7c10|COLLAPSED:_GCRE_current_task_external_global_%struct.task_struct*:_elem_0::|security/tomoyo/common.h,1205}"
CE0x61b3640 "{CE0x61b3640|tomoyo_domain:_tmp22|security/tomoyo/common.h,1205}"
CE0x61e7ef0 "{CE0x61e7ef0|tomoyo_domain:_tmp23|security/tomoyo/common.h,1205}"
CE0x748adf0 "{CE0x748adf0|_ret_%struct.tomoyo_domain_info*_%tmp23,_!dbg_!38929|security/tomoyo/common.h,1205}"
CE0x72c19a0 "{CE0x72c19a0|tomoyo_init_request_info:_call|security/tomoyo/util.c,1005}"
CE0x7518c60 "{CE0x7518c60|tomoyo_init_request_info:_domain.addr.0}"
CE0x73c5cf0 "{CE0x73c5cf0|tomoyo_init_request_info:_ns|security/tomoyo/util.c,1010}"
CE0x742cc00 "{CE0x742cc00|tomoyo_init_request_info:_tmp12|security/tomoyo/util.c,1010}"
CE0x72710c0 "{CE0x72710c0|tomoyo_get_mode:_ns|Function::tomoyo_get_mode&Arg::ns::}"
CE0x63b43c0 "{CE0x63b43c0|COLLAPSED:_CRE:_elem_0:default:}"
CE0x8a67760 "{CE0x8a67760|tomoyo_get_mode:_tmp24|security/tomoyo/util.c,986}"
CE0x8a675a0 "{CE0x8a675a0|tomoyo_get_mode:_mode.1}"
CE0x55118f0 "{CE0x55118f0|tomoyo_get_mode:_conv15|security/tomoyo/util.c,987}"
CE0x5511df0 "{CE0x5511df0|tomoyo_get_mode:_and|security/tomoyo/util.c,987}"
CE0x54ee960 "{CE0x54ee960|tomoyo_get_mode:_retval.0}"
CE0x743f260 "{CE0x743f260|_ret_i32_%retval.0,_!dbg_!38935|security/tomoyo/util.c,988}"
CE0x742d000 "{CE0x742d000|tomoyo_init_request_info:_call4|security/tomoyo/util.c,1010}"
CE0x743ee70 "{CE0x743ee70|tomoyo_init_request_info:_conv|security/tomoyo/util.c,1010}"
CE0x7185870 "{CE0x7185870|24:_%struct.tomoyo_path_info*,_32:_i8,_33:_i8,_72:_i8,_:_SCMRE_76,77_|*MultipleSource*|security/tomoyo/network.c,544|security/tomoyo/network.c, 544|Function::tomoyo_init_request_info&Arg::r::|security/tomoyo/network.c,565}"
CE0x8a01260 "{CE0x8a01260|tomoyo_init_request_info:_tmp13|*LoadInst*|security/tomoyo/util.c,1011}"
CE0x8a56010 "{CE0x8a56010|tomoyo_init_request_info:_conv6|security/tomoyo/util.c,1011}"
CE0x75ab090 "{CE0x75ab090|_ret_i32_%conv6,_!dbg_!38926|security/tomoyo/util.c,1011}"
CE0x70b7340 "{CE0x70b7340|tomoyo_unix_entry:_call3|security/tomoyo/network.c,548}"
CE0x7477dc0 "{CE0x7477dc0|tomoyo_unix_entry:_cmp|security/tomoyo/network.c,549}"
CE0x7349ad0 "{CE0x7349ad0|tomoyo_unix_entry:_if.then20}"
CE0x616fe80 "{CE0x616fe80|24:_%struct.tomoyo_path_info*,_32:_i8,_33:_i8,_72:_i8,_:_SCMRE_25,26_}"
CONST[source:0(mediator),value:2(dynamic)][purpose:{object}]


CONST[source:2(external),value:2(dynamic)][purpose:{subject}]  ->  CONST[source:0(mediator),value:0(static)][purpose:{operation}]
-----------
CONST[source:2(external),value:2(dynamic)][purpose:{subject}]
CE0x8cd7c10 "{CE0x8cd7c10|COLLAPSED:_GCRE_current_task_external_global_%struct.task_struct*:_elem_0::|security/tomoyo/common.h,1205}"
CE0x61b3640 "{CE0x61b3640|tomoyo_domain:_tmp22|security/tomoyo/common.h,1205}"
CE0x61e7ef0 "{CE0x61e7ef0|tomoyo_domain:_tmp23|security/tomoyo/common.h,1205}"
CE0x748adf0 "{CE0x748adf0|_ret_%struct.tomoyo_domain_info*_%tmp23,_!dbg_!38929|security/tomoyo/common.h,1205}"
CE0x72c19a0 "{CE0x72c19a0|tomoyo_init_request_info:_call|security/tomoyo/util.c,1005}"
CE0x7518c60 "{CE0x7518c60|tomoyo_init_request_info:_domain.addr.0}"
CE0x73c5cf0 "{CE0x73c5cf0|tomoyo_init_request_info:_ns|security/tomoyo/util.c,1010}"
CE0x742cc00 "{CE0x742cc00|tomoyo_init_request_info:_tmp12|security/tomoyo/util.c,1010}"
CE0x72710c0 "{CE0x72710c0|tomoyo_get_mode:_ns|Function::tomoyo_get_mode&Arg::ns::}"
CE0x63b43c0 "{CE0x63b43c0|COLLAPSED:_CRE:_elem_0:default:}"
CE0x8a67760 "{CE0x8a67760|tomoyo_get_mode:_tmp24|security/tomoyo/util.c,986}"
CE0x8a675a0 "{CE0x8a675a0|tomoyo_get_mode:_mode.1}"
CE0x55118f0 "{CE0x55118f0|tomoyo_get_mode:_conv15|security/tomoyo/util.c,987}"
CE0x5511df0 "{CE0x5511df0|tomoyo_get_mode:_and|security/tomoyo/util.c,987}"
CE0x54ee960 "{CE0x54ee960|tomoyo_get_mode:_retval.0}"
CE0x743f260 "{CE0x743f260|_ret_i32_%retval.0,_!dbg_!38935|security/tomoyo/util.c,988}"
CE0x742d000 "{CE0x742d000|tomoyo_init_request_info:_call4|security/tomoyo/util.c,1010}"
CE0x743ee70 "{CE0x743ee70|tomoyo_init_request_info:_conv|security/tomoyo/util.c,1010}"
CE0x7185870 "{CE0x7185870|24:_%struct.tomoyo_path_info*,_32:_i8,_33:_i8,_72:_i8,_:_SCMRE_76,77_|*MultipleSource*|security/tomoyo/network.c,544|security/tomoyo/network.c, 544|Function::tomoyo_init_request_info&Arg::r::|security/tomoyo/network.c,565}"
CE0x8a01260 "{CE0x8a01260|tomoyo_init_request_info:_tmp13|*LoadInst*|security/tomoyo/util.c,1011}"
CE0x8a56010 "{CE0x8a56010|tomoyo_init_request_info:_conv6|security/tomoyo/util.c,1011}"
CE0x75ab090 "{CE0x75ab090|_ret_i32_%conv6,_!dbg_!38926|security/tomoyo/util.c,1011}"
CE0x70b7340 "{CE0x70b7340|tomoyo_unix_entry:_call3|security/tomoyo/network.c,548}"
CE0x7477dc0 "{CE0x7477dc0|tomoyo_unix_entry:_cmp|security/tomoyo/network.c,549}"
CE0x7349ad0 "{CE0x7349ad0|tomoyo_unix_entry:_if.then20}"
CE0x71f2f20 "{CE0x71f2f20|24:_%struct.tomoyo_path_info*,_32:_i8,_33:_i8,_72:_i8,_:_SCMRE_32,33_}"
CONST[source:0(mediator),value:0(static)][purpose:{operation}]


CONST[source:2(external),value:2(dynamic)][purpose:{subject}]  ->  CONST[source:0(mediator),value:2(dynamic)][purpose:{subject}]
-----------
CONST[source:2(external),value:2(dynamic)][purpose:{subject}]
CE0x8cd7c10 "{CE0x8cd7c10|COLLAPSED:_GCRE_current_task_external_global_%struct.task_struct*:_elem_0::|security/tomoyo/common.h,1205}"
CE0x61b3640 "{CE0x61b3640|tomoyo_domain:_tmp22|security/tomoyo/common.h,1205}"
CE0x61e7ef0 "{CE0x61e7ef0|tomoyo_domain:_tmp23|security/tomoyo/common.h,1205}"
CE0x748adf0 "{CE0x748adf0|_ret_%struct.tomoyo_domain_info*_%tmp23,_!dbg_!38929|security/tomoyo/common.h,1205}"
CE0x72c19a0 "{CE0x72c19a0|tomoyo_init_request_info:_call|security/tomoyo/util.c,1005}"
CE0x7518c60 "{CE0x7518c60|tomoyo_init_request_info:_domain.addr.0}"
CE0x62155c0 "{CE0x62155c0|24:_%struct.tomoyo_path_info*,_32:_i8,_33:_i8,_72:_i8,_:_SCMRE_16,24_|*MultipleSource*|security/tomoyo/network.c,544|security/tomoyo/network.c, 544|Function::tomoyo_init_request_info&Arg::r::|security/tomoyo/network.c,565}"
CONST[source:0(mediator),value:2(dynamic)][purpose:{subject}]


CONST[source:0(mediator),value:1(k-static)][purpose:{operation}]  ->  CONST[source:0(mediator),value:2(dynamic)][purpose:{object}]
-----------
CONST[source:0(mediator),value:1(k-static)][purpose:{operation}]
CE0x5847810 "{CE0x5847810|0:_i8,_1:_i8,_32:_i8*,_40:_i32,_:_CMR_0,1_|*MultipleSource*|Function::tomoyo_check_unix_address&Arg::address::|security/tomoyo/network.c,594}"
CE0x5758770 "{CE0x5758770|tomoyo_unix_entry:_tmp4|*LoadInst*|security/tomoyo/network.c,546}"
CE0x8b35430 "{CE0x8b35430|tomoyo_unix_entry:_idxprom1|security/tomoyo/network.c,546}"
CE0x8b35900 "{CE0x8b35900|tomoyo_unix_entry:_arrayidx|security/tomoyo/network.c,546}"
CE0x56969b0 "{CE0x56969b0|tomoyo_unix_entry:_arrayidx2|security/tomoyo/network.c,546}"
CE0x55efd70 "{CE0x55efd70|tomoyo_unix_entry:_tmp5|security/tomoyo/network.c,546}"
CE0x55eff80 "{CE0x55eff80|tomoyo_unix_entry:_conv|security/tomoyo/network.c,548}"
CE0x801bde0 "{CE0x801bde0|tomoyo_unix_entry:_tobool|security/tomoyo/network.c,548}"
CE0x7349ad0 "{CE0x7349ad0|tomoyo_unix_entry:_if.then20}"
CE0x616fe80 "{CE0x616fe80|24:_%struct.tomoyo_path_info*,_32:_i8,_33:_i8,_72:_i8,_:_SCMRE_25,26_}"
CONST[source:0(mediator),value:2(dynamic)][purpose:{object}]


CONST[source:0(mediator),value:1(k-static)][purpose:{operation}]  ->  CONST[source:0(mediator),value:0(static)][purpose:{operation}]
-----------
CONST[source:0(mediator),value:1(k-static)][purpose:{operation}]
CE0x5847810 "{CE0x5847810|0:_i8,_1:_i8,_32:_i8*,_40:_i32,_:_CMR_0,1_|*MultipleSource*|Function::tomoyo_check_unix_address&Arg::address::|security/tomoyo/network.c,594}"
CE0x7226ad0 "{CE0x7226ad0|tomoyo_unix_entry:_tmp37|*LoadInst*|security/tomoyo/network.c,566}"
CE0x71f2f20 "{CE0x71f2f20|24:_%struct.tomoyo_path_info*,_32:_i8,_33:_i8,_72:_i8,_:_SCMRE_32,33_}"
CONST[source:0(mediator),value:0(static)][purpose:{operation}]


CONST[source:0(mediator),value:1(k-static)][purpose:{operation}]  ->  CONST[source:0(mediator),value:2(dynamic)][purpose:{subject}]
-----------
CONST[source:0(mediator),value:1(k-static)][purpose:{operation}]
CE0x5847810 "{CE0x5847810|0:_i8,_1:_i8,_32:_i8*,_40:_i32,_:_CMR_0,1_|*MultipleSource*|Function::tomoyo_check_unix_address&Arg::address::|security/tomoyo/network.c,594}"
CE0x5758770 "{CE0x5758770|tomoyo_unix_entry:_tmp4|*LoadInst*|security/tomoyo/network.c,546}"
CE0x8b35430 "{CE0x8b35430|tomoyo_unix_entry:_idxprom1|security/tomoyo/network.c,546}"
CE0x8b35900 "{CE0x8b35900|tomoyo_unix_entry:_arrayidx|security/tomoyo/network.c,546}"
CE0x56969b0 "{CE0x56969b0|tomoyo_unix_entry:_arrayidx2|security/tomoyo/network.c,546}"
CE0x55efd70 "{CE0x55efd70|tomoyo_unix_entry:_tmp5|security/tomoyo/network.c,546}"
CE0x55eff80 "{CE0x55eff80|tomoyo_unix_entry:_conv|security/tomoyo/network.c,548}"
CE0x801bde0 "{CE0x801bde0|tomoyo_unix_entry:_tobool|security/tomoyo/network.c,548}"
CE0x748b1b0 "{CE0x748b1b0|tomoyo_unix_entry:_land.lhs.true}"
CE0x55586d0 "{CE0x55586d0|tomoyo_init_request_info:_entry}"
CE0x740e4f0 "{CE0x740e4f0|tomoyo_init_request_info:_if.end}"
CE0x62155c0 "{CE0x62155c0|24:_%struct.tomoyo_path_info*,_32:_i8,_33:_i8,_72:_i8,_:_SCMRE_16,24_|*MultipleSource*|security/tomoyo/network.c,544|security/tomoyo/network.c, 544|Function::tomoyo_init_request_info&Arg::r::|security/tomoyo/network.c,565}"
CONST[source:0(mediator),value:2(dynamic)][purpose:{subject}]


CONST[source:1(input),value:2(dynamic)][purpose:{object}]  ->  CONST[source:0(mediator),value:2(dynamic)][purpose:{object}]
-----------
CONST[source:1(input),value:2(dynamic)][purpose:{object}]
CE0x8ae9ee0 "{CE0x8ae9ee0|VOIDTB_TE:_GIE_Function_Attrs:_noredzone_nounwind_optsize_define_internal_zeroext_i1_tomoyo_check_path2_acl(%struct.tomoyo_request_info*_%r,_%struct.tomoyo_acl_info*_%ptr)_#0_entry:_%tmp_load_i64,_i64*_getelementptr_inbounds_(_7_x_i64_,_7_x_i64_*___llvm_gcov_ctr38,_i64_0,_i64_0)_%tmp1_add_i64_%tmp,_1_store_i64_%tmp1,_i64*_getelementptr_inbounds_(_7_x_i64_,_7_x_i64_*___llvm_gcov_ctr38,_i64_0,_i64_0)_br_label_%bb_bb:_preds_%entry_call_void_mcount()_#3_call_void_llvm.dbg.value(metadata_%struct.tomoyo_request_info*_%r,_i64_0,_metadata_!8419,_metadata_!38901),_!dbg_!39766_call_void_llvm.dbg.value(metadata_%struct.tomoyo_acl_info*_%ptr,_i64_0,_metadata_!8420,_metadata_!38901),_!dbg_!39767_call_void_llvm.dbg.value(metadata_%struct.tomoyo_acl_info*_%ptr,_i64_0,_metadata_!8422,_metadata_!38901),_!dbg_!39768_%tmp2_bitcast_%struct.tomoyo_acl_info*_%ptr_to_i8*,_!dbg_!39769_%add.ptr_getelementptr_i8,_i8*_%tmp2,_i64_0,_!dbg_!39770_%tmp3_bitcast_i8*_%add.ptr_to_%struct.tomoyo_path2_acl*,_!dbg_!39771_call_void_llvm.dbg.value(metadata_%struct.tomoyo_path2_acl*_%tmp3,_i64_0,_metadata_!8421,_metadata_!38901),_!dbg_!39772_%perm_getelementptr_inbounds_%struct.tomoyo_path2_acl,_%struct.tomoyo_path2_acl*_%tmp3,_i32_0,_i32_1,_!dbg_!39773_%tmp4_load_i8,_i8*_%perm,_align_1,_!dbg_!39773_%conv_zext_i8_%tmp4_to_i32,_!dbg_!39774_%param_getelementptr_inbounds_%struct.tomoyo_request_info,_%struct.tomoyo_request_info*_%r,_i32_0,_i32_3,_!dbg_!39775_%path2_bitcast_%union.anon.91*_%param_to_%struct.anon.92*,_!dbg_!39776_%operation_getelementptr_inbounds_%struct.anon.92,_%struct.anon.92*_%path2,_i32_0,_i32_2,_!dbg_!39777_%tmp5_load_i8,_i8*_%operation,_align_1,_!dbg_!39777_%conv1_zext_i8_%tmp5_to_i32,_!dbg_!39778_%shl_shl_i32_1,_%conv1,_!dbg_!39779_%and_and_i32_%conv,_%shl,_!dbg_!39780_%tobool_icmp_ne_i32_%and,_0,_!dbg_!39780_%tmp6_select_i1_%tobool,_i64_1,_i64_2,_!dbg_!39781_%tmp7_getelementptr_inbounds_7_x_i64_,_7_x_i64_*___llvm_gcov_ctr38,_i64_0,_i64_%tmp6,_!dbg_!39781_%tmp8_load_i64,_i64*_%tmp7,_!dbg_!39781_%tmp9_add_i64_%tmp8,_1,_!dbg_!39781_store_i64_%tmp9,_i64*_%tmp7,_!dbg_!39781_br_i1_%tobool,_label_%land.lhs.true,_label_%land.end,_!dbg_!39781_land.lhs.true:_preds_%bb_%param2_getelementptr_inbounds_%struct.tomoyo_request_info,_%struct.tomoyo_request_info*_%r,_i32_0,_i32_3,_!dbg_!39782_%path23_bitcast_%union.anon.91*_%param2_to_%struct.anon.92*,_!dbg_!39783_%filename1_getelementptr_inbounds_%struct.anon.92,_%struct.anon.92*_%path23,_i32_0,_i32_0,_!dbg_!39784_%tmp10_load_%struct.tomoyo_path_info*,_%struct.tomoyo_path_info**_%filename1,_align_8,_!dbg_!39784_%name1_getelementptr_inbounds_%struct.tomoyo_path2_acl,_%struct.tomoyo_path2_acl*_%tmp3,_i32_0,_i32_2,_!dbg_!39785_%call_call_%struct.tomoyo_path_info*_tomoyo_compare_name_union(%struct.tomoyo_path_info*_%tmp10,_%struct.tomoyo_name_union*_%name1)_#9,_!dbg_!39786_%tobool4_icmp_ne_%struct.tomoyo_path_info*_%call,_null,_!dbg_!39786_%tmp11_select_i1_%tobool4,_i64_3,_i64_4,_!dbg_!39787_%tmp12_getelementptr_inbounds_7_x_i64_,_7_x_i64_*___llvm_gcov_ctr38,_i64_0,_i64_%tmp11,_!dbg_!39787_%tmp13_load_i64,_i64*_%tmp12,_!dbg_!39787_%tmp14_add_i64_%tmp13,_1,_!dbg_!39787_store_i64_%tmp14,_i64*_%tmp12,_!dbg_!39787_br_i1_%tobool4,_label_%land.rhs,_label_%land.end,_!dbg_!39787_land.rhs:_preds_%land.lhs.true_%tmp15_load_i64,_i64*_getelementptr_inbounds_(_7_x_i64_,_7_x_i64_*___llvm_gcov_ctr38,_i64_0,_i64_5),_!dbg_!39788_%tmp16_add_i64_%tmp15,_1,_!dbg_!39788_store_i64_%tmp16,_i64*_getelementptr_inbounds_(_7_x_i64_,_7_x_i64_*___llvm_gcov_ctr38,_i64_0,_i64_5),_!dbg_!39788_%param5_getelementptr_inbounds_%struct.tomoyo_request_info,_%struct.tomoyo_request_info*_%r,_i32_0,_i32_3,_!dbg_!39790_%path26_bitcast_%union.anon.91*_%param5_to_%struct.anon.92*,_!dbg_!39791_%filename2_getelementptr_inbounds_%struct.anon.92,_%struct.anon.92*_%path26,_i32_0,_i32_1,_!dbg_!39792_%tmp17_load_%struct.tomoyo_path_info*,_%struct.tomoyo_path_info**_%filename2,_align_8,_!dbg_!39792_%name2_getelementptr_inbounds_%struct.tomoyo_path2_acl,_%struct.tomoyo_path2_acl*_%tmp3,_i32_0,_i32_3,_!dbg_!39793_%call7_call_%struct.tomoyo_path_info*_tomoyo_compare_name_union(%struct.tomoyo_path_info*_%tmp17,_%struct.tomoyo_name_union*_%name2)_#9,_!dbg_!39794_%tobool8_icmp_ne_%struct.tomoyo_path_info*_%call7,_null,_!dbg_!39787_br_label_%land.end_land.end:_preds_%land.rhs,_%land.lhs.true,_%bb_%tmp18_phi_i1_false,_%land.lhs.true_,_false,_%bb_,_%tobool8,_%land.rhs_%tmp19_load_i64,_i64*_getelementptr_inbounds_(_7_x_i64_,_7_x_i64_*___llvm_gcov_ctr38,_i64_0,_i64_6),_!dbg_!39795_%tmp20_add_i64_%tmp19,_1,_!dbg_!39795_store_i64_%tmp20,_i64*_getelementptr_inbounds_(_7_x_i64_,_7_x_i64_*___llvm_gcov_ctr38,_i64_0,_i64_6),_!dbg_!39795_ret_i1_%tmp18,_!dbg_!39795_2,16_|*MultipleSource*|Function::tomoyo_check_unix_address&Arg::addr::|security/tomoyo/network.c,596}"
CE0x7064680 "{CE0x7064680|tomoyo_unix_entry:_call18|security/tomoyo/network.c,559}"
CE0x56f0a30 "{CE0x56f0a30|tomoyo_unix_entry:_tobool19|security/tomoyo/network.c,560}"
CE0x7349ad0 "{CE0x7349ad0|tomoyo_unix_entry:_if.then20}"
CE0x616fe80 "{CE0x616fe80|24:_%struct.tomoyo_path_info*,_32:_i8,_33:_i8,_72:_i8,_:_SCMRE_25,26_}"
CONST[source:0(mediator),value:2(dynamic)][purpose:{object}]


CONST[source:1(input),value:2(dynamic)][purpose:{object}]  ->  CONST[source:0(mediator),value:0(static)][purpose:{operation}]
-----------
CONST[source:1(input),value:2(dynamic)][purpose:{object}]
CE0x8ae9ee0 "{CE0x8ae9ee0|VOIDTB_TE:_GIE_Function_Attrs:_noredzone_nounwind_optsize_define_internal_zeroext_i1_tomoyo_check_path2_acl(%struct.tomoyo_request_info*_%r,_%struct.tomoyo_acl_info*_%ptr)_#0_entry:_%tmp_load_i64,_i64*_getelementptr_inbounds_(_7_x_i64_,_7_x_i64_*___llvm_gcov_ctr38,_i64_0,_i64_0)_%tmp1_add_i64_%tmp,_1_store_i64_%tmp1,_i64*_getelementptr_inbounds_(_7_x_i64_,_7_x_i64_*___llvm_gcov_ctr38,_i64_0,_i64_0)_br_label_%bb_bb:_preds_%entry_call_void_mcount()_#3_call_void_llvm.dbg.value(metadata_%struct.tomoyo_request_info*_%r,_i64_0,_metadata_!8419,_metadata_!38901),_!dbg_!39766_call_void_llvm.dbg.value(metadata_%struct.tomoyo_acl_info*_%ptr,_i64_0,_metadata_!8420,_metadata_!38901),_!dbg_!39767_call_void_llvm.dbg.value(metadata_%struct.tomoyo_acl_info*_%ptr,_i64_0,_metadata_!8422,_metadata_!38901),_!dbg_!39768_%tmp2_bitcast_%struct.tomoyo_acl_info*_%ptr_to_i8*,_!dbg_!39769_%add.ptr_getelementptr_i8,_i8*_%tmp2,_i64_0,_!dbg_!39770_%tmp3_bitcast_i8*_%add.ptr_to_%struct.tomoyo_path2_acl*,_!dbg_!39771_call_void_llvm.dbg.value(metadata_%struct.tomoyo_path2_acl*_%tmp3,_i64_0,_metadata_!8421,_metadata_!38901),_!dbg_!39772_%perm_getelementptr_inbounds_%struct.tomoyo_path2_acl,_%struct.tomoyo_path2_acl*_%tmp3,_i32_0,_i32_1,_!dbg_!39773_%tmp4_load_i8,_i8*_%perm,_align_1,_!dbg_!39773_%conv_zext_i8_%tmp4_to_i32,_!dbg_!39774_%param_getelementptr_inbounds_%struct.tomoyo_request_info,_%struct.tomoyo_request_info*_%r,_i32_0,_i32_3,_!dbg_!39775_%path2_bitcast_%union.anon.91*_%param_to_%struct.anon.92*,_!dbg_!39776_%operation_getelementptr_inbounds_%struct.anon.92,_%struct.anon.92*_%path2,_i32_0,_i32_2,_!dbg_!39777_%tmp5_load_i8,_i8*_%operation,_align_1,_!dbg_!39777_%conv1_zext_i8_%tmp5_to_i32,_!dbg_!39778_%shl_shl_i32_1,_%conv1,_!dbg_!39779_%and_and_i32_%conv,_%shl,_!dbg_!39780_%tobool_icmp_ne_i32_%and,_0,_!dbg_!39780_%tmp6_select_i1_%tobool,_i64_1,_i64_2,_!dbg_!39781_%tmp7_getelementptr_inbounds_7_x_i64_,_7_x_i64_*___llvm_gcov_ctr38,_i64_0,_i64_%tmp6,_!dbg_!39781_%tmp8_load_i64,_i64*_%tmp7,_!dbg_!39781_%tmp9_add_i64_%tmp8,_1,_!dbg_!39781_store_i64_%tmp9,_i64*_%tmp7,_!dbg_!39781_br_i1_%tobool,_label_%land.lhs.true,_label_%land.end,_!dbg_!39781_land.lhs.true:_preds_%bb_%param2_getelementptr_inbounds_%struct.tomoyo_request_info,_%struct.tomoyo_request_info*_%r,_i32_0,_i32_3,_!dbg_!39782_%path23_bitcast_%union.anon.91*_%param2_to_%struct.anon.92*,_!dbg_!39783_%filename1_getelementptr_inbounds_%struct.anon.92,_%struct.anon.92*_%path23,_i32_0,_i32_0,_!dbg_!39784_%tmp10_load_%struct.tomoyo_path_info*,_%struct.tomoyo_path_info**_%filename1,_align_8,_!dbg_!39784_%name1_getelementptr_inbounds_%struct.tomoyo_path2_acl,_%struct.tomoyo_path2_acl*_%tmp3,_i32_0,_i32_2,_!dbg_!39785_%call_call_%struct.tomoyo_path_info*_tomoyo_compare_name_union(%struct.tomoyo_path_info*_%tmp10,_%struct.tomoyo_name_union*_%name1)_#9,_!dbg_!39786_%tobool4_icmp_ne_%struct.tomoyo_path_info*_%call,_null,_!dbg_!39786_%tmp11_select_i1_%tobool4,_i64_3,_i64_4,_!dbg_!39787_%tmp12_getelementptr_inbounds_7_x_i64_,_7_x_i64_*___llvm_gcov_ctr38,_i64_0,_i64_%tmp11,_!dbg_!39787_%tmp13_load_i64,_i64*_%tmp12,_!dbg_!39787_%tmp14_add_i64_%tmp13,_1,_!dbg_!39787_store_i64_%tmp14,_i64*_%tmp12,_!dbg_!39787_br_i1_%tobool4,_label_%land.rhs,_label_%land.end,_!dbg_!39787_land.rhs:_preds_%land.lhs.true_%tmp15_load_i64,_i64*_getelementptr_inbounds_(_7_x_i64_,_7_x_i64_*___llvm_gcov_ctr38,_i64_0,_i64_5),_!dbg_!39788_%tmp16_add_i64_%tmp15,_1,_!dbg_!39788_store_i64_%tmp16,_i64*_getelementptr_inbounds_(_7_x_i64_,_7_x_i64_*___llvm_gcov_ctr38,_i64_0,_i64_5),_!dbg_!39788_%param5_getelementptr_inbounds_%struct.tomoyo_request_info,_%struct.tomoyo_request_info*_%r,_i32_0,_i32_3,_!dbg_!39790_%path26_bitcast_%union.anon.91*_%param5_to_%struct.anon.92*,_!dbg_!39791_%filename2_getelementptr_inbounds_%struct.anon.92,_%struct.anon.92*_%path26,_i32_0,_i32_1,_!dbg_!39792_%tmp17_load_%struct.tomoyo_path_info*,_%struct.tomoyo_path_info**_%filename2,_align_8,_!dbg_!39792_%name2_getelementptr_inbounds_%struct.tomoyo_path2_acl,_%struct.tomoyo_path2_acl*_%tmp3,_i32_0,_i32_3,_!dbg_!39793_%call7_call_%struct.tomoyo_path_info*_tomoyo_compare_name_union(%struct.tomoyo_path_info*_%tmp17,_%struct.tomoyo_name_union*_%name2)_#9,_!dbg_!39794_%tobool8_icmp_ne_%struct.tomoyo_path_info*_%call7,_null,_!dbg_!39787_br_label_%land.end_land.end:_preds_%land.rhs,_%land.lhs.true,_%bb_%tmp18_phi_i1_false,_%land.lhs.true_,_false,_%bb_,_%tobool8,_%land.rhs_%tmp19_load_i64,_i64*_getelementptr_inbounds_(_7_x_i64_,_7_x_i64_*___llvm_gcov_ctr38,_i64_0,_i64_6),_!dbg_!39795_%tmp20_add_i64_%tmp19,_1,_!dbg_!39795_store_i64_%tmp20,_i64*_getelementptr_inbounds_(_7_x_i64_,_7_x_i64_*___llvm_gcov_ctr38,_i64_0,_i64_6),_!dbg_!39795_ret_i1_%tmp18,_!dbg_!39795_2,16_|*MultipleSource*|Function::tomoyo_check_unix_address&Arg::addr::|security/tomoyo/network.c,596}"
CE0x7064680 "{CE0x7064680|tomoyo_unix_entry:_call18|security/tomoyo/network.c,559}"
CE0x56f0a30 "{CE0x56f0a30|tomoyo_unix_entry:_tobool19|security/tomoyo/network.c,560}"
CE0x7349ad0 "{CE0x7349ad0|tomoyo_unix_entry:_if.then20}"
CE0x71f2f20 "{CE0x71f2f20|24:_%struct.tomoyo_path_info*,_32:_i8,_33:_i8,_72:_i8,_:_SCMRE_32,33_}"
CONST[source:0(mediator),value:0(static)][purpose:{operation}]


CONST[source:1(input),value:2(dynamic)][purpose:{object}]  ->  CONST[source:0(mediator),value:2(dynamic)][purpose:{subject}]
-----------
CONST[source:1(input),value:2(dynamic)][purpose:{object}]
CE0x8a501d0 "{CE0x8a501d0|VOIDTB_TE:_GIE_Function_Attrs:_noredzone_nounwind_optsize_define_internal_zeroext_i1_tomoyo_check_path2_acl(%struct.tomoyo_request_info*_%r,_%struct.tomoyo_acl_info*_%ptr)_#0_entry:_%tmp_load_i64,_i64*_getelementptr_inbounds_(_7_x_i64_,_7_x_i64_*___llvm_gcov_ctr38,_i64_0,_i64_0)_%tmp1_add_i64_%tmp,_1_store_i64_%tmp1,_i64*_getelementptr_inbounds_(_7_x_i64_,_7_x_i64_*___llvm_gcov_ctr38,_i64_0,_i64_0)_br_label_%bb_bb:_preds_%entry_call_void_mcount()_#3_call_void_llvm.dbg.value(metadata_%struct.tomoyo_request_info*_%r,_i64_0,_metadata_!8419,_metadata_!38901),_!dbg_!39766_call_void_llvm.dbg.value(metadata_%struct.tomoyo_acl_info*_%ptr,_i64_0,_metadata_!8420,_metadata_!38901),_!dbg_!39767_call_void_llvm.dbg.value(metadata_%struct.tomoyo_acl_info*_%ptr,_i64_0,_metadata_!8422,_metadata_!38901),_!dbg_!39768_%tmp2_bitcast_%struct.tomoyo_acl_info*_%ptr_to_i8*,_!dbg_!39769_%add.ptr_getelementptr_i8,_i8*_%tmp2,_i64_0,_!dbg_!39770_%tmp3_bitcast_i8*_%add.ptr_to_%struct.tomoyo_path2_acl*,_!dbg_!39771_call_void_llvm.dbg.value(metadata_%struct.tomoyo_path2_acl*_%tmp3,_i64_0,_metadata_!8421,_metadata_!38901),_!dbg_!39772_%perm_getelementptr_inbounds_%struct.tomoyo_path2_acl,_%struct.tomoyo_path2_acl*_%tmp3,_i32_0,_i32_1,_!dbg_!39773_%tmp4_load_i8,_i8*_%perm,_align_1,_!dbg_!39773_%conv_zext_i8_%tmp4_to_i32,_!dbg_!39774_%param_getelementptr_inbounds_%struct.tomoyo_request_info,_%struct.tomoyo_request_info*_%r,_i32_0,_i32_3,_!dbg_!39775_%path2_bitcast_%union.anon.91*_%param_to_%struct.anon.92*,_!dbg_!39776_%operation_getelementptr_inbounds_%struct.anon.92,_%struct.anon.92*_%path2,_i32_0,_i32_2,_!dbg_!39777_%tmp5_load_i8,_i8*_%operation,_align_1,_!dbg_!39777_%conv1_zext_i8_%tmp5_to_i32,_!dbg_!39778_%shl_shl_i32_1,_%conv1,_!dbg_!39779_%and_and_i32_%conv,_%shl,_!dbg_!39780_%tobool_icmp_ne_i32_%and,_0,_!dbg_!39780_%tmp6_select_i1_%tobool,_i64_1,_i64_2,_!dbg_!39781_%tmp7_getelementptr_inbounds_7_x_i64_,_7_x_i64_*___llvm_gcov_ctr38,_i64_0,_i64_%tmp6,_!dbg_!39781_%tmp8_load_i64,_i64*_%tmp7,_!dbg_!39781_%tmp9_add_i64_%tmp8,_1,_!dbg_!39781_store_i64_%tmp9,_i64*_%tmp7,_!dbg_!39781_br_i1_%tobool,_label_%land.lhs.true,_label_%land.end,_!dbg_!39781_land.lhs.true:_preds_%bb_%param2_getelementptr_inbounds_%struct.tomoyo_request_info,_%struct.tomoyo_request_info*_%r,_i32_0,_i32_3,_!dbg_!39782_%path23_bitcast_%union.anon.91*_%param2_to_%struct.anon.92*,_!dbg_!39783_%filename1_getelementptr_inbounds_%struct.anon.92,_%struct.anon.92*_%path23,_i32_0,_i32_0,_!dbg_!39784_%tmp10_load_%struct.tomoyo_path_info*,_%struct.tomoyo_path_info**_%filename1,_align_8,_!dbg_!39784_%name1_getelementptr_inbounds_%struct.tomoyo_path2_acl,_%struct.tomoyo_path2_acl*_%tmp3,_i32_0,_i32_2,_!dbg_!39785_%call_call_%struct.tomoyo_path_info*_tomoyo_compare_name_union(%struct.tomoyo_path_info*_%tmp10,_%struct.tomoyo_name_union*_%name1)_#9,_!dbg_!39786_%tobool4_icmp_ne_%struct.tomoyo_path_info*_%call,_null,_!dbg_!39786_%tmp11_select_i1_%tobool4,_i64_3,_i64_4,_!dbg_!39787_%tmp12_getelementptr_inbounds_7_x_i64_,_7_x_i64_*___llvm_gcov_ctr38,_i64_0,_i64_%tmp11,_!dbg_!39787_%tmp13_load_i64,_i64*_%tmp12,_!dbg_!39787_%tmp14_add_i64_%tmp13,_1,_!dbg_!39787_store_i64_%tmp14,_i64*_%tmp12,_!dbg_!39787_br_i1_%tobool4,_label_%land.rhs,_label_%land.end,_!dbg_!39787_land.rhs:_preds_%land.lhs.true_%tmp15_load_i64,_i64*_getelementptr_inbounds_(_7_x_i64_,_7_x_i64_*___llvm_gcov_ctr38,_i64_0,_i64_5),_!dbg_!39788_%tmp16_add_i64_%tmp15,_1,_!dbg_!39788_store_i64_%tmp16,_i64*_getelementptr_inbounds_(_7_x_i64_,_7_x_i64_*___llvm_gcov_ctr38,_i64_0,_i64_5),_!dbg_!39788_%param5_getelementptr_inbounds_%struct.tomoyo_request_info,_%struct.tomoyo_request_info*_%r,_i32_0,_i32_3,_!dbg_!39790_%path26_bitcast_%union.anon.91*_%param5_to_%struct.anon.92*,_!dbg_!39791_%filename2_getelementptr_inbounds_%struct.anon.92,_%struct.anon.92*_%path26,_i32_0,_i32_1,_!dbg_!39792_%tmp17_load_%struct.tomoyo_path_info*,_%struct.tomoyo_path_info**_%filename2,_align_8,_!dbg_!39792_%name2_getelementptr_inbounds_%struct.tomoyo_path2_acl,_%struct.tomoyo_path2_acl*_%tmp3,_i32_0,_i32_3,_!dbg_!39793_%call7_call_%struct.tomoyo_path_info*_tomoyo_compare_name_union(%struct.tomoyo_path_info*_%tmp17,_%struct.tomoyo_name_union*_%name2)_#9,_!dbg_!39794_%tobool8_icmp_ne_%struct.tomoyo_path_info*_%call7,_null,_!dbg_!39787_br_label_%land.end_land.end:_preds_%land.rhs,_%land.lhs.true,_%bb_%tmp18_phi_i1_false,_%land.lhs.true_,_false,_%bb_,_%tobool8,_%land.rhs_%tmp19_load_i64,_i64*_getelementptr_inbounds_(_7_x_i64_,_7_x_i64_*___llvm_gcov_ctr38,_i64_0,_i64_6),_!dbg_!39795_%tmp20_add_i64_%tmp19,_1,_!dbg_!39795_store_i64_%tmp20,_i64*_getelementptr_inbounds_(_7_x_i64_,_7_x_i64_*___llvm_gcov_ctr38,_i64_0,_i64_6),_!dbg_!39795_ret_i1_%tmp18,_!dbg_!39795_0,2_|*MultipleSource*|Function::tomoyo_check_unix_address&Arg::addr::|security/tomoyo/network.c,596}"
CE0x8a7e740 "{CE0x8a7e740|tomoyo_check_unix_address:_tmp2|*LoadInst*|security/tomoyo/network.c,596}"
CE0x8d50440 "{CE0x8d50440|tomoyo_check_unix_address:_conv|security/tomoyo/network.c,596}"
CE0x8b5e7f0 "{CE0x8b5e7f0|tomoyo_check_unix_address:_cmp|security/tomoyo/network.c,596}"
CE0x8afd970 "{CE0x8afd970|tomoyo_check_unix_address:_if.end}"
CE0x8a45270 "{CE0x8a45270|tomoyo_unix_entry:_entry}"
CE0x748b1b0 "{CE0x748b1b0|tomoyo_unix_entry:_land.lhs.true}"
CE0x55586d0 "{CE0x55586d0|tomoyo_init_request_info:_entry}"
CE0x740e4f0 "{CE0x740e4f0|tomoyo_init_request_info:_if.end}"
CE0x62155c0 "{CE0x62155c0|24:_%struct.tomoyo_path_info*,_32:_i8,_33:_i8,_72:_i8,_:_SCMRE_16,24_|*MultipleSource*|security/tomoyo/network.c,544|security/tomoyo/network.c, 544|Function::tomoyo_init_request_info&Arg::r::|security/tomoyo/network.c,565}"
CONST[source:0(mediator),value:2(dynamic)][purpose:{subject}]


CONST[source:1(input),value:2(dynamic)][purpose:{operation}]  ->  CONST[source:0(mediator),value:2(dynamic)][purpose:{object}]
-----------
CONST[source:1(input),value:2(dynamic)][purpose:{operation}]
CE0x8a508f0 "{CE0x8a508f0|0:_i8,_1:_i8,_32:_i8*,_40:_i32,_:_CMR_1,2_|*MultipleSource*|Function::tomoyo_check_unix_address&Arg::address::|security/tomoyo/network.c,594}"
CE0x61f2290 "{CE0x61f2290|tomoyo_unix_entry:_tmp3|*LoadInst*|security/tomoyo/network.c,546}"
CE0x62082a0 "{CE0x62082a0|tomoyo_unix_entry:_idxprom|security/tomoyo/network.c,546}"
CE0x56969b0 "{CE0x56969b0|tomoyo_unix_entry:_arrayidx2|security/tomoyo/network.c,546}"
CE0x55efd70 "{CE0x55efd70|tomoyo_unix_entry:_tmp5|security/tomoyo/network.c,546}"
CE0x55eff80 "{CE0x55eff80|tomoyo_unix_entry:_conv|security/tomoyo/network.c,548}"
CE0x801bde0 "{CE0x801bde0|tomoyo_unix_entry:_tobool|security/tomoyo/network.c,548}"
CE0x7349ad0 "{CE0x7349ad0|tomoyo_unix_entry:_if.then20}"
CE0x616fe80 "{CE0x616fe80|24:_%struct.tomoyo_path_info*,_32:_i8,_33:_i8,_72:_i8,_:_SCMRE_25,26_}"
CONST[source:0(mediator),value:2(dynamic)][purpose:{object}]


CONST[source:1(input),value:2(dynamic)][purpose:{operation}]  ->  CONST[source:0(mediator),value:0(static)][purpose:{operation}]
-----------
CONST[source:1(input),value:2(dynamic)][purpose:{operation}]
CE0x8a508f0 "{CE0x8a508f0|0:_i8,_1:_i8,_32:_i8*,_40:_i32,_:_CMR_1,2_|*MultipleSource*|Function::tomoyo_check_unix_address&Arg::address::|security/tomoyo/network.c,594}"
CE0x72358a0 "{CE0x72358a0|tomoyo_unix_entry:_tmp38|*LoadInst*|security/tomoyo/network.c,567}"
CE0x71f30c0 "{CE0x71f30c0|24:_%struct.tomoyo_path_info*,_32:_i8,_33:_i8,_72:_i8,_:_SCMRE_33,34_}"
CONST[source:0(mediator),value:0(static)][purpose:{operation}]


CONST[source:1(input),value:2(dynamic)][purpose:{operation}]  ->  CONST[source:0(mediator),value:2(dynamic)][purpose:{subject}]
-----------
CONST[source:1(input),value:2(dynamic)][purpose:{operation}]
CE0x8a508f0 "{CE0x8a508f0|0:_i8,_1:_i8,_32:_i8*,_40:_i32,_:_CMR_1,2_|*MultipleSource*|Function::tomoyo_check_unix_address&Arg::address::|security/tomoyo/network.c,594}"
CE0x61f2290 "{CE0x61f2290|tomoyo_unix_entry:_tmp3|*LoadInst*|security/tomoyo/network.c,546}"
CE0x62082a0 "{CE0x62082a0|tomoyo_unix_entry:_idxprom|security/tomoyo/network.c,546}"
CE0x56969b0 "{CE0x56969b0|tomoyo_unix_entry:_arrayidx2|security/tomoyo/network.c,546}"
CE0x55efd70 "{CE0x55efd70|tomoyo_unix_entry:_tmp5|security/tomoyo/network.c,546}"
CE0x55eff80 "{CE0x55eff80|tomoyo_unix_entry:_conv|security/tomoyo/network.c,548}"
CE0x801bde0 "{CE0x801bde0|tomoyo_unix_entry:_tobool|security/tomoyo/network.c,548}"
CE0x748b1b0 "{CE0x748b1b0|tomoyo_unix_entry:_land.lhs.true}"
CE0x55586d0 "{CE0x55586d0|tomoyo_init_request_info:_entry}"
CE0x740e4f0 "{CE0x740e4f0|tomoyo_init_request_info:_if.end}"
CE0x62155c0 "{CE0x62155c0|24:_%struct.tomoyo_path_info*,_32:_i8,_33:_i8,_72:_i8,_:_SCMRE_16,24_|*MultipleSource*|security/tomoyo/network.c,544|security/tomoyo/network.c, 544|Function::tomoyo_init_request_info&Arg::r::|security/tomoyo/network.c,565}"
CONST[source:0(mediator),value:2(dynamic)][purpose:{subject}]


