[tomoyo_path_chmod]

explicit:
CONST[source:1(input),value:2(dynamic)][purpose:{operation}][SrcIdx:16]  ->  CONST[source:0(mediator),value:0(static)][purpose:{operation}][SnkIdx:2]
-----------
CONST[source:1(input),value:2(dynamic)][purpose:{operation}][SrcIdx:16]
CE0x3ab7e60 "{CE0x3ab7e60|tomoyo_path_chmod:mode|Function::tomoyo_path_chmod&Arg::mode::|*SummSource*}"
CE0x53bf880 "{CE0x53bf880|tomoyo_path_chmod:mode|Function::tomoyo_path_chmod&Arg::mode::}"
CE0x3a32ad0 "{CE0x3a32ad0|tomoyo_path_chmod:conv|security/tomoyo/tomoyo.c,364}"
CE0x3ab7cd0 "{CE0x3ab7cd0|tomoyo_path_chmod:and|security/tomoyo/tomoyo.c,364}"
CE0x3a94130 "{CE0x3a94130|tomoyo_path_chmod:conv1|security/tomoyo/tomoyo.c,364}"
CE0x3992660 "{CE0x3992660|tomoyo_path_number_perm:number|Function::tomoyo_path_number_perm&Arg::number::}"
CE0x47eee90 "{CE0x47eee90|0:_%struct.tomoyo_obj_info*,_24:_%struct.tomoyo_path_info*,_32:_i64,_40:_i8,_72:_i8,_76:_i8,_:_SCMRE_32,33_}"
CONST[source:0(mediator),value:0(static)][purpose:{operation}][SnkIdx:2]


CONST[source:2(external),value:0(static)][purpose:{operation}][SrcIdx:11]  ->  CONST[source:0(mediator),value:0(static)][purpose:{operation}][SnkIdx:2]
-----------
CONST[source:2(external),value:0(static)][purpose:{operation}][SrcIdx:11]
CE0x6f33df0 "{CE0x6f33df0|i32_4095|*Constant*}"
CE0x3ab7cd0 "{CE0x3ab7cd0|tomoyo_path_chmod:and|security/tomoyo/tomoyo.c,364}"
CE0x3a94130 "{CE0x3a94130|tomoyo_path_chmod:conv1|security/tomoyo/tomoyo.c,364}"
CE0x3992660 "{CE0x3992660|tomoyo_path_number_perm:number|Function::tomoyo_path_number_perm&Arg::number::}"
CE0x47eee90 "{CE0x47eee90|0:_%struct.tomoyo_obj_info*,_24:_%struct.tomoyo_path_info*,_32:_i64,_40:_i8,_72:_i8,_76:_i8,_:_SCMRE_32,33_}"
CONST[source:0(mediator),value:0(static)][purpose:{operation}][SnkIdx:2]


CONST[source:2(external),value:2(dynamic)][purpose:{subject}][SrcIdx:17]  ->  CONST[source:0(mediator),value:2(dynamic)][purpose:{subject}][SnkIdx:0]
-----------
CONST[source:2(external),value:2(dynamic)][purpose:{subject}][SrcIdx:17]
CE0x6f1bc80 "{CE0x6f1bc80|COLLAPSED:_GCRE_current_task_external_global_%struct.task_struct*:_elem_0::|security/tomoyo/common.h,1205}"
CE0x475dfa0 "{CE0x475dfa0|tomoyo_domain:tmp22|security/tomoyo/common.h,1205}"
CE0x6fbb160 "{CE0x6fbb160|tomoyo_domain:tmp23|security/tomoyo/common.h,1205}"
CE0x6ff3690 "{CE0x6ff3690|_ret_%struct.tomoyo_domain_info*_%tmp23,_!dbg_!38929|security/tomoyo/common.h,1205}"
CE0x46e0600 "{CE0x46e0600|tomoyo_init_request_info:call|security/tomoyo/util.c,1005}"
CE0x46a0c40 "{CE0x46a0c40|tomoyo_init_request_info:domain.addr.0}"
CE0x47d63a0 "{CE0x47d63a0|0:_%struct.tomoyo_obj_info*,_24:_%struct.tomoyo_path_info*,_32:_i64,_40:_i8,_72:_i8,_76:_i8,_:_SCMRE_16,24_|*MultipleSource*|security/tomoyo/file.c,693|security/tomoyo/file.c, 693|security/tomoyo/file.c,707|Function::tomoyo_init_request_info&Arg::r::}"
CONST[source:0(mediator),value:2(dynamic)][purpose:{subject}][SnkIdx:0]



implicit:
CONST[source:2(external),value:0(static)][purpose:{operation}][SrcIdx:11]  ->  CONST[source:0(mediator),value:0(static)][purpose:{operation}][SnkIdx:2]
-----------
CONST[source:2(external),value:0(static)][purpose:{operation}][SrcIdx:11]
CE0x6f33df0 "{CE0x6f33df0|i32_4095|*Constant*}"
CE0x3ab7cd0 "{CE0x3ab7cd0|tomoyo_path_chmod:and|security/tomoyo/tomoyo.c,364}"
CE0x3a94130 "{CE0x3a94130|tomoyo_path_chmod:conv1|security/tomoyo/tomoyo.c,364}"
CE0x3992660 "{CE0x3992660|tomoyo_path_number_perm:number|Function::tomoyo_path_number_perm&Arg::number::}"
CE0x47ef750 "{CE0x47ef750|0:_%struct.tomoyo_obj_info*,_24:_%struct.tomoyo_path_info*,_32:_i64,_40:_i8,_72:_i8,_76:_i8,_:_SCMRE_37,38_}"
CONST[source:0(mediator),value:0(static)][purpose:{operation}][SnkIdx:2]


CONST[source:2(external),value:2(dynamic)][purpose:{subject}][SrcIdx:17]  ->  CONST[source:0(mediator),value:2(dynamic)][purpose:{subject}][SnkIdx:0]
-----------
CONST[source:2(external),value:2(dynamic)][purpose:{subject}][SrcIdx:17]
CE0x6f1bc80 "{CE0x6f1bc80|COLLAPSED:_GCRE_current_task_external_global_%struct.task_struct*:_elem_0::|security/tomoyo/common.h,1205}"
CE0x475dfa0 "{CE0x475dfa0|tomoyo_domain:tmp22|security/tomoyo/common.h,1205}"
CE0x6fbb160 "{CE0x6fbb160|tomoyo_domain:tmp23|security/tomoyo/common.h,1205}"
CE0x6ff3690 "{CE0x6ff3690|_ret_%struct.tomoyo_domain_info*_%tmp23,_!dbg_!38929|security/tomoyo/common.h,1205}"
CE0x46e0600 "{CE0x46e0600|tomoyo_init_request_info:call|security/tomoyo/util.c,1005}"
CE0x46a0c40 "{CE0x46a0c40|tomoyo_init_request_info:domain.addr.0}"
CE0x47d63a0 "{CE0x47d63a0|0:_%struct.tomoyo_obj_info*,_24:_%struct.tomoyo_path_info*,_32:_i64,_40:_i8,_72:_i8,_76:_i8,_:_SCMRE_16,24_|*MultipleSource*|security/tomoyo/file.c,693|security/tomoyo/file.c, 693|security/tomoyo/file.c,707|Function::tomoyo_init_request_info&Arg::r::}"
CONST[source:0(mediator),value:2(dynamic)][purpose:{subject}][SnkIdx:0]


CONST[source:1(input),value:2(dynamic)][purpose:{operation}][SrcIdx:16]  ->  CONST[source:0(mediator),value:0(static)][purpose:{operation}][SnkIdx:2]
-----------
CONST[source:1(input),value:2(dynamic)][purpose:{operation}][SrcIdx:16]
CE0x3ab7e60 "{CE0x3ab7e60|tomoyo_path_chmod:mode|Function::tomoyo_path_chmod&Arg::mode::|*SummSource*}"
CE0x53bf880 "{CE0x53bf880|tomoyo_path_chmod:mode|Function::tomoyo_path_chmod&Arg::mode::}"
CE0x3a32ad0 "{CE0x3a32ad0|tomoyo_path_chmod:conv|security/tomoyo/tomoyo.c,364}"
CE0x3ab7cd0 "{CE0x3ab7cd0|tomoyo_path_chmod:and|security/tomoyo/tomoyo.c,364}"
CE0x3a94130 "{CE0x3a94130|tomoyo_path_chmod:conv1|security/tomoyo/tomoyo.c,364}"
CE0x3992660 "{CE0x3992660|tomoyo_path_number_perm:number|Function::tomoyo_path_number_perm&Arg::number::}"
CE0x47ef750 "{CE0x47ef750|0:_%struct.tomoyo_obj_info*,_24:_%struct.tomoyo_path_info*,_32:_i64,_40:_i8,_72:_i8,_76:_i8,_:_SCMRE_37,38_}"
CONST[source:0(mediator),value:0(static)][purpose:{operation}][SnkIdx:2]


