[selinux_task_getsid]

explicit:
CONST[source:2(external),value:2(dynamic)][purpose:{subject}]  ->  CONST[source:0(mediator),value:2(dynamic)][purpose:{subject}]

-----------
CONST[source:2(external),value:2(dynamic)][purpose:{subject}]
CE0x9280f00 "{CE0x9280f00|VOIDTB_TE:_IE:_elem_0:default:}"
CE0x927f2a0 "{CE0x927f2a0|tmp24}"
CE0x9255010 "{CE0x9255010|_ret_i32_%tmp24,_!dbg_!27742}"
CE0x9254a40 "{CE0x9254a40|call}"
CE0x9254c10 "{CE0x9254c10|call}"
CONST[source:0(mediator),value:2(dynamic)][purpose:{subject}]



CONST[source:2(external),value:2(dynamic)][purpose:{subject}]  ->  CONST[source:0(mediator),value:2(dynamic)][purpose:{object}]

-----------
CONST[source:2(external),value:2(dynamic)][purpose:{subject}]
CE0x9280f00 "{CE0x9280f00|VOIDTB_TE:_IE:_elem_0:default:}"
CE0x929dd20 "{CE0x929dd20|tmp6}"
CE0x927a200 "{CE0x927a200|_ret_i32_%tmp6,_!dbg_!27716}"
CE0x92778f0 "{CE0x92778f0|call7}"
CE0x9250460 "{CE0x9250460|_ret_i32_%call7,_!dbg_!27749}"
CE0x9255230 "{CE0x9255230|call1}"
CE0x92551c0 "{CE0x92551c0|call1}"
CONST[source:0(mediator),value:2(dynamic)][purpose:{object}]



CONST[source:1(input),value:2(dynamic)][purpose:{object}]  ->  CONST[source:0(mediator),value:2(dynamic)][purpose:{subject}]

-----------
CONST[source:1(input),value:2(dynamic)][purpose:{object}]
CE0x9280f00 "{CE0x9280f00|VOIDTB_TE:_IE:_elem_0:default:}"
CE0x927f2a0 "{CE0x927f2a0|tmp24}"
CE0x9255010 "{CE0x9255010|_ret_i32_%tmp24,_!dbg_!27742}"
CE0x9254a40 "{CE0x9254a40|call}"
CE0x9254c10 "{CE0x9254c10|call}"
CONST[source:0(mediator),value:2(dynamic)][purpose:{subject}]



CONST[source:1(input),value:2(dynamic)][purpose:{object}]  ->  CONST[source:0(mediator),value:2(dynamic)][purpose:{object}]

-----------
CONST[source:1(input),value:2(dynamic)][purpose:{object}]
CE0x9280f00 "{CE0x9280f00|VOIDTB_TE:_IE:_elem_0:default:}"
CE0x929dd20 "{CE0x929dd20|tmp6}"
CE0x927a200 "{CE0x927a200|_ret_i32_%tmp6,_!dbg_!27716}"
CE0x92778f0 "{CE0x92778f0|call7}"
CE0x9250460 "{CE0x9250460|_ret_i32_%call7,_!dbg_!27749}"
CE0x9255230 "{CE0x9255230|call1}"
CE0x92551c0 "{CE0x92551c0|call1}"
CONST[source:0(mediator),value:2(dynamic)][purpose:{object}]




implicit:
CONST[source:1(input),value:2(dynamic)][purpose:{object}]  ->  CONST[source:0(mediator),value:2(dynamic)][purpose:{subject}]

-----------
CONST[source:1(input),value:2(dynamic)][purpose:{object}]
CE0x9280f00 "{CE0x9280f00|VOIDTB_TE:_IE:_elem_0:default:}"
CE0x927f2a0 "{CE0x927f2a0|tmp24}"
CE0x9255010 "{CE0x9255010|_ret_i32_%tmp24,_!dbg_!27742}"
CE0x9254a40 "{CE0x9254a40|call}"
CE0x9254c10 "{CE0x9254c10|call}"
CONST[source:0(mediator),value:2(dynamic)][purpose:{subject}]



CONST[source:1(input),value:2(dynamic)][purpose:{object}]  ->  CONST[source:0(mediator),value:2(dynamic)][purpose:{object}]

-----------
CONST[source:1(input),value:2(dynamic)][purpose:{object}]
CE0x9280f00 "{CE0x9280f00|VOIDTB_TE:_IE:_elem_0:default:}"
CE0x929dd20 "{CE0x929dd20|tmp6}"
CE0x927a200 "{CE0x927a200|_ret_i32_%tmp6,_!dbg_!27716}"
CE0x92778f0 "{CE0x92778f0|call7}"
CE0x9250460 "{CE0x9250460|_ret_i32_%call7,_!dbg_!27749}"
CE0x9255230 "{CE0x9255230|call1}"
CE0x92551c0 "{CE0x92551c0|call1}"
CONST[source:0(mediator),value:2(dynamic)][purpose:{object}]



CONST[source:2(external),value:2(dynamic)][purpose:{subject}]  ->  CONST[source:0(mediator),value:2(dynamic)][purpose:{subject}]

-----------
CONST[source:2(external),value:2(dynamic)][purpose:{subject}]
CE0x9280f00 "{CE0x9280f00|VOIDTB_TE:_IE:_elem_0:default:}"
CE0x927f2a0 "{CE0x927f2a0|tmp24}"
CE0x9255010 "{CE0x9255010|_ret_i32_%tmp24,_!dbg_!27742}"
CE0x9254a40 "{CE0x9254a40|call}"
CE0x9254c10 "{CE0x9254c10|call}"
CONST[source:0(mediator),value:2(dynamic)][purpose:{subject}]



CONST[source:2(external),value:2(dynamic)][purpose:{subject}]  ->  CONST[source:0(mediator),value:2(dynamic)][purpose:{object}]

-----------
CONST[source:2(external),value:2(dynamic)][purpose:{subject}]
CE0x9280f00 "{CE0x9280f00|VOIDTB_TE:_IE:_elem_0:default:}"
CE0x929dd20 "{CE0x929dd20|tmp6}"
CE0x927a200 "{CE0x927a200|_ret_i32_%tmp6,_!dbg_!27716}"
CE0x92778f0 "{CE0x92778f0|call7}"
CE0x9250460 "{CE0x9250460|_ret_i32_%call7,_!dbg_!27749}"
CE0x9255230 "{CE0x9255230|call1}"
CE0x92551c0 "{CE0x92551c0|call1}"
CONST[source:0(mediator),value:2(dynamic)][purpose:{object}]



