[selinux_inode_mkdir]

explicit:
CONST[source:1(input),value:2(dynamic)][purpose:{object}]  ->  CONST[source:0(mediator),value:2(dynamic)][purpose:{object}]
-----------
CONST[source:1(input),value:2(dynamic)][purpose:{object}]
CE0x446a2b0 "{CE0x446a2b0|may_create:_tclass|Function::may_create&Arg::tclass::|*SummSource*}"
CE0x446a240 "{CE0x446a240|may_create:_tclass|Function::may_create&Arg::tclass::}"
CE0x446a380 "{CE0x446a380|may_create:_tclass|Function::may_create&Arg::tclass::|*SummSink*}"
CONST[source:0(mediator),value:2(dynamic)][purpose:{object}]


CONST[source:2(external),value:2(dynamic)][purpose:{subject}]  ->  CONST[source:0(mediator),value:2(dynamic)][purpose:{object}]
-----------
CONST[source:2(external),value:2(dynamic)][purpose:{subject}]
CE0x44612f0 "{CE0x44612f0|COLLAPSED:_CMRE:_elem_0::|security/selinux/hooks.c,1706}"
CE0x4461470 "{CE0x4461470|may_create:_tmp20|security/selinux/hooks.c,1706}"
CE0x4461950 "{CE0x4461950|may_create:_tmp21|security/selinux/hooks.c,1706}"
CE0x454a9f0 "{CE0x454a9f0|may_create:_create_sid|security/selinux/hooks.c,1717}"
CE0x454a980 "{CE0x454a980|may_create:_tmp28|security/selinux/hooks.c,1717}"
CE0x454adb0 "{CE0x454adb0|0:_i32,_:_SCMRE:_elem_0:default:}"
CE0x44ba6f0 "{CE0x44ba6f0|may_create:_tmp55|security/selinux/hooks.c,1735}"
CE0x457e540 "{CE0x457e540|may_create:_tmp55|security/selinux/hooks.c,1735|*SummSink*}"
CONST[source:0(mediator),value:2(dynamic)][purpose:{object}]


CONST[source:2(external),value:2(dynamic)][purpose:{subject}]  ->  CONST[source:1(input),value:2(dynamic)][purpose:{subject}]
-----------
CONST[source:2(external),value:2(dynamic)][purpose:{subject}]
CE0x44612f0 "{CE0x44612f0|COLLAPSED:_CMRE:_elem_0::|security/selinux/hooks.c,1706}"
CE0x4461470 "{CE0x4461470|may_create:_tmp20|security/selinux/hooks.c,1706}"
CE0x4461950 "{CE0x4461950|may_create:_tmp21|security/selinux/hooks.c,1706}"
CE0x4550cb0 "{CE0x4550cb0|may_create:_sid11|security/selinux/hooks.c,1716}"
CE0x4549be0 "{CE0x4549be0|may_create:_tmp27|security/selinux/hooks.c,1716}"
CE0x454a020 "{CE0x454a020|may_create:_tmp27|security/selinux/hooks.c,1716|*SummSink*}"
CONST[source:1(input),value:2(dynamic)][purpose:{subject}]



implicit:
CONST[source:1(input),value:2(dynamic)][purpose:{object}]  ->  CONST[source:1(input),value:2(dynamic)][purpose:{subject}]
-----------
CONST[source:1(input),value:2(dynamic)][purpose:{object}]
CE0x4567c90 "{CE0x4567c90|VOIDTB_TE:_CE_88,89_}"
CE0x44b87b0 "{CE0x44b87b0|may_create:_call22|security/selinux/hooks.c,1729}"
CE0x457d940 "{CE0x457d940|may_create:_tobool23|security/selinux/hooks.c,1731}"
CE0x446e5b0 "{CE0x446e5b0|may_create:_if.end30}"
CE0x453d690 "{CE0x453d690|may_create:_tmp64|security/selinux/hooks.c,1739}"
CE0x458b550 "{CE0x458b550|may_create:_tmp64|security/selinux/hooks.c,1739|*SummSink*}"
CONST[source:1(input),value:2(dynamic)][purpose:{subject}]


CONST[source:1(input),value:2(dynamic)][purpose:{object}]  ->  CONST[source:0(mediator),value:2(dynamic)][purpose:{object}]
-----------
CONST[source:1(input),value:2(dynamic)][purpose:{object}]
CE0x4471a30 "{CE0x4471a30|28:_i32,_:_CRE_28,32_|*MultipleSource*|security/selinux/hooks.c,1722|*LoadInst*|security/selinux/hooks.c,1713|security/selinux/hooks.c,1713}"
CE0x4542c70 "{CE0x4542c70|may_create:_tmp29|security/selinux/hooks.c,1722}"
CE0x4543070 "{CE0x4543070|may_create:_tmp29|security/selinux/hooks.c,1722|*SummSink*}"
CONST[source:0(mediator),value:2(dynamic)][purpose:{object}]


CONST[source:2(external),value:2(dynamic)][purpose:{subject}]  ->  CONST[source:1(input),value:2(dynamic)][purpose:{subject}]
-----------
CONST[source:2(external),value:2(dynamic)][purpose:{subject}]
CE0x44612f0 "{CE0x44612f0|COLLAPSED:_CMRE:_elem_0::|security/selinux/hooks.c,1706}"
CE0x4461470 "{CE0x4461470|may_create:_tmp20|security/selinux/hooks.c,1706}"
CE0x4461950 "{CE0x4461950|may_create:_tmp21|security/selinux/hooks.c,1706}"
CE0x4550cb0 "{CE0x4550cb0|may_create:_sid11|security/selinux/hooks.c,1716}"
CE0x4549be0 "{CE0x4549be0|may_create:_tmp27|security/selinux/hooks.c,1716}"
CE0x454a020 "{CE0x454a020|may_create:_tmp27|security/selinux/hooks.c,1716|*SummSink*}"
CONST[source:1(input),value:2(dynamic)][purpose:{subject}]


CONST[source:2(external),value:2(dynamic)][purpose:{subject}]  ->  CONST[source:0(mediator),value:2(dynamic)][purpose:{object}]
-----------
CONST[source:2(external),value:2(dynamic)][purpose:{subject}]
CE0x44612f0 "{CE0x44612f0|COLLAPSED:_CMRE:_elem_0::|security/selinux/hooks.c,1706}"
CE0x4461470 "{CE0x4461470|may_create:_tmp20|security/selinux/hooks.c,1706}"
CE0x4461950 "{CE0x4461950|may_create:_tmp21|security/selinux/hooks.c,1706}"
CE0x454a9f0 "{CE0x454a9f0|may_create:_create_sid|security/selinux/hooks.c,1717}"
CE0x454a980 "{CE0x454a980|may_create:_tmp28|security/selinux/hooks.c,1717}"
CE0x454adb0 "{CE0x454adb0|0:_i32,_:_SCMRE:_elem_0:default:}"
CE0x44ba6f0 "{CE0x44ba6f0|may_create:_tmp55|security/selinux/hooks.c,1735}"
CE0x457e540 "{CE0x457e540|may_create:_tmp55|security/selinux/hooks.c,1735|*SummSink*}"
CONST[source:0(mediator),value:2(dynamic)][purpose:{object}]


