[selinux_inode_rename]

explicit:
CONST[source:2(external),value:2(dynamic)][purpose:{subject}][SrcIdx:5]  ->  CONST[source:0(mediator),value:2(dynamic)][purpose:{subject}][SnkIdx:16]
-----------
CONST[source:2(external),value:2(dynamic)][purpose:{subject}][SrcIdx:5]
CE0x59737b0 "{CE0x59737b0|COLLAPSED:_CMRE:_elem_0::|security/selinux/hooks.c,218}"
CE0x5973e50 "{CE0x5973e50|current_sid:tmp22|security/selinux/hooks.c,218}"
CE0x5974140 "{CE0x5974140|current_sid:tmp23|security/selinux/hooks.c,218}"
CE0x5974ca0 "{CE0x5974ca0|current_sid:sid|security/selinux/hooks.c,220}"
CE0x5975ed0 "{CE0x5975ed0|current_sid:tmp24|security/selinux/hooks.c,220}"
CE0x58fc500 "{CE0x58fc500|_ret_i32_%tmp24,_!dbg_!27742|security/selinux/hooks.c,220}"
CE0x58d5340 "{CE0x58d5340|may_rename:call|security/selinux/hooks.c,1808}"
CE0x58b2b10 "{CE0x58b2b10|may_rename:call|security/selinux/hooks.c,1808|*SummSink*}"
CONST[source:0(mediator),value:2(dynamic)][purpose:{subject}][SnkIdx:16]


CONST[source:2(external),value:2(dynamic)][purpose:{subject}][SrcIdx:5]  ->  CONST[source:0(mediator),value:2(dynamic)][purpose:{subject}][SnkIdx:8]
-----------
CONST[source:2(external),value:2(dynamic)][purpose:{subject}][SrcIdx:5]
CE0x59737b0 "{CE0x59737b0|COLLAPSED:_CMRE:_elem_0::|security/selinux/hooks.c,218}"
CE0x5973e50 "{CE0x5973e50|current_sid:tmp22|security/selinux/hooks.c,218}"
CE0x5974140 "{CE0x5974140|current_sid:tmp23|security/selinux/hooks.c,218}"
CE0x5974ca0 "{CE0x5974ca0|current_sid:sid|security/selinux/hooks.c,220}"
CE0x5975ed0 "{CE0x5975ed0|current_sid:tmp24|security/selinux/hooks.c,220}"
CE0x58fc500 "{CE0x58fc500|_ret_i32_%tmp24,_!dbg_!27742|security/selinux/hooks.c,220}"
CE0x58d5340 "{CE0x58d5340|may_rename:call|security/selinux/hooks.c,1808}"
CE0x58b2b10 "{CE0x58b2b10|may_rename:call|security/selinux/hooks.c,1808|*SummSink*}"
CONST[source:0(mediator),value:2(dynamic)][purpose:{subject}][SnkIdx:8]


CONST[source:2(external),value:2(dynamic)][purpose:{subject}][SrcIdx:5]  ->  CONST[source:0(mediator),value:2(dynamic)][purpose:{subject}][SnkIdx:12]
-----------
CONST[source:2(external),value:2(dynamic)][purpose:{subject}][SrcIdx:5]
CE0x59737b0 "{CE0x59737b0|COLLAPSED:_CMRE:_elem_0::|security/selinux/hooks.c,218}"
CE0x5973e50 "{CE0x5973e50|current_sid:tmp22|security/selinux/hooks.c,218}"
CE0x5974140 "{CE0x5974140|current_sid:tmp23|security/selinux/hooks.c,218}"
CE0x5974ca0 "{CE0x5974ca0|current_sid:sid|security/selinux/hooks.c,220}"
CE0x5975ed0 "{CE0x5975ed0|current_sid:tmp24|security/selinux/hooks.c,220}"
CE0x58fc500 "{CE0x58fc500|_ret_i32_%tmp24,_!dbg_!27742|security/selinux/hooks.c,220}"
CE0x58d5340 "{CE0x58d5340|may_rename:call|security/selinux/hooks.c,1808}"
CE0x58b2b10 "{CE0x58b2b10|may_rename:call|security/selinux/hooks.c,1808|*SummSink*}"
CONST[source:0(mediator),value:2(dynamic)][purpose:{subject}][SnkIdx:12]


CONST[source:2(external),value:2(dynamic)][purpose:{subject}][SrcIdx:5]  ->  CONST[source:0(mediator),value:2(dynamic)][purpose:{subject}][SnkIdx:4]
-----------
CONST[source:2(external),value:2(dynamic)][purpose:{subject}][SrcIdx:5]
CE0x59737b0 "{CE0x59737b0|COLLAPSED:_CMRE:_elem_0::|security/selinux/hooks.c,218}"
CE0x5973e50 "{CE0x5973e50|current_sid:tmp22|security/selinux/hooks.c,218}"
CE0x5974140 "{CE0x5974140|current_sid:tmp23|security/selinux/hooks.c,218}"
CE0x5974ca0 "{CE0x5974ca0|current_sid:sid|security/selinux/hooks.c,220}"
CE0x5975ed0 "{CE0x5975ed0|current_sid:tmp24|security/selinux/hooks.c,220}"
CE0x58fc500 "{CE0x58fc500|_ret_i32_%tmp24,_!dbg_!27742|security/selinux/hooks.c,220}"
CE0x58d5340 "{CE0x58d5340|may_rename:call|security/selinux/hooks.c,1808}"
CE0x58b2b10 "{CE0x58b2b10|may_rename:call|security/selinux/hooks.c,1808|*SummSink*}"
CONST[source:0(mediator),value:2(dynamic)][purpose:{subject}][SnkIdx:4]


CONST[source:2(external),value:2(dynamic)][purpose:{subject}][SrcIdx:5]  ->  CONST[source:0(mediator),value:2(dynamic)][purpose:{subject}][SnkIdx:0]
-----------
CONST[source:2(external),value:2(dynamic)][purpose:{subject}][SrcIdx:5]
CE0x59737b0 "{CE0x59737b0|COLLAPSED:_CMRE:_elem_0::|security/selinux/hooks.c,218}"
CE0x5973e50 "{CE0x5973e50|current_sid:tmp22|security/selinux/hooks.c,218}"
CE0x5974140 "{CE0x5974140|current_sid:tmp23|security/selinux/hooks.c,218}"
CE0x5974ca0 "{CE0x5974ca0|current_sid:sid|security/selinux/hooks.c,220}"
CE0x5975ed0 "{CE0x5975ed0|current_sid:tmp24|security/selinux/hooks.c,220}"
CE0x58fc500 "{CE0x58fc500|_ret_i32_%tmp24,_!dbg_!27742|security/selinux/hooks.c,220}"
CE0x58d5340 "{CE0x58d5340|may_rename:call|security/selinux/hooks.c,1808}"
CE0x58b2b10 "{CE0x58b2b10|may_rename:call|security/selinux/hooks.c,1808|*SummSink*}"
CONST[source:0(mediator),value:2(dynamic)][purpose:{subject}][SnkIdx:0]


CONST[source:1(input),value:2(dynamic)][purpose:{object}][SrcIdx:2]  ->  CONST[source:0(mediator),value:2(dynamic)][purpose:{object}][SnkIdx:10]
-----------
CONST[source:1(input),value:2(dynamic)][purpose:{object}][SrcIdx:2]
CE0x5919fd0 "{CE0x5919fd0|0:_i16,_56:_i8*,_:_CRE_56,64_|*MultipleSource*|*LoadInst*|security/selinux/hooks.c,1814|security/selinux/hooks.c,1814}"
CE0x5985b90 "{CE0x5985b90|may_rename:tmp5|security/selinux/hooks.c,1814}"
CE0x59864a0 "{CE0x59864a0|may_rename:tmp6|security/selinux/hooks.c,1814}"
CE0x59e47e0 "{CE0x59e47e0|may_rename:sclass17|security/selinux/hooks.c,1831}"
CE0x59e3660 "{CE0x59e3660|may_rename:tmp35|security/selinux/hooks.c,1831}"
CE0x59e3800 "{CE0x59e3800|may_rename:tmp35|security/selinux/hooks.c,1831|*SummSink*}"
CONST[source:0(mediator),value:2(dynamic)][purpose:{object}][SnkIdx:10]


CONST[source:1(input),value:2(dynamic)][purpose:{object}][SrcIdx:2]  ->  CONST[source:0(mediator),value:2(dynamic)][purpose:{object}][SnkIdx:5]
-----------
CONST[source:1(input),value:2(dynamic)][purpose:{object}][SrcIdx:2]
CE0x5919fd0 "{CE0x5919fd0|0:_i16,_56:_i8*,_:_CRE_56,64_|*MultipleSource*|*LoadInst*|security/selinux/hooks.c,1814|security/selinux/hooks.c,1814}"
CE0x5985b90 "{CE0x5985b90|may_rename:tmp5|security/selinux/hooks.c,1814}"
CE0x59864a0 "{CE0x59864a0|may_rename:tmp6|security/selinux/hooks.c,1814}"
CE0x590ec40 "{CE0x590ec40|may_rename:sid7|security/selinux/hooks.c,1825}"
CE0x59d0b10 "{CE0x59d0b10|may_rename:tmp18|security/selinux/hooks.c,1825}"
CE0x59d0f10 "{CE0x59d0f10|may_rename:tmp18|security/selinux/hooks.c,1825|*SummSink*}"
CONST[source:0(mediator),value:2(dynamic)][purpose:{object}][SnkIdx:5]


CONST[source:1(input),value:2(dynamic)][purpose:{object}][SrcIdx:2]  ->  CONST[source:0(mediator),value:2(dynamic)][purpose:{object}][SnkIdx:17]
-----------
CONST[source:1(input),value:2(dynamic)][purpose:{object}][SrcIdx:2]
CE0x5919fd0 "{CE0x5919fd0|0:_i16,_56:_i8*,_:_CRE_56,64_|*MultipleSource*|*LoadInst*|security/selinux/hooks.c,1814|security/selinux/hooks.c,1814}"
CE0x59b9d10 "{CE0x59b9d10|may_rename:tmp64|security/selinux/hooks.c,1844}"
CE0x5a19b70 "{CE0x5a19b70|may_rename:tmp65|security/selinux/hooks.c,1844}"
CE0x5a2a100 "{CE0x5a2a100|may_rename:sid47|security/selinux/hooks.c,1846}"
CE0x5a22180 "{CE0x5a22180|may_rename:tmp68|security/selinux/hooks.c,1846}"
CE0x5a10140 "{CE0x5a10140|may_rename:tmp68|security/selinux/hooks.c,1846|*SummSink*}"
CONST[source:0(mediator),value:2(dynamic)][purpose:{object}][SnkIdx:17]


CONST[source:1(input),value:2(dynamic)][purpose:{object}][SrcIdx:2]  ->  CONST[source:0(mediator),value:2(dynamic)][purpose:{object}][SnkIdx:9]
-----------
CONST[source:1(input),value:2(dynamic)][purpose:{object}][SrcIdx:2]
CE0x5919fd0 "{CE0x5919fd0|0:_i16,_56:_i8*,_:_CRE_56,64_|*MultipleSource*|*LoadInst*|security/selinux/hooks.c,1814|security/selinux/hooks.c,1814}"
CE0x5985b90 "{CE0x5985b90|may_rename:tmp5|security/selinux/hooks.c,1814}"
CE0x59864a0 "{CE0x59864a0|may_rename:tmp6|security/selinux/hooks.c,1814}"
CE0x59deb50 "{CE0x59deb50|may_rename:sid16|security/selinux/hooks.c,1830}"
CE0x59df570 "{CE0x59df570|may_rename:tmp34|security/selinux/hooks.c,1830}"
CE0x59df760 "{CE0x59df760|may_rename:tmp34|security/selinux/hooks.c,1830|*SummSink*}"
CONST[source:0(mediator),value:2(dynamic)][purpose:{object}][SnkIdx:9]


CONST[source:1(input),value:2(dynamic)][purpose:{object}][SrcIdx:2]  ->  CONST[source:0(mediator),value:2(dynamic)][purpose:{object}][SnkIdx:18]
-----------
CONST[source:1(input),value:2(dynamic)][purpose:{object}][SrcIdx:2]
CE0x5919fd0 "{CE0x5919fd0|0:_i16,_56:_i8*,_:_CRE_56,64_|*MultipleSource*|*LoadInst*|security/selinux/hooks.c,1814|security/selinux/hooks.c,1814}"
CE0x59b9d10 "{CE0x59b9d10|may_rename:tmp64|security/selinux/hooks.c,1844}"
CE0x5a19b70 "{CE0x5a19b70|may_rename:tmp65|security/selinux/hooks.c,1844}"
CE0x5a28770 "{CE0x5a28770|may_rename:sclass48|security/selinux/hooks.c,1847}"
CE0x5a10c80 "{CE0x5a10c80|may_rename:tmp69|security/selinux/hooks.c,1847}"
CE0x5a28c00 "{CE0x5a28c00|may_rename:tmp69|security/selinux/hooks.c,1847|*SummSink*}"
CONST[source:0(mediator),value:2(dynamic)][purpose:{object}][SnkIdx:18]


CONST[source:1(input),value:2(dynamic)][purpose:{object}][SrcIdx:2]  ->  CONST[source:0(mediator),value:2(dynamic)][purpose:{object}][SnkIdx:6]
-----------
CONST[source:1(input),value:2(dynamic)][purpose:{object}][SrcIdx:2]
CE0x5919fd0 "{CE0x5919fd0|0:_i16,_56:_i8*,_:_CRE_56,64_|*MultipleSource*|*LoadInst*|security/selinux/hooks.c,1814|security/selinux/hooks.c,1814}"
CE0x5985b90 "{CE0x5985b90|may_rename:tmp5|security/selinux/hooks.c,1814}"
CE0x59864a0 "{CE0x59864a0|may_rename:tmp6|security/selinux/hooks.c,1814}"
CE0x59d6400 "{CE0x59d6400|may_rename:sclass|security/selinux/hooks.c,1826}"
CE0x59d6390 "{CE0x59d6390|may_rename:tmp19|security/selinux/hooks.c,1826}"
CE0x59d53a0 "{CE0x59d53a0|may_rename:tmp19|security/selinux/hooks.c,1826|*SummSink*}"
CONST[source:0(mediator),value:2(dynamic)][purpose:{object}][SnkIdx:6]


CONST[source:1(input),value:2(dynamic)][purpose:{object}][SrcIdx:2]  ->  CONST[source:0(mediator),value:0(static)][purpose:{operation}][SnkIdx:19]
-----------
CONST[source:1(input),value:2(dynamic)][purpose:{object}][SrcIdx:2]
CE0x591bbb0 "{CE0x591bbb0|0:_i16,_56:_i8*,_:_CRE_0,2_|*MultipleSource*|*LoadInst*|security/selinux/hooks.c,1814|security/selinux/hooks.c,1814}"
CE0x5a21510 "{CE0x5a21510|may_rename:tmp67|security/selinux/hooks.c,1845}"
CE0x5a21b00 "{CE0x5a21b00|may_rename:conv43|security/selinux/hooks.c,1845}"
CE0x5a291c0 "{CE0x5a291c0|may_rename:and44|security/selinux/hooks.c,1845}"
CE0x5a296e0 "{CE0x5a296e0|may_rename:cmp45|security/selinux/hooks.c,1845}"
CE0x5a29b50 "{CE0x5a29b50|may_rename:conv46|security/selinux/hooks.c,1845}"
CE0x5a181d0 "{CE0x5a181d0|may_rename:tobool49|security/selinux/hooks.c,1848}"
CE0x5a20f40 "{CE0x5a20f40|may_rename:cond|security/selinux/hooks.c,1848}"
CE0x5a11510 "{CE0x5a11510|may_rename:conv50|security/selinux/hooks.c,1848}"
CE0x5a103a0 "{CE0x5a103a0|may_rename:conv50|security/selinux/hooks.c,1848|*SummSink*}"
CONST[source:0(mediator),value:0(static)][purpose:{operation}][SnkIdx:19]


CONST[source:1(input),value:2(dynamic)][purpose:{object}][SrcIdx:4]  ->  CONST[source:0(mediator),value:2(dynamic)][purpose:{object}][SnkIdx:10]
-----------
CONST[source:1(input),value:2(dynamic)][purpose:{object}][SrcIdx:4]
CE0x5919fd0 "{CE0x5919fd0|0:_i16,_56:_i8*,_:_CRE_56,64_|*MultipleSource*|*LoadInst*|security/selinux/hooks.c,1814|security/selinux/hooks.c,1814}"
CE0x5985b90 "{CE0x5985b90|may_rename:tmp5|security/selinux/hooks.c,1814}"
CE0x59864a0 "{CE0x59864a0|may_rename:tmp6|security/selinux/hooks.c,1814}"
CE0x59e47e0 "{CE0x59e47e0|may_rename:sclass17|security/selinux/hooks.c,1831}"
CE0x59e3660 "{CE0x59e3660|may_rename:tmp35|security/selinux/hooks.c,1831}"
CE0x59e3800 "{CE0x59e3800|may_rename:tmp35|security/selinux/hooks.c,1831|*SummSink*}"
CONST[source:0(mediator),value:2(dynamic)][purpose:{object}][SnkIdx:10]


CONST[source:1(input),value:2(dynamic)][purpose:{object}][SrcIdx:4]  ->  CONST[source:0(mediator),value:2(dynamic)][purpose:{object}][SnkIdx:5]
-----------
CONST[source:1(input),value:2(dynamic)][purpose:{object}][SrcIdx:4]
CE0x5919fd0 "{CE0x5919fd0|0:_i16,_56:_i8*,_:_CRE_56,64_|*MultipleSource*|*LoadInst*|security/selinux/hooks.c,1814|security/selinux/hooks.c,1814}"
CE0x5985b90 "{CE0x5985b90|may_rename:tmp5|security/selinux/hooks.c,1814}"
CE0x59864a0 "{CE0x59864a0|may_rename:tmp6|security/selinux/hooks.c,1814}"
CE0x590ec40 "{CE0x590ec40|may_rename:sid7|security/selinux/hooks.c,1825}"
CE0x59d0b10 "{CE0x59d0b10|may_rename:tmp18|security/selinux/hooks.c,1825}"
CE0x59d0f10 "{CE0x59d0f10|may_rename:tmp18|security/selinux/hooks.c,1825|*SummSink*}"
CONST[source:0(mediator),value:2(dynamic)][purpose:{object}][SnkIdx:5]


CONST[source:1(input),value:2(dynamic)][purpose:{object}][SrcIdx:4]  ->  CONST[source:0(mediator),value:2(dynamic)][purpose:{object}][SnkIdx:17]
-----------
CONST[source:1(input),value:2(dynamic)][purpose:{object}][SrcIdx:4]
CE0x5919fd0 "{CE0x5919fd0|0:_i16,_56:_i8*,_:_CRE_56,64_|*MultipleSource*|*LoadInst*|security/selinux/hooks.c,1814|security/selinux/hooks.c,1814}"
CE0x59b9d10 "{CE0x59b9d10|may_rename:tmp64|security/selinux/hooks.c,1844}"
CE0x5a19b70 "{CE0x5a19b70|may_rename:tmp65|security/selinux/hooks.c,1844}"
CE0x5a2a100 "{CE0x5a2a100|may_rename:sid47|security/selinux/hooks.c,1846}"
CE0x5a22180 "{CE0x5a22180|may_rename:tmp68|security/selinux/hooks.c,1846}"
CE0x5a10140 "{CE0x5a10140|may_rename:tmp68|security/selinux/hooks.c,1846|*SummSink*}"
CONST[source:0(mediator),value:2(dynamic)][purpose:{object}][SnkIdx:17]


CONST[source:1(input),value:2(dynamic)][purpose:{object}][SrcIdx:4]  ->  CONST[source:0(mediator),value:2(dynamic)][purpose:{object}][SnkIdx:9]
-----------
CONST[source:1(input),value:2(dynamic)][purpose:{object}][SrcIdx:4]
CE0x5919fd0 "{CE0x5919fd0|0:_i16,_56:_i8*,_:_CRE_56,64_|*MultipleSource*|*LoadInst*|security/selinux/hooks.c,1814|security/selinux/hooks.c,1814}"
CE0x5985b90 "{CE0x5985b90|may_rename:tmp5|security/selinux/hooks.c,1814}"
CE0x59864a0 "{CE0x59864a0|may_rename:tmp6|security/selinux/hooks.c,1814}"
CE0x59deb50 "{CE0x59deb50|may_rename:sid16|security/selinux/hooks.c,1830}"
CE0x59df570 "{CE0x59df570|may_rename:tmp34|security/selinux/hooks.c,1830}"
CE0x59df760 "{CE0x59df760|may_rename:tmp34|security/selinux/hooks.c,1830|*SummSink*}"
CONST[source:0(mediator),value:2(dynamic)][purpose:{object}][SnkIdx:9]


CONST[source:1(input),value:2(dynamic)][purpose:{object}][SrcIdx:4]  ->  CONST[source:0(mediator),value:2(dynamic)][purpose:{object}][SnkIdx:18]
-----------
CONST[source:1(input),value:2(dynamic)][purpose:{object}][SrcIdx:4]
CE0x5919fd0 "{CE0x5919fd0|0:_i16,_56:_i8*,_:_CRE_56,64_|*MultipleSource*|*LoadInst*|security/selinux/hooks.c,1814|security/selinux/hooks.c,1814}"
CE0x59b9d10 "{CE0x59b9d10|may_rename:tmp64|security/selinux/hooks.c,1844}"
CE0x5a19b70 "{CE0x5a19b70|may_rename:tmp65|security/selinux/hooks.c,1844}"
CE0x5a28770 "{CE0x5a28770|may_rename:sclass48|security/selinux/hooks.c,1847}"
CE0x5a10c80 "{CE0x5a10c80|may_rename:tmp69|security/selinux/hooks.c,1847}"
CE0x5a28c00 "{CE0x5a28c00|may_rename:tmp69|security/selinux/hooks.c,1847|*SummSink*}"
CONST[source:0(mediator),value:2(dynamic)][purpose:{object}][SnkIdx:18]


CONST[source:1(input),value:2(dynamic)][purpose:{object}][SrcIdx:4]  ->  CONST[source:0(mediator),value:2(dynamic)][purpose:{object}][SnkIdx:6]
-----------
CONST[source:1(input),value:2(dynamic)][purpose:{object}][SrcIdx:4]
CE0x5919fd0 "{CE0x5919fd0|0:_i16,_56:_i8*,_:_CRE_56,64_|*MultipleSource*|*LoadInst*|security/selinux/hooks.c,1814|security/selinux/hooks.c,1814}"
CE0x5985b90 "{CE0x5985b90|may_rename:tmp5|security/selinux/hooks.c,1814}"
CE0x59864a0 "{CE0x59864a0|may_rename:tmp6|security/selinux/hooks.c,1814}"
CE0x59d6400 "{CE0x59d6400|may_rename:sclass|security/selinux/hooks.c,1826}"
CE0x59d6390 "{CE0x59d6390|may_rename:tmp19|security/selinux/hooks.c,1826}"
CE0x59d53a0 "{CE0x59d53a0|may_rename:tmp19|security/selinux/hooks.c,1826|*SummSink*}"
CONST[source:0(mediator),value:2(dynamic)][purpose:{object}][SnkIdx:6]


CONST[source:1(input),value:2(dynamic)][purpose:{object}][SrcIdx:4]  ->  CONST[source:0(mediator),value:0(static)][purpose:{operation}][SnkIdx:19]
-----------
CONST[source:1(input),value:2(dynamic)][purpose:{object}][SrcIdx:4]
CE0x591bbb0 "{CE0x591bbb0|0:_i16,_56:_i8*,_:_CRE_0,2_|*MultipleSource*|*LoadInst*|security/selinux/hooks.c,1814|security/selinux/hooks.c,1814}"
CE0x5a21510 "{CE0x5a21510|may_rename:tmp67|security/selinux/hooks.c,1845}"
CE0x5a21b00 "{CE0x5a21b00|may_rename:conv43|security/selinux/hooks.c,1845}"
CE0x5a291c0 "{CE0x5a291c0|may_rename:and44|security/selinux/hooks.c,1845}"
CE0x5a296e0 "{CE0x5a296e0|may_rename:cmp45|security/selinux/hooks.c,1845}"
CE0x5a29b50 "{CE0x5a29b50|may_rename:conv46|security/selinux/hooks.c,1845}"
CE0x5a181d0 "{CE0x5a181d0|may_rename:tobool49|security/selinux/hooks.c,1848}"
CE0x5a20f40 "{CE0x5a20f40|may_rename:cond|security/selinux/hooks.c,1848}"
CE0x5a11510 "{CE0x5a11510|may_rename:conv50|security/selinux/hooks.c,1848}"
CE0x5a103a0 "{CE0x5a103a0|may_rename:conv50|security/selinux/hooks.c,1848|*SummSink*}"
CONST[source:0(mediator),value:0(static)][purpose:{operation}][SnkIdx:19]



implicit:
CONST[source:1(input),value:2(dynamic)][purpose:{object}][SrcIdx:4]  ->  CONST[source:0(mediator),value:2(dynamic)][purpose:{object}][SnkIdx:6]
-----------
CONST[source:1(input),value:2(dynamic)][purpose:{object}][SrcIdx:4]
CE0x5919fd0 "{CE0x5919fd0|0:_i16,_56:_i8*,_:_CRE_56,64_|*MultipleSource*|*LoadInst*|security/selinux/hooks.c,1814|security/selinux/hooks.c,1814}"
CE0x5985b90 "{CE0x5985b90|may_rename:tmp5|security/selinux/hooks.c,1814}"
CE0x59864a0 "{CE0x59864a0|may_rename:tmp6|security/selinux/hooks.c,1814}"
CE0x59d6400 "{CE0x59d6400|may_rename:sclass|security/selinux/hooks.c,1826}"
CE0x59d6390 "{CE0x59d6390|may_rename:tmp19|security/selinux/hooks.c,1826}"
CE0x59d53a0 "{CE0x59d53a0|may_rename:tmp19|security/selinux/hooks.c,1826|*SummSink*}"
CONST[source:0(mediator),value:2(dynamic)][purpose:{object}][SnkIdx:6]


CONST[source:1(input),value:2(dynamic)][purpose:{object}][SrcIdx:4]  ->  CONST[source:0(mediator),value:2(dynamic)][purpose:{object}][SnkIdx:18]
-----------
CONST[source:1(input),value:2(dynamic)][purpose:{object}][SrcIdx:4]
CE0x58daf50 "{CE0x58daf50|104:_%struct.inode*,_:_CRE_104,112_|*MultipleSource*|Function::selinux_inode_rename&Arg::old_dentry::|Function::selinux_inode_rename&Arg::new_dentry::|security/selinux/hooks.c,1814|Function::may_rename&Arg::new_dentry::|Function::may_rename&Arg::old_dentry::}"
CE0x5a09220 "{CE0x5a09220|may_rename:tmp58|*LoadInst*|security/selinux/hooks.c,1843}"
CE0x5a09530 "{CE0x5a09530|may_rename:tobool37|security/selinux/hooks.c,1843}"
CE0x58b2230 "{CE0x58b2230|may_rename:if.then38}"
CE0x5a10c80 "{CE0x5a10c80|may_rename:tmp69|security/selinux/hooks.c,1847}"
CE0x5a28c00 "{CE0x5a28c00|may_rename:tmp69|security/selinux/hooks.c,1847|*SummSink*}"
CONST[source:0(mediator),value:2(dynamic)][purpose:{object}][SnkIdx:18]


CONST[source:1(input),value:2(dynamic)][purpose:{object}][SrcIdx:4]  ->  CONST[source:0(mediator),value:2(dynamic)][purpose:{object}][SnkIdx:9]
-----------
CONST[source:1(input),value:2(dynamic)][purpose:{object}][SrcIdx:4]
CE0x5919fd0 "{CE0x5919fd0|0:_i16,_56:_i8*,_:_CRE_56,64_|*MultipleSource*|*LoadInst*|security/selinux/hooks.c,1814|security/selinux/hooks.c,1814}"
CE0x5985b90 "{CE0x5985b90|may_rename:tmp5|security/selinux/hooks.c,1814}"
CE0x59864a0 "{CE0x59864a0|may_rename:tmp6|security/selinux/hooks.c,1814}"
CE0x59deb50 "{CE0x59deb50|may_rename:sid16|security/selinux/hooks.c,1830}"
CE0x59df570 "{CE0x59df570|may_rename:tmp34|security/selinux/hooks.c,1830}"
CE0x59df760 "{CE0x59df760|may_rename:tmp34|security/selinux/hooks.c,1830|*SummSink*}"
CONST[source:0(mediator),value:2(dynamic)][purpose:{object}][SnkIdx:9]


CONST[source:1(input),value:2(dynamic)][purpose:{object}][SrcIdx:4]  ->  CONST[source:0(mediator),value:2(dynamic)][purpose:{object}][SnkIdx:5]
-----------
CONST[source:1(input),value:2(dynamic)][purpose:{object}][SrcIdx:4]
CE0x5919fd0 "{CE0x5919fd0|0:_i16,_56:_i8*,_:_CRE_56,64_|*MultipleSource*|*LoadInst*|security/selinux/hooks.c,1814|security/selinux/hooks.c,1814}"
CE0x5985b90 "{CE0x5985b90|may_rename:tmp5|security/selinux/hooks.c,1814}"
CE0x59864a0 "{CE0x59864a0|may_rename:tmp6|security/selinux/hooks.c,1814}"
CE0x590ec40 "{CE0x590ec40|may_rename:sid7|security/selinux/hooks.c,1825}"
CE0x59d0b10 "{CE0x59d0b10|may_rename:tmp18|security/selinux/hooks.c,1825}"
CE0x59d0f10 "{CE0x59d0f10|may_rename:tmp18|security/selinux/hooks.c,1825|*SummSink*}"
CONST[source:0(mediator),value:2(dynamic)][purpose:{object}][SnkIdx:5]


CONST[source:1(input),value:2(dynamic)][purpose:{object}][SrcIdx:4]  ->  CONST[source:0(mediator),value:2(dynamic)][purpose:{object}][SnkIdx:17]
-----------
CONST[source:1(input),value:2(dynamic)][purpose:{object}][SrcIdx:4]
CE0x58daf50 "{CE0x58daf50|104:_%struct.inode*,_:_CRE_104,112_|*MultipleSource*|Function::selinux_inode_rename&Arg::old_dentry::|Function::selinux_inode_rename&Arg::new_dentry::|security/selinux/hooks.c,1814|Function::may_rename&Arg::new_dentry::|Function::may_rename&Arg::old_dentry::}"
CE0x5a09220 "{CE0x5a09220|may_rename:tmp58|*LoadInst*|security/selinux/hooks.c,1843}"
CE0x5a09530 "{CE0x5a09530|may_rename:tobool37|security/selinux/hooks.c,1843}"
CE0x58b2230 "{CE0x58b2230|may_rename:if.then38}"
CE0x5a22180 "{CE0x5a22180|may_rename:tmp68|security/selinux/hooks.c,1846}"
CE0x5a10140 "{CE0x5a10140|may_rename:tmp68|security/selinux/hooks.c,1846|*SummSink*}"
CONST[source:0(mediator),value:2(dynamic)][purpose:{object}][SnkIdx:17]


CONST[source:1(input),value:2(dynamic)][purpose:{object}][SrcIdx:4]  ->  CONST[source:0(mediator),value:2(dynamic)][purpose:{object}][SnkIdx:10]
-----------
CONST[source:1(input),value:2(dynamic)][purpose:{object}][SrcIdx:4]
CE0x5919fd0 "{CE0x5919fd0|0:_i16,_56:_i8*,_:_CRE_56,64_|*MultipleSource*|*LoadInst*|security/selinux/hooks.c,1814|security/selinux/hooks.c,1814}"
CE0x5985b90 "{CE0x5985b90|may_rename:tmp5|security/selinux/hooks.c,1814}"
CE0x59864a0 "{CE0x59864a0|may_rename:tmp6|security/selinux/hooks.c,1814}"
CE0x59e47e0 "{CE0x59e47e0|may_rename:sclass17|security/selinux/hooks.c,1831}"
CE0x59e3660 "{CE0x59e3660|may_rename:tmp35|security/selinux/hooks.c,1831}"
CE0x59e3800 "{CE0x59e3800|may_rename:tmp35|security/selinux/hooks.c,1831|*SummSink*}"
CONST[source:0(mediator),value:2(dynamic)][purpose:{object}][SnkIdx:10]


CONST[source:1(input),value:2(dynamic)][purpose:{object}][SrcIdx:4]  ->  CONST[source:0(mediator),value:0(static)][purpose:{operation}][SnkIdx:19]
-----------
CONST[source:1(input),value:2(dynamic)][purpose:{object}][SrcIdx:4]
CE0x58daf50 "{CE0x58daf50|104:_%struct.inode*,_:_CRE_104,112_|*MultipleSource*|Function::selinux_inode_rename&Arg::old_dentry::|Function::selinux_inode_rename&Arg::new_dentry::|security/selinux/hooks.c,1814|Function::may_rename&Arg::new_dentry::|Function::may_rename&Arg::old_dentry::}"
CE0x5a09220 "{CE0x5a09220|may_rename:tmp58|*LoadInst*|security/selinux/hooks.c,1843}"
CE0x5a09530 "{CE0x5a09530|may_rename:tobool37|security/selinux/hooks.c,1843}"
CE0x58b2230 "{CE0x58b2230|may_rename:if.then38}"
CE0x5a11510 "{CE0x5a11510|may_rename:conv50|security/selinux/hooks.c,1848}"
CE0x5a103a0 "{CE0x5a103a0|may_rename:conv50|security/selinux/hooks.c,1848|*SummSink*}"
CONST[source:0(mediator),value:0(static)][purpose:{operation}][SnkIdx:19]


CONST[source:1(input),value:2(dynamic)][purpose:{object}][SrcIdx:4]  ->  CONST[source:0(mediator),value:0(static)][purpose:{operation}][SnkIdx:15]
-----------
CONST[source:1(input),value:2(dynamic)][purpose:{object}][SrcIdx:4]
CE0x58daf50 "{CE0x58daf50|104:_%struct.inode*,_:_CRE_104,112_|*MultipleSource*|Function::selinux_inode_rename&Arg::old_dentry::|Function::selinux_inode_rename&Arg::new_dentry::|security/selinux/hooks.c,1814|Function::may_rename&Arg::new_dentry::|Function::may_rename&Arg::old_dentry::}"
CE0x59d9fa0 "{CE0x59d9fa0|may_rename:tmp44|*LoadInst*|security/selinux/hooks.c,1838}"
CE0x59c20f0 "{CE0x59c20f0|may_rename:tobool26|security/selinux/hooks.c,1838}"
CE0x58fdd80 "{CE0x58fdd80|may_rename:if.then27}"
CE0x59dc5f0 "{CE0x59dc5f0|may_rename:conv29|security/selinux/hooks.c,1839}"
CE0x59809d0 "{CE0x59809d0|may_rename:av.0}"
CE0x5980e00 "{CE0x5980e00|may_rename:av.0|*SummSink*}"
CONST[source:0(mediator),value:0(static)][purpose:{operation}][SnkIdx:15]


CONST[source:1(input),value:2(dynamic)][purpose:{object}][SrcIdx:4]  ->  CONST[source:0(mediator),value:2(dynamic)][purpose:{object}][SnkIdx:13]
-----------
CONST[source:1(input),value:2(dynamic)][purpose:{object}][SrcIdx:4]
CE0x591bbb0 "{CE0x591bbb0|0:_i16,_56:_i8*,_:_CRE_0,2_|*MultipleSource*|*LoadInst*|security/selinux/hooks.c,1814|security/selinux/hooks.c,1814}"
CE0x599a880 "{CE0x599a880|may_rename:tmp8|security/selinux/hooks.c,1815}"
CE0x5988de0 "{CE0x5988de0|may_rename:conv|security/selinux/hooks.c,1815}"
CE0x5987000 "{CE0x5987000|may_rename:and|security/selinux/hooks.c,1815}"
CE0x599aef0 "{CE0x599aef0|may_rename:cmp|security/selinux/hooks.c,1815}"
CE0x599b070 "{CE0x599b070|may_rename:conv3|security/selinux/hooks.c,1815}"
CE0x5986b10 "{CE0x5986b10|may_rename:tobool12|security/selinux/hooks.c,1829}"
CE0x590ab70 "{CE0x590ab70|may_rename:if.end30}"
CE0x59c9740 "{CE0x59c9740|may_rename:tmp51|security/selinux/hooks.c,1840}"
CE0x5a066f0 "{CE0x5a066f0|may_rename:tmp51|security/selinux/hooks.c,1840|*SummSink*}"
CONST[source:0(mediator),value:2(dynamic)][purpose:{object}][SnkIdx:13]


CONST[source:1(input),value:2(dynamic)][purpose:{object}][SrcIdx:2]  ->  CONST[source:0(mediator),value:2(dynamic)][purpose:{object}][SnkIdx:6]
-----------
CONST[source:1(input),value:2(dynamic)][purpose:{object}][SrcIdx:2]
CE0x5919fd0 "{CE0x5919fd0|0:_i16,_56:_i8*,_:_CRE_56,64_|*MultipleSource*|*LoadInst*|security/selinux/hooks.c,1814|security/selinux/hooks.c,1814}"
CE0x5985b90 "{CE0x5985b90|may_rename:tmp5|security/selinux/hooks.c,1814}"
CE0x59864a0 "{CE0x59864a0|may_rename:tmp6|security/selinux/hooks.c,1814}"
CE0x59d6400 "{CE0x59d6400|may_rename:sclass|security/selinux/hooks.c,1826}"
CE0x59d6390 "{CE0x59d6390|may_rename:tmp19|security/selinux/hooks.c,1826}"
CE0x59d53a0 "{CE0x59d53a0|may_rename:tmp19|security/selinux/hooks.c,1826|*SummSink*}"
CONST[source:0(mediator),value:2(dynamic)][purpose:{object}][SnkIdx:6]


CONST[source:1(input),value:2(dynamic)][purpose:{object}][SrcIdx:2]  ->  CONST[source:0(mediator),value:2(dynamic)][purpose:{object}][SnkIdx:18]
-----------
CONST[source:1(input),value:2(dynamic)][purpose:{object}][SrcIdx:2]
CE0x58daf50 "{CE0x58daf50|104:_%struct.inode*,_:_CRE_104,112_|*MultipleSource*|Function::selinux_inode_rename&Arg::old_dentry::|Function::selinux_inode_rename&Arg::new_dentry::|security/selinux/hooks.c,1814|Function::may_rename&Arg::new_dentry::|Function::may_rename&Arg::old_dentry::}"
CE0x5a09220 "{CE0x5a09220|may_rename:tmp58|*LoadInst*|security/selinux/hooks.c,1843}"
CE0x5a09530 "{CE0x5a09530|may_rename:tobool37|security/selinux/hooks.c,1843}"
CE0x58b2230 "{CE0x58b2230|may_rename:if.then38}"
CE0x5a10c80 "{CE0x5a10c80|may_rename:tmp69|security/selinux/hooks.c,1847}"
CE0x5a28c00 "{CE0x5a28c00|may_rename:tmp69|security/selinux/hooks.c,1847|*SummSink*}"
CONST[source:0(mediator),value:2(dynamic)][purpose:{object}][SnkIdx:18]


CONST[source:1(input),value:2(dynamic)][purpose:{object}][SrcIdx:2]  ->  CONST[source:0(mediator),value:2(dynamic)][purpose:{object}][SnkIdx:9]
-----------
CONST[source:1(input),value:2(dynamic)][purpose:{object}][SrcIdx:2]
CE0x5919fd0 "{CE0x5919fd0|0:_i16,_56:_i8*,_:_CRE_56,64_|*MultipleSource*|*LoadInst*|security/selinux/hooks.c,1814|security/selinux/hooks.c,1814}"
CE0x5985b90 "{CE0x5985b90|may_rename:tmp5|security/selinux/hooks.c,1814}"
CE0x59864a0 "{CE0x59864a0|may_rename:tmp6|security/selinux/hooks.c,1814}"
CE0x59deb50 "{CE0x59deb50|may_rename:sid16|security/selinux/hooks.c,1830}"
CE0x59df570 "{CE0x59df570|may_rename:tmp34|security/selinux/hooks.c,1830}"
CE0x59df760 "{CE0x59df760|may_rename:tmp34|security/selinux/hooks.c,1830|*SummSink*}"
CONST[source:0(mediator),value:2(dynamic)][purpose:{object}][SnkIdx:9]


CONST[source:1(input),value:2(dynamic)][purpose:{object}][SrcIdx:2]  ->  CONST[source:0(mediator),value:2(dynamic)][purpose:{object}][SnkIdx:5]
-----------
CONST[source:1(input),value:2(dynamic)][purpose:{object}][SrcIdx:2]
CE0x5919fd0 "{CE0x5919fd0|0:_i16,_56:_i8*,_:_CRE_56,64_|*MultipleSource*|*LoadInst*|security/selinux/hooks.c,1814|security/selinux/hooks.c,1814}"
CE0x5985b90 "{CE0x5985b90|may_rename:tmp5|security/selinux/hooks.c,1814}"
CE0x59864a0 "{CE0x59864a0|may_rename:tmp6|security/selinux/hooks.c,1814}"
CE0x590ec40 "{CE0x590ec40|may_rename:sid7|security/selinux/hooks.c,1825}"
CE0x59d0b10 "{CE0x59d0b10|may_rename:tmp18|security/selinux/hooks.c,1825}"
CE0x59d0f10 "{CE0x59d0f10|may_rename:tmp18|security/selinux/hooks.c,1825|*SummSink*}"
CONST[source:0(mediator),value:2(dynamic)][purpose:{object}][SnkIdx:5]


CONST[source:1(input),value:2(dynamic)][purpose:{object}][SrcIdx:2]  ->  CONST[source:0(mediator),value:2(dynamic)][purpose:{object}][SnkIdx:17]
-----------
CONST[source:1(input),value:2(dynamic)][purpose:{object}][SrcIdx:2]
CE0x58daf50 "{CE0x58daf50|104:_%struct.inode*,_:_CRE_104,112_|*MultipleSource*|Function::selinux_inode_rename&Arg::old_dentry::|Function::selinux_inode_rename&Arg::new_dentry::|security/selinux/hooks.c,1814|Function::may_rename&Arg::new_dentry::|Function::may_rename&Arg::old_dentry::}"
CE0x5a09220 "{CE0x5a09220|may_rename:tmp58|*LoadInst*|security/selinux/hooks.c,1843}"
CE0x5a09530 "{CE0x5a09530|may_rename:tobool37|security/selinux/hooks.c,1843}"
CE0x58b2230 "{CE0x58b2230|may_rename:if.then38}"
CE0x5a22180 "{CE0x5a22180|may_rename:tmp68|security/selinux/hooks.c,1846}"
CE0x5a10140 "{CE0x5a10140|may_rename:tmp68|security/selinux/hooks.c,1846|*SummSink*}"
CONST[source:0(mediator),value:2(dynamic)][purpose:{object}][SnkIdx:17]


CONST[source:1(input),value:2(dynamic)][purpose:{object}][SrcIdx:2]  ->  CONST[source:0(mediator),value:2(dynamic)][purpose:{object}][SnkIdx:10]
-----------
CONST[source:1(input),value:2(dynamic)][purpose:{object}][SrcIdx:2]
CE0x5919fd0 "{CE0x5919fd0|0:_i16,_56:_i8*,_:_CRE_56,64_|*MultipleSource*|*LoadInst*|security/selinux/hooks.c,1814|security/selinux/hooks.c,1814}"
CE0x5985b90 "{CE0x5985b90|may_rename:tmp5|security/selinux/hooks.c,1814}"
CE0x59864a0 "{CE0x59864a0|may_rename:tmp6|security/selinux/hooks.c,1814}"
CE0x59e47e0 "{CE0x59e47e0|may_rename:sclass17|security/selinux/hooks.c,1831}"
CE0x59e3660 "{CE0x59e3660|may_rename:tmp35|security/selinux/hooks.c,1831}"
CE0x59e3800 "{CE0x59e3800|may_rename:tmp35|security/selinux/hooks.c,1831|*SummSink*}"
CONST[source:0(mediator),value:2(dynamic)][purpose:{object}][SnkIdx:10]


CONST[source:1(input),value:2(dynamic)][purpose:{object}][SrcIdx:2]  ->  CONST[source:0(mediator),value:0(static)][purpose:{operation}][SnkIdx:19]
-----------
CONST[source:1(input),value:2(dynamic)][purpose:{object}][SrcIdx:2]
CE0x58daf50 "{CE0x58daf50|104:_%struct.inode*,_:_CRE_104,112_|*MultipleSource*|Function::selinux_inode_rename&Arg::old_dentry::|Function::selinux_inode_rename&Arg::new_dentry::|security/selinux/hooks.c,1814|Function::may_rename&Arg::new_dentry::|Function::may_rename&Arg::old_dentry::}"
CE0x5a09220 "{CE0x5a09220|may_rename:tmp58|*LoadInst*|security/selinux/hooks.c,1843}"
CE0x5a09530 "{CE0x5a09530|may_rename:tobool37|security/selinux/hooks.c,1843}"
CE0x58b2230 "{CE0x58b2230|may_rename:if.then38}"
CE0x5a11510 "{CE0x5a11510|may_rename:conv50|security/selinux/hooks.c,1848}"
CE0x5a103a0 "{CE0x5a103a0|may_rename:conv50|security/selinux/hooks.c,1848|*SummSink*}"
CONST[source:0(mediator),value:0(static)][purpose:{operation}][SnkIdx:19]


CONST[source:1(input),value:2(dynamic)][purpose:{object}][SrcIdx:2]  ->  CONST[source:0(mediator),value:0(static)][purpose:{operation}][SnkIdx:15]
-----------
CONST[source:1(input),value:2(dynamic)][purpose:{object}][SrcIdx:2]
CE0x58daf50 "{CE0x58daf50|104:_%struct.inode*,_:_CRE_104,112_|*MultipleSource*|Function::selinux_inode_rename&Arg::old_dentry::|Function::selinux_inode_rename&Arg::new_dentry::|security/selinux/hooks.c,1814|Function::may_rename&Arg::new_dentry::|Function::may_rename&Arg::old_dentry::}"
CE0x59d9fa0 "{CE0x59d9fa0|may_rename:tmp44|*LoadInst*|security/selinux/hooks.c,1838}"
CE0x59c20f0 "{CE0x59c20f0|may_rename:tobool26|security/selinux/hooks.c,1838}"
CE0x58fdd80 "{CE0x58fdd80|may_rename:if.then27}"
CE0x59dc5f0 "{CE0x59dc5f0|may_rename:conv29|security/selinux/hooks.c,1839}"
CE0x59809d0 "{CE0x59809d0|may_rename:av.0}"
CE0x5980e00 "{CE0x5980e00|may_rename:av.0|*SummSink*}"
CONST[source:0(mediator),value:0(static)][purpose:{operation}][SnkIdx:15]


CONST[source:1(input),value:2(dynamic)][purpose:{object}][SrcIdx:2]  ->  CONST[source:0(mediator),value:2(dynamic)][purpose:{object}][SnkIdx:13]
-----------
CONST[source:1(input),value:2(dynamic)][purpose:{object}][SrcIdx:2]
CE0x591bbb0 "{CE0x591bbb0|0:_i16,_56:_i8*,_:_CRE_0,2_|*MultipleSource*|*LoadInst*|security/selinux/hooks.c,1814|security/selinux/hooks.c,1814}"
CE0x599a880 "{CE0x599a880|may_rename:tmp8|security/selinux/hooks.c,1815}"
CE0x5988de0 "{CE0x5988de0|may_rename:conv|security/selinux/hooks.c,1815}"
CE0x5987000 "{CE0x5987000|may_rename:and|security/selinux/hooks.c,1815}"
CE0x599aef0 "{CE0x599aef0|may_rename:cmp|security/selinux/hooks.c,1815}"
CE0x599b070 "{CE0x599b070|may_rename:conv3|security/selinux/hooks.c,1815}"
CE0x5986b10 "{CE0x5986b10|may_rename:tobool12|security/selinux/hooks.c,1829}"
CE0x590ab70 "{CE0x590ab70|may_rename:if.end30}"
CE0x59c9740 "{CE0x59c9740|may_rename:tmp51|security/selinux/hooks.c,1840}"
CE0x5a066f0 "{CE0x5a066f0|may_rename:tmp51|security/selinux/hooks.c,1840|*SummSink*}"
CONST[source:0(mediator),value:2(dynamic)][purpose:{object}][SnkIdx:13]


CONST[source:2(external),value:2(dynamic)][purpose:{subject}][SrcIdx:5]  ->  CONST[source:0(mediator),value:2(dynamic)][purpose:{subject}][SnkIdx:12]
-----------
CONST[source:2(external),value:2(dynamic)][purpose:{subject}][SrcIdx:5]
CE0x59737b0 "{CE0x59737b0|COLLAPSED:_CMRE:_elem_0::|security/selinux/hooks.c,218}"
CE0x5973e50 "{CE0x5973e50|current_sid:tmp22|security/selinux/hooks.c,218}"
CE0x5974140 "{CE0x5974140|current_sid:tmp23|security/selinux/hooks.c,218}"
CE0x5974ca0 "{CE0x5974ca0|current_sid:sid|security/selinux/hooks.c,220}"
CE0x5975ed0 "{CE0x5975ed0|current_sid:tmp24|security/selinux/hooks.c,220}"
CE0x58fc500 "{CE0x58fc500|_ret_i32_%tmp24,_!dbg_!27742|security/selinux/hooks.c,220}"
CE0x58d5340 "{CE0x58d5340|may_rename:call|security/selinux/hooks.c,1808}"
CE0x58b2b10 "{CE0x58b2b10|may_rename:call|security/selinux/hooks.c,1808|*SummSink*}"
CONST[source:0(mediator),value:2(dynamic)][purpose:{subject}][SnkIdx:12]


CONST[source:2(external),value:2(dynamic)][purpose:{subject}][SrcIdx:5]  ->  CONST[source:0(mediator),value:2(dynamic)][purpose:{subject}][SnkIdx:16]
-----------
CONST[source:2(external),value:2(dynamic)][purpose:{subject}][SrcIdx:5]
CE0x59737b0 "{CE0x59737b0|COLLAPSED:_CMRE:_elem_0::|security/selinux/hooks.c,218}"
CE0x5973e50 "{CE0x5973e50|current_sid:tmp22|security/selinux/hooks.c,218}"
CE0x5974140 "{CE0x5974140|current_sid:tmp23|security/selinux/hooks.c,218}"
CE0x5974ca0 "{CE0x5974ca0|current_sid:sid|security/selinux/hooks.c,220}"
CE0x5975ed0 "{CE0x5975ed0|current_sid:tmp24|security/selinux/hooks.c,220}"
CE0x58fc500 "{CE0x58fc500|_ret_i32_%tmp24,_!dbg_!27742|security/selinux/hooks.c,220}"
CE0x58d5340 "{CE0x58d5340|may_rename:call|security/selinux/hooks.c,1808}"
CE0x58b2b10 "{CE0x58b2b10|may_rename:call|security/selinux/hooks.c,1808|*SummSink*}"
CONST[source:0(mediator),value:2(dynamic)][purpose:{subject}][SnkIdx:16]


CONST[source:2(external),value:2(dynamic)][purpose:{subject}][SrcIdx:5]  ->  CONST[source:0(mediator),value:2(dynamic)][purpose:{subject}][SnkIdx:8]
-----------
CONST[source:2(external),value:2(dynamic)][purpose:{subject}][SrcIdx:5]
CE0x59737b0 "{CE0x59737b0|COLLAPSED:_CMRE:_elem_0::|security/selinux/hooks.c,218}"
CE0x5973e50 "{CE0x5973e50|current_sid:tmp22|security/selinux/hooks.c,218}"
CE0x5974140 "{CE0x5974140|current_sid:tmp23|security/selinux/hooks.c,218}"
CE0x5974ca0 "{CE0x5974ca0|current_sid:sid|security/selinux/hooks.c,220}"
CE0x5975ed0 "{CE0x5975ed0|current_sid:tmp24|security/selinux/hooks.c,220}"
CE0x58fc500 "{CE0x58fc500|_ret_i32_%tmp24,_!dbg_!27742|security/selinux/hooks.c,220}"
CE0x58d5340 "{CE0x58d5340|may_rename:call|security/selinux/hooks.c,1808}"
CE0x58b2b10 "{CE0x58b2b10|may_rename:call|security/selinux/hooks.c,1808|*SummSink*}"
CONST[source:0(mediator),value:2(dynamic)][purpose:{subject}][SnkIdx:8]


CONST[source:2(external),value:2(dynamic)][purpose:{subject}][SrcIdx:5]  ->  CONST[source:0(mediator),value:2(dynamic)][purpose:{subject}][SnkIdx:0]
-----------
CONST[source:2(external),value:2(dynamic)][purpose:{subject}][SrcIdx:5]
CE0x59737b0 "{CE0x59737b0|COLLAPSED:_CMRE:_elem_0::|security/selinux/hooks.c,218}"
CE0x5973e50 "{CE0x5973e50|current_sid:tmp22|security/selinux/hooks.c,218}"
CE0x5974140 "{CE0x5974140|current_sid:tmp23|security/selinux/hooks.c,218}"
CE0x5974ca0 "{CE0x5974ca0|current_sid:sid|security/selinux/hooks.c,220}"
CE0x5975ed0 "{CE0x5975ed0|current_sid:tmp24|security/selinux/hooks.c,220}"
CE0x58fc500 "{CE0x58fc500|_ret_i32_%tmp24,_!dbg_!27742|security/selinux/hooks.c,220}"
CE0x58d5340 "{CE0x58d5340|may_rename:call|security/selinux/hooks.c,1808}"
CE0x58b2b10 "{CE0x58b2b10|may_rename:call|security/selinux/hooks.c,1808|*SummSink*}"
CONST[source:0(mediator),value:2(dynamic)][purpose:{subject}][SnkIdx:0]


CONST[source:2(external),value:2(dynamic)][purpose:{subject}][SrcIdx:5]  ->  CONST[source:0(mediator),value:2(dynamic)][purpose:{subject}][SnkIdx:4]
-----------
CONST[source:2(external),value:2(dynamic)][purpose:{subject}][SrcIdx:5]
CE0x59737b0 "{CE0x59737b0|COLLAPSED:_CMRE:_elem_0::|security/selinux/hooks.c,218}"
CE0x5973e50 "{CE0x5973e50|current_sid:tmp22|security/selinux/hooks.c,218}"
CE0x5974140 "{CE0x5974140|current_sid:tmp23|security/selinux/hooks.c,218}"
CE0x5974ca0 "{CE0x5974ca0|current_sid:sid|security/selinux/hooks.c,220}"
CE0x5975ed0 "{CE0x5975ed0|current_sid:tmp24|security/selinux/hooks.c,220}"
CE0x58fc500 "{CE0x58fc500|_ret_i32_%tmp24,_!dbg_!27742|security/selinux/hooks.c,220}"
CE0x58d5340 "{CE0x58d5340|may_rename:call|security/selinux/hooks.c,1808}"
CE0x58b2b10 "{CE0x58b2b10|may_rename:call|security/selinux/hooks.c,1808|*SummSink*}"
CONST[source:0(mediator),value:2(dynamic)][purpose:{subject}][SnkIdx:4]


