[selinux_setprocattr]

explicit:
CONST[source:2(external),value:0(static)][purpose:{operation}][SrcIdx:3]  ->  CONST[source:0(mediator),value:2(dynamic)][purpose:{subject}]
-----------
CONST[source:2(external),value:0(static)][purpose:{operation}][SrcIdx:3]
CE0x45df940 "{CE0x45df940|i32_0|*Constant*}"
CE0x44f8580 "{CE0x44f8580|selinux_setprocattr:ptsid.0}"
CE0x44f8810 "{CE0x44f8810|selinux_setprocattr:ptsid.0|*SummSink*}"
CONST[source:0(mediator),value:2(dynamic)][purpose:{subject}]


CONST[source:2(external),value:0(static)][purpose:{operation}][SrcIdx:3]  ->  CONST[source:0(mediator),value:2(dynamic)][purpose:{object}]
-----------
CONST[source:2(external),value:0(static)][purpose:{operation}][SrcIdx:3]
CE0x45df940 "{CE0x45df940|i32_0|*Constant*}"
CE0x45e2460 "{CE0x45e2460|0:_i32,_:_SCMRE:_elem_0:default:}"
CE0x5cf7450 "{CE0x5cf7450|selinux_setprocattr:tmp178|security/selinux/hooks.c,5661}"
CE0x5cf7c50 "{CE0x5cf7c50|selinux_setprocattr:tmp178|security/selinux/hooks.c,5661|*SummSink*}"
CONST[source:0(mediator),value:2(dynamic)][purpose:{object}]


CONST[source:2(external),value:0(static)][purpose:{operation}][SrcIdx:0]  ->  CONST[source:0(mediator),value:2(dynamic)][purpose:{subject}]
-----------
CONST[source:2(external),value:0(static)][purpose:{operation}][SrcIdx:0]
CE0x45df940 "{CE0x45df940|i32_0|*Constant*}"
CE0x44f8580 "{CE0x44f8580|selinux_setprocattr:ptsid.0}"
CE0x44f8810 "{CE0x44f8810|selinux_setprocattr:ptsid.0|*SummSink*}"
CONST[source:0(mediator),value:2(dynamic)][purpose:{subject}]


CONST[source:2(external),value:0(static)][purpose:{operation}][SrcIdx:0]  ->  CONST[source:0(mediator),value:2(dynamic)][purpose:{object}]
-----------
CONST[source:2(external),value:0(static)][purpose:{operation}][SrcIdx:0]
CE0x45df940 "{CE0x45df940|i32_0|*Constant*}"
CE0x45e2460 "{CE0x45e2460|0:_i32,_:_SCMRE:_elem_0:default:}"
CE0x5cf7450 "{CE0x5cf7450|selinux_setprocattr:tmp178|security/selinux/hooks.c,5661}"
CE0x5cf7c50 "{CE0x5cf7c50|selinux_setprocattr:tmp178|security/selinux/hooks.c,5661|*SummSink*}"
CONST[source:0(mediator),value:2(dynamic)][purpose:{object}]


CONST[source:1(input),value:2(dynamic)][purpose:{object}][SrcIdx:5]  ->  CONST[source:0(mediator),value:2(dynamic)][purpose:{subject}]
-----------
CONST[source:1(input),value:2(dynamic)][purpose:{object}][SrcIdx:5]
CE0x5dfc5f0 "{CE0x5dfc5f0|VOIDTB_TE:_CE_128,136_|*MultipleSource*|Function::cred_sid&Arg::cred::|*LoadInst*|security/selinux/hooks.c,208|security/selinux/hooks.c,196}"
CE0x5e2b700 "{CE0x5e2b700|cred_sid:tmp4|*LoadInst*|security/selinux/hooks.c,196}"
CE0x5e12450 "{CE0x5e12450|cred_sid:tmp5|security/selinux/hooks.c,196}"
CE0x5e1dc00 "{CE0x5e1dc00|cred_sid:sid|security/selinux/hooks.c,197}"
CE0x5e2e7c0 "{CE0x5e2e7c0|cred_sid:tmp6|security/selinux/hooks.c,197}"
CE0x44d4c40 "{CE0x44d4c40|_ret_i32_%tmp6,_!dbg_!27716|security/selinux/hooks.c,197}"
CE0x445cf40 "{CE0x445cf40|task_sid:call7|security/selinux/hooks.c,208}"
CE0x45f6e90 "{CE0x45f6e90|_ret_i32_%call7,_!dbg_!27749|security/selinux/hooks.c,210}"
CE0x45f33d0 "{CE0x45f33d0|may_create_key:call|security/selinux/hooks.c,1748}"
CE0x45f5b80 "{CE0x45f5b80|may_create_key:call|security/selinux/hooks.c,1748|*SummSink*}"
CONST[source:0(mediator),value:2(dynamic)][purpose:{subject}]


CONST[source:1(input),value:2(dynamic)][purpose:{object}][SrcIdx:5]  ->  CONST[source:0(mediator),value:2(dynamic)][purpose:{object}]
-----------
CONST[source:1(input),value:2(dynamic)][purpose:{object}][SrcIdx:5]
CE0x5dfc5f0 "{CE0x5dfc5f0|VOIDTB_TE:_CE_128,136_|*MultipleSource*|Function::cred_sid&Arg::cred::|*LoadInst*|security/selinux/hooks.c,208|security/selinux/hooks.c,196}"
CE0x5e2b700 "{CE0x5e2b700|cred_sid:tmp4|*LoadInst*|security/selinux/hooks.c,196}"
CE0x5e12450 "{CE0x5e12450|cred_sid:tmp5|security/selinux/hooks.c,196}"
CE0x5e1dc00 "{CE0x5e1dc00|cred_sid:sid|security/selinux/hooks.c,197}"
CE0x5e2e7c0 "{CE0x5e2e7c0|cred_sid:tmp6|security/selinux/hooks.c,197}"
CE0x44d4c40 "{CE0x44d4c40|_ret_i32_%tmp6,_!dbg_!27716|security/selinux/hooks.c,197}"
CE0x5e1af70 "{CE0x5e1af70|task_sid:call7|security/selinux/hooks.c,208}"
CE0x44a4bb0 "{CE0x44a4bb0|_ret_i32_%call7,_!dbg_!27749|security/selinux/hooks.c,210}"
CE0x44a2950 "{CE0x44a2950|current_has_perm:call1|security/selinux/hooks.c,1543}"
CE0x449df60 "{CE0x449df60|current_has_perm:call1|security/selinux/hooks.c,1543|*SummSink*}"
CONST[source:0(mediator),value:2(dynamic)][purpose:{object}]


CONST[source:2(external),value:2(dynamic)][purpose:{subject}][SrcIdx:7]  ->  CONST[source:0(mediator),value:2(dynamic)][purpose:{subject}]
-----------
CONST[source:2(external),value:2(dynamic)][purpose:{subject}][SrcIdx:7]
CE0x445e8a0 "{CE0x445e8a0|COLLAPSED:_CMRE:_elem_0:default:}"
CE0x5df3e30 "{CE0x5df3e30|current_sid:tmp22|security/selinux/hooks.c,218}"
CE0x5df45c0 "{CE0x5df45c0|current_sid:tmp23|security/selinux/hooks.c,218}"
CE0x5df4f50 "{CE0x5df4f50|current_sid:sid|security/selinux/hooks.c,220}"
CE0x5df6040 "{CE0x5df6040|current_sid:tmp24|security/selinux/hooks.c,220}"
CE0x449e230 "{CE0x449e230|_ret_i32_%tmp24,_!dbg_!27742|security/selinux/hooks.c,220}"
CE0x45c6c50 "{CE0x45c6c50|current_has_perm:call|security/selinux/hooks.c,1542}"
CE0x4482840 "{CE0x4482840|current_has_perm:call|security/selinux/hooks.c,1542|*SummSink*}"
CONST[source:0(mediator),value:2(dynamic)][purpose:{subject}]



implicit:
CONST[source:2(external),value:0(static)][purpose:{operation}][SrcIdx:1]  ->  CONST[source:0(mediator),value:2(dynamic)][purpose:{object}]
-----------
CONST[source:2(external),value:0(static)][purpose:{operation}][SrcIdx:1]
CE0x460bff0 "{CE0x460bff0|i32_33|*Constant*}"
CE0x4433f80 "{CE0x4433f80|selinux_setprocattr:call56|security/selinux/hooks.c,5601}"
CE0x45f30a0 "{CE0x45f30a0|selinux_setprocattr:if.end115}"
CE0x5cf7450 "{CE0x5cf7450|selinux_setprocattr:tmp178|security/selinux/hooks.c,5661}"
CE0x5cf7c50 "{CE0x5cf7c50|selinux_setprocattr:tmp178|security/selinux/hooks.c,5661|*SummSink*}"
CONST[source:0(mediator),value:2(dynamic)][purpose:{object}]


CONST[source:2(external),value:0(static)][purpose:{operation}][SrcIdx:1]  ->  CONST[source:0(mediator),value:2(dynamic)][purpose:{subject}]
-----------
CONST[source:2(external),value:0(static)][purpose:{operation}][SrcIdx:1]
CE0x460bff0 "{CE0x460bff0|i32_33|*Constant*}"
CE0x4433f80 "{CE0x4433f80|selinux_setprocattr:call56|security/selinux/hooks.c,5601}"
CE0x45f30a0 "{CE0x45f30a0|selinux_setprocattr:if.end115}"
CE0x5cf7160 "{CE0x5cf7160|selinux_setprocattr:tmp177|security/selinux/hooks.c,5661}"
CE0x5cf72e0 "{CE0x5cf72e0|selinux_setprocattr:tmp177|security/selinux/hooks.c,5661|*SummSink*}"
CONST[source:0(mediator),value:2(dynamic)][purpose:{subject}]


CONST[source:2(external),value:0(static)][purpose:{operation}][SrcIdx:4]  ->  CONST[source:0(mediator),value:2(dynamic)][purpose:{object}]
-----------
CONST[source:2(external),value:0(static)][purpose:{operation}][SrcIdx:4]
CE0x447c270 "{CE0x447c270|i32_208|*Constant*}"
CE0x447b960 "{CE0x447b960|selinux_setprocattr:call49|security/selinux/hooks.c,5599}"
CE0x447c6c0 "{CE0x447c6c0|selinux_setprocattr:cmp50|security/selinux/hooks.c,5600}"
CE0x45f30a0 "{CE0x45f30a0|selinux_setprocattr:if.end115}"
CE0x5cf7450 "{CE0x5cf7450|selinux_setprocattr:tmp178|security/selinux/hooks.c,5661}"
CE0x5cf7c50 "{CE0x5cf7c50|selinux_setprocattr:tmp178|security/selinux/hooks.c,5661|*SummSink*}"
CONST[source:0(mediator),value:2(dynamic)][purpose:{object}]


CONST[source:2(external),value:0(static)][purpose:{operation}][SrcIdx:4]  ->  CONST[source:0(mediator),value:2(dynamic)][purpose:{subject}]
-----------
CONST[source:2(external),value:0(static)][purpose:{operation}][SrcIdx:4]
CE0x447c270 "{CE0x447c270|i32_208|*Constant*}"
CE0x447b960 "{CE0x447b960|selinux_setprocattr:call49|security/selinux/hooks.c,5599}"
CE0x447c6c0 "{CE0x447c6c0|selinux_setprocattr:cmp50|security/selinux/hooks.c,5600}"
CE0x45f30a0 "{CE0x45f30a0|selinux_setprocattr:if.end115}"
CE0x5cf7160 "{CE0x5cf7160|selinux_setprocattr:tmp177|security/selinux/hooks.c,5661}"
CE0x5cf72e0 "{CE0x5cf72e0|selinux_setprocattr:tmp177|security/selinux/hooks.c,5661|*SummSink*}"
CONST[source:0(mediator),value:2(dynamic)][purpose:{subject}]


CONST[source:2(external),value:2(dynamic)][purpose:{subject}][SrcIdx:7]  ->  CONST[source:0(mediator),value:2(dynamic)][purpose:{object}]
-----------
CONST[source:2(external),value:2(dynamic)][purpose:{subject}][SrcIdx:7]
CE0x445d840 "{CE0x445d840|COLLAPSED:_GCMRE_current_task_external_global_%struct.task_struct*:_elem_0::|security/selinux/hooks.c,5611}"
CE0x449be10 "{CE0x449be10|get_current:tmp4|./arch/x86/include/asm/current.h,14}"
CE0x4a4cb80 "{CE0x4a4cb80|_ret_%struct.task_struct*_%tmp4,_!dbg_!27714|./arch/x86/include/asm/current.h,14}"
CE0x44a2c90 "{CE0x44a2c90|selinux_setprocattr:call|security/selinux/hooks.c,5567}"
CE0x44401f0 "{CE0x44401f0|selinux_setprocattr:cmp|security/selinux/hooks.c,5567}"
CE0x45f30a0 "{CE0x45f30a0|selinux_setprocattr:if.end115}"
CE0x5cf7450 "{CE0x5cf7450|selinux_setprocattr:tmp178|security/selinux/hooks.c,5661}"
CE0x5cf7c50 "{CE0x5cf7c50|selinux_setprocattr:tmp178|security/selinux/hooks.c,5661|*SummSink*}"
CONST[source:0(mediator),value:2(dynamic)][purpose:{object}]


CONST[source:2(external),value:2(dynamic)][purpose:{subject}][SrcIdx:7]  ->  CONST[source:0(mediator),value:2(dynamic)][purpose:{subject}]
-----------
CONST[source:2(external),value:2(dynamic)][purpose:{subject}][SrcIdx:7]
CE0x445d840 "{CE0x445d840|COLLAPSED:_GCMRE_current_task_external_global_%struct.task_struct*:_elem_0::|security/selinux/hooks.c,5611}"
CE0x5df3e30 "{CE0x5df3e30|current_sid:tmp22|security/selinux/hooks.c,218}"
CE0x5df45c0 "{CE0x5df45c0|current_sid:tmp23|security/selinux/hooks.c,218}"
CE0x5df4f50 "{CE0x5df4f50|current_sid:sid|security/selinux/hooks.c,220}"
CE0x5df6040 "{CE0x5df6040|current_sid:tmp24|security/selinux/hooks.c,220}"
CE0x449e230 "{CE0x449e230|_ret_i32_%tmp24,_!dbg_!27742|security/selinux/hooks.c,220}"
CE0x45c6c50 "{CE0x45c6c50|current_has_perm:call|security/selinux/hooks.c,1542}"
CE0x4482840 "{CE0x4482840|current_has_perm:call|security/selinux/hooks.c,1542|*SummSink*}"
CONST[source:0(mediator),value:2(dynamic)][purpose:{subject}]


CONST[source:2(external),value:0(static)][purpose:{operation}][SrcIdx:3]  ->  CONST[source:0(mediator),value:2(dynamic)][purpose:{object}]
-----------
CONST[source:2(external),value:0(static)][purpose:{operation}][SrcIdx:3]
CE0x45df940 "{CE0x45df940|i32_0|*Constant*}"
CE0x45e2460 "{CE0x45e2460|0:_i32,_:_SCMRE:_elem_0:default:}"
CE0x5cf7450 "{CE0x5cf7450|selinux_setprocattr:tmp178|security/selinux/hooks.c,5661}"
CE0x5cf7c50 "{CE0x5cf7c50|selinux_setprocattr:tmp178|security/selinux/hooks.c,5661|*SummSink*}"
CONST[source:0(mediator),value:2(dynamic)][purpose:{object}]


CONST[source:2(external),value:0(static)][purpose:{operation}][SrcIdx:3]  ->  CONST[source:0(mediator),value:2(dynamic)][purpose:{subject}]
-----------
CONST[source:2(external),value:0(static)][purpose:{operation}][SrcIdx:3]
CE0x45df940 "{CE0x45df940|i32_0|*Constant*}"
CE0x44f8580 "{CE0x44f8580|selinux_setprocattr:ptsid.0}"
CE0x44f8810 "{CE0x44f8810|selinux_setprocattr:ptsid.0|*SummSink*}"
CONST[source:0(mediator),value:2(dynamic)][purpose:{subject}]


CONST[source:2(external),value:0(static)][purpose:{operation}][SrcIdx:2]  ->  CONST[source:0(mediator),value:2(dynamic)][purpose:{object}]
-----------
CONST[source:2(external),value:0(static)][purpose:{operation}][SrcIdx:2]
CE0x45d4200 "{CE0x45d4200|i32_-22|*Constant*}"
CE0x447c6c0 "{CE0x447c6c0|selinux_setprocattr:cmp50|security/selinux/hooks.c,5600}"
CE0x45f30a0 "{CE0x45f30a0|selinux_setprocattr:if.end115}"
CE0x5cf7450 "{CE0x5cf7450|selinux_setprocattr:tmp178|security/selinux/hooks.c,5661}"
CE0x5cf7c50 "{CE0x5cf7c50|selinux_setprocattr:tmp178|security/selinux/hooks.c,5661|*SummSink*}"
CONST[source:0(mediator),value:2(dynamic)][purpose:{object}]


CONST[source:2(external),value:0(static)][purpose:{operation}][SrcIdx:2]  ->  CONST[source:0(mediator),value:2(dynamic)][purpose:{subject}]
-----------
CONST[source:2(external),value:0(static)][purpose:{operation}][SrcIdx:2]
CE0x45d4200 "{CE0x45d4200|i32_-22|*Constant*}"
CE0x447c6c0 "{CE0x447c6c0|selinux_setprocattr:cmp50|security/selinux/hooks.c,5600}"
CE0x45f30a0 "{CE0x45f30a0|selinux_setprocattr:if.end115}"
CE0x5cf7160 "{CE0x5cf7160|selinux_setprocattr:tmp177|security/selinux/hooks.c,5661}"
CE0x5cf72e0 "{CE0x5cf72e0|selinux_setprocattr:tmp177|security/selinux/hooks.c,5661|*SummSink*}"
CONST[source:0(mediator),value:2(dynamic)][purpose:{subject}]


CONST[source:2(external),value:0(static)][purpose:{operation}][SrcIdx:0]  ->  CONST[source:0(mediator),value:2(dynamic)][purpose:{object}]
-----------
CONST[source:2(external),value:0(static)][purpose:{operation}][SrcIdx:0]
CE0x45df940 "{CE0x45df940|i32_0|*Constant*}"
CE0x45e2460 "{CE0x45e2460|0:_i32,_:_SCMRE:_elem_0:default:}"
CE0x5cf7450 "{CE0x5cf7450|selinux_setprocattr:tmp178|security/selinux/hooks.c,5661}"
CE0x5cf7c50 "{CE0x5cf7c50|selinux_setprocattr:tmp178|security/selinux/hooks.c,5661|*SummSink*}"
CONST[source:0(mediator),value:2(dynamic)][purpose:{object}]


CONST[source:2(external),value:0(static)][purpose:{operation}][SrcIdx:0]  ->  CONST[source:0(mediator),value:2(dynamic)][purpose:{subject}]
-----------
CONST[source:2(external),value:0(static)][purpose:{operation}][SrcIdx:0]
CE0x45df940 "{CE0x45df940|i32_0|*Constant*}"
CE0x44f8580 "{CE0x44f8580|selinux_setprocattr:ptsid.0}"
CE0x44f8810 "{CE0x44f8810|selinux_setprocattr:ptsid.0|*SummSink*}"
CONST[source:0(mediator),value:2(dynamic)][purpose:{subject}]


CONST[source:1(input),value:2(dynamic)][purpose:{object}][SrcIdx:5]  ->  CONST[source:0(mediator),value:2(dynamic)][purpose:{object}]
-----------
CONST[source:1(input),value:2(dynamic)][purpose:{object}][SrcIdx:5]
CE0x4440090 "{CE0x4440090|selinux_setprocattr:p|Function::selinux_setprocattr&Arg::p::|*SummSource*}"
CE0x444f580 "{CE0x444f580|selinux_setprocattr:p|Function::selinux_setprocattr&Arg::p::}"
CE0x44401f0 "{CE0x44401f0|selinux_setprocattr:cmp|security/selinux/hooks.c,5567}"
CE0x45f30a0 "{CE0x45f30a0|selinux_setprocattr:if.end115}"
CE0x5cf7450 "{CE0x5cf7450|selinux_setprocattr:tmp178|security/selinux/hooks.c,5661}"
CE0x5cf7c50 "{CE0x5cf7c50|selinux_setprocattr:tmp178|security/selinux/hooks.c,5661|*SummSink*}"
CONST[source:0(mediator),value:2(dynamic)][purpose:{object}]


CONST[source:1(input),value:2(dynamic)][purpose:{object}][SrcIdx:5]  ->  CONST[source:0(mediator),value:2(dynamic)][purpose:{subject}]
-----------
CONST[source:1(input),value:2(dynamic)][purpose:{object}][SrcIdx:5]
CE0x4440090 "{CE0x4440090|selinux_setprocattr:p|Function::selinux_setprocattr&Arg::p::|*SummSource*}"
CE0x444f580 "{CE0x444f580|selinux_setprocattr:p|Function::selinux_setprocattr&Arg::p::}"
CE0x44401f0 "{CE0x44401f0|selinux_setprocattr:cmp|security/selinux/hooks.c,5567}"
CE0x45f30a0 "{CE0x45f30a0|selinux_setprocattr:if.end115}"
CE0x5cf7160 "{CE0x5cf7160|selinux_setprocattr:tmp177|security/selinux/hooks.c,5661}"
CE0x5cf72e0 "{CE0x5cf72e0|selinux_setprocattr:tmp177|security/selinux/hooks.c,5661|*SummSink*}"
CONST[source:0(mediator),value:2(dynamic)][purpose:{subject}]


