[selinux_file_fcntl]

explicit:
CONST[source:0(mediator),value:2(dynamic)][purpose:{subject}][SrcIdx:26]  ->  CONST[source:0(mediator),value:2(dynamic)][purpose:{object}][SnkIdx:6]
-----------
CONST[source:0(mediator),value:2(dynamic)][purpose:{subject}][SrcIdx:26]
CE0x9a07950 "{CE0x9a07950|VOIDTB_TE:_IE:_elem_0:default:}"
CE0x9a1fae0 "{CE0x9a1fae0|tmp18}"
CE0x9a1fe00 "{CE0x9a1fe00|tmp18}"
CONST[source:0(mediator),value:2(dynamic)][purpose:{object}][SnkIdx:6]


CONST[source:0(mediator),value:2(dynamic)][purpose:{subject}][SrcIdx:26]  ->  CONST[source:0(mediator),value:2(dynamic)][purpose:{object}][SnkIdx:5]
-----------
CONST[source:0(mediator),value:2(dynamic)][purpose:{subject}][SrcIdx:26]
CE0x9a07950 "{CE0x9a07950|VOIDTB_TE:_IE:_elem_0:default:}"
CE0x9a0dd70 "{CE0x9a0dd70|tmp17}"
CE0x9a1f860 "{CE0x9a1f860|tmp17}"
CONST[source:0(mediator),value:2(dynamic)][purpose:{object}][SnkIdx:5]


CONST[source:0(mediator),value:2(dynamic)][purpose:{subject}][SrcIdx:26]  ->  CONST[source:0(mediator),value:2(dynamic)][purpose:{object}][SnkIdx:1]
-----------
CONST[source:0(mediator),value:2(dynamic)][purpose:{subject}][SrcIdx:26]
CE0x9a07950 "{CE0x9a07950|VOIDTB_TE:_IE:_elem_0:default:}"
CE0x9a926d0 "{CE0x9a926d0|tmp11}"
CE0x9a927b0 "{CE0x9a927b0|tmp11}"
CONST[source:0(mediator),value:2(dynamic)][purpose:{object}][SnkIdx:1]


CONST[source:1(input),value:2(dynamic)][purpose:{object}][SrcIdx:21]  ->  CONST[source:0(mediator),value:2(dynamic)][purpose:{subject}][SnkIdx:4]
-----------
CONST[source:1(input),value:2(dynamic)][purpose:{object}][SrcIdx:21]
CE0x9a07950 "{CE0x9a07950|VOIDTB_TE:_IE:_elem_0:default:}"
CE0x9a59150 "{CE0x9a59150|tmp6}"
CE0x9a22d50 "{CE0x9a22d50|_ret_i32_%tmp6,_!dbg_!27716}"
CE0x9a22900 "{CE0x9a22900|call}"
CE0x9a22aa0 "{CE0x9a22aa0|call}"
CONST[source:0(mediator),value:2(dynamic)][purpose:{subject}][SnkIdx:4]


CONST[source:1(input),value:2(dynamic)][purpose:{object}][SrcIdx:21]  ->  CONST[source:0(mediator),value:2(dynamic)][purpose:{object}][SnkIdx:6]
-----------
CONST[source:1(input),value:2(dynamic)][purpose:{object}][SrcIdx:21]
CE0x9a07950 "{CE0x9a07950|VOIDTB_TE:_IE:_elem_0:default:}"
CE0x9a1fae0 "{CE0x9a1fae0|tmp18}"
CE0x9a1fe00 "{CE0x9a1fe00|tmp18}"
CONST[source:0(mediator),value:2(dynamic)][purpose:{object}][SnkIdx:6]


CONST[source:1(input),value:2(dynamic)][purpose:{object}][SrcIdx:21]  ->  CONST[source:0(mediator),value:2(dynamic)][purpose:{subject}][SnkIdx:0]
-----------
CONST[source:1(input),value:2(dynamic)][purpose:{object}][SrcIdx:21]
CE0x9a07950 "{CE0x9a07950|VOIDTB_TE:_IE:_elem_0:default:}"
CE0x9a6f2f0 "{CE0x9a6f2f0|tmp6}"
CE0x99fe400 "{CE0x99fe400|_ret_i32_%tmp6,_!dbg_!27716}"
CE0x99f0ee0 "{CE0x99f0ee0|call1}"
CE0x99f0e70 "{CE0x99f0e70|call1}"
CONST[source:0(mediator),value:2(dynamic)][purpose:{subject}][SnkIdx:0]


CONST[source:1(input),value:2(dynamic)][purpose:{object}][SrcIdx:21]  ->  CONST[source:0(mediator),value:2(dynamic)][purpose:{object}][SnkIdx:5]
-----------
CONST[source:1(input),value:2(dynamic)][purpose:{object}][SrcIdx:21]
CE0x9a07950 "{CE0x9a07950|VOIDTB_TE:_IE:_elem_0:default:}"
CE0x9a0dd70 "{CE0x9a0dd70|tmp17}"
CE0x9a1f860 "{CE0x9a1f860|tmp17}"
CONST[source:0(mediator),value:2(dynamic)][purpose:{object}][SnkIdx:5]


CONST[source:1(input),value:2(dynamic)][purpose:{object}][SrcIdx:21]  ->  CONST[source:0(mediator),value:2(dynamic)][purpose:{object}][SnkIdx:1]
-----------
CONST[source:1(input),value:2(dynamic)][purpose:{object}][SrcIdx:21]
CE0x9a07950 "{CE0x9a07950|VOIDTB_TE:_IE:_elem_0:default:}"
CE0x9a926d0 "{CE0x9a926d0|tmp11}"
CE0x9a927b0 "{CE0x9a927b0|tmp11}"
CONST[source:0(mediator),value:2(dynamic)][purpose:{object}][SnkIdx:1]


CONST[source:2(external),value:2(dynamic)][purpose:{subject}][SrcIdx:25]  ->  CONST[source:0(mediator),value:2(dynamic)][purpose:{subject}][SnkIdx:4]
-----------
CONST[source:2(external),value:2(dynamic)][purpose:{subject}][SrcIdx:25]
CE0x9a07950 "{CE0x9a07950|VOIDTB_TE:_IE:_elem_0:default:}"
CE0x9a59150 "{CE0x9a59150|tmp6}"
CE0x9a22d50 "{CE0x9a22d50|_ret_i32_%tmp6,_!dbg_!27716}"
CE0x9a22900 "{CE0x9a22900|call}"
CE0x9a22aa0 "{CE0x9a22aa0|call}"
CONST[source:0(mediator),value:2(dynamic)][purpose:{subject}][SnkIdx:4]


CONST[source:2(external),value:2(dynamic)][purpose:{subject}][SrcIdx:25]  ->  CONST[source:0(mediator),value:2(dynamic)][purpose:{object}][SnkIdx:6]
-----------
CONST[source:2(external),value:2(dynamic)][purpose:{subject}][SrcIdx:25]
CE0x9a07950 "{CE0x9a07950|VOIDTB_TE:_IE:_elem_0:default:}"
CE0x9a1fae0 "{CE0x9a1fae0|tmp18}"
CE0x9a1fe00 "{CE0x9a1fe00|tmp18}"
CONST[source:0(mediator),value:2(dynamic)][purpose:{object}][SnkIdx:6]


CONST[source:2(external),value:2(dynamic)][purpose:{subject}][SrcIdx:25]  ->  CONST[source:0(mediator),value:2(dynamic)][purpose:{subject}][SnkIdx:0]
-----------
CONST[source:2(external),value:2(dynamic)][purpose:{subject}][SrcIdx:25]
CE0x9a07950 "{CE0x9a07950|VOIDTB_TE:_IE:_elem_0:default:}"
CE0x9a6f2f0 "{CE0x9a6f2f0|tmp6}"
CE0x99fe400 "{CE0x99fe400|_ret_i32_%tmp6,_!dbg_!27716}"
CE0x99f0ee0 "{CE0x99f0ee0|call1}"
CE0x99f0e70 "{CE0x99f0e70|call1}"
CONST[source:0(mediator),value:2(dynamic)][purpose:{subject}][SnkIdx:0]


CONST[source:2(external),value:2(dynamic)][purpose:{subject}][SrcIdx:25]  ->  CONST[source:0(mediator),value:2(dynamic)][purpose:{object}][SnkIdx:5]
-----------
CONST[source:2(external),value:2(dynamic)][purpose:{subject}][SrcIdx:25]
CE0x9a07950 "{CE0x9a07950|VOIDTB_TE:_IE:_elem_0:default:}"
CE0x9a0dd70 "{CE0x9a0dd70|tmp17}"
CE0x9a1f860 "{CE0x9a1f860|tmp17}"
CONST[source:0(mediator),value:2(dynamic)][purpose:{object}][SnkIdx:5]


CONST[source:2(external),value:2(dynamic)][purpose:{subject}][SrcIdx:25]  ->  CONST[source:0(mediator),value:2(dynamic)][purpose:{object}][SnkIdx:1]
-----------
CONST[source:2(external),value:2(dynamic)][purpose:{subject}][SrcIdx:25]
CE0x9a07950 "{CE0x9a07950|VOIDTB_TE:_IE:_elem_0:default:}"
CE0x9a926d0 "{CE0x9a926d0|tmp11}"
CE0x9a927b0 "{CE0x9a927b0|tmp11}"
CONST[source:0(mediator),value:2(dynamic)][purpose:{object}][SnkIdx:1]



implicit:
CONST[source:2(external),value:2(dynamic)][purpose:{subject}][SrcIdx:25]  ->  CONST[source:0(mediator),value:2(dynamic)][purpose:{object}][SnkIdx:5]
-----------
CONST[source:2(external),value:2(dynamic)][purpose:{subject}][SrcIdx:25]
CE0x9a07950 "{CE0x9a07950|VOIDTB_TE:_IE:_elem_0:default:}"
CE0x9a0dd70 "{CE0x9a0dd70|tmp17}"
CE0x9a1f860 "{CE0x9a1f860|tmp17}"
CONST[source:0(mediator),value:2(dynamic)][purpose:{object}][SnkIdx:5]


CONST[source:2(external),value:2(dynamic)][purpose:{subject}][SrcIdx:25]  ->  CONST[source:0(mediator),value:2(dynamic)][purpose:{object}][SnkIdx:1]
-----------
CONST[source:2(external),value:2(dynamic)][purpose:{subject}][SrcIdx:25]
CE0x9a07950 "{CE0x9a07950|VOIDTB_TE:_IE:_elem_0:default:}"
CE0x9a926d0 "{CE0x9a926d0|tmp11}"
CE0x9a927b0 "{CE0x9a927b0|tmp11}"
CONST[source:0(mediator),value:2(dynamic)][purpose:{object}][SnkIdx:1]


CONST[source:2(external),value:2(dynamic)][purpose:{subject}][SrcIdx:25]  ->  CONST[source:0(mediator),value:2(dynamic)][purpose:{subject}][SnkIdx:4]
-----------
CONST[source:2(external),value:2(dynamic)][purpose:{subject}][SrcIdx:25]
CE0x9a07950 "{CE0x9a07950|VOIDTB_TE:_IE:_elem_0:default:}"
CE0x9a59150 "{CE0x9a59150|tmp6}"
CE0x9a22d50 "{CE0x9a22d50|_ret_i32_%tmp6,_!dbg_!27716}"
CE0x9a22900 "{CE0x9a22900|call}"
CE0x9a22aa0 "{CE0x9a22aa0|call}"
CONST[source:0(mediator),value:2(dynamic)][purpose:{subject}][SnkIdx:4]


CONST[source:2(external),value:2(dynamic)][purpose:{subject}][SrcIdx:25]  ->  CONST[source:0(mediator),value:2(dynamic)][purpose:{subject}][SnkIdx:0]
-----------
CONST[source:2(external),value:2(dynamic)][purpose:{subject}][SrcIdx:25]
CE0x9a07950 "{CE0x9a07950|VOIDTB_TE:_IE:_elem_0:default:}"
CE0x9a6f2f0 "{CE0x9a6f2f0|tmp6}"
CE0x99fe400 "{CE0x99fe400|_ret_i32_%tmp6,_!dbg_!27716}"
CE0x99f0ee0 "{CE0x99f0ee0|call1}"
CE0x99f0e70 "{CE0x99f0e70|call1}"
CONST[source:0(mediator),value:2(dynamic)][purpose:{subject}][SnkIdx:0]


CONST[source:2(external),value:2(dynamic)][purpose:{subject}][SrcIdx:25]  ->  CONST[source:0(mediator),value:2(dynamic)][purpose:{object}][SnkIdx:6]
-----------
CONST[source:2(external),value:2(dynamic)][purpose:{subject}][SrcIdx:25]
CE0x9a07950 "{CE0x9a07950|VOIDTB_TE:_IE:_elem_0:default:}"
CE0x9a1fae0 "{CE0x9a1fae0|tmp18}"
CE0x9a1fe00 "{CE0x9a1fe00|tmp18}"
CONST[source:0(mediator),value:2(dynamic)][purpose:{object}][SnkIdx:6]


CONST[source:0(mediator),value:2(dynamic)][purpose:{subject}][SrcIdx:26]  ->  CONST[source:0(mediator),value:2(dynamic)][purpose:{object}][SnkIdx:5]
-----------
CONST[source:0(mediator),value:2(dynamic)][purpose:{subject}][SrcIdx:26]
CE0x9a07950 "{CE0x9a07950|VOIDTB_TE:_IE:_elem_0:default:}"
CE0x9a0dd70 "{CE0x9a0dd70|tmp17}"
CE0x9a1f860 "{CE0x9a1f860|tmp17}"
CONST[source:0(mediator),value:2(dynamic)][purpose:{object}][SnkIdx:5]


CONST[source:0(mediator),value:2(dynamic)][purpose:{subject}][SrcIdx:26]  ->  CONST[source:0(mediator),value:2(dynamic)][purpose:{object}][SnkIdx:1]
-----------
CONST[source:0(mediator),value:2(dynamic)][purpose:{subject}][SrcIdx:26]
CE0x9a07950 "{CE0x9a07950|VOIDTB_TE:_IE:_elem_0:default:}"
CE0x9a926d0 "{CE0x9a926d0|tmp11}"
CE0x9a927b0 "{CE0x9a927b0|tmp11}"
CONST[source:0(mediator),value:2(dynamic)][purpose:{object}][SnkIdx:1]


CONST[source:0(mediator),value:2(dynamic)][purpose:{subject}][SrcIdx:26]  ->  CONST[source:0(mediator),value:2(dynamic)][purpose:{object}][SnkIdx:6]
-----------
CONST[source:0(mediator),value:2(dynamic)][purpose:{subject}][SrcIdx:26]
CE0x9a07950 "{CE0x9a07950|VOIDTB_TE:_IE:_elem_0:default:}"
CE0x9a1fae0 "{CE0x9a1fae0|tmp18}"
CE0x9a1fe00 "{CE0x9a1fe00|tmp18}"
CONST[source:0(mediator),value:2(dynamic)][purpose:{object}][SnkIdx:6]


CONST[source:1(input),value:2(dynamic)][purpose:{object}][SrcIdx:21]  ->  CONST[source:0(mediator),value:2(dynamic)][purpose:{object}][SnkIdx:5]
-----------
CONST[source:1(input),value:2(dynamic)][purpose:{object}][SrcIdx:21]
CE0x9a07950 "{CE0x9a07950|VOIDTB_TE:_IE:_elem_0:default:}"
CE0x9a0dd70 "{CE0x9a0dd70|tmp17}"
CE0x9a1f860 "{CE0x9a1f860|tmp17}"
CONST[source:0(mediator),value:2(dynamic)][purpose:{object}][SnkIdx:5]


CONST[source:1(input),value:2(dynamic)][purpose:{object}][SrcIdx:21]  ->  CONST[source:0(mediator),value:2(dynamic)][purpose:{object}][SnkIdx:1]
-----------
CONST[source:1(input),value:2(dynamic)][purpose:{object}][SrcIdx:21]
CE0x9a07950 "{CE0x9a07950|VOIDTB_TE:_IE:_elem_0:default:}"
CE0x9a926d0 "{CE0x9a926d0|tmp11}"
CE0x9a927b0 "{CE0x9a927b0|tmp11}"
CONST[source:0(mediator),value:2(dynamic)][purpose:{object}][SnkIdx:1]


CONST[source:1(input),value:2(dynamic)][purpose:{object}][SrcIdx:21]  ->  CONST[source:0(mediator),value:2(dynamic)][purpose:{subject}][SnkIdx:4]
-----------
CONST[source:1(input),value:2(dynamic)][purpose:{object}][SrcIdx:21]
CE0x9a07950 "{CE0x9a07950|VOIDTB_TE:_IE:_elem_0:default:}"
CE0x9a59150 "{CE0x9a59150|tmp6}"
CE0x9a22d50 "{CE0x9a22d50|_ret_i32_%tmp6,_!dbg_!27716}"
CE0x9a22900 "{CE0x9a22900|call}"
CE0x9a22aa0 "{CE0x9a22aa0|call}"
CONST[source:0(mediator),value:2(dynamic)][purpose:{subject}][SnkIdx:4]


CONST[source:1(input),value:2(dynamic)][purpose:{object}][SrcIdx:21]  ->  CONST[source:0(mediator),value:2(dynamic)][purpose:{subject}][SnkIdx:0]
-----------
CONST[source:1(input),value:2(dynamic)][purpose:{object}][SrcIdx:21]
CE0x9a07950 "{CE0x9a07950|VOIDTB_TE:_IE:_elem_0:default:}"
CE0x9a6f2f0 "{CE0x9a6f2f0|tmp6}"
CE0x99fe400 "{CE0x99fe400|_ret_i32_%tmp6,_!dbg_!27716}"
CE0x99f0ee0 "{CE0x99f0ee0|call1}"
CE0x99f0e70 "{CE0x99f0e70|call1}"
CONST[source:0(mediator),value:2(dynamic)][purpose:{subject}][SnkIdx:0]


CONST[source:1(input),value:2(dynamic)][purpose:{object}][SrcIdx:21]  ->  CONST[source:0(mediator),value:2(dynamic)][purpose:{object}][SnkIdx:6]
-----------
CONST[source:1(input),value:2(dynamic)][purpose:{object}][SrcIdx:21]
CE0x9a07950 "{CE0x9a07950|VOIDTB_TE:_IE:_elem_0:default:}"
CE0x9a1fae0 "{CE0x9a1fae0|tmp18}"
CE0x9a1fe00 "{CE0x9a1fe00|tmp18}"
CONST[source:0(mediator),value:2(dynamic)][purpose:{object}][SnkIdx:6]


