[selinux_socket_unix_may_send]

explicit:
CONST[source:1(input),value:2(dynamic)][purpose:{object}][SrcIdx:2]  ->  CONST[source:0(mediator),value:2(dynamic)][purpose:{object}][SnkIdx:2]
-----------
CONST[source:1(input),value:2(dynamic)][purpose:{object}][SrcIdx:2]
CE0x5522ce0 "{CE0x5522ce0|32:_%struct.sock*,_:_CRE_32,40_|*MultipleSource*|Function::selinux_socket_unix_may_send&Arg::other::|security/selinux/hooks.c,4294}"
CE0x54bd090 "{CE0x54bd090|selinux_socket_unix_may_send:tmp7|*LoadInst*|security/selinux/hooks.c,4294}"
CE0x5523330 "{CE0x5523330|selinux_socket_unix_may_send:sk_security2|security/selinux/hooks.c,4294}"
CE0x553f9f0 "{CE0x553f9f0|selinux_socket_unix_may_send:tmp8|security/selinux/hooks.c,4294}"
CE0x5541f60 "{CE0x5541f60|selinux_socket_unix_may_send:tmp9|security/selinux/hooks.c,4294}"
CE0x554cfe0 "{CE0x554cfe0|selinux_socket_unix_may_send:sclass|security/selinux/hooks.c,4302}"
CE0x554c6d0 "{CE0x554c6d0|selinux_socket_unix_may_send:tmp16|security/selinux/hooks.c,4302}"
CE0x554d570 "{CE0x554d570|selinux_socket_unix_may_send:tmp16|security/selinux/hooks.c,4302|*SummSink*}"
CONST[source:0(mediator),value:2(dynamic)][purpose:{object}][SnkIdx:2]


CONST[source:1(input),value:2(dynamic)][purpose:{object}][SrcIdx:2]  ->  CONST[source:0(mediator),value:2(dynamic)][purpose:{object}][SnkIdx:1]
-----------
CONST[source:1(input),value:2(dynamic)][purpose:{object}][SrcIdx:2]
CE0x5522ce0 "{CE0x5522ce0|32:_%struct.sock*,_:_CRE_32,40_|*MultipleSource*|Function::selinux_socket_unix_may_send&Arg::other::|security/selinux/hooks.c,4294}"
CE0x54bd090 "{CE0x54bd090|selinux_socket_unix_may_send:tmp7|*LoadInst*|security/selinux/hooks.c,4294}"
CE0x5523330 "{CE0x5523330|selinux_socket_unix_may_send:sk_security2|security/selinux/hooks.c,4294}"
CE0x553f9f0 "{CE0x553f9f0|selinux_socket_unix_may_send:tmp8|security/selinux/hooks.c,4294}"
CE0x5541f60 "{CE0x5541f60|selinux_socket_unix_may_send:tmp9|security/selinux/hooks.c,4294}"
CE0x5548870 "{CE0x5548870|selinux_socket_unix_may_send:sid8|security/selinux/hooks.c,4302}"
CE0x54bfb60 "{CE0x54bfb60|selinux_socket_unix_may_send:tmp15|security/selinux/hooks.c,4302}"
CE0x554b0a0 "{CE0x554b0a0|selinux_socket_unix_may_send:tmp15|security/selinux/hooks.c,4302|*SummSink*}"
CONST[source:0(mediator),value:2(dynamic)][purpose:{object}][SnkIdx:1]


CONST[source:1(input),value:2(dynamic)][purpose:{subject}][SrcIdx:3]  ->  CONST[source:0(mediator),value:2(dynamic)][purpose:{subject}][SnkIdx:0]
-----------
CONST[source:1(input),value:2(dynamic)][purpose:{subject}][SrcIdx:3]
CE0x550b3b0 "{CE0x550b3b0|1216:_i8*,_:_CRE_1216,1224_|*MultipleSource*|*LoadInst*|security/selinux/hooks.c,4293|security/selinux/hooks.c,4293}"
CE0x550a1c0 "{CE0x550a1c0|selinux_socket_unix_may_send:tmp5|security/selinux/hooks.c,4293}"
CE0x550c730 "{CE0x550c730|selinux_socket_unix_may_send:tmp6|security/selinux/hooks.c,4293}"
CE0x5548240 "{CE0x5548240|selinux_socket_unix_may_send:sid|security/selinux/hooks.c,4302}"
CE0x5548dd0 "{CE0x5548dd0|selinux_socket_unix_may_send:tmp14|security/selinux/hooks.c,4302}"
CE0x5549090 "{CE0x5549090|selinux_socket_unix_may_send:tmp14|security/selinux/hooks.c,4302|*SummSink*}"
CONST[source:0(mediator),value:2(dynamic)][purpose:{subject}][SnkIdx:0]



implicit:
CONST[source:1(input),value:2(dynamic)][purpose:{object}][SrcIdx:2]  ->  CONST[source:0(mediator),value:2(dynamic)][purpose:{object}][SnkIdx:2]
-----------
CONST[source:1(input),value:2(dynamic)][purpose:{object}][SrcIdx:2]
CE0x5522ce0 "{CE0x5522ce0|32:_%struct.sock*,_:_CRE_32,40_|*MultipleSource*|Function::selinux_socket_unix_may_send&Arg::other::|security/selinux/hooks.c,4294}"
CE0x54bd090 "{CE0x54bd090|selinux_socket_unix_may_send:tmp7|*LoadInst*|security/selinux/hooks.c,4294}"
CE0x5523330 "{CE0x5523330|selinux_socket_unix_may_send:sk_security2|security/selinux/hooks.c,4294}"
CE0x553f9f0 "{CE0x553f9f0|selinux_socket_unix_may_send:tmp8|security/selinux/hooks.c,4294}"
CE0x5541f60 "{CE0x5541f60|selinux_socket_unix_may_send:tmp9|security/selinux/hooks.c,4294}"
CE0x554cfe0 "{CE0x554cfe0|selinux_socket_unix_may_send:sclass|security/selinux/hooks.c,4302}"
CE0x554c6d0 "{CE0x554c6d0|selinux_socket_unix_may_send:tmp16|security/selinux/hooks.c,4302}"
CE0x554d570 "{CE0x554d570|selinux_socket_unix_may_send:tmp16|security/selinux/hooks.c,4302|*SummSink*}"
CONST[source:0(mediator),value:2(dynamic)][purpose:{object}][SnkIdx:2]


CONST[source:1(input),value:2(dynamic)][purpose:{object}][SrcIdx:2]  ->  CONST[source:0(mediator),value:2(dynamic)][purpose:{object}][SnkIdx:1]
-----------
CONST[source:1(input),value:2(dynamic)][purpose:{object}][SrcIdx:2]
CE0x5522ce0 "{CE0x5522ce0|32:_%struct.sock*,_:_CRE_32,40_|*MultipleSource*|Function::selinux_socket_unix_may_send&Arg::other::|security/selinux/hooks.c,4294}"
CE0x54bd090 "{CE0x54bd090|selinux_socket_unix_may_send:tmp7|*LoadInst*|security/selinux/hooks.c,4294}"
CE0x5523330 "{CE0x5523330|selinux_socket_unix_may_send:sk_security2|security/selinux/hooks.c,4294}"
CE0x553f9f0 "{CE0x553f9f0|selinux_socket_unix_may_send:tmp8|security/selinux/hooks.c,4294}"
CE0x5541f60 "{CE0x5541f60|selinux_socket_unix_may_send:tmp9|security/selinux/hooks.c,4294}"
CE0x5548870 "{CE0x5548870|selinux_socket_unix_may_send:sid8|security/selinux/hooks.c,4302}"
CE0x54bfb60 "{CE0x54bfb60|selinux_socket_unix_may_send:tmp15|security/selinux/hooks.c,4302}"
CE0x554b0a0 "{CE0x554b0a0|selinux_socket_unix_may_send:tmp15|security/selinux/hooks.c,4302|*SummSink*}"
CONST[source:0(mediator),value:2(dynamic)][purpose:{object}][SnkIdx:1]


CONST[source:1(input),value:2(dynamic)][purpose:{subject}][SrcIdx:3]  ->  CONST[source:0(mediator),value:2(dynamic)][purpose:{subject}][SnkIdx:0]
-----------
CONST[source:1(input),value:2(dynamic)][purpose:{subject}][SrcIdx:3]
CE0x550b3b0 "{CE0x550b3b0|1216:_i8*,_:_CRE_1216,1224_|*MultipleSource*|*LoadInst*|security/selinux/hooks.c,4293|security/selinux/hooks.c,4293}"
CE0x550a1c0 "{CE0x550a1c0|selinux_socket_unix_may_send:tmp5|security/selinux/hooks.c,4293}"
CE0x550c730 "{CE0x550c730|selinux_socket_unix_may_send:tmp6|security/selinux/hooks.c,4293}"
CE0x5548240 "{CE0x5548240|selinux_socket_unix_may_send:sid|security/selinux/hooks.c,4302}"
CE0x5548dd0 "{CE0x5548dd0|selinux_socket_unix_may_send:tmp14|security/selinux/hooks.c,4302}"
CE0x5549090 "{CE0x5549090|selinux_socket_unix_may_send:tmp14|security/selinux/hooks.c,4302|*SummSink*}"
CONST[source:0(mediator),value:2(dynamic)][purpose:{subject}][SnkIdx:0]


