[selinux_shm_alloc_security]

explicit:
CONST[source:2(external),value:0(static)][purpose:{operation}][SrcIdx:0]  ->  CONST[source:0(mediator),value:2(dynamic)][purpose:{object}]
-----------
CONST[source:2(external),value:0(static)][purpose:{operation}][SrcIdx:0]
CE0x4498220 "{CE0x4498220|i32_32768|*Constant*}"
CE0x4463780 "{CE0x4463780|kzalloc:or|include/linux/slab.h,578}"
CE0x4492b60 "{CE0x4492b60|kmalloc:flags|Function::kmalloc&Arg::flags::}"
CE0x44429d0 "{CE0x44429d0|0:_i16,_4:_i32,_:_CMRE_4,8_|*MultipleSource*|security/selinux/hooks.c,5302|security/selinux/hooks.c,5302|security/selinux/hooks.c,5307}"
CE0x4442b90 "{CE0x4442b90|selinux_shm_alloc_security:tmp11|security/selinux/hooks.c,5307}"
CE0x4441700 "{CE0x4441700|selinux_shm_alloc_security:tmp11|security/selinux/hooks.c,5307|*SummSink*}"
CONST[source:0(mediator),value:2(dynamic)][purpose:{object}]


CONST[source:1(input),value:2(dynamic)][purpose:{object}][SrcIdx:1]  ->  CONST[source:0(mediator),value:2(dynamic)][purpose:{object}]
-----------
CONST[source:1(input),value:2(dynamic)][purpose:{object}][SrcIdx:1]
CE0x44429d0 "{CE0x44429d0|0:_i16,_4:_i32,_:_CMRE_4,8_|*MultipleSource*|security/selinux/hooks.c,5302|security/selinux/hooks.c,5302|security/selinux/hooks.c,5307}"
CE0x4442b90 "{CE0x4442b90|selinux_shm_alloc_security:tmp11|security/selinux/hooks.c,5307}"
CE0x4441700 "{CE0x4441700|selinux_shm_alloc_security:tmp11|security/selinux/hooks.c,5307|*SummSink*}"
CONST[source:0(mediator),value:2(dynamic)][purpose:{object}]


CONST[source:2(external),value:2(dynamic)][purpose:{subject}][SrcIdx:2]  ->  CONST[source:0(mediator),value:2(dynamic)][purpose:{subject}]
-----------
CONST[source:2(external),value:2(dynamic)][purpose:{subject}][SrcIdx:2]
CE0x446bbe0 "{CE0x446bbe0|COLLAPSED:_GCMRE_current_task_external_global_%struct.task_struct*:_elem_0::|security/selinux/hooks.c,218}"
CE0x4471400 "{CE0x4471400|current_sid:tmp22|security/selinux/hooks.c,218}"
CE0x44716f0 "{CE0x44716f0|current_sid:tmp23|security/selinux/hooks.c,218}"
CE0x44720c0 "{CE0x44720c0|current_sid:sid|security/selinux/hooks.c,220}"
CE0x4472ef0 "{CE0x4472ef0|current_sid:tmp24|security/selinux/hooks.c,220}"
CE0x43f2410 "{CE0x43f2410|_ret_i32_%tmp24,_!dbg_!27742|security/selinux/hooks.c,220}"
CE0x43f6d20 "{CE0x43f6d20|selinux_shm_alloc_security:call|security/selinux/hooks.c,5295}"
CE0x43e3c80 "{CE0x43e3c80|selinux_shm_alloc_security:call|security/selinux/hooks.c,5295|*SummSink*}"
CONST[source:0(mediator),value:2(dynamic)][purpose:{subject}]


CONST[source:2(external),value:2(dynamic)][purpose:{subject}][SrcIdx:2]  ->  CONST[source:0(mediator),value:2(dynamic)][purpose:{object}]
-----------
CONST[source:2(external),value:2(dynamic)][purpose:{subject}][SrcIdx:2]
CE0x446bbe0 "{CE0x446bbe0|COLLAPSED:_GCMRE_current_task_external_global_%struct.task_struct*:_elem_0::|security/selinux/hooks.c,218}"
CE0x44be5f0 "{CE0x44be5f0|task_sid:tmp4|*LoadInst*|security/selinux/hooks.c,208}"
CE0x44b19c0 "{CE0x44b19c0|cred_sid:cred|Function::cred_sid&Arg::cred::}"
CE0x44948a0 "{CE0x44948a0|cred_sid:security|security/selinux/hooks.c,196}"
CE0x44c35d0 "{CE0x44c35d0|cred_sid:tmp4|*LoadInst*|security/selinux/hooks.c,196}"
CE0x44b3f40 "{CE0x44b3f40|cred_sid:tmp5|security/selinux/hooks.c,196}"
CE0x448ec10 "{CE0x448ec10|cred_sid:sid|security/selinux/hooks.c,197}"
CE0x44b79d0 "{CE0x44b79d0|cred_sid:tmp6|security/selinux/hooks.c,197}"
CE0x44b1d20 "{CE0x44b1d20|_ret_i32_%tmp6,_!dbg_!27716|security/selinux/hooks.c,197}"
CE0x44b0660 "{CE0x44b0660|task_sid:call7|security/selinux/hooks.c,208}"
CE0x441e3c0 "{CE0x441e3c0|_ret_i32_%call7,_!dbg_!27749|security/selinux/hooks.c,210}"
CE0x449a030 "{CE0x449a030|ipc_alloc_security:call1|security/selinux/hooks.c,5087}"
CE0x44429d0 "{CE0x44429d0|0:_i16,_4:_i32,_:_CMRE_4,8_|*MultipleSource*|security/selinux/hooks.c,5302|security/selinux/hooks.c,5302|security/selinux/hooks.c,5307}"
CE0x4442b90 "{CE0x4442b90|selinux_shm_alloc_security:tmp11|security/selinux/hooks.c,5307}"
CE0x4441700 "{CE0x4441700|selinux_shm_alloc_security:tmp11|security/selinux/hooks.c,5307|*SummSink*}"
CONST[source:0(mediator),value:2(dynamic)][purpose:{object}]



implicit:
CONST[source:2(external),value:0(static)][purpose:{operation}][SrcIdx:0]  ->  CONST[source:0(mediator),value:2(dynamic)][purpose:{object}]
-----------
CONST[source:2(external),value:0(static)][purpose:{operation}][SrcIdx:0]
CE0x4498220 "{CE0x4498220|i32_32768|*Constant*}"
CE0x4463780 "{CE0x4463780|kzalloc:or|include/linux/slab.h,578}"
CE0x4492b60 "{CE0x4492b60|kmalloc:flags|Function::kmalloc&Arg::flags::}"
CE0x44429d0 "{CE0x44429d0|0:_i16,_4:_i32,_:_CMRE_4,8_|*MultipleSource*|security/selinux/hooks.c,5302|security/selinux/hooks.c,5302|security/selinux/hooks.c,5307}"
CE0x4442b90 "{CE0x4442b90|selinux_shm_alloc_security:tmp11|security/selinux/hooks.c,5307}"
CE0x4441700 "{CE0x4441700|selinux_shm_alloc_security:tmp11|security/selinux/hooks.c,5307|*SummSink*}"
CONST[source:0(mediator),value:2(dynamic)][purpose:{object}]


CONST[source:1(input),value:2(dynamic)][purpose:{object}][SrcIdx:1]  ->  CONST[source:0(mediator),value:2(dynamic)][purpose:{object}]
-----------
CONST[source:1(input),value:2(dynamic)][purpose:{object}][SrcIdx:1]
CE0x44429d0 "{CE0x44429d0|0:_i16,_4:_i32,_:_CMRE_4,8_|*MultipleSource*|security/selinux/hooks.c,5302|security/selinux/hooks.c,5302|security/selinux/hooks.c,5307}"
CE0x4442b90 "{CE0x4442b90|selinux_shm_alloc_security:tmp11|security/selinux/hooks.c,5307}"
CE0x4441700 "{CE0x4441700|selinux_shm_alloc_security:tmp11|security/selinux/hooks.c,5307|*SummSink*}"
CONST[source:0(mediator),value:2(dynamic)][purpose:{object}]


CONST[source:2(external),value:2(dynamic)][purpose:{subject}][SrcIdx:2]  ->  CONST[source:0(mediator),value:2(dynamic)][purpose:{subject}]
-----------
CONST[source:2(external),value:2(dynamic)][purpose:{subject}][SrcIdx:2]
CE0x446bbe0 "{CE0x446bbe0|COLLAPSED:_GCMRE_current_task_external_global_%struct.task_struct*:_elem_0::|security/selinux/hooks.c,218}"
CE0x4471400 "{CE0x4471400|current_sid:tmp22|security/selinux/hooks.c,218}"
CE0x44716f0 "{CE0x44716f0|current_sid:tmp23|security/selinux/hooks.c,218}"
CE0x44720c0 "{CE0x44720c0|current_sid:sid|security/selinux/hooks.c,220}"
CE0x4472ef0 "{CE0x4472ef0|current_sid:tmp24|security/selinux/hooks.c,220}"
CE0x43f2410 "{CE0x43f2410|_ret_i32_%tmp24,_!dbg_!27742|security/selinux/hooks.c,220}"
CE0x43f6d20 "{CE0x43f6d20|selinux_shm_alloc_security:call|security/selinux/hooks.c,5295}"
CE0x43e3c80 "{CE0x43e3c80|selinux_shm_alloc_security:call|security/selinux/hooks.c,5295|*SummSink*}"
CONST[source:0(mediator),value:2(dynamic)][purpose:{subject}]


CONST[source:2(external),value:2(dynamic)][purpose:{subject}][SrcIdx:2]  ->  CONST[source:0(mediator),value:2(dynamic)][purpose:{object}]
-----------
CONST[source:2(external),value:2(dynamic)][purpose:{subject}][SrcIdx:2]
CE0x446bbe0 "{CE0x446bbe0|COLLAPSED:_GCMRE_current_task_external_global_%struct.task_struct*:_elem_0::|security/selinux/hooks.c,218}"
CE0x44be5f0 "{CE0x44be5f0|task_sid:tmp4|*LoadInst*|security/selinux/hooks.c,208}"
CE0x44b19c0 "{CE0x44b19c0|cred_sid:cred|Function::cred_sid&Arg::cred::}"
CE0x44948a0 "{CE0x44948a0|cred_sid:security|security/selinux/hooks.c,196}"
CE0x44c35d0 "{CE0x44c35d0|cred_sid:tmp4|*LoadInst*|security/selinux/hooks.c,196}"
CE0x44b3f40 "{CE0x44b3f40|cred_sid:tmp5|security/selinux/hooks.c,196}"
CE0x448ec10 "{CE0x448ec10|cred_sid:sid|security/selinux/hooks.c,197}"
CE0x44b79d0 "{CE0x44b79d0|cred_sid:tmp6|security/selinux/hooks.c,197}"
CE0x44b1d20 "{CE0x44b1d20|_ret_i32_%tmp6,_!dbg_!27716|security/selinux/hooks.c,197}"
CE0x44b0660 "{CE0x44b0660|task_sid:call7|security/selinux/hooks.c,208}"
CE0x441e3c0 "{CE0x441e3c0|_ret_i32_%call7,_!dbg_!27749|security/selinux/hooks.c,210}"
CE0x449a030 "{CE0x449a030|ipc_alloc_security:call1|security/selinux/hooks.c,5087}"
CE0x44429d0 "{CE0x44429d0|0:_i16,_4:_i32,_:_CMRE_4,8_|*MultipleSource*|security/selinux/hooks.c,5302|security/selinux/hooks.c,5302|security/selinux/hooks.c,5307}"
CE0x4442b90 "{CE0x4442b90|selinux_shm_alloc_security:tmp11|security/selinux/hooks.c,5307}"
CE0x4441700 "{CE0x4441700|selinux_shm_alloc_security:tmp11|security/selinux/hooks.c,5307|*SummSink*}"
CONST[source:0(mediator),value:2(dynamic)][purpose:{object}]


