[tomoyo_path_symlink]

explicit:
CONST[source:2(external),value:2(dynamic)][purpose:{subject}]  ->  CONST[source:1(input),value:2(dynamic)][purpose:{subject}]
-----------
CONST[source:2(external),value:2(dynamic)][purpose:{subject}]
CE0x5b42680 "{CE0x5b42680|128:_i8*,_1208:_%struct.file*,_:_CMRE_128,136_|*MultipleSource*|security/tomoyo/common.h,1205|security/tomoyo/common.h,1205}"
CE0x5b431c0 "{CE0x5b431c0|tomoyo_domain:_tmp22|security/tomoyo/common.h,1205}"
CE0x6c18ab0 "{CE0x6c18ab0|tomoyo_domain:_tmp23|security/tomoyo/common.h,1205}"
CE0x8518410 "{CE0x8518410|_ret_%struct.tomoyo_domain_info*_%tmp23,_!dbg_!38929|security/tomoyo/common.h,1205}"
CE0x6a47510 "{CE0x6a47510|tomoyo_init_request_info:_call|security/tomoyo/util.c,1005}"
CE0x8435120 "{CE0x8435120|tomoyo_init_request_info:_domain.addr.0}"
CE0x83d3090 "{CE0x83d3090|0:_%struct.tomoyo_obj_info*,_16:_%struct.tomoyo_domain_info*,_24:_%struct.tomoyo_path_info*,_40:_i8,_72:_i8,_75:_i8,_76:_i8,_77:_i8,_:_SCMRE_16,24_|*MultipleSource*|security/tomoyo/file.c, 787|security/tomoyo/file.c,787|Function::tomoyo_init_request_info&Arg::r::|security/tomoyo/file.c,800}"
CONST[source:1(input),value:2(dynamic)][purpose:{subject}]



implicit:
CONST[source:2(external),value:2(dynamic)][purpose:{subject}]  ->  CONST[source:1(input),value:2(dynamic)][purpose:{subject}]
-----------
CONST[source:2(external),value:2(dynamic)][purpose:{subject}]
CE0x5b42680 "{CE0x5b42680|128:_i8*,_1208:_%struct.file*,_:_CMRE_128,136_|*MultipleSource*|security/tomoyo/common.h,1205|security/tomoyo/common.h,1205}"
CE0x5b431c0 "{CE0x5b431c0|tomoyo_domain:_tmp22|security/tomoyo/common.h,1205}"
CE0x6c18ab0 "{CE0x6c18ab0|tomoyo_domain:_tmp23|security/tomoyo/common.h,1205}"
CE0x8518410 "{CE0x8518410|_ret_%struct.tomoyo_domain_info*_%tmp23,_!dbg_!38929|security/tomoyo/common.h,1205}"
CE0x6a47510 "{CE0x6a47510|tomoyo_init_request_info:_call|security/tomoyo/util.c,1005}"
CE0x8435120 "{CE0x8435120|tomoyo_init_request_info:_domain.addr.0}"
CE0x83d3090 "{CE0x83d3090|0:_%struct.tomoyo_obj_info*,_16:_%struct.tomoyo_domain_info*,_24:_%struct.tomoyo_path_info*,_40:_i8,_72:_i8,_75:_i8,_76:_i8,_77:_i8,_:_SCMRE_16,24_|*MultipleSource*|security/tomoyo/file.c, 787|security/tomoyo/file.c,787|Function::tomoyo_init_request_info&Arg::r::|security/tomoyo/file.c,800}"
CONST[source:1(input),value:2(dynamic)][purpose:{subject}]


