[selinux_socket_unix_may_send]

explicit:
CONST[source:1(input),value:2(dynamic)][purpose:{subject}]  ->  CONST[source:0(mediator),value:2(dynamic)][purpose:{subject}]
-----------
CONST[source:1(input),value:2(dynamic)][purpose:{subject}]
CE0x4ee0310 "{CE0x4ee0310|1216:_i8*,_:_CRE_1216,1224_|*MultipleSource*|*LoadInst*|security/selinux/hooks.c,4293|security/selinux/hooks.c,4293}"
CE0x4edf120 "{CE0x4edf120|selinux_socket_unix_may_send:_tmp5|security/selinux/hooks.c,4293}"
CE0x4ee18d0 "{CE0x4ee18d0|selinux_socket_unix_may_send:_tmp6|security/selinux/hooks.c,4293}"
CE0x4ef73b0 "{CE0x4ef73b0|selinux_socket_unix_may_send:_sid|security/selinux/hooks.c,4302}"
CE0x4f1e0c0 "{CE0x4f1e0c0|selinux_socket_unix_may_send:_tmp14|security/selinux/hooks.c,4302}"
CE0x4f1e400 "{CE0x4f1e400|selinux_socket_unix_may_send:_tmp14|security/selinux/hooks.c,4302|*SummSink*}"
CONST[source:0(mediator),value:2(dynamic)][purpose:{subject}]


CONST[source:1(input),value:2(dynamic)][purpose:{object}]  ->  CONST[source:0(mediator),value:2(dynamic)][purpose:{object}]
-----------
CONST[source:1(input),value:2(dynamic)][purpose:{object}]
CE0x4ef7ca0 "{CE0x4ef7ca0|32:_%struct.sock*,_:_CRE_32,40_|*MultipleSource*|Function::selinux_socket_unix_may_send&Arg::other::|security/selinux/hooks.c,4294}"
CE0x4eb4730 "{CE0x4eb4730|selinux_socket_unix_may_send:_tmp7|*LoadInst*|security/selinux/hooks.c,4294}"
CE0x4ef80e0 "{CE0x4ef80e0|selinux_socket_unix_may_send:_sk_security2|security/selinux/hooks.c,4294}"
CE0x4f14980 "{CE0x4f14980|selinux_socket_unix_may_send:_tmp8|security/selinux/hooks.c,4294}"
CE0x4f17130 "{CE0x4f17130|selinux_socket_unix_may_send:_tmp9|security/selinux/hooks.c,4294}"
CE0x4f1e8f0 "{CE0x4f1e8f0|selinux_socket_unix_may_send:_sid8|security/selinux/hooks.c,4302}"
CE0x4f1f820 "{CE0x4f1f820|selinux_socket_unix_may_send:_tmp15|security/selinux/hooks.c,4302}"
CE0x4f1e610 "{CE0x4f1e610|selinux_socket_unix_may_send:_tmp15|security/selinux/hooks.c,4302|*SummSink*}"
CONST[source:0(mediator),value:2(dynamic)][purpose:{object}]



implicit:
CONST[source:1(input),value:2(dynamic)][purpose:{subject}]  ->  CONST[source:0(mediator),value:2(dynamic)][purpose:{subject}]
-----------
CONST[source:1(input),value:2(dynamic)][purpose:{subject}]
CE0x4ee0310 "{CE0x4ee0310|1216:_i8*,_:_CRE_1216,1224_|*MultipleSource*|*LoadInst*|security/selinux/hooks.c,4293|security/selinux/hooks.c,4293}"
CE0x4edf120 "{CE0x4edf120|selinux_socket_unix_may_send:_tmp5|security/selinux/hooks.c,4293}"
CE0x4ee18d0 "{CE0x4ee18d0|selinux_socket_unix_may_send:_tmp6|security/selinux/hooks.c,4293}"
CE0x4ef73b0 "{CE0x4ef73b0|selinux_socket_unix_may_send:_sid|security/selinux/hooks.c,4302}"
CE0x4f1e0c0 "{CE0x4f1e0c0|selinux_socket_unix_may_send:_tmp14|security/selinux/hooks.c,4302}"
CE0x4f1e400 "{CE0x4f1e400|selinux_socket_unix_may_send:_tmp14|security/selinux/hooks.c,4302|*SummSink*}"
CONST[source:0(mediator),value:2(dynamic)][purpose:{subject}]


CONST[source:1(input),value:2(dynamic)][purpose:{object}]  ->  CONST[source:0(mediator),value:2(dynamic)][purpose:{object}]
-----------
CONST[source:1(input),value:2(dynamic)][purpose:{object}]
CE0x4ef7ca0 "{CE0x4ef7ca0|32:_%struct.sock*,_:_CRE_32,40_|*MultipleSource*|Function::selinux_socket_unix_may_send&Arg::other::|security/selinux/hooks.c,4294}"
CE0x4eb4730 "{CE0x4eb4730|selinux_socket_unix_may_send:_tmp7|*LoadInst*|security/selinux/hooks.c,4294}"
CE0x4ef80e0 "{CE0x4ef80e0|selinux_socket_unix_may_send:_sk_security2|security/selinux/hooks.c,4294}"
CE0x4f14980 "{CE0x4f14980|selinux_socket_unix_may_send:_tmp8|security/selinux/hooks.c,4294}"
CE0x4f17130 "{CE0x4f17130|selinux_socket_unix_may_send:_tmp9|security/selinux/hooks.c,4294}"
CE0x4f223c0 "{CE0x4f223c0|selinux_socket_unix_may_send:_sclass|security/selinux/hooks.c,4302}"
CE0x4f22760 "{CE0x4f22760|selinux_socket_unix_may_send:_tmp16|security/selinux/hooks.c,4302}"
CE0x4f23250 "{CE0x4f23250|selinux_socket_unix_may_send:_tmp16|security/selinux/hooks.c,4302|*SummSink*}"
CONST[source:0(mediator),value:2(dynamic)][purpose:{object}]


