[selinux_task_movememory]

explicit:
CONST[source:1(input),value:2(dynamic)][purpose:{object}]  ->  CONST[source:0(mediator),value:2(dynamic)][purpose:{object}]
-----------
CONST[source:1(input),value:2(dynamic)][purpose:{object}]
CE0x4a2d040 "{CE0x4a2d040|2472:_%struct.cred*,_:_CRE_2472,2480_|*MultipleSource*|Function::task_sid&Arg::task::|Function::current_has_perm&Arg::tsk::|Function::selinux_task_movememory&Arg::p::|security/selinux/hooks.c,208}"
CE0x4a54500 "{CE0x4a54500|task_sid:_tmp4|*LoadInst*|security/selinux/hooks.c,208}"
CE0x4a6bbf0 "{CE0x4a6bbf0|cred_sid:_cred|Function::cred_sid&Arg::cred::}"
CE0x49d2590 "{CE0x49d2590|cred_sid:_security|security/selinux/hooks.c,196}"
CE0x4a64a50 "{CE0x4a64a50|cred_sid:_tmp4|*LoadInst*|security/selinux/hooks.c,196}"
CE0x4a868b0 "{CE0x4a868b0|cred_sid:_tmp5|security/selinux/hooks.c,196}"
CE0x4a86cb0 "{CE0x4a86cb0|cred_sid:_sid|security/selinux/hooks.c,197}"
CE0x4a87c50 "{CE0x4a87c50|cred_sid:_tmp6|security/selinux/hooks.c,197}"
CE0x4a6bf60 "{CE0x4a6bf60|_ret_i32_%tmp6,_!dbg_!27716|security/selinux/hooks.c,197}"
CE0x4a6aef0 "{CE0x4a6aef0|task_sid:_call7|security/selinux/hooks.c,208}"
CE0x49ad030 "{CE0x49ad030|_ret_i32_%call7,_!dbg_!27749|security/selinux/hooks.c,210}"
CE0x49c5120 "{CE0x49c5120|current_has_perm:_call1|security/selinux/hooks.c,1543}"
CE0x49c4840 "{CE0x49c4840|current_has_perm:_call1|security/selinux/hooks.c,1543|*SummSink*}"
CONST[source:0(mediator),value:2(dynamic)][purpose:{object}]


CONST[source:2(external),value:2(dynamic)][purpose:{subject}]  ->  CONST[source:1(input),value:2(dynamic)][purpose:{subject}]
-----------
CONST[source:2(external),value:2(dynamic)][purpose:{subject}]
CE0x49db000 "{CE0x49db000|COLLAPSED:_GCMRE_current_task_external_global_%struct.task_struct*:_elem_0::|security/selinux/hooks.c,218}"
CE0x49e9530 "{CE0x49e9530|current_sid:_tmp22|security/selinux/hooks.c,218}"
CE0x49e99d0 "{CE0x49e99d0|current_sid:_tmp23|security/selinux/hooks.c,218}"
CE0x49a4850 "{CE0x49a4850|current_sid:_sid|security/selinux/hooks.c,220}"
CE0x49eb110 "{CE0x49eb110|current_sid:_tmp24|security/selinux/hooks.c,220}"
CE0x49c4cc0 "{CE0x49c4cc0|_ret_i32_%tmp24,_!dbg_!27742|security/selinux/hooks.c,220}"
CE0x49c4160 "{CE0x49c4160|current_has_perm:_call|security/selinux/hooks.c,1542}"
CE0x49c4310 "{CE0x49c4310|current_has_perm:_call|security/selinux/hooks.c,1542|*SummSink*}"
CONST[source:1(input),value:2(dynamic)][purpose:{subject}]



implicit:
CONST[source:1(input),value:2(dynamic)][purpose:{object}]  ->  CONST[source:0(mediator),value:2(dynamic)][purpose:{object}]
-----------
CONST[source:1(input),value:2(dynamic)][purpose:{object}]
CE0x4a2d040 "{CE0x4a2d040|2472:_%struct.cred*,_:_CRE_2472,2480_|*MultipleSource*|Function::task_sid&Arg::task::|Function::current_has_perm&Arg::tsk::|Function::selinux_task_movememory&Arg::p::|security/selinux/hooks.c,208}"
CE0x4a54500 "{CE0x4a54500|task_sid:_tmp4|*LoadInst*|security/selinux/hooks.c,208}"
CE0x4a6bbf0 "{CE0x4a6bbf0|cred_sid:_cred|Function::cred_sid&Arg::cred::}"
CE0x49d2590 "{CE0x49d2590|cred_sid:_security|security/selinux/hooks.c,196}"
CE0x4a64a50 "{CE0x4a64a50|cred_sid:_tmp4|*LoadInst*|security/selinux/hooks.c,196}"
CE0x4a868b0 "{CE0x4a868b0|cred_sid:_tmp5|security/selinux/hooks.c,196}"
CE0x4a86cb0 "{CE0x4a86cb0|cred_sid:_sid|security/selinux/hooks.c,197}"
CE0x4a87c50 "{CE0x4a87c50|cred_sid:_tmp6|security/selinux/hooks.c,197}"
CE0x4a6bf60 "{CE0x4a6bf60|_ret_i32_%tmp6,_!dbg_!27716|security/selinux/hooks.c,197}"
CE0x4a6aef0 "{CE0x4a6aef0|task_sid:_call7|security/selinux/hooks.c,208}"
CE0x49ad030 "{CE0x49ad030|_ret_i32_%call7,_!dbg_!27749|security/selinux/hooks.c,210}"
CE0x49c5120 "{CE0x49c5120|current_has_perm:_call1|security/selinux/hooks.c,1543}"
CE0x49c4840 "{CE0x49c4840|current_has_perm:_call1|security/selinux/hooks.c,1543|*SummSink*}"
CONST[source:0(mediator),value:2(dynamic)][purpose:{object}]


CONST[source:2(external),value:2(dynamic)][purpose:{subject}]  ->  CONST[source:1(input),value:2(dynamic)][purpose:{subject}]
-----------
CONST[source:2(external),value:2(dynamic)][purpose:{subject}]
CE0x49db000 "{CE0x49db000|COLLAPSED:_GCMRE_current_task_external_global_%struct.task_struct*:_elem_0::|security/selinux/hooks.c,218}"
CE0x49e9530 "{CE0x49e9530|current_sid:_tmp22|security/selinux/hooks.c,218}"
CE0x49e99d0 "{CE0x49e99d0|current_sid:_tmp23|security/selinux/hooks.c,218}"
CE0x49a4850 "{CE0x49a4850|current_sid:_sid|security/selinux/hooks.c,220}"
CE0x49eb110 "{CE0x49eb110|current_sid:_tmp24|security/selinux/hooks.c,220}"
CE0x49c4cc0 "{CE0x49c4cc0|_ret_i32_%tmp24,_!dbg_!27742|security/selinux/hooks.c,220}"
CE0x49c4160 "{CE0x49c4160|current_has_perm:_call|security/selinux/hooks.c,1542}"
CE0x49c4310 "{CE0x49c4310|current_has_perm:_call|security/selinux/hooks.c,1542|*SummSink*}"
CONST[source:1(input),value:2(dynamic)][purpose:{subject}]


