[selinux_sb_statfs]

explicit:
CONST[source:0(mediator),value:2(dynamic)][purpose:{subject}]  ->  CONST[source:0(mediator),value:2(dynamic)][purpose:{object}]

-----------
CONST[source:0(mediator),value:2(dynamic)][purpose:{subject}]
CE0x8c599f0 "{CE0x8c599f0|VOIDTB_TE:_IE:_elem_0:default:}"
CE0x8c2b820 "{CE0x8c2b820|tmp6}"
CE0x8c2bf50 "{CE0x8c2bf50|tmp6}"
CONST[source:0(mediator),value:2(dynamic)][purpose:{object}]



CONST[source:1(input),value:2(dynamic)][purpose:{object}]  ->  CONST[source:0(mediator),value:2(dynamic)][purpose:{object}]

-----------
CONST[source:1(input),value:2(dynamic)][purpose:{object}]
CE0x8c599f0 "{CE0x8c599f0|VOIDTB_TE:_IE:_elem_0:default:}"
CE0x8c2b820 "{CE0x8c2b820|tmp6}"
CE0x8c2bf50 "{CE0x8c2bf50|tmp6}"
CONST[source:0(mediator),value:2(dynamic)][purpose:{object}]



CONST[source:1(input),value:2(dynamic)][purpose:{object}]  ->  CONST[source:0(mediator),value:2(dynamic)][purpose:{subject}]

-----------
CONST[source:1(input),value:2(dynamic)][purpose:{object}]
CE0x8c599f0 "{CE0x8c599f0|VOIDTB_TE:_IE:_elem_0:default:}"
CE0x8ca1e70 "{CE0x8ca1e70|tmp6}"
CE0x8c7d1d0 "{CE0x8c7d1d0|_ret_i32_%tmp6,_!dbg_!27716}"
CE0x8c3c6f0 "{CE0x8c3c6f0|call}"
CE0x8c3c7c0 "{CE0x8c3c7c0|call}"
CONST[source:0(mediator),value:2(dynamic)][purpose:{subject}]



CONST[source:2(external),value:2(dynamic)][purpose:{subject}]  ->  CONST[source:0(mediator),value:2(dynamic)][purpose:{object}]

-----------
CONST[source:2(external),value:2(dynamic)][purpose:{subject}]
CE0x8c599f0 "{CE0x8c599f0|VOIDTB_TE:_IE:_elem_0:default:}"
CE0x8c2b820 "{CE0x8c2b820|tmp6}"
CE0x8c2bf50 "{CE0x8c2bf50|tmp6}"
CONST[source:0(mediator),value:2(dynamic)][purpose:{object}]



CONST[source:2(external),value:2(dynamic)][purpose:{subject}]  ->  CONST[source:0(mediator),value:2(dynamic)][purpose:{subject}]

-----------
CONST[source:2(external),value:2(dynamic)][purpose:{subject}]
CE0x8c599f0 "{CE0x8c599f0|VOIDTB_TE:_IE:_elem_0:default:}"
CE0x8ca1e70 "{CE0x8ca1e70|tmp6}"
CE0x8c7d1d0 "{CE0x8c7d1d0|_ret_i32_%tmp6,_!dbg_!27716}"
CE0x8c3c6f0 "{CE0x8c3c6f0|call}"
CE0x8c3c7c0 "{CE0x8c3c7c0|call}"
CONST[source:0(mediator),value:2(dynamic)][purpose:{subject}]




implicit:
CONST[source:1(input),value:2(dynamic)][purpose:{object}]  ->  CONST[source:0(mediator),value:2(dynamic)][purpose:{object}]

-----------
CONST[source:1(input),value:2(dynamic)][purpose:{object}]
CE0x8c599f0 "{CE0x8c599f0|VOIDTB_TE:_IE:_elem_0:default:}"
CE0x8c2b820 "{CE0x8c2b820|tmp6}"
CE0x8c2bf50 "{CE0x8c2bf50|tmp6}"
CONST[source:0(mediator),value:2(dynamic)][purpose:{object}]



CONST[source:1(input),value:2(dynamic)][purpose:{object}]  ->  CONST[source:0(mediator),value:2(dynamic)][purpose:{subject}]

-----------
CONST[source:1(input),value:2(dynamic)][purpose:{object}]
CE0x8c599f0 "{CE0x8c599f0|VOIDTB_TE:_IE:_elem_0:default:}"
CE0x8ca1e70 "{CE0x8ca1e70|tmp6}"
CE0x8c7d1d0 "{CE0x8c7d1d0|_ret_i32_%tmp6,_!dbg_!27716}"
CE0x8c3c6f0 "{CE0x8c3c6f0|call}"
CE0x8c3c7c0 "{CE0x8c3c7c0|call}"
CONST[source:0(mediator),value:2(dynamic)][purpose:{subject}]



CONST[source:0(mediator),value:2(dynamic)][purpose:{subject}]  ->  CONST[source:0(mediator),value:2(dynamic)][purpose:{object}]

-----------
CONST[source:0(mediator),value:2(dynamic)][purpose:{subject}]
CE0x8c599f0 "{CE0x8c599f0|VOIDTB_TE:_IE:_elem_0:default:}"
CE0x8c2b820 "{CE0x8c2b820|tmp6}"
CE0x8c2bf50 "{CE0x8c2bf50|tmp6}"
CONST[source:0(mediator),value:2(dynamic)][purpose:{object}]



CONST[source:2(external),value:2(dynamic)][purpose:{subject}]  ->  CONST[source:0(mediator),value:2(dynamic)][purpose:{object}]

-----------
CONST[source:2(external),value:2(dynamic)][purpose:{subject}]
CE0x8c599f0 "{CE0x8c599f0|VOIDTB_TE:_IE:_elem_0:default:}"
CE0x8c2b820 "{CE0x8c2b820|tmp6}"
CE0x8c2bf50 "{CE0x8c2bf50|tmp6}"
CONST[source:0(mediator),value:2(dynamic)][purpose:{object}]



CONST[source:2(external),value:2(dynamic)][purpose:{subject}]  ->  CONST[source:0(mediator),value:2(dynamic)][purpose:{subject}]

-----------
CONST[source:2(external),value:2(dynamic)][purpose:{subject}]
CE0x8c599f0 "{CE0x8c599f0|VOIDTB_TE:_IE:_elem_0:default:}"
CE0x8ca1e70 "{CE0x8ca1e70|tmp6}"
CE0x8c7d1d0 "{CE0x8c7d1d0|_ret_i32_%tmp6,_!dbg_!27716}"
CE0x8c3c6f0 "{CE0x8c3c6f0|call}"
CE0x8c3c7c0 "{CE0x8c3c7c0|call}"
CONST[source:0(mediator),value:2(dynamic)][purpose:{subject}]



