[selinux_task_setioprio]

explicit:
CONST[source:1(input),value:2(dynamic)][purpose:{object}][SrcIdx:2]  ->  CONST[source:0(mediator),value:2(dynamic)][purpose:{subject}][SnkIdx:0]
-----------
CONST[source:1(input),value:2(dynamic)][purpose:{object}][SrcIdx:2]
CE0xa238bf0 "{CE0xa238bf0|VOIDTB_TE:_IE:_elem_0:default:}"
CE0xa2742f0 "{CE0xa2742f0|tmp24}"
CE0xa2281c0 "{CE0xa2281c0|_ret_i32_%tmp24,_!dbg_!27742}"
CE0xa268ff0 "{CE0xa268ff0|call}"
CE0xa2692b0 "{CE0xa2692b0|call}"
CONST[source:0(mediator),value:2(dynamic)][purpose:{subject}][SnkIdx:0]


CONST[source:1(input),value:2(dynamic)][purpose:{object}][SrcIdx:2]  ->  CONST[source:0(mediator),value:2(dynamic)][purpose:{object}][SnkIdx:1]
-----------
CONST[source:1(input),value:2(dynamic)][purpose:{object}][SrcIdx:2]
CE0xa238bf0 "{CE0xa238bf0|VOIDTB_TE:_IE:_elem_0:default:}"
CE0xa23df60 "{CE0xa23df60|tmp6}"
CE0xa271340 "{CE0xa271340|_ret_i32_%tmp6,_!dbg_!27716}"
CE0xa270aa0 "{CE0xa270aa0|call7}"
CE0xa23eeb0 "{CE0xa23eeb0|_ret_i32_%call7,_!dbg_!27749}"
CE0xa23e800 "{CE0xa23e800|call1}"
CE0xa23e790 "{CE0xa23e790|call1}"
CONST[source:0(mediator),value:2(dynamic)][purpose:{object}][SnkIdx:1]


CONST[source:1(input),value:2(dynamic)][purpose:{object}][SrcIdx:3]  ->  CONST[source:0(mediator),value:2(dynamic)][purpose:{subject}][SnkIdx:0]
-----------
CONST[source:1(input),value:2(dynamic)][purpose:{object}][SrcIdx:3]
CE0xa22c2a0 "{CE0xa22c2a0|ioprio}"
CE0xa22c7d0 "{CE0xa22c7d0|ioprio}"
CE0xa238bf0 "{CE0xa238bf0|VOIDTB_TE:_IE:_elem_0:default:}"
CE0xa2742f0 "{CE0xa2742f0|tmp24}"
CE0xa2281c0 "{CE0xa2281c0|_ret_i32_%tmp24,_!dbg_!27742}"
CE0xa268ff0 "{CE0xa268ff0|call}"
CE0xa2692b0 "{CE0xa2692b0|call}"
CONST[source:0(mediator),value:2(dynamic)][purpose:{subject}][SnkIdx:0]


CONST[source:1(input),value:2(dynamic)][purpose:{object}][SrcIdx:3]  ->  CONST[source:0(mediator),value:2(dynamic)][purpose:{object}][SnkIdx:1]
-----------
CONST[source:1(input),value:2(dynamic)][purpose:{object}][SrcIdx:3]
CE0xa22c2a0 "{CE0xa22c2a0|ioprio}"
CE0xa22c7d0 "{CE0xa22c7d0|ioprio}"
CE0xa238bf0 "{CE0xa238bf0|VOIDTB_TE:_IE:_elem_0:default:}"
CE0xa23df60 "{CE0xa23df60|tmp6}"
CE0xa271340 "{CE0xa271340|_ret_i32_%tmp6,_!dbg_!27716}"
CE0xa270aa0 "{CE0xa270aa0|call7}"
CE0xa23eeb0 "{CE0xa23eeb0|_ret_i32_%call7,_!dbg_!27749}"
CE0xa23e800 "{CE0xa23e800|call1}"
CE0xa23e790 "{CE0xa23e790|call1}"
CONST[source:0(mediator),value:2(dynamic)][purpose:{object}][SnkIdx:1]


CONST[source:2(external),value:2(dynamic)][purpose:{subject}][SrcIdx:5]  ->  CONST[source:0(mediator),value:2(dynamic)][purpose:{subject}][SnkIdx:0]
-----------
CONST[source:2(external),value:2(dynamic)][purpose:{subject}][SrcIdx:5]
CE0xa238bf0 "{CE0xa238bf0|VOIDTB_TE:_IE:_elem_0:default:}"
CE0xa2742f0 "{CE0xa2742f0|tmp24}"
CE0xa2281c0 "{CE0xa2281c0|_ret_i32_%tmp24,_!dbg_!27742}"
CE0xa268ff0 "{CE0xa268ff0|call}"
CE0xa2692b0 "{CE0xa2692b0|call}"
CONST[source:0(mediator),value:2(dynamic)][purpose:{subject}][SnkIdx:0]


CONST[source:2(external),value:2(dynamic)][purpose:{subject}][SrcIdx:5]  ->  CONST[source:0(mediator),value:2(dynamic)][purpose:{object}][SnkIdx:1]
-----------
CONST[source:2(external),value:2(dynamic)][purpose:{subject}][SrcIdx:5]
CE0xa238bf0 "{CE0xa238bf0|VOIDTB_TE:_IE:_elem_0:default:}"
CE0xa23df60 "{CE0xa23df60|tmp6}"
CE0xa271340 "{CE0xa271340|_ret_i32_%tmp6,_!dbg_!27716}"
CE0xa270aa0 "{CE0xa270aa0|call7}"
CE0xa23eeb0 "{CE0xa23eeb0|_ret_i32_%call7,_!dbg_!27749}"
CE0xa23e800 "{CE0xa23e800|call1}"
CE0xa23e790 "{CE0xa23e790|call1}"
CONST[source:0(mediator),value:2(dynamic)][purpose:{object}][SnkIdx:1]



implicit:
CONST[source:1(input),value:2(dynamic)][purpose:{object}][SrcIdx:3]  ->  CONST[source:0(mediator),value:2(dynamic)][purpose:{object}][SnkIdx:1]
-----------
CONST[source:1(input),value:2(dynamic)][purpose:{object}][SrcIdx:3]
CE0xa22c2a0 "{CE0xa22c2a0|ioprio}"
CE0xa22c7d0 "{CE0xa22c7d0|ioprio}"
CE0xa238bf0 "{CE0xa238bf0|VOIDTB_TE:_IE:_elem_0:default:}"
CE0xa23df60 "{CE0xa23df60|tmp6}"
CE0xa271340 "{CE0xa271340|_ret_i32_%tmp6,_!dbg_!27716}"
CE0xa270aa0 "{CE0xa270aa0|call7}"
CE0xa23eeb0 "{CE0xa23eeb0|_ret_i32_%call7,_!dbg_!27749}"
CE0xa23e800 "{CE0xa23e800|call1}"
CE0xa23e790 "{CE0xa23e790|call1}"
CONST[source:0(mediator),value:2(dynamic)][purpose:{object}][SnkIdx:1]


CONST[source:1(input),value:2(dynamic)][purpose:{object}][SrcIdx:3]  ->  CONST[source:0(mediator),value:2(dynamic)][purpose:{subject}][SnkIdx:0]
-----------
CONST[source:1(input),value:2(dynamic)][purpose:{object}][SrcIdx:3]
CE0xa22c2a0 "{CE0xa22c2a0|ioprio}"
CE0xa22c7d0 "{CE0xa22c7d0|ioprio}"
CE0xa238bf0 "{CE0xa238bf0|VOIDTB_TE:_IE:_elem_0:default:}"
CE0xa2742f0 "{CE0xa2742f0|tmp24}"
CE0xa2281c0 "{CE0xa2281c0|_ret_i32_%tmp24,_!dbg_!27742}"
CE0xa268ff0 "{CE0xa268ff0|call}"
CE0xa2692b0 "{CE0xa2692b0|call}"
CONST[source:0(mediator),value:2(dynamic)][purpose:{subject}][SnkIdx:0]


CONST[source:1(input),value:2(dynamic)][purpose:{object}][SrcIdx:2]  ->  CONST[source:0(mediator),value:2(dynamic)][purpose:{object}][SnkIdx:1]
-----------
CONST[source:1(input),value:2(dynamic)][purpose:{object}][SrcIdx:2]
CE0xa238bf0 "{CE0xa238bf0|VOIDTB_TE:_IE:_elem_0:default:}"
CE0xa23df60 "{CE0xa23df60|tmp6}"
CE0xa271340 "{CE0xa271340|_ret_i32_%tmp6,_!dbg_!27716}"
CE0xa270aa0 "{CE0xa270aa0|call7}"
CE0xa23eeb0 "{CE0xa23eeb0|_ret_i32_%call7,_!dbg_!27749}"
CE0xa23e800 "{CE0xa23e800|call1}"
CE0xa23e790 "{CE0xa23e790|call1}"
CONST[source:0(mediator),value:2(dynamic)][purpose:{object}][SnkIdx:1]


CONST[source:1(input),value:2(dynamic)][purpose:{object}][SrcIdx:2]  ->  CONST[source:0(mediator),value:2(dynamic)][purpose:{subject}][SnkIdx:0]
-----------
CONST[source:1(input),value:2(dynamic)][purpose:{object}][SrcIdx:2]
CE0xa238bf0 "{CE0xa238bf0|VOIDTB_TE:_IE:_elem_0:default:}"
CE0xa2742f0 "{CE0xa2742f0|tmp24}"
CE0xa2281c0 "{CE0xa2281c0|_ret_i32_%tmp24,_!dbg_!27742}"
CE0xa268ff0 "{CE0xa268ff0|call}"
CE0xa2692b0 "{CE0xa2692b0|call}"
CONST[source:0(mediator),value:2(dynamic)][purpose:{subject}][SnkIdx:0]


CONST[source:2(external),value:2(dynamic)][purpose:{subject}][SrcIdx:5]  ->  CONST[source:0(mediator),value:2(dynamic)][purpose:{object}][SnkIdx:1]
-----------
CONST[source:2(external),value:2(dynamic)][purpose:{subject}][SrcIdx:5]
CE0xa238bf0 "{CE0xa238bf0|VOIDTB_TE:_IE:_elem_0:default:}"
CE0xa23df60 "{CE0xa23df60|tmp6}"
CE0xa271340 "{CE0xa271340|_ret_i32_%tmp6,_!dbg_!27716}"
CE0xa270aa0 "{CE0xa270aa0|call7}"
CE0xa23eeb0 "{CE0xa23eeb0|_ret_i32_%call7,_!dbg_!27749}"
CE0xa23e800 "{CE0xa23e800|call1}"
CE0xa23e790 "{CE0xa23e790|call1}"
CONST[source:0(mediator),value:2(dynamic)][purpose:{object}][SnkIdx:1]


CONST[source:2(external),value:2(dynamic)][purpose:{subject}][SrcIdx:5]  ->  CONST[source:0(mediator),value:2(dynamic)][purpose:{subject}][SnkIdx:0]
-----------
CONST[source:2(external),value:2(dynamic)][purpose:{subject}][SrcIdx:5]
CE0xa238bf0 "{CE0xa238bf0|VOIDTB_TE:_IE:_elem_0:default:}"
CE0xa2742f0 "{CE0xa2742f0|tmp24}"
CE0xa2281c0 "{CE0xa2281c0|_ret_i32_%tmp24,_!dbg_!27742}"
CE0xa268ff0 "{CE0xa268ff0|call}"
CE0xa2692b0 "{CE0xa2692b0|call}"
CONST[source:0(mediator),value:2(dynamic)][purpose:{subject}][SnkIdx:0]


