[selinux_sem_associate]

explicit:
CONST[source:2(external),value:2(dynamic)][purpose:{subject}]  ->  CONST[source:0(mediator),value:2(dynamic)][purpose:{object}]

-----------
CONST[source:2(external),value:2(dynamic)][purpose:{subject}]
CE0x6204530 "{CE0x6204530|VOIDTB_TE:_IE:_elem_0:default:}"
CE0x8bd12e0 "{CE0x8bd12e0|tmp7}"
CE0x8bdbed0 "{CE0x8bdbed0|tmp7}"
CONST[source:0(mediator),value:2(dynamic)][purpose:{object}]



CONST[source:2(external),value:2(dynamic)][purpose:{subject}]  ->  CONST[source:0(mediator),value:2(dynamic)][purpose:{subject}]

-----------
CONST[source:2(external),value:2(dynamic)][purpose:{subject}]
CE0x6204530 "{CE0x6204530|VOIDTB_TE:_IE:_elem_0:default:}"
CE0x8be8090 "{CE0x8be8090|tmp24}"
CE0x8be2670 "{CE0x8be2670|_ret_i32_%tmp24,_!dbg_!27742}"
CE0x5b1bd20 "{CE0x5b1bd20|call}"
CE0x5b21730 "{CE0x5b21730|call}"
CONST[source:0(mediator),value:2(dynamic)][purpose:{subject}]



CONST[source:1(input),value:2(dynamic)][purpose:{object}]  ->  CONST[source:0(mediator),value:2(dynamic)][purpose:{object}]

-----------
CONST[source:1(input),value:2(dynamic)][purpose:{object}]
CE0x6204530 "{CE0x6204530|VOIDTB_TE:_IE:_elem_0:default:}"
CE0x8bd12e0 "{CE0x8bd12e0|tmp7}"
CE0x8bdbed0 "{CE0x8bdbed0|tmp7}"
CONST[source:0(mediator),value:2(dynamic)][purpose:{object}]



CONST[source:1(input),value:2(dynamic)][purpose:{object}]  ->  CONST[source:0(mediator),value:2(dynamic)][purpose:{subject}]

-----------
CONST[source:1(input),value:2(dynamic)][purpose:{object}]
CE0x6204530 "{CE0x6204530|VOIDTB_TE:_IE:_elem_0:default:}"
CE0x8be8090 "{CE0x8be8090|tmp24}"
CE0x8be2670 "{CE0x8be2670|_ret_i32_%tmp24,_!dbg_!27742}"
CE0x5b1bd20 "{CE0x5b1bd20|call}"
CE0x5b21730 "{CE0x5b21730|call}"
CONST[source:0(mediator),value:2(dynamic)][purpose:{subject}]




implicit:
CONST[source:1(input),value:2(dynamic)][purpose:{object}]  ->  CONST[source:0(mediator),value:2(dynamic)][purpose:{subject}]

-----------
CONST[source:1(input),value:2(dynamic)][purpose:{object}]
CE0x6204530 "{CE0x6204530|VOIDTB_TE:_IE:_elem_0:default:}"
CE0x8be8090 "{CE0x8be8090|tmp24}"
CE0x8be2670 "{CE0x8be2670|_ret_i32_%tmp24,_!dbg_!27742}"
CE0x5b1bd20 "{CE0x5b1bd20|call}"
CE0x5b21730 "{CE0x5b21730|call}"
CONST[source:0(mediator),value:2(dynamic)][purpose:{subject}]



CONST[source:1(input),value:2(dynamic)][purpose:{object}]  ->  CONST[source:0(mediator),value:2(dynamic)][purpose:{object}]

-----------
CONST[source:1(input),value:2(dynamic)][purpose:{object}]
CE0x6204530 "{CE0x6204530|VOIDTB_TE:_IE:_elem_0:default:}"
CE0x8bd12e0 "{CE0x8bd12e0|tmp7}"
CE0x8bdbed0 "{CE0x8bdbed0|tmp7}"
CONST[source:0(mediator),value:2(dynamic)][purpose:{object}]



CONST[source:2(external),value:2(dynamic)][purpose:{subject}]  ->  CONST[source:0(mediator),value:2(dynamic)][purpose:{subject}]

-----------
CONST[source:2(external),value:2(dynamic)][purpose:{subject}]
CE0x6204530 "{CE0x6204530|VOIDTB_TE:_IE:_elem_0:default:}"
CE0x8be8090 "{CE0x8be8090|tmp24}"
CE0x8be2670 "{CE0x8be2670|_ret_i32_%tmp24,_!dbg_!27742}"
CE0x5b1bd20 "{CE0x5b1bd20|call}"
CE0x5b21730 "{CE0x5b21730|call}"
CONST[source:0(mediator),value:2(dynamic)][purpose:{subject}]



CONST[source:2(external),value:2(dynamic)][purpose:{subject}]  ->  CONST[source:0(mediator),value:2(dynamic)][purpose:{object}]

-----------
CONST[source:2(external),value:2(dynamic)][purpose:{subject}]
CE0x6204530 "{CE0x6204530|VOIDTB_TE:_IE:_elem_0:default:}"
CE0x8bd12e0 "{CE0x8bd12e0|tmp7}"
CE0x8bdbed0 "{CE0x8bdbed0|tmp7}"
CONST[source:0(mediator),value:2(dynamic)][purpose:{object}]



