[tomoyo_path_truncate]

explicit:
CONST[source:2(external),value:2(dynamic)][purpose:{subject}]  ->  CONST[source:0(mediator),value:2(dynamic)][purpose:{subject}]
-----------
CONST[source:2(external),value:2(dynamic)][purpose:{subject}]
CE0x55ef470 "{CE0x55ef470|COLLAPSED:_GCRE_current_task_external_global_%struct.task_struct*:_elem_0::|security/tomoyo/common.h,1205}"
CE0x44b82e0 "{CE0x44b82e0|tomoyo_domain:_tmp22|security/tomoyo/common.h,1205}"
CE0x5269a70 "{CE0x5269a70|tomoyo_domain:_tmp23|security/tomoyo/common.h,1205}"
CE0x3a171c0 "{CE0x3a171c0|_ret_%struct.tomoyo_domain_info*_%tmp23,_!dbg_!38929|security/tomoyo/common.h,1205}"
CE0x44ec140 "{CE0x44ec140|tomoyo_init_request_info:_call|security/tomoyo/util.c,1005}"
CE0x44ec1b0 "{CE0x44ec1b0|tomoyo_init_request_info:_domain.addr.0}"
CE0x56582e0 "{CE0x56582e0|0:_%struct.tomoyo_obj_info*,_16:_%struct.tomoyo_domain_info*,_24:_%struct.tomoyo_path_info*,_40:_i8,_72:_i8,_75:_i8,_76:_i8,_77:_i8,_:_SCMRE_16,24_|*MultipleSource*|security/tomoyo/file.c, 787|security/tomoyo/file.c,787|Function::tomoyo_init_request_info&Arg::r::|security/tomoyo/file.c,800}"
CONST[source:0(mediator),value:2(dynamic)][purpose:{subject}]



implicit:
CONST[source:0(mediator),value:0(static)][purpose:{operation}]  ->  CONST[source:0(mediator),value:2(dynamic)][purpose:{object}]
-----------
CONST[source:0(mediator),value:0(static)][purpose:{operation}]
CE0x393abd0 "{CE0x393abd0|tomoyo_path_perm:_operation|Function::tomoyo_path_perm&Arg::operation::|*SummSource*}"
CE0x38e0ac0 "{CE0x38e0ac0|tomoyo_path_perm:_operation|Function::tomoyo_path_perm&Arg::operation::}"
CE0x4610040 "{CE0x4610040|tomoyo_path_perm:_conv8|security/tomoyo/file.c,807}"
CE0x44328e0 "{CE0x44328e0|tomoyo_path_perm:_sw.epilog}"
CE0x55e7650 "{CE0x55e7650|tomoyo_path_permission:_entry}"
CE0x4567b20 "{CE0x4567b20|tomoyo_path_permission:_if.end}"
CE0x5658160 "{CE0x5658160|0:_%struct.tomoyo_obj_info*,_16:_%struct.tomoyo_domain_info*,_24:_%struct.tomoyo_path_info*,_40:_i8,_72:_i8,_75:_i8,_76:_i8,_77:_i8,_:_SCMRE_24,25_}"
CONST[source:0(mediator),value:2(dynamic)][purpose:{object}]


CONST[source:2(external),value:2(dynamic)][purpose:{subject}]  ->  CONST[source:0(mediator),value:2(dynamic)][purpose:{object}]
-----------
CONST[source:2(external),value:2(dynamic)][purpose:{subject}]
CE0x55ef470 "{CE0x55ef470|COLLAPSED:_GCRE_current_task_external_global_%struct.task_struct*:_elem_0::|security/tomoyo/common.h,1205}"
CE0x44b82e0 "{CE0x44b82e0|tomoyo_domain:_tmp22|security/tomoyo/common.h,1205}"
CE0x5269a70 "{CE0x5269a70|tomoyo_domain:_tmp23|security/tomoyo/common.h,1205}"
CE0x3a171c0 "{CE0x3a171c0|_ret_%struct.tomoyo_domain_info*_%tmp23,_!dbg_!38929|security/tomoyo/common.h,1205}"
CE0x44ec140 "{CE0x44ec140|tomoyo_init_request_info:_call|security/tomoyo/util.c,1005}"
CE0x44ec1b0 "{CE0x44ec1b0|tomoyo_init_request_info:_domain.addr.0}"
CE0x6eabf70 "{CE0x6eabf70|tomoyo_init_request_info:_ns|security/tomoyo/util.c,1010}"
CE0x44fa5e0 "{CE0x44fa5e0|tomoyo_init_request_info:_tmp12|security/tomoyo/util.c,1010}"
CE0x4520ee0 "{CE0x4520ee0|tomoyo_get_mode:_ns|Function::tomoyo_get_mode&Arg::ns::}"
CE0x38a1c40 "{CE0x38a1c40|COLLAPSED:_CRE:_elem_0:default:}"
CE0x3816870 "{CE0x3816870|tomoyo_get_mode:_tmp24|security/tomoyo/util.c,986}"
CE0x38166b0 "{CE0x38166b0|tomoyo_get_mode:_mode.1}"
CE0x3787590 "{CE0x3787590|tomoyo_get_mode:_conv15|security/tomoyo/util.c,987}"
CE0x372b5d0 "{CE0x372b5d0|tomoyo_get_mode:_and|security/tomoyo/util.c,987}"
CE0x372bab0 "{CE0x372bab0|tomoyo_get_mode:_retval.0}"
CE0x4521250 "{CE0x4521250|_ret_i32_%retval.0,_!dbg_!38935|security/tomoyo/util.c,988}"
CE0x450ac90 "{CE0x450ac90|tomoyo_init_request_info:_call4|security/tomoyo/util.c,1010}"
CE0x4521630 "{CE0x4521630|tomoyo_init_request_info:_conv|security/tomoyo/util.c,1010}"
CE0x57cd8d0 "{CE0x57cd8d0|0:_%struct.tomoyo_obj_info*,_16:_%struct.tomoyo_domain_info*,_24:_%struct.tomoyo_path_info*,_40:_i8,_72:_i8,_75:_i8,_76:_i8,_77:_i8,_:_SCMRE_76,77_|*MultipleSource*|security/tomoyo/file.c, 787|security/tomoyo/file.c,787|Function::tomoyo_init_request_info&Arg::r::|security/tomoyo/file.c,800}"
CE0x53819b0 "{CE0x53819b0|tomoyo_path_permission:_tmp7|*LoadInst*|security/tomoyo/file.c,565}"
CE0x4544510 "{CE0x4544510|tomoyo_path_permission:_conv3|security/tomoyo/file.c,565}"
CE0x44834d0 "{CE0x44834d0|tomoyo_path_permission:_cmp|security/tomoyo/file.c,565}"
CE0x4567b20 "{CE0x4567b20|tomoyo_path_permission:_if.end}"
CE0x5658160 "{CE0x5658160|0:_%struct.tomoyo_obj_info*,_16:_%struct.tomoyo_domain_info*,_24:_%struct.tomoyo_path_info*,_40:_i8,_72:_i8,_75:_i8,_76:_i8,_77:_i8,_:_SCMRE_24,25_}"
CONST[source:0(mediator),value:2(dynamic)][purpose:{object}]


CONST[source:2(external),value:2(dynamic)][purpose:{subject}]  ->  CONST[source:0(mediator),value:0(static)][purpose:{operation}]
-----------
CONST[source:2(external),value:2(dynamic)][purpose:{subject}]
CE0x55ef470 "{CE0x55ef470|COLLAPSED:_GCRE_current_task_external_global_%struct.task_struct*:_elem_0::|security/tomoyo/common.h,1205}"
CE0x44b82e0 "{CE0x44b82e0|tomoyo_domain:_tmp22|security/tomoyo/common.h,1205}"
CE0x5269a70 "{CE0x5269a70|tomoyo_domain:_tmp23|security/tomoyo/common.h,1205}"
CE0x3a171c0 "{CE0x3a171c0|_ret_%struct.tomoyo_domain_info*_%tmp23,_!dbg_!38929|security/tomoyo/common.h,1205}"
CE0x44ec140 "{CE0x44ec140|tomoyo_init_request_info:_call|security/tomoyo/util.c,1005}"
CE0x44ec1b0 "{CE0x44ec1b0|tomoyo_init_request_info:_domain.addr.0}"
CE0x6eabf70 "{CE0x6eabf70|tomoyo_init_request_info:_ns|security/tomoyo/util.c,1010}"
CE0x44fa5e0 "{CE0x44fa5e0|tomoyo_init_request_info:_tmp12|security/tomoyo/util.c,1010}"
CE0x4520ee0 "{CE0x4520ee0|tomoyo_get_mode:_ns|Function::tomoyo_get_mode&Arg::ns::}"
CE0x38a1c40 "{CE0x38a1c40|COLLAPSED:_CRE:_elem_0:default:}"
CE0x3816870 "{CE0x3816870|tomoyo_get_mode:_tmp24|security/tomoyo/util.c,986}"
CE0x38166b0 "{CE0x38166b0|tomoyo_get_mode:_mode.1}"
CE0x3787590 "{CE0x3787590|tomoyo_get_mode:_conv15|security/tomoyo/util.c,987}"
CE0x372b5d0 "{CE0x372b5d0|tomoyo_get_mode:_and|security/tomoyo/util.c,987}"
CE0x372bab0 "{CE0x372bab0|tomoyo_get_mode:_retval.0}"
CE0x4521250 "{CE0x4521250|_ret_i32_%retval.0,_!dbg_!38935|security/tomoyo/util.c,988}"
CE0x450ac90 "{CE0x450ac90|tomoyo_init_request_info:_call4|security/tomoyo/util.c,1010}"
CE0x4521630 "{CE0x4521630|tomoyo_init_request_info:_conv|security/tomoyo/util.c,1010}"
CE0x57cd8d0 "{CE0x57cd8d0|0:_%struct.tomoyo_obj_info*,_16:_%struct.tomoyo_domain_info*,_24:_%struct.tomoyo_path_info*,_40:_i8,_72:_i8,_75:_i8,_76:_i8,_77:_i8,_:_SCMRE_76,77_|*MultipleSource*|security/tomoyo/file.c, 787|security/tomoyo/file.c,787|Function::tomoyo_init_request_info&Arg::r::|security/tomoyo/file.c,800}"
CE0x53819b0 "{CE0x53819b0|tomoyo_path_permission:_tmp7|*LoadInst*|security/tomoyo/file.c,565}"
CE0x4544510 "{CE0x4544510|tomoyo_path_permission:_conv3|security/tomoyo/file.c,565}"
CE0x44834d0 "{CE0x44834d0|tomoyo_path_permission:_cmp|security/tomoyo/file.c,565}"
CE0x4567b20 "{CE0x4567b20|tomoyo_path_permission:_if.end}"
CE0x3a77240 "{CE0x3a77240|0:_%struct.tomoyo_obj_info*,_16:_%struct.tomoyo_domain_info*,_24:_%struct.tomoyo_path_info*,_40:_i8,_72:_i8,_75:_i8,_76:_i8,_77:_i8,_:_SCMRE_40,41_}"
CONST[source:0(mediator),value:0(static)][purpose:{operation}]


CONST[source:2(external),value:2(dynamic)][purpose:{subject}]  ->  CONST[source:0(mediator),value:2(dynamic)][purpose:{subject}]
-----------
CONST[source:2(external),value:2(dynamic)][purpose:{subject}]
CE0x6cb4360 "{CE0x6cb4360|128:_i8*,_1208:_%struct.file*,_:_CMRE_128,136_|*MultipleSource*|security/tomoyo/common.h,1205|security/tomoyo/common.h,1205}"
CE0x44b82e0 "{CE0x44b82e0|tomoyo_domain:_tmp22|security/tomoyo/common.h,1205}"
CE0x5269a70 "{CE0x5269a70|tomoyo_domain:_tmp23|security/tomoyo/common.h,1205}"
CE0x3a171c0 "{CE0x3a171c0|_ret_%struct.tomoyo_domain_info*_%tmp23,_!dbg_!38929|security/tomoyo/common.h,1205}"
CE0x44ec140 "{CE0x44ec140|tomoyo_init_request_info:_call|security/tomoyo/util.c,1005}"
CE0x44ec1b0 "{CE0x44ec1b0|tomoyo_init_request_info:_domain.addr.0}"
CE0x56582e0 "{CE0x56582e0|0:_%struct.tomoyo_obj_info*,_16:_%struct.tomoyo_domain_info*,_24:_%struct.tomoyo_path_info*,_40:_i8,_72:_i8,_75:_i8,_76:_i8,_77:_i8,_:_SCMRE_16,24_|*MultipleSource*|security/tomoyo/file.c, 787|security/tomoyo/file.c,787|Function::tomoyo_init_request_info&Arg::r::|security/tomoyo/file.c,800}"
CONST[source:0(mediator),value:2(dynamic)][purpose:{subject}]


