Start unlabeled source violation detection for results/apparmor_file_open/graph-explicit.dot
3.43s : Reading graph
"{CE0x4c79530|80:_i64,_:_CRE_421,422_}"
	-- CONST[source:1(input),value:2(dynamic)][purpose:{object}]
"{CE0x4c89610|80:_i64,_:_CRE_1307,1308_}"
	-- CONST[source:1(input),value:2(dynamic)][purpose:{object}]
"{CE0x4c4b990|80:_i64,_:_CRE_1356,1357_}"
	-- CONST[source:1(input),value:2(dynamic)][purpose:{object}]
"{CE0x4c4b880|80:_i64,_:_CRE_1355,1356_}"
	-- CONST[source:1(input),value:2(dynamic)][purpose:{object}]
"{CE0x4c84630|80:_i64,_:_CRE_1214,1215_}"
	-- CONST[source:1(input),value:2(dynamic)][purpose:{object}]
"{CE0x4c90ad0|80:_i64,_:_CRE_1596,1600_|*MultipleSource*|*LoadInst*|security/apparmor/include/apparmor.h,117|security/apparmor/include/apparmor.h,117}"
	-- CONST[source:1(input),value:2(dynamic)][purpose:{object}]
"{CE0x4c93730|80:_i64,_:_CRE_1651,1652_}"
	-- CONST[source:1(input),value:2(dynamic)][purpose:{object}]
"{CE0x4c95d70|80:_i64,_:_CRE_1687,1688_}"
	-- CONST[source:1(input),value:2(dynamic)][purpose:{object}]
"{CE0x4c84c90|80:_i64,_:_CRE_1220,1221_}"
	-- CONST[source:1(input),value:2(dynamic)][purpose:{object}]
"{CE0x4c43a00|80:_i64,_:_CRE_160,176_|*MultipleSource*|*LoadInst*|security/apparmor/include/apparmor.h,117|security/apparmor/include/apparmor.h,117}"
	-- CONST[source:1(input),value:2(dynamic)][purpose:{object}]
"{CE0x4c484f0|80:_i64,_:_CRE_376,380_|*MultipleSource*|*LoadInst*|security/apparmor/include/apparmor.h,117|security/apparmor/include/apparmor.h,117}"
	-- CONST[source:1(input),value:2(dynamic)][purpose:{object}]
"{CE0x4c41310|80:_i64,_:_CRE_48,56_|*MultipleSource*|*LoadInst*|security/apparmor/include/apparmor.h,117|security/apparmor/include/apparmor.h,117}"
	-- CONST[source:1(input),value:2(dynamic)][purpose:{object}]
"{CE0x4c85fb0|80:_i64,_:_CRE_1238,1239_}"
	-- CONST[source:1(input),value:2(dynamic)][purpose:{object}]
"{CE0x4c40e30|80:_i64,_:_CRE_24,32_|*MultipleSource*|*LoadInst*|security/apparmor/include/apparmor.h,117|security/apparmor/include/apparmor.h,117}"
	-- CONST[source:1(input),value:2(dynamic)][purpose:{object}]
"{CE0x4c44f50|80:_i64,_:_CRE_264,268_|*MultipleSource*|*LoadInst*|security/apparmor/include/apparmor.h,117|security/apparmor/include/apparmor.h,117}"
	-- CONST[source:1(input),value:2(dynamic)][purpose:{object}]
"{CE0x4c843c0|80:_i64,_:_CRE_1211,1212_}"
	-- CONST[source:1(input),value:2(dynamic)][purpose:{object}]
"{CE0x4c55c70|124:_i32,_128:_i64,_144:_i32,_192:_i32,_200:_%struct.aa_dfa*,_:_CRE_24,32_|*MultipleSource*|security/apparmor/lsm.c,395|security/apparmor/lsm.c,396}"
	-- CONST[source:2(external),value:2(dynamic)][purpose:{subject}]
"{CE0x4c86a50|80:_i64,_:_CRE_1248,1249_}"
	-- CONST[source:1(input),value:2(dynamic)][purpose:{object}]
"{CE0x4c428b0|80:_i64,_:_CRE_136,140_|*MultipleSource*|*LoadInst*|security/apparmor/include/apparmor.h,117|security/apparmor/include/apparmor.h,117}"
	-- CONST[source:1(input),value:2(dynamic)][purpose:{object}]
"{CE0x4c8f950|80:_i64,_:_CRE_1371,1372_}"
	-- CONST[source:1(input),value:2(dynamic)][purpose:{object}]
"{CE0x4c805e0|80:_i64,_:_CRE_603,604_}"
	-- CONST[source:1(input),value:2(dynamic)][purpose:{object}]
"{CE0x4c8fb70|80:_i64,_:_CRE_1373,1374_}"
	-- CONST[source:1(input),value:2(dynamic)][purpose:{object}]
"{CE0x4c79a80|80:_i64,_:_CRE_426,427_}"
	-- CONST[source:1(input),value:2(dynamic)][purpose:{object}]
"{CE0x4c59d00|124:_i32,_128:_i64,_144:_i32,_192:_i32,_200:_%struct.aa_dfa*,_:_CRE_216,224_|*MultipleSource*|security/apparmor/lsm.c,395|security/apparmor/lsm.c,396}"
	-- CONST[source:2(external),value:2(dynamic)][purpose:{subject}]
"{CE0x4c892b0|80:_i64,_:_CRE_1305,1306_}"
	-- CONST[source:1(input),value:2(dynamic)][purpose:{object}]
"{CE0x4c495e0|80:_i64,_:_CRE_403,404_}"
	-- CONST[source:1(input),value:2(dynamic)][purpose:{object}]
"{CE0x4c852f0|80:_i64,_:_CRE_1226,1227_}"
	-- CONST[source:1(input),value:2(dynamic)][purpose:{object}]
"{CE0x4c8a100|80:_i64,_:_CRE_1318,1319_}"
	-- CONST[source:1(input),value:2(dynamic)][purpose:{object}]
"{CE0x4c56880|124:_i32,_128:_i64,_144:_i32,_192:_i32,_200:_%struct.aa_dfa*,_:_CRE_40,48_|*MultipleSource*|security/apparmor/lsm.c,395|security/apparmor/lsm.c,396}"
	-- CONST[source:2(external),value:2(dynamic)][purpose:{subject}]
"{CE0x4c97080|80:_i64,_:_CRE_1776,1784_|*MultipleSource*|*LoadInst*|security/apparmor/include/apparmor.h,117|security/apparmor/include/apparmor.h,117}"
	-- CONST[source:1(input),value:2(dynamic)][purpose:{object}]
"{CE0x4c941d0|80:_i64,_:_CRE_1661,1662_}"
	-- CONST[source:1(input),value:2(dynamic)][purpose:{object}]
"{CE0x4c80e60|80:_i64,_:_CRE_611,612_}"
	-- CONST[source:1(input),value:2(dynamic)][purpose:{object}]
"{CE0x4c7b0d0|80:_i64,_:_CRE_447,448_}"
	-- CONST[source:1(input),value:2(dynamic)][purpose:{object}]
"{CE0x4c7e0b0|80:_i64,_:_CRE_568,569_}"
	-- CONST[source:1(input),value:2(dynamic)][purpose:{object}]
"{CE0x4c95930|80:_i64,_:_CRE_1683,1684_}"
	-- CONST[source:1(input),value:2(dynamic)][purpose:{object}]
"{CE0x4c5a720|124:_i32,_128:_i64,_144:_i32,_192:_i32,_200:_%struct.aa_dfa*,_:_CRE_248,256_|*MultipleSource*|security/apparmor/lsm.c,395|security/apparmor/lsm.c,396}"
	-- CONST[source:2(external),value:2(dynamic)][purpose:{subject}]
"{CE0x4c87f90|80:_i64,_:_CRE_1268,1269_}"
	-- CONST[source:1(input),value:2(dynamic)][purpose:{object}]
"{CE0x4c97460|80:_i64,_:_CRE_1792,1800_|*MultipleSource*|*LoadInst*|security/apparmor/include/apparmor.h,117|security/apparmor/include/apparmor.h,117}"
	-- CONST[source:1(input),value:2(dynamic)][purpose:{object}]
"{CE0x4c43bf0|80:_i64,_:_CRE_176,184_|*MultipleSource*|*LoadInst*|security/apparmor/include/apparmor.h,117|security/apparmor/include/apparmor.h,117}"
	-- CONST[source:1(input),value:2(dynamic)][purpose:{object}]
"{CE0x4c89ff0|80:_i64,_:_CRE_1317,1318_}"
	-- CONST[source:1(input),value:2(dynamic)][purpose:{object}]
"{CE0x4c4b660|80:_i64,_:_CRE_1353,1354_}"
	-- CONST[source:1(input),value:2(dynamic)][purpose:{object}]
"{CE0x4c7c940|80:_i64,_:_CRE_496,504_|*MultipleSource*|*LoadInst*|security/apparmor/include/apparmor.h,117|security/apparmor/include/apparmor.h,117}"
	-- CONST[source:1(input),value:2(dynamic)][purpose:{object}]
"{CE0x4c7bb70|80:_i64,_:_CRE_457,458_}"
	-- CONST[source:1(input),value:2(dynamic)][purpose:{object}]
"{CE0x4c92300|80:_i64,_:_CRE_1632,1633_}"
	-- CONST[source:1(input),value:2(dynamic)][purpose:{object}]
"{CE0x4c58920|124:_i32,_128:_i64,_144:_i32,_192:_i32,_200:_%struct.aa_dfa*,_:_CRE_136,144_|*MultipleSource*|security/apparmor/lsm.c,395|security/apparmor/lsm.c,396}"
	-- CONST[source:2(external),value:2(dynamic)][purpose:{subject}]
"{CE0x4c488d0|80:_i64,_:_CRE_392,393_}"
	-- CONST[source:1(input),value:2(dynamic)][purpose:{object}]
"{CE0x4c84da0|80:_i64,_:_CRE_1221,1222_}"
	-- CONST[source:1(input),value:2(dynamic)][purpose:{object}]
"{CE0x4c896c0|80:_i64,_:_CRE_1308,1309_}"
	-- CONST[source:1(input),value:2(dynamic)][purpose:{object}]
"{CE0x4c870b0|80:_i64,_:_CRE_1254,1255_}"
	-- CONST[source:1(input),value:2(dynamic)][purpose:{object}]
"{CE0x4c9a1b0|80:_i64,_:_CRE_2248,2256_|*MultipleSource*|*LoadInst*|security/apparmor/include/apparmor.h,117|security/apparmor/include/apparmor.h,117}"
	-- CONST[source:1(input),value:2(dynamic)][purpose:{object}]
"{CE0x4c91290|80:_i64,_:_CRE_1617,1618_}"
	-- CONST[source:1(input),value:2(dynamic)][purpose:{object}]
"{CE0x4c91480|80:_i64,_:_CRE_1618,1619_}"
	-- CONST[source:1(input),value:2(dynamic)][purpose:{object}]
"{CE0x4c84740|80:_i64,_:_CRE_1215,1216_}"
	-- CONST[source:1(input),value:2(dynamic)][purpose:{object}]
"{CE0x4c494d0|80:_i64,_:_CRE_402,403_}"
	-- CONST[source:1(input),value:2(dynamic)][purpose:{object}]
"{CE0x4c92520|80:_i64,_:_CRE_1634,1635_}"
	-- CONST[source:1(input),value:2(dynamic)][purpose:{object}]
"{CE0x4c79fd0|80:_i64,_:_CRE_431,432_}"
	-- CONST[source:1(input),value:2(dynamic)][purpose:{object}]
"{CE0x4c806f0|80:_i64,_:_CRE_604,605_}"
	-- CONST[source:1(input),value:2(dynamic)][purpose:{object}]
"{CE0x4c592e0|124:_i32,_128:_i64,_144:_i32,_192:_i32,_200:_%struct.aa_dfa*,_:_CRE_160,188_|*MultipleSource*|security/apparmor/lsm.c,395|security/apparmor/lsm.c,396}"
	-- CONST[source:2(external),value:2(dynamic)][purpose:{subject}]
"{CE0x4c83e70|80:_i64,_:_CRE_1208,1209_}"
	-- CONST[source:1(input),value:2(dynamic)][purpose:{object}]
"{CE0x4c92410|80:_i64,_:_CRE_1633,1634_}"
	-- CONST[source:1(input),value:2(dynamic)][purpose:{object}]
"{CE0x4c7a630|80:_i64,_:_CRE_437,438_}"
	-- CONST[source:1(input),value:2(dynamic)][purpose:{object}]
"{CE0x4c91fd0|80:_i64,_:_CRE_1629,1630_}"
	-- CONST[source:1(input),value:2(dynamic)][purpose:{object}]
"{CE0x4c88b40|80:_i64,_:_CRE_1279,1280_}"
	-- CONST[source:1(input),value:2(dynamic)][purpose:{object}]
"{CE0x4c92b80|80:_i64,_:_CRE_1640,1641_}"
	-- CONST[source:1(input),value:2(dynamic)][purpose:{object}]
"{CE0x4bec6d0|24:_%struct.dentry*,_32:_%struct.inode*,_128:_i32,_132:_i32,_456:_i8*,_:_CRE_9,10_}"
	-- CONST[source:1(input),value:2(dynamic)][purpose:{object}]
"{CE0x4c48f80|80:_i64,_:_CRE_397,398_}"
	-- CONST[source:1(input),value:2(dynamic)][purpose:{object}]
"{CE0x4be9dc0|24:_%struct.dentry*,_32:_%struct.inode*,_128:_i32,_132:_i32,_456:_i8*,_:_CRE_32,40_|*MultipleSource*|Function::apparmor_file_open&Arg::file::|security/apparmor/lsm.c,378}"
	-- CONST[source:1(input),value:2(dynamic)][purpose:{object}]
"{CE0x4c85950|80:_i64,_:_CRE_1232,1233_}"
	-- CONST[source:1(input),value:2(dynamic)][purpose:{object}]
"{CE0x4c85ea0|80:_i64,_:_CRE_1237,1238_}"
	-- CONST[source:1(input),value:2(dynamic)][purpose:{object}]
"{CE0x4c825c0|80:_i64,_:_CRE_640,648_|*MultipleSource*|*LoadInst*|security/apparmor/include/apparmor.h,117|security/apparmor/include/apparmor.h,117}"
	-- CONST[source:1(input),value:2(dynamic)][purpose:{object}]
"{CE0x4c91b90|80:_i64,_:_CRE_1625,1626_}"
	-- CONST[source:1(input),value:2(dynamic)][purpose:{object}]
"{CE0x4c4b110|80:_i64,_:_CRE_1348,1349_}"
	-- CONST[source:1(input),value:2(dynamic)][purpose:{object}]
"{CE0x4c99be0|80:_i64,_:_CRE_2056,2112_|*MultipleSource*|*LoadInst*|security/apparmor/include/apparmor.h,117|security/apparmor/include/apparmor.h,117}"
	-- CONST[source:1(input),value:2(dynamic)][purpose:{object}]
"{CE0x4c7c0c0|80:_i64,_:_CRE_462,463_}"
	-- CONST[source:1(input),value:2(dynamic)][purpose:{object}]
"{CE0x4c8aa90|80:_i64,_:_CRE_1327,1328_}"
	-- CONST[source:1(input),value:2(dynamic)][purpose:{object}]
"{CE0x4c7b2f0|80:_i64,_:_CRE_449,450_}"
	-- CONST[source:1(input),value:2(dynamic)][purpose:{object}]
"{CE0x4c85b70|80:_i64,_:_CRE_1234,1235_}"
	-- CONST[source:1(input),value:2(dynamic)][purpose:{object}]
"{CE0x4c41170|80:_i64,_:_CRE_40,48_|*MultipleSource*|*LoadInst*|security/apparmor/include/apparmor.h,117|security/apparmor/include/apparmor.h,117}"
	-- CONST[source:1(input),value:2(dynamic)][purpose:{object}]
"{CE0x4c7ec60|80:_i64,_:_CRE_579,580_}"
	-- CONST[source:1(input),value:2(dynamic)][purpose:{object}]
"{CE0x4c92fc0|80:_i64,_:_CRE_1644,1645_}"
	-- CONST[source:1(input),value:2(dynamic)][purpose:{object}]
"{CE0x4c493c0|80:_i64,_:_CRE_401,402_}"
	-- CONST[source:1(input),value:2(dynamic)][purpose:{object}]
"{CE0x4c44b70|80:_i64,_:_CRE_248,252_|*MultipleSource*|*LoadInst*|security/apparmor/include/apparmor.h,117|security/apparmor/include/apparmor.h,117}"
	-- CONST[source:1(input),value:2(dynamic)][purpose:{object}]
"{CE0x4c85c80|80:_i64,_:_CRE_1235,1236_}"
	-- CONST[source:1(input),value:2(dynamic)][purpose:{object}]
"{CE0x4c9a590|80:_i64,_:_CRE_2264,2268_|*MultipleSource*|*LoadInst*|security/apparmor/include/apparmor.h,117|security/apparmor/include/apparmor.h,117}"
	-- CONST[source:1(input),value:2(dynamic)][purpose:{object}]
"{CE0x4c86fa0|80:_i64,_:_CRE_1253,1254_}"
	-- CONST[source:1(input),value:2(dynamic)][purpose:{object}]
"{CE0x4c989b0|80:_i64,_:_CRE_1873,1874_}"
	-- CONST[source:1(input),value:2(dynamic)][purpose:{object}]
"{CE0x4c991a0|80:_i64,_:_CRE_1880,1884_|*MultipleSource*|*LoadInst*|security/apparmor/include/apparmor.h,117|security/apparmor/include/apparmor.h,117}"
	-- CONST[source:1(input),value:2(dynamic)][purpose:{object}]
"{CE0x4c7ff80|80:_i64,_:_CRE_597,598_}"
	-- CONST[source:1(input),value:2(dynamic)][purpose:{object}]
"{CE0x4c47b40|80:_i64,_:_CRE_336,344_|*MultipleSource*|*LoadInst*|security/apparmor/include/apparmor.h,117|security/apparmor/include/apparmor.h,117}"
	-- CONST[source:1(input),value:2(dynamic)][purpose:{object}]
"{CE0x4c49e60|80:_i64,_:_CRE_411,412_}"
	-- CONST[source:1(input),value:2(dynamic)][purpose:{object}]
"{CE0x4c57b40|124:_i32,_128:_i64,_144:_i32,_192:_i32,_200:_%struct.aa_dfa*,_:_CRE_104,112_|*MultipleSource*|security/apparmor/lsm.c,395|security/apparmor/lsm.c,396}"
	-- CONST[source:2(external),value:2(dynamic)][purpose:{subject}]
"{CE0x4c7e3e0|80:_i64,_:_CRE_571,572_}"
	-- CONST[source:1(input),value:2(dynamic)][purpose:{object}]
"{CE0x4c90cc0|80:_i64,_:_CRE_1600,1604_|*MultipleSource*|*LoadInst*|security/apparmor/include/apparmor.h,117|security/apparmor/include/apparmor.h,117}"
	-- CONST[source:1(input),value:2(dynamic)][purpose:{object}]
"{CE0x4c56d60|124:_i32,_128:_i64,_144:_i32,_192:_i32,_200:_%struct.aa_dfa*,_:_CRE_56,64_|*MultipleSource*|security/apparmor/lsm.c,395|security/apparmor/lsm.c,396}"
	-- CONST[source:2(external),value:2(dynamic)][purpose:{subject}]
"{CE0x4c56fd0|124:_i32,_128:_i64,_144:_i32,_192:_i32,_200:_%struct.aa_dfa*,_:_CRE_64,72_|*MultipleSource*|security/apparmor/lsm.c,395|security/apparmor/lsm.c,396}"
	-- CONST[source:2(external),value:2(dynamic)][purpose:{subject}]
"{CE0x4c964e0|80:_i64,_:_CRE_1720,1728_|*MultipleSource*|*LoadInst*|security/apparmor/include/apparmor.h,117|security/apparmor/include/apparmor.h,117}"
	-- CONST[source:1(input),value:2(dynamic)][purpose:{object}]
"{CE0x4c89880|80:_i64,_:_CRE_1310,1311_}"
	-- CONST[source:1(input),value:2(dynamic)][purpose:{object}]
"{CE0x4c46fa0|80:_i64,_:_CRE_288,296_|*MultipleSource*|*LoadInst*|security/apparmor/include/apparmor.h,117|security/apparmor/include/apparmor.h,117}"
	-- CONST[source:1(input),value:2(dynamic)][purpose:{object}]
"{CE0x4c8a430|80:_i64,_:_CRE_1321,1322_}"
	-- CONST[source:1(input),value:2(dynamic)][purpose:{object}]
"{CE0x4c8ffb0|80:_i64,_:_CRE_1384,1392_|*MultipleSource*|*LoadInst*|security/apparmor/include/apparmor.h,117|security/apparmor/include/apparmor.h,117}"
	-- CONST[source:1(input),value:2(dynamic)][purpose:{object}]
"{CE0x4c88c50|80:_i64,_:_CRE_1280,1288_|*MultipleSource*|*LoadInst*|security/apparmor/include/apparmor.h,117|security/apparmor/include/apparmor.h,117}"
	-- CONST[source:1(input),value:2(dynamic)][purpose:{object}]
"{CE0x4c49b30|80:_i64,_:_CRE_408,409_}"
	-- CONST[source:1(input),value:2(dynamic)][purpose:{object}]
"{CE0x4c82b10|80:_i64,_:_CRE_664,672_|*MultipleSource*|*LoadInst*|security/apparmor/include/apparmor.h,117|security/apparmor/include/apparmor.h,117}"
	-- CONST[source:1(input),value:2(dynamic)][purpose:{object}]
"{CE0x4c814c0|80:_i64,_:_CRE_617,618_}"
	-- CONST[source:1(input),value:2(dynamic)][purpose:{object}]
"{CE0x4c8b310|80:_i64,_:_CRE_1335,1336_}"
	-- CONST[source:1(input),value:2(dynamic)][purpose:{object}]
"{CE0x4c83a90|80:_i64,_:_CRE_880,896_|*MultipleSource*|*LoadInst*|security/apparmor/include/apparmor.h,117|security/apparmor/include/apparmor.h,117}"
	-- CONST[source:1(input),value:2(dynamic)][purpose:{object}]
"{CE0x4c4aef0|80:_i64,_:_CRE_1346,1347_}"
	-- CONST[source:1(input),value:2(dynamic)][purpose:{object}]
"{CE0x4c42aa0|80:_i64,_:_CRE_144,152_|*MultipleSource*|*LoadInst*|security/apparmor/include/apparmor.h,117|security/apparmor/include/apparmor.h,117}"
	-- CONST[source:1(input),value:2(dynamic)][purpose:{object}]
"{CE0x4c81b20|80:_i64,_:_CRE_623,624_}"
	-- CONST[source:1(input),value:2(dynamic)][purpose:{object}]
"{CE0x4c87c60|80:_i64,_:_CRE_1265,1266_}"
	-- CONST[source:1(input),value:2(dynamic)][purpose:{object}]
"{CE0x4c7d2f0|80:_i64,_:_CRE_544,552_|*MultipleSource*|*LoadInst*|security/apparmor/include/apparmor.h,117|security/apparmor/include/apparmor.h,117}"
	-- CONST[source:1(input),value:2(dynamic)][purpose:{object}]
"{CE0x4c89090|80:_i64,_:_CRE_1304,1305_}"
	-- CONST[source:1(input),value:2(dynamic)][purpose:{object}]
"{CE0x4c59f70|124:_i32,_128:_i64,_144:_i32,_192:_i32,_200:_%struct.aa_dfa*,_:_CRE_224,232_|*MultipleSource*|security/apparmor/lsm.c,395|security/apparmor/lsm.c,396}"
	-- CONST[source:2(external),value:2(dynamic)][purpose:{subject}]
"{CE0x4c85620|80:_i64,_:_CRE_1229,1230_}"
	-- CONST[source:1(input),value:2(dynamic)][purpose:{object}]
"{CE0x4c8fea0|80:_i64,_:_CRE_1376,1384_|*MultipleSource*|*LoadInst*|security/apparmor/include/apparmor.h,117|security/apparmor/include/apparmor.h,117}"
	-- CONST[source:1(input),value:2(dynamic)][purpose:{object}]
"{CE0x4c57240|124:_i32,_128:_i64,_144:_i32,_192:_i32,_200:_%struct.aa_dfa*,_:_CRE_72,80_|*MultipleSource*|security/apparmor/lsm.c,395|security/apparmor/lsm.c,396}"
	-- CONST[source:2(external),value:2(dynamic)][purpose:{subject}]
"{CE0x4c8fc80|80:_i64,_:_CRE_1374,1375_}"
	-- CONST[source:1(input),value:2(dynamic)][purpose:{object}]
"{CE0x4c863f0|80:_i64,_:_CRE_1242,1243_}"
	-- CONST[source:1(input),value:2(dynamic)][purpose:{object}]
"{CE0x4c82290|80:_i64,_:_CRE_630,631_}"
	-- CONST[source:1(input),value:2(dynamic)][purpose:{object}]
"{CE0x4c860c0|80:_i64,_:_CRE_1239,1240_}"
	-- CONST[source:1(input),value:2(dynamic)][purpose:{object}]
"{CE0x4c7bd90|80:_i64,_:_CRE_459,460_}"
	-- CONST[source:1(input),value:2(dynamic)][purpose:{object}]
"{CE0x4c7d100|80:_i64,_:_CRE_536,540_|*MultipleSource*|*LoadInst*|security/apparmor/include/apparmor.h,117|security/apparmor/include/apparmor.h,117}"
	-- CONST[source:1(input),value:2(dynamic)][purpose:{object}]
"{CE0x4c4b550|80:_i64,_:_CRE_1352,1353_}"
	-- CONST[source:1(input),value:2(dynamic)][purpose:{object}]
"{CE0x4c86940|80:_i64,_:_CRE_1247,1248_}"
	-- CONST[source:1(input),value:2(dynamic)][purpose:{object}]
"{CE0x4c08eb0|80:_i64,_:_CRE_20,21_|*MultipleSource*|*LoadInst*|security/apparmor/include/apparmor.h,117|security/apparmor/include/apparmor.h,117}"
	-- CONST[source:1(input),value:2(dynamic)][purpose:{object}]
"{CE0x4c59a90|124:_i32,_128:_i64,_144:_i32,_192:_i32,_200:_%struct.aa_dfa*,_:_CRE_208,212_|*MultipleSource*|security/apparmor/lsm.c,395|security/apparmor/lsm.c,396}"
	-- CONST[source:2(external),value:2(dynamic)][purpose:{subject}]
"{CE0x4c7d6d0|80:_i64,_:_CRE_560,561_}"
	-- CONST[source:1(input),value:2(dynamic)][purpose:{object}]
"{CE0x4c5a4b0|124:_i32,_128:_i64,_144:_i32,_192:_i32,_200:_%struct.aa_dfa*,_:_CRE_240,248_|*MultipleSource*|security/apparmor/lsm.c,395|security/apparmor/lsm.c,396}"
	-- CONST[source:2(external),value:2(dynamic)][purpose:{subject}]
"{CE0x4c97270|80:_i64,_:_CRE_1784,1792_|*MultipleSource*|*LoadInst*|security/apparmor/include/apparmor.h,117|security/apparmor/include/apparmor.h,117}"
	-- CONST[source:1(input),value:2(dynamic)][purpose:{object}]
"{CE0x4c87600|80:_i64,_:_CRE_1259,1260_}"
	-- CONST[source:1(input),value:2(dynamic)][purpose:{object}]
"{CE0x4c49c40|80:_i64,_:_CRE_409,410_}"
	-- CONST[source:1(input),value:2(dynamic)][purpose:{object}]
"{CE0x4c7ed70|80:_i64,_:_CRE_580,581_}"
	-- CONST[source:1(input),value:2(dynamic)][purpose:{object}]
"{CE0x4bee9e0|24:_%struct.dentry*,_32:_%struct.inode*,_128:_i32,_132:_i32,_456:_i8*,_:_CRE_14,15_}"
	-- CONST[source:1(input),value:2(dynamic)][purpose:{object}]
"{CE0x4c48ed0|80:_i64,_:_CRE_396,397_}"
	-- CONST[source:1(input),value:2(dynamic)][purpose:{object}]
"{CE0x4c7d4e0|80:_i64,_:_CRE_552,556_|*MultipleSource*|*LoadInst*|security/apparmor/include/apparmor.h,117|security/apparmor/include/apparmor.h,117}"
	-- CONST[source:1(input),value:2(dynamic)][purpose:{object}]
"{CE0x4c881b0|80:_i64,_:_CRE_1270,1271_}"
	-- CONST[source:1(input),value:2(dynamic)][purpose:{object}]
"{CE0x4c8b0f0|80:_i64,_:_CRE_1333,1334_}"
	-- CONST[source:1(input),value:2(dynamic)][purpose:{object}]
"{CE0x4c823a0|80:_i64,_:_CRE_631,632_}"
	-- CONST[source:1(input),value:2(dynamic)][purpose:{object}]
"{CE0x4c7b950|80:_i64,_:_CRE_455,456_}"
	-- CONST[source:1(input),value:2(dynamic)][purpose:{object}]
"{CE0x4c804d0|80:_i64,_:_CRE_602,603_}"
	-- CONST[source:1(input),value:2(dynamic)][purpose:{object}]
"{CE0x4c993c0|80:_i64,_:_CRE_1896,1904_|*MultipleSource*|*LoadInst*|security/apparmor/include/apparmor.h,117|security/apparmor/include/apparmor.h,117}"
	-- CONST[source:1(input),value:2(dynamic)][purpose:{object}]
"{CE0x4c871c0|80:_i64,_:_CRE_1255,1256_}"
	-- CONST[source:1(input),value:2(dynamic)][purpose:{object}]
"{CE0x4c900c0|80:_i64,_:_CRE_1392,1536_|*MultipleSource*|*LoadInst*|security/apparmor/include/apparmor.h,117|security/apparmor/include/apparmor.h,117}"
	-- CONST[source:1(input),value:2(dynamic)][purpose:{object}]
"{CE0x4c97c20|80:_i64,_:_CRE_1824,1828_|*MultipleSource*|*LoadInst*|security/apparmor/include/apparmor.h,117|security/apparmor/include/apparmor.h,117}"
	-- CONST[source:1(input),value:2(dynamic)][purpose:{object}]
"{CE0x4c80c40|80:_i64,_:_CRE_609,610_}"
	-- CONST[source:1(input),value:2(dynamic)][purpose:{object}]
"{CE0x4c5b560|124:_i32,_128:_i64,_144:_i32,_192:_i32,_200:_%struct.aa_dfa*,_:_CRE_544,592_|*MultipleSource*|security/apparmor/lsm.c,395|security/apparmor/lsm.c,396}"
	-- CONST[source:2(external),value:2(dynamic)][purpose:{subject}]
"{CE0x4c872d0|80:_i64,_:_CRE_1256,1257_}"
	-- CONST[source:1(input),value:2(dynamic)][purpose:{object}]
"{CE0x4c47d30|80:_i64,_:_CRE_344,352_|*MultipleSource*|*LoadInst*|security/apparmor/include/apparmor.h,117|security/apparmor/include/apparmor.h,117}"
	-- CONST[source:1(input),value:2(dynamic)][purpose:{object}]
"{CE0x4c8a760|80:_i64,_:_CRE_1324,1325_}"
	-- CONST[source:1(input),value:2(dynamic)][purpose:{object}]
"{CE0x4c59820|124:_i32,_128:_i64,_144:_i32,_192:_i32,_200:_%struct.aa_dfa*,_:_CRE_200,208_|*MultipleSource*|security/apparmor/lsm.c,395|security/apparmor/lsm.c,396}"
	-- CONST[source:2(external),value:2(dynamic)][purpose:{subject}]
"{CE0x4c40fd0|80:_i64,_:_CRE_32,40_|*MultipleSource*|*LoadInst*|security/apparmor/include/apparmor.h,117|security/apparmor/include/apparmor.h,117}"
	-- CONST[source:1(input),value:2(dynamic)][purpose:{object}]
"{CE0x4c950b0|80:_i64,_:_CRE_1675,1676_}"
	-- CONST[source:1(input),value:2(dynamic)][purpose:{object}]
"{CE0x4c7cb30|80:_i64,_:_CRE_504,512_|*MultipleSource*|*LoadInst*|security/apparmor/include/apparmor.h,117|security/apparmor/include/apparmor.h,117}"
	-- CONST[source:1(input),value:2(dynamic)][purpose:{object}]
"{CE0x4c851e0|80:_i64,_:_CRE_1225,1226_}"
	-- CONST[source:1(input),value:2(dynamic)][purpose:{object}]
"{CE0x4c79420|80:_i64,_:_CRE_420,421_}"
	-- CONST[source:1(input),value:2(dynamic)][purpose:{object}]
"{CE0x4c7bfb0|80:_i64,_:_CRE_461,462_}"
	-- CONST[source:1(input),value:2(dynamic)][purpose:{object}]
"{CE0x4c80d50|80:_i64,_:_CRE_610,611_}"
	-- CONST[source:1(input),value:2(dynamic)][purpose:{object}]
"{CE0x4c424d0|80:_i64,_:_CRE_128,132_|*MultipleSource*|*LoadInst*|security/apparmor/include/apparmor.h,117|security/apparmor/include/apparmor.h,117}"
	-- CONST[source:1(input),value:2(dynamic)][purpose:{object}]
"{CE0x4c4aab0|80:_i64,_:_CRE_1342,1343_}"
	-- CONST[source:1(input),value:2(dynamic)][purpose:{object}]
"{CE0x4c93fb0|80:_i64,_:_CRE_1659,1660_}"
	-- CONST[source:1(input),value:2(dynamic)][purpose:{object}]
"{CE0x4c7c720|80:_i64,_:_CRE_488,496_|*MultipleSource*|*LoadInst*|security/apparmor/include/apparmor.h,117|security/apparmor/include/apparmor.h,117}"
	-- CONST[source:1(input),value:2(dynamic)][purpose:{object}]
"{CE0x4c8adc0|80:_i64,_:_CRE_1330,1331_}"
	-- CONST[source:1(input),value:2(dynamic)][purpose:{object}]
"{CE0x4c79ec0|80:_i64,_:_CRE_430,431_}"
	-- CONST[source:1(input),value:2(dynamic)][purpose:{object}]
"{CE0x4c80b30|80:_i64,_:_CRE_608,609_}"
	-- CONST[source:1(input),value:2(dynamic)][purpose:{object}]
"{CE0x4c79db0|80:_i64,_:_CRE_429,430_}"
	-- CONST[source:1(input),value:2(dynamic)][purpose:{object}]
"{CE0x4c952d0|80:_i64,_:_CRE_1677,1678_}"
	-- CONST[source:1(input),value:2(dynamic)][purpose:{object}]
"{CE0x4c87a40|80:_i64,_:_CRE_1263,1264_}"
	-- CONST[source:1(input),value:2(dynamic)][purpose:{object}]
"{CE0x4c47380|80:_i64,_:_CRE_304,312_|*MultipleSource*|*LoadInst*|security/apparmor/include/apparmor.h,117|security/apparmor/include/apparmor.h,117}"
	-- CONST[source:1(input),value:2(dynamic)][purpose:{object}]
"{CE0x4c84b80|80:_i64,_:_CRE_1219,1220_}"
	-- CONST[source:1(input),value:2(dynamic)][purpose:{object}]
"{CE0x4c59070|124:_i32,_128:_i64,_144:_i32,_192:_i32,_200:_%struct.aa_dfa*,_:_CRE_152,160_|*MultipleSource*|security/apparmor/lsm.c,395|security/apparmor/lsm.c,396}"
	-- CONST[source:2(external),value:2(dynamic)][purpose:{subject}]
"{CE0x4c5ac00|124:_i32,_128:_i64,_144:_i32,_192:_i32,_200:_%struct.aa_dfa*,_:_CRE_264,268_|*MultipleSource*|security/apparmor/lsm.c,395|security/apparmor/lsm.c,396}"
	-- CONST[source:2(external),value:2(dynamic)][purpose:{subject}]
"{CE0x4c84470|80:_i64,_:_CRE_1212,1213_}"
	-- CONST[source:1(input),value:2(dynamic)][purpose:{object}]
"{CE0x4c966d0|80:_i64,_:_CRE_1728,1736_|*MultipleSource*|*LoadInst*|security/apparmor/include/apparmor.h,117|security/apparmor/include/apparmor.h,117}"
	-- CONST[source:1(input),value:2(dynamic)][purpose:{object}]
"{CE0x4c98ba0|80:_i64,_:_CRE_1874,1875_}"
	-- CONST[source:1(input),value:2(dynamic)][purpose:{object}]
"{CE0x4c995e0|80:_i64,_:_CRE_1904,1920_|*MultipleSource*|*LoadInst*|security/apparmor/include/apparmor.h,117|security/apparmor/include/apparmor.h,117}"
	-- CONST[source:1(input),value:2(dynamic)][purpose:{object}]
"{CE0x4c99dd0|80:_i64,_:_CRE_2112,2120_|*MultipleSource*|*LoadInst*|security/apparmor/include/apparmor.h,117|security/apparmor/include/apparmor.h,117}"
	-- CONST[source:1(input),value:2(dynamic)][purpose:{object}]
"{CE0x4c992b0|80:_i64,_:_CRE_1888,1896_|*MultipleSource*|*LoadInst*|security/apparmor/include/apparmor.h,117|security/apparmor/include/apparmor.h,117}"
	-- CONST[source:1(input),value:2(dynamic)][purpose:{object}]
"{CE0x4c862e0|80:_i64,_:_CRE_1241,1242_}"
	-- CONST[source:1(input),value:2(dynamic)][purpose:{object}]
"{CE0x4c81080|80:_i64,_:_CRE_613,614_}"
	-- CONST[source:1(input),value:2(dynamic)][purpose:{object}]
"{CE0x4c836b0|80:_i64,_:_CRE_720,736_|*MultipleSource*|*LoadInst*|security/apparmor/include/apparmor.h,117|security/apparmor/include/apparmor.h,117}"
	-- CONST[source:1(input),value:2(dynamic)][purpose:{object}]
"{CE0x4c7d8c0|80:_i64,_:_CRE_561,562_}"
	-- CONST[source:1(input),value:2(dynamic)][purpose:{object}]
"{CE0x4c962c0|80:_i64,_:_CRE_1712,1720_|*MultipleSource*|*LoadInst*|security/apparmor/include/apparmor.h,117|security/apparmor/include/apparmor.h,117}"
	-- CONST[source:1(input),value:2(dynamic)][purpose:{object}]
"{CE0x4c7a1f0|80:_i64,_:_CRE_433,434_}"
	-- CONST[source:1(input),value:2(dynamic)][purpose:{object}]
"{CE0x4c99fc0|80:_i64,_:_CRE_2120,2248_|*MultipleSource*|*LoadInst*|security/apparmor/include/apparmor.h,117|security/apparmor/include/apparmor.h,117}"
	-- CONST[source:1(input),value:2(dynamic)][purpose:{object}]
"{CE0x4c7f4e0|80:_i64,_:_CRE_587,588_}"
	-- CONST[source:1(input),value:2(dynamic)][purpose:{object}]
"{CE0x4c48e20|80:_i64,_:_CRE_395,396_}"
	-- CONST[source:1(input),value:2(dynamic)][purpose:{object}]
"{CE0x4c417f0|80:_i64,_:_CRE_72,80_|*MultipleSource*|*LoadInst*|security/apparmor/include/apparmor.h,117|security/apparmor/include/apparmor.h,117}"
	-- CONST[source:1(input),value:2(dynamic)][purpose:{object}]
"{CE0x4c89990|80:_i64,_:_CRE_1311,1312_}"
	-- CONST[source:1(input),value:2(dynamic)][purpose:{object}]
"{CE0x4c94940|80:_i64,_:_CRE_1668,1669_}"
	-- CONST[source:1(input),value:2(dynamic)][purpose:{object}]
"{CE0x4c8a650|80:_i64,_:_CRE_1323,1324_}"
	-- CONST[source:1(input),value:2(dynamic)][purpose:{object}]
"{CE0x4c48110|80:_i64,_:_CRE_360,368_|*MultipleSource*|*LoadInst*|security/apparmor/include/apparmor.h,117|security/apparmor/include/apparmor.h,117}"
	-- CONST[source:1(input),value:2(dynamic)][purpose:{object}]
"{CE0x4c44d60|80:_i64,_:_CRE_256,264_|*MultipleSource*|*LoadInst*|security/apparmor/include/apparmor.h,117|security/apparmor/include/apparmor.h,117}"
	-- CONST[source:1(input),value:2(dynamic)][purpose:{object}]
"{CE0x4c813b0|80:_i64,_:_CRE_616,617_}"
	-- CONST[source:1(input),value:2(dynamic)][purpose:{object}]
"{CE0x4c79970|80:_i64,_:_CRE_425,426_}"
	-- CONST[source:1(input),value:2(dynamic)][purpose:{object}]
"{CE0x4c576c0|124:_i32,_128:_i64,_144:_i32,_192:_i32,_200:_%struct.aa_dfa*,_:_CRE_88,96_|*MultipleSource*|security/apparmor/lsm.c,395|security/apparmor/lsm.c,396}"
	-- CONST[source:2(external),value:2(dynamic)][purpose:{subject}]
"{CE0x4c91970|80:_i64,_:_CRE_1623,1624_}"
	-- CONST[source:1(input),value:2(dynamic)][purpose:{object}]
"{CE0x4c8b200|80:_i64,_:_CRE_1334,1335_}"
	-- CONST[source:1(input),value:2(dynamic)][purpose:{object}]
"{CE0x4c41b30|80:_i64,_:_CRE_88,96_|*MultipleSource*|*LoadInst*|security/apparmor/include/apparmor.h,117|security/apparmor/include/apparmor.h,117}"
	-- CONST[source:1(input),value:2(dynamic)][purpose:{object}]
"{CE0x4c7ee80|80:_i64,_:_CRE_581,582_}"
	-- CONST[source:1(input),value:2(dynamic)][purpose:{object}]
"{CE0x4c4bcc0|80:_i64,_:_CRE_1359,1360_}"
	-- CONST[source:1(input),value:2(dynamic)][purpose:{object}]
"{CE0x4c79ca0|80:_i64,_:_CRE_428,429_}"
	-- CONST[source:1(input),value:2(dynamic)][purpose:{object}]
"{CE0x4c42090|80:_i64,_:_CRE_112,120_|*MultipleSource*|*LoadInst*|security/apparmor/include/apparmor.h,117|security/apparmor/include/apparmor.h,117}"
	-- CONST[source:1(input),value:2(dynamic)][purpose:{object}]
"{CE0x4c7dfa0|80:_i64,_:_CRE_567,568_}"
	-- CONST[source:1(input),value:2(dynamic)][purpose:{object}]
"{CE0x4c91ec0|80:_i64,_:_CRE_1628,1629_}"
	-- CONST[source:1(input),value:2(dynamic)][purpose:{object}]
"{CE0x4c94830|80:_i64,_:_CRE_1667,1668_}"
	-- CONST[source:1(input),value:2(dynamic)][purpose:{object}]
"{CE0x4c7e4f0|80:_i64,_:_CRE_572,573_}"
	-- CONST[source:1(input),value:2(dynamic)][purpose:{object}]
"{CE0x4c94500|80:_i64,_:_CRE_1664,1665_}"
	-- CONST[source:1(input),value:2(dynamic)][purpose:{object}]
"{CE0x4c7cd20|80:_i64,_:_CRE_512,528_|*MultipleSource*|*LoadInst*|security/apparmor/include/apparmor.h,117|security/apparmor/include/apparmor.h,117}"
	-- CONST[source:1(input),value:2(dynamic)][purpose:{object}]
"{CE0x4c58020|124:_i32,_128:_i64,_144:_i32,_192:_i32,_200:_%struct.aa_dfa*,_:_CRE_120,124_|*MultipleSource*|security/apparmor/lsm.c,395|security/apparmor/lsm.c,396}"
	-- CONST[source:2(external),value:2(dynamic)][purpose:{subject}]
"{CE0x4c7f1b0|80:_i64,_:_CRE_584,585_}"
	-- CONST[source:1(input),value:2(dynamic)][purpose:{object}]
"{CE0x4c7fa30|80:_i64,_:_CRE_592,593_}"
	-- CONST[source:1(input),value:2(dynamic)][purpose:{object}]
"{CE0x4c81900|80:_i64,_:_CRE_621,622_}"
	-- CONST[source:1(input),value:2(dynamic)][purpose:{object}]
"{CE0x4c87930|80:_i64,_:_CRE_1262,1263_}"
	-- CONST[source:1(input),value:2(dynamic)][purpose:{object}]
"{CE0x4c954f0|80:_i64,_:_CRE_1679,1680_}"
	-- CONST[source:1(input),value:2(dynamic)][purpose:{object}]
"{CE0x4c86c70|80:_i64,_:_CRE_1250,1251_}"
	-- CONST[source:1(input),value:2(dynamic)][purpose:{object}]
"{CE0x4c41990|80:_i64,_:_CRE_80,88_|*MultipleSource*|*LoadInst*|security/apparmor/include/apparmor.h,117|security/apparmor/include/apparmor.h,117}"
	-- CONST[source:1(input),value:2(dynamic)][purpose:{object}]
"{CE0x4c82180|80:_i64,_:_CRE_629,630_}"
	-- CONST[source:1(input),value:2(dynamic)][purpose:{object}]
"{CE0x4c824b0|80:_i64,_:_CRE_632,640_|*MultipleSource*|*LoadInst*|security/apparmor/include/apparmor.h,117|security/apparmor/include/apparmor.h,117}"
	-- CONST[source:1(input),value:2(dynamic)][purpose:{object}]
"{CE0x4c94720|80:_i64,_:_CRE_1666,1667_}"
	-- CONST[source:1(input),value:2(dynamic)][purpose:{object}]
"{CE0x4c983e0|80:_i64,_:_CRE_1856,1864_|*MultipleSource*|*LoadInst*|security/apparmor/include/apparmor.h,117|security/apparmor/include/apparmor.h,117}"
	-- CONST[source:1(input),value:2(dynamic)][purpose:{object}]
"{CE0x4c7aa70|80:_i64,_:_CRE_441,442_}"
	-- CONST[source:1(input),value:2(dynamic)][purpose:{object}]
"{CE0x4c7ab80|80:_i64,_:_CRE_442,443_}"
	-- CONST[source:1(input),value:2(dynamic)][purpose:{object}]
"{CE0x4c47f20|80:_i64,_:_CRE_352,360_|*MultipleSource*|*LoadInst*|security/apparmor/include/apparmor.h,117|security/apparmor/include/apparmor.h,117}"
	-- CONST[source:1(input),value:2(dynamic)][purpose:{object}]
"{CE0x4c81d40|80:_i64,_:_CRE_625,626_}"
	-- CONST[source:1(input),value:2(dynamic)][purpose:{object}]
"{CE0x4c84fc0|80:_i64,_:_CRE_1223,1224_}"
	-- CONST[source:1(input),value:2(dynamic)][purpose:{object}]
"{CE0x4c4bbb0|80:_i64,_:_CRE_1358,1359_}"
	-- CONST[source:1(input),value:2(dynamic)][purpose:{object}]
"{CE0x4c7ba60|80:_i64,_:_CRE_456,457_}"
	-- CONST[source:1(input),value:2(dynamic)][purpose:{object}]
"{CE0x4c8f730|80:_i64,_:_CRE_1369,1370_}"
	-- CONST[source:1(input),value:2(dynamic)][purpose:{object}]
"{CE0x4c98e70|80:_i64,_:_CRE_1877,1878_}"
	-- CONST[source:1(input),value:2(dynamic)][purpose:{object}]
"{CE0x4c4bdd0|80:_i64,_:_CRE_1360,1361_}"
	-- CONST[source:1(input),value:2(dynamic)][purpose:{object}]
"{CE0x4c8afe0|80:_i64,_:_CRE_1332,1333_}"
	-- CONST[source:1(input),value:2(dynamic)][purpose:{object}]
"{CE0x4c908e0|80:_i64,_:_CRE_1592,1596_|*MultipleSource*|*LoadInst*|security/apparmor/include/apparmor.h,117|security/apparmor/include/apparmor.h,117}"
	-- CONST[source:1(input),value:2(dynamic)][purpose:{object}]
"{CE0x4c43de0|80:_i64,_:_CRE_184,188_|*MultipleSource*|*LoadInst*|security/apparmor/include/apparmor.h,117|security/apparmor/include/apparmor.h,117}"
	-- CONST[source:1(input),value:2(dynamic)][purpose:{object}]
"{CE0x4c93ea0|80:_i64,_:_CRE_1658,1659_}"
	-- CONST[source:1(input),value:2(dynamic)][purpose:{object}]
"{CE0x4c85730|80:_i64,_:_CRE_1230,1231_}"
	-- CONST[source:1(input),value:2(dynamic)][purpose:{object}]
"{CE0x4c861d0|80:_i64,_:_CRE_1240,1241_}"
	-- CONST[source:1(input),value:2(dynamic)][purpose:{object}]
"{CE0x4c4a080|80:_i64,_:_CRE_413,414_}"
	-- CONST[source:1(input),value:2(dynamic)][purpose:{object}]
"{CE0x4c7f700|80:_i64,_:_CRE_589,590_}"
	-- CONST[source:1(input),value:2(dynamic)][purpose:{object}]
"{CE0x4c93840|80:_i64,_:_CRE_1652,1653_}"
	-- CONST[source:1(input),value:2(dynamic)][purpose:{object}]
"{CE0x4c921f0|80:_i64,_:_CRE_1631,1632_}"
	-- CONST[source:1(input),value:2(dynamic)][purpose:{object}]
"{CE0x4c79010|80:_i64,_:_CRE_416,417_}"
	-- CONST[source:1(input),value:2(dynamic)][purpose:{object}]
"{CE0x4c97650|80:_i64,_:_CRE_1800,1804_|*MultipleSource*|*LoadInst*|security/apparmor/include/apparmor.h,117|security/apparmor/include/apparmor.h,117}"
	-- CONST[source:1(input),value:2(dynamic)][purpose:{object}]
"{CE0x4c7c2e0|80:_i64,_:_CRE_464,472_|*MultipleSource*|*LoadInst*|security/apparmor/include/apparmor.h,117|security/apparmor/include/apparmor.h,117}"
	-- CONST[source:1(input),value:2(dynamic)][purpose:{object}]
"{CE0x4c59550|124:_i32,_128:_i64,_144:_i32,_192:_i32,_200:_%struct.aa_dfa*,_:_CRE_192,196_|*MultipleSource*|security/apparmor/lsm.c,395|security/apparmor/lsm.c,396}"
	-- CONST[source:2(external),value:2(dynamic)][purpose:{subject}]
"{CE0x4c90eb0|80:_i64,_:_CRE_1608,1612_|*MultipleSource*|*LoadInst*|security/apparmor/include/apparmor.h,117|security/apparmor/include/apparmor.h,117}"
	-- CONST[source:1(input),value:2(dynamic)][purpose:{object}]
"{CE0x4c816e0|80:_i64,_:_CRE_619,620_}"
	-- CONST[source:1(input),value:2(dynamic)][purpose:{object}]
"{CE0x4c8f620|80:_i64,_:_CRE_1368,1369_}"
	-- CONST[source:1(input),value:2(dynamic)][purpose:{object}]
"{CE0x4c95a40|80:_i64,_:_CRE_1684,1685_}"
	-- CONST[source:1(input),value:2(dynamic)][purpose:{object}]
"{CE0x4c4a450|80:_i64,_:_CRE_1336,1337_}"
	-- CONST[source:1(input),value:2(dynamic)][purpose:{object}]
"{CE0x4c93a60|80:_i64,_:_CRE_1654,1655_}"
	-- CONST[source:1(input),value:2(dynamic)][purpose:{object}]
"{CE0x4c96ca0|80:_i64,_:_CRE_1760,1764_|*MultipleSource*|*LoadInst*|security/apparmor/include/apparmor.h,117|security/apparmor/include/apparmor.h,117}"
	-- CONST[source:1(input),value:2(dynamic)][purpose:{object}]
"{CE0x4c80a20|80:_i64,_:_CRE_607,608_}"
	-- CONST[source:1(input),value:2(dynamic)][purpose:{object}]
"{CE0x4c81190|80:_i64,_:_CRE_614,615_}"
	-- CONST[source:1(input),value:2(dynamic)][purpose:{object}]
"{CE0x4c92740|80:_i64,_:_CRE_1636,1637_}"
	-- CONST[source:1(input),value:2(dynamic)][purpose:{object}]
"{CE0x4c83c80|80:_i64,_:_CRE_896,1208_|*MultipleSource*|*LoadInst*|security/apparmor/include/apparmor.h,117|security/apparmor/include/apparmor.h,117}"
	-- CONST[source:1(input),value:2(dynamic)][purpose:{object}]
"{CE0x4c873e0|80:_i64,_:_CRE_1257,1258_}"
	-- CONST[source:1(input),value:2(dynamic)][purpose:{object}]
"{CE0x4c999f0|80:_i64,_:_CRE_1928,2056_|*MultipleSource*|*LoadInst*|security/apparmor/include/apparmor.h,117|security/apparmor/include/apparmor.h,117}"
	-- CONST[source:1(input),value:2(dynamic)][purpose:{object}]
"{CE0x4c84a70|80:_i64,_:_CRE_1218,1219_}"
	-- CONST[source:1(input),value:2(dynamic)][purpose:{object}]
"{CE0x4c84850|80:_i64,_:_CRE_1216,1217_}"
	-- CONST[source:1(input),value:2(dynamic)][purpose:{object}]
"{CE0x4c422b0|80:_i64,_:_CRE_120,128_|*MultipleSource*|*LoadInst*|security/apparmor/include/apparmor.h,117|security/apparmor/include/apparmor.h,117}"
	-- CONST[source:1(input),value:2(dynamic)][purpose:{object}]
"{CE0x4c4c210|80:_i64,_:_CRE_1364,1365_}"
	-- CONST[source:1(input),value:2(dynamic)][purpose:{object}]
"{CE0x4c44790|80:_i64,_:_CRE_224,240_|*MultipleSource*|*LoadInst*|security/apparmor/include/apparmor.h,117|security/apparmor/include/apparmor.h,117}"
	-- CONST[source:1(input),value:2(dynamic)][purpose:{object}]
"{CE0x4c441c0|80:_i64,_:_CRE_200,204_|*MultipleSource*|*LoadInst*|security/apparmor/include/apparmor.h,117|security/apparmor/include/apparmor.h,117}"
	-- CONST[source:1(input),value:2(dynamic)][purpose:{object}]
"{CE0x4c7f0a0|80:_i64,_:_CRE_583,584_}"
	-- CONST[source:1(input),value:2(dynamic)][purpose:{object}]
"{CE0x4c7c500|80:_i64,_:_CRE_480,488_|*MultipleSource*|*LoadInst*|security/apparmor/include/apparmor.h,117|security/apparmor/include/apparmor.h,117}"
	-- CONST[source:1(input),value:2(dynamic)][purpose:{object}]
"{CE0x4c91db0|80:_i64,_:_CRE_1627,1628_}"
	-- CONST[source:1(input),value:2(dynamic)][purpose:{object}]
"{CE0x4c47950|80:_i64,_:_CRE_328,336_|*MultipleSource*|*LoadInst*|security/apparmor/include/apparmor.h,117|security/apparmor/include/apparmor.h,117}"
	-- CONST[source:1(input),value:2(dynamic)][purpose:{object}]
"{CE0x4c8f510|80:_i64,_:_CRE_1367,1368_}"
	-- CONST[source:1(input),value:2(dynamic)][purpose:{object}]
"{CE0x4c586b0|124:_i32,_128:_i64,_144:_i32,_192:_i32,_200:_%struct.aa_dfa*,_:_CRE_128,136_|*MultipleSource*|security/apparmor/lsm.c,395|security/apparmor/lsm.c,396}"
	-- CONST[source:2(external),value:2(dynamic)][purpose:{subject}]
"{CE0x4c85400|80:_i64,_:_CRE_1227,1228_}"
	-- CONST[source:1(input),value:2(dynamic)][purpose:{object}]
"{CE0x4c4b440|80:_i64,_:_CRE_1351,1352_}"
	-- CONST[source:1(input),value:2(dynamic)][purpose:{object}]
"{CE0x4c7a410|80:_i64,_:_CRE_435,436_}"
	-- CONST[source:1(input),value:2(dynamic)][purpose:{object}]
"{CE0x4c4baa0|80:_i64,_:_CRE_1357,1358_}"
	-- CONST[source:1(input),value:2(dynamic)][purpose:{object}]
"{CE0x4c92630|80:_i64,_:_CRE_1635,1636_}"
	-- CONST[source:1(input),value:2(dynamic)][purpose:{object}]
"{CE0x4c8fd90|80:_i64,_:_CRE_1375,1376_}"
	-- CONST[source:1(input),value:2(dynamic)][purpose:{object}]
"{CE0x4c88e70|80:_i64,_:_CRE_1296,1300_|*MultipleSource*|*LoadInst*|security/apparmor/include/apparmor.h,117|security/apparmor/include/apparmor.h,117}"
	-- CONST[source:1(input),value:2(dynamic)][purpose:{object}]
"{CE0x4bee700|24:_%struct.dentry*,_32:_%struct.inode*,_128:_i32,_132:_i32,_456:_i8*,_:_CRE_12,13_}"
	-- CONST[source:1(input),value:2(dynamic)][purpose:{object}]
"{CE0x4c82ef0|80:_i64,_:_CRE_680,696_|*MultipleSource*|*LoadInst*|security/apparmor/include/apparmor.h,117|security/apparmor/include/apparmor.h,117}"
	-- CONST[source:1(input),value:2(dynamic)][purpose:{object}]
"{CE0x4c426c0|80:_i64,_:_CRE_132,136_|*MultipleSource*|*LoadInst*|security/apparmor/include/apparmor.h,117|security/apparmor/include/apparmor.h,117}"
	-- CONST[source:1(input),value:2(dynamic)][purpose:{object}]
"{CE0x4c87d70|80:_i64,_:_CRE_1266,1267_}"
	-- CONST[source:1(input),value:2(dynamic)][purpose:{object}]
"{CE0x4c953e0|80:_i64,_:_CRE_1678,1679_}"
	-- CONST[source:1(input),value:2(dynamic)][purpose:{object}]
"{CE0x4c4a560|80:_i64,_:_CRE_1337,1338_}"
	-- CONST[source:1(input),value:2(dynamic)][purpose:{object}]
"{CE0x4c960a0|80:_i64,_:_CRE_1704,1712_|*MultipleSource*|*LoadInst*|security/apparmor/include/apparmor.h,117|security/apparmor/include/apparmor.h,117}"
	-- CONST[source:1(input),value:2(dynamic)][purpose:{object}]
"{CE0x4c8acb0|80:_i64,_:_CRE_1329,1330_}"
	-- CONST[source:1(input),value:2(dynamic)][purpose:{object}]
"{CE0x4c4a9a0|80:_i64,_:_CRE_1341,1342_}"
	-- CONST[source:1(input),value:2(dynamic)][purpose:{object}]
"{CE0x4cf5700|aa_map_file_to_perms:_or|security/apparmor/include/file.h,201}"
	-- CONST[source:1(input),value:2(dynamic)][purpose:{operation}]
"{CE0x4c828f0|80:_i64,_:_CRE_656,664_|*MultipleSource*|*LoadInst*|security/apparmor/include/apparmor.h,117|security/apparmor/include/apparmor.h,117}"
	-- CONST[source:1(input),value:2(dynamic)][purpose:{object}]
"{CE0x4c89bb0|80:_i64,_:_CRE_1313,1314_}"
	-- CONST[source:1(input),value:2(dynamic)][purpose:{object}]
"{CE0x4c81c30|80:_i64,_:_CRE_624,625_}"
	-- CONST[source:1(input),value:2(dynamic)][purpose:{object}]
"{CE0x4c906f0|80:_i64,_:_CRE_1584,1592_|*MultipleSource*|*LoadInst*|security/apparmor/include/apparmor.h,117|security/apparmor/include/apparmor.h,117}"
	-- CONST[source:1(input),value:2(dynamic)][purpose:{object}]
"{CE0x4c4b000|80:_i64,_:_CRE_1347,1348_}"
	-- CONST[source:1(input),value:2(dynamic)][purpose:{object}]
"{CE0x4c830e0|80:_i64,_:_CRE_696,704_|*MultipleSource*|*LoadInst*|security/apparmor/include/apparmor.h,117|security/apparmor/include/apparmor.h,117}"
	-- CONST[source:1(input),value:2(dynamic)][purpose:{object}]
"{CE0x4c940c0|80:_i64,_:_CRE_1660,1661_}"
	-- CONST[source:1(input),value:2(dynamic)][purpose:{object}]
"{CE0x4c85840|80:_i64,_:_CRE_1231,1232_}"
	-- CONST[source:1(input),value:2(dynamic)][purpose:{object}]
"{CE0x4c7c3f0|80:_i64,_:_CRE_472,480_|*MultipleSource*|*LoadInst*|security/apparmor/include/apparmor.h,117|security/apparmor/include/apparmor.h,117}"
	-- CONST[source:1(input),value:2(dynamic)][purpose:{object}]
"{CE0x4c49910|80:_i64,_:_CRE_406,407_}"
	-- CONST[source:1(input),value:2(dynamic)][purpose:{object}]
"{CE0x4c7dd80|80:_i64,_:_CRE_565,566_}"
	-- CONST[source:1(input),value:2(dynamic)][purpose:{object}]
"{CE0x4c7ac90|80:_i64,_:_CRE_443,444_}"
	-- CONST[source:1(input),value:2(dynamic)][purpose:{object}]
"{CE0x4c8f400|80:_i64,_:_CRE_1366,1367_}"
	-- CONST[source:1(input),value:2(dynamic)][purpose:{object}]
"{CE0x4bec410|24:_%struct.dentry*,_32:_%struct.inode*,_128:_i32,_132:_i32,_456:_i8*,_:_CRE_8,9_}"
	-- CONST[source:1(input),value:2(dynamic)][purpose:{object}]
"{CE0x4c00920|80:_i64,_:_CRE_0,8_|*MultipleSource*|*LoadInst*|security/apparmor/include/apparmor.h,117|security/apparmor/include/apparmor.h,117}"
	-- CONST[source:1(input),value:2(dynamic)][purpose:{object}]
"{CE0x4beaa50|apparmor_file_open:_cond|security/apparmor/lsm.c, 398}"
	-- CONST[source:1(input),value:2(dynamic)][purpose:{object}]
"{CE0x4c86830|80:_i64,_:_CRE_1246,1247_}"
	-- CONST[source:1(input),value:2(dynamic)][purpose:{object}]
"{CE0x4c88700|80:_i64,_:_CRE_1275,1276_}"
	-- CONST[source:1(input),value:2(dynamic)][purpose:{object}]
"{CE0x4c7b730|80:_i64,_:_CRE_453,454_}"
	-- CONST[source:1(input),value:2(dynamic)][purpose:{object}]
"{CE0x4c47190|80:_i64,_:_CRE_296,304_|*MultipleSource*|*LoadInst*|security/apparmor/include/apparmor.h,117|security/apparmor/include/apparmor.h,117}"
	-- CONST[source:1(input),value:2(dynamic)][purpose:{object}]
"{CE0x4c902e0|80:_i64,_:_CRE_1536,1568_|*MultipleSource*|*LoadInst*|security/apparmor/include/apparmor.h,117|security/apparmor/include/apparmor.h,117}"
	-- CONST[source:1(input),value:2(dynamic)][purpose:{object}]
"{CE0x4c95600|80:_i64,_:_CRE_1680,1681_}"
	-- CONST[source:1(input),value:2(dynamic)][purpose:{object}]
"{CE0x4c4ade0|80:_i64,_:_CRE_1345,1346_}"
	-- CONST[source:1(input),value:2(dynamic)][purpose:{object}]
"{CE0x4c55ce0|124:_i32,_128:_i64,_144:_i32,_192:_i32,_200:_%struct.aa_dfa*,_:_CRE_8,16_|*MultipleSource*|security/apparmor/lsm.c,395|security/apparmor/lsm.c,396}"
	-- CONST[source:2(external),value:2(dynamic)][purpose:{subject}]
"{CE0x4c91860|80:_i64,_:_CRE_1622,1623_}"
	-- CONST[source:1(input),value:2(dynamic)][purpose:{object}]
"{CE0x4c49d50|80:_i64,_:_CRE_410,411_}"
	-- CONST[source:1(input),value:2(dynamic)][purpose:{object}]
"{CE0x4c49090|80:_i64,_:_CRE_398,399_}"
	-- CONST[source:1(input),value:2(dynamic)][purpose:{object}]
"{CE0x4c8a980|80:_i64,_:_CRE_1326,1327_}"
	-- CONST[source:1(input),value:2(dynamic)][purpose:{object}]
"{CE0x4c98000|80:_i64,_:_CRE_1840,1848_|*MultipleSource*|*LoadInst*|security/apparmor/include/apparmor.h,117|security/apparmor/include/apparmor.h,117}"
	-- CONST[source:1(input),value:2(dynamic)][purpose:{object}]
"{CE0x4c8aed0|80:_i64,_:_CRE_1331,1332_}"
	-- CONST[source:1(input),value:2(dynamic)][purpose:{object}]
"{CE0x4c4a890|80:_i64,_:_CRE_1340,1341_}"
	-- CONST[source:1(input),value:2(dynamic)][purpose:{object}]
"{CE0x4c7b510|80:_i64,_:_CRE_451,452_}"
	-- CONST[source:1(input),value:2(dynamic)][purpose:{object}]
"{CE0x4c7dab0|80:_i64,_:_CRE_562,563_}"
	-- CONST[source:1(input),value:2(dynamic)][purpose:{object}]
"{CE0x4c8a210|80:_i64,_:_CRE_1319,1320_}"
	-- CONST[source:1(input),value:2(dynamic)][purpose:{object}]
"{CE0x4c486e0|80:_i64,_:_CRE_384,388_|*MultipleSource*|*LoadInst*|security/apparmor/include/apparmor.h,117|security/apparmor/include/apparmor.h,117}"
	-- CONST[source:1(input),value:2(dynamic)][purpose:{object}]
"{CE0x4c7eb50|80:_i64,_:_CRE_578,579_}"
	-- CONST[source:1(input),value:2(dynamic)][purpose:{object}]
"{CE0x4c7e820|80:_i64,_:_CRE_575,576_}"
	-- CONST[source:1(input),value:2(dynamic)][purpose:{object}]
"{CE0x4c8a870|80:_i64,_:_CRE_1325,1326_}"
	-- CONST[source:1(input),value:2(dynamic)][purpose:{object}]
"{CE0x4c7a0e0|80:_i64,_:_CRE_432,433_}"
	-- CONST[source:1(input),value:2(dynamic)][purpose:{object}]
"{CE0x4c89770|80:_i64,_:_CRE_1309,1310_}"
	-- CONST[source:1(input),value:2(dynamic)][purpose:{object}]
"{CE0x4c445a0|80:_i64,_:_CRE_216,224_|*MultipleSource*|*LoadInst*|security/apparmor/include/apparmor.h,117|security/apparmor/include/apparmor.h,117}"
	-- CONST[source:1(input),value:2(dynamic)][purpose:{object}]
"{CE0x4c79310|80:_i64,_:_CRE_419,420_}"
	-- CONST[source:1(input),value:2(dynamic)][purpose:{object}]
"{CE0x4c44980|80:_i64,_:_CRE_240,248_|*MultipleSource*|*LoadInst*|security/apparmor/include/apparmor.h,117|security/apparmor/include/apparmor.h,117}"
	-- CONST[source:1(input),value:2(dynamic)][purpose:{object}]
"{CE0x4c7f920|80:_i64,_:_CRE_591,592_}"
	-- CONST[source:1(input),value:2(dynamic)][purpose:{object}]
"{CE0x4c80800|80:_i64,_:_CRE_605,606_}"
	-- CONST[source:1(input),value:2(dynamic)][purpose:{object}]
"{CE0x4c86610|80:_i64,_:_CRE_1244,1245_}"
	-- CONST[source:1(input),value:2(dynamic)][purpose:{object}]
"{CE0x4c4b220|80:_i64,_:_CRE_1349,1350_}"
	-- CONST[source:1(input),value:2(dynamic)][purpose:{object}]
"{CE0x4c43810|80:_i64,_:_CRE_152,160_|*MultipleSource*|*LoadInst*|security/apparmor/include/apparmor.h,117|security/apparmor/include/apparmor.h,117}"
	-- CONST[source:1(input),value:2(dynamic)][purpose:{object}]
"{CE0x4c95c60|80:_i64,_:_CRE_1686,1687_}"
	-- CONST[source:1(input),value:2(dynamic)][purpose:{object}]
"{CE0x4c87710|80:_i64,_:_CRE_1260,1261_}"
	-- CONST[source:1(input),value:2(dynamic)][purpose:{object}]
"{CE0x4c91a80|80:_i64,_:_CRE_1624,1625_}"
	-- CONST[source:1(input),value:2(dynamic)][purpose:{object}]
"{CE0x4c7de90|80:_i64,_:_CRE_566,567_}"
	-- CONST[source:1(input),value:2(dynamic)][purpose:{object}]
"{CE0x4c01410|80:_i64,_:_CRE_16,20_|*MultipleSource*|*LoadInst*|security/apparmor/include/apparmor.h,117|security/apparmor/include/apparmor.h,117}"
	-- CONST[source:1(input),value:2(dynamic)][purpose:{object}]
"{CE0x4c815d0|80:_i64,_:_CRE_618,619_}"
	-- CONST[source:1(input),value:2(dynamic)][purpose:{object}]
"{CE0x4c790f0|80:_i64,_:_CRE_417,418_}"
	-- CONST[source:1(input),value:2(dynamic)][purpose:{object}]
"{CE0x4c86b60|80:_i64,_:_CRE_1249,1250_}"
	-- CONST[source:1(input),value:2(dynamic)][purpose:{object}]
"{CE0x4c882c0|80:_i64,_:_CRE_1271,1272_}"
	-- CONST[source:1(input),value:2(dynamic)][purpose:{object}]
"{CE0x4c7e710|80:_i64,_:_CRE_574,575_}"
	-- CONST[source:1(input),value:2(dynamic)][purpose:{object}]
"{CE0x4c93d90|80:_i64,_:_CRE_1657,1658_}"
	-- CONST[source:1(input),value:2(dynamic)][purpose:{object}]
"{CE0x4c4bff0|80:_i64,_:_CRE_1362,1363_}"
	-- CONST[source:1(input),value:2(dynamic)][purpose:{object}]
"{CE0x4c55e40|124:_i32,_128:_i64,_144:_i32,_192:_i32,_200:_%struct.aa_dfa*,_:_CRE_16,24_|*MultipleSource*|security/apparmor/lsm.c,395|security/apparmor/lsm.c,396}"
	-- CONST[source:2(external),value:2(dynamic)][purpose:{subject}]
"{CE0x4c99090|80:_i64,_:_CRE_1879,1880_}"
	-- CONST[source:1(input),value:2(dynamic)][purpose:{object}]
"{CE0x4c89aa0|80:_i64,_:_CRE_1312,1313_}"
	-- CONST[source:1(input),value:2(dynamic)][purpose:{object}]
"{CE0x4c7f2c0|80:_i64,_:_CRE_585,586_}"
	-- CONST[source:1(input),value:2(dynamic)][purpose:{object}]
"{CE0x4c9a3a0|80:_i64,_:_CRE_2256,2264_|*MultipleSource*|*LoadInst*|security/apparmor/include/apparmor.h,117|security/apparmor/include/apparmor.h,117}"
	-- CONST[source:1(input),value:2(dynamic)][purpose:{object}]
"{CE0x4c443b0|80:_i64,_:_CRE_208,216_|*MultipleSource*|*LoadInst*|security/apparmor/include/apparmor.h,117|security/apparmor/include/apparmor.h,117}"
	-- CONST[source:1(input),value:2(dynamic)][purpose:{object}]
"{CE0x4c86e90|80:_i64,_:_CRE_1252,1253_}"
	-- CONST[source:1(input),value:2(dynamic)][purpose:{object}]
"{CE0x4c4abc0|80:_i64,_:_CRE_1343,1344_}"
	-- CONST[source:1(input),value:2(dynamic)][purpose:{object}]
"{CE0x4c86720|80:_i64,_:_CRE_1245,1246_}"
	-- CONST[source:1(input),value:2(dynamic)][purpose:{object}]
"{CE0x4c93b70|80:_i64,_:_CRE_1655,1656_}"
	-- CONST[source:1(input),value:2(dynamic)][purpose:{object}]
"{CE0x4c45140|80:_i64,_:_CRE_268,272_|*MultipleSource*|*LoadInst*|security/apparmor/include/apparmor.h,117|security/apparmor/include/apparmor.h,117}"
	-- CONST[source:1(input),value:2(dynamic)][purpose:{object}]
"{CE0x4c84960|80:_i64,_:_CRE_1217,1218_}"
	-- CONST[source:1(input),value:2(dynamic)][purpose:{object}]
"{CE0x4bec830|24:_%struct.dentry*,_32:_%struct.inode*,_128:_i32,_132:_i32,_456:_i8*,_:_CRE_10,11_}"
	-- CONST[source:1(input),value:2(dynamic)][purpose:{object}]
"{CE0x4c7bea0|80:_i64,_:_CRE_460,461_}"
	-- CONST[source:1(input),value:2(dynamic)][purpose:{object}]
"{CE0x4c89dd0|80:_i64,_:_CRE_1315,1316_}"
	-- CONST[source:1(input),value:2(dynamic)][purpose:{object}]
"{CE0x4c94fa0|80:_i64,_:_CRE_1674,1675_}"
	-- CONST[source:1(input),value:2(dynamic)][purpose:{object}]
"{CE0x4c880a0|80:_i64,_:_CRE_1269,1270_}"
	-- CONST[source:1(input),value:2(dynamic)][purpose:{object}]
"{CE0x4c43fd0|80:_i64,_:_CRE_192,200_|*MultipleSource*|*LoadInst*|security/apparmor/include/apparmor.h,117|security/apparmor/include/apparmor.h,117}"
	-- CONST[source:1(input),value:2(dynamic)][purpose:{object}]
"{CE0x4c80910|80:_i64,_:_CRE_606,607_}"
	-- CONST[source:1(input),value:2(dynamic)][purpose:{object}]
"{CE0x4bee5b0|24:_%struct.dentry*,_32:_%struct.inode*,_128:_i32,_132:_i32,_456:_i8*,_:_CRE_11,12_}"
	-- CONST[source:1(input),value:2(dynamic)][purpose:{object}]
"{CE0x4c87820|80:_i64,_:_CRE_1261,1262_}"
	-- CONST[source:1(input),value:2(dynamic)][purpose:{object}]
"{CE0x4c87e80|80:_i64,_:_CRE_1267,1268_}"
	-- CONST[source:1(input),value:2(dynamic)][purpose:{object}]
"{CE0x4c81f60|80:_i64,_:_CRE_627,628_}"
	-- CONST[source:1(input),value:2(dynamic)][purpose:{object}]
"{CE0x4c7dc20|80:_i64,_:_CRE_563,564_}"
	-- CONST[source:1(input),value:2(dynamic)][purpose:{object}]
"{CE0x4c985d0|80:_i64,_:_CRE_1864,1872_|*MultipleSource*|*LoadInst*|security/apparmor/include/apparmor.h,117|security/apparmor/include/apparmor.h,117}"
	-- CONST[source:1(input),value:2(dynamic)][purpose:{object}]
"{CE0x4c981f0|80:_i64,_:_CRE_1848,1856_|*MultipleSource*|*LoadInst*|security/apparmor/include/apparmor.h,117|security/apparmor/include/apparmor.h,117}"
	-- CONST[source:1(input),value:2(dynamic)][purpose:{object}]
"{CE0x4c4a780|80:_i64,_:_CRE_1339,1340_}"
	-- CONST[source:1(input),value:2(dynamic)][purpose:{object}]
"{CE0x4c91750|80:_i64,_:_CRE_1621,1622_}"
	-- CONST[source:1(input),value:2(dynamic)][purpose:{object}]
"{CE0x4c93c80|80:_i64,_:_CRE_1656,1657_}"
	-- CONST[source:1(input),value:2(dynamic)][purpose:{object}]
"{CE0x4c7fc50|80:_i64,_:_CRE_594,595_}"
	-- CONST[source:1(input),value:2(dynamic)][purpose:{object}]
"{CE0x4bee870|24:_%struct.dentry*,_32:_%struct.inode*,_128:_i32,_132:_i32,_456:_i8*,_:_CRE_13,14_}"
	-- CONST[source:1(input),value:2(dynamic)][purpose:{object}]
"{CE0x4c826d0|80:_i64,_:_CRE_648,656_|*MultipleSource*|*LoadInst*|security/apparmor/include/apparmor.h,117|security/apparmor/include/apparmor.h,117}"
	-- CONST[source:1(input),value:2(dynamic)][purpose:{object}]
"{CE0x4c874f0|80:_i64,_:_CRE_1258,1259_}"
	-- CONST[source:1(input),value:2(dynamic)][purpose:{object}]
"{CE0x4c88d60|80:_i64,_:_CRE_1288,1296_|*MultipleSource*|*LoadInst*|security/apparmor/include/apparmor.h,117|security/apparmor/include/apparmor.h,117}"
	-- CONST[source:1(input),value:2(dynamic)][purpose:{object}]
"{CE0x4c92850|80:_i64,_:_CRE_1637,1638_}"
	-- CONST[source:1(input),value:2(dynamic)][purpose:{object}]
"{CE0x4c7e600|80:_i64,_:_CRE_573,574_}"
	-- CONST[source:1(input),value:2(dynamic)][purpose:{object}]
"{CE0x4c95710|80:_i64,_:_CRE_1681,1682_}"
	-- CONST[source:1(input),value:2(dynamic)][purpose:{object}]
"{CE0x4c4a670|80:_i64,_:_CRE_1338,1339_}"
	-- CONST[source:1(input),value:2(dynamic)][purpose:{object}]
"{CE0x4c7e1c0|80:_i64,_:_CRE_569,570_}"
	-- CONST[source:1(input),value:2(dynamic)][purpose:{object}]
"{CE0x4c49800|80:_i64,_:_CRE_405,406_}"
	-- CONST[source:1(input),value:2(dynamic)][purpose:{object}]
"{CE0x4c79640|80:_i64,_:_CRE_422,423_}"
	-- CONST[source:1(input),value:2(dynamic)][purpose:{object}]
"{CE0x4c7e930|80:_i64,_:_CRE_576,577_}"
	-- CONST[source:1(input),value:2(dynamic)][purpose:{object}]
"{CE0x4c8f840|80:_i64,_:_CRE_1370,1371_}"
	-- CONST[source:1(input),value:2(dynamic)][purpose:{object}]
"{CE0x4c88810|80:_i64,_:_CRE_1276,1277_}"
	-- CONST[source:1(input),value:2(dynamic)][purpose:{object}]
"{CE0x4c910a0|80:_i64,_:_CRE_1616,1617_}"
	-- CONST[source:1(input),value:2(dynamic)][purpose:{object}]
"{CE0x4c817f0|80:_i64,_:_CRE_620,621_}"
	-- CONST[source:1(input),value:2(dynamic)][purpose:{object}]
"{CE0x4c7a300|80:_i64,_:_CRE_434,435_}"
	-- CONST[source:1(input),value:2(dynamic)][purpose:{object}]
"{CE0x4c93950|80:_i64,_:_CRE_1653,1654_}"
	-- CONST[source:1(input),value:2(dynamic)][purpose:{object}]
"{CE0x4c850d0|80:_i64,_:_CRE_1224,1225_}"
	-- CONST[source:1(input),value:2(dynamic)][purpose:{object}]
"{CE0x4c41650|80:_i64,_:_CRE_64,72_|*MultipleSource*|*LoadInst*|security/apparmor/include/apparmor.h,117|security/apparmor/include/apparmor.h,117}"
	-- CONST[source:1(input),value:2(dynamic)][purpose:{object}]
"{CE0x4c94d80|80:_i64,_:_CRE_1672,1673_}"
	-- CONST[source:1(input),value:2(dynamic)][purpose:{object}]
"{CE0x4c7fb40|80:_i64,_:_CRE_593,594_}"
	-- CONST[source:1(input),value:2(dynamic)][purpose:{object}]
"{CE0x4c7f5f0|80:_i64,_:_CRE_588,589_}"
	-- CONST[source:1(input),value:2(dynamic)][purpose:{object}]
"{CE0x4c968c0|80:_i64,_:_CRE_1736,1752_|*MultipleSource*|*LoadInst*|security/apparmor/include/apparmor.h,117|security/apparmor/include/apparmor.h,117}"
	-- CONST[source:1(input),value:2(dynamic)][purpose:{object}]
"{CE0x4c81e50|80:_i64,_:_CRE_626,627_}"
	-- CONST[source:1(input),value:2(dynamic)][purpose:{object}]
"{CE0x4c832d0|80:_i64,_:_CRE_704,708_|*MultipleSource*|*LoadInst*|security/apparmor/include/apparmor.h,117|security/apparmor/include/apparmor.h,117}"
	-- CONST[source:1(input),value:2(dynamic)][purpose:{object}]
"{CE0x4c4b770|80:_i64,_:_CRE_1354,1355_}"
	-- CONST[source:1(input),value:2(dynamic)][purpose:{object}]
"{CE0x4c84060|80:_i64,_:_CRE_1209,1210_}"
	-- CONST[source:1(input),value:2(dynamic)][purpose:{object}]
"{CE0x4c85d90|80:_i64,_:_CRE_1236,1237_}"
	-- CONST[source:1(input),value:2(dynamic)][purpose:{object}]
"{CE0x4c834c0|80:_i64,_:_CRE_712,720_|*MultipleSource*|*LoadInst*|security/apparmor/include/apparmor.h,117|security/apparmor/include/apparmor.h,117}"
	-- CONST[source:1(input),value:2(dynamic)][purpose:{object}]
"{CE0x4c7cf10|80:_i64,_:_CRE_528,536_|*MultipleSource*|*LoadInst*|security/apparmor/include/apparmor.h,117|security/apparmor/include/apparmor.h,117}"
	-- CONST[source:1(input),value:2(dynamic)][purpose:{object}]
"{CE0x4c92da0|80:_i64,_:_CRE_1642,1643_}"
	-- CONST[source:1(input),value:2(dynamic)][purpose:{object}]
"{CE0x4c7b1e0|80:_i64,_:_CRE_448,449_}"
	-- CONST[source:1(input),value:2(dynamic)][purpose:{object}]
"{CE0x4c57450|124:_i32,_128:_i64,_144:_i32,_192:_i32,_200:_%struct.aa_dfa*,_:_CRE_80,88_|*MultipleSource*|security/apparmor/lsm.c,395|security/apparmor/lsm.c,396}"
	-- CONST[source:2(external),value:2(dynamic)][purpose:{subject}]
"{CE0x4c491a0|80:_i64,_:_CRE_399,400_}"
	-- CONST[source:1(input),value:2(dynamic)][purpose:{object}]
"{CE0x4c98d10|80:_i64,_:_CRE_1875,1876_}"
	-- CONST[source:1(input),value:2(dynamic)][purpose:{object}]
"{CE0x4c5a240|124:_i32,_128:_i64,_144:_i32,_192:_i32,_200:_%struct.aa_dfa*,_:_CRE_232,240_|*MultipleSource*|security/apparmor/lsm.c,395|security/apparmor/lsm.c,396}"
	-- CONST[source:2(external),value:2(dynamic)][purpose:{subject}]
"{CE0x4c7a520|80:_i64,_:_CRE_436,437_}"
	-- CONST[source:1(input),value:2(dynamic)][purpose:{object}]
"{CE0x4c884e0|80:_i64,_:_CRE_1273,1274_}"
	-- CONST[source:1(input),value:2(dynamic)][purpose:{object}]
"{CE0x4c98f80|80:_i64,_:_CRE_1878,1879_}"
	-- CONST[source:1(input),value:2(dynamic)][purpose:{object}]
"{CE0x4c45330|80:_i64,_:_CRE_272,280_|*MultipleSource*|*LoadInst*|security/apparmor/include/apparmor.h,117|security/apparmor/include/apparmor.h,117}"
	-- CONST[source:1(input),value:2(dynamic)][purpose:{object}]
"{CE0x4c49f70|80:_i64,_:_CRE_412,413_}"
	-- CONST[source:1(input),value:2(dynamic)][purpose:{object}]
"{CE0x4c96ab0|80:_i64,_:_CRE_1752,1760_|*MultipleSource*|*LoadInst*|security/apparmor/include/apparmor.h,117|security/apparmor/include/apparmor.h,117}"
	-- CONST[source:1(input),value:2(dynamic)][purpose:{object}]
"{CE0x4c79200|80:_i64,_:_CRE_418,419_}"
	-- CONST[source:1(input),value:2(dynamic)][purpose:{object}]
"{CE0x4c5a990|124:_i32,_128:_i64,_144:_i32,_192:_i32,_200:_%struct.aa_dfa*,_:_CRE_256,264_|*MultipleSource*|security/apparmor/lsm.c,395|security/apparmor/lsm.c,396}"
	-- CONST[source:2(external),value:2(dynamic)][purpose:{subject}]
"{CE0x4c7aeb0|80:_i64,_:_CRE_445,446_}"
	-- CONST[source:1(input),value:2(dynamic)][purpose:{object}]
"{CE0x4c801a0|80:_i64,_:_CRE_599,600_}"
	-- CONST[source:1(input),value:2(dynamic)][purpose:{object}]
"{CE0x4c94b60|80:_i64,_:_CRE_1670,1671_}"
	-- CONST[source:1(input),value:2(dynamic)][purpose:{object}]
"{CE0x4c492b0|80:_i64,_:_CRE_400,401_}"
	-- CONST[source:1(input),value:2(dynamic)][purpose:{object}]
"{CE0x4c97a30|80:_i64,_:_CRE_1816,1824_|*MultipleSource*|*LoadInst*|security/apparmor/include/apparmor.h,117|security/apparmor/include/apparmor.h,117}"
	-- CONST[source:1(input),value:2(dynamic)][purpose:{object}]
"{CE0x4c4acd0|80:_i64,_:_CRE_1344,1345_}"
	-- CONST[source:1(input),value:2(dynamic)][purpose:{object}]
"{CE0x4c41eb0|80:_i64,_:_CRE_104,112_|*MultipleSource*|*LoadInst*|security/apparmor/include/apparmor.h,117|security/apparmor/include/apparmor.h,117}"
	-- CONST[source:1(input),value:2(dynamic)][purpose:{object}]
"{CE0x4c97840|80:_i64,_:_CRE_1808,1816_|*MultipleSource*|*LoadInst*|security/apparmor/include/apparmor.h,117|security/apparmor/include/apparmor.h,117}"
	-- CONST[source:1(input),value:2(dynamic)][purpose:{object}]
"{CE0x4c92a70|80:_i64,_:_CRE_1639,1640_}"
	-- CONST[source:1(input),value:2(dynamic)][purpose:{object}]
"{CE0x4c838a0|80:_i64,_:_CRE_736,880_|*MultipleSource*|*LoadInst*|security/apparmor/include/apparmor.h,117|security/apparmor/include/apparmor.h,117}"
	-- CONST[source:1(input),value:2(dynamic)][purpose:{object}]
"{CE0x4c47570|80:_i64,_:_CRE_312,320_|*MultipleSource*|*LoadInst*|security/apparmor/include/apparmor.h,117|security/apparmor/include/apparmor.h,117}"
	-- CONST[source:1(input),value:2(dynamic)][purpose:{object}]
"{CE0x4c82070|80:_i64,_:_CRE_628,629_}"
	-- CONST[source:1(input),value:2(dynamic)][purpose:{object}]
"{CE0x4c915f0|80:_i64,_:_CRE_1619,1620_}"
	-- CONST[source:1(input),value:2(dynamic)][purpose:{object}]
"{CE0x4c4a2a0|80:_i64,_:_CRE_415,416_}"
	-- CONST[source:1(input),value:2(dynamic)][purpose:{object}]
"{CE0x4c94c70|80:_i64,_:_CRE_1671,1672_}"
	-- CONST[source:1(input),value:2(dynamic)][purpose:{object}]
"{CE0x4c58440|124:_i32,_128:_i64,_144:_i32,_192:_i32,_200:_%struct.aa_dfa*,_:_CRE_124,128_|*MultipleSource*|security/apparmor/lsm.c,395|security/apparmor/lsm.c,396}"
	-- CONST[source:2(external),value:2(dynamic)][purpose:{subject}]
"{CE0x4c916a0|80:_i64,_:_CRE_1620,1621_}"
	-- CONST[source:1(input),value:2(dynamic)][purpose:{object}]
"{CE0x4c943f0|80:_i64,_:_CRE_1663,1664_}"
	-- CONST[source:1(input),value:2(dynamic)][purpose:{object}]
"{CE0x4c88a30|80:_i64,_:_CRE_1278,1279_}"
	-- CONST[source:1(input),value:2(dynamic)][purpose:{object}]
"{CE0x4c951c0|80:_i64,_:_CRE_1676,1677_}"
	-- CONST[source:1(input),value:2(dynamic)][purpose:{object}]
"{CE0x4c7b620|80:_i64,_:_CRE_452,453_}"
	-- CONST[source:1(input),value:2(dynamic)][purpose:{object}]
"{CE0x4beeb50|24:_%struct.dentry*,_32:_%struct.inode*,_128:_i32,_132:_i32,_456:_i8*,_:_CRE_15,16_}"
	-- CONST[source:1(input),value:2(dynamic)][purpose:{object}]
"{CE0x4c57db0|124:_i32,_128:_i64,_144:_i32,_192:_i32,_200:_%struct.aa_dfa*,_:_CRE_112,120_|*MultipleSource*|security/apparmor/lsm.c,395|security/apparmor/lsm.c,396}"
	-- CONST[source:2(external),value:2(dynamic)][purpose:{subject}]
"{CE0x4c7bc80|80:_i64,_:_CRE_458,459_}"
	-- CONST[source:1(input),value:2(dynamic)][purpose:{object}]
"{CE0x4c80f70|80:_i64,_:_CRE_612,613_}"
	-- CONST[source:1(input),value:2(dynamic)][purpose:{object}]
"{CE0x4c7f810|80:_i64,_:_CRE_590,591_}"
	-- CONST[source:1(input),value:2(dynamic)][purpose:{object}]
"{CE0x4c5b0e0|124:_i32,_128:_i64,_144:_i32,_192:_i32,_200:_%struct.aa_dfa*,_:_CRE_528,536_|*MultipleSource*|security/apparmor/lsm.c,395|security/apparmor/lsm.c,396}"
	-- CONST[source:2(external),value:2(dynamic)][purpose:{subject}]
"{CE0x4c812a0|80:_i64,_:_CRE_615,616_}"
	-- CONST[source:1(input),value:2(dynamic)][purpose:{object}]
"{CE0x4c91ca0|80:_i64,_:_CRE_1626,1627_}"
	-- CONST[source:1(input),value:2(dynamic)][purpose:{object}]
"{CE0x4c94e90|80:_i64,_:_CRE_1673,1674_}"
	-- CONST[source:1(input),value:2(dynamic)][purpose:{object}]
"{CE0x4c95b50|80:_i64,_:_CRE_1685,1686_}"
	-- CONST[source:1(input),value:2(dynamic)][purpose:{object}]
"{CE0x4c87b50|80:_i64,_:_CRE_1264,1265_}"
	-- CONST[source:1(input),value:2(dynamic)][purpose:{object}]
"{CE0x4c942e0|80:_i64,_:_CRE_1662,1663_}"
	-- CONST[source:1(input),value:2(dynamic)][purpose:{object}]
"{CE0x4c95f90|80:_i64,_:_CRE_1696,1704_|*MultipleSource*|*LoadInst*|security/apparmor/include/apparmor.h,117|security/apparmor/include/apparmor.h,117}"
	-- CONST[source:1(input),value:2(dynamic)][purpose:{object}]
"{CE0x4c7a960|80:_i64,_:_CRE_440,441_}"
	-- CONST[source:1(input),value:2(dynamic)][purpose:{object}]
"{CE0x4c987c0|80:_i64,_:_CRE_1872,1873_}"
	-- CONST[source:1(input),value:2(dynamic)][purpose:{object}]
"{CE0x4c88920|80:_i64,_:_CRE_1277,1278_}"
	-- CONST[source:1(input),value:2(dynamic)][purpose:{object}]
"{CE0x4c79b90|80:_i64,_:_CRE_427,428_}"
	-- CONST[source:1(input),value:2(dynamic)][purpose:{object}]
"{CE0x4c95e80|80:_i64,_:_CRE_1688,1696_|*MultipleSource*|*LoadInst*|security/apparmor/include/apparmor.h,117|security/apparmor/include/apparmor.h,117}"
	-- CONST[source:1(input),value:2(dynamic)][purpose:{object}]
"{CE0x4c45520|80:_i64,_:_CRE_280,288_|*MultipleSource*|*LoadInst*|security/apparmor/include/apparmor.h,117|security/apparmor/include/apparmor.h,117}"
	-- CONST[source:1(input),value:2(dynamic)][purpose:{object}]
"{CE0x4c86500|80:_i64,_:_CRE_1243,1244_}"
	-- CONST[source:1(input),value:2(dynamic)][purpose:{object}]
"{CE0x4c93620|80:_i64,_:_CRE_1650,1651_}"
	-- CONST[source:1(input),value:2(dynamic)][purpose:{object}]
"{CE0x4c41cd0|80:_i64,_:_CRE_96,104_|*MultipleSource*|*LoadInst*|security/apparmor/include/apparmor.h,117|security/apparmor/include/apparmor.h,117}"
	-- CONST[source:1(input),value:2(dynamic)][purpose:{object}]
"{CE0x4c565b0|124:_i32,_128:_i64,_144:_i32,_192:_i32,_200:_%struct.aa_dfa*,_:_CRE_32,40_|*MultipleSource*|security/apparmor/lsm.c,395|security/apparmor/lsm.c,396}"
	-- CONST[source:2(external),value:2(dynamic)][purpose:{subject}]
"{CE0x4c8fa60|80:_i64,_:_CRE_1372,1373_}"
	-- CONST[source:1(input),value:2(dynamic)][purpose:{object}]
"{CE0x4c93510|80:_i64,_:_CRE_1649,1650_}"
	-- CONST[source:1(input),value:2(dynamic)][purpose:{object}]
"{CE0x4c81a10|80:_i64,_:_CRE_622,623_}"
	-- CONST[source:1(input),value:2(dynamic)][purpose:{object}]
"{CE0x4c4b330|80:_i64,_:_CRE_1350,1351_}"
	-- CONST[source:1(input),value:2(dynamic)][purpose:{object}]
"{CE0x4c84250|80:_i64,_:_CRE_1210,1211_}"
	-- CONST[source:1(input),value:2(dynamic)][purpose:{object}]
"{CE0x4c97e10|80:_i64,_:_CRE_1832,1840_|*MultipleSource*|*LoadInst*|security/apparmor/include/apparmor.h,117|security/apparmor/include/apparmor.h,117}"
	-- CONST[source:1(input),value:2(dynamic)][purpose:{object}]
"{CE0x4c94a50|80:_i64,_:_CRE_1669,1670_}"
	-- CONST[source:1(input),value:2(dynamic)][purpose:{object}]
"{CE0x4c7dcd0|80:_i64,_:_CRE_564,565_}"
	-- CONST[source:1(input),value:2(dynamic)][purpose:{object}]
"{CE0x4c8a540|80:_i64,_:_CRE_1322,1323_}"
	-- CONST[source:1(input),value:2(dynamic)][purpose:{object}]
"{CE0x4c94610|80:_i64,_:_CRE_1665,1666_}"
	-- CONST[source:1(input),value:2(dynamic)][purpose:{object}]
"{CE0x4c86d80|80:_i64,_:_CRE_1251,1252_}"
	-- CONST[source:1(input),value:2(dynamic)][purpose:{object}]
"{CE0x4c85510|80:_i64,_:_CRE_1228,1229_}"
	-- CONST[source:1(input),value:2(dynamic)][purpose:{object}]
"{CE0x4c79750|80:_i64,_:_CRE_423,424_}"
	-- CONST[source:1(input),value:2(dynamic)][purpose:{object}]
"{CE0x4c95820|80:_i64,_:_CRE_1682,1683_}"
	-- CONST[source:1(input),value:2(dynamic)][purpose:{object}]
"{CE0x4c883d0|80:_i64,_:_CRE_1272,1273_}"
	-- CONST[source:1(input),value:2(dynamic)][purpose:{object}]
"{CE0x4c92960|80:_i64,_:_CRE_1638,1639_}"
	-- CONST[source:1(input),value:2(dynamic)][purpose:{object}]
"{CE0x4c82d00|80:_i64,_:_CRE_672,680_|*MultipleSource*|*LoadInst*|security/apparmor/include/apparmor.h,117|security/apparmor/include/apparmor.h,117}"
	-- CONST[source:1(input),value:2(dynamic)][purpose:{object}]
"{CE0x4c7fe70|80:_i64,_:_CRE_596,597_}"
	-- CONST[source:1(input),value:2(dynamic)][purpose:{object}]
"{CE0x4c894a0|80:_i64,_:_CRE_1306,1307_}"
	-- CONST[source:1(input),value:2(dynamic)][purpose:{object}]
"{CE0x4c4c320|80:_i64,_:_CRE_1365,1366_}"
	-- CONST[source:1(input),value:2(dynamic)][purpose:{object}]
"{CE0x4c4a190|80:_i64,_:_CRE_414,415_}"
	-- CONST[source:1(input),value:2(dynamic)][purpose:{object}]
"{CE0x4c414b0|80:_i64,_:_CRE_56,64_|*MultipleSource*|*LoadInst*|security/apparmor/include/apparmor.h,117|security/apparmor/include/apparmor.h,117}"
	-- CONST[source:1(input),value:2(dynamic)][purpose:{object}]
"{CE0x4c98dc0|80:_i64,_:_CRE_1876,1877_}"
	-- CONST[source:1(input),value:2(dynamic)][purpose:{object}]
"{CE0x4c7a740|80:_i64,_:_CRE_438,439_}"
	-- CONST[source:1(input),value:2(dynamic)][purpose:{object}]
"{CE0x4c92c90|80:_i64,_:_CRE_1641,1642_}"
	-- CONST[source:1(input),value:2(dynamic)][purpose:{object}]
"{CE0x4c92eb0|80:_i64,_:_CRE_1643,1644_}"
	-- CONST[source:1(input),value:2(dynamic)][purpose:{object}]
"{CE0x4c58e00|124:_i32,_128:_i64,_144:_i32,_192:_i32,_200:_%struct.aa_dfa*,_:_CRE_148,152_|*MultipleSource*|security/apparmor/lsm.c,395|security/apparmor/lsm.c,396}"
	-- CONST[source:2(external),value:2(dynamic)][purpose:{subject}]
"{CE0x4c01290|80:_i64,_:_CRE_8,16_|*MultipleSource*|*LoadInst*|security/apparmor/include/apparmor.h,117|security/apparmor/include/apparmor.h,117}"
	-- CONST[source:1(input),value:2(dynamic)][purpose:{object}]
"{CE0x4c89ee0|80:_i64,_:_CRE_1316,1317_}"
	-- CONST[source:1(input),value:2(dynamic)][purpose:{object}]
"{CE0x4c47760|80:_i64,_:_CRE_320,328_|*MultipleSource*|*LoadInst*|security/apparmor/include/apparmor.h,117|security/apparmor/include/apparmor.h,117}"
	-- CONST[source:1(input),value:2(dynamic)][purpose:{object}]
"{CE0x4c7b840|80:_i64,_:_CRE_454,455_}"
	-- CONST[source:1(input),value:2(dynamic)][purpose:{object}]
"{CE0x4c48cb0|80:_i64,_:_CRE_394,395_}"
	-- CONST[source:1(input),value:2(dynamic)][purpose:{object}]
"{CE0x4c48300|80:_i64,_:_CRE_368,372_|*MultipleSource*|*LoadInst*|security/apparmor/include/apparmor.h,117|security/apparmor/include/apparmor.h,117}"
	-- CONST[source:1(input),value:2(dynamic)][purpose:{object}]
"{CE0x4c496f0|80:_i64,_:_CRE_404,405_}"
	-- CONST[source:1(input),value:2(dynamic)][purpose:{object}]
"{CE0x48f5030|apparmor_file_open:_file|Function::apparmor_file_open&Arg::file::}"
	-- CONST[source:1(input),value:2(dynamic)][purpose:{object}]
"{CE0x4c5b2f0|124:_i32,_128:_i64,_144:_i32,_192:_i32,_200:_%struct.aa_dfa*,_:_CRE_536,544_|*MultipleSource*|security/apparmor/lsm.c,395|security/apparmor/lsm.c,396}"
	-- CONST[source:2(external),value:2(dynamic)][purpose:{subject}]
"{CE0x4c5ae70|124:_i32,_128:_i64,_144:_i32,_192:_i32,_200:_%struct.aa_dfa*,_:_CRE_272,528_|*MultipleSource*|security/apparmor/lsm.c,395|security/apparmor/lsm.c,396}"
	-- CONST[source:2(external),value:2(dynamic)][purpose:{subject}]
"{CE0x4c803c0|80:_i64,_:_CRE_601,602_}"
	-- CONST[source:1(input),value:2(dynamic)][purpose:{object}]
"{CE0x4c9a780|80:_i64,_:_CRE_2268,2304_|*MultipleSource*|*LoadInst*|security/apparmor/include/apparmor.h,117|security/apparmor/include/apparmor.h,117}"
	-- CONST[source:1(input),value:2(dynamic)][purpose:{object}]
"{CE0x4c4c100|80:_i64,_:_CRE_1363,1364_}"
	-- CONST[source:1(input),value:2(dynamic)][purpose:{object}]
"{CE0x4c7ada0|80:_i64,_:_CRE_444,445_}"
	-- CONST[source:1(input),value:2(dynamic)][purpose:{object}]
"{CE0x4c802b0|80:_i64,_:_CRE_600,601_}"
	-- CONST[source:1(input),value:2(dynamic)][purpose:{object}]
"{CE0x4c8a320|80:_i64,_:_CRE_1320,1321_}"
	-- CONST[source:1(input),value:2(dynamic)][purpose:{object}]
"{CE0x4c8aba0|80:_i64,_:_CRE_1328,1329_}"
	-- CONST[source:1(input),value:2(dynamic)][purpose:{object}]
"{CE0x4c932f0|80:_i64,_:_CRE_1647,1648_}"
	-- CONST[source:1(input),value:2(dynamic)][purpose:{object}]
"{CE0x4c7a850|80:_i64,_:_CRE_439,440_}"
	-- CONST[source:1(input),value:2(dynamic)][purpose:{object}]
"{CE0x4c920e0|80:_i64,_:_CRE_1630,1631_}"
	-- CONST[source:1(input),value:2(dynamic)][purpose:{object}]
"{CE0x4c58b90|124:_i32,_128:_i64,_144:_i32,_192:_i32,_200:_%struct.aa_dfa*,_:_CRE_144,148_|*MultipleSource*|security/apparmor/lsm.c,395|security/apparmor/lsm.c,396}"
	-- CONST[source:2(external),value:2(dynamic)][purpose:{subject}]
"{CE0x4c79860|80:_i64,_:_CRE_424,425_}"
	-- CONST[source:1(input),value:2(dynamic)][purpose:{object}]
"{CE0x4c7fd60|80:_i64,_:_CRE_595,596_}"
	-- CONST[source:1(input),value:2(dynamic)][purpose:{object}]
"{CE0x4c7c1d0|80:_i64,_:_CRE_463,464_}"
	-- CONST[source:1(input),value:2(dynamic)][purpose:{object}]
"{CE0x4c80090|80:_i64,_:_CRE_598,599_}"
	-- CONST[source:1(input),value:2(dynamic)][purpose:{object}]
"{CE0x4c99800|80:_i64,_:_CRE_1920,1928_|*MultipleSource*|*LoadInst*|security/apparmor/include/apparmor.h,117|security/apparmor/include/apparmor.h,117}"
	-- CONST[source:1(input),value:2(dynamic)][purpose:{object}]
"{CE0x4c7f3d0|80:_i64,_:_CRE_586,587_}"
	-- CONST[source:1(input),value:2(dynamic)][purpose:{object}]
"{CE0x4c4bee0|80:_i64,_:_CRE_1361,1362_}"
	-- CONST[source:1(input),value:2(dynamic)][purpose:{object}]
"{CE0x4c556b0|124:_i32,_128:_i64,_144:_i32,_192:_i32,_200:_%struct.aa_dfa*,_:_CRE_0,8_|*MultipleSource*|security/apparmor/lsm.c,395|security/apparmor/lsm.c,396}"
	-- CONST[source:2(external),value:2(dynamic)][purpose:{subject}]
"{CE0x4c885f0|80:_i64,_:_CRE_1274,1275_}"
	-- CONST[source:1(input),value:2(dynamic)][purpose:{object}]
"{CE0x4c7ef90|80:_i64,_:_CRE_582,583_}"
	-- CONST[source:1(input),value:2(dynamic)][purpose:{object}]
"{CE0x4c84eb0|80:_i64,_:_CRE_1222,1223_}"
	-- CONST[source:1(input),value:2(dynamic)][purpose:{object}]
"{CE0x4c578d0|124:_i32,_128:_i64,_144:_i32,_192:_i32,_200:_%struct.aa_dfa*,_:_CRE_96,104_|*MultipleSource*|security/apparmor/lsm.c,395|security/apparmor/lsm.c,396}"
	-- CONST[source:2(external),value:2(dynamic)][purpose:{subject}]
"{CE0x4c7e2d0|80:_i64,_:_CRE_570,571_}"
	-- CONST[source:1(input),value:2(dynamic)][purpose:{object}]
"{CE0x4c90500|80:_i64,_:_CRE_1568,1584_|*MultipleSource*|*LoadInst*|security/apparmor/include/apparmor.h,117|security/apparmor/include/apparmor.h,117}"
	-- CONST[source:1(input),value:2(dynamic)][purpose:{object}]
"{CE0x4c93400|80:_i64,_:_CRE_1648,1649_}"
	-- CONST[source:1(input),value:2(dynamic)][purpose:{object}]
"{CE0x4c56af0|124:_i32,_128:_i64,_144:_i32,_192:_i32,_200:_%struct.aa_dfa*,_:_CRE_48,52_|*MultipleSource*|security/apparmor/lsm.c,395|security/apparmor/lsm.c,396}"
	-- CONST[source:2(external),value:2(dynamic)][purpose:{subject}]
"{CE0x4c7afc0|80:_i64,_:_CRE_446,447_}"
	-- CONST[source:1(input),value:2(dynamic)][purpose:{object}]
"{CE0x4c84520|80:_i64,_:_CRE_1213,1214_}"
	-- CONST[source:1(input),value:2(dynamic)][purpose:{object}]
"{CE0x4c48ac0|80:_i64,_:_CRE_393,394_}"
	-- CONST[source:1(input),value:2(dynamic)][purpose:{object}]
"{CE0x4c89cc0|80:_i64,_:_CRE_1314,1315_}"
	-- CONST[source:1(input),value:2(dynamic)][purpose:{object}]
"{CE0x4c930d0|80:_i64,_:_CRE_1645,1646_}"
	-- CONST[source:1(input),value:2(dynamic)][purpose:{object}]
"{CE0x4c7ea40|80:_i64,_:_CRE_577,578_}"
	-- CONST[source:1(input),value:2(dynamic)][purpose:{object}]
"{CE0x4c85a60|80:_i64,_:_CRE_1233,1234_}"
	-- CONST[source:1(input),value:2(dynamic)][purpose:{object}]
"{CE0x4c931e0|80:_i64,_:_CRE_1646,1647_}"
	-- CONST[source:1(input),value:2(dynamic)][purpose:{object}]
"{CE0x4c96e90|80:_i64,_:_CRE_1768,1776_|*MultipleSource*|*LoadInst*|security/apparmor/include/apparmor.h,117|security/apparmor/include/apparmor.h,117}"
	-- CONST[source:1(input),value:2(dynamic)][purpose:{object}]
"{CE0x4c7b400|80:_i64,_:_CRE_450,451_}"
	-- CONST[source:1(input),value:2(dynamic)][purpose:{object}]
"{CE0x4c49a20|80:_i64,_:_CRE_407,408_}"
	-- CONST[source:1(input),value:2(dynamic)][purpose:{object}]
