[tomoyo_path_mknod.z]

explicit:
CONST[source:2(external),value:0(static)][purpose:{operation}][SrcIdx:21]  ->  CONST[source:0(mediator),value:0(static)][purpose:{operation}][SnkIdx:3]
-----------
CONST[source:2(external),value:0(static)][purpose:{operation}][SrcIdx:21]
CE0x815e3b0 "{CE0x815e3b0|tomoyo_path_number_perm:type|Function::tomoyo_path_number_perm&Arg::type::|*SummSource*}"
CE0x67a2850 "{CE0x67a2850|tomoyo_path_number_perm:type|Function::tomoyo_path_number_perm&Arg::type::}"
CE0x66e85b0 "{CE0x66e85b0|0:_%struct.tomoyo_obj_info*,_16:_%struct.tomoyo_domain_info*,_24:_%struct.tomoyo_path_info*,_32:_i64,_40:_i8,_72:_i8,_75:_i8,_76:_i8,_77:_i8,_:_SCMRE_40,41_}"
CONST[source:0(mediator),value:0(static)][purpose:{operation}][SnkIdx:3]


CONST[source:2(external),value:2(dynamic)][purpose:{subject}][SrcIdx:24]  ->  CONST[source:0(mediator),value:2(dynamic)][purpose:{subject}][SnkIdx:0]
-----------
CONST[source:2(external),value:2(dynamic)][purpose:{subject}][SrcIdx:24]
CE0x598d900 "{CE0x598d900|COLLAPSED:_GCRE_current_task_external_global_%struct.task_struct*:_elem_0::|security/tomoyo/common.h,1205}"
CE0x6668170 "{CE0x6668170|tomoyo_domain:tmp22|security/tomoyo/common.h,1205}"
CE0x6af5ec0 "{CE0x6af5ec0|tomoyo_domain:tmp23|security/tomoyo/common.h,1205}"
CE0x58f4500 "{CE0x58f4500|_ret_%struct.tomoyo_domain_info*_%tmp23,_!dbg_!38929|security/tomoyo/common.h,1205}"
CE0x6803040 "{CE0x6803040|tomoyo_init_request_info:call|security/tomoyo/util.c,1005}"
CE0x688fd30 "{CE0x688fd30|tomoyo_init_request_info:domain.addr.0}"
CE0x67e8ce0 "{CE0x67e8ce0|0:_%struct.tomoyo_obj_info*,_16:_%struct.tomoyo_domain_info*,_24:_%struct.tomoyo_path_info*,_32:_i64,_40:_i8,_72:_i8,_75:_i8,_76:_i8,_77:_i8,_:_SCMRE_16,24_|*MultipleSource*|security/tomoyo/file.c,693|security/tomoyo/file.c, 693|security/tomoyo/file.c,707|Function::tomoyo_init_request_info&Arg::r::}"
CONST[source:0(mediator),value:2(dynamic)][purpose:{subject}][SnkIdx:0]


CONST[source:2(external),value:0(static)][purpose:{operation}][SrcIdx:22]  ->  CONST[source:0(mediator),value:0(static)][purpose:{operation}][SnkIdx:2]
-----------
CONST[source:2(external),value:0(static)][purpose:{operation}][SrcIdx:22]
CE0x6a8e3f0 "{CE0x6a8e3f0|tomoyo_path_number_perm:number|Function::tomoyo_path_number_perm&Arg::number::|*SummSource*}"
CE0x6a8e1d0 "{CE0x6a8e1d0|tomoyo_path_number_perm:number|Function::tomoyo_path_number_perm&Arg::number::}"
CE0x6735bc0 "{CE0x6735bc0|0:_%struct.tomoyo_obj_info*,_16:_%struct.tomoyo_domain_info*,_24:_%struct.tomoyo_path_info*,_32:_i64,_40:_i8,_72:_i8,_75:_i8,_76:_i8,_77:_i8,_:_SCMRE_33,34_}"
CONST[source:0(mediator),value:0(static)][purpose:{operation}][SnkIdx:2]


CONST[source:1(input),value:2(dynamic)][purpose:{object}][SrcIdx:23]  ->  CONST[source:0(mediator),value:2(dynamic)][purpose:{object}][SnkIdx:1]
-----------
CONST[source:1(input),value:2(dynamic)][purpose:{object}][SrcIdx:23]
CE0x82276f0 "{CE0x82276f0|tomoyo_path_number_perm:buf|security/tomoyo/file.c, 698|*SummSource*}"
CE0x677e8e0 "{CE0x677e8e0|tomoyo_path_number_perm:buf|security/tomoyo/file.c, 698}"
CE0x6758170 "{CE0x6758170|0:_%struct.tomoyo_obj_info*,_16:_%struct.tomoyo_domain_info*,_24:_%struct.tomoyo_path_info*,_32:_i64,_40:_i8,_72:_i8,_75:_i8,_76:_i8,_77:_i8,_:_SCMRE_28,29_}"
CONST[source:0(mediator),value:2(dynamic)][purpose:{object}][SnkIdx:1]



implicit:
CONST[source:1(input),value:2(dynamic)][purpose:{object}][SrcIdx:20]  ->  CONST[source:0(mediator),value:0(static)][purpose:{operation}][SnkIdx:2]
-----------
CONST[source:1(input),value:2(dynamic)][purpose:{object}][SrcIdx:20]
CE0x8140fc0 "{CE0x8140fc0|16:_%struct.dentry*,_:_SCMRE_8,16_|*MultipleSource*|security/tomoyo/file.c, 694|security/tomoyo/file.c,694|security/tomoyo/file.c,694}"
CE0x8191b90 "{CE0x8191b90|tomoyo_path_number_perm:tmp12|*LoadInst*|security/tomoyo/file.c,702}"
CE0x6be5f70 "{CE0x6be5f70|tomoyo_path_number_perm:tobool|security/tomoyo/file.c,702}"
CE0x6c0e520 "{CE0x6c0e520|tomoyo_path_number_perm:if.end9}"
CE0x6735960 "{CE0x6735960|0:_%struct.tomoyo_obj_info*,_16:_%struct.tomoyo_domain_info*,_24:_%struct.tomoyo_path_info*,_32:_i64,_40:_i8,_72:_i8,_75:_i8,_76:_i8,_77:_i8,_:_SCMRE_32,33_}"
CONST[source:0(mediator),value:0(static)][purpose:{operation}][SnkIdx:2]


CONST[source:1(input),value:2(dynamic)][purpose:{object}][SrcIdx:20]  ->  CONST[source:0(mediator),value:0(static)][purpose:{operation}][SnkIdx:3]
-----------
CONST[source:1(input),value:2(dynamic)][purpose:{object}][SrcIdx:20]
CE0x8140fc0 "{CE0x8140fc0|16:_%struct.dentry*,_:_SCMRE_8,16_|*MultipleSource*|security/tomoyo/file.c, 694|security/tomoyo/file.c,694|security/tomoyo/file.c,694}"
CE0x8191b90 "{CE0x8191b90|tomoyo_path_number_perm:tmp12|*LoadInst*|security/tomoyo/file.c,702}"
CE0x6be5f70 "{CE0x6be5f70|tomoyo_path_number_perm:tobool|security/tomoyo/file.c,702}"
CE0x6c0e520 "{CE0x6c0e520|tomoyo_path_number_perm:if.end9}"
CE0x66e85b0 "{CE0x66e85b0|0:_%struct.tomoyo_obj_info*,_16:_%struct.tomoyo_domain_info*,_24:_%struct.tomoyo_path_info*,_32:_i64,_40:_i8,_72:_i8,_75:_i8,_76:_i8,_77:_i8,_:_SCMRE_40,41_}"
CONST[source:0(mediator),value:0(static)][purpose:{operation}][SnkIdx:3]


CONST[source:1(input),value:2(dynamic)][purpose:{object}][SrcIdx:20]  ->  CONST[source:0(mediator),value:2(dynamic)][purpose:{object}][SnkIdx:1]
-----------
CONST[source:1(input),value:2(dynamic)][purpose:{object}][SrcIdx:20]
CE0x8140fc0 "{CE0x8140fc0|16:_%struct.dentry*,_:_SCMRE_8,16_|*MultipleSource*|security/tomoyo/file.c, 694|security/tomoyo/file.c,694|security/tomoyo/file.c,694}"
CE0x8191b90 "{CE0x8191b90|tomoyo_path_number_perm:tmp12|*LoadInst*|security/tomoyo/file.c,702}"
CE0x6be5f70 "{CE0x6be5f70|tomoyo_path_number_perm:tobool|security/tomoyo/file.c,702}"
CE0x6c0e520 "{CE0x6c0e520|tomoyo_path_number_perm:if.end9}"
CE0x67354a0 "{CE0x67354a0|0:_%struct.tomoyo_obj_info*,_16:_%struct.tomoyo_domain_info*,_24:_%struct.tomoyo_path_info*,_32:_i64,_40:_i8,_72:_i8,_75:_i8,_76:_i8,_77:_i8,_:_SCMRE_30,31_}"
CONST[source:0(mediator),value:2(dynamic)][purpose:{object}][SnkIdx:1]


CONST[source:2(external),value:0(static)][purpose:{operation}][SrcIdx:21]  ->  CONST[source:0(mediator),value:0(static)][purpose:{operation}][SnkIdx:2]
-----------
CONST[source:2(external),value:0(static)][purpose:{operation}][SrcIdx:21]
CE0x815e3b0 "{CE0x815e3b0|tomoyo_path_number_perm:type|Function::tomoyo_path_number_perm&Arg::type::|*SummSource*}"
CE0x67a2850 "{CE0x67a2850|tomoyo_path_number_perm:type|Function::tomoyo_path_number_perm&Arg::type::}"
CE0x6bac8e0 "{CE0x6bac8e0|tomoyo_path_number_perm:idxprom|security/tomoyo/file.c,701}"
CE0x8165f00 "{CE0x8165f00|tomoyo_path_number_perm:arrayidx|security/tomoyo/file.c,701}"
CE0x8121b60 "{CE0x8121b60|tomoyo_path_number_perm:tmp7|security/tomoyo/file.c,701}"
CE0x5901170 "{CE0x5901170|tomoyo_init_request_info:index|Function::tomoyo_init_request_info&Arg::index::}"
CE0x68f49a0 "{CE0x68f49a0|tomoyo_get_mode:index|Function::tomoyo_get_mode&Arg::index::}"
CE0x4d09280 "{CE0x4d09280|tomoyo_get_mode:idxprom|security/tomoyo/util.c,981}"
CE0x696d260 "{CE0x696d260|tomoyo_get_mode:arrayidx|security/tomoyo/util.c,981}"
CE0x8164150 "{CE0x8164150|tomoyo_get_mode:tmp9|security/tomoyo/util.c,981}"
CE0x66c98c0 "{CE0x66c98c0|tomoyo_get_mode:mode.0}"
CE0x80933b0 "{CE0x80933b0|tomoyo_get_mode:mode.1}"
CE0x836ceb0 "{CE0x836ceb0|tomoyo_get_mode:conv15|security/tomoyo/util.c,987}"
CE0x836d430 "{CE0x836d430|tomoyo_get_mode:and|security/tomoyo/util.c,987}"
CE0x836d620 "{CE0x836d620|tomoyo_get_mode:retval.0}"
CE0x68103a0 "{CE0x68103a0|_ret_i32_%retval.0,_!dbg_!38935|security/tomoyo/util.c,988}"
CE0x68aa4a0 "{CE0x68aa4a0|tomoyo_init_request_info:call4|security/tomoyo/util.c,1010}"
CE0x6810ae0 "{CE0x6810ae0|tomoyo_init_request_info:conv|security/tomoyo/util.c,1010}"
CE0x676a030 "{CE0x676a030|0:_%struct.tomoyo_obj_info*,_16:_%struct.tomoyo_domain_info*,_24:_%struct.tomoyo_path_info*,_32:_i64,_40:_i8,_72:_i8,_75:_i8,_76:_i8,_77:_i8,_:_SCMRE_76,77_|*MultipleSource*|security/tomoyo/file.c,693|security/tomoyo/file.c, 693|security/tomoyo/file.c,707|Function::tomoyo_init_request_info&Arg::r::}"
CE0x6ca4510 "{CE0x6ca4510|tomoyo_init_request_info:tmp13|*LoadInst*|security/tomoyo/util.c,1011}"
CE0x5b91d00 "{CE0x5b91d00|tomoyo_init_request_info:conv6|security/tomoyo/util.c,1011}"
CE0x58698d0 "{CE0x58698d0|_ret_i32_%conv6,_!dbg_!38926|security/tomoyo/util.c,1011}"
CE0x83060f0 "{CE0x83060f0|tomoyo_path_number_perm:call|security/tomoyo/file.c,701}"
CE0x58794d0 "{CE0x58794d0|tomoyo_path_number_perm:cmp|security/tomoyo/file.c,702}"
CE0x6c0e520 "{CE0x6c0e520|tomoyo_path_number_perm:if.end9}"
CE0x6735960 "{CE0x6735960|0:_%struct.tomoyo_obj_info*,_16:_%struct.tomoyo_domain_info*,_24:_%struct.tomoyo_path_info*,_32:_i64,_40:_i8,_72:_i8,_75:_i8,_76:_i8,_77:_i8,_:_SCMRE_32,33_}"
CONST[source:0(mediator),value:0(static)][purpose:{operation}][SnkIdx:2]


CONST[source:2(external),value:0(static)][purpose:{operation}][SrcIdx:21]  ->  CONST[source:0(mediator),value:0(static)][purpose:{operation}][SnkIdx:3]
-----------
CONST[source:2(external),value:0(static)][purpose:{operation}][SrcIdx:21]
CE0x815e3b0 "{CE0x815e3b0|tomoyo_path_number_perm:type|Function::tomoyo_path_number_perm&Arg::type::|*SummSource*}"
CE0x67a2850 "{CE0x67a2850|tomoyo_path_number_perm:type|Function::tomoyo_path_number_perm&Arg::type::}"
CE0x66e85b0 "{CE0x66e85b0|0:_%struct.tomoyo_obj_info*,_16:_%struct.tomoyo_domain_info*,_24:_%struct.tomoyo_path_info*,_32:_i64,_40:_i8,_72:_i8,_75:_i8,_76:_i8,_77:_i8,_:_SCMRE_40,41_}"
CONST[source:0(mediator),value:0(static)][purpose:{operation}][SnkIdx:3]


CONST[source:2(external),value:0(static)][purpose:{operation}][SrcIdx:21]  ->  CONST[source:0(mediator),value:2(dynamic)][purpose:{object}][SnkIdx:1]
-----------
CONST[source:2(external),value:0(static)][purpose:{operation}][SrcIdx:21]
CE0x815e3b0 "{CE0x815e3b0|tomoyo_path_number_perm:type|Function::tomoyo_path_number_perm&Arg::type::|*SummSource*}"
CE0x67a2850 "{CE0x67a2850|tomoyo_path_number_perm:type|Function::tomoyo_path_number_perm&Arg::type::}"
CE0x6bac8e0 "{CE0x6bac8e0|tomoyo_path_number_perm:idxprom|security/tomoyo/file.c,701}"
CE0x8165f00 "{CE0x8165f00|tomoyo_path_number_perm:arrayidx|security/tomoyo/file.c,701}"
CE0x8121b60 "{CE0x8121b60|tomoyo_path_number_perm:tmp7|security/tomoyo/file.c,701}"
CE0x5901170 "{CE0x5901170|tomoyo_init_request_info:index|Function::tomoyo_init_request_info&Arg::index::}"
CE0x68f49a0 "{CE0x68f49a0|tomoyo_get_mode:index|Function::tomoyo_get_mode&Arg::index::}"
CE0x4d09280 "{CE0x4d09280|tomoyo_get_mode:idxprom|security/tomoyo/util.c,981}"
CE0x696d260 "{CE0x696d260|tomoyo_get_mode:arrayidx|security/tomoyo/util.c,981}"
CE0x8164150 "{CE0x8164150|tomoyo_get_mode:tmp9|security/tomoyo/util.c,981}"
CE0x66c98c0 "{CE0x66c98c0|tomoyo_get_mode:mode.0}"
CE0x80933b0 "{CE0x80933b0|tomoyo_get_mode:mode.1}"
CE0x836ceb0 "{CE0x836ceb0|tomoyo_get_mode:conv15|security/tomoyo/util.c,987}"
CE0x836d430 "{CE0x836d430|tomoyo_get_mode:and|security/tomoyo/util.c,987}"
CE0x836d620 "{CE0x836d620|tomoyo_get_mode:retval.0}"
CE0x68103a0 "{CE0x68103a0|_ret_i32_%retval.0,_!dbg_!38935|security/tomoyo/util.c,988}"
CE0x68aa4a0 "{CE0x68aa4a0|tomoyo_init_request_info:call4|security/tomoyo/util.c,1010}"
CE0x6810ae0 "{CE0x6810ae0|tomoyo_init_request_info:conv|security/tomoyo/util.c,1010}"
CE0x676a030 "{CE0x676a030|0:_%struct.tomoyo_obj_info*,_16:_%struct.tomoyo_domain_info*,_24:_%struct.tomoyo_path_info*,_32:_i64,_40:_i8,_72:_i8,_75:_i8,_76:_i8,_77:_i8,_:_SCMRE_76,77_|*MultipleSource*|security/tomoyo/file.c,693|security/tomoyo/file.c, 693|security/tomoyo/file.c,707|Function::tomoyo_init_request_info&Arg::r::}"
CE0x6ca4510 "{CE0x6ca4510|tomoyo_init_request_info:tmp13|*LoadInst*|security/tomoyo/util.c,1011}"
CE0x5b91d00 "{CE0x5b91d00|tomoyo_init_request_info:conv6|security/tomoyo/util.c,1011}"
CE0x58698d0 "{CE0x58698d0|_ret_i32_%conv6,_!dbg_!38926|security/tomoyo/util.c,1011}"
CE0x83060f0 "{CE0x83060f0|tomoyo_path_number_perm:call|security/tomoyo/file.c,701}"
CE0x58794d0 "{CE0x58794d0|tomoyo_path_number_perm:cmp|security/tomoyo/file.c,702}"
CE0x6c0e520 "{CE0x6c0e520|tomoyo_path_number_perm:if.end9}"
CE0x67354a0 "{CE0x67354a0|0:_%struct.tomoyo_obj_info*,_16:_%struct.tomoyo_domain_info*,_24:_%struct.tomoyo_path_info*,_32:_i64,_40:_i8,_72:_i8,_75:_i8,_76:_i8,_77:_i8,_:_SCMRE_30,31_}"
CONST[source:0(mediator),value:2(dynamic)][purpose:{object}][SnkIdx:1]


CONST[source:2(external),value:0(static)][purpose:{operation}][SrcIdx:22]  ->  CONST[source:0(mediator),value:0(static)][purpose:{operation}][SnkIdx:2]
-----------
CONST[source:2(external),value:0(static)][purpose:{operation}][SrcIdx:22]
CE0x6a8e3f0 "{CE0x6a8e3f0|tomoyo_path_number_perm:number|Function::tomoyo_path_number_perm&Arg::number::|*SummSource*}"
CE0x6a8e1d0 "{CE0x6a8e1d0|tomoyo_path_number_perm:number|Function::tomoyo_path_number_perm&Arg::number::}"
CE0x6735960 "{CE0x6735960|0:_%struct.tomoyo_obj_info*,_16:_%struct.tomoyo_domain_info*,_24:_%struct.tomoyo_path_info*,_32:_i64,_40:_i8,_72:_i8,_75:_i8,_76:_i8,_77:_i8,_:_SCMRE_32,33_}"
CONST[source:0(mediator),value:0(static)][purpose:{operation}][SnkIdx:2]


CONST[source:1(input),value:2(dynamic)][purpose:{object}][SrcIdx:23]  ->  CONST[source:0(mediator),value:2(dynamic)][purpose:{object}][SnkIdx:1]
-----------
CONST[source:1(input),value:2(dynamic)][purpose:{object}][SrcIdx:23]
CE0x82276f0 "{CE0x82276f0|tomoyo_path_number_perm:buf|security/tomoyo/file.c, 698|*SummSource*}"
CE0x677e8e0 "{CE0x677e8e0|tomoyo_path_number_perm:buf|security/tomoyo/file.c, 698}"
CE0x67354a0 "{CE0x67354a0|0:_%struct.tomoyo_obj_info*,_16:_%struct.tomoyo_domain_info*,_24:_%struct.tomoyo_path_info*,_32:_i64,_40:_i8,_72:_i8,_75:_i8,_76:_i8,_77:_i8,_:_SCMRE_30,31_}"
CONST[source:0(mediator),value:2(dynamic)][purpose:{object}][SnkIdx:1]


CONST[source:2(external),value:2(dynamic)][purpose:{subject}][SrcIdx:24]  ->  CONST[source:0(mediator),value:0(static)][purpose:{operation}][SnkIdx:2]
-----------
CONST[source:2(external),value:2(dynamic)][purpose:{subject}][SrcIdx:24]
CE0x598d900 "{CE0x598d900|COLLAPSED:_GCRE_current_task_external_global_%struct.task_struct*:_elem_0::|security/tomoyo/common.h,1205}"
CE0x6668170 "{CE0x6668170|tomoyo_domain:tmp22|security/tomoyo/common.h,1205}"
CE0x6af5ec0 "{CE0x6af5ec0|tomoyo_domain:tmp23|security/tomoyo/common.h,1205}"
CE0x58f4500 "{CE0x58f4500|_ret_%struct.tomoyo_domain_info*_%tmp23,_!dbg_!38929|security/tomoyo/common.h,1205}"
CE0x6803040 "{CE0x6803040|tomoyo_init_request_info:call|security/tomoyo/util.c,1005}"
CE0x688fd30 "{CE0x688fd30|tomoyo_init_request_info:domain.addr.0}"
CE0x6817be0 "{CE0x6817be0|tomoyo_init_request_info:ns|security/tomoyo/util.c,1010}"
CE0x6817e90 "{CE0x6817e90|tomoyo_init_request_info:tmp12|security/tomoyo/util.c,1010}"
CE0x68f4640 "{CE0x68f4640|tomoyo_get_mode:ns|Function::tomoyo_get_mode&Arg::ns::}"
CE0x67cd030 "{CE0x67cd030|COLLAPSED:_CRE:_elem_0:default:}"
CE0x8092b90 "{CE0x8092b90|tomoyo_get_mode:tmp24|security/tomoyo/util.c,986}"
CE0x80933b0 "{CE0x80933b0|tomoyo_get_mode:mode.1}"
CE0x836ceb0 "{CE0x836ceb0|tomoyo_get_mode:conv15|security/tomoyo/util.c,987}"
CE0x836d430 "{CE0x836d430|tomoyo_get_mode:and|security/tomoyo/util.c,987}"
CE0x836d620 "{CE0x836d620|tomoyo_get_mode:retval.0}"
CE0x68103a0 "{CE0x68103a0|_ret_i32_%retval.0,_!dbg_!38935|security/tomoyo/util.c,988}"
CE0x68aa4a0 "{CE0x68aa4a0|tomoyo_init_request_info:call4|security/tomoyo/util.c,1010}"
CE0x6810ae0 "{CE0x6810ae0|tomoyo_init_request_info:conv|security/tomoyo/util.c,1010}"
CE0x676a030 "{CE0x676a030|0:_%struct.tomoyo_obj_info*,_16:_%struct.tomoyo_domain_info*,_24:_%struct.tomoyo_path_info*,_32:_i64,_40:_i8,_72:_i8,_75:_i8,_76:_i8,_77:_i8,_:_SCMRE_76,77_|*MultipleSource*|security/tomoyo/file.c,693|security/tomoyo/file.c, 693|security/tomoyo/file.c,707|Function::tomoyo_init_request_info&Arg::r::}"
CE0x6ca4510 "{CE0x6ca4510|tomoyo_init_request_info:tmp13|*LoadInst*|security/tomoyo/util.c,1011}"
CE0x5b91d00 "{CE0x5b91d00|tomoyo_init_request_info:conv6|security/tomoyo/util.c,1011}"
CE0x58698d0 "{CE0x58698d0|_ret_i32_%conv6,_!dbg_!38926|security/tomoyo/util.c,1011}"
CE0x83060f0 "{CE0x83060f0|tomoyo_path_number_perm:call|security/tomoyo/file.c,701}"
CE0x58794d0 "{CE0x58794d0|tomoyo_path_number_perm:cmp|security/tomoyo/file.c,702}"
CE0x6c0e520 "{CE0x6c0e520|tomoyo_path_number_perm:if.end9}"
CE0x6735960 "{CE0x6735960|0:_%struct.tomoyo_obj_info*,_16:_%struct.tomoyo_domain_info*,_24:_%struct.tomoyo_path_info*,_32:_i64,_40:_i8,_72:_i8,_75:_i8,_76:_i8,_77:_i8,_:_SCMRE_32,33_}"
CONST[source:0(mediator),value:0(static)][purpose:{operation}][SnkIdx:2]


CONST[source:2(external),value:2(dynamic)][purpose:{subject}][SrcIdx:24]  ->  CONST[source:0(mediator),value:0(static)][purpose:{operation}][SnkIdx:3]
-----------
CONST[source:2(external),value:2(dynamic)][purpose:{subject}][SrcIdx:24]
CE0x598d900 "{CE0x598d900|COLLAPSED:_GCRE_current_task_external_global_%struct.task_struct*:_elem_0::|security/tomoyo/common.h,1205}"
CE0x6668170 "{CE0x6668170|tomoyo_domain:tmp22|security/tomoyo/common.h,1205}"
CE0x6af5ec0 "{CE0x6af5ec0|tomoyo_domain:tmp23|security/tomoyo/common.h,1205}"
CE0x58f4500 "{CE0x58f4500|_ret_%struct.tomoyo_domain_info*_%tmp23,_!dbg_!38929|security/tomoyo/common.h,1205}"
CE0x6803040 "{CE0x6803040|tomoyo_init_request_info:call|security/tomoyo/util.c,1005}"
CE0x688fd30 "{CE0x688fd30|tomoyo_init_request_info:domain.addr.0}"
CE0x6817be0 "{CE0x6817be0|tomoyo_init_request_info:ns|security/tomoyo/util.c,1010}"
CE0x6817e90 "{CE0x6817e90|tomoyo_init_request_info:tmp12|security/tomoyo/util.c,1010}"
CE0x68f4640 "{CE0x68f4640|tomoyo_get_mode:ns|Function::tomoyo_get_mode&Arg::ns::}"
CE0x67cd030 "{CE0x67cd030|COLLAPSED:_CRE:_elem_0:default:}"
CE0x8092b90 "{CE0x8092b90|tomoyo_get_mode:tmp24|security/tomoyo/util.c,986}"
CE0x80933b0 "{CE0x80933b0|tomoyo_get_mode:mode.1}"
CE0x836ceb0 "{CE0x836ceb0|tomoyo_get_mode:conv15|security/tomoyo/util.c,987}"
CE0x836d430 "{CE0x836d430|tomoyo_get_mode:and|security/tomoyo/util.c,987}"
CE0x836d620 "{CE0x836d620|tomoyo_get_mode:retval.0}"
CE0x68103a0 "{CE0x68103a0|_ret_i32_%retval.0,_!dbg_!38935|security/tomoyo/util.c,988}"
CE0x68aa4a0 "{CE0x68aa4a0|tomoyo_init_request_info:call4|security/tomoyo/util.c,1010}"
CE0x6810ae0 "{CE0x6810ae0|tomoyo_init_request_info:conv|security/tomoyo/util.c,1010}"
CE0x676a030 "{CE0x676a030|0:_%struct.tomoyo_obj_info*,_16:_%struct.tomoyo_domain_info*,_24:_%struct.tomoyo_path_info*,_32:_i64,_40:_i8,_72:_i8,_75:_i8,_76:_i8,_77:_i8,_:_SCMRE_76,77_|*MultipleSource*|security/tomoyo/file.c,693|security/tomoyo/file.c, 693|security/tomoyo/file.c,707|Function::tomoyo_init_request_info&Arg::r::}"
CE0x6ca4510 "{CE0x6ca4510|tomoyo_init_request_info:tmp13|*LoadInst*|security/tomoyo/util.c,1011}"
CE0x5b91d00 "{CE0x5b91d00|tomoyo_init_request_info:conv6|security/tomoyo/util.c,1011}"
CE0x58698d0 "{CE0x58698d0|_ret_i32_%conv6,_!dbg_!38926|security/tomoyo/util.c,1011}"
CE0x83060f0 "{CE0x83060f0|tomoyo_path_number_perm:call|security/tomoyo/file.c,701}"
CE0x58794d0 "{CE0x58794d0|tomoyo_path_number_perm:cmp|security/tomoyo/file.c,702}"
CE0x6c0e520 "{CE0x6c0e520|tomoyo_path_number_perm:if.end9}"
CE0x66e85b0 "{CE0x66e85b0|0:_%struct.tomoyo_obj_info*,_16:_%struct.tomoyo_domain_info*,_24:_%struct.tomoyo_path_info*,_32:_i64,_40:_i8,_72:_i8,_75:_i8,_76:_i8,_77:_i8,_:_SCMRE_40,41_}"
CONST[source:0(mediator),value:0(static)][purpose:{operation}][SnkIdx:3]


CONST[source:2(external),value:2(dynamic)][purpose:{subject}][SrcIdx:24]  ->  CONST[source:0(mediator),value:2(dynamic)][purpose:{object}][SnkIdx:1]
-----------
CONST[source:2(external),value:2(dynamic)][purpose:{subject}][SrcIdx:24]
CE0x598d900 "{CE0x598d900|COLLAPSED:_GCRE_current_task_external_global_%struct.task_struct*:_elem_0::|security/tomoyo/common.h,1205}"
CE0x6668170 "{CE0x6668170|tomoyo_domain:tmp22|security/tomoyo/common.h,1205}"
CE0x6af5ec0 "{CE0x6af5ec0|tomoyo_domain:tmp23|security/tomoyo/common.h,1205}"
CE0x58f4500 "{CE0x58f4500|_ret_%struct.tomoyo_domain_info*_%tmp23,_!dbg_!38929|security/tomoyo/common.h,1205}"
CE0x6803040 "{CE0x6803040|tomoyo_init_request_info:call|security/tomoyo/util.c,1005}"
CE0x688fd30 "{CE0x688fd30|tomoyo_init_request_info:domain.addr.0}"
CE0x6817be0 "{CE0x6817be0|tomoyo_init_request_info:ns|security/tomoyo/util.c,1010}"
CE0x6817e90 "{CE0x6817e90|tomoyo_init_request_info:tmp12|security/tomoyo/util.c,1010}"
CE0x68f4640 "{CE0x68f4640|tomoyo_get_mode:ns|Function::tomoyo_get_mode&Arg::ns::}"
CE0x67cd030 "{CE0x67cd030|COLLAPSED:_CRE:_elem_0:default:}"
CE0x8092b90 "{CE0x8092b90|tomoyo_get_mode:tmp24|security/tomoyo/util.c,986}"
CE0x80933b0 "{CE0x80933b0|tomoyo_get_mode:mode.1}"
CE0x836ceb0 "{CE0x836ceb0|tomoyo_get_mode:conv15|security/tomoyo/util.c,987}"
CE0x836d430 "{CE0x836d430|tomoyo_get_mode:and|security/tomoyo/util.c,987}"
CE0x836d620 "{CE0x836d620|tomoyo_get_mode:retval.0}"
CE0x68103a0 "{CE0x68103a0|_ret_i32_%retval.0,_!dbg_!38935|security/tomoyo/util.c,988}"
CE0x68aa4a0 "{CE0x68aa4a0|tomoyo_init_request_info:call4|security/tomoyo/util.c,1010}"
CE0x6810ae0 "{CE0x6810ae0|tomoyo_init_request_info:conv|security/tomoyo/util.c,1010}"
CE0x676a030 "{CE0x676a030|0:_%struct.tomoyo_obj_info*,_16:_%struct.tomoyo_domain_info*,_24:_%struct.tomoyo_path_info*,_32:_i64,_40:_i8,_72:_i8,_75:_i8,_76:_i8,_77:_i8,_:_SCMRE_76,77_|*MultipleSource*|security/tomoyo/file.c,693|security/tomoyo/file.c, 693|security/tomoyo/file.c,707|Function::tomoyo_init_request_info&Arg::r::}"
CE0x6ca4510 "{CE0x6ca4510|tomoyo_init_request_info:tmp13|*LoadInst*|security/tomoyo/util.c,1011}"
CE0x5b91d00 "{CE0x5b91d00|tomoyo_init_request_info:conv6|security/tomoyo/util.c,1011}"
CE0x58698d0 "{CE0x58698d0|_ret_i32_%conv6,_!dbg_!38926|security/tomoyo/util.c,1011}"
CE0x83060f0 "{CE0x83060f0|tomoyo_path_number_perm:call|security/tomoyo/file.c,701}"
CE0x58794d0 "{CE0x58794d0|tomoyo_path_number_perm:cmp|security/tomoyo/file.c,702}"
CE0x6c0e520 "{CE0x6c0e520|tomoyo_path_number_perm:if.end9}"
CE0x67354a0 "{CE0x67354a0|0:_%struct.tomoyo_obj_info*,_16:_%struct.tomoyo_domain_info*,_24:_%struct.tomoyo_path_info*,_32:_i64,_40:_i8,_72:_i8,_75:_i8,_76:_i8,_77:_i8,_:_SCMRE_30,31_}"
CONST[source:0(mediator),value:2(dynamic)][purpose:{object}][SnkIdx:1]


CONST[source:2(external),value:2(dynamic)][purpose:{subject}][SrcIdx:24]  ->  CONST[source:0(mediator),value:2(dynamic)][purpose:{subject}][SnkIdx:0]
-----------
CONST[source:2(external),value:2(dynamic)][purpose:{subject}][SrcIdx:24]
CE0x598d900 "{CE0x598d900|COLLAPSED:_GCRE_current_task_external_global_%struct.task_struct*:_elem_0::|security/tomoyo/common.h,1205}"
CE0x6668170 "{CE0x6668170|tomoyo_domain:tmp22|security/tomoyo/common.h,1205}"
CE0x6af5ec0 "{CE0x6af5ec0|tomoyo_domain:tmp23|security/tomoyo/common.h,1205}"
CE0x58f4500 "{CE0x58f4500|_ret_%struct.tomoyo_domain_info*_%tmp23,_!dbg_!38929|security/tomoyo/common.h,1205}"
CE0x6803040 "{CE0x6803040|tomoyo_init_request_info:call|security/tomoyo/util.c,1005}"
CE0x688fd30 "{CE0x688fd30|tomoyo_init_request_info:domain.addr.0}"
CE0x67e8ce0 "{CE0x67e8ce0|0:_%struct.tomoyo_obj_info*,_16:_%struct.tomoyo_domain_info*,_24:_%struct.tomoyo_path_info*,_32:_i64,_40:_i8,_72:_i8,_75:_i8,_76:_i8,_77:_i8,_:_SCMRE_16,24_|*MultipleSource*|security/tomoyo/file.c,693|security/tomoyo/file.c, 693|security/tomoyo/file.c,707|Function::tomoyo_init_request_info&Arg::r::}"
CONST[source:0(mediator),value:2(dynamic)][purpose:{subject}][SnkIdx:0]


