[selinux_inode_create]

explicit:
CONST[source:2(external),value:2(dynamic)][purpose:{subject}][SrcIdx:14]  ->  CONST[source:0(mediator),value:2(dynamic)][purpose:{subject}][SnkIdx:4]
-----------
CONST[source:2(external),value:2(dynamic)][purpose:{subject}][SrcIdx:14]
CE0x3f88ae0 "{CE0x3f88ae0|COLLAPSED:_GCMRE_current_task_external_global_%struct.task_struct*:_elem_0::|security/selinux/hooks.c,1706}"
CE0x3f8a190 "{CE0x3f8a190|may_create:tmp20|security/selinux/hooks.c,1706}"
CE0x3f8a480 "{CE0x3f8a480|may_create:tmp21|security/selinux/hooks.c,1706}"
CE0x4051520 "{CE0x4051520|may_create:sid11|security/selinux/hooks.c,1716}"
CE0x404a2f0 "{CE0x404a2f0|may_create:tmp27|security/selinux/hooks.c,1716}"
CE0x404a5d0 "{CE0x404a5d0|may_create:tmp27|security/selinux/hooks.c,1716|*SummSink*}"
CONST[source:0(mediator),value:2(dynamic)][purpose:{subject}][SnkIdx:4]


CONST[source:2(external),value:2(dynamic)][purpose:{subject}][SrcIdx:14]  ->  CONST[source:0(mediator),value:2(dynamic)][purpose:{subject}][SnkIdx:0]
-----------
CONST[source:2(external),value:2(dynamic)][purpose:{subject}][SrcIdx:14]
CE0x3f88ae0 "{CE0x3f88ae0|COLLAPSED:_GCMRE_current_task_external_global_%struct.task_struct*:_elem_0::|security/selinux/hooks.c,1706}"
CE0x3f8a190 "{CE0x3f8a190|may_create:tmp20|security/selinux/hooks.c,1706}"
CE0x3f8a480 "{CE0x3f8a480|may_create:tmp21|security/selinux/hooks.c,1706}"
CE0x4051520 "{CE0x4051520|may_create:sid11|security/selinux/hooks.c,1716}"
CE0x404a2f0 "{CE0x404a2f0|may_create:tmp27|security/selinux/hooks.c,1716}"
CE0x404a5d0 "{CE0x404a5d0|may_create:tmp27|security/selinux/hooks.c,1716|*SummSink*}"
CONST[source:0(mediator),value:2(dynamic)][purpose:{subject}][SnkIdx:0]


CONST[source:2(external),value:2(dynamic)][purpose:{subject}][SrcIdx:14]  ->  CONST[source:0(mediator),value:2(dynamic)][purpose:{object}][SnkIdx:5]
-----------
CONST[source:2(external),value:2(dynamic)][purpose:{subject}][SrcIdx:14]
CE0x3f88ae0 "{CE0x3f88ae0|COLLAPSED:_GCMRE_current_task_external_global_%struct.task_struct*:_elem_0::|security/selinux/hooks.c,1706}"
CE0x3f8a190 "{CE0x3f8a190|may_create:tmp20|security/selinux/hooks.c,1706}"
CE0x3f8a480 "{CE0x3f8a480|may_create:tmp21|security/selinux/hooks.c,1706}"
CE0x404af80 "{CE0x404af80|may_create:create_sid|security/selinux/hooks.c,1717}"
CE0x404af10 "{CE0x404af10|may_create:tmp28|security/selinux/hooks.c,1717}"
CE0x404b620 "{CE0x404b620|0:_i32,_:_SCMRE:_elem_0:default:}"
CE0x407d840 "{CE0x407d840|may_create:tmp55|security/selinux/hooks.c,1735}"
CE0x407da30 "{CE0x407da30|may_create:tmp55|security/selinux/hooks.c,1735|*SummSink*}"
CONST[source:0(mediator),value:2(dynamic)][purpose:{object}][SnkIdx:5]


CONST[source:2(external),value:2(dynamic)][purpose:{subject}][SrcIdx:14]  ->  CONST[source:0(mediator),value:2(dynamic)][purpose:{subject}][SnkIdx:8]
-----------
CONST[source:2(external),value:2(dynamic)][purpose:{subject}][SrcIdx:14]
CE0x3f88ae0 "{CE0x3f88ae0|COLLAPSED:_GCMRE_current_task_external_global_%struct.task_struct*:_elem_0::|security/selinux/hooks.c,1706}"
CE0x3f8a190 "{CE0x3f8a190|may_create:tmp20|security/selinux/hooks.c,1706}"
CE0x3f8a480 "{CE0x3f8a480|may_create:tmp21|security/selinux/hooks.c,1706}"
CE0x404af80 "{CE0x404af80|may_create:create_sid|security/selinux/hooks.c,1717}"
CE0x404af10 "{CE0x404af10|may_create:tmp28|security/selinux/hooks.c,1717}"
CE0x404b620 "{CE0x404b620|0:_i32,_:_SCMRE:_elem_0:default:}"
CE0x3fae5f0 "{CE0x3fae5f0|may_create:tmp64|security/selinux/hooks.c,1739}"
CE0x3fae7e0 "{CE0x3fae7e0|may_create:tmp64|security/selinux/hooks.c,1739|*SummSink*}"
CONST[source:0(mediator),value:2(dynamic)][purpose:{subject}][SnkIdx:8]


CONST[source:1(input),value:2(dynamic)][purpose:{object}][SrcIdx:13]  ->  CONST[source:0(mediator),value:2(dynamic)][purpose:{object}][SnkIdx:6]
-----------
CONST[source:1(input),value:2(dynamic)][purpose:{object}][SrcIdx:13]
CE0x3f6d9f0 "{CE0x3f6d9f0|may_create:tclass|Function::may_create&Arg::tclass::|*SummSource*}"
CE0x3f6d980 "{CE0x3f6d980|may_create:tclass|Function::may_create&Arg::tclass::}"
CE0x3f69aa0 "{CE0x3f69aa0|may_create:tclass|Function::may_create&Arg::tclass::|*SummSink*}"
CONST[source:0(mediator),value:2(dynamic)][purpose:{object}][SnkIdx:6]


CONST[source:1(input),value:2(dynamic)][purpose:{object}][SrcIdx:11]  ->  CONST[source:0(mediator),value:2(dynamic)][purpose:{object}][SnkIdx:1]
-----------
CONST[source:1(input),value:2(dynamic)][purpose:{object}][SrcIdx:11]
CE0x3f745f0 "{CE0x3f745f0|28:_i32,_:_CRE_28,32_|*MultipleSource*|*LoadInst*|security/selinux/hooks.c,1713|security/selinux/hooks.c,1713|security/selinux/hooks.c,1722}"
CE0x4042fb0 "{CE0x4042fb0|may_create:tmp29|security/selinux/hooks.c,1722}"
CE0x40433b0 "{CE0x40433b0|may_create:tmp29|security/selinux/hooks.c,1722|*SummSink*}"
CONST[source:0(mediator),value:2(dynamic)][purpose:{object}][SnkIdx:1]


CONST[source:1(input),value:2(dynamic)][purpose:{object}][SrcIdx:11]  ->  CONST[source:0(mediator),value:2(dynamic)][purpose:{object}][SnkIdx:9]
-----------
CONST[source:1(input),value:2(dynamic)][purpose:{object}][SrcIdx:11]
CE0x3fddbd0 "{CE0x3fddbd0|272:_i8*,_:_CRE_272,280_|*MultipleSource*|*LoadInst*|security/selinux/hooks.c,1714|security/selinux/hooks.c,1714}"
CE0x4038580 "{CE0x4038580|may_create:tmp25|security/selinux/hooks.c,1714}"
CE0x4039e40 "{CE0x4039e40|may_create:tmp26|security/selinux/hooks.c,1714}"
CE0x3f9ee90 "{CE0x3f9ee90|may_create:sid31|security/selinux/hooks.c,1739}"
CE0x3f9f490 "{CE0x3f9f490|may_create:tmp65|security/selinux/hooks.c,1739}"
CE0x3f9f940 "{CE0x3f9f940|may_create:tmp65|security/selinux/hooks.c,1739|*SummSink*}"
CONST[source:0(mediator),value:2(dynamic)][purpose:{object}][SnkIdx:9]



implicit:
CONST[source:2(external),value:2(dynamic)][purpose:{subject}][SrcIdx:14]  ->  CONST[source:0(mediator),value:2(dynamic)][purpose:{subject}][SnkIdx:4]
-----------
CONST[source:2(external),value:2(dynamic)][purpose:{subject}][SrcIdx:14]
CE0x3f88ae0 "{CE0x3f88ae0|COLLAPSED:_GCMRE_current_task_external_global_%struct.task_struct*:_elem_0::|security/selinux/hooks.c,1706}"
CE0x3f8a190 "{CE0x3f8a190|may_create:tmp20|security/selinux/hooks.c,1706}"
CE0x3f8a480 "{CE0x3f8a480|may_create:tmp21|security/selinux/hooks.c,1706}"
CE0x4051520 "{CE0x4051520|may_create:sid11|security/selinux/hooks.c,1716}"
CE0x404a2f0 "{CE0x404a2f0|may_create:tmp27|security/selinux/hooks.c,1716}"
CE0x404a5d0 "{CE0x404a5d0|may_create:tmp27|security/selinux/hooks.c,1716|*SummSink*}"
CONST[source:0(mediator),value:2(dynamic)][purpose:{subject}][SnkIdx:4]


CONST[source:2(external),value:2(dynamic)][purpose:{subject}][SrcIdx:14]  ->  CONST[source:0(mediator),value:2(dynamic)][purpose:{subject}][SnkIdx:0]
-----------
CONST[source:2(external),value:2(dynamic)][purpose:{subject}][SrcIdx:14]
CE0x3f88ae0 "{CE0x3f88ae0|COLLAPSED:_GCMRE_current_task_external_global_%struct.task_struct*:_elem_0::|security/selinux/hooks.c,1706}"
CE0x3f8a190 "{CE0x3f8a190|may_create:tmp20|security/selinux/hooks.c,1706}"
CE0x3f8a480 "{CE0x3f8a480|may_create:tmp21|security/selinux/hooks.c,1706}"
CE0x4051520 "{CE0x4051520|may_create:sid11|security/selinux/hooks.c,1716}"
CE0x404a2f0 "{CE0x404a2f0|may_create:tmp27|security/selinux/hooks.c,1716}"
CE0x404a5d0 "{CE0x404a5d0|may_create:tmp27|security/selinux/hooks.c,1716|*SummSink*}"
CONST[source:0(mediator),value:2(dynamic)][purpose:{subject}][SnkIdx:0]


CONST[source:2(external),value:2(dynamic)][purpose:{subject}][SrcIdx:14]  ->  CONST[source:0(mediator),value:2(dynamic)][purpose:{object}][SnkIdx:5]
-----------
CONST[source:2(external),value:2(dynamic)][purpose:{subject}][SrcIdx:14]
CE0x3f88ae0 "{CE0x3f88ae0|COLLAPSED:_GCMRE_current_task_external_global_%struct.task_struct*:_elem_0::|security/selinux/hooks.c,1706}"
CE0x3f8a190 "{CE0x3f8a190|may_create:tmp20|security/selinux/hooks.c,1706}"
CE0x3f8a480 "{CE0x3f8a480|may_create:tmp21|security/selinux/hooks.c,1706}"
CE0x404af80 "{CE0x404af80|may_create:create_sid|security/selinux/hooks.c,1717}"
CE0x404af10 "{CE0x404af10|may_create:tmp28|security/selinux/hooks.c,1717}"
CE0x404b620 "{CE0x404b620|0:_i32,_:_SCMRE:_elem_0:default:}"
CE0x407d840 "{CE0x407d840|may_create:tmp55|security/selinux/hooks.c,1735}"
CE0x407da30 "{CE0x407da30|may_create:tmp55|security/selinux/hooks.c,1735|*SummSink*}"
CONST[source:0(mediator),value:2(dynamic)][purpose:{object}][SnkIdx:5]


CONST[source:2(external),value:2(dynamic)][purpose:{subject}][SrcIdx:14]  ->  CONST[source:0(mediator),value:2(dynamic)][purpose:{subject}][SnkIdx:8]
-----------
CONST[source:2(external),value:2(dynamic)][purpose:{subject}][SrcIdx:14]
CE0x3f88ae0 "{CE0x3f88ae0|COLLAPSED:_GCMRE_current_task_external_global_%struct.task_struct*:_elem_0::|security/selinux/hooks.c,1706}"
CE0x3f8a190 "{CE0x3f8a190|may_create:tmp20|security/selinux/hooks.c,1706}"
CE0x3f8a480 "{CE0x3f8a480|may_create:tmp21|security/selinux/hooks.c,1706}"
CE0x404af80 "{CE0x404af80|may_create:create_sid|security/selinux/hooks.c,1717}"
CE0x404af10 "{CE0x404af10|may_create:tmp28|security/selinux/hooks.c,1717}"
CE0x404b620 "{CE0x404b620|0:_i32,_:_SCMRE:_elem_0:default:}"
CE0x3fae5f0 "{CE0x3fae5f0|may_create:tmp64|security/selinux/hooks.c,1739}"
CE0x3fae7e0 "{CE0x3fae7e0|may_create:tmp64|security/selinux/hooks.c,1739|*SummSink*}"
CONST[source:0(mediator),value:2(dynamic)][purpose:{subject}][SnkIdx:8]


CONST[source:1(input),value:2(dynamic)][purpose:{object}][SrcIdx:13]  ->  CONST[source:0(mediator),value:2(dynamic)][purpose:{object}][SnkIdx:6]
-----------
CONST[source:1(input),value:2(dynamic)][purpose:{object}][SrcIdx:13]
CE0x3f6d9f0 "{CE0x3f6d9f0|may_create:tclass|Function::may_create&Arg::tclass::|*SummSource*}"
CE0x3f6d980 "{CE0x3f6d980|may_create:tclass|Function::may_create&Arg::tclass::}"
CE0x3f69aa0 "{CE0x3f69aa0|may_create:tclass|Function::may_create&Arg::tclass::|*SummSink*}"
CONST[source:0(mediator),value:2(dynamic)][purpose:{object}][SnkIdx:6]


CONST[source:1(input),value:2(dynamic)][purpose:{object}][SrcIdx:11]  ->  CONST[source:0(mediator),value:2(dynamic)][purpose:{object}][SnkIdx:9]
-----------
CONST[source:1(input),value:2(dynamic)][purpose:{object}][SrcIdx:11]
CE0x3fddbd0 "{CE0x3fddbd0|272:_i8*,_:_CRE_272,280_|*MultipleSource*|*LoadInst*|security/selinux/hooks.c,1714|security/selinux/hooks.c,1714}"
CE0x4038580 "{CE0x4038580|may_create:tmp25|security/selinux/hooks.c,1714}"
CE0x4039e40 "{CE0x4039e40|may_create:tmp26|security/selinux/hooks.c,1714}"
CE0x3f9ee90 "{CE0x3f9ee90|may_create:sid31|security/selinux/hooks.c,1739}"
CE0x3f9f490 "{CE0x3f9f490|may_create:tmp65|security/selinux/hooks.c,1739}"
CE0x3f9f940 "{CE0x3f9f940|may_create:tmp65|security/selinux/hooks.c,1739|*SummSink*}"
CONST[source:0(mediator),value:2(dynamic)][purpose:{object}][SnkIdx:9]


CONST[source:1(input),value:2(dynamic)][purpose:{object}][SrcIdx:11]  ->  CONST[source:0(mediator),value:2(dynamic)][purpose:{object}][SnkIdx:1]
-----------
CONST[source:1(input),value:2(dynamic)][purpose:{object}][SrcIdx:11]
CE0x3f745f0 "{CE0x3f745f0|28:_i32,_:_CRE_28,32_|*MultipleSource*|*LoadInst*|security/selinux/hooks.c,1713|security/selinux/hooks.c,1713|security/selinux/hooks.c,1722}"
CE0x4042fb0 "{CE0x4042fb0|may_create:tmp29|security/selinux/hooks.c,1722}"
CE0x40433b0 "{CE0x40433b0|may_create:tmp29|security/selinux/hooks.c,1722|*SummSink*}"
CONST[source:0(mediator),value:2(dynamic)][purpose:{object}][SnkIdx:1]


