[selinux_file_open]

explicit:
CONST[source:1(input),value:2(dynamic)][purpose:{object}][SrcIdx:7]  ->  CONST[source:0(mediator),value:2(dynamic)][purpose:{object}][SnkIdx:2]
-----------
CONST[source:1(input),value:2(dynamic)][purpose:{object}][SrcIdx:7]
CE0x726fa10 "{CE0x726fa10|VOIDTB_TE:_IE:_elem_0:default:}"
CE0xa1a63d0 "{CE0xa1a63d0|tmp18}"
CE0xa1a66c0 "{CE0xa1a66c0|tmp18}"
CONST[source:0(mediator),value:2(dynamic)][purpose:{object}][SnkIdx:2]


CONST[source:1(input),value:2(dynamic)][purpose:{object}][SrcIdx:7]  ->  CONST[source:0(mediator),value:2(dynamic)][purpose:{object}][SnkIdx:1]
-----------
CONST[source:1(input),value:2(dynamic)][purpose:{object}][SrcIdx:7]
CE0x726fa10 "{CE0x726fa10|VOIDTB_TE:_IE:_elem_0:default:}"
CE0xa1a5eb0 "{CE0xa1a5eb0|tmp17}"
CE0xa1a61b0 "{CE0xa1a61b0|tmp17}"
CONST[source:0(mediator),value:2(dynamic)][purpose:{object}][SnkIdx:1]


CONST[source:1(input),value:2(dynamic)][purpose:{object}][SrcIdx:7]  ->  CONST[source:0(mediator),value:2(dynamic)][purpose:{subject}][SnkIdx:0]
-----------
CONST[source:1(input),value:2(dynamic)][purpose:{object}][SrcIdx:7]
CE0x726fa10 "{CE0x726fa10|VOIDTB_TE:_IE:_elem_0:default:}"
CE0xa1c7840 "{CE0xa1c7840|tmp6}"
CE0xa1a90e0 "{CE0xa1a90e0|_ret_i32_%tmp6,_!dbg_!27716}"
CE0xa1a8960 "{CE0xa1a8960|call}"
CE0xa1a8b00 "{CE0xa1a8b00|call}"
CONST[source:0(mediator),value:2(dynamic)][purpose:{subject}][SnkIdx:0]


CONST[source:1(input),value:2(dynamic)][purpose:{operation}][SrcIdx:9]  ->  CONST[source:0(mediator),value:2(dynamic)][purpose:{object}][SnkIdx:2]
-----------
CONST[source:1(input),value:2(dynamic)][purpose:{operation}][SrcIdx:9]
CE0x726fa10 "{CE0x726fa10|VOIDTB_TE:_IE:_elem_0:default:}"
CE0xa1a63d0 "{CE0xa1a63d0|tmp18}"
CE0xa1a66c0 "{CE0xa1a66c0|tmp18}"
CONST[source:0(mediator),value:2(dynamic)][purpose:{object}][SnkIdx:2]


CONST[source:1(input),value:2(dynamic)][purpose:{operation}][SrcIdx:9]  ->  CONST[source:0(mediator),value:2(dynamic)][purpose:{object}][SnkIdx:1]
-----------
CONST[source:1(input),value:2(dynamic)][purpose:{operation}][SrcIdx:9]
CE0x726fa10 "{CE0x726fa10|VOIDTB_TE:_IE:_elem_0:default:}"
CE0xa1a5eb0 "{CE0xa1a5eb0|tmp17}"
CE0xa1a61b0 "{CE0xa1a61b0|tmp17}"
CONST[source:0(mediator),value:2(dynamic)][purpose:{object}][SnkIdx:1]


CONST[source:1(input),value:2(dynamic)][purpose:{operation}][SrcIdx:9]  ->  CONST[source:0(mediator),value:2(dynamic)][purpose:{subject}][SnkIdx:0]
-----------
CONST[source:1(input),value:2(dynamic)][purpose:{operation}][SrcIdx:9]
CE0x726fa10 "{CE0x726fa10|VOIDTB_TE:_IE:_elem_0:default:}"
CE0xa1c7840 "{CE0xa1c7840|tmp6}"
CE0xa1a90e0 "{CE0xa1a90e0|_ret_i32_%tmp6,_!dbg_!27716}"
CE0xa1a8960 "{CE0xa1a8960|call}"
CE0xa1a8b00 "{CE0xa1a8b00|call}"
CONST[source:0(mediator),value:2(dynamic)][purpose:{subject}][SnkIdx:0]


CONST[source:1(input),value:2(dynamic)][purpose:{subject}][SrcIdx:10]  ->  CONST[source:0(mediator),value:2(dynamic)][purpose:{object}][SnkIdx:2]
-----------
CONST[source:1(input),value:2(dynamic)][purpose:{subject}][SrcIdx:10]
CE0x726fa10 "{CE0x726fa10|VOIDTB_TE:_IE:_elem_0:default:}"
CE0xa1a63d0 "{CE0xa1a63d0|tmp18}"
CE0xa1a66c0 "{CE0xa1a66c0|tmp18}"
CONST[source:0(mediator),value:2(dynamic)][purpose:{object}][SnkIdx:2]


CONST[source:1(input),value:2(dynamic)][purpose:{subject}][SrcIdx:10]  ->  CONST[source:0(mediator),value:2(dynamic)][purpose:{object}][SnkIdx:1]
-----------
CONST[source:1(input),value:2(dynamic)][purpose:{subject}][SrcIdx:10]
CE0x726fa10 "{CE0x726fa10|VOIDTB_TE:_IE:_elem_0:default:}"
CE0xa1a5eb0 "{CE0xa1a5eb0|tmp17}"
CE0xa1a61b0 "{CE0xa1a61b0|tmp17}"
CONST[source:0(mediator),value:2(dynamic)][purpose:{object}][SnkIdx:1]


CONST[source:1(input),value:2(dynamic)][purpose:{subject}][SrcIdx:10]  ->  CONST[source:0(mediator),value:2(dynamic)][purpose:{subject}][SnkIdx:0]
-----------
CONST[source:1(input),value:2(dynamic)][purpose:{subject}][SrcIdx:10]
CE0x726fa10 "{CE0x726fa10|VOIDTB_TE:_IE:_elem_0:default:}"
CE0xa1c7840 "{CE0xa1c7840|tmp6}"
CE0xa1a90e0 "{CE0xa1a90e0|_ret_i32_%tmp6,_!dbg_!27716}"
CE0xa1a8960 "{CE0xa1a8960|call}"
CE0xa1a8b00 "{CE0xa1a8b00|call}"
CONST[source:0(mediator),value:2(dynamic)][purpose:{subject}][SnkIdx:0]


CONST[source:1(input),value:2(dynamic)][purpose:{operation}][SrcIdx:8]  ->  CONST[source:0(mediator),value:2(dynamic)][purpose:{object}][SnkIdx:2]
-----------
CONST[source:1(input),value:2(dynamic)][purpose:{operation}][SrcIdx:8]
CE0x726fa10 "{CE0x726fa10|VOIDTB_TE:_IE:_elem_0:default:}"
CE0xa1a63d0 "{CE0xa1a63d0|tmp18}"
CE0xa1a66c0 "{CE0xa1a66c0|tmp18}"
CONST[source:0(mediator),value:2(dynamic)][purpose:{object}][SnkIdx:2]


CONST[source:1(input),value:2(dynamic)][purpose:{operation}][SrcIdx:8]  ->  CONST[source:0(mediator),value:2(dynamic)][purpose:{object}][SnkIdx:1]
-----------
CONST[source:1(input),value:2(dynamic)][purpose:{operation}][SrcIdx:8]
CE0x726fa10 "{CE0x726fa10|VOIDTB_TE:_IE:_elem_0:default:}"
CE0xa1a5eb0 "{CE0xa1a5eb0|tmp17}"
CE0xa1a61b0 "{CE0xa1a61b0|tmp17}"
CONST[source:0(mediator),value:2(dynamic)][purpose:{object}][SnkIdx:1]


CONST[source:1(input),value:2(dynamic)][purpose:{operation}][SrcIdx:8]  ->  CONST[source:0(mediator),value:2(dynamic)][purpose:{subject}][SnkIdx:0]
-----------
CONST[source:1(input),value:2(dynamic)][purpose:{operation}][SrcIdx:8]
CE0x726fa10 "{CE0x726fa10|VOIDTB_TE:_IE:_elem_0:default:}"
CE0xa1c7840 "{CE0xa1c7840|tmp6}"
CE0xa1a90e0 "{CE0xa1a90e0|_ret_i32_%tmp6,_!dbg_!27716}"
CE0xa1a8960 "{CE0xa1a8960|call}"
CE0xa1a8b00 "{CE0xa1a8b00|call}"
CONST[source:0(mediator),value:2(dynamic)][purpose:{subject}][SnkIdx:0]



implicit:
CONST[source:1(input),value:2(dynamic)][purpose:{subject}][SrcIdx:10]  ->  CONST[source:0(mediator),value:2(dynamic)][purpose:{object}][SnkIdx:2]
-----------
CONST[source:1(input),value:2(dynamic)][purpose:{subject}][SrcIdx:10]
CE0x726fa10 "{CE0x726fa10|VOIDTB_TE:_IE:_elem_0:default:}"
CE0xa1a63d0 "{CE0xa1a63d0|tmp18}"
CE0xa1a66c0 "{CE0xa1a66c0|tmp18}"
CONST[source:0(mediator),value:2(dynamic)][purpose:{object}][SnkIdx:2]


CONST[source:1(input),value:2(dynamic)][purpose:{subject}][SrcIdx:10]  ->  CONST[source:0(mediator),value:2(dynamic)][purpose:{subject}][SnkIdx:0]
-----------
CONST[source:1(input),value:2(dynamic)][purpose:{subject}][SrcIdx:10]
CE0x726fa10 "{CE0x726fa10|VOIDTB_TE:_IE:_elem_0:default:}"
CE0xa1c7840 "{CE0xa1c7840|tmp6}"
CE0xa1a90e0 "{CE0xa1a90e0|_ret_i32_%tmp6,_!dbg_!27716}"
CE0xa1a8960 "{CE0xa1a8960|call}"
CE0xa1a8b00 "{CE0xa1a8b00|call}"
CONST[source:0(mediator),value:2(dynamic)][purpose:{subject}][SnkIdx:0]


CONST[source:1(input),value:2(dynamic)][purpose:{subject}][SrcIdx:10]  ->  CONST[source:0(mediator),value:2(dynamic)][purpose:{object}][SnkIdx:1]
-----------
CONST[source:1(input),value:2(dynamic)][purpose:{subject}][SrcIdx:10]
CE0x726fa10 "{CE0x726fa10|VOIDTB_TE:_IE:_elem_0:default:}"
CE0xa1a5eb0 "{CE0xa1a5eb0|tmp17}"
CE0xa1a61b0 "{CE0xa1a61b0|tmp17}"
CONST[source:0(mediator),value:2(dynamic)][purpose:{object}][SnkIdx:1]


CONST[source:1(input),value:2(dynamic)][purpose:{object}][SrcIdx:7]  ->  CONST[source:0(mediator),value:2(dynamic)][purpose:{object}][SnkIdx:2]
-----------
CONST[source:1(input),value:2(dynamic)][purpose:{object}][SrcIdx:7]
CE0x726fa10 "{CE0x726fa10|VOIDTB_TE:_IE:_elem_0:default:}"
CE0xa1a63d0 "{CE0xa1a63d0|tmp18}"
CE0xa1a66c0 "{CE0xa1a66c0|tmp18}"
CONST[source:0(mediator),value:2(dynamic)][purpose:{object}][SnkIdx:2]


CONST[source:1(input),value:2(dynamic)][purpose:{object}][SrcIdx:7]  ->  CONST[source:0(mediator),value:2(dynamic)][purpose:{subject}][SnkIdx:0]
-----------
CONST[source:1(input),value:2(dynamic)][purpose:{object}][SrcIdx:7]
CE0x726fa10 "{CE0x726fa10|VOIDTB_TE:_IE:_elem_0:default:}"
CE0xa1c7840 "{CE0xa1c7840|tmp6}"
CE0xa1a90e0 "{CE0xa1a90e0|_ret_i32_%tmp6,_!dbg_!27716}"
CE0xa1a8960 "{CE0xa1a8960|call}"
CE0xa1a8b00 "{CE0xa1a8b00|call}"
CONST[source:0(mediator),value:2(dynamic)][purpose:{subject}][SnkIdx:0]


CONST[source:1(input),value:2(dynamic)][purpose:{object}][SrcIdx:7]  ->  CONST[source:0(mediator),value:2(dynamic)][purpose:{object}][SnkIdx:1]
-----------
CONST[source:1(input),value:2(dynamic)][purpose:{object}][SrcIdx:7]
CE0x726fa10 "{CE0x726fa10|VOIDTB_TE:_IE:_elem_0:default:}"
CE0xa1a5eb0 "{CE0xa1a5eb0|tmp17}"
CE0xa1a61b0 "{CE0xa1a61b0|tmp17}"
CONST[source:0(mediator),value:2(dynamic)][purpose:{object}][SnkIdx:1]


CONST[source:1(input),value:2(dynamic)][purpose:{operation}][SrcIdx:8]  ->  CONST[source:0(mediator),value:2(dynamic)][purpose:{object}][SnkIdx:2]
-----------
CONST[source:1(input),value:2(dynamic)][purpose:{operation}][SrcIdx:8]
CE0x726fa10 "{CE0x726fa10|VOIDTB_TE:_IE:_elem_0:default:}"
CE0xa1a63d0 "{CE0xa1a63d0|tmp18}"
CE0xa1a66c0 "{CE0xa1a66c0|tmp18}"
CONST[source:0(mediator),value:2(dynamic)][purpose:{object}][SnkIdx:2]


CONST[source:1(input),value:2(dynamic)][purpose:{operation}][SrcIdx:8]  ->  CONST[source:0(mediator),value:2(dynamic)][purpose:{subject}][SnkIdx:0]
-----------
CONST[source:1(input),value:2(dynamic)][purpose:{operation}][SrcIdx:8]
CE0x726fa10 "{CE0x726fa10|VOIDTB_TE:_IE:_elem_0:default:}"
CE0xa1c7840 "{CE0xa1c7840|tmp6}"
CE0xa1a90e0 "{CE0xa1a90e0|_ret_i32_%tmp6,_!dbg_!27716}"
CE0xa1a8960 "{CE0xa1a8960|call}"
CE0xa1a8b00 "{CE0xa1a8b00|call}"
CONST[source:0(mediator),value:2(dynamic)][purpose:{subject}][SnkIdx:0]


CONST[source:1(input),value:2(dynamic)][purpose:{operation}][SrcIdx:8]  ->  CONST[source:0(mediator),value:2(dynamic)][purpose:{object}][SnkIdx:1]
-----------
CONST[source:1(input),value:2(dynamic)][purpose:{operation}][SrcIdx:8]
CE0x726fa10 "{CE0x726fa10|VOIDTB_TE:_IE:_elem_0:default:}"
CE0xa1a5eb0 "{CE0xa1a5eb0|tmp17}"
CE0xa1a61b0 "{CE0xa1a61b0|tmp17}"
CONST[source:0(mediator),value:2(dynamic)][purpose:{object}][SnkIdx:1]


CONST[source:1(input),value:2(dynamic)][purpose:{operation}][SrcIdx:9]  ->  CONST[source:0(mediator),value:2(dynamic)][purpose:{object}][SnkIdx:2]
-----------
CONST[source:1(input),value:2(dynamic)][purpose:{operation}][SrcIdx:9]
CE0x726fa10 "{CE0x726fa10|VOIDTB_TE:_IE:_elem_0:default:}"
CE0xa1a63d0 "{CE0xa1a63d0|tmp18}"
CE0xa1a66c0 "{CE0xa1a66c0|tmp18}"
CONST[source:0(mediator),value:2(dynamic)][purpose:{object}][SnkIdx:2]


CONST[source:1(input),value:2(dynamic)][purpose:{operation}][SrcIdx:9]  ->  CONST[source:0(mediator),value:2(dynamic)][purpose:{subject}][SnkIdx:0]
-----------
CONST[source:1(input),value:2(dynamic)][purpose:{operation}][SrcIdx:9]
CE0x726fa10 "{CE0x726fa10|VOIDTB_TE:_IE:_elem_0:default:}"
CE0xa1c7840 "{CE0xa1c7840|tmp6}"
CE0xa1a90e0 "{CE0xa1a90e0|_ret_i32_%tmp6,_!dbg_!27716}"
CE0xa1a8960 "{CE0xa1a8960|call}"
CE0xa1a8b00 "{CE0xa1a8b00|call}"
CONST[source:0(mediator),value:2(dynamic)][purpose:{subject}][SnkIdx:0]


CONST[source:1(input),value:2(dynamic)][purpose:{operation}][SrcIdx:9]  ->  CONST[source:0(mediator),value:2(dynamic)][purpose:{object}][SnkIdx:1]
-----------
CONST[source:1(input),value:2(dynamic)][purpose:{operation}][SrcIdx:9]
CE0x726fa10 "{CE0x726fa10|VOIDTB_TE:_IE:_elem_0:default:}"
CE0xa1a5eb0 "{CE0xa1a5eb0|tmp17}"
CE0xa1a61b0 "{CE0xa1a61b0|tmp17}"
CONST[source:0(mediator),value:2(dynamic)][purpose:{object}][SnkIdx:1]


