[selinux_quota_on]

explicit:
CONST[source:0(mediator),value:2(dynamic)][purpose:{subject}][SrcIdx:4]  ->  CONST[source:0(mediator),value:2(dynamic)][purpose:{object}][SnkIdx:1]
-----------
CONST[source:0(mediator),value:2(dynamic)][purpose:{subject}][SrcIdx:4]
CE0x917fb70 "{CE0x917fb70|VOIDTB_TE:_IE:_elem_0:default:}"
CE0x91bba90 "{CE0x91bba90|tmp17}"
CE0x9180af0 "{CE0x9180af0|tmp17}"
CONST[source:0(mediator),value:2(dynamic)][purpose:{object}][SnkIdx:1]


CONST[source:0(mediator),value:2(dynamic)][purpose:{subject}][SrcIdx:4]  ->  CONST[source:0(mediator),value:2(dynamic)][purpose:{object}][SnkIdx:2]
-----------
CONST[source:0(mediator),value:2(dynamic)][purpose:{subject}][SrcIdx:4]
CE0x917fb70 "{CE0x917fb70|VOIDTB_TE:_IE:_elem_0:default:}"
CE0x9180d70 "{CE0x9180d70|tmp18}"
CE0x9181090 "{CE0x9181090|tmp18}"
CONST[source:0(mediator),value:2(dynamic)][purpose:{object}][SnkIdx:2]


CONST[source:2(external),value:2(dynamic)][purpose:{subject}][SrcIdx:3]  ->  CONST[source:0(mediator),value:2(dynamic)][purpose:{object}][SnkIdx:1]
-----------
CONST[source:2(external),value:2(dynamic)][purpose:{subject}][SrcIdx:3]
CE0x917fb70 "{CE0x917fb70|VOIDTB_TE:_IE:_elem_0:default:}"
CE0x91bba90 "{CE0x91bba90|tmp17}"
CE0x9180af0 "{CE0x9180af0|tmp17}"
CONST[source:0(mediator),value:2(dynamic)][purpose:{object}][SnkIdx:1]


CONST[source:2(external),value:2(dynamic)][purpose:{subject}][SrcIdx:3]  ->  CONST[source:0(mediator),value:2(dynamic)][purpose:{subject}][SnkIdx:0]
-----------
CONST[source:2(external),value:2(dynamic)][purpose:{subject}][SrcIdx:3]
CE0x917fb70 "{CE0x917fb70|VOIDTB_TE:_IE:_elem_0:default:}"
CE0x91762f0 "{CE0x91762f0|tmp6}"
CE0x9187a30 "{CE0x9187a30|_ret_i32_%tmp6,_!dbg_!27716}"
CE0x91bc2e0 "{CE0x91bc2e0|call}"
CE0x9187450 "{CE0x9187450|call}"
CONST[source:0(mediator),value:2(dynamic)][purpose:{subject}][SnkIdx:0]


CONST[source:2(external),value:2(dynamic)][purpose:{subject}][SrcIdx:3]  ->  CONST[source:0(mediator),value:2(dynamic)][purpose:{object}][SnkIdx:2]
-----------
CONST[source:2(external),value:2(dynamic)][purpose:{subject}][SrcIdx:3]
CE0x917fb70 "{CE0x917fb70|VOIDTB_TE:_IE:_elem_0:default:}"
CE0x9180d70 "{CE0x9180d70|tmp18}"
CE0x9181090 "{CE0x9181090|tmp18}"
CONST[source:0(mediator),value:2(dynamic)][purpose:{object}][SnkIdx:2]


CONST[source:1(input),value:2(dynamic)][purpose:{object}][SrcIdx:1]  ->  CONST[source:0(mediator),value:2(dynamic)][purpose:{object}][SnkIdx:1]
-----------
CONST[source:1(input),value:2(dynamic)][purpose:{object}][SrcIdx:1]
CE0x917fb70 "{CE0x917fb70|VOIDTB_TE:_IE:_elem_0:default:}"
CE0x91bba90 "{CE0x91bba90|tmp17}"
CE0x9180af0 "{CE0x9180af0|tmp17}"
CONST[source:0(mediator),value:2(dynamic)][purpose:{object}][SnkIdx:1]


CONST[source:1(input),value:2(dynamic)][purpose:{object}][SrcIdx:1]  ->  CONST[source:0(mediator),value:2(dynamic)][purpose:{subject}][SnkIdx:0]
-----------
CONST[source:1(input),value:2(dynamic)][purpose:{object}][SrcIdx:1]
CE0x917fb70 "{CE0x917fb70|VOIDTB_TE:_IE:_elem_0:default:}"
CE0x91762f0 "{CE0x91762f0|tmp6}"
CE0x9187a30 "{CE0x9187a30|_ret_i32_%tmp6,_!dbg_!27716}"
CE0x91bc2e0 "{CE0x91bc2e0|call}"
CE0x9187450 "{CE0x9187450|call}"
CONST[source:0(mediator),value:2(dynamic)][purpose:{subject}][SnkIdx:0]


CONST[source:1(input),value:2(dynamic)][purpose:{object}][SrcIdx:1]  ->  CONST[source:0(mediator),value:2(dynamic)][purpose:{object}][SnkIdx:2]
-----------
CONST[source:1(input),value:2(dynamic)][purpose:{object}][SrcIdx:1]
CE0x917fb70 "{CE0x917fb70|VOIDTB_TE:_IE:_elem_0:default:}"
CE0x9180d70 "{CE0x9180d70|tmp18}"
CE0x9181090 "{CE0x9181090|tmp18}"
CONST[source:0(mediator),value:2(dynamic)][purpose:{object}][SnkIdx:2]



implicit:
CONST[source:2(external),value:2(dynamic)][purpose:{subject}][SrcIdx:3]  ->  CONST[source:0(mediator),value:2(dynamic)][purpose:{subject}][SnkIdx:0]
-----------
CONST[source:2(external),value:2(dynamic)][purpose:{subject}][SrcIdx:3]
CE0x917fb70 "{CE0x917fb70|VOIDTB_TE:_IE:_elem_0:default:}"
CE0x91762f0 "{CE0x91762f0|tmp6}"
CE0x9187a30 "{CE0x9187a30|_ret_i32_%tmp6,_!dbg_!27716}"
CE0x91bc2e0 "{CE0x91bc2e0|call}"
CE0x9187450 "{CE0x9187450|call}"
CONST[source:0(mediator),value:2(dynamic)][purpose:{subject}][SnkIdx:0]


CONST[source:2(external),value:2(dynamic)][purpose:{subject}][SrcIdx:3]  ->  CONST[source:0(mediator),value:2(dynamic)][purpose:{object}][SnkIdx:1]
-----------
CONST[source:2(external),value:2(dynamic)][purpose:{subject}][SrcIdx:3]
CE0x917fb70 "{CE0x917fb70|VOIDTB_TE:_IE:_elem_0:default:}"
CE0x91bba90 "{CE0x91bba90|tmp17}"
CE0x9180af0 "{CE0x9180af0|tmp17}"
CONST[source:0(mediator),value:2(dynamic)][purpose:{object}][SnkIdx:1]


CONST[source:2(external),value:2(dynamic)][purpose:{subject}][SrcIdx:3]  ->  CONST[source:0(mediator),value:2(dynamic)][purpose:{object}][SnkIdx:2]
-----------
CONST[source:2(external),value:2(dynamic)][purpose:{subject}][SrcIdx:3]
CE0x917fb70 "{CE0x917fb70|VOIDTB_TE:_IE:_elem_0:default:}"
CE0x9180d70 "{CE0x9180d70|tmp18}"
CE0x9181090 "{CE0x9181090|tmp18}"
CONST[source:0(mediator),value:2(dynamic)][purpose:{object}][SnkIdx:2]


CONST[source:1(input),value:2(dynamic)][purpose:{object}][SrcIdx:1]  ->  CONST[source:0(mediator),value:2(dynamic)][purpose:{subject}][SnkIdx:0]
-----------
CONST[source:1(input),value:2(dynamic)][purpose:{object}][SrcIdx:1]
CE0x917fb70 "{CE0x917fb70|VOIDTB_TE:_IE:_elem_0:default:}"
CE0x91762f0 "{CE0x91762f0|tmp6}"
CE0x9187a30 "{CE0x9187a30|_ret_i32_%tmp6,_!dbg_!27716}"
CE0x91bc2e0 "{CE0x91bc2e0|call}"
CE0x9187450 "{CE0x9187450|call}"
CONST[source:0(mediator),value:2(dynamic)][purpose:{subject}][SnkIdx:0]


CONST[source:1(input),value:2(dynamic)][purpose:{object}][SrcIdx:1]  ->  CONST[source:0(mediator),value:2(dynamic)][purpose:{object}][SnkIdx:1]
-----------
CONST[source:1(input),value:2(dynamic)][purpose:{object}][SrcIdx:1]
CE0x917fb70 "{CE0x917fb70|VOIDTB_TE:_IE:_elem_0:default:}"
CE0x91bba90 "{CE0x91bba90|tmp17}"
CE0x9180af0 "{CE0x9180af0|tmp17}"
CONST[source:0(mediator),value:2(dynamic)][purpose:{object}][SnkIdx:1]


CONST[source:1(input),value:2(dynamic)][purpose:{object}][SrcIdx:1]  ->  CONST[source:0(mediator),value:2(dynamic)][purpose:{object}][SnkIdx:2]
-----------
CONST[source:1(input),value:2(dynamic)][purpose:{object}][SrcIdx:1]
CE0x917fb70 "{CE0x917fb70|VOIDTB_TE:_IE:_elem_0:default:}"
CE0x9180d70 "{CE0x9180d70|tmp18}"
CE0x9181090 "{CE0x9181090|tmp18}"
CONST[source:0(mediator),value:2(dynamic)][purpose:{object}][SnkIdx:2]


CONST[source:0(mediator),value:2(dynamic)][purpose:{subject}][SrcIdx:4]  ->  CONST[source:0(mediator),value:2(dynamic)][purpose:{object}][SnkIdx:1]
-----------
CONST[source:0(mediator),value:2(dynamic)][purpose:{subject}][SrcIdx:4]
CE0x917fb70 "{CE0x917fb70|VOIDTB_TE:_IE:_elem_0:default:}"
CE0x91bba90 "{CE0x91bba90|tmp17}"
CE0x9180af0 "{CE0x9180af0|tmp17}"
CONST[source:0(mediator),value:2(dynamic)][purpose:{object}][SnkIdx:1]


CONST[source:0(mediator),value:2(dynamic)][purpose:{subject}][SrcIdx:4]  ->  CONST[source:0(mediator),value:2(dynamic)][purpose:{object}][SnkIdx:2]
-----------
CONST[source:0(mediator),value:2(dynamic)][purpose:{subject}][SrcIdx:4]
CE0x917fb70 "{CE0x917fb70|VOIDTB_TE:_IE:_elem_0:default:}"
CE0x9180d70 "{CE0x9180d70|tmp18}"
CE0x9181090 "{CE0x9181090|tmp18}"
CONST[source:0(mediator),value:2(dynamic)][purpose:{object}][SnkIdx:2]


