[selinux_vm_enough_memory]

explicit:
CONST[source:2(external),value:2(dynamic)][purpose:{subject}][SrcIdx:18]  ->  CONST[source:0(mediator),value:2(dynamic)][purpose:{object}][SnkIdx:5]
-----------
CONST[source:2(external),value:2(dynamic)][purpose:{subject}][SrcIdx:18]
CE0x88bd220 "{CE0x88bd220|VOIDTB_TE:_IE:_elem_0:default:}"
CE0x88e1860 "{CE0x88e1860|tmp6}"
CE0x88a8060 "{CE0x88a8060|_ret_i32_%tmp6,_!dbg_!27716}"
CE0x8945c60 "{CE0x8945c60|call}"
CE0x88a6ff0 "{CE0x88a6ff0|call}"
CONST[source:0(mediator),value:2(dynamic)][purpose:{object}][SnkIdx:5]


CONST[source:2(external),value:2(dynamic)][purpose:{subject}][SrcIdx:18]  ->  CONST[source:0(mediator),value:2(dynamic)][purpose:{subject}][SnkIdx:0]
-----------
CONST[source:2(external),value:2(dynamic)][purpose:{subject}][SrcIdx:18]
CE0x88bd220 "{CE0x88bd220|VOIDTB_TE:_IE:_elem_0:default:}"
CE0x88e1860 "{CE0x88e1860|tmp6}"
CE0x88a8060 "{CE0x88a8060|_ret_i32_%tmp6,_!dbg_!27716}"
CE0x8945c60 "{CE0x8945c60|call}"
CE0x88a6ff0 "{CE0x88a6ff0|call}"
CONST[source:0(mediator),value:2(dynamic)][purpose:{subject}][SnkIdx:0]


CONST[source:2(external),value:2(dynamic)][purpose:{subject}][SrcIdx:18]  ->  CONST[source:0(mediator),value:2(dynamic)][purpose:{subject}][SnkIdx:4]
-----------
CONST[source:2(external),value:2(dynamic)][purpose:{subject}][SrcIdx:18]
CE0x88bd220 "{CE0x88bd220|VOIDTB_TE:_IE:_elem_0:default:}"
CE0x88e1860 "{CE0x88e1860|tmp6}"
CE0x88a8060 "{CE0x88a8060|_ret_i32_%tmp6,_!dbg_!27716}"
CE0x8945c60 "{CE0x8945c60|call}"
CE0x88a6ff0 "{CE0x88a6ff0|call}"
CONST[source:0(mediator),value:2(dynamic)][purpose:{subject}][SnkIdx:4]


CONST[source:2(external),value:2(dynamic)][purpose:{subject}][SrcIdx:18]  ->  CONST[source:0(mediator),value:2(dynamic)][purpose:{object}][SnkIdx:1]
-----------
CONST[source:2(external),value:2(dynamic)][purpose:{subject}][SrcIdx:18]
CE0x88bd220 "{CE0x88bd220|VOIDTB_TE:_IE:_elem_0:default:}"
CE0x88e1860 "{CE0x88e1860|tmp6}"
CE0x88a8060 "{CE0x88a8060|_ret_i32_%tmp6,_!dbg_!27716}"
CE0x8945c60 "{CE0x8945c60|call}"
CE0x88a6ff0 "{CE0x88a6ff0|call}"
CONST[source:0(mediator),value:2(dynamic)][purpose:{object}][SnkIdx:1]


CONST[source:0(mediator),value:2(dynamic)][purpose:{subject}][SrcIdx:19]  ->  CONST[source:0(mediator),value:2(dynamic)][purpose:{object}][SnkIdx:5]
-----------
CONST[source:0(mediator),value:2(dynamic)][purpose:{subject}][SrcIdx:19]
CE0x88bd220 "{CE0x88bd220|VOIDTB_TE:_IE:_elem_0:default:}"
CE0x88e1860 "{CE0x88e1860|tmp6}"
CE0x88a8060 "{CE0x88a8060|_ret_i32_%tmp6,_!dbg_!27716}"
CE0x8945c60 "{CE0x8945c60|call}"
CE0x88a6ff0 "{CE0x88a6ff0|call}"
CONST[source:0(mediator),value:2(dynamic)][purpose:{object}][SnkIdx:5]


CONST[source:0(mediator),value:2(dynamic)][purpose:{subject}][SrcIdx:19]  ->  CONST[source:0(mediator),value:2(dynamic)][purpose:{object}][SnkIdx:1]
-----------
CONST[source:0(mediator),value:2(dynamic)][purpose:{subject}][SrcIdx:19]
CE0x88bd220 "{CE0x88bd220|VOIDTB_TE:_IE:_elem_0:default:}"
CE0x88e1860 "{CE0x88e1860|tmp6}"
CE0x88a8060 "{CE0x88a8060|_ret_i32_%tmp6,_!dbg_!27716}"
CE0x8945c60 "{CE0x8945c60|call}"
CE0x88a6ff0 "{CE0x88a6ff0|call}"
CONST[source:0(mediator),value:2(dynamic)][purpose:{object}][SnkIdx:1]


CONST[source:2(external),value:0(static)][purpose:{operation}][SrcIdx:17]  ->  CONST[source:0(mediator),value:2(dynamic)][purpose:{object}][SnkIdx:5]
-----------
CONST[source:2(external),value:0(static)][purpose:{operation}][SrcIdx:17]
CE0x89018b0 "{CE0x89018b0|cap}"
CE0x89017d0 "{CE0x89017d0|cap}"
CE0x88bd220 "{CE0x88bd220|VOIDTB_TE:_IE:_elem_0:default:}"
CE0x88e1860 "{CE0x88e1860|tmp6}"
CE0x88a8060 "{CE0x88a8060|_ret_i32_%tmp6,_!dbg_!27716}"
CE0x8945c60 "{CE0x8945c60|call}"
CE0x88a6ff0 "{CE0x88a6ff0|call}"
CONST[source:0(mediator),value:2(dynamic)][purpose:{object}][SnkIdx:5]


CONST[source:2(external),value:0(static)][purpose:{operation}][SrcIdx:17]  ->  CONST[source:0(mediator),value:0(static)][purpose:{operation}][SnkIdx:7]
-----------
CONST[source:2(external),value:0(static)][purpose:{operation}][SrcIdx:17]
CE0x89018b0 "{CE0x89018b0|cap}"
CE0x89017d0 "{CE0x89017d0|cap}"
CE0x889f070 "{CE0x889f070|cap}"
CE0x88a14b0 "{CE0x88a14b0|and}"
CE0x88a1590 "{CE0x88a1590|shl}"
CE0x890cd80 "{CE0x890cd80|shl}"
CONST[source:0(mediator),value:0(static)][purpose:{operation}][SnkIdx:7]


CONST[source:2(external),value:0(static)][purpose:{operation}][SrcIdx:17]  ->  CONST[source:0(mediator),value:0(static)][purpose:{operation}][SnkIdx:3]
-----------
CONST[source:2(external),value:0(static)][purpose:{operation}][SrcIdx:17]
CE0x89018b0 "{CE0x89018b0|cap}"
CE0x89017d0 "{CE0x89017d0|cap}"
CE0x889f070 "{CE0x889f070|cap}"
CE0x88a14b0 "{CE0x88a14b0|and}"
CE0x88a1590 "{CE0x88a1590|shl}"
CE0x890cd80 "{CE0x890cd80|shl}"
CONST[source:0(mediator),value:0(static)][purpose:{operation}][SnkIdx:3]


CONST[source:2(external),value:0(static)][purpose:{operation}][SrcIdx:17]  ->  CONST[source:0(mediator),value:2(dynamic)][purpose:{subject}][SnkIdx:0]
-----------
CONST[source:2(external),value:0(static)][purpose:{operation}][SrcIdx:17]
CE0x89018b0 "{CE0x89018b0|cap}"
CE0x89017d0 "{CE0x89017d0|cap}"
CE0x88bd220 "{CE0x88bd220|VOIDTB_TE:_IE:_elem_0:default:}"
CE0x88e1860 "{CE0x88e1860|tmp6}"
CE0x88a8060 "{CE0x88a8060|_ret_i32_%tmp6,_!dbg_!27716}"
CE0x8945c60 "{CE0x8945c60|call}"
CE0x88a6ff0 "{CE0x88a6ff0|call}"
CONST[source:0(mediator),value:2(dynamic)][purpose:{subject}][SnkIdx:0]


CONST[source:2(external),value:0(static)][purpose:{operation}][SrcIdx:17]  ->  CONST[source:0(mediator),value:2(dynamic)][purpose:{subject}][SnkIdx:4]
-----------
CONST[source:2(external),value:0(static)][purpose:{operation}][SrcIdx:17]
CE0x89018b0 "{CE0x89018b0|cap}"
CE0x89017d0 "{CE0x89017d0|cap}"
CE0x88bd220 "{CE0x88bd220|VOIDTB_TE:_IE:_elem_0:default:}"
CE0x88e1860 "{CE0x88e1860|tmp6}"
CE0x88a8060 "{CE0x88a8060|_ret_i32_%tmp6,_!dbg_!27716}"
CE0x8945c60 "{CE0x8945c60|call}"
CE0x88a6ff0 "{CE0x88a6ff0|call}"
CONST[source:0(mediator),value:2(dynamic)][purpose:{subject}][SnkIdx:4]


CONST[source:2(external),value:0(static)][purpose:{operation}][SrcIdx:17]  ->  CONST[source:0(mediator),value:2(dynamic)][purpose:{object}][SnkIdx:1]
-----------
CONST[source:2(external),value:0(static)][purpose:{operation}][SrcIdx:17]
CE0x89018b0 "{CE0x89018b0|cap}"
CE0x89017d0 "{CE0x89017d0|cap}"
CE0x88bd220 "{CE0x88bd220|VOIDTB_TE:_IE:_elem_0:default:}"
CE0x88e1860 "{CE0x88e1860|tmp6}"
CE0x88a8060 "{CE0x88a8060|_ret_i32_%tmp6,_!dbg_!27716}"
CE0x8945c60 "{CE0x8945c60|call}"
CE0x88a6ff0 "{CE0x88a6ff0|call}"
CONST[source:0(mediator),value:2(dynamic)][purpose:{object}][SnkIdx:1]



implicit:
CONST[source:0(mediator),value:2(dynamic)][purpose:{subject}][SrcIdx:19]  ->  CONST[source:0(mediator),value:2(dynamic)][purpose:{object}][SnkIdx:5]
-----------
CONST[source:0(mediator),value:2(dynamic)][purpose:{subject}][SrcIdx:19]
CE0x88bd220 "{CE0x88bd220|VOIDTB_TE:_IE:_elem_0:default:}"
CE0x88e1860 "{CE0x88e1860|tmp6}"
CE0x88a8060 "{CE0x88a8060|_ret_i32_%tmp6,_!dbg_!27716}"
CE0x8945c60 "{CE0x8945c60|call}"
CE0x88a6ff0 "{CE0x88a6ff0|call}"
CONST[source:0(mediator),value:2(dynamic)][purpose:{object}][SnkIdx:5]


CONST[source:0(mediator),value:2(dynamic)][purpose:{subject}][SrcIdx:19]  ->  CONST[source:0(mediator),value:2(dynamic)][purpose:{object}][SnkIdx:1]
-----------
CONST[source:0(mediator),value:2(dynamic)][purpose:{subject}][SrcIdx:19]
CE0x88bd220 "{CE0x88bd220|VOIDTB_TE:_IE:_elem_0:default:}"
CE0x88e1860 "{CE0x88e1860|tmp6}"
CE0x88a8060 "{CE0x88a8060|_ret_i32_%tmp6,_!dbg_!27716}"
CE0x8945c60 "{CE0x8945c60|call}"
CE0x88a6ff0 "{CE0x88a6ff0|call}"
CONST[source:0(mediator),value:2(dynamic)][purpose:{object}][SnkIdx:1]


CONST[source:2(external),value:0(static)][purpose:{operation}][SrcIdx:17]  ->  CONST[source:0(mediator),value:2(dynamic)][purpose:{object}][SnkIdx:5]
-----------
CONST[source:2(external),value:0(static)][purpose:{operation}][SrcIdx:17]
CE0x89018b0 "{CE0x89018b0|cap}"
CE0x89017d0 "{CE0x89017d0|cap}"
CE0x88bd220 "{CE0x88bd220|VOIDTB_TE:_IE:_elem_0:default:}"
CE0x88e1860 "{CE0x88e1860|tmp6}"
CE0x88a8060 "{CE0x88a8060|_ret_i32_%tmp6,_!dbg_!27716}"
CE0x8945c60 "{CE0x8945c60|call}"
CE0x88a6ff0 "{CE0x88a6ff0|call}"
CONST[source:0(mediator),value:2(dynamic)][purpose:{object}][SnkIdx:5]


CONST[source:2(external),value:0(static)][purpose:{operation}][SrcIdx:17]  ->  CONST[source:0(mediator),value:2(dynamic)][purpose:{object}][SnkIdx:1]
-----------
CONST[source:2(external),value:0(static)][purpose:{operation}][SrcIdx:17]
CE0x89018b0 "{CE0x89018b0|cap}"
CE0x89017d0 "{CE0x89017d0|cap}"
CE0x88bd220 "{CE0x88bd220|VOIDTB_TE:_IE:_elem_0:default:}"
CE0x88e1860 "{CE0x88e1860|tmp6}"
CE0x88a8060 "{CE0x88a8060|_ret_i32_%tmp6,_!dbg_!27716}"
CE0x8945c60 "{CE0x8945c60|call}"
CE0x88a6ff0 "{CE0x88a6ff0|call}"
CONST[source:0(mediator),value:2(dynamic)][purpose:{object}][SnkIdx:1]


CONST[source:2(external),value:0(static)][purpose:{operation}][SrcIdx:17]  ->  CONST[source:0(mediator),value:0(static)][purpose:{operation}][SnkIdx:3]
-----------
CONST[source:2(external),value:0(static)][purpose:{operation}][SrcIdx:17]
CE0x89018b0 "{CE0x89018b0|cap}"
CE0x89017d0 "{CE0x89017d0|cap}"
CE0x889f070 "{CE0x889f070|cap}"
CE0x88a14b0 "{CE0x88a14b0|and}"
CE0x88a1590 "{CE0x88a1590|shl}"
CE0x890cd80 "{CE0x890cd80|shl}"
CONST[source:0(mediator),value:0(static)][purpose:{operation}][SnkIdx:3]


CONST[source:2(external),value:0(static)][purpose:{operation}][SrcIdx:17]  ->  CONST[source:0(mediator),value:2(dynamic)][purpose:{subject}][SnkIdx:0]
-----------
CONST[source:2(external),value:0(static)][purpose:{operation}][SrcIdx:17]
CE0x89018b0 "{CE0x89018b0|cap}"
CE0x89017d0 "{CE0x89017d0|cap}"
CE0x88bd220 "{CE0x88bd220|VOIDTB_TE:_IE:_elem_0:default:}"
CE0x88e1860 "{CE0x88e1860|tmp6}"
CE0x88a8060 "{CE0x88a8060|_ret_i32_%tmp6,_!dbg_!27716}"
CE0x8945c60 "{CE0x8945c60|call}"
CE0x88a6ff0 "{CE0x88a6ff0|call}"
CONST[source:0(mediator),value:2(dynamic)][purpose:{subject}][SnkIdx:0]


CONST[source:2(external),value:0(static)][purpose:{operation}][SrcIdx:17]  ->  CONST[source:0(mediator),value:2(dynamic)][purpose:{subject}][SnkIdx:4]
-----------
CONST[source:2(external),value:0(static)][purpose:{operation}][SrcIdx:17]
CE0x89018b0 "{CE0x89018b0|cap}"
CE0x89017d0 "{CE0x89017d0|cap}"
CE0x88bd220 "{CE0x88bd220|VOIDTB_TE:_IE:_elem_0:default:}"
CE0x88e1860 "{CE0x88e1860|tmp6}"
CE0x88a8060 "{CE0x88a8060|_ret_i32_%tmp6,_!dbg_!27716}"
CE0x8945c60 "{CE0x8945c60|call}"
CE0x88a6ff0 "{CE0x88a6ff0|call}"
CONST[source:0(mediator),value:2(dynamic)][purpose:{subject}][SnkIdx:4]


CONST[source:2(external),value:0(static)][purpose:{operation}][SrcIdx:17]  ->  CONST[source:0(mediator),value:0(static)][purpose:{operation}][SnkIdx:7]
-----------
CONST[source:2(external),value:0(static)][purpose:{operation}][SrcIdx:17]
CE0x89018b0 "{CE0x89018b0|cap}"
CE0x89017d0 "{CE0x89017d0|cap}"
CE0x889f070 "{CE0x889f070|cap}"
CE0x88a14b0 "{CE0x88a14b0|and}"
CE0x88a1590 "{CE0x88a1590|shl}"
CE0x890cd80 "{CE0x890cd80|shl}"
CONST[source:0(mediator),value:0(static)][purpose:{operation}][SnkIdx:7]


CONST[source:2(external),value:2(dynamic)][purpose:{subject}][SrcIdx:18]  ->  CONST[source:0(mediator),value:2(dynamic)][purpose:{object}][SnkIdx:5]
-----------
CONST[source:2(external),value:2(dynamic)][purpose:{subject}][SrcIdx:18]
CE0x88bd220 "{CE0x88bd220|VOIDTB_TE:_IE:_elem_0:default:}"
CE0x88e1860 "{CE0x88e1860|tmp6}"
CE0x88a8060 "{CE0x88a8060|_ret_i32_%tmp6,_!dbg_!27716}"
CE0x8945c60 "{CE0x8945c60|call}"
CE0x88a6ff0 "{CE0x88a6ff0|call}"
CONST[source:0(mediator),value:2(dynamic)][purpose:{object}][SnkIdx:5]


CONST[source:2(external),value:2(dynamic)][purpose:{subject}][SrcIdx:18]  ->  CONST[source:0(mediator),value:2(dynamic)][purpose:{object}][SnkIdx:1]
-----------
CONST[source:2(external),value:2(dynamic)][purpose:{subject}][SrcIdx:18]
CE0x88bd220 "{CE0x88bd220|VOIDTB_TE:_IE:_elem_0:default:}"
CE0x88e1860 "{CE0x88e1860|tmp6}"
CE0x88a8060 "{CE0x88a8060|_ret_i32_%tmp6,_!dbg_!27716}"
CE0x8945c60 "{CE0x8945c60|call}"
CE0x88a6ff0 "{CE0x88a6ff0|call}"
CONST[source:0(mediator),value:2(dynamic)][purpose:{object}][SnkIdx:1]


CONST[source:2(external),value:2(dynamic)][purpose:{subject}][SrcIdx:18]  ->  CONST[source:0(mediator),value:2(dynamic)][purpose:{subject}][SnkIdx:0]
-----------
CONST[source:2(external),value:2(dynamic)][purpose:{subject}][SrcIdx:18]
CE0x88bd220 "{CE0x88bd220|VOIDTB_TE:_IE:_elem_0:default:}"
CE0x88e1860 "{CE0x88e1860|tmp6}"
CE0x88a8060 "{CE0x88a8060|_ret_i32_%tmp6,_!dbg_!27716}"
CE0x8945c60 "{CE0x8945c60|call}"
CE0x88a6ff0 "{CE0x88a6ff0|call}"
CONST[source:0(mediator),value:2(dynamic)][purpose:{subject}][SnkIdx:0]


CONST[source:2(external),value:2(dynamic)][purpose:{subject}][SrcIdx:18]  ->  CONST[source:0(mediator),value:2(dynamic)][purpose:{subject}][SnkIdx:4]
-----------
CONST[source:2(external),value:2(dynamic)][purpose:{subject}][SrcIdx:18]
CE0x88bd220 "{CE0x88bd220|VOIDTB_TE:_IE:_elem_0:default:}"
CE0x88e1860 "{CE0x88e1860|tmp6}"
CE0x88a8060 "{CE0x88a8060|_ret_i32_%tmp6,_!dbg_!27716}"
CE0x8945c60 "{CE0x8945c60|call}"
CE0x88a6ff0 "{CE0x88a6ff0|call}"
CONST[source:0(mediator),value:2(dynamic)][purpose:{subject}][SnkIdx:4]


