[selinux_kernel_module_request]

explicit:
CONST[source:2(external),value:2(dynamic)][purpose:{subject}][SrcIdx:4]  ->  CONST[source:0(mediator),value:2(dynamic)][purpose:{subject}][SnkIdx:0]
-----------
CONST[source:2(external),value:2(dynamic)][purpose:{subject}][SrcIdx:4]
CE0x46697b0 "{CE0x46697b0|COLLAPSED:_GCMRE_current_task_external_global_%struct.task_struct*:_elem_0:default:}"
CE0x467ea90 "{CE0x467ea90|task_sid:tmp4|*LoadInst*|security/selinux/hooks.c,208}"
CE0x4672e60 "{CE0x4672e60|cred_sid:cred|Function::cred_sid&Arg::cred::}"
CE0x46bb850 "{CE0x46bb850|cred_sid:security|security/selinux/hooks.c,196}"
CE0x46b7c60 "{CE0x46b7c60|cred_sid:tmp4|*LoadInst*|security/selinux/hooks.c,196}"
CE0x46b9360 "{CE0x46b9360|cred_sid:tmp5|security/selinux/hooks.c,196}"
CE0x46d6200 "{CE0x46d6200|cred_sid:sid|security/selinux/hooks.c,197}"
CE0x46bad40 "{CE0x46bad40|cred_sid:tmp6|security/selinux/hooks.c,197}"
CE0x46731c0 "{CE0x46731c0|_ret_i32_%tmp6,_!dbg_!27716|security/selinux/hooks.c,197}"
CE0x46a9050 "{CE0x46a9050|task_sid:call7|security/selinux/hooks.c,208}"
CE0x466eec0 "{CE0x466eec0|_ret_i32_%call7,_!dbg_!27749|security/selinux/hooks.c,210}"
CE0x467d250 "{CE0x467d250|selinux_kernel_module_request:call1|security/selinux/hooks.c,3563}"
CE0x467d2c0 "{CE0x467d2c0|selinux_kernel_module_request:call1|security/selinux/hooks.c,3563|*SummSink*}"
CONST[source:0(mediator),value:2(dynamic)][purpose:{subject}][SnkIdx:0]



implicit:
CONST[source:2(external),value:2(dynamic)][purpose:{subject}][SrcIdx:4]  ->  CONST[source:0(mediator),value:2(dynamic)][purpose:{subject}][SnkIdx:0]
-----------
CONST[source:2(external),value:2(dynamic)][purpose:{subject}][SrcIdx:4]
CE0x46697b0 "{CE0x46697b0|COLLAPSED:_GCMRE_current_task_external_global_%struct.task_struct*:_elem_0:default:}"
CE0x467ea90 "{CE0x467ea90|task_sid:tmp4|*LoadInst*|security/selinux/hooks.c,208}"
CE0x4672e60 "{CE0x4672e60|cred_sid:cred|Function::cred_sid&Arg::cred::}"
CE0x46bb850 "{CE0x46bb850|cred_sid:security|security/selinux/hooks.c,196}"
CE0x46b7c60 "{CE0x46b7c60|cred_sid:tmp4|*LoadInst*|security/selinux/hooks.c,196}"
CE0x46b9360 "{CE0x46b9360|cred_sid:tmp5|security/selinux/hooks.c,196}"
CE0x46d6200 "{CE0x46d6200|cred_sid:sid|security/selinux/hooks.c,197}"
CE0x46bad40 "{CE0x46bad40|cred_sid:tmp6|security/selinux/hooks.c,197}"
CE0x46731c0 "{CE0x46731c0|_ret_i32_%tmp6,_!dbg_!27716|security/selinux/hooks.c,197}"
CE0x46a9050 "{CE0x46a9050|task_sid:call7|security/selinux/hooks.c,208}"
CE0x466eec0 "{CE0x466eec0|_ret_i32_%call7,_!dbg_!27749|security/selinux/hooks.c,210}"
CE0x467d250 "{CE0x467d250|selinux_kernel_module_request:call1|security/selinux/hooks.c,3563}"
CE0x467d2c0 "{CE0x467d2c0|selinux_kernel_module_request:call1|security/selinux/hooks.c,3563|*SummSink*}"
CONST[source:0(mediator),value:2(dynamic)][purpose:{subject}][SnkIdx:0]


