[selinux_inode_setxattr]

explicit:
CONST[source:1(input),value:2(dynamic)][purpose:{object}]  ->  CONST[source:0(mediator),value:2(dynamic)][purpose:{object}]
-----------
CONST[source:1(input),value:2(dynamic)][purpose:{object}]
CE0x45ecf50 "{CE0x45ecf50|12:_i32,_40:_%struct.super_block*,_56:_i8*,_:_CRE_56,64_|*MultipleSource*|security/selinux/hooks.c,2938|*LoadInst*|security/selinux/hooks.c,2937}"
CE0x4601750 "{CE0x4601750|selinux_inode_setxattr:_tmp3|security/selinux/hooks.c,2938}"
CE0x46022d0 "{CE0x46022d0|selinux_inode_setxattr:_tmp4|security/selinux/hooks.c,2938}"
CE0x4610b70 "{CE0x4610b70|selinux_inode_setxattr:_sid11|security/selinux/hooks.c,2957}"
CE0x46ac1b0 "{CE0x46ac1b0|selinux_inode_setxattr:_tmp27|security/selinux/hooks.c,2957}"
CE0x46ac5b0 "{CE0x46ac5b0|selinux_inode_setxattr:_tmp27|security/selinux/hooks.c,2957|*SummSink*}"
CONST[source:0(mediator),value:2(dynamic)][purpose:{object}]


CONST[source:2(external),value:0(static)][purpose:{operation}]  ->  CONST[source:0(mediator),value:2(dynamic)][purpose:{subject}]
-----------
CONST[source:2(external),value:0(static)][purpose:{operation}]
CE0x4619780 "{CE0x4619780|i32_0|*Constant*}"
CE0x46e6440 "{CE0x46e6440|current_sid:_sid|security/selinux/hooks.c,220}"
CE0x46df9b0 "{CE0x46df9b0|current_sid:_tmp24|security/selinux/hooks.c,220}"
CE0x4616380 "{CE0x4616380|_ret_i32_%tmp24,_!dbg_!27742|security/selinux/hooks.c,220}"
CE0x4615740 "{CE0x4615740|selinux_inode_setxattr:_call|security/selinux/hooks.c,2941}"
CE0x4615a30 "{CE0x4615a30|selinux_inode_setxattr:_call|security/selinux/hooks.c,2941|*SummSink*}"
CONST[source:0(mediator),value:2(dynamic)][purpose:{subject}]


CONST[source:2(external),value:0(static)][purpose:{operation}]  ->  CONST[source:0(mediator),value:2(dynamic)][purpose:{object}]
-----------
CONST[source:2(external),value:0(static)][purpose:{operation}]
CE0x461de60 "{CE0x461de60|i32_0|*Constant*}"
CE0x4610b70 "{CE0x4610b70|selinux_inode_setxattr:_sid11|security/selinux/hooks.c,2957}"
CE0x46ac1b0 "{CE0x46ac1b0|selinux_inode_setxattr:_tmp27|security/selinux/hooks.c,2957}"
CE0x46ac5b0 "{CE0x46ac5b0|selinux_inode_setxattr:_tmp27|security/selinux/hooks.c,2957|*SummSink*}"
CONST[source:0(mediator),value:2(dynamic)][purpose:{object}]


CONST[source:2(external),value:2(dynamic)][purpose:{subject}]  ->  CONST[source:0(mediator),value:2(dynamic)][purpose:{subject}]
-----------
CONST[source:2(external),value:2(dynamic)][purpose:{subject}]
CE0x460f470 "{CE0x460f470|COLLAPSED:_GCMRE_current_task_external_global_%struct.task_struct*:_elem_0::|security/selinux/hooks.c,2981}"
CE0x46e5650 "{CE0x46e5650|current_sid:_tmp22|security/selinux/hooks.c,218}"
CE0x46e5c00 "{CE0x46e5c00|current_sid:_tmp23|security/selinux/hooks.c,218}"
CE0x46e6440 "{CE0x46e6440|current_sid:_sid|security/selinux/hooks.c,220}"
CE0x46df9b0 "{CE0x46df9b0|current_sid:_tmp24|security/selinux/hooks.c,220}"
CE0x4616380 "{CE0x4616380|_ret_i32_%tmp24,_!dbg_!27742|security/selinux/hooks.c,220}"
CE0x4615740 "{CE0x4615740|selinux_inode_setxattr:_call|security/selinux/hooks.c,2941}"
CE0x4615a30 "{CE0x4615a30|selinux_inode_setxattr:_call|security/selinux/hooks.c,2941|*SummSink*}"
CONST[source:0(mediator),value:2(dynamic)][purpose:{subject}]



implicit:
CONST[source:2(external),value:0(static)][purpose:{operation}]  ->  CONST[source:0(mediator),value:2(dynamic)][purpose:{object}]
-----------
CONST[source:2(external),value:0(static)][purpose:{operation}]
CE0x461de60 "{CE0x461de60|i32_0|*Constant*}"
CE0x467f160 "{CE0x467f160|selinux_inode_setxattr:_sid52|security/selinux/hooks.c,3004}"
CE0x467fb70 "{CE0x467fb70|selinux_inode_setxattr:_tmp91|security/selinux/hooks.c,3004}"
CE0x467fe60 "{CE0x467fe60|selinux_inode_setxattr:_tmp91|security/selinux/hooks.c,3004|*SummSink*}"
CONST[source:0(mediator),value:2(dynamic)][purpose:{object}]


CONST[source:2(external),value:0(static)][purpose:{operation}]  ->  CONST[source:0(mediator),value:2(dynamic)][purpose:{subject}]
-----------
CONST[source:2(external),value:0(static)][purpose:{operation}]
CE0x461de60 "{CE0x461de60|i32_0|*Constant*}"
CE0x471d560 "{CE0x471d560|selinux_inode_setxattr:_tobool43|security/selinux/hooks.c,2995}"
CE0x45b51f0 "{CE0x45b51f0|selinux_inode_setxattr:_if.end51}"
CE0x467e980 "{CE0x467e980|selinux_inode_setxattr:_tmp90|security/selinux/hooks.c,3003}"
CE0x467ecb0 "{CE0x467ecb0|selinux_inode_setxattr:_tmp90|security/selinux/hooks.c,3003|*SummSink*}"
CONST[source:0(mediator),value:2(dynamic)][purpose:{subject}]


CONST[source:1(input),value:2(dynamic)][purpose:{object}]  ->  CONST[source:0(mediator),value:2(dynamic)][purpose:{object}]
-----------
CONST[source:1(input),value:2(dynamic)][purpose:{object}]
CE0x45ecf50 "{CE0x45ecf50|12:_i32,_40:_%struct.super_block*,_56:_i8*,_:_CRE_56,64_|*MultipleSource*|security/selinux/hooks.c,2938|*LoadInst*|security/selinux/hooks.c,2937}"
CE0x4601750 "{CE0x4601750|selinux_inode_setxattr:_tmp3|security/selinux/hooks.c,2938}"
CE0x46022d0 "{CE0x46022d0|selinux_inode_setxattr:_tmp4|security/selinux/hooks.c,2938}"
CE0x46afd90 "{CE0x46afd90|selinux_inode_setxattr:_sclass|security/selinux/hooks.c,2957}"
CE0x46b05d0 "{CE0x46b05d0|selinux_inode_setxattr:_tmp28|security/selinux/hooks.c,2957}"
CE0x46b0910 "{CE0x46b0910|selinux_inode_setxattr:_tmp28|security/selinux/hooks.c,2957|*SummSink*}"
CONST[source:0(mediator),value:2(dynamic)][purpose:{object}]


CONST[source:2(external),value:2(dynamic)][purpose:{subject}]  ->  CONST[source:0(mediator),value:2(dynamic)][purpose:{subject}]
-----------
CONST[source:2(external),value:2(dynamic)][purpose:{subject}]
CE0x460f470 "{CE0x460f470|COLLAPSED:_GCMRE_current_task_external_global_%struct.task_struct*:_elem_0::|security/selinux/hooks.c,2981}"
CE0x46e5650 "{CE0x46e5650|current_sid:_tmp22|security/selinux/hooks.c,218}"
CE0x46e5c00 "{CE0x46e5c00|current_sid:_tmp23|security/selinux/hooks.c,218}"
CE0x46e6440 "{CE0x46e6440|current_sid:_sid|security/selinux/hooks.c,220}"
CE0x46df9b0 "{CE0x46df9b0|current_sid:_tmp24|security/selinux/hooks.c,220}"
CE0x4616380 "{CE0x4616380|_ret_i32_%tmp24,_!dbg_!27742|security/selinux/hooks.c,220}"
CE0x4615740 "{CE0x4615740|selinux_inode_setxattr:_call|security/selinux/hooks.c,2941}"
CE0x4615a30 "{CE0x4615a30|selinux_inode_setxattr:_call|security/selinux/hooks.c,2941|*SummSink*}"
CONST[source:0(mediator),value:2(dynamic)][purpose:{subject}]


