[selinux_mmap_file]

explicit:
CONST[source:1(input),value:2(dynamic)][purpose:{object}][SrcIdx:12]  ->  CONST[source:0(mediator),value:2(dynamic)][purpose:{object}][SnkIdx:5]
-----------
CONST[source:1(input),value:2(dynamic)][purpose:{object}][SrcIdx:12]
CE0x4f6eee0 "{CE0x4f6eee0|0:_i32,_:_CRE_0,4_|*MultipleSource*|*LoadInst*|security/selinux/hooks.c,1674|security/selinux/hooks.c,1683|security/selinux/hooks.c,1674}"
CE0x4fe7910 "{CE0x4fe7910|file_has_perm:tmp11|security/selinux/hooks.c,1684}"
CE0x4fe7ab0 "{CE0x4fe7ab0|file_has_perm:tmp11|security/selinux/hooks.c,1684|*SummSink*}"
CONST[source:0(mediator),value:2(dynamic)][purpose:{object}][SnkIdx:5]


CONST[source:1(input),value:2(dynamic)][purpose:{object}][SrcIdx:12]  ->  CONST[source:0(mediator),value:2(dynamic)][purpose:{object}][SnkIdx:9]
-----------
CONST[source:1(input),value:2(dynamic)][purpose:{object}][SrcIdx:12]
CE0x4ef5a90 "{CE0x4ef5a90|0:_i32,_4:_i32,_8:_i16,_12:_i32,_16:_i32,_20:_i32,_24:_i32,_56:_i8*,_:_SCMRE_56,64_|*MultipleSource*|*LoadInst*|include/linux/fs.h,1916|security/selinux/hooks.c,1675|Function::inode_has_perm&Arg::inode::|security/selinux/hooks.c,1611}"
CE0x507c910 "{CE0x507c910|inode_has_perm:tmp15|*LoadInst*|security/selinux/hooks.c,1615}"
CE0x507cfc0 "{CE0x507cfc0|inode_has_perm:tmp16|security/selinux/hooks.c,1615}"
CE0x507d2a0 "{CE0x507d2a0|inode_has_perm:sid3|security/selinux/hooks.c,1617}"
CE0x5081930 "{CE0x5081930|inode_has_perm:tmp17|security/selinux/hooks.c,1617}"
CE0x5084df0 "{CE0x5084df0|inode_has_perm:tmp17|security/selinux/hooks.c,1617|*SummSink*}"
CONST[source:0(mediator),value:2(dynamic)][purpose:{object}][SnkIdx:9]


CONST[source:1(input),value:2(dynamic)][purpose:{object}][SrcIdx:12]  ->  CONST[source:0(mediator),value:2(dynamic)][purpose:{object}][SnkIdx:10]
-----------
CONST[source:1(input),value:2(dynamic)][purpose:{object}][SrcIdx:12]
CE0x4ef5a90 "{CE0x4ef5a90|0:_i32,_4:_i32,_8:_i16,_12:_i32,_16:_i32,_20:_i32,_24:_i32,_56:_i8*,_:_SCMRE_56,64_|*MultipleSource*|*LoadInst*|include/linux/fs.h,1916|security/selinux/hooks.c,1675|Function::inode_has_perm&Arg::inode::|security/selinux/hooks.c,1611}"
CE0x507c910 "{CE0x507c910|inode_has_perm:tmp15|*LoadInst*|security/selinux/hooks.c,1615}"
CE0x507cfc0 "{CE0x507cfc0|inode_has_perm:tmp16|security/selinux/hooks.c,1615}"
CE0x507eca0 "{CE0x507eca0|inode_has_perm:sclass|security/selinux/hooks.c,1617}"
CE0x4fd4a60 "{CE0x4fd4a60|inode_has_perm:tmp18|security/selinux/hooks.c,1617}"
CE0x4fd4d90 "{CE0x4fd4d90|inode_has_perm:tmp18|security/selinux/hooks.c,1617|*SummSink*}"
CONST[source:0(mediator),value:2(dynamic)][purpose:{object}][SnkIdx:10]


CONST[source:2(external),value:0(static)][purpose:{operation}][SrcIdx:9]  ->  CONST[source:0(mediator),value:0(static)][purpose:{operation}][SnkIdx:11]
-----------
CONST[source:2(external),value:0(static)][purpose:{operation}][SrcIdx:9]
CE0x4ef85e0 "{CE0x4ef85e0|i64_4|*Constant*}"
CE0x4f54320 "{CE0x4f54320|file_map_prot_check:or|security/selinux/hooks.c,3259}"
CE0x4f53c00 "{CE0x4f53c00|file_map_prot_check:conv29|security/selinux/hooks.c,3259}"
CE0x4f549e0 "{CE0x4f549e0|file_map_prot_check:av.0}"
CE0x4f75a30 "{CE0x4f75a30|file_map_prot_check:av.1}"
CE0x4f79b90 "{CE0x4f79b90|file_has_perm:av|Function::file_has_perm&Arg::av::}"
CE0x4f5d9c0 "{CE0x4f5d9c0|inode_has_perm:perms|Function::inode_has_perm&Arg::perms::}"
CE0x4f5dd50 "{CE0x4f5dd50|inode_has_perm:perms|Function::inode_has_perm&Arg::perms::|*SummSink*}"
CONST[source:0(mediator),value:0(static)][purpose:{operation}][SnkIdx:11]


CONST[source:2(external),value:0(static)][purpose:{operation}][SrcIdx:8]  ->  CONST[source:0(mediator),value:0(static)][purpose:{operation}][SnkIdx:11]
-----------
CONST[source:2(external),value:0(static)][purpose:{operation}][SrcIdx:8]
CE0x4ef85e0 "{CE0x4ef85e0|i64_4|*Constant*}"
CE0x4f54320 "{CE0x4f54320|file_map_prot_check:or|security/selinux/hooks.c,3259}"
CE0x4f53c00 "{CE0x4f53c00|file_map_prot_check:conv29|security/selinux/hooks.c,3259}"
CE0x4f549e0 "{CE0x4f549e0|file_map_prot_check:av.0}"
CE0x4f75a30 "{CE0x4f75a30|file_map_prot_check:av.1}"
CE0x4f79b90 "{CE0x4f79b90|file_has_perm:av|Function::file_has_perm&Arg::av::}"
CE0x4f5d9c0 "{CE0x4f5d9c0|inode_has_perm:perms|Function::inode_has_perm&Arg::perms::}"
CE0x4f5dd50 "{CE0x4f5dd50|inode_has_perm:perms|Function::inode_has_perm&Arg::perms::|*SummSink*}"
CONST[source:0(mediator),value:0(static)][purpose:{operation}][SnkIdx:11]


CONST[source:0(mediator),value:2(dynamic)][purpose:{subject}][SrcIdx:17]  ->  CONST[source:0(mediator),value:2(dynamic)][purpose:{object}][SnkIdx:1]
-----------
CONST[source:0(mediator),value:2(dynamic)][purpose:{subject}][SrcIdx:17]
CE0x4fb4e50 "{CE0x4fb4e50|0:_i32,_4:_i32,_8:_i32,_12:_i32,_:_CMRE_4,8_|*MultipleSource*|security/selinux/hooks.c,196|security/selinux/hooks.c,197|*LoadInst*|security/selinux/hooks.c,196}"
CE0x4f47580 "{CE0x4f47580|cred_sid:tmp6|security/selinux/hooks.c,197}"
CE0x4fb1bf0 "{CE0x4fb1bf0|_ret_i32_%tmp6,_!dbg_!27716|security/selinux/hooks.c,197}"
CE0x4fddb70 "{CE0x4fddb70|cred_has_perm:call1|security/selinux/hooks.c,1506}"
CE0x4fdddd0 "{CE0x4fdddd0|cred_has_perm:call1|security/selinux/hooks.c,1506|*SummSink*}"
CONST[source:0(mediator),value:2(dynamic)][purpose:{object}][SnkIdx:1]


CONST[source:2(external),value:2(dynamic)][purpose:{subject}][SrcIdx:16]  ->  CONST[source:0(mediator),value:2(dynamic)][purpose:{subject}][SnkIdx:0]
-----------
CONST[source:2(external),value:2(dynamic)][purpose:{subject}][SrcIdx:16]
CE0x4f4c4c0 "{CE0x4f4c4c0|COLLAPSED:_GCMRE_current_task_external_global_%struct.task_struct*:_elem_0::|security/selinux/hooks.c,3238}"
CE0x4f4ca90 "{CE0x4f4ca90|file_map_prot_check:tmp19|security/selinux/hooks.c,3238}"
CE0x4f1f6f0 "{CE0x4f1f6f0|cred_has_perm:target|Function::cred_has_perm&Arg::target::}"
CE0x4fb18c0 "{CE0x4fb18c0|cred_sid:cred|Function::cred_sid&Arg::cred::}"
CE0x4fb36b0 "{CE0x4fb36b0|cred_sid:security|security/selinux/hooks.c,196}"
CE0x4fcb850 "{CE0x4fcb850|cred_sid:tmp4|*LoadInst*|security/selinux/hooks.c,196}"
CE0x4fcbb00 "{CE0x4fcbb00|cred_sid:tmp5|security/selinux/hooks.c,196}"
CE0x4fcd150 "{CE0x4fcd150|cred_sid:sid|security/selinux/hooks.c,197}"
CE0x4f47580 "{CE0x4f47580|cred_sid:tmp6|security/selinux/hooks.c,197}"
CE0x4fb1bf0 "{CE0x4fb1bf0|_ret_i32_%tmp6,_!dbg_!27716|security/selinux/hooks.c,197}"
CE0x4f1cb90 "{CE0x4f1cb90|cred_has_perm:call|security/selinux/hooks.c,1506}"
CE0x4fd17e0 "{CE0x4fd17e0|cred_has_perm:call|security/selinux/hooks.c,1506|*SummSink*}"
CONST[source:0(mediator),value:2(dynamic)][purpose:{subject}][SnkIdx:0]


CONST[source:2(external),value:2(dynamic)][purpose:{subject}][SrcIdx:16]  ->  CONST[source:0(mediator),value:2(dynamic)][purpose:{subject}][SnkIdx:4]
-----------
CONST[source:2(external),value:2(dynamic)][purpose:{subject}][SrcIdx:16]
CE0x4f4c4c0 "{CE0x4f4c4c0|COLLAPSED:_GCMRE_current_task_external_global_%struct.task_struct*:_elem_0::|security/selinux/hooks.c,3238}"
CE0x4f4ca90 "{CE0x4f4ca90|file_map_prot_check:tmp19|security/selinux/hooks.c,3238}"
CE0x4f79330 "{CE0x4f79330|file_has_perm:cred|Function::file_has_perm&Arg::cred::}"
CE0x4fe5fb0 "{CE0x4fe5fb0|cred_sid:cred|Function::cred_sid&Arg::cred::}"
CE0x4ff1470 "{CE0x4ff1470|cred_sid:security|security/selinux/hooks.c,196}"
CE0x4fb55c0 "{CE0x4fb55c0|cred_sid:tmp4|*LoadInst*|security/selinux/hooks.c,196}"
CE0x4f62390 "{CE0x4f62390|cred_sid:tmp5|security/selinux/hooks.c,196}"
CE0x4f62620 "{CE0x4f62620|cred_sid:sid|security/selinux/hooks.c,197}"
CE0x4f627f0 "{CE0x4f627f0|cred_sid:tmp6|security/selinux/hooks.c,197}"
CE0x4fe60e0 "{CE0x4fe60e0|_ret_i32_%tmp6,_!dbg_!27716|security/selinux/hooks.c,197}"
CE0x4fe92a0 "{CE0x4fe92a0|file_has_perm:call1|security/selinux/hooks.c,1677}"
CE0x4fe5e10 "{CE0x4fe5e10|file_has_perm:call1|security/selinux/hooks.c,1677|*SummSink*}"
CONST[source:0(mediator),value:2(dynamic)][purpose:{subject}][SnkIdx:4]


CONST[source:2(external),value:2(dynamic)][purpose:{subject}][SrcIdx:16]  ->  CONST[source:0(mediator),value:2(dynamic)][purpose:{subject}][SnkIdx:8]
-----------
CONST[source:2(external),value:2(dynamic)][purpose:{subject}][SrcIdx:16]
CE0x4f4c4c0 "{CE0x4f4c4c0|COLLAPSED:_GCMRE_current_task_external_global_%struct.task_struct*:_elem_0::|security/selinux/hooks.c,3238}"
CE0x4f4ca90 "{CE0x4f4ca90|file_map_prot_check:tmp19|security/selinux/hooks.c,3238}"
CE0x4f79330 "{CE0x4f79330|file_has_perm:cred|Function::file_has_perm&Arg::cred::}"
CE0x4f5d170 "{CE0x4f5d170|inode_has_perm:cred|Function::inode_has_perm&Arg::cred::}"
CE0x4f636c0 "{CE0x4f636c0|cred_sid:cred|Function::cred_sid&Arg::cred::}"
CE0x4ff8ab0 "{CE0x4ff8ab0|cred_sid:security|security/selinux/hooks.c,196}"
CE0x4ff7060 "{CE0x4ff7060|cred_sid:tmp4|*LoadInst*|security/selinux/hooks.c,196}"
CE0x4ff5d00 "{CE0x4ff5d00|cred_sid:tmp5|security/selinux/hooks.c,196}"
CE0x4ff5fa0 "{CE0x4ff5fa0|cred_sid:sid|security/selinux/hooks.c,197}"
CE0x4ffb940 "{CE0x4ffb940|cred_sid:tmp6|security/selinux/hooks.c,197}"
CE0x4f63830 "{CE0x4f63830|_ret_i32_%tmp6,_!dbg_!27716|security/selinux/hooks.c,197}"
CE0x507e570 "{CE0x507e570|inode_has_perm:call|security/selinux/hooks.c,1614}"
CE0x507e710 "{CE0x507e710|inode_has_perm:call|security/selinux/hooks.c,1614|*SummSink*}"
CONST[source:0(mediator),value:2(dynamic)][purpose:{subject}][SnkIdx:8]


CONST[source:2(external),value:2(dynamic)][purpose:{subject}][SrcIdx:16]  ->  CONST[source:0(mediator),value:2(dynamic)][purpose:{object}][SnkIdx:1]
-----------
CONST[source:2(external),value:2(dynamic)][purpose:{subject}][SrcIdx:16]
CE0x4f4c4c0 "{CE0x4f4c4c0|COLLAPSED:_GCMRE_current_task_external_global_%struct.task_struct*:_elem_0::|security/selinux/hooks.c,3238}"
CE0x4f4ca90 "{CE0x4f4ca90|file_map_prot_check:tmp19|security/selinux/hooks.c,3238}"
CE0x4f1f6f0 "{CE0x4f1f6f0|cred_has_perm:target|Function::cred_has_perm&Arg::target::}"
CE0x4fb18c0 "{CE0x4fb18c0|cred_sid:cred|Function::cred_sid&Arg::cred::}"
CE0x4fb36b0 "{CE0x4fb36b0|cred_sid:security|security/selinux/hooks.c,196}"
CE0x4fcb850 "{CE0x4fcb850|cred_sid:tmp4|*LoadInst*|security/selinux/hooks.c,196}"
CE0x4fcbb00 "{CE0x4fcbb00|cred_sid:tmp5|security/selinux/hooks.c,196}"
CE0x4fcd150 "{CE0x4fcd150|cred_sid:sid|security/selinux/hooks.c,197}"
CE0x4f47580 "{CE0x4f47580|cred_sid:tmp6|security/selinux/hooks.c,197}"
CE0x4fb1bf0 "{CE0x4fb1bf0|_ret_i32_%tmp6,_!dbg_!27716|security/selinux/hooks.c,197}"
CE0x4fddb70 "{CE0x4fddb70|cred_has_perm:call1|security/selinux/hooks.c,1506}"
CE0x4fdddd0 "{CE0x4fdddd0|cred_has_perm:call1|security/selinux/hooks.c,1506|*SummSink*}"
CONST[source:0(mediator),value:2(dynamic)][purpose:{object}][SnkIdx:1]



implicit:
CONST[source:2(external),value:0(static)][purpose:{operation}][SrcIdx:8]  ->  CONST[source:0(mediator),value:0(static)][purpose:{operation}][SnkIdx:11]
-----------
CONST[source:2(external),value:0(static)][purpose:{operation}][SrcIdx:8]
CE0x4ef85e0 "{CE0x4ef85e0|i64_4|*Constant*}"
CE0x4f54320 "{CE0x4f54320|file_map_prot_check:or|security/selinux/hooks.c,3259}"
CE0x4f53c00 "{CE0x4f53c00|file_map_prot_check:conv29|security/selinux/hooks.c,3259}"
CE0x4f549e0 "{CE0x4f549e0|file_map_prot_check:av.0}"
CE0x4f75a30 "{CE0x4f75a30|file_map_prot_check:av.1}"
CE0x4f79b90 "{CE0x4f79b90|file_has_perm:av|Function::file_has_perm&Arg::av::}"
CE0x4f5d9c0 "{CE0x4f5d9c0|inode_has_perm:perms|Function::inode_has_perm&Arg::perms::}"
CE0x4f5dd50 "{CE0x4f5dd50|inode_has_perm:perms|Function::inode_has_perm&Arg::perms::|*SummSink*}"
CONST[source:0(mediator),value:0(static)][purpose:{operation}][SnkIdx:11]


CONST[source:2(external),value:0(static)][purpose:{operation}][SrcIdx:9]  ->  CONST[source:0(mediator),value:0(static)][purpose:{operation}][SnkIdx:11]
-----------
CONST[source:2(external),value:0(static)][purpose:{operation}][SrcIdx:9]
CE0x4ef85e0 "{CE0x4ef85e0|i64_4|*Constant*}"
CE0x4f54320 "{CE0x4f54320|file_map_prot_check:or|security/selinux/hooks.c,3259}"
CE0x4f53c00 "{CE0x4f53c00|file_map_prot_check:conv29|security/selinux/hooks.c,3259}"
CE0x4f549e0 "{CE0x4f549e0|file_map_prot_check:av.0}"
CE0x4f75a30 "{CE0x4f75a30|file_map_prot_check:av.1}"
CE0x4f79b90 "{CE0x4f79b90|file_has_perm:av|Function::file_has_perm&Arg::av::}"
CE0x4f5d9c0 "{CE0x4f5d9c0|inode_has_perm:perms|Function::inode_has_perm&Arg::perms::}"
CE0x4f5dd50 "{CE0x4f5dd50|inode_has_perm:perms|Function::inode_has_perm&Arg::perms::|*SummSink*}"
CONST[source:0(mediator),value:0(static)][purpose:{operation}][SnkIdx:11]


CONST[source:1(input),value:2(dynamic)][purpose:{operation}][SrcIdx:15]  ->  CONST[source:0(mediator),value:0(static)][purpose:{operation}][SnkIdx:11]
-----------
CONST[source:1(input),value:2(dynamic)][purpose:{operation}][SrcIdx:15]
CE0x4ef0bb0 "{CE0x4ef0bb0|selinux_mmap_file:flags|Function::selinux_mmap_file&Arg::flags::|*SummSource*}"
CE0x4ef0b40 "{CE0x4ef0b40|selinux_mmap_file:flags|Function::selinux_mmap_file&Arg::flags::}"
CE0x4f031e0 "{CE0x4f031e0|selinux_mmap_file:and|security/selinux/hooks.c,3296}"
CE0x4f03360 "{CE0x4f03360|selinux_mmap_file:cmp|security/selinux/hooks.c,3296}"
CE0x4f03c40 "{CE0x4f03c40|selinux_mmap_file:conv|security/selinux/hooks.c,3296}"
CE0x4f0e750 "{CE0x4f0e750|file_map_prot_check:shared|Function::file_map_prot_check&Arg::shared::}"
CE0x4f4f830 "{CE0x4f4f830|file_map_prot_check:tobool24|security/selinux/hooks.c,3258}"
CE0x4f1fdd0 "{CE0x4f1fdd0|file_map_prot_check:if.then28}"
CE0x4f53c00 "{CE0x4f53c00|file_map_prot_check:conv29|security/selinux/hooks.c,3259}"
CE0x4f549e0 "{CE0x4f549e0|file_map_prot_check:av.0}"
CE0x4f75a30 "{CE0x4f75a30|file_map_prot_check:av.1}"
CE0x4f79b90 "{CE0x4f79b90|file_has_perm:av|Function::file_has_perm&Arg::av::}"
CE0x4f5d9c0 "{CE0x4f5d9c0|inode_has_perm:perms|Function::inode_has_perm&Arg::perms::}"
CE0x4f5dd50 "{CE0x4f5dd50|inode_has_perm:perms|Function::inode_has_perm&Arg::perms::|*SummSink*}"
CONST[source:0(mediator),value:0(static)][purpose:{operation}][SnkIdx:11]


CONST[source:1(input),value:2(dynamic)][purpose:{operation}][SrcIdx:13]  ->  CONST[source:0(mediator),value:0(static)][purpose:{operation}][SnkIdx:11]
-----------
CONST[source:1(input),value:2(dynamic)][purpose:{operation}][SrcIdx:13]
CE0x4f14930 "{CE0x4f14930|selinux_mmap_file:reqprot|Function::selinux_mmap_file&Arg::reqprot::|*SummSource*}"
CE0x4f148c0 "{CE0x4f148c0|selinux_mmap_file:reqprot|Function::selinux_mmap_file&Arg::reqprot::}"
CE0x4f123b0 "{CE0x4f123b0|selinux_mmap_file:prot.addr.0}"
CE0x4f1a2f0 "{CE0x4f1a2f0|file_map_prot_check:prot|Function::file_map_prot_check&Arg::prot::}"
CE0x4f552f0 "{CE0x4f552f0|file_map_prot_check:and31|security/selinux/hooks.c,3261}"
CE0x4f551f0 "{CE0x4f551f0|file_map_prot_check:tobool32|security/selinux/hooks.c,3261}"
CE0x4f3a9a0 "{CE0x4f3a9a0|file_map_prot_check:if.then33}"
CE0x4f754f0 "{CE0x4f754f0|file_map_prot_check:conv36|security/selinux/hooks.c,3262}"
CE0x4f75a30 "{CE0x4f75a30|file_map_prot_check:av.1}"
CE0x4f79b90 "{CE0x4f79b90|file_has_perm:av|Function::file_has_perm&Arg::av::}"
CE0x4f5d9c0 "{CE0x4f5d9c0|inode_has_perm:perms|Function::inode_has_perm&Arg::perms::}"
CE0x4f5dd50 "{CE0x4f5dd50|inode_has_perm:perms|Function::inode_has_perm&Arg::perms::|*SummSink*}"
CONST[source:0(mediator),value:0(static)][purpose:{operation}][SnkIdx:11]


CONST[source:1(input),value:2(dynamic)][purpose:{operation}][SrcIdx:14]  ->  CONST[source:0(mediator),value:0(static)][purpose:{operation}][SnkIdx:11]
-----------
CONST[source:1(input),value:2(dynamic)][purpose:{operation}][SrcIdx:14]
CE0x4effaf0 "{CE0x4effaf0|selinux_mmap_file:prot|Function::selinux_mmap_file&Arg::prot::|*SummSource*}"
CE0x56dde60 "{CE0x56dde60|selinux_mmap_file:prot|Function::selinux_mmap_file&Arg::prot::}"
CE0x4f123b0 "{CE0x4f123b0|selinux_mmap_file:prot.addr.0}"
CE0x4f1a2f0 "{CE0x4f1a2f0|file_map_prot_check:prot|Function::file_map_prot_check&Arg::prot::}"
CE0x4f552f0 "{CE0x4f552f0|file_map_prot_check:and31|security/selinux/hooks.c,3261}"
CE0x4f551f0 "{CE0x4f551f0|file_map_prot_check:tobool32|security/selinux/hooks.c,3261}"
CE0x4f3a9a0 "{CE0x4f3a9a0|file_map_prot_check:if.then33}"
CE0x4f754f0 "{CE0x4f754f0|file_map_prot_check:conv36|security/selinux/hooks.c,3262}"
CE0x4f75a30 "{CE0x4f75a30|file_map_prot_check:av.1}"
CE0x4f79b90 "{CE0x4f79b90|file_has_perm:av|Function::file_has_perm&Arg::av::}"
CE0x4f5d9c0 "{CE0x4f5d9c0|inode_has_perm:perms|Function::inode_has_perm&Arg::perms::}"
CE0x4f5dd50 "{CE0x4f5dd50|inode_has_perm:perms|Function::inode_has_perm&Arg::perms::|*SummSink*}"
CONST[source:0(mediator),value:0(static)][purpose:{operation}][SnkIdx:11]


CONST[source:2(external),value:0(static)][purpose:{operation}][SrcIdx:10]  ->  CONST[source:0(mediator),value:0(static)][purpose:{operation}][SnkIdx:11]
-----------
CONST[source:2(external),value:0(static)][purpose:{operation}][SrcIdx:10]
CE0x4f261c0 "{CE0x4f261c0|i64_2|*Constant*}"
CE0x4f52300 "{CE0x4f52300|file_map_prot_check:and26|security/selinux/hooks.c,3258}"
CE0x4f51020 "{CE0x4f51020|file_map_prot_check:tobool27|security/selinux/hooks.c,3258}"
CE0x4f1fdd0 "{CE0x4f1fdd0|file_map_prot_check:if.then28}"
CE0x4f53c00 "{CE0x4f53c00|file_map_prot_check:conv29|security/selinux/hooks.c,3259}"
CE0x4f549e0 "{CE0x4f549e0|file_map_prot_check:av.0}"
CE0x4f75a30 "{CE0x4f75a30|file_map_prot_check:av.1}"
CE0x4f79b90 "{CE0x4f79b90|file_has_perm:av|Function::file_has_perm&Arg::av::}"
CE0x4f5d9c0 "{CE0x4f5d9c0|inode_has_perm:perms|Function::inode_has_perm&Arg::perms::}"
CE0x4f5dd50 "{CE0x4f5dd50|inode_has_perm:perms|Function::inode_has_perm&Arg::perms::|*SummSink*}"
CONST[source:0(mediator),value:0(static)][purpose:{operation}][SnkIdx:11]


CONST[source:2(external),value:2(dynamic)][purpose:{subject}][SrcIdx:16]  ->  CONST[source:0(mediator),value:2(dynamic)][purpose:{subject}][SnkIdx:4]
-----------
CONST[source:2(external),value:2(dynamic)][purpose:{subject}][SrcIdx:16]
CE0x4f4c4c0 "{CE0x4f4c4c0|COLLAPSED:_GCMRE_current_task_external_global_%struct.task_struct*:_elem_0::|security/selinux/hooks.c,3238}"
CE0x4f4ca90 "{CE0x4f4ca90|file_map_prot_check:tmp19|security/selinux/hooks.c,3238}"
CE0x4f79330 "{CE0x4f79330|file_has_perm:cred|Function::file_has_perm&Arg::cred::}"
CE0x4fe5fb0 "{CE0x4fe5fb0|cred_sid:cred|Function::cred_sid&Arg::cred::}"
CE0x4ff1470 "{CE0x4ff1470|cred_sid:security|security/selinux/hooks.c,196}"
CE0x4fb55c0 "{CE0x4fb55c0|cred_sid:tmp4|*LoadInst*|security/selinux/hooks.c,196}"
CE0x4f62390 "{CE0x4f62390|cred_sid:tmp5|security/selinux/hooks.c,196}"
CE0x4f62620 "{CE0x4f62620|cred_sid:sid|security/selinux/hooks.c,197}"
CE0x4f627f0 "{CE0x4f627f0|cred_sid:tmp6|security/selinux/hooks.c,197}"
CE0x4fe60e0 "{CE0x4fe60e0|_ret_i32_%tmp6,_!dbg_!27716|security/selinux/hooks.c,197}"
CE0x4fe92a0 "{CE0x4fe92a0|file_has_perm:call1|security/selinux/hooks.c,1677}"
CE0x4fe5e10 "{CE0x4fe5e10|file_has_perm:call1|security/selinux/hooks.c,1677|*SummSink*}"
CONST[source:0(mediator),value:2(dynamic)][purpose:{subject}][SnkIdx:4]


CONST[source:2(external),value:2(dynamic)][purpose:{subject}][SrcIdx:16]  ->  CONST[source:0(mediator),value:2(dynamic)][purpose:{subject}][SnkIdx:8]
-----------
CONST[source:2(external),value:2(dynamic)][purpose:{subject}][SrcIdx:16]
CE0x4f4c4c0 "{CE0x4f4c4c0|COLLAPSED:_GCMRE_current_task_external_global_%struct.task_struct*:_elem_0::|security/selinux/hooks.c,3238}"
CE0x4f4ca90 "{CE0x4f4ca90|file_map_prot_check:tmp19|security/selinux/hooks.c,3238}"
CE0x4f79330 "{CE0x4f79330|file_has_perm:cred|Function::file_has_perm&Arg::cred::}"
CE0x4f5d170 "{CE0x4f5d170|inode_has_perm:cred|Function::inode_has_perm&Arg::cred::}"
CE0x4f636c0 "{CE0x4f636c0|cred_sid:cred|Function::cred_sid&Arg::cred::}"
CE0x4ff8ab0 "{CE0x4ff8ab0|cred_sid:security|security/selinux/hooks.c,196}"
CE0x4ff7060 "{CE0x4ff7060|cred_sid:tmp4|*LoadInst*|security/selinux/hooks.c,196}"
CE0x4ff5d00 "{CE0x4ff5d00|cred_sid:tmp5|security/selinux/hooks.c,196}"
CE0x4ff5fa0 "{CE0x4ff5fa0|cred_sid:sid|security/selinux/hooks.c,197}"
CE0x4ffb940 "{CE0x4ffb940|cred_sid:tmp6|security/selinux/hooks.c,197}"
CE0x4f63830 "{CE0x4f63830|_ret_i32_%tmp6,_!dbg_!27716|security/selinux/hooks.c,197}"
CE0x507e570 "{CE0x507e570|inode_has_perm:call|security/selinux/hooks.c,1614}"
CE0x507e710 "{CE0x507e710|inode_has_perm:call|security/selinux/hooks.c,1614|*SummSink*}"
CONST[source:0(mediator),value:2(dynamic)][purpose:{subject}][SnkIdx:8]


CONST[source:2(external),value:2(dynamic)][purpose:{subject}][SrcIdx:16]  ->  CONST[source:0(mediator),value:2(dynamic)][purpose:{object}][SnkIdx:1]
-----------
CONST[source:2(external),value:2(dynamic)][purpose:{subject}][SrcIdx:16]
CE0x4f4c4c0 "{CE0x4f4c4c0|COLLAPSED:_GCMRE_current_task_external_global_%struct.task_struct*:_elem_0::|security/selinux/hooks.c,3238}"
CE0x4f4ca90 "{CE0x4f4ca90|file_map_prot_check:tmp19|security/selinux/hooks.c,3238}"
CE0x4f1f6f0 "{CE0x4f1f6f0|cred_has_perm:target|Function::cred_has_perm&Arg::target::}"
CE0x4fb18c0 "{CE0x4fb18c0|cred_sid:cred|Function::cred_sid&Arg::cred::}"
CE0x4fb36b0 "{CE0x4fb36b0|cred_sid:security|security/selinux/hooks.c,196}"
CE0x4fcb850 "{CE0x4fcb850|cred_sid:tmp4|*LoadInst*|security/selinux/hooks.c,196}"
CE0x4fcbb00 "{CE0x4fcbb00|cred_sid:tmp5|security/selinux/hooks.c,196}"
CE0x4fcd150 "{CE0x4fcd150|cred_sid:sid|security/selinux/hooks.c,197}"
CE0x4f47580 "{CE0x4f47580|cred_sid:tmp6|security/selinux/hooks.c,197}"
CE0x4fb1bf0 "{CE0x4fb1bf0|_ret_i32_%tmp6,_!dbg_!27716|security/selinux/hooks.c,197}"
CE0x4fddb70 "{CE0x4fddb70|cred_has_perm:call1|security/selinux/hooks.c,1506}"
CE0x4fdddd0 "{CE0x4fdddd0|cred_has_perm:call1|security/selinux/hooks.c,1506|*SummSink*}"
CONST[source:0(mediator),value:2(dynamic)][purpose:{object}][SnkIdx:1]


CONST[source:2(external),value:2(dynamic)][purpose:{subject}][SrcIdx:16]  ->  CONST[source:0(mediator),value:2(dynamic)][purpose:{subject}][SnkIdx:0]
-----------
CONST[source:2(external),value:2(dynamic)][purpose:{subject}][SrcIdx:16]
CE0x4f4c4c0 "{CE0x4f4c4c0|COLLAPSED:_GCMRE_current_task_external_global_%struct.task_struct*:_elem_0::|security/selinux/hooks.c,3238}"
CE0x4f4ca90 "{CE0x4f4ca90|file_map_prot_check:tmp19|security/selinux/hooks.c,3238}"
CE0x4f1f6f0 "{CE0x4f1f6f0|cred_has_perm:target|Function::cred_has_perm&Arg::target::}"
CE0x4fb18c0 "{CE0x4fb18c0|cred_sid:cred|Function::cred_sid&Arg::cred::}"
CE0x4fb36b0 "{CE0x4fb36b0|cred_sid:security|security/selinux/hooks.c,196}"
CE0x4fcb850 "{CE0x4fcb850|cred_sid:tmp4|*LoadInst*|security/selinux/hooks.c,196}"
CE0x4fcbb00 "{CE0x4fcbb00|cred_sid:tmp5|security/selinux/hooks.c,196}"
CE0x4fcd150 "{CE0x4fcd150|cred_sid:sid|security/selinux/hooks.c,197}"
CE0x4f47580 "{CE0x4f47580|cred_sid:tmp6|security/selinux/hooks.c,197}"
CE0x4fb1bf0 "{CE0x4fb1bf0|_ret_i32_%tmp6,_!dbg_!27716|security/selinux/hooks.c,197}"
CE0x4f1cb90 "{CE0x4f1cb90|cred_has_perm:call|security/selinux/hooks.c,1506}"
CE0x4fd17e0 "{CE0x4fd17e0|cred_has_perm:call|security/selinux/hooks.c,1506|*SummSink*}"
CONST[source:0(mediator),value:2(dynamic)][purpose:{subject}][SnkIdx:0]


CONST[source:2(external),value:0(static)][purpose:{operation}][SrcIdx:11]  ->  CONST[source:0(mediator),value:0(static)][purpose:{operation}][SnkIdx:11]
-----------
CONST[source:2(external),value:0(static)][purpose:{operation}][SrcIdx:11]
CE0x4f261c0 "{CE0x4f261c0|i64_2|*Constant*}"
CE0x4f52300 "{CE0x4f52300|file_map_prot_check:and26|security/selinux/hooks.c,3258}"
CE0x4f51020 "{CE0x4f51020|file_map_prot_check:tobool27|security/selinux/hooks.c,3258}"
CE0x4f1fdd0 "{CE0x4f1fdd0|file_map_prot_check:if.then28}"
CE0x4f53c00 "{CE0x4f53c00|file_map_prot_check:conv29|security/selinux/hooks.c,3259}"
CE0x4f549e0 "{CE0x4f549e0|file_map_prot_check:av.0}"
CE0x4f75a30 "{CE0x4f75a30|file_map_prot_check:av.1}"
CE0x4f79b90 "{CE0x4f79b90|file_has_perm:av|Function::file_has_perm&Arg::av::}"
CE0x4f5d9c0 "{CE0x4f5d9c0|inode_has_perm:perms|Function::inode_has_perm&Arg::perms::}"
CE0x4f5dd50 "{CE0x4f5dd50|inode_has_perm:perms|Function::inode_has_perm&Arg::perms::|*SummSink*}"
CONST[source:0(mediator),value:0(static)][purpose:{operation}][SnkIdx:11]


CONST[source:1(input),value:2(dynamic)][purpose:{object}][SrcIdx:12]  ->  CONST[source:0(mediator),value:2(dynamic)][purpose:{object}][SnkIdx:9]
-----------
CONST[source:1(input),value:2(dynamic)][purpose:{object}][SrcIdx:12]
CE0x4ef5a90 "{CE0x4ef5a90|0:_i32,_4:_i32,_8:_i16,_12:_i32,_16:_i32,_20:_i32,_24:_i32,_56:_i8*,_:_SCMRE_56,64_|*MultipleSource*|*LoadInst*|include/linux/fs.h,1916|security/selinux/hooks.c,1675|Function::inode_has_perm&Arg::inode::|security/selinux/hooks.c,1611}"
CE0x507c910 "{CE0x507c910|inode_has_perm:tmp15|*LoadInst*|security/selinux/hooks.c,1615}"
CE0x507cfc0 "{CE0x507cfc0|inode_has_perm:tmp16|security/selinux/hooks.c,1615}"
CE0x507d2a0 "{CE0x507d2a0|inode_has_perm:sid3|security/selinux/hooks.c,1617}"
CE0x5081930 "{CE0x5081930|inode_has_perm:tmp17|security/selinux/hooks.c,1617}"
CE0x5084df0 "{CE0x5084df0|inode_has_perm:tmp17|security/selinux/hooks.c,1617|*SummSink*}"
CONST[source:0(mediator),value:2(dynamic)][purpose:{object}][SnkIdx:9]


CONST[source:1(input),value:2(dynamic)][purpose:{object}][SrcIdx:12]  ->  CONST[source:0(mediator),value:2(dynamic)][purpose:{object}][SnkIdx:5]
-----------
CONST[source:1(input),value:2(dynamic)][purpose:{object}][SrcIdx:12]
CE0x4f6eee0 "{CE0x4f6eee0|0:_i32,_:_CRE_0,4_|*MultipleSource*|*LoadInst*|security/selinux/hooks.c,1674|security/selinux/hooks.c,1683|security/selinux/hooks.c,1674}"
CE0x4fe7910 "{CE0x4fe7910|file_has_perm:tmp11|security/selinux/hooks.c,1684}"
CE0x4fe7ab0 "{CE0x4fe7ab0|file_has_perm:tmp11|security/selinux/hooks.c,1684|*SummSink*}"
CONST[source:0(mediator),value:2(dynamic)][purpose:{object}][SnkIdx:5]


CONST[source:1(input),value:2(dynamic)][purpose:{object}][SrcIdx:12]  ->  CONST[source:0(mediator),value:2(dynamic)][purpose:{object}][SnkIdx:10]
-----------
CONST[source:1(input),value:2(dynamic)][purpose:{object}][SrcIdx:12]
CE0x4ef5a90 "{CE0x4ef5a90|0:_i32,_4:_i32,_8:_i16,_12:_i32,_16:_i32,_20:_i32,_24:_i32,_56:_i8*,_:_SCMRE_56,64_|*MultipleSource*|*LoadInst*|include/linux/fs.h,1916|security/selinux/hooks.c,1675|Function::inode_has_perm&Arg::inode::|security/selinux/hooks.c,1611}"
CE0x507c910 "{CE0x507c910|inode_has_perm:tmp15|*LoadInst*|security/selinux/hooks.c,1615}"
CE0x507cfc0 "{CE0x507cfc0|inode_has_perm:tmp16|security/selinux/hooks.c,1615}"
CE0x507eca0 "{CE0x507eca0|inode_has_perm:sclass|security/selinux/hooks.c,1617}"
CE0x4fd4a60 "{CE0x4fd4a60|inode_has_perm:tmp18|security/selinux/hooks.c,1617}"
CE0x4fd4d90 "{CE0x4fd4d90|inode_has_perm:tmp18|security/selinux/hooks.c,1617|*SummSink*}"
CONST[source:0(mediator),value:2(dynamic)][purpose:{object}][SnkIdx:10]


CONST[source:2(external),value:0(static)][purpose:{operation}][SrcIdx:7]  ->  CONST[source:0(mediator),value:0(static)][purpose:{operation}][SnkIdx:11]
-----------
CONST[source:2(external),value:0(static)][purpose:{operation}][SrcIdx:7]
CE0x4f12190 "{CE0x4f12190|i64_15|*Constant*}"
CE0x4f031e0 "{CE0x4f031e0|selinux_mmap_file:and|security/selinux/hooks.c,3296}"
CE0x4f03360 "{CE0x4f03360|selinux_mmap_file:cmp|security/selinux/hooks.c,3296}"
CE0x4f03c40 "{CE0x4f03c40|selinux_mmap_file:conv|security/selinux/hooks.c,3296}"
CE0x4f0e750 "{CE0x4f0e750|file_map_prot_check:shared|Function::file_map_prot_check&Arg::shared::}"
CE0x4f4f830 "{CE0x4f4f830|file_map_prot_check:tobool24|security/selinux/hooks.c,3258}"
CE0x4f1fdd0 "{CE0x4f1fdd0|file_map_prot_check:if.then28}"
CE0x4f53c00 "{CE0x4f53c00|file_map_prot_check:conv29|security/selinux/hooks.c,3259}"
CE0x4f549e0 "{CE0x4f549e0|file_map_prot_check:av.0}"
CE0x4f75a30 "{CE0x4f75a30|file_map_prot_check:av.1}"
CE0x4f79b90 "{CE0x4f79b90|file_has_perm:av|Function::file_has_perm&Arg::av::}"
CE0x4f5d9c0 "{CE0x4f5d9c0|inode_has_perm:perms|Function::inode_has_perm&Arg::perms::}"
CE0x4f5dd50 "{CE0x4f5dd50|inode_has_perm:perms|Function::inode_has_perm&Arg::perms::|*SummSink*}"
CONST[source:0(mediator),value:0(static)][purpose:{operation}][SnkIdx:11]


CONST[source:2(external),value:0(static)][purpose:{operation}][SrcIdx:6]  ->  CONST[source:0(mediator),value:0(static)][purpose:{operation}][SnkIdx:11]
-----------
CONST[source:2(external),value:0(static)][purpose:{operation}][SrcIdx:6]
CE0x4f12190 "{CE0x4f12190|i64_15|*Constant*}"
CE0x4f031e0 "{CE0x4f031e0|selinux_mmap_file:and|security/selinux/hooks.c,3296}"
CE0x4f03360 "{CE0x4f03360|selinux_mmap_file:cmp|security/selinux/hooks.c,3296}"
CE0x4f03c40 "{CE0x4f03c40|selinux_mmap_file:conv|security/selinux/hooks.c,3296}"
CE0x4f0e750 "{CE0x4f0e750|file_map_prot_check:shared|Function::file_map_prot_check&Arg::shared::}"
CE0x4f4f830 "{CE0x4f4f830|file_map_prot_check:tobool24|security/selinux/hooks.c,3258}"
CE0x4f1fdd0 "{CE0x4f1fdd0|file_map_prot_check:if.then28}"
CE0x4f53c00 "{CE0x4f53c00|file_map_prot_check:conv29|security/selinux/hooks.c,3259}"
CE0x4f549e0 "{CE0x4f549e0|file_map_prot_check:av.0}"
CE0x4f75a30 "{CE0x4f75a30|file_map_prot_check:av.1}"
CE0x4f79b90 "{CE0x4f79b90|file_has_perm:av|Function::file_has_perm&Arg::av::}"
CE0x4f5d9c0 "{CE0x4f5d9c0|inode_has_perm:perms|Function::inode_has_perm&Arg::perms::}"
CE0x4f5dd50 "{CE0x4f5dd50|inode_has_perm:perms|Function::inode_has_perm&Arg::perms::|*SummSink*}"
CONST[source:0(mediator),value:0(static)][purpose:{operation}][SnkIdx:11]


CONST[source:0(mediator),value:2(dynamic)][purpose:{subject}][SrcIdx:17]  ->  CONST[source:0(mediator),value:2(dynamic)][purpose:{object}][SnkIdx:1]
-----------
CONST[source:0(mediator),value:2(dynamic)][purpose:{subject}][SrcIdx:17]
CE0x4fb4e50 "{CE0x4fb4e50|0:_i32,_4:_i32,_8:_i32,_12:_i32,_:_CMRE_4,8_|*MultipleSource*|security/selinux/hooks.c,196|security/selinux/hooks.c,197|*LoadInst*|security/selinux/hooks.c,196}"
CE0x4f47580 "{CE0x4f47580|cred_sid:tmp6|security/selinux/hooks.c,197}"
CE0x4fb1bf0 "{CE0x4fb1bf0|_ret_i32_%tmp6,_!dbg_!27716|security/selinux/hooks.c,197}"
CE0x4fddb70 "{CE0x4fddb70|cred_has_perm:call1|security/selinux/hooks.c,1506}"
CE0x4fdddd0 "{CE0x4fdddd0|cred_has_perm:call1|security/selinux/hooks.c,1506|*SummSink*}"
CONST[source:0(mediator),value:2(dynamic)][purpose:{object}][SnkIdx:1]


