[selinux_shm_shmat]

explicit:
CONST[source:1(input),value:2(dynamic)][purpose:{object}]  ->  CONST[source:0(mediator),value:2(dynamic)][purpose:{object}]
-----------
CONST[source:1(input),value:2(dynamic)][purpose:{object}]
CE0x5084dc0 "{CE0x5084dc0|0:_i16,_4:_i32,_:_CRE_4,8_|*MultipleSource*|*LoadInst*|security/selinux/hooks.c,5131|security/selinux/hooks.c,5131|security/selinux/hooks.c,5136}"
CE0x5084f30 "{CE0x5084f30|ipc_has_perm:_tmp7|security/selinux/hooks.c,5136}"
CE0x50853e0 "{CE0x50853e0|ipc_has_perm:_tmp7|security/selinux/hooks.c,5136|*SummSink*}"
CONST[source:0(mediator),value:2(dynamic)][purpose:{object}]


CONST[source:2(external),value:2(dynamic)][purpose:{subject}]  ->  CONST[source:1(input),value:2(dynamic)][purpose:{subject}]
-----------
CONST[source:2(external),value:2(dynamic)][purpose:{subject}]
CE0x508b9a0 "{CE0x508b9a0|COLLAPSED:_GCMRE_current_task_external_global_%struct.task_struct*:_elem_0::|security/selinux/hooks.c,218}"
CE0x508ca10 "{CE0x508ca10|current_sid:_tmp22|security/selinux/hooks.c,218}"
CE0x508ceb0 "{CE0x508ceb0|current_sid:_tmp23|security/selinux/hooks.c,218}"
CE0x508d820 "{CE0x508d820|current_sid:_sid|security/selinux/hooks.c,220}"
CE0x508e5a0 "{CE0x508e5a0|current_sid:_tmp24|security/selinux/hooks.c,220}"
CE0x5055110 "{CE0x5055110|_ret_i32_%tmp24,_!dbg_!27742|security/selinux/hooks.c,220}"
CE0x505be10 "{CE0x505be10|ipc_has_perm:_call|security/selinux/hooks.c,5129}"
CE0x50322b0 "{CE0x50322b0|ipc_has_perm:_call|security/selinux/hooks.c,5129|*SummSink*}"
CONST[source:1(input),value:2(dynamic)][purpose:{subject}]



implicit:
CONST[source:1(input),value:2(dynamic)][purpose:{object}]  ->  CONST[source:0(mediator),value:2(dynamic)][purpose:{object}]
-----------
CONST[source:1(input),value:2(dynamic)][purpose:{object}]
CE0x5084c90 "{CE0x5084c90|0:_i16,_4:_i32,_:_CRE_0,2_|*MultipleSource*|*LoadInst*|security/selinux/hooks.c,5131|security/selinux/hooks.c,5131|security/selinux/hooks.c,5136}"
CE0x5085a10 "{CE0x5085a10|ipc_has_perm:_tmp8|security/selinux/hooks.c,5136}"
CE0x5085c70 "{CE0x5085c70|ipc_has_perm:_tmp8|security/selinux/hooks.c,5136|*SummSink*}"
CONST[source:0(mediator),value:2(dynamic)][purpose:{object}]


CONST[source:2(external),value:2(dynamic)][purpose:{subject}]  ->  CONST[source:1(input),value:2(dynamic)][purpose:{subject}]
-----------
CONST[source:2(external),value:2(dynamic)][purpose:{subject}]
CE0x508c890 "{CE0x508c890|COLLAPSED:_CMRE:_elem_0::|security/selinux/hooks.c,218}"
CE0x508ca10 "{CE0x508ca10|current_sid:_tmp22|security/selinux/hooks.c,218}"
CE0x508ceb0 "{CE0x508ceb0|current_sid:_tmp23|security/selinux/hooks.c,218}"
CE0x508d820 "{CE0x508d820|current_sid:_sid|security/selinux/hooks.c,220}"
CE0x508e5a0 "{CE0x508e5a0|current_sid:_tmp24|security/selinux/hooks.c,220}"
CE0x5055110 "{CE0x5055110|_ret_i32_%tmp24,_!dbg_!27742|security/selinux/hooks.c,220}"
CE0x505be10 "{CE0x505be10|ipc_has_perm:_call|security/selinux/hooks.c,5129}"
CE0x50322b0 "{CE0x50322b0|ipc_has_perm:_call|security/selinux/hooks.c,5129|*SummSink*}"
CONST[source:1(input),value:2(dynamic)][purpose:{subject}]


