[selinux_task_create]

explicit:
CONST[source:2(external),value:2(dynamic)][purpose:{subject}][SrcIdx:4]  ->  CONST[source:0(mediator),value:2(dynamic)][purpose:{object}][SnkIdx:1]
-----------
CONST[source:2(external),value:2(dynamic)][purpose:{subject}][SrcIdx:4]
CE0x3f0f8c0 "{CE0x3f0f8c0|COLLAPSED:_GCMRE_current_task_external_global_%struct.task_struct*:_elem_0:default:}"
CE0x3f63df0 "{CE0x3f63df0|task_sid:tmp4|*LoadInst*|security/selinux/hooks.c,208}"
CE0x3f672b0 "{CE0x3f672b0|cred_sid:cred|Function::cred_sid&Arg::cred::}"
CE0x3f799a0 "{CE0x3f799a0|cred_sid:security|security/selinux/hooks.c,196}"
CE0x3f74e80 "{CE0x3f74e80|cred_sid:tmp4|*LoadInst*|security/selinux/hooks.c,196}"
CE0x3f72590 "{CE0x3f72590|cred_sid:tmp5|security/selinux/hooks.c,196}"
CE0x3f2ed40 "{CE0x3f2ed40|cred_sid:sid|security/selinux/hooks.c,197}"
CE0x3f693d0 "{CE0x3f693d0|cred_sid:tmp6|security/selinux/hooks.c,197}"
CE0x3f67610 "{CE0x3f67610|_ret_i32_%tmp6,_!dbg_!27716|security/selinux/hooks.c,197}"
CE0x3f65f90 "{CE0x3f65f90|task_sid:call7|security/selinux/hooks.c,208}"
CE0x3f15130 "{CE0x3f15130|_ret_i32_%call7,_!dbg_!27749|security/selinux/hooks.c,210}"
CE0x3f4ac80 "{CE0x3f4ac80|current_has_perm:call1|security/selinux/hooks.c,1543}"
CE0x3f4aa50 "{CE0x3f4aa50|current_has_perm:call1|security/selinux/hooks.c,1543|*SummSink*}"
CONST[source:0(mediator),value:2(dynamic)][purpose:{object}][SnkIdx:1]


CONST[source:2(external),value:2(dynamic)][purpose:{subject}][SrcIdx:4]  ->  CONST[source:0(mediator),value:2(dynamic)][purpose:{subject}][SnkIdx:0]
-----------
CONST[source:2(external),value:2(dynamic)][purpose:{subject}][SrcIdx:4]
CE0x3f0f8c0 "{CE0x3f0f8c0|COLLAPSED:_GCMRE_current_task_external_global_%struct.task_struct*:_elem_0:default:}"
CE0x3f32e40 "{CE0x3f32e40|current_sid:tmp22|security/selinux/hooks.c,218}"
CE0x3f33130 "{CE0x3f33130|current_sid:tmp23|security/selinux/hooks.c,218}"
CE0x3ef6310 "{CE0x3ef6310|current_sid:sid|security/selinux/hooks.c,220}"
CE0x3f095b0 "{CE0x3f095b0|current_sid:tmp24|security/selinux/hooks.c,220}"
CE0x3f22430 "{CE0x3f22430|_ret_i32_%tmp24,_!dbg_!27742|security/selinux/hooks.c,220}"
CE0x3f0c880 "{CE0x3f0c880|current_has_perm:call|security/selinux/hooks.c,1542}"
CE0x3f2ba40 "{CE0x3f2ba40|current_has_perm:call|security/selinux/hooks.c,1542|*SummSink*}"
CONST[source:0(mediator),value:2(dynamic)][purpose:{subject}][SnkIdx:0]


CONST[source:2(external),value:2(dynamic)][purpose:{object}][SrcIdx:2]  ->  CONST[source:0(mediator),value:2(dynamic)][purpose:{object}][SnkIdx:1]
-----------
CONST[source:2(external),value:2(dynamic)][purpose:{object}][SrcIdx:2]
CE0x3f0f8c0 "{CE0x3f0f8c0|COLLAPSED:_GCMRE_current_task_external_global_%struct.task_struct*:_elem_0:default:}"
CE0x3f63df0 "{CE0x3f63df0|task_sid:tmp4|*LoadInst*|security/selinux/hooks.c,208}"
CE0x3f672b0 "{CE0x3f672b0|cred_sid:cred|Function::cred_sid&Arg::cred::}"
CE0x3f799a0 "{CE0x3f799a0|cred_sid:security|security/selinux/hooks.c,196}"
CE0x3f74e80 "{CE0x3f74e80|cred_sid:tmp4|*LoadInst*|security/selinux/hooks.c,196}"
CE0x3f72590 "{CE0x3f72590|cred_sid:tmp5|security/selinux/hooks.c,196}"
CE0x3f2ed40 "{CE0x3f2ed40|cred_sid:sid|security/selinux/hooks.c,197}"
CE0x3f693d0 "{CE0x3f693d0|cred_sid:tmp6|security/selinux/hooks.c,197}"
CE0x3f67610 "{CE0x3f67610|_ret_i32_%tmp6,_!dbg_!27716|security/selinux/hooks.c,197}"
CE0x3f65f90 "{CE0x3f65f90|task_sid:call7|security/selinux/hooks.c,208}"
CE0x3f15130 "{CE0x3f15130|_ret_i32_%call7,_!dbg_!27749|security/selinux/hooks.c,210}"
CE0x3f4ac80 "{CE0x3f4ac80|current_has_perm:call1|security/selinux/hooks.c,1543}"
CE0x3f4aa50 "{CE0x3f4aa50|current_has_perm:call1|security/selinux/hooks.c,1543|*SummSink*}"
CONST[source:0(mediator),value:2(dynamic)][purpose:{object}][SnkIdx:1]


CONST[source:2(external),value:2(dynamic)][purpose:{object}][SrcIdx:2]  ->  CONST[source:0(mediator),value:2(dynamic)][purpose:{subject}][SnkIdx:0]
-----------
CONST[source:2(external),value:2(dynamic)][purpose:{object}][SrcIdx:2]
CE0x3f0f8c0 "{CE0x3f0f8c0|COLLAPSED:_GCMRE_current_task_external_global_%struct.task_struct*:_elem_0:default:}"
CE0x3f32e40 "{CE0x3f32e40|current_sid:tmp22|security/selinux/hooks.c,218}"
CE0x3f33130 "{CE0x3f33130|current_sid:tmp23|security/selinux/hooks.c,218}"
CE0x3ef6310 "{CE0x3ef6310|current_sid:sid|security/selinux/hooks.c,220}"
CE0x3f095b0 "{CE0x3f095b0|current_sid:tmp24|security/selinux/hooks.c,220}"
CE0x3f22430 "{CE0x3f22430|_ret_i32_%tmp24,_!dbg_!27742|security/selinux/hooks.c,220}"
CE0x3f0c880 "{CE0x3f0c880|current_has_perm:call|security/selinux/hooks.c,1542}"
CE0x3f2ba40 "{CE0x3f2ba40|current_has_perm:call|security/selinux/hooks.c,1542|*SummSink*}"
CONST[source:0(mediator),value:2(dynamic)][purpose:{subject}][SnkIdx:0]



implicit:
CONST[source:2(external),value:2(dynamic)][purpose:{object}][SrcIdx:2]  ->  CONST[source:0(mediator),value:2(dynamic)][purpose:{subject}][SnkIdx:0]
-----------
CONST[source:2(external),value:2(dynamic)][purpose:{object}][SrcIdx:2]
CE0x3f0f8c0 "{CE0x3f0f8c0|COLLAPSED:_GCMRE_current_task_external_global_%struct.task_struct*:_elem_0:default:}"
CE0x3f32e40 "{CE0x3f32e40|current_sid:tmp22|security/selinux/hooks.c,218}"
CE0x3f33130 "{CE0x3f33130|current_sid:tmp23|security/selinux/hooks.c,218}"
CE0x3ef6310 "{CE0x3ef6310|current_sid:sid|security/selinux/hooks.c,220}"
CE0x3f095b0 "{CE0x3f095b0|current_sid:tmp24|security/selinux/hooks.c,220}"
CE0x3f22430 "{CE0x3f22430|_ret_i32_%tmp24,_!dbg_!27742|security/selinux/hooks.c,220}"
CE0x3f0c880 "{CE0x3f0c880|current_has_perm:call|security/selinux/hooks.c,1542}"
CE0x3f2ba40 "{CE0x3f2ba40|current_has_perm:call|security/selinux/hooks.c,1542|*SummSink*}"
CONST[source:0(mediator),value:2(dynamic)][purpose:{subject}][SnkIdx:0]


CONST[source:2(external),value:2(dynamic)][purpose:{object}][SrcIdx:2]  ->  CONST[source:0(mediator),value:2(dynamic)][purpose:{object}][SnkIdx:1]
-----------
CONST[source:2(external),value:2(dynamic)][purpose:{object}][SrcIdx:2]
CE0x3f0f8c0 "{CE0x3f0f8c0|COLLAPSED:_GCMRE_current_task_external_global_%struct.task_struct*:_elem_0:default:}"
CE0x3f63df0 "{CE0x3f63df0|task_sid:tmp4|*LoadInst*|security/selinux/hooks.c,208}"
CE0x3f672b0 "{CE0x3f672b0|cred_sid:cred|Function::cred_sid&Arg::cred::}"
CE0x3f799a0 "{CE0x3f799a0|cred_sid:security|security/selinux/hooks.c,196}"
CE0x3f74e80 "{CE0x3f74e80|cred_sid:tmp4|*LoadInst*|security/selinux/hooks.c,196}"
CE0x3f72590 "{CE0x3f72590|cred_sid:tmp5|security/selinux/hooks.c,196}"
CE0x3f2ed40 "{CE0x3f2ed40|cred_sid:sid|security/selinux/hooks.c,197}"
CE0x3f693d0 "{CE0x3f693d0|cred_sid:tmp6|security/selinux/hooks.c,197}"
CE0x3f67610 "{CE0x3f67610|_ret_i32_%tmp6,_!dbg_!27716|security/selinux/hooks.c,197}"
CE0x3f65f90 "{CE0x3f65f90|task_sid:call7|security/selinux/hooks.c,208}"
CE0x3f15130 "{CE0x3f15130|_ret_i32_%call7,_!dbg_!27749|security/selinux/hooks.c,210}"
CE0x3f4ac80 "{CE0x3f4ac80|current_has_perm:call1|security/selinux/hooks.c,1543}"
CE0x3f4aa50 "{CE0x3f4aa50|current_has_perm:call1|security/selinux/hooks.c,1543|*SummSink*}"
CONST[source:0(mediator),value:2(dynamic)][purpose:{object}][SnkIdx:1]


CONST[source:2(external),value:2(dynamic)][purpose:{subject}][SrcIdx:4]  ->  CONST[source:0(mediator),value:2(dynamic)][purpose:{subject}][SnkIdx:0]
-----------
CONST[source:2(external),value:2(dynamic)][purpose:{subject}][SrcIdx:4]
CE0x3f0f8c0 "{CE0x3f0f8c0|COLLAPSED:_GCMRE_current_task_external_global_%struct.task_struct*:_elem_0:default:}"
CE0x3f32e40 "{CE0x3f32e40|current_sid:tmp22|security/selinux/hooks.c,218}"
CE0x3f33130 "{CE0x3f33130|current_sid:tmp23|security/selinux/hooks.c,218}"
CE0x3ef6310 "{CE0x3ef6310|current_sid:sid|security/selinux/hooks.c,220}"
CE0x3f095b0 "{CE0x3f095b0|current_sid:tmp24|security/selinux/hooks.c,220}"
CE0x3f22430 "{CE0x3f22430|_ret_i32_%tmp24,_!dbg_!27742|security/selinux/hooks.c,220}"
CE0x3f0c880 "{CE0x3f0c880|current_has_perm:call|security/selinux/hooks.c,1542}"
CE0x3f2ba40 "{CE0x3f2ba40|current_has_perm:call|security/selinux/hooks.c,1542|*SummSink*}"
CONST[source:0(mediator),value:2(dynamic)][purpose:{subject}][SnkIdx:0]


CONST[source:2(external),value:2(dynamic)][purpose:{subject}][SrcIdx:4]  ->  CONST[source:0(mediator),value:2(dynamic)][purpose:{object}][SnkIdx:1]
-----------
CONST[source:2(external),value:2(dynamic)][purpose:{subject}][SrcIdx:4]
CE0x3f0f8c0 "{CE0x3f0f8c0|COLLAPSED:_GCMRE_current_task_external_global_%struct.task_struct*:_elem_0:default:}"
CE0x3f63df0 "{CE0x3f63df0|task_sid:tmp4|*LoadInst*|security/selinux/hooks.c,208}"
CE0x3f672b0 "{CE0x3f672b0|cred_sid:cred|Function::cred_sid&Arg::cred::}"
CE0x3f799a0 "{CE0x3f799a0|cred_sid:security|security/selinux/hooks.c,196}"
CE0x3f74e80 "{CE0x3f74e80|cred_sid:tmp4|*LoadInst*|security/selinux/hooks.c,196}"
CE0x3f72590 "{CE0x3f72590|cred_sid:tmp5|security/selinux/hooks.c,196}"
CE0x3f2ed40 "{CE0x3f2ed40|cred_sid:sid|security/selinux/hooks.c,197}"
CE0x3f693d0 "{CE0x3f693d0|cred_sid:tmp6|security/selinux/hooks.c,197}"
CE0x3f67610 "{CE0x3f67610|_ret_i32_%tmp6,_!dbg_!27716|security/selinux/hooks.c,197}"
CE0x3f65f90 "{CE0x3f65f90|task_sid:call7|security/selinux/hooks.c,208}"
CE0x3f15130 "{CE0x3f15130|_ret_i32_%call7,_!dbg_!27749|security/selinux/hooks.c,210}"
CE0x3f4ac80 "{CE0x3f4ac80|current_has_perm:call1|security/selinux/hooks.c,1543}"
CE0x3f4aa50 "{CE0x3f4aa50|current_has_perm:call1|security/selinux/hooks.c,1543|*SummSink*}"
CONST[source:0(mediator),value:2(dynamic)][purpose:{object}][SnkIdx:1]


