[selinux_xfrm_state_delete]

explicit:
CONST[source:0(mediator),value:2(dynamic)][purpose:{subject}][SrcIdx:3]  ->  CONST[source:0(mediator),value:2(dynamic)][purpose:{object}][SnkIdx:1]
-----------
CONST[source:0(mediator),value:2(dynamic)][purpose:{subject}][SrcIdx:3]
CE0x9b15d10 "{CE0x9b15d10|VOIDTB_TE:_IE:_elem_0:default:}"
CE0x9b2feb0 "{CE0x9b2feb0|tmp31}"
CE0x9b42630 "{CE0x9b42630|tmp31}"
CONST[source:0(mediator),value:2(dynamic)][purpose:{object}][SnkIdx:1]


CONST[source:1(input),value:2(dynamic)][purpose:{object}][SrcIdx:1]  ->  CONST[source:0(mediator),value:2(dynamic)][purpose:{object}][SnkIdx:1]
-----------
CONST[source:1(input),value:2(dynamic)][purpose:{object}][SrcIdx:1]
CE0x9b15d10 "{CE0x9b15d10|VOIDTB_TE:_IE:_elem_0:default:}"
CE0x9b2feb0 "{CE0x9b2feb0|tmp31}"
CE0x9b42630 "{CE0x9b42630|tmp31}"
CONST[source:0(mediator),value:2(dynamic)][purpose:{object}][SnkIdx:1]


CONST[source:1(input),value:2(dynamic)][purpose:{object}][SrcIdx:1]  ->  CONST[source:0(mediator),value:2(dynamic)][purpose:{subject}][SnkIdx:0]
-----------
CONST[source:1(input),value:2(dynamic)][purpose:{object}][SrcIdx:1]
CE0x9b15d10 "{CE0x9b15d10|VOIDTB_TE:_IE:_elem_0:default:}"
CE0x9b29fc0 "{CE0x9b29fc0|tmp30}"
CE0x9b2fa20 "{CE0x9b2fa20|tmp30}"
CONST[source:0(mediator),value:2(dynamic)][purpose:{subject}][SnkIdx:0]



implicit:
CONST[source:1(input),value:2(dynamic)][purpose:{object}][SrcIdx:1]  ->  CONST[source:0(mediator),value:2(dynamic)][purpose:{subject}][SnkIdx:0]
-----------
CONST[source:1(input),value:2(dynamic)][purpose:{object}][SrcIdx:1]
CE0x9b15d10 "{CE0x9b15d10|VOIDTB_TE:_IE:_elem_0:default:}"
CE0x9b29fc0 "{CE0x9b29fc0|tmp30}"
CE0x9b2fa20 "{CE0x9b2fa20|tmp30}"
CONST[source:0(mediator),value:2(dynamic)][purpose:{subject}][SnkIdx:0]


CONST[source:1(input),value:2(dynamic)][purpose:{object}][SrcIdx:1]  ->  CONST[source:0(mediator),value:2(dynamic)][purpose:{object}][SnkIdx:1]
-----------
CONST[source:1(input),value:2(dynamic)][purpose:{object}][SrcIdx:1]
CE0x9b15d10 "{CE0x9b15d10|VOIDTB_TE:_IE:_elem_0:default:}"
CE0x9b2feb0 "{CE0x9b2feb0|tmp31}"
CE0x9b42630 "{CE0x9b42630|tmp31}"
CONST[source:0(mediator),value:2(dynamic)][purpose:{object}][SnkIdx:1]


CONST[source:0(mediator),value:2(dynamic)][purpose:{subject}][SrcIdx:3]  ->  CONST[source:0(mediator),value:2(dynamic)][purpose:{object}][SnkIdx:1]
-----------
CONST[source:0(mediator),value:2(dynamic)][purpose:{subject}][SrcIdx:3]
CE0x9b15d10 "{CE0x9b15d10|VOIDTB_TE:_IE:_elem_0:default:}"
CE0x9b2feb0 "{CE0x9b2feb0|tmp31}"
CE0x9b42630 "{CE0x9b42630|tmp31}"
CONST[source:0(mediator),value:2(dynamic)][purpose:{object}][SnkIdx:1]


