[selinux_msg_queue_msgsnd]

explicit:
CONST[source:1(input),value:2(dynamic)][purpose:{object}]  ->  CONST[source:0(mediator),value:2(dynamic)][purpose:{subject}]
-----------
CONST[source:1(input),value:2(dynamic)][purpose:{object}]
CE0x48e2280 "{CE0x48e2280|0:_i32,_:_CRE_0,4_|*MultipleSource*|*LoadInst*|security/selinux/hooks.c,5232|security/selinux/hooks.c,5232|security/selinux/hooks.c,5237}"
CE0x49383c0 "{CE0x49383c0|selinux_msg_queue_msgsnd:_tmp35|security/selinux/hooks.c,5260}"
CE0x4938700 "{CE0x4938700|selinux_msg_queue_msgsnd:_tmp35|security/selinux/hooks.c,5260|*SummSink*}"
CONST[source:0(mediator),value:2(dynamic)][purpose:{subject}]


CONST[source:1(input),value:2(dynamic)][purpose:{object}]  ->  CONST[source:0(mediator),value:2(dynamic)][purpose:{object}]
-----------
CONST[source:1(input),value:2(dynamic)][purpose:{object}]
CE0x491c940 "{CE0x491c940|4:_i32,_:_CRE_4,8_|*MultipleSource*|security/selinux/hooks.c,5231|security/selinux/hooks.c,5231|security/selinux/hooks.c,5242}"
CE0x493de60 "{CE0x493de60|selinux_msg_queue_msgsnd:_tmp21|security/selinux/hooks.c,5252}"
CE0x4956620 "{CE0x4956620|selinux_msg_queue_msgsnd:_tmp21|security/selinux/hooks.c,5252|*SummSink*}"
CONST[source:0(mediator),value:2(dynamic)][purpose:{object}]


CONST[source:2(external),value:2(dynamic)][purpose:{subject}]  ->  CONST[source:0(mediator),value:2(dynamic)][purpose:{subject}]
-----------
CONST[source:2(external),value:2(dynamic)][purpose:{subject}]
CE0x495e6b0 "{CE0x495e6b0|COLLAPSED:_GCMRE_current_task_external_global_%struct.task_struct*:_elem_0::|security/selinux/hooks.c,218}"
CE0x495f720 "{CE0x495f720|current_sid:_tmp22|security/selinux/hooks.c,218}"
CE0x495fbc0 "{CE0x495fbc0|current_sid:_tmp23|security/selinux/hooks.c,218}"
CE0x4960530 "{CE0x4960530|current_sid:_sid|security/selinux/hooks.c,220}"
CE0x4961210 "{CE0x4961210|current_sid:_tmp24|security/selinux/hooks.c,220}"
CE0x48dd820 "{CE0x48dd820|_ret_i32_%tmp24,_!dbg_!27742|security/selinux/hooks.c,220}"
CE0x48f2fd0 "{CE0x48f2fd0|selinux_msg_queue_msgsnd:_call|security/selinux/hooks.c,5228}"
CE0x48f3bd0 "{CE0x48f3bd0|selinux_msg_queue_msgsnd:_call|security/selinux/hooks.c,5228|*SummSink*}"
CONST[source:0(mediator),value:2(dynamic)][purpose:{subject}]



implicit:
CONST[source:2(external),value:2(dynamic)][purpose:{subject}]  ->  CONST[source:0(mediator),value:2(dynamic)][purpose:{subject}]
-----------
CONST[source:2(external),value:2(dynamic)][purpose:{subject}]
CE0x495e6b0 "{CE0x495e6b0|COLLAPSED:_GCMRE_current_task_external_global_%struct.task_struct*:_elem_0::|security/selinux/hooks.c,218}"
CE0x495f720 "{CE0x495f720|current_sid:_tmp22|security/selinux/hooks.c,218}"
CE0x495fbc0 "{CE0x495fbc0|current_sid:_tmp23|security/selinux/hooks.c,218}"
CE0x4960530 "{CE0x4960530|current_sid:_sid|security/selinux/hooks.c,220}"
CE0x4961210 "{CE0x4961210|current_sid:_tmp24|security/selinux/hooks.c,220}"
CE0x48dd820 "{CE0x48dd820|_ret_i32_%tmp24,_!dbg_!27742|security/selinux/hooks.c,220}"
CE0x48f2fd0 "{CE0x48f2fd0|selinux_msg_queue_msgsnd:_call|security/selinux/hooks.c,5228}"
CE0x48f3bd0 "{CE0x48f3bd0|selinux_msg_queue_msgsnd:_call|security/selinux/hooks.c,5228|*SummSink*}"
CONST[source:0(mediator),value:2(dynamic)][purpose:{subject}]


CONST[source:1(input),value:2(dynamic)][purpose:{object}]  ->  CONST[source:0(mediator),value:2(dynamic)][purpose:{object}]
-----------
CONST[source:1(input),value:2(dynamic)][purpose:{object}]
CE0x491c940 "{CE0x491c940|4:_i32,_:_CRE_4,8_|*MultipleSource*|security/selinux/hooks.c,5231|security/selinux/hooks.c,5231|security/selinux/hooks.c,5242}"
CE0x496ef20 "{CE0x496ef20|selinux_msg_queue_msgsnd:_tmp36|security/selinux/hooks.c,5260}"
CE0x496f260 "{CE0x496f260|selinux_msg_queue_msgsnd:_tmp36|security/selinux/hooks.c,5260|*SummSink*}"
CONST[source:0(mediator),value:2(dynamic)][purpose:{object}]


CONST[source:1(input),value:2(dynamic)][purpose:{object}]  ->  CONST[source:0(mediator),value:2(dynamic)][purpose:{subject}]
-----------
CONST[source:1(input),value:2(dynamic)][purpose:{object}]
CE0x48e2280 "{CE0x48e2280|0:_i32,_:_CRE_0,4_|*MultipleSource*|*LoadInst*|security/selinux/hooks.c,5232|security/selinux/hooks.c,5232|security/selinux/hooks.c,5237}"
CE0x49383c0 "{CE0x49383c0|selinux_msg_queue_msgsnd:_tmp35|security/selinux/hooks.c,5260}"
CE0x4938700 "{CE0x4938700|selinux_msg_queue_msgsnd:_tmp35|security/selinux/hooks.c,5260|*SummSink*}"
CONST[source:0(mediator),value:2(dynamic)][purpose:{subject}]


