[selinux_task_setscheduler]

explicit:
CONST[source:2(external),value:2(dynamic)][purpose:{subject}][SrcIdx:2]  ->  CONST[source:0(mediator),value:2(dynamic)][purpose:{subject}]
-----------
CONST[source:2(external),value:2(dynamic)][purpose:{subject}][SrcIdx:2]
CE0x3cd0090 "{CE0x3cd0090|COLLAPSED:_CMRE:_elem_0::|security/selinux/hooks.c,218}"
CE0x3cd0630 "{CE0x3cd0630|current_sid:tmp22|security/selinux/hooks.c,218}"
CE0x3cd0920 "{CE0x3cd0920|current_sid:tmp23|security/selinux/hooks.c,218}"
CE0x3cd1690 "{CE0x3cd1690|current_sid:sid|security/selinux/hooks.c,220}"
CE0x3cd2900 "{CE0x3cd2900|current_sid:tmp24|security/selinux/hooks.c,220}"
CE0x3ca5810 "{CE0x3ca5810|_ret_i32_%tmp24,_!dbg_!27742|security/selinux/hooks.c,220}"
CE0x3cb0a30 "{CE0x3cb0a30|current_has_perm:call|security/selinux/hooks.c,1542}"
CE0x3cb2180 "{CE0x3cb2180|current_has_perm:call|security/selinux/hooks.c,1542|*SummSink*}"
CONST[source:0(mediator),value:2(dynamic)][purpose:{subject}]


CONST[source:1(input),value:2(dynamic)][purpose:{object}][SrcIdx:0]  ->  CONST[source:0(mediator),value:2(dynamic)][purpose:{object}]
-----------
CONST[source:1(input),value:2(dynamic)][purpose:{object}][SrcIdx:0]
CE0x5a8ea60 "{CE0x5a8ea60|2472:_%struct.cred*,_:_CRE:_elem_0:default:}"
CE0x3c8f650 "{CE0x3c8f650|task_sid:tmp4|*LoadInst*|security/selinux/hooks.c,208}"
CE0x3cb15d0 "{CE0x3cb15d0|cred_sid:cred|Function::cred_sid&Arg::cred::}"
CE0x3ce94f0 "{CE0x3ce94f0|cred_sid:security|security/selinux/hooks.c,196}"
CE0x3d04760 "{CE0x3d04760|cred_sid:tmp4|*LoadInst*|security/selinux/hooks.c,196}"
CE0x3d45b90 "{CE0x3d45b90|cred_sid:tmp5|security/selinux/hooks.c,196}"
CE0x3d2eac0 "{CE0x3d2eac0|cred_sid:sid|security/selinux/hooks.c,197}"
CE0x3d2f9b0 "{CE0x3d2f9b0|cred_sid:tmp6|security/selinux/hooks.c,197}"
CE0x3cb1930 "{CE0x3cb1930|_ret_i32_%tmp6,_!dbg_!27716|security/selinux/hooks.c,197}"
CE0x3cf8650 "{CE0x3cf8650|task_sid:call7|security/selinux/hooks.c,208}"
CE0x3ca45b0 "{CE0x3ca45b0|_ret_i32_%call7,_!dbg_!27749|security/selinux/hooks.c,210}"
CE0x3ca39f0 "{CE0x3ca39f0|current_has_perm:call1|security/selinux/hooks.c,1543}"
CE0x3ca7250 "{CE0x3ca7250|current_has_perm:call1|security/selinux/hooks.c,1543|*SummSink*}"
CONST[source:0(mediator),value:2(dynamic)][purpose:{object}]



implicit:
CONST[source:1(input),value:2(dynamic)][purpose:{object}][SrcIdx:0]  ->  CONST[source:0(mediator),value:2(dynamic)][purpose:{object}]
-----------
CONST[source:1(input),value:2(dynamic)][purpose:{object}][SrcIdx:0]
CE0x5a8ea60 "{CE0x5a8ea60|2472:_%struct.cred*,_:_CRE:_elem_0:default:}"
CE0x3cac440 "{CE0x3cac440|selinux_task_setscheduler:call|security/selinux/hooks.c,3638}"
CE0x3c94890 "{CE0x3c94890|selinux_task_setscheduler:tobool|security/selinux/hooks.c,3639}"
CE0x3c889e0 "{CE0x3c889e0|selinux_task_setscheduler:if.end}"
CE0x3c934f0 "{CE0x3c934f0|current_has_perm:entry}"
CE0x3c8d110 "{CE0x3c8d110|current_has_perm:bb}"
CE0x3ca39f0 "{CE0x3ca39f0|current_has_perm:call1|security/selinux/hooks.c,1543}"
CE0x3ca7250 "{CE0x3ca7250|current_has_perm:call1|security/selinux/hooks.c,1543|*SummSink*}"
CONST[source:0(mediator),value:2(dynamic)][purpose:{object}]


CONST[source:1(input),value:2(dynamic)][purpose:{object}][SrcIdx:0]  ->  CONST[source:0(mediator),value:2(dynamic)][purpose:{subject}]
-----------
CONST[source:1(input),value:2(dynamic)][purpose:{object}][SrcIdx:0]
CE0x5a8ea60 "{CE0x5a8ea60|2472:_%struct.cred*,_:_CRE:_elem_0:default:}"
CE0x3cac440 "{CE0x3cac440|selinux_task_setscheduler:call|security/selinux/hooks.c,3638}"
CE0x3c94890 "{CE0x3c94890|selinux_task_setscheduler:tobool|security/selinux/hooks.c,3639}"
CE0x3c889e0 "{CE0x3c889e0|selinux_task_setscheduler:if.end}"
CE0x3c934f0 "{CE0x3c934f0|current_has_perm:entry}"
CE0x3c8d110 "{CE0x3c8d110|current_has_perm:bb}"
CE0x3cb0a30 "{CE0x3cb0a30|current_has_perm:call|security/selinux/hooks.c,1542}"
CE0x3cb2180 "{CE0x3cb2180|current_has_perm:call|security/selinux/hooks.c,1542|*SummSink*}"
CONST[source:0(mediator),value:2(dynamic)][purpose:{subject}]


CONST[source:2(external),value:2(dynamic)][purpose:{subject}][SrcIdx:2]  ->  CONST[source:0(mediator),value:2(dynamic)][purpose:{subject}]
-----------
CONST[source:2(external),value:2(dynamic)][purpose:{subject}][SrcIdx:2]
CE0x3cd0090 "{CE0x3cd0090|COLLAPSED:_CMRE:_elem_0::|security/selinux/hooks.c,218}"
CE0x3cd0630 "{CE0x3cd0630|current_sid:tmp22|security/selinux/hooks.c,218}"
CE0x3cd0920 "{CE0x3cd0920|current_sid:tmp23|security/selinux/hooks.c,218}"
CE0x3cd1690 "{CE0x3cd1690|current_sid:sid|security/selinux/hooks.c,220}"
CE0x3cd2900 "{CE0x3cd2900|current_sid:tmp24|security/selinux/hooks.c,220}"
CE0x3ca5810 "{CE0x3ca5810|_ret_i32_%tmp24,_!dbg_!27742|security/selinux/hooks.c,220}"
CE0x3cb0a30 "{CE0x3cb0a30|current_has_perm:call|security/selinux/hooks.c,1542}"
CE0x3cb2180 "{CE0x3cb2180|current_has_perm:call|security/selinux/hooks.c,1542|*SummSink*}"
CONST[source:0(mediator),value:2(dynamic)][purpose:{subject}]


