[selinux_socket_sock_rcv_skb]

explicit:
CONST[source:1(input),value:2(dynamic)][purpose:{subject}]  ->  CONST[source:0(mediator),value:2(dynamic)][purpose:{subject}]
-----------
CONST[source:1(input),value:2(dynamic)][purpose:{subject}]
CE0x5601de0 "{CE0x5601de0|16:_i32,_:_CRE_16,20_|*MultipleSource*|security/selinux/hooks.c,4367|security/selinux/hooks.c,4365|*LoadInst*|security/selinux/hooks.c,4365}"
CE0x5647ea0 "{CE0x5647ea0|selinux_sock_rcv_skb_compat:_tmp4|security/selinux/hooks.c,4334}"
CE0x56481e0 "{CE0x56481e0|selinux_sock_rcv_skb_compat:_tmp4|security/selinux/hooks.c,4334|*SummSink*}"
CONST[source:0(mediator),value:2(dynamic)][purpose:{subject}]


CONST[source:1(input),value:2(dynamic)][purpose:{object}]  ->  CONST[source:0(mediator),value:2(dynamic)][purpose:{object}]
-----------
CONST[source:1(input),value:2(dynamic)][purpose:{object}]
CE0x560d410 "{CE0x560d410|88:_i64,_104:_%struct.sec_path*,_128:_i32,_132:_i32,_160:_i32,_176:_i32,_192:_i16,_196:_i16,_208:_i8*,_216:_i8*,_:_CRE_176,180_|*MultipleSource*|Function::selinux_socket_sock_rcv_skb&Arg::skb::|security/selinux/hooks.c,4378}"
CE0x55fc250 "{CE0x55fc250|selinux_sock_rcv_skb_compat:_tmp20|*LoadInst*|security/selinux/hooks.c,4348}"
CE0x55fafe0 "{CE0x55fafe0|selinux_sock_rcv_skb_compat:_tmp20|*LoadInst*|security/selinux/hooks.c,4348|*SummSink*}"
CONST[source:0(mediator),value:2(dynamic)][purpose:{object}]


CONST[source:2(external),value:0(static)][purpose:{operation}]  ->  CONST[source:0(mediator),value:2(dynamic)][purpose:{subject}]
-----------
CONST[source:2(external),value:0(static)][purpose:{operation}]
CE0x558a960 "{CE0x558a960|i32_2|*Constant*}"
CE0x55a6e90 "{CE0x55a6e90|selinux_socket_sock_rcv_skb:_sid|security/selinux/hooks.c,4367}"
CE0x5602320 "{CE0x5602320|selinux_socket_sock_rcv_skb:_tmp5|security/selinux/hooks.c,4367}"
CE0x5602560 "{CE0x5602560|selinux_socket_sock_rcv_skb:_tmp5|security/selinux/hooks.c,4367|*SummSink*}"
CONST[source:0(mediator),value:2(dynamic)][purpose:{subject}]


CONST[source:2(external),value:0(static)][purpose:{operation}]  ->  CONST[source:0(mediator),value:0(static)][purpose:{operation}]
-----------
CONST[source:2(external),value:0(static)][purpose:{operation}]
CE0x558a960 "{CE0x558a960|i32_2|*Constant*}"
CE0x55a73e0 "{CE0x55a73e0|i32_2|*Constant*|*SummSink*}"
CONST[source:0(mediator),value:0(static)][purpose:{operation}]



implicit:
CONST[source:1(input),value:2(dynamic)][purpose:{object}]  ->  CONST[source:0(mediator),value:2(dynamic)][purpose:{subject}]
-----------
CONST[source:1(input),value:2(dynamic)][purpose:{object}]
CE0x560eeb0 "{CE0x560eeb0|88:_i64,_104:_%struct.sec_path*,_128:_i32,_132:_i32,_160:_i32,_176:_i32,_192:_i16,_196:_i16,_208:_i8*,_216:_i8*,_:_CRE_198,200_|*MultipleSource*|Function::selinux_socket_sock_rcv_skb&Arg::skb::|security/selinux/hooks.c,4378}"
CE0x5598840 "{CE0x5598840|selinux_sock_rcv_skb_compat:_call15|security/selinux/hooks.c,4354}"
CE0x56514e0 "{CE0x56514e0|selinux_sock_rcv_skb_compat:_tobool16|security/selinux/hooks.c,4355}"
CE0x55fe310 "{CE0x55fe310|selinux_sock_rcv_skb_compat:_if.end18}"
CE0x55eede0 "{CE0x55eede0|selinux_sock_rcv_skb_compat:_tmp37|security/selinux/hooks.c,4357}"
CE0x5656920 "{CE0x5656920|selinux_xfrm_sock_rcv_skb:_sk_sid|Function::selinux_xfrm_sock_rcv_skb&Arg::sk_sid::}"
CE0x5656a70 "{CE0x5656a70|selinux_xfrm_sock_rcv_skb:_sk_sid|Function::selinux_xfrm_sock_rcv_skb&Arg::sk_sid::|*SummSink*}"
CONST[source:0(mediator),value:2(dynamic)][purpose:{subject}]


CONST[source:1(input),value:2(dynamic)][purpose:{object}]  ->  CONST[source:0(mediator),value:2(dynamic)][purpose:{object}]
-----------
CONST[source:1(input),value:2(dynamic)][purpose:{object}]
CE0x560d410 "{CE0x560d410|88:_i64,_104:_%struct.sec_path*,_128:_i32,_132:_i32,_160:_i32,_176:_i32,_192:_i16,_196:_i16,_208:_i8*,_216:_i8*,_:_CRE_176,180_|*MultipleSource*|Function::selinux_socket_sock_rcv_skb&Arg::skb::|security/selinux/hooks.c,4378}"
CE0x55fc250 "{CE0x55fc250|selinux_sock_rcv_skb_compat:_tmp20|*LoadInst*|security/selinux/hooks.c,4348}"
CE0x55fafe0 "{CE0x55fafe0|selinux_sock_rcv_skb_compat:_tmp20|*LoadInst*|security/selinux/hooks.c,4348|*SummSink*}"
CONST[source:0(mediator),value:2(dynamic)][purpose:{object}]


CONST[source:1(input),value:2(dynamic)][purpose:{subject}]  ->  CONST[source:0(mediator),value:2(dynamic)][purpose:{subject}]
-----------
CONST[source:1(input),value:2(dynamic)][purpose:{subject}]
CE0x5601de0 "{CE0x5601de0|16:_i32,_:_CRE_16,20_|*MultipleSource*|security/selinux/hooks.c,4367|security/selinux/hooks.c,4365|*LoadInst*|security/selinux/hooks.c,4365}"
CE0x5647ea0 "{CE0x5647ea0|selinux_sock_rcv_skb_compat:_tmp4|security/selinux/hooks.c,4334}"
CE0x56481e0 "{CE0x56481e0|selinux_sock_rcv_skb_compat:_tmp4|security/selinux/hooks.c,4334|*SummSink*}"
CONST[source:0(mediator),value:2(dynamic)][purpose:{subject}]


CONST[source:1(input),value:2(dynamic)][purpose:{subject}]  ->  CONST[source:0(mediator),value:2(dynamic)][purpose:{object}]
-----------
CONST[source:1(input),value:2(dynamic)][purpose:{subject}]
CE0x556aa10 "{CE0x556aa10|16:_i16,_48:_%struct.net*,_1216:_i8*,_:_CRE_16,18_|*MultipleSource*|Function::selinux_socket_sock_rcv_skb&Arg::sk::|security/selinux/hooks.c,4365}"
CE0x55b02e0 "{CE0x55b02e0|selinux_socket_sock_rcv_skb:_tmp4|security/selinux/hooks.c,4366}"
CE0x559fab0 "{CE0x559fab0|selinux_socket_sock_rcv_skb:_conv|security/selinux/hooks.c,4374}"
CE0x55a0190 "{CE0x55a0190|selinux_socket_sock_rcv_skb:_cmp|security/selinux/hooks.c,4374}"
CE0x554cca0 "{CE0x554cca0|selinux_socket_sock_rcv_skb:_if.end46}"
CE0x5625670 "{CE0x5625670|selinux_socket_sock_rcv_skb:_tmp74|security/selinux/hooks.c,4413}"
CE0x5625a10 "{CE0x5625a10|selinux_socket_sock_rcv_skb:_tmp74|security/selinux/hooks.c,4413|*SummSink*}"
CONST[source:0(mediator),value:2(dynamic)][purpose:{object}]


CONST[source:2(external),value:0(static)][purpose:{operation}]  ->  CONST[source:0(mediator),value:2(dynamic)][purpose:{subject}]
-----------
CONST[source:2(external),value:0(static)][purpose:{operation}]
CE0x558a960 "{CE0x558a960|i32_2|*Constant*}"
CE0x55a6e90 "{CE0x55a6e90|selinux_socket_sock_rcv_skb:_sid|security/selinux/hooks.c,4367}"
CE0x5602320 "{CE0x5602320|selinux_socket_sock_rcv_skb:_tmp5|security/selinux/hooks.c,4367}"
CE0x5602560 "{CE0x5602560|selinux_socket_sock_rcv_skb:_tmp5|security/selinux/hooks.c,4367|*SummSink*}"
CONST[source:0(mediator),value:2(dynamic)][purpose:{subject}]


CONST[source:2(external),value:0(static)][purpose:{operation}]  ->  CONST[source:0(mediator),value:2(dynamic)][purpose:{object}]
-----------
CONST[source:2(external),value:0(static)][purpose:{operation}]
CE0x552d160 "{CE0x552d160|i32_10|*Constant*}"
CE0x552d680 "{CE0x552d680|selinux_socket_sock_rcv_skb:_cmp3|security/selinux/hooks.c,4374}"
CE0x554cca0 "{CE0x554cca0|selinux_socket_sock_rcv_skb:_if.end46}"
CE0x5625670 "{CE0x5625670|selinux_socket_sock_rcv_skb:_tmp74|security/selinux/hooks.c,4413}"
CE0x5625a10 "{CE0x5625a10|selinux_socket_sock_rcv_skb:_tmp74|security/selinux/hooks.c,4413|*SummSink*}"
CONST[source:0(mediator),value:2(dynamic)][purpose:{object}]


CONST[source:2(external),value:0(static)][purpose:{operation}]  ->  CONST[source:0(mediator),value:0(static)][purpose:{operation}]
-----------
CONST[source:2(external),value:0(static)][purpose:{operation}]
CE0x558a960 "{CE0x558a960|i32_2|*Constant*}"
CE0x55a73e0 "{CE0x55a73e0|i32_2|*Constant*|*SummSink*}"
CONST[source:0(mediator),value:0(static)][purpose:{operation}]


