[selinux_inode_getsecctx]

explicit:
CONST[source:0(mediator),value:2(dynamic)][purpose:{subject}][SrcIdx:20]  ->  CONST[source:0(mediator),value:2(dynamic)][purpose:{object}][SnkIdx:1]
-----------
CONST[source:0(mediator),value:2(dynamic)][purpose:{subject}][SrcIdx:20]
CE0x3eb37b0 "{CE0x3eb37b0|0:_i32,_4:_i32,_8:_i32,_12:_i32,_:_CMRE_4,8_|*MultipleSource*|security/selinux/hooks.c,196|security/selinux/hooks.c,197|*LoadInst*|security/selinux/hooks.c,196}"
CE0x3ec0d40 "{CE0x3ec0d40|cred_sid:tmp6|security/selinux/hooks.c,197}"
CE0x3e232f0 "{CE0x3e232f0|_ret_i32_%tmp6,_!dbg_!27716|security/selinux/hooks.c,197}"
CE0x3eb0200 "{CE0x3eb0200|cred_has_capability:call|security/selinux/hooks.c,1558}"
CE0x3eb03c0 "{CE0x3eb03c0|cred_has_capability:call|security/selinux/hooks.c,1558|*SummSink*}"
CONST[source:0(mediator),value:2(dynamic)][purpose:{object}][SnkIdx:1]


CONST[source:0(mediator),value:2(dynamic)][purpose:{subject}][SrcIdx:20]  ->  CONST[source:0(mediator),value:2(dynamic)][purpose:{object}][SnkIdx:5]
-----------
CONST[source:0(mediator),value:2(dynamic)][purpose:{subject}][SrcIdx:20]
CE0x3eb37b0 "{CE0x3eb37b0|0:_i32,_4:_i32,_8:_i32,_12:_i32,_:_CMRE_4,8_|*MultipleSource*|security/selinux/hooks.c,196|security/selinux/hooks.c,197|*LoadInst*|security/selinux/hooks.c,196}"
CE0x3ec0d40 "{CE0x3ec0d40|cred_sid:tmp6|security/selinux/hooks.c,197}"
CE0x3e232f0 "{CE0x3e232f0|_ret_i32_%tmp6,_!dbg_!27716|security/selinux/hooks.c,197}"
CE0x3eb0200 "{CE0x3eb0200|cred_has_capability:call|security/selinux/hooks.c,1558}"
CE0x3eb03c0 "{CE0x3eb03c0|cred_has_capability:call|security/selinux/hooks.c,1558|*SummSink*}"
CONST[source:0(mediator),value:2(dynamic)][purpose:{object}][SnkIdx:5]


CONST[source:2(external),value:0(static)][purpose:{operation}][SrcIdx:18]  ->  CONST[source:0(mediator),value:0(static)][purpose:{operation}][SnkIdx:3]
-----------
CONST[source:2(external),value:0(static)][purpose:{operation}][SrcIdx:18]
CE0x3e66670 "{CE0x3e66670|selinux_capable:cap|Function::selinux_capable&Arg::cap::|*SummSource*}"
CE0x3e76fb0 "{CE0x3e76fb0|selinux_capable:cap|Function::selinux_capable&Arg::cap::}"
CE0x3e4a700 "{CE0x3e4a700|cred_has_capability:cap|Function::cred_has_capability&Arg::cap::}"
CE0x3e62b40 "{CE0x3e62b40|cred_has_capability:and|security/selinux/hooks.c,1559}"
CE0x3e456b0 "{CE0x3e456b0|cred_has_capability:shl|security/selinux/hooks.c,1559}"
CE0x3e458a0 "{CE0x3e458a0|cred_has_capability:shl|security/selinux/hooks.c,1559|*SummSink*}"
CONST[source:0(mediator),value:0(static)][purpose:{operation}][SnkIdx:3]


CONST[source:2(external),value:0(static)][purpose:{operation}][SrcIdx:18]  ->  CONST[source:0(mediator),value:0(static)][purpose:{operation}][SnkIdx:7]
-----------
CONST[source:2(external),value:0(static)][purpose:{operation}][SrcIdx:18]
CE0x3e66670 "{CE0x3e66670|selinux_capable:cap|Function::selinux_capable&Arg::cap::|*SummSource*}"
CE0x3e76fb0 "{CE0x3e76fb0|selinux_capable:cap|Function::selinux_capable&Arg::cap::}"
CE0x3e4a700 "{CE0x3e4a700|cred_has_capability:cap|Function::cred_has_capability&Arg::cap::}"
CE0x3e62b40 "{CE0x3e62b40|cred_has_capability:and|security/selinux/hooks.c,1559}"
CE0x3e456b0 "{CE0x3e456b0|cred_has_capability:shl|security/selinux/hooks.c,1559}"
CE0x3e458a0 "{CE0x3e458a0|cred_has_capability:shl|security/selinux/hooks.c,1559|*SummSink*}"
CONST[source:0(mediator),value:0(static)][purpose:{operation}][SnkIdx:7]


CONST[source:2(external),value:2(dynamic)][purpose:{subject}][SrcIdx:19]  ->  CONST[source:0(mediator),value:2(dynamic)][purpose:{object}][SnkIdx:1]
-----------
CONST[source:2(external),value:2(dynamic)][purpose:{subject}][SrcIdx:19]
CE0x3e74130 "{CE0x3e74130|COLLAPSED:_GCMRE_current_task_external_global_%struct.task_struct*:_elem_0::|security/selinux/hooks.c,3087}"
CE0x3e74780 "{CE0x3e74780|selinux_inode_getsecurity:tmp27|security/selinux/hooks.c,3087}"
CE0x3e75b90 "{CE0x3e75b90|selinux_capable:cred|Function::selinux_capable&Arg::cred::}"
CE0x3e4a240 "{CE0x3e4a240|cred_has_capability:cred|Function::cred_has_capability&Arg::cred::}"
CE0x3e47f40 "{CE0x3e47f40|cred_sid:cred|Function::cred_sid&Arg::cred::}"
CE0x3eb0100 "{CE0x3eb0100|cred_sid:security|security/selinux/hooks.c,196}"
CE0x3eb0090 "{CE0x3eb0090|cred_sid:tmp4|*LoadInst*|security/selinux/hooks.c,196}"
CE0x3eb1160 "{CE0x3eb1160|cred_sid:tmp5|security/selinux/hooks.c,196}"
CE0x3eec1c0 "{CE0x3eec1c0|cred_sid:sid|security/selinux/hooks.c,197}"
CE0x3ec0d40 "{CE0x3ec0d40|cred_sid:tmp6|security/selinux/hooks.c,197}"
CE0x3e232f0 "{CE0x3e232f0|_ret_i32_%tmp6,_!dbg_!27716|security/selinux/hooks.c,197}"
CE0x3eb0200 "{CE0x3eb0200|cred_has_capability:call|security/selinux/hooks.c,1558}"
CE0x3eb03c0 "{CE0x3eb03c0|cred_has_capability:call|security/selinux/hooks.c,1558|*SummSink*}"
CONST[source:0(mediator),value:2(dynamic)][purpose:{object}][SnkIdx:1]


CONST[source:2(external),value:2(dynamic)][purpose:{subject}][SrcIdx:19]  ->  CONST[source:0(mediator),value:2(dynamic)][purpose:{subject}][SnkIdx:4]
-----------
CONST[source:2(external),value:2(dynamic)][purpose:{subject}][SrcIdx:19]
CE0x3e74130 "{CE0x3e74130|COLLAPSED:_GCMRE_current_task_external_global_%struct.task_struct*:_elem_0::|security/selinux/hooks.c,3087}"
CE0x3e74780 "{CE0x3e74780|selinux_inode_getsecurity:tmp27|security/selinux/hooks.c,3087}"
CE0x3e75b90 "{CE0x3e75b90|selinux_capable:cred|Function::selinux_capable&Arg::cred::}"
CE0x3e4a240 "{CE0x3e4a240|cred_has_capability:cred|Function::cred_has_capability&Arg::cred::}"
CE0x3e47f40 "{CE0x3e47f40|cred_sid:cred|Function::cred_sid&Arg::cred::}"
CE0x3eb0100 "{CE0x3eb0100|cred_sid:security|security/selinux/hooks.c,196}"
CE0x3eb0090 "{CE0x3eb0090|cred_sid:tmp4|*LoadInst*|security/selinux/hooks.c,196}"
CE0x3eb1160 "{CE0x3eb1160|cred_sid:tmp5|security/selinux/hooks.c,196}"
CE0x3eec1c0 "{CE0x3eec1c0|cred_sid:sid|security/selinux/hooks.c,197}"
CE0x3ec0d40 "{CE0x3ec0d40|cred_sid:tmp6|security/selinux/hooks.c,197}"
CE0x3e232f0 "{CE0x3e232f0|_ret_i32_%tmp6,_!dbg_!27716|security/selinux/hooks.c,197}"
CE0x3eb0200 "{CE0x3eb0200|cred_has_capability:call|security/selinux/hooks.c,1558}"
CE0x3eb03c0 "{CE0x3eb03c0|cred_has_capability:call|security/selinux/hooks.c,1558|*SummSink*}"
CONST[source:0(mediator),value:2(dynamic)][purpose:{subject}][SnkIdx:4]


CONST[source:2(external),value:2(dynamic)][purpose:{subject}][SrcIdx:19]  ->  CONST[source:0(mediator),value:2(dynamic)][purpose:{subject}][SnkIdx:0]
-----------
CONST[source:2(external),value:2(dynamic)][purpose:{subject}][SrcIdx:19]
CE0x3e74130 "{CE0x3e74130|COLLAPSED:_GCMRE_current_task_external_global_%struct.task_struct*:_elem_0::|security/selinux/hooks.c,3087}"
CE0x3e74780 "{CE0x3e74780|selinux_inode_getsecurity:tmp27|security/selinux/hooks.c,3087}"
CE0x3e75b90 "{CE0x3e75b90|selinux_capable:cred|Function::selinux_capable&Arg::cred::}"
CE0x3e4a240 "{CE0x3e4a240|cred_has_capability:cred|Function::cred_has_capability&Arg::cred::}"
CE0x3e47f40 "{CE0x3e47f40|cred_sid:cred|Function::cred_sid&Arg::cred::}"
CE0x3eb0100 "{CE0x3eb0100|cred_sid:security|security/selinux/hooks.c,196}"
CE0x3eb0090 "{CE0x3eb0090|cred_sid:tmp4|*LoadInst*|security/selinux/hooks.c,196}"
CE0x3eb1160 "{CE0x3eb1160|cred_sid:tmp5|security/selinux/hooks.c,196}"
CE0x3eec1c0 "{CE0x3eec1c0|cred_sid:sid|security/selinux/hooks.c,197}"
CE0x3ec0d40 "{CE0x3ec0d40|cred_sid:tmp6|security/selinux/hooks.c,197}"
CE0x3e232f0 "{CE0x3e232f0|_ret_i32_%tmp6,_!dbg_!27716|security/selinux/hooks.c,197}"
CE0x3eb0200 "{CE0x3eb0200|cred_has_capability:call|security/selinux/hooks.c,1558}"
CE0x3eb03c0 "{CE0x3eb03c0|cred_has_capability:call|security/selinux/hooks.c,1558|*SummSink*}"
CONST[source:0(mediator),value:2(dynamic)][purpose:{subject}][SnkIdx:0]


CONST[source:2(external),value:2(dynamic)][purpose:{subject}][SrcIdx:19]  ->  CONST[source:0(mediator),value:2(dynamic)][purpose:{object}][SnkIdx:5]
-----------
CONST[source:2(external),value:2(dynamic)][purpose:{subject}][SrcIdx:19]
CE0x3e74130 "{CE0x3e74130|COLLAPSED:_GCMRE_current_task_external_global_%struct.task_struct*:_elem_0::|security/selinux/hooks.c,3087}"
CE0x3e74780 "{CE0x3e74780|selinux_inode_getsecurity:tmp27|security/selinux/hooks.c,3087}"
CE0x3e75b90 "{CE0x3e75b90|selinux_capable:cred|Function::selinux_capable&Arg::cred::}"
CE0x3e4a240 "{CE0x3e4a240|cred_has_capability:cred|Function::cred_has_capability&Arg::cred::}"
CE0x3e47f40 "{CE0x3e47f40|cred_sid:cred|Function::cred_sid&Arg::cred::}"
CE0x3eb0100 "{CE0x3eb0100|cred_sid:security|security/selinux/hooks.c,196}"
CE0x3eb0090 "{CE0x3eb0090|cred_sid:tmp4|*LoadInst*|security/selinux/hooks.c,196}"
CE0x3eb1160 "{CE0x3eb1160|cred_sid:tmp5|security/selinux/hooks.c,196}"
CE0x3eec1c0 "{CE0x3eec1c0|cred_sid:sid|security/selinux/hooks.c,197}"
CE0x3ec0d40 "{CE0x3ec0d40|cred_sid:tmp6|security/selinux/hooks.c,197}"
CE0x3e232f0 "{CE0x3e232f0|_ret_i32_%tmp6,_!dbg_!27716|security/selinux/hooks.c,197}"
CE0x3eb0200 "{CE0x3eb0200|cred_has_capability:call|security/selinux/hooks.c,1558}"
CE0x3eb03c0 "{CE0x3eb03c0|cred_has_capability:call|security/selinux/hooks.c,1558|*SummSink*}"
CONST[source:0(mediator),value:2(dynamic)][purpose:{object}][SnkIdx:5]



implicit:
CONST[source:0(mediator),value:2(dynamic)][purpose:{subject}][SrcIdx:20]  ->  CONST[source:0(mediator),value:2(dynamic)][purpose:{object}][SnkIdx:1]
-----------
CONST[source:0(mediator),value:2(dynamic)][purpose:{subject}][SrcIdx:20]
CE0x3eb37b0 "{CE0x3eb37b0|0:_i32,_4:_i32,_8:_i32,_12:_i32,_:_CMRE_4,8_|*MultipleSource*|security/selinux/hooks.c,196|security/selinux/hooks.c,197|*LoadInst*|security/selinux/hooks.c,196}"
CE0x3ec0d40 "{CE0x3ec0d40|cred_sid:tmp6|security/selinux/hooks.c,197}"
CE0x3e232f0 "{CE0x3e232f0|_ret_i32_%tmp6,_!dbg_!27716|security/selinux/hooks.c,197}"
CE0x3eb0200 "{CE0x3eb0200|cred_has_capability:call|security/selinux/hooks.c,1558}"
CE0x3eb03c0 "{CE0x3eb03c0|cred_has_capability:call|security/selinux/hooks.c,1558|*SummSink*}"
CONST[source:0(mediator),value:2(dynamic)][purpose:{object}][SnkIdx:1]


CONST[source:0(mediator),value:2(dynamic)][purpose:{subject}][SrcIdx:20]  ->  CONST[source:0(mediator),value:2(dynamic)][purpose:{object}][SnkIdx:6]
-----------
CONST[source:0(mediator),value:2(dynamic)][purpose:{subject}][SrcIdx:20]
CE0x3e17c00 "{CE0x3e17c00|COLLAPSED:_CMRE:_elem_0:default:}"
CE0x3de6d50 "{CE0x3de6d50|selinux_capable:call|security/selinux/hooks.c,2007}"
CE0x3e18b00 "{CE0x3e18b00|selinux_capable:tobool|security/selinux/hooks.c,2008}"
CE0x3e513c0 "{CE0x3e513c0|selinux_capable:if.end}"
CE0x3e49cf0 "{CE0x3e49cf0|cred_has_capability:entry}"
CE0x3eecc10 "{CE0x3eecc10|cred_has_capability:sw.epilog}"
CE0x3e9f490 "{CE0x3e9f490|cred_has_capability:sclass.0}"
CE0x3e9f670 "{CE0x3e9f670|cred_has_capability:sclass.0|*SummSink*}"
CONST[source:0(mediator),value:2(dynamic)][purpose:{object}][SnkIdx:6]


CONST[source:0(mediator),value:2(dynamic)][purpose:{subject}][SrcIdx:20]  ->  CONST[source:0(mediator),value:2(dynamic)][purpose:{object}][SnkIdx:2]
-----------
CONST[source:0(mediator),value:2(dynamic)][purpose:{subject}][SrcIdx:20]
CE0x3e17c00 "{CE0x3e17c00|COLLAPSED:_CMRE:_elem_0:default:}"
CE0x3de6d50 "{CE0x3de6d50|selinux_capable:call|security/selinux/hooks.c,2007}"
CE0x3e18b00 "{CE0x3e18b00|selinux_capable:tobool|security/selinux/hooks.c,2008}"
CE0x3e513c0 "{CE0x3e513c0|selinux_capable:if.end}"
CE0x3e49cf0 "{CE0x3e49cf0|cred_has_capability:entry}"
CE0x3eecc10 "{CE0x3eecc10|cred_has_capability:sw.epilog}"
CE0x3e9f490 "{CE0x3e9f490|cred_has_capability:sclass.0}"
CE0x3e9f670 "{CE0x3e9f670|cred_has_capability:sclass.0|*SummSink*}"
CONST[source:0(mediator),value:2(dynamic)][purpose:{object}][SnkIdx:2]


CONST[source:0(mediator),value:2(dynamic)][purpose:{subject}][SrcIdx:20]  ->  CONST[source:0(mediator),value:0(static)][purpose:{operation}][SnkIdx:3]
-----------
CONST[source:0(mediator),value:2(dynamic)][purpose:{subject}][SrcIdx:20]
CE0x3e17c00 "{CE0x3e17c00|COLLAPSED:_CMRE:_elem_0:default:}"
CE0x3de6d50 "{CE0x3de6d50|selinux_capable:call|security/selinux/hooks.c,2007}"
CE0x3e18b00 "{CE0x3e18b00|selinux_capable:tobool|security/selinux/hooks.c,2008}"
CE0x3e513c0 "{CE0x3e513c0|selinux_capable:if.end}"
CE0x3e49cf0 "{CE0x3e49cf0|cred_has_capability:entry}"
CE0x3e4c7c0 "{CE0x3e4c7c0|cred_has_capability:bb}"
CE0x3e456b0 "{CE0x3e456b0|cred_has_capability:shl|security/selinux/hooks.c,1559}"
CE0x3e458a0 "{CE0x3e458a0|cred_has_capability:shl|security/selinux/hooks.c,1559|*SummSink*}"
CONST[source:0(mediator),value:0(static)][purpose:{operation}][SnkIdx:3]


CONST[source:0(mediator),value:2(dynamic)][purpose:{subject}][SrcIdx:20]  ->  CONST[source:0(mediator),value:2(dynamic)][purpose:{object}][SnkIdx:5]
-----------
CONST[source:0(mediator),value:2(dynamic)][purpose:{subject}][SrcIdx:20]
CE0x3eb37b0 "{CE0x3eb37b0|0:_i32,_4:_i32,_8:_i32,_12:_i32,_:_CMRE_4,8_|*MultipleSource*|security/selinux/hooks.c,196|security/selinux/hooks.c,197|*LoadInst*|security/selinux/hooks.c,196}"
CE0x3ec0d40 "{CE0x3ec0d40|cred_sid:tmp6|security/selinux/hooks.c,197}"
CE0x3e232f0 "{CE0x3e232f0|_ret_i32_%tmp6,_!dbg_!27716|security/selinux/hooks.c,197}"
CE0x3eb0200 "{CE0x3eb0200|cred_has_capability:call|security/selinux/hooks.c,1558}"
CE0x3eb03c0 "{CE0x3eb03c0|cred_has_capability:call|security/selinux/hooks.c,1558|*SummSink*}"
CONST[source:0(mediator),value:2(dynamic)][purpose:{object}][SnkIdx:5]


CONST[source:0(mediator),value:2(dynamic)][purpose:{subject}][SrcIdx:20]  ->  CONST[source:0(mediator),value:0(static)][purpose:{operation}][SnkIdx:7]
-----------
CONST[source:0(mediator),value:2(dynamic)][purpose:{subject}][SrcIdx:20]
CE0x3e17c00 "{CE0x3e17c00|COLLAPSED:_CMRE:_elem_0:default:}"
CE0x3de6d50 "{CE0x3de6d50|selinux_capable:call|security/selinux/hooks.c,2007}"
CE0x3e18b00 "{CE0x3e18b00|selinux_capable:tobool|security/selinux/hooks.c,2008}"
CE0x3e513c0 "{CE0x3e513c0|selinux_capable:if.end}"
CE0x3e49cf0 "{CE0x3e49cf0|cred_has_capability:entry}"
CE0x3e4c7c0 "{CE0x3e4c7c0|cred_has_capability:bb}"
CE0x3e456b0 "{CE0x3e456b0|cred_has_capability:shl|security/selinux/hooks.c,1559}"
CE0x3e458a0 "{CE0x3e458a0|cred_has_capability:shl|security/selinux/hooks.c,1559|*SummSink*}"
CONST[source:0(mediator),value:0(static)][purpose:{operation}][SnkIdx:7]


CONST[source:2(external),value:0(static)][purpose:{operation}][SrcIdx:18]  ->  CONST[source:0(mediator),value:2(dynamic)][purpose:{object}][SnkIdx:1]
-----------
CONST[source:2(external),value:0(static)][purpose:{operation}][SrcIdx:18]
CE0x3e66670 "{CE0x3e66670|selinux_capable:cap|Function::selinux_capable&Arg::cap::|*SummSource*}"
CE0x3e76fb0 "{CE0x3e76fb0|selinux_capable:cap|Function::selinux_capable&Arg::cap::}"
CE0x3de6d50 "{CE0x3de6d50|selinux_capable:call|security/selinux/hooks.c,2007}"
CE0x3e18b00 "{CE0x3e18b00|selinux_capable:tobool|security/selinux/hooks.c,2008}"
CE0x3e513c0 "{CE0x3e513c0|selinux_capable:if.end}"
CE0x3e49cf0 "{CE0x3e49cf0|cred_has_capability:entry}"
CE0x3e4c7c0 "{CE0x3e4c7c0|cred_has_capability:bb}"
CE0x3eb0200 "{CE0x3eb0200|cred_has_capability:call|security/selinux/hooks.c,1558}"
CE0x3eb03c0 "{CE0x3eb03c0|cred_has_capability:call|security/selinux/hooks.c,1558|*SummSink*}"
CONST[source:0(mediator),value:2(dynamic)][purpose:{object}][SnkIdx:1]


CONST[source:2(external),value:0(static)][purpose:{operation}][SrcIdx:18]  ->  CONST[source:0(mediator),value:2(dynamic)][purpose:{object}][SnkIdx:6]
-----------
CONST[source:2(external),value:0(static)][purpose:{operation}][SrcIdx:18]
CE0x3e66670 "{CE0x3e66670|selinux_capable:cap|Function::selinux_capable&Arg::cap::|*SummSource*}"
CE0x3e76fb0 "{CE0x3e76fb0|selinux_capable:cap|Function::selinux_capable&Arg::cap::}"
CE0x3e4a700 "{CE0x3e4a700|cred_has_capability:cap|Function::cred_has_capability&Arg::cap::}"
CE0x3ee92b0 "{CE0x3ee92b0|cred_has_capability:shr|security/selinux/hooks.c,1565}"
CE0x3eecc10 "{CE0x3eecc10|cred_has_capability:sw.epilog}"
CE0x3e9f490 "{CE0x3e9f490|cred_has_capability:sclass.0}"
CE0x3e9f670 "{CE0x3e9f670|cred_has_capability:sclass.0|*SummSink*}"
CONST[source:0(mediator),value:2(dynamic)][purpose:{object}][SnkIdx:6]


CONST[source:2(external),value:0(static)][purpose:{operation}][SrcIdx:18]  ->  CONST[source:0(mediator),value:2(dynamic)][purpose:{subject}][SnkIdx:0]
-----------
CONST[source:2(external),value:0(static)][purpose:{operation}][SrcIdx:18]
CE0x3e66670 "{CE0x3e66670|selinux_capable:cap|Function::selinux_capable&Arg::cap::|*SummSource*}"
CE0x3e76fb0 "{CE0x3e76fb0|selinux_capable:cap|Function::selinux_capable&Arg::cap::}"
CE0x3de6d50 "{CE0x3de6d50|selinux_capable:call|security/selinux/hooks.c,2007}"
CE0x3e18b00 "{CE0x3e18b00|selinux_capable:tobool|security/selinux/hooks.c,2008}"
CE0x3e513c0 "{CE0x3e513c0|selinux_capable:if.end}"
CE0x3e49cf0 "{CE0x3e49cf0|cred_has_capability:entry}"
CE0x3e4c7c0 "{CE0x3e4c7c0|cred_has_capability:bb}"
CE0x3eb0200 "{CE0x3eb0200|cred_has_capability:call|security/selinux/hooks.c,1558}"
CE0x3eb03c0 "{CE0x3eb03c0|cred_has_capability:call|security/selinux/hooks.c,1558|*SummSink*}"
CONST[source:0(mediator),value:2(dynamic)][purpose:{subject}][SnkIdx:0]


CONST[source:2(external),value:0(static)][purpose:{operation}][SrcIdx:18]  ->  CONST[source:0(mediator),value:2(dynamic)][purpose:{object}][SnkIdx:2]
-----------
CONST[source:2(external),value:0(static)][purpose:{operation}][SrcIdx:18]
CE0x3e66670 "{CE0x3e66670|selinux_capable:cap|Function::selinux_capable&Arg::cap::|*SummSource*}"
CE0x3e76fb0 "{CE0x3e76fb0|selinux_capable:cap|Function::selinux_capable&Arg::cap::}"
CE0x3e4a700 "{CE0x3e4a700|cred_has_capability:cap|Function::cred_has_capability&Arg::cap::}"
CE0x3ee92b0 "{CE0x3ee92b0|cred_has_capability:shr|security/selinux/hooks.c,1565}"
CE0x3eecc10 "{CE0x3eecc10|cred_has_capability:sw.epilog}"
CE0x3e9f490 "{CE0x3e9f490|cred_has_capability:sclass.0}"
CE0x3e9f670 "{CE0x3e9f670|cred_has_capability:sclass.0|*SummSink*}"
CONST[source:0(mediator),value:2(dynamic)][purpose:{object}][SnkIdx:2]


CONST[source:2(external),value:0(static)][purpose:{operation}][SrcIdx:18]  ->  CONST[source:0(mediator),value:2(dynamic)][purpose:{subject}][SnkIdx:4]
-----------
CONST[source:2(external),value:0(static)][purpose:{operation}][SrcIdx:18]
CE0x3e66670 "{CE0x3e66670|selinux_capable:cap|Function::selinux_capable&Arg::cap::|*SummSource*}"
CE0x3e76fb0 "{CE0x3e76fb0|selinux_capable:cap|Function::selinux_capable&Arg::cap::}"
CE0x3de6d50 "{CE0x3de6d50|selinux_capable:call|security/selinux/hooks.c,2007}"
CE0x3e18b00 "{CE0x3e18b00|selinux_capable:tobool|security/selinux/hooks.c,2008}"
CE0x3e513c0 "{CE0x3e513c0|selinux_capable:if.end}"
CE0x3e49cf0 "{CE0x3e49cf0|cred_has_capability:entry}"
CE0x3e4c7c0 "{CE0x3e4c7c0|cred_has_capability:bb}"
CE0x3eb0200 "{CE0x3eb0200|cred_has_capability:call|security/selinux/hooks.c,1558}"
CE0x3eb03c0 "{CE0x3eb03c0|cred_has_capability:call|security/selinux/hooks.c,1558|*SummSink*}"
CONST[source:0(mediator),value:2(dynamic)][purpose:{subject}][SnkIdx:4]


CONST[source:2(external),value:0(static)][purpose:{operation}][SrcIdx:18]  ->  CONST[source:0(mediator),value:0(static)][purpose:{operation}][SnkIdx:3]
-----------
CONST[source:2(external),value:0(static)][purpose:{operation}][SrcIdx:18]
CE0x3e66670 "{CE0x3e66670|selinux_capable:cap|Function::selinux_capable&Arg::cap::|*SummSource*}"
CE0x3e76fb0 "{CE0x3e76fb0|selinux_capable:cap|Function::selinux_capable&Arg::cap::}"
CE0x3e4a700 "{CE0x3e4a700|cred_has_capability:cap|Function::cred_has_capability&Arg::cap::}"
CE0x3e62b40 "{CE0x3e62b40|cred_has_capability:and|security/selinux/hooks.c,1559}"
CE0x3e456b0 "{CE0x3e456b0|cred_has_capability:shl|security/selinux/hooks.c,1559}"
CE0x3e458a0 "{CE0x3e458a0|cred_has_capability:shl|security/selinux/hooks.c,1559|*SummSink*}"
CONST[source:0(mediator),value:0(static)][purpose:{operation}][SnkIdx:3]


CONST[source:2(external),value:0(static)][purpose:{operation}][SrcIdx:18]  ->  CONST[source:0(mediator),value:2(dynamic)][purpose:{object}][SnkIdx:5]
-----------
CONST[source:2(external),value:0(static)][purpose:{operation}][SrcIdx:18]
CE0x3e66670 "{CE0x3e66670|selinux_capable:cap|Function::selinux_capable&Arg::cap::|*SummSource*}"
CE0x3e76fb0 "{CE0x3e76fb0|selinux_capable:cap|Function::selinux_capable&Arg::cap::}"
CE0x3de6d50 "{CE0x3de6d50|selinux_capable:call|security/selinux/hooks.c,2007}"
CE0x3e18b00 "{CE0x3e18b00|selinux_capable:tobool|security/selinux/hooks.c,2008}"
CE0x3e513c0 "{CE0x3e513c0|selinux_capable:if.end}"
CE0x3e49cf0 "{CE0x3e49cf0|cred_has_capability:entry}"
CE0x3e4c7c0 "{CE0x3e4c7c0|cred_has_capability:bb}"
CE0x3eb0200 "{CE0x3eb0200|cred_has_capability:call|security/selinux/hooks.c,1558}"
CE0x3eb03c0 "{CE0x3eb03c0|cred_has_capability:call|security/selinux/hooks.c,1558|*SummSink*}"
CONST[source:0(mediator),value:2(dynamic)][purpose:{object}][SnkIdx:5]


CONST[source:2(external),value:0(static)][purpose:{operation}][SrcIdx:18]  ->  CONST[source:0(mediator),value:0(static)][purpose:{operation}][SnkIdx:7]
-----------
CONST[source:2(external),value:0(static)][purpose:{operation}][SrcIdx:18]
CE0x3e66670 "{CE0x3e66670|selinux_capable:cap|Function::selinux_capable&Arg::cap::|*SummSource*}"
CE0x3e76fb0 "{CE0x3e76fb0|selinux_capable:cap|Function::selinux_capable&Arg::cap::}"
CE0x3e4a700 "{CE0x3e4a700|cred_has_capability:cap|Function::cred_has_capability&Arg::cap::}"
CE0x3e62b40 "{CE0x3e62b40|cred_has_capability:and|security/selinux/hooks.c,1559}"
CE0x3e456b0 "{CE0x3e456b0|cred_has_capability:shl|security/selinux/hooks.c,1559}"
CE0x3e458a0 "{CE0x3e458a0|cred_has_capability:shl|security/selinux/hooks.c,1559|*SummSink*}"
CONST[source:0(mediator),value:0(static)][purpose:{operation}][SnkIdx:7]


CONST[source:2(external),value:2(dynamic)][purpose:{subject}][SrcIdx:19]  ->  CONST[source:0(mediator),value:2(dynamic)][purpose:{object}][SnkIdx:1]
-----------
CONST[source:2(external),value:2(dynamic)][purpose:{subject}][SrcIdx:19]
CE0x3e74130 "{CE0x3e74130|COLLAPSED:_GCMRE_current_task_external_global_%struct.task_struct*:_elem_0::|security/selinux/hooks.c,3087}"
CE0x3e74780 "{CE0x3e74780|selinux_inode_getsecurity:tmp27|security/selinux/hooks.c,3087}"
CE0x3e75b90 "{CE0x3e75b90|selinux_capable:cred|Function::selinux_capable&Arg::cred::}"
CE0x3de6d50 "{CE0x3de6d50|selinux_capable:call|security/selinux/hooks.c,2007}"
CE0x3e18b00 "{CE0x3e18b00|selinux_capable:tobool|security/selinux/hooks.c,2008}"
CE0x3e513c0 "{CE0x3e513c0|selinux_capable:if.end}"
CE0x3e49cf0 "{CE0x3e49cf0|cred_has_capability:entry}"
CE0x3e4c7c0 "{CE0x3e4c7c0|cred_has_capability:bb}"
CE0x3eb0200 "{CE0x3eb0200|cred_has_capability:call|security/selinux/hooks.c,1558}"
CE0x3eb03c0 "{CE0x3eb03c0|cred_has_capability:call|security/selinux/hooks.c,1558|*SummSink*}"
CONST[source:0(mediator),value:2(dynamic)][purpose:{object}][SnkIdx:1]


CONST[source:2(external),value:2(dynamic)][purpose:{subject}][SrcIdx:19]  ->  CONST[source:0(mediator),value:2(dynamic)][purpose:{object}][SnkIdx:6]
-----------
CONST[source:2(external),value:2(dynamic)][purpose:{subject}][SrcIdx:19]
CE0x3e74130 "{CE0x3e74130|COLLAPSED:_GCMRE_current_task_external_global_%struct.task_struct*:_elem_0::|security/selinux/hooks.c,3087}"
CE0x3e74780 "{CE0x3e74780|selinux_inode_getsecurity:tmp27|security/selinux/hooks.c,3087}"
CE0x3e75b90 "{CE0x3e75b90|selinux_capable:cred|Function::selinux_capable&Arg::cred::}"
CE0x3de6d50 "{CE0x3de6d50|selinux_capable:call|security/selinux/hooks.c,2007}"
CE0x3e18b00 "{CE0x3e18b00|selinux_capable:tobool|security/selinux/hooks.c,2008}"
CE0x3e513c0 "{CE0x3e513c0|selinux_capable:if.end}"
CE0x3e49cf0 "{CE0x3e49cf0|cred_has_capability:entry}"
CE0x3eecc10 "{CE0x3eecc10|cred_has_capability:sw.epilog}"
CE0x3e9f490 "{CE0x3e9f490|cred_has_capability:sclass.0}"
CE0x3e9f670 "{CE0x3e9f670|cred_has_capability:sclass.0|*SummSink*}"
CONST[source:0(mediator),value:2(dynamic)][purpose:{object}][SnkIdx:6]


CONST[source:2(external),value:2(dynamic)][purpose:{subject}][SrcIdx:19]  ->  CONST[source:0(mediator),value:2(dynamic)][purpose:{subject}][SnkIdx:0]
-----------
CONST[source:2(external),value:2(dynamic)][purpose:{subject}][SrcIdx:19]
CE0x3e74130 "{CE0x3e74130|COLLAPSED:_GCMRE_current_task_external_global_%struct.task_struct*:_elem_0::|security/selinux/hooks.c,3087}"
CE0x3e74780 "{CE0x3e74780|selinux_inode_getsecurity:tmp27|security/selinux/hooks.c,3087}"
CE0x3e75b90 "{CE0x3e75b90|selinux_capable:cred|Function::selinux_capable&Arg::cred::}"
CE0x3de6d50 "{CE0x3de6d50|selinux_capable:call|security/selinux/hooks.c,2007}"
CE0x3e18b00 "{CE0x3e18b00|selinux_capable:tobool|security/selinux/hooks.c,2008}"
CE0x3e513c0 "{CE0x3e513c0|selinux_capable:if.end}"
CE0x3e49cf0 "{CE0x3e49cf0|cred_has_capability:entry}"
CE0x3e4c7c0 "{CE0x3e4c7c0|cred_has_capability:bb}"
CE0x3eb0200 "{CE0x3eb0200|cred_has_capability:call|security/selinux/hooks.c,1558}"
CE0x3eb03c0 "{CE0x3eb03c0|cred_has_capability:call|security/selinux/hooks.c,1558|*SummSink*}"
CONST[source:0(mediator),value:2(dynamic)][purpose:{subject}][SnkIdx:0]


CONST[source:2(external),value:2(dynamic)][purpose:{subject}][SrcIdx:19]  ->  CONST[source:0(mediator),value:2(dynamic)][purpose:{object}][SnkIdx:2]
-----------
CONST[source:2(external),value:2(dynamic)][purpose:{subject}][SrcIdx:19]
CE0x3e74130 "{CE0x3e74130|COLLAPSED:_GCMRE_current_task_external_global_%struct.task_struct*:_elem_0::|security/selinux/hooks.c,3087}"
CE0x3e74780 "{CE0x3e74780|selinux_inode_getsecurity:tmp27|security/selinux/hooks.c,3087}"
CE0x3e75b90 "{CE0x3e75b90|selinux_capable:cred|Function::selinux_capable&Arg::cred::}"
CE0x3de6d50 "{CE0x3de6d50|selinux_capable:call|security/selinux/hooks.c,2007}"
CE0x3e18b00 "{CE0x3e18b00|selinux_capable:tobool|security/selinux/hooks.c,2008}"
CE0x3e513c0 "{CE0x3e513c0|selinux_capable:if.end}"
CE0x3e49cf0 "{CE0x3e49cf0|cred_has_capability:entry}"
CE0x3eecc10 "{CE0x3eecc10|cred_has_capability:sw.epilog}"
CE0x3e9f490 "{CE0x3e9f490|cred_has_capability:sclass.0}"
CE0x3e9f670 "{CE0x3e9f670|cred_has_capability:sclass.0|*SummSink*}"
CONST[source:0(mediator),value:2(dynamic)][purpose:{object}][SnkIdx:2]


CONST[source:2(external),value:2(dynamic)][purpose:{subject}][SrcIdx:19]  ->  CONST[source:0(mediator),value:2(dynamic)][purpose:{subject}][SnkIdx:4]
-----------
CONST[source:2(external),value:2(dynamic)][purpose:{subject}][SrcIdx:19]
CE0x3e74130 "{CE0x3e74130|COLLAPSED:_GCMRE_current_task_external_global_%struct.task_struct*:_elem_0::|security/selinux/hooks.c,3087}"
CE0x3e74780 "{CE0x3e74780|selinux_inode_getsecurity:tmp27|security/selinux/hooks.c,3087}"
CE0x3e75b90 "{CE0x3e75b90|selinux_capable:cred|Function::selinux_capable&Arg::cred::}"
CE0x3de6d50 "{CE0x3de6d50|selinux_capable:call|security/selinux/hooks.c,2007}"
CE0x3e18b00 "{CE0x3e18b00|selinux_capable:tobool|security/selinux/hooks.c,2008}"
CE0x3e513c0 "{CE0x3e513c0|selinux_capable:if.end}"
CE0x3e49cf0 "{CE0x3e49cf0|cred_has_capability:entry}"
CE0x3e4c7c0 "{CE0x3e4c7c0|cred_has_capability:bb}"
CE0x3eb0200 "{CE0x3eb0200|cred_has_capability:call|security/selinux/hooks.c,1558}"
CE0x3eb03c0 "{CE0x3eb03c0|cred_has_capability:call|security/selinux/hooks.c,1558|*SummSink*}"
CONST[source:0(mediator),value:2(dynamic)][purpose:{subject}][SnkIdx:4]


CONST[source:2(external),value:2(dynamic)][purpose:{subject}][SrcIdx:19]  ->  CONST[source:0(mediator),value:0(static)][purpose:{operation}][SnkIdx:3]
-----------
CONST[source:2(external),value:2(dynamic)][purpose:{subject}][SrcIdx:19]
CE0x3e74130 "{CE0x3e74130|COLLAPSED:_GCMRE_current_task_external_global_%struct.task_struct*:_elem_0::|security/selinux/hooks.c,3087}"
CE0x3e74780 "{CE0x3e74780|selinux_inode_getsecurity:tmp27|security/selinux/hooks.c,3087}"
CE0x3e75b90 "{CE0x3e75b90|selinux_capable:cred|Function::selinux_capable&Arg::cred::}"
CE0x3de6d50 "{CE0x3de6d50|selinux_capable:call|security/selinux/hooks.c,2007}"
CE0x3e18b00 "{CE0x3e18b00|selinux_capable:tobool|security/selinux/hooks.c,2008}"
CE0x3e513c0 "{CE0x3e513c0|selinux_capable:if.end}"
CE0x3e49cf0 "{CE0x3e49cf0|cred_has_capability:entry}"
CE0x3e4c7c0 "{CE0x3e4c7c0|cred_has_capability:bb}"
CE0x3e456b0 "{CE0x3e456b0|cred_has_capability:shl|security/selinux/hooks.c,1559}"
CE0x3e458a0 "{CE0x3e458a0|cred_has_capability:shl|security/selinux/hooks.c,1559|*SummSink*}"
CONST[source:0(mediator),value:0(static)][purpose:{operation}][SnkIdx:3]


CONST[source:2(external),value:2(dynamic)][purpose:{subject}][SrcIdx:19]  ->  CONST[source:0(mediator),value:2(dynamic)][purpose:{object}][SnkIdx:5]
-----------
CONST[source:2(external),value:2(dynamic)][purpose:{subject}][SrcIdx:19]
CE0x3e74130 "{CE0x3e74130|COLLAPSED:_GCMRE_current_task_external_global_%struct.task_struct*:_elem_0::|security/selinux/hooks.c,3087}"
CE0x3e74780 "{CE0x3e74780|selinux_inode_getsecurity:tmp27|security/selinux/hooks.c,3087}"
CE0x3e75b90 "{CE0x3e75b90|selinux_capable:cred|Function::selinux_capable&Arg::cred::}"
CE0x3de6d50 "{CE0x3de6d50|selinux_capable:call|security/selinux/hooks.c,2007}"
CE0x3e18b00 "{CE0x3e18b00|selinux_capable:tobool|security/selinux/hooks.c,2008}"
CE0x3e513c0 "{CE0x3e513c0|selinux_capable:if.end}"
CE0x3e49cf0 "{CE0x3e49cf0|cred_has_capability:entry}"
CE0x3e4c7c0 "{CE0x3e4c7c0|cred_has_capability:bb}"
CE0x3eb0200 "{CE0x3eb0200|cred_has_capability:call|security/selinux/hooks.c,1558}"
CE0x3eb03c0 "{CE0x3eb03c0|cred_has_capability:call|security/selinux/hooks.c,1558|*SummSink*}"
CONST[source:0(mediator),value:2(dynamic)][purpose:{object}][SnkIdx:5]


CONST[source:2(external),value:2(dynamic)][purpose:{subject}][SrcIdx:19]  ->  CONST[source:0(mediator),value:0(static)][purpose:{operation}][SnkIdx:7]
-----------
CONST[source:2(external),value:2(dynamic)][purpose:{subject}][SrcIdx:19]
CE0x3e74130 "{CE0x3e74130|COLLAPSED:_GCMRE_current_task_external_global_%struct.task_struct*:_elem_0::|security/selinux/hooks.c,3087}"
CE0x3e74780 "{CE0x3e74780|selinux_inode_getsecurity:tmp27|security/selinux/hooks.c,3087}"
CE0x3e75b90 "{CE0x3e75b90|selinux_capable:cred|Function::selinux_capable&Arg::cred::}"
CE0x3de6d50 "{CE0x3de6d50|selinux_capable:call|security/selinux/hooks.c,2007}"
CE0x3e18b00 "{CE0x3e18b00|selinux_capable:tobool|security/selinux/hooks.c,2008}"
CE0x3e513c0 "{CE0x3e513c0|selinux_capable:if.end}"
CE0x3e49cf0 "{CE0x3e49cf0|cred_has_capability:entry}"
CE0x3e4c7c0 "{CE0x3e4c7c0|cred_has_capability:bb}"
CE0x3e456b0 "{CE0x3e456b0|cred_has_capability:shl|security/selinux/hooks.c,1559}"
CE0x3e458a0 "{CE0x3e458a0|cred_has_capability:shl|security/selinux/hooks.c,1559|*SummSink*}"
CONST[source:0(mediator),value:0(static)][purpose:{operation}][SnkIdx:7]


