[selinux_ptrace_access_check]

explicit:
CONST[source:2(external),value:2(dynamic)][purpose:{subject}][SrcIdx:5]  ->  CONST[source:0(mediator),value:2(dynamic)][purpose:{subject}][SnkIdx:4]
-----------
CONST[source:2(external),value:2(dynamic)][purpose:{subject}][SrcIdx:5]
CE0x53569a0 "{CE0x53569a0|COLLAPSED:_GCMRE_current_task_external_global_%struct.task_struct*:_elem_0::|security/selinux/hooks.c,218}"
CE0x538a0c0 "{CE0x538a0c0|current_sid:tmp22|security/selinux/hooks.c,218}"
CE0x5384ff0 "{CE0x5384ff0|current_sid:tmp23|security/selinux/hooks.c,218}"
CE0x538a2e0 "{CE0x538a2e0|current_sid:sid|security/selinux/hooks.c,220}"
CE0x5386210 "{CE0x5386210|current_sid:tmp24|security/selinux/hooks.c,220}"
CE0x5350fc0 "{CE0x5350fc0|_ret_i32_%tmp24,_!dbg_!27742|security/selinux/hooks.c,220}"
CE0x5344390 "{CE0x5344390|current_has_perm:call|security/selinux/hooks.c,1542}"
CE0x52f7d60 "{CE0x52f7d60|current_has_perm:call|security/selinux/hooks.c,1542|*SummSink*}"
CONST[source:0(mediator),value:2(dynamic)][purpose:{subject}][SnkIdx:4]


CONST[source:2(external),value:2(dynamic)][purpose:{subject}][SrcIdx:5]  ->  CONST[source:0(mediator),value:2(dynamic)][purpose:{subject}][SnkIdx:0]
-----------
CONST[source:2(external),value:2(dynamic)][purpose:{subject}][SrcIdx:5]
CE0x53569a0 "{CE0x53569a0|COLLAPSED:_GCMRE_current_task_external_global_%struct.task_struct*:_elem_0::|security/selinux/hooks.c,218}"
CE0x5357d60 "{CE0x5357d60|current_sid:tmp22|security/selinux/hooks.c,218}"
CE0x5358050 "{CE0x5358050|current_sid:tmp23|security/selinux/hooks.c,218}"
CE0x5361350 "{CE0x5361350|current_sid:sid|security/selinux/hooks.c,220}"
CE0x5362180 "{CE0x5362180|current_sid:tmp24|security/selinux/hooks.c,220}"
CE0x52f4100 "{CE0x52f4100|_ret_i32_%tmp24,_!dbg_!27742|security/selinux/hooks.c,220}"
CE0x52fb8f0 "{CE0x52fb8f0|selinux_ptrace_access_check:call3|security/selinux/hooks.c,1946}"
CE0x530eeb0 "{CE0x530eeb0|selinux_ptrace_access_check:call3|security/selinux/hooks.c,1946|*SummSink*}"
CONST[source:0(mediator),value:2(dynamic)][purpose:{subject}][SnkIdx:0]


CONST[source:1(input),value:2(dynamic)][purpose:{object}][SrcIdx:2]  ->  CONST[source:0(mediator),value:2(dynamic)][purpose:{object}][SnkIdx:1]
-----------
CONST[source:1(input),value:2(dynamic)][purpose:{object}][SrcIdx:2]
CE0x52fa630 "{CE0x52fa630|2472:_%struct.cred*,_:_CRE:_elem_0:default:}"
CE0x5349ff0 "{CE0x5349ff0|task_sid:tmp4|*LoadInst*|security/selinux/hooks.c,208}"
CE0x5327700 "{CE0x5327700|cred_sid:cred|Function::cred_sid&Arg::cred::}"
CE0x537a270 "{CE0x537a270|cred_sid:security|security/selinux/hooks.c,196}"
CE0x539cfb0 "{CE0x539cfb0|cred_sid:tmp4|*LoadInst*|security/selinux/hooks.c,196}"
CE0x5364e20 "{CE0x5364e20|cred_sid:tmp5|security/selinux/hooks.c,196}"
CE0x53b2840 "{CE0x53b2840|cred_sid:sid|security/selinux/hooks.c,197}"
CE0x53b1cc0 "{CE0x53b1cc0|cred_sid:tmp6|security/selinux/hooks.c,197}"
CE0x5327a60 "{CE0x5327a60|_ret_i32_%tmp6,_!dbg_!27716|security/selinux/hooks.c,197}"
CE0x530c8f0 "{CE0x530c8f0|task_sid:call7|security/selinux/hooks.c,208}"
CE0x52fca10 "{CE0x52fca10|_ret_i32_%call7,_!dbg_!27749|security/selinux/hooks.c,210}"
CE0x5304040 "{CE0x5304040|selinux_ptrace_access_check:call4|security/selinux/hooks.c,1947}"
CE0x531c0f0 "{CE0x531c0f0|selinux_ptrace_access_check:call4|security/selinux/hooks.c,1947|*SummSink*}"
CONST[source:0(mediator),value:2(dynamic)][purpose:{object}][SnkIdx:1]


CONST[source:1(input),value:2(dynamic)][purpose:{object}][SrcIdx:2]  ->  CONST[source:0(mediator),value:2(dynamic)][purpose:{object}][SnkIdx:5]
-----------
CONST[source:1(input),value:2(dynamic)][purpose:{object}][SrcIdx:2]
CE0x52fa630 "{CE0x52fa630|2472:_%struct.cred*,_:_CRE:_elem_0:default:}"
CE0x5349ff0 "{CE0x5349ff0|task_sid:tmp4|*LoadInst*|security/selinux/hooks.c,208}"
CE0x5327700 "{CE0x5327700|cred_sid:cred|Function::cred_sid&Arg::cred::}"
CE0x537a270 "{CE0x537a270|cred_sid:security|security/selinux/hooks.c,196}"
CE0x539cfb0 "{CE0x539cfb0|cred_sid:tmp4|*LoadInst*|security/selinux/hooks.c,196}"
CE0x5364e20 "{CE0x5364e20|cred_sid:tmp5|security/selinux/hooks.c,196}"
CE0x53b2840 "{CE0x53b2840|cred_sid:sid|security/selinux/hooks.c,197}"
CE0x53b1cc0 "{CE0x53b1cc0|cred_sid:tmp6|security/selinux/hooks.c,197}"
CE0x5327a60 "{CE0x5327a60|_ret_i32_%tmp6,_!dbg_!27716|security/selinux/hooks.c,197}"
CE0x538f600 "{CE0x538f600|task_sid:call7|security/selinux/hooks.c,208}"
CE0x5345740 "{CE0x5345740|_ret_i32_%call7,_!dbg_!27749|security/selinux/hooks.c,210}"
CE0x534fd20 "{CE0x534fd20|current_has_perm:call1|security/selinux/hooks.c,1543}"
CE0x534ff00 "{CE0x534ff00|current_has_perm:call1|security/selinux/hooks.c,1543|*SummSink*}"
CONST[source:0(mediator),value:2(dynamic)][purpose:{object}][SnkIdx:5]



implicit:
CONST[source:1(input),value:2(dynamic)][purpose:{object}][SrcIdx:2]  ->  CONST[source:0(mediator),value:2(dynamic)][purpose:{object}][SnkIdx:1]
-----------
CONST[source:1(input),value:2(dynamic)][purpose:{object}][SrcIdx:2]
CE0x52fa630 "{CE0x52fa630|2472:_%struct.cred*,_:_CRE:_elem_0:default:}"
CE0x5349ff0 "{CE0x5349ff0|task_sid:tmp4|*LoadInst*|security/selinux/hooks.c,208}"
CE0x5327700 "{CE0x5327700|cred_sid:cred|Function::cred_sid&Arg::cred::}"
CE0x537a270 "{CE0x537a270|cred_sid:security|security/selinux/hooks.c,196}"
CE0x539cfb0 "{CE0x539cfb0|cred_sid:tmp4|*LoadInst*|security/selinux/hooks.c,196}"
CE0x5364e20 "{CE0x5364e20|cred_sid:tmp5|security/selinux/hooks.c,196}"
CE0x53b2840 "{CE0x53b2840|cred_sid:sid|security/selinux/hooks.c,197}"
CE0x53b1cc0 "{CE0x53b1cc0|cred_sid:tmp6|security/selinux/hooks.c,197}"
CE0x5327a60 "{CE0x5327a60|_ret_i32_%tmp6,_!dbg_!27716|security/selinux/hooks.c,197}"
CE0x530c8f0 "{CE0x530c8f0|task_sid:call7|security/selinux/hooks.c,208}"
CE0x52fca10 "{CE0x52fca10|_ret_i32_%call7,_!dbg_!27749|security/selinux/hooks.c,210}"
CE0x5304040 "{CE0x5304040|selinux_ptrace_access_check:call4|security/selinux/hooks.c,1947}"
CE0x531c0f0 "{CE0x531c0f0|selinux_ptrace_access_check:call4|security/selinux/hooks.c,1947|*SummSink*}"
CONST[source:0(mediator),value:2(dynamic)][purpose:{object}][SnkIdx:1]


CONST[source:1(input),value:2(dynamic)][purpose:{object}][SrcIdx:2]  ->  CONST[source:0(mediator),value:2(dynamic)][purpose:{object}][SnkIdx:5]
-----------
CONST[source:1(input),value:2(dynamic)][purpose:{object}][SrcIdx:2]
CE0x52fa630 "{CE0x52fa630|2472:_%struct.cred*,_:_CRE:_elem_0:default:}"
CE0x5349ff0 "{CE0x5349ff0|task_sid:tmp4|*LoadInst*|security/selinux/hooks.c,208}"
CE0x5327700 "{CE0x5327700|cred_sid:cred|Function::cred_sid&Arg::cred::}"
CE0x537a270 "{CE0x537a270|cred_sid:security|security/selinux/hooks.c,196}"
CE0x539cfb0 "{CE0x539cfb0|cred_sid:tmp4|*LoadInst*|security/selinux/hooks.c,196}"
CE0x5364e20 "{CE0x5364e20|cred_sid:tmp5|security/selinux/hooks.c,196}"
CE0x53b2840 "{CE0x53b2840|cred_sid:sid|security/selinux/hooks.c,197}"
CE0x53b1cc0 "{CE0x53b1cc0|cred_sid:tmp6|security/selinux/hooks.c,197}"
CE0x5327a60 "{CE0x5327a60|_ret_i32_%tmp6,_!dbg_!27716|security/selinux/hooks.c,197}"
CE0x538f600 "{CE0x538f600|task_sid:call7|security/selinux/hooks.c,208}"
CE0x5345740 "{CE0x5345740|_ret_i32_%call7,_!dbg_!27749|security/selinux/hooks.c,210}"
CE0x534fd20 "{CE0x534fd20|current_has_perm:call1|security/selinux/hooks.c,1543}"
CE0x534ff00 "{CE0x534ff00|current_has_perm:call1|security/selinux/hooks.c,1543|*SummSink*}"
CONST[source:0(mediator),value:2(dynamic)][purpose:{object}][SnkIdx:5]


CONST[source:2(external),value:0(static)][purpose:{operation}][SrcIdx:1]  ->  CONST[source:0(mediator),value:2(dynamic)][purpose:{subject}][SnkIdx:4]
-----------
CONST[source:2(external),value:0(static)][purpose:{operation}][SrcIdx:1]
CE0x5316300 "{CE0x5316300|i32_1|*Constant*}"
CE0x52f4050 "{CE0x52f4050|selinux_ptrace_access_check:and|security/selinux/hooks.c,1945}"
CE0x52f9b00 "{CE0x52f9b00|selinux_ptrace_access_check:tobool1|security/selinux/hooks.c,1945}"
CE0x52f60b0 "{CE0x52f60b0|selinux_ptrace_access_check:if.end6}"
CE0x53299b0 "{CE0x53299b0|current_has_perm:entry}"
CE0x5379b60 "{CE0x5379b60|current_has_perm:bb}"
CE0x5344390 "{CE0x5344390|current_has_perm:call|security/selinux/hooks.c,1542}"
CE0x52f7d60 "{CE0x52f7d60|current_has_perm:call|security/selinux/hooks.c,1542|*SummSink*}"
CONST[source:0(mediator),value:2(dynamic)][purpose:{subject}][SnkIdx:4]


CONST[source:2(external),value:0(static)][purpose:{operation}][SrcIdx:1]  ->  CONST[source:0(mediator),value:2(dynamic)][purpose:{object}][SnkIdx:1]
-----------
CONST[source:2(external),value:0(static)][purpose:{operation}][SrcIdx:1]
CE0x5316300 "{CE0x5316300|i32_1|*Constant*}"
CE0x52f4050 "{CE0x52f4050|selinux_ptrace_access_check:and|security/selinux/hooks.c,1945}"
CE0x52f9b00 "{CE0x52f9b00|selinux_ptrace_access_check:tobool1|security/selinux/hooks.c,1945}"
CE0x52e8e30 "{CE0x52e8e30|selinux_ptrace_access_check:if.then2}"
CE0x5304040 "{CE0x5304040|selinux_ptrace_access_check:call4|security/selinux/hooks.c,1947}"
CE0x531c0f0 "{CE0x531c0f0|selinux_ptrace_access_check:call4|security/selinux/hooks.c,1947|*SummSink*}"
CONST[source:0(mediator),value:2(dynamic)][purpose:{object}][SnkIdx:1]


CONST[source:2(external),value:0(static)][purpose:{operation}][SrcIdx:1]  ->  CONST[source:0(mediator),value:2(dynamic)][purpose:{object}][SnkIdx:5]
-----------
CONST[source:2(external),value:0(static)][purpose:{operation}][SrcIdx:1]
CE0x5316300 "{CE0x5316300|i32_1|*Constant*}"
CE0x52f4050 "{CE0x52f4050|selinux_ptrace_access_check:and|security/selinux/hooks.c,1945}"
CE0x52f9b00 "{CE0x52f9b00|selinux_ptrace_access_check:tobool1|security/selinux/hooks.c,1945}"
CE0x52f60b0 "{CE0x52f60b0|selinux_ptrace_access_check:if.end6}"
CE0x53299b0 "{CE0x53299b0|current_has_perm:entry}"
CE0x5379b60 "{CE0x5379b60|current_has_perm:bb}"
CE0x534fd20 "{CE0x534fd20|current_has_perm:call1|security/selinux/hooks.c,1543}"
CE0x534ff00 "{CE0x534ff00|current_has_perm:call1|security/selinux/hooks.c,1543|*SummSink*}"
CONST[source:0(mediator),value:2(dynamic)][purpose:{object}][SnkIdx:5]


CONST[source:2(external),value:0(static)][purpose:{operation}][SrcIdx:1]  ->  CONST[source:0(mediator),value:2(dynamic)][purpose:{subject}][SnkIdx:0]
-----------
CONST[source:2(external),value:0(static)][purpose:{operation}][SrcIdx:1]
CE0x5316300 "{CE0x5316300|i32_1|*Constant*}"
CE0x52f4050 "{CE0x52f4050|selinux_ptrace_access_check:and|security/selinux/hooks.c,1945}"
CE0x52f9b00 "{CE0x52f9b00|selinux_ptrace_access_check:tobool1|security/selinux/hooks.c,1945}"
CE0x52e8e30 "{CE0x52e8e30|selinux_ptrace_access_check:if.then2}"
CE0x52fb8f0 "{CE0x52fb8f0|selinux_ptrace_access_check:call3|security/selinux/hooks.c,1946}"
CE0x530eeb0 "{CE0x530eeb0|selinux_ptrace_access_check:call3|security/selinux/hooks.c,1946|*SummSink*}"
CONST[source:0(mediator),value:2(dynamic)][purpose:{subject}][SnkIdx:0]


CONST[source:1(input),value:2(dynamic)][purpose:{operation}][SrcIdx:3]  ->  CONST[source:0(mediator),value:2(dynamic)][purpose:{subject}][SnkIdx:4]
-----------
CONST[source:1(input),value:2(dynamic)][purpose:{operation}][SrcIdx:3]
CE0x53ca050 "{CE0x53ca050|selinux_ptrace_access_check:mode|Function::selinux_ptrace_access_check&Arg::mode::|*SummSource*}"
CE0x53c9f40 "{CE0x53c9f40|selinux_ptrace_access_check:mode|Function::selinux_ptrace_access_check&Arg::mode::}"
CE0x52f4050 "{CE0x52f4050|selinux_ptrace_access_check:and|security/selinux/hooks.c,1945}"
CE0x52f9b00 "{CE0x52f9b00|selinux_ptrace_access_check:tobool1|security/selinux/hooks.c,1945}"
CE0x52f60b0 "{CE0x52f60b0|selinux_ptrace_access_check:if.end6}"
CE0x53299b0 "{CE0x53299b0|current_has_perm:entry}"
CE0x5379b60 "{CE0x5379b60|current_has_perm:bb}"
CE0x5344390 "{CE0x5344390|current_has_perm:call|security/selinux/hooks.c,1542}"
CE0x52f7d60 "{CE0x52f7d60|current_has_perm:call|security/selinux/hooks.c,1542|*SummSink*}"
CONST[source:0(mediator),value:2(dynamic)][purpose:{subject}][SnkIdx:4]


CONST[source:1(input),value:2(dynamic)][purpose:{operation}][SrcIdx:3]  ->  CONST[source:0(mediator),value:2(dynamic)][purpose:{object}][SnkIdx:1]
-----------
CONST[source:1(input),value:2(dynamic)][purpose:{operation}][SrcIdx:3]
CE0x53ca050 "{CE0x53ca050|selinux_ptrace_access_check:mode|Function::selinux_ptrace_access_check&Arg::mode::|*SummSource*}"
CE0x53c9f40 "{CE0x53c9f40|selinux_ptrace_access_check:mode|Function::selinux_ptrace_access_check&Arg::mode::}"
CE0x52f4050 "{CE0x52f4050|selinux_ptrace_access_check:and|security/selinux/hooks.c,1945}"
CE0x52f9b00 "{CE0x52f9b00|selinux_ptrace_access_check:tobool1|security/selinux/hooks.c,1945}"
CE0x52e8e30 "{CE0x52e8e30|selinux_ptrace_access_check:if.then2}"
CE0x5304040 "{CE0x5304040|selinux_ptrace_access_check:call4|security/selinux/hooks.c,1947}"
CE0x531c0f0 "{CE0x531c0f0|selinux_ptrace_access_check:call4|security/selinux/hooks.c,1947|*SummSink*}"
CONST[source:0(mediator),value:2(dynamic)][purpose:{object}][SnkIdx:1]


CONST[source:1(input),value:2(dynamic)][purpose:{operation}][SrcIdx:3]  ->  CONST[source:0(mediator),value:2(dynamic)][purpose:{object}][SnkIdx:5]
-----------
CONST[source:1(input),value:2(dynamic)][purpose:{operation}][SrcIdx:3]
CE0x53ca050 "{CE0x53ca050|selinux_ptrace_access_check:mode|Function::selinux_ptrace_access_check&Arg::mode::|*SummSource*}"
CE0x53c9f40 "{CE0x53c9f40|selinux_ptrace_access_check:mode|Function::selinux_ptrace_access_check&Arg::mode::}"
CE0x52f4050 "{CE0x52f4050|selinux_ptrace_access_check:and|security/selinux/hooks.c,1945}"
CE0x52f9b00 "{CE0x52f9b00|selinux_ptrace_access_check:tobool1|security/selinux/hooks.c,1945}"
CE0x52f60b0 "{CE0x52f60b0|selinux_ptrace_access_check:if.end6}"
CE0x53299b0 "{CE0x53299b0|current_has_perm:entry}"
CE0x5379b60 "{CE0x5379b60|current_has_perm:bb}"
CE0x534fd20 "{CE0x534fd20|current_has_perm:call1|security/selinux/hooks.c,1543}"
CE0x534ff00 "{CE0x534ff00|current_has_perm:call1|security/selinux/hooks.c,1543|*SummSink*}"
CONST[source:0(mediator),value:2(dynamic)][purpose:{object}][SnkIdx:5]


CONST[source:1(input),value:2(dynamic)][purpose:{operation}][SrcIdx:3]  ->  CONST[source:0(mediator),value:2(dynamic)][purpose:{subject}][SnkIdx:0]
-----------
CONST[source:1(input),value:2(dynamic)][purpose:{operation}][SrcIdx:3]
CE0x53ca050 "{CE0x53ca050|selinux_ptrace_access_check:mode|Function::selinux_ptrace_access_check&Arg::mode::|*SummSource*}"
CE0x53c9f40 "{CE0x53c9f40|selinux_ptrace_access_check:mode|Function::selinux_ptrace_access_check&Arg::mode::}"
CE0x52f4050 "{CE0x52f4050|selinux_ptrace_access_check:and|security/selinux/hooks.c,1945}"
CE0x52f9b00 "{CE0x52f9b00|selinux_ptrace_access_check:tobool1|security/selinux/hooks.c,1945}"
CE0x52e8e30 "{CE0x52e8e30|selinux_ptrace_access_check:if.then2}"
CE0x52fb8f0 "{CE0x52fb8f0|selinux_ptrace_access_check:call3|security/selinux/hooks.c,1946}"
CE0x530eeb0 "{CE0x530eeb0|selinux_ptrace_access_check:call3|security/selinux/hooks.c,1946|*SummSink*}"
CONST[source:0(mediator),value:2(dynamic)][purpose:{subject}][SnkIdx:0]


CONST[source:2(external),value:2(dynamic)][purpose:{subject}][SrcIdx:5]  ->  CONST[source:0(mediator),value:2(dynamic)][purpose:{subject}][SnkIdx:4]
-----------
CONST[source:2(external),value:2(dynamic)][purpose:{subject}][SrcIdx:5]
CE0x53569a0 "{CE0x53569a0|COLLAPSED:_GCMRE_current_task_external_global_%struct.task_struct*:_elem_0::|security/selinux/hooks.c,218}"
CE0x538a0c0 "{CE0x538a0c0|current_sid:tmp22|security/selinux/hooks.c,218}"
CE0x5384ff0 "{CE0x5384ff0|current_sid:tmp23|security/selinux/hooks.c,218}"
CE0x538a2e0 "{CE0x538a2e0|current_sid:sid|security/selinux/hooks.c,220}"
CE0x5386210 "{CE0x5386210|current_sid:tmp24|security/selinux/hooks.c,220}"
CE0x5350fc0 "{CE0x5350fc0|_ret_i32_%tmp24,_!dbg_!27742|security/selinux/hooks.c,220}"
CE0x5344390 "{CE0x5344390|current_has_perm:call|security/selinux/hooks.c,1542}"
CE0x52f7d60 "{CE0x52f7d60|current_has_perm:call|security/selinux/hooks.c,1542|*SummSink*}"
CONST[source:0(mediator),value:2(dynamic)][purpose:{subject}][SnkIdx:4]


CONST[source:2(external),value:2(dynamic)][purpose:{subject}][SrcIdx:5]  ->  CONST[source:0(mediator),value:2(dynamic)][purpose:{subject}][SnkIdx:0]
-----------
CONST[source:2(external),value:2(dynamic)][purpose:{subject}][SrcIdx:5]
CE0x53569a0 "{CE0x53569a0|COLLAPSED:_GCMRE_current_task_external_global_%struct.task_struct*:_elem_0::|security/selinux/hooks.c,218}"
CE0x5357d60 "{CE0x5357d60|current_sid:tmp22|security/selinux/hooks.c,218}"
CE0x5358050 "{CE0x5358050|current_sid:tmp23|security/selinux/hooks.c,218}"
CE0x5361350 "{CE0x5361350|current_sid:sid|security/selinux/hooks.c,220}"
CE0x5362180 "{CE0x5362180|current_sid:tmp24|security/selinux/hooks.c,220}"
CE0x52f4100 "{CE0x52f4100|_ret_i32_%tmp24,_!dbg_!27742|security/selinux/hooks.c,220}"
CE0x52fb8f0 "{CE0x52fb8f0|selinux_ptrace_access_check:call3|security/selinux/hooks.c,1946}"
CE0x530eeb0 "{CE0x530eeb0|selinux_ptrace_access_check:call3|security/selinux/hooks.c,1946|*SummSink*}"
CONST[source:0(mediator),value:2(dynamic)][purpose:{subject}][SnkIdx:0]


