[selinux_netlink_send]

explicit:
CONST[source:0(mediator),value:2(dynamic)][purpose:{operation}][SrcIdx:5]  ->  CONST[source:0(mediator),value:0(static)][purpose:{operation}][SnkIdx:3]
-----------
CONST[source:0(mediator),value:2(dynamic)][purpose:{operation}][SrcIdx:5]
CE0x5a71d80 "{CE0x5a71d80|0:_i32,_:_SCRE:_elem_0:default:}"
CE0x5b3fe30 "{CE0x5b3fe30|selinux_nlmsg_perm:tmp46|security/selinux/hooks.c,4740}"
CE0x5b414a0 "{CE0x5b414a0|sock_has_perm:perms|Function::sock_has_perm&Arg::perms::}"
CE0x5b417a0 "{CE0x5b417a0|sock_has_perm:perms|Function::sock_has_perm&Arg::perms::|*SummSink*}"
CONST[source:0(mediator),value:0(static)][purpose:{operation}][SnkIdx:3]


CONST[source:1(input),value:2(dynamic)][purpose:{object}][SrcIdx:6]  ->  CONST[source:0(mediator),value:2(dynamic)][purpose:{object}][SnkIdx:2]
-----------
CONST[source:1(input),value:2(dynamic)][purpose:{object}][SrcIdx:6]
CE0x5a7b5f0 "{CE0x5a7b5f0|16:_i32,_24:_i16,_:_CRE_24,26_|*MultipleSource*|*LoadInst*|security/selinux/hooks.c,4715|security/selinux/hooks.c,4715|security/selinux/hooks.c,4723}"
CE0x5b797b0 "{CE0x5b797b0|sock_has_perm:tmp17|security/selinux/hooks.c,3976}"
CE0x5b79d30 "{CE0x5b79d30|sock_has_perm:tmp17|security/selinux/hooks.c,3976|*SummSink*}"
CONST[source:0(mediator),value:2(dynamic)][purpose:{object}][SnkIdx:2]


CONST[source:1(input),value:2(dynamic)][purpose:{object}][SrcIdx:6]  ->  CONST[source:0(mediator),value:2(dynamic)][purpose:{object}][SnkIdx:1]
-----------
CONST[source:1(input),value:2(dynamic)][purpose:{object}][SrcIdx:6]
CE0x5ae6a40 "{CE0x5ae6a40|16:_i32,_24:_i16,_:_CRE_16,20_|*MultipleSource*|*LoadInst*|security/selinux/hooks.c,4715|security/selinux/hooks.c,4715|security/selinux/hooks.c,4723}"
CE0x5b79040 "{CE0x5b79040|sock_has_perm:tmp16|security/selinux/hooks.c,3976}"
CE0x5b791e0 "{CE0x5b791e0|sock_has_perm:tmp16|security/selinux/hooks.c,3976|*SummSink*}"
CONST[source:0(mediator),value:2(dynamic)][purpose:{object}][SnkIdx:1]


CONST[source:2(external),value:2(dynamic)][purpose:{subject}][SrcIdx:8]  ->  CONST[source:0(mediator),value:2(dynamic)][purpose:{subject}][SnkIdx:0]
-----------
CONST[source:2(external),value:2(dynamic)][purpose:{subject}][SrcIdx:8]
CE0x5b09ae0 "{CE0x5b09ae0|COLLAPSED:_CMRE:_elem_0::|security/selinux/hooks.c,196}"
CE0x5afd1a0 "{CE0x5afd1a0|cred_sid:tmp4|*LoadInst*|security/selinux/hooks.c,196}"
CE0x5afd450 "{CE0x5afd450|cred_sid:tmp5|security/selinux/hooks.c,196}"
CE0x5b11640 "{CE0x5b11640|cred_sid:sid|security/selinux/hooks.c,197}"
CE0x5b70080 "{CE0x5b70080|cred_sid:tmp6|security/selinux/hooks.c,197}"
CE0x5b93000 "{CE0x5b93000|_ret_i32_%tmp6,_!dbg_!27716|security/selinux/hooks.c,197}"
CE0x5b91940 "{CE0x5b91940|task_sid:call7|security/selinux/hooks.c,208}"
CE0x5acaaf0 "{CE0x5acaaf0|_ret_i32_%call7,_!dbg_!27749|security/selinux/hooks.c,210}"
CE0x5b62a70 "{CE0x5b62a70|sock_has_perm:call|security/selinux/hooks.c,3967}"
CE0x5a99510 "{CE0x5a99510|sock_has_perm:call|security/selinux/hooks.c,3967|*SummSink*}"
CONST[source:0(mediator),value:2(dynamic)][purpose:{subject}][SnkIdx:0]



implicit:
CONST[source:0(mediator),value:2(dynamic)][purpose:{operation}][SrcIdx:5]  ->  CONST[source:0(mediator),value:0(static)][purpose:{operation}][SnkIdx:3]
-----------
CONST[source:0(mediator),value:2(dynamic)][purpose:{operation}][SrcIdx:5]
CE0x5a71d80 "{CE0x5a71d80|0:_i32,_:_SCRE:_elem_0:default:}"
CE0x5b3fe30 "{CE0x5b3fe30|selinux_nlmsg_perm:tmp46|security/selinux/hooks.c,4740}"
CE0x5b414a0 "{CE0x5b414a0|sock_has_perm:perms|Function::sock_has_perm&Arg::perms::}"
CE0x5b417a0 "{CE0x5b417a0|sock_has_perm:perms|Function::sock_has_perm&Arg::perms::|*SummSink*}"
CONST[source:0(mediator),value:0(static)][purpose:{operation}][SnkIdx:3]


CONST[source:1(input),value:2(dynamic)][purpose:{object}][SrcIdx:6]  ->  CONST[source:0(mediator),value:2(dynamic)][purpose:{object}][SnkIdx:2]
-----------
CONST[source:1(input),value:2(dynamic)][purpose:{object}][SrcIdx:6]
CE0x5a7b5f0 "{CE0x5a7b5f0|16:_i32,_24:_i16,_:_CRE_24,26_|*MultipleSource*|*LoadInst*|security/selinux/hooks.c,4715|security/selinux/hooks.c,4715|security/selinux/hooks.c,4723}"
CE0x5b797b0 "{CE0x5b797b0|sock_has_perm:tmp17|security/selinux/hooks.c,3976}"
CE0x5b79d30 "{CE0x5b79d30|sock_has_perm:tmp17|security/selinux/hooks.c,3976|*SummSink*}"
CONST[source:0(mediator),value:2(dynamic)][purpose:{object}][SnkIdx:2]


CONST[source:1(input),value:2(dynamic)][purpose:{object}][SrcIdx:6]  ->  CONST[source:0(mediator),value:2(dynamic)][purpose:{object}][SnkIdx:1]
-----------
CONST[source:1(input),value:2(dynamic)][purpose:{object}][SrcIdx:6]
CE0x5ae6a40 "{CE0x5ae6a40|16:_i32,_24:_i16,_:_CRE_16,20_|*MultipleSource*|*LoadInst*|security/selinux/hooks.c,4715|security/selinux/hooks.c,4715|security/selinux/hooks.c,4723}"
CE0x5b79040 "{CE0x5b79040|sock_has_perm:tmp16|security/selinux/hooks.c,3976}"
CE0x5b791e0 "{CE0x5b791e0|sock_has_perm:tmp16|security/selinux/hooks.c,3976|*SummSink*}"
CONST[source:0(mediator),value:2(dynamic)][purpose:{object}][SnkIdx:1]


CONST[source:2(external),value:2(dynamic)][purpose:{subject}][SrcIdx:8]  ->  CONST[source:0(mediator),value:2(dynamic)][purpose:{subject}][SnkIdx:0]
-----------
CONST[source:2(external),value:2(dynamic)][purpose:{subject}][SrcIdx:8]
CE0x5b09ae0 "{CE0x5b09ae0|COLLAPSED:_CMRE:_elem_0::|security/selinux/hooks.c,196}"
CE0x5afd1a0 "{CE0x5afd1a0|cred_sid:tmp4|*LoadInst*|security/selinux/hooks.c,196}"
CE0x5afd450 "{CE0x5afd450|cred_sid:tmp5|security/selinux/hooks.c,196}"
CE0x5b11640 "{CE0x5b11640|cred_sid:sid|security/selinux/hooks.c,197}"
CE0x5b70080 "{CE0x5b70080|cred_sid:tmp6|security/selinux/hooks.c,197}"
CE0x5b93000 "{CE0x5b93000|_ret_i32_%tmp6,_!dbg_!27716|security/selinux/hooks.c,197}"
CE0x5b91940 "{CE0x5b91940|task_sid:call7|security/selinux/hooks.c,208}"
CE0x5acaaf0 "{CE0x5acaaf0|_ret_i32_%call7,_!dbg_!27749|security/selinux/hooks.c,210}"
CE0x5b62a70 "{CE0x5b62a70|sock_has_perm:call|security/selinux/hooks.c,3967}"
CE0x5a99510 "{CE0x5a99510|sock_has_perm:call|security/selinux/hooks.c,3967|*SummSink*}"
CONST[source:0(mediator),value:2(dynamic)][purpose:{subject}][SnkIdx:0]


