[tomoyo_socket_listen.z]

explicit:
CONST[source:1(input),value:2(dynamic)][purpose:{operation}]  ->  CONST[source:0(mediator),value:0(static)][purpose:{operation}]
-----------
CONST[source:1(input),value:2(dynamic)][purpose:{operation}]
CE0x46c19b0 "{CE0x46c19b0|0:_i8,_1:_i8,_8:_i16,_16:_i32*,_24:_i8,_:_CMR_1,2_|*MultipleSource*|Function::tomoyo_check_inet_address&Arg::address::|security/tomoyo/network.c,505}"
CE0x6d5b300 "{CE0x6d5b300|tomoyo_inet_entry:_tmp17|*LoadInst*|security/tomoyo/network.c,477}"
CE0x566afb0 "{CE0x566afb0|24:_i32*,_32:_i16,_34:_i8,_35:_i8,_36:_i8,_72:_i8,_:_SCMRE_35,36_}"
CONST[source:0(mediator),value:0(static)][purpose:{operation}]


CONST[source:2(external),value:2(dynamic)][purpose:{subject}]  ->  CONST[source:1(input),value:2(dynamic)][purpose:{subject}]
-----------
CONST[source:2(external),value:2(dynamic)][purpose:{subject}]
CE0x37919d0 "{CE0x37919d0|128:_i8*,_1208:_%struct.file*,_:_CMRE_128,136_|*MultipleSource*|security/tomoyo/common.h,1205|security/tomoyo/common.h,1205}"
CE0x37bde70 "{CE0x37bde70|tomoyo_domain:_tmp22|security/tomoyo/common.h,1205}"
CE0x38c6480 "{CE0x38c6480|tomoyo_domain:_tmp23|security/tomoyo/common.h,1205}"
CE0x5614080 "{CE0x5614080|_ret_%struct.tomoyo_domain_info*_%tmp23,_!dbg_!38929|security/tomoyo/common.h,1205}"
CE0x56bf020 "{CE0x56bf020|tomoyo_init_request_info:_call|security/tomoyo/util.c,1005}"
CE0x56befb0 "{CE0x56befb0|tomoyo_init_request_info:_domain.addr.0}"
CE0x57297c0 "{CE0x57297c0|24:_i32*,_32:_i16,_34:_i8,_35:_i8,_36:_i8,_72:_i8,_:_SCMRE_16,24_|*MultipleSource*|security/tomoyo/network.c, 469|security/tomoyo/network.c,469|Function::tomoyo_init_request_info&Arg::r::|security/tomoyo/network.c,475}"
CONST[source:1(input),value:2(dynamic)][purpose:{subject}]


CONST[source:0(mediator),value:1(k-static)][purpose:{operation}]  ->  CONST[source:0(mediator),value:0(static)][purpose:{operation}]
-----------
CONST[source:0(mediator),value:1(k-static)][purpose:{operation}]
CE0x6f0d030 "{CE0x6f0d030|0:_i8,_1:_i8,_8:_i16,_16:_i32*,_24:_i8,_:_CMR_0,1_|*MultipleSource*|Function::tomoyo_check_inet_address&Arg::address::|security/tomoyo/network.c,505}"
CE0x6d4f160 "{CE0x6d4f160|tomoyo_inet_entry:_tmp16|*LoadInst*|security/tomoyo/network.c,476}"
CE0x566ae10 "{CE0x566ae10|24:_i32*,_32:_i16,_34:_i8,_35:_i8,_36:_i8,_72:_i8,_:_SCMRE_34,35_}"
CONST[source:0(mediator),value:0(static)][purpose:{operation}]


CONST[source:1(input),value:2(dynamic)][purpose:{object}]  ->  CONST[source:0(mediator),value:2(dynamic)][purpose:{object}]
-----------
CONST[source:1(input),value:2(dynamic)][purpose:{object}]
CE0x46343b0 "{CE0x46343b0|0:_i8,_1:_i8,_8:_i16,_16:_i32*,_24:_i8,_:_CMR_16,24_|*MultipleSource*|Function::tomoyo_check_inet_address&Arg::address::|security/tomoyo/network.c,505}"
CE0x6dbc900 "{CE0x6dbc900|tomoyo_inet_entry:_tmp19|security/tomoyo/network.c,479}"
CE0x55ede20 "{CE0x55ede20|24:_i32*,_32:_i16,_34:_i8,_35:_i8,_36:_i8,_72:_i8,_:_SCMRE_26,27_}"
CONST[source:0(mediator),value:2(dynamic)][purpose:{object}]



implicit:
CONST[source:1(input),value:2(dynamic)][purpose:{object}]  ->  CONST[source:0(mediator),value:0(static)][purpose:{operation}]
-----------
CONST[source:1(input),value:2(dynamic)][purpose:{object}]
CE0x6dfa6f0 "{CE0x6dfa6f0|COLLAPSED:_CRE:_elem_0::|security/tomoyo/network.c,507}"
CE0x6e30d10 "{CE0x6e30d10|tomoyo_check_inet_address:_tmp2|*LoadInst*|security/tomoyo/network.c,507}"
CE0x6d7cfb0 "{CE0x6d7cfb0|tomoyo_check_inet_address:_conv|security/tomoyo/network.c,507}"
CE0x3a3ed80 "{CE0x3a3ed80|tomoyo_check_inet_address:_if.end20}"
CE0x54d9a70 "{CE0x54d9a70|tomoyo_inet_entry:_entry}"
CE0x5730f90 "{CE0x5730f90|tomoyo_inet_entry:_if.then}"
CE0x566ae10 "{CE0x566ae10|24:_i32*,_32:_i16,_34:_i8,_35:_i8,_36:_i8,_72:_i8,_:_SCMRE_34,35_}"
CONST[source:0(mediator),value:0(static)][purpose:{operation}]


CONST[source:1(input),value:2(dynamic)][purpose:{object}]  ->  CONST[source:0(mediator),value:2(dynamic)][purpose:{object}]
-----------
CONST[source:1(input),value:2(dynamic)][purpose:{object}]
CE0x46343b0 "{CE0x46343b0|0:_i8,_1:_i8,_8:_i16,_16:_i32*,_24:_i8,_:_CMR_16,24_|*MultipleSource*|Function::tomoyo_check_inet_address&Arg::address::|security/tomoyo/network.c,505}"
CE0x6dbc900 "{CE0x6dbc900|tomoyo_inet_entry:_tmp19|security/tomoyo/network.c,479}"
CE0x56acd50 "{CE0x56acd50|24:_i32*,_32:_i16,_34:_i8,_35:_i8,_36:_i8,_72:_i8,_:_SCMRE_24,25_}"
CONST[source:0(mediator),value:2(dynamic)][purpose:{object}]


CONST[source:1(input),value:2(dynamic)][purpose:{object}]  ->  CONST[source:1(input),value:2(dynamic)][purpose:{subject}]
-----------
CONST[source:1(input),value:2(dynamic)][purpose:{object}]
CE0x6dfa6f0 "{CE0x6dfa6f0|COLLAPSED:_CRE:_elem_0::|security/tomoyo/network.c,507}"
CE0x6e30d10 "{CE0x6e30d10|tomoyo_check_inet_address:_tmp2|*LoadInst*|security/tomoyo/network.c,507}"
CE0x6d7cfb0 "{CE0x6d7cfb0|tomoyo_check_inet_address:_conv|security/tomoyo/network.c,507}"
CE0x3a3ed80 "{CE0x3a3ed80|tomoyo_check_inet_address:_if.end20}"
CE0x54d9a70 "{CE0x54d9a70|tomoyo_inet_entry:_entry}"
CE0x6c2ced0 "{CE0x6c2ced0|tomoyo_inet_entry:_land.lhs.true}"
CE0x57221a0 "{CE0x57221a0|tomoyo_init_request_info:_entry}"
CE0x4491cc0 "{CE0x4491cc0|tomoyo_init_request_info:_if.end}"
CE0x57297c0 "{CE0x57297c0|24:_i32*,_32:_i16,_34:_i8,_35:_i8,_36:_i8,_72:_i8,_:_SCMRE_16,24_|*MultipleSource*|security/tomoyo/network.c, 469|security/tomoyo/network.c,469|Function::tomoyo_init_request_info&Arg::r::|security/tomoyo/network.c,475}"
CONST[source:1(input),value:2(dynamic)][purpose:{subject}]


CONST[source:2(external),value:2(dynamic)][purpose:{subject}]  ->  CONST[source:1(input),value:2(dynamic)][purpose:{subject}]
-----------
CONST[source:2(external),value:2(dynamic)][purpose:{subject}]
CE0x37919d0 "{CE0x37919d0|128:_i8*,_1208:_%struct.file*,_:_CMRE_128,136_|*MultipleSource*|security/tomoyo/common.h,1205|security/tomoyo/common.h,1205}"
CE0x37bde70 "{CE0x37bde70|tomoyo_domain:_tmp22|security/tomoyo/common.h,1205}"
CE0x38c6480 "{CE0x38c6480|tomoyo_domain:_tmp23|security/tomoyo/common.h,1205}"
CE0x5614080 "{CE0x5614080|_ret_%struct.tomoyo_domain_info*_%tmp23,_!dbg_!38929|security/tomoyo/common.h,1205}"
CE0x56bf020 "{CE0x56bf020|tomoyo_init_request_info:_call|security/tomoyo/util.c,1005}"
CE0x56befb0 "{CE0x56befb0|tomoyo_init_request_info:_domain.addr.0}"
CE0x57297c0 "{CE0x57297c0|24:_i32*,_32:_i16,_34:_i8,_35:_i8,_36:_i8,_72:_i8,_:_SCMRE_16,24_|*MultipleSource*|security/tomoyo/network.c, 469|security/tomoyo/network.c,469|Function::tomoyo_init_request_info&Arg::r::|security/tomoyo/network.c,475}"
CONST[source:1(input),value:2(dynamic)][purpose:{subject}]


CONST[source:1(input),value:2(dynamic)][purpose:{operation}]  ->  CONST[source:0(mediator),value:0(static)][purpose:{operation}]
-----------
CONST[source:1(input),value:2(dynamic)][purpose:{operation}]
CE0x46c19b0 "{CE0x46c19b0|0:_i8,_1:_i8,_8:_i16,_16:_i32*,_24:_i8,_:_CMR_1,2_|*MultipleSource*|Function::tomoyo_check_inet_address&Arg::address::|security/tomoyo/network.c,505}"
CE0x6d5b300 "{CE0x6d5b300|tomoyo_inet_entry:_tmp17|*LoadInst*|security/tomoyo/network.c,477}"
CE0x566afb0 "{CE0x566afb0|24:_i32*,_32:_i16,_34:_i8,_35:_i8,_36:_i8,_72:_i8,_:_SCMRE_35,36_}"
CONST[source:0(mediator),value:0(static)][purpose:{operation}]


CONST[source:0(mediator),value:1(k-static)][purpose:{operation}]  ->  CONST[source:0(mediator),value:0(static)][purpose:{operation}]
-----------
CONST[source:0(mediator),value:1(k-static)][purpose:{operation}]
CE0x6f0d030 "{CE0x6f0d030|0:_i8,_1:_i8,_8:_i16,_16:_i32*,_24:_i8,_:_CMR_0,1_|*MultipleSource*|Function::tomoyo_check_inet_address&Arg::address::|security/tomoyo/network.c,505}"
CE0x6d4f160 "{CE0x6d4f160|tomoyo_inet_entry:_tmp16|*LoadInst*|security/tomoyo/network.c,476}"
CE0x566ae10 "{CE0x566ae10|24:_i32*,_32:_i16,_34:_i8,_35:_i8,_36:_i8,_72:_i8,_:_SCMRE_34,35_}"
CONST[source:0(mediator),value:0(static)][purpose:{operation}]


CONST[source:0(mediator),value:1(k-static)][purpose:{operation}]  ->  CONST[source:0(mediator),value:2(dynamic)][purpose:{object}]
-----------
CONST[source:0(mediator),value:1(k-static)][purpose:{operation}]
CE0x6f0d030 "{CE0x6f0d030|0:_i8,_1:_i8,_8:_i16,_16:_i32*,_24:_i8,_:_CMR_0,1_|*MultipleSource*|Function::tomoyo_check_inet_address&Arg::address::|security/tomoyo/network.c,505}"
CE0x4673690 "{CE0x4673690|tomoyo_check_inet_address:_tmp29|*LoadInst*|security/tomoyo/network.c,527}"
CE0x53b9380 "{CE0x53b9380|tomoyo_check_inet_address:_conv13|security/tomoyo/network.c,527}"
CE0x53b9820 "{CE0x53b9820|tomoyo_check_inet_address:_cmp14|security/tomoyo/network.c,527}"
CE0x6d7d8c0 "{CE0x6d7d8c0|tomoyo_check_inet_address:_if.then16}"
CE0x46c1ab0 "{CE0x46c1ab0|0:_i8,_1:_i8,_8:_i16,_16:_i32*,_24:_i8,_:_CMR_8,10_|*MultipleSource*|Function::tomoyo_check_inet_address&Arg::address::|security/tomoyo/network.c,505}"
CE0x6db5240 "{CE0x6db5240|tomoyo_inet_entry:_tmp20|security/tomoyo/network.c,480}"
CE0x6e24510 "{CE0x6e24510|__fswab16:_val|Function::__fswab16&Arg::val::}"
CE0x4433700 "{CE0x4433700|__fswab16:_conv|include/uapi/linux/swab.h,53}"
CE0x4433690 "{CE0x4433690|__fswab16:_and|include/uapi/linux/swab.h,53}"
CE0x481b430 "{CE0x481b430|__fswab16:_shl|include/uapi/linux/swab.h,53}"
CE0x570ac20 "{CE0x570ac20|__fswab16:_or|include/uapi/linux/swab.h,53}"
CE0x56d1910 "{CE0x56d1910|__fswab16:_conv3|include/uapi/linux/swab.h,53}"
CE0x6daee20 "{CE0x6daee20|_ret_i16_%conv3,_!dbg_!38911|include/uapi/linux/swab.h,53}"
CE0x6e23f60 "{CE0x6e23f60|tomoyo_inet_entry:_call21|security/tomoyo/network.c,480}"
CE0x6e32420 "{CE0x6e32420|tomoyo_inet_entry:_conv22|security/tomoyo/network.c,480}"
CE0x6e32800 "{CE0x6e32800|tomoyo_inet_entry:_conv23|security/tomoyo/network.c,480}"
CE0x566ac70 "{CE0x566ac70|24:_i32*,_32:_i16,_34:_i8,_35:_i8,_36:_i8,_72:_i8,_:_SCMRE_33,34_}"
CONST[source:0(mediator),value:2(dynamic)][purpose:{object}]


