[apparmor_path_symlink]

explicit:
CONST[source:1(input),value:2(dynamic)][purpose:{object}][SrcIdx:1]  ->  CONST[source:0(mediator),value:2(dynamic)][purpose:{object}][SnkIdx:2]
-----------
CONST[source:1(input),value:2(dynamic)][purpose:{object}][SrcIdx:1]
CE0x4227e00 "{CE0x4227e00|0:_%struct.vfsmount*,_8:_%struct.dentry*,_:_CRE_0,8_|*MultipleSource*|Function::common_perm_create&Arg::dir::|Function::apparmor_path_symlink&Arg::dir::|security/apparmor/lsm.c,253}"
CE0x42cfb90 "{CE0x42cfb90|common_perm_dir_dentry:tmp4|*LoadInst*|security/apparmor/lsm.c,189}"
CE0x42cf210 "{CE0x42cf210|0:_%struct.vfsmount*,_8:_%struct.dentry*,_:_SCMRE_0,8_|*MultipleSource*|security/apparmor/lsm.c, 189|security/apparmor/lsm.c,189}"
CONST[source:0(mediator),value:2(dynamic)][purpose:{object}][SnkIdx:2]


CONST[source:2(external),value:2(dynamic)][purpose:{subject}][SrcIdx:7]  ->  CONST[source:0(mediator),value:2(dynamic)][purpose:{subject}][SnkIdx:1]
-----------
CONST[source:2(external),value:2(dynamic)][purpose:{subject}][SrcIdx:7]
CE0x42c2dd0 "{CE0x42c2dd0|COLLAPSED:_CRE:_elem_0::|security/apparmor/lsm.c,169}"
CONST[source:0(mediator),value:2(dynamic)][purpose:{subject}][SnkIdx:1]


CONST[source:1(input),value:2(dynamic)][purpose:{object}][SrcIdx:2]  ->  CONST[source:0(mediator),value:2(dynamic)][purpose:{object}][SnkIdx:2]
-----------
CONST[source:1(input),value:2(dynamic)][purpose:{object}][SrcIdx:2]
CE0x41eb340 "{CE0x41eb340|apparmor_path_symlink:dentry|Function::apparmor_path_symlink&Arg::dentry::|*SummSource*}"
CE0x3f46550 "{CE0x3f46550|apparmor_path_symlink:dentry|Function::apparmor_path_symlink&Arg::dentry::}"
CE0x41ef950 "{CE0x41ef950|common_perm_create:dentry|Function::common_perm_create&Arg::dentry::}"
CE0x42679c0 "{CE0x42679c0|common_perm_dir_dentry:dentry|Function::common_perm_dir_dentry&Arg::dentry::}"
CE0x42cf370 "{CE0x42cf370|0:_%struct.vfsmount*,_8:_%struct.dentry*,_:_SCMRE_8,16_|*MultipleSource*|security/apparmor/lsm.c, 189|security/apparmor/lsm.c,189}"
CONST[source:0(mediator),value:2(dynamic)][purpose:{object}][SnkIdx:2]


CONST[source:2(external),value:2(dynamic)][purpose:{object}][SrcIdx:3]  ->  CONST[source:0(mediator),value:2(dynamic)][purpose:{object}][SnkIdx:3]
-----------
CONST[source:2(external),value:2(dynamic)][purpose:{object}][SrcIdx:3]
CE0x42116c0 "{CE0x42116c0|44:_i32,_48:_i16,_128:_i8*,_:_SCMRE_0,4_|*MultipleSource*|security/apparmor/lsm.c, 251|security/apparmor/lsm.c,251}"
CONST[source:0(mediator),value:2(dynamic)][purpose:{object}][SnkIdx:3]


CONST[source:2(external),value:2(dynamic)][purpose:{object}][SrcIdx:3]  ->  CONST[source:0(mediator),value:2(dynamic)][purpose:{subject}][SnkIdx:1]
-----------
CONST[source:2(external),value:2(dynamic)][purpose:{object}][SrcIdx:3]
CE0x43000b0 "{CE0x43000b0|0:_%struct.aa_profile*,_:_CMRE_0,8_|*MultipleSource*|security/apparmor/include/context.h,99|*LoadInst*|security/apparmor/include/context.h,99|security/apparmor/include/context.h,100}"
CE0x430db20 "{CE0x430db20|aa_cred_profile:tmp34|security/apparmor/include/context.h,101}"
CE0x42fbef0 "{CE0x42fbef0|_ret_%struct.aa_profile*_%tmp34,_!dbg_!15510|security/apparmor/include/context.h,101}"
CE0x42fa9f0 "{CE0x42fa9f0|__aa_current_profile:call4|security/apparmor/include/context.h,138}"
CE0x42bf890 "{CE0x42bf890|_ret_%struct.aa_profile*_%call4,_!dbg_!15494|security/apparmor/include/context.h,138}"
CE0x426bbf0 "{CE0x426bbf0|common_perm:call|security/apparmor/lsm.c,168}"
CE0x42c44e0 "{CE0x42c44e0|common_perm:call|security/apparmor/lsm.c,168|*SummSink*}"
CONST[source:0(mediator),value:2(dynamic)][purpose:{subject}][SnkIdx:1]


CONST[source:2(external),value:0(static)][purpose:{object}][SrcIdx:6]  ->  CONST[source:0(mediator),value:2(dynamic)][purpose:{object}][SnkIdx:3]
-----------
CONST[source:2(external),value:0(static)][purpose:{object}][SrcIdx:6]
CE0x41ea530 "{CE0x41ea530|common_perm_create:mode|Function::common_perm_create&Arg::mode::|*SummSource*}"
CE0x41ef100 "{CE0x41ef100|common_perm_create:mode|Function::common_perm_create&Arg::mode::}"
CE0x41ee980 "{CE0x41ee980|44:_i32,_48:_i16,_128:_i8*,_:_SCMRE_4,6_|*MultipleSource*|security/apparmor/lsm.c, 251|security/apparmor/lsm.c,251}"
CONST[source:0(mediator),value:2(dynamic)][purpose:{object}][SnkIdx:3]


CONST[source:2(external),value:0(static)][purpose:{object}][SrcIdx:6]  ->  CONST[source:0(mediator),value:2(dynamic)][purpose:{subject}][SnkIdx:1]
-----------
CONST[source:2(external),value:0(static)][purpose:{object}][SrcIdx:6]
CE0x41ea530 "{CE0x41ea530|common_perm_create:mode|Function::common_perm_create&Arg::mode::|*SummSource*}"
CE0x41ef100 "{CE0x41ef100|common_perm_create:mode|Function::common_perm_create&Arg::mode::}"
CE0x41ee980 "{CE0x41ee980|44:_i32,_48:_i16,_128:_i8*,_:_SCMRE_4,6_|*MultipleSource*|security/apparmor/lsm.c, 251|security/apparmor/lsm.c,251}"
CE0x43009d0 "{CE0x43009d0|aa_cred_profile:tmp4|*LoadInst*|security/apparmor/include/context.h,99}"
CE0x42fc610 "{CE0x42fc610|aa_cred_profile:tmp5|security/apparmor/include/context.h,99}"
CE0x430d770 "{CE0x430d770|aa_cred_profile:profile11|security/apparmor/include/context.h,101}"
CE0x430db20 "{CE0x430db20|aa_cred_profile:tmp34|security/apparmor/include/context.h,101}"
CE0x42fbef0 "{CE0x42fbef0|_ret_%struct.aa_profile*_%tmp34,_!dbg_!15510|security/apparmor/include/context.h,101}"
CE0x42fa9f0 "{CE0x42fa9f0|__aa_current_profile:call4|security/apparmor/include/context.h,138}"
CE0x42bf890 "{CE0x42bf890|_ret_%struct.aa_profile*_%call4,_!dbg_!15494|security/apparmor/include/context.h,138}"
CE0x426bbf0 "{CE0x426bbf0|common_perm:call|security/apparmor/lsm.c,168}"
CE0x42c44e0 "{CE0x42c44e0|common_perm:call|security/apparmor/lsm.c,168|*SummSink*}"
CONST[source:0(mediator),value:2(dynamic)][purpose:{subject}][SnkIdx:1]



implicit:
CONST[source:1(input),value:2(dynamic)][purpose:{object}][SrcIdx:2]  ->  CONST[source:0(mediator),value:2(dynamic)][purpose:{object}][SnkIdx:2]
-----------
CONST[source:1(input),value:2(dynamic)][purpose:{object}][SrcIdx:2]
CE0x41eb340 "{CE0x41eb340|apparmor_path_symlink:dentry|Function::apparmor_path_symlink&Arg::dentry::|*SummSource*}"
CE0x3f46550 "{CE0x3f46550|apparmor_path_symlink:dentry|Function::apparmor_path_symlink&Arg::dentry::}"
CE0x41ef950 "{CE0x41ef950|common_perm_create:dentry|Function::common_perm_create&Arg::dentry::}"
CE0x42679c0 "{CE0x42679c0|common_perm_dir_dentry:dentry|Function::common_perm_dir_dentry&Arg::dentry::}"
CE0x42cf370 "{CE0x42cf370|0:_%struct.vfsmount*,_8:_%struct.dentry*,_:_SCMRE_8,16_|*MultipleSource*|security/apparmor/lsm.c, 189|security/apparmor/lsm.c,189}"
CONST[source:0(mediator),value:2(dynamic)][purpose:{object}][SnkIdx:2]


CONST[source:2(external),value:2(dynamic)][purpose:{subject}][SrcIdx:7]  ->  CONST[source:0(mediator),value:2(dynamic)][purpose:{subject}][SnkIdx:1]
-----------
CONST[source:2(external),value:2(dynamic)][purpose:{subject}][SrcIdx:7]
CE0x42c2dd0 "{CE0x42c2dd0|COLLAPSED:_CRE:_elem_0::|security/apparmor/lsm.c,169}"
CONST[source:0(mediator),value:2(dynamic)][purpose:{subject}][SnkIdx:1]


CONST[source:1(input),value:2(dynamic)][purpose:{object}][SrcIdx:1]  ->  CONST[source:0(mediator),value:2(dynamic)][purpose:{object}][SnkIdx:2]
-----------
CONST[source:1(input),value:2(dynamic)][purpose:{object}][SrcIdx:1]
CE0x4227e00 "{CE0x4227e00|0:_%struct.vfsmount*,_8:_%struct.dentry*,_:_CRE_0,8_|*MultipleSource*|Function::common_perm_create&Arg::dir::|Function::apparmor_path_symlink&Arg::dir::|security/apparmor/lsm.c,253}"
CE0x42cfb90 "{CE0x42cfb90|common_perm_dir_dentry:tmp4|*LoadInst*|security/apparmor/lsm.c,189}"
CE0x42cf210 "{CE0x42cf210|0:_%struct.vfsmount*,_8:_%struct.dentry*,_:_SCMRE_0,8_|*MultipleSource*|security/apparmor/lsm.c, 189|security/apparmor/lsm.c,189}"
CONST[source:0(mediator),value:2(dynamic)][purpose:{object}][SnkIdx:2]


CONST[source:2(external),value:0(static)][purpose:{object}][SrcIdx:6]  ->  CONST[source:0(mediator),value:2(dynamic)][purpose:{subject}][SnkIdx:1]
-----------
CONST[source:2(external),value:0(static)][purpose:{object}][SrcIdx:6]
CE0x41ea530 "{CE0x41ea530|common_perm_create:mode|Function::common_perm_create&Arg::mode::|*SummSource*}"
CE0x41ef100 "{CE0x41ef100|common_perm_create:mode|Function::common_perm_create&Arg::mode::}"
CE0x41ee980 "{CE0x41ee980|44:_i32,_48:_i16,_128:_i8*,_:_SCMRE_4,6_|*MultipleSource*|security/apparmor/lsm.c, 251|security/apparmor/lsm.c,251}"
CE0x43009d0 "{CE0x43009d0|aa_cred_profile:tmp4|*LoadInst*|security/apparmor/include/context.h,99}"
CE0x42fc610 "{CE0x42fc610|aa_cred_profile:tmp5|security/apparmor/include/context.h,99}"
CE0x430d770 "{CE0x430d770|aa_cred_profile:profile11|security/apparmor/include/context.h,101}"
CE0x430db20 "{CE0x430db20|aa_cred_profile:tmp34|security/apparmor/include/context.h,101}"
CE0x42fbef0 "{CE0x42fbef0|_ret_%struct.aa_profile*_%tmp34,_!dbg_!15510|security/apparmor/include/context.h,101}"
CE0x42fa9f0 "{CE0x42fa9f0|__aa_current_profile:call4|security/apparmor/include/context.h,138}"
CE0x42bf890 "{CE0x42bf890|_ret_%struct.aa_profile*_%call4,_!dbg_!15494|security/apparmor/include/context.h,138}"
CE0x426bbf0 "{CE0x426bbf0|common_perm:call|security/apparmor/lsm.c,168}"
CE0x42c44e0 "{CE0x42c44e0|common_perm:call|security/apparmor/lsm.c,168|*SummSink*}"
CONST[source:0(mediator),value:2(dynamic)][purpose:{subject}][SnkIdx:1]


CONST[source:2(external),value:0(static)][purpose:{object}][SrcIdx:6]  ->  CONST[source:0(mediator),value:2(dynamic)][purpose:{object}][SnkIdx:3]
-----------
CONST[source:2(external),value:0(static)][purpose:{object}][SrcIdx:6]
CE0x41ea530 "{CE0x41ea530|common_perm_create:mode|Function::common_perm_create&Arg::mode::|*SummSource*}"
CE0x41ef100 "{CE0x41ef100|common_perm_create:mode|Function::common_perm_create&Arg::mode::}"
CE0x41ee980 "{CE0x41ee980|44:_i32,_48:_i16,_128:_i8*,_:_SCMRE_4,6_|*MultipleSource*|security/apparmor/lsm.c, 251|security/apparmor/lsm.c,251}"
CONST[source:0(mediator),value:2(dynamic)][purpose:{object}][SnkIdx:3]


CONST[source:2(external),value:2(dynamic)][purpose:{object}][SrcIdx:3]  ->  CONST[source:0(mediator),value:2(dynamic)][purpose:{subject}][SnkIdx:1]
-----------
CONST[source:2(external),value:2(dynamic)][purpose:{object}][SrcIdx:3]
CE0x43000b0 "{CE0x43000b0|0:_%struct.aa_profile*,_:_CMRE_0,8_|*MultipleSource*|security/apparmor/include/context.h,99|*LoadInst*|security/apparmor/include/context.h,99|security/apparmor/include/context.h,100}"
CE0x430db20 "{CE0x430db20|aa_cred_profile:tmp34|security/apparmor/include/context.h,101}"
CE0x42fbef0 "{CE0x42fbef0|_ret_%struct.aa_profile*_%tmp34,_!dbg_!15510|security/apparmor/include/context.h,101}"
CE0x42fa9f0 "{CE0x42fa9f0|__aa_current_profile:call4|security/apparmor/include/context.h,138}"
CE0x42bf890 "{CE0x42bf890|_ret_%struct.aa_profile*_%call4,_!dbg_!15494|security/apparmor/include/context.h,138}"
CE0x426bbf0 "{CE0x426bbf0|common_perm:call|security/apparmor/lsm.c,168}"
CE0x42c44e0 "{CE0x42c44e0|common_perm:call|security/apparmor/lsm.c,168|*SummSink*}"
CONST[source:0(mediator),value:2(dynamic)][purpose:{subject}][SnkIdx:1]


CONST[source:2(external),value:2(dynamic)][purpose:{object}][SrcIdx:3]  ->  CONST[source:0(mediator),value:2(dynamic)][purpose:{object}][SnkIdx:3]
-----------
CONST[source:2(external),value:2(dynamic)][purpose:{object}][SrcIdx:3]
CE0x4304c20 "{CE0x4304c20|0:_%struct.aa_profile*,_:_CMRE_8,16_|*MultipleSource*|security/apparmor/include/context.h,99|*LoadInst*|security/apparmor/include/context.h,99|security/apparmor/include/context.h,100}"
CONST[source:0(mediator),value:2(dynamic)][purpose:{object}][SnkIdx:3]


