[selinux_sb_kern_mount]

explicit:
CONST[source:2(external),value:2(dynamic)][purpose:{subject}][SrcIdx:67]  ->  CONST[source:0(mediator),value:2(dynamic)][purpose:{object}][SnkIdx:5]
-----------
CONST[source:2(external),value:2(dynamic)][purpose:{subject}][SrcIdx:67]
CE0xa5a6ba0 "{CE0xa5a6ba0|VOIDTB_TE:_UCEP2:_elem_0:default:}"
CE0xa8cf450 "{CE0xa8cf450|may_context_mount_sb_relabel:tmp5|*LoadInst*|security/selinux/hooks.c,374}"
CE0xa88f580 "{CE0xa88f580|may_context_mount_sb_relabel:tmp5|*LoadInst*|security/selinux/hooks.c,374|*SummSink*}"
CONST[source:0(mediator),value:2(dynamic)][purpose:{object}][SnkIdx:5]


CONST[source:2(external),value:2(dynamic)][purpose:{subject}][SrcIdx:67]  ->  CONST[source:0(mediator),value:2(dynamic)][purpose:{subject}][SnkIdx:0]
-----------
CONST[source:2(external),value:2(dynamic)][purpose:{subject}][SrcIdx:67]
CE0xa5a6ba0 "{CE0xa5a6ba0|VOIDTB_TE:_UCEP2:_elem_0:default:}"
CE0xa77b580 "{CE0xa77b580|cred_sid:tmp6|security/selinux/hooks.c,197}"
CE0xa602b40 "{CE0xa602b40|_ret_i32_%tmp6,_!dbg_!27716|security/selinux/hooks.c,197}"
CE0xa6299c0 "{CE0xa6299c0|superblock_has_perm:call|security/selinux/hooks.c,1863}"
CE0xa629b70 "{CE0xa629b70|superblock_has_perm:call|security/selinux/hooks.c,1863|*SummSink*}"
CONST[source:0(mediator),value:2(dynamic)][purpose:{subject}][SnkIdx:0]


CONST[source:2(external),value:2(dynamic)][purpose:{subject}][SrcIdx:67]  ->  CONST[source:0(mediator),value:2(dynamic)][purpose:{object}][SnkIdx:17]
-----------
CONST[source:2(external),value:2(dynamic)][purpose:{subject}][SrcIdx:67]
CE0xa5a6ba0 "{CE0xa5a6ba0|VOIDTB_TE:_UCEP2:_elem_0:default:}"
CE0xa883380 "{CE0xa883380|may_context_mount_inode_relabel:tmp14|*LoadInst*|security/selinux/hooks.c,395}"
CE0xa883980 "{CE0xa883980|may_context_mount_inode_relabel:tmp14|*LoadInst*|security/selinux/hooks.c,395|*SummSink*}"
CONST[source:0(mediator),value:2(dynamic)][purpose:{object}][SnkIdx:17]


CONST[source:2(external),value:2(dynamic)][purpose:{subject}][SrcIdx:67]  ->  CONST[source:0(mediator),value:2(dynamic)][purpose:{object}][SnkIdx:13]
-----------
CONST[source:2(external),value:2(dynamic)][purpose:{subject}][SrcIdx:67]
CE0xa5a6ba0 "{CE0xa5a6ba0|VOIDTB_TE:_UCEP2:_elem_0:default:}"
CE0xa68ead0 "{CE0xa68ead0|may_context_mount_inode_relabel:tmp5|*LoadInst*|security/selinux/hooks.c,390}"
CE0xa888930 "{CE0xa888930|may_context_mount_inode_relabel:tmp5|*LoadInst*|security/selinux/hooks.c,390|*SummSink*}"
CONST[source:0(mediator),value:2(dynamic)][purpose:{object}][SnkIdx:13]


CONST[source:2(external),value:2(dynamic)][purpose:{subject}][SrcIdx:67]  ->  CONST[source:0(mediator),value:2(dynamic)][purpose:{subject}][SnkIdx:8]
-----------
CONST[source:2(external),value:2(dynamic)][purpose:{subject}][SrcIdx:67]
CE0xa5a6ba0 "{CE0xa5a6ba0|VOIDTB_TE:_UCEP2:_elem_0:default:}"
CE0xa89ee40 "{CE0xa89ee40|may_context_mount_sb_relabel:tmp14|security/selinux/hooks.c,379}"
CE0xa89b040 "{CE0xa89b040|may_context_mount_sb_relabel:tmp14|security/selinux/hooks.c,379|*SummSink*}"
CONST[source:0(mediator),value:2(dynamic)][purpose:{subject}][SnkIdx:8]


CONST[source:2(external),value:2(dynamic)][purpose:{subject}][SrcIdx:67]  ->  CONST[source:0(mediator),value:2(dynamic)][purpose:{object}][SnkIdx:1]
-----------
CONST[source:2(external),value:2(dynamic)][purpose:{subject}][SrcIdx:67]
CE0xa5a6ba0 "{CE0xa5a6ba0|VOIDTB_TE:_UCEP2:_elem_0:default:}"
CE0xa6246d0 "{CE0xa6246d0|superblock_has_perm:tmp6|security/selinux/hooks.c,1866}"
CE0xa624850 "{CE0xa624850|superblock_has_perm:tmp6|security/selinux/hooks.c,1866|*SummSink*}"
CONST[source:0(mediator),value:2(dynamic)][purpose:{object}][SnkIdx:1]


CONST[source:2(external),value:2(dynamic)][purpose:{subject}][SrcIdx:67]  ->  CONST[source:0(mediator),value:2(dynamic)][purpose:{subject}][SnkIdx:12]
-----------
CONST[source:2(external),value:2(dynamic)][purpose:{subject}][SrcIdx:67]
CE0xa5a6ba0 "{CE0xa5a6ba0|VOIDTB_TE:_UCEP2:_elem_0:default:}"
CE0xa68c9c0 "{CE0xa68c9c0|may_context_mount_inode_relabel:tmp4|security/selinux/hooks.c,390}"
CE0xa68cb90 "{CE0xa68cb90|may_context_mount_inode_relabel:tmp4|security/selinux/hooks.c,390|*SummSink*}"
CONST[source:0(mediator),value:2(dynamic)][purpose:{subject}][SnkIdx:12]


CONST[source:2(external),value:2(dynamic)][purpose:{subject}][SrcIdx:67]  ->  CONST[source:0(mediator),value:2(dynamic)][purpose:{subject}][SnkIdx:4]
-----------
CONST[source:2(external),value:2(dynamic)][purpose:{subject}][SrcIdx:67]
CE0xa5a6ba0 "{CE0xa5a6ba0|VOIDTB_TE:_UCEP2:_elem_0:default:}"
CE0xa889810 "{CE0xa889810|may_context_mount_sb_relabel:tmp4|security/selinux/hooks.c,374}"
CE0xa8bf8d0 "{CE0xa8bf8d0|may_context_mount_sb_relabel:tmp4|security/selinux/hooks.c,374|*SummSink*}"
CONST[source:0(mediator),value:2(dynamic)][purpose:{subject}][SnkIdx:4]


CONST[source:1(input),value:2(dynamic)][purpose:{object}][SrcIdx:64]  ->  CONST[source:0(mediator),value:2(dynamic)][purpose:{object}][SnkIdx:5]
-----------
CONST[source:1(input),value:2(dynamic)][purpose:{object}][SrcIdx:64]
CE0xa5a6ba0 "{CE0xa5a6ba0|VOIDTB_TE:_UCEP2:_elem_0:default:}"
CE0xa8cf450 "{CE0xa8cf450|may_context_mount_sb_relabel:tmp5|*LoadInst*|security/selinux/hooks.c,374}"
CE0xa88f580 "{CE0xa88f580|may_context_mount_sb_relabel:tmp5|*LoadInst*|security/selinux/hooks.c,374|*SummSink*}"
CONST[source:0(mediator),value:2(dynamic)][purpose:{object}][SnkIdx:5]


CONST[source:1(input),value:2(dynamic)][purpose:{object}][SrcIdx:64]  ->  CONST[source:0(mediator),value:2(dynamic)][purpose:{subject}][SnkIdx:0]
-----------
CONST[source:1(input),value:2(dynamic)][purpose:{object}][SrcIdx:64]
CE0xa5a6ba0 "{CE0xa5a6ba0|VOIDTB_TE:_UCEP2:_elem_0:default:}"
CE0xa77b580 "{CE0xa77b580|cred_sid:tmp6|security/selinux/hooks.c,197}"
CE0xa602b40 "{CE0xa602b40|_ret_i32_%tmp6,_!dbg_!27716|security/selinux/hooks.c,197}"
CE0xa6299c0 "{CE0xa6299c0|superblock_has_perm:call|security/selinux/hooks.c,1863}"
CE0xa629b70 "{CE0xa629b70|superblock_has_perm:call|security/selinux/hooks.c,1863|*SummSink*}"
CONST[source:0(mediator),value:2(dynamic)][purpose:{subject}][SnkIdx:0]


CONST[source:1(input),value:2(dynamic)][purpose:{object}][SrcIdx:64]  ->  CONST[source:0(mediator),value:2(dynamic)][purpose:{object}][SnkIdx:17]
-----------
CONST[source:1(input),value:2(dynamic)][purpose:{object}][SrcIdx:64]
CE0xa5a6ba0 "{CE0xa5a6ba0|VOIDTB_TE:_UCEP2:_elem_0:default:}"
CE0xa883380 "{CE0xa883380|may_context_mount_inode_relabel:tmp14|*LoadInst*|security/selinux/hooks.c,395}"
CE0xa883980 "{CE0xa883980|may_context_mount_inode_relabel:tmp14|*LoadInst*|security/selinux/hooks.c,395|*SummSink*}"
CONST[source:0(mediator),value:2(dynamic)][purpose:{object}][SnkIdx:17]


CONST[source:1(input),value:2(dynamic)][purpose:{object}][SrcIdx:64]  ->  CONST[source:0(mediator),value:2(dynamic)][purpose:{object}][SnkIdx:13]
-----------
CONST[source:1(input),value:2(dynamic)][purpose:{object}][SrcIdx:64]
CE0xa5a6ba0 "{CE0xa5a6ba0|VOIDTB_TE:_UCEP2:_elem_0:default:}"
CE0xa68ead0 "{CE0xa68ead0|may_context_mount_inode_relabel:tmp5|*LoadInst*|security/selinux/hooks.c,390}"
CE0xa888930 "{CE0xa888930|may_context_mount_inode_relabel:tmp5|*LoadInst*|security/selinux/hooks.c,390|*SummSink*}"
CONST[source:0(mediator),value:2(dynamic)][purpose:{object}][SnkIdx:13]


CONST[source:1(input),value:2(dynamic)][purpose:{object}][SrcIdx:64]  ->  CONST[source:0(mediator),value:2(dynamic)][purpose:{subject}][SnkIdx:8]
-----------
CONST[source:1(input),value:2(dynamic)][purpose:{object}][SrcIdx:64]
CE0xa5a6ba0 "{CE0xa5a6ba0|VOIDTB_TE:_UCEP2:_elem_0:default:}"
CE0xa89ee40 "{CE0xa89ee40|may_context_mount_sb_relabel:tmp14|security/selinux/hooks.c,379}"
CE0xa89b040 "{CE0xa89b040|may_context_mount_sb_relabel:tmp14|security/selinux/hooks.c,379|*SummSink*}"
CONST[source:0(mediator),value:2(dynamic)][purpose:{subject}][SnkIdx:8]


CONST[source:1(input),value:2(dynamic)][purpose:{object}][SrcIdx:64]  ->  CONST[source:0(mediator),value:2(dynamic)][purpose:{object}][SnkIdx:1]
-----------
CONST[source:1(input),value:2(dynamic)][purpose:{object}][SrcIdx:64]
CE0xa5a6ba0 "{CE0xa5a6ba0|VOIDTB_TE:_UCEP2:_elem_0:default:}"
CE0xa6246d0 "{CE0xa6246d0|superblock_has_perm:tmp6|security/selinux/hooks.c,1866}"
CE0xa624850 "{CE0xa624850|superblock_has_perm:tmp6|security/selinux/hooks.c,1866|*SummSink*}"
CONST[source:0(mediator),value:2(dynamic)][purpose:{object}][SnkIdx:1]


CONST[source:1(input),value:2(dynamic)][purpose:{object}][SrcIdx:64]  ->  CONST[source:0(mediator),value:2(dynamic)][purpose:{subject}][SnkIdx:12]
-----------
CONST[source:1(input),value:2(dynamic)][purpose:{object}][SrcIdx:64]
CE0xa5a6ba0 "{CE0xa5a6ba0|VOIDTB_TE:_UCEP2:_elem_0:default:}"
CE0xa68c9c0 "{CE0xa68c9c0|may_context_mount_inode_relabel:tmp4|security/selinux/hooks.c,390}"
CE0xa68cb90 "{CE0xa68cb90|may_context_mount_inode_relabel:tmp4|security/selinux/hooks.c,390|*SummSink*}"
CONST[source:0(mediator),value:2(dynamic)][purpose:{subject}][SnkIdx:12]


CONST[source:1(input),value:2(dynamic)][purpose:{object}][SrcIdx:64]  ->  CONST[source:0(mediator),value:2(dynamic)][purpose:{subject}][SnkIdx:4]
-----------
CONST[source:1(input),value:2(dynamic)][purpose:{object}][SrcIdx:64]
CE0xa5a6ba0 "{CE0xa5a6ba0|VOIDTB_TE:_UCEP2:_elem_0:default:}"
CE0xa889810 "{CE0xa889810|may_context_mount_sb_relabel:tmp4|security/selinux/hooks.c,374}"
CE0xa8bf8d0 "{CE0xa8bf8d0|may_context_mount_sb_relabel:tmp4|security/selinux/hooks.c,374|*SummSink*}"
CONST[source:0(mediator),value:2(dynamic)][purpose:{subject}][SnkIdx:4]


CONST[source:0(mediator),value:2(dynamic)][purpose:{subject}][SrcIdx:68]  ->  CONST[source:0(mediator),value:2(dynamic)][purpose:{object}][SnkIdx:5]
-----------
CONST[source:0(mediator),value:2(dynamic)][purpose:{subject}][SrcIdx:68]
CE0xa5a6ba0 "{CE0xa5a6ba0|VOIDTB_TE:_UCEP2:_elem_0:default:}"
CE0xa8cf450 "{CE0xa8cf450|may_context_mount_sb_relabel:tmp5|*LoadInst*|security/selinux/hooks.c,374}"
CE0xa88f580 "{CE0xa88f580|may_context_mount_sb_relabel:tmp5|*LoadInst*|security/selinux/hooks.c,374|*SummSink*}"
CONST[source:0(mediator),value:2(dynamic)][purpose:{object}][SnkIdx:5]


CONST[source:0(mediator),value:2(dynamic)][purpose:{subject}][SrcIdx:68]  ->  CONST[source:0(mediator),value:2(dynamic)][purpose:{object}][SnkIdx:17]
-----------
CONST[source:0(mediator),value:2(dynamic)][purpose:{subject}][SrcIdx:68]
CE0xa5a6ba0 "{CE0xa5a6ba0|VOIDTB_TE:_UCEP2:_elem_0:default:}"
CE0xa883380 "{CE0xa883380|may_context_mount_inode_relabel:tmp14|*LoadInst*|security/selinux/hooks.c,395}"
CE0xa883980 "{CE0xa883980|may_context_mount_inode_relabel:tmp14|*LoadInst*|security/selinux/hooks.c,395|*SummSink*}"
CONST[source:0(mediator),value:2(dynamic)][purpose:{object}][SnkIdx:17]


CONST[source:0(mediator),value:2(dynamic)][purpose:{subject}][SrcIdx:68]  ->  CONST[source:0(mediator),value:2(dynamic)][purpose:{object}][SnkIdx:13]
-----------
CONST[source:0(mediator),value:2(dynamic)][purpose:{subject}][SrcIdx:68]
CE0xa5a6ba0 "{CE0xa5a6ba0|VOIDTB_TE:_UCEP2:_elem_0:default:}"
CE0xa68ead0 "{CE0xa68ead0|may_context_mount_inode_relabel:tmp5|*LoadInst*|security/selinux/hooks.c,390}"
CE0xa888930 "{CE0xa888930|may_context_mount_inode_relabel:tmp5|*LoadInst*|security/selinux/hooks.c,390|*SummSink*}"
CONST[source:0(mediator),value:2(dynamic)][purpose:{object}][SnkIdx:13]


CONST[source:0(mediator),value:2(dynamic)][purpose:{subject}][SrcIdx:68]  ->  CONST[source:0(mediator),value:2(dynamic)][purpose:{object}][SnkIdx:1]
-----------
CONST[source:0(mediator),value:2(dynamic)][purpose:{subject}][SrcIdx:68]
CE0xa5a6ba0 "{CE0xa5a6ba0|VOIDTB_TE:_UCEP2:_elem_0:default:}"
CE0xa6246d0 "{CE0xa6246d0|superblock_has_perm:tmp6|security/selinux/hooks.c,1866}"
CE0xa624850 "{CE0xa624850|superblock_has_perm:tmp6|security/selinux/hooks.c,1866|*SummSink*}"
CONST[source:0(mediator),value:2(dynamic)][purpose:{object}][SnkIdx:1]



implicit:
CONST[source:1(input),value:2(dynamic)][purpose:{object}][SrcIdx:64]  ->  CONST[source:0(mediator),value:2(dynamic)][purpose:{object}][SnkIdx:13]
-----------
CONST[source:1(input),value:2(dynamic)][purpose:{object}][SrcIdx:64]
CE0xa5a6ba0 "{CE0xa5a6ba0|VOIDTB_TE:_UCEP2:_elem_0:default:}"
CE0xa68ead0 "{CE0xa68ead0|may_context_mount_inode_relabel:tmp5|*LoadInst*|security/selinux/hooks.c,390}"
CE0xa888930 "{CE0xa888930|may_context_mount_inode_relabel:tmp5|*LoadInst*|security/selinux/hooks.c,390|*SummSink*}"
CONST[source:0(mediator),value:2(dynamic)][purpose:{object}][SnkIdx:13]


CONST[source:1(input),value:2(dynamic)][purpose:{object}][SrcIdx:64]  ->  CONST[source:0(mediator),value:2(dynamic)][purpose:{subject}][SnkIdx:4]
-----------
CONST[source:1(input),value:2(dynamic)][purpose:{object}][SrcIdx:64]
CE0xa5a6ba0 "{CE0xa5a6ba0|VOIDTB_TE:_UCEP2:_elem_0:default:}"
CE0xa889810 "{CE0xa889810|may_context_mount_sb_relabel:tmp4|security/selinux/hooks.c,374}"
CE0xa8bf8d0 "{CE0xa8bf8d0|may_context_mount_sb_relabel:tmp4|security/selinux/hooks.c,374|*SummSink*}"
CONST[source:0(mediator),value:2(dynamic)][purpose:{subject}][SnkIdx:4]


CONST[source:1(input),value:2(dynamic)][purpose:{object}][SrcIdx:64]  ->  CONST[source:0(mediator),value:2(dynamic)][purpose:{subject}][SnkIdx:8]
-----------
CONST[source:1(input),value:2(dynamic)][purpose:{object}][SrcIdx:64]
CE0xa5a6ba0 "{CE0xa5a6ba0|VOIDTB_TE:_UCEP2:_elem_0:default:}"
CE0xa89ee40 "{CE0xa89ee40|may_context_mount_sb_relabel:tmp14|security/selinux/hooks.c,379}"
CE0xa89b040 "{CE0xa89b040|may_context_mount_sb_relabel:tmp14|security/selinux/hooks.c,379|*SummSink*}"
CONST[source:0(mediator),value:2(dynamic)][purpose:{subject}][SnkIdx:8]


CONST[source:1(input),value:2(dynamic)][purpose:{object}][SrcIdx:64]  ->  CONST[source:0(mediator),value:2(dynamic)][purpose:{subject}][SnkIdx:16]
-----------
CONST[source:1(input),value:2(dynamic)][purpose:{object}][SrcIdx:64]
CE0xa5a6ba0 "{CE0xa5a6ba0|VOIDTB_TE:_UCEP2:_elem_0:default:}"
CE0xa76e190 "{CE0xa76e190|selinux_set_mnt_opts:tmp94|security/selinux/hooks.c,687}"
CE0xa70aa30 "{CE0xa70aa30|selinux_set_mnt_opts:for.cond}"
CE0xa786e90 "{CE0xa786e90|selinux_set_mnt_opts:defcontext_sid.0}"
CE0xa7a3430 "{CE0xa7a3430|may_context_mount_inode_relabel:sid|Function::may_context_mount_inode_relabel&Arg::sid::}"
CE0xa7a38d0 "{CE0xa7a38d0|may_context_mount_inode_relabel:sid|Function::may_context_mount_inode_relabel&Arg::sid::|*SummSink*}"
CONST[source:0(mediator),value:2(dynamic)][purpose:{subject}][SnkIdx:16]


CONST[source:1(input),value:2(dynamic)][purpose:{object}][SrcIdx:64]  ->  CONST[source:0(mediator),value:2(dynamic)][purpose:{object}][SnkIdx:9]
-----------
CONST[source:1(input),value:2(dynamic)][purpose:{object}][SrcIdx:64]
CE0xa5a6ba0 "{CE0xa5a6ba0|VOIDTB_TE:_UCEP2:_elem_0:default:}"
CE0xa76e190 "{CE0xa76e190|selinux_set_mnt_opts:tmp94|security/selinux/hooks.c,687}"
CE0xa70aa30 "{CE0xa70aa30|selinux_set_mnt_opts:for.cond}"
CE0xa746d20 "{CE0xa746d20|selinux_set_mnt_opts:context_sid.0|security/selinux/hooks.c, 627}"
CE0xa6a5be0 "{CE0xa6a5be0|may_context_mount_sb_relabel:sid|Function::may_context_mount_sb_relabel&Arg::sid::}"
CE0xa6a5f50 "{CE0xa6a5f50|may_context_mount_sb_relabel:sid|Function::may_context_mount_sb_relabel&Arg::sid::|*SummSink*}"
CONST[source:0(mediator),value:2(dynamic)][purpose:{object}][SnkIdx:9]


CONST[source:1(input),value:2(dynamic)][purpose:{object}][SrcIdx:64]  ->  CONST[source:0(mediator),value:2(dynamic)][purpose:{object}][SnkIdx:5]
-----------
CONST[source:1(input),value:2(dynamic)][purpose:{object}][SrcIdx:64]
CE0xa5a6ba0 "{CE0xa5a6ba0|VOIDTB_TE:_UCEP2:_elem_0:default:}"
CE0xa8cf450 "{CE0xa8cf450|may_context_mount_sb_relabel:tmp5|*LoadInst*|security/selinux/hooks.c,374}"
CE0xa88f580 "{CE0xa88f580|may_context_mount_sb_relabel:tmp5|*LoadInst*|security/selinux/hooks.c,374|*SummSink*}"
CONST[source:0(mediator),value:2(dynamic)][purpose:{object}][SnkIdx:5]


CONST[source:1(input),value:2(dynamic)][purpose:{object}][SrcIdx:64]  ->  CONST[source:0(mediator),value:2(dynamic)][purpose:{object}][SnkIdx:1]
-----------
CONST[source:1(input),value:2(dynamic)][purpose:{object}][SrcIdx:64]
CE0xa5a6ba0 "{CE0xa5a6ba0|VOIDTB_TE:_UCEP2:_elem_0:default:}"
CE0xa6246d0 "{CE0xa6246d0|superblock_has_perm:tmp6|security/selinux/hooks.c,1866}"
CE0xa624850 "{CE0xa624850|superblock_has_perm:tmp6|security/selinux/hooks.c,1866|*SummSink*}"
CONST[source:0(mediator),value:2(dynamic)][purpose:{object}][SnkIdx:1]


CONST[source:1(input),value:2(dynamic)][purpose:{object}][SrcIdx:64]  ->  CONST[source:0(mediator),value:2(dynamic)][purpose:{subject}][SnkIdx:0]
-----------
CONST[source:1(input),value:2(dynamic)][purpose:{object}][SrcIdx:64]
CE0xa5a6ba0 "{CE0xa5a6ba0|VOIDTB_TE:_UCEP2:_elem_0:default:}"
CE0xa77b580 "{CE0xa77b580|cred_sid:tmp6|security/selinux/hooks.c,197}"
CE0xa602b40 "{CE0xa602b40|_ret_i32_%tmp6,_!dbg_!27716|security/selinux/hooks.c,197}"
CE0xa6299c0 "{CE0xa6299c0|superblock_has_perm:call|security/selinux/hooks.c,1863}"
CE0xa629b70 "{CE0xa629b70|superblock_has_perm:call|security/selinux/hooks.c,1863|*SummSink*}"
CONST[source:0(mediator),value:2(dynamic)][purpose:{subject}][SnkIdx:0]


CONST[source:1(input),value:2(dynamic)][purpose:{object}][SrcIdx:64]  ->  CONST[source:0(mediator),value:2(dynamic)][purpose:{subject}][SnkIdx:12]
-----------
CONST[source:1(input),value:2(dynamic)][purpose:{object}][SrcIdx:64]
CE0xa5a6ba0 "{CE0xa5a6ba0|VOIDTB_TE:_UCEP2:_elem_0:default:}"
CE0xa68c9c0 "{CE0xa68c9c0|may_context_mount_inode_relabel:tmp4|security/selinux/hooks.c,390}"
CE0xa68cb90 "{CE0xa68cb90|may_context_mount_inode_relabel:tmp4|security/selinux/hooks.c,390|*SummSink*}"
CONST[source:0(mediator),value:2(dynamic)][purpose:{subject}][SnkIdx:12]


CONST[source:1(input),value:2(dynamic)][purpose:{object}][SrcIdx:64]  ->  CONST[source:0(mediator),value:2(dynamic)][purpose:{object}][SnkIdx:17]
-----------
CONST[source:1(input),value:2(dynamic)][purpose:{object}][SrcIdx:64]
CE0xa5a6ba0 "{CE0xa5a6ba0|VOIDTB_TE:_UCEP2:_elem_0:default:}"
CE0xa883380 "{CE0xa883380|may_context_mount_inode_relabel:tmp14|*LoadInst*|security/selinux/hooks.c,395}"
CE0xa883980 "{CE0xa883980|may_context_mount_inode_relabel:tmp14|*LoadInst*|security/selinux/hooks.c,395|*SummSink*}"
CONST[source:0(mediator),value:2(dynamic)][purpose:{object}][SnkIdx:17]


CONST[source:0(mediator),value:2(dynamic)][purpose:{subject}][SrcIdx:68]  ->  CONST[source:0(mediator),value:2(dynamic)][purpose:{object}][SnkIdx:13]
-----------
CONST[source:0(mediator),value:2(dynamic)][purpose:{subject}][SrcIdx:68]
CE0xa5a6ba0 "{CE0xa5a6ba0|VOIDTB_TE:_UCEP2:_elem_0:default:}"
CE0xa68ead0 "{CE0xa68ead0|may_context_mount_inode_relabel:tmp5|*LoadInst*|security/selinux/hooks.c,390}"
CE0xa888930 "{CE0xa888930|may_context_mount_inode_relabel:tmp5|*LoadInst*|security/selinux/hooks.c,390|*SummSink*}"
CONST[source:0(mediator),value:2(dynamic)][purpose:{object}][SnkIdx:13]


CONST[source:0(mediator),value:2(dynamic)][purpose:{subject}][SrcIdx:68]  ->  CONST[source:0(mediator),value:2(dynamic)][purpose:{object}][SnkIdx:9]
-----------
CONST[source:0(mediator),value:2(dynamic)][purpose:{subject}][SrcIdx:68]
CE0xa5a6ba0 "{CE0xa5a6ba0|VOIDTB_TE:_UCEP2:_elem_0:default:}"
CE0xa76e190 "{CE0xa76e190|selinux_set_mnt_opts:tmp94|security/selinux/hooks.c,687}"
CE0xa70aa30 "{CE0xa70aa30|selinux_set_mnt_opts:for.cond}"
CE0xa746d20 "{CE0xa746d20|selinux_set_mnt_opts:context_sid.0|security/selinux/hooks.c, 627}"
CE0xa6a5be0 "{CE0xa6a5be0|may_context_mount_sb_relabel:sid|Function::may_context_mount_sb_relabel&Arg::sid::}"
CE0xa6a5f50 "{CE0xa6a5f50|may_context_mount_sb_relabel:sid|Function::may_context_mount_sb_relabel&Arg::sid::|*SummSink*}"
CONST[source:0(mediator),value:2(dynamic)][purpose:{object}][SnkIdx:9]


CONST[source:0(mediator),value:2(dynamic)][purpose:{subject}][SrcIdx:68]  ->  CONST[source:0(mediator),value:2(dynamic)][purpose:{object}][SnkIdx:5]
-----------
CONST[source:0(mediator),value:2(dynamic)][purpose:{subject}][SrcIdx:68]
CE0xa5a6ba0 "{CE0xa5a6ba0|VOIDTB_TE:_UCEP2:_elem_0:default:}"
CE0xa8cf450 "{CE0xa8cf450|may_context_mount_sb_relabel:tmp5|*LoadInst*|security/selinux/hooks.c,374}"
CE0xa88f580 "{CE0xa88f580|may_context_mount_sb_relabel:tmp5|*LoadInst*|security/selinux/hooks.c,374|*SummSink*}"
CONST[source:0(mediator),value:2(dynamic)][purpose:{object}][SnkIdx:5]


CONST[source:0(mediator),value:2(dynamic)][purpose:{subject}][SrcIdx:68]  ->  CONST[source:0(mediator),value:2(dynamic)][purpose:{object}][SnkIdx:1]
-----------
CONST[source:0(mediator),value:2(dynamic)][purpose:{subject}][SrcIdx:68]
CE0xa5a6ba0 "{CE0xa5a6ba0|VOIDTB_TE:_UCEP2:_elem_0:default:}"
CE0xa6246d0 "{CE0xa6246d0|superblock_has_perm:tmp6|security/selinux/hooks.c,1866}"
CE0xa624850 "{CE0xa624850|superblock_has_perm:tmp6|security/selinux/hooks.c,1866|*SummSink*}"
CONST[source:0(mediator),value:2(dynamic)][purpose:{object}][SnkIdx:1]


CONST[source:0(mediator),value:2(dynamic)][purpose:{subject}][SrcIdx:68]  ->  CONST[source:0(mediator),value:2(dynamic)][purpose:{object}][SnkIdx:17]
-----------
CONST[source:0(mediator),value:2(dynamic)][purpose:{subject}][SrcIdx:68]
CE0xa5a6ba0 "{CE0xa5a6ba0|VOIDTB_TE:_UCEP2:_elem_0:default:}"
CE0xa883380 "{CE0xa883380|may_context_mount_inode_relabel:tmp14|*LoadInst*|security/selinux/hooks.c,395}"
CE0xa883980 "{CE0xa883980|may_context_mount_inode_relabel:tmp14|*LoadInst*|security/selinux/hooks.c,395|*SummSink*}"
CONST[source:0(mediator),value:2(dynamic)][purpose:{object}][SnkIdx:17]


CONST[source:2(external),value:2(dynamic)][purpose:{subject}][SrcIdx:67]  ->  CONST[source:0(mediator),value:2(dynamic)][purpose:{object}][SnkIdx:13]
-----------
CONST[source:2(external),value:2(dynamic)][purpose:{subject}][SrcIdx:67]
CE0xa5a6ba0 "{CE0xa5a6ba0|VOIDTB_TE:_UCEP2:_elem_0:default:}"
CE0xa68ead0 "{CE0xa68ead0|may_context_mount_inode_relabel:tmp5|*LoadInst*|security/selinux/hooks.c,390}"
CE0xa888930 "{CE0xa888930|may_context_mount_inode_relabel:tmp5|*LoadInst*|security/selinux/hooks.c,390|*SummSink*}"
CONST[source:0(mediator),value:2(dynamic)][purpose:{object}][SnkIdx:13]


CONST[source:2(external),value:2(dynamic)][purpose:{subject}][SrcIdx:67]  ->  CONST[source:0(mediator),value:2(dynamic)][purpose:{subject}][SnkIdx:4]
-----------
CONST[source:2(external),value:2(dynamic)][purpose:{subject}][SrcIdx:67]
CE0xa5a6ba0 "{CE0xa5a6ba0|VOIDTB_TE:_UCEP2:_elem_0:default:}"
CE0xa889810 "{CE0xa889810|may_context_mount_sb_relabel:tmp4|security/selinux/hooks.c,374}"
CE0xa8bf8d0 "{CE0xa8bf8d0|may_context_mount_sb_relabel:tmp4|security/selinux/hooks.c,374|*SummSink*}"
CONST[source:0(mediator),value:2(dynamic)][purpose:{subject}][SnkIdx:4]


CONST[source:2(external),value:2(dynamic)][purpose:{subject}][SrcIdx:67]  ->  CONST[source:0(mediator),value:2(dynamic)][purpose:{subject}][SnkIdx:8]
-----------
CONST[source:2(external),value:2(dynamic)][purpose:{subject}][SrcIdx:67]
CE0xa5a6ba0 "{CE0xa5a6ba0|VOIDTB_TE:_UCEP2:_elem_0:default:}"
CE0xa89ee40 "{CE0xa89ee40|may_context_mount_sb_relabel:tmp14|security/selinux/hooks.c,379}"
CE0xa89b040 "{CE0xa89b040|may_context_mount_sb_relabel:tmp14|security/selinux/hooks.c,379|*SummSink*}"
CONST[source:0(mediator),value:2(dynamic)][purpose:{subject}][SnkIdx:8]


CONST[source:2(external),value:2(dynamic)][purpose:{subject}][SrcIdx:67]  ->  CONST[source:0(mediator),value:2(dynamic)][purpose:{subject}][SnkIdx:16]
-----------
CONST[source:2(external),value:2(dynamic)][purpose:{subject}][SrcIdx:67]
CE0xa5a6ba0 "{CE0xa5a6ba0|VOIDTB_TE:_UCEP2:_elem_0:default:}"
CE0xa76e190 "{CE0xa76e190|selinux_set_mnt_opts:tmp94|security/selinux/hooks.c,687}"
CE0xa70aa30 "{CE0xa70aa30|selinux_set_mnt_opts:for.cond}"
CE0xa786e90 "{CE0xa786e90|selinux_set_mnt_opts:defcontext_sid.0}"
CE0xa7a3430 "{CE0xa7a3430|may_context_mount_inode_relabel:sid|Function::may_context_mount_inode_relabel&Arg::sid::}"
CE0xa7a38d0 "{CE0xa7a38d0|may_context_mount_inode_relabel:sid|Function::may_context_mount_inode_relabel&Arg::sid::|*SummSink*}"
CONST[source:0(mediator),value:2(dynamic)][purpose:{subject}][SnkIdx:16]


CONST[source:2(external),value:2(dynamic)][purpose:{subject}][SrcIdx:67]  ->  CONST[source:0(mediator),value:2(dynamic)][purpose:{object}][SnkIdx:9]
-----------
CONST[source:2(external),value:2(dynamic)][purpose:{subject}][SrcIdx:67]
CE0xa5a6ba0 "{CE0xa5a6ba0|VOIDTB_TE:_UCEP2:_elem_0:default:}"
CE0xa76e190 "{CE0xa76e190|selinux_set_mnt_opts:tmp94|security/selinux/hooks.c,687}"
CE0xa70aa30 "{CE0xa70aa30|selinux_set_mnt_opts:for.cond}"
CE0xa746d20 "{CE0xa746d20|selinux_set_mnt_opts:context_sid.0|security/selinux/hooks.c, 627}"
CE0xa6a5be0 "{CE0xa6a5be0|may_context_mount_sb_relabel:sid|Function::may_context_mount_sb_relabel&Arg::sid::}"
CE0xa6a5f50 "{CE0xa6a5f50|may_context_mount_sb_relabel:sid|Function::may_context_mount_sb_relabel&Arg::sid::|*SummSink*}"
CONST[source:0(mediator),value:2(dynamic)][purpose:{object}][SnkIdx:9]


CONST[source:2(external),value:2(dynamic)][purpose:{subject}][SrcIdx:67]  ->  CONST[source:0(mediator),value:2(dynamic)][purpose:{object}][SnkIdx:5]
-----------
CONST[source:2(external),value:2(dynamic)][purpose:{subject}][SrcIdx:67]
CE0xa5a6ba0 "{CE0xa5a6ba0|VOIDTB_TE:_UCEP2:_elem_0:default:}"
CE0xa8cf450 "{CE0xa8cf450|may_context_mount_sb_relabel:tmp5|*LoadInst*|security/selinux/hooks.c,374}"
CE0xa88f580 "{CE0xa88f580|may_context_mount_sb_relabel:tmp5|*LoadInst*|security/selinux/hooks.c,374|*SummSink*}"
CONST[source:0(mediator),value:2(dynamic)][purpose:{object}][SnkIdx:5]


CONST[source:2(external),value:2(dynamic)][purpose:{subject}][SrcIdx:67]  ->  CONST[source:0(mediator),value:2(dynamic)][purpose:{object}][SnkIdx:1]
-----------
CONST[source:2(external),value:2(dynamic)][purpose:{subject}][SrcIdx:67]
CE0xa5a6ba0 "{CE0xa5a6ba0|VOIDTB_TE:_UCEP2:_elem_0:default:}"
CE0xa6246d0 "{CE0xa6246d0|superblock_has_perm:tmp6|security/selinux/hooks.c,1866}"
CE0xa624850 "{CE0xa624850|superblock_has_perm:tmp6|security/selinux/hooks.c,1866|*SummSink*}"
CONST[source:0(mediator),value:2(dynamic)][purpose:{object}][SnkIdx:1]


CONST[source:2(external),value:2(dynamic)][purpose:{subject}][SrcIdx:67]  ->  CONST[source:0(mediator),value:2(dynamic)][purpose:{subject}][SnkIdx:0]
-----------
CONST[source:2(external),value:2(dynamic)][purpose:{subject}][SrcIdx:67]
CE0xa5a6ba0 "{CE0xa5a6ba0|VOIDTB_TE:_UCEP2:_elem_0:default:}"
CE0xa77b580 "{CE0xa77b580|cred_sid:tmp6|security/selinux/hooks.c,197}"
CE0xa602b40 "{CE0xa602b40|_ret_i32_%tmp6,_!dbg_!27716|security/selinux/hooks.c,197}"
CE0xa6299c0 "{CE0xa6299c0|superblock_has_perm:call|security/selinux/hooks.c,1863}"
CE0xa629b70 "{CE0xa629b70|superblock_has_perm:call|security/selinux/hooks.c,1863|*SummSink*}"
CONST[source:0(mediator),value:2(dynamic)][purpose:{subject}][SnkIdx:0]


CONST[source:2(external),value:2(dynamic)][purpose:{subject}][SrcIdx:67]  ->  CONST[source:0(mediator),value:2(dynamic)][purpose:{subject}][SnkIdx:12]
-----------
CONST[source:2(external),value:2(dynamic)][purpose:{subject}][SrcIdx:67]
CE0xa5a6ba0 "{CE0xa5a6ba0|VOIDTB_TE:_UCEP2:_elem_0:default:}"
CE0xa68c9c0 "{CE0xa68c9c0|may_context_mount_inode_relabel:tmp4|security/selinux/hooks.c,390}"
CE0xa68cb90 "{CE0xa68cb90|may_context_mount_inode_relabel:tmp4|security/selinux/hooks.c,390|*SummSink*}"
CONST[source:0(mediator),value:2(dynamic)][purpose:{subject}][SnkIdx:12]


CONST[source:2(external),value:2(dynamic)][purpose:{subject}][SrcIdx:67]  ->  CONST[source:0(mediator),value:2(dynamic)][purpose:{object}][SnkIdx:17]
-----------
CONST[source:2(external),value:2(dynamic)][purpose:{subject}][SrcIdx:67]
CE0xa5a6ba0 "{CE0xa5a6ba0|VOIDTB_TE:_UCEP2:_elem_0:default:}"
CE0xa883380 "{CE0xa883380|may_context_mount_inode_relabel:tmp14|*LoadInst*|security/selinux/hooks.c,395}"
CE0xa883980 "{CE0xa883980|may_context_mount_inode_relabel:tmp14|*LoadInst*|security/selinux/hooks.c,395|*SummSink*}"
CONST[source:0(mediator),value:2(dynamic)][purpose:{object}][SnkIdx:17]


