[selinux_task_setpgid]

explicit:
CONST[source:2(external),value:2(dynamic)][purpose:{subject}][SrcIdx:2]  ->  CONST[source:0(mediator),value:2(dynamic)][purpose:{object}]
-----------
CONST[source:2(external),value:2(dynamic)][purpose:{subject}][SrcIdx:2]
CE0xa1f7a20 "{CE0xa1f7a20|VOIDTB_TE:_IE:_elem_0:default:}"
CE0xa273c00 "{CE0xa273c00|tmp6}"
CE0xa1f23f0 "{CE0xa1f23f0|_ret_i32_%tmp6,_!dbg_!27716}"
CE0xa1efab0 "{CE0xa1efab0|call7}"
CE0xa1ce5e0 "{CE0xa1ce5e0|_ret_i32_%call7,_!dbg_!27749}"
CE0xa1c8620 "{CE0xa1c8620|call1}"
CE0xa1c85b0 "{CE0xa1c85b0|call1}"
CONST[source:0(mediator),value:2(dynamic)][purpose:{object}]


CONST[source:2(external),value:2(dynamic)][purpose:{subject}][SrcIdx:2]  ->  CONST[source:0(mediator),value:2(dynamic)][purpose:{subject}]
-----------
CONST[source:2(external),value:2(dynamic)][purpose:{subject}][SrcIdx:2]
CE0xa1f7a20 "{CE0xa1f7a20|VOIDTB_TE:_IE:_elem_0:default:}"
CE0xa1db0d0 "{CE0xa1db0d0|tmp24}"
CE0xa1c8340 "{CE0xa1c8340|_ret_i32_%tmp24,_!dbg_!27742}"
CE0xa1d8570 "{CE0xa1d8570|call}"
CE0xa1c8000 "{CE0xa1c8000|call}"
CONST[source:0(mediator),value:2(dynamic)][purpose:{subject}]


CONST[source:1(input),value:2(dynamic)][purpose:{object}][SrcIdx:0]  ->  CONST[source:0(mediator),value:2(dynamic)][purpose:{object}]
-----------
CONST[source:1(input),value:2(dynamic)][purpose:{object}][SrcIdx:0]
CE0xa1f7a20 "{CE0xa1f7a20|VOIDTB_TE:_IE:_elem_0:default:}"
CE0xa273c00 "{CE0xa273c00|tmp6}"
CE0xa1f23f0 "{CE0xa1f23f0|_ret_i32_%tmp6,_!dbg_!27716}"
CE0xa1efab0 "{CE0xa1efab0|call7}"
CE0xa1ce5e0 "{CE0xa1ce5e0|_ret_i32_%call7,_!dbg_!27749}"
CE0xa1c8620 "{CE0xa1c8620|call1}"
CE0xa1c85b0 "{CE0xa1c85b0|call1}"
CONST[source:0(mediator),value:2(dynamic)][purpose:{object}]


CONST[source:1(input),value:2(dynamic)][purpose:{object}][SrcIdx:0]  ->  CONST[source:0(mediator),value:2(dynamic)][purpose:{subject}]
-----------
CONST[source:1(input),value:2(dynamic)][purpose:{object}][SrcIdx:0]
CE0xa1f7a20 "{CE0xa1f7a20|VOIDTB_TE:_IE:_elem_0:default:}"
CE0xa1db0d0 "{CE0xa1db0d0|tmp24}"
CE0xa1c8340 "{CE0xa1c8340|_ret_i32_%tmp24,_!dbg_!27742}"
CE0xa1d8570 "{CE0xa1d8570|call}"
CE0xa1c8000 "{CE0xa1c8000|call}"
CONST[source:0(mediator),value:2(dynamic)][purpose:{subject}]



implicit:
CONST[source:1(input),value:2(dynamic)][purpose:{object}][SrcIdx:0]  ->  CONST[source:0(mediator),value:2(dynamic)][purpose:{subject}]
-----------
CONST[source:1(input),value:2(dynamic)][purpose:{object}][SrcIdx:0]
CE0xa1f7a20 "{CE0xa1f7a20|VOIDTB_TE:_IE:_elem_0:default:}"
CE0xa1db0d0 "{CE0xa1db0d0|tmp24}"
CE0xa1c8340 "{CE0xa1c8340|_ret_i32_%tmp24,_!dbg_!27742}"
CE0xa1d8570 "{CE0xa1d8570|call}"
CE0xa1c8000 "{CE0xa1c8000|call}"
CONST[source:0(mediator),value:2(dynamic)][purpose:{subject}]


CONST[source:1(input),value:2(dynamic)][purpose:{object}][SrcIdx:0]  ->  CONST[source:0(mediator),value:2(dynamic)][purpose:{object}]
-----------
CONST[source:1(input),value:2(dynamic)][purpose:{object}][SrcIdx:0]
CE0xa1f7a20 "{CE0xa1f7a20|VOIDTB_TE:_IE:_elem_0:default:}"
CE0xa273c00 "{CE0xa273c00|tmp6}"
CE0xa1f23f0 "{CE0xa1f23f0|_ret_i32_%tmp6,_!dbg_!27716}"
CE0xa1efab0 "{CE0xa1efab0|call7}"
CE0xa1ce5e0 "{CE0xa1ce5e0|_ret_i32_%call7,_!dbg_!27749}"
CE0xa1c8620 "{CE0xa1c8620|call1}"
CE0xa1c85b0 "{CE0xa1c85b0|call1}"
CONST[source:0(mediator),value:2(dynamic)][purpose:{object}]


CONST[source:2(external),value:2(dynamic)][purpose:{subject}][SrcIdx:2]  ->  CONST[source:0(mediator),value:2(dynamic)][purpose:{subject}]
-----------
CONST[source:2(external),value:2(dynamic)][purpose:{subject}][SrcIdx:2]
CE0xa1f7a20 "{CE0xa1f7a20|VOIDTB_TE:_IE:_elem_0:default:}"
CE0xa1db0d0 "{CE0xa1db0d0|tmp24}"
CE0xa1c8340 "{CE0xa1c8340|_ret_i32_%tmp24,_!dbg_!27742}"
CE0xa1d8570 "{CE0xa1d8570|call}"
CE0xa1c8000 "{CE0xa1c8000|call}"
CONST[source:0(mediator),value:2(dynamic)][purpose:{subject}]


CONST[source:2(external),value:2(dynamic)][purpose:{subject}][SrcIdx:2]  ->  CONST[source:0(mediator),value:2(dynamic)][purpose:{object}]
-----------
CONST[source:2(external),value:2(dynamic)][purpose:{subject}][SrcIdx:2]
CE0xa1f7a20 "{CE0xa1f7a20|VOIDTB_TE:_IE:_elem_0:default:}"
CE0xa273c00 "{CE0xa273c00|tmp6}"
CE0xa1f23f0 "{CE0xa1f23f0|_ret_i32_%tmp6,_!dbg_!27716}"
CE0xa1efab0 "{CE0xa1efab0|call7}"
CE0xa1ce5e0 "{CE0xa1ce5e0|_ret_i32_%call7,_!dbg_!27749}"
CE0xa1c8620 "{CE0xa1c8620|call1}"
CE0xa1c85b0 "{CE0xa1c85b0|call1}"
CONST[source:0(mediator),value:2(dynamic)][purpose:{object}]


