[selinux_shm_shmat]

explicit:
CONST[source:1(input),value:2(dynamic)][purpose:{object}][SrcIdx:2]  ->  CONST[source:0(mediator),value:2(dynamic)][purpose:{subject}][SnkIdx:0]
-----------
CONST[source:1(input),value:2(dynamic)][purpose:{object}][SrcIdx:2]
CE0xa1a8270 "{CE0xa1a8270|VOIDTB_TE:_IE:_elem_0:default:}"
CE0xa18e5a0 "{CE0xa18e5a0|tmp24}"
CE0xa1a7c60 "{CE0xa1a7c60|_ret_i32_%tmp24,_!dbg_!27742}"
CE0xa1ba530 "{CE0xa1ba530|call}"
CE0xa1b2940 "{CE0xa1b2940|call}"
CONST[source:0(mediator),value:2(dynamic)][purpose:{subject}][SnkIdx:0]


CONST[source:1(input),value:2(dynamic)][purpose:{object}][SrcIdx:2]  ->  CONST[source:0(mediator),value:2(dynamic)][purpose:{object}][SnkIdx:1]
-----------
CONST[source:1(input),value:2(dynamic)][purpose:{object}][SrcIdx:2]
CE0xa1a8270 "{CE0xa1a8270|VOIDTB_TE:_IE:_elem_0:default:}"
CE0xa199eb0 "{CE0xa199eb0|tmp7}"
CE0xa1a0410 "{CE0xa1a0410|tmp7}"
CONST[source:0(mediator),value:2(dynamic)][purpose:{object}][SnkIdx:1]


CONST[source:1(input),value:2(dynamic)][purpose:{object}][SrcIdx:2]  ->  CONST[source:0(mediator),value:2(dynamic)][purpose:{object}][SnkIdx:2]
-----------
CONST[source:1(input),value:2(dynamic)][purpose:{object}][SrcIdx:2]
CE0xa1a8270 "{CE0xa1a8270|VOIDTB_TE:_IE:_elem_0:default:}"
CE0xa1a0630 "{CE0xa1a0630|tmp8}"
CE0xa1a0860 "{CE0xa1a0860|tmp8}"
CONST[source:0(mediator),value:2(dynamic)][purpose:{object}][SnkIdx:2]


CONST[source:2(external),value:2(dynamic)][purpose:{subject}][SrcIdx:5]  ->  CONST[source:0(mediator),value:2(dynamic)][purpose:{subject}][SnkIdx:0]
-----------
CONST[source:2(external),value:2(dynamic)][purpose:{subject}][SrcIdx:5]
CE0xa1a8270 "{CE0xa1a8270|VOIDTB_TE:_IE:_elem_0:default:}"
CE0xa18e5a0 "{CE0xa18e5a0|tmp24}"
CE0xa1a7c60 "{CE0xa1a7c60|_ret_i32_%tmp24,_!dbg_!27742}"
CE0xa1ba530 "{CE0xa1ba530|call}"
CE0xa1b2940 "{CE0xa1b2940|call}"
CONST[source:0(mediator),value:2(dynamic)][purpose:{subject}][SnkIdx:0]


CONST[source:2(external),value:2(dynamic)][purpose:{subject}][SrcIdx:5]  ->  CONST[source:0(mediator),value:2(dynamic)][purpose:{object}][SnkIdx:1]
-----------
CONST[source:2(external),value:2(dynamic)][purpose:{subject}][SrcIdx:5]
CE0xa1a8270 "{CE0xa1a8270|VOIDTB_TE:_IE:_elem_0:default:}"
CE0xa199eb0 "{CE0xa199eb0|tmp7}"
CE0xa1a0410 "{CE0xa1a0410|tmp7}"
CONST[source:0(mediator),value:2(dynamic)][purpose:{object}][SnkIdx:1]


CONST[source:2(external),value:2(dynamic)][purpose:{subject}][SrcIdx:5]  ->  CONST[source:0(mediator),value:2(dynamic)][purpose:{object}][SnkIdx:2]
-----------
CONST[source:2(external),value:2(dynamic)][purpose:{subject}][SrcIdx:5]
CE0xa1a8270 "{CE0xa1a8270|VOIDTB_TE:_IE:_elem_0:default:}"
CE0xa1a0630 "{CE0xa1a0630|tmp8}"
CE0xa1a0860 "{CE0xa1a0860|tmp8}"
CONST[source:0(mediator),value:2(dynamic)][purpose:{object}][SnkIdx:2]



implicit:
CONST[source:2(external),value:2(dynamic)][purpose:{subject}][SrcIdx:5]  ->  CONST[source:0(mediator),value:2(dynamic)][purpose:{object}][SnkIdx:2]
-----------
CONST[source:2(external),value:2(dynamic)][purpose:{subject}][SrcIdx:5]
CE0xa1a8270 "{CE0xa1a8270|VOIDTB_TE:_IE:_elem_0:default:}"
CE0xa1a0630 "{CE0xa1a0630|tmp8}"
CE0xa1a0860 "{CE0xa1a0860|tmp8}"
CONST[source:0(mediator),value:2(dynamic)][purpose:{object}][SnkIdx:2]


CONST[source:2(external),value:2(dynamic)][purpose:{subject}][SrcIdx:5]  ->  CONST[source:0(mediator),value:2(dynamic)][purpose:{subject}][SnkIdx:0]
-----------
CONST[source:2(external),value:2(dynamic)][purpose:{subject}][SrcIdx:5]
CE0xa1a8270 "{CE0xa1a8270|VOIDTB_TE:_IE:_elem_0:default:}"
CE0xa18e5a0 "{CE0xa18e5a0|tmp24}"
CE0xa1a7c60 "{CE0xa1a7c60|_ret_i32_%tmp24,_!dbg_!27742}"
CE0xa1ba530 "{CE0xa1ba530|call}"
CE0xa1b2940 "{CE0xa1b2940|call}"
CONST[source:0(mediator),value:2(dynamic)][purpose:{subject}][SnkIdx:0]


CONST[source:2(external),value:2(dynamic)][purpose:{subject}][SrcIdx:5]  ->  CONST[source:0(mediator),value:2(dynamic)][purpose:{object}][SnkIdx:1]
-----------
CONST[source:2(external),value:2(dynamic)][purpose:{subject}][SrcIdx:5]
CE0xa1a8270 "{CE0xa1a8270|VOIDTB_TE:_IE:_elem_0:default:}"
CE0xa199eb0 "{CE0xa199eb0|tmp7}"
CE0xa1a0410 "{CE0xa1a0410|tmp7}"
CONST[source:0(mediator),value:2(dynamic)][purpose:{object}][SnkIdx:1]


CONST[source:1(input),value:2(dynamic)][purpose:{object}][SrcIdx:2]  ->  CONST[source:0(mediator),value:2(dynamic)][purpose:{object}][SnkIdx:2]
-----------
CONST[source:1(input),value:2(dynamic)][purpose:{object}][SrcIdx:2]
CE0xa1a8270 "{CE0xa1a8270|VOIDTB_TE:_IE:_elem_0:default:}"
CE0xa1a0630 "{CE0xa1a0630|tmp8}"
CE0xa1a0860 "{CE0xa1a0860|tmp8}"
CONST[source:0(mediator),value:2(dynamic)][purpose:{object}][SnkIdx:2]


CONST[source:1(input),value:2(dynamic)][purpose:{object}][SrcIdx:2]  ->  CONST[source:0(mediator),value:2(dynamic)][purpose:{subject}][SnkIdx:0]
-----------
CONST[source:1(input),value:2(dynamic)][purpose:{object}][SrcIdx:2]
CE0xa1a8270 "{CE0xa1a8270|VOIDTB_TE:_IE:_elem_0:default:}"
CE0xa18e5a0 "{CE0xa18e5a0|tmp24}"
CE0xa1a7c60 "{CE0xa1a7c60|_ret_i32_%tmp24,_!dbg_!27742}"
CE0xa1ba530 "{CE0xa1ba530|call}"
CE0xa1b2940 "{CE0xa1b2940|call}"
CONST[source:0(mediator),value:2(dynamic)][purpose:{subject}][SnkIdx:0]


CONST[source:1(input),value:2(dynamic)][purpose:{object}][SrcIdx:2]  ->  CONST[source:0(mediator),value:2(dynamic)][purpose:{object}][SnkIdx:1]
-----------
CONST[source:1(input),value:2(dynamic)][purpose:{object}][SrcIdx:2]
CE0xa1a8270 "{CE0xa1a8270|VOIDTB_TE:_IE:_elem_0:default:}"
CE0xa199eb0 "{CE0xa199eb0|tmp7}"
CE0xa1a0410 "{CE0xa1a0410|tmp7}"
CONST[source:0(mediator),value:2(dynamic)][purpose:{object}][SnkIdx:1]


