[apparmor_path_mknod]

explicit:
CONST[source:2(external),value:2(dynamic)][purpose:{object}][SrcIdx:4]  ->  CONST[source:0(mediator),value:2(dynamic)][purpose:{object}][SnkIdx:3]
-----------
CONST[source:2(external),value:2(dynamic)][purpose:{object}][SrcIdx:4]
CE0x5182170 "{CE0x5182170|44:_i32,_48:_i16,_128:_i8*,_:_SCMRE_4,6_|*MultipleSource*|security/apparmor/lsm.c, 251|security/apparmor/lsm.c,251}"
CONST[source:0(mediator),value:2(dynamic)][purpose:{object}][SnkIdx:3]


CONST[source:2(external),value:2(dynamic)][purpose:{object}][SrcIdx:4]  ->  CONST[source:0(mediator),value:2(dynamic)][purpose:{subject}][SnkIdx:1]
-----------
CONST[source:2(external),value:2(dynamic)][purpose:{object}][SrcIdx:4]
CE0x5270120 "{CE0x5270120|0:_%struct.aa_profile*,_:_CMRE_0,8_|*MultipleSource*|security/apparmor/include/context.h,99|*LoadInst*|security/apparmor/include/context.h,99|security/apparmor/include/context.h,100}"
CE0x527bc30 "{CE0x527bc30|aa_cred_profile:tmp34|security/apparmor/include/context.h,101}"
CE0x5269eb0 "{CE0x5269eb0|_ret_%struct.aa_profile*_%tmp34,_!dbg_!15510|security/apparmor/include/context.h,101}"
CE0x52689b0 "{CE0x52689b0|__aa_current_profile:call4|security/apparmor/include/context.h,138}"
CE0x522d4b0 "{CE0x522d4b0|_ret_%struct.aa_profile*_%call4,_!dbg_!15494|security/apparmor/include/context.h,138}"
CE0x51c6b50 "{CE0x51c6b50|common_perm:call|security/apparmor/lsm.c,168}"
CE0x522c000 "{CE0x522c000|common_perm:call|security/apparmor/lsm.c,168|*SummSink*}"
CONST[source:0(mediator),value:2(dynamic)][purpose:{subject}][SnkIdx:1]


CONST[source:2(external),value:2(dynamic)][purpose:{subject}][SrcIdx:8]  ->  CONST[source:0(mediator),value:2(dynamic)][purpose:{subject}][SnkIdx:1]
-----------
CONST[source:2(external),value:2(dynamic)][purpose:{subject}][SrcIdx:8]
CE0x522ebc0 "{CE0x522ebc0|COLLAPSED:_CRE:_elem_0::|security/apparmor/lsm.c,169}"
CONST[source:0(mediator),value:2(dynamic)][purpose:{subject}][SnkIdx:1]


CONST[source:1(input),value:2(dynamic)][purpose:{object}][SrcIdx:7]  ->  CONST[source:0(mediator),value:2(dynamic)][purpose:{object}][SnkIdx:3]
-----------
CONST[source:1(input),value:2(dynamic)][purpose:{object}][SrcIdx:7]
CE0x515c570 "{CE0x515c570|apparmor_path_mknod:mode|Function::apparmor_path_mknod&Arg::mode::|*SummSource*}"
CE0x515c3b0 "{CE0x515c3b0|apparmor_path_mknod:mode|Function::apparmor_path_mknod&Arg::mode::}"
CE0x515c760 "{CE0x515c760|common_perm_create:mode|Function::common_perm_create&Arg::mode::}"
CE0x5182170 "{CE0x5182170|44:_i32,_48:_i16,_128:_i8*,_:_SCMRE_4,6_|*MultipleSource*|security/apparmor/lsm.c, 251|security/apparmor/lsm.c,251}"
CONST[source:0(mediator),value:2(dynamic)][purpose:{object}][SnkIdx:3]


CONST[source:1(input),value:2(dynamic)][purpose:{object}][SrcIdx:7]  ->  CONST[source:0(mediator),value:2(dynamic)][purpose:{subject}][SnkIdx:1]
-----------
CONST[source:1(input),value:2(dynamic)][purpose:{object}][SrcIdx:7]
CE0x515c570 "{CE0x515c570|apparmor_path_mknod:mode|Function::apparmor_path_mknod&Arg::mode::|*SummSource*}"
CE0x515c3b0 "{CE0x515c3b0|apparmor_path_mknod:mode|Function::apparmor_path_mknod&Arg::mode::}"
CE0x515c760 "{CE0x515c760|common_perm_create:mode|Function::common_perm_create&Arg::mode::}"
CE0x5182170 "{CE0x5182170|44:_i32,_48:_i16,_128:_i8*,_:_SCMRE_4,6_|*MultipleSource*|security/apparmor/lsm.c, 251|security/apparmor/lsm.c,251}"
CE0x5256e50 "{CE0x5256e50|aa_cred_profile:tmp4|*LoadInst*|security/apparmor/include/context.h,99}"
CE0x5271850 "{CE0x5271850|aa_cred_profile:tmp5|security/apparmor/include/context.h,99}"
CE0x527b880 "{CE0x527b880|aa_cred_profile:profile11|security/apparmor/include/context.h,101}"
CE0x527bc30 "{CE0x527bc30|aa_cred_profile:tmp34|security/apparmor/include/context.h,101}"
CE0x5269eb0 "{CE0x5269eb0|_ret_%struct.aa_profile*_%tmp34,_!dbg_!15510|security/apparmor/include/context.h,101}"
CE0x52689b0 "{CE0x52689b0|__aa_current_profile:call4|security/apparmor/include/context.h,138}"
CE0x522d4b0 "{CE0x522d4b0|_ret_%struct.aa_profile*_%call4,_!dbg_!15494|security/apparmor/include/context.h,138}"
CE0x51c6b50 "{CE0x51c6b50|common_perm:call|security/apparmor/lsm.c,168}"
CE0x522c000 "{CE0x522c000|common_perm:call|security/apparmor/lsm.c,168|*SummSink*}"
CONST[source:0(mediator),value:2(dynamic)][purpose:{subject}][SnkIdx:1]


CONST[source:1(input),value:2(dynamic)][purpose:{object}][SrcIdx:2]  ->  CONST[source:0(mediator),value:2(dynamic)][purpose:{object}][SnkIdx:2]
-----------
CONST[source:1(input),value:2(dynamic)][purpose:{object}][SrcIdx:2]
CE0x5180050 "{CE0x5180050|0:_%struct.vfsmount*,_8:_%struct.dentry*,_:_CRE_0,8_|*MultipleSource*|Function::common_perm_create&Arg::dir::|Function::apparmor_path_mknod&Arg::dir::|security/apparmor/lsm.c,253}"
CE0x523d5a0 "{CE0x523d5a0|common_perm_dir_dentry:tmp4|*LoadInst*|security/apparmor/lsm.c,189}"
CE0x523cc20 "{CE0x523cc20|0:_%struct.vfsmount*,_8:_%struct.dentry*,_:_SCMRE_0,8_|*MultipleSource*|security/apparmor/lsm.c, 189|security/apparmor/lsm.c,189}"
CONST[source:0(mediator),value:2(dynamic)][purpose:{object}][SnkIdx:2]


CONST[source:1(input),value:2(dynamic)][purpose:{object}][SrcIdx:3]  ->  CONST[source:0(mediator),value:2(dynamic)][purpose:{object}][SnkIdx:2]
-----------
CONST[source:1(input),value:2(dynamic)][purpose:{object}][SrcIdx:3]
CE0x5158820 "{CE0x5158820|apparmor_path_mknod:dentry|Function::apparmor_path_mknod&Arg::dentry::|*SummSource*}"
CE0x4ee1900 "{CE0x4ee1900|apparmor_path_mknod:dentry|Function::apparmor_path_mknod&Arg::dentry::}"
CE0x515cbe0 "{CE0x515cbe0|common_perm_create:dentry|Function::common_perm_create&Arg::dentry::}"
CE0x51d5d90 "{CE0x51d5d90|common_perm_dir_dentry:dentry|Function::common_perm_dir_dentry&Arg::dentry::}"
CE0x523cd80 "{CE0x523cd80|0:_%struct.vfsmount*,_8:_%struct.dentry*,_:_SCMRE_8,16_|*MultipleSource*|security/apparmor/lsm.c, 189|security/apparmor/lsm.c,189}"
CONST[source:0(mediator),value:2(dynamic)][purpose:{object}][SnkIdx:2]



implicit:
CONST[source:1(input),value:2(dynamic)][purpose:{object}][SrcIdx:3]  ->  CONST[source:0(mediator),value:2(dynamic)][purpose:{object}][SnkIdx:2]
-----------
CONST[source:1(input),value:2(dynamic)][purpose:{object}][SrcIdx:3]
CE0x5158820 "{CE0x5158820|apparmor_path_mknod:dentry|Function::apparmor_path_mknod&Arg::dentry::|*SummSource*}"
CE0x4ee1900 "{CE0x4ee1900|apparmor_path_mknod:dentry|Function::apparmor_path_mknod&Arg::dentry::}"
CE0x515cbe0 "{CE0x515cbe0|common_perm_create:dentry|Function::common_perm_create&Arg::dentry::}"
CE0x51d5d90 "{CE0x51d5d90|common_perm_dir_dentry:dentry|Function::common_perm_dir_dentry&Arg::dentry::}"
CE0x523cd80 "{CE0x523cd80|0:_%struct.vfsmount*,_8:_%struct.dentry*,_:_SCMRE_8,16_|*MultipleSource*|security/apparmor/lsm.c, 189|security/apparmor/lsm.c,189}"
CONST[source:0(mediator),value:2(dynamic)][purpose:{object}][SnkIdx:2]


CONST[source:2(external),value:2(dynamic)][purpose:{subject}][SrcIdx:8]  ->  CONST[source:0(mediator),value:2(dynamic)][purpose:{subject}][SnkIdx:1]
-----------
CONST[source:2(external),value:2(dynamic)][purpose:{subject}][SrcIdx:8]
CE0x522ebc0 "{CE0x522ebc0|COLLAPSED:_CRE:_elem_0::|security/apparmor/lsm.c,169}"
CONST[source:0(mediator),value:2(dynamic)][purpose:{subject}][SnkIdx:1]


CONST[source:1(input),value:2(dynamic)][purpose:{object}][SrcIdx:7]  ->  CONST[source:0(mediator),value:2(dynamic)][purpose:{object}][SnkIdx:3]
-----------
CONST[source:1(input),value:2(dynamic)][purpose:{object}][SrcIdx:7]
CE0x515c570 "{CE0x515c570|apparmor_path_mknod:mode|Function::apparmor_path_mknod&Arg::mode::|*SummSource*}"
CE0x515c3b0 "{CE0x515c3b0|apparmor_path_mknod:mode|Function::apparmor_path_mknod&Arg::mode::}"
CE0x515c760 "{CE0x515c760|common_perm_create:mode|Function::common_perm_create&Arg::mode::}"
CE0x5182170 "{CE0x5182170|44:_i32,_48:_i16,_128:_i8*,_:_SCMRE_4,6_|*MultipleSource*|security/apparmor/lsm.c, 251|security/apparmor/lsm.c,251}"
CONST[source:0(mediator),value:2(dynamic)][purpose:{object}][SnkIdx:3]


CONST[source:1(input),value:2(dynamic)][purpose:{object}][SrcIdx:7]  ->  CONST[source:0(mediator),value:2(dynamic)][purpose:{subject}][SnkIdx:1]
-----------
CONST[source:1(input),value:2(dynamic)][purpose:{object}][SrcIdx:7]
CE0x515c570 "{CE0x515c570|apparmor_path_mknod:mode|Function::apparmor_path_mknod&Arg::mode::|*SummSource*}"
CE0x515c3b0 "{CE0x515c3b0|apparmor_path_mknod:mode|Function::apparmor_path_mknod&Arg::mode::}"
CE0x515c760 "{CE0x515c760|common_perm_create:mode|Function::common_perm_create&Arg::mode::}"
CE0x5182170 "{CE0x5182170|44:_i32,_48:_i16,_128:_i8*,_:_SCMRE_4,6_|*MultipleSource*|security/apparmor/lsm.c, 251|security/apparmor/lsm.c,251}"
CE0x5256e50 "{CE0x5256e50|aa_cred_profile:tmp4|*LoadInst*|security/apparmor/include/context.h,99}"
CE0x5271850 "{CE0x5271850|aa_cred_profile:tmp5|security/apparmor/include/context.h,99}"
CE0x527b880 "{CE0x527b880|aa_cred_profile:profile11|security/apparmor/include/context.h,101}"
CE0x527bc30 "{CE0x527bc30|aa_cred_profile:tmp34|security/apparmor/include/context.h,101}"
CE0x5269eb0 "{CE0x5269eb0|_ret_%struct.aa_profile*_%tmp34,_!dbg_!15510|security/apparmor/include/context.h,101}"
CE0x52689b0 "{CE0x52689b0|__aa_current_profile:call4|security/apparmor/include/context.h,138}"
CE0x522d4b0 "{CE0x522d4b0|_ret_%struct.aa_profile*_%call4,_!dbg_!15494|security/apparmor/include/context.h,138}"
CE0x51c6b50 "{CE0x51c6b50|common_perm:call|security/apparmor/lsm.c,168}"
CE0x522c000 "{CE0x522c000|common_perm:call|security/apparmor/lsm.c,168|*SummSink*}"
CONST[source:0(mediator),value:2(dynamic)][purpose:{subject}][SnkIdx:1]


CONST[source:1(input),value:2(dynamic)][purpose:{object}][SrcIdx:2]  ->  CONST[source:0(mediator),value:2(dynamic)][purpose:{object}][SnkIdx:2]
-----------
CONST[source:1(input),value:2(dynamic)][purpose:{object}][SrcIdx:2]
CE0x5180050 "{CE0x5180050|0:_%struct.vfsmount*,_8:_%struct.dentry*,_:_CRE_0,8_|*MultipleSource*|Function::common_perm_create&Arg::dir::|Function::apparmor_path_mknod&Arg::dir::|security/apparmor/lsm.c,253}"
CE0x523d5a0 "{CE0x523d5a0|common_perm_dir_dentry:tmp4|*LoadInst*|security/apparmor/lsm.c,189}"
CE0x523cc20 "{CE0x523cc20|0:_%struct.vfsmount*,_8:_%struct.dentry*,_:_SCMRE_0,8_|*MultipleSource*|security/apparmor/lsm.c, 189|security/apparmor/lsm.c,189}"
CONST[source:0(mediator),value:2(dynamic)][purpose:{object}][SnkIdx:2]


CONST[source:1(input),value:2(dynamic)][purpose:{object}][SrcIdx:2]  ->  CONST[source:0(mediator),value:2(dynamic)][purpose:{subject}][SnkIdx:1]
-----------
CONST[source:1(input),value:2(dynamic)][purpose:{object}][SrcIdx:2]
CE0x5180050 "{CE0x5180050|0:_%struct.vfsmount*,_8:_%struct.dentry*,_:_CRE_0,8_|*MultipleSource*|Function::common_perm_create&Arg::dir::|Function::apparmor_path_mknod&Arg::dir::|security/apparmor/lsm.c,253}"
CE0x518a030 "{CE0x518a030|common_perm_create:tmp22|*LoadInst*|security/apparmor/lsm.c,253}"
CE0x517beb0 "{CE0x517beb0|common_perm_create:tobool5|security/apparmor/lsm.c,253}"
CE0x5159b20 "{CE0x5159b20|common_perm_create:if.end9}"
CE0x51d4fd0 "{CE0x51d4fd0|common_perm_dir_dentry:entry}"
CE0x5239e30 "{CE0x5239e30|common_perm_dir_dentry:bb}"
CE0x52296c0 "{CE0x52296c0|common_perm:entry}"
CE0x522c820 "{CE0x522c820|common_perm:bb}"
CE0x51c6b50 "{CE0x51c6b50|common_perm:call|security/apparmor/lsm.c,168}"
CE0x522c000 "{CE0x522c000|common_perm:call|security/apparmor/lsm.c,168|*SummSink*}"
CONST[source:0(mediator),value:2(dynamic)][purpose:{subject}][SnkIdx:1]


CONST[source:2(external),value:2(dynamic)][purpose:{object}][SrcIdx:4]  ->  CONST[source:0(mediator),value:2(dynamic)][purpose:{object}][SnkIdx:3]
-----------
CONST[source:2(external),value:2(dynamic)][purpose:{object}][SrcIdx:4]
CE0x5157530 "{CE0x5157530|44:_i32,_48:_i16,_128:_i8*,_:_SCMRE_0,4_|*MultipleSource*|security/apparmor/lsm.c, 251|security/apparmor/lsm.c,251}"
CONST[source:0(mediator),value:2(dynamic)][purpose:{object}][SnkIdx:3]


CONST[source:2(external),value:2(dynamic)][purpose:{object}][SrcIdx:4]  ->  CONST[source:0(mediator),value:2(dynamic)][purpose:{subject}][SnkIdx:1]
-----------
CONST[source:2(external),value:2(dynamic)][purpose:{object}][SrcIdx:4]
CE0x5270120 "{CE0x5270120|0:_%struct.aa_profile*,_:_CMRE_0,8_|*MultipleSource*|security/apparmor/include/context.h,99|*LoadInst*|security/apparmor/include/context.h,99|security/apparmor/include/context.h,100}"
CE0x527bc30 "{CE0x527bc30|aa_cred_profile:tmp34|security/apparmor/include/context.h,101}"
CE0x5269eb0 "{CE0x5269eb0|_ret_%struct.aa_profile*_%tmp34,_!dbg_!15510|security/apparmor/include/context.h,101}"
CE0x52689b0 "{CE0x52689b0|__aa_current_profile:call4|security/apparmor/include/context.h,138}"
CE0x522d4b0 "{CE0x522d4b0|_ret_%struct.aa_profile*_%call4,_!dbg_!15494|security/apparmor/include/context.h,138}"
CE0x51c6b50 "{CE0x51c6b50|common_perm:call|security/apparmor/lsm.c,168}"
CE0x522c000 "{CE0x522c000|common_perm:call|security/apparmor/lsm.c,168|*SummSink*}"
CONST[source:0(mediator),value:2(dynamic)][purpose:{subject}][SnkIdx:1]


