[selinux_inode_rename]

explicit:
CONST[source:1(input),value:2(dynamic)][purpose:{object}][SrcIdx:2]  ->  CONST[source:0(mediator),value:2(dynamic)][purpose:{object}][SnkIdx:6]
-----------
CONST[source:1(input),value:2(dynamic)][purpose:{object}][SrcIdx:2]
CE0x4888e10 "{CE0x4888e10|0:_i16,_56:_i8*,_:_CRE_56,64_|*MultipleSource*|*LoadInst*|security/selinux/hooks.c,1814|security/selinux/hooks.c,1814}"
CE0x48c4c80 "{CE0x48c4c80|may_rename:tmp5|security/selinux/hooks.c,1814}"
CE0x48c5590 "{CE0x48c5590|may_rename:tmp6|security/selinux/hooks.c,1814}"
CE0x4918210 "{CE0x4918210|may_rename:sclass|security/selinux/hooks.c,1826}"
CE0x4916d60 "{CE0x4916d60|may_rename:tmp19|security/selinux/hooks.c,1826}"
CE0x4916f50 "{CE0x4916f50|may_rename:tmp19|security/selinux/hooks.c,1826|*SummSink*}"
CONST[source:0(mediator),value:2(dynamic)][purpose:{object}][SnkIdx:6]


CONST[source:1(input),value:2(dynamic)][purpose:{object}][SrcIdx:2]  ->  CONST[source:0(mediator),value:2(dynamic)][purpose:{object}][SnkIdx:10]
-----------
CONST[source:1(input),value:2(dynamic)][purpose:{object}][SrcIdx:2]
CE0x4888e10 "{CE0x4888e10|0:_i16,_56:_i8*,_:_CRE_56,64_|*MultipleSource*|*LoadInst*|security/selinux/hooks.c,1814|security/selinux/hooks.c,1814}"
CE0x48c4c80 "{CE0x48c4c80|may_rename:tmp5|security/selinux/hooks.c,1814}"
CE0x48c5590 "{CE0x48c5590|may_rename:tmp6|security/selinux/hooks.c,1814}"
CE0x4924680 "{CE0x4924680|may_rename:sclass17|security/selinux/hooks.c,1831}"
CE0x4923500 "{CE0x4923500|may_rename:tmp35|security/selinux/hooks.c,1831}"
CE0x49236a0 "{CE0x49236a0|may_rename:tmp35|security/selinux/hooks.c,1831|*SummSink*}"
CONST[source:0(mediator),value:2(dynamic)][purpose:{object}][SnkIdx:10]


CONST[source:1(input),value:2(dynamic)][purpose:{object}][SrcIdx:2]  ->  CONST[source:0(mediator),value:2(dynamic)][purpose:{object}][SnkIdx:17]
-----------
CONST[source:1(input),value:2(dynamic)][purpose:{object}][SrcIdx:2]
CE0x4888e10 "{CE0x4888e10|0:_i16,_56:_i8*,_:_CRE_56,64_|*MultipleSource*|*LoadInst*|security/selinux/hooks.c,1814|security/selinux/hooks.c,1814}"
CE0x48f8df0 "{CE0x48f8df0|may_rename:tmp64|security/selinux/hooks.c,1844}"
CE0x4959a90 "{CE0x4959a90|may_rename:tmp65|security/selinux/hooks.c,1844}"
CE0x496a020 "{CE0x496a020|may_rename:sid47|security/selinux/hooks.c,1846}"
CE0x4960c60 "{CE0x4960c60|may_rename:tmp68|security/selinux/hooks.c,1846}"
CE0x4961b40 "{CE0x4961b40|may_rename:tmp68|security/selinux/hooks.c,1846|*SummSink*}"
CONST[source:0(mediator),value:2(dynamic)][purpose:{object}][SnkIdx:17]


CONST[source:1(input),value:2(dynamic)][purpose:{object}][SrcIdx:2]  ->  CONST[source:0(mediator),value:0(static)][purpose:{operation}][SnkIdx:19]
-----------
CONST[source:1(input),value:2(dynamic)][purpose:{object}][SrcIdx:2]
CE0x488ada0 "{CE0x488ada0|0:_i16,_56:_i8*,_:_CRE_0,2_|*MultipleSource*|*LoadInst*|security/selinux/hooks.c,1814|security/selinux/hooks.c,1814}"
CE0x4961460 "{CE0x4961460|may_rename:tmp67|security/selinux/hooks.c,1845}"
CE0x4961a20 "{CE0x4961a20|may_rename:conv43|security/selinux/hooks.c,1845}"
CE0x49690e0 "{CE0x49690e0|may_rename:and44|security/selinux/hooks.c,1845}"
CE0x4969600 "{CE0x4969600|may_rename:cmp45|security/selinux/hooks.c,1845}"
CE0x4969a70 "{CE0x4969a70|may_rename:conv46|security/selinux/hooks.c,1845}"
CE0x49580a0 "{CE0x49580a0|may_rename:tobool49|security/selinux/hooks.c,1848}"
CE0x4968a80 "{CE0x4968a80|may_rename:cond|security/selinux/hooks.c,1848}"
CE0x49689c0 "{CE0x49689c0|may_rename:conv50|security/selinux/hooks.c,1848}"
CE0x4950ff0 "{CE0x4950ff0|may_rename:conv50|security/selinux/hooks.c,1848|*SummSink*}"
CONST[source:0(mediator),value:0(static)][purpose:{operation}][SnkIdx:19]


CONST[source:1(input),value:2(dynamic)][purpose:{object}][SrcIdx:2]  ->  CONST[source:0(mediator),value:2(dynamic)][purpose:{object}][SnkIdx:18]
-----------
CONST[source:1(input),value:2(dynamic)][purpose:{object}][SrcIdx:2]
CE0x4888e10 "{CE0x4888e10|0:_i16,_56:_i8*,_:_CRE_56,64_|*MultipleSource*|*LoadInst*|security/selinux/hooks.c,1814|security/selinux/hooks.c,1814}"
CE0x48f8df0 "{CE0x48f8df0|may_rename:tmp64|security/selinux/hooks.c,1844}"
CE0x4959a90 "{CE0x4959a90|may_rename:tmp65|security/selinux/hooks.c,1844}"
CE0x494d0f0 "{CE0x494d0f0|may_rename:sclass48|security/selinux/hooks.c,1847}"
CE0x494d510 "{CE0x494d510|may_rename:tmp69|security/selinux/hooks.c,1847}"
CE0x494d6b0 "{CE0x494d6b0|may_rename:tmp69|security/selinux/hooks.c,1847|*SummSink*}"
CONST[source:0(mediator),value:2(dynamic)][purpose:{object}][SnkIdx:18]


CONST[source:1(input),value:2(dynamic)][purpose:{object}][SrcIdx:2]  ->  CONST[source:0(mediator),value:2(dynamic)][purpose:{object}][SnkIdx:9]
-----------
CONST[source:1(input),value:2(dynamic)][purpose:{object}][SrcIdx:2]
CE0x4888e10 "{CE0x4888e10|0:_i16,_56:_i8*,_:_CRE_56,64_|*MultipleSource*|*LoadInst*|security/selinux/hooks.c,1814|security/selinux/hooks.c,1814}"
CE0x48c4c80 "{CE0x48c4c80|may_rename:tmp5|security/selinux/hooks.c,1814}"
CE0x48c5590 "{CE0x48c5590|may_rename:tmp6|security/selinux/hooks.c,1814}"
CE0x491e9f0 "{CE0x491e9f0|may_rename:sid16|security/selinux/hooks.c,1830}"
CE0x491f410 "{CE0x491f410|may_rename:tmp34|security/selinux/hooks.c,1830}"
CE0x491f600 "{CE0x491f600|may_rename:tmp34|security/selinux/hooks.c,1830|*SummSink*}"
CONST[source:0(mediator),value:2(dynamic)][purpose:{object}][SnkIdx:9]


CONST[source:1(input),value:2(dynamic)][purpose:{object}][SrcIdx:2]  ->  CONST[source:0(mediator),value:2(dynamic)][purpose:{object}][SnkIdx:5]
-----------
CONST[source:1(input),value:2(dynamic)][purpose:{object}][SrcIdx:2]
CE0x4888e10 "{CE0x4888e10|0:_i16,_56:_i8*,_:_CRE_56,64_|*MultipleSource*|*LoadInst*|security/selinux/hooks.c,1814|security/selinux/hooks.c,1814}"
CE0x48c4c80 "{CE0x48c4c80|may_rename:tmp5|security/selinux/hooks.c,1814}"
CE0x48c5590 "{CE0x48c5590|may_rename:tmp6|security/selinux/hooks.c,1814}"
CE0x48845d0 "{CE0x48845d0|may_rename:sid7|security/selinux/hooks.c,1825}"
CE0x4910a00 "{CE0x4910a00|may_rename:tmp18|security/selinux/hooks.c,1825}"
CE0x4910e00 "{CE0x4910e00|may_rename:tmp18|security/selinux/hooks.c,1825|*SummSink*}"
CONST[source:0(mediator),value:2(dynamic)][purpose:{object}][SnkIdx:5]


CONST[source:2(external),value:2(dynamic)][purpose:{subject}][SrcIdx:5]  ->  CONST[source:0(mediator),value:2(dynamic)][purpose:{subject}][SnkIdx:8]
-----------
CONST[source:2(external),value:2(dynamic)][purpose:{subject}][SrcIdx:5]
CE0x486f1e0 "{CE0x486f1e0|COLLAPSED:_CMRE:_elem_0::|security/selinux/hooks.c,218}"
CE0x486f880 "{CE0x486f880|current_sid:tmp22|security/selinux/hooks.c,218}"
CE0x486fb70 "{CE0x486fb70|current_sid:tmp23|security/selinux/hooks.c,218}"
CE0x48706d0 "{CE0x48706d0|current_sid:sid|security/selinux/hooks.c,220}"
CE0x4871860 "{CE0x4871860|current_sid:tmp24|security/selinux/hooks.c,220}"
CE0x48451d0 "{CE0x48451d0|_ret_i32_%tmp24,_!dbg_!27742|security/selinux/hooks.c,220}"
CE0x47f19e0 "{CE0x47f19e0|may_rename:call|security/selinux/hooks.c,1808}"
CE0x4813bb0 "{CE0x4813bb0|may_rename:call|security/selinux/hooks.c,1808|*SummSink*}"
CONST[source:0(mediator),value:2(dynamic)][purpose:{subject}][SnkIdx:8]


CONST[source:2(external),value:2(dynamic)][purpose:{subject}][SrcIdx:5]  ->  CONST[source:0(mediator),value:2(dynamic)][purpose:{subject}][SnkIdx:4]
-----------
CONST[source:2(external),value:2(dynamic)][purpose:{subject}][SrcIdx:5]
CE0x486f1e0 "{CE0x486f1e0|COLLAPSED:_CMRE:_elem_0::|security/selinux/hooks.c,218}"
CE0x486f880 "{CE0x486f880|current_sid:tmp22|security/selinux/hooks.c,218}"
CE0x486fb70 "{CE0x486fb70|current_sid:tmp23|security/selinux/hooks.c,218}"
CE0x48706d0 "{CE0x48706d0|current_sid:sid|security/selinux/hooks.c,220}"
CE0x4871860 "{CE0x4871860|current_sid:tmp24|security/selinux/hooks.c,220}"
CE0x48451d0 "{CE0x48451d0|_ret_i32_%tmp24,_!dbg_!27742|security/selinux/hooks.c,220}"
CE0x47f19e0 "{CE0x47f19e0|may_rename:call|security/selinux/hooks.c,1808}"
CE0x4813bb0 "{CE0x4813bb0|may_rename:call|security/selinux/hooks.c,1808|*SummSink*}"
CONST[source:0(mediator),value:2(dynamic)][purpose:{subject}][SnkIdx:4]


CONST[source:2(external),value:2(dynamic)][purpose:{subject}][SrcIdx:5]  ->  CONST[source:0(mediator),value:2(dynamic)][purpose:{subject}][SnkIdx:12]
-----------
CONST[source:2(external),value:2(dynamic)][purpose:{subject}][SrcIdx:5]
CE0x486f1e0 "{CE0x486f1e0|COLLAPSED:_CMRE:_elem_0::|security/selinux/hooks.c,218}"
CE0x486f880 "{CE0x486f880|current_sid:tmp22|security/selinux/hooks.c,218}"
CE0x486fb70 "{CE0x486fb70|current_sid:tmp23|security/selinux/hooks.c,218}"
CE0x48706d0 "{CE0x48706d0|current_sid:sid|security/selinux/hooks.c,220}"
CE0x4871860 "{CE0x4871860|current_sid:tmp24|security/selinux/hooks.c,220}"
CE0x48451d0 "{CE0x48451d0|_ret_i32_%tmp24,_!dbg_!27742|security/selinux/hooks.c,220}"
CE0x47f19e0 "{CE0x47f19e0|may_rename:call|security/selinux/hooks.c,1808}"
CE0x4813bb0 "{CE0x4813bb0|may_rename:call|security/selinux/hooks.c,1808|*SummSink*}"
CONST[source:0(mediator),value:2(dynamic)][purpose:{subject}][SnkIdx:12]


CONST[source:2(external),value:2(dynamic)][purpose:{subject}][SrcIdx:5]  ->  CONST[source:0(mediator),value:2(dynamic)][purpose:{subject}][SnkIdx:16]
-----------
CONST[source:2(external),value:2(dynamic)][purpose:{subject}][SrcIdx:5]
CE0x486f1e0 "{CE0x486f1e0|COLLAPSED:_CMRE:_elem_0::|security/selinux/hooks.c,218}"
CE0x486f880 "{CE0x486f880|current_sid:tmp22|security/selinux/hooks.c,218}"
CE0x486fb70 "{CE0x486fb70|current_sid:tmp23|security/selinux/hooks.c,218}"
CE0x48706d0 "{CE0x48706d0|current_sid:sid|security/selinux/hooks.c,220}"
CE0x4871860 "{CE0x4871860|current_sid:tmp24|security/selinux/hooks.c,220}"
CE0x48451d0 "{CE0x48451d0|_ret_i32_%tmp24,_!dbg_!27742|security/selinux/hooks.c,220}"
CE0x47f19e0 "{CE0x47f19e0|may_rename:call|security/selinux/hooks.c,1808}"
CE0x4813bb0 "{CE0x4813bb0|may_rename:call|security/selinux/hooks.c,1808|*SummSink*}"
CONST[source:0(mediator),value:2(dynamic)][purpose:{subject}][SnkIdx:16]


CONST[source:2(external),value:2(dynamic)][purpose:{subject}][SrcIdx:5]  ->  CONST[source:0(mediator),value:2(dynamic)][purpose:{subject}][SnkIdx:0]
-----------
CONST[source:2(external),value:2(dynamic)][purpose:{subject}][SrcIdx:5]
CE0x486f1e0 "{CE0x486f1e0|COLLAPSED:_CMRE:_elem_0::|security/selinux/hooks.c,218}"
CE0x486f880 "{CE0x486f880|current_sid:tmp22|security/selinux/hooks.c,218}"
CE0x486fb70 "{CE0x486fb70|current_sid:tmp23|security/selinux/hooks.c,218}"
CE0x48706d0 "{CE0x48706d0|current_sid:sid|security/selinux/hooks.c,220}"
CE0x4871860 "{CE0x4871860|current_sid:tmp24|security/selinux/hooks.c,220}"
CE0x48451d0 "{CE0x48451d0|_ret_i32_%tmp24,_!dbg_!27742|security/selinux/hooks.c,220}"
CE0x47f19e0 "{CE0x47f19e0|may_rename:call|security/selinux/hooks.c,1808}"
CE0x4813bb0 "{CE0x4813bb0|may_rename:call|security/selinux/hooks.c,1808|*SummSink*}"
CONST[source:0(mediator),value:2(dynamic)][purpose:{subject}][SnkIdx:0]


CONST[source:1(input),value:2(dynamic)][purpose:{object}][SrcIdx:4]  ->  CONST[source:0(mediator),value:2(dynamic)][purpose:{object}][SnkIdx:6]
-----------
CONST[source:1(input),value:2(dynamic)][purpose:{object}][SrcIdx:4]
CE0x4888e10 "{CE0x4888e10|0:_i16,_56:_i8*,_:_CRE_56,64_|*MultipleSource*|*LoadInst*|security/selinux/hooks.c,1814|security/selinux/hooks.c,1814}"
CE0x48c4c80 "{CE0x48c4c80|may_rename:tmp5|security/selinux/hooks.c,1814}"
CE0x48c5590 "{CE0x48c5590|may_rename:tmp6|security/selinux/hooks.c,1814}"
CE0x4918210 "{CE0x4918210|may_rename:sclass|security/selinux/hooks.c,1826}"
CE0x4916d60 "{CE0x4916d60|may_rename:tmp19|security/selinux/hooks.c,1826}"
CE0x4916f50 "{CE0x4916f50|may_rename:tmp19|security/selinux/hooks.c,1826|*SummSink*}"
CONST[source:0(mediator),value:2(dynamic)][purpose:{object}][SnkIdx:6]


CONST[source:1(input),value:2(dynamic)][purpose:{object}][SrcIdx:4]  ->  CONST[source:0(mediator),value:2(dynamic)][purpose:{object}][SnkIdx:10]
-----------
CONST[source:1(input),value:2(dynamic)][purpose:{object}][SrcIdx:4]
CE0x4888e10 "{CE0x4888e10|0:_i16,_56:_i8*,_:_CRE_56,64_|*MultipleSource*|*LoadInst*|security/selinux/hooks.c,1814|security/selinux/hooks.c,1814}"
CE0x48c4c80 "{CE0x48c4c80|may_rename:tmp5|security/selinux/hooks.c,1814}"
CE0x48c5590 "{CE0x48c5590|may_rename:tmp6|security/selinux/hooks.c,1814}"
CE0x4924680 "{CE0x4924680|may_rename:sclass17|security/selinux/hooks.c,1831}"
CE0x4923500 "{CE0x4923500|may_rename:tmp35|security/selinux/hooks.c,1831}"
CE0x49236a0 "{CE0x49236a0|may_rename:tmp35|security/selinux/hooks.c,1831|*SummSink*}"
CONST[source:0(mediator),value:2(dynamic)][purpose:{object}][SnkIdx:10]


CONST[source:1(input),value:2(dynamic)][purpose:{object}][SrcIdx:4]  ->  CONST[source:0(mediator),value:2(dynamic)][purpose:{object}][SnkIdx:17]
-----------
CONST[source:1(input),value:2(dynamic)][purpose:{object}][SrcIdx:4]
CE0x4888e10 "{CE0x4888e10|0:_i16,_56:_i8*,_:_CRE_56,64_|*MultipleSource*|*LoadInst*|security/selinux/hooks.c,1814|security/selinux/hooks.c,1814}"
CE0x48f8df0 "{CE0x48f8df0|may_rename:tmp64|security/selinux/hooks.c,1844}"
CE0x4959a90 "{CE0x4959a90|may_rename:tmp65|security/selinux/hooks.c,1844}"
CE0x496a020 "{CE0x496a020|may_rename:sid47|security/selinux/hooks.c,1846}"
CE0x4960c60 "{CE0x4960c60|may_rename:tmp68|security/selinux/hooks.c,1846}"
CE0x4961b40 "{CE0x4961b40|may_rename:tmp68|security/selinux/hooks.c,1846|*SummSink*}"
CONST[source:0(mediator),value:2(dynamic)][purpose:{object}][SnkIdx:17]


CONST[source:1(input),value:2(dynamic)][purpose:{object}][SrcIdx:4]  ->  CONST[source:0(mediator),value:0(static)][purpose:{operation}][SnkIdx:19]
-----------
CONST[source:1(input),value:2(dynamic)][purpose:{object}][SrcIdx:4]
CE0x488ada0 "{CE0x488ada0|0:_i16,_56:_i8*,_:_CRE_0,2_|*MultipleSource*|*LoadInst*|security/selinux/hooks.c,1814|security/selinux/hooks.c,1814}"
CE0x4961460 "{CE0x4961460|may_rename:tmp67|security/selinux/hooks.c,1845}"
CE0x4961a20 "{CE0x4961a20|may_rename:conv43|security/selinux/hooks.c,1845}"
CE0x49690e0 "{CE0x49690e0|may_rename:and44|security/selinux/hooks.c,1845}"
CE0x4969600 "{CE0x4969600|may_rename:cmp45|security/selinux/hooks.c,1845}"
CE0x4969a70 "{CE0x4969a70|may_rename:conv46|security/selinux/hooks.c,1845}"
CE0x49580a0 "{CE0x49580a0|may_rename:tobool49|security/selinux/hooks.c,1848}"
CE0x4968a80 "{CE0x4968a80|may_rename:cond|security/selinux/hooks.c,1848}"
CE0x49689c0 "{CE0x49689c0|may_rename:conv50|security/selinux/hooks.c,1848}"
CE0x4950ff0 "{CE0x4950ff0|may_rename:conv50|security/selinux/hooks.c,1848|*SummSink*}"
CONST[source:0(mediator),value:0(static)][purpose:{operation}][SnkIdx:19]


CONST[source:1(input),value:2(dynamic)][purpose:{object}][SrcIdx:4]  ->  CONST[source:0(mediator),value:2(dynamic)][purpose:{object}][SnkIdx:18]
-----------
CONST[source:1(input),value:2(dynamic)][purpose:{object}][SrcIdx:4]
CE0x4888e10 "{CE0x4888e10|0:_i16,_56:_i8*,_:_CRE_56,64_|*MultipleSource*|*LoadInst*|security/selinux/hooks.c,1814|security/selinux/hooks.c,1814}"
CE0x48f8df0 "{CE0x48f8df0|may_rename:tmp64|security/selinux/hooks.c,1844}"
CE0x4959a90 "{CE0x4959a90|may_rename:tmp65|security/selinux/hooks.c,1844}"
CE0x494d0f0 "{CE0x494d0f0|may_rename:sclass48|security/selinux/hooks.c,1847}"
CE0x494d510 "{CE0x494d510|may_rename:tmp69|security/selinux/hooks.c,1847}"
CE0x494d6b0 "{CE0x494d6b0|may_rename:tmp69|security/selinux/hooks.c,1847|*SummSink*}"
CONST[source:0(mediator),value:2(dynamic)][purpose:{object}][SnkIdx:18]


CONST[source:1(input),value:2(dynamic)][purpose:{object}][SrcIdx:4]  ->  CONST[source:0(mediator),value:2(dynamic)][purpose:{object}][SnkIdx:9]
-----------
CONST[source:1(input),value:2(dynamic)][purpose:{object}][SrcIdx:4]
CE0x4888e10 "{CE0x4888e10|0:_i16,_56:_i8*,_:_CRE_56,64_|*MultipleSource*|*LoadInst*|security/selinux/hooks.c,1814|security/selinux/hooks.c,1814}"
CE0x48c4c80 "{CE0x48c4c80|may_rename:tmp5|security/selinux/hooks.c,1814}"
CE0x48c5590 "{CE0x48c5590|may_rename:tmp6|security/selinux/hooks.c,1814}"
CE0x491e9f0 "{CE0x491e9f0|may_rename:sid16|security/selinux/hooks.c,1830}"
CE0x491f410 "{CE0x491f410|may_rename:tmp34|security/selinux/hooks.c,1830}"
CE0x491f600 "{CE0x491f600|may_rename:tmp34|security/selinux/hooks.c,1830|*SummSink*}"
CONST[source:0(mediator),value:2(dynamic)][purpose:{object}][SnkIdx:9]


CONST[source:1(input),value:2(dynamic)][purpose:{object}][SrcIdx:4]  ->  CONST[source:0(mediator),value:2(dynamic)][purpose:{object}][SnkIdx:5]
-----------
CONST[source:1(input),value:2(dynamic)][purpose:{object}][SrcIdx:4]
CE0x4888e10 "{CE0x4888e10|0:_i16,_56:_i8*,_:_CRE_56,64_|*MultipleSource*|*LoadInst*|security/selinux/hooks.c,1814|security/selinux/hooks.c,1814}"
CE0x48c4c80 "{CE0x48c4c80|may_rename:tmp5|security/selinux/hooks.c,1814}"
CE0x48c5590 "{CE0x48c5590|may_rename:tmp6|security/selinux/hooks.c,1814}"
CE0x48845d0 "{CE0x48845d0|may_rename:sid7|security/selinux/hooks.c,1825}"
CE0x4910a00 "{CE0x4910a00|may_rename:tmp18|security/selinux/hooks.c,1825}"
CE0x4910e00 "{CE0x4910e00|may_rename:tmp18|security/selinux/hooks.c,1825|*SummSink*}"
CONST[source:0(mediator),value:2(dynamic)][purpose:{object}][SnkIdx:5]



implicit:
CONST[source:2(external),value:2(dynamic)][purpose:{subject}][SrcIdx:5]  ->  CONST[source:0(mediator),value:2(dynamic)][purpose:{subject}][SnkIdx:8]
-----------
CONST[source:2(external),value:2(dynamic)][purpose:{subject}][SrcIdx:5]
CE0x486e280 "{CE0x486e280|COLLAPSED:_GCMRE_current_task_external_global_%struct.task_struct*:_elem_0::|security/selinux/hooks.c,218}"
CE0x486f880 "{CE0x486f880|current_sid:tmp22|security/selinux/hooks.c,218}"
CE0x486fb70 "{CE0x486fb70|current_sid:tmp23|security/selinux/hooks.c,218}"
CE0x48706d0 "{CE0x48706d0|current_sid:sid|security/selinux/hooks.c,220}"
CE0x4871860 "{CE0x4871860|current_sid:tmp24|security/selinux/hooks.c,220}"
CE0x48451d0 "{CE0x48451d0|_ret_i32_%tmp24,_!dbg_!27742|security/selinux/hooks.c,220}"
CE0x47f19e0 "{CE0x47f19e0|may_rename:call|security/selinux/hooks.c,1808}"
CE0x4813bb0 "{CE0x4813bb0|may_rename:call|security/selinux/hooks.c,1808|*SummSink*}"
CONST[source:0(mediator),value:2(dynamic)][purpose:{subject}][SnkIdx:8]


CONST[source:2(external),value:2(dynamic)][purpose:{subject}][SrcIdx:5]  ->  CONST[source:0(mediator),value:2(dynamic)][purpose:{subject}][SnkIdx:12]
-----------
CONST[source:2(external),value:2(dynamic)][purpose:{subject}][SrcIdx:5]
CE0x486e280 "{CE0x486e280|COLLAPSED:_GCMRE_current_task_external_global_%struct.task_struct*:_elem_0::|security/selinux/hooks.c,218}"
CE0x486f880 "{CE0x486f880|current_sid:tmp22|security/selinux/hooks.c,218}"
CE0x486fb70 "{CE0x486fb70|current_sid:tmp23|security/selinux/hooks.c,218}"
CE0x48706d0 "{CE0x48706d0|current_sid:sid|security/selinux/hooks.c,220}"
CE0x4871860 "{CE0x4871860|current_sid:tmp24|security/selinux/hooks.c,220}"
CE0x48451d0 "{CE0x48451d0|_ret_i32_%tmp24,_!dbg_!27742|security/selinux/hooks.c,220}"
CE0x47f19e0 "{CE0x47f19e0|may_rename:call|security/selinux/hooks.c,1808}"
CE0x4813bb0 "{CE0x4813bb0|may_rename:call|security/selinux/hooks.c,1808|*SummSink*}"
CONST[source:0(mediator),value:2(dynamic)][purpose:{subject}][SnkIdx:12]


CONST[source:2(external),value:2(dynamic)][purpose:{subject}][SrcIdx:5]  ->  CONST[source:0(mediator),value:2(dynamic)][purpose:{subject}][SnkIdx:4]
-----------
CONST[source:2(external),value:2(dynamic)][purpose:{subject}][SrcIdx:5]
CE0x486e280 "{CE0x486e280|COLLAPSED:_GCMRE_current_task_external_global_%struct.task_struct*:_elem_0::|security/selinux/hooks.c,218}"
CE0x486f880 "{CE0x486f880|current_sid:tmp22|security/selinux/hooks.c,218}"
CE0x486fb70 "{CE0x486fb70|current_sid:tmp23|security/selinux/hooks.c,218}"
CE0x48706d0 "{CE0x48706d0|current_sid:sid|security/selinux/hooks.c,220}"
CE0x4871860 "{CE0x4871860|current_sid:tmp24|security/selinux/hooks.c,220}"
CE0x48451d0 "{CE0x48451d0|_ret_i32_%tmp24,_!dbg_!27742|security/selinux/hooks.c,220}"
CE0x47f19e0 "{CE0x47f19e0|may_rename:call|security/selinux/hooks.c,1808}"
CE0x4813bb0 "{CE0x4813bb0|may_rename:call|security/selinux/hooks.c,1808|*SummSink*}"
CONST[source:0(mediator),value:2(dynamic)][purpose:{subject}][SnkIdx:4]


CONST[source:2(external),value:2(dynamic)][purpose:{subject}][SrcIdx:5]  ->  CONST[source:0(mediator),value:2(dynamic)][purpose:{subject}][SnkIdx:0]
-----------
CONST[source:2(external),value:2(dynamic)][purpose:{subject}][SrcIdx:5]
CE0x486e280 "{CE0x486e280|COLLAPSED:_GCMRE_current_task_external_global_%struct.task_struct*:_elem_0::|security/selinux/hooks.c,218}"
CE0x486f880 "{CE0x486f880|current_sid:tmp22|security/selinux/hooks.c,218}"
CE0x486fb70 "{CE0x486fb70|current_sid:tmp23|security/selinux/hooks.c,218}"
CE0x48706d0 "{CE0x48706d0|current_sid:sid|security/selinux/hooks.c,220}"
CE0x4871860 "{CE0x4871860|current_sid:tmp24|security/selinux/hooks.c,220}"
CE0x48451d0 "{CE0x48451d0|_ret_i32_%tmp24,_!dbg_!27742|security/selinux/hooks.c,220}"
CE0x47f19e0 "{CE0x47f19e0|may_rename:call|security/selinux/hooks.c,1808}"
CE0x4813bb0 "{CE0x4813bb0|may_rename:call|security/selinux/hooks.c,1808|*SummSink*}"
CONST[source:0(mediator),value:2(dynamic)][purpose:{subject}][SnkIdx:0]


CONST[source:2(external),value:2(dynamic)][purpose:{subject}][SrcIdx:5]  ->  CONST[source:0(mediator),value:2(dynamic)][purpose:{subject}][SnkIdx:16]
-----------
CONST[source:2(external),value:2(dynamic)][purpose:{subject}][SrcIdx:5]
CE0x486e280 "{CE0x486e280|COLLAPSED:_GCMRE_current_task_external_global_%struct.task_struct*:_elem_0::|security/selinux/hooks.c,218}"
CE0x486f880 "{CE0x486f880|current_sid:tmp22|security/selinux/hooks.c,218}"
CE0x486fb70 "{CE0x486fb70|current_sid:tmp23|security/selinux/hooks.c,218}"
CE0x48706d0 "{CE0x48706d0|current_sid:sid|security/selinux/hooks.c,220}"
CE0x4871860 "{CE0x4871860|current_sid:tmp24|security/selinux/hooks.c,220}"
CE0x48451d0 "{CE0x48451d0|_ret_i32_%tmp24,_!dbg_!27742|security/selinux/hooks.c,220}"
CE0x47f19e0 "{CE0x47f19e0|may_rename:call|security/selinux/hooks.c,1808}"
CE0x4813bb0 "{CE0x4813bb0|may_rename:call|security/selinux/hooks.c,1808|*SummSink*}"
CONST[source:0(mediator),value:2(dynamic)][purpose:{subject}][SnkIdx:16]


CONST[source:1(input),value:2(dynamic)][purpose:{object}][SrcIdx:4]  ->  CONST[source:0(mediator),value:0(static)][purpose:{operation}][SnkIdx:19]
-----------
CONST[source:1(input),value:2(dynamic)][purpose:{object}][SrcIdx:4]
CE0x488ada0 "{CE0x488ada0|0:_i16,_56:_i8*,_:_CRE_0,2_|*MultipleSource*|*LoadInst*|security/selinux/hooks.c,1814|security/selinux/hooks.c,1814}"
CE0x48d9990 "{CE0x48d9990|may_rename:tmp8|security/selinux/hooks.c,1815}"
CE0x48c7ed0 "{CE0x48c7ed0|may_rename:conv|security/selinux/hooks.c,1815}"
CE0x48c60f0 "{CE0x48c60f0|may_rename:and|security/selinux/hooks.c,1815}"
CE0x48da000 "{CE0x48da000|may_rename:cmp|security/selinux/hooks.c,1815}"
CE0x48da180 "{CE0x48da180|may_rename:conv3|security/selinux/hooks.c,1815}"
CE0x48c5990 "{CE0x48c5990|may_rename:tobool12|security/selinux/hooks.c,1829}"
CE0x480ef50 "{CE0x480ef50|may_rename:if.then38}"
CE0x49689c0 "{CE0x49689c0|may_rename:conv50|security/selinux/hooks.c,1848}"
CE0x4950ff0 "{CE0x4950ff0|may_rename:conv50|security/selinux/hooks.c,1848|*SummSink*}"
CONST[source:0(mediator),value:0(static)][purpose:{operation}][SnkIdx:19]


CONST[source:1(input),value:2(dynamic)][purpose:{object}][SrcIdx:4]  ->  CONST[source:0(mediator),value:2(dynamic)][purpose:{object}][SnkIdx:6]
-----------
CONST[source:1(input),value:2(dynamic)][purpose:{object}][SrcIdx:4]
CE0x4888e10 "{CE0x4888e10|0:_i16,_56:_i8*,_:_CRE_56,64_|*MultipleSource*|*LoadInst*|security/selinux/hooks.c,1814|security/selinux/hooks.c,1814}"
CE0x48c4c80 "{CE0x48c4c80|may_rename:tmp5|security/selinux/hooks.c,1814}"
CE0x48c5590 "{CE0x48c5590|may_rename:tmp6|security/selinux/hooks.c,1814}"
CE0x4918210 "{CE0x4918210|may_rename:sclass|security/selinux/hooks.c,1826}"
CE0x4916d60 "{CE0x4916d60|may_rename:tmp19|security/selinux/hooks.c,1826}"
CE0x4916f50 "{CE0x4916f50|may_rename:tmp19|security/selinux/hooks.c,1826|*SummSink*}"
CONST[source:0(mediator),value:2(dynamic)][purpose:{object}][SnkIdx:6]


CONST[source:1(input),value:2(dynamic)][purpose:{object}][SrcIdx:4]  ->  CONST[source:0(mediator),value:2(dynamic)][purpose:{object}][SnkIdx:10]
-----------
CONST[source:1(input),value:2(dynamic)][purpose:{object}][SrcIdx:4]
CE0x4888e10 "{CE0x4888e10|0:_i16,_56:_i8*,_:_CRE_56,64_|*MultipleSource*|*LoadInst*|security/selinux/hooks.c,1814|security/selinux/hooks.c,1814}"
CE0x48c4c80 "{CE0x48c4c80|may_rename:tmp5|security/selinux/hooks.c,1814}"
CE0x48c5590 "{CE0x48c5590|may_rename:tmp6|security/selinux/hooks.c,1814}"
CE0x4924680 "{CE0x4924680|may_rename:sclass17|security/selinux/hooks.c,1831}"
CE0x4923500 "{CE0x4923500|may_rename:tmp35|security/selinux/hooks.c,1831}"
CE0x49236a0 "{CE0x49236a0|may_rename:tmp35|security/selinux/hooks.c,1831|*SummSink*}"
CONST[source:0(mediator),value:2(dynamic)][purpose:{object}][SnkIdx:10]


CONST[source:1(input),value:2(dynamic)][purpose:{object}][SrcIdx:4]  ->  CONST[source:0(mediator),value:2(dynamic)][purpose:{object}][SnkIdx:17]
-----------
CONST[source:1(input),value:2(dynamic)][purpose:{object}][SrcIdx:4]
CE0x4888e10 "{CE0x4888e10|0:_i16,_56:_i8*,_:_CRE_56,64_|*MultipleSource*|*LoadInst*|security/selinux/hooks.c,1814|security/selinux/hooks.c,1814}"
CE0x48f8df0 "{CE0x48f8df0|may_rename:tmp64|security/selinux/hooks.c,1844}"
CE0x4959a90 "{CE0x4959a90|may_rename:tmp65|security/selinux/hooks.c,1844}"
CE0x496a020 "{CE0x496a020|may_rename:sid47|security/selinux/hooks.c,1846}"
CE0x4960c60 "{CE0x4960c60|may_rename:tmp68|security/selinux/hooks.c,1846}"
CE0x4961b40 "{CE0x4961b40|may_rename:tmp68|security/selinux/hooks.c,1846|*SummSink*}"
CONST[source:0(mediator),value:2(dynamic)][purpose:{object}][SnkIdx:17]


CONST[source:1(input),value:2(dynamic)][purpose:{object}][SrcIdx:4]  ->  CONST[source:0(mediator),value:0(static)][purpose:{operation}][SnkIdx:15]
-----------
CONST[source:1(input),value:2(dynamic)][purpose:{object}][SrcIdx:4]
CE0x481f5f0 "{CE0x481f5f0|104:_%struct.inode*,_:_CRE_104,112_|*MultipleSource*|security/selinux/hooks.c,1814|Function::selinux_inode_rename&Arg::old_dentry::|Function::selinux_inode_rename&Arg::new_dentry::|Function::may_rename&Arg::old_dentry::|Function::may_rename&Arg::new_dentry::}"
CE0x4914050 "{CE0x4914050|may_rename:tmp44|*LoadInst*|security/selinux/hooks.c,1838}"
CE0x49010f0 "{CE0x49010f0|may_rename:tobool26|security/selinux/hooks.c,1838}"
CE0x48375d0 "{CE0x48375d0|may_rename:if.then27}"
CE0x4916690 "{CE0x4916690|may_rename:conv29|security/selinux/hooks.c,1839}"
CE0x485bd20 "{CE0x485bd20|may_rename:av.0}"
CE0x485c150 "{CE0x485c150|may_rename:av.0|*SummSink*}"
CONST[source:0(mediator),value:0(static)][purpose:{operation}][SnkIdx:15]


CONST[source:1(input),value:2(dynamic)][purpose:{object}][SrcIdx:4]  ->  CONST[source:0(mediator),value:2(dynamic)][purpose:{object}][SnkIdx:5]
-----------
CONST[source:1(input),value:2(dynamic)][purpose:{object}][SrcIdx:4]
CE0x4888e10 "{CE0x4888e10|0:_i16,_56:_i8*,_:_CRE_56,64_|*MultipleSource*|*LoadInst*|security/selinux/hooks.c,1814|security/selinux/hooks.c,1814}"
CE0x48c4c80 "{CE0x48c4c80|may_rename:tmp5|security/selinux/hooks.c,1814}"
CE0x48c5590 "{CE0x48c5590|may_rename:tmp6|security/selinux/hooks.c,1814}"
CE0x48845d0 "{CE0x48845d0|may_rename:sid7|security/selinux/hooks.c,1825}"
CE0x4910a00 "{CE0x4910a00|may_rename:tmp18|security/selinux/hooks.c,1825}"
CE0x4910e00 "{CE0x4910e00|may_rename:tmp18|security/selinux/hooks.c,1825|*SummSink*}"
CONST[source:0(mediator),value:2(dynamic)][purpose:{object}][SnkIdx:5]


CONST[source:1(input),value:2(dynamic)][purpose:{object}][SrcIdx:4]  ->  CONST[source:0(mediator),value:2(dynamic)][purpose:{object}][SnkIdx:13]
-----------
CONST[source:1(input),value:2(dynamic)][purpose:{object}][SrcIdx:4]
CE0x488ada0 "{CE0x488ada0|0:_i16,_56:_i8*,_:_CRE_0,2_|*MultipleSource*|*LoadInst*|security/selinux/hooks.c,1814|security/selinux/hooks.c,1814}"
CE0x48d9990 "{CE0x48d9990|may_rename:tmp8|security/selinux/hooks.c,1815}"
CE0x48c7ed0 "{CE0x48c7ed0|may_rename:conv|security/selinux/hooks.c,1815}"
CE0x48c60f0 "{CE0x48c60f0|may_rename:and|security/selinux/hooks.c,1815}"
CE0x48da000 "{CE0x48da000|may_rename:cmp|security/selinux/hooks.c,1815}"
CE0x48da180 "{CE0x48da180|may_rename:conv3|security/selinux/hooks.c,1815}"
CE0x48c5990 "{CE0x48c5990|may_rename:tobool12|security/selinux/hooks.c,1829}"
CE0x4835c10 "{CE0x4835c10|may_rename:if.end30}"
CE0x4908730 "{CE0x4908730|may_rename:tmp51|security/selinux/hooks.c,1840}"
CE0x49465d0 "{CE0x49465d0|may_rename:tmp51|security/selinux/hooks.c,1840|*SummSink*}"
CONST[source:0(mediator),value:2(dynamic)][purpose:{object}][SnkIdx:13]


CONST[source:1(input),value:2(dynamic)][purpose:{object}][SrcIdx:4]  ->  CONST[source:0(mediator),value:2(dynamic)][purpose:{object}][SnkIdx:18]
-----------
CONST[source:1(input),value:2(dynamic)][purpose:{object}][SrcIdx:4]
CE0x4888e10 "{CE0x4888e10|0:_i16,_56:_i8*,_:_CRE_56,64_|*MultipleSource*|*LoadInst*|security/selinux/hooks.c,1814|security/selinux/hooks.c,1814}"
CE0x48f8df0 "{CE0x48f8df0|may_rename:tmp64|security/selinux/hooks.c,1844}"
CE0x4959a90 "{CE0x4959a90|may_rename:tmp65|security/selinux/hooks.c,1844}"
CE0x494d0f0 "{CE0x494d0f0|may_rename:sclass48|security/selinux/hooks.c,1847}"
CE0x494d510 "{CE0x494d510|may_rename:tmp69|security/selinux/hooks.c,1847}"
CE0x494d6b0 "{CE0x494d6b0|may_rename:tmp69|security/selinux/hooks.c,1847|*SummSink*}"
CONST[source:0(mediator),value:2(dynamic)][purpose:{object}][SnkIdx:18]


CONST[source:1(input),value:2(dynamic)][purpose:{object}][SrcIdx:4]  ->  CONST[source:0(mediator),value:2(dynamic)][purpose:{object}][SnkIdx:9]
-----------
CONST[source:1(input),value:2(dynamic)][purpose:{object}][SrcIdx:4]
CE0x4888e10 "{CE0x4888e10|0:_i16,_56:_i8*,_:_CRE_56,64_|*MultipleSource*|*LoadInst*|security/selinux/hooks.c,1814|security/selinux/hooks.c,1814}"
CE0x48c4c80 "{CE0x48c4c80|may_rename:tmp5|security/selinux/hooks.c,1814}"
CE0x48c5590 "{CE0x48c5590|may_rename:tmp6|security/selinux/hooks.c,1814}"
CE0x491e9f0 "{CE0x491e9f0|may_rename:sid16|security/selinux/hooks.c,1830}"
CE0x491f410 "{CE0x491f410|may_rename:tmp34|security/selinux/hooks.c,1830}"
CE0x491f600 "{CE0x491f600|may_rename:tmp34|security/selinux/hooks.c,1830|*SummSink*}"
CONST[source:0(mediator),value:2(dynamic)][purpose:{object}][SnkIdx:9]


CONST[source:1(input),value:2(dynamic)][purpose:{object}][SrcIdx:2]  ->  CONST[source:0(mediator),value:0(static)][purpose:{operation}][SnkIdx:19]
-----------
CONST[source:1(input),value:2(dynamic)][purpose:{object}][SrcIdx:2]
CE0x488ada0 "{CE0x488ada0|0:_i16,_56:_i8*,_:_CRE_0,2_|*MultipleSource*|*LoadInst*|security/selinux/hooks.c,1814|security/selinux/hooks.c,1814}"
CE0x48d9990 "{CE0x48d9990|may_rename:tmp8|security/selinux/hooks.c,1815}"
CE0x48c7ed0 "{CE0x48c7ed0|may_rename:conv|security/selinux/hooks.c,1815}"
CE0x48c60f0 "{CE0x48c60f0|may_rename:and|security/selinux/hooks.c,1815}"
CE0x48da000 "{CE0x48da000|may_rename:cmp|security/selinux/hooks.c,1815}"
CE0x48da180 "{CE0x48da180|may_rename:conv3|security/selinux/hooks.c,1815}"
CE0x48c5990 "{CE0x48c5990|may_rename:tobool12|security/selinux/hooks.c,1829}"
CE0x480ef50 "{CE0x480ef50|may_rename:if.then38}"
CE0x49689c0 "{CE0x49689c0|may_rename:conv50|security/selinux/hooks.c,1848}"
CE0x4950ff0 "{CE0x4950ff0|may_rename:conv50|security/selinux/hooks.c,1848|*SummSink*}"
CONST[source:0(mediator),value:0(static)][purpose:{operation}][SnkIdx:19]


CONST[source:1(input),value:2(dynamic)][purpose:{object}][SrcIdx:2]  ->  CONST[source:0(mediator),value:2(dynamic)][purpose:{object}][SnkIdx:6]
-----------
CONST[source:1(input),value:2(dynamic)][purpose:{object}][SrcIdx:2]
CE0x4888e10 "{CE0x4888e10|0:_i16,_56:_i8*,_:_CRE_56,64_|*MultipleSource*|*LoadInst*|security/selinux/hooks.c,1814|security/selinux/hooks.c,1814}"
CE0x48c4c80 "{CE0x48c4c80|may_rename:tmp5|security/selinux/hooks.c,1814}"
CE0x48c5590 "{CE0x48c5590|may_rename:tmp6|security/selinux/hooks.c,1814}"
CE0x4918210 "{CE0x4918210|may_rename:sclass|security/selinux/hooks.c,1826}"
CE0x4916d60 "{CE0x4916d60|may_rename:tmp19|security/selinux/hooks.c,1826}"
CE0x4916f50 "{CE0x4916f50|may_rename:tmp19|security/selinux/hooks.c,1826|*SummSink*}"
CONST[source:0(mediator),value:2(dynamic)][purpose:{object}][SnkIdx:6]


CONST[source:1(input),value:2(dynamic)][purpose:{object}][SrcIdx:2]  ->  CONST[source:0(mediator),value:2(dynamic)][purpose:{object}][SnkIdx:10]
-----------
CONST[source:1(input),value:2(dynamic)][purpose:{object}][SrcIdx:2]
CE0x4888e10 "{CE0x4888e10|0:_i16,_56:_i8*,_:_CRE_56,64_|*MultipleSource*|*LoadInst*|security/selinux/hooks.c,1814|security/selinux/hooks.c,1814}"
CE0x48c4c80 "{CE0x48c4c80|may_rename:tmp5|security/selinux/hooks.c,1814}"
CE0x48c5590 "{CE0x48c5590|may_rename:tmp6|security/selinux/hooks.c,1814}"
CE0x4924680 "{CE0x4924680|may_rename:sclass17|security/selinux/hooks.c,1831}"
CE0x4923500 "{CE0x4923500|may_rename:tmp35|security/selinux/hooks.c,1831}"
CE0x49236a0 "{CE0x49236a0|may_rename:tmp35|security/selinux/hooks.c,1831|*SummSink*}"
CONST[source:0(mediator),value:2(dynamic)][purpose:{object}][SnkIdx:10]


CONST[source:1(input),value:2(dynamic)][purpose:{object}][SrcIdx:2]  ->  CONST[source:0(mediator),value:2(dynamic)][purpose:{object}][SnkIdx:17]
-----------
CONST[source:1(input),value:2(dynamic)][purpose:{object}][SrcIdx:2]
CE0x4888e10 "{CE0x4888e10|0:_i16,_56:_i8*,_:_CRE_56,64_|*MultipleSource*|*LoadInst*|security/selinux/hooks.c,1814|security/selinux/hooks.c,1814}"
CE0x48f8df0 "{CE0x48f8df0|may_rename:tmp64|security/selinux/hooks.c,1844}"
CE0x4959a90 "{CE0x4959a90|may_rename:tmp65|security/selinux/hooks.c,1844}"
CE0x496a020 "{CE0x496a020|may_rename:sid47|security/selinux/hooks.c,1846}"
CE0x4960c60 "{CE0x4960c60|may_rename:tmp68|security/selinux/hooks.c,1846}"
CE0x4961b40 "{CE0x4961b40|may_rename:tmp68|security/selinux/hooks.c,1846|*SummSink*}"
CONST[source:0(mediator),value:2(dynamic)][purpose:{object}][SnkIdx:17]


CONST[source:1(input),value:2(dynamic)][purpose:{object}][SrcIdx:2]  ->  CONST[source:0(mediator),value:0(static)][purpose:{operation}][SnkIdx:15]
-----------
CONST[source:1(input),value:2(dynamic)][purpose:{object}][SrcIdx:2]
CE0x481f5f0 "{CE0x481f5f0|104:_%struct.inode*,_:_CRE_104,112_|*MultipleSource*|security/selinux/hooks.c,1814|Function::selinux_inode_rename&Arg::old_dentry::|Function::selinux_inode_rename&Arg::new_dentry::|Function::may_rename&Arg::old_dentry::|Function::may_rename&Arg::new_dentry::}"
CE0x4914050 "{CE0x4914050|may_rename:tmp44|*LoadInst*|security/selinux/hooks.c,1838}"
CE0x49010f0 "{CE0x49010f0|may_rename:tobool26|security/selinux/hooks.c,1838}"
CE0x48375d0 "{CE0x48375d0|may_rename:if.then27}"
CE0x4916690 "{CE0x4916690|may_rename:conv29|security/selinux/hooks.c,1839}"
CE0x485bd20 "{CE0x485bd20|may_rename:av.0}"
CE0x485c150 "{CE0x485c150|may_rename:av.0|*SummSink*}"
CONST[source:0(mediator),value:0(static)][purpose:{operation}][SnkIdx:15]


CONST[source:1(input),value:2(dynamic)][purpose:{object}][SrcIdx:2]  ->  CONST[source:0(mediator),value:2(dynamic)][purpose:{object}][SnkIdx:5]
-----------
CONST[source:1(input),value:2(dynamic)][purpose:{object}][SrcIdx:2]
CE0x4888e10 "{CE0x4888e10|0:_i16,_56:_i8*,_:_CRE_56,64_|*MultipleSource*|*LoadInst*|security/selinux/hooks.c,1814|security/selinux/hooks.c,1814}"
CE0x48c4c80 "{CE0x48c4c80|may_rename:tmp5|security/selinux/hooks.c,1814}"
CE0x48c5590 "{CE0x48c5590|may_rename:tmp6|security/selinux/hooks.c,1814}"
CE0x48845d0 "{CE0x48845d0|may_rename:sid7|security/selinux/hooks.c,1825}"
CE0x4910a00 "{CE0x4910a00|may_rename:tmp18|security/selinux/hooks.c,1825}"
CE0x4910e00 "{CE0x4910e00|may_rename:tmp18|security/selinux/hooks.c,1825|*SummSink*}"
CONST[source:0(mediator),value:2(dynamic)][purpose:{object}][SnkIdx:5]


CONST[source:1(input),value:2(dynamic)][purpose:{object}][SrcIdx:2]  ->  CONST[source:0(mediator),value:2(dynamic)][purpose:{object}][SnkIdx:13]
-----------
CONST[source:1(input),value:2(dynamic)][purpose:{object}][SrcIdx:2]
CE0x488ada0 "{CE0x488ada0|0:_i16,_56:_i8*,_:_CRE_0,2_|*MultipleSource*|*LoadInst*|security/selinux/hooks.c,1814|security/selinux/hooks.c,1814}"
CE0x48d9990 "{CE0x48d9990|may_rename:tmp8|security/selinux/hooks.c,1815}"
CE0x48c7ed0 "{CE0x48c7ed0|may_rename:conv|security/selinux/hooks.c,1815}"
CE0x48c60f0 "{CE0x48c60f0|may_rename:and|security/selinux/hooks.c,1815}"
CE0x48da000 "{CE0x48da000|may_rename:cmp|security/selinux/hooks.c,1815}"
CE0x48da180 "{CE0x48da180|may_rename:conv3|security/selinux/hooks.c,1815}"
CE0x48c5990 "{CE0x48c5990|may_rename:tobool12|security/selinux/hooks.c,1829}"
CE0x4835c10 "{CE0x4835c10|may_rename:if.end30}"
CE0x4908730 "{CE0x4908730|may_rename:tmp51|security/selinux/hooks.c,1840}"
CE0x49465d0 "{CE0x49465d0|may_rename:tmp51|security/selinux/hooks.c,1840|*SummSink*}"
CONST[source:0(mediator),value:2(dynamic)][purpose:{object}][SnkIdx:13]


CONST[source:1(input),value:2(dynamic)][purpose:{object}][SrcIdx:2]  ->  CONST[source:0(mediator),value:2(dynamic)][purpose:{object}][SnkIdx:18]
-----------
CONST[source:1(input),value:2(dynamic)][purpose:{object}][SrcIdx:2]
CE0x4888e10 "{CE0x4888e10|0:_i16,_56:_i8*,_:_CRE_56,64_|*MultipleSource*|*LoadInst*|security/selinux/hooks.c,1814|security/selinux/hooks.c,1814}"
CE0x48f8df0 "{CE0x48f8df0|may_rename:tmp64|security/selinux/hooks.c,1844}"
CE0x4959a90 "{CE0x4959a90|may_rename:tmp65|security/selinux/hooks.c,1844}"
CE0x494d0f0 "{CE0x494d0f0|may_rename:sclass48|security/selinux/hooks.c,1847}"
CE0x494d510 "{CE0x494d510|may_rename:tmp69|security/selinux/hooks.c,1847}"
CE0x494d6b0 "{CE0x494d6b0|may_rename:tmp69|security/selinux/hooks.c,1847|*SummSink*}"
CONST[source:0(mediator),value:2(dynamic)][purpose:{object}][SnkIdx:18]


CONST[source:1(input),value:2(dynamic)][purpose:{object}][SrcIdx:2]  ->  CONST[source:0(mediator),value:2(dynamic)][purpose:{object}][SnkIdx:9]
-----------
CONST[source:1(input),value:2(dynamic)][purpose:{object}][SrcIdx:2]
CE0x4888e10 "{CE0x4888e10|0:_i16,_56:_i8*,_:_CRE_56,64_|*MultipleSource*|*LoadInst*|security/selinux/hooks.c,1814|security/selinux/hooks.c,1814}"
CE0x48c4c80 "{CE0x48c4c80|may_rename:tmp5|security/selinux/hooks.c,1814}"
CE0x48c5590 "{CE0x48c5590|may_rename:tmp6|security/selinux/hooks.c,1814}"
CE0x491e9f0 "{CE0x491e9f0|may_rename:sid16|security/selinux/hooks.c,1830}"
CE0x491f410 "{CE0x491f410|may_rename:tmp34|security/selinux/hooks.c,1830}"
CE0x491f600 "{CE0x491f600|may_rename:tmp34|security/selinux/hooks.c,1830|*SummSink*}"
CONST[source:0(mediator),value:2(dynamic)][purpose:{object}][SnkIdx:9]


