[apparmor_task_setrlimit]

explicit:
CONST[source:2(external),value:2(dynamic)][purpose:{subject}][SrcIdx:5]  ->  CONST[source:0(mediator),value:2(dynamic)][purpose:{subject}][SnkIdx:0]
-----------
CONST[source:2(external),value:2(dynamic)][purpose:{subject}][SrcIdx:5]
CE0x4a4a2e0 "{CE0x4a4a2e0|44:_i32,_48:_i16,_128:_i8*,_:_CMRE_128,136_|*MultipleSource*|Function::aa_cred_profile&Arg::cred::|security/apparmor/include/context.h,99|security/apparmor/include/context.h,138}"
CE0x4a781c0 "{CE0x4a781c0|aa_cred_profile:tmp4|*LoadInst*|security/apparmor/include/context.h,99}"
CE0x4a77f80 "{CE0x4a77f80|aa_cred_profile:tmp5|security/apparmor/include/context.h,99}"
CE0x4a64140 "{CE0x4a64140|aa_cred_profile:profile11|security/apparmor/include/context.h,101}"
CE0x4a644f0 "{CE0x4a644f0|aa_cred_profile:tmp34|security/apparmor/include/context.h,101}"
CE0x4a3e180 "{CE0x4a3e180|_ret_%struct.aa_profile*_%tmp34,_!dbg_!15510|security/apparmor/include/context.h,101}"
CE0x4a3fc50 "{CE0x4a3fc50|__aa_current_profile:call4|security/apparmor/include/context.h,138}"
CE0x49b06b0 "{CE0x49b06b0|_ret_%struct.aa_profile*_%call4,_!dbg_!15494|security/apparmor/include/context.h,138}"
CE0x4a190c0 "{CE0x4a190c0|apparmor_task_setrlimit:call|security/apparmor/lsm.c,609}"
CE0x4a122c0 "{CE0x4a122c0|apparmor_task_setrlimit:call|security/apparmor/lsm.c,609|*SummSink*}"
CONST[source:0(mediator),value:2(dynamic)][purpose:{subject}][SnkIdx:0]



implicit:
CONST[source:2(external),value:2(dynamic)][purpose:{subject}][SrcIdx:5]  ->  CONST[source:0(mediator),value:2(dynamic)][purpose:{subject}][SnkIdx:0]
-----------
CONST[source:2(external),value:2(dynamic)][purpose:{subject}][SrcIdx:5]
CE0x4a4a2e0 "{CE0x4a4a2e0|44:_i32,_48:_i16,_128:_i8*,_:_CMRE_128,136_|*MultipleSource*|Function::aa_cred_profile&Arg::cred::|security/apparmor/include/context.h,99|security/apparmor/include/context.h,138}"
CE0x4a781c0 "{CE0x4a781c0|aa_cred_profile:tmp4|*LoadInst*|security/apparmor/include/context.h,99}"
CE0x4a77f80 "{CE0x4a77f80|aa_cred_profile:tmp5|security/apparmor/include/context.h,99}"
CE0x4a64140 "{CE0x4a64140|aa_cred_profile:profile11|security/apparmor/include/context.h,101}"
CE0x4a644f0 "{CE0x4a644f0|aa_cred_profile:tmp34|security/apparmor/include/context.h,101}"
CE0x4a3e180 "{CE0x4a3e180|_ret_%struct.aa_profile*_%tmp34,_!dbg_!15510|security/apparmor/include/context.h,101}"
CE0x4a3fc50 "{CE0x4a3fc50|__aa_current_profile:call4|security/apparmor/include/context.h,138}"
CE0x49b06b0 "{CE0x49b06b0|_ret_%struct.aa_profile*_%call4,_!dbg_!15494|security/apparmor/include/context.h,138}"
CE0x4a190c0 "{CE0x4a190c0|apparmor_task_setrlimit:call|security/apparmor/lsm.c,609}"
CE0x4a122c0 "{CE0x4a122c0|apparmor_task_setrlimit:call|security/apparmor/lsm.c,609|*SummSink*}"
CONST[source:0(mediator),value:2(dynamic)][purpose:{subject}][SnkIdx:0]


