[selinux_msg_queue_msgctl]

explicit:
CONST[source:2(external),value:2(dynamic)][purpose:{subject}][SrcIdx:10]  ->  CONST[source:0(mediator),value:2(dynamic)][purpose:{subject}][SnkIdx:4]
-----------
CONST[source:2(external),value:2(dynamic)][purpose:{subject}][SrcIdx:10]
CE0x8a39e20 "{CE0x8a39e20|VOIDTB_TE:_IE:_elem_0:default:}"
CE0x8a1b5e0 "{CE0x8a1b5e0|tmp24}"
CE0x89d7e90 "{CE0x89d7e90|_ret_i32_%tmp24,_!dbg_!27742}"
CE0x89e0ff0 "{CE0x89e0ff0|call}"
CE0x8a27df0 "{CE0x8a27df0|call}"
CONST[source:0(mediator),value:2(dynamic)][purpose:{subject}][SnkIdx:4]


CONST[source:2(external),value:2(dynamic)][purpose:{subject}][SrcIdx:10]  ->  CONST[source:0(mediator),value:2(dynamic)][purpose:{object}][SnkIdx:6]
-----------
CONST[source:2(external),value:2(dynamic)][purpose:{subject}][SrcIdx:10]
CE0x8a39e20 "{CE0x8a39e20|VOIDTB_TE:_IE:_elem_0:default:}"
CE0x89e7690 "{CE0x89e7690|tmp8}"
CE0x89e78c0 "{CE0x89e78c0|tmp8}"
CONST[source:0(mediator),value:2(dynamic)][purpose:{object}][SnkIdx:6]


CONST[source:2(external),value:2(dynamic)][purpose:{subject}][SrcIdx:10]  ->  CONST[source:0(mediator),value:2(dynamic)][purpose:{subject}][SnkIdx:0]
-----------
CONST[source:2(external),value:2(dynamic)][purpose:{subject}][SrcIdx:10]
CE0x8a39e20 "{CE0x8a39e20|VOIDTB_TE:_IE:_elem_0:default:}"
CE0x8a32ee0 "{CE0x8a32ee0|tmp6}"
CE0x8a568e0 "{CE0x8a568e0|_ret_i32_%tmp6,_!dbg_!27716}"
CE0x8a07e30 "{CE0x8a07e30|call7}"
CE0x8a2d440 "{CE0x8a2d440|_ret_i32_%call7,_!dbg_!27749}"
CE0x89ee240 "{CE0x89ee240|call}"
CE0x8a2ce90 "{CE0x8a2ce90|call}"
CONST[source:0(mediator),value:2(dynamic)][purpose:{subject}][SnkIdx:0]


CONST[source:2(external),value:2(dynamic)][purpose:{subject}][SrcIdx:10]  ->  CONST[source:0(mediator),value:2(dynamic)][purpose:{object}][SnkIdx:5]
-----------
CONST[source:2(external),value:2(dynamic)][purpose:{subject}][SrcIdx:10]
CE0x8a39e20 "{CE0x8a39e20|VOIDTB_TE:_IE:_elem_0:default:}"
CE0x8a51d30 "{CE0x8a51d30|tmp7}"
CE0x89e7470 "{CE0x89e7470|tmp7}"
CONST[source:0(mediator),value:2(dynamic)][purpose:{object}][SnkIdx:5]


CONST[source:1(input),value:2(dynamic)][purpose:{object}][SrcIdx:7]  ->  CONST[source:0(mediator),value:2(dynamic)][purpose:{subject}][SnkIdx:4]
-----------
CONST[source:1(input),value:2(dynamic)][purpose:{object}][SrcIdx:7]
CE0x8a39e20 "{CE0x8a39e20|VOIDTB_TE:_IE:_elem_0:default:}"
CE0x8a1b5e0 "{CE0x8a1b5e0|tmp24}"
CE0x89d7e90 "{CE0x89d7e90|_ret_i32_%tmp24,_!dbg_!27742}"
CE0x89e0ff0 "{CE0x89e0ff0|call}"
CE0x8a27df0 "{CE0x8a27df0|call}"
CONST[source:0(mediator),value:2(dynamic)][purpose:{subject}][SnkIdx:4]


CONST[source:1(input),value:2(dynamic)][purpose:{object}][SrcIdx:7]  ->  CONST[source:0(mediator),value:2(dynamic)][purpose:{object}][SnkIdx:6]
-----------
CONST[source:1(input),value:2(dynamic)][purpose:{object}][SrcIdx:7]
CE0x8a39e20 "{CE0x8a39e20|VOIDTB_TE:_IE:_elem_0:default:}"
CE0x89e7690 "{CE0x89e7690|tmp8}"
CE0x89e78c0 "{CE0x89e78c0|tmp8}"
CONST[source:0(mediator),value:2(dynamic)][purpose:{object}][SnkIdx:6]


CONST[source:1(input),value:2(dynamic)][purpose:{object}][SrcIdx:7]  ->  CONST[source:0(mediator),value:2(dynamic)][purpose:{subject}][SnkIdx:0]
-----------
CONST[source:1(input),value:2(dynamic)][purpose:{object}][SrcIdx:7]
CE0x8a39e20 "{CE0x8a39e20|VOIDTB_TE:_IE:_elem_0:default:}"
CE0x8a32ee0 "{CE0x8a32ee0|tmp6}"
CE0x8a568e0 "{CE0x8a568e0|_ret_i32_%tmp6,_!dbg_!27716}"
CE0x8a07e30 "{CE0x8a07e30|call7}"
CE0x8a2d440 "{CE0x8a2d440|_ret_i32_%call7,_!dbg_!27749}"
CE0x89ee240 "{CE0x89ee240|call}"
CE0x8a2ce90 "{CE0x8a2ce90|call}"
CONST[source:0(mediator),value:2(dynamic)][purpose:{subject}][SnkIdx:0]


CONST[source:1(input),value:2(dynamic)][purpose:{object}][SrcIdx:7]  ->  CONST[source:0(mediator),value:2(dynamic)][purpose:{object}][SnkIdx:5]
-----------
CONST[source:1(input),value:2(dynamic)][purpose:{object}][SrcIdx:7]
CE0x8a39e20 "{CE0x8a39e20|VOIDTB_TE:_IE:_elem_0:default:}"
CE0x8a51d30 "{CE0x8a51d30|tmp7}"
CE0x89e7470 "{CE0x89e7470|tmp7}"
CONST[source:0(mediator),value:2(dynamic)][purpose:{object}][SnkIdx:5]



implicit:
CONST[source:1(input),value:2(dynamic)][purpose:{object}][SrcIdx:7]  ->  CONST[source:0(mediator),value:2(dynamic)][purpose:{subject}][SnkIdx:0]
-----------
CONST[source:1(input),value:2(dynamic)][purpose:{object}][SrcIdx:7]
CE0x8a39e20 "{CE0x8a39e20|VOIDTB_TE:_IE:_elem_0:default:}"
CE0x8a32ee0 "{CE0x8a32ee0|tmp6}"
CE0x8a568e0 "{CE0x8a568e0|_ret_i32_%tmp6,_!dbg_!27716}"
CE0x8a07e30 "{CE0x8a07e30|call7}"
CE0x8a2d440 "{CE0x8a2d440|_ret_i32_%call7,_!dbg_!27749}"
CE0x89ee240 "{CE0x89ee240|call}"
CE0x8a2ce90 "{CE0x8a2ce90|call}"
CONST[source:0(mediator),value:2(dynamic)][purpose:{subject}][SnkIdx:0]


CONST[source:1(input),value:2(dynamic)][purpose:{object}][SrcIdx:7]  ->  CONST[source:0(mediator),value:2(dynamic)][purpose:{subject}][SnkIdx:4]
-----------
CONST[source:1(input),value:2(dynamic)][purpose:{object}][SrcIdx:7]
CE0x8a39e20 "{CE0x8a39e20|VOIDTB_TE:_IE:_elem_0:default:}"
CE0x8a1b5e0 "{CE0x8a1b5e0|tmp24}"
CE0x89d7e90 "{CE0x89d7e90|_ret_i32_%tmp24,_!dbg_!27742}"
CE0x89e0ff0 "{CE0x89e0ff0|call}"
CE0x8a27df0 "{CE0x8a27df0|call}"
CONST[source:0(mediator),value:2(dynamic)][purpose:{subject}][SnkIdx:4]


CONST[source:1(input),value:2(dynamic)][purpose:{object}][SrcIdx:7]  ->  CONST[source:0(mediator),value:2(dynamic)][purpose:{object}][SnkIdx:6]
-----------
CONST[source:1(input),value:2(dynamic)][purpose:{object}][SrcIdx:7]
CE0x8a39e20 "{CE0x8a39e20|VOIDTB_TE:_IE:_elem_0:default:}"
CE0x89e7690 "{CE0x89e7690|tmp8}"
CE0x89e78c0 "{CE0x89e78c0|tmp8}"
CONST[source:0(mediator),value:2(dynamic)][purpose:{object}][SnkIdx:6]


CONST[source:1(input),value:2(dynamic)][purpose:{object}][SrcIdx:7]  ->  CONST[source:0(mediator),value:2(dynamic)][purpose:{object}][SnkIdx:5]
-----------
CONST[source:1(input),value:2(dynamic)][purpose:{object}][SrcIdx:7]
CE0x8a39e20 "{CE0x8a39e20|VOIDTB_TE:_IE:_elem_0:default:}"
CE0x8a51d30 "{CE0x8a51d30|tmp7}"
CE0x89e7470 "{CE0x89e7470|tmp7}"
CONST[source:0(mediator),value:2(dynamic)][purpose:{object}][SnkIdx:5]


CONST[source:2(external),value:2(dynamic)][purpose:{subject}][SrcIdx:10]  ->  CONST[source:0(mediator),value:2(dynamic)][purpose:{subject}][SnkIdx:0]
-----------
CONST[source:2(external),value:2(dynamic)][purpose:{subject}][SrcIdx:10]
CE0x8a39e20 "{CE0x8a39e20|VOIDTB_TE:_IE:_elem_0:default:}"
CE0x8a32ee0 "{CE0x8a32ee0|tmp6}"
CE0x8a568e0 "{CE0x8a568e0|_ret_i32_%tmp6,_!dbg_!27716}"
CE0x8a07e30 "{CE0x8a07e30|call7}"
CE0x8a2d440 "{CE0x8a2d440|_ret_i32_%call7,_!dbg_!27749}"
CE0x89ee240 "{CE0x89ee240|call}"
CE0x8a2ce90 "{CE0x8a2ce90|call}"
CONST[source:0(mediator),value:2(dynamic)][purpose:{subject}][SnkIdx:0]


CONST[source:2(external),value:2(dynamic)][purpose:{subject}][SrcIdx:10]  ->  CONST[source:0(mediator),value:2(dynamic)][purpose:{subject}][SnkIdx:4]
-----------
CONST[source:2(external),value:2(dynamic)][purpose:{subject}][SrcIdx:10]
CE0x8a39e20 "{CE0x8a39e20|VOIDTB_TE:_IE:_elem_0:default:}"
CE0x8a1b5e0 "{CE0x8a1b5e0|tmp24}"
CE0x89d7e90 "{CE0x89d7e90|_ret_i32_%tmp24,_!dbg_!27742}"
CE0x89e0ff0 "{CE0x89e0ff0|call}"
CE0x8a27df0 "{CE0x8a27df0|call}"
CONST[source:0(mediator),value:2(dynamic)][purpose:{subject}][SnkIdx:4]


CONST[source:2(external),value:2(dynamic)][purpose:{subject}][SrcIdx:10]  ->  CONST[source:0(mediator),value:2(dynamic)][purpose:{object}][SnkIdx:6]
-----------
CONST[source:2(external),value:2(dynamic)][purpose:{subject}][SrcIdx:10]
CE0x8a39e20 "{CE0x8a39e20|VOIDTB_TE:_IE:_elem_0:default:}"
CE0x89e7690 "{CE0x89e7690|tmp8}"
CE0x89e78c0 "{CE0x89e78c0|tmp8}"
CONST[source:0(mediator),value:2(dynamic)][purpose:{object}][SnkIdx:6]


CONST[source:2(external),value:2(dynamic)][purpose:{subject}][SrcIdx:10]  ->  CONST[source:0(mediator),value:2(dynamic)][purpose:{object}][SnkIdx:5]
-----------
CONST[source:2(external),value:2(dynamic)][purpose:{subject}][SrcIdx:10]
CE0x8a39e20 "{CE0x8a39e20|VOIDTB_TE:_IE:_elem_0:default:}"
CE0x8a51d30 "{CE0x8a51d30|tmp7}"
CE0x89e7470 "{CE0x89e7470|tmp7}"
CONST[source:0(mediator),value:2(dynamic)][purpose:{object}][SnkIdx:5]


