[tomoyo_path_mknod.z]

explicit:
CONST[source:1(input),value:2(dynamic)][purpose:{operation}]  ->  CONST[source:0(mediator),value:0(static)][purpose:{operation}]
-----------
CONST[source:1(input),value:2(dynamic)][purpose:{operation}]
CE0x6c93130 "{CE0x6c93130|tomoyo_path_number_perm:_number|Function::tomoyo_path_number_perm&Arg::number::|*SummSource*}"
CE0x6c92ee0 "{CE0x6c92ee0|tomoyo_path_number_perm:_number|Function::tomoyo_path_number_perm&Arg::number::}"
CE0x8820560 "{CE0x8820560|0:_%struct.tomoyo_obj_info*,_16:_%struct.tomoyo_domain_info*,_24:_%struct.tomoyo_path_info*,_32:_i64,_40:_i8,_72:_i8,_75:_i8,_76:_i8,_77:_i8,_:_SCMRE_33,34_}"
CONST[source:0(mediator),value:0(static)][purpose:{operation}]


CONST[source:2(external),value:2(dynamic)][purpose:{subject}]  ->  CONST[source:0(mediator),value:2(dynamic)][purpose:{subject}]
-----------
CONST[source:2(external),value:2(dynamic)][purpose:{subject}]
CE0x70be4d0 "{CE0x70be4d0|COLLAPSED:_GCRE_current_task_external_global_%struct.task_struct*:_elem_0::|security/tomoyo/common.h,1205}"
CE0x71b8b10 "{CE0x71b8b10|tomoyo_domain:_tmp22|security/tomoyo/common.h,1205}"
CE0x601c740 "{CE0x601c740|tomoyo_domain:_tmp23|security/tomoyo/common.h,1205}"
CE0x60e7a50 "{CE0x60e7a50|_ret_%struct.tomoyo_domain_info*_%tmp23,_!dbg_!38929|security/tomoyo/common.h,1205}"
CE0x6e04280 "{CE0x6e04280|tomoyo_init_request_info:_call|security/tomoyo/util.c,1005}"
CE0x86d57f0 "{CE0x86d57f0|tomoyo_init_request_info:_domain.addr.0}"
CE0x6cc6490 "{CE0x6cc6490|0:_%struct.tomoyo_obj_info*,_16:_%struct.tomoyo_domain_info*,_24:_%struct.tomoyo_path_info*,_32:_i64,_40:_i8,_72:_i8,_75:_i8,_76:_i8,_77:_i8,_:_SCMRE_16,24_|*MultipleSource*|security/tomoyo/file.c,693|security/tomoyo/file.c, 693|security/tomoyo/file.c,707|Function::tomoyo_init_request_info&Arg::r::}"
CONST[source:0(mediator),value:2(dynamic)][purpose:{subject}]


CONST[source:0(mediator),value:1(k-static)][purpose:{operation}]  ->  CONST[source:0(mediator),value:0(static)][purpose:{operation}]
-----------
CONST[source:0(mediator),value:1(k-static)][purpose:{operation}]
CE0x6b4e8f0 "{CE0x6b4e8f0|tomoyo_path_number_perm:_type|Function::tomoyo_path_number_perm&Arg::type::|*SummSource*}"
CE0x6b4e880 "{CE0x6b4e880|tomoyo_path_number_perm:_type|Function::tomoyo_path_number_perm&Arg::type::}"
CE0x8840f00 "{CE0x8840f00|0:_%struct.tomoyo_obj_info*,_16:_%struct.tomoyo_domain_info*,_24:_%struct.tomoyo_path_info*,_32:_i64,_40:_i8,_72:_i8,_75:_i8,_76:_i8,_77:_i8,_:_SCMRE_40,41_}"
CONST[source:0(mediator),value:0(static)][purpose:{operation}]



implicit:
CONST[source:2(external),value:2(dynamic)][purpose:{subject}]  ->  CONST[source:0(mediator),value:2(dynamic)][purpose:{subject}]
-----------
CONST[source:2(external),value:2(dynamic)][purpose:{subject}]
CE0x7bf7970 "{CE0x7bf7970|128:_i8*,_1208:_%struct.file*,_:_CMRE_128,136_|*MultipleSource*|security/tomoyo/common.h,1205|security/tomoyo/common.h,1205}"
CE0x71b8b10 "{CE0x71b8b10|tomoyo_domain:_tmp22|security/tomoyo/common.h,1205}"
CE0x601c740 "{CE0x601c740|tomoyo_domain:_tmp23|security/tomoyo/common.h,1205}"
CE0x60e7a50 "{CE0x60e7a50|_ret_%struct.tomoyo_domain_info*_%tmp23,_!dbg_!38929|security/tomoyo/common.h,1205}"
CE0x6e04280 "{CE0x6e04280|tomoyo_init_request_info:_call|security/tomoyo/util.c,1005}"
CE0x86d57f0 "{CE0x86d57f0|tomoyo_init_request_info:_domain.addr.0}"
CE0x6cc6490 "{CE0x6cc6490|0:_%struct.tomoyo_obj_info*,_16:_%struct.tomoyo_domain_info*,_24:_%struct.tomoyo_path_info*,_32:_i64,_40:_i8,_72:_i8,_75:_i8,_76:_i8,_77:_i8,_:_SCMRE_16,24_|*MultipleSource*|security/tomoyo/file.c,693|security/tomoyo/file.c, 693|security/tomoyo/file.c,707|Function::tomoyo_init_request_info&Arg::r::}"
CONST[source:0(mediator),value:2(dynamic)][purpose:{subject}]


CONST[source:1(input),value:2(dynamic)][purpose:{operation}]  ->  CONST[source:0(mediator),value:0(static)][purpose:{operation}]
-----------
CONST[source:1(input),value:2(dynamic)][purpose:{operation}]
CE0x6c93130 "{CE0x6c93130|tomoyo_path_number_perm:_number|Function::tomoyo_path_number_perm&Arg::number::|*SummSource*}"
CE0x6c92ee0 "{CE0x6c92ee0|tomoyo_path_number_perm:_number|Function::tomoyo_path_number_perm&Arg::number::}"
CE0x6ce3f00 "{CE0x6ce3f00|0:_%struct.tomoyo_obj_info*,_16:_%struct.tomoyo_domain_info*,_24:_%struct.tomoyo_path_info*,_32:_i64,_40:_i8,_72:_i8,_75:_i8,_76:_i8,_77:_i8,_:_SCMRE_32,33_}"
CONST[source:0(mediator),value:0(static)][purpose:{operation}]


CONST[source:0(mediator),value:1(k-static)][purpose:{operation}]  ->  CONST[source:0(mediator),value:0(static)][purpose:{operation}]
-----------
CONST[source:0(mediator),value:1(k-static)][purpose:{operation}]
CE0x6b4e8f0 "{CE0x6b4e8f0|tomoyo_path_number_perm:_type|Function::tomoyo_path_number_perm&Arg::type::|*SummSource*}"
CE0x6b4e880 "{CE0x6b4e880|tomoyo_path_number_perm:_type|Function::tomoyo_path_number_perm&Arg::type::}"
CE0x8840f00 "{CE0x8840f00|0:_%struct.tomoyo_obj_info*,_16:_%struct.tomoyo_domain_info*,_24:_%struct.tomoyo_path_info*,_32:_i64,_40:_i8,_72:_i8,_75:_i8,_76:_i8,_77:_i8,_:_SCMRE_40,41_}"
CONST[source:0(mediator),value:0(static)][purpose:{operation}]


