[selinux_sem_alloc_security]

explicit:
CONST[source:2(external),value:0(static)][purpose:{operation}]  ->  CONST[source:0(mediator),value:2(dynamic)][purpose:{object}]
-----------
CONST[source:2(external),value:0(static)][purpose:{operation}]
CE0x56f0a20 "{CE0x56f0a20|i32_32768|*Constant*}"
CE0x56f0c30 "{CE0x56f0c30|kzalloc:_or|include/linux/slab.h,578}"
CE0x56dfab0 "{CE0x56dfab0|kmalloc:_flags|Function::kmalloc&Arg::flags::}"
CE0x569abe0 "{CE0x569abe0|0:_i16,_4:_i32,_:_CMRE_4,8_|*MultipleSource*|security/selinux/hooks.c,5394|security/selinux/hooks.c,5394|security/selinux/hooks.c,5399}"
CE0x569d790 "{CE0x569d790|selinux_sem_alloc_security:_tmp11|security/selinux/hooks.c,5399}"
CE0x569d590 "{CE0x569d590|selinux_sem_alloc_security:_tmp11|security/selinux/hooks.c,5399|*SummSink*}"
CONST[source:0(mediator),value:2(dynamic)][purpose:{object}]


CONST[source:1(input),value:2(dynamic)][purpose:{object}]  ->  CONST[source:0(mediator),value:2(dynamic)][purpose:{object}]
-----------
CONST[source:1(input),value:2(dynamic)][purpose:{object}]
CE0x569abe0 "{CE0x569abe0|0:_i16,_4:_i32,_:_CMRE_4,8_|*MultipleSource*|security/selinux/hooks.c,5394|security/selinux/hooks.c,5394|security/selinux/hooks.c,5399}"
CE0x569d790 "{CE0x569d790|selinux_sem_alloc_security:_tmp11|security/selinux/hooks.c,5399}"
CE0x569d590 "{CE0x569d590|selinux_sem_alloc_security:_tmp11|security/selinux/hooks.c,5399|*SummSink*}"
CONST[source:0(mediator),value:2(dynamic)][purpose:{object}]


CONST[source:2(external),value:2(dynamic)][purpose:{subject}]  ->  CONST[source:0(mediator),value:2(dynamic)][purpose:{subject}]
-----------
CONST[source:2(external),value:2(dynamic)][purpose:{subject}]
CE0x56c8330 "{CE0x56c8330|COLLAPSED:_GCMRE_current_task_external_global_%struct.task_struct*:_elem_0::|security/selinux/hooks.c,218}"
CE0x56c9420 "{CE0x56c9420|current_sid:_tmp22|security/selinux/hooks.c,218}"
CE0x56c98c0 "{CE0x56c98c0|current_sid:_tmp23|security/selinux/hooks.c,218}"
CE0x56ca150 "{CE0x56ca150|current_sid:_sid|security/selinux/hooks.c,220}"
CE0x56caf70 "{CE0x56caf70|current_sid:_tmp24|security/selinux/hooks.c,220}"
CE0x56526f0 "{CE0x56526f0|_ret_i32_%tmp24,_!dbg_!27742|security/selinux/hooks.c,220}"
CE0x566ec40 "{CE0x566ec40|selinux_sem_alloc_security:_call|security/selinux/hooks.c,5387}"
CE0x5671ec0 "{CE0x5671ec0|selinux_sem_alloc_security:_call|security/selinux/hooks.c,5387|*SummSink*}"
CONST[source:0(mediator),value:2(dynamic)][purpose:{subject}]


CONST[source:2(external),value:2(dynamic)][purpose:{subject}]  ->  CONST[source:0(mediator),value:2(dynamic)][purpose:{object}]
-----------
CONST[source:2(external),value:2(dynamic)][purpose:{subject}]
CE0x56c8330 "{CE0x56c8330|COLLAPSED:_GCMRE_current_task_external_global_%struct.task_struct*:_elem_0::|security/selinux/hooks.c,218}"
CE0x570eed0 "{CE0x570eed0|task_sid:_tmp4|*LoadInst*|security/selinux/hooks.c,208}"
CE0x571afe0 "{CE0x571afe0|cred_sid:_cred|Function::cred_sid&Arg::cred::}"
CE0x56e8fb0 "{CE0x56e8fb0|cred_sid:_security|security/selinux/hooks.c,196}"
CE0x571c8e0 "{CE0x571c8e0|cred_sid:_tmp4|*LoadInst*|security/selinux/hooks.c,196}"
CE0x56f4ef0 "{CE0x56f4ef0|cred_sid:_tmp5|security/selinux/hooks.c,196}"
CE0x56f9830 "{CE0x56f9830|cred_sid:_sid|security/selinux/hooks.c,197}"
CE0x56f73f0 "{CE0x56f73f0|cred_sid:_tmp6|security/selinux/hooks.c,197}"
CE0x571b350 "{CE0x571b350|_ret_i32_%tmp6,_!dbg_!27716|security/selinux/hooks.c,197}"
CE0x571a2e0 "{CE0x571a2e0|task_sid:_call7|security/selinux/hooks.c,208}"
CE0x56767d0 "{CE0x56767d0|_ret_i32_%call7,_!dbg_!27749|security/selinux/hooks.c,210}"
CE0x56d4cb0 "{CE0x56d4cb0|ipc_alloc_security:_call1|security/selinux/hooks.c,5087}"
CE0x569abe0 "{CE0x569abe0|0:_i16,_4:_i32,_:_CMRE_4,8_|*MultipleSource*|security/selinux/hooks.c,5394|security/selinux/hooks.c,5394|security/selinux/hooks.c,5399}"
CE0x569d790 "{CE0x569d790|selinux_sem_alloc_security:_tmp11|security/selinux/hooks.c,5399}"
CE0x569d590 "{CE0x569d590|selinux_sem_alloc_security:_tmp11|security/selinux/hooks.c,5399|*SummSink*}"
CONST[source:0(mediator),value:2(dynamic)][purpose:{object}]



implicit:
CONST[source:2(external),value:2(dynamic)][purpose:{subject}]  ->  CONST[source:0(mediator),value:2(dynamic)][purpose:{object}]
-----------
CONST[source:2(external),value:2(dynamic)][purpose:{subject}]
CE0x56c8330 "{CE0x56c8330|COLLAPSED:_GCMRE_current_task_external_global_%struct.task_struct*:_elem_0::|security/selinux/hooks.c,218}"
CE0x570eed0 "{CE0x570eed0|task_sid:_tmp4|*LoadInst*|security/selinux/hooks.c,208}"
CE0x571afe0 "{CE0x571afe0|cred_sid:_cred|Function::cred_sid&Arg::cred::}"
CE0x56e8fb0 "{CE0x56e8fb0|cred_sid:_security|security/selinux/hooks.c,196}"
CE0x571c8e0 "{CE0x571c8e0|cred_sid:_tmp4|*LoadInst*|security/selinux/hooks.c,196}"
CE0x56f4ef0 "{CE0x56f4ef0|cred_sid:_tmp5|security/selinux/hooks.c,196}"
CE0x56f9830 "{CE0x56f9830|cred_sid:_sid|security/selinux/hooks.c,197}"
CE0x56f73f0 "{CE0x56f73f0|cred_sid:_tmp6|security/selinux/hooks.c,197}"
CE0x571b350 "{CE0x571b350|_ret_i32_%tmp6,_!dbg_!27716|security/selinux/hooks.c,197}"
CE0x571a2e0 "{CE0x571a2e0|task_sid:_call7|security/selinux/hooks.c,208}"
CE0x56767d0 "{CE0x56767d0|_ret_i32_%call7,_!dbg_!27749|security/selinux/hooks.c,210}"
CE0x56d4cb0 "{CE0x56d4cb0|ipc_alloc_security:_call1|security/selinux/hooks.c,5087}"
CE0x569abe0 "{CE0x569abe0|0:_i16,_4:_i32,_:_CMRE_4,8_|*MultipleSource*|security/selinux/hooks.c,5394|security/selinux/hooks.c,5394|security/selinux/hooks.c,5399}"
CE0x569d790 "{CE0x569d790|selinux_sem_alloc_security:_tmp11|security/selinux/hooks.c,5399}"
CE0x569d590 "{CE0x569d590|selinux_sem_alloc_security:_tmp11|security/selinux/hooks.c,5399|*SummSink*}"
CONST[source:0(mediator),value:2(dynamic)][purpose:{object}]


CONST[source:2(external),value:2(dynamic)][purpose:{subject}]  ->  CONST[source:0(mediator),value:2(dynamic)][purpose:{subject}]
-----------
CONST[source:2(external),value:2(dynamic)][purpose:{subject}]
CE0x56c8330 "{CE0x56c8330|COLLAPSED:_GCMRE_current_task_external_global_%struct.task_struct*:_elem_0::|security/selinux/hooks.c,218}"
CE0x56c9420 "{CE0x56c9420|current_sid:_tmp22|security/selinux/hooks.c,218}"
CE0x56c98c0 "{CE0x56c98c0|current_sid:_tmp23|security/selinux/hooks.c,218}"
CE0x56ca150 "{CE0x56ca150|current_sid:_sid|security/selinux/hooks.c,220}"
CE0x56caf70 "{CE0x56caf70|current_sid:_tmp24|security/selinux/hooks.c,220}"
CE0x56526f0 "{CE0x56526f0|_ret_i32_%tmp24,_!dbg_!27742|security/selinux/hooks.c,220}"
CE0x566ec40 "{CE0x566ec40|selinux_sem_alloc_security:_call|security/selinux/hooks.c,5387}"
CE0x5671ec0 "{CE0x5671ec0|selinux_sem_alloc_security:_call|security/selinux/hooks.c,5387|*SummSink*}"
CONST[source:0(mediator),value:2(dynamic)][purpose:{subject}]


CONST[source:2(external),value:0(static)][purpose:{operation}]  ->  CONST[source:0(mediator),value:2(dynamic)][purpose:{object}]
-----------
CONST[source:2(external),value:0(static)][purpose:{operation}]
CE0x56f0a20 "{CE0x56f0a20|i32_32768|*Constant*}"
CE0x56f0c30 "{CE0x56f0c30|kzalloc:_or|include/linux/slab.h,578}"
CE0x56dfab0 "{CE0x56dfab0|kmalloc:_flags|Function::kmalloc&Arg::flags::}"
CE0x569abe0 "{CE0x569abe0|0:_i16,_4:_i32,_:_CMRE_4,8_|*MultipleSource*|security/selinux/hooks.c,5394|security/selinux/hooks.c,5394|security/selinux/hooks.c,5399}"
CE0x569d790 "{CE0x569d790|selinux_sem_alloc_security:_tmp11|security/selinux/hooks.c,5399}"
CE0x569d590 "{CE0x569d590|selinux_sem_alloc_security:_tmp11|security/selinux/hooks.c,5399|*SummSink*}"
CONST[source:0(mediator),value:2(dynamic)][purpose:{object}]


CONST[source:1(input),value:2(dynamic)][purpose:{object}]  ->  CONST[source:0(mediator),value:2(dynamic)][purpose:{object}]
-----------
CONST[source:1(input),value:2(dynamic)][purpose:{object}]
CE0x569abe0 "{CE0x569abe0|0:_i16,_4:_i32,_:_CMRE_4,8_|*MultipleSource*|security/selinux/hooks.c,5394|security/selinux/hooks.c,5394|security/selinux/hooks.c,5399}"
CE0x569d790 "{CE0x569d790|selinux_sem_alloc_security:_tmp11|security/selinux/hooks.c,5399}"
CE0x569d590 "{CE0x569d590|selinux_sem_alloc_security:_tmp11|security/selinux/hooks.c,5399|*SummSink*}"
CONST[source:0(mediator),value:2(dynamic)][purpose:{object}]


