[selinux_socket_getsockopt]

explicit:
CONST[source:2(external),value:2(dynamic)][purpose:{subject}]  ->  CONST[source:0(mediator),value:2(dynamic)][purpose:{subject}]
-----------
CONST[source:2(external),value:2(dynamic)][purpose:{subject}]
CE0x5cb9400 "{CE0x5cb9400|COLLAPSED:_GCMRE_current_task_external_global_%struct.task_struct*:_elem_0:default:}"
CE0x5d3e470 "{CE0x5d3e470|task_sid:_tmp4|*LoadInst*|security/selinux/hooks.c,208}"
CE0x5d5b7c0 "{CE0x5d5b7c0|cred_sid:_cred|Function::cred_sid&Arg::cred::}"
CE0x5c9aff0 "{CE0x5c9aff0|cred_sid:_security|security/selinux/hooks.c,196}"
CE0x5c9af80 "{CE0x5c9af80|cred_sid:_tmp4|*LoadInst*|security/selinux/hooks.c,196}"
CE0x5cdc470 "{CE0x5cdc470|cred_sid:_tmp5|security/selinux/hooks.c,196}"
CE0x5d5e7a0 "{CE0x5d5e7a0|cred_sid:_sid|security/selinux/hooks.c,197}"
CE0x5d3d980 "{CE0x5d3d980|cred_sid:_tmp6|security/selinux/hooks.c,197}"
CE0x5d5bb30 "{CE0x5d5bb30|_ret_i32_%tmp6,_!dbg_!27716|security/selinux/hooks.c,197}"
CE0x5d5aac0 "{CE0x5d5aac0|task_sid:_call7|security/selinux/hooks.c,208}"
CE0x5d246f0 "{CE0x5d246f0|_ret_i32_%call7,_!dbg_!27749|security/selinux/hooks.c,210}"
CE0x5d25be0 "{CE0x5d25be0|sock_has_perm:_call|security/selinux/hooks.c,3967}"
CE0x5d25d80 "{CE0x5d25d80|sock_has_perm:_call|security/selinux/hooks.c,3967|*SummSink*}"
CONST[source:0(mediator),value:2(dynamic)][purpose:{subject}]


CONST[source:1(input),value:2(dynamic)][purpose:{object}]  ->  CONST[source:0(mediator),value:2(dynamic)][purpose:{object}]
-----------
CONST[source:1(input),value:2(dynamic)][purpose:{object}]
CE0x6ec5230 "{CE0x6ec5230|32:_%struct.sock*,_:_CRE_32,40_|*MultipleSource*|security/selinux/hooks.c,4248|Function::selinux_socket_getsockopt&Arg::sock::}"
CE0x5ca1f10 "{CE0x5ca1f10|selinux_socket_getsockopt:_tmp4|*LoadInst*|security/selinux/hooks.c,4248}"
CE0x5cd6c40 "{CE0x5cd6c40|sock_has_perm:_sk|Function::sock_has_perm&Arg::sk::}"
CE0x5ccda30 "{CE0x5ccda30|sock_has_perm:_sk_security|security/selinux/hooks.c,3964}"
CE0x5d0bf80 "{CE0x5d0bf80|sock_has_perm:_tmp2|*LoadInst*|security/selinux/hooks.c,3964}"
CE0x5d29d90 "{CE0x5d29d90|sock_has_perm:_tmp3|security/selinux/hooks.c,3964}"
CE0x5d1d670 "{CE0x5d1d670|sock_has_perm:_sclass|security/selinux/hooks.c,3976}"
CE0x5d1ae10 "{CE0x5d1ae10|sock_has_perm:_tmp17|security/selinux/hooks.c,3976}"
CE0x5d1a8f0 "{CE0x5d1a8f0|sock_has_perm:_tmp17|security/selinux/hooks.c,3976|*SummSink*}"
CONST[source:0(mediator),value:2(dynamic)][purpose:{object}]



implicit:
CONST[source:1(input),value:2(dynamic)][purpose:{object}]  ->  CONST[source:0(mediator),value:2(dynamic)][purpose:{object}]
-----------
CONST[source:1(input),value:2(dynamic)][purpose:{object}]
CE0x6ec5230 "{CE0x6ec5230|32:_%struct.sock*,_:_CRE_32,40_|*MultipleSource*|security/selinux/hooks.c,4248|Function::selinux_socket_getsockopt&Arg::sock::}"
CE0x5ca1f10 "{CE0x5ca1f10|selinux_socket_getsockopt:_tmp4|*LoadInst*|security/selinux/hooks.c,4248}"
CE0x5cd6c40 "{CE0x5cd6c40|sock_has_perm:_sk|Function::sock_has_perm&Arg::sk::}"
CE0x5ccda30 "{CE0x5ccda30|sock_has_perm:_sk_security|security/selinux/hooks.c,3964}"
CE0x5d0bf80 "{CE0x5d0bf80|sock_has_perm:_tmp2|*LoadInst*|security/selinux/hooks.c,3964}"
CE0x5d29d90 "{CE0x5d29d90|sock_has_perm:_tmp3|security/selinux/hooks.c,3964}"
CE0x5d1d670 "{CE0x5d1d670|sock_has_perm:_sclass|security/selinux/hooks.c,3976}"
CE0x5d1ae10 "{CE0x5d1ae10|sock_has_perm:_tmp17|security/selinux/hooks.c,3976}"
CE0x5d1a8f0 "{CE0x5d1a8f0|sock_has_perm:_tmp17|security/selinux/hooks.c,3976|*SummSink*}"
CONST[source:0(mediator),value:2(dynamic)][purpose:{object}]


CONST[source:2(external),value:2(dynamic)][purpose:{subject}]  ->  CONST[source:0(mediator),value:2(dynamic)][purpose:{subject}]
-----------
CONST[source:2(external),value:2(dynamic)][purpose:{subject}]
CE0x5cb9400 "{CE0x5cb9400|COLLAPSED:_GCMRE_current_task_external_global_%struct.task_struct*:_elem_0:default:}"
CE0x5d3e470 "{CE0x5d3e470|task_sid:_tmp4|*LoadInst*|security/selinux/hooks.c,208}"
CE0x5d5b7c0 "{CE0x5d5b7c0|cred_sid:_cred|Function::cred_sid&Arg::cred::}"
CE0x5c9aff0 "{CE0x5c9aff0|cred_sid:_security|security/selinux/hooks.c,196}"
CE0x5c9af80 "{CE0x5c9af80|cred_sid:_tmp4|*LoadInst*|security/selinux/hooks.c,196}"
CE0x5cdc470 "{CE0x5cdc470|cred_sid:_tmp5|security/selinux/hooks.c,196}"
CE0x5d5e7a0 "{CE0x5d5e7a0|cred_sid:_sid|security/selinux/hooks.c,197}"
CE0x5d3d980 "{CE0x5d3d980|cred_sid:_tmp6|security/selinux/hooks.c,197}"
CE0x5d5bb30 "{CE0x5d5bb30|_ret_i32_%tmp6,_!dbg_!27716|security/selinux/hooks.c,197}"
CE0x5d5aac0 "{CE0x5d5aac0|task_sid:_call7|security/selinux/hooks.c,208}"
CE0x5d246f0 "{CE0x5d246f0|_ret_i32_%call7,_!dbg_!27749|security/selinux/hooks.c,210}"
CE0x5d25be0 "{CE0x5d25be0|sock_has_perm:_call|security/selinux/hooks.c,3967}"
CE0x5d25d80 "{CE0x5d25d80|sock_has_perm:_call|security/selinux/hooks.c,3967|*SummSink*}"
CONST[source:0(mediator),value:2(dynamic)][purpose:{subject}]


