[selinux_task_setscheduler]

explicit:
CONST[source:2(external),value:2(dynamic)][purpose:{subject}]  ->  CONST[source:0(mediator),value:2(dynamic)][purpose:{subject}]
-----------
CONST[source:2(external),value:2(dynamic)][purpose:{subject}]
CE0x3ccd460 "{CE0x3ccd460|COLLAPSED:_GCMRE_current_task_external_global_%struct.task_struct*:_elem_0::|security/selinux/hooks.c,218}"
CE0x3cce4d0 "{CE0x3cce4d0|current_sid:_tmp22|security/selinux/hooks.c,218}"
CE0x3cce970 "{CE0x3cce970|current_sid:_tmp23|security/selinux/hooks.c,218}"
CE0x3cf1c50 "{CE0x3cf1c50|current_sid:_sid|security/selinux/hooks.c,220}"
CE0x3cf2ec0 "{CE0x3cf2ec0|current_sid:_tmp24|security/selinux/hooks.c,220}"
CE0x3cbc640 "{CE0x3cbc640|_ret_i32_%tmp24,_!dbg_!27742|security/selinux/hooks.c,220}"
CE0x3cc6d00 "{CE0x3cc6d00|current_has_perm:_call|security/selinux/hooks.c,1542}"
CE0x3cc6e90 "{CE0x3cc6e90|current_has_perm:_call|security/selinux/hooks.c,1542|*SummSink*}"
CONST[source:0(mediator),value:2(dynamic)][purpose:{subject}]


CONST[source:1(input),value:2(dynamic)][purpose:{object}]  ->  CONST[source:0(mediator),value:2(dynamic)][purpose:{object}]
-----------
CONST[source:1(input),value:2(dynamic)][purpose:{object}]
CE0x5a9fa40 "{CE0x5a9fa40|2472:_%struct.cred*,_:_CRE:_elem_0:default:}"
CE0x3ccfe00 "{CE0x3ccfe00|task_sid:_tmp4|*LoadInst*|security/selinux/hooks.c,208}"
CE0x3cc9850 "{CE0x3cc9850|cred_sid:_cred|Function::cred_sid&Arg::cred::}"
CE0x3d04770 "{CE0x3d04770|cred_sid:_security|security/selinux/hooks.c,196}"
CE0x3d58e20 "{CE0x3d58e20|cred_sid:_tmp4|*LoadInst*|security/selinux/hooks.c,196}"
CE0x3d56600 "{CE0x3d56600|cred_sid:_tmp5|security/selinux/hooks.c,196}"
CE0x3d56a30 "{CE0x3d56a30|cred_sid:_sid|security/selinux/hooks.c,197}"
CE0x3d15f00 "{CE0x3d15f00|cred_sid:_tmp6|security/selinux/hooks.c,197}"
CE0x3cc9b40 "{CE0x3cc9b40|_ret_i32_%tmp6,_!dbg_!27716|security/selinux/hooks.c,197}"
CE0x3ceac30 "{CE0x3ceac30|task_sid:_call7|security/selinux/hooks.c,208}"
CE0x3c9fb10 "{CE0x3c9fb10|_ret_i32_%call7,_!dbg_!27749|security/selinux/hooks.c,210}"
CE0x3ca82d0 "{CE0x3ca82d0|current_has_perm:_call1|security/selinux/hooks.c,1543}"
CE0x3ca8080 "{CE0x3ca8080|current_has_perm:_call1|security/selinux/hooks.c,1543|*SummSink*}"
CONST[source:0(mediator),value:2(dynamic)][purpose:{object}]



implicit:
CONST[source:2(external),value:2(dynamic)][purpose:{subject}]  ->  CONST[source:0(mediator),value:2(dynamic)][purpose:{subject}]
-----------
CONST[source:2(external),value:2(dynamic)][purpose:{subject}]
CE0x3ccd460 "{CE0x3ccd460|COLLAPSED:_GCMRE_current_task_external_global_%struct.task_struct*:_elem_0::|security/selinux/hooks.c,218}"
CE0x3cce4d0 "{CE0x3cce4d0|current_sid:_tmp22|security/selinux/hooks.c,218}"
CE0x3cce970 "{CE0x3cce970|current_sid:_tmp23|security/selinux/hooks.c,218}"
CE0x3cf1c50 "{CE0x3cf1c50|current_sid:_sid|security/selinux/hooks.c,220}"
CE0x3cf2ec0 "{CE0x3cf2ec0|current_sid:_tmp24|security/selinux/hooks.c,220}"
CE0x3cbc640 "{CE0x3cbc640|_ret_i32_%tmp24,_!dbg_!27742|security/selinux/hooks.c,220}"
CE0x3cc6d00 "{CE0x3cc6d00|current_has_perm:_call|security/selinux/hooks.c,1542}"
CE0x3cc6e90 "{CE0x3cc6e90|current_has_perm:_call|security/selinux/hooks.c,1542|*SummSink*}"
CONST[source:0(mediator),value:2(dynamic)][purpose:{subject}]


CONST[source:1(input),value:2(dynamic)][purpose:{object}]  ->  CONST[source:0(mediator),value:2(dynamic)][purpose:{object}]
-----------
CONST[source:1(input),value:2(dynamic)][purpose:{object}]
CE0x5a9fa40 "{CE0x5a9fa40|2472:_%struct.cred*,_:_CRE:_elem_0:default:}"
CE0x3ccfe00 "{CE0x3ccfe00|task_sid:_tmp4|*LoadInst*|security/selinux/hooks.c,208}"
CE0x3cc9850 "{CE0x3cc9850|cred_sid:_cred|Function::cred_sid&Arg::cred::}"
CE0x3d04770 "{CE0x3d04770|cred_sid:_security|security/selinux/hooks.c,196}"
CE0x3d58e20 "{CE0x3d58e20|cred_sid:_tmp4|*LoadInst*|security/selinux/hooks.c,196}"
CE0x3d56600 "{CE0x3d56600|cred_sid:_tmp5|security/selinux/hooks.c,196}"
CE0x3d56a30 "{CE0x3d56a30|cred_sid:_sid|security/selinux/hooks.c,197}"
CE0x3d15f00 "{CE0x3d15f00|cred_sid:_tmp6|security/selinux/hooks.c,197}"
CE0x3cc9b40 "{CE0x3cc9b40|_ret_i32_%tmp6,_!dbg_!27716|security/selinux/hooks.c,197}"
CE0x3ceac30 "{CE0x3ceac30|task_sid:_call7|security/selinux/hooks.c,208}"
CE0x3c9fb10 "{CE0x3c9fb10|_ret_i32_%call7,_!dbg_!27749|security/selinux/hooks.c,210}"
CE0x3ca82d0 "{CE0x3ca82d0|current_has_perm:_call1|security/selinux/hooks.c,1543}"
CE0x3ca8080 "{CE0x3ca8080|current_has_perm:_call1|security/selinux/hooks.c,1543|*SummSink*}"
CONST[source:0(mediator),value:2(dynamic)][purpose:{object}]


