[selinux_inode_removexattr]

explicit:
CONST[source:1(input),value:2(dynamic)][purpose:{object}][SrcIdx:10]  ->  CONST[source:0(mediator),value:2(dynamic)][purpose:{object}][SnkIdx:2]
-----------
CONST[source:1(input),value:2(dynamic)][purpose:{object}][SrcIdx:10]
CE0x5b88760 "{CE0x5b88760|12:_i32,_56:_i8*,_:_CRE_56,64_|*MultipleSource*|Function::inode_has_perm&Arg::inode::|*LoadInst*|security/selinux/hooks.c,1627|security/selinux/hooks.c,1611}"
CE0x5bb9760 "{CE0x5bb9760|inode_has_perm:tmp15|*LoadInst*|security/selinux/hooks.c,1615}"
CE0x5bb9e30 "{CE0x5bb9e30|inode_has_perm:tmp16|security/selinux/hooks.c,1615}"
CE0x5bba880 "{CE0x5bba880|inode_has_perm:sclass|security/selinux/hooks.c,1617}"
CE0x5bd0e90 "{CE0x5bd0e90|inode_has_perm:tmp18|security/selinux/hooks.c,1617}"
CE0x5bd11c0 "{CE0x5bd11c0|inode_has_perm:tmp18|security/selinux/hooks.c,1617|*SummSink*}"
CONST[source:0(mediator),value:2(dynamic)][purpose:{object}][SnkIdx:2]


CONST[source:1(input),value:2(dynamic)][purpose:{object}][SrcIdx:10]  ->  CONST[source:0(mediator),value:2(dynamic)][purpose:{object}][SnkIdx:1]
-----------
CONST[source:1(input),value:2(dynamic)][purpose:{object}][SrcIdx:10]
CE0x5b88760 "{CE0x5b88760|12:_i32,_56:_i8*,_:_CRE_56,64_|*MultipleSource*|Function::inode_has_perm&Arg::inode::|*LoadInst*|security/selinux/hooks.c,1627|security/selinux/hooks.c,1611}"
CE0x5bb9760 "{CE0x5bb9760|inode_has_perm:tmp15|*LoadInst*|security/selinux/hooks.c,1615}"
CE0x5bb9e30 "{CE0x5bb9e30|inode_has_perm:tmp16|security/selinux/hooks.c,1615}"
CE0x5bba180 "{CE0x5bba180|inode_has_perm:sid3|security/selinux/hooks.c,1617}"
CE0x5bbe740 "{CE0x5bbe740|inode_has_perm:tmp17|security/selinux/hooks.c,1617}"
CE0x5bbeb40 "{CE0x5bbeb40|inode_has_perm:tmp17|security/selinux/hooks.c,1617|*SummSink*}"
CONST[source:0(mediator),value:2(dynamic)][purpose:{object}][SnkIdx:1]


CONST[source:2(external),value:2(dynamic)][purpose:{subject}][SrcIdx:13]  ->  CONST[source:0(mediator),value:2(dynamic)][purpose:{subject}][SnkIdx:0]
-----------
CONST[source:2(external),value:2(dynamic)][purpose:{subject}][SrcIdx:13]
CE0x5ae0e00 "{CE0x5ae0e00|COLLAPSED:_GCMRE_current_task_external_global_%struct.task_struct*:_elem_0::|security/selinux/hooks.c,2915}"
CE0x5ae1390 "{CE0x5ae1390|selinux_inode_setotherxattr:tmp19|security/selinux/hooks.c,2915}"
CE0x5b65bf0 "{CE0x5b65bf0|dentry_has_perm:cred|Function::dentry_has_perm&Arg::cred::}"
CE0x5b2f880 "{CE0x5b2f880|inode_has_perm:cred|Function::inode_has_perm&Arg::cred::}"
CE0x5bbcd50 "{CE0x5bbcd50|cred_sid:cred|Function::cred_sid&Arg::cred::}"
CE0x5b90b10 "{CE0x5b90b10|cred_sid:security|security/selinux/hooks.c,196}"
CE0x5b66c70 "{CE0x5b66c70|cred_sid:tmp4|*LoadInst*|security/selinux/hooks.c,196}"
CE0x5b67350 "{CE0x5b67350|cred_sid:tmp5|security/selinux/hooks.c,196}"
CE0x5b67c30 "{CE0x5b67c30|cred_sid:sid|security/selinux/hooks.c,197}"
CE0x5b68dd0 "{CE0x5b68dd0|cred_sid:tmp6|security/selinux/hooks.c,197}"
CE0x5bbd050 "{CE0x5bbd050|_ret_i32_%tmp6,_!dbg_!27716|security/selinux/hooks.c,197}"
CE0x5bbc140 "{CE0x5bbc140|inode_has_perm:call|security/selinux/hooks.c,1614}"
CE0x5bbc2e0 "{CE0x5bbc2e0|inode_has_perm:call|security/selinux/hooks.c,1614|*SummSink*}"
CONST[source:0(mediator),value:2(dynamic)][purpose:{subject}][SnkIdx:0]



implicit:
CONST[source:1(input),value:2(dynamic)][purpose:{object}][SrcIdx:11]  ->  CONST[source:0(mediator),value:2(dynamic)][purpose:{subject}][SnkIdx:0]
-----------
CONST[source:1(input),value:2(dynamic)][purpose:{object}][SrcIdx:11]
CE0x5afe990 "{CE0x5afe990|VOIDTB_TE:_CRE:_elem_0:default:}"
CE0x5ae1760 "{CE0x5ae1760|selinux_inode_setotherxattr:call5|security/selinux/hooks.c,2917}"
CE0x5aee4f0 "{CE0x5aee4f0|selinux_inode_setotherxattr:tobool6|security/selinux/hooks.c,2917}"
CE0x5b37ea0 "{CE0x5b37ea0|selinux_inode_setotherxattr:if.end18}"
CE0x5b656e0 "{CE0x5b656e0|dentry_has_perm:entry}"
CE0x5b369d0 "{CE0x5b369d0|dentry_has_perm:bb}"
CE0x5b2f5d0 "{CE0x5b2f5d0|inode_has_perm:entry}"
CE0x5b8ec20 "{CE0x5b8ec20|inode_has_perm:if.end}"
CE0x5bbc140 "{CE0x5bbc140|inode_has_perm:call|security/selinux/hooks.c,1614}"
CE0x5bbc2e0 "{CE0x5bbc2e0|inode_has_perm:call|security/selinux/hooks.c,1614|*SummSink*}"
CONST[source:0(mediator),value:2(dynamic)][purpose:{subject}][SnkIdx:0]


CONST[source:1(input),value:2(dynamic)][purpose:{object}][SrcIdx:11]  ->  CONST[source:0(mediator),value:2(dynamic)][purpose:{object}][SnkIdx:1]
-----------
CONST[source:1(input),value:2(dynamic)][purpose:{object}][SrcIdx:11]
CE0x5afe990 "{CE0x5afe990|VOIDTB_TE:_CRE:_elem_0:default:}"
CE0x5ae1760 "{CE0x5ae1760|selinux_inode_setotherxattr:call5|security/selinux/hooks.c,2917}"
CE0x5aee4f0 "{CE0x5aee4f0|selinux_inode_setotherxattr:tobool6|security/selinux/hooks.c,2917}"
CE0x5b37ea0 "{CE0x5b37ea0|selinux_inode_setotherxattr:if.end18}"
CE0x5b656e0 "{CE0x5b656e0|dentry_has_perm:entry}"
CE0x5b369d0 "{CE0x5b369d0|dentry_has_perm:bb}"
CE0x5b2f5d0 "{CE0x5b2f5d0|inode_has_perm:entry}"
CE0x5b8ec20 "{CE0x5b8ec20|inode_has_perm:if.end}"
CE0x5bbe740 "{CE0x5bbe740|inode_has_perm:tmp17|security/selinux/hooks.c,1617}"
CE0x5bbeb40 "{CE0x5bbeb40|inode_has_perm:tmp17|security/selinux/hooks.c,1617|*SummSink*}"
CONST[source:0(mediator),value:2(dynamic)][purpose:{object}][SnkIdx:1]


CONST[source:1(input),value:2(dynamic)][purpose:{object}][SrcIdx:11]  ->  CONST[source:0(mediator),value:2(dynamic)][purpose:{object}][SnkIdx:2]
-----------
CONST[source:1(input),value:2(dynamic)][purpose:{object}][SrcIdx:11]
CE0x5afe990 "{CE0x5afe990|VOIDTB_TE:_CRE:_elem_0:default:}"
CE0x5ae1760 "{CE0x5ae1760|selinux_inode_setotherxattr:call5|security/selinux/hooks.c,2917}"
CE0x5aee4f0 "{CE0x5aee4f0|selinux_inode_setotherxattr:tobool6|security/selinux/hooks.c,2917}"
CE0x5b37ea0 "{CE0x5b37ea0|selinux_inode_setotherxattr:if.end18}"
CE0x5b656e0 "{CE0x5b656e0|dentry_has_perm:entry}"
CE0x5b369d0 "{CE0x5b369d0|dentry_has_perm:bb}"
CE0x5b2f5d0 "{CE0x5b2f5d0|inode_has_perm:entry}"
CE0x5b8ec20 "{CE0x5b8ec20|inode_has_perm:if.end}"
CE0x5bd0e90 "{CE0x5bd0e90|inode_has_perm:tmp18|security/selinux/hooks.c,1617}"
CE0x5bd11c0 "{CE0x5bd11c0|inode_has_perm:tmp18|security/selinux/hooks.c,1617|*SummSink*}"
CONST[source:0(mediator),value:2(dynamic)][purpose:{object}][SnkIdx:2]


CONST[source:1(input),value:2(dynamic)][purpose:{object}][SrcIdx:10]  ->  CONST[source:0(mediator),value:2(dynamic)][purpose:{subject}][SnkIdx:0]
-----------
CONST[source:1(input),value:2(dynamic)][purpose:{object}][SrcIdx:10]
CE0x5b273b0 "{CE0x5b273b0|12:_i32,_56:_i8*,_:_CRE_12,16_|*MultipleSource*|Function::inode_has_perm&Arg::inode::|*LoadInst*|security/selinux/hooks.c,1627|security/selinux/hooks.c,1611}"
CE0x5bb83b0 "{CE0x5bb83b0|inode_has_perm:tmp6|*LoadInst*|security/selinux/hooks.c,1611}"
CE0x5bc58f0 "{CE0x5bc58f0|inode_has_perm:and|security/selinux/hooks.c,1611}"
CE0x5bcbdc0 "{CE0x5bcbdc0|inode_has_perm:tobool|security/selinux/hooks.c,1611}"
CE0x5bc6060 "{CE0x5bc6060|inode_has_perm:lnot|security/selinux/hooks.c,1611}"
CE0x5bc6350 "{CE0x5bc6350|inode_has_perm:lnot1|security/selinux/hooks.c,1611}"
CE0x5bc6c70 "{CE0x5bc6c70|inode_has_perm:lnot.ext|security/selinux/hooks.c,1611}"
CE0x5bc69b0 "{CE0x5bc69b0|inode_has_perm:conv|security/selinux/hooks.c,1611}"
CE0x5bc77b0 "{CE0x5bc77b0|inode_has_perm:expval|security/selinux/hooks.c,1611}"
CE0x5bc7e90 "{CE0x5bc7e90|inode_has_perm:tobool2|security/selinux/hooks.c,1611}"
CE0x5b8ec20 "{CE0x5b8ec20|inode_has_perm:if.end}"
CE0x5bbc140 "{CE0x5bbc140|inode_has_perm:call|security/selinux/hooks.c,1614}"
CE0x5bbc2e0 "{CE0x5bbc2e0|inode_has_perm:call|security/selinux/hooks.c,1614|*SummSink*}"
CONST[source:0(mediator),value:2(dynamic)][purpose:{subject}][SnkIdx:0]


CONST[source:1(input),value:2(dynamic)][purpose:{object}][SrcIdx:10]  ->  CONST[source:0(mediator),value:2(dynamic)][purpose:{object}][SnkIdx:1]
-----------
CONST[source:1(input),value:2(dynamic)][purpose:{object}][SrcIdx:10]
CE0x5b88760 "{CE0x5b88760|12:_i32,_56:_i8*,_:_CRE_56,64_|*MultipleSource*|Function::inode_has_perm&Arg::inode::|*LoadInst*|security/selinux/hooks.c,1627|security/selinux/hooks.c,1611}"
CE0x5bb9760 "{CE0x5bb9760|inode_has_perm:tmp15|*LoadInst*|security/selinux/hooks.c,1615}"
CE0x5bb9e30 "{CE0x5bb9e30|inode_has_perm:tmp16|security/selinux/hooks.c,1615}"
CE0x5bba180 "{CE0x5bba180|inode_has_perm:sid3|security/selinux/hooks.c,1617}"
CE0x5bbe740 "{CE0x5bbe740|inode_has_perm:tmp17|security/selinux/hooks.c,1617}"
CE0x5bbeb40 "{CE0x5bbeb40|inode_has_perm:tmp17|security/selinux/hooks.c,1617|*SummSink*}"
CONST[source:0(mediator),value:2(dynamic)][purpose:{object}][SnkIdx:1]


CONST[source:1(input),value:2(dynamic)][purpose:{object}][SrcIdx:10]  ->  CONST[source:0(mediator),value:2(dynamic)][purpose:{object}][SnkIdx:2]
-----------
CONST[source:1(input),value:2(dynamic)][purpose:{object}][SrcIdx:10]
CE0x5b88760 "{CE0x5b88760|12:_i32,_56:_i8*,_:_CRE_56,64_|*MultipleSource*|Function::inode_has_perm&Arg::inode::|*LoadInst*|security/selinux/hooks.c,1627|security/selinux/hooks.c,1611}"
CE0x5bb9760 "{CE0x5bb9760|inode_has_perm:tmp15|*LoadInst*|security/selinux/hooks.c,1615}"
CE0x5bb9e30 "{CE0x5bb9e30|inode_has_perm:tmp16|security/selinux/hooks.c,1615}"
CE0x5bba880 "{CE0x5bba880|inode_has_perm:sclass|security/selinux/hooks.c,1617}"
CE0x5bd0e90 "{CE0x5bd0e90|inode_has_perm:tmp18|security/selinux/hooks.c,1617}"
CE0x5bd11c0 "{CE0x5bd11c0|inode_has_perm:tmp18|security/selinux/hooks.c,1617|*SummSink*}"
CONST[source:0(mediator),value:2(dynamic)][purpose:{object}][SnkIdx:2]


CONST[source:2(external),value:2(dynamic)][purpose:{subject}][SrcIdx:13]  ->  CONST[source:0(mediator),value:2(dynamic)][purpose:{subject}][SnkIdx:0]
-----------
CONST[source:2(external),value:2(dynamic)][purpose:{subject}][SrcIdx:13]
CE0x5ae0e00 "{CE0x5ae0e00|COLLAPSED:_GCMRE_current_task_external_global_%struct.task_struct*:_elem_0::|security/selinux/hooks.c,2915}"
CE0x5ae1390 "{CE0x5ae1390|selinux_inode_setotherxattr:tmp19|security/selinux/hooks.c,2915}"
CE0x5b65bf0 "{CE0x5b65bf0|dentry_has_perm:cred|Function::dentry_has_perm&Arg::cred::}"
CE0x5b2f880 "{CE0x5b2f880|inode_has_perm:cred|Function::inode_has_perm&Arg::cred::}"
CE0x5bbcd50 "{CE0x5bbcd50|cred_sid:cred|Function::cred_sid&Arg::cred::}"
CE0x5b90b10 "{CE0x5b90b10|cred_sid:security|security/selinux/hooks.c,196}"
CE0x5b66c70 "{CE0x5b66c70|cred_sid:tmp4|*LoadInst*|security/selinux/hooks.c,196}"
CE0x5b67350 "{CE0x5b67350|cred_sid:tmp5|security/selinux/hooks.c,196}"
CE0x5b67c30 "{CE0x5b67c30|cred_sid:sid|security/selinux/hooks.c,197}"
CE0x5b68dd0 "{CE0x5b68dd0|cred_sid:tmp6|security/selinux/hooks.c,197}"
CE0x5bbd050 "{CE0x5bbd050|_ret_i32_%tmp6,_!dbg_!27716|security/selinux/hooks.c,197}"
CE0x5bbc140 "{CE0x5bbc140|inode_has_perm:call|security/selinux/hooks.c,1614}"
CE0x5bbc2e0 "{CE0x5bbc2e0|inode_has_perm:call|security/selinux/hooks.c,1614|*SummSink*}"
CONST[source:0(mediator),value:2(dynamic)][purpose:{subject}][SnkIdx:0]


