[apparmor_path_symlink]

explicit:
CONST[source:2(external),value:0(static)][purpose:{object}]  ->  CONST[source:0(mediator),value:2(dynamic)][purpose:{subject}]
-----------
CONST[source:2(external),value:0(static)][purpose:{object}]
CE0x48dd1d0 "{CE0x48dd1d0|common_perm_create:_mode|Function::common_perm_create&Arg::mode::|*SummSource*}"
CE0x48dd160 "{CE0x48dd160|common_perm_create:_mode|Function::common_perm_create&Arg::mode::}"
CE0x48bf9d0 "{CE0x48bf9d0|44:_i32,_48:_i16,_128:_i8*,_:_SCMRE_4,6_|*MultipleSource*|security/apparmor/lsm.c, 251|security/apparmor/lsm.c,251}"
CE0x49d5900 "{CE0x49d5900|aa_cred_profile:_tmp4|*LoadInst*|security/apparmor/include/context.h,99}"
CE0x49d5830 "{CE0x49d5830|aa_cred_profile:_tmp5|security/apparmor/include/context.h,99}"
CE0x49ec1c0 "{CE0x49ec1c0|aa_cred_profile:_profile11|security/apparmor/include/context.h,101}"
CE0x49ec840 "{CE0x49ec840|aa_cred_profile:_tmp34|security/apparmor/include/context.h,101}"
CE0x49da410 "{CE0x49da410|_ret_%struct.aa_profile*_%tmp34,_!dbg_!15510|security/apparmor/include/context.h,101}"
CE0x49d8f60 "{CE0x49d8f60|__aa_current_profile:_call4|security/apparmor/include/context.h,138}"
CE0x4931440 "{CE0x4931440|_ret_%struct.aa_profile*_%call4,_!dbg_!15494|security/apparmor/include/context.h,138}"
CE0x499ef20 "{CE0x499ef20|common_perm:_call|security/apparmor/lsm.c,168}"
CE0x49a0840 "{CE0x49a0840|common_perm:_call|security/apparmor/lsm.c,168|*SummSink*}"
CONST[source:0(mediator),value:2(dynamic)][purpose:{subject}]


CONST[source:2(external),value:0(static)][purpose:{object}]  ->  CONST[source:0(mediator),value:2(dynamic)][purpose:{object}]
-----------
CONST[source:2(external),value:0(static)][purpose:{object}]
CE0x48dd1d0 "{CE0x48dd1d0|common_perm_create:_mode|Function::common_perm_create&Arg::mode::|*SummSource*}"
CE0x48dd160 "{CE0x48dd160|common_perm_create:_mode|Function::common_perm_create&Arg::mode::}"
CE0x48bf9d0 "{CE0x48bf9d0|44:_i32,_48:_i16,_128:_i8*,_:_SCMRE_4,6_|*MultipleSource*|security/apparmor/lsm.c, 251|security/apparmor/lsm.c,251}"
CONST[source:0(mediator),value:2(dynamic)][purpose:{object}]


CONST[source:2(external),value:2(dynamic)][purpose:{subject}]  ->  CONST[source:0(mediator),value:2(dynamic)][purpose:{subject}]
-----------
CONST[source:2(external),value:2(dynamic)][purpose:{subject}]
CE0x49a2ad0 "{CE0x49a2ad0|COLLAPSED:_CRE:_elem_0::|security/apparmor/lsm.c,169}"
CONST[source:0(mediator),value:2(dynamic)][purpose:{subject}]


CONST[source:1(input),value:2(dynamic)][purpose:{object}]  ->  CONST[source:0(mediator),value:2(dynamic)][purpose:{object}]
-----------
CONST[source:1(input),value:2(dynamic)][purpose:{object}]
CE0x48f0ef0 "{CE0x48f0ef0|0:_%struct.vfsmount*,_8:_%struct.dentry*,_:_CRE_0,8_|*MultipleSource*|Function::common_perm_create&Arg::dir::|Function::apparmor_path_symlink&Arg::dir::|security/apparmor/lsm.c,253}"
CE0x49ae4d0 "{CE0x49ae4d0|common_perm_dir_dentry:_tmp4|*LoadInst*|security/apparmor/lsm.c,189}"
CE0x49adf60 "{CE0x49adf60|0:_%struct.vfsmount*,_8:_%struct.dentry*,_:_SCMRE_0,8_|*MultipleSource*|security/apparmor/lsm.c, 189|security/apparmor/lsm.c,189}"
CONST[source:0(mediator),value:2(dynamic)][purpose:{object}]


CONST[source:2(external),value:2(dynamic)][purpose:{object}]  ->  CONST[source:0(mediator),value:2(dynamic)][purpose:{subject}]
-----------
CONST[source:2(external),value:2(dynamic)][purpose:{object}]
CE0x49d4f30 "{CE0x49d4f30|0:_%struct.aa_profile*,_:_CMRE_0,8_|*MultipleSource*|security/apparmor/include/context.h,99|*LoadInst*|security/apparmor/include/context.h,99|security/apparmor/include/context.h,100}"
CE0x49ec840 "{CE0x49ec840|aa_cred_profile:_tmp34|security/apparmor/include/context.h,101}"
CE0x49da410 "{CE0x49da410|_ret_%struct.aa_profile*_%tmp34,_!dbg_!15510|security/apparmor/include/context.h,101}"
CE0x49d8f60 "{CE0x49d8f60|__aa_current_profile:_call4|security/apparmor/include/context.h,138}"
CE0x4931440 "{CE0x4931440|_ret_%struct.aa_profile*_%call4,_!dbg_!15494|security/apparmor/include/context.h,138}"
CE0x499ef20 "{CE0x499ef20|common_perm:_call|security/apparmor/lsm.c,168}"
CE0x49a0840 "{CE0x49a0840|common_perm:_call|security/apparmor/lsm.c,168|*SummSink*}"
CONST[source:0(mediator),value:2(dynamic)][purpose:{subject}]


CONST[source:2(external),value:2(dynamic)][purpose:{object}]  ->  CONST[source:0(mediator),value:2(dynamic)][purpose:{object}]
-----------
CONST[source:2(external),value:2(dynamic)][purpose:{object}]
CE0x49d50c0 "{CE0x49d50c0|0:_%struct.aa_profile*,_:_CMRE_8,16_|*MultipleSource*|security/apparmor/include/context.h,99|*LoadInst*|security/apparmor/include/context.h,99|security/apparmor/include/context.h,100}"
CONST[source:0(mediator),value:2(dynamic)][purpose:{object}]



implicit:
CONST[source:1(input),value:2(dynamic)][purpose:{object}]  ->  CONST[source:0(mediator),value:2(dynamic)][purpose:{object}]
-----------
CONST[source:1(input),value:2(dynamic)][purpose:{object}]
CE0x48f0ef0 "{CE0x48f0ef0|0:_%struct.vfsmount*,_8:_%struct.dentry*,_:_CRE_0,8_|*MultipleSource*|Function::common_perm_create&Arg::dir::|Function::apparmor_path_symlink&Arg::dir::|security/apparmor/lsm.c,253}"
CE0x49ae4d0 "{CE0x49ae4d0|common_perm_dir_dentry:_tmp4|*LoadInst*|security/apparmor/lsm.c,189}"
CE0x49adf60 "{CE0x49adf60|0:_%struct.vfsmount*,_8:_%struct.dentry*,_:_SCMRE_0,8_|*MultipleSource*|security/apparmor/lsm.c, 189|security/apparmor/lsm.c,189}"
CONST[source:0(mediator),value:2(dynamic)][purpose:{object}]


CONST[source:1(input),value:2(dynamic)][purpose:{object}]  ->  CONST[source:0(mediator),value:2(dynamic)][purpose:{subject}]
-----------
CONST[source:1(input),value:2(dynamic)][purpose:{object}]
CE0x48f0ef0 "{CE0x48f0ef0|0:_%struct.vfsmount*,_8:_%struct.dentry*,_:_CRE_0,8_|*MultipleSource*|Function::common_perm_create&Arg::dir::|Function::apparmor_path_symlink&Arg::dir::|security/apparmor/lsm.c,253}"
CE0x48faed0 "{CE0x48faed0|common_perm_create:_tmp22|*LoadInst*|security/apparmor/lsm.c,253}"
CE0x48d42a0 "{CE0x48d42a0|common_perm_create:_tobool5|security/apparmor/lsm.c,253}"
CE0x48e4d20 "{CE0x48e4d20|common_perm_create:_if.end9}"
CE0x49465d0 "{CE0x49465d0|common_perm_dir_dentry:_entry}"
CE0x49ab190 "{CE0x49ab190|common_perm_dir_dentry:_bb}"
CE0x499aae0 "{CE0x499aae0|common_perm:_entry}"
CE0x499da90 "{CE0x499da90|common_perm:_bb}"
CE0x499ef20 "{CE0x499ef20|common_perm:_call|security/apparmor/lsm.c,168}"
CE0x49a0840 "{CE0x49a0840|common_perm:_call|security/apparmor/lsm.c,168|*SummSink*}"
CONST[source:0(mediator),value:2(dynamic)][purpose:{subject}]


CONST[source:2(external),value:2(dynamic)][purpose:{subject}]  ->  CONST[source:0(mediator),value:2(dynamic)][purpose:{subject}]
-----------
CONST[source:2(external),value:2(dynamic)][purpose:{subject}]
CE0x49a2ad0 "{CE0x49a2ad0|COLLAPSED:_CRE:_elem_0::|security/apparmor/lsm.c,169}"
CONST[source:0(mediator),value:2(dynamic)][purpose:{subject}]


CONST[source:2(external),value:2(dynamic)][purpose:{object}]  ->  CONST[source:0(mediator),value:2(dynamic)][purpose:{object}]
-----------
CONST[source:2(external),value:2(dynamic)][purpose:{object}]
CE0x48ecfc0 "{CE0x48ecfc0|44:_i32,_48:_i16,_128:_i8*,_:_SCMRE_0,4_|*MultipleSource*|security/apparmor/lsm.c, 251|security/apparmor/lsm.c,251}"
CONST[source:0(mediator),value:2(dynamic)][purpose:{object}]


CONST[source:2(external),value:2(dynamic)][purpose:{object}]  ->  CONST[source:0(mediator),value:2(dynamic)][purpose:{subject}]
-----------
CONST[source:2(external),value:2(dynamic)][purpose:{object}]
CE0x49d4f30 "{CE0x49d4f30|0:_%struct.aa_profile*,_:_CMRE_0,8_|*MultipleSource*|security/apparmor/include/context.h,99|*LoadInst*|security/apparmor/include/context.h,99|security/apparmor/include/context.h,100}"
CE0x49ec840 "{CE0x49ec840|aa_cred_profile:_tmp34|security/apparmor/include/context.h,101}"
CE0x49da410 "{CE0x49da410|_ret_%struct.aa_profile*_%tmp34,_!dbg_!15510|security/apparmor/include/context.h,101}"
CE0x49d8f60 "{CE0x49d8f60|__aa_current_profile:_call4|security/apparmor/include/context.h,138}"
CE0x4931440 "{CE0x4931440|_ret_%struct.aa_profile*_%call4,_!dbg_!15494|security/apparmor/include/context.h,138}"
CE0x499ef20 "{CE0x499ef20|common_perm:_call|security/apparmor/lsm.c,168}"
CE0x49a0840 "{CE0x49a0840|common_perm:_call|security/apparmor/lsm.c,168|*SummSink*}"
CONST[source:0(mediator),value:2(dynamic)][purpose:{subject}]


CONST[source:2(external),value:0(static)][purpose:{object}]  ->  CONST[source:0(mediator),value:2(dynamic)][purpose:{object}]
-----------
CONST[source:2(external),value:0(static)][purpose:{object}]
CE0x48dd1d0 "{CE0x48dd1d0|common_perm_create:_mode|Function::common_perm_create&Arg::mode::|*SummSource*}"
CE0x48dd160 "{CE0x48dd160|common_perm_create:_mode|Function::common_perm_create&Arg::mode::}"
CE0x48bf9d0 "{CE0x48bf9d0|44:_i32,_48:_i16,_128:_i8*,_:_SCMRE_4,6_|*MultipleSource*|security/apparmor/lsm.c, 251|security/apparmor/lsm.c,251}"
CONST[source:0(mediator),value:2(dynamic)][purpose:{object}]


CONST[source:2(external),value:0(static)][purpose:{object}]  ->  CONST[source:0(mediator),value:2(dynamic)][purpose:{subject}]
-----------
CONST[source:2(external),value:0(static)][purpose:{object}]
CE0x48dd1d0 "{CE0x48dd1d0|common_perm_create:_mode|Function::common_perm_create&Arg::mode::|*SummSource*}"
CE0x48dd160 "{CE0x48dd160|common_perm_create:_mode|Function::common_perm_create&Arg::mode::}"
CE0x48bf9d0 "{CE0x48bf9d0|44:_i32,_48:_i16,_128:_i8*,_:_SCMRE_4,6_|*MultipleSource*|security/apparmor/lsm.c, 251|security/apparmor/lsm.c,251}"
CE0x49d5900 "{CE0x49d5900|aa_cred_profile:_tmp4|*LoadInst*|security/apparmor/include/context.h,99}"
CE0x49d5830 "{CE0x49d5830|aa_cred_profile:_tmp5|security/apparmor/include/context.h,99}"
CE0x49ec1c0 "{CE0x49ec1c0|aa_cred_profile:_profile11|security/apparmor/include/context.h,101}"
CE0x49ec840 "{CE0x49ec840|aa_cred_profile:_tmp34|security/apparmor/include/context.h,101}"
CE0x49da410 "{CE0x49da410|_ret_%struct.aa_profile*_%tmp34,_!dbg_!15510|security/apparmor/include/context.h,101}"
CE0x49d8f60 "{CE0x49d8f60|__aa_current_profile:_call4|security/apparmor/include/context.h,138}"
CE0x4931440 "{CE0x4931440|_ret_%struct.aa_profile*_%call4,_!dbg_!15494|security/apparmor/include/context.h,138}"
CE0x499ef20 "{CE0x499ef20|common_perm:_call|security/apparmor/lsm.c,168}"
CE0x49a0840 "{CE0x49a0840|common_perm:_call|security/apparmor/lsm.c,168|*SummSink*}"
CONST[source:0(mediator),value:2(dynamic)][purpose:{subject}]


