[selinux_socket_bind]

explicit:
CONST[source:2(external),value:0(static)][purpose:{operation}][SrcIdx:23]  ->  CONST[source:0(mediator),value:2(dynamic)][purpose:{subject}][SnkIdx:0]
-----------
CONST[source:2(external),value:0(static)][purpose:{operation}][SrcIdx:23]
CE0x4fea7b0 "{CE0x4fea7b0|i32_2|*Constant*}"
CE0x51c81d0 "{CE0x51c81d0|selinux_socket_bind:sid48|security/selinux/hooks.c,4082}"
CE0x51c9120 "{CE0x51c9120|selinux_socket_bind:tmp70|security/selinux/hooks.c,4082}"
CE0x51c6710 "{CE0x51c6710|selinux_socket_bind:tmp70|security/selinux/hooks.c,4082|*SummSink*}"
CONST[source:0(mediator),value:2(dynamic)][purpose:{subject}][SnkIdx:0]


CONST[source:2(external),value:0(static)][purpose:{operation}][SrcIdx:23]  ->  CONST[source:0(mediator),value:2(dynamic)][purpose:{subject}][SnkIdx:4]
-----------
CONST[source:2(external),value:0(static)][purpose:{operation}][SrcIdx:23]
CE0x4fea7b0 "{CE0x4fea7b0|i32_2|*Constant*}"
CE0x5064a40 "{CE0x5064a40|selinux_socket_bind:sid90|security/selinux/hooks.c,4122}"
CE0x50649d0 "{CE0x50649d0|selinux_socket_bind:tmp113|security/selinux/hooks.c,4122}"
CE0x51a4c20 "{CE0x51a4c20|selinux_socket_bind:tmp113|security/selinux/hooks.c,4122|*SummSink*}"
CONST[source:0(mediator),value:2(dynamic)][purpose:{subject}][SnkIdx:4]


CONST[source:1(input),value:2(dynamic)][purpose:{object}][SrcIdx:28]  ->  CONST[source:0(mediator),value:2(dynamic)][purpose:{subject}][SnkIdx:0]
-----------
CONST[source:1(input),value:2(dynamic)][purpose:{object}][SrcIdx:28]
CE0x61251f0 "{CE0x61251f0|32:_%struct.sock*,_:_CRE_32,40_|*MultipleSource*|Function::selinux_socket_bind&Arg::sock::|security/selinux/hooks.c,4034}"
CE0x5022650 "{CE0x5022650|selinux_socket_bind:tmp2|*LoadInst*|security/selinux/hooks.c,4034}"
CE0x50aa1f0 "{CE0x50aa1f0|selinux_socket_bind:sk_security|security/selinux/hooks.c,4050}"
CE0x50aa6d0 "{CE0x50aa6d0|selinux_socket_bind:tmp18|security/selinux/hooks.c,4050}"
CE0x5055250 "{CE0x5055250|selinux_socket_bind:tmp19|security/selinux/hooks.c,4050}"
CE0x51c81d0 "{CE0x51c81d0|selinux_socket_bind:sid48|security/selinux/hooks.c,4082}"
CE0x51c9120 "{CE0x51c9120|selinux_socket_bind:tmp70|security/selinux/hooks.c,4082}"
CE0x51c6710 "{CE0x51c6710|selinux_socket_bind:tmp70|security/selinux/hooks.c,4082|*SummSink*}"
CONST[source:0(mediator),value:2(dynamic)][purpose:{subject}][SnkIdx:0]


CONST[source:1(input),value:2(dynamic)][purpose:{object}][SrcIdx:28]  ->  CONST[source:0(mediator),value:2(dynamic)][purpose:{object}][SnkIdx:9]
-----------
CONST[source:1(input),value:2(dynamic)][purpose:{object}][SrcIdx:28]
CE0x61251f0 "{CE0x61251f0|32:_%struct.sock*,_:_CRE_32,40_|*MultipleSource*|Function::selinux_socket_bind&Arg::sock::|security/selinux/hooks.c,4034}"
CE0x5022650 "{CE0x5022650|selinux_socket_bind:tmp2|*LoadInst*|security/selinux/hooks.c,4034}"
CE0x50b4f20 "{CE0x50b4f20|sock_has_perm:sk|Function::sock_has_perm&Arg::sk::}"
CE0x50b6690 "{CE0x50b6690|sock_has_perm:sk_security|security/selinux/hooks.c,3964}"
CE0x50b4930 "{CE0x50b4930|sock_has_perm:tmp2|*LoadInst*|security/selinux/hooks.c,3964}"
CE0x4fe67f0 "{CE0x4fe67f0|sock_has_perm:tmp3|security/selinux/hooks.c,3964}"
CE0x51296d0 "{CE0x51296d0|sock_has_perm:sid5|security/selinux/hooks.c,3976}"
CE0x5035220 "{CE0x5035220|sock_has_perm:tmp16|security/selinux/hooks.c,3976}"
CE0x5035b40 "{CE0x5035b40|sock_has_perm:tmp16|security/selinux/hooks.c,3976|*SummSink*}"
CONST[source:0(mediator),value:2(dynamic)][purpose:{object}][SnkIdx:9]


CONST[source:1(input),value:2(dynamic)][purpose:{object}][SrcIdx:28]  ->  CONST[source:0(mediator),value:2(dynamic)][purpose:{object}][SnkIdx:6]
-----------
CONST[source:1(input),value:2(dynamic)][purpose:{object}][SrcIdx:28]
CE0x61251f0 "{CE0x61251f0|32:_%struct.sock*,_:_CRE_32,40_|*MultipleSource*|Function::selinux_socket_bind&Arg::sock::|security/selinux/hooks.c,4034}"
CE0x5022650 "{CE0x5022650|selinux_socket_bind:tmp2|*LoadInst*|security/selinux/hooks.c,4034}"
CE0x50aa1f0 "{CE0x50aa1f0|selinux_socket_bind:sk_security|security/selinux/hooks.c,4050}"
CE0x50aa6d0 "{CE0x50aa6d0|selinux_socket_bind:tmp18|security/selinux/hooks.c,4050}"
CE0x5055250 "{CE0x5055250|selinux_socket_bind:tmp19|security/selinux/hooks.c,4050}"
CE0x51a55e0 "{CE0x51a55e0|selinux_socket_bind:sclass91|security/selinux/hooks.c,4123}"
CE0x5064ff0 "{CE0x5064ff0|selinux_socket_bind:tmp115|security/selinux/hooks.c,4123}"
CE0x505df80 "{CE0x505df80|selinux_socket_bind:tmp115|security/selinux/hooks.c,4123|*SummSink*}"
CONST[source:0(mediator),value:2(dynamic)][purpose:{object}][SnkIdx:6]


CONST[source:1(input),value:2(dynamic)][purpose:{object}][SrcIdx:28]  ->  CONST[source:0(mediator),value:2(dynamic)][purpose:{subject}][SnkIdx:4]
-----------
CONST[source:1(input),value:2(dynamic)][purpose:{object}][SrcIdx:28]
CE0x61251f0 "{CE0x61251f0|32:_%struct.sock*,_:_CRE_32,40_|*MultipleSource*|Function::selinux_socket_bind&Arg::sock::|security/selinux/hooks.c,4034}"
CE0x5022650 "{CE0x5022650|selinux_socket_bind:tmp2|*LoadInst*|security/selinux/hooks.c,4034}"
CE0x50aa1f0 "{CE0x50aa1f0|selinux_socket_bind:sk_security|security/selinux/hooks.c,4050}"
CE0x50aa6d0 "{CE0x50aa6d0|selinux_socket_bind:tmp18|security/selinux/hooks.c,4050}"
CE0x5055250 "{CE0x5055250|selinux_socket_bind:tmp19|security/selinux/hooks.c,4050}"
CE0x5064a40 "{CE0x5064a40|selinux_socket_bind:sid90|security/selinux/hooks.c,4122}"
CE0x50649d0 "{CE0x50649d0|selinux_socket_bind:tmp113|security/selinux/hooks.c,4122}"
CE0x51a4c20 "{CE0x51a4c20|selinux_socket_bind:tmp113|security/selinux/hooks.c,4122|*SummSink*}"
CONST[source:0(mediator),value:2(dynamic)][purpose:{subject}][SnkIdx:4]


CONST[source:1(input),value:2(dynamic)][purpose:{object}][SrcIdx:28]  ->  CONST[source:0(mediator),value:2(dynamic)][purpose:{object}][SnkIdx:2]
-----------
CONST[source:1(input),value:2(dynamic)][purpose:{object}][SrcIdx:28]
CE0x61251f0 "{CE0x61251f0|32:_%struct.sock*,_:_CRE_32,40_|*MultipleSource*|Function::selinux_socket_bind&Arg::sock::|security/selinux/hooks.c,4034}"
CE0x5022650 "{CE0x5022650|selinux_socket_bind:tmp2|*LoadInst*|security/selinux/hooks.c,4034}"
CE0x50aa1f0 "{CE0x50aa1f0|selinux_socket_bind:sk_security|security/selinux/hooks.c,4050}"
CE0x50aa6d0 "{CE0x50aa6d0|selinux_socket_bind:tmp18|security/selinux/hooks.c,4050}"
CE0x5055250 "{CE0x5055250|selinux_socket_bind:tmp19|security/selinux/hooks.c,4050}"
CE0x51c98b0 "{CE0x51c98b0|selinux_socket_bind:sclass|security/selinux/hooks.c,4083}"
CE0x51ca420 "{CE0x51ca420|selinux_socket_bind:tmp72|security/selinux/hooks.c,4083}"
CE0x51ca700 "{CE0x51ca700|selinux_socket_bind:tmp72|security/selinux/hooks.c,4083|*SummSink*}"
CONST[source:0(mediator),value:2(dynamic)][purpose:{object}][SnkIdx:2]


CONST[source:1(input),value:2(dynamic)][purpose:{object}][SrcIdx:28]  ->  CONST[source:0(mediator),value:2(dynamic)][purpose:{object}][SnkIdx:10]
-----------
CONST[source:1(input),value:2(dynamic)][purpose:{object}][SrcIdx:28]
CE0x61251f0 "{CE0x61251f0|32:_%struct.sock*,_:_CRE_32,40_|*MultipleSource*|Function::selinux_socket_bind&Arg::sock::|security/selinux/hooks.c,4034}"
CE0x5022650 "{CE0x5022650|selinux_socket_bind:tmp2|*LoadInst*|security/selinux/hooks.c,4034}"
CE0x50b4f20 "{CE0x50b4f20|sock_has_perm:sk|Function::sock_has_perm&Arg::sk::}"
CE0x50b6690 "{CE0x50b6690|sock_has_perm:sk_security|security/selinux/hooks.c,3964}"
CE0x50b4930 "{CE0x50b4930|sock_has_perm:tmp2|*LoadInst*|security/selinux/hooks.c,3964}"
CE0x4fe67f0 "{CE0x4fe67f0|sock_has_perm:tmp3|security/selinux/hooks.c,3964}"
CE0x5035e50 "{CE0x5035e50|sock_has_perm:sclass|security/selinux/hooks.c,3976}"
CE0x5036140 "{CE0x5036140|sock_has_perm:tmp17|security/selinux/hooks.c,3976}"
CE0x5036df0 "{CE0x5036df0|sock_has_perm:tmp17|security/selinux/hooks.c,3976|*SummSink*}"
CONST[source:0(mediator),value:2(dynamic)][purpose:{object}][SnkIdx:10]


CONST[source:2(external),value:0(static)][purpose:{operation}][SrcIdx:21]  ->  CONST[source:0(mediator),value:2(dynamic)][purpose:{subject}][SnkIdx:0]
-----------
CONST[source:2(external),value:0(static)][purpose:{operation}][SrcIdx:21]
CE0x4fea7b0 "{CE0x4fea7b0|i32_2|*Constant*}"
CE0x51c81d0 "{CE0x51c81d0|selinux_socket_bind:sid48|security/selinux/hooks.c,4082}"
CE0x51c9120 "{CE0x51c9120|selinux_socket_bind:tmp70|security/selinux/hooks.c,4082}"
CE0x51c6710 "{CE0x51c6710|selinux_socket_bind:tmp70|security/selinux/hooks.c,4082|*SummSink*}"
CONST[source:0(mediator),value:2(dynamic)][purpose:{subject}][SnkIdx:0]


CONST[source:2(external),value:0(static)][purpose:{operation}][SrcIdx:21]  ->  CONST[source:0(mediator),value:2(dynamic)][purpose:{subject}][SnkIdx:4]
-----------
CONST[source:2(external),value:0(static)][purpose:{operation}][SrcIdx:21]
CE0x4fea7b0 "{CE0x4fea7b0|i32_2|*Constant*}"
CE0x5064a40 "{CE0x5064a40|selinux_socket_bind:sid90|security/selinux/hooks.c,4122}"
CE0x50649d0 "{CE0x50649d0|selinux_socket_bind:tmp113|security/selinux/hooks.c,4122}"
CE0x51a4c20 "{CE0x51a4c20|selinux_socket_bind:tmp113|security/selinux/hooks.c,4122|*SummSink*}"
CONST[source:0(mediator),value:2(dynamic)][purpose:{subject}][SnkIdx:4]


CONST[source:2(external),value:2(dynamic)][purpose:{subject}][SrcIdx:32]  ->  CONST[source:0(mediator),value:2(dynamic)][purpose:{subject}][SnkIdx:8]
-----------
CONST[source:2(external),value:2(dynamic)][purpose:{subject}][SrcIdx:32]
CE0x50230f0 "{CE0x50230f0|COLLAPSED:_GCMRE_current_task_external_global_%struct.task_struct*:_elem_0:default:}"
CE0x5136d60 "{CE0x5136d60|task_sid:tmp4|*LoadInst*|security/selinux/hooks.c,208}"
CE0x516b3f0 "{CE0x516b3f0|cred_sid:cred|Function::cred_sid&Arg::cred::}"
CE0x5134970 "{CE0x5134970|cred_sid:security|security/selinux/hooks.c,196}"
CE0x5143b80 "{CE0x5143b80|cred_sid:tmp4|*LoadInst*|security/selinux/hooks.c,196}"
CE0x5144330 "{CE0x5144330|cred_sid:tmp5|security/selinux/hooks.c,196}"
CE0x516d000 "{CE0x516d000|cred_sid:sid|security/selinux/hooks.c,197}"
CE0x52a6d90 "{CE0x52a6d90|cred_sid:tmp6|security/selinux/hooks.c,197}"
CE0x516b750 "{CE0x516b750|_ret_i32_%tmp6,_!dbg_!27716|security/selinux/hooks.c,197}"
CE0x516a090 "{CE0x516a090|task_sid:call7|security/selinux/hooks.c,208}"
CE0x50be6a0 "{CE0x50be6a0|_ret_i32_%call7,_!dbg_!27749|security/selinux/hooks.c,210}"
CE0x512a2f0 "{CE0x512a2f0|sock_has_perm:call|security/selinux/hooks.c,3967}"
CE0x512a450 "{CE0x512a450|sock_has_perm:call|security/selinux/hooks.c,3967|*SummSink*}"
CONST[source:0(mediator),value:2(dynamic)][purpose:{subject}][SnkIdx:8]


CONST[source:2(external),value:0(static)][purpose:{operation}][SrcIdx:22]  ->  CONST[source:0(mediator),value:2(dynamic)][purpose:{subject}][SnkIdx:0]
-----------
CONST[source:2(external),value:0(static)][purpose:{operation}][SrcIdx:22]
CE0x4fea7b0 "{CE0x4fea7b0|i32_2|*Constant*}"
CE0x51c81d0 "{CE0x51c81d0|selinux_socket_bind:sid48|security/selinux/hooks.c,4082}"
CE0x51c9120 "{CE0x51c9120|selinux_socket_bind:tmp70|security/selinux/hooks.c,4082}"
CE0x51c6710 "{CE0x51c6710|selinux_socket_bind:tmp70|security/selinux/hooks.c,4082|*SummSink*}"
CONST[source:0(mediator),value:2(dynamic)][purpose:{subject}][SnkIdx:0]


CONST[source:2(external),value:0(static)][purpose:{operation}][SrcIdx:22]  ->  CONST[source:0(mediator),value:2(dynamic)][purpose:{subject}][SnkIdx:4]
-----------
CONST[source:2(external),value:0(static)][purpose:{operation}][SrcIdx:22]
CE0x4fea7b0 "{CE0x4fea7b0|i32_2|*Constant*}"
CE0x5064a40 "{CE0x5064a40|selinux_socket_bind:sid90|security/selinux/hooks.c,4122}"
CE0x50649d0 "{CE0x50649d0|selinux_socket_bind:tmp113|security/selinux/hooks.c,4122}"
CE0x51a4c20 "{CE0x51a4c20|selinux_socket_bind:tmp113|security/selinux/hooks.c,4122|*SummSink*}"
CONST[source:0(mediator),value:2(dynamic)][purpose:{subject}][SnkIdx:4]



implicit:
CONST[source:2(external),value:0(static)][purpose:{operation}][SrcIdx:22]  ->  CONST[source:0(mediator),value:0(static)][purpose:{operation}][SnkIdx:7]
-----------
CONST[source:2(external),value:0(static)][purpose:{operation}][SrcIdx:22]
CE0x4fea7b0 "{CE0x4fea7b0|i32_2|*Constant*}"
CE0x50abbe0 "{CE0x50abbe0|selinux_socket_bind:cmp|security/selinux/hooks.c,4048}"
CE0x4fdd360 "{CE0x4fdd360|selinux_socket_bind:sw.epilog}"
CE0x51d9ed0 "{CE0x51d9ed0|selinux_socket_bind:node_perm.0}"
CE0x51da110 "{CE0x51da110|selinux_socket_bind:node_perm.0|*SummSink*}"
CONST[source:0(mediator),value:0(static)][purpose:{operation}][SnkIdx:7]


CONST[source:2(external),value:0(static)][purpose:{operation}][SrcIdx:22]  ->  CONST[source:0(mediator),value:2(dynamic)][purpose:{object}][SnkIdx:6]
-----------
CONST[source:2(external),value:0(static)][purpose:{operation}][SrcIdx:22]
CE0x4fea7b0 "{CE0x4fea7b0|i32_2|*Constant*}"
CE0x50abbe0 "{CE0x50abbe0|selinux_socket_bind:cmp|security/selinux/hooks.c,4048}"
CE0x4fc72f0 "{CE0x4fc72f0|selinux_socket_bind:if.end89}"
CE0x5064ff0 "{CE0x5064ff0|selinux_socket_bind:tmp115|security/selinux/hooks.c,4123}"
CE0x505df80 "{CE0x505df80|selinux_socket_bind:tmp115|security/selinux/hooks.c,4123|*SummSink*}"
CONST[source:0(mediator),value:2(dynamic)][purpose:{object}][SnkIdx:6]


CONST[source:2(external),value:0(static)][purpose:{operation}][SrcIdx:22]  ->  CONST[source:0(mediator),value:2(dynamic)][purpose:{subject}][SnkIdx:4]
-----------
CONST[source:2(external),value:0(static)][purpose:{operation}][SrcIdx:22]
CE0x4fea7b0 "{CE0x4fea7b0|i32_2|*Constant*}"
CE0x5064a40 "{CE0x5064a40|selinux_socket_bind:sid90|security/selinux/hooks.c,4122}"
CE0x50649d0 "{CE0x50649d0|selinux_socket_bind:tmp113|security/selinux/hooks.c,4122}"
CE0x51a4c20 "{CE0x51a4c20|selinux_socket_bind:tmp113|security/selinux/hooks.c,4122|*SummSink*}"
CONST[source:0(mediator),value:2(dynamic)][purpose:{subject}][SnkIdx:4]


CONST[source:2(external),value:0(static)][purpose:{operation}][SrcIdx:22]  ->  CONST[source:0(mediator),value:2(dynamic)][purpose:{object}][SnkIdx:1]
-----------
CONST[source:2(external),value:0(static)][purpose:{operation}][SrcIdx:22]
CE0x4fea7b0 "{CE0x4fea7b0|i32_2|*Constant*}"
CE0x50abbe0 "{CE0x50abbe0|selinux_socket_bind:cmp|security/selinux/hooks.c,4048}"
CE0x4fdf700 "{CE0x4fdf700|selinux_socket_bind:if.end38}"
CE0x51c9650 "{CE0x51c9650|selinux_socket_bind:tmp71|security/selinux/hooks.c,4082}"
CE0x51c97d0 "{CE0x51c97d0|selinux_socket_bind:tmp71|security/selinux/hooks.c,4082|*SummSink*}"
CONST[source:0(mediator),value:2(dynamic)][purpose:{object}][SnkIdx:1]


CONST[source:2(external),value:0(static)][purpose:{operation}][SrcIdx:22]  ->  CONST[source:0(mediator),value:2(dynamic)][purpose:{object}][SnkIdx:5]
-----------
CONST[source:2(external),value:0(static)][purpose:{operation}][SrcIdx:22]
CE0x4fea7b0 "{CE0x4fea7b0|i32_2|*Constant*}"
CE0x50abbe0 "{CE0x50abbe0|selinux_socket_bind:cmp|security/selinux/hooks.c,4048}"
CE0x4fc72f0 "{CE0x4fc72f0|selinux_socket_bind:if.end89}"
CE0x51a4d30 "{CE0x51a4d30|selinux_socket_bind:tmp114|security/selinux/hooks.c,4122}"
CE0x51a5160 "{CE0x51a5160|selinux_socket_bind:tmp114|security/selinux/hooks.c,4122|*SummSink*}"
CONST[source:0(mediator),value:2(dynamic)][purpose:{object}][SnkIdx:5]


CONST[source:2(external),value:0(static)][purpose:{operation}][SrcIdx:22]  ->  CONST[source:0(mediator),value:2(dynamic)][purpose:{object}][SnkIdx:2]
-----------
CONST[source:2(external),value:0(static)][purpose:{operation}][SrcIdx:22]
CE0x4fea7b0 "{CE0x4fea7b0|i32_2|*Constant*}"
CE0x50abbe0 "{CE0x50abbe0|selinux_socket_bind:cmp|security/selinux/hooks.c,4048}"
CE0x4fdf700 "{CE0x4fdf700|selinux_socket_bind:if.end38}"
CE0x51ca420 "{CE0x51ca420|selinux_socket_bind:tmp72|security/selinux/hooks.c,4083}"
CE0x51ca700 "{CE0x51ca700|selinux_socket_bind:tmp72|security/selinux/hooks.c,4083|*SummSink*}"
CONST[source:0(mediator),value:2(dynamic)][purpose:{object}][SnkIdx:2]


CONST[source:2(external),value:0(static)][purpose:{operation}][SrcIdx:22]  ->  CONST[source:0(mediator),value:2(dynamic)][purpose:{subject}][SnkIdx:0]
-----------
CONST[source:2(external),value:0(static)][purpose:{operation}][SrcIdx:22]
CE0x4fea7b0 "{CE0x4fea7b0|i32_2|*Constant*}"
CE0x51c81d0 "{CE0x51c81d0|selinux_socket_bind:sid48|security/selinux/hooks.c,4082}"
CE0x51c9120 "{CE0x51c9120|selinux_socket_bind:tmp70|security/selinux/hooks.c,4082}"
CE0x51c6710 "{CE0x51c6710|selinux_socket_bind:tmp70|security/selinux/hooks.c,4082|*SummSink*}"
CONST[source:0(mediator),value:2(dynamic)][purpose:{subject}][SnkIdx:0]


CONST[source:1(input),value:2(dynamic)][purpose:{object}][SrcIdx:28]  ->  CONST[source:0(mediator),value:0(static)][purpose:{operation}][SnkIdx:7]
-----------
CONST[source:1(input),value:2(dynamic)][purpose:{object}][SrcIdx:28]
CE0x61251f0 "{CE0x61251f0|32:_%struct.sock*,_:_CRE_32,40_|*MultipleSource*|Function::selinux_socket_bind&Arg::sock::|security/selinux/hooks.c,4034}"
CE0x5022650 "{CE0x5022650|selinux_socket_bind:tmp2|*LoadInst*|security/selinux/hooks.c,4034}"
CE0x6b1f970 "{CE0x6b1f970|selinux_socket_bind:__sk_common|security/selinux/hooks.c,4047}"
CE0x50972c0 "{CE0x50972c0|selinux_socket_bind:skc_family|security/selinux/hooks.c,4047}"
CE0x5096da0 "{CE0x5096da0|selinux_socket_bind:tmp9|security/selinux/hooks.c,4047}"
CE0x50ab390 "{CE0x50ab390|selinux_socket_bind:conv|security/selinux/hooks.c,4048}"
CE0x50abbe0 "{CE0x50abbe0|selinux_socket_bind:cmp|security/selinux/hooks.c,4048}"
CE0x4fdd360 "{CE0x4fdd360|selinux_socket_bind:sw.epilog}"
CE0x51d9ed0 "{CE0x51d9ed0|selinux_socket_bind:node_perm.0}"
CE0x51da110 "{CE0x51da110|selinux_socket_bind:node_perm.0|*SummSink*}"
CONST[source:0(mediator),value:0(static)][purpose:{operation}][SnkIdx:7]


CONST[source:1(input),value:2(dynamic)][purpose:{object}][SrcIdx:28]  ->  CONST[source:0(mediator),value:2(dynamic)][purpose:{object}][SnkIdx:6]
-----------
CONST[source:1(input),value:2(dynamic)][purpose:{object}][SrcIdx:28]
CE0x61251f0 "{CE0x61251f0|32:_%struct.sock*,_:_CRE_32,40_|*MultipleSource*|Function::selinux_socket_bind&Arg::sock::|security/selinux/hooks.c,4034}"
CE0x5022650 "{CE0x5022650|selinux_socket_bind:tmp2|*LoadInst*|security/selinux/hooks.c,4034}"
CE0x50aa1f0 "{CE0x50aa1f0|selinux_socket_bind:sk_security|security/selinux/hooks.c,4050}"
CE0x50aa6d0 "{CE0x50aa6d0|selinux_socket_bind:tmp18|security/selinux/hooks.c,4050}"
CE0x5055250 "{CE0x5055250|selinux_socket_bind:tmp19|security/selinux/hooks.c,4050}"
CE0x51a55e0 "{CE0x51a55e0|selinux_socket_bind:sclass91|security/selinux/hooks.c,4123}"
CE0x5064ff0 "{CE0x5064ff0|selinux_socket_bind:tmp115|security/selinux/hooks.c,4123}"
CE0x505df80 "{CE0x505df80|selinux_socket_bind:tmp115|security/selinux/hooks.c,4123|*SummSink*}"
CONST[source:0(mediator),value:2(dynamic)][purpose:{object}][SnkIdx:6]


CONST[source:1(input),value:2(dynamic)][purpose:{object}][SrcIdx:28]  ->  CONST[source:0(mediator),value:2(dynamic)][purpose:{subject}][SnkIdx:4]
-----------
CONST[source:1(input),value:2(dynamic)][purpose:{object}][SrcIdx:28]
CE0x61251f0 "{CE0x61251f0|32:_%struct.sock*,_:_CRE_32,40_|*MultipleSource*|Function::selinux_socket_bind&Arg::sock::|security/selinux/hooks.c,4034}"
CE0x5022650 "{CE0x5022650|selinux_socket_bind:tmp2|*LoadInst*|security/selinux/hooks.c,4034}"
CE0x50aa1f0 "{CE0x50aa1f0|selinux_socket_bind:sk_security|security/selinux/hooks.c,4050}"
CE0x50aa6d0 "{CE0x50aa6d0|selinux_socket_bind:tmp18|security/selinux/hooks.c,4050}"
CE0x5055250 "{CE0x5055250|selinux_socket_bind:tmp19|security/selinux/hooks.c,4050}"
CE0x5064a40 "{CE0x5064a40|selinux_socket_bind:sid90|security/selinux/hooks.c,4122}"
CE0x50649d0 "{CE0x50649d0|selinux_socket_bind:tmp113|security/selinux/hooks.c,4122}"
CE0x51a4c20 "{CE0x51a4c20|selinux_socket_bind:tmp113|security/selinux/hooks.c,4122|*SummSink*}"
CONST[source:0(mediator),value:2(dynamic)][purpose:{subject}][SnkIdx:4]


CONST[source:1(input),value:2(dynamic)][purpose:{object}][SrcIdx:28]  ->  CONST[source:0(mediator),value:2(dynamic)][purpose:{object}][SnkIdx:1]
-----------
CONST[source:1(input),value:2(dynamic)][purpose:{object}][SrcIdx:28]
CE0x61251f0 "{CE0x61251f0|32:_%struct.sock*,_:_CRE_32,40_|*MultipleSource*|Function::selinux_socket_bind&Arg::sock::|security/selinux/hooks.c,4034}"
CE0x5022650 "{CE0x5022650|selinux_socket_bind:tmp2|*LoadInst*|security/selinux/hooks.c,4034}"
CE0x6b1f970 "{CE0x6b1f970|selinux_socket_bind:__sk_common|security/selinux/hooks.c,4047}"
CE0x50972c0 "{CE0x50972c0|selinux_socket_bind:skc_family|security/selinux/hooks.c,4047}"
CE0x5096da0 "{CE0x5096da0|selinux_socket_bind:tmp9|security/selinux/hooks.c,4047}"
CE0x50adc40 "{CE0x50adc40|selinux_socket_bind:conv4|security/selinux/hooks.c,4048}"
CE0x4ff1c90 "{CE0x4ff1c90|selinux_socket_bind:cmp5|security/selinux/hooks.c,4048}"
CE0x4fdf700 "{CE0x4fdf700|selinux_socket_bind:if.end38}"
CE0x51c9650 "{CE0x51c9650|selinux_socket_bind:tmp71|security/selinux/hooks.c,4082}"
CE0x51c97d0 "{CE0x51c97d0|selinux_socket_bind:tmp71|security/selinux/hooks.c,4082|*SummSink*}"
CONST[source:0(mediator),value:2(dynamic)][purpose:{object}][SnkIdx:1]


CONST[source:1(input),value:2(dynamic)][purpose:{object}][SrcIdx:28]  ->  CONST[source:0(mediator),value:2(dynamic)][purpose:{object}][SnkIdx:5]
-----------
CONST[source:1(input),value:2(dynamic)][purpose:{object}][SrcIdx:28]
CE0x61251f0 "{CE0x61251f0|32:_%struct.sock*,_:_CRE_32,40_|*MultipleSource*|Function::selinux_socket_bind&Arg::sock::|security/selinux/hooks.c,4034}"
CE0x5022650 "{CE0x5022650|selinux_socket_bind:tmp2|*LoadInst*|security/selinux/hooks.c,4034}"
CE0x50b4f20 "{CE0x50b4f20|sock_has_perm:sk|Function::sock_has_perm&Arg::sk::}"
CE0x50b2460 "{CE0x50b2460|COLLAPSED:_SCMRE_8,16_|*MultipleSource*|security/selinux/hooks.c, 4052|security/selinux/hooks.c,4052|security/selinux/hooks.c,4052}"
CE0x51d9410 "{CE0x51d9410|selinux_socket_bind:call59|security/selinux/hooks.c,4108}"
CE0x51dac70 "{CE0x51dac70|selinux_socket_bind:tobool60|security/selinux/hooks.c,4109}"
CE0x4fc72f0 "{CE0x4fc72f0|selinux_socket_bind:if.end89}"
CE0x51a4d30 "{CE0x51a4d30|selinux_socket_bind:tmp114|security/selinux/hooks.c,4122}"
CE0x51a5160 "{CE0x51a5160|selinux_socket_bind:tmp114|security/selinux/hooks.c,4122|*SummSink*}"
CONST[source:0(mediator),value:2(dynamic)][purpose:{object}][SnkIdx:5]


CONST[source:1(input),value:2(dynamic)][purpose:{object}][SrcIdx:28]  ->  CONST[source:0(mediator),value:2(dynamic)][purpose:{object}][SnkIdx:10]
-----------
CONST[source:1(input),value:2(dynamic)][purpose:{object}][SrcIdx:28]
CE0x61251f0 "{CE0x61251f0|32:_%struct.sock*,_:_CRE_32,40_|*MultipleSource*|Function::selinux_socket_bind&Arg::sock::|security/selinux/hooks.c,4034}"
CE0x5022650 "{CE0x5022650|selinux_socket_bind:tmp2|*LoadInst*|security/selinux/hooks.c,4034}"
CE0x50b4f20 "{CE0x50b4f20|sock_has_perm:sk|Function::sock_has_perm&Arg::sk::}"
CE0x50b6690 "{CE0x50b6690|sock_has_perm:sk_security|security/selinux/hooks.c,3964}"
CE0x50b4930 "{CE0x50b4930|sock_has_perm:tmp2|*LoadInst*|security/selinux/hooks.c,3964}"
CE0x4fe67f0 "{CE0x4fe67f0|sock_has_perm:tmp3|security/selinux/hooks.c,3964}"
CE0x5035e50 "{CE0x5035e50|sock_has_perm:sclass|security/selinux/hooks.c,3976}"
CE0x5036140 "{CE0x5036140|sock_has_perm:tmp17|security/selinux/hooks.c,3976}"
CE0x5036df0 "{CE0x5036df0|sock_has_perm:tmp17|security/selinux/hooks.c,3976|*SummSink*}"
CONST[source:0(mediator),value:2(dynamic)][purpose:{object}][SnkIdx:10]


CONST[source:1(input),value:2(dynamic)][purpose:{object}][SrcIdx:28]  ->  CONST[source:0(mediator),value:2(dynamic)][purpose:{object}][SnkIdx:2]
-----------
CONST[source:1(input),value:2(dynamic)][purpose:{object}][SrcIdx:28]
CE0x61251f0 "{CE0x61251f0|32:_%struct.sock*,_:_CRE_32,40_|*MultipleSource*|Function::selinux_socket_bind&Arg::sock::|security/selinux/hooks.c,4034}"
CE0x5022650 "{CE0x5022650|selinux_socket_bind:tmp2|*LoadInst*|security/selinux/hooks.c,4034}"
CE0x50aa1f0 "{CE0x50aa1f0|selinux_socket_bind:sk_security|security/selinux/hooks.c,4050}"
CE0x50aa6d0 "{CE0x50aa6d0|selinux_socket_bind:tmp18|security/selinux/hooks.c,4050}"
CE0x5055250 "{CE0x5055250|selinux_socket_bind:tmp19|security/selinux/hooks.c,4050}"
CE0x51c98b0 "{CE0x51c98b0|selinux_socket_bind:sclass|security/selinux/hooks.c,4083}"
CE0x51ca420 "{CE0x51ca420|selinux_socket_bind:tmp72|security/selinux/hooks.c,4083}"
CE0x51ca700 "{CE0x51ca700|selinux_socket_bind:tmp72|security/selinux/hooks.c,4083|*SummSink*}"
CONST[source:0(mediator),value:2(dynamic)][purpose:{object}][SnkIdx:2]


CONST[source:1(input),value:2(dynamic)][purpose:{object}][SrcIdx:28]  ->  CONST[source:0(mediator),value:2(dynamic)][purpose:{object}][SnkIdx:9]
-----------
CONST[source:1(input),value:2(dynamic)][purpose:{object}][SrcIdx:28]
CE0x61251f0 "{CE0x61251f0|32:_%struct.sock*,_:_CRE_32,40_|*MultipleSource*|Function::selinux_socket_bind&Arg::sock::|security/selinux/hooks.c,4034}"
CE0x5022650 "{CE0x5022650|selinux_socket_bind:tmp2|*LoadInst*|security/selinux/hooks.c,4034}"
CE0x50b4f20 "{CE0x50b4f20|sock_has_perm:sk|Function::sock_has_perm&Arg::sk::}"
CE0x50b6690 "{CE0x50b6690|sock_has_perm:sk_security|security/selinux/hooks.c,3964}"
CE0x50b4930 "{CE0x50b4930|sock_has_perm:tmp2|*LoadInst*|security/selinux/hooks.c,3964}"
CE0x4fe67f0 "{CE0x4fe67f0|sock_has_perm:tmp3|security/selinux/hooks.c,3964}"
CE0x51296d0 "{CE0x51296d0|sock_has_perm:sid5|security/selinux/hooks.c,3976}"
CE0x5035220 "{CE0x5035220|sock_has_perm:tmp16|security/selinux/hooks.c,3976}"
CE0x5035b40 "{CE0x5035b40|sock_has_perm:tmp16|security/selinux/hooks.c,3976|*SummSink*}"
CONST[source:0(mediator),value:2(dynamic)][purpose:{object}][SnkIdx:9]


CONST[source:1(input),value:2(dynamic)][purpose:{object}][SrcIdx:28]  ->  CONST[source:0(mediator),value:2(dynamic)][purpose:{subject}][SnkIdx:0]
-----------
CONST[source:1(input),value:2(dynamic)][purpose:{object}][SrcIdx:28]
CE0x61251f0 "{CE0x61251f0|32:_%struct.sock*,_:_CRE_32,40_|*MultipleSource*|Function::selinux_socket_bind&Arg::sock::|security/selinux/hooks.c,4034}"
CE0x5022650 "{CE0x5022650|selinux_socket_bind:tmp2|*LoadInst*|security/selinux/hooks.c,4034}"
CE0x50aa1f0 "{CE0x50aa1f0|selinux_socket_bind:sk_security|security/selinux/hooks.c,4050}"
CE0x50aa6d0 "{CE0x50aa6d0|selinux_socket_bind:tmp18|security/selinux/hooks.c,4050}"
CE0x5055250 "{CE0x5055250|selinux_socket_bind:tmp19|security/selinux/hooks.c,4050}"
CE0x51c81d0 "{CE0x51c81d0|selinux_socket_bind:sid48|security/selinux/hooks.c,4082}"
CE0x51c9120 "{CE0x51c9120|selinux_socket_bind:tmp70|security/selinux/hooks.c,4082}"
CE0x51c6710 "{CE0x51c6710|selinux_socket_bind:tmp70|security/selinux/hooks.c,4082|*SummSink*}"
CONST[source:0(mediator),value:2(dynamic)][purpose:{subject}][SnkIdx:0]


CONST[source:2(external),value:0(static)][purpose:{operation}][SrcIdx:21]  ->  CONST[source:0(mediator),value:0(static)][purpose:{operation}][SnkIdx:7]
-----------
CONST[source:2(external),value:0(static)][purpose:{operation}][SrcIdx:21]
CE0x4fea7b0 "{CE0x4fea7b0|i32_2|*Constant*}"
CE0x50abbe0 "{CE0x50abbe0|selinux_socket_bind:cmp|security/selinux/hooks.c,4048}"
CE0x4fdd360 "{CE0x4fdd360|selinux_socket_bind:sw.epilog}"
CE0x51d9ed0 "{CE0x51d9ed0|selinux_socket_bind:node_perm.0}"
CE0x51da110 "{CE0x51da110|selinux_socket_bind:node_perm.0|*SummSink*}"
CONST[source:0(mediator),value:0(static)][purpose:{operation}][SnkIdx:7]


CONST[source:2(external),value:0(static)][purpose:{operation}][SrcIdx:21]  ->  CONST[source:0(mediator),value:2(dynamic)][purpose:{object}][SnkIdx:6]
-----------
CONST[source:2(external),value:0(static)][purpose:{operation}][SrcIdx:21]
CE0x4fea7b0 "{CE0x4fea7b0|i32_2|*Constant*}"
CE0x50abbe0 "{CE0x50abbe0|selinux_socket_bind:cmp|security/selinux/hooks.c,4048}"
CE0x4fc72f0 "{CE0x4fc72f0|selinux_socket_bind:if.end89}"
CE0x5064ff0 "{CE0x5064ff0|selinux_socket_bind:tmp115|security/selinux/hooks.c,4123}"
CE0x505df80 "{CE0x505df80|selinux_socket_bind:tmp115|security/selinux/hooks.c,4123|*SummSink*}"
CONST[source:0(mediator),value:2(dynamic)][purpose:{object}][SnkIdx:6]


CONST[source:2(external),value:0(static)][purpose:{operation}][SrcIdx:21]  ->  CONST[source:0(mediator),value:2(dynamic)][purpose:{subject}][SnkIdx:4]
-----------
CONST[source:2(external),value:0(static)][purpose:{operation}][SrcIdx:21]
CE0x4fea7b0 "{CE0x4fea7b0|i32_2|*Constant*}"
CE0x5064a40 "{CE0x5064a40|selinux_socket_bind:sid90|security/selinux/hooks.c,4122}"
CE0x50649d0 "{CE0x50649d0|selinux_socket_bind:tmp113|security/selinux/hooks.c,4122}"
CE0x51a4c20 "{CE0x51a4c20|selinux_socket_bind:tmp113|security/selinux/hooks.c,4122|*SummSink*}"
CONST[source:0(mediator),value:2(dynamic)][purpose:{subject}][SnkIdx:4]


CONST[source:2(external),value:0(static)][purpose:{operation}][SrcIdx:21]  ->  CONST[source:0(mediator),value:2(dynamic)][purpose:{object}][SnkIdx:1]
-----------
CONST[source:2(external),value:0(static)][purpose:{operation}][SrcIdx:21]
CE0x4fea7b0 "{CE0x4fea7b0|i32_2|*Constant*}"
CE0x50abbe0 "{CE0x50abbe0|selinux_socket_bind:cmp|security/selinux/hooks.c,4048}"
CE0x4fdf700 "{CE0x4fdf700|selinux_socket_bind:if.end38}"
CE0x51c9650 "{CE0x51c9650|selinux_socket_bind:tmp71|security/selinux/hooks.c,4082}"
CE0x51c97d0 "{CE0x51c97d0|selinux_socket_bind:tmp71|security/selinux/hooks.c,4082|*SummSink*}"
CONST[source:0(mediator),value:2(dynamic)][purpose:{object}][SnkIdx:1]


CONST[source:2(external),value:0(static)][purpose:{operation}][SrcIdx:21]  ->  CONST[source:0(mediator),value:2(dynamic)][purpose:{object}][SnkIdx:5]
-----------
CONST[source:2(external),value:0(static)][purpose:{operation}][SrcIdx:21]
CE0x4fea7b0 "{CE0x4fea7b0|i32_2|*Constant*}"
CE0x50abbe0 "{CE0x50abbe0|selinux_socket_bind:cmp|security/selinux/hooks.c,4048}"
CE0x4fc72f0 "{CE0x4fc72f0|selinux_socket_bind:if.end89}"
CE0x51a4d30 "{CE0x51a4d30|selinux_socket_bind:tmp114|security/selinux/hooks.c,4122}"
CE0x51a5160 "{CE0x51a5160|selinux_socket_bind:tmp114|security/selinux/hooks.c,4122|*SummSink*}"
CONST[source:0(mediator),value:2(dynamic)][purpose:{object}][SnkIdx:5]


CONST[source:2(external),value:0(static)][purpose:{operation}][SrcIdx:21]  ->  CONST[source:0(mediator),value:2(dynamic)][purpose:{object}][SnkIdx:2]
-----------
CONST[source:2(external),value:0(static)][purpose:{operation}][SrcIdx:21]
CE0x4fea7b0 "{CE0x4fea7b0|i32_2|*Constant*}"
CE0x50abbe0 "{CE0x50abbe0|selinux_socket_bind:cmp|security/selinux/hooks.c,4048}"
CE0x4fdf700 "{CE0x4fdf700|selinux_socket_bind:if.end38}"
CE0x51ca420 "{CE0x51ca420|selinux_socket_bind:tmp72|security/selinux/hooks.c,4083}"
CE0x51ca700 "{CE0x51ca700|selinux_socket_bind:tmp72|security/selinux/hooks.c,4083|*SummSink*}"
CONST[source:0(mediator),value:2(dynamic)][purpose:{object}][SnkIdx:2]


CONST[source:2(external),value:0(static)][purpose:{operation}][SrcIdx:21]  ->  CONST[source:0(mediator),value:2(dynamic)][purpose:{subject}][SnkIdx:0]
-----------
CONST[source:2(external),value:0(static)][purpose:{operation}][SrcIdx:21]
CE0x4fea7b0 "{CE0x4fea7b0|i32_2|*Constant*}"
CE0x51c81d0 "{CE0x51c81d0|selinux_socket_bind:sid48|security/selinux/hooks.c,4082}"
CE0x51c9120 "{CE0x51c9120|selinux_socket_bind:tmp70|security/selinux/hooks.c,4082}"
CE0x51c6710 "{CE0x51c6710|selinux_socket_bind:tmp70|security/selinux/hooks.c,4082|*SummSink*}"
CONST[source:0(mediator),value:2(dynamic)][purpose:{subject}][SnkIdx:0]


CONST[source:2(external),value:0(static)][purpose:{operation}][SrcIdx:24]  ->  CONST[source:0(mediator),value:0(static)][purpose:{operation}][SnkIdx:7]
-----------
CONST[source:2(external),value:0(static)][purpose:{operation}][SrcIdx:24]
CE0x5097230 "{CE0x5097230|i32_10|*Constant*}"
CE0x4ff1c90 "{CE0x4ff1c90|selinux_socket_bind:cmp5|security/selinux/hooks.c,4048}"
CE0x4fdd360 "{CE0x4fdd360|selinux_socket_bind:sw.epilog}"
CE0x51d9ed0 "{CE0x51d9ed0|selinux_socket_bind:node_perm.0}"
CE0x51da110 "{CE0x51da110|selinux_socket_bind:node_perm.0|*SummSink*}"
CONST[source:0(mediator),value:0(static)][purpose:{operation}][SnkIdx:7]


CONST[source:2(external),value:0(static)][purpose:{operation}][SrcIdx:24]  ->  CONST[source:0(mediator),value:2(dynamic)][purpose:{object}][SnkIdx:6]
-----------
CONST[source:2(external),value:0(static)][purpose:{operation}][SrcIdx:24]
CE0x5097230 "{CE0x5097230|i32_10|*Constant*}"
CE0x4ff1c90 "{CE0x4ff1c90|selinux_socket_bind:cmp5|security/selinux/hooks.c,4048}"
CE0x4fc72f0 "{CE0x4fc72f0|selinux_socket_bind:if.end89}"
CE0x5064ff0 "{CE0x5064ff0|selinux_socket_bind:tmp115|security/selinux/hooks.c,4123}"
CE0x505df80 "{CE0x505df80|selinux_socket_bind:tmp115|security/selinux/hooks.c,4123|*SummSink*}"
CONST[source:0(mediator),value:2(dynamic)][purpose:{object}][SnkIdx:6]


CONST[source:2(external),value:0(static)][purpose:{operation}][SrcIdx:24]  ->  CONST[source:0(mediator),value:2(dynamic)][purpose:{subject}][SnkIdx:4]
-----------
CONST[source:2(external),value:0(static)][purpose:{operation}][SrcIdx:24]
CE0x5097230 "{CE0x5097230|i32_10|*Constant*}"
CE0x4ff1c90 "{CE0x4ff1c90|selinux_socket_bind:cmp5|security/selinux/hooks.c,4048}"
CE0x4fc72f0 "{CE0x4fc72f0|selinux_socket_bind:if.end89}"
CE0x50649d0 "{CE0x50649d0|selinux_socket_bind:tmp113|security/selinux/hooks.c,4122}"
CE0x51a4c20 "{CE0x51a4c20|selinux_socket_bind:tmp113|security/selinux/hooks.c,4122|*SummSink*}"
CONST[source:0(mediator),value:2(dynamic)][purpose:{subject}][SnkIdx:4]


CONST[source:2(external),value:0(static)][purpose:{operation}][SrcIdx:24]  ->  CONST[source:0(mediator),value:2(dynamic)][purpose:{object}][SnkIdx:1]
-----------
CONST[source:2(external),value:0(static)][purpose:{operation}][SrcIdx:24]
CE0x5097230 "{CE0x5097230|i32_10|*Constant*}"
CE0x4ff1c90 "{CE0x4ff1c90|selinux_socket_bind:cmp5|security/selinux/hooks.c,4048}"
CE0x4fdf700 "{CE0x4fdf700|selinux_socket_bind:if.end38}"
CE0x51c9650 "{CE0x51c9650|selinux_socket_bind:tmp71|security/selinux/hooks.c,4082}"
CE0x51c97d0 "{CE0x51c97d0|selinux_socket_bind:tmp71|security/selinux/hooks.c,4082|*SummSink*}"
CONST[source:0(mediator),value:2(dynamic)][purpose:{object}][SnkIdx:1]


CONST[source:2(external),value:0(static)][purpose:{operation}][SrcIdx:24]  ->  CONST[source:0(mediator),value:2(dynamic)][purpose:{object}][SnkIdx:5]
-----------
CONST[source:2(external),value:0(static)][purpose:{operation}][SrcIdx:24]
CE0x5097230 "{CE0x5097230|i32_10|*Constant*}"
CE0x4ff1c90 "{CE0x4ff1c90|selinux_socket_bind:cmp5|security/selinux/hooks.c,4048}"
CE0x4fc72f0 "{CE0x4fc72f0|selinux_socket_bind:if.end89}"
CE0x51a4d30 "{CE0x51a4d30|selinux_socket_bind:tmp114|security/selinux/hooks.c,4122}"
CE0x51a5160 "{CE0x51a5160|selinux_socket_bind:tmp114|security/selinux/hooks.c,4122|*SummSink*}"
CONST[source:0(mediator),value:2(dynamic)][purpose:{object}][SnkIdx:5]


CONST[source:2(external),value:0(static)][purpose:{operation}][SrcIdx:24]  ->  CONST[source:0(mediator),value:2(dynamic)][purpose:{object}][SnkIdx:2]
-----------
CONST[source:2(external),value:0(static)][purpose:{operation}][SrcIdx:24]
CE0x5097230 "{CE0x5097230|i32_10|*Constant*}"
CE0x4ff1c90 "{CE0x4ff1c90|selinux_socket_bind:cmp5|security/selinux/hooks.c,4048}"
CE0x4fdf700 "{CE0x4fdf700|selinux_socket_bind:if.end38}"
CE0x51ca420 "{CE0x51ca420|selinux_socket_bind:tmp72|security/selinux/hooks.c,4083}"
CE0x51ca700 "{CE0x51ca700|selinux_socket_bind:tmp72|security/selinux/hooks.c,4083|*SummSink*}"
CONST[source:0(mediator),value:2(dynamic)][purpose:{object}][SnkIdx:2]


CONST[source:2(external),value:0(static)][purpose:{operation}][SrcIdx:24]  ->  CONST[source:0(mediator),value:2(dynamic)][purpose:{subject}][SnkIdx:0]
-----------
CONST[source:2(external),value:0(static)][purpose:{operation}][SrcIdx:24]
CE0x5097230 "{CE0x5097230|i32_10|*Constant*}"
CE0x4ff1c90 "{CE0x4ff1c90|selinux_socket_bind:cmp5|security/selinux/hooks.c,4048}"
CE0x4fdf700 "{CE0x4fdf700|selinux_socket_bind:if.end38}"
CE0x51c9120 "{CE0x51c9120|selinux_socket_bind:tmp70|security/selinux/hooks.c,4082}"
CE0x51c6710 "{CE0x51c6710|selinux_socket_bind:tmp70|security/selinux/hooks.c,4082|*SummSink*}"
CONST[source:0(mediator),value:2(dynamic)][purpose:{subject}][SnkIdx:0]


CONST[source:2(external),value:2(dynamic)][purpose:{subject}][SrcIdx:32]  ->  CONST[source:0(mediator),value:2(dynamic)][purpose:{subject}][SnkIdx:8]
-----------
CONST[source:2(external),value:2(dynamic)][purpose:{subject}][SrcIdx:32]
CE0x50230f0 "{CE0x50230f0|COLLAPSED:_GCMRE_current_task_external_global_%struct.task_struct*:_elem_0:default:}"
CE0x5136d60 "{CE0x5136d60|task_sid:tmp4|*LoadInst*|security/selinux/hooks.c,208}"
CE0x516b3f0 "{CE0x516b3f0|cred_sid:cred|Function::cred_sid&Arg::cred::}"
CE0x5134970 "{CE0x5134970|cred_sid:security|security/selinux/hooks.c,196}"
CE0x5143b80 "{CE0x5143b80|cred_sid:tmp4|*LoadInst*|security/selinux/hooks.c,196}"
CE0x5144330 "{CE0x5144330|cred_sid:tmp5|security/selinux/hooks.c,196}"
CE0x516d000 "{CE0x516d000|cred_sid:sid|security/selinux/hooks.c,197}"
CE0x52a6d90 "{CE0x52a6d90|cred_sid:tmp6|security/selinux/hooks.c,197}"
CE0x516b750 "{CE0x516b750|_ret_i32_%tmp6,_!dbg_!27716|security/selinux/hooks.c,197}"
CE0x516a090 "{CE0x516a090|task_sid:call7|security/selinux/hooks.c,208}"
CE0x50be6a0 "{CE0x50be6a0|_ret_i32_%call7,_!dbg_!27749|security/selinux/hooks.c,210}"
CE0x512a2f0 "{CE0x512a2f0|sock_has_perm:call|security/selinux/hooks.c,3967}"
CE0x512a450 "{CE0x512a450|sock_has_perm:call|security/selinux/hooks.c,3967|*SummSink*}"
CONST[source:0(mediator),value:2(dynamic)][purpose:{subject}][SnkIdx:8]


CONST[source:1(input),value:2(dynamic)][purpose:{object}][SrcIdx:29]  ->  CONST[source:0(mediator),value:0(static)][purpose:{operation}][SnkIdx:7]
-----------
CONST[source:1(input),value:2(dynamic)][purpose:{object}][SrcIdx:29]
CE0x50a0eb0 "{CE0x50a0eb0|COLLAPSED:_SCMRE_37,38_}"
CE0x51d9410 "{CE0x51d9410|selinux_socket_bind:call59|security/selinux/hooks.c,4108}"
CE0x51dac70 "{CE0x51dac70|selinux_socket_bind:tobool60|security/selinux/hooks.c,4109}"
CE0x4fd1440 "{CE0x4fd1440|selinux_socket_bind:if.end62}"
CE0x5044380 "{CE0x5044380|__fswab16:entry}"
CE0x5126ea0 "{CE0x5126ea0|__fswab16:bb}"
CE0x507eaa0 "{CE0x507eaa0|_ret_i16_%conv3,_!dbg_!27720|include/uapi/linux/swab.h,53}"
CE0x504a360 "{CE0x504a360|selinux_socket_bind:call12|security/selinux/hooks.c,4060}"
CE0x507edb0 "{CE0x507edb0|selinux_socket_bind:conv13|security/selinux/hooks.c,4060}"
CE0x504b360 "{CE0x504b360|selinux_socket_bind:conv14|security/selinux/hooks.c,4060}"
CE0x504e2f0 "{CE0x504e2f0|selinux_socket_bind:snum.0}"
CE0x504f0d0 "{CE0x504f0d0|selinux_socket_bind:tobool19|security/selinux/hooks.c,4068}"
CE0x4fdd360 "{CE0x4fdd360|selinux_socket_bind:sw.epilog}"
CE0x51d9ed0 "{CE0x51d9ed0|selinux_socket_bind:node_perm.0}"
CE0x51da110 "{CE0x51da110|selinux_socket_bind:node_perm.0|*SummSink*}"
CONST[source:0(mediator),value:0(static)][purpose:{operation}][SnkIdx:7]


CONST[source:1(input),value:2(dynamic)][purpose:{object}][SrcIdx:29]  ->  CONST[source:0(mediator),value:2(dynamic)][purpose:{object}][SnkIdx:6]
-----------
CONST[source:1(input),value:2(dynamic)][purpose:{object}][SrcIdx:29]
CE0x50a1730 "{CE0x50a1730|COLLAPSED:_SCMRE_45,46_}"
CE0x51d9410 "{CE0x51d9410|selinux_socket_bind:call59|security/selinux/hooks.c,4108}"
CE0x51dac70 "{CE0x51dac70|selinux_socket_bind:tobool60|security/selinux/hooks.c,4109}"
CE0x4fc72f0 "{CE0x4fc72f0|selinux_socket_bind:if.end89}"
CE0x5064ff0 "{CE0x5064ff0|selinux_socket_bind:tmp115|security/selinux/hooks.c,4123}"
CE0x505df80 "{CE0x505df80|selinux_socket_bind:tmp115|security/selinux/hooks.c,4123|*SummSink*}"
CONST[source:0(mediator),value:2(dynamic)][purpose:{object}][SnkIdx:6]


CONST[source:1(input),value:2(dynamic)][purpose:{object}][SrcIdx:29]  ->  CONST[source:0(mediator),value:2(dynamic)][purpose:{subject}][SnkIdx:4]
-----------
CONST[source:1(input),value:2(dynamic)][purpose:{object}][SrcIdx:29]
CE0x50a1730 "{CE0x50a1730|COLLAPSED:_SCMRE_45,46_}"
CE0x51d9410 "{CE0x51d9410|selinux_socket_bind:call59|security/selinux/hooks.c,4108}"
CE0x51dac70 "{CE0x51dac70|selinux_socket_bind:tobool60|security/selinux/hooks.c,4109}"
CE0x4fc72f0 "{CE0x4fc72f0|selinux_socket_bind:if.end89}"
CE0x50649d0 "{CE0x50649d0|selinux_socket_bind:tmp113|security/selinux/hooks.c,4122}"
CE0x51a4c20 "{CE0x51a4c20|selinux_socket_bind:tmp113|security/selinux/hooks.c,4122|*SummSink*}"
CONST[source:0(mediator),value:2(dynamic)][purpose:{subject}][SnkIdx:4]


CONST[source:1(input),value:2(dynamic)][purpose:{object}][SrcIdx:29]  ->  CONST[source:0(mediator),value:2(dynamic)][purpose:{object}][SnkIdx:1]
-----------
CONST[source:1(input),value:2(dynamic)][purpose:{object}][SrcIdx:29]
CE0x50a0eb0 "{CE0x50a0eb0|COLLAPSED:_SCMRE_37,38_}"
CE0x51d9410 "{CE0x51d9410|selinux_socket_bind:call59|security/selinux/hooks.c,4108}"
CE0x51dac70 "{CE0x51dac70|selinux_socket_bind:tobool60|security/selinux/hooks.c,4109}"
CE0x4fd1440 "{CE0x4fd1440|selinux_socket_bind:if.end62}"
CE0x5044380 "{CE0x5044380|__fswab16:entry}"
CE0x5126ea0 "{CE0x5126ea0|__fswab16:bb}"
CE0x507eaa0 "{CE0x507eaa0|_ret_i16_%conv3,_!dbg_!27720|include/uapi/linux/swab.h,53}"
CE0x504a360 "{CE0x504a360|selinux_socket_bind:call12|security/selinux/hooks.c,4060}"
CE0x507edb0 "{CE0x507edb0|selinux_socket_bind:conv13|security/selinux/hooks.c,4060}"
CE0x504b360 "{CE0x504b360|selinux_socket_bind:conv14|security/selinux/hooks.c,4060}"
CE0x504e2f0 "{CE0x504e2f0|selinux_socket_bind:snum.0}"
CE0x504f0d0 "{CE0x504f0d0|selinux_socket_bind:tobool19|security/selinux/hooks.c,4068}"
CE0x4fdf700 "{CE0x4fdf700|selinux_socket_bind:if.end38}"
CE0x51c9650 "{CE0x51c9650|selinux_socket_bind:tmp71|security/selinux/hooks.c,4082}"
CE0x51c97d0 "{CE0x51c97d0|selinux_socket_bind:tmp71|security/selinux/hooks.c,4082|*SummSink*}"
CONST[source:0(mediator),value:2(dynamic)][purpose:{object}][SnkIdx:1]


CONST[source:1(input),value:2(dynamic)][purpose:{object}][SrcIdx:29]  ->  CONST[source:0(mediator),value:2(dynamic)][purpose:{object}][SnkIdx:5]
-----------
CONST[source:1(input),value:2(dynamic)][purpose:{object}][SrcIdx:29]
CE0x50a0eb0 "{CE0x50a0eb0|COLLAPSED:_SCMRE_37,38_}"
CE0x51d9410 "{CE0x51d9410|selinux_socket_bind:call59|security/selinux/hooks.c,4108}"
CE0x51dac70 "{CE0x51dac70|selinux_socket_bind:tobool60|security/selinux/hooks.c,4109}"
CE0x4fc72f0 "{CE0x4fc72f0|selinux_socket_bind:if.end89}"
CE0x51a4d30 "{CE0x51a4d30|selinux_socket_bind:tmp114|security/selinux/hooks.c,4122}"
CE0x51a5160 "{CE0x51a5160|selinux_socket_bind:tmp114|security/selinux/hooks.c,4122|*SummSink*}"
CONST[source:0(mediator),value:2(dynamic)][purpose:{object}][SnkIdx:5]


CONST[source:1(input),value:2(dynamic)][purpose:{object}][SrcIdx:29]  ->  CONST[source:0(mediator),value:2(dynamic)][purpose:{object}][SnkIdx:2]
-----------
CONST[source:1(input),value:2(dynamic)][purpose:{object}][SrcIdx:29]
CE0x50a0eb0 "{CE0x50a0eb0|COLLAPSED:_SCMRE_37,38_}"
CE0x51d9410 "{CE0x51d9410|selinux_socket_bind:call59|security/selinux/hooks.c,4108}"
CE0x51dac70 "{CE0x51dac70|selinux_socket_bind:tobool60|security/selinux/hooks.c,4109}"
CE0x4fd1440 "{CE0x4fd1440|selinux_socket_bind:if.end62}"
CE0x5044380 "{CE0x5044380|__fswab16:entry}"
CE0x5126ea0 "{CE0x5126ea0|__fswab16:bb}"
CE0x507eaa0 "{CE0x507eaa0|_ret_i16_%conv3,_!dbg_!27720|include/uapi/linux/swab.h,53}"
CE0x504a360 "{CE0x504a360|selinux_socket_bind:call12|security/selinux/hooks.c,4060}"
CE0x507edb0 "{CE0x507edb0|selinux_socket_bind:conv13|security/selinux/hooks.c,4060}"
CE0x504b360 "{CE0x504b360|selinux_socket_bind:conv14|security/selinux/hooks.c,4060}"
CE0x504e2f0 "{CE0x504e2f0|selinux_socket_bind:snum.0}"
CE0x504f0d0 "{CE0x504f0d0|selinux_socket_bind:tobool19|security/selinux/hooks.c,4068}"
CE0x4fdf700 "{CE0x4fdf700|selinux_socket_bind:if.end38}"
CE0x51ca420 "{CE0x51ca420|selinux_socket_bind:tmp72|security/selinux/hooks.c,4083}"
CE0x51ca700 "{CE0x51ca700|selinux_socket_bind:tmp72|security/selinux/hooks.c,4083|*SummSink*}"
CONST[source:0(mediator),value:2(dynamic)][purpose:{object}][SnkIdx:2]


CONST[source:1(input),value:2(dynamic)][purpose:{object}][SrcIdx:29]  ->  CONST[source:0(mediator),value:2(dynamic)][purpose:{subject}][SnkIdx:0]
-----------
CONST[source:1(input),value:2(dynamic)][purpose:{object}][SrcIdx:29]
CE0x50a0eb0 "{CE0x50a0eb0|COLLAPSED:_SCMRE_37,38_}"
CE0x51d9410 "{CE0x51d9410|selinux_socket_bind:call59|security/selinux/hooks.c,4108}"
CE0x51dac70 "{CE0x51dac70|selinux_socket_bind:tobool60|security/selinux/hooks.c,4109}"
CE0x4fd1440 "{CE0x4fd1440|selinux_socket_bind:if.end62}"
CE0x5044380 "{CE0x5044380|__fswab16:entry}"
CE0x5126ea0 "{CE0x5126ea0|__fswab16:bb}"
CE0x507eaa0 "{CE0x507eaa0|_ret_i16_%conv3,_!dbg_!27720|include/uapi/linux/swab.h,53}"
CE0x504a360 "{CE0x504a360|selinux_socket_bind:call12|security/selinux/hooks.c,4060}"
CE0x507edb0 "{CE0x507edb0|selinux_socket_bind:conv13|security/selinux/hooks.c,4060}"
CE0x504b360 "{CE0x504b360|selinux_socket_bind:conv14|security/selinux/hooks.c,4060}"
CE0x504e2f0 "{CE0x504e2f0|selinux_socket_bind:snum.0}"
CE0x504f0d0 "{CE0x504f0d0|selinux_socket_bind:tobool19|security/selinux/hooks.c,4068}"
CE0x4fdf700 "{CE0x4fdf700|selinux_socket_bind:if.end38}"
CE0x51c9120 "{CE0x51c9120|selinux_socket_bind:tmp70|security/selinux/hooks.c,4082}"
CE0x51c6710 "{CE0x51c6710|selinux_socket_bind:tmp70|security/selinux/hooks.c,4082|*SummSink*}"
CONST[source:0(mediator),value:2(dynamic)][purpose:{subject}][SnkIdx:0]


CONST[source:2(external),value:0(static)][purpose:{operation}][SrcIdx:23]  ->  CONST[source:0(mediator),value:0(static)][purpose:{operation}][SnkIdx:7]
-----------
CONST[source:2(external),value:0(static)][purpose:{operation}][SrcIdx:23]
CE0x4fea7b0 "{CE0x4fea7b0|i32_2|*Constant*}"
CE0x50abbe0 "{CE0x50abbe0|selinux_socket_bind:cmp|security/selinux/hooks.c,4048}"
CE0x4fdd360 "{CE0x4fdd360|selinux_socket_bind:sw.epilog}"
CE0x51d9ed0 "{CE0x51d9ed0|selinux_socket_bind:node_perm.0}"
CE0x51da110 "{CE0x51da110|selinux_socket_bind:node_perm.0|*SummSink*}"
CONST[source:0(mediator),value:0(static)][purpose:{operation}][SnkIdx:7]


CONST[source:2(external),value:0(static)][purpose:{operation}][SrcIdx:23]  ->  CONST[source:0(mediator),value:2(dynamic)][purpose:{object}][SnkIdx:6]
-----------
CONST[source:2(external),value:0(static)][purpose:{operation}][SrcIdx:23]
CE0x4fea7b0 "{CE0x4fea7b0|i32_2|*Constant*}"
CE0x50abbe0 "{CE0x50abbe0|selinux_socket_bind:cmp|security/selinux/hooks.c,4048}"
CE0x4fc72f0 "{CE0x4fc72f0|selinux_socket_bind:if.end89}"
CE0x5064ff0 "{CE0x5064ff0|selinux_socket_bind:tmp115|security/selinux/hooks.c,4123}"
CE0x505df80 "{CE0x505df80|selinux_socket_bind:tmp115|security/selinux/hooks.c,4123|*SummSink*}"
CONST[source:0(mediator),value:2(dynamic)][purpose:{object}][SnkIdx:6]


CONST[source:2(external),value:0(static)][purpose:{operation}][SrcIdx:23]  ->  CONST[source:0(mediator),value:2(dynamic)][purpose:{subject}][SnkIdx:4]
-----------
CONST[source:2(external),value:0(static)][purpose:{operation}][SrcIdx:23]
CE0x4fea7b0 "{CE0x4fea7b0|i32_2|*Constant*}"
CE0x5064a40 "{CE0x5064a40|selinux_socket_bind:sid90|security/selinux/hooks.c,4122}"
CE0x50649d0 "{CE0x50649d0|selinux_socket_bind:tmp113|security/selinux/hooks.c,4122}"
CE0x51a4c20 "{CE0x51a4c20|selinux_socket_bind:tmp113|security/selinux/hooks.c,4122|*SummSink*}"
CONST[source:0(mediator),value:2(dynamic)][purpose:{subject}][SnkIdx:4]


CONST[source:2(external),value:0(static)][purpose:{operation}][SrcIdx:23]  ->  CONST[source:0(mediator),value:2(dynamic)][purpose:{object}][SnkIdx:1]
-----------
CONST[source:2(external),value:0(static)][purpose:{operation}][SrcIdx:23]
CE0x4fea7b0 "{CE0x4fea7b0|i32_2|*Constant*}"
CE0x50abbe0 "{CE0x50abbe0|selinux_socket_bind:cmp|security/selinux/hooks.c,4048}"
CE0x4fdf700 "{CE0x4fdf700|selinux_socket_bind:if.end38}"
CE0x51c9650 "{CE0x51c9650|selinux_socket_bind:tmp71|security/selinux/hooks.c,4082}"
CE0x51c97d0 "{CE0x51c97d0|selinux_socket_bind:tmp71|security/selinux/hooks.c,4082|*SummSink*}"
CONST[source:0(mediator),value:2(dynamic)][purpose:{object}][SnkIdx:1]


CONST[source:2(external),value:0(static)][purpose:{operation}][SrcIdx:23]  ->  CONST[source:0(mediator),value:2(dynamic)][purpose:{object}][SnkIdx:5]
-----------
CONST[source:2(external),value:0(static)][purpose:{operation}][SrcIdx:23]
CE0x4fea7b0 "{CE0x4fea7b0|i32_2|*Constant*}"
CE0x50abbe0 "{CE0x50abbe0|selinux_socket_bind:cmp|security/selinux/hooks.c,4048}"
CE0x4fc72f0 "{CE0x4fc72f0|selinux_socket_bind:if.end89}"
CE0x51a4d30 "{CE0x51a4d30|selinux_socket_bind:tmp114|security/selinux/hooks.c,4122}"
CE0x51a5160 "{CE0x51a5160|selinux_socket_bind:tmp114|security/selinux/hooks.c,4122|*SummSink*}"
CONST[source:0(mediator),value:2(dynamic)][purpose:{object}][SnkIdx:5]


CONST[source:2(external),value:0(static)][purpose:{operation}][SrcIdx:23]  ->  CONST[source:0(mediator),value:2(dynamic)][purpose:{object}][SnkIdx:2]
-----------
CONST[source:2(external),value:0(static)][purpose:{operation}][SrcIdx:23]
CE0x4fea7b0 "{CE0x4fea7b0|i32_2|*Constant*}"
CE0x50abbe0 "{CE0x50abbe0|selinux_socket_bind:cmp|security/selinux/hooks.c,4048}"
CE0x4fdf700 "{CE0x4fdf700|selinux_socket_bind:if.end38}"
CE0x51ca420 "{CE0x51ca420|selinux_socket_bind:tmp72|security/selinux/hooks.c,4083}"
CE0x51ca700 "{CE0x51ca700|selinux_socket_bind:tmp72|security/selinux/hooks.c,4083|*SummSink*}"
CONST[source:0(mediator),value:2(dynamic)][purpose:{object}][SnkIdx:2]


CONST[source:2(external),value:0(static)][purpose:{operation}][SrcIdx:23]  ->  CONST[source:0(mediator),value:2(dynamic)][purpose:{subject}][SnkIdx:0]
-----------
CONST[source:2(external),value:0(static)][purpose:{operation}][SrcIdx:23]
CE0x4fea7b0 "{CE0x4fea7b0|i32_2|*Constant*}"
CE0x51c81d0 "{CE0x51c81d0|selinux_socket_bind:sid48|security/selinux/hooks.c,4082}"
CE0x51c9120 "{CE0x51c9120|selinux_socket_bind:tmp70|security/selinux/hooks.c,4082}"
CE0x51c6710 "{CE0x51c6710|selinux_socket_bind:tmp70|security/selinux/hooks.c,4082|*SummSink*}"
CONST[source:0(mediator),value:2(dynamic)][purpose:{subject}][SnkIdx:0]


