[tomoyo_path_rmdir]

explicit:
CONST[source:1(input),value:2(dynamic)][purpose:{object}][SrcIdx:16]  ->  CONST[source:0(mediator),value:2(dynamic)][purpose:{object}][SnkIdx:1]
-----------
CONST[source:1(input),value:2(dynamic)][purpose:{object}][SrcIdx:16]
CE0x3c9f230 "{CE0x3c9f230|tomoyo_path_perm:buf|security/tomoyo/file.c, 792|*SummSource*}"
CE0x499c050 "{CE0x499c050|tomoyo_path_perm:buf|security/tomoyo/file.c, 792}"
CE0x5df61c0 "{CE0x5df61c0|tomoyo_path_permission:filename|Function::tomoyo_path_permission&Arg::filename::}"
CE0x5a42d80 "{CE0x5a42d80|0:_%struct.tomoyo_obj_info*,_16:_%struct.tomoyo_domain_info*,_24:_%struct.tomoyo_path_info*,_40:_i8,_72:_i8,_75:_i8,_76:_i8,_77:_i8,_:_SCMRE_27,28_}"
CONST[source:0(mediator),value:2(dynamic)][purpose:{object}][SnkIdx:1]


CONST[source:2(external),value:2(dynamic)][purpose:{subject}][SrcIdx:17]  ->  CONST[source:0(mediator),value:2(dynamic)][purpose:{subject}][SnkIdx:0]
-----------
CONST[source:2(external),value:2(dynamic)][purpose:{subject}][SrcIdx:17]
CE0x49c57a0 "{CE0x49c57a0|128:_i8*,_1208:_%struct.file*,_:_CMRE_128,136_|*MultipleSource*|security/tomoyo/common.h,1205|security/tomoyo/common.h,1205}"
CE0x57d7630 "{CE0x57d7630|tomoyo_domain:tmp22|security/tomoyo/common.h,1205}"
CE0x5ce8350 "{CE0x5ce8350|tomoyo_domain:tmp23|security/tomoyo/common.h,1205}"
CE0x72f6d20 "{CE0x72f6d20|_ret_%struct.tomoyo_domain_info*_%tmp23,_!dbg_!38929|security/tomoyo/common.h,1205}"
CE0x58edd90 "{CE0x58edd90|tomoyo_init_request_info:call|security/tomoyo/util.c,1005}"
CE0x744ad70 "{CE0x744ad70|tomoyo_init_request_info:domain.addr.0}"
CE0x5a421a0 "{CE0x5a421a0|0:_%struct.tomoyo_obj_info*,_16:_%struct.tomoyo_domain_info*,_24:_%struct.tomoyo_path_info*,_40:_i8,_72:_i8,_75:_i8,_76:_i8,_77:_i8,_:_SCMRE_16,24_|*MultipleSource*|security/tomoyo/file.c, 787|security/tomoyo/file.c,787|Function::tomoyo_init_request_info&Arg::r::|security/tomoyo/file.c,800}"
CONST[source:0(mediator),value:2(dynamic)][purpose:{subject}][SnkIdx:0]



implicit:
CONST[source:0(mediator),value:0(static)][purpose:{operation}][SrcIdx:15]  ->  CONST[source:0(mediator),value:2(dynamic)][purpose:{object}][SnkIdx:2]
-----------
CONST[source:0(mediator),value:0(static)][purpose:{operation}][SrcIdx:15]
CE0x3f414d0 "{CE0x3f414d0|tomoyo_path_perm:operation|Function::tomoyo_path_perm&Arg::operation::|*SummSource*}"
CE0x3f413f0 "{CE0x3f413f0|tomoyo_path_perm:operation|Function::tomoyo_path_perm&Arg::operation::}"
CE0x59ea730 "{CE0x59ea730|tomoyo_path_perm:conv8|security/tomoyo/file.c,807}"
CE0x4958ec0 "{CE0x4958ec0|tomoyo_path_perm:sw.epilog}"
CE0x4cf70e0 "{CE0x4cf70e0|tomoyo_path_permission:entry}"
CE0x5955bf0 "{CE0x5955bf0|tomoyo_path_permission:bb}"
CE0x5b4a7d0 "{CE0x5b4a7d0|0:_%struct.tomoyo_obj_info*,_16:_%struct.tomoyo_domain_info*,_24:_%struct.tomoyo_path_info*,_40:_i8,_72:_i8,_75:_i8,_76:_i8,_77:_i8,_:_SCMRE_76,77_|*MultipleSource*|security/tomoyo/file.c, 787|security/tomoyo/file.c,787|Function::tomoyo_init_request_info&Arg::r::|security/tomoyo/file.c,800}"
CE0x4caefe0 "{CE0x4caefe0|tomoyo_init_request_info:tmp13|*LoadInst*|security/tomoyo/util.c,1011}"
CE0x4caf360 "{CE0x4caf360|tomoyo_init_request_info:conv6|security/tomoyo/util.c,1011}"
CE0x4a44920 "{CE0x4a44920|_ret_i32_%conv6,_!dbg_!38926|security/tomoyo/util.c,1011}"
CE0x4a432b0 "{CE0x4a432b0|tomoyo_path_perm:call|security/tomoyo/file.c,797}"
CE0x4a44fc0 "{CE0x4a44fc0|tomoyo_path_perm:cmp|security/tomoyo/file.c,798}"
CE0x3ed7f70 "{CE0x3ed7f70|tomoyo_path_perm:if.end6}"
CE0x4a99290 "{CE0x4a99290|0:_%struct.tomoyo_obj_info*,_16:_%struct.tomoyo_domain_info*,_24:_%struct.tomoyo_path_info*,_40:_i8,_72:_i8,_75:_i8,_76:_i8,_77:_i8,_:_SCMRE_0,8_|*MultipleSource*|security/tomoyo/file.c, 787|security/tomoyo/file.c,787|Function::tomoyo_init_request_info&Arg::r::|security/tomoyo/file.c,800}"
CONST[source:0(mediator),value:2(dynamic)][purpose:{object}][SnkIdx:2]


CONST[source:0(mediator),value:0(static)][purpose:{operation}][SrcIdx:15]  ->  CONST[source:0(mediator),value:2(dynamic)][purpose:{object}][SnkIdx:1]
-----------
CONST[source:0(mediator),value:0(static)][purpose:{operation}][SrcIdx:15]
CE0x3f414d0 "{CE0x3f414d0|tomoyo_path_perm:operation|Function::tomoyo_path_perm&Arg::operation::|*SummSource*}"
CE0x3f413f0 "{CE0x3f413f0|tomoyo_path_perm:operation|Function::tomoyo_path_perm&Arg::operation::}"
CE0x59ea730 "{CE0x59ea730|tomoyo_path_perm:conv8|security/tomoyo/file.c,807}"
CE0x4958ec0 "{CE0x4958ec0|tomoyo_path_perm:sw.epilog}"
CE0x4cf70e0 "{CE0x4cf70e0|tomoyo_path_permission:entry}"
CE0x5cc1530 "{CE0x5cc1530|tomoyo_path_permission:if.end}"
CE0x5a4f8a0 "{CE0x5a4f8a0|0:_%struct.tomoyo_obj_info*,_16:_%struct.tomoyo_domain_info*,_24:_%struct.tomoyo_path_info*,_40:_i8,_72:_i8,_75:_i8,_76:_i8,_77:_i8,_:_SCMRE_26,27_}"
CONST[source:0(mediator),value:2(dynamic)][purpose:{object}][SnkIdx:1]


CONST[source:1(input),value:2(dynamic)][purpose:{object}][SrcIdx:16]  ->  CONST[source:0(mediator),value:2(dynamic)][purpose:{object}][SnkIdx:2]
-----------
CONST[source:1(input),value:2(dynamic)][purpose:{object}][SrcIdx:16]
CE0x5bae890 "{CE0x5bae890|0:_i8*,_:_SCMRE_0,8_|*MultipleSource*|security/tomoyo/file.c, 792|security/tomoyo/file.c, 794|security/tomoyo/file.c,802}"
CE0x72cb820 "{CE0x72cb820|tomoyo_path_perm:tmp23|security/tomoyo/file.c,814}"
CE0x5c99510 "{CE0x5c99510|tomoyo_path_perm:tobool|security/tomoyo/file.c,814}"
CE0x4958ec0 "{CE0x4958ec0|tomoyo_path_perm:sw.epilog}"
CE0x4cf70e0 "{CE0x4cf70e0|tomoyo_path_permission:entry}"
CE0x5955bf0 "{CE0x5955bf0|tomoyo_path_permission:bb}"
CE0x5b4a7d0 "{CE0x5b4a7d0|0:_%struct.tomoyo_obj_info*,_16:_%struct.tomoyo_domain_info*,_24:_%struct.tomoyo_path_info*,_40:_i8,_72:_i8,_75:_i8,_76:_i8,_77:_i8,_:_SCMRE_76,77_|*MultipleSource*|security/tomoyo/file.c, 787|security/tomoyo/file.c,787|Function::tomoyo_init_request_info&Arg::r::|security/tomoyo/file.c,800}"
CE0x4caefe0 "{CE0x4caefe0|tomoyo_init_request_info:tmp13|*LoadInst*|security/tomoyo/util.c,1011}"
CE0x4caf360 "{CE0x4caf360|tomoyo_init_request_info:conv6|security/tomoyo/util.c,1011}"
CE0x4a44920 "{CE0x4a44920|_ret_i32_%conv6,_!dbg_!38926|security/tomoyo/util.c,1011}"
CE0x4a432b0 "{CE0x4a432b0|tomoyo_path_perm:call|security/tomoyo/file.c,797}"
CE0x4a44fc0 "{CE0x4a44fc0|tomoyo_path_perm:cmp|security/tomoyo/file.c,798}"
CE0x3ed7f70 "{CE0x3ed7f70|tomoyo_path_perm:if.end6}"
CE0x4a99290 "{CE0x4a99290|0:_%struct.tomoyo_obj_info*,_16:_%struct.tomoyo_domain_info*,_24:_%struct.tomoyo_path_info*,_40:_i8,_72:_i8,_75:_i8,_76:_i8,_77:_i8,_:_SCMRE_0,8_|*MultipleSource*|security/tomoyo/file.c, 787|security/tomoyo/file.c,787|Function::tomoyo_init_request_info&Arg::r::|security/tomoyo/file.c,800}"
CONST[source:0(mediator),value:2(dynamic)][purpose:{object}][SnkIdx:2]


CONST[source:1(input),value:2(dynamic)][purpose:{object}][SrcIdx:16]  ->  CONST[source:0(mediator),value:0(static)][purpose:{operation}][SnkIdx:3]
-----------
CONST[source:1(input),value:2(dynamic)][purpose:{object}][SrcIdx:16]
CE0x5bae890 "{CE0x5bae890|0:_i8*,_:_SCMRE_0,8_|*MultipleSource*|security/tomoyo/file.c, 792|security/tomoyo/file.c, 794|security/tomoyo/file.c,802}"
CE0x72cb820 "{CE0x72cb820|tomoyo_path_perm:tmp23|security/tomoyo/file.c,814}"
CE0x5c99510 "{CE0x5c99510|tomoyo_path_perm:tobool|security/tomoyo/file.c,814}"
CE0x4958ec0 "{CE0x4958ec0|tomoyo_path_perm:sw.epilog}"
CE0x4cf70e0 "{CE0x4cf70e0|tomoyo_path_permission:entry}"
CE0x5cc1530 "{CE0x5cc1530|tomoyo_path_permission:if.end}"
CE0x5a82310 "{CE0x5a82310|0:_%struct.tomoyo_obj_info*,_16:_%struct.tomoyo_domain_info*,_24:_%struct.tomoyo_path_info*,_40:_i8,_72:_i8,_75:_i8,_76:_i8,_77:_i8,_:_SCMRE_40,41_}"
CONST[source:0(mediator),value:0(static)][purpose:{operation}][SnkIdx:3]


CONST[source:1(input),value:2(dynamic)][purpose:{object}][SrcIdx:16]  ->  CONST[source:0(mediator),value:2(dynamic)][purpose:{object}][SnkIdx:1]
-----------
CONST[source:1(input),value:2(dynamic)][purpose:{object}][SrcIdx:16]
CE0x3c9f230 "{CE0x3c9f230|tomoyo_path_perm:buf|security/tomoyo/file.c, 792|*SummSource*}"
CE0x499c050 "{CE0x499c050|tomoyo_path_perm:buf|security/tomoyo/file.c, 792}"
CE0x5df61c0 "{CE0x5df61c0|tomoyo_path_permission:filename|Function::tomoyo_path_permission&Arg::filename::}"
CE0x5a4f8a0 "{CE0x5a4f8a0|0:_%struct.tomoyo_obj_info*,_16:_%struct.tomoyo_domain_info*,_24:_%struct.tomoyo_path_info*,_40:_i8,_72:_i8,_75:_i8,_76:_i8,_77:_i8,_:_SCMRE_26,27_}"
CONST[source:0(mediator),value:2(dynamic)][purpose:{object}][SnkIdx:1]


CONST[source:1(input),value:2(dynamic)][purpose:{object}][SrcIdx:13]  ->  CONST[source:0(mediator),value:2(dynamic)][purpose:{object}][SnkIdx:2]
-----------
CONST[source:1(input),value:2(dynamic)][purpose:{object}][SrcIdx:13]
CE0x3c9f690 "{CE0x3c9f690|0:_%struct.vfsmount*,_:_CRE_0,8_|*MultipleSource*|Function::tomoyo_path_rmdir&Arg::parent::|security/tomoyo/tomoyo.c,206}"
CE0x3e801d0 "{CE0x3e801d0|tomoyo_path_rmdir:tmp4|*LoadInst*|security/tomoyo/tomoyo.c,206}"
CE0x3dd90c0 "{CE0x3dd90c0|8:_%struct.vfsmount*,_16:_%struct.dentry*,_168:_%struct.tomoyo_path_info*,_:_SCMRE_0,8_|*MultipleSource*|security/tomoyo/tomoyo.c,206|security/tomoyo/tomoyo.c, 206}"
CE0x7317700 "{CE0x7317700|tomoyo_get_realpath:call|security/tomoyo/file.c,150}"
CE0x5bae890 "{CE0x5bae890|0:_i8*,_:_SCMRE_0,8_|*MultipleSource*|security/tomoyo/file.c, 792|security/tomoyo/file.c, 794|security/tomoyo/file.c,802}"
CE0x72cb820 "{CE0x72cb820|tomoyo_path_perm:tmp23|security/tomoyo/file.c,814}"
CE0x5c99510 "{CE0x5c99510|tomoyo_path_perm:tobool|security/tomoyo/file.c,814}"
CE0x4958ec0 "{CE0x4958ec0|tomoyo_path_perm:sw.epilog}"
CE0x4cf70e0 "{CE0x4cf70e0|tomoyo_path_permission:entry}"
CE0x5955bf0 "{CE0x5955bf0|tomoyo_path_permission:bb}"
CE0x5b4a7d0 "{CE0x5b4a7d0|0:_%struct.tomoyo_obj_info*,_16:_%struct.tomoyo_domain_info*,_24:_%struct.tomoyo_path_info*,_40:_i8,_72:_i8,_75:_i8,_76:_i8,_77:_i8,_:_SCMRE_76,77_|*MultipleSource*|security/tomoyo/file.c, 787|security/tomoyo/file.c,787|Function::tomoyo_init_request_info&Arg::r::|security/tomoyo/file.c,800}"
CE0x4caefe0 "{CE0x4caefe0|tomoyo_init_request_info:tmp13|*LoadInst*|security/tomoyo/util.c,1011}"
CE0x4caf360 "{CE0x4caf360|tomoyo_init_request_info:conv6|security/tomoyo/util.c,1011}"
CE0x4a44920 "{CE0x4a44920|_ret_i32_%conv6,_!dbg_!38926|security/tomoyo/util.c,1011}"
CE0x4a432b0 "{CE0x4a432b0|tomoyo_path_perm:call|security/tomoyo/file.c,797}"
CE0x4a44fc0 "{CE0x4a44fc0|tomoyo_path_perm:cmp|security/tomoyo/file.c,798}"
CE0x3ed7f70 "{CE0x3ed7f70|tomoyo_path_perm:if.end6}"
CE0x4a99290 "{CE0x4a99290|0:_%struct.tomoyo_obj_info*,_16:_%struct.tomoyo_domain_info*,_24:_%struct.tomoyo_path_info*,_40:_i8,_72:_i8,_75:_i8,_76:_i8,_77:_i8,_:_SCMRE_0,8_|*MultipleSource*|security/tomoyo/file.c, 787|security/tomoyo/file.c,787|Function::tomoyo_init_request_info&Arg::r::|security/tomoyo/file.c,800}"
CONST[source:0(mediator),value:2(dynamic)][purpose:{object}][SnkIdx:2]


CONST[source:1(input),value:2(dynamic)][purpose:{object}][SrcIdx:13]  ->  CONST[source:0(mediator),value:0(static)][purpose:{operation}][SnkIdx:3]
-----------
CONST[source:1(input),value:2(dynamic)][purpose:{object}][SrcIdx:13]
CE0x3c9f690 "{CE0x3c9f690|0:_%struct.vfsmount*,_:_CRE_0,8_|*MultipleSource*|Function::tomoyo_path_rmdir&Arg::parent::|security/tomoyo/tomoyo.c,206}"
CE0x3e801d0 "{CE0x3e801d0|tomoyo_path_rmdir:tmp4|*LoadInst*|security/tomoyo/tomoyo.c,206}"
CE0x3dd90c0 "{CE0x3dd90c0|8:_%struct.vfsmount*,_16:_%struct.dentry*,_168:_%struct.tomoyo_path_info*,_:_SCMRE_0,8_|*MultipleSource*|security/tomoyo/tomoyo.c,206|security/tomoyo/tomoyo.c, 206}"
CE0x7317700 "{CE0x7317700|tomoyo_get_realpath:call|security/tomoyo/file.c,150}"
CE0x5bae890 "{CE0x5bae890|0:_i8*,_:_SCMRE_0,8_|*MultipleSource*|security/tomoyo/file.c, 792|security/tomoyo/file.c, 794|security/tomoyo/file.c,802}"
CE0x72cb820 "{CE0x72cb820|tomoyo_path_perm:tmp23|security/tomoyo/file.c,814}"
CE0x5c99510 "{CE0x5c99510|tomoyo_path_perm:tobool|security/tomoyo/file.c,814}"
CE0x4958ec0 "{CE0x4958ec0|tomoyo_path_perm:sw.epilog}"
CE0x4cf70e0 "{CE0x4cf70e0|tomoyo_path_permission:entry}"
CE0x5cc1530 "{CE0x5cc1530|tomoyo_path_permission:if.end}"
CE0x5a82310 "{CE0x5a82310|0:_%struct.tomoyo_obj_info*,_16:_%struct.tomoyo_domain_info*,_24:_%struct.tomoyo_path_info*,_40:_i8,_72:_i8,_75:_i8,_76:_i8,_77:_i8,_:_SCMRE_40,41_}"
CONST[source:0(mediator),value:0(static)][purpose:{operation}][SnkIdx:3]


CONST[source:1(input),value:2(dynamic)][purpose:{object}][SrcIdx:13]  ->  CONST[source:0(mediator),value:2(dynamic)][purpose:{object}][SnkIdx:1]
-----------
CONST[source:1(input),value:2(dynamic)][purpose:{object}][SrcIdx:13]
CE0x3c9f690 "{CE0x3c9f690|0:_%struct.vfsmount*,_:_CRE_0,8_|*MultipleSource*|Function::tomoyo_path_rmdir&Arg::parent::|security/tomoyo/tomoyo.c,206}"
CE0x3e801d0 "{CE0x3e801d0|tomoyo_path_rmdir:tmp4|*LoadInst*|security/tomoyo/tomoyo.c,206}"
CE0x3dd90c0 "{CE0x3dd90c0|8:_%struct.vfsmount*,_16:_%struct.dentry*,_168:_%struct.tomoyo_path_info*,_:_SCMRE_0,8_|*MultipleSource*|security/tomoyo/tomoyo.c,206|security/tomoyo/tomoyo.c, 206}"
CE0x7317700 "{CE0x7317700|tomoyo_get_realpath:call|security/tomoyo/file.c,150}"
CE0x5bae890 "{CE0x5bae890|0:_i8*,_:_SCMRE_0,8_|*MultipleSource*|security/tomoyo/file.c, 792|security/tomoyo/file.c, 794|security/tomoyo/file.c,802}"
CE0x72cb820 "{CE0x72cb820|tomoyo_path_perm:tmp23|security/tomoyo/file.c,814}"
CE0x5c99510 "{CE0x5c99510|tomoyo_path_perm:tobool|security/tomoyo/file.c,814}"
CE0x4958ec0 "{CE0x4958ec0|tomoyo_path_perm:sw.epilog}"
CE0x4cf70e0 "{CE0x4cf70e0|tomoyo_path_permission:entry}"
CE0x5cc1530 "{CE0x5cc1530|tomoyo_path_permission:if.end}"
CE0x5a4f8a0 "{CE0x5a4f8a0|0:_%struct.tomoyo_obj_info*,_16:_%struct.tomoyo_domain_info*,_24:_%struct.tomoyo_path_info*,_40:_i8,_72:_i8,_75:_i8,_76:_i8,_77:_i8,_:_SCMRE_26,27_}"
CONST[source:0(mediator),value:2(dynamic)][purpose:{object}][SnkIdx:1]


CONST[source:1(input),value:2(dynamic)][purpose:{object}][SrcIdx:14]  ->  CONST[source:0(mediator),value:2(dynamic)][purpose:{object}][SnkIdx:2]
-----------
CONST[source:1(input),value:2(dynamic)][purpose:{object}][SrcIdx:14]
CE0x3efdfd0 "{CE0x3efdfd0|tomoyo_path_rmdir:dentry|Function::tomoyo_path_rmdir&Arg::dentry::|*SummSource*}"
CE0x3efdef0 "{CE0x3efdef0|tomoyo_path_rmdir:dentry|Function::tomoyo_path_rmdir&Arg::dentry::}"
CE0x3e532c0 "{CE0x3e532c0|8:_%struct.vfsmount*,_16:_%struct.dentry*,_168:_%struct.tomoyo_path_info*,_:_SCMRE_8,16_|*MultipleSource*|security/tomoyo/tomoyo.c,206|security/tomoyo/tomoyo.c, 206}"
CE0x7317700 "{CE0x7317700|tomoyo_get_realpath:call|security/tomoyo/file.c,150}"
CE0x5bae890 "{CE0x5bae890|0:_i8*,_:_SCMRE_0,8_|*MultipleSource*|security/tomoyo/file.c, 792|security/tomoyo/file.c, 794|security/tomoyo/file.c,802}"
CE0x72cb820 "{CE0x72cb820|tomoyo_path_perm:tmp23|security/tomoyo/file.c,814}"
CE0x5c99510 "{CE0x5c99510|tomoyo_path_perm:tobool|security/tomoyo/file.c,814}"
CE0x4958ec0 "{CE0x4958ec0|tomoyo_path_perm:sw.epilog}"
CE0x4cf70e0 "{CE0x4cf70e0|tomoyo_path_permission:entry}"
CE0x5955bf0 "{CE0x5955bf0|tomoyo_path_permission:bb}"
CE0x5b4a7d0 "{CE0x5b4a7d0|0:_%struct.tomoyo_obj_info*,_16:_%struct.tomoyo_domain_info*,_24:_%struct.tomoyo_path_info*,_40:_i8,_72:_i8,_75:_i8,_76:_i8,_77:_i8,_:_SCMRE_76,77_|*MultipleSource*|security/tomoyo/file.c, 787|security/tomoyo/file.c,787|Function::tomoyo_init_request_info&Arg::r::|security/tomoyo/file.c,800}"
CE0x4caefe0 "{CE0x4caefe0|tomoyo_init_request_info:tmp13|*LoadInst*|security/tomoyo/util.c,1011}"
CE0x4caf360 "{CE0x4caf360|tomoyo_init_request_info:conv6|security/tomoyo/util.c,1011}"
CE0x4a44920 "{CE0x4a44920|_ret_i32_%conv6,_!dbg_!38926|security/tomoyo/util.c,1011}"
CE0x4a432b0 "{CE0x4a432b0|tomoyo_path_perm:call|security/tomoyo/file.c,797}"
CE0x4a44fc0 "{CE0x4a44fc0|tomoyo_path_perm:cmp|security/tomoyo/file.c,798}"
CE0x3ed7f70 "{CE0x3ed7f70|tomoyo_path_perm:if.end6}"
CE0x4a99290 "{CE0x4a99290|0:_%struct.tomoyo_obj_info*,_16:_%struct.tomoyo_domain_info*,_24:_%struct.tomoyo_path_info*,_40:_i8,_72:_i8,_75:_i8,_76:_i8,_77:_i8,_:_SCMRE_0,8_|*MultipleSource*|security/tomoyo/file.c, 787|security/tomoyo/file.c,787|Function::tomoyo_init_request_info&Arg::r::|security/tomoyo/file.c,800}"
CONST[source:0(mediator),value:2(dynamic)][purpose:{object}][SnkIdx:2]


CONST[source:1(input),value:2(dynamic)][purpose:{object}][SrcIdx:14]  ->  CONST[source:0(mediator),value:0(static)][purpose:{operation}][SnkIdx:3]
-----------
CONST[source:1(input),value:2(dynamic)][purpose:{object}][SrcIdx:14]
CE0x3efdfd0 "{CE0x3efdfd0|tomoyo_path_rmdir:dentry|Function::tomoyo_path_rmdir&Arg::dentry::|*SummSource*}"
CE0x3efdef0 "{CE0x3efdef0|tomoyo_path_rmdir:dentry|Function::tomoyo_path_rmdir&Arg::dentry::}"
CE0x3e532c0 "{CE0x3e532c0|8:_%struct.vfsmount*,_16:_%struct.dentry*,_168:_%struct.tomoyo_path_info*,_:_SCMRE_8,16_|*MultipleSource*|security/tomoyo/tomoyo.c,206|security/tomoyo/tomoyo.c, 206}"
CE0x7317700 "{CE0x7317700|tomoyo_get_realpath:call|security/tomoyo/file.c,150}"
CE0x5bae890 "{CE0x5bae890|0:_i8*,_:_SCMRE_0,8_|*MultipleSource*|security/tomoyo/file.c, 792|security/tomoyo/file.c, 794|security/tomoyo/file.c,802}"
CE0x72cb820 "{CE0x72cb820|tomoyo_path_perm:tmp23|security/tomoyo/file.c,814}"
CE0x5c99510 "{CE0x5c99510|tomoyo_path_perm:tobool|security/tomoyo/file.c,814}"
CE0x4958ec0 "{CE0x4958ec0|tomoyo_path_perm:sw.epilog}"
CE0x4cf70e0 "{CE0x4cf70e0|tomoyo_path_permission:entry}"
CE0x5cc1530 "{CE0x5cc1530|tomoyo_path_permission:if.end}"
CE0x5a82310 "{CE0x5a82310|0:_%struct.tomoyo_obj_info*,_16:_%struct.tomoyo_domain_info*,_24:_%struct.tomoyo_path_info*,_40:_i8,_72:_i8,_75:_i8,_76:_i8,_77:_i8,_:_SCMRE_40,41_}"
CONST[source:0(mediator),value:0(static)][purpose:{operation}][SnkIdx:3]


CONST[source:1(input),value:2(dynamic)][purpose:{object}][SrcIdx:14]  ->  CONST[source:0(mediator),value:2(dynamic)][purpose:{object}][SnkIdx:1]
-----------
CONST[source:1(input),value:2(dynamic)][purpose:{object}][SrcIdx:14]
CE0x3efdfd0 "{CE0x3efdfd0|tomoyo_path_rmdir:dentry|Function::tomoyo_path_rmdir&Arg::dentry::|*SummSource*}"
CE0x3efdef0 "{CE0x3efdef0|tomoyo_path_rmdir:dentry|Function::tomoyo_path_rmdir&Arg::dentry::}"
CE0x3e532c0 "{CE0x3e532c0|8:_%struct.vfsmount*,_16:_%struct.dentry*,_168:_%struct.tomoyo_path_info*,_:_SCMRE_8,16_|*MultipleSource*|security/tomoyo/tomoyo.c,206|security/tomoyo/tomoyo.c, 206}"
CE0x7317700 "{CE0x7317700|tomoyo_get_realpath:call|security/tomoyo/file.c,150}"
CE0x5bae890 "{CE0x5bae890|0:_i8*,_:_SCMRE_0,8_|*MultipleSource*|security/tomoyo/file.c, 792|security/tomoyo/file.c, 794|security/tomoyo/file.c,802}"
CE0x72cb820 "{CE0x72cb820|tomoyo_path_perm:tmp23|security/tomoyo/file.c,814}"
CE0x5c99510 "{CE0x5c99510|tomoyo_path_perm:tobool|security/tomoyo/file.c,814}"
CE0x4958ec0 "{CE0x4958ec0|tomoyo_path_perm:sw.epilog}"
CE0x4cf70e0 "{CE0x4cf70e0|tomoyo_path_permission:entry}"
CE0x5cc1530 "{CE0x5cc1530|tomoyo_path_permission:if.end}"
CE0x5a4f8a0 "{CE0x5a4f8a0|0:_%struct.tomoyo_obj_info*,_16:_%struct.tomoyo_domain_info*,_24:_%struct.tomoyo_path_info*,_40:_i8,_72:_i8,_75:_i8,_76:_i8,_77:_i8,_:_SCMRE_26,27_}"
CONST[source:0(mediator),value:2(dynamic)][purpose:{object}][SnkIdx:1]


CONST[source:2(external),value:2(dynamic)][purpose:{subject}][SrcIdx:17]  ->  CONST[source:0(mediator),value:2(dynamic)][purpose:{object}][SnkIdx:2]
-----------
CONST[source:2(external),value:2(dynamic)][purpose:{subject}][SrcIdx:17]
CE0x49c57a0 "{CE0x49c57a0|128:_i8*,_1208:_%struct.file*,_:_CMRE_128,136_|*MultipleSource*|security/tomoyo/common.h,1205|security/tomoyo/common.h,1205}"
CE0x57d7630 "{CE0x57d7630|tomoyo_domain:tmp22|security/tomoyo/common.h,1205}"
CE0x5ce8350 "{CE0x5ce8350|tomoyo_domain:tmp23|security/tomoyo/common.h,1205}"
CE0x72f6d20 "{CE0x72f6d20|_ret_%struct.tomoyo_domain_info*_%tmp23,_!dbg_!38929|security/tomoyo/common.h,1205}"
CE0x58edd90 "{CE0x58edd90|tomoyo_init_request_info:call|security/tomoyo/util.c,1005}"
CE0x744ad70 "{CE0x744ad70|tomoyo_init_request_info:domain.addr.0}"
CE0x4bf5190 "{CE0x4bf5190|tomoyo_init_request_info:profile2|security/tomoyo/util.c,1007}"
CE0x4b07d10 "{CE0x4b07d10|tomoyo_init_request_info:tmp11|security/tomoyo/util.c,1007}"
CE0x4b188e0 "{CE0x4b188e0|tomoyo_get_mode:profile|Function::tomoyo_get_mode&Arg::profile::}"
CE0x3e6e8e0 "{CE0x3e6e8e0|COLLAPSED:_CRE:_elem_0:default:}"
CE0x5b682e0 "{CE0x5b682e0|tomoyo_get_mode:tmp24|security/tomoyo/util.c,986}"
CE0x5b689c0 "{CE0x5b689c0|tomoyo_get_mode:mode.1}"
CE0x71f7fd0 "{CE0x71f7fd0|tomoyo_get_mode:conv15|security/tomoyo/util.c,987}"
CE0x71f8460 "{CE0x71f8460|tomoyo_get_mode:and|security/tomoyo/util.c,987}"
CE0x71f8630 "{CE0x71f8630|tomoyo_get_mode:retval.0}"
CE0x4b18ea0 "{CE0x4b18ea0|_ret_i32_%retval.0,_!dbg_!38935|security/tomoyo/util.c,988}"
CE0x7395dd0 "{CE0x7395dd0|tomoyo_init_request_info:call4|security/tomoyo/util.c,1010}"
CE0x4b19400 "{CE0x4b19400|tomoyo_init_request_info:conv|security/tomoyo/util.c,1010}"
CE0x5b4a7d0 "{CE0x5b4a7d0|0:_%struct.tomoyo_obj_info*,_16:_%struct.tomoyo_domain_info*,_24:_%struct.tomoyo_path_info*,_40:_i8,_72:_i8,_75:_i8,_76:_i8,_77:_i8,_:_SCMRE_76,77_|*MultipleSource*|security/tomoyo/file.c, 787|security/tomoyo/file.c,787|Function::tomoyo_init_request_info&Arg::r::|security/tomoyo/file.c,800}"
CE0x4caefe0 "{CE0x4caefe0|tomoyo_init_request_info:tmp13|*LoadInst*|security/tomoyo/util.c,1011}"
CE0x4caf360 "{CE0x4caf360|tomoyo_init_request_info:conv6|security/tomoyo/util.c,1011}"
CE0x4a44920 "{CE0x4a44920|_ret_i32_%conv6,_!dbg_!38926|security/tomoyo/util.c,1011}"
CE0x4a432b0 "{CE0x4a432b0|tomoyo_path_perm:call|security/tomoyo/file.c,797}"
CE0x4a44fc0 "{CE0x4a44fc0|tomoyo_path_perm:cmp|security/tomoyo/file.c,798}"
CE0x3ed7f70 "{CE0x3ed7f70|tomoyo_path_perm:if.end6}"
CE0x4a99290 "{CE0x4a99290|0:_%struct.tomoyo_obj_info*,_16:_%struct.tomoyo_domain_info*,_24:_%struct.tomoyo_path_info*,_40:_i8,_72:_i8,_75:_i8,_76:_i8,_77:_i8,_:_SCMRE_0,8_|*MultipleSource*|security/tomoyo/file.c, 787|security/tomoyo/file.c,787|Function::tomoyo_init_request_info&Arg::r::|security/tomoyo/file.c,800}"
CONST[source:0(mediator),value:2(dynamic)][purpose:{object}][SnkIdx:2]


CONST[source:2(external),value:2(dynamic)][purpose:{subject}][SrcIdx:17]  ->  CONST[source:0(mediator),value:0(static)][purpose:{operation}][SnkIdx:3]
-----------
CONST[source:2(external),value:2(dynamic)][purpose:{subject}][SrcIdx:17]
CE0x49c57a0 "{CE0x49c57a0|128:_i8*,_1208:_%struct.file*,_:_CMRE_128,136_|*MultipleSource*|security/tomoyo/common.h,1205|security/tomoyo/common.h,1205}"
CE0x57d7630 "{CE0x57d7630|tomoyo_domain:tmp22|security/tomoyo/common.h,1205}"
CE0x5ce8350 "{CE0x5ce8350|tomoyo_domain:tmp23|security/tomoyo/common.h,1205}"
CE0x72f6d20 "{CE0x72f6d20|_ret_%struct.tomoyo_domain_info*_%tmp23,_!dbg_!38929|security/tomoyo/common.h,1205}"
CE0x58edd90 "{CE0x58edd90|tomoyo_init_request_info:call|security/tomoyo/util.c,1005}"
CE0x744ad70 "{CE0x744ad70|tomoyo_init_request_info:domain.addr.0}"
CE0x4bf5190 "{CE0x4bf5190|tomoyo_init_request_info:profile2|security/tomoyo/util.c,1007}"
CE0x4b07d10 "{CE0x4b07d10|tomoyo_init_request_info:tmp11|security/tomoyo/util.c,1007}"
CE0x4b188e0 "{CE0x4b188e0|tomoyo_get_mode:profile|Function::tomoyo_get_mode&Arg::profile::}"
CE0x3e6e8e0 "{CE0x3e6e8e0|COLLAPSED:_CRE:_elem_0:default:}"
CE0x5b682e0 "{CE0x5b682e0|tomoyo_get_mode:tmp24|security/tomoyo/util.c,986}"
CE0x5b689c0 "{CE0x5b689c0|tomoyo_get_mode:mode.1}"
CE0x71f7fd0 "{CE0x71f7fd0|tomoyo_get_mode:conv15|security/tomoyo/util.c,987}"
CE0x71f8460 "{CE0x71f8460|tomoyo_get_mode:and|security/tomoyo/util.c,987}"
CE0x71f8630 "{CE0x71f8630|tomoyo_get_mode:retval.0}"
CE0x4b18ea0 "{CE0x4b18ea0|_ret_i32_%retval.0,_!dbg_!38935|security/tomoyo/util.c,988}"
CE0x7395dd0 "{CE0x7395dd0|tomoyo_init_request_info:call4|security/tomoyo/util.c,1010}"
CE0x4b19400 "{CE0x4b19400|tomoyo_init_request_info:conv|security/tomoyo/util.c,1010}"
CE0x5b4a7d0 "{CE0x5b4a7d0|0:_%struct.tomoyo_obj_info*,_16:_%struct.tomoyo_domain_info*,_24:_%struct.tomoyo_path_info*,_40:_i8,_72:_i8,_75:_i8,_76:_i8,_77:_i8,_:_SCMRE_76,77_|*MultipleSource*|security/tomoyo/file.c, 787|security/tomoyo/file.c,787|Function::tomoyo_init_request_info&Arg::r::|security/tomoyo/file.c,800}"
CE0x3e67a30 "{CE0x3e67a30|tomoyo_path_permission:tmp7|*LoadInst*|security/tomoyo/file.c,565}"
CE0x3e67c40 "{CE0x3e67c40|tomoyo_path_permission:conv3|security/tomoyo/file.c,565}"
CE0x5c44d50 "{CE0x5c44d50|tomoyo_path_permission:cmp|security/tomoyo/file.c,565}"
CE0x5cc1530 "{CE0x5cc1530|tomoyo_path_permission:if.end}"
CE0x5a82310 "{CE0x5a82310|0:_%struct.tomoyo_obj_info*,_16:_%struct.tomoyo_domain_info*,_24:_%struct.tomoyo_path_info*,_40:_i8,_72:_i8,_75:_i8,_76:_i8,_77:_i8,_:_SCMRE_40,41_}"
CONST[source:0(mediator),value:0(static)][purpose:{operation}][SnkIdx:3]


CONST[source:2(external),value:2(dynamic)][purpose:{subject}][SrcIdx:17]  ->  CONST[source:0(mediator),value:2(dynamic)][purpose:{object}][SnkIdx:1]
-----------
CONST[source:2(external),value:2(dynamic)][purpose:{subject}][SrcIdx:17]
CE0x49c57a0 "{CE0x49c57a0|128:_i8*,_1208:_%struct.file*,_:_CMRE_128,136_|*MultipleSource*|security/tomoyo/common.h,1205|security/tomoyo/common.h,1205}"
CE0x57d7630 "{CE0x57d7630|tomoyo_domain:tmp22|security/tomoyo/common.h,1205}"
CE0x5ce8350 "{CE0x5ce8350|tomoyo_domain:tmp23|security/tomoyo/common.h,1205}"
CE0x72f6d20 "{CE0x72f6d20|_ret_%struct.tomoyo_domain_info*_%tmp23,_!dbg_!38929|security/tomoyo/common.h,1205}"
CE0x58edd90 "{CE0x58edd90|tomoyo_init_request_info:call|security/tomoyo/util.c,1005}"
CE0x744ad70 "{CE0x744ad70|tomoyo_init_request_info:domain.addr.0}"
CE0x4bf5190 "{CE0x4bf5190|tomoyo_init_request_info:profile2|security/tomoyo/util.c,1007}"
CE0x4b07d10 "{CE0x4b07d10|tomoyo_init_request_info:tmp11|security/tomoyo/util.c,1007}"
CE0x4b188e0 "{CE0x4b188e0|tomoyo_get_mode:profile|Function::tomoyo_get_mode&Arg::profile::}"
CE0x3e6e8e0 "{CE0x3e6e8e0|COLLAPSED:_CRE:_elem_0:default:}"
CE0x5b682e0 "{CE0x5b682e0|tomoyo_get_mode:tmp24|security/tomoyo/util.c,986}"
CE0x5b689c0 "{CE0x5b689c0|tomoyo_get_mode:mode.1}"
CE0x71f7fd0 "{CE0x71f7fd0|tomoyo_get_mode:conv15|security/tomoyo/util.c,987}"
CE0x71f8460 "{CE0x71f8460|tomoyo_get_mode:and|security/tomoyo/util.c,987}"
CE0x71f8630 "{CE0x71f8630|tomoyo_get_mode:retval.0}"
CE0x4b18ea0 "{CE0x4b18ea0|_ret_i32_%retval.0,_!dbg_!38935|security/tomoyo/util.c,988}"
CE0x7395dd0 "{CE0x7395dd0|tomoyo_init_request_info:call4|security/tomoyo/util.c,1010}"
CE0x4b19400 "{CE0x4b19400|tomoyo_init_request_info:conv|security/tomoyo/util.c,1010}"
CE0x5b4a7d0 "{CE0x5b4a7d0|0:_%struct.tomoyo_obj_info*,_16:_%struct.tomoyo_domain_info*,_24:_%struct.tomoyo_path_info*,_40:_i8,_72:_i8,_75:_i8,_76:_i8,_77:_i8,_:_SCMRE_76,77_|*MultipleSource*|security/tomoyo/file.c, 787|security/tomoyo/file.c,787|Function::tomoyo_init_request_info&Arg::r::|security/tomoyo/file.c,800}"
CE0x3e67a30 "{CE0x3e67a30|tomoyo_path_permission:tmp7|*LoadInst*|security/tomoyo/file.c,565}"
CE0x3e67c40 "{CE0x3e67c40|tomoyo_path_permission:conv3|security/tomoyo/file.c,565}"
CE0x5c44d50 "{CE0x5c44d50|tomoyo_path_permission:cmp|security/tomoyo/file.c,565}"
CE0x5cc1530 "{CE0x5cc1530|tomoyo_path_permission:if.end}"
CE0x5a4f8a0 "{CE0x5a4f8a0|0:_%struct.tomoyo_obj_info*,_16:_%struct.tomoyo_domain_info*,_24:_%struct.tomoyo_path_info*,_40:_i8,_72:_i8,_75:_i8,_76:_i8,_77:_i8,_:_SCMRE_26,27_}"
CONST[source:0(mediator),value:2(dynamic)][purpose:{object}][SnkIdx:1]


CONST[source:2(external),value:2(dynamic)][purpose:{subject}][SrcIdx:17]  ->  CONST[source:0(mediator),value:2(dynamic)][purpose:{subject}][SnkIdx:0]
-----------
CONST[source:2(external),value:2(dynamic)][purpose:{subject}][SrcIdx:17]
CE0x4b7ce00 "{CE0x4b7ce00|COLLAPSED:_GCRE_current_task_external_global_%struct.task_struct*:_elem_0::|security/tomoyo/common.h,1205}"
CE0x57d7630 "{CE0x57d7630|tomoyo_domain:tmp22|security/tomoyo/common.h,1205}"
CE0x5ce8350 "{CE0x5ce8350|tomoyo_domain:tmp23|security/tomoyo/common.h,1205}"
CE0x72f6d20 "{CE0x72f6d20|_ret_%struct.tomoyo_domain_info*_%tmp23,_!dbg_!38929|security/tomoyo/common.h,1205}"
CE0x58edd90 "{CE0x58edd90|tomoyo_init_request_info:call|security/tomoyo/util.c,1005}"
CE0x744ad70 "{CE0x744ad70|tomoyo_init_request_info:domain.addr.0}"
CE0x5a421a0 "{CE0x5a421a0|0:_%struct.tomoyo_obj_info*,_16:_%struct.tomoyo_domain_info*,_24:_%struct.tomoyo_path_info*,_40:_i8,_72:_i8,_75:_i8,_76:_i8,_77:_i8,_:_SCMRE_16,24_|*MultipleSource*|security/tomoyo/file.c, 787|security/tomoyo/file.c,787|Function::tomoyo_init_request_info&Arg::r::|security/tomoyo/file.c,800}"
CONST[source:0(mediator),value:2(dynamic)][purpose:{subject}][SnkIdx:0]


