[selinux_file_open]

explicit:
CONST[source:1(input),value:2(dynamic)][purpose:{object}]  ->  CONST[source:0(mediator),value:2(dynamic)][purpose:{object}]
-----------
CONST[source:1(input),value:2(dynamic)][purpose:{object}]
CE0x579ddc0 "{CE0x579ddc0|8:_i8,_32:_%struct.inode*,_%struct.selinux_audit_data*,_128:_i32,_132:_i32,_456:_i8*,_:_SCMRE_32,40_|*MultipleSource*|security/selinux/hooks.c,3424|Function::selinux_file_open&Arg::file::}"
CE0x446af30 "{CE0x446af30|file_inode:_tmp4|*LoadInst*|include/linux/fs.h,1916}"
CE0x4445570 "{CE0x4445570|_ret_%struct.inode*_%tmp4,_!dbg_!27713|include/linux/fs.h,1916}"
CE0x4421b90 "{CE0x4421b90|file_path_has_perm:_call|security/selinux/hooks.c,1659}"
CE0x4446b90 "{CE0x4446b90|inode_has_perm:_inode|Function::inode_has_perm&Arg::inode::}"
CE0x44b66b0 "{CE0x44b66b0|inode_has_perm:_i_security|security/selinux/hooks.c,1615}"
CE0x44b6c50 "{CE0x44b6c50|inode_has_perm:_tmp15|*LoadInst*|security/selinux/hooks.c,1615}"
CE0x44c2870 "{CE0x44c2870|inode_has_perm:_tmp16|security/selinux/hooks.c,1615}"
CE0x44c3b60 "{CE0x44c3b60|inode_has_perm:_sclass|security/selinux/hooks.c,1617}"
CE0x44c3a30 "{CE0x44c3a30|inode_has_perm:_tmp18|security/selinux/hooks.c,1617}"
CE0x44c41f0 "{CE0x44c41f0|inode_has_perm:_tmp18|security/selinux/hooks.c,1617|*SummSink*}"
CONST[source:0(mediator),value:2(dynamic)][purpose:{object}]


CONST[source:1(input),value:2(dynamic)][purpose:{subject}]  ->  CONST[source:0(mediator),value:2(dynamic)][purpose:{subject}]
-----------
CONST[source:1(input),value:2(dynamic)][purpose:{subject}]
CE0x44bafb0 "{CE0x44bafb0|4:_i32,_:_CRE_4,8_|*MultipleSource*|security/selinux/hooks.c,196|security/selinux/hooks.c,197|*LoadInst*|security/selinux/hooks.c,196}"
CE0x44bb9b0 "{CE0x44bb9b0|cred_sid:_tmp6|security/selinux/hooks.c,197}"
CE0x44b5fc0 "{CE0x44b5fc0|_ret_i32_%tmp6,_!dbg_!27716|security/selinux/hooks.c,197}"
CE0x44b4f30 "{CE0x44b4f30|inode_has_perm:_call|security/selinux/hooks.c,1614}"
CE0x44b51d0 "{CE0x44b51d0|inode_has_perm:_call|security/selinux/hooks.c,1614|*SummSink*}"
CONST[source:0(mediator),value:2(dynamic)][purpose:{subject}]


CONST[source:2(external),value:0(static)][purpose:{operation}]  ->  CONST[source:0(mediator),value:0(static)][purpose:{operation}]
-----------
CONST[source:2(external),value:0(static)][purpose:{operation}]
CE0x4463bb0 "{CE0x4463bb0|i32_1|*Constant*}"
CE0x4437290 "{CE0x4437290|file_to_av:_av.3}"
CE0x442c9e0 "{CE0x442c9e0|_ret_i32_%av.3,_!dbg_!27739|security/selinux/hooks.c,1917}"
CE0x4425d90 "{CE0x4425d90|open_file_to_av:_call|security/selinux/hooks.c,1926}"
CE0x4405ae0 "{CE0x4405ae0|open_file_to_av:_av.0}"
CE0x4408e40 "{CE0x4408e40|_ret_i32_%av.0,_!dbg_!27720|security/selinux/hooks.c,1931}"
CE0x440c210 "{CE0x440c210|selinux_file_open:_call2|security/selinux/hooks.c,3443}"
CE0x440b340 "{CE0x440b340|file_path_has_perm:_av|Function::file_path_has_perm&Arg::av::}"
CE0x44470e0 "{CE0x44470e0|inode_has_perm:_perms|Function::inode_has_perm&Arg::perms::}"
CE0x44473d0 "{CE0x44473d0|inode_has_perm:_perms|Function::inode_has_perm&Arg::perms::|*SummSink*}"
CONST[source:0(mediator),value:0(static)][purpose:{operation}]



implicit:
CONST[source:1(input),value:2(dynamic)][purpose:{subject}]  ->  CONST[source:0(mediator),value:2(dynamic)][purpose:{subject}]
-----------
CONST[source:1(input),value:2(dynamic)][purpose:{subject}]
CE0x44bafb0 "{CE0x44bafb0|4:_i32,_:_CRE_4,8_|*MultipleSource*|security/selinux/hooks.c,196|security/selinux/hooks.c,197|*LoadInst*|security/selinux/hooks.c,196}"
CE0x44bb9b0 "{CE0x44bb9b0|cred_sid:_tmp6|security/selinux/hooks.c,197}"
CE0x44b5fc0 "{CE0x44b5fc0|_ret_i32_%tmp6,_!dbg_!27716|security/selinux/hooks.c,197}"
CE0x44b4f30 "{CE0x44b4f30|inode_has_perm:_call|security/selinux/hooks.c,1614}"
CE0x44b51d0 "{CE0x44b51d0|inode_has_perm:_call|security/selinux/hooks.c,1614|*SummSink*}"
CONST[source:0(mediator),value:2(dynamic)][purpose:{subject}]


CONST[source:1(input),value:2(dynamic)][purpose:{object}]  ->  CONST[source:0(mediator),value:2(dynamic)][purpose:{object}]
-----------
CONST[source:1(input),value:2(dynamic)][purpose:{object}]
CE0x579ddc0 "{CE0x579ddc0|8:_i8,_32:_%struct.inode*,_%struct.selinux_audit_data*,_128:_i32,_132:_i32,_456:_i8*,_:_SCMRE_32,40_|*MultipleSource*|security/selinux/hooks.c,3424|Function::selinux_file_open&Arg::file::}"
CE0x446af30 "{CE0x446af30|file_inode:_tmp4|*LoadInst*|include/linux/fs.h,1916}"
CE0x4445570 "{CE0x4445570|_ret_%struct.inode*_%tmp4,_!dbg_!27713|include/linux/fs.h,1916}"
CE0x4421b90 "{CE0x4421b90|file_path_has_perm:_call|security/selinux/hooks.c,1659}"
CE0x4446b90 "{CE0x4446b90|inode_has_perm:_inode|Function::inode_has_perm&Arg::inode::}"
CE0x44b66b0 "{CE0x44b66b0|inode_has_perm:_i_security|security/selinux/hooks.c,1615}"
CE0x44b6c50 "{CE0x44b6c50|inode_has_perm:_tmp15|*LoadInst*|security/selinux/hooks.c,1615}"
CE0x44c2870 "{CE0x44c2870|inode_has_perm:_tmp16|security/selinux/hooks.c,1615}"
CE0x44c30b0 "{CE0x44c30b0|inode_has_perm:_sid3|security/selinux/hooks.c,1617}"
CE0x44c3590 "{CE0x44c3590|inode_has_perm:_tmp17|security/selinux/hooks.c,1617}"
CE0x44c3830 "{CE0x44c3830|inode_has_perm:_tmp17|security/selinux/hooks.c,1617|*SummSink*}"
CONST[source:0(mediator),value:2(dynamic)][purpose:{object}]


CONST[source:1(input),value:2(dynamic)][purpose:{object}]  ->  CONST[source:0(mediator),value:2(dynamic)][purpose:{subject}]
-----------
CONST[source:1(input),value:2(dynamic)][purpose:{object}]
CE0x579ddc0 "{CE0x579ddc0|8:_i8,_32:_%struct.inode*,_%struct.selinux_audit_data*,_128:_i32,_132:_i32,_456:_i8*,_:_SCMRE_32,40_|*MultipleSource*|security/selinux/hooks.c,3424|Function::selinux_file_open&Arg::file::}"
CE0x446af30 "{CE0x446af30|file_inode:_tmp4|*LoadInst*|include/linux/fs.h,1916}"
CE0x4445570 "{CE0x4445570|_ret_%struct.inode*_%tmp4,_!dbg_!27713|include/linux/fs.h,1916}"
CE0x4421b90 "{CE0x4421b90|file_path_has_perm:_call|security/selinux/hooks.c,1659}"
CE0x4446b90 "{CE0x4446b90|inode_has_perm:_inode|Function::inode_has_perm&Arg::inode::}"
CE0x4472c30 "{CE0x4472c30|inode_has_perm:_i_flags|security/selinux/hooks.c,1611}"
CE0x4472b00 "{CE0x4472b00|inode_has_perm:_tmp6|*LoadInst*|security/selinux/hooks.c,1611}"
CE0x44742f0 "{CE0x44742f0|inode_has_perm:_and|security/selinux/hooks.c,1611}"
CE0x44aac80 "{CE0x44aac80|inode_has_perm:_tobool|security/selinux/hooks.c,1611}"
CE0x44aafd0 "{CE0x44aafd0|inode_has_perm:_lnot|security/selinux/hooks.c,1611}"
CE0x43ef520 "{CE0x43ef520|inode_has_perm:_lnot1|security/selinux/hooks.c,1611}"
CE0x446b770 "{CE0x446b770|inode_has_perm:_lnot.ext|security/selinux/hooks.c,1611}"
CE0x446b640 "{CE0x446b640|inode_has_perm:_conv|security/selinux/hooks.c,1611}"
CE0x446db60 "{CE0x446db60|inode_has_perm:_expval|security/selinux/hooks.c,1611}"
CE0x446e070 "{CE0x446e070|inode_has_perm:_tobool2|security/selinux/hooks.c,1611}"
CE0x446d7c0 "{CE0x446d7c0|inode_has_perm:_if.end}"
CE0x44b4f30 "{CE0x44b4f30|inode_has_perm:_call|security/selinux/hooks.c,1614}"
CE0x44b51d0 "{CE0x44b51d0|inode_has_perm:_call|security/selinux/hooks.c,1614|*SummSink*}"
CONST[source:0(mediator),value:2(dynamic)][purpose:{subject}]


CONST[source:2(external),value:0(static)][purpose:{operation}]  ->  CONST[source:0(mediator),value:0(static)][purpose:{operation}]
-----------
CONST[source:2(external),value:0(static)][purpose:{operation}]
CE0x4463bb0 "{CE0x4463bb0|i32_1|*Constant*}"
CE0x4437290 "{CE0x4437290|file_to_av:_av.3}"
CE0x442c9e0 "{CE0x442c9e0|_ret_i32_%av.3,_!dbg_!27739|security/selinux/hooks.c,1917}"
CE0x4425d90 "{CE0x4425d90|open_file_to_av:_call|security/selinux/hooks.c,1926}"
CE0x4405ae0 "{CE0x4405ae0|open_file_to_av:_av.0}"
CE0x4408e40 "{CE0x4408e40|_ret_i32_%av.0,_!dbg_!27720|security/selinux/hooks.c,1931}"
CE0x440c210 "{CE0x440c210|selinux_file_open:_call2|security/selinux/hooks.c,3443}"
CE0x440b340 "{CE0x440b340|file_path_has_perm:_av|Function::file_path_has_perm&Arg::av::}"
CE0x44470e0 "{CE0x44470e0|inode_has_perm:_perms|Function::inode_has_perm&Arg::perms::}"
CE0x44473d0 "{CE0x44473d0|inode_has_perm:_perms|Function::inode_has_perm&Arg::perms::|*SummSink*}"
CONST[source:0(mediator),value:0(static)][purpose:{operation}]


CONST[source:1(input),value:2(dynamic)][purpose:{operation}]  ->  CONST[source:0(mediator),value:0(static)][purpose:{operation}]
-----------
CONST[source:1(input),value:2(dynamic)][purpose:{operation}]
CE0x4388b50 "{CE0x4388b50|8:_i8,_32:_%struct.inode*,_%struct.selinux_audit_data*,_128:_i32,_132:_i32,_456:_i8*,_:_SCMRE_132,136_|*MultipleSource*|security/selinux/hooks.c,3424|Function::selinux_file_open&Arg::file::}"
CE0x4427fb0 "{CE0x4427fb0|file_to_av:_tmp9|*LoadInst*|security/selinux/hooks.c,1904}"
CE0x444c970 "{CE0x444c970|file_to_av:_and3|security/selinux/hooks.c,1904}"
CE0x444cde0 "{CE0x444cde0|file_to_av:_tobool4|security/selinux/hooks.c,1904}"
CE0x4411200 "{CE0x4411200|file_to_av:_if.end15}"
CE0x43aa5e0 "{CE0x43aa5e0|file_to_av:_av.1}"
CE0x441a8c0 "{CE0x441a8c0|file_to_av:_av.2}"
CE0x4437290 "{CE0x4437290|file_to_av:_av.3}"
CE0x442c9e0 "{CE0x442c9e0|_ret_i32_%av.3,_!dbg_!27739|security/selinux/hooks.c,1917}"
CE0x4425d90 "{CE0x4425d90|open_file_to_av:_call|security/selinux/hooks.c,1926}"
CE0x4405ae0 "{CE0x4405ae0|open_file_to_av:_av.0}"
CE0x4408e40 "{CE0x4408e40|_ret_i32_%av.0,_!dbg_!27720|security/selinux/hooks.c,1931}"
CE0x440c210 "{CE0x440c210|selinux_file_open:_call2|security/selinux/hooks.c,3443}"
CE0x440b340 "{CE0x440b340|file_path_has_perm:_av|Function::file_path_has_perm&Arg::av::}"
CE0x44470e0 "{CE0x44470e0|inode_has_perm:_perms|Function::inode_has_perm&Arg::perms::}"
CE0x44473d0 "{CE0x44473d0|inode_has_perm:_perms|Function::inode_has_perm&Arg::perms::|*SummSink*}"
CONST[source:0(mediator),value:0(static)][purpose:{operation}]


