Start unlabeled source violation detection for results/apparmor_file_permission/graph-explicit.dot
165.68s : Reading graph
"{CE0x4473ec0|80:_i64,_:_CRE_1362,1363_}"
	-- CONST[source:1(input),value:2(dynamic)][purpose:{object}]
"{CE0x44587d0|80:_i64,_:_CRE_401,402_}"
	-- CONST[source:1(input),value:2(dynamic)][purpose:{object}]
"{CE0x446c850|80:_i64,_:_CRE_1232,1233_}"
	-- CONST[source:1(input),value:2(dynamic)][purpose:{object}]
"{CE0x4461640|80:_i64,_:_CRE_611,612_}"
	-- CONST[source:1(input),value:2(dynamic)][purpose:{object}]
"{CE0x4460430|80:_i64,_:_CRE_594,595_}"
	-- CONST[source:1(input),value:2(dynamic)][purpose:{object}]
"{CE0x44599e0|80:_i64,_:_CRE_418,419_}"
	-- CONST[source:1(input),value:2(dynamic)][purpose:{object}]
"{CE0x4472ed0|80:_i64,_:_CRE_1347,1348_}"
	-- CONST[source:1(input),value:2(dynamic)][purpose:{object}]
"{CE0x446a740|80:_i64,_:_CRE_368,372_|*MultipleSource*|*LoadInst*|security/apparmor/include/apparmor.h,117|security/apparmor/include/apparmor.h,117}"
	-- CONST[source:1(input),value:2(dynamic)][purpose:{object}]
"{CE0x4458c10|80:_i64,_:_CRE_405,406_}"
	-- CONST[source:1(input),value:2(dynamic)][purpose:{object}]
"{CE0x446bec0|80:_i64,_:_CRE_1223,1224_}"
	-- CONST[source:1(input),value:2(dynamic)][purpose:{object}]
"{CE0x446b640|80:_i64,_:_CRE_1215,1216_}"
	-- CONST[source:1(input),value:2(dynamic)][purpose:{object}]
"{CE0x4464430|80:_i64,_:_CRE_896,1208_|*MultipleSource*|*LoadInst*|security/apparmor/include/apparmor.h,117|security/apparmor/include/apparmor.h,117}"
	-- CONST[source:1(input),value:2(dynamic)][purpose:{object}]
"{CE0x445f000|80:_i64,_:_CRE_575,576_}"
	-- CONST[source:1(input),value:2(dynamic)][purpose:{object}]
"{CE0x4468840|80:_i64,_:_CRE_248,252_|*MultipleSource*|*LoadInst*|security/apparmor/include/apparmor.h,117|security/apparmor/include/apparmor.h,117}"
	-- CONST[source:1(input),value:2(dynamic)][purpose:{object}]
"{CE0x4471550|80:_i64,_:_CRE_1323,1324_}"
	-- CONST[source:1(input),value:2(dynamic)][purpose:{object}]
"{CE0x44668e0|80:_i64,_:_CRE_112,120_|*MultipleSource*|*LoadInst*|security/apparmor/include/apparmor.h,117|security/apparmor/include/apparmor.h,117}"
	-- CONST[source:1(input),value:2(dynamic)][purpose:{object}]
"{CE0x446ff90|80:_i64,_:_CRE_1304,1305_}"
	-- CONST[source:1(input),value:2(dynamic)][purpose:{object}]
"{CE0x4473860|80:_i64,_:_CRE_1356,1357_}"
	-- CONST[source:1(input),value:2(dynamic)][purpose:{object}]
"{CE0x4471ee0|80:_i64,_:_CRE_1332,1333_}"
	-- CONST[source:1(input),value:2(dynamic)][purpose:{object}]
"{CE0x445a6a0|80:_i64,_:_CRE_430,431_}"
	-- CONST[source:1(input),value:2(dynamic)][purpose:{object}]
"{CE0x446c740|80:_i64,_:_CRE_1231,1232_}"
	-- CONST[source:1(input),value:2(dynamic)][purpose:{object}]
"{CE0x4477a80|80:_i64,_:_CRE_1640,1641_}"
	-- CONST[source:1(input),value:2(dynamic)][purpose:{object}]
"{CE0x447e8f0|80:_i64,_:_CRE_1928,2056_|*MultipleSource*|*LoadInst*|security/apparmor/include/apparmor.h,117|security/apparmor/include/apparmor.h,117}"
	-- CONST[source:1(input),value:2(dynamic)][purpose:{object}]
"{CE0x445bf10|80:_i64,_:_CRE_453,454_}"
	-- CONST[source:1(input),value:2(dynamic)][purpose:{object}]
"{CE0x447a3f0|80:_i64,_:_CRE_1679,1680_}"
	-- CONST[source:1(input),value:2(dynamic)][purpose:{object}]
"{CE0x4459270|80:_i64,_:_CRE_411,412_}"
	-- CONST[source:1(input),value:2(dynamic)][purpose:{object}]
"{CE0x445b580|80:_i64,_:_CRE_444,445_}"
	-- CONST[source:1(input),value:2(dynamic)][purpose:{object}]
"{CE0x4465bc0|80:_i64,_:_CRE_56,64_|*MultipleSource*|*LoadInst*|security/apparmor/include/apparmor.h,117|security/apparmor/include/apparmor.h,117}"
	-- CONST[source:1(input),value:2(dynamic)][purpose:{object}]
"{CE0x447b9b0|80:_i64,_:_CRE_1752,1760_|*MultipleSource*|*LoadInst*|security/apparmor/include/apparmor.h,117|security/apparmor/include/apparmor.h,117}"
	-- CONST[source:1(input),value:2(dynamic)][purpose:{object}]
"{CE0x445c460|80:_i64,_:_CRE_458,459_}"
	-- CONST[source:1(input),value:2(dynamic)][purpose:{object}]
"{CE0x4474eb0|80:_i64,_:_CRE_1384,1392_|*MultipleSource*|*LoadInst*|security/apparmor/include/apparmor.h,117|security/apparmor/include/apparmor.h,117}"
	-- CONST[source:1(input),value:2(dynamic)][purpose:{object}]
"{CE0x446e940|80:_i64,_:_CRE_1263,1264_}"
	-- CONST[source:1(input),value:2(dynamic)][purpose:{object}]
"{CE0x4472100|80:_i64,_:_CRE_1334,1335_}"
	-- CONST[source:1(input),value:2(dynamic)][purpose:{object}]
"{CE0x445a040|80:_i64,_:_CRE_424,425_}"
	-- CONST[source:1(input),value:2(dynamic)][purpose:{object}]
"{CE0x4471ff0|80:_i64,_:_CRE_1333,1334_}"
	-- CONST[source:1(input),value:2(dynamic)][purpose:{object}]
"{CE0x446a550|80:_i64,_:_CRE_360,368_|*MultipleSource*|*LoadInst*|security/apparmor/include/apparmor.h,117|security/apparmor/include/apparmor.h,117}"
	-- CONST[source:1(input),value:2(dynamic)][purpose:{object}]
"{CE0x4469ba0|80:_i64,_:_CRE_320,328_|*MultipleSource*|*LoadInst*|security/apparmor/include/apparmor.h,117|security/apparmor/include/apparmor.h,117}"
	-- CONST[source:1(input),value:2(dynamic)][purpose:{object}]
"{CE0x445f550|80:_i64,_:_CRE_580,581_}"
	-- CONST[source:1(input),value:2(dynamic)][purpose:{object}]
"{CE0x4463890|80:_i64,_:_CRE_696,704_|*MultipleSource*|*LoadInst*|security/apparmor/include/apparmor.h,117|security/apparmor/include/apparmor.h,117}"
	-- CONST[source:1(input),value:2(dynamic)][purpose:{object}]
"{CE0x44693e0|80:_i64,_:_CRE_288,296_|*MultipleSource*|*LoadInst*|security/apparmor/include/apparmor.h,117|security/apparmor/include/apparmor.h,117}"
	-- CONST[source:1(input),value:2(dynamic)][purpose:{object}]
"{CE0x4460100|80:_i64,_:_CRE_591,592_}"
	-- CONST[source:1(input),value:2(dynamic)][purpose:{object}]
"{CE0x446eb60|80:_i64,_:_CRE_1265,1266_}"
	-- CONST[source:1(input),value:2(dynamic)][purpose:{object}]
"{CE0x446a360|80:_i64,_:_CRE_352,360_|*MultipleSource*|*LoadInst*|security/apparmor/include/apparmor.h,117|security/apparmor/include/apparmor.h,117}"
	-- CONST[source:1(input),value:2(dynamic)][purpose:{object}]
"{CE0x447a2e0|80:_i64,_:_CRE_1678,1679_}"
	-- CONST[source:1(input),value:2(dynamic)][purpose:{object}]
"{CE0x4460dc0|80:_i64,_:_CRE_603,604_}"
	-- CONST[source:1(input),value:2(dynamic)][purpose:{object}]
"{CE0x4469f80|80:_i64,_:_CRE_336,344_|*MultipleSource*|*LoadInst*|security/apparmor/include/apparmor.h,117|security/apparmor/include/apparmor.h,117}"
	-- CONST[source:1(input),value:2(dynamic)][purpose:{object}]
"{CE0x4477970|80:_i64,_:_CRE_1639,1640_}"
	-- CONST[source:1(input),value:2(dynamic)][purpose:{object}]
"{CE0x446dc80|80:_i64,_:_CRE_1251,1252_}"
	-- CONST[source:1(input),value:2(dynamic)][purpose:{object}]
"{CE0x4428da0|80:_i64,_:_CRE_2256,2264_|*MultipleSource*|*LoadInst*|security/apparmor/include/apparmor.h,117|security/apparmor/include/apparmor.h,117}"
	-- CONST[source:1(input),value:2(dynamic)][purpose:{object}]
"{CE0x4473ca0|80:_i64,_:_CRE_1360,1361_}"
	-- CONST[source:1(input),value:2(dynamic)][purpose:{object}]
"{CE0x4461fd0|80:_i64,_:_CRE_620,621_}"
	-- CONST[source:1(input),value:2(dynamic)][purpose:{object}]
"{CE0x446bdb0|80:_i64,_:_CRE_1222,1223_}"
	-- CONST[source:1(input),value:2(dynamic)][purpose:{object}]
"{CE0x446f4f0|80:_i64,_:_CRE_1274,1275_}"
	-- CONST[source:1(input),value:2(dynamic)][purpose:{object}]
"{CE0x4479620|80:_i64,_:_CRE_1666,1667_}"
	-- CONST[source:1(input),value:2(dynamic)][purpose:{object}]
"{CE0x446c630|80:_i64,_:_CRE_1230,1231_}"
	-- CONST[source:1(input),value:2(dynamic)][purpose:{object}]
"{CE0x445a150|80:_i64,_:_CRE_425,426_}"
	-- CONST[source:1(input),value:2(dynamic)][purpose:{object}]
"{CE0x4459e20|80:_i64,_:_CRE_422,423_}"
	-- CONST[source:1(input),value:2(dynamic)][purpose:{object}]
"{CE0x4479b70|80:_i64,_:_CRE_1671,1672_}"
	-- CONST[source:1(input),value:2(dynamic)][purpose:{object}]
"{CE0x445e670|80:_i64,_:_CRE_566,567_}"
	-- CONST[source:1(input),value:2(dynamic)][purpose:{object}]
"{CE0x4461db0|80:_i64,_:_CRE_618,619_}"
	-- CONST[source:1(input),value:2(dynamic)][purpose:{object}]
"{CE0x445b140|80:_i64,_:_CRE_440,441_}"
	-- CONST[source:1(input),value:2(dynamic)][purpose:{object}]
"{CE0x445faa0|80:_i64,_:_CRE_585,586_}"
	-- CONST[source:1(input),value:2(dynamic)][purpose:{object}]
"{CE0x4462740|80:_i64,_:_CRE_627,628_}"
	-- CONST[source:1(input),value:2(dynamic)][purpose:{object}]
"{CE0x4457ce0|80:_i64,_:_CRE_392,393_}"
	-- CONST[source:1(input),value:2(dynamic)][purpose:{object}]
"{CE0x445fbb0|80:_i64,_:_CRE_586,587_}"
	-- CONST[source:1(input),value:2(dynamic)][purpose:{object}]
"{CE0x44621f0|80:_i64,_:_CRE_622,623_}"
	-- CONST[source:1(input),value:2(dynamic)][purpose:{object}]
"{CE0x4466700|80:_i64,_:_CRE_104,112_|*MultipleSource*|*LoadInst*|security/apparmor/include/apparmor.h,117|security/apparmor/include/apparmor.h,117}"
	-- CONST[source:1(input),value:2(dynamic)][purpose:{object}]
"{CE0x445e400|80:_i64,_:_CRE_563,564_}"
	-- CONST[source:1(input),value:2(dynamic)][purpose:{object}]
"{CE0x4428bb0|80:_i64,_:_CRE_2248,2256_|*MultipleSource*|*LoadInst*|security/apparmor/include/apparmor.h,117|security/apparmor/include/apparmor.h,117}"
	-- CONST[source:1(input),value:2(dynamic)][purpose:{object}]
"{CE0x44656e0|80:_i64,_:_CRE_32,40_|*MultipleSource*|*LoadInst*|security/apparmor/include/apparmor.h,117|security/apparmor/include/apparmor.h,117}"
	-- CONST[source:1(input),value:2(dynamic)][purpose:{object}]
"{CE0x4460210|80:_i64,_:_CRE_592,593_}"
	-- CONST[source:1(input),value:2(dynamic)][purpose:{object}]
"{CE0x4471dd0|80:_i64,_:_CRE_1331,1332_}"
	-- CONST[source:1(input),value:2(dynamic)][purpose:{object}]
"{CE0x446ed80|80:_i64,_:_CRE_1267,1268_}"
	-- CONST[source:1(input),value:2(dynamic)][purpose:{object}]
"{CE0x4478520|80:_i64,_:_CRE_1650,1651_}"
	-- CONST[source:1(input),value:2(dynamic)][purpose:{object}]
"{CE0x445dcc0|80:_i64,_:_CRE_552,556_|*MultipleSource*|*LoadInst*|security/apparmor/include/apparmor.h,117|security/apparmor/include/apparmor.h,117}"
	-- CONST[source:1(input),value:2(dynamic)][purpose:{object}]
"{CE0x44741f0|80:_i64,_:_CRE_1365,1366_}"
	-- CONST[source:1(input),value:2(dynamic)][purpose:{object}]
"{CE0x447c740|80:_i64,_:_CRE_1808,1816_|*MultipleSource*|*LoadInst*|security/apparmor/include/apparmor.h,117|security/apparmor/include/apparmor.h,117}"
	-- CONST[source:1(input),value:2(dynamic)][purpose:{object}]
"{CE0x445c350|80:_i64,_:_CRE_457,458_}"
	-- CONST[source:1(input),value:2(dynamic)][purpose:{object}]
"{CE0x447d4d0|80:_i64,_:_CRE_1864,1872_|*MultipleSource*|*LoadInst*|security/apparmor/include/apparmor.h,117|security/apparmor/include/apparmor.h,117}"
	-- CONST[source:1(input),value:2(dynamic)][purpose:{object}]
"{CE0x447d0f0|80:_i64,_:_CRE_1848,1856_|*MultipleSource*|*LoadInst*|security/apparmor/include/apparmor.h,117|security/apparmor/include/apparmor.h,117}"
	-- CONST[source:1(input),value:2(dynamic)][purpose:{object}]
"{CE0x4478b80|80:_i64,_:_CRE_1656,1657_}"
	-- CONST[source:1(input),value:2(dynamic)][purpose:{object}]
"{CE0x44287d0|80:_i64,_:_CRE_2112,2120_|*MultipleSource*|*LoadInst*|security/apparmor/include/apparmor.h,117|security/apparmor/include/apparmor.h,117}"
	-- CONST[source:1(input),value:2(dynamic)][purpose:{object}]
"{CE0x445eab0|80:_i64,_:_CRE_570,571_}"
	-- CONST[source:1(input),value:2(dynamic)][purpose:{object}]
"{CE0x447dcc0|80:_i64,_:_CRE_1876,1877_}"
	-- CONST[source:1(input),value:2(dynamic)][purpose:{object}]
"{CE0x445a8c0|80:_i64,_:_CRE_432,433_}"
	-- CONST[source:1(input),value:2(dynamic)][purpose:{object}]
"{CE0x4461970|80:_i64,_:_CRE_614,615_}"
	-- CONST[source:1(input),value:2(dynamic)][purpose:{object}]
"{CE0x44790d0|80:_i64,_:_CRE_1661,1662_}"
	-- CONST[source:1(input),value:2(dynamic)][purpose:{object}]
"{CE0x44699b0|80:_i64,_:_CRE_312,320_|*MultipleSource*|*LoadInst*|security/apparmor/include/apparmor.h,117|security/apparmor/include/apparmor.h,117}"
	-- CONST[source:1(input),value:2(dynamic)][purpose:{object}]
"{CE0x4465da0|80:_i64,_:_CRE_64,72_|*MultipleSource*|*LoadInst*|security/apparmor/include/apparmor.h,117|security/apparmor/include/apparmor.h,117}"
	-- CONST[source:1(input),value:2(dynamic)][purpose:{object}]
"{CE0x4472980|80:_i64,_:_CRE_1342,1343_}"
	-- CONST[source:1(input),value:2(dynamic)][purpose:{object}]
"{CE0x4472cb0|80:_i64,_:_CRE_1345,1346_}"
	-- CONST[source:1(input),value:2(dynamic)][purpose:{object}]
"{CE0x445ebc0|80:_i64,_:_CRE_571,572_}"
	-- CONST[source:1(input),value:2(dynamic)][purpose:{object}]
"{CE0x44755f0|80:_i64,_:_CRE_1584,1592_|*MultipleSource*|*LoadInst*|security/apparmor/include/apparmor.h,117|security/apparmor/include/apparmor.h,117}"
	-- CONST[source:1(input),value:2(dynamic)][purpose:{object}]
"{CE0x446e720|80:_i64,_:_CRE_1261,1262_}"
	-- CONST[source:1(input),value:2(dynamic)][purpose:{object}]
"{CE0x447cb20|80:_i64,_:_CRE_1824,1828_|*MultipleSource*|*LoadInst*|security/apparmor/include/apparmor.h,117|security/apparmor/include/apparmor.h,117}"
	-- CONST[source:1(input),value:2(dynamic)][purpose:{object}]
"{CE0x447dc10|80:_i64,_:_CRE_1875,1876_}"
	-- CONST[source:1(input),value:2(dynamic)][purpose:{object}]
"{CE0x446cfc0|80:_i64,_:_CRE_1239,1240_}"
	-- CONST[source:1(input),value:2(dynamic)][purpose:{object}]
"{CE0x4457af0|80:_i64,_:_CRE_384,388_|*MultipleSource*|*LoadInst*|security/apparmor/include/apparmor.h,117|security/apparmor/include/apparmor.h,117}"
	-- CONST[source:1(input),value:2(dynamic)][purpose:{object}]
"{CE0x4462c90|80:_i64,_:_CRE_632,640_|*MultipleSource*|*LoadInst*|security/apparmor/include/apparmor.h,117|security/apparmor/include/apparmor.h,117}"
	-- CONST[source:1(input),value:2(dynamic)][purpose:{object}]
"{CE0x447a720|80:_i64,_:_CRE_1682,1683_}"
	-- CONST[source:1(input),value:2(dynamic)][purpose:{object}]
"{CE0x4477db0|80:_i64,_:_CRE_1643,1644_}"
	-- CONST[source:1(input),value:2(dynamic)][purpose:{object}]
"{CE0x446dd90|80:_i64,_:_CRE_1252,1253_}"
	-- CONST[source:1(input),value:2(dynamic)][purpose:{object}]
"{CE0x4471660|80:_i64,_:_CRE_1324,1325_}"
	-- CONST[source:1(input),value:2(dynamic)][purpose:{object}]
"{CE0x4479d90|80:_i64,_:_CRE_1673,1674_}"
	-- CONST[source:1(input),value:2(dynamic)][purpose:{object}]
"{CE0x447ad80|80:_i64,_:_CRE_1688,1696_|*MultipleSource*|*LoadInst*|security/apparmor/include/apparmor.h,117|security/apparmor/include/apparmor.h,117}"
	-- CONST[source:1(input),value:2(dynamic)][purpose:{object}]
"{CE0x4465540|80:_i64,_:_CRE_24,32_|*MultipleSource*|*LoadInst*|security/apparmor/include/apparmor.h,117|security/apparmor/include/apparmor.h,117}"
	-- CONST[source:1(input),value:2(dynamic)][purpose:{object}]
"{CE0x44697c0|80:_i64,_:_CRE_304,312_|*MultipleSource*|*LoadInst*|security/apparmor/include/apparmor.h,117|security/apparmor/include/apparmor.h,117}"
	-- CONST[source:1(input),value:2(dynamic)][purpose:{object}]
"{CE0x4471000|80:_i64,_:_CRE_1318,1319_}"
	-- CONST[source:1(input),value:2(dynamic)][purpose:{object}]
"{CE0x44595a0|80:_i64,_:_CRE_414,415_}"
	-- CONST[source:1(input),value:2(dynamic)][purpose:{object}]
"{CE0x447e4e0|80:_i64,_:_CRE_1904,1920_|*MultipleSource*|*LoadInst*|security/apparmor/include/apparmor.h,117|security/apparmor/include/apparmor.h,117}"
	-- CONST[source:1(input),value:2(dynamic)][purpose:{object}]
"{CE0x447e0a0|80:_i64,_:_CRE_1880,1884_|*MultipleSource*|*LoadInst*|security/apparmor/include/apparmor.h,117|security/apparmor/include/apparmor.h,117}"
	-- CONST[source:1(input),value:2(dynamic)][purpose:{object}]
"{CE0x4463a80|80:_i64,_:_CRE_704,708_|*MultipleSource*|*LoadInst*|security/apparmor/include/apparmor.h,117|security/apparmor/include/apparmor.h,117}"
	-- CONST[source:1(input),value:2(dynamic)][purpose:{object}]
"{CE0x446c410|80:_i64,_:_CRE_1228,1229_}"
	-- CONST[source:1(input),value:2(dynamic)][purpose:{object}]
"{CE0x4458390|80:_i64,_:_CRE_397,398_}"
	-- CONST[source:1(input),value:2(dynamic)][purpose:{object}]
"{CE0x446f2d0|80:_i64,_:_CRE_1272,1273_}"
	-- CONST[source:1(input),value:2(dynamic)][purpose:{object}]
"{CE0x44586c0|80:_i64,_:_CRE_400,401_}"
	-- CONST[source:1(input),value:2(dynamic)][purpose:{object}]
"{CE0x445f770|80:_i64,_:_CRE_582,583_}"
	-- CONST[source:1(input),value:2(dynamic)][purpose:{object}]
"{CE0x4429180|80:_i64,_:_CRE_2268,2304_|*MultipleSource*|*LoadInst*|security/apparmor/include/apparmor.h,117|security/apparmor/include/apparmor.h,117}"
	-- CONST[source:1(input),value:2(dynamic)][purpose:{object}]
"{CE0x4474b80|80:_i64,_:_CRE_1374,1375_}"
	-- CONST[source:1(input),value:2(dynamic)][purpose:{object}]
"{CE0x447d2e0|80:_i64,_:_CRE_1856,1864_|*MultipleSource*|*LoadInst*|security/apparmor/include/apparmor.h,117|security/apparmor/include/apparmor.h,117}"
	-- CONST[source:1(input),value:2(dynamic)][purpose:{object}]
"{CE0x445d8e0|80:_i64,_:_CRE_536,540_|*MultipleSource*|*LoadInst*|security/apparmor/include/apparmor.h,117|security/apparmor/include/apparmor.h,117}"
	-- CONST[source:1(input),value:2(dynamic)][purpose:{object}]
"{CE0x4476380|80:_i64,_:_CRE_1618,1619_}"
	-- CONST[source:1(input),value:2(dynamic)][purpose:{object}]
"{CE0x4477b90|80:_i64,_:_CRE_1641,1642_}"
	-- CONST[source:1(input),value:2(dynamic)][purpose:{object}]
"{CE0x447e2c0|80:_i64,_:_CRE_1896,1904_|*MultipleSource*|*LoadInst*|security/apparmor/include/apparmor.h,117|security/apparmor/include/apparmor.h,117}"
	-- CONST[source:1(input),value:2(dynamic)][purpose:{object}]
"{CE0x445b7a0|80:_i64,_:_CRE_446,447_}"
	-- CONST[source:1(input),value:2(dynamic)][purpose:{object}]
"{CE0x4471990|80:_i64,_:_CRE_1327,1328_}"
	-- CONST[source:1(input),value:2(dynamic)][purpose:{object}]
"{CE0x445b030|80:_i64,_:_CRE_439,440_}"
	-- CONST[source:1(input),value:2(dynamic)][purpose:{object}]
"{CE0x4466160|80:_i64,_:_CRE_80,88_|*MultipleSource*|*LoadInst*|security/apparmor/include/apparmor.h,117|security/apparmor/include/apparmor.h,117}"
	-- CONST[source:1(input),value:2(dynamic)][purpose:{object}]
"{CE0x4473db0|80:_i64,_:_CRE_1361,1362_}"
	-- CONST[source:1(input),value:2(dynamic)][purpose:{object}]
"{CE0x4479840|80:_i64,_:_CRE_1668,1669_}"
	-- CONST[source:1(input),value:2(dynamic)][purpose:{object}]
"{CE0x4464d30|80:_i64,_:_CRE_0,8_|*MultipleSource*|*LoadInst*|security/apparmor/include/apparmor.h,117|security/apparmor/include/apparmor.h,117}"
	-- CONST[source:1(input),value:2(dynamic)][purpose:{object}]
"{CE0x447b3e0|80:_i64,_:_CRE_1720,1728_|*MultipleSource*|*LoadInst*|security/apparmor/include/apparmor.h,117|security/apparmor/include/apparmor.h,117}"
	-- CONST[source:1(input),value:2(dynamic)][purpose:{object}]
"{CE0x4475400|80:_i64,_:_CRE_1568,1584_|*MultipleSource*|*LoadInst*|security/apparmor/include/apparmor.h,117|security/apparmor/include/apparmor.h,117}"
	-- CONST[source:1(input),value:2(dynamic)][purpose:{object}]
"{CE0x446b150|80:_i64,_:_CRE_1210,1211_}"
	-- CONST[source:1(input),value:2(dynamic)][purpose:{object}]
"{CE0x447cf00|80:_i64,_:_CRE_1840,1848_|*MultipleSource*|*LoadInst*|security/apparmor/include/apparmor.h,117|security/apparmor/include/apparmor.h,117}"
	-- CONST[source:1(input),value:2(dynamic)][purpose:{object}]
"{CE0x445bcf0|80:_i64,_:_CRE_451,452_}"
	-- CONST[source:1(input),value:2(dynamic)][purpose:{object}]
"{CE0x4461200|80:_i64,_:_CRE_607,608_}"
	-- CONST[source:1(input),value:2(dynamic)][purpose:{object}]
"{CE0x447c170|80:_i64,_:_CRE_1784,1792_|*MultipleSource*|*LoadInst*|security/apparmor/include/apparmor.h,117|security/apparmor/include/apparmor.h,117}"
	-- CONST[source:1(input),value:2(dynamic)][purpose:{object}]
"{CE0x4477ec0|80:_i64,_:_CRE_1644,1645_}"
	-- CONST[source:1(input),value:2(dynamic)][purpose:{object}]
"{CE0x447ab60|80:_i64,_:_CRE_1686,1687_}"
	-- CONST[source:1(input),value:2(dynamic)][purpose:{object}]
"{CE0x445aae0|80:_i64,_:_CRE_434,435_}"
	-- CONST[source:1(input),value:2(dynamic)][purpose:{object}]
"{CE0x44585b0|80:_i64,_:_CRE_399,400_}"
	-- CONST[source:1(input),value:2(dynamic)][purpose:{object}]
"{CE0x4466f10|80:_i64,_:_CRE_132,136_|*MultipleSource*|*LoadInst*|security/apparmor/include/apparmor.h,117|security/apparmor/include/apparmor.h,117}"
	-- CONST[source:1(input),value:2(dynamic)][purpose:{object}]
"{CE0x445e890|80:_i64,_:_CRE_568,569_}"
	-- CONST[source:1(input),value:2(dynamic)][purpose:{object}]
"{CE0x4469d90|80:_i64,_:_CRE_328,336_|*MultipleSource*|*LoadInst*|security/apparmor/include/apparmor.h,117|security/apparmor/include/apparmor.h,117}"
	-- CONST[source:1(input),value:2(dynamic)][purpose:{object}]
"{CE0x446b370|80:_i64,_:_CRE_1212,1213_}"
	-- CONST[source:1(input),value:2(dynamic)][purpose:{object}]
"{CE0x447a940|80:_i64,_:_CRE_1684,1685_}"
	-- CONST[source:1(input),value:2(dynamic)][purpose:{object}]
"{CE0x446fd70|80:_i64,_:_CRE_1296,1300_|*MultipleSource*|*LoadInst*|security/apparmor/include/apparmor.h,117|security/apparmor/include/apparmor.h,117}"
	-- CONST[source:1(input),value:2(dynamic)][purpose:{object}]
"{CE0x445c020|80:_i64,_:_CRE_454,455_}"
	-- CONST[source:1(input),value:2(dynamic)][purpose:{object}]
"{CE0x4464240|80:_i64,_:_CRE_880,896_|*MultipleSource*|*LoadInst*|security/apparmor/include/apparmor.h,117|security/apparmor/include/apparmor.h,117}"
	-- CONST[source:1(input),value:2(dynamic)][purpose:{object}]
"{CE0x446db70|80:_i64,_:_CRE_1250,1251_}"
	-- CONST[source:1(input),value:2(dynamic)][purpose:{object}]
"{CE0x4462850|80:_i64,_:_CRE_628,629_}"
	-- CONST[source:1(input),value:2(dynamic)][purpose:{object}]
"{CE0x4479a60|80:_i64,_:_CRE_1670,1671_}"
	-- CONST[source:1(input),value:2(dynamic)][purpose:{object}]
"{CE0x44632c0|80:_i64,_:_CRE_664,672_|*MultipleSource*|*LoadInst*|security/apparmor/include/apparmor.h,117|security/apparmor/include/apparmor.h,117}"
	-- CONST[source:1(input),value:2(dynamic)][purpose:{object}]
"{CE0x4468c20|80:_i64,_:_CRE_264,268_|*MultipleSource*|*LoadInst*|security/apparmor/include/apparmor.h,117|security/apparmor/include/apparmor.h,117}"
	-- CONST[source:1(input),value:2(dynamic)][purpose:{object}]
"{CE0x4460cb0|80:_i64,_:_CRE_602,603_}"
	-- CONST[source:1(input),value:2(dynamic)][purpose:{object}]
"{CE0x446f710|80:_i64,_:_CRE_1276,1277_}"
	-- CONST[source:1(input),value:2(dynamic)][purpose:{object}]
"{CE0x4476cb0|80:_i64,_:_CRE_1627,1628_}"
	-- CONST[source:1(input),value:2(dynamic)][purpose:{object}]
"{CE0x4472320|80:_i64,_:_CRE_1336,1337_}"
	-- CONST[source:1(input),value:2(dynamic)][purpose:{object}]
"{CE0x445a590|80:_i64,_:_CRE_429,430_}"
	-- CONST[source:1(input),value:2(dynamic)][purpose:{object}]
"{CE0x4463c70|80:_i64,_:_CRE_712,720_|*MultipleSource*|*LoadInst*|security/apparmor/include/apparmor.h,117|security/apparmor/include/apparmor.h,117}"
	-- CONST[source:1(input),value:2(dynamic)][purpose:{object}]
"{CE0x446c1f0|80:_i64,_:_CRE_1226,1227_}"
	-- CONST[source:1(input),value:2(dynamic)][purpose:{object}]
"{CE0x446ceb0|80:_i64,_:_CRE_1238,1239_}"
	-- CONST[source:1(input),value:2(dynamic)][purpose:{object}]
"{CE0x447bd90|80:_i64,_:_CRE_1768,1776_|*MultipleSource*|*LoadInst*|security/apparmor/include/apparmor.h,117|security/apparmor/include/apparmor.h,117}"
	-- CONST[source:1(input),value:2(dynamic)][purpose:{object}]
"{CE0x4459f30|80:_i64,_:_CRE_423,424_}"
	-- CONST[source:1(input),value:2(dynamic)][purpose:{object}]
"{CE0x4476870|80:_i64,_:_CRE_1623,1624_}"
	-- CONST[source:1(input),value:2(dynamic)][purpose:{object}]
"{CE0x4477ca0|80:_i64,_:_CRE_1642,1643_}"
	-- CONST[source:1(input),value:2(dynamic)][purpose:{object}]
"{CE0x4466b00|80:_i64,_:_CRE_120,128_|*MultipleSource*|*LoadInst*|security/apparmor/include/apparmor.h,117|security/apparmor/include/apparmor.h,117}"
	-- CONST[source:1(input),value:2(dynamic)][purpose:{object}]
"{CE0x446a170|80:_i64,_:_CRE_344,352_|*MultipleSource*|*LoadInst*|security/apparmor/include/apparmor.h,117|security/apparmor/include/apparmor.h,117}"
	-- CONST[source:1(input),value:2(dynamic)][purpose:{object}]
"{CE0x4468a30|80:_i64,_:_CRE_256,264_|*MultipleSource*|*LoadInst*|security/apparmor/include/apparmor.h,117|security/apparmor/include/apparmor.h,117}"
	-- CONST[source:1(input),value:2(dynamic)][purpose:{object}]
"{CE0x4469000|80:_i64,_:_CRE_272,280_|*MultipleSource*|*LoadInst*|security/apparmor/include/apparmor.h,117|security/apparmor/include/apparmor.h,117}"
	-- CONST[source:1(input),value:2(dynamic)][purpose:{object}]
"{CE0x4458f40|80:_i64,_:_CRE_408,409_}"
	-- CONST[source:1(input),value:2(dynamic)][purpose:{object}]
"{CE0x446fa40|80:_i64,_:_CRE_1279,1280_}"
	-- CONST[source:1(input),value:2(dynamic)][purpose:{object}]
"{CE0x446dfb0|80:_i64,_:_CRE_1254,1255_}"
	-- CONST[source:1(input),value:2(dynamic)][purpose:{object}]
"{CE0x44584a0|80:_i64,_:_CRE_398,399_}"
	-- CONST[source:1(input),value:2(dynamic)][purpose:{object}]
"{CE0x4470ef0|80:_i64,_:_CRE_1317,1318_}"
	-- CONST[source:1(input),value:2(dynamic)][purpose:{object}]
"{CE0x4474a70|80:_i64,_:_CRE_1373,1374_}"
	-- CONST[source:1(input),value:2(dynamic)][purpose:{object}]
"{CE0x445e9a0|80:_i64,_:_CRE_569,570_}"
	-- CONST[source:1(input),value:2(dynamic)][purpose:{object}]
"{CE0x445f880|80:_i64,_:_CRE_583,584_}"
	-- CONST[source:1(input),value:2(dynamic)][purpose:{object}]
"{CE0x4459490|80:_i64,_:_CRE_413,414_}"
	-- CONST[source:1(input),value:2(dynamic)][purpose:{object}]
"{CE0x445d310|80:_i64,_:_CRE_504,512_|*MultipleSource*|*LoadInst*|security/apparmor/include/apparmor.h,117|security/apparmor/include/apparmor.h,117}"
	-- CONST[source:1(input),value:2(dynamic)][purpose:{object}]
"{CE0x4472760|80:_i64,_:_CRE_1340,1341_}"
	-- CONST[source:1(input),value:2(dynamic)][purpose:{object}]
"{CE0x44597c0|80:_i64,_:_CRE_416,417_}"
	-- CONST[source:1(input),value:2(dynamic)][purpose:{object}]
"{CE0x4461420|80:_i64,_:_CRE_609,610_}"
	-- CONST[source:1(input),value:2(dynamic)][purpose:{object}]
"{CE0x445d120|80:_i64,_:_CRE_496,504_|*MultipleSource*|*LoadInst*|security/apparmor/include/apparmor.h,117|security/apparmor/include/apparmor.h,117}"
	-- CONST[source:1(input),value:2(dynamic)][purpose:{object}]
"{CE0x446f930|80:_i64,_:_CRE_1278,1279_}"
	-- CONST[source:1(input),value:2(dynamic)][purpose:{object}]
"{CE0x44703a0|80:_i64,_:_CRE_1306,1307_}"
	-- CONST[source:1(input),value:2(dynamic)][purpose:{object}]
"{CE0x4462520|80:_i64,_:_CRE_625,626_}"
	-- CONST[source:1(input),value:2(dynamic)][purpose:{object}]
"{CE0x4467100|80:_i64,_:_CRE_136,140_|*MultipleSource*|*LoadInst*|security/apparmor/include/apparmor.h,117|security/apparmor/include/apparmor.h,117}"
	-- CONST[source:1(input),value:2(dynamic)][purpose:{object}]
"{CE0x4471bb0|80:_i64,_:_CRE_1329,1330_}"
	-- CONST[source:1(input),value:2(dynamic)][purpose:{object}]
"{CE0x446c960|80:_i64,_:_CRE_1233,1234_}"
	-- CONST[source:1(input),value:2(dynamic)][purpose:{object}]
"{CE0x445ae10|80:_i64,_:_CRE_437,438_}"
	-- CONST[source:1(input),value:2(dynamic)][purpose:{object}]
"{CE0x445bad0|80:_i64,_:_CRE_449,450_}"
	-- CONST[source:1(input),value:2(dynamic)][purpose:{object}]
"{CE0x44634b0|80:_i64,_:_CRE_672,680_|*MultipleSource*|*LoadInst*|security/apparmor/include/apparmor.h,117|security/apparmor/include/apparmor.h,117}"
	-- CONST[source:1(input),value:2(dynamic)][purpose:{object}]
"{CE0x445ad00|80:_i64,_:_CRE_436,437_}"
	-- CONST[source:1(input),value:2(dynamic)][purpose:{object}]
"{CE0x447afa0|80:_i64,_:_CRE_1704,1712_|*MultipleSource*|*LoadInst*|security/apparmor/include/apparmor.h,117|security/apparmor/include/apparmor.h,117}"
	-- CONST[source:1(input),value:2(dynamic)][purpose:{object}]
"{CE0x446a930|80:_i64,_:_CRE_376,380_|*MultipleSource*|*LoadInst*|security/apparmor/include/apparmor.h,117|security/apparmor/include/apparmor.h,117}"
	-- CONST[source:1(input),value:2(dynamic)][purpose:{object}]
"{CE0x4478a70|80:_i64,_:_CRE_1655,1656_}"
	-- CONST[source:1(input),value:2(dynamic)][purpose:{object}]
"{CE0x445ecd0|80:_i64,_:_CRE_572,573_}"
	-- CONST[source:1(input),value:2(dynamic)][purpose:{object}]
"{CE0x4460870|80:_i64,_:_CRE_598,599_}"
	-- CONST[source:1(input),value:2(dynamic)][purpose:{object}]
"{CE0x446efa0|80:_i64,_:_CRE_1269,1270_}"
	-- CONST[source:1(input),value:2(dynamic)][purpose:{object}]
"{CE0x446f820|80:_i64,_:_CRE_1277,1278_}"
	-- CONST[source:1(input),value:2(dynamic)][purpose:{object}]
"{CE0x4474850|80:_i64,_:_CRE_1371,1372_}"
	-- CONST[source:1(input),value:2(dynamic)][purpose:{object}]
"{CE0x4462a70|80:_i64,_:_CRE_630,631_}"
	-- CONST[source:1(input),value:2(dynamic)][purpose:{object}]
"{CE0x4459af0|80:_i64,_:_CRE_419,420_}"
	-- CONST[source:1(input),value:2(dynamic)][purpose:{object}]
"{CE0x44596b0|80:_i64,_:_CRE_415,416_}"
	-- CONST[source:1(input),value:2(dynamic)][purpose:{object}]
"{CE0x445e0a0|80:_i64,_:_CRE_561,562_}"
	-- CONST[source:1(input),value:2(dynamic)][purpose:{object}]
"{CE0x445e4b0|80:_i64,_:_CRE_564,565_}"
	-- CONST[source:1(input),value:2(dynamic)][purpose:{object}]
"{CE0x4471110|80:_i64,_:_CRE_1319,1320_}"
	-- CONST[source:1(input),value:2(dynamic)][purpose:{object}]
"{CE0x4470780|80:_i64,_:_CRE_1310,1311_}"
	-- CONST[source:1(input),value:2(dynamic)][purpose:{object}]
"{CE0x447a500|80:_i64,_:_CRE_1680,1681_}"
	-- CONST[source:1(input),value:2(dynamic)][purpose:{object}]
"{CE0x445c570|80:_i64,_:_CRE_459,460_}"
	-- CONST[source:1(input),value:2(dynamic)][purpose:{object}]
"{CE0x4466340|80:_i64,_:_CRE_88,96_|*MultipleSource*|*LoadInst*|security/apparmor/include/apparmor.h,117|security/apparmor/include/apparmor.h,117}"
	-- CONST[source:1(input),value:2(dynamic)][purpose:{object}]
"{CE0x446d620|80:_i64,_:_CRE_1245,1246_}"
	-- CONST[source:1(input),value:2(dynamic)][purpose:{object}]
"{CE0x4474410|80:_i64,_:_CRE_1367,1368_}"
	-- CONST[source:1(input),value:2(dynamic)][purpose:{object}]
"{CE0x446cb80|80:_i64,_:_CRE_1235,1236_}"
	-- CONST[source:1(input),value:2(dynamic)][purpose:{object}]
"{CE0x44695d0|80:_i64,_:_CRE_296,304_|*MultipleSource*|*LoadInst*|security/apparmor/include/apparmor.h,117|security/apparmor/include/apparmor.h,117}"
	-- CONST[source:1(input),value:2(dynamic)][purpose:{object}]
"{CE0x445af20|80:_i64,_:_CRE_438,439_}"
	-- CONST[source:1(input),value:2(dynamic)][purpose:{object}]
"{CE0x4472210|80:_i64,_:_CRE_1335,1336_}"
	-- CONST[source:1(input),value:2(dynamic)][purpose:{object}]
"{CE0x44674e0|80:_i64,_:_CRE_152,160_|*MultipleSource*|*LoadInst*|security/apparmor/include/apparmor.h,117|security/apparmor/include/apparmor.h,117}"
	-- CONST[source:1(input),value:2(dynamic)][purpose:{object}]
"{CE0x4460650|80:_i64,_:_CRE_596,597_}"
	-- CONST[source:1(input),value:2(dynamic)][purpose:{object}]
"{CE0x4458d20|80:_i64,_:_CRE_406,407_}"
	-- CONST[source:1(input),value:2(dynamic)][purpose:{object}]
"{CE0x4459160|80:_i64,_:_CRE_410,411_}"
	-- CONST[source:1(input),value:2(dynamic)][purpose:{object}]
"{CE0x447aa50|80:_i64,_:_CRE_1685,1686_}"
	-- CONST[source:1(input),value:2(dynamic)][purpose:{object}]
"{CE0x4476ed0|80:_i64,_:_CRE_1629,1630_}"
	-- CONST[source:1(input),value:2(dynamic)][purpose:{object}]
"{CE0x446e610|80:_i64,_:_CRE_1260,1261_}"
	-- CONST[source:1(input),value:2(dynamic)][purpose:{object}]
"{CE0x447e700|80:_i64,_:_CRE_1920,1928_|*MultipleSource*|*LoadInst*|security/apparmor/include/apparmor.h,117|security/apparmor/include/apparmor.h,117}"
	-- CONST[source:1(input),value:2(dynamic)][purpose:{object}]
"{CE0x4473b90|80:_i64,_:_CRE_1359,1360_}"
	-- CONST[source:1(input),value:2(dynamic)][purpose:{object}]
"{CE0x44701b0|80:_i64,_:_CRE_1305,1306_}"
	-- CONST[source:1(input),value:2(dynamic)][purpose:{object}]
"{CE0x447c360|80:_i64,_:_CRE_1792,1800_|*MultipleSource*|*LoadInst*|security/apparmor/include/apparmor.h,117|security/apparmor/include/apparmor.h,117}"
	-- CONST[source:1(input),value:2(dynamic)][purpose:{object}]
"{CE0x4477200|80:_i64,_:_CRE_1632,1633_}"
	-- CONST[source:1(input),value:2(dynamic)][purpose:{object}]
"{CE0x4466520|80:_i64,_:_CRE_96,104_|*MultipleSource*|*LoadInst*|security/apparmor/include/apparmor.h,117|security/apparmor/include/apparmor.h,117}"
	-- CONST[source:1(input),value:2(dynamic)][purpose:{object}]
"{CE0x446fc60|80:_i64,_:_CRE_1288,1296_|*MultipleSource*|*LoadInst*|security/apparmor/include/apparmor.h,117|security/apparmor/include/apparmor.h,117}"
	-- CONST[source:1(input),value:2(dynamic)][purpose:{object}]
"{CE0x44636a0|80:_i64,_:_CRE_680,696_|*MultipleSource*|*LoadInst*|security/apparmor/include/apparmor.h,117|security/apparmor/include/apparmor.h,117}"
	-- CONST[source:1(input),value:2(dynamic)][purpose:{object}]
"{CE0x445abf0|80:_i64,_:_CRE_435,436_}"
	-- CONST[source:1(input),value:2(dynamic)][purpose:{object}]
"{CE0x4471cc0|80:_i64,_:_CRE_1330,1331_}"
	-- CONST[source:1(input),value:2(dynamic)][purpose:{object}]
"{CE0x445bbe0|80:_i64,_:_CRE_450,451_}"
	-- CONST[source:1(input),value:2(dynamic)][purpose:{object}]
"{CE0x4462da0|80:_i64,_:_CRE_640,648_|*MultipleSource*|*LoadInst*|security/apparmor/include/apparmor.h,117|security/apparmor/include/apparmor.h,117}"
	-- CONST[source:1(input),value:2(dynamic)][purpose:{object}]
"{CE0x4471220|80:_i64,_:_CRE_1320,1321_}"
	-- CONST[source:1(input),value:2(dynamic)][purpose:{object}]
"{CE0x4462300|80:_i64,_:_CRE_623,624_}"
	-- CONST[source:1(input),value:2(dynamic)][purpose:{object}]
"{CE0x445fdd0|80:_i64,_:_CRE_588,589_}"
	-- CONST[source:1(input),value:2(dynamic)][purpose:{object}]
"{CE0x4470ab0|80:_i64,_:_CRE_1313,1314_}"
	-- CONST[source:1(input),value:2(dynamic)][purpose:{object}]
"{CE0x445b8b0|80:_i64,_:_CRE_447,448_}"
	-- CONST[source:1(input),value:2(dynamic)][purpose:{object}]
"{CE0x4474960|80:_i64,_:_CRE_1372,1373_}"
	-- CONST[source:1(input),value:2(dynamic)][purpose:{object}]
"{CE0x446ba80|80:_i64,_:_CRE_1219,1220_}"
	-- CONST[source:1(input),value:2(dynamic)][purpose:{object}]
"{CE0x446bca0|80:_i64,_:_CRE_1221,1222_}"
	-- CONST[source:1(input),value:2(dynamic)][purpose:{object}]
"{CE0x4459c00|80:_i64,_:_CRE_420,421_}"
	-- CONST[source:1(input),value:2(dynamic)][purpose:{object}]
"{CE0x44672f0|80:_i64,_:_CRE_144,152_|*MultipleSource*|*LoadInst*|security/apparmor/include/apparmor.h,117|security/apparmor/include/apparmor.h,117}"
	-- CONST[source:1(input),value:2(dynamic)][purpose:{object}]
"{CE0x44759d0|80:_i64,_:_CRE_1596,1600_|*MultipleSource*|*LoadInst*|security/apparmor/include/apparmor.h,117|security/apparmor/include/apparmor.h,117}"
	-- CONST[source:1(input),value:2(dynamic)][purpose:{object}]
"{CE0x447b1c0|80:_i64,_:_CRE_1712,1720_|*MultipleSource*|*LoadInst*|security/apparmor/include/apparmor.h,117|security/apparmor/include/apparmor.h,117}"
	-- CONST[source:1(input),value:2(dynamic)][purpose:{object}]
"{CE0x447de80|80:_i64,_:_CRE_1878,1879_}"
	-- CONST[source:1(input),value:2(dynamic)][purpose:{object}]
"{CE0x446d730|80:_i64,_:_CRE_1246,1247_}"
	-- CONST[source:1(input),value:2(dynamic)][purpose:{object}]
"{CE0x4473530|80:_i64,_:_CRE_1353,1354_}"
	-- CONST[source:1(input),value:2(dynamic)][purpose:{object}]
"{CE0x445e780|80:_i64,_:_CRE_567,568_}"
	-- CONST[source:1(input),value:2(dynamic)][purpose:{object}]
"{CE0x447b7c0|80:_i64,_:_CRE_1736,1752_|*MultipleSource*|*LoadInst*|security/apparmor/include/apparmor.h,117|security/apparmor/include/apparmor.h,117}"
	-- CONST[source:1(input),value:2(dynamic)][purpose:{object}]
"{CE0x4465310|80:_i64,_:_CRE_20,21_|*MultipleSource*|*LoadInst*|security/apparmor/include/apparmor.h,117|security/apparmor/include/apparmor.h,117}"
	-- CONST[source:1(input),value:2(dynamic)][purpose:{object}]
"{CE0x4460fe0|80:_i64,_:_CRE_605,606_}"
	-- CONST[source:1(input),value:2(dynamic)][purpose:{object}]
"{CE0x4459380|80:_i64,_:_CRE_412,413_}"
	-- CONST[source:1(input),value:2(dynamic)][purpose:{object}]
"{CE0x44289c0|80:_i64,_:_CRE_2120,2248_|*MultipleSource*|*LoadInst*|security/apparmor/include/apparmor.h,117|security/apparmor/include/apparmor.h,117}"
	-- CONST[source:1(input),value:2(dynamic)][purpose:{object}]
"{CE0x4477530|80:_i64,_:_CRE_1635,1636_}"
	-- CONST[source:1(input),value:2(dynamic)][purpose:{object}]
"{CE0x445cce0|80:_i64,_:_CRE_480,488_|*MultipleSource*|*LoadInst*|security/apparmor/include/apparmor.h,117|security/apparmor/include/apparmor.h,117}"
	-- CONST[source:1(input),value:2(dynamic)][purpose:{object}]
"{CE0x4474300|80:_i64,_:_CRE_1366,1367_}"
	-- CONST[source:1(input),value:2(dynamic)][purpose:{object}]
"{CE0x446d400|80:_i64,_:_CRE_1243,1244_}"
	-- CONST[source:1(input),value:2(dynamic)][purpose:{object}]
"{CE0x446e830|80:_i64,_:_CRE_1262,1263_}"
	-- CONST[source:1(input),value:2(dynamic)][purpose:{object}]
"{CE0x446b420|80:_i64,_:_CRE_1213,1214_}"
	-- CONST[source:1(input),value:2(dynamic)][purpose:{object}]
"{CE0x445b360|80:_i64,_:_CRE_442,443_}"
	-- CONST[source:1(input),value:2(dynamic)][purpose:{object}]
"{CE0x4463e60|80:_i64,_:_CRE_720,736_|*MultipleSource*|*LoadInst*|security/apparmor/include/apparmor.h,117|security/apparmor/include/apparmor.h,117}"
	-- CONST[source:1(input),value:2(dynamic)][purpose:{object}]
"{CE0x445be00|80:_i64,_:_CRE_452,453_}"
	-- CONST[source:1(input),value:2(dynamic)][purpose:{object}]
"{CE0x4479730|80:_i64,_:_CRE_1667,1668_}"
	-- CONST[source:1(input),value:2(dynamic)][purpose:{object}]
"{CE0x447b5d0|80:_i64,_:_CRE_1728,1736_|*MultipleSource*|*LoadInst*|security/apparmor/include/apparmor.h,117|security/apparmor/include/apparmor.h,117}"
	-- CONST[source:1(input),value:2(dynamic)][purpose:{object}]
"{CE0x44630a0|80:_i64,_:_CRE_656,664_|*MultipleSource*|*LoadInst*|security/apparmor/include/apparmor.h,117|security/apparmor/include/apparmor.h,117}"
	-- CONST[source:1(input),value:2(dynamic)][purpose:{object}]
"{CE0x445ede0|80:_i64,_:_CRE_573,574_}"
	-- CONST[source:1(input),value:2(dynamic)][purpose:{object}]
"{CE0x4465a20|80:_i64,_:_CRE_48,56_|*MultipleSource*|*LoadInst*|security/apparmor/include/apparmor.h,117|security/apparmor/include/apparmor.h,117}"
	-- CONST[source:1(input),value:2(dynamic)][purpose:{object}]
"{CE0x44757e0|80:_i64,_:_CRE_1592,1596_|*MultipleSource*|*LoadInst*|security/apparmor/include/apparmor.h,117|security/apparmor/include/apparmor.h,117}"
	-- CONST[source:1(input),value:2(dynamic)][purpose:{object}]
"{CE0x447a1d0|80:_i64,_:_CRE_1677,1678_}"
	-- CONST[source:1(input),value:2(dynamic)][purpose:{object}]
"{CE0x446da60|80:_i64,_:_CRE_1249,1250_}"
	-- CONST[source:1(input),value:2(dynamic)][purpose:{object}]
"{CE0x446c300|80:_i64,_:_CRE_1227,1228_}"
	-- CONST[source:1(input),value:2(dynamic)][purpose:{object}]
"{CE0x4460980|80:_i64,_:_CRE_599,600_}"
	-- CONST[source:1(input),value:2(dynamic)][purpose:{object}]
"{CE0x4472870|80:_i64,_:_CRE_1341,1342_}"
	-- CONST[source:1(input),value:2(dynamic)][purpose:{object}]
"{CE0x4475bc0|80:_i64,_:_CRE_1600,1604_|*MultipleSource*|*LoadInst*|security/apparmor/include/apparmor.h,117|security/apparmor/include/apparmor.h,117}"
	-- CONST[source:1(input),value:2(dynamic)][purpose:{object}]
"{CE0x4459d10|80:_i64,_:_CRE_421,422_}"
	-- CONST[source:1(input),value:2(dynamic)][purpose:{object}]
"{CE0x445deb0|80:_i64,_:_CRE_560,561_}"
	-- CONST[source:1(input),value:2(dynamic)][purpose:{object}]
"{CE0x4474fc0|80:_i64,_:_CRE_1392,1536_|*MultipleSource*|*LoadInst*|security/apparmor/include/apparmor.h,117|security/apparmor/include/apparmor.h,117}"
	-- CONST[source:1(input),value:2(dynamic)][purpose:{object}]
"{CE0x4461ca0|80:_i64,_:_CRE_617,618_}"
	-- CONST[source:1(input),value:2(dynamic)][purpose:{object}]
"{CE0x44598d0|80:_i64,_:_CRE_417,418_}"
	-- CONST[source:1(input),value:2(dynamic)][purpose:{object}]
"{CE0x446f600|80:_i64,_:_CRE_1275,1276_}"
	-- CONST[source:1(input),value:2(dynamic)][purpose:{object}]
"{CE0x445a480|80:_i64,_:_CRE_428,429_}"
	-- CONST[source:1(input),value:2(dynamic)][purpose:{object}]
"{CE0x4471880|80:_i64,_:_CRE_1326,1327_}"
	-- CONST[source:1(input),value:2(dynamic)][purpose:{object}]
"{CE0x4474da0|80:_i64,_:_CRE_1376,1384_|*MultipleSource*|*LoadInst*|security/apparmor/include/apparmor.h,117|security/apparmor/include/apparmor.h,117}"
	-- CONST[source:1(input),value:2(dynamic)][purpose:{object}]
"{CE0x44791e0|80:_i64,_:_CRE_1662,1663_}"
	-- CONST[source:1(input),value:2(dynamic)][purpose:{object}]
"{CE0x445b690|80:_i64,_:_CRE_445,446_}"
	-- CONST[source:1(input),value:2(dynamic)][purpose:{object}]
"{CE0x447d6c0|80:_i64,_:_CRE_1872,1873_}"
	-- CONST[source:1(input),value:2(dynamic)][purpose:{object}]
"{CE0x446e1d0|80:_i64,_:_CRE_1256,1257_}"
	-- CONST[source:1(input),value:2(dynamic)][purpose:{object}]
"{CE0x4460ed0|80:_i64,_:_CRE_604,605_}"
	-- CONST[source:1(input),value:2(dynamic)][purpose:{object}]
"{CE0x446b530|80:_i64,_:_CRE_1214,1215_}"
	-- CONST[source:1(input),value:2(dynamic)][purpose:{object}]
"{CE0x446e500|80:_i64,_:_CRE_1259,1260_}"
	-- CONST[source:1(input),value:2(dynamic)][purpose:{object}]
"{CE0x447cd10|80:_i64,_:_CRE_1832,1840_|*MultipleSource*|*LoadInst*|security/apparmor/include/apparmor.h,117|security/apparmor/include/apparmor.h,117}"
	-- CONST[source:1(input),value:2(dynamic)][purpose:{object}]
"{CE0x4470de0|80:_i64,_:_CRE_1316,1317_}"
	-- CONST[source:1(input),value:2(dynamic)][purpose:{object}]
"{CE0x44620e0|80:_i64,_:_CRE_621,622_}"
	-- CONST[source:1(input),value:2(dynamic)][purpose:{object}]
"{CE0x446ee90|80:_i64,_:_CRE_1268,1269_}"
	-- CONST[source:1(input),value:2(dynamic)][purpose:{object}]
"{CE0x447a830|80:_i64,_:_CRE_1683,1684_}"
	-- CONST[source:1(input),value:2(dynamic)][purpose:{object}]
"{CE0x4478da0|80:_i64,_:_CRE_1658,1659_}"
	-- CONST[source:1(input),value:2(dynamic)][purpose:{object}]
"{CE0x44730f0|80:_i64,_:_CRE_1349,1350_}"
	-- CONST[source:1(input),value:2(dynamic)][purpose:{object}]
"{CE0x446c0e0|80:_i64,_:_CRE_1225,1226_}"
	-- CONST[source:1(input),value:2(dynamic)][purpose:{object}]
"{CE0x446ca70|80:_i64,_:_CRE_1234,1235_}"
	-- CONST[source:1(input),value:2(dynamic)][purpose:{object}]
"{CE0x445a260|80:_i64,_:_CRE_426,427_}"
	-- CONST[source:1(input),value:2(dynamic)][purpose:{object}]
"{CE0x4479950|80:_i64,_:_CRE_1669,1670_}"
	-- CONST[source:1(input),value:2(dynamic)][purpose:{object}]
"{CE0x445f110|80:_i64,_:_CRE_576,577_}"
	-- CONST[source:1(input),value:2(dynamic)][purpose:{object}]
"{CE0x4467ab0|80:_i64,_:_CRE_184,188_|*MultipleSource*|*LoadInst*|security/apparmor/include/apparmor.h,117|security/apparmor/include/apparmor.h,117}"
	-- CONST[source:1(input),value:2(dynamic)][purpose:{object}]
"{CE0x4461ec0|80:_i64,_:_CRE_619,620_}"
	-- CONST[source:1(input),value:2(dynamic)][purpose:{object}]
"{CE0x4479400|80:_i64,_:_CRE_1664,1665_}"
	-- CONST[source:1(input),value:2(dynamic)][purpose:{object}]
"{CE0x446fb50|80:_i64,_:_CRE_1280,1288_|*MultipleSource*|*LoadInst*|security/apparmor/include/apparmor.h,117|security/apparmor/include/apparmor.h,117}"
	-- CONST[source:1(input),value:2(dynamic)][purpose:{object}]
"{CE0x4475db0|80:_i64,_:_CRE_1608,1612_|*MultipleSource*|*LoadInst*|security/apparmor/include/apparmor.h,117|security/apparmor/include/apparmor.h,117}"
	-- CONST[source:1(input),value:2(dynamic)][purpose:{object}]
"{CE0x4472a90|80:_i64,_:_CRE_1343,1344_}"
	-- CONST[source:1(input),value:2(dynamic)][purpose:{object}]
"{CE0x446cda0|80:_i64,_:_CRE_1237,1238_}"
	-- CONST[source:1(input),value:2(dynamic)][purpose:{object}]
"{CE0x4468e10|80:_i64,_:_CRE_268,272_|*MultipleSource*|*LoadInst*|security/apparmor/include/apparmor.h,117|security/apparmor/include/apparmor.h,117}"
	-- CONST[source:1(input),value:2(dynamic)][purpose:{object}]
"{CE0x4461530|80:_i64,_:_CRE_610,611_}"
	-- CONST[source:1(input),value:2(dynamic)][purpose:{object}]
"{CE0x445b470|80:_i64,_:_CRE_443,444_}"
	-- CONST[source:1(input),value:2(dynamic)][purpose:{object}]
"{CE0x4460a90|80:_i64,_:_CRE_600,601_}"
	-- CONST[source:1(input),value:2(dynamic)][purpose:{object}]
"{CE0x44285e0|80:_i64,_:_CRE_2056,2112_|*MultipleSource*|*LoadInst*|security/apparmor/include/apparmor.h,117|security/apparmor/include/apparmor.h,117}"
	-- CONST[source:1(input),value:2(dynamic)][purpose:{object}]
"{CE0x4458230|80:_i64,_:_CRE_395,396_}"
	-- CONST[source:1(input),value:2(dynamic)][purpose:{object}]
"{CE0x4470510|80:_i64,_:_CRE_1307,1308_}"
	-- CONST[source:1(input),value:2(dynamic)][purpose:{object}]
"{CE0x445a7b0|80:_i64,_:_CRE_431,432_}"
	-- CONST[source:1(input),value:2(dynamic)][purpose:{object}]
"{CE0x4475fa0|80:_i64,_:_CRE_1616,1617_}"
	-- CONST[source:1(input),value:2(dynamic)][purpose:{object}]
"{CE0x4461750|80:_i64,_:_CRE_612,613_}"
	-- CONST[source:1(input),value:2(dynamic)][purpose:{object}]
"{CE0x446d2f0|80:_i64,_:_CRE_1242,1243_}"
	-- CONST[source:1(input),value:2(dynamic)][purpose:{object}]
"{CE0x4477310|80:_i64,_:_CRE_1633,1634_}"
	-- CONST[source:1(input),value:2(dynamic)][purpose:{object}]
"{CE0x445fff0|80:_i64,_:_CRE_590,591_}"
	-- CONST[source:1(input),value:2(dynamic)][purpose:{object}]
"{CE0x447bba0|80:_i64,_:_CRE_1760,1764_|*MultipleSource*|*LoadInst*|security/apparmor/include/apparmor.h,117|security/apparmor/include/apparmor.h,117}"
	-- CONST[source:1(input),value:2(dynamic)][purpose:{object}]
"{CE0x445e290|80:_i64,_:_CRE_562,563_}"
	-- CONST[source:1(input),value:2(dynamic)][purpose:{object}]
"{CE0x44582e0|80:_i64,_:_CRE_396,397_}"
	-- CONST[source:1(input),value:2(dynamic)][purpose:{object}]
"{CE0x4467e90|80:_i64,_:_CRE_200,204_|*MultipleSource*|*LoadInst*|security/apparmor/include/apparmor.h,117|security/apparmor/include/apparmor.h,117}"
	-- CONST[source:1(input),value:2(dynamic)][purpose:{object}]
"{CE0x4428f90|80:_i64,_:_CRE_2264,2268_|*MultipleSource*|*LoadInst*|security/apparmor/include/apparmor.h,117|security/apparmor/include/apparmor.h,117}"
	-- CONST[source:1(input),value:2(dynamic)][purpose:{object}]
"{CE0x4466d20|80:_i64,_:_CRE_128,132_|*MultipleSource*|*LoadInst*|security/apparmor/include/apparmor.h,117|security/apparmor/include/apparmor.h,117}"
	-- CONST[source:1(input),value:2(dynamic)][purpose:{object}]
"{CE0x447e1b0|80:_i64,_:_CRE_1888,1896_|*MultipleSource*|*LoadInst*|security/apparmor/include/apparmor.h,117|security/apparmor/include/apparmor.h,117}"
	-- CONST[source:1(input),value:2(dynamic)][purpose:{object}]
"{CE0x4476fe0|80:_i64,_:_CRE_1630,1631_}"
	-- CONST[source:1(input),value:2(dynamic)][purpose:{object}]
"{CE0x4478850|80:_i64,_:_CRE_1653,1654_}"
	-- CONST[source:1(input),value:2(dynamic)][purpose:{object}]
"{CE0x4479ea0|80:_i64,_:_CRE_1674,1675_}"
	-- CONST[source:1(input),value:2(dynamic)][purpose:{object}]
"{CE0x446dea0|80:_i64,_:_CRE_1253,1254_}"
	-- CONST[source:1(input),value:2(dynamic)][purpose:{object}]
"{CE0x4468650|80:_i64,_:_CRE_240,248_|*MultipleSource*|*LoadInst*|security/apparmor/include/apparmor.h,117|security/apparmor/include/apparmor.h,117}"
	-- CONST[source:1(input),value:2(dynamic)][purpose:{object}]
"{CE0x4457ed0|80:_i64,_:_CRE_393,394_}"
	-- CONST[source:1(input),value:2(dynamic)][purpose:{object}]
"{CE0x447bf80|80:_i64,_:_CRE_1776,1784_|*MultipleSource*|*LoadInst*|security/apparmor/include/apparmor.h,117|security/apparmor/include/apparmor.h,117}"
	-- CONST[source:1(input),value:2(dynamic)][purpose:{object}]
"{CE0x4461860|80:_i64,_:_CRE_613,614_}"
	-- CONST[source:1(input),value:2(dynamic)][purpose:{object}]
"{CE0x4462b80|80:_i64,_:_CRE_631,632_}"
	-- CONST[source:1(input),value:2(dynamic)][purpose:{object}]
"{CE0x4471aa0|80:_i64,_:_CRE_1328,1329_}"
	-- CONST[source:1(input),value:2(dynamic)][purpose:{object}]
"{CE0x44676d0|80:_i64,_:_CRE_160,176_|*MultipleSource*|*LoadInst*|security/apparmor/include/apparmor.h,117|security/apparmor/include/apparmor.h,117}"
	-- CONST[source:1(input),value:2(dynamic)][purpose:{object}]
"{CE0x4465010|80:_i64,_:_CRE_16,20_|*MultipleSource*|*LoadInst*|security/apparmor/include/apparmor.h,117|security/apparmor/include/apparmor.h,117}"
	-- CONST[source:1(input),value:2(dynamic)][purpose:{object}]
"{CE0x4477750|80:_i64,_:_CRE_1637,1638_}"
	-- CONST[source:1(input),value:2(dynamic)][purpose:{object}]
"{CE0x4478410|80:_i64,_:_CRE_1649,1650_}"
	-- CONST[source:1(input),value:2(dynamic)][purpose:{object}]
"{CE0x4477420|80:_i64,_:_CRE_1634,1635_}"
	-- CONST[source:1(input),value:2(dynamic)][purpose:{object}]
"{CE0x4465880|80:_i64,_:_CRE_40,48_|*MultipleSource*|*LoadInst*|security/apparmor/include/apparmor.h,117|security/apparmor/include/apparmor.h,117}"
	-- CONST[source:1(input),value:2(dynamic)][purpose:{object}]
"{CE0x446f0b0|80:_i64,_:_CRE_1270,1271_}"
	-- CONST[source:1(input),value:2(dynamic)][purpose:{object}]
"{CE0x4473a80|80:_i64,_:_CRE_1358,1359_}"
	-- CONST[source:1(input),value:2(dynamic)][purpose:{object}]
"{CE0x4461a80|80:_i64,_:_CRE_615,616_}"
	-- CONST[source:1(input),value:2(dynamic)][purpose:{object}]
"{CE0x4472540|80:_i64,_:_CRE_1338,1339_}"
	-- CONST[source:1(input),value:2(dynamic)][purpose:{object}]
"{CE0x4470bc0|80:_i64,_:_CRE_1314,1315_}"
	-- CONST[source:1(input),value:2(dynamic)][purpose:{object}]
"{CE0x44780e0|80:_i64,_:_CRE_1646,1647_}"
	-- CONST[source:1(input),value:2(dynamic)][purpose:{object}]
"{CE0x445cbd0|80:_i64,_:_CRE_472,480_|*MultipleSource*|*LoadInst*|security/apparmor/include/apparmor.h,117|security/apparmor/include/apparmor.h,117}"
	-- CONST[source:1(input),value:2(dynamic)][purpose:{object}]
"{CE0x4461310|80:_i64,_:_CRE_608,609_}"
	-- CONST[source:1(input),value:2(dynamic)][purpose:{object}]
"{CE0x4462eb0|80:_i64,_:_CRE_648,656_|*MultipleSource*|*LoadInst*|security/apparmor/include/apparmor.h,117|security/apparmor/include/apparmor.h,117}"
	-- CONST[source:1(input),value:2(dynamic)][purpose:{object}]
"{CE0x4474630|80:_i64,_:_CRE_1369,1370_}"
	-- CONST[source:1(input),value:2(dynamic)][purpose:{object}]
"{CE0x445d500|80:_i64,_:_CRE_512,528_|*MultipleSource*|*LoadInst*|security/apparmor/include/apparmor.h,117|security/apparmor/include/apparmor.h,117}"
	-- CONST[source:1(input),value:2(dynamic)][purpose:{object}]
"{CE0x445e560|80:_i64,_:_CRE_565,566_}"
	-- CONST[source:1(input),value:2(dynamic)][purpose:{object}]
"{CE0x4474740|80:_i64,_:_CRE_1370,1371_}"
	-- CONST[source:1(input),value:2(dynamic)][purpose:{object}]
"{CE0x4476650|80:_i64,_:_CRE_1621,1622_}"
	-- CONST[source:1(input),value:2(dynamic)][purpose:{object}]
"{CE0x4477640|80:_i64,_:_CRE_1636,1637_}"
	-- CONST[source:1(input),value:2(dynamic)][purpose:{object}]
"{CE0x4473200|80:_i64,_:_CRE_1350,1351_}"
	-- CONST[source:1(input),value:2(dynamic)][purpose:{object}]
"{CE0x44610f0|80:_i64,_:_CRE_606,607_}"
	-- CONST[source:1(input),value:2(dynamic)][purpose:{object}]
"{CE0x4473420|80:_i64,_:_CRE_1352,1353_}"
	-- CONST[source:1(input),value:2(dynamic)][purpose:{object}]
"{CE0x4464620|80:_i64,_:_CRE_1208,1209_}"
	-- CONST[source:1(input),value:2(dynamic)][purpose:{object}]
"{CE0x445fee0|80:_i64,_:_CRE_589,590_}"
	-- CONST[source:1(input),value:2(dynamic)][purpose:{object}]
"{CE0x446d840|80:_i64,_:_CRE_1247,1248_}"
	-- CONST[source:1(input),value:2(dynamic)][purpose:{object}]
"{CE0x44691f0|80:_i64,_:_CRE_280,288_|*MultipleSource*|*LoadInst*|security/apparmor/include/apparmor.h,117|security/apparmor/include/apparmor.h,117}"
	-- CONST[source:1(input),value:2(dynamic)][purpose:{object}]
"{CE0x446c520|80:_i64,_:_CRE_1229,1230_}"
	-- CONST[source:1(input),value:2(dynamic)][purpose:{object}]
"{CE0x446e2e0|80:_i64,_:_CRE_1257,1258_}"
	-- CONST[source:1(input),value:2(dynamic)][purpose:{object}]
"{CE0x4476760|80:_i64,_:_CRE_1622,1623_}"
	-- CONST[source:1(input),value:2(dynamic)][purpose:{object}]
"{CE0x44792f0|80:_i64,_:_CRE_1663,1664_}"
	-- CONST[source:1(input),value:2(dynamic)][purpose:{object}]
"{CE0x4476a90|80:_i64,_:_CRE_1625,1626_}"
	-- CONST[source:1(input),value:2(dynamic)][purpose:{object}]
"{CE0x44765a0|80:_i64,_:_CRE_1620,1621_}"
	-- CONST[source:1(input),value:2(dynamic)][purpose:{object}]
"{CE0x4468460|80:_i64,_:_CRE_224,240_|*MultipleSource*|*LoadInst*|security/apparmor/include/apparmor.h,117|security/apparmor/include/apparmor.h,117}"
	-- CONST[source:1(input),value:2(dynamic)][purpose:{object}]
"{CE0x447c550|80:_i64,_:_CRE_1800,1804_|*MultipleSource*|*LoadInst*|security/apparmor/include/apparmor.h,117|security/apparmor/include/apparmor.h,117}"
	-- CONST[source:1(input),value:2(dynamic)][purpose:{object}]
"{CE0x44580c0|80:_i64,_:_CRE_394,395_}"
	-- CONST[source:1(input),value:2(dynamic)][purpose:{object}]
"{CE0x446b860|80:_i64,_:_CRE_1217,1218_}"
	-- CONST[source:1(input),value:2(dynamic)][purpose:{object}]
"{CE0x4459050|80:_i64,_:_CRE_409,410_}"
	-- CONST[source:1(input),value:2(dynamic)][purpose:{object}]
"{CE0x445c240|80:_i64,_:_CRE_456,457_}"
	-- CONST[source:1(input),value:2(dynamic)][purpose:{object}]
"{CE0x4473750|80:_i64,_:_CRE_1355,1356_}"
	-- CONST[source:1(input),value:2(dynamic)][purpose:{object}]
"{CE0x445c130|80:_i64,_:_CRE_455,456_}"
	-- CONST[source:1(input),value:2(dynamic)][purpose:{object}]
"{CE0x4478300|80:_i64,_:_CRE_1648,1649_}"
	-- CONST[source:1(input),value:2(dynamic)][purpose:{object}]
"{CE0x446f3e0|80:_i64,_:_CRE_1273,1274_}"
	-- CONST[source:1(input),value:2(dynamic)][purpose:{object}]
"{CE0x44709a0|80:_i64,_:_CRE_1312,1313_}"
	-- CONST[source:1(input),value:2(dynamic)][purpose:{object}]
"{CE0x445fcc0|80:_i64,_:_CRE_587,588_}"
	-- CONST[source:1(input),value:2(dynamic)][purpose:{object}]
"{CE0x4460540|80:_i64,_:_CRE_595,596_}"
	-- CONST[source:1(input),value:2(dynamic)][purpose:{object}]
"{CE0x4381b70|0:_%struct.aa_profile*,_:_CMRE_0,8_|*MultipleSource*|security/apparmor/include/context.h,99|*LoadInst*|security/apparmor/include/context.h,99|security/apparmor/include/context.h,100}"
	-- CONST[source:2(external),value:2(dynamic)][purpose:{subject}]
"{CE0x446bb90|80:_i64,_:_CRE_1220,1221_}"
	-- CONST[source:1(input),value:2(dynamic)][purpose:{object}]
"{CE0x446af60|80:_i64,_:_CRE_1209,1210_}"
	-- CONST[source:1(input),value:2(dynamic)][purpose:{object}]
"{CE0x445b9c0|80:_i64,_:_CRE_448,449_}"
	-- CONST[source:1(input),value:2(dynamic)][purpose:{object}]
"{CE0x446d0d0|80:_i64,_:_CRE_1240,1241_}"
	-- CONST[source:1(input),value:2(dynamic)][purpose:{object}]
"{CE0x446d1e0|80:_i64,_:_CRE_1241,1242_}"
	-- CONST[source:1(input),value:2(dynamic)][purpose:{object}]
"{CE0x447d8b0|80:_i64,_:_CRE_1873,1874_}"
	-- CONST[source:1(input),value:2(dynamic)][purpose:{object}]
"{CE0x4462410|80:_i64,_:_CRE_624,625_}"
	-- CONST[source:1(input),value:2(dynamic)][purpose:{object}]
"{CE0x4478eb0|80:_i64,_:_CRE_1659,1660_}"
	-- CONST[source:1(input),value:2(dynamic)][purpose:{object}]
"{CE0x4460760|80:_i64,_:_CRE_597,598_}"
	-- CONST[source:1(input),value:2(dynamic)][purpose:{object}]
"{CE0x4473640|80:_i64,_:_CRE_1354,1355_}"
	-- CONST[source:1(input),value:2(dynamic)][purpose:{object}]
"{CE0x447daa0|80:_i64,_:_CRE_1874,1875_}"
	-- CONST[source:1(input),value:2(dynamic)][purpose:{object}]
"{CE0x4471330|80:_i64,_:_CRE_1321,1322_}"
	-- CONST[source:1(input),value:2(dynamic)][purpose:{object}]
"{CE0x447ac70|80:_i64,_:_CRE_1687,1688_}"
	-- CONST[source:1(input),value:2(dynamic)][purpose:{object}]
"{CE0x4462630|80:_i64,_:_CRE_626,627_}"
	-- CONST[source:1(input),value:2(dynamic)][purpose:{object}]
"{CE0x446b2c0|80:_i64,_:_CRE_1211,1212_}"
	-- CONST[source:1(input),value:2(dynamic)][purpose:{object}]
"{CE0x4478740|80:_i64,_:_CRE_1652,1653_}"
	-- CONST[source:1(input),value:2(dynamic)][purpose:{object}]
"{CE0x44781f0|80:_i64,_:_CRE_1647,1648_}"
	-- CONST[source:1(input),value:2(dynamic)][purpose:{object}]
"{CE0x447a610|80:_i64,_:_CRE_1681,1682_}"
	-- CONST[source:1(input),value:2(dynamic)][purpose:{object}]
"{CE0x4460320|80:_i64,_:_CRE_593,594_}"
	-- CONST[source:1(input),value:2(dynamic)][purpose:{object}]
"{CE0x4472ba0|80:_i64,_:_CRE_1344,1345_}"
	-- CONST[source:1(input),value:2(dynamic)][purpose:{object}]
"{CE0x445d6f0|80:_i64,_:_CRE_528,536_|*MultipleSource*|*LoadInst*|security/apparmor/include/apparmor.h,117|security/apparmor/include/apparmor.h,117}"
	-- CONST[source:1(input),value:2(dynamic)][purpose:{object}]
"{CE0x446d510|80:_i64,_:_CRE_1244,1245_}"
	-- CONST[source:1(input),value:2(dynamic)][purpose:{object}]
"{CE0x4472430|80:_i64,_:_CRE_1337,1338_}"
	-- CONST[source:1(input),value:2(dynamic)][purpose:{object}]
"{CE0x446b970|80:_i64,_:_CRE_1218,1219_}"
	-- CONST[source:1(input),value:2(dynamic)][purpose:{object}]
"{CE0x445f660|80:_i64,_:_CRE_581,582_}"
	-- CONST[source:1(input),value:2(dynamic)][purpose:{object}]
"{CE0x4473fd0|80:_i64,_:_CRE_1363,1364_}"
	-- CONST[source:1(input),value:2(dynamic)][purpose:{object}]
"{CE0x445f220|80:_i64,_:_CRE_577,578_}"
	-- CONST[source:1(input),value:2(dynamic)][purpose:{object}]
"{CE0x445f330|80:_i64,_:_CRE_578,579_}"
	-- CONST[source:1(input),value:2(dynamic)][purpose:{object}]
"{CE0x4458e30|80:_i64,_:_CRE_407,408_}"
	-- CONST[source:1(input),value:2(dynamic)][purpose:{object}]
"{CE0x4474c90|80:_i64,_:_CRE_1375,1376_}"
	-- CONST[source:1(input),value:2(dynamic)][purpose:{object}]
"{CE0x4478fc0|80:_i64,_:_CRE_1660,1661_}"
	-- CONST[source:1(input),value:2(dynamic)][purpose:{object}]
"{CE0x4462960|80:_i64,_:_CRE_629,630_}"
	-- CONST[source:1(input),value:2(dynamic)][purpose:{object}]
"{CE0x4461b90|80:_i64,_:_CRE_616,617_}"
	-- CONST[source:1(input),value:2(dynamic)][purpose:{object}]
"{CE0x4476dc0|80:_i64,_:_CRE_1628,1629_}"
	-- CONST[source:1(input),value:2(dynamic)][purpose:{object}]
"{CE0x4460ba0|80:_i64,_:_CRE_601,602_}"
	-- CONST[source:1(input),value:2(dynamic)][purpose:{object}]
"{CE0x4473310|80:_i64,_:_CRE_1351,1352_}"
	-- CONST[source:1(input),value:2(dynamic)][purpose:{object}]
"{CE0x4468080|80:_i64,_:_CRE_208,216_|*MultipleSource*|*LoadInst*|security/apparmor/include/apparmor.h,117|security/apparmor/include/apparmor.h,117}"
	-- CONST[source:1(input),value:2(dynamic)][purpose:{object}]
"{CE0x4479510|80:_i64,_:_CRE_1665,1666_}"
	-- CONST[source:1(input),value:2(dynamic)][purpose:{object}]
"{CE0x4473970|80:_i64,_:_CRE_1357,1358_}"
	-- CONST[source:1(input),value:2(dynamic)][purpose:{object}]
"{CE0x44589f0|80:_i64,_:_CRE_403,404_}"
	-- CONST[source:1(input),value:2(dynamic)][purpose:{object}]
"{CE0x44764f0|80:_i64,_:_CRE_1619,1620_}"
	-- CONST[source:1(input),value:2(dynamic)][purpose:{object}]
"{CE0x445c790|80:_i64,_:_CRE_461,462_}"
	-- CONST[source:1(input),value:2(dynamic)][purpose:{object}]
"{CE0x4477fd0|80:_i64,_:_CRE_1645,1646_}"
	-- CONST[source:1(input),value:2(dynamic)][purpose:{object}]
"{CE0x4477860|80:_i64,_:_CRE_1638,1639_}"
	-- CONST[source:1(input),value:2(dynamic)][purpose:{object}]
"{CE0x4471770|80:_i64,_:_CRE_1325,1326_}"
	-- CONST[source:1(input),value:2(dynamic)][purpose:{object}]
"{CE0x445cac0|80:_i64,_:_CRE_464,472_|*MultipleSource*|*LoadInst*|security/apparmor/include/apparmor.h,117|security/apparmor/include/apparmor.h,117}"
	-- CONST[source:1(input),value:2(dynamic)][purpose:{object}]
"{CE0x4478c90|80:_i64,_:_CRE_1657,1658_}"
	-- CONST[source:1(input),value:2(dynamic)][purpose:{object}]
"{CE0x445c9b0|80:_i64,_:_CRE_463,464_}"
	-- CONST[source:1(input),value:2(dynamic)][purpose:{object}]
"{CE0x445a370|80:_i64,_:_CRE_427,428_}"
	-- CONST[source:1(input),value:2(dynamic)][purpose:{object}]
"{CE0x4479fb0|80:_i64,_:_CRE_1675,1676_}"
	-- CONST[source:1(input),value:2(dynamic)][purpose:{object}]
"{CE0x445cf00|80:_i64,_:_CRE_488,496_|*MultipleSource*|*LoadInst*|security/apparmor/include/apparmor.h,117|security/apparmor/include/apparmor.h,117}"
	-- CONST[source:1(input),value:2(dynamic)][purpose:{object}]
"{CE0x4470890|80:_i64,_:_CRE_1311,1312_}"
	-- CONST[source:1(input),value:2(dynamic)][purpose:{object}]
"{CE0x445f440|80:_i64,_:_CRE_579,580_}"
	-- CONST[source:1(input),value:2(dynamic)][purpose:{object}]
"{CE0x4472fe0|80:_i64,_:_CRE_1348,1349_}"
	-- CONST[source:1(input),value:2(dynamic)][purpose:{object}]
"{CE0x446cc90|80:_i64,_:_CRE_1236,1237_}"
	-- CONST[source:1(input),value:2(dynamic)][purpose:{object}]
"{CE0x4470670|80:_i64,_:_CRE_1309,1310_}"
	-- CONST[source:1(input),value:2(dynamic)][purpose:{object}]
"{CE0x44751e0|80:_i64,_:_CRE_1536,1568_|*MultipleSource*|*LoadInst*|security/apparmor/include/apparmor.h,117|security/apparmor/include/apparmor.h,117}"
	-- CONST[source:1(input),value:2(dynamic)][purpose:{object}]
"{CE0x446e0c0|80:_i64,_:_CRE_1255,1256_}"
	-- CONST[source:1(input),value:2(dynamic)][purpose:{object}]
"{CE0x4468270|80:_i64,_:_CRE_216,224_|*MultipleSource*|*LoadInst*|security/apparmor/include/apparmor.h,117|security/apparmor/include/apparmor.h,117}"
	-- CONST[source:1(input),value:2(dynamic)][purpose:{object}]
"{CE0x446ea50|80:_i64,_:_CRE_1264,1265_}"
	-- CONST[source:1(input),value:2(dynamic)][purpose:{object}]
"{CE0x4465f80|80:_i64,_:_CRE_72,80_|*MultipleSource*|*LoadInst*|security/apparmor/include/apparmor.h,117|security/apparmor/include/apparmor.h,117}"
	-- CONST[source:1(input),value:2(dynamic)][purpose:{object}]
"{CE0x446d950|80:_i64,_:_CRE_1248,1249_}"
	-- CONST[source:1(input),value:2(dynamic)][purpose:{object}]
"{CE0x445f990|80:_i64,_:_CRE_584,585_}"
	-- CONST[source:1(input),value:2(dynamic)][purpose:{object}]
"{CE0x447c930|80:_i64,_:_CRE_1816,1824_|*MultipleSource*|*LoadInst*|security/apparmor/include/apparmor.h,117|security/apparmor/include/apparmor.h,117}"
	-- CONST[source:1(input),value:2(dynamic)][purpose:{object}]
"{CE0x44588e0|80:_i64,_:_CRE_402,403_}"
	-- CONST[source:1(input),value:2(dynamic)][purpose:{object}]
"{CE0x445c680|80:_i64,_:_CRE_460,461_}"
	-- CONST[source:1(input),value:2(dynamic)][purpose:{object}]
"{CE0x4472650|80:_i64,_:_CRE_1339,1340_}"
	-- CONST[source:1(input),value:2(dynamic)][purpose:{object}]
"{CE0x447ae90|80:_i64,_:_CRE_1696,1704_|*MultipleSource*|*LoadInst*|security/apparmor/include/apparmor.h,117|security/apparmor/include/apparmor.h,117}"
	-- CONST[source:1(input),value:2(dynamic)][purpose:{object}]
"{CE0x447dd70|80:_i64,_:_CRE_1877,1878_}"
	-- CONST[source:1(input),value:2(dynamic)][purpose:{object}]
"{CE0x4474520|80:_i64,_:_CRE_1368,1369_}"
	-- CONST[source:1(input),value:2(dynamic)][purpose:{object}]
"{CE0x446f1c0|80:_i64,_:_CRE_1271,1272_}"
	-- CONST[source:1(input),value:2(dynamic)][purpose:{object}]
"{CE0x4478960|80:_i64,_:_CRE_1654,1655_}"
	-- CONST[source:1(input),value:2(dynamic)][purpose:{object}]
"{CE0x446e3f0|80:_i64,_:_CRE_1258,1259_}"
	-- CONST[source:1(input),value:2(dynamic)][purpose:{object}]
"{CE0x4467ca0|80:_i64,_:_CRE_192,200_|*MultipleSource*|*LoadInst*|security/apparmor/include/apparmor.h,117|security/apparmor/include/apparmor.h,117}"
	-- CONST[source:1(input),value:2(dynamic)][purpose:{object}]
"{CE0x446b750|80:_i64,_:_CRE_1216,1217_}"
	-- CONST[source:1(input),value:2(dynamic)][purpose:{object}]
"{CE0x445dad0|80:_i64,_:_CRE_544,552_|*MultipleSource*|*LoadInst*|security/apparmor/include/apparmor.h,117|security/apparmor/include/apparmor.h,117}"
	-- CONST[source:1(input),value:2(dynamic)][purpose:{object}]
"{CE0x44740e0|80:_i64,_:_CRE_1364,1365_}"
	-- CONST[source:1(input),value:2(dynamic)][purpose:{object}]
"{CE0x4476190|80:_i64,_:_CRE_1617,1618_}"
	-- CONST[source:1(input),value:2(dynamic)][purpose:{object}]
"{CE0x445a9d0|80:_i64,_:_CRE_433,434_}"
	-- CONST[source:1(input),value:2(dynamic)][purpose:{object}]
"{CE0x445b250|80:_i64,_:_CRE_441,442_}"
	-- CONST[source:1(input),value:2(dynamic)][purpose:{object}]
"{CE0x446bfd0|80:_i64,_:_CRE_1224,1225_}"
	-- CONST[source:1(input),value:2(dynamic)][purpose:{object}]
"{CE0x4471440|80:_i64,_:_CRE_1322,1323_}"
	-- CONST[source:1(input),value:2(dynamic)][purpose:{object}]
"{CE0x4476980|80:_i64,_:_CRE_1624,1625_}"
	-- CONST[source:1(input),value:2(dynamic)][purpose:{object}]
"{CE0x446ec70|80:_i64,_:_CRE_1266,1267_}"
	-- CONST[source:1(input),value:2(dynamic)][purpose:{object}]
"{CE0x4476ba0|80:_i64,_:_CRE_1626,1627_}"
	-- CONST[source:1(input),value:2(dynamic)][purpose:{object}]
"{CE0x4479c80|80:_i64,_:_CRE_1672,1673_}"
	-- CONST[source:1(input),value:2(dynamic)][purpose:{object}]
"{CE0x445c8a0|80:_i64,_:_CRE_462,463_}"
	-- CONST[source:1(input),value:2(dynamic)][purpose:{object}]
"{CE0x4478630|80:_i64,_:_CRE_1651,1652_}"
	-- CONST[source:1(input),value:2(dynamic)][purpose:{object}]
"{CE0x449a380|aa_file_perm:_cond|security/apparmor/file.c, 451}"
	-- CONST[source:1(input),value:2(dynamic)][purpose:{object}]
"{CE0x4464e90|80:_i64,_:_CRE_8,16_|*MultipleSource*|*LoadInst*|security/apparmor/include/apparmor.h,117|security/apparmor/include/apparmor.h,117}"
	-- CONST[source:1(input),value:2(dynamic)][purpose:{object}]
"{CE0x44678c0|80:_i64,_:_CRE_176,184_|*MultipleSource*|*LoadInst*|security/apparmor/include/apparmor.h,117|security/apparmor/include/apparmor.h,117}"
	-- CONST[source:1(input),value:2(dynamic)][purpose:{object}]
"{CE0x44770f0|80:_i64,_:_CRE_1631,1632_}"
	-- CONST[source:1(input),value:2(dynamic)][purpose:{object}]
"{CE0x4464050|80:_i64,_:_CRE_736,880_|*MultipleSource*|*LoadInst*|security/apparmor/include/apparmor.h,117|security/apparmor/include/apparmor.h,117}"
	-- CONST[source:1(input),value:2(dynamic)][purpose:{object}]
"{CE0x445eef0|80:_i64,_:_CRE_574,575_}"
	-- CONST[source:1(input),value:2(dynamic)][purpose:{object}]
"{CE0x4470cd0|80:_i64,_:_CRE_1315,1316_}"
	-- CONST[source:1(input),value:2(dynamic)][purpose:{object}]
"{CE0x4458b00|80:_i64,_:_CRE_404,405_}"
	-- CONST[source:1(input),value:2(dynamic)][purpose:{object}]
"{CE0x447df90|80:_i64,_:_CRE_1879,1880_}"
	-- CONST[source:1(input),value:2(dynamic)][purpose:{object}]
"{CE0x4472dc0|80:_i64,_:_CRE_1346,1347_}"
	-- CONST[source:1(input),value:2(dynamic)][purpose:{object}]
"{CE0x44705c0|80:_i64,_:_CRE_1308,1309_}"
	-- CONST[source:1(input),value:2(dynamic)][purpose:{object}]
"{CE0x447a0c0|80:_i64,_:_CRE_1676,1677_}"
	-- CONST[source:1(input),value:2(dynamic)][purpose:{object}]
