[selinux_inode_unlink]

explicit:
CONST[source:0(mediator),value:2(dynamic)][purpose:{operation}][SrcIdx:2]  ->  CONST[source:0(mediator),value:0(static)][purpose:{operation}]
-----------
CONST[source:0(mediator),value:2(dynamic)][purpose:{operation}][SrcIdx:2]
CE0x3d40a70 "{CE0x3d40a70|may_link:kind|Function::may_link&Arg::kind::|*SummSource*}"
CE0x3d409d0 "{CE0x3d409d0|may_link:kind|Function::may_link&Arg::kind::}"
CE0x3ddf390 "{CE0x3ddf390|may_link:tobool|security/selinux/hooks.c,1776}"
CE0x3dde9e0 "{CE0x3dde9e0|may_link:cond|security/selinux/hooks.c,1776}"
CE0x3de04d0 "{CE0x3de04d0|may_link:or|security/selinux/hooks.c,1776}"
CE0x3de0910 "{CE0x3de0910|may_link:conv3|security/selinux/hooks.c,1776}"
CE0x3de1690 "{CE0x3de1690|may_link:conv3|security/selinux/hooks.c,1776|*SummSink*}"
CONST[source:0(mediator),value:0(static)][purpose:{operation}]


CONST[source:1(input),value:2(dynamic)][purpose:{object}][SrcIdx:0]  ->  CONST[source:0(mediator),value:2(dynamic)][purpose:{object}]
-----------
CONST[source:1(input),value:2(dynamic)][purpose:{object}][SrcIdx:0]
CE0x3dd0bf0 "{CE0x3dd0bf0|28:_i32,_:_CRE_28,32_|*MultipleSource*|*LoadInst*|security/selinux/hooks.c,1769|security/selinux/hooks.c,1769|security/selinux/hooks.c,1777}"
CE0x3dd7410 "{CE0x3dd7410|may_link:tmp7|security/selinux/hooks.c,1777}"
CE0x3dcfa90 "{CE0x3dcfa90|may_link:tmp7|security/selinux/hooks.c,1777|*SummSink*}"
CONST[source:0(mediator),value:2(dynamic)][purpose:{object}]


CONST[source:1(input),value:2(dynamic)][purpose:{object}][SrcIdx:1]  ->  CONST[source:0(mediator),value:2(dynamic)][purpose:{object}]
-----------
CONST[source:1(input),value:2(dynamic)][purpose:{object}][SrcIdx:1]
CE0x3d86b20 "{CE0x3d86b20|56:_i8*,_:_CRE_56,64_|*MultipleSource*|*LoadInst*|security/selinux/hooks.c,1770|security/selinux/hooks.c,1770}"
CE0x3dce0f0 "{CE0x3dce0f0|may_link:tmp5|security/selinux/hooks.c,1770}"
CE0x3dce800 "{CE0x3dce800|may_link:tmp6|security/selinux/hooks.c,1770}"
CE0x3e0d030 "{CE0x3e0d030|may_link:sclass|security/selinux/hooks.c,1797}"
CE0x3e0cf00 "{CE0x3e0cf00|may_link:tmp25|security/selinux/hooks.c,1797}"
CE0x3e0bef0 "{CE0x3e0bef0|may_link:tmp25|security/selinux/hooks.c,1797|*SummSink*}"
CONST[source:0(mediator),value:2(dynamic)][purpose:{object}]


CONST[source:2(external),value:2(dynamic)][purpose:{subject}][SrcIdx:3]  ->  CONST[source:0(mediator),value:2(dynamic)][purpose:{subject}]
-----------
CONST[source:2(external),value:2(dynamic)][purpose:{subject}][SrcIdx:3]
CE0x3dedce0 "{CE0x3dedce0|COLLAPSED:_GCMRE_current_task_external_global_%struct.task_struct*:_elem_0::|security/selinux/hooks.c,218}"
CE0x3de8360 "{CE0x3de8360|current_sid:tmp22|security/selinux/hooks.c,218}"
CE0x3de8650 "{CE0x3de8650|current_sid:tmp23|security/selinux/hooks.c,218}"
CE0x3def860 "{CE0x3def860|current_sid:sid|security/selinux/hooks.c,220}"
CE0x3de8830 "{CE0x3de8830|current_sid:tmp24|security/selinux/hooks.c,220}"
CE0x3d623d0 "{CE0x3d623d0|_ret_i32_%tmp24,_!dbg_!27742|security/selinux/hooks.c,220}"
CE0x3d39f80 "{CE0x3d39f80|may_link:call|security/selinux/hooks.c,1765}"
CE0x3d4d9a0 "{CE0x3d4d9a0|may_link:call|security/selinux/hooks.c,1765|*SummSink*}"
CONST[source:0(mediator),value:2(dynamic)][purpose:{subject}]



implicit:
CONST[source:1(input),value:2(dynamic)][purpose:{object}][SrcIdx:0]  ->  CONST[source:0(mediator),value:2(dynamic)][purpose:{object}]
-----------
CONST[source:1(input),value:2(dynamic)][purpose:{object}][SrcIdx:0]
CE0x3dd0bf0 "{CE0x3dd0bf0|28:_i32,_:_CRE_28,32_|*MultipleSource*|*LoadInst*|security/selinux/hooks.c,1769|security/selinux/hooks.c,1769|security/selinux/hooks.c,1777}"
CE0x3dd7410 "{CE0x3dd7410|may_link:tmp7|security/selinux/hooks.c,1777}"
CE0x3dcfa90 "{CE0x3dcfa90|may_link:tmp7|security/selinux/hooks.c,1777|*SummSink*}"
CONST[source:0(mediator),value:2(dynamic)][purpose:{object}]


CONST[source:1(input),value:2(dynamic)][purpose:{object}][SrcIdx:1]  ->  CONST[source:0(mediator),value:2(dynamic)][purpose:{object}]
-----------
CONST[source:1(input),value:2(dynamic)][purpose:{object}][SrcIdx:1]
CE0x3d86b20 "{CE0x3d86b20|56:_i8*,_:_CRE_56,64_|*MultipleSource*|*LoadInst*|security/selinux/hooks.c,1770|security/selinux/hooks.c,1770}"
CE0x3dce0f0 "{CE0x3dce0f0|may_link:tmp5|security/selinux/hooks.c,1770}"
CE0x3dce800 "{CE0x3dce800|may_link:tmp6|security/selinux/hooks.c,1770}"
CE0x3e0d030 "{CE0x3e0d030|may_link:sclass|security/selinux/hooks.c,1797}"
CE0x3e0cf00 "{CE0x3e0cf00|may_link:tmp25|security/selinux/hooks.c,1797}"
CE0x3e0bef0 "{CE0x3e0bef0|may_link:tmp25|security/selinux/hooks.c,1797|*SummSink*}"
CONST[source:0(mediator),value:2(dynamic)][purpose:{object}]


CONST[source:2(external),value:2(dynamic)][purpose:{subject}][SrcIdx:3]  ->  CONST[source:0(mediator),value:2(dynamic)][purpose:{subject}]
-----------
CONST[source:2(external),value:2(dynamic)][purpose:{subject}][SrcIdx:3]
CE0x3deebc0 "{CE0x3deebc0|COLLAPSED:_CMRE:_elem_0::|security/selinux/hooks.c,218}"
CE0x3de8360 "{CE0x3de8360|current_sid:tmp22|security/selinux/hooks.c,218}"
CE0x3de8650 "{CE0x3de8650|current_sid:tmp23|security/selinux/hooks.c,218}"
CE0x3def860 "{CE0x3def860|current_sid:sid|security/selinux/hooks.c,220}"
CE0x3de8830 "{CE0x3de8830|current_sid:tmp24|security/selinux/hooks.c,220}"
CE0x3d623d0 "{CE0x3d623d0|_ret_i32_%tmp24,_!dbg_!27742|security/selinux/hooks.c,220}"
CE0x3d39f80 "{CE0x3d39f80|may_link:call|security/selinux/hooks.c,1765}"
CE0x3d4d9a0 "{CE0x3d4d9a0|may_link:call|security/selinux/hooks.c,1765|*SummSink*}"
CONST[source:0(mediator),value:2(dynamic)][purpose:{subject}]


CONST[source:0(mediator),value:2(dynamic)][purpose:{operation}][SrcIdx:2]  ->  CONST[source:0(mediator),value:2(dynamic)][purpose:{object}]
-----------
CONST[source:0(mediator),value:2(dynamic)][purpose:{operation}][SrcIdx:2]
CE0x3d40a70 "{CE0x3d40a70|may_link:kind|Function::may_link&Arg::kind::|*SummSource*}"
CE0x3d409d0 "{CE0x3d409d0|may_link:kind|Function::may_link&Arg::kind::}"
CE0x3d38680 "{CE0x3d38680|may_link:sw.epilog}"
CE0x3e0cf00 "{CE0x3e0cf00|may_link:tmp25|security/selinux/hooks.c,1797}"
CE0x3e0bef0 "{CE0x3e0bef0|may_link:tmp25|security/selinux/hooks.c,1797|*SummSink*}"
CONST[source:0(mediator),value:2(dynamic)][purpose:{object}]


CONST[source:0(mediator),value:2(dynamic)][purpose:{operation}][SrcIdx:2]  ->  CONST[source:0(mediator),value:0(static)][purpose:{operation}]
-----------
CONST[source:0(mediator),value:2(dynamic)][purpose:{operation}][SrcIdx:2]
CE0x3d40a70 "{CE0x3d40a70|may_link:kind|Function::may_link&Arg::kind::|*SummSource*}"
CE0x3d409d0 "{CE0x3d409d0|may_link:kind|Function::may_link&Arg::kind::}"
CE0x3d38680 "{CE0x3d38680|may_link:sw.epilog}"
CE0x3dfc500 "{CE0x3dfc500|may_link:av.0}"
CE0x3dfc740 "{CE0x3dfc740|may_link:av.0|*SummSink*}"
CONST[source:0(mediator),value:0(static)][purpose:{operation}]


