[selinux_quotactl]

explicit:
CONST[source:1(input),value:2(dynamic)][purpose:{object}]  ->  CONST[source:0(mediator),value:2(dynamic)][purpose:{object}]
-----------
CONST[source:1(input),value:2(dynamic)][purpose:{object}]
CE0x47a2150 "{CE0x47a2150|8:_i32,_:_CRE_8,12_|*MultipleSource*|*LoadInst*|security/selinux/hooks.c,1865|security/selinux/hooks.c,1865|security/selinux/hooks.c,1866}"
CE0x47d14a0 "{CE0x47d14a0|superblock_has_perm:_tmp6|security/selinux/hooks.c,1866}"
CE0x47425e0 "{CE0x47425e0|superblock_has_perm:_tmp6|security/selinux/hooks.c,1866|*SummSink*}"
CONST[source:0(mediator),value:2(dynamic)][purpose:{object}]


CONST[source:2(external),value:2(dynamic)][purpose:{subject}]  ->  CONST[source:0(mediator),value:2(dynamic)][purpose:{subject}]
-----------
CONST[source:2(external),value:2(dynamic)][purpose:{subject}]
CE0x471ca50 "{CE0x471ca50|COLLAPSED:_GCMRE_current_task_external_global_%struct.task_struct*:_elem_0::|security/selinux/hooks.c,2016}"
CE0x472ab00 "{CE0x472ab00|selinux_quotactl:_tmp19|security/selinux/hooks.c,2016}"
CE0x47285a0 "{CE0x47285a0|superblock_has_perm:_cred|Function::superblock_has_perm&Arg::cred::}"
CE0x478f310 "{CE0x478f310|cred_sid:_cred|Function::cred_sid&Arg::cred::}"
CE0x475d3c0 "{CE0x475d3c0|cred_sid:_security|security/selinux/hooks.c,196}"
CE0x475da80 "{CE0x475da80|cred_sid:_tmp4|*LoadInst*|security/selinux/hooks.c,196}"
CE0x4725da0 "{CE0x4725da0|cred_sid:_tmp5|security/selinux/hooks.c,196}"
CE0x4726590 "{CE0x4726590|cred_sid:_sid|security/selinux/hooks.c,197}"
CE0x47669c0 "{CE0x47669c0|cred_sid:_tmp6|security/selinux/hooks.c,197}"
CE0x47404a0 "{CE0x47404a0|_ret_i32_%tmp6,_!dbg_!27716|security/selinux/hooks.c,197}"
CE0x478e760 "{CE0x478e760|superblock_has_perm:_call|security/selinux/hooks.c,1863}"
CE0x478e910 "{CE0x478e910|superblock_has_perm:_call|security/selinux/hooks.c,1863|*SummSink*}"
CONST[source:0(mediator),value:2(dynamic)][purpose:{subject}]



implicit:
CONST[source:2(external),value:2(dynamic)][purpose:{subject}]  ->  CONST[source:0(mediator),value:2(dynamic)][purpose:{subject}]
-----------
CONST[source:2(external),value:2(dynamic)][purpose:{subject}]
CE0x471ca50 "{CE0x471ca50|COLLAPSED:_GCMRE_current_task_external_global_%struct.task_struct*:_elem_0::|security/selinux/hooks.c,2016}"
CE0x472ab00 "{CE0x472ab00|selinux_quotactl:_tmp19|security/selinux/hooks.c,2016}"
CE0x47285a0 "{CE0x47285a0|superblock_has_perm:_cred|Function::superblock_has_perm&Arg::cred::}"
CE0x478f310 "{CE0x478f310|cred_sid:_cred|Function::cred_sid&Arg::cred::}"
CE0x475d3c0 "{CE0x475d3c0|cred_sid:_security|security/selinux/hooks.c,196}"
CE0x475da80 "{CE0x475da80|cred_sid:_tmp4|*LoadInst*|security/selinux/hooks.c,196}"
CE0x4725da0 "{CE0x4725da0|cred_sid:_tmp5|security/selinux/hooks.c,196}"
CE0x4726590 "{CE0x4726590|cred_sid:_sid|security/selinux/hooks.c,197}"
CE0x47669c0 "{CE0x47669c0|cred_sid:_tmp6|security/selinux/hooks.c,197}"
CE0x47404a0 "{CE0x47404a0|_ret_i32_%tmp6,_!dbg_!27716|security/selinux/hooks.c,197}"
CE0x478e760 "{CE0x478e760|superblock_has_perm:_call|security/selinux/hooks.c,1863}"
CE0x478e910 "{CE0x478e910|superblock_has_perm:_call|security/selinux/hooks.c,1863|*SummSink*}"
CONST[source:0(mediator),value:2(dynamic)][purpose:{subject}]


CONST[source:1(input),value:2(dynamic)][purpose:{object}]  ->  CONST[source:0(mediator),value:2(dynamic)][purpose:{subject}]
-----------
CONST[source:1(input),value:2(dynamic)][purpose:{object}]
CE0x4733e00 "{CE0x4733e00|selinux_quotactl:_sb|Function::selinux_quotactl&Arg::sb::|*SummSource*}"
CE0x472c4c0 "{CE0x472c4c0|selinux_quotactl:_sb|Function::selinux_quotactl&Arg::sb::}"
CE0x4734270 "{CE0x4734270|selinux_quotactl:_tobool6|security/selinux/hooks.c,2019}"
CE0x47121f0 "{CE0x47121f0|selinux_quotactl:_sw.bb10}"
CE0x4716530 "{CE0x4716530|superblock_has_perm:_entry}"
CE0x478f740 "{CE0x478f740|superblock_has_perm:_bb}"
CE0x478e760 "{CE0x478e760|superblock_has_perm:_call|security/selinux/hooks.c,1863}"
CE0x478e910 "{CE0x478e910|superblock_has_perm:_call|security/selinux/hooks.c,1863|*SummSink*}"
CONST[source:0(mediator),value:2(dynamic)][purpose:{subject}]


CONST[source:1(input),value:2(dynamic)][purpose:{object}]  ->  CONST[source:0(mediator),value:2(dynamic)][purpose:{object}]
-----------
CONST[source:1(input),value:2(dynamic)][purpose:{object}]
CE0x47a2150 "{CE0x47a2150|8:_i32,_:_CRE_8,12_|*MultipleSource*|*LoadInst*|security/selinux/hooks.c,1865|security/selinux/hooks.c,1865|security/selinux/hooks.c,1866}"
CE0x47d14a0 "{CE0x47d14a0|superblock_has_perm:_tmp6|security/selinux/hooks.c,1866}"
CE0x47425e0 "{CE0x47425e0|superblock_has_perm:_tmp6|security/selinux/hooks.c,1866|*SummSink*}"
CONST[source:0(mediator),value:2(dynamic)][purpose:{object}]


