[selinux_inode_unlink]

explicit:
CONST[source:1(input),value:2(dynamic)][purpose:{object}][SrcIdx:1]  ->  CONST[source:0(mediator),value:2(dynamic)][purpose:{object}][SnkIdx:5]
-----------
CONST[source:1(input),value:2(dynamic)][purpose:{object}][SrcIdx:1]
CE0x8ec7770 "{CE0x8ec7770|VOIDTB_TE:_IE:_elem_0:default:}"
CE0x8eca8b0 "{CE0x8eca8b0|tmp24}"
CE0x8ecaba0 "{CE0x8ecaba0|tmp24}"
CONST[source:0(mediator),value:2(dynamic)][purpose:{object}][SnkIdx:5]


CONST[source:1(input),value:2(dynamic)][purpose:{object}][SrcIdx:1]  ->  CONST[source:0(mediator),value:2(dynamic)][purpose:{subject}][SnkIdx:4]
-----------
CONST[source:1(input),value:2(dynamic)][purpose:{object}][SrcIdx:1]
CE0x8ec7770 "{CE0x8ec7770|VOIDTB_TE:_IE:_elem_0:default:}"
CE0x8ef2200 "{CE0x8ef2200|tmp24}"
CE0x8ed8b60 "{CE0x8ed8b60|_ret_i32_%tmp24,_!dbg_!27742}"
CE0x8eecae0 "{CE0x8eecae0|call}"
CE0x8ed8820 "{CE0x8ed8820|call}"
CONST[source:0(mediator),value:2(dynamic)][purpose:{subject}][SnkIdx:4]


CONST[source:1(input),value:2(dynamic)][purpose:{object}][SrcIdx:1]  ->  CONST[source:0(mediator),value:2(dynamic)][purpose:{subject}][SnkIdx:0]
-----------
CONST[source:1(input),value:2(dynamic)][purpose:{object}][SrcIdx:1]
CE0x8ec7770 "{CE0x8ec7770|VOIDTB_TE:_IE:_elem_0:default:}"
CE0x8ef2200 "{CE0x8ef2200|tmp24}"
CE0x8ed8b60 "{CE0x8ed8b60|_ret_i32_%tmp24,_!dbg_!27742}"
CE0x8eecae0 "{CE0x8eecae0|call}"
CE0x8ed8820 "{CE0x8ed8820|call}"
CONST[source:0(mediator),value:2(dynamic)][purpose:{subject}][SnkIdx:0]


CONST[source:1(input),value:2(dynamic)][purpose:{object}][SrcIdx:1]  ->  CONST[source:0(mediator),value:2(dynamic)][purpose:{object}][SnkIdx:1]
-----------
CONST[source:1(input),value:2(dynamic)][purpose:{object}][SrcIdx:1]
CE0x8ec7770 "{CE0x8ec7770|VOIDTB_TE:_IE:_elem_0:default:}"
CE0x8ee67e0 "{CE0x8ee67e0|tmp7}"
CE0x8eca4b0 "{CE0x8eca4b0|tmp7}"
CONST[source:0(mediator),value:2(dynamic)][purpose:{object}][SnkIdx:1]


CONST[source:1(input),value:2(dynamic)][purpose:{object}][SrcIdx:1]  ->  CONST[source:0(mediator),value:2(dynamic)][purpose:{object}][SnkIdx:6]
-----------
CONST[source:1(input),value:2(dynamic)][purpose:{object}][SrcIdx:1]
CE0x8ec7770 "{CE0x8ec7770|VOIDTB_TE:_IE:_elem_0:default:}"
CE0x8ecafa0 "{CE0x8ecafa0|tmp25}"
CE0x8f10010 "{CE0x8f10010|tmp25}"
CONST[source:0(mediator),value:2(dynamic)][purpose:{object}][SnkIdx:6]


CONST[source:2(external),value:2(dynamic)][purpose:{subject}][SrcIdx:4]  ->  CONST[source:0(mediator),value:2(dynamic)][purpose:{object}][SnkIdx:5]
-----------
CONST[source:2(external),value:2(dynamic)][purpose:{subject}][SrcIdx:4]
CE0x8ec7770 "{CE0x8ec7770|VOIDTB_TE:_IE:_elem_0:default:}"
CE0x8eca8b0 "{CE0x8eca8b0|tmp24}"
CE0x8ecaba0 "{CE0x8ecaba0|tmp24}"
CONST[source:0(mediator),value:2(dynamic)][purpose:{object}][SnkIdx:5]


CONST[source:2(external),value:2(dynamic)][purpose:{subject}][SrcIdx:4]  ->  CONST[source:0(mediator),value:2(dynamic)][purpose:{subject}][SnkIdx:4]
-----------
CONST[source:2(external),value:2(dynamic)][purpose:{subject}][SrcIdx:4]
CE0x8ec7770 "{CE0x8ec7770|VOIDTB_TE:_IE:_elem_0:default:}"
CE0x8ef2200 "{CE0x8ef2200|tmp24}"
CE0x8ed8b60 "{CE0x8ed8b60|_ret_i32_%tmp24,_!dbg_!27742}"
CE0x8eecae0 "{CE0x8eecae0|call}"
CE0x8ed8820 "{CE0x8ed8820|call}"
CONST[source:0(mediator),value:2(dynamic)][purpose:{subject}][SnkIdx:4]


CONST[source:2(external),value:2(dynamic)][purpose:{subject}][SrcIdx:4]  ->  CONST[source:0(mediator),value:2(dynamic)][purpose:{subject}][SnkIdx:0]
-----------
CONST[source:2(external),value:2(dynamic)][purpose:{subject}][SrcIdx:4]
CE0x8ec7770 "{CE0x8ec7770|VOIDTB_TE:_IE:_elem_0:default:}"
CE0x8ef2200 "{CE0x8ef2200|tmp24}"
CE0x8ed8b60 "{CE0x8ed8b60|_ret_i32_%tmp24,_!dbg_!27742}"
CE0x8eecae0 "{CE0x8eecae0|call}"
CE0x8ed8820 "{CE0x8ed8820|call}"
CONST[source:0(mediator),value:2(dynamic)][purpose:{subject}][SnkIdx:0]


CONST[source:2(external),value:2(dynamic)][purpose:{subject}][SrcIdx:4]  ->  CONST[source:0(mediator),value:2(dynamic)][purpose:{object}][SnkIdx:1]
-----------
CONST[source:2(external),value:2(dynamic)][purpose:{subject}][SrcIdx:4]
CE0x8ec7770 "{CE0x8ec7770|VOIDTB_TE:_IE:_elem_0:default:}"
CE0x8ee67e0 "{CE0x8ee67e0|tmp7}"
CE0x8eca4b0 "{CE0x8eca4b0|tmp7}"
CONST[source:0(mediator),value:2(dynamic)][purpose:{object}][SnkIdx:1]


CONST[source:2(external),value:2(dynamic)][purpose:{subject}][SrcIdx:4]  ->  CONST[source:0(mediator),value:2(dynamic)][purpose:{object}][SnkIdx:6]
-----------
CONST[source:2(external),value:2(dynamic)][purpose:{subject}][SrcIdx:4]
CE0x8ec7770 "{CE0x8ec7770|VOIDTB_TE:_IE:_elem_0:default:}"
CE0x8ecafa0 "{CE0x8ecafa0|tmp25}"
CE0x8f10010 "{CE0x8f10010|tmp25}"
CONST[source:0(mediator),value:2(dynamic)][purpose:{object}][SnkIdx:6]


CONST[source:1(input),value:2(dynamic)][purpose:{object}][SrcIdx:2]  ->  CONST[source:0(mediator),value:2(dynamic)][purpose:{object}][SnkIdx:5]
-----------
CONST[source:1(input),value:2(dynamic)][purpose:{object}][SrcIdx:2]
CE0x8ec7770 "{CE0x8ec7770|VOIDTB_TE:_IE:_elem_0:default:}"
CE0x8eca8b0 "{CE0x8eca8b0|tmp24}"
CE0x8ecaba0 "{CE0x8ecaba0|tmp24}"
CONST[source:0(mediator),value:2(dynamic)][purpose:{object}][SnkIdx:5]


CONST[source:1(input),value:2(dynamic)][purpose:{object}][SrcIdx:2]  ->  CONST[source:0(mediator),value:2(dynamic)][purpose:{subject}][SnkIdx:4]
-----------
CONST[source:1(input),value:2(dynamic)][purpose:{object}][SrcIdx:2]
CE0x8ec7770 "{CE0x8ec7770|VOIDTB_TE:_IE:_elem_0:default:}"
CE0x8ef2200 "{CE0x8ef2200|tmp24}"
CE0x8ed8b60 "{CE0x8ed8b60|_ret_i32_%tmp24,_!dbg_!27742}"
CE0x8eecae0 "{CE0x8eecae0|call}"
CE0x8ed8820 "{CE0x8ed8820|call}"
CONST[source:0(mediator),value:2(dynamic)][purpose:{subject}][SnkIdx:4]


CONST[source:1(input),value:2(dynamic)][purpose:{object}][SrcIdx:2]  ->  CONST[source:0(mediator),value:2(dynamic)][purpose:{subject}][SnkIdx:0]
-----------
CONST[source:1(input),value:2(dynamic)][purpose:{object}][SrcIdx:2]
CE0x8ec7770 "{CE0x8ec7770|VOIDTB_TE:_IE:_elem_0:default:}"
CE0x8ef2200 "{CE0x8ef2200|tmp24}"
CE0x8ed8b60 "{CE0x8ed8b60|_ret_i32_%tmp24,_!dbg_!27742}"
CE0x8eecae0 "{CE0x8eecae0|call}"
CE0x8ed8820 "{CE0x8ed8820|call}"
CONST[source:0(mediator),value:2(dynamic)][purpose:{subject}][SnkIdx:0]


CONST[source:1(input),value:2(dynamic)][purpose:{object}][SrcIdx:2]  ->  CONST[source:0(mediator),value:2(dynamic)][purpose:{object}][SnkIdx:1]
-----------
CONST[source:1(input),value:2(dynamic)][purpose:{object}][SrcIdx:2]
CE0x8ec7770 "{CE0x8ec7770|VOIDTB_TE:_IE:_elem_0:default:}"
CE0x8ee67e0 "{CE0x8ee67e0|tmp7}"
CE0x8eca4b0 "{CE0x8eca4b0|tmp7}"
CONST[source:0(mediator),value:2(dynamic)][purpose:{object}][SnkIdx:1]


CONST[source:1(input),value:2(dynamic)][purpose:{object}][SrcIdx:2]  ->  CONST[source:0(mediator),value:2(dynamic)][purpose:{object}][SnkIdx:6]
-----------
CONST[source:1(input),value:2(dynamic)][purpose:{object}][SrcIdx:2]
CE0x8ec7770 "{CE0x8ec7770|VOIDTB_TE:_IE:_elem_0:default:}"
CE0x8ecafa0 "{CE0x8ecafa0|tmp25}"
CE0x8f10010 "{CE0x8f10010|tmp25}"
CONST[source:0(mediator),value:2(dynamic)][purpose:{object}][SnkIdx:6]


CONST[source:0(mediator),value:2(dynamic)][purpose:{operation}][SrcIdx:3]  ->  CONST[source:0(mediator),value:0(static)][purpose:{operation}][SnkIdx:3]
-----------
CONST[source:0(mediator),value:2(dynamic)][purpose:{operation}][SrcIdx:3]
CE0x8ec44b0 "{CE0x8ec44b0|kind}"
CE0x8ec4440 "{CE0x8ec4440|kind}"
CE0x8ee5610 "{CE0x8ee5610|tobool}"
CE0x8ee5c80 "{CE0x8ee5c80|cond}"
CE0x8ee6180 "{CE0x8ee6180|or}"
CE0x8ee6330 "{CE0x8ee6330|conv3}"
CE0x8ee6470 "{CE0x8ee6470|conv3}"
CONST[source:0(mediator),value:0(static)][purpose:{operation}][SnkIdx:3]



implicit:
CONST[source:0(mediator),value:2(dynamic)][purpose:{operation}][SrcIdx:3]  ->  CONST[source:0(mediator),value:0(static)][purpose:{operation}][SnkIdx:3]
-----------
CONST[source:0(mediator),value:2(dynamic)][purpose:{operation}][SrcIdx:3]
CE0x8ec44b0 "{CE0x8ec44b0|kind}"
CE0x8ec4440 "{CE0x8ec4440|kind}"
CE0x8ee5610 "{CE0x8ee5610|tobool}"
CE0x8ee5c80 "{CE0x8ee5c80|cond}"
CE0x8ee6180 "{CE0x8ee6180|or}"
CE0x8ee6330 "{CE0x8ee6330|conv3}"
CE0x8ee6470 "{CE0x8ee6470|conv3}"
CONST[source:0(mediator),value:0(static)][purpose:{operation}][SnkIdx:3]


CONST[source:1(input),value:2(dynamic)][purpose:{object}][SrcIdx:1]  ->  CONST[source:0(mediator),value:2(dynamic)][purpose:{subject}][SnkIdx:0]
-----------
CONST[source:1(input),value:2(dynamic)][purpose:{object}][SrcIdx:1]
CE0x8ec7770 "{CE0x8ec7770|VOIDTB_TE:_IE:_elem_0:default:}"
CE0x8ef2200 "{CE0x8ef2200|tmp24}"
CE0x8ed8b60 "{CE0x8ed8b60|_ret_i32_%tmp24,_!dbg_!27742}"
CE0x8eecae0 "{CE0x8eecae0|call}"
CE0x8ed8820 "{CE0x8ed8820|call}"
CONST[source:0(mediator),value:2(dynamic)][purpose:{subject}][SnkIdx:0]


CONST[source:1(input),value:2(dynamic)][purpose:{object}][SrcIdx:1]  ->  CONST[source:0(mediator),value:2(dynamic)][purpose:{object}][SnkIdx:1]
-----------
CONST[source:1(input),value:2(dynamic)][purpose:{object}][SrcIdx:1]
CE0x8ec7770 "{CE0x8ec7770|VOIDTB_TE:_IE:_elem_0:default:}"
CE0x8ee67e0 "{CE0x8ee67e0|tmp7}"
CE0x8eca4b0 "{CE0x8eca4b0|tmp7}"
CONST[source:0(mediator),value:2(dynamic)][purpose:{object}][SnkIdx:1]


CONST[source:1(input),value:2(dynamic)][purpose:{object}][SrcIdx:1]  ->  CONST[source:0(mediator),value:2(dynamic)][purpose:{object}][SnkIdx:5]
-----------
CONST[source:1(input),value:2(dynamic)][purpose:{object}][SrcIdx:1]
CE0x8ec7770 "{CE0x8ec7770|VOIDTB_TE:_IE:_elem_0:default:}"
CE0x8eca8b0 "{CE0x8eca8b0|tmp24}"
CE0x8ecaba0 "{CE0x8ecaba0|tmp24}"
CONST[source:0(mediator),value:2(dynamic)][purpose:{object}][SnkIdx:5]


CONST[source:1(input),value:2(dynamic)][purpose:{object}][SrcIdx:1]  ->  CONST[source:0(mediator),value:2(dynamic)][purpose:{subject}][SnkIdx:4]
-----------
CONST[source:1(input),value:2(dynamic)][purpose:{object}][SrcIdx:1]
CE0x8ec7770 "{CE0x8ec7770|VOIDTB_TE:_IE:_elem_0:default:}"
CE0x8ef2200 "{CE0x8ef2200|tmp24}"
CE0x8ed8b60 "{CE0x8ed8b60|_ret_i32_%tmp24,_!dbg_!27742}"
CE0x8eecae0 "{CE0x8eecae0|call}"
CE0x8ed8820 "{CE0x8ed8820|call}"
CONST[source:0(mediator),value:2(dynamic)][purpose:{subject}][SnkIdx:4]


CONST[source:1(input),value:2(dynamic)][purpose:{object}][SrcIdx:1]  ->  CONST[source:0(mediator),value:2(dynamic)][purpose:{object}][SnkIdx:6]
-----------
CONST[source:1(input),value:2(dynamic)][purpose:{object}][SrcIdx:1]
CE0x8ec7770 "{CE0x8ec7770|VOIDTB_TE:_IE:_elem_0:default:}"
CE0x8ecafa0 "{CE0x8ecafa0|tmp25}"
CE0x8f10010 "{CE0x8f10010|tmp25}"
CONST[source:0(mediator),value:2(dynamic)][purpose:{object}][SnkIdx:6]


CONST[source:2(external),value:2(dynamic)][purpose:{subject}][SrcIdx:4]  ->  CONST[source:0(mediator),value:2(dynamic)][purpose:{subject}][SnkIdx:0]
-----------
CONST[source:2(external),value:2(dynamic)][purpose:{subject}][SrcIdx:4]
CE0x8ec7770 "{CE0x8ec7770|VOIDTB_TE:_IE:_elem_0:default:}"
CE0x8ef2200 "{CE0x8ef2200|tmp24}"
CE0x8ed8b60 "{CE0x8ed8b60|_ret_i32_%tmp24,_!dbg_!27742}"
CE0x8eecae0 "{CE0x8eecae0|call}"
CE0x8ed8820 "{CE0x8ed8820|call}"
CONST[source:0(mediator),value:2(dynamic)][purpose:{subject}][SnkIdx:0]


CONST[source:2(external),value:2(dynamic)][purpose:{subject}][SrcIdx:4]  ->  CONST[source:0(mediator),value:2(dynamic)][purpose:{object}][SnkIdx:1]
-----------
CONST[source:2(external),value:2(dynamic)][purpose:{subject}][SrcIdx:4]
CE0x8ec7770 "{CE0x8ec7770|VOIDTB_TE:_IE:_elem_0:default:}"
CE0x8ee67e0 "{CE0x8ee67e0|tmp7}"
CE0x8eca4b0 "{CE0x8eca4b0|tmp7}"
CONST[source:0(mediator),value:2(dynamic)][purpose:{object}][SnkIdx:1]


CONST[source:2(external),value:2(dynamic)][purpose:{subject}][SrcIdx:4]  ->  CONST[source:0(mediator),value:2(dynamic)][purpose:{object}][SnkIdx:5]
-----------
CONST[source:2(external),value:2(dynamic)][purpose:{subject}][SrcIdx:4]
CE0x8ec7770 "{CE0x8ec7770|VOIDTB_TE:_IE:_elem_0:default:}"
CE0x8eca8b0 "{CE0x8eca8b0|tmp24}"
CE0x8ecaba0 "{CE0x8ecaba0|tmp24}"
CONST[source:0(mediator),value:2(dynamic)][purpose:{object}][SnkIdx:5]


CONST[source:2(external),value:2(dynamic)][purpose:{subject}][SrcIdx:4]  ->  CONST[source:0(mediator),value:2(dynamic)][purpose:{subject}][SnkIdx:4]
-----------
CONST[source:2(external),value:2(dynamic)][purpose:{subject}][SrcIdx:4]
CE0x8ec7770 "{CE0x8ec7770|VOIDTB_TE:_IE:_elem_0:default:}"
CE0x8ef2200 "{CE0x8ef2200|tmp24}"
CE0x8ed8b60 "{CE0x8ed8b60|_ret_i32_%tmp24,_!dbg_!27742}"
CE0x8eecae0 "{CE0x8eecae0|call}"
CE0x8ed8820 "{CE0x8ed8820|call}"
CONST[source:0(mediator),value:2(dynamic)][purpose:{subject}][SnkIdx:4]


CONST[source:2(external),value:2(dynamic)][purpose:{subject}][SrcIdx:4]  ->  CONST[source:0(mediator),value:2(dynamic)][purpose:{object}][SnkIdx:6]
-----------
CONST[source:2(external),value:2(dynamic)][purpose:{subject}][SrcIdx:4]
CE0x8ec7770 "{CE0x8ec7770|VOIDTB_TE:_IE:_elem_0:default:}"
CE0x8ecafa0 "{CE0x8ecafa0|tmp25}"
CE0x8f10010 "{CE0x8f10010|tmp25}"
CONST[source:0(mediator),value:2(dynamic)][purpose:{object}][SnkIdx:6]


CONST[source:1(input),value:2(dynamic)][purpose:{object}][SrcIdx:2]  ->  CONST[source:0(mediator),value:2(dynamic)][purpose:{subject}][SnkIdx:0]
-----------
CONST[source:1(input),value:2(dynamic)][purpose:{object}][SrcIdx:2]
CE0x8ec7770 "{CE0x8ec7770|VOIDTB_TE:_IE:_elem_0:default:}"
CE0x8ef2200 "{CE0x8ef2200|tmp24}"
CE0x8ed8b60 "{CE0x8ed8b60|_ret_i32_%tmp24,_!dbg_!27742}"
CE0x8eecae0 "{CE0x8eecae0|call}"
CE0x8ed8820 "{CE0x8ed8820|call}"
CONST[source:0(mediator),value:2(dynamic)][purpose:{subject}][SnkIdx:0]


CONST[source:1(input),value:2(dynamic)][purpose:{object}][SrcIdx:2]  ->  CONST[source:0(mediator),value:2(dynamic)][purpose:{object}][SnkIdx:1]
-----------
CONST[source:1(input),value:2(dynamic)][purpose:{object}][SrcIdx:2]
CE0x8ec7770 "{CE0x8ec7770|VOIDTB_TE:_IE:_elem_0:default:}"
CE0x8ee67e0 "{CE0x8ee67e0|tmp7}"
CE0x8eca4b0 "{CE0x8eca4b0|tmp7}"
CONST[source:0(mediator),value:2(dynamic)][purpose:{object}][SnkIdx:1]


CONST[source:1(input),value:2(dynamic)][purpose:{object}][SrcIdx:2]  ->  CONST[source:0(mediator),value:2(dynamic)][purpose:{object}][SnkIdx:5]
-----------
CONST[source:1(input),value:2(dynamic)][purpose:{object}][SrcIdx:2]
CE0x8ec7770 "{CE0x8ec7770|VOIDTB_TE:_IE:_elem_0:default:}"
CE0x8eca8b0 "{CE0x8eca8b0|tmp24}"
CE0x8ecaba0 "{CE0x8ecaba0|tmp24}"
CONST[source:0(mediator),value:2(dynamic)][purpose:{object}][SnkIdx:5]


CONST[source:1(input),value:2(dynamic)][purpose:{object}][SrcIdx:2]  ->  CONST[source:0(mediator),value:2(dynamic)][purpose:{subject}][SnkIdx:4]
-----------
CONST[source:1(input),value:2(dynamic)][purpose:{object}][SrcIdx:2]
CE0x8ec7770 "{CE0x8ec7770|VOIDTB_TE:_IE:_elem_0:default:}"
CE0x8ef2200 "{CE0x8ef2200|tmp24}"
CE0x8ed8b60 "{CE0x8ed8b60|_ret_i32_%tmp24,_!dbg_!27742}"
CE0x8eecae0 "{CE0x8eecae0|call}"
CE0x8ed8820 "{CE0x8ed8820|call}"
CONST[source:0(mediator),value:2(dynamic)][purpose:{subject}][SnkIdx:4]


CONST[source:1(input),value:2(dynamic)][purpose:{object}][SrcIdx:2]  ->  CONST[source:0(mediator),value:2(dynamic)][purpose:{object}][SnkIdx:6]
-----------
CONST[source:1(input),value:2(dynamic)][purpose:{object}][SrcIdx:2]
CE0x8ec7770 "{CE0x8ec7770|VOIDTB_TE:_IE:_elem_0:default:}"
CE0x8ecafa0 "{CE0x8ecafa0|tmp25}"
CE0x8f10010 "{CE0x8f10010|tmp25}"
CONST[source:0(mediator),value:2(dynamic)][purpose:{object}][SnkIdx:6]


