[selinux_file_permission]

explicit:
CONST[source:2(external),value:0(static)][purpose:{operation}][SrcIdx:2]  ->  CONST[source:0(mediator),value:0(static)][purpose:{operation}]
-----------
CONST[source:2(external),value:0(static)][purpose:{operation}][SrcIdx:2]
CE0x55d19e0 "{CE0x55d19e0|i32_1|*Constant*}"
CE0x55b0150 "{CE0x55b0150|i32_1|*Constant*|*SummSink*}"
CONST[source:0(mediator),value:0(static)][purpose:{operation}]


CONST[source:1(input),value:2(dynamic)][purpose:{object}][SrcIdx:12]  ->  CONST[source:0(mediator),value:2(dynamic)][purpose:{object}]
-----------
CONST[source:1(input),value:2(dynamic)][purpose:{object}][SrcIdx:12]
CE0x559cca0 "{CE0x559cca0|0:_i32,_8:_i32,_12:_i32,_:_CRE_0,4_|*MultipleSource*|*LoadInst*|security/selinux/hooks.c,3161|security/selinux/hooks.c,3161|security/selinux/hooks.c,3169}"
CE0x56a6e20 "{CE0x56a6e20|file_has_perm:tmp11|security/selinux/hooks.c,1684}"
CE0x56a6fc0 "{CE0x56a6fc0|file_has_perm:tmp11|security/selinux/hooks.c,1684|*SummSink*}"
CONST[source:0(mediator),value:2(dynamic)][purpose:{object}]


CONST[source:2(external),value:0(static)][purpose:{operation}][SrcIdx:4]  ->  CONST[source:0(mediator),value:0(static)][purpose:{operation}]
-----------
CONST[source:2(external),value:0(static)][purpose:{operation}][SrcIdx:4]
CE0x55d19e0 "{CE0x55d19e0|i32_1|*Constant*}"
CE0x55b0150 "{CE0x55b0150|i32_1|*Constant*|*SummSink*}"
CONST[source:0(mediator),value:0(static)][purpose:{operation}]


CONST[source:2(external),value:2(dynamic)][purpose:{subject}][SrcIdx:14]  ->  CONST[source:0(mediator),value:2(dynamic)][purpose:{subject}]
-----------
CONST[source:2(external),value:2(dynamic)][purpose:{subject}][SrcIdx:14]
CE0x55aed80 "{CE0x55aed80|COLLAPSED:_GCMRE_current_task_external_global_%struct.task_struct*:_elem_0::|security/selinux/hooks.c,218}"
CE0x55eb2c0 "{CE0x55eb2c0|selinux_revalidate_file_permission:tmp19|security/selinux/hooks.c,3147}"
CE0x5636670 "{CE0x5636670|file_has_perm:cred|Function::file_has_perm&Arg::cred::}"
CE0x55d7070 "{CE0x55d7070|cred_sid:cred|Function::cred_sid&Arg::cred::}"
CE0x56a7c70 "{CE0x56a7c70|cred_sid:security|security/selinux/hooks.c,196}"
CE0x564deb0 "{CE0x564deb0|cred_sid:tmp4|*LoadInst*|security/selinux/hooks.c,196}"
CE0x564e130 "{CE0x564e130|cred_sid:tmp5|security/selinux/hooks.c,196}"
CE0x5696b10 "{CE0x5696b10|cred_sid:sid|security/selinux/hooks.c,197}"
CE0x56970e0 "{CE0x56970e0|cred_sid:tmp6|security/selinux/hooks.c,197}"
CE0x56a0930 "{CE0x56a0930|_ret_i32_%tmp6,_!dbg_!27716|security/selinux/hooks.c,197}"
CE0x562d330 "{CE0x562d330|file_has_perm:call1|security/selinux/hooks.c,1677}"
CE0x564d630 "{CE0x564d630|file_has_perm:call1|security/selinux/hooks.c,1677|*SummSink*}"
CONST[source:0(mediator),value:2(dynamic)][purpose:{subject}]



implicit:
CONST[source:2(external),value:0(static)][purpose:{operation}][SrcIdx:11]  ->  CONST[source:0(mediator),value:2(dynamic)][purpose:{subject}]
-----------
CONST[source:2(external),value:0(static)][purpose:{operation}][SrcIdx:11]
CE0x55fd880 "{CE0x55fd880|i32_1024|*Constant*}"
CE0x55fdbf0 "{CE0x55fdbf0|selinux_revalidate_file_permission:and|security/selinux/hooks.c,3151}"
CE0x55fdb80 "{CE0x55fdb80|selinux_revalidate_file_permission:tobool7|security/selinux/hooks.c,3151}"
CE0x55f5cf0 "{CE0x55f5cf0|selinux_revalidate_file_permission:if.then11}"
CE0x55bd2a0 "{CE0x55bd2a0|selinux_revalidate_file_permission:or|security/selinux/hooks.c,3152}"
CE0x55b7e20 "{CE0x55b7e20|selinux_revalidate_file_permission:mask.addr.0}"
CE0x563d000 "{CE0x563d000|file_mask_to_av:mask|Function::file_mask_to_av&Arg::mask::}"
CE0x5688960 "{CE0x5688960|file_mask_to_av:and40|security/selinux/hooks.c,1890}"
CE0x5608340 "{CE0x5608340|file_mask_to_av:tobool41|security/selinux/hooks.c,1890}"
CE0x55f1650 "{CE0x55f1650|file_mask_to_av:if.then42}"
CE0x560c6b0 "{CE0x560c6b0|file_mask_to_av:conv45|security/selinux/hooks.c,1891}"
CE0x560c540 "{CE0x560c540|file_mask_to_av:av.6}"
CE0x569a4c0 "{CE0x569a4c0|file_mask_to_av:av.7}"
CE0x563d5f0 "{CE0x563d5f0|_ret_i32_%av.7,_!dbg_!27757|security/selinux/hooks.c,1894}"
CE0x563bfc0 "{CE0x563bfc0|selinux_revalidate_file_permission:call13|security/selinux/hooks.c,3155}"
CE0x5636fd0 "{CE0x5636fd0|file_has_perm:av|Function::file_has_perm&Arg::av::}"
CE0x568c700 "{CE0x568c700|file_has_perm:tobool7|security/selinux/hooks.c,1694}"
CE0x5645ec0 "{CE0x5645ec0|file_has_perm:if.then8}"
CE0x5690ae0 "{CE0x5690ae0|inode_has_perm:entry}"
CE0x56c99f0 "{CE0x56c99f0|inode_has_perm:if.end}"
CE0x56dcae0 "{CE0x56dcae0|inode_has_perm:call|security/selinux/hooks.c,1614}"
CE0x56dcc80 "{CE0x56dcc80|inode_has_perm:call|security/selinux/hooks.c,1614|*SummSink*}"
CONST[source:0(mediator),value:2(dynamic)][purpose:{subject}]


CONST[source:2(external),value:0(static)][purpose:{operation}][SrcIdx:11]  ->  CONST[source:0(mediator),value:2(dynamic)][purpose:{object}]
-----------
CONST[source:2(external),value:0(static)][purpose:{operation}][SrcIdx:11]
CE0x55fd880 "{CE0x55fd880|i32_1024|*Constant*}"
CE0x55fdbf0 "{CE0x55fdbf0|selinux_revalidate_file_permission:and|security/selinux/hooks.c,3151}"
CE0x55fdb80 "{CE0x55fdb80|selinux_revalidate_file_permission:tobool7|security/selinux/hooks.c,3151}"
CE0x55f5cf0 "{CE0x55f5cf0|selinux_revalidate_file_permission:if.then11}"
CE0x55bd2a0 "{CE0x55bd2a0|selinux_revalidate_file_permission:or|security/selinux/hooks.c,3152}"
CE0x55b7e20 "{CE0x55b7e20|selinux_revalidate_file_permission:mask.addr.0}"
CE0x563d000 "{CE0x563d000|file_mask_to_av:mask|Function::file_mask_to_av&Arg::mask::}"
CE0x5688960 "{CE0x5688960|file_mask_to_av:and40|security/selinux/hooks.c,1890}"
CE0x5608340 "{CE0x5608340|file_mask_to_av:tobool41|security/selinux/hooks.c,1890}"
CE0x55f1650 "{CE0x55f1650|file_mask_to_av:if.then42}"
CE0x560c6b0 "{CE0x560c6b0|file_mask_to_av:conv45|security/selinux/hooks.c,1891}"
CE0x560c540 "{CE0x560c540|file_mask_to_av:av.6}"
CE0x569a4c0 "{CE0x569a4c0|file_mask_to_av:av.7}"
CE0x563d5f0 "{CE0x563d5f0|_ret_i32_%av.7,_!dbg_!27757|security/selinux/hooks.c,1894}"
CE0x563bfc0 "{CE0x563bfc0|selinux_revalidate_file_permission:call13|security/selinux/hooks.c,3155}"
CE0x5636fd0 "{CE0x5636fd0|file_has_perm:av|Function::file_has_perm&Arg::av::}"
CE0x568c700 "{CE0x568c700|file_has_perm:tobool7|security/selinux/hooks.c,1694}"
CE0x5645ec0 "{CE0x5645ec0|file_has_perm:if.then8}"
CE0x5690ae0 "{CE0x5690ae0|inode_has_perm:entry}"
CE0x56c99f0 "{CE0x56c99f0|inode_has_perm:if.end}"
CE0x565e340 "{CE0x565e340|inode_has_perm:tmp18|security/selinux/hooks.c,1617}"
CE0x565e850 "{CE0x565e850|inode_has_perm:tmp18|security/selinux/hooks.c,1617|*SummSink*}"
CONST[source:0(mediator),value:2(dynamic)][purpose:{object}]


CONST[source:2(external),value:0(static)][purpose:{operation}][SrcIdx:11]  ->  CONST[source:0(mediator),value:0(static)][purpose:{operation}]
-----------
CONST[source:2(external),value:0(static)][purpose:{operation}][SrcIdx:11]
CE0x55fd880 "{CE0x55fd880|i32_1024|*Constant*}"
CE0x55fdbf0 "{CE0x55fdbf0|selinux_revalidate_file_permission:and|security/selinux/hooks.c,3151}"
CE0x55fdb80 "{CE0x55fdb80|selinux_revalidate_file_permission:tobool7|security/selinux/hooks.c,3151}"
CE0x55f5cf0 "{CE0x55f5cf0|selinux_revalidate_file_permission:if.then11}"
CE0x55bd2a0 "{CE0x55bd2a0|selinux_revalidate_file_permission:or|security/selinux/hooks.c,3152}"
CE0x55b7e20 "{CE0x55b7e20|selinux_revalidate_file_permission:mask.addr.0}"
CE0x563d000 "{CE0x563d000|file_mask_to_av:mask|Function::file_mask_to_av&Arg::mask::}"
CE0x5688960 "{CE0x5688960|file_mask_to_av:and40|security/selinux/hooks.c,1890}"
CE0x5608340 "{CE0x5608340|file_mask_to_av:tobool41|security/selinux/hooks.c,1890}"
CE0x55f1650 "{CE0x55f1650|file_mask_to_av:if.then42}"
CE0x560c6b0 "{CE0x560c6b0|file_mask_to_av:conv45|security/selinux/hooks.c,1891}"
CE0x560c540 "{CE0x560c540|file_mask_to_av:av.6}"
CE0x569a4c0 "{CE0x569a4c0|file_mask_to_av:av.7}"
CE0x563d5f0 "{CE0x563d5f0|_ret_i32_%av.7,_!dbg_!27757|security/selinux/hooks.c,1894}"
CE0x563bfc0 "{CE0x563bfc0|selinux_revalidate_file_permission:call13|security/selinux/hooks.c,3155}"
CE0x5636fd0 "{CE0x5636fd0|file_has_perm:av|Function::file_has_perm&Arg::av::}"
CE0x56916e0 "{CE0x56916e0|inode_has_perm:perms|Function::inode_has_perm&Arg::perms::}"
CE0x5691a70 "{CE0x5691a70|inode_has_perm:perms|Function::inode_has_perm&Arg::perms::|*SummSink*}"
CONST[source:0(mediator),value:0(static)][purpose:{operation}]


CONST[source:2(external),value:0(static)][purpose:{operation}][SrcIdx:8]  ->  CONST[source:0(mediator),value:2(dynamic)][purpose:{subject}]
-----------
CONST[source:2(external),value:0(static)][purpose:{operation}][SrcIdx:8]
CE0x55c3e90 "{CE0x55c3e90|i32_2|*Constant*}"
CE0x55b6810 "{CE0x55b6810|file_mask_to_av:and33|security/selinux/hooks.c,1888}"
CE0x55b73c0 "{CE0x55b73c0|file_mask_to_av:tobool34|security/selinux/hooks.c,1888}"
CE0x5575710 "{CE0x5575710|file_mask_to_av:if.then35}"
CE0x5687f20 "{CE0x5687f20|file_mask_to_av:conv38|security/selinux/hooks.c,1889}"
CE0x5687db0 "{CE0x5687db0|file_mask_to_av:av.5}"
CE0x560c540 "{CE0x560c540|file_mask_to_av:av.6}"
CE0x569a4c0 "{CE0x569a4c0|file_mask_to_av:av.7}"
CE0x563d5f0 "{CE0x563d5f0|_ret_i32_%av.7,_!dbg_!27757|security/selinux/hooks.c,1894}"
CE0x563bfc0 "{CE0x563bfc0|selinux_revalidate_file_permission:call13|security/selinux/hooks.c,3155}"
CE0x5636fd0 "{CE0x5636fd0|file_has_perm:av|Function::file_has_perm&Arg::av::}"
CE0x568c700 "{CE0x568c700|file_has_perm:tobool7|security/selinux/hooks.c,1694}"
CE0x5645ec0 "{CE0x5645ec0|file_has_perm:if.then8}"
CE0x5690ae0 "{CE0x5690ae0|inode_has_perm:entry}"
CE0x56c99f0 "{CE0x56c99f0|inode_has_perm:if.end}"
CE0x56dcae0 "{CE0x56dcae0|inode_has_perm:call|security/selinux/hooks.c,1614}"
CE0x56dcc80 "{CE0x56dcc80|inode_has_perm:call|security/selinux/hooks.c,1614|*SummSink*}"
CONST[source:0(mediator),value:2(dynamic)][purpose:{subject}]


CONST[source:2(external),value:0(static)][purpose:{operation}][SrcIdx:8]  ->  CONST[source:0(mediator),value:2(dynamic)][purpose:{object}]
-----------
CONST[source:2(external),value:0(static)][purpose:{operation}][SrcIdx:8]
CE0x55c3e90 "{CE0x55c3e90|i32_2|*Constant*}"
CE0x55b6810 "{CE0x55b6810|file_mask_to_av:and33|security/selinux/hooks.c,1888}"
CE0x55b73c0 "{CE0x55b73c0|file_mask_to_av:tobool34|security/selinux/hooks.c,1888}"
CE0x5575710 "{CE0x5575710|file_mask_to_av:if.then35}"
CE0x5687f20 "{CE0x5687f20|file_mask_to_av:conv38|security/selinux/hooks.c,1889}"
CE0x5687db0 "{CE0x5687db0|file_mask_to_av:av.5}"
CE0x560c540 "{CE0x560c540|file_mask_to_av:av.6}"
CE0x569a4c0 "{CE0x569a4c0|file_mask_to_av:av.7}"
CE0x563d5f0 "{CE0x563d5f0|_ret_i32_%av.7,_!dbg_!27757|security/selinux/hooks.c,1894}"
CE0x563bfc0 "{CE0x563bfc0|selinux_revalidate_file_permission:call13|security/selinux/hooks.c,3155}"
CE0x5636fd0 "{CE0x5636fd0|file_has_perm:av|Function::file_has_perm&Arg::av::}"
CE0x568c700 "{CE0x568c700|file_has_perm:tobool7|security/selinux/hooks.c,1694}"
CE0x5645ec0 "{CE0x5645ec0|file_has_perm:if.then8}"
CE0x5690ae0 "{CE0x5690ae0|inode_has_perm:entry}"
CE0x56c99f0 "{CE0x56c99f0|inode_has_perm:if.end}"
CE0x565e340 "{CE0x565e340|inode_has_perm:tmp18|security/selinux/hooks.c,1617}"
CE0x565e850 "{CE0x565e850|inode_has_perm:tmp18|security/selinux/hooks.c,1617|*SummSink*}"
CONST[source:0(mediator),value:2(dynamic)][purpose:{object}]


CONST[source:2(external),value:0(static)][purpose:{operation}][SrcIdx:8]  ->  CONST[source:0(mediator),value:0(static)][purpose:{operation}]
-----------
CONST[source:2(external),value:0(static)][purpose:{operation}][SrcIdx:8]
CE0x55c3e90 "{CE0x55c3e90|i32_2|*Constant*}"
CE0x55b6810 "{CE0x55b6810|file_mask_to_av:and33|security/selinux/hooks.c,1888}"
CE0x55b73c0 "{CE0x55b73c0|file_mask_to_av:tobool34|security/selinux/hooks.c,1888}"
CE0x5575710 "{CE0x5575710|file_mask_to_av:if.then35}"
CE0x5687f20 "{CE0x5687f20|file_mask_to_av:conv38|security/selinux/hooks.c,1889}"
CE0x5687db0 "{CE0x5687db0|file_mask_to_av:av.5}"
CE0x560c540 "{CE0x560c540|file_mask_to_av:av.6}"
CE0x569a4c0 "{CE0x569a4c0|file_mask_to_av:av.7}"
CE0x563d5f0 "{CE0x563d5f0|_ret_i32_%av.7,_!dbg_!27757|security/selinux/hooks.c,1894}"
CE0x563bfc0 "{CE0x563bfc0|selinux_revalidate_file_permission:call13|security/selinux/hooks.c,3155}"
CE0x5636fd0 "{CE0x5636fd0|file_has_perm:av|Function::file_has_perm&Arg::av::}"
CE0x56916e0 "{CE0x56916e0|inode_has_perm:perms|Function::inode_has_perm&Arg::perms::}"
CE0x5691a70 "{CE0x5691a70|inode_has_perm:perms|Function::inode_has_perm&Arg::perms::|*SummSink*}"
CONST[source:0(mediator),value:0(static)][purpose:{operation}]


CONST[source:1(input),value:2(dynamic)][purpose:{object}][SrcIdx:12]  ->  CONST[source:0(mediator),value:2(dynamic)][purpose:{subject}]
-----------
CONST[source:1(input),value:2(dynamic)][purpose:{object}][SrcIdx:12]
CE0x559cca0 "{CE0x559cca0|0:_i32,_8:_i32,_12:_i32,_:_CRE_0,4_|*MultipleSource*|*LoadInst*|security/selinux/hooks.c,3161|security/selinux/hooks.c,3161|security/selinux/hooks.c,3169}"
CE0x55fb7a0 "{CE0x55fb7a0|file_has_perm:tmp6|security/selinux/hooks.c,1683}"
CE0x55fba70 "{CE0x55fba70|file_has_perm:cmp|security/selinux/hooks.c,1683}"
CE0x5645ec0 "{CE0x5645ec0|file_has_perm:if.then8}"
CE0x5690ae0 "{CE0x5690ae0|inode_has_perm:entry}"
CE0x56c99f0 "{CE0x56c99f0|inode_has_perm:if.end}"
CE0x56dcae0 "{CE0x56dcae0|inode_has_perm:call|security/selinux/hooks.c,1614}"
CE0x56dcc80 "{CE0x56dcc80|inode_has_perm:call|security/selinux/hooks.c,1614|*SummSink*}"
CONST[source:0(mediator),value:2(dynamic)][purpose:{subject}]


CONST[source:1(input),value:2(dynamic)][purpose:{object}][SrcIdx:12]  ->  CONST[source:0(mediator),value:2(dynamic)][purpose:{object}]
-----------
CONST[source:1(input),value:2(dynamic)][purpose:{object}][SrcIdx:12]
CE0x559cca0 "{CE0x559cca0|0:_i32,_8:_i32,_12:_i32,_:_CRE_0,4_|*MultipleSource*|*LoadInst*|security/selinux/hooks.c,3161|security/selinux/hooks.c,3161|security/selinux/hooks.c,3169}"
CE0x56a6e20 "{CE0x56a6e20|file_has_perm:tmp11|security/selinux/hooks.c,1684}"
CE0x56a6fc0 "{CE0x56a6fc0|file_has_perm:tmp11|security/selinux/hooks.c,1684|*SummSink*}"
CONST[source:0(mediator),value:2(dynamic)][purpose:{object}]


CONST[source:1(input),value:2(dynamic)][purpose:{object}][SrcIdx:12]  ->  CONST[source:0(mediator),value:0(static)][purpose:{operation}]
-----------
CONST[source:1(input),value:2(dynamic)][purpose:{object}][SrcIdx:12]
CE0x559ce40 "{CE0x559ce40|0:_i32,_8:_i32,_12:_i32,_:_CRE_8,12_|*MultipleSource*|*LoadInst*|security/selinux/hooks.c,3161|security/selinux/hooks.c,3161|security/selinux/hooks.c,3169}"
CE0x5548ca0 "{CE0x5548ca0|selinux_file_permission:tmp17|security/selinux/hooks.c,3169}"
CE0x558e7b0 "{CE0x558e7b0|selinux_file_permission:cmp4|security/selinux/hooks.c,3169}"
CE0x5509170 "{CE0x5509170|selinux_file_permission:if.end9}"
CE0x5592d30 "{CE0x5592d30|selinux_revalidate_file_permission:entry}"
CE0x55b2f50 "{CE0x55b2f50|selinux_revalidate_file_permission:if.end12}"
CE0x563bfc0 "{CE0x563bfc0|selinux_revalidate_file_permission:call13|security/selinux/hooks.c,3155}"
CE0x5636fd0 "{CE0x5636fd0|file_has_perm:av|Function::file_has_perm&Arg::av::}"
CE0x56916e0 "{CE0x56916e0|inode_has_perm:perms|Function::inode_has_perm&Arg::perms::}"
CE0x5691a70 "{CE0x5691a70|inode_has_perm:perms|Function::inode_has_perm&Arg::perms::|*SummSink*}"
CONST[source:0(mediator),value:0(static)][purpose:{operation}]


CONST[source:2(external),value:0(static)][purpose:{operation}][SrcIdx:2]  ->  CONST[source:0(mediator),value:2(dynamic)][purpose:{subject}]
-----------
CONST[source:2(external),value:0(static)][purpose:{operation}][SrcIdx:2]
CE0x55d19e0 "{CE0x55d19e0|i32_1|*Constant*}"
CE0x562c650 "{CE0x562c650|file_mask_to_av:and26|security/selinux/hooks.c,1886}"
CE0x562cc90 "{CE0x562cc90|file_mask_to_av:tobool27|security/selinux/hooks.c,1886}"
CE0x55eb7c0 "{CE0x55eb7c0|file_mask_to_av:if.then28}"
CE0x55b6010 "{CE0x55b6010|file_mask_to_av:conv31|security/selinux/hooks.c,1887}"
CE0x551a2e0 "{CE0x551a2e0|file_mask_to_av:av.4}"
CE0x5687db0 "{CE0x5687db0|file_mask_to_av:av.5}"
CE0x560c540 "{CE0x560c540|file_mask_to_av:av.6}"
CE0x569a4c0 "{CE0x569a4c0|file_mask_to_av:av.7}"
CE0x563d5f0 "{CE0x563d5f0|_ret_i32_%av.7,_!dbg_!27757|security/selinux/hooks.c,1894}"
CE0x563bfc0 "{CE0x563bfc0|selinux_revalidate_file_permission:call13|security/selinux/hooks.c,3155}"
CE0x5636fd0 "{CE0x5636fd0|file_has_perm:av|Function::file_has_perm&Arg::av::}"
CE0x568c700 "{CE0x568c700|file_has_perm:tobool7|security/selinux/hooks.c,1694}"
CE0x5645ec0 "{CE0x5645ec0|file_has_perm:if.then8}"
CE0x5690ae0 "{CE0x5690ae0|inode_has_perm:entry}"
CE0x56c99f0 "{CE0x56c99f0|inode_has_perm:if.end}"
CE0x56dcae0 "{CE0x56dcae0|inode_has_perm:call|security/selinux/hooks.c,1614}"
CE0x56dcc80 "{CE0x56dcc80|inode_has_perm:call|security/selinux/hooks.c,1614|*SummSink*}"
CONST[source:0(mediator),value:2(dynamic)][purpose:{subject}]


CONST[source:2(external),value:0(static)][purpose:{operation}][SrcIdx:2]  ->  CONST[source:0(mediator),value:2(dynamic)][purpose:{object}]
-----------
CONST[source:2(external),value:0(static)][purpose:{operation}][SrcIdx:2]
CE0x55d19e0 "{CE0x55d19e0|i32_1|*Constant*}"
CE0x562c650 "{CE0x562c650|file_mask_to_av:and26|security/selinux/hooks.c,1886}"
CE0x562cc90 "{CE0x562cc90|file_mask_to_av:tobool27|security/selinux/hooks.c,1886}"
CE0x55eb7c0 "{CE0x55eb7c0|file_mask_to_av:if.then28}"
CE0x55b6010 "{CE0x55b6010|file_mask_to_av:conv31|security/selinux/hooks.c,1887}"
CE0x551a2e0 "{CE0x551a2e0|file_mask_to_av:av.4}"
CE0x5687db0 "{CE0x5687db0|file_mask_to_av:av.5}"
CE0x560c540 "{CE0x560c540|file_mask_to_av:av.6}"
CE0x569a4c0 "{CE0x569a4c0|file_mask_to_av:av.7}"
CE0x563d5f0 "{CE0x563d5f0|_ret_i32_%av.7,_!dbg_!27757|security/selinux/hooks.c,1894}"
CE0x563bfc0 "{CE0x563bfc0|selinux_revalidate_file_permission:call13|security/selinux/hooks.c,3155}"
CE0x5636fd0 "{CE0x5636fd0|file_has_perm:av|Function::file_has_perm&Arg::av::}"
CE0x568c700 "{CE0x568c700|file_has_perm:tobool7|security/selinux/hooks.c,1694}"
CE0x5645ec0 "{CE0x5645ec0|file_has_perm:if.then8}"
CE0x5690ae0 "{CE0x5690ae0|inode_has_perm:entry}"
CE0x56c99f0 "{CE0x56c99f0|inode_has_perm:if.end}"
CE0x565e340 "{CE0x565e340|inode_has_perm:tmp18|security/selinux/hooks.c,1617}"
CE0x565e850 "{CE0x565e850|inode_has_perm:tmp18|security/selinux/hooks.c,1617|*SummSink*}"
CONST[source:0(mediator),value:2(dynamic)][purpose:{object}]


CONST[source:2(external),value:0(static)][purpose:{operation}][SrcIdx:2]  ->  CONST[source:0(mediator),value:0(static)][purpose:{operation}]
-----------
CONST[source:2(external),value:0(static)][purpose:{operation}][SrcIdx:2]
CE0x55d19e0 "{CE0x55d19e0|i32_1|*Constant*}"
CE0x55b0150 "{CE0x55b0150|i32_1|*Constant*|*SummSink*}"
CONST[source:0(mediator),value:0(static)][purpose:{operation}]


CONST[source:2(external),value:0(static)][purpose:{operation}][SrcIdx:0]  ->  CONST[source:0(mediator),value:2(dynamic)][purpose:{subject}]
-----------
CONST[source:2(external),value:0(static)][purpose:{operation}][SrcIdx:0]
CE0x56521f0 "{CE0x56521f0|i32_8|*Constant*}"
CE0x5652470 "{CE0x5652470|file_mask_to_av:and11|security/selinux/hooks.c,1880}"
CE0x5646b40 "{CE0x5646b40|file_mask_to_av:tobool12|security/selinux/hooks.c,1880}"
CE0x55cb8c0 "{CE0x55cb8c0|file_mask_to_av:if.end23}"
CE0x563b950 "{CE0x563b950|file_mask_to_av:av.2}"
CE0x564f680 "{CE0x564f680|file_mask_to_av:av.3}"
CE0x569a4c0 "{CE0x569a4c0|file_mask_to_av:av.7}"
CE0x563d5f0 "{CE0x563d5f0|_ret_i32_%av.7,_!dbg_!27757|security/selinux/hooks.c,1894}"
CE0x563bfc0 "{CE0x563bfc0|selinux_revalidate_file_permission:call13|security/selinux/hooks.c,3155}"
CE0x5636fd0 "{CE0x5636fd0|file_has_perm:av|Function::file_has_perm&Arg::av::}"
CE0x568c700 "{CE0x568c700|file_has_perm:tobool7|security/selinux/hooks.c,1694}"
CE0x5645ec0 "{CE0x5645ec0|file_has_perm:if.then8}"
CE0x5690ae0 "{CE0x5690ae0|inode_has_perm:entry}"
CE0x56c99f0 "{CE0x56c99f0|inode_has_perm:if.end}"
CE0x56dcae0 "{CE0x56dcae0|inode_has_perm:call|security/selinux/hooks.c,1614}"
CE0x56dcc80 "{CE0x56dcc80|inode_has_perm:call|security/selinux/hooks.c,1614|*SummSink*}"
CONST[source:0(mediator),value:2(dynamic)][purpose:{subject}]


CONST[source:2(external),value:0(static)][purpose:{operation}][SrcIdx:0]  ->  CONST[source:0(mediator),value:2(dynamic)][purpose:{object}]
-----------
CONST[source:2(external),value:0(static)][purpose:{operation}][SrcIdx:0]
CE0x56521f0 "{CE0x56521f0|i32_8|*Constant*}"
CE0x5652470 "{CE0x5652470|file_mask_to_av:and11|security/selinux/hooks.c,1880}"
CE0x5646b40 "{CE0x5646b40|file_mask_to_av:tobool12|security/selinux/hooks.c,1880}"
CE0x55cb8c0 "{CE0x55cb8c0|file_mask_to_av:if.end23}"
CE0x563b950 "{CE0x563b950|file_mask_to_av:av.2}"
CE0x564f680 "{CE0x564f680|file_mask_to_av:av.3}"
CE0x569a4c0 "{CE0x569a4c0|file_mask_to_av:av.7}"
CE0x563d5f0 "{CE0x563d5f0|_ret_i32_%av.7,_!dbg_!27757|security/selinux/hooks.c,1894}"
CE0x563bfc0 "{CE0x563bfc0|selinux_revalidate_file_permission:call13|security/selinux/hooks.c,3155}"
CE0x5636fd0 "{CE0x5636fd0|file_has_perm:av|Function::file_has_perm&Arg::av::}"
CE0x568c700 "{CE0x568c700|file_has_perm:tobool7|security/selinux/hooks.c,1694}"
CE0x5645ec0 "{CE0x5645ec0|file_has_perm:if.then8}"
CE0x5690ae0 "{CE0x5690ae0|inode_has_perm:entry}"
CE0x56c99f0 "{CE0x56c99f0|inode_has_perm:if.end}"
CE0x565e340 "{CE0x565e340|inode_has_perm:tmp18|security/selinux/hooks.c,1617}"
CE0x565e850 "{CE0x565e850|inode_has_perm:tmp18|security/selinux/hooks.c,1617|*SummSink*}"
CONST[source:0(mediator),value:2(dynamic)][purpose:{object}]


CONST[source:2(external),value:0(static)][purpose:{operation}][SrcIdx:0]  ->  CONST[source:0(mediator),value:0(static)][purpose:{operation}]
-----------
CONST[source:2(external),value:0(static)][purpose:{operation}][SrcIdx:0]
CE0x56521f0 "{CE0x56521f0|i32_8|*Constant*}"
CE0x5652470 "{CE0x5652470|file_mask_to_av:and11|security/selinux/hooks.c,1880}"
CE0x5646b40 "{CE0x5646b40|file_mask_to_av:tobool12|security/selinux/hooks.c,1880}"
CE0x55f8a50 "{CE0x55f8a50|file_mask_to_av:if.then13}"
CE0x563fd90 "{CE0x563fd90|file_mask_to_av:conv16|security/selinux/hooks.c,1881}"
CE0x564f680 "{CE0x564f680|file_mask_to_av:av.3}"
CE0x569a4c0 "{CE0x569a4c0|file_mask_to_av:av.7}"
CE0x563d5f0 "{CE0x563d5f0|_ret_i32_%av.7,_!dbg_!27757|security/selinux/hooks.c,1894}"
CE0x563bfc0 "{CE0x563bfc0|selinux_revalidate_file_permission:call13|security/selinux/hooks.c,3155}"
CE0x5636fd0 "{CE0x5636fd0|file_has_perm:av|Function::file_has_perm&Arg::av::}"
CE0x56916e0 "{CE0x56916e0|inode_has_perm:perms|Function::inode_has_perm&Arg::perms::}"
CE0x5691a70 "{CE0x5691a70|inode_has_perm:perms|Function::inode_has_perm&Arg::perms::|*SummSink*}"
CONST[source:0(mediator),value:0(static)][purpose:{operation}]


CONST[source:2(external),value:0(static)][purpose:{operation}][SrcIdx:9]  ->  CONST[source:0(mediator),value:2(dynamic)][purpose:{subject}]
-----------
CONST[source:2(external),value:0(static)][purpose:{operation}][SrcIdx:9]
CE0x55c3e90 "{CE0x55c3e90|i32_2|*Constant*}"
CE0x55b6810 "{CE0x55b6810|file_mask_to_av:and33|security/selinux/hooks.c,1888}"
CE0x55b73c0 "{CE0x55b73c0|file_mask_to_av:tobool34|security/selinux/hooks.c,1888}"
CE0x5575710 "{CE0x5575710|file_mask_to_av:if.then35}"
CE0x5687f20 "{CE0x5687f20|file_mask_to_av:conv38|security/selinux/hooks.c,1889}"
CE0x5687db0 "{CE0x5687db0|file_mask_to_av:av.5}"
CE0x560c540 "{CE0x560c540|file_mask_to_av:av.6}"
CE0x569a4c0 "{CE0x569a4c0|file_mask_to_av:av.7}"
CE0x563d5f0 "{CE0x563d5f0|_ret_i32_%av.7,_!dbg_!27757|security/selinux/hooks.c,1894}"
CE0x563bfc0 "{CE0x563bfc0|selinux_revalidate_file_permission:call13|security/selinux/hooks.c,3155}"
CE0x5636fd0 "{CE0x5636fd0|file_has_perm:av|Function::file_has_perm&Arg::av::}"
CE0x568c700 "{CE0x568c700|file_has_perm:tobool7|security/selinux/hooks.c,1694}"
CE0x5645ec0 "{CE0x5645ec0|file_has_perm:if.then8}"
CE0x5690ae0 "{CE0x5690ae0|inode_has_perm:entry}"
CE0x56c99f0 "{CE0x56c99f0|inode_has_perm:if.end}"
CE0x56dcae0 "{CE0x56dcae0|inode_has_perm:call|security/selinux/hooks.c,1614}"
CE0x56dcc80 "{CE0x56dcc80|inode_has_perm:call|security/selinux/hooks.c,1614|*SummSink*}"
CONST[source:0(mediator),value:2(dynamic)][purpose:{subject}]


CONST[source:2(external),value:0(static)][purpose:{operation}][SrcIdx:9]  ->  CONST[source:0(mediator),value:2(dynamic)][purpose:{object}]
-----------
CONST[source:2(external),value:0(static)][purpose:{operation}][SrcIdx:9]
CE0x55c3e90 "{CE0x55c3e90|i32_2|*Constant*}"
CE0x55b6810 "{CE0x55b6810|file_mask_to_av:and33|security/selinux/hooks.c,1888}"
CE0x55b73c0 "{CE0x55b73c0|file_mask_to_av:tobool34|security/selinux/hooks.c,1888}"
CE0x5575710 "{CE0x5575710|file_mask_to_av:if.then35}"
CE0x5687f20 "{CE0x5687f20|file_mask_to_av:conv38|security/selinux/hooks.c,1889}"
CE0x5687db0 "{CE0x5687db0|file_mask_to_av:av.5}"
CE0x560c540 "{CE0x560c540|file_mask_to_av:av.6}"
CE0x569a4c0 "{CE0x569a4c0|file_mask_to_av:av.7}"
CE0x563d5f0 "{CE0x563d5f0|_ret_i32_%av.7,_!dbg_!27757|security/selinux/hooks.c,1894}"
CE0x563bfc0 "{CE0x563bfc0|selinux_revalidate_file_permission:call13|security/selinux/hooks.c,3155}"
CE0x5636fd0 "{CE0x5636fd0|file_has_perm:av|Function::file_has_perm&Arg::av::}"
CE0x568c700 "{CE0x568c700|file_has_perm:tobool7|security/selinux/hooks.c,1694}"
CE0x5645ec0 "{CE0x5645ec0|file_has_perm:if.then8}"
CE0x5690ae0 "{CE0x5690ae0|inode_has_perm:entry}"
CE0x56c99f0 "{CE0x56c99f0|inode_has_perm:if.end}"
CE0x565e340 "{CE0x565e340|inode_has_perm:tmp18|security/selinux/hooks.c,1617}"
CE0x565e850 "{CE0x565e850|inode_has_perm:tmp18|security/selinux/hooks.c,1617|*SummSink*}"
CONST[source:0(mediator),value:2(dynamic)][purpose:{object}]


CONST[source:2(external),value:0(static)][purpose:{operation}][SrcIdx:9]  ->  CONST[source:0(mediator),value:0(static)][purpose:{operation}]
-----------
CONST[source:2(external),value:0(static)][purpose:{operation}][SrcIdx:9]
CE0x55c3e90 "{CE0x55c3e90|i32_2|*Constant*}"
CE0x55b6810 "{CE0x55b6810|file_mask_to_av:and33|security/selinux/hooks.c,1888}"
CE0x55b73c0 "{CE0x55b73c0|file_mask_to_av:tobool34|security/selinux/hooks.c,1888}"
CE0x5575710 "{CE0x5575710|file_mask_to_av:if.then35}"
CE0x5687f20 "{CE0x5687f20|file_mask_to_av:conv38|security/selinux/hooks.c,1889}"
CE0x5687db0 "{CE0x5687db0|file_mask_to_av:av.5}"
CE0x560c540 "{CE0x560c540|file_mask_to_av:av.6}"
CE0x569a4c0 "{CE0x569a4c0|file_mask_to_av:av.7}"
CE0x563d5f0 "{CE0x563d5f0|_ret_i32_%av.7,_!dbg_!27757|security/selinux/hooks.c,1894}"
CE0x563bfc0 "{CE0x563bfc0|selinux_revalidate_file_permission:call13|security/selinux/hooks.c,3155}"
CE0x5636fd0 "{CE0x5636fd0|file_has_perm:av|Function::file_has_perm&Arg::av::}"
CE0x56916e0 "{CE0x56916e0|inode_has_perm:perms|Function::inode_has_perm&Arg::perms::}"
CE0x5691a70 "{CE0x5691a70|inode_has_perm:perms|Function::inode_has_perm&Arg::perms::|*SummSink*}"
CONST[source:0(mediator),value:0(static)][purpose:{operation}]


CONST[source:2(external),value:0(static)][purpose:{operation}][SrcIdx:10]  ->  CONST[source:0(mediator),value:2(dynamic)][purpose:{subject}]
-----------
CONST[source:2(external),value:0(static)][purpose:{operation}][SrcIdx:10]
CE0x5574670 "{CE0x5574670|i32_2|*Constant*}"
CE0x55748e0 "{CE0x55748e0|file_inode:f_inode|include/linux/fs.h,1916}"
CE0x55749d0 "{CE0x55749d0|file_inode:tmp4|*LoadInst*|include/linux/fs.h,1916}"
CE0x5508210 "{CE0x5508210|_ret_%struct.inode*_%tmp4,_!dbg_!27713|include/linux/fs.h,1916}"
CE0x5519b10 "{CE0x5519b10|selinux_file_permission:call|security/selinux/hooks.c,3160}"
CE0x5546c60 "{CE0x5546c60|selinux_file_permission:i_security|security/selinux/hooks.c,3162}"
CE0x5546cd0 "{CE0x5546cd0|selinux_file_permission:tmp4|security/selinux/hooks.c,3162}"
CE0x558b140 "{CE0x558b140|selinux_file_permission:tmp5|security/selinux/hooks.c,3162}"
CE0x558d880 "{CE0x558d880|selinux_file_permission:sid3|security/selinux/hooks.c,3169}"
CE0x55a4850 "{CE0x55a4850|selinux_file_permission:tmp18|security/selinux/hooks.c,3169}"
CE0x558e7b0 "{CE0x558e7b0|selinux_file_permission:cmp4|security/selinux/hooks.c,3169}"
CE0x5509170 "{CE0x5509170|selinux_file_permission:if.end9}"
CE0x5592d30 "{CE0x5592d30|selinux_revalidate_file_permission:entry}"
CE0x55b2f50 "{CE0x55b2f50|selinux_revalidate_file_permission:if.end12}"
CE0x56363a0 "{CE0x56363a0|file_has_perm:entry}"
CE0x55eb710 "{CE0x55eb710|file_has_perm:bb}"
CE0x562d330 "{CE0x562d330|file_has_perm:call1|security/selinux/hooks.c,1677}"
CE0x564d630 "{CE0x564d630|file_has_perm:call1|security/selinux/hooks.c,1677|*SummSink*}"
CONST[source:0(mediator),value:2(dynamic)][purpose:{subject}]


CONST[source:2(external),value:0(static)][purpose:{operation}][SrcIdx:10]  ->  CONST[source:0(mediator),value:2(dynamic)][purpose:{object}]
-----------
CONST[source:2(external),value:0(static)][purpose:{operation}][SrcIdx:10]
CE0x5574670 "{CE0x5574670|i32_2|*Constant*}"
CE0x55748e0 "{CE0x55748e0|file_inode:f_inode|include/linux/fs.h,1916}"
CE0x55749d0 "{CE0x55749d0|file_inode:tmp4|*LoadInst*|include/linux/fs.h,1916}"
CE0x5508210 "{CE0x5508210|_ret_%struct.inode*_%tmp4,_!dbg_!27713|include/linux/fs.h,1916}"
CE0x5519b10 "{CE0x5519b10|selinux_file_permission:call|security/selinux/hooks.c,3160}"
CE0x5546c60 "{CE0x5546c60|selinux_file_permission:i_security|security/selinux/hooks.c,3162}"
CE0x5546cd0 "{CE0x5546cd0|selinux_file_permission:tmp4|security/selinux/hooks.c,3162}"
CE0x558b140 "{CE0x558b140|selinux_file_permission:tmp5|security/selinux/hooks.c,3162}"
CE0x558d880 "{CE0x558d880|selinux_file_permission:sid3|security/selinux/hooks.c,3169}"
CE0x55a4850 "{CE0x55a4850|selinux_file_permission:tmp18|security/selinux/hooks.c,3169}"
CE0x558e7b0 "{CE0x558e7b0|selinux_file_permission:cmp4|security/selinux/hooks.c,3169}"
CE0x5509170 "{CE0x5509170|selinux_file_permission:if.end9}"
CE0x5592d30 "{CE0x5592d30|selinux_revalidate_file_permission:entry}"
CE0x55b2f50 "{CE0x55b2f50|selinux_revalidate_file_permission:if.end12}"
CE0x56363a0 "{CE0x56363a0|file_has_perm:entry}"
CE0x55eb580 "{CE0x55eb580|file_has_perm:if.then}"
CE0x56a6e20 "{CE0x56a6e20|file_has_perm:tmp11|security/selinux/hooks.c,1684}"
CE0x56a6fc0 "{CE0x56a6fc0|file_has_perm:tmp11|security/selinux/hooks.c,1684|*SummSink*}"
CONST[source:0(mediator),value:2(dynamic)][purpose:{object}]


CONST[source:2(external),value:0(static)][purpose:{operation}][SrcIdx:10]  ->  CONST[source:0(mediator),value:0(static)][purpose:{operation}]
-----------
CONST[source:2(external),value:0(static)][purpose:{operation}][SrcIdx:10]
CE0x5574670 "{CE0x5574670|i32_2|*Constant*}"
CE0x55748e0 "{CE0x55748e0|file_inode:f_inode|include/linux/fs.h,1916}"
CE0x55749d0 "{CE0x55749d0|file_inode:tmp4|*LoadInst*|include/linux/fs.h,1916}"
CE0x5508210 "{CE0x5508210|_ret_%struct.inode*_%tmp4,_!dbg_!27713|include/linux/fs.h,1916}"
CE0x5519b10 "{CE0x5519b10|selinux_file_permission:call|security/selinux/hooks.c,3160}"
CE0x5546c60 "{CE0x5546c60|selinux_file_permission:i_security|security/selinux/hooks.c,3162}"
CE0x5546cd0 "{CE0x5546cd0|selinux_file_permission:tmp4|security/selinux/hooks.c,3162}"
CE0x558b140 "{CE0x558b140|selinux_file_permission:tmp5|security/selinux/hooks.c,3162}"
CE0x558d880 "{CE0x558d880|selinux_file_permission:sid3|security/selinux/hooks.c,3169}"
CE0x55a4850 "{CE0x55a4850|selinux_file_permission:tmp18|security/selinux/hooks.c,3169}"
CE0x558e7b0 "{CE0x558e7b0|selinux_file_permission:cmp4|security/selinux/hooks.c,3169}"
CE0x5509170 "{CE0x5509170|selinux_file_permission:if.end9}"
CE0x5592d30 "{CE0x5592d30|selinux_revalidate_file_permission:entry}"
CE0x55b2f50 "{CE0x55b2f50|selinux_revalidate_file_permission:if.end12}"
CE0x563bfc0 "{CE0x563bfc0|selinux_revalidate_file_permission:call13|security/selinux/hooks.c,3155}"
CE0x5636fd0 "{CE0x5636fd0|file_has_perm:av|Function::file_has_perm&Arg::av::}"
CE0x56916e0 "{CE0x56916e0|inode_has_perm:perms|Function::inode_has_perm&Arg::perms::}"
CE0x5691a70 "{CE0x5691a70|inode_has_perm:perms|Function::inode_has_perm&Arg::perms::|*SummSink*}"
CONST[source:0(mediator),value:0(static)][purpose:{operation}]


CONST[source:2(external),value:2(dynamic)][purpose:{subject}][SrcIdx:14]  ->  CONST[source:0(mediator),value:2(dynamic)][purpose:{subject}]
-----------
CONST[source:2(external),value:2(dynamic)][purpose:{subject}][SrcIdx:14]
CE0x55aed80 "{CE0x55aed80|COLLAPSED:_GCMRE_current_task_external_global_%struct.task_struct*:_elem_0::|security/selinux/hooks.c,218}"
CE0x55eb2c0 "{CE0x55eb2c0|selinux_revalidate_file_permission:tmp19|security/selinux/hooks.c,3147}"
CE0x5636670 "{CE0x5636670|file_has_perm:cred|Function::file_has_perm&Arg::cred::}"
CE0x55d7070 "{CE0x55d7070|cred_sid:cred|Function::cred_sid&Arg::cred::}"
CE0x56a7c70 "{CE0x56a7c70|cred_sid:security|security/selinux/hooks.c,196}"
CE0x564deb0 "{CE0x564deb0|cred_sid:tmp4|*LoadInst*|security/selinux/hooks.c,196}"
CE0x564e130 "{CE0x564e130|cred_sid:tmp5|security/selinux/hooks.c,196}"
CE0x5696b10 "{CE0x5696b10|cred_sid:sid|security/selinux/hooks.c,197}"
CE0x56970e0 "{CE0x56970e0|cred_sid:tmp6|security/selinux/hooks.c,197}"
CE0x56a0930 "{CE0x56a0930|_ret_i32_%tmp6,_!dbg_!27716|security/selinux/hooks.c,197}"
CE0x562d330 "{CE0x562d330|file_has_perm:call1|security/selinux/hooks.c,1677}"
CE0x564d630 "{CE0x564d630|file_has_perm:call1|security/selinux/hooks.c,1677|*SummSink*}"
CONST[source:0(mediator),value:2(dynamic)][purpose:{subject}]


CONST[source:2(external),value:2(dynamic)][purpose:{subject}][SrcIdx:14]  ->  CONST[source:0(mediator),value:2(dynamic)][purpose:{object}]
-----------
CONST[source:2(external),value:2(dynamic)][purpose:{subject}][SrcIdx:14]
CE0x55aed80 "{CE0x55aed80|COLLAPSED:_GCMRE_current_task_external_global_%struct.task_struct*:_elem_0::|security/selinux/hooks.c,218}"
CE0x55b5aa0 "{CE0x55b5aa0|current_sid:tmp22|security/selinux/hooks.c,218}"
CE0x55af620 "{CE0x55af620|current_sid:tmp23|security/selinux/hooks.c,218}"
CE0x55b0230 "{CE0x55b0230|current_sid:sid|security/selinux/hooks.c,220}"
CE0x55b1530 "{CE0x55b1530|current_sid:tmp24|security/selinux/hooks.c,220}"
CE0x559efb0 "{CE0x559efb0|_ret_i32_%tmp24,_!dbg_!27742|security/selinux/hooks.c,220}"
CE0x558b2f0 "{CE0x558b2f0|selinux_file_permission:call1|security/selinux/hooks.c,3163}"
CE0x559d030 "{CE0x559d030|selinux_file_permission:cmp|security/selinux/hooks.c,3169}"
CE0x5509170 "{CE0x5509170|selinux_file_permission:if.end9}"
CE0x5592d30 "{CE0x5592d30|selinux_revalidate_file_permission:entry}"
CE0x55b2f50 "{CE0x55b2f50|selinux_revalidate_file_permission:if.end12}"
CE0x56363a0 "{CE0x56363a0|file_has_perm:entry}"
CE0x55eb580 "{CE0x55eb580|file_has_perm:if.then}"
CE0x56a6e20 "{CE0x56a6e20|file_has_perm:tmp11|security/selinux/hooks.c,1684}"
CE0x56a6fc0 "{CE0x56a6fc0|file_has_perm:tmp11|security/selinux/hooks.c,1684|*SummSink*}"
CONST[source:0(mediator),value:2(dynamic)][purpose:{object}]


CONST[source:2(external),value:2(dynamic)][purpose:{subject}][SrcIdx:14]  ->  CONST[source:0(mediator),value:0(static)][purpose:{operation}]
-----------
CONST[source:2(external),value:2(dynamic)][purpose:{subject}][SrcIdx:14]
CE0x55aed80 "{CE0x55aed80|COLLAPSED:_GCMRE_current_task_external_global_%struct.task_struct*:_elem_0::|security/selinux/hooks.c,218}"
CE0x55b5aa0 "{CE0x55b5aa0|current_sid:tmp22|security/selinux/hooks.c,218}"
CE0x55af620 "{CE0x55af620|current_sid:tmp23|security/selinux/hooks.c,218}"
CE0x55b0230 "{CE0x55b0230|current_sid:sid|security/selinux/hooks.c,220}"
CE0x55b1530 "{CE0x55b1530|current_sid:tmp24|security/selinux/hooks.c,220}"
CE0x559efb0 "{CE0x559efb0|_ret_i32_%tmp24,_!dbg_!27742|security/selinux/hooks.c,220}"
CE0x558b2f0 "{CE0x558b2f0|selinux_file_permission:call1|security/selinux/hooks.c,3163}"
CE0x559d030 "{CE0x559d030|selinux_file_permission:cmp|security/selinux/hooks.c,3169}"
CE0x5509170 "{CE0x5509170|selinux_file_permission:if.end9}"
CE0x5592d30 "{CE0x5592d30|selinux_revalidate_file_permission:entry}"
CE0x55b2f50 "{CE0x55b2f50|selinux_revalidate_file_permission:if.end12}"
CE0x563bfc0 "{CE0x563bfc0|selinux_revalidate_file_permission:call13|security/selinux/hooks.c,3155}"
CE0x5636fd0 "{CE0x5636fd0|file_has_perm:av|Function::file_has_perm&Arg::av::}"
CE0x56916e0 "{CE0x56916e0|inode_has_perm:perms|Function::inode_has_perm&Arg::perms::}"
CE0x5691a70 "{CE0x5691a70|inode_has_perm:perms|Function::inode_has_perm&Arg::perms::|*SummSink*}"
CONST[source:0(mediator),value:0(static)][purpose:{operation}]


CONST[source:2(external),value:0(static)][purpose:{operation}][SrcIdx:7]  ->  CONST[source:0(mediator),value:2(dynamic)][purpose:{subject}]
-----------
CONST[source:2(external),value:0(static)][purpose:{operation}][SrcIdx:7]
CE0x564dac0 "{CE0x564dac0|i32_4|*Constant*}"
CE0x5688960 "{CE0x5688960|file_mask_to_av:and40|security/selinux/hooks.c,1890}"
CE0x5608340 "{CE0x5608340|file_mask_to_av:tobool41|security/selinux/hooks.c,1890}"
CE0x55f1650 "{CE0x55f1650|file_mask_to_av:if.then42}"
CE0x560c6b0 "{CE0x560c6b0|file_mask_to_av:conv45|security/selinux/hooks.c,1891}"
CE0x560c540 "{CE0x560c540|file_mask_to_av:av.6}"
CE0x569a4c0 "{CE0x569a4c0|file_mask_to_av:av.7}"
CE0x563d5f0 "{CE0x563d5f0|_ret_i32_%av.7,_!dbg_!27757|security/selinux/hooks.c,1894}"
CE0x563bfc0 "{CE0x563bfc0|selinux_revalidate_file_permission:call13|security/selinux/hooks.c,3155}"
CE0x5636fd0 "{CE0x5636fd0|file_has_perm:av|Function::file_has_perm&Arg::av::}"
CE0x568c700 "{CE0x568c700|file_has_perm:tobool7|security/selinux/hooks.c,1694}"
CE0x5645ec0 "{CE0x5645ec0|file_has_perm:if.then8}"
CE0x5690ae0 "{CE0x5690ae0|inode_has_perm:entry}"
CE0x56c99f0 "{CE0x56c99f0|inode_has_perm:if.end}"
CE0x56dcae0 "{CE0x56dcae0|inode_has_perm:call|security/selinux/hooks.c,1614}"
CE0x56dcc80 "{CE0x56dcc80|inode_has_perm:call|security/selinux/hooks.c,1614|*SummSink*}"
CONST[source:0(mediator),value:2(dynamic)][purpose:{subject}]


CONST[source:2(external),value:0(static)][purpose:{operation}][SrcIdx:7]  ->  CONST[source:0(mediator),value:2(dynamic)][purpose:{object}]
-----------
CONST[source:2(external),value:0(static)][purpose:{operation}][SrcIdx:7]
CE0x564dac0 "{CE0x564dac0|i32_4|*Constant*}"
CE0x5688960 "{CE0x5688960|file_mask_to_av:and40|security/selinux/hooks.c,1890}"
CE0x5608340 "{CE0x5608340|file_mask_to_av:tobool41|security/selinux/hooks.c,1890}"
CE0x55f1650 "{CE0x55f1650|file_mask_to_av:if.then42}"
CE0x560c6b0 "{CE0x560c6b0|file_mask_to_av:conv45|security/selinux/hooks.c,1891}"
CE0x560c540 "{CE0x560c540|file_mask_to_av:av.6}"
CE0x569a4c0 "{CE0x569a4c0|file_mask_to_av:av.7}"
CE0x563d5f0 "{CE0x563d5f0|_ret_i32_%av.7,_!dbg_!27757|security/selinux/hooks.c,1894}"
CE0x563bfc0 "{CE0x563bfc0|selinux_revalidate_file_permission:call13|security/selinux/hooks.c,3155}"
CE0x5636fd0 "{CE0x5636fd0|file_has_perm:av|Function::file_has_perm&Arg::av::}"
CE0x568c700 "{CE0x568c700|file_has_perm:tobool7|security/selinux/hooks.c,1694}"
CE0x5645ec0 "{CE0x5645ec0|file_has_perm:if.then8}"
CE0x5690ae0 "{CE0x5690ae0|inode_has_perm:entry}"
CE0x56c99f0 "{CE0x56c99f0|inode_has_perm:if.end}"
CE0x565e340 "{CE0x565e340|inode_has_perm:tmp18|security/selinux/hooks.c,1617}"
CE0x565e850 "{CE0x565e850|inode_has_perm:tmp18|security/selinux/hooks.c,1617|*SummSink*}"
CONST[source:0(mediator),value:2(dynamic)][purpose:{object}]


CONST[source:2(external),value:0(static)][purpose:{operation}][SrcIdx:7]  ->  CONST[source:0(mediator),value:0(static)][purpose:{operation}]
-----------
CONST[source:2(external),value:0(static)][purpose:{operation}][SrcIdx:7]
CE0x564dac0 "{CE0x564dac0|i32_4|*Constant*}"
CE0x5688960 "{CE0x5688960|file_mask_to_av:and40|security/selinux/hooks.c,1890}"
CE0x5608340 "{CE0x5608340|file_mask_to_av:tobool41|security/selinux/hooks.c,1890}"
CE0x55f1650 "{CE0x55f1650|file_mask_to_av:if.then42}"
CE0x560c6b0 "{CE0x560c6b0|file_mask_to_av:conv45|security/selinux/hooks.c,1891}"
CE0x560c540 "{CE0x560c540|file_mask_to_av:av.6}"
CE0x569a4c0 "{CE0x569a4c0|file_mask_to_av:av.7}"
CE0x563d5f0 "{CE0x563d5f0|_ret_i32_%av.7,_!dbg_!27757|security/selinux/hooks.c,1894}"
CE0x563bfc0 "{CE0x563bfc0|selinux_revalidate_file_permission:call13|security/selinux/hooks.c,3155}"
CE0x5636fd0 "{CE0x5636fd0|file_has_perm:av|Function::file_has_perm&Arg::av::}"
CE0x56916e0 "{CE0x56916e0|inode_has_perm:perms|Function::inode_has_perm&Arg::perms::}"
CE0x5691a70 "{CE0x5691a70|inode_has_perm:perms|Function::inode_has_perm&Arg::perms::|*SummSink*}"
CONST[source:0(mediator),value:0(static)][purpose:{operation}]


CONST[source:2(external),value:0(static)][purpose:{operation}][SrcIdx:4]  ->  CONST[source:0(mediator),value:2(dynamic)][purpose:{subject}]
-----------
CONST[source:2(external),value:0(static)][purpose:{operation}][SrcIdx:4]
CE0x55d19e0 "{CE0x55d19e0|i32_1|*Constant*}"
CE0x562c650 "{CE0x562c650|file_mask_to_av:and26|security/selinux/hooks.c,1886}"
CE0x562cc90 "{CE0x562cc90|file_mask_to_av:tobool27|security/selinux/hooks.c,1886}"
CE0x55eb7c0 "{CE0x55eb7c0|file_mask_to_av:if.then28}"
CE0x55b6010 "{CE0x55b6010|file_mask_to_av:conv31|security/selinux/hooks.c,1887}"
CE0x551a2e0 "{CE0x551a2e0|file_mask_to_av:av.4}"
CE0x5687db0 "{CE0x5687db0|file_mask_to_av:av.5}"
CE0x560c540 "{CE0x560c540|file_mask_to_av:av.6}"
CE0x569a4c0 "{CE0x569a4c0|file_mask_to_av:av.7}"
CE0x563d5f0 "{CE0x563d5f0|_ret_i32_%av.7,_!dbg_!27757|security/selinux/hooks.c,1894}"
CE0x563bfc0 "{CE0x563bfc0|selinux_revalidate_file_permission:call13|security/selinux/hooks.c,3155}"
CE0x5636fd0 "{CE0x5636fd0|file_has_perm:av|Function::file_has_perm&Arg::av::}"
CE0x568c700 "{CE0x568c700|file_has_perm:tobool7|security/selinux/hooks.c,1694}"
CE0x5645ec0 "{CE0x5645ec0|file_has_perm:if.then8}"
CE0x5690ae0 "{CE0x5690ae0|inode_has_perm:entry}"
CE0x56c99f0 "{CE0x56c99f0|inode_has_perm:if.end}"
CE0x56dcae0 "{CE0x56dcae0|inode_has_perm:call|security/selinux/hooks.c,1614}"
CE0x56dcc80 "{CE0x56dcc80|inode_has_perm:call|security/selinux/hooks.c,1614|*SummSink*}"
CONST[source:0(mediator),value:2(dynamic)][purpose:{subject}]


CONST[source:2(external),value:0(static)][purpose:{operation}][SrcIdx:4]  ->  CONST[source:0(mediator),value:2(dynamic)][purpose:{object}]
-----------
CONST[source:2(external),value:0(static)][purpose:{operation}][SrcIdx:4]
CE0x55d19e0 "{CE0x55d19e0|i32_1|*Constant*}"
CE0x562c650 "{CE0x562c650|file_mask_to_av:and26|security/selinux/hooks.c,1886}"
CE0x562cc90 "{CE0x562cc90|file_mask_to_av:tobool27|security/selinux/hooks.c,1886}"
CE0x55eb7c0 "{CE0x55eb7c0|file_mask_to_av:if.then28}"
CE0x55b6010 "{CE0x55b6010|file_mask_to_av:conv31|security/selinux/hooks.c,1887}"
CE0x551a2e0 "{CE0x551a2e0|file_mask_to_av:av.4}"
CE0x5687db0 "{CE0x5687db0|file_mask_to_av:av.5}"
CE0x560c540 "{CE0x560c540|file_mask_to_av:av.6}"
CE0x569a4c0 "{CE0x569a4c0|file_mask_to_av:av.7}"
CE0x563d5f0 "{CE0x563d5f0|_ret_i32_%av.7,_!dbg_!27757|security/selinux/hooks.c,1894}"
CE0x563bfc0 "{CE0x563bfc0|selinux_revalidate_file_permission:call13|security/selinux/hooks.c,3155}"
CE0x5636fd0 "{CE0x5636fd0|file_has_perm:av|Function::file_has_perm&Arg::av::}"
CE0x568c700 "{CE0x568c700|file_has_perm:tobool7|security/selinux/hooks.c,1694}"
CE0x5645ec0 "{CE0x5645ec0|file_has_perm:if.then8}"
CE0x5690ae0 "{CE0x5690ae0|inode_has_perm:entry}"
CE0x56c99f0 "{CE0x56c99f0|inode_has_perm:if.end}"
CE0x565e340 "{CE0x565e340|inode_has_perm:tmp18|security/selinux/hooks.c,1617}"
CE0x565e850 "{CE0x565e850|inode_has_perm:tmp18|security/selinux/hooks.c,1617|*SummSink*}"
CONST[source:0(mediator),value:2(dynamic)][purpose:{object}]


CONST[source:2(external),value:0(static)][purpose:{operation}][SrcIdx:4]  ->  CONST[source:0(mediator),value:0(static)][purpose:{operation}]
-----------
CONST[source:2(external),value:0(static)][purpose:{operation}][SrcIdx:4]
CE0x55d19e0 "{CE0x55d19e0|i32_1|*Constant*}"
CE0x55b0150 "{CE0x55b0150|i32_1|*Constant*|*SummSink*}"
CONST[source:0(mediator),value:0(static)][purpose:{operation}]


CONST[source:2(external),value:0(static)][purpose:{operation}][SrcIdx:6]  ->  CONST[source:0(mediator),value:2(dynamic)][purpose:{subject}]
-----------
CONST[source:2(external),value:0(static)][purpose:{operation}][SrcIdx:6]
CE0x564dac0 "{CE0x564dac0|i32_4|*Constant*}"
CE0x5688960 "{CE0x5688960|file_mask_to_av:and40|security/selinux/hooks.c,1890}"
CE0x5608340 "{CE0x5608340|file_mask_to_av:tobool41|security/selinux/hooks.c,1890}"
CE0x55f1650 "{CE0x55f1650|file_mask_to_av:if.then42}"
CE0x560c6b0 "{CE0x560c6b0|file_mask_to_av:conv45|security/selinux/hooks.c,1891}"
CE0x560c540 "{CE0x560c540|file_mask_to_av:av.6}"
CE0x569a4c0 "{CE0x569a4c0|file_mask_to_av:av.7}"
CE0x563d5f0 "{CE0x563d5f0|_ret_i32_%av.7,_!dbg_!27757|security/selinux/hooks.c,1894}"
CE0x563bfc0 "{CE0x563bfc0|selinux_revalidate_file_permission:call13|security/selinux/hooks.c,3155}"
CE0x5636fd0 "{CE0x5636fd0|file_has_perm:av|Function::file_has_perm&Arg::av::}"
CE0x568c700 "{CE0x568c700|file_has_perm:tobool7|security/selinux/hooks.c,1694}"
CE0x5645ec0 "{CE0x5645ec0|file_has_perm:if.then8}"
CE0x5690ae0 "{CE0x5690ae0|inode_has_perm:entry}"
CE0x56c99f0 "{CE0x56c99f0|inode_has_perm:if.end}"
CE0x56dcae0 "{CE0x56dcae0|inode_has_perm:call|security/selinux/hooks.c,1614}"
CE0x56dcc80 "{CE0x56dcc80|inode_has_perm:call|security/selinux/hooks.c,1614|*SummSink*}"
CONST[source:0(mediator),value:2(dynamic)][purpose:{subject}]


CONST[source:2(external),value:0(static)][purpose:{operation}][SrcIdx:6]  ->  CONST[source:0(mediator),value:2(dynamic)][purpose:{object}]
-----------
CONST[source:2(external),value:0(static)][purpose:{operation}][SrcIdx:6]
CE0x564dac0 "{CE0x564dac0|i32_4|*Constant*}"
CE0x5688960 "{CE0x5688960|file_mask_to_av:and40|security/selinux/hooks.c,1890}"
CE0x5608340 "{CE0x5608340|file_mask_to_av:tobool41|security/selinux/hooks.c,1890}"
CE0x55f1650 "{CE0x55f1650|file_mask_to_av:if.then42}"
CE0x560c6b0 "{CE0x560c6b0|file_mask_to_av:conv45|security/selinux/hooks.c,1891}"
CE0x560c540 "{CE0x560c540|file_mask_to_av:av.6}"
CE0x569a4c0 "{CE0x569a4c0|file_mask_to_av:av.7}"
CE0x563d5f0 "{CE0x563d5f0|_ret_i32_%av.7,_!dbg_!27757|security/selinux/hooks.c,1894}"
CE0x563bfc0 "{CE0x563bfc0|selinux_revalidate_file_permission:call13|security/selinux/hooks.c,3155}"
CE0x5636fd0 "{CE0x5636fd0|file_has_perm:av|Function::file_has_perm&Arg::av::}"
CE0x568c700 "{CE0x568c700|file_has_perm:tobool7|security/selinux/hooks.c,1694}"
CE0x5645ec0 "{CE0x5645ec0|file_has_perm:if.then8}"
CE0x5690ae0 "{CE0x5690ae0|inode_has_perm:entry}"
CE0x56c99f0 "{CE0x56c99f0|inode_has_perm:if.end}"
CE0x565e340 "{CE0x565e340|inode_has_perm:tmp18|security/selinux/hooks.c,1617}"
CE0x565e850 "{CE0x565e850|inode_has_perm:tmp18|security/selinux/hooks.c,1617|*SummSink*}"
CONST[source:0(mediator),value:2(dynamic)][purpose:{object}]


CONST[source:2(external),value:0(static)][purpose:{operation}][SrcIdx:6]  ->  CONST[source:0(mediator),value:0(static)][purpose:{operation}]
-----------
CONST[source:2(external),value:0(static)][purpose:{operation}][SrcIdx:6]
CE0x564dac0 "{CE0x564dac0|i32_4|*Constant*}"
CE0x5688960 "{CE0x5688960|file_mask_to_av:and40|security/selinux/hooks.c,1890}"
CE0x5608340 "{CE0x5608340|file_mask_to_av:tobool41|security/selinux/hooks.c,1890}"
CE0x55f1650 "{CE0x55f1650|file_mask_to_av:if.then42}"
CE0x560c6b0 "{CE0x560c6b0|file_mask_to_av:conv45|security/selinux/hooks.c,1891}"
CE0x560c540 "{CE0x560c540|file_mask_to_av:av.6}"
CE0x569a4c0 "{CE0x569a4c0|file_mask_to_av:av.7}"
CE0x563d5f0 "{CE0x563d5f0|_ret_i32_%av.7,_!dbg_!27757|security/selinux/hooks.c,1894}"
CE0x563bfc0 "{CE0x563bfc0|selinux_revalidate_file_permission:call13|security/selinux/hooks.c,3155}"
CE0x5636fd0 "{CE0x5636fd0|file_has_perm:av|Function::file_has_perm&Arg::av::}"
CE0x56916e0 "{CE0x56916e0|inode_has_perm:perms|Function::inode_has_perm&Arg::perms::}"
CE0x5691a70 "{CE0x5691a70|inode_has_perm:perms|Function::inode_has_perm&Arg::perms::|*SummSink*}"
CONST[source:0(mediator),value:0(static)][purpose:{operation}]


CONST[source:1(input),value:2(dynamic)][purpose:{operation}][SrcIdx:13]  ->  CONST[source:0(mediator),value:2(dynamic)][purpose:{subject}]
-----------
CONST[source:1(input),value:2(dynamic)][purpose:{operation}][SrcIdx:13]
CE0x55986f0 "{CE0x55986f0|selinux_file_permission:mask|Function::selinux_file_permission&Arg::mask::|*SummSource*}"
CE0x55985e0 "{CE0x55985e0|selinux_file_permission:mask|Function::selinux_file_permission&Arg::mask::}"
CE0x5598950 "{CE0x5598950|selinux_file_permission:tobool|security/selinux/hooks.c,3165}"
CE0x5509170 "{CE0x5509170|selinux_file_permission:if.end9}"
CE0x5592d30 "{CE0x5592d30|selinux_revalidate_file_permission:entry}"
CE0x55b2f50 "{CE0x55b2f50|selinux_revalidate_file_permission:if.end12}"
CE0x56363a0 "{CE0x56363a0|file_has_perm:entry}"
CE0x55eb710 "{CE0x55eb710|file_has_perm:bb}"
CE0x562d330 "{CE0x562d330|file_has_perm:call1|security/selinux/hooks.c,1677}"
CE0x564d630 "{CE0x564d630|file_has_perm:call1|security/selinux/hooks.c,1677|*SummSink*}"
CONST[source:0(mediator),value:2(dynamic)][purpose:{subject}]


CONST[source:1(input),value:2(dynamic)][purpose:{operation}][SrcIdx:13]  ->  CONST[source:0(mediator),value:2(dynamic)][purpose:{object}]
-----------
CONST[source:1(input),value:2(dynamic)][purpose:{operation}][SrcIdx:13]
CE0x55986f0 "{CE0x55986f0|selinux_file_permission:mask|Function::selinux_file_permission&Arg::mask::|*SummSource*}"
CE0x55985e0 "{CE0x55985e0|selinux_file_permission:mask|Function::selinux_file_permission&Arg::mask::}"
CE0x5598950 "{CE0x5598950|selinux_file_permission:tobool|security/selinux/hooks.c,3165}"
CE0x5509170 "{CE0x5509170|selinux_file_permission:if.end9}"
CE0x5592d30 "{CE0x5592d30|selinux_revalidate_file_permission:entry}"
CE0x55b2f50 "{CE0x55b2f50|selinux_revalidate_file_permission:if.end12}"
CE0x56363a0 "{CE0x56363a0|file_has_perm:entry}"
CE0x55eb580 "{CE0x55eb580|file_has_perm:if.then}"
CE0x56a6e20 "{CE0x56a6e20|file_has_perm:tmp11|security/selinux/hooks.c,1684}"
CE0x56a6fc0 "{CE0x56a6fc0|file_has_perm:tmp11|security/selinux/hooks.c,1684|*SummSink*}"
CONST[source:0(mediator),value:2(dynamic)][purpose:{object}]


CONST[source:1(input),value:2(dynamic)][purpose:{operation}][SrcIdx:13]  ->  CONST[source:0(mediator),value:0(static)][purpose:{operation}]
-----------
CONST[source:1(input),value:2(dynamic)][purpose:{operation}][SrcIdx:13]
CE0x55986f0 "{CE0x55986f0|selinux_file_permission:mask|Function::selinux_file_permission&Arg::mask::|*SummSource*}"
CE0x55985e0 "{CE0x55985e0|selinux_file_permission:mask|Function::selinux_file_permission&Arg::mask::}"
CE0x5598950 "{CE0x5598950|selinux_file_permission:tobool|security/selinux/hooks.c,3165}"
CE0x5509170 "{CE0x5509170|selinux_file_permission:if.end9}"
CE0x5592d30 "{CE0x5592d30|selinux_revalidate_file_permission:entry}"
CE0x55b2f50 "{CE0x55b2f50|selinux_revalidate_file_permission:if.end12}"
CE0x563bfc0 "{CE0x563bfc0|selinux_revalidate_file_permission:call13|security/selinux/hooks.c,3155}"
CE0x5636fd0 "{CE0x5636fd0|file_has_perm:av|Function::file_has_perm&Arg::av::}"
CE0x56916e0 "{CE0x56916e0|inode_has_perm:perms|Function::inode_has_perm&Arg::perms::}"
CE0x5691a70 "{CE0x5691a70|inode_has_perm:perms|Function::inode_has_perm&Arg::perms::|*SummSink*}"
CONST[source:0(mediator),value:0(static)][purpose:{operation}]


CONST[source:0(mediator),value:2(dynamic)][purpose:{subject}][SrcIdx:15]  ->  CONST[source:0(mediator),value:2(dynamic)][purpose:{object}]
-----------
CONST[source:0(mediator),value:2(dynamic)][purpose:{subject}][SrcIdx:15]
CE0x559e710 "{CE0x559e710|selinux_file_permission:call1|security/selinux/hooks.c,3163|*SummSource*}"
CE0x558b2f0 "{CE0x558b2f0|selinux_file_permission:call1|security/selinux/hooks.c,3163}"
CE0x559d030 "{CE0x559d030|selinux_file_permission:cmp|security/selinux/hooks.c,3169}"
CE0x5509170 "{CE0x5509170|selinux_file_permission:if.end9}"
CE0x5592d30 "{CE0x5592d30|selinux_revalidate_file_permission:entry}"
CE0x55b2f50 "{CE0x55b2f50|selinux_revalidate_file_permission:if.end12}"
CE0x56363a0 "{CE0x56363a0|file_has_perm:entry}"
CE0x55eb580 "{CE0x55eb580|file_has_perm:if.then}"
CE0x56a6e20 "{CE0x56a6e20|file_has_perm:tmp11|security/selinux/hooks.c,1684}"
CE0x56a6fc0 "{CE0x56a6fc0|file_has_perm:tmp11|security/selinux/hooks.c,1684|*SummSink*}"
CONST[source:0(mediator),value:2(dynamic)][purpose:{object}]


CONST[source:0(mediator),value:2(dynamic)][purpose:{subject}][SrcIdx:15]  ->  CONST[source:0(mediator),value:0(static)][purpose:{operation}]
-----------
CONST[source:0(mediator),value:2(dynamic)][purpose:{subject}][SrcIdx:15]
CE0x559e710 "{CE0x559e710|selinux_file_permission:call1|security/selinux/hooks.c,3163|*SummSource*}"
CE0x558b2f0 "{CE0x558b2f0|selinux_file_permission:call1|security/selinux/hooks.c,3163}"
CE0x559d030 "{CE0x559d030|selinux_file_permission:cmp|security/selinux/hooks.c,3169}"
CE0x5509170 "{CE0x5509170|selinux_file_permission:if.end9}"
CE0x5592d30 "{CE0x5592d30|selinux_revalidate_file_permission:entry}"
CE0x55b2f50 "{CE0x55b2f50|selinux_revalidate_file_permission:if.end12}"
CE0x563bfc0 "{CE0x563bfc0|selinux_revalidate_file_permission:call13|security/selinux/hooks.c,3155}"
CE0x5636fd0 "{CE0x5636fd0|file_has_perm:av|Function::file_has_perm&Arg::av::}"
CE0x56916e0 "{CE0x56916e0|inode_has_perm:perms|Function::inode_has_perm&Arg::perms::}"
CE0x5691a70 "{CE0x5691a70|inode_has_perm:perms|Function::inode_has_perm&Arg::perms::|*SummSink*}"
CONST[source:0(mediator),value:0(static)][purpose:{operation}]


CONST[source:2(external),value:0(static)][purpose:{operation}][SrcIdx:1]  ->  CONST[source:0(mediator),value:2(dynamic)][purpose:{subject}]
-----------
CONST[source:2(external),value:0(static)][purpose:{operation}][SrcIdx:1]
CE0x55bccc0 "{CE0x55bccc0|i32_8|*Constant*}"
CE0x55bd2a0 "{CE0x55bd2a0|selinux_revalidate_file_permission:or|security/selinux/hooks.c,3152}"
CE0x55b7e20 "{CE0x55b7e20|selinux_revalidate_file_permission:mask.addr.0}"
CE0x563d000 "{CE0x563d000|file_mask_to_av:mask|Function::file_mask_to_av&Arg::mask::}"
CE0x5688960 "{CE0x5688960|file_mask_to_av:and40|security/selinux/hooks.c,1890}"
CE0x5608340 "{CE0x5608340|file_mask_to_av:tobool41|security/selinux/hooks.c,1890}"
CE0x55f1650 "{CE0x55f1650|file_mask_to_av:if.then42}"
CE0x560c6b0 "{CE0x560c6b0|file_mask_to_av:conv45|security/selinux/hooks.c,1891}"
CE0x560c540 "{CE0x560c540|file_mask_to_av:av.6}"
CE0x569a4c0 "{CE0x569a4c0|file_mask_to_av:av.7}"
CE0x563d5f0 "{CE0x563d5f0|_ret_i32_%av.7,_!dbg_!27757|security/selinux/hooks.c,1894}"
CE0x563bfc0 "{CE0x563bfc0|selinux_revalidate_file_permission:call13|security/selinux/hooks.c,3155}"
CE0x5636fd0 "{CE0x5636fd0|file_has_perm:av|Function::file_has_perm&Arg::av::}"
CE0x568c700 "{CE0x568c700|file_has_perm:tobool7|security/selinux/hooks.c,1694}"
CE0x5645ec0 "{CE0x5645ec0|file_has_perm:if.then8}"
CE0x5690ae0 "{CE0x5690ae0|inode_has_perm:entry}"
CE0x56c99f0 "{CE0x56c99f0|inode_has_perm:if.end}"
CE0x56dcae0 "{CE0x56dcae0|inode_has_perm:call|security/selinux/hooks.c,1614}"
CE0x56dcc80 "{CE0x56dcc80|inode_has_perm:call|security/selinux/hooks.c,1614|*SummSink*}"
CONST[source:0(mediator),value:2(dynamic)][purpose:{subject}]


CONST[source:2(external),value:0(static)][purpose:{operation}][SrcIdx:1]  ->  CONST[source:0(mediator),value:2(dynamic)][purpose:{object}]
-----------
CONST[source:2(external),value:0(static)][purpose:{operation}][SrcIdx:1]
CE0x55bccc0 "{CE0x55bccc0|i32_8|*Constant*}"
CE0x55bd2a0 "{CE0x55bd2a0|selinux_revalidate_file_permission:or|security/selinux/hooks.c,3152}"
CE0x55b7e20 "{CE0x55b7e20|selinux_revalidate_file_permission:mask.addr.0}"
CE0x563d000 "{CE0x563d000|file_mask_to_av:mask|Function::file_mask_to_av&Arg::mask::}"
CE0x5688960 "{CE0x5688960|file_mask_to_av:and40|security/selinux/hooks.c,1890}"
CE0x5608340 "{CE0x5608340|file_mask_to_av:tobool41|security/selinux/hooks.c,1890}"
CE0x55f1650 "{CE0x55f1650|file_mask_to_av:if.then42}"
CE0x560c6b0 "{CE0x560c6b0|file_mask_to_av:conv45|security/selinux/hooks.c,1891}"
CE0x560c540 "{CE0x560c540|file_mask_to_av:av.6}"
CE0x569a4c0 "{CE0x569a4c0|file_mask_to_av:av.7}"
CE0x563d5f0 "{CE0x563d5f0|_ret_i32_%av.7,_!dbg_!27757|security/selinux/hooks.c,1894}"
CE0x563bfc0 "{CE0x563bfc0|selinux_revalidate_file_permission:call13|security/selinux/hooks.c,3155}"
CE0x5636fd0 "{CE0x5636fd0|file_has_perm:av|Function::file_has_perm&Arg::av::}"
CE0x568c700 "{CE0x568c700|file_has_perm:tobool7|security/selinux/hooks.c,1694}"
CE0x5645ec0 "{CE0x5645ec0|file_has_perm:if.then8}"
CE0x5690ae0 "{CE0x5690ae0|inode_has_perm:entry}"
CE0x56c99f0 "{CE0x56c99f0|inode_has_perm:if.end}"
CE0x565e340 "{CE0x565e340|inode_has_perm:tmp18|security/selinux/hooks.c,1617}"
CE0x565e850 "{CE0x565e850|inode_has_perm:tmp18|security/selinux/hooks.c,1617|*SummSink*}"
CONST[source:0(mediator),value:2(dynamic)][purpose:{object}]


CONST[source:2(external),value:0(static)][purpose:{operation}][SrcIdx:1]  ->  CONST[source:0(mediator),value:0(static)][purpose:{operation}]
-----------
CONST[source:2(external),value:0(static)][purpose:{operation}][SrcIdx:1]
CE0x55bccc0 "{CE0x55bccc0|i32_8|*Constant*}"
CE0x55bd2a0 "{CE0x55bd2a0|selinux_revalidate_file_permission:or|security/selinux/hooks.c,3152}"
CE0x55b7e20 "{CE0x55b7e20|selinux_revalidate_file_permission:mask.addr.0}"
CE0x563d000 "{CE0x563d000|file_mask_to_av:mask|Function::file_mask_to_av&Arg::mask::}"
CE0x5688960 "{CE0x5688960|file_mask_to_av:and40|security/selinux/hooks.c,1890}"
CE0x5608340 "{CE0x5608340|file_mask_to_av:tobool41|security/selinux/hooks.c,1890}"
CE0x55f1650 "{CE0x55f1650|file_mask_to_av:if.then42}"
CE0x560c6b0 "{CE0x560c6b0|file_mask_to_av:conv45|security/selinux/hooks.c,1891}"
CE0x560c540 "{CE0x560c540|file_mask_to_av:av.6}"
CE0x569a4c0 "{CE0x569a4c0|file_mask_to_av:av.7}"
CE0x563d5f0 "{CE0x563d5f0|_ret_i32_%av.7,_!dbg_!27757|security/selinux/hooks.c,1894}"
CE0x563bfc0 "{CE0x563bfc0|selinux_revalidate_file_permission:call13|security/selinux/hooks.c,3155}"
CE0x5636fd0 "{CE0x5636fd0|file_has_perm:av|Function::file_has_perm&Arg::av::}"
CE0x56916e0 "{CE0x56916e0|inode_has_perm:perms|Function::inode_has_perm&Arg::perms::}"
CE0x5691a70 "{CE0x5691a70|inode_has_perm:perms|Function::inode_has_perm&Arg::perms::|*SummSink*}"
CONST[source:0(mediator),value:0(static)][purpose:{operation}]


