[apparmor_task_setrlimit]

explicit:
CONST[source:2(external),value:2(dynamic)][purpose:{subject}][SrcIdx:5]  ->  CONST[source:0(mediator),value:2(dynamic)][purpose:{subject}][SnkIdx:0]
-----------
CONST[source:2(external),value:2(dynamic)][purpose:{subject}][SrcIdx:5]
CE0x5df36a0 "{CE0x5df36a0|COLLAPSED:_IRE:_elem_0:default:}"
CONST[source:0(mediator),value:2(dynamic)][purpose:{subject}][SnkIdx:0]


CONST[source:1(input),value:2(dynamic)][purpose:{object}][SrcIdx:1]  ->  CONST[source:0(mediator),value:2(dynamic)][purpose:{subject}][SnkIdx:0]
-----------
CONST[source:1(input),value:2(dynamic)][purpose:{object}][SrcIdx:1]
CE0x5d9c370 "{CE0x5d9c370|2472:_%struct.cred*,_:_CRE:_elem_0:default:}"
CE0x5e74990 "{CE0x5e74990|tmp4}"
CE0x5dadd30 "{CE0x5dadd30|cred}"
CE0x5e17b40 "{CE0x5e17b40|security}"
CE0x5e1b450 "{CE0x5e1b450|tmp4}"
CE0x5e1b530 "{CE0x5e1b530|tmp5}"
CE0x5e19670 "{CE0x5e19670|profile11}"
CE0x5e19940 "{CE0x5e19940|tmp34}"
CE0x5dae060 "{CE0x5dae060|_ret_%struct.aa_profile*_%tmp34,_!dbg_!18602}"
CE0x5d82290 "{CE0x5d82290|call7}"
CE0x5db0760 "{CE0x5db0760|p}"
CE0x5d993e0 "{CE0x5d993e0|count}"
CE0x5dbc440 "{CE0x5dbc440|kref}"
CE0x5e14ce0 "{CE0x5e14ce0|refcount}"
CE0x5dbae50 "{CE0x5dbae50|v}"
CE0x5e29cc0 "{CE0x5e29cc0|counter}"
CE0x5df36a0 "{CE0x5df36a0|COLLAPSED:_IRE:_elem_0:default:}"
CONST[source:0(mediator),value:2(dynamic)][purpose:{subject}][SnkIdx:0]


CONST[source:1(input),value:2(dynamic)][purpose:{object}][SrcIdx:3]  ->  CONST[source:0(mediator),value:2(dynamic)][purpose:{object}][SnkIdx:2]
-----------
CONST[source:1(input),value:2(dynamic)][purpose:{object}][SrcIdx:3]
CE0x5d963d0 "{CE0x5d963d0|8:_i64,_:_CRE:_elem_0:default:}"
CE0x5db9640 "{CE0x5db9640|tmp45}"
CE0x5db98d0 "{CE0x5db98d0|tmp45}"
CONST[source:0(mediator),value:2(dynamic)][purpose:{object}][SnkIdx:2]


CONST[source:1(input),value:2(dynamic)][purpose:{object}][SrcIdx:2]  ->  CONST[source:0(mediator),value:2(dynamic)][purpose:{object}][SnkIdx:1]
-----------
CONST[source:1(input),value:2(dynamic)][purpose:{object}][SrcIdx:2]
CE0x5d68080 "{CE0x5d68080|resource}"
CE0x5d67fb0 "{CE0x5d67fb0|resource}"
CE0x5d68160 "{CE0x5d68160|resource}"
CE0x5d68240 "{CE0x5d68240|resource}"
CONST[source:0(mediator),value:2(dynamic)][purpose:{object}][SnkIdx:1]



implicit:
CONST[source:1(input),value:2(dynamic)][purpose:{object}][SrcIdx:3]  ->  CONST[source:0(mediator),value:2(dynamic)][purpose:{object}][SnkIdx:2]
-----------
CONST[source:1(input),value:2(dynamic)][purpose:{object}][SrcIdx:3]
CE0x5d963d0 "{CE0x5d963d0|8:_i64,_:_CRE:_elem_0:default:}"
CE0x5db9640 "{CE0x5db9640|tmp45}"
CE0x5db98d0 "{CE0x5db98d0|tmp45}"
CONST[source:0(mediator),value:2(dynamic)][purpose:{object}][SnkIdx:2]


CONST[source:1(input),value:2(dynamic)][purpose:{object}][SrcIdx:1]  ->  CONST[source:0(mediator),value:2(dynamic)][purpose:{subject}][SnkIdx:0]
-----------
CONST[source:1(input),value:2(dynamic)][purpose:{object}][SrcIdx:1]
CE0x5d9c370 "{CE0x5d9c370|2472:_%struct.cred*,_:_CRE:_elem_0:default:}"
CE0x5e74990 "{CE0x5e74990|tmp4}"
CE0x5dadd30 "{CE0x5dadd30|cred}"
CE0x5e17b40 "{CE0x5e17b40|security}"
CE0x5e1b450 "{CE0x5e1b450|tmp4}"
CE0x5e1b530 "{CE0x5e1b530|tmp5}"
CE0x5e19670 "{CE0x5e19670|profile11}"
CE0x5e19940 "{CE0x5e19940|tmp34}"
CE0x5dae060 "{CE0x5dae060|_ret_%struct.aa_profile*_%tmp34,_!dbg_!18602}"
CE0x5d82290 "{CE0x5d82290|call7}"
CE0x5db0760 "{CE0x5db0760|p}"
CE0x5d993e0 "{CE0x5d993e0|count}"
CE0x5dbc440 "{CE0x5dbc440|kref}"
CE0x5e14ce0 "{CE0x5e14ce0|refcount}"
CE0x5dbae50 "{CE0x5dbae50|v}"
CE0x5e29cc0 "{CE0x5e29cc0|counter}"
CE0x5df36a0 "{CE0x5df36a0|COLLAPSED:_IRE:_elem_0:default:}"
CONST[source:0(mediator),value:2(dynamic)][purpose:{subject}][SnkIdx:0]


CONST[source:1(input),value:2(dynamic)][purpose:{object}][SrcIdx:2]  ->  CONST[source:0(mediator),value:2(dynamic)][purpose:{object}][SnkIdx:1]
-----------
CONST[source:1(input),value:2(dynamic)][purpose:{object}][SrcIdx:2]
CE0x5d68080 "{CE0x5d68080|resource}"
CE0x5d67fb0 "{CE0x5d67fb0|resource}"
CE0x5d68160 "{CE0x5d68160|resource}"
CE0x5d68240 "{CE0x5d68240|resource}"
CONST[source:0(mediator),value:2(dynamic)][purpose:{object}][SnkIdx:1]


CONST[source:2(external),value:2(dynamic)][purpose:{subject}][SrcIdx:5]  ->  CONST[source:0(mediator),value:2(dynamic)][purpose:{subject}][SnkIdx:0]
-----------
CONST[source:2(external),value:2(dynamic)][purpose:{subject}][SrcIdx:5]
CE0x5df36a0 "{CE0x5df36a0|COLLAPSED:_IRE:_elem_0:default:}"
CONST[source:0(mediator),value:2(dynamic)][purpose:{subject}][SnkIdx:0]


