[selinux_getprocattr]

explicit:
CONST[source:1(input),value:2(dynamic)][purpose:{object}]  ->  CONST[source:0(mediator),value:2(dynamic)][purpose:{object}]
-----------
CONST[source:1(input),value:2(dynamic)][purpose:{object}]
CE0x432fd70 "{CE0x432fd70|2472:_%struct.cred*,_:_CRE_2472,2480_|*MultipleSource*|Function::current_has_perm&Arg::tsk::|Function::selinux_getprocattr&Arg::p::|security/selinux/hooks.c,5526}"
CE0x43d2eb0 "{CE0x43d2eb0|task_sid:_tmp4|*LoadInst*|security/selinux/hooks.c,208}"
CE0x44a7a60 "{CE0x44a7a60|cred_sid:_cred|Function::cred_sid&Arg::cred::}"
CE0x445d8d0 "{CE0x445d8d0|cred_sid:_security|security/selinux/hooks.c,196}"
CE0x44a5df0 "{CE0x44a5df0|cred_sid:_tmp4|*LoadInst*|security/selinux/hooks.c,196}"
CE0x44a1b30 "{CE0x44a1b30|cred_sid:_tmp5|security/selinux/hooks.c,196}"
CE0x4461830 "{CE0x4461830|cred_sid:_sid|security/selinux/hooks.c,197}"
CE0x44af680 "{CE0x44af680|cred_sid:_tmp6|security/selinux/hooks.c,197}"
CE0x44a7dd0 "{CE0x44a7dd0|_ret_i32_%tmp6,_!dbg_!27716|security/selinux/hooks.c,197}"
CE0x44a6d60 "{CE0x44a6d60|task_sid:_call7|security/selinux/hooks.c,208}"
CE0x4378cd0 "{CE0x4378cd0|_ret_i32_%call7,_!dbg_!27749|security/selinux/hooks.c,210}"
CE0x4384400 "{CE0x4384400|current_has_perm:_call1|security/selinux/hooks.c,1543}"
CE0x434b0f0 "{CE0x434b0f0|current_has_perm:_call1|security/selinux/hooks.c,1543|*SummSink*}"
CONST[source:0(mediator),value:2(dynamic)][purpose:{object}]


CONST[source:2(external),value:2(dynamic)][purpose:{subject}]  ->  CONST[source:0(mediator),value:2(dynamic)][purpose:{subject}]
-----------
CONST[source:2(external),value:2(dynamic)][purpose:{subject}]
CE0x4405a80 "{CE0x4405a80|COLLAPSED:_CMRE:_elem_0::|security/selinux/hooks.c,218}"
CE0x4405c00 "{CE0x4405c00|current_sid:_tmp22|security/selinux/hooks.c,218}"
CE0x4406160 "{CE0x4406160|current_sid:_tmp23|security/selinux/hooks.c,218}"
CE0x4406a30 "{CE0x4406a30|current_sid:_sid|security/selinux/hooks.c,220}"
CE0x4407a10 "{CE0x4407a10|current_sid:_tmp24|security/selinux/hooks.c,220}"
CE0x434a880 "{CE0x434a880|_ret_i32_%tmp24,_!dbg_!27742|security/selinux/hooks.c,220}"
CE0x4351a40 "{CE0x4351a40|current_has_perm:_call|security/selinux/hooks.c,1542}"
CE0x4351c50 "{CE0x4351c50|current_has_perm:_call|security/selinux/hooks.c,1542|*SummSink*}"
CONST[source:0(mediator),value:2(dynamic)][purpose:{subject}]



implicit:
CONST[source:1(input),value:2(dynamic)][purpose:{object}]  ->  CONST[source:0(mediator),value:2(dynamic)][purpose:{object}]
-----------
CONST[source:1(input),value:2(dynamic)][purpose:{object}]
CE0x432fd70 "{CE0x432fd70|2472:_%struct.cred*,_:_CRE_2472,2480_|*MultipleSource*|Function::current_has_perm&Arg::tsk::|Function::selinux_getprocattr&Arg::p::|security/selinux/hooks.c,5526}"
CE0x43d2eb0 "{CE0x43d2eb0|task_sid:_tmp4|*LoadInst*|security/selinux/hooks.c,208}"
CE0x44a7a60 "{CE0x44a7a60|cred_sid:_cred|Function::cred_sid&Arg::cred::}"
CE0x445d8d0 "{CE0x445d8d0|cred_sid:_security|security/selinux/hooks.c,196}"
CE0x44a5df0 "{CE0x44a5df0|cred_sid:_tmp4|*LoadInst*|security/selinux/hooks.c,196}"
CE0x44a1b30 "{CE0x44a1b30|cred_sid:_tmp5|security/selinux/hooks.c,196}"
CE0x4461830 "{CE0x4461830|cred_sid:_sid|security/selinux/hooks.c,197}"
CE0x44af680 "{CE0x44af680|cred_sid:_tmp6|security/selinux/hooks.c,197}"
CE0x44a7dd0 "{CE0x44a7dd0|_ret_i32_%tmp6,_!dbg_!27716|security/selinux/hooks.c,197}"
CE0x44a6d60 "{CE0x44a6d60|task_sid:_call7|security/selinux/hooks.c,208}"
CE0x4378cd0 "{CE0x4378cd0|_ret_i32_%call7,_!dbg_!27749|security/selinux/hooks.c,210}"
CE0x4384400 "{CE0x4384400|current_has_perm:_call1|security/selinux/hooks.c,1543}"
CE0x434b0f0 "{CE0x434b0f0|current_has_perm:_call1|security/selinux/hooks.c,1543|*SummSink*}"
CONST[source:0(mediator),value:2(dynamic)][purpose:{object}]


CONST[source:2(external),value:2(dynamic)][purpose:{subject}]  ->  CONST[source:0(mediator),value:2(dynamic)][purpose:{subject}]
-----------
CONST[source:2(external),value:2(dynamic)][purpose:{subject}]
CE0x43c5970 "{CE0x43c5970|COLLAPSED:_GCMRE_current_task_external_global_%struct.task_struct*:_elem_0:default:}"
CE0x4405c00 "{CE0x4405c00|current_sid:_tmp22|security/selinux/hooks.c,218}"
CE0x4406160 "{CE0x4406160|current_sid:_tmp23|security/selinux/hooks.c,218}"
CE0x4406a30 "{CE0x4406a30|current_sid:_sid|security/selinux/hooks.c,220}"
CE0x4407a10 "{CE0x4407a10|current_sid:_tmp24|security/selinux/hooks.c,220}"
CE0x434a880 "{CE0x434a880|_ret_i32_%tmp24,_!dbg_!27742|security/selinux/hooks.c,220}"
CE0x4351a40 "{CE0x4351a40|current_has_perm:_call|security/selinux/hooks.c,1542}"
CE0x4351c50 "{CE0x4351c50|current_has_perm:_call|security/selinux/hooks.c,1542|*SummSink*}"
CONST[source:0(mediator),value:2(dynamic)][purpose:{subject}]


