[selinux_task_setrlimit]

explicit:
CONST[source:2(external),value:2(dynamic)][purpose:{subject}][SrcIdx:5]  ->  CONST[source:0(mediator),value:2(dynamic)][purpose:{subject}][SnkIdx:0]
-----------
CONST[source:2(external),value:2(dynamic)][purpose:{subject}][SrcIdx:5]
CE0x4703bb0 "{CE0x4703bb0|COLLAPSED:_CMRE:_elem_0::|security/selinux/hooks.c,218}"
CE0x4704150 "{CE0x4704150|current_sid:tmp22|security/selinux/hooks.c,218}"
CE0x470dd10 "{CE0x470dd10|current_sid:tmp23|security/selinux/hooks.c,218}"
CE0x470e6c0 "{CE0x470e6c0|current_sid:sid|security/selinux/hooks.c,220}"
CE0x470f590 "{CE0x470f590|current_sid:tmp24|security/selinux/hooks.c,220}"
CE0x467d5e0 "{CE0x467d5e0|_ret_i32_%tmp24,_!dbg_!27742|security/selinux/hooks.c,220}"
CE0x467ca50 "{CE0x467ca50|current_has_perm:call|security/selinux/hooks.c,1542}"
CE0x467cd50 "{CE0x467cd50|current_has_perm:call|security/selinux/hooks.c,1542|*SummSink*}"
CONST[source:0(mediator),value:2(dynamic)][purpose:{subject}][SnkIdx:0]


CONST[source:1(input),value:2(dynamic)][purpose:{object}][SrcIdx:1]  ->  CONST[source:0(mediator),value:2(dynamic)][purpose:{object}][SnkIdx:1]
-----------
CONST[source:1(input),value:2(dynamic)][purpose:{object}][SrcIdx:1]
CE0x466b0d0 "{CE0x466b0d0|2472:_%struct.cred*,_2752:_%struct.signal_struct*,_:_CRE_2472,2480_|*MultipleSource*|Function::selinux_task_setrlimit&Arg::p::|security/selinux/hooks.c,3622}"
CE0x46f8730 "{CE0x46f8730|task_sid:tmp4|*LoadInst*|security/selinux/hooks.c,208}"
CE0x473a370 "{CE0x473a370|cred_sid:cred|Function::cred_sid&Arg::cred::}"
CE0x47636a0 "{CE0x47636a0|cred_sid:security|security/selinux/hooks.c,196}"
CE0x46d5c40 "{CE0x46d5c40|cred_sid:tmp4|*LoadInst*|security/selinux/hooks.c,196}"
CE0x46da5e0 "{CE0x46da5e0|cred_sid:tmp5|security/selinux/hooks.c,196}"
CE0x4748900 "{CE0x4748900|cred_sid:sid|security/selinux/hooks.c,197}"
CE0x47497e0 "{CE0x47497e0|cred_sid:tmp6|security/selinux/hooks.c,197}"
CE0x473a6d0 "{CE0x473a6d0|_ret_i32_%tmp6,_!dbg_!27716|security/selinux/hooks.c,197}"
CE0x470d6a0 "{CE0x470d6a0|task_sid:call7|security/selinux/hooks.c,208}"
CE0x46d3100 "{CE0x46d3100|_ret_i32_%call7,_!dbg_!27749|security/selinux/hooks.c,210}"
CE0x46e4e40 "{CE0x46e4e40|current_has_perm:call1|security/selinux/hooks.c,1543}"
CE0x46e4b90 "{CE0x46e4b90|current_has_perm:call1|security/selinux/hooks.c,1543|*SummSink*}"
CONST[source:0(mediator),value:2(dynamic)][purpose:{object}][SnkIdx:1]



implicit:
CONST[source:1(input),value:2(dynamic)][purpose:{object}][SrcIdx:2]  ->  CONST[source:0(mediator),value:2(dynamic)][purpose:{object}][SnkIdx:1]
-----------
CONST[source:1(input),value:2(dynamic)][purpose:{object}][SrcIdx:2]
CE0x46de470 "{CE0x46de470|selinux_task_setrlimit:resource|Function::selinux_task_setrlimit&Arg::resource::|*SummSource*}"
CE0x46de180 "{CE0x46de180|selinux_task_setrlimit:resource|Function::selinux_task_setrlimit&Arg::resource::}"
CE0x46de9b0 "{CE0x46de9b0|selinux_task_setrlimit:idx.ext|security/selinux/hooks.c,3622}"
CE0x46dec90 "{CE0x46dec90|selinux_task_setrlimit:add.ptr|security/selinux/hooks.c,3622}"
CE0x46dfff0 "{CE0x46dfff0|selinux_task_setrlimit:rlim_max|security/selinux/hooks.c,3628}"
CE0x465c4c0 "{CE0x465c4c0|selinux_task_setrlimit:tmp3|security/selinux/hooks.c,3628}"
CE0x46e2a40 "{CE0x46e2a40|selinux_task_setrlimit:cmp|security/selinux/hooks.c,3628}"
CE0x46636b0 "{CE0x46636b0|selinux_task_setrlimit:if.then}"
CE0x46d66a0 "{CE0x46d66a0|current_has_perm:entry}"
CE0x46cf150 "{CE0x46cf150|current_has_perm:bb}"
CE0x46e4e40 "{CE0x46e4e40|current_has_perm:call1|security/selinux/hooks.c,1543}"
CE0x46e4b90 "{CE0x46e4b90|current_has_perm:call1|security/selinux/hooks.c,1543|*SummSink*}"
CONST[source:0(mediator),value:2(dynamic)][purpose:{object}][SnkIdx:1]


CONST[source:1(input),value:2(dynamic)][purpose:{object}][SrcIdx:2]  ->  CONST[source:0(mediator),value:2(dynamic)][purpose:{subject}][SnkIdx:0]
-----------
CONST[source:1(input),value:2(dynamic)][purpose:{object}][SrcIdx:2]
CE0x46de470 "{CE0x46de470|selinux_task_setrlimit:resource|Function::selinux_task_setrlimit&Arg::resource::|*SummSource*}"
CE0x46de180 "{CE0x46de180|selinux_task_setrlimit:resource|Function::selinux_task_setrlimit&Arg::resource::}"
CE0x46de9b0 "{CE0x46de9b0|selinux_task_setrlimit:idx.ext|security/selinux/hooks.c,3622}"
CE0x46dec90 "{CE0x46dec90|selinux_task_setrlimit:add.ptr|security/selinux/hooks.c,3622}"
CE0x46dfff0 "{CE0x46dfff0|selinux_task_setrlimit:rlim_max|security/selinux/hooks.c,3628}"
CE0x465c4c0 "{CE0x465c4c0|selinux_task_setrlimit:tmp3|security/selinux/hooks.c,3628}"
CE0x46e2a40 "{CE0x46e2a40|selinux_task_setrlimit:cmp|security/selinux/hooks.c,3628}"
CE0x46636b0 "{CE0x46636b0|selinux_task_setrlimit:if.then}"
CE0x46d66a0 "{CE0x46d66a0|current_has_perm:entry}"
CE0x46cf150 "{CE0x46cf150|current_has_perm:bb}"
CE0x467ca50 "{CE0x467ca50|current_has_perm:call|security/selinux/hooks.c,1542}"
CE0x467cd50 "{CE0x467cd50|current_has_perm:call|security/selinux/hooks.c,1542|*SummSink*}"
CONST[source:0(mediator),value:2(dynamic)][purpose:{subject}][SnkIdx:0]


CONST[source:1(input),value:2(dynamic)][purpose:{object}][SrcIdx:3]  ->  CONST[source:0(mediator),value:2(dynamic)][purpose:{object}][SnkIdx:1]
-----------
CONST[source:1(input),value:2(dynamic)][purpose:{object}][SrcIdx:3]
CE0x4665af0 "{CE0x4665af0|8:_i64,_:_CRE_8,16_|*MultipleSource*|security/selinux/hooks.c,3628|Function::selinux_task_setrlimit&Arg::new_rlim::}"
CE0x4665580 "{CE0x4665580|selinux_task_setrlimit:tmp4|*LoadInst*|security/selinux/hooks.c,3628}"
CE0x46e2a40 "{CE0x46e2a40|selinux_task_setrlimit:cmp|security/selinux/hooks.c,3628}"
CE0x46636b0 "{CE0x46636b0|selinux_task_setrlimit:if.then}"
CE0x46d66a0 "{CE0x46d66a0|current_has_perm:entry}"
CE0x46cf150 "{CE0x46cf150|current_has_perm:bb}"
CE0x46e4e40 "{CE0x46e4e40|current_has_perm:call1|security/selinux/hooks.c,1543}"
CE0x46e4b90 "{CE0x46e4b90|current_has_perm:call1|security/selinux/hooks.c,1543|*SummSink*}"
CONST[source:0(mediator),value:2(dynamic)][purpose:{object}][SnkIdx:1]


CONST[source:1(input),value:2(dynamic)][purpose:{object}][SrcIdx:3]  ->  CONST[source:0(mediator),value:2(dynamic)][purpose:{subject}][SnkIdx:0]
-----------
CONST[source:1(input),value:2(dynamic)][purpose:{object}][SrcIdx:3]
CE0x4665af0 "{CE0x4665af0|8:_i64,_:_CRE_8,16_|*MultipleSource*|security/selinux/hooks.c,3628|Function::selinux_task_setrlimit&Arg::new_rlim::}"
CE0x4665580 "{CE0x4665580|selinux_task_setrlimit:tmp4|*LoadInst*|security/selinux/hooks.c,3628}"
CE0x46e2a40 "{CE0x46e2a40|selinux_task_setrlimit:cmp|security/selinux/hooks.c,3628}"
CE0x46636b0 "{CE0x46636b0|selinux_task_setrlimit:if.then}"
CE0x46d66a0 "{CE0x46d66a0|current_has_perm:entry}"
CE0x46cf150 "{CE0x46cf150|current_has_perm:bb}"
CE0x467ca50 "{CE0x467ca50|current_has_perm:call|security/selinux/hooks.c,1542}"
CE0x467cd50 "{CE0x467cd50|current_has_perm:call|security/selinux/hooks.c,1542|*SummSink*}"
CONST[source:0(mediator),value:2(dynamic)][purpose:{subject}][SnkIdx:0]


CONST[source:1(input),value:2(dynamic)][purpose:{object}][SrcIdx:1]  ->  CONST[source:0(mediator),value:2(dynamic)][purpose:{object}][SnkIdx:1]
-----------
CONST[source:1(input),value:2(dynamic)][purpose:{object}][SrcIdx:1]
CE0x46e5f30 "{CE0x46e5f30|COLLAPSED:_CRE:_elem_0::|security/selinux/hooks.c,3622}"
CE0x465c4c0 "{CE0x465c4c0|selinux_task_setrlimit:tmp3|security/selinux/hooks.c,3628}"
CE0x46e2a40 "{CE0x46e2a40|selinux_task_setrlimit:cmp|security/selinux/hooks.c,3628}"
CE0x46636b0 "{CE0x46636b0|selinux_task_setrlimit:if.then}"
CE0x46d66a0 "{CE0x46d66a0|current_has_perm:entry}"
CE0x46cf150 "{CE0x46cf150|current_has_perm:bb}"
CE0x46e4e40 "{CE0x46e4e40|current_has_perm:call1|security/selinux/hooks.c,1543}"
CE0x46e4b90 "{CE0x46e4b90|current_has_perm:call1|security/selinux/hooks.c,1543|*SummSink*}"
CONST[source:0(mediator),value:2(dynamic)][purpose:{object}][SnkIdx:1]


CONST[source:1(input),value:2(dynamic)][purpose:{object}][SrcIdx:1]  ->  CONST[source:0(mediator),value:2(dynamic)][purpose:{subject}][SnkIdx:0]
-----------
CONST[source:1(input),value:2(dynamic)][purpose:{object}][SrcIdx:1]
CE0x46e5f30 "{CE0x46e5f30|COLLAPSED:_CRE:_elem_0::|security/selinux/hooks.c,3622}"
CE0x465c4c0 "{CE0x465c4c0|selinux_task_setrlimit:tmp3|security/selinux/hooks.c,3628}"
CE0x46e2a40 "{CE0x46e2a40|selinux_task_setrlimit:cmp|security/selinux/hooks.c,3628}"
CE0x46636b0 "{CE0x46636b0|selinux_task_setrlimit:if.then}"
CE0x46d66a0 "{CE0x46d66a0|current_has_perm:entry}"
CE0x46cf150 "{CE0x46cf150|current_has_perm:bb}"
CE0x467ca50 "{CE0x467ca50|current_has_perm:call|security/selinux/hooks.c,1542}"
CE0x467cd50 "{CE0x467cd50|current_has_perm:call|security/selinux/hooks.c,1542|*SummSink*}"
CONST[source:0(mediator),value:2(dynamic)][purpose:{subject}][SnkIdx:0]


CONST[source:2(external),value:2(dynamic)][purpose:{subject}][SrcIdx:5]  ->  CONST[source:0(mediator),value:2(dynamic)][purpose:{subject}][SnkIdx:0]
-----------
CONST[source:2(external),value:2(dynamic)][purpose:{subject}][SrcIdx:5]
CE0x4702e10 "{CE0x4702e10|COLLAPSED:_GCMRE_current_task_external_global_%struct.task_struct*:_elem_0::|security/selinux/hooks.c,218}"
CE0x4704150 "{CE0x4704150|current_sid:tmp22|security/selinux/hooks.c,218}"
CE0x470dd10 "{CE0x470dd10|current_sid:tmp23|security/selinux/hooks.c,218}"
CE0x470e6c0 "{CE0x470e6c0|current_sid:sid|security/selinux/hooks.c,220}"
CE0x470f590 "{CE0x470f590|current_sid:tmp24|security/selinux/hooks.c,220}"
CE0x467d5e0 "{CE0x467d5e0|_ret_i32_%tmp24,_!dbg_!27742|security/selinux/hooks.c,220}"
CE0x467ca50 "{CE0x467ca50|current_has_perm:call|security/selinux/hooks.c,1542}"
CE0x467cd50 "{CE0x467cd50|current_has_perm:call|security/selinux/hooks.c,1542|*SummSink*}"
CONST[source:0(mediator),value:2(dynamic)][purpose:{subject}][SnkIdx:0]


