[selinux_msg_queue_alloc_security]

explicit:
CONST[source:1(input),value:2(dynamic)][purpose:{object}][SrcIdx:1]  ->  CONST[source:0(mediator),value:2(dynamic)][purpose:{object}]
-----------
CONST[source:1(input),value:2(dynamic)][purpose:{object}][SrcIdx:1]
CE0x57df650 "{CE0x57df650|80:_i32,_112:_i8*,_:_CMRE_112,120_|*MultipleSource*|Function::selinux_msg_queue_alloc_security&Arg::msq::|security/selinux/hooks.c,5157}"
CE0x57f08a0 "{CE0x57f08a0|selinux_msg_queue_alloc_security:tmp8|security/selinux/hooks.c,5161}"
CE0x57f09a0 "{CE0x57f09a0|selinux_msg_queue_alloc_security:tmp9|security/selinux/hooks.c,5161}"
CE0x580f740 "{CE0x580f740|selinux_msg_queue_alloc_security:sid5|security/selinux/hooks.c,5166}"
CE0x580e740 "{CE0x580e740|selinux_msg_queue_alloc_security:tmp11|security/selinux/hooks.c,5166}"
CE0x580ba80 "{CE0x580ba80|selinux_msg_queue_alloc_security:tmp11|security/selinux/hooks.c,5166|*SummSink*}"
CONST[source:0(mediator),value:2(dynamic)][purpose:{object}]


CONST[source:2(external),value:0(static)][purpose:{operation}][SrcIdx:0]  ->  CONST[source:0(mediator),value:2(dynamic)][purpose:{object}]
-----------
CONST[source:2(external),value:0(static)][purpose:{operation}][SrcIdx:0]
CE0x57be890 "{CE0x57be890|i32_32768|*Constant*}"
CE0x582ccc0 "{CE0x582ccc0|kzalloc:or|include/linux/slab.h,578}"
CE0x58628e0 "{CE0x58628e0|kmalloc:flags|Function::kmalloc&Arg::flags::}"
CE0x580e5e0 "{CE0x580e5e0|0:_i16,_4:_i32,_:_CMRE_4,8_|*MultipleSource*|security/selinux/hooks.c,5166|security/selinux/hooks.c,5161|security/selinux/hooks.c,5161}"
CE0x580e740 "{CE0x580e740|selinux_msg_queue_alloc_security:tmp11|security/selinux/hooks.c,5166}"
CE0x580ba80 "{CE0x580ba80|selinux_msg_queue_alloc_security:tmp11|security/selinux/hooks.c,5166|*SummSink*}"
CONST[source:0(mediator),value:2(dynamic)][purpose:{object}]


CONST[source:2(external),value:2(dynamic)][purpose:{subject}][SrcIdx:2]  ->  CONST[source:0(mediator),value:2(dynamic)][purpose:{object}]
-----------
CONST[source:2(external),value:2(dynamic)][purpose:{subject}][SrcIdx:2]
CE0x583a7a0 "{CE0x583a7a0|COLLAPSED:_CMRE:_elem_0::|security/selinux/hooks.c,218}"
CE0x5814480 "{CE0x5814480|cred_sid:tmp4|*LoadInst*|security/selinux/hooks.c,196}"
CE0x583f480 "{CE0x583f480|cred_sid:tmp5|security/selinux/hooks.c,196}"
CE0x5859220 "{CE0x5859220|cred_sid:sid|security/selinux/hooks.c,197}"
CE0x587bc10 "{CE0x587bc10|cred_sid:tmp6|security/selinux/hooks.c,197}"
CE0x5879830 "{CE0x5879830|_ret_i32_%tmp6,_!dbg_!27716|security/selinux/hooks.c,197}"
CE0x5878170 "{CE0x5878170|task_sid:call7|security/selinux/hooks.c,208}"
CE0x5830570 "{CE0x5830570|_ret_i32_%call7,_!dbg_!27749|security/selinux/hooks.c,210}"
CE0x5842440 "{CE0x5842440|ipc_alloc_security:call1|security/selinux/hooks.c,5087}"
CE0x580e5e0 "{CE0x580e5e0|0:_i16,_4:_i32,_:_CMRE_4,8_|*MultipleSource*|security/selinux/hooks.c,5166|security/selinux/hooks.c,5161|security/selinux/hooks.c,5161}"
CE0x580e740 "{CE0x580e740|selinux_msg_queue_alloc_security:tmp11|security/selinux/hooks.c,5166}"
CE0x580ba80 "{CE0x580ba80|selinux_msg_queue_alloc_security:tmp11|security/selinux/hooks.c,5166|*SummSink*}"
CONST[source:0(mediator),value:2(dynamic)][purpose:{object}]


CONST[source:2(external),value:2(dynamic)][purpose:{subject}][SrcIdx:2]  ->  CONST[source:0(mediator),value:2(dynamic)][purpose:{subject}]
-----------
CONST[source:2(external),value:2(dynamic)][purpose:{subject}][SrcIdx:2]
CE0x583a7a0 "{CE0x583a7a0|COLLAPSED:_CMRE:_elem_0::|security/selinux/hooks.c,218}"
CE0x583adc0 "{CE0x583adc0|current_sid:tmp22|security/selinux/hooks.c,218}"
CE0x583b0b0 "{CE0x583b0b0|current_sid:tmp23|security/selinux/hooks.c,218}"
CE0x583ba80 "{CE0x583ba80|current_sid:sid|security/selinux/hooks.c,220}"
CE0x583c8b0 "{CE0x583c8b0|current_sid:tmp24|security/selinux/hooks.c,220}"
CE0x57de830 "{CE0x57de830|_ret_i32_%tmp24,_!dbg_!27742|security/selinux/hooks.c,220}"
CE0x57ce600 "{CE0x57ce600|selinux_msg_queue_alloc_security:call|security/selinux/hooks.c,5154}"
CE0x57b30c0 "{CE0x57b30c0|selinux_msg_queue_alloc_security:call|security/selinux/hooks.c,5154|*SummSink*}"
CONST[source:0(mediator),value:2(dynamic)][purpose:{subject}]



implicit:
CONST[source:1(input),value:2(dynamic)][purpose:{object}][SrcIdx:1]  ->  CONST[source:0(mediator),value:2(dynamic)][purpose:{object}]
-----------
CONST[source:1(input),value:2(dynamic)][purpose:{object}][SrcIdx:1]
CE0x57df650 "{CE0x57df650|80:_i32,_112:_i8*,_:_CMRE_112,120_|*MultipleSource*|Function::selinux_msg_queue_alloc_security&Arg::msq::|security/selinux/hooks.c,5157}"
CE0x57f08a0 "{CE0x57f08a0|selinux_msg_queue_alloc_security:tmp8|security/selinux/hooks.c,5161}"
CE0x57f09a0 "{CE0x57f09a0|selinux_msg_queue_alloc_security:tmp9|security/selinux/hooks.c,5161}"
CE0x580f740 "{CE0x580f740|selinux_msg_queue_alloc_security:sid5|security/selinux/hooks.c,5166}"
CE0x580e740 "{CE0x580e740|selinux_msg_queue_alloc_security:tmp11|security/selinux/hooks.c,5166}"
CE0x580ba80 "{CE0x580ba80|selinux_msg_queue_alloc_security:tmp11|security/selinux/hooks.c,5166|*SummSink*}"
CONST[source:0(mediator),value:2(dynamic)][purpose:{object}]


CONST[source:2(external),value:0(static)][purpose:{operation}][SrcIdx:0]  ->  CONST[source:0(mediator),value:2(dynamic)][purpose:{object}]
-----------
CONST[source:2(external),value:0(static)][purpose:{operation}][SrcIdx:0]
CE0x57be890 "{CE0x57be890|i32_32768|*Constant*}"
CE0x582ccc0 "{CE0x582ccc0|kzalloc:or|include/linux/slab.h,578}"
CE0x58628e0 "{CE0x58628e0|kmalloc:flags|Function::kmalloc&Arg::flags::}"
CE0x580e5e0 "{CE0x580e5e0|0:_i16,_4:_i32,_:_CMRE_4,8_|*MultipleSource*|security/selinux/hooks.c,5166|security/selinux/hooks.c,5161|security/selinux/hooks.c,5161}"
CE0x580e740 "{CE0x580e740|selinux_msg_queue_alloc_security:tmp11|security/selinux/hooks.c,5166}"
CE0x580ba80 "{CE0x580ba80|selinux_msg_queue_alloc_security:tmp11|security/selinux/hooks.c,5166|*SummSink*}"
CONST[source:0(mediator),value:2(dynamic)][purpose:{object}]


CONST[source:2(external),value:2(dynamic)][purpose:{subject}][SrcIdx:2]  ->  CONST[source:0(mediator),value:2(dynamic)][purpose:{subject}]
-----------
CONST[source:2(external),value:2(dynamic)][purpose:{subject}][SrcIdx:2]
CE0x583a7a0 "{CE0x583a7a0|COLLAPSED:_CMRE:_elem_0::|security/selinux/hooks.c,218}"
CE0x583adc0 "{CE0x583adc0|current_sid:tmp22|security/selinux/hooks.c,218}"
CE0x583b0b0 "{CE0x583b0b0|current_sid:tmp23|security/selinux/hooks.c,218}"
CE0x583ba80 "{CE0x583ba80|current_sid:sid|security/selinux/hooks.c,220}"
CE0x583c8b0 "{CE0x583c8b0|current_sid:tmp24|security/selinux/hooks.c,220}"
CE0x57de830 "{CE0x57de830|_ret_i32_%tmp24,_!dbg_!27742|security/selinux/hooks.c,220}"
CE0x57ce600 "{CE0x57ce600|selinux_msg_queue_alloc_security:call|security/selinux/hooks.c,5154}"
CE0x57b30c0 "{CE0x57b30c0|selinux_msg_queue_alloc_security:call|security/selinux/hooks.c,5154|*SummSink*}"
CONST[source:0(mediator),value:2(dynamic)][purpose:{subject}]


CONST[source:2(external),value:2(dynamic)][purpose:{subject}][SrcIdx:2]  ->  CONST[source:0(mediator),value:2(dynamic)][purpose:{object}]
-----------
CONST[source:2(external),value:2(dynamic)][purpose:{subject}][SrcIdx:2]
CE0x583a7a0 "{CE0x583a7a0|COLLAPSED:_CMRE:_elem_0::|security/selinux/hooks.c,218}"
CE0x5814480 "{CE0x5814480|cred_sid:tmp4|*LoadInst*|security/selinux/hooks.c,196}"
CE0x583f480 "{CE0x583f480|cred_sid:tmp5|security/selinux/hooks.c,196}"
CE0x5859220 "{CE0x5859220|cred_sid:sid|security/selinux/hooks.c,197}"
CE0x587bc10 "{CE0x587bc10|cred_sid:tmp6|security/selinux/hooks.c,197}"
CE0x5879830 "{CE0x5879830|_ret_i32_%tmp6,_!dbg_!27716|security/selinux/hooks.c,197}"
CE0x5878170 "{CE0x5878170|task_sid:call7|security/selinux/hooks.c,208}"
CE0x5830570 "{CE0x5830570|_ret_i32_%call7,_!dbg_!27749|security/selinux/hooks.c,210}"
CE0x5842440 "{CE0x5842440|ipc_alloc_security:call1|security/selinux/hooks.c,5087}"
CE0x580e5e0 "{CE0x580e5e0|0:_i16,_4:_i32,_:_CMRE_4,8_|*MultipleSource*|security/selinux/hooks.c,5166|security/selinux/hooks.c,5161|security/selinux/hooks.c,5161}"
CE0x580e740 "{CE0x580e740|selinux_msg_queue_alloc_security:tmp11|security/selinux/hooks.c,5166}"
CE0x580ba80 "{CE0x580ba80|selinux_msg_queue_alloc_security:tmp11|security/selinux/hooks.c,5166|*SummSink*}"
CONST[source:0(mediator),value:2(dynamic)][purpose:{object}]


