[selinux_inode_rename]

explicit:
CONST[source:1(input),value:2(dynamic)][purpose:{object}][SrcIdx:11]  ->  CONST[source:0(mediator),value:2(dynamic)][purpose:{object}][SnkIdx:13]
-----------
CONST[source:1(input),value:2(dynamic)][purpose:{object}][SrcIdx:11]
CE0x9f09320 "{CE0x9f09320|VOIDTB_TE:_IE:_elem_0:default:}"
CE0x9f0a8c0 "{CE0x9f0a8c0|tmp51}"
CE0x9f0abb0 "{CE0x9f0abb0|tmp51}"
CONST[source:0(mediator),value:2(dynamic)][purpose:{object}][SnkIdx:13]


CONST[source:1(input),value:2(dynamic)][purpose:{object}][SrcIdx:11]  ->  CONST[source:0(mediator),value:2(dynamic)][purpose:{subject}][SnkIdx:0]
-----------
CONST[source:1(input),value:2(dynamic)][purpose:{object}][SrcIdx:11]
CE0x9f09320 "{CE0x9f09320|VOIDTB_TE:_IE:_elem_0:default:}"
CE0x9f5c8d0 "{CE0x9f5c8d0|tmp24}"
CE0x9f08950 "{CE0x9f08950|_ret_i32_%tmp24,_!dbg_!27742}"
CE0x9f08190 "{CE0x9f08190|call}"
CE0x9f085e0 "{CE0x9f085e0|call}"
CONST[source:0(mediator),value:2(dynamic)][purpose:{subject}][SnkIdx:0]


CONST[source:1(input),value:2(dynamic)][purpose:{object}][SrcIdx:11]  ->  CONST[source:0(mediator),value:2(dynamic)][purpose:{object}][SnkIdx:1]
-----------
CONST[source:1(input),value:2(dynamic)][purpose:{object}][SrcIdx:11]
CE0x9f09320 "{CE0x9f09320|VOIDTB_TE:_IE:_elem_0:default:}"
CE0x9f343c0 "{CE0x9f343c0|tmp11}"
CE0x9f34650 "{CE0x9f34650|tmp11}"
CONST[source:0(mediator),value:2(dynamic)][purpose:{object}][SnkIdx:1]


CONST[source:1(input),value:2(dynamic)][purpose:{object}][SrcIdx:11]  ->  CONST[source:0(mediator),value:0(static)][purpose:{operation}][SnkIdx:19]
-----------
CONST[source:1(input),value:2(dynamic)][purpose:{object}][SrcIdx:11]
CE0x9f09320 "{CE0x9f09320|VOIDTB_TE:_IE:_elem_0:default:}"
CE0x9f303e0 "{CE0x9f303e0|tmp67}"
CE0x9f305f0 "{CE0x9f305f0|conv43}"
CE0x9f30800 "{CE0x9f30800|and44}"
CE0x9f30a70 "{CE0x9f30a70|cmp45}"
CE0x9f30cb0 "{CE0x9f30cb0|conv46}"
CE0x9fa2d30 "{CE0x9fa2d30|tobool49}"
CE0x9fa32b0 "{CE0x9fa32b0|cond}"
CE0x9fa3390 "{CE0x9fa3390|conv50}"
CE0x9fa34d0 "{CE0x9fa34d0|conv50}"
CONST[source:0(mediator),value:0(static)][purpose:{operation}][SnkIdx:19]


CONST[source:1(input),value:2(dynamic)][purpose:{object}][SrcIdx:11]  ->  CONST[source:0(mediator),value:2(dynamic)][purpose:{object}][SnkIdx:17]
-----------
CONST[source:1(input),value:2(dynamic)][purpose:{object}][SrcIdx:11]
CE0x9f09320 "{CE0x9f09320|VOIDTB_TE:_IE:_elem_0:default:}"
CE0x9fa27c0 "{CE0x9fa27c0|tmp68}"
CE0x9fa2900 "{CE0x9fa2900|tmp68}"
CONST[source:0(mediator),value:2(dynamic)][purpose:{object}][SnkIdx:17]


CONST[source:1(input),value:2(dynamic)][purpose:{object}][SrcIdx:11]  ->  CONST[source:0(mediator),value:2(dynamic)][purpose:{object}][SnkIdx:9]
-----------
CONST[source:1(input),value:2(dynamic)][purpose:{object}][SrcIdx:11]
CE0x9f09320 "{CE0x9f09320|VOIDTB_TE:_IE:_elem_0:default:}"
CE0x9f58c40 "{CE0x9f58c40|tmp34}"
CE0x9f58d20 "{CE0x9f58d20|tmp34}"
CONST[source:0(mediator),value:2(dynamic)][purpose:{object}][SnkIdx:9]


CONST[source:1(input),value:2(dynamic)][purpose:{object}][SrcIdx:11]  ->  CONST[source:0(mediator),value:2(dynamic)][purpose:{subject}][SnkIdx:12]
-----------
CONST[source:1(input),value:2(dynamic)][purpose:{object}][SrcIdx:11]
CE0x9f09320 "{CE0x9f09320|VOIDTB_TE:_IE:_elem_0:default:}"
CE0x9f5c8d0 "{CE0x9f5c8d0|tmp24}"
CE0x9f08950 "{CE0x9f08950|_ret_i32_%tmp24,_!dbg_!27742}"
CE0x9f08190 "{CE0x9f08190|call}"
CE0x9f085e0 "{CE0x9f085e0|call}"
CONST[source:0(mediator),value:2(dynamic)][purpose:{subject}][SnkIdx:12]


CONST[source:1(input),value:2(dynamic)][purpose:{object}][SrcIdx:11]  ->  CONST[source:0(mediator),value:2(dynamic)][purpose:{object}][SnkIdx:5]
-----------
CONST[source:1(input),value:2(dynamic)][purpose:{object}][SrcIdx:11]
CE0x9f09320 "{CE0x9f09320|VOIDTB_TE:_IE:_elem_0:default:}"
CE0x9eff0e0 "{CE0x9eff0e0|tmp18}"
CE0x9eff1c0 "{CE0x9eff1c0|tmp18}"
CONST[source:0(mediator),value:2(dynamic)][purpose:{object}][SnkIdx:5]


CONST[source:1(input),value:2(dynamic)][purpose:{object}][SrcIdx:11]  ->  CONST[source:0(mediator),value:2(dynamic)][purpose:{object}][SnkIdx:18]
-----------
CONST[source:1(input),value:2(dynamic)][purpose:{object}][SrcIdx:11]
CE0x9f09320 "{CE0x9f09320|VOIDTB_TE:_IE:_elem_0:default:}"
CE0x9fa2b20 "{CE0x9fa2b20|tmp69}"
CE0x9fa2cc0 "{CE0x9fa2cc0|tmp69}"
CONST[source:0(mediator),value:2(dynamic)][purpose:{object}][SnkIdx:18]


CONST[source:1(input),value:2(dynamic)][purpose:{object}][SrcIdx:11]  ->  CONST[source:0(mediator),value:2(dynamic)][purpose:{subject}][SnkIdx:8]
-----------
CONST[source:1(input),value:2(dynamic)][purpose:{object}][SrcIdx:11]
CE0x9f09320 "{CE0x9f09320|VOIDTB_TE:_IE:_elem_0:default:}"
CE0x9f5c8d0 "{CE0x9f5c8d0|tmp24}"
CE0x9f08950 "{CE0x9f08950|_ret_i32_%tmp24,_!dbg_!27742}"
CE0x9f08190 "{CE0x9f08190|call}"
CE0x9f085e0 "{CE0x9f085e0|call}"
CONST[source:0(mediator),value:2(dynamic)][purpose:{subject}][SnkIdx:8]


CONST[source:1(input),value:2(dynamic)][purpose:{object}][SrcIdx:11]  ->  CONST[source:0(mediator),value:2(dynamic)][purpose:{object}][SnkIdx:10]
-----------
CONST[source:1(input),value:2(dynamic)][purpose:{object}][SrcIdx:11]
CE0x9f09320 "{CE0x9f09320|VOIDTB_TE:_IE:_elem_0:default:}"
CE0x9f58fa0 "{CE0x9f58fa0|tmp35}"
CE0x9f591d0 "{CE0x9f591d0|tmp35}"
CONST[source:0(mediator),value:2(dynamic)][purpose:{object}][SnkIdx:10]


CONST[source:1(input),value:2(dynamic)][purpose:{object}][SrcIdx:11]  ->  CONST[source:0(mediator),value:2(dynamic)][purpose:{subject}][SnkIdx:4]
-----------
CONST[source:1(input),value:2(dynamic)][purpose:{object}][SrcIdx:11]
CE0x9f09320 "{CE0x9f09320|VOIDTB_TE:_IE:_elem_0:default:}"
CE0x9f5c8d0 "{CE0x9f5c8d0|tmp24}"
CE0x9f08950 "{CE0x9f08950|_ret_i32_%tmp24,_!dbg_!27742}"
CE0x9f08190 "{CE0x9f08190|call}"
CE0x9f085e0 "{CE0x9f085e0|call}"
CONST[source:0(mediator),value:2(dynamic)][purpose:{subject}][SnkIdx:4]


CONST[source:1(input),value:2(dynamic)][purpose:{object}][SrcIdx:11]  ->  CONST[source:0(mediator),value:2(dynamic)][purpose:{object}][SnkIdx:6]
-----------
CONST[source:1(input),value:2(dynamic)][purpose:{object}][SrcIdx:11]
CE0x9f09320 "{CE0x9f09320|VOIDTB_TE:_IE:_elem_0:default:}"
CE0x9f2e6d0 "{CE0x9f2e6d0|tmp19}"
CE0x9f2e930 "{CE0x9f2e930|tmp19}"
CONST[source:0(mediator),value:2(dynamic)][purpose:{object}][SnkIdx:6]


CONST[source:1(input),value:2(dynamic)][purpose:{object}][SrcIdx:11]  ->  CONST[source:0(mediator),value:2(dynamic)][purpose:{subject}][SnkIdx:16]
-----------
CONST[source:1(input),value:2(dynamic)][purpose:{object}][SrcIdx:11]
CE0x9f09320 "{CE0x9f09320|VOIDTB_TE:_IE:_elem_0:default:}"
CE0x9f5c8d0 "{CE0x9f5c8d0|tmp24}"
CE0x9f08950 "{CE0x9f08950|_ret_i32_%tmp24,_!dbg_!27742}"
CE0x9f08190 "{CE0x9f08190|call}"
CE0x9f085e0 "{CE0x9f085e0|call}"
CONST[source:0(mediator),value:2(dynamic)][purpose:{subject}][SnkIdx:16]


CONST[source:1(input),value:2(dynamic)][purpose:{object}][SrcIdx:13]  ->  CONST[source:0(mediator),value:2(dynamic)][purpose:{object}][SnkIdx:13]
-----------
CONST[source:1(input),value:2(dynamic)][purpose:{object}][SrcIdx:13]
CE0x9f09320 "{CE0x9f09320|VOIDTB_TE:_IE:_elem_0:default:}"
CE0x9f0a8c0 "{CE0x9f0a8c0|tmp51}"
CE0x9f0abb0 "{CE0x9f0abb0|tmp51}"
CONST[source:0(mediator),value:2(dynamic)][purpose:{object}][SnkIdx:13]


CONST[source:1(input),value:2(dynamic)][purpose:{object}][SrcIdx:13]  ->  CONST[source:0(mediator),value:2(dynamic)][purpose:{subject}][SnkIdx:0]
-----------
CONST[source:1(input),value:2(dynamic)][purpose:{object}][SrcIdx:13]
CE0x9f09320 "{CE0x9f09320|VOIDTB_TE:_IE:_elem_0:default:}"
CE0x9f5c8d0 "{CE0x9f5c8d0|tmp24}"
CE0x9f08950 "{CE0x9f08950|_ret_i32_%tmp24,_!dbg_!27742}"
CE0x9f08190 "{CE0x9f08190|call}"
CE0x9f085e0 "{CE0x9f085e0|call}"
CONST[source:0(mediator),value:2(dynamic)][purpose:{subject}][SnkIdx:0]


CONST[source:1(input),value:2(dynamic)][purpose:{object}][SrcIdx:13]  ->  CONST[source:0(mediator),value:2(dynamic)][purpose:{object}][SnkIdx:1]
-----------
CONST[source:1(input),value:2(dynamic)][purpose:{object}][SrcIdx:13]
CE0x9f09320 "{CE0x9f09320|VOIDTB_TE:_IE:_elem_0:default:}"
CE0x9f343c0 "{CE0x9f343c0|tmp11}"
CE0x9f34650 "{CE0x9f34650|tmp11}"
CONST[source:0(mediator),value:2(dynamic)][purpose:{object}][SnkIdx:1]


CONST[source:1(input),value:2(dynamic)][purpose:{object}][SrcIdx:13]  ->  CONST[source:0(mediator),value:0(static)][purpose:{operation}][SnkIdx:19]
-----------
CONST[source:1(input),value:2(dynamic)][purpose:{object}][SrcIdx:13]
CE0x9f09320 "{CE0x9f09320|VOIDTB_TE:_IE:_elem_0:default:}"
CE0x9f303e0 "{CE0x9f303e0|tmp67}"
CE0x9f305f0 "{CE0x9f305f0|conv43}"
CE0x9f30800 "{CE0x9f30800|and44}"
CE0x9f30a70 "{CE0x9f30a70|cmp45}"
CE0x9f30cb0 "{CE0x9f30cb0|conv46}"
CE0x9fa2d30 "{CE0x9fa2d30|tobool49}"
CE0x9fa32b0 "{CE0x9fa32b0|cond}"
CE0x9fa3390 "{CE0x9fa3390|conv50}"
CE0x9fa34d0 "{CE0x9fa34d0|conv50}"
CONST[source:0(mediator),value:0(static)][purpose:{operation}][SnkIdx:19]


CONST[source:1(input),value:2(dynamic)][purpose:{object}][SrcIdx:13]  ->  CONST[source:0(mediator),value:2(dynamic)][purpose:{object}][SnkIdx:17]
-----------
CONST[source:1(input),value:2(dynamic)][purpose:{object}][SrcIdx:13]
CE0x9f09320 "{CE0x9f09320|VOIDTB_TE:_IE:_elem_0:default:}"
CE0x9fa27c0 "{CE0x9fa27c0|tmp68}"
CE0x9fa2900 "{CE0x9fa2900|tmp68}"
CONST[source:0(mediator),value:2(dynamic)][purpose:{object}][SnkIdx:17]


CONST[source:1(input),value:2(dynamic)][purpose:{object}][SrcIdx:13]  ->  CONST[source:0(mediator),value:2(dynamic)][purpose:{object}][SnkIdx:9]
-----------
CONST[source:1(input),value:2(dynamic)][purpose:{object}][SrcIdx:13]
CE0x9f09320 "{CE0x9f09320|VOIDTB_TE:_IE:_elem_0:default:}"
CE0x9f58c40 "{CE0x9f58c40|tmp34}"
CE0x9f58d20 "{CE0x9f58d20|tmp34}"
CONST[source:0(mediator),value:2(dynamic)][purpose:{object}][SnkIdx:9]


CONST[source:1(input),value:2(dynamic)][purpose:{object}][SrcIdx:13]  ->  CONST[source:0(mediator),value:2(dynamic)][purpose:{subject}][SnkIdx:12]
-----------
CONST[source:1(input),value:2(dynamic)][purpose:{object}][SrcIdx:13]
CE0x9f09320 "{CE0x9f09320|VOIDTB_TE:_IE:_elem_0:default:}"
CE0x9f5c8d0 "{CE0x9f5c8d0|tmp24}"
CE0x9f08950 "{CE0x9f08950|_ret_i32_%tmp24,_!dbg_!27742}"
CE0x9f08190 "{CE0x9f08190|call}"
CE0x9f085e0 "{CE0x9f085e0|call}"
CONST[source:0(mediator),value:2(dynamic)][purpose:{subject}][SnkIdx:12]


CONST[source:1(input),value:2(dynamic)][purpose:{object}][SrcIdx:13]  ->  CONST[source:0(mediator),value:2(dynamic)][purpose:{object}][SnkIdx:5]
-----------
CONST[source:1(input),value:2(dynamic)][purpose:{object}][SrcIdx:13]
CE0x9f09320 "{CE0x9f09320|VOIDTB_TE:_IE:_elem_0:default:}"
CE0x9eff0e0 "{CE0x9eff0e0|tmp18}"
CE0x9eff1c0 "{CE0x9eff1c0|tmp18}"
CONST[source:0(mediator),value:2(dynamic)][purpose:{object}][SnkIdx:5]


CONST[source:1(input),value:2(dynamic)][purpose:{object}][SrcIdx:13]  ->  CONST[source:0(mediator),value:2(dynamic)][purpose:{object}][SnkIdx:18]
-----------
CONST[source:1(input),value:2(dynamic)][purpose:{object}][SrcIdx:13]
CE0x9f09320 "{CE0x9f09320|VOIDTB_TE:_IE:_elem_0:default:}"
CE0x9fa2b20 "{CE0x9fa2b20|tmp69}"
CE0x9fa2cc0 "{CE0x9fa2cc0|tmp69}"
CONST[source:0(mediator),value:2(dynamic)][purpose:{object}][SnkIdx:18]


CONST[source:1(input),value:2(dynamic)][purpose:{object}][SrcIdx:13]  ->  CONST[source:0(mediator),value:2(dynamic)][purpose:{subject}][SnkIdx:8]
-----------
CONST[source:1(input),value:2(dynamic)][purpose:{object}][SrcIdx:13]
CE0x9f09320 "{CE0x9f09320|VOIDTB_TE:_IE:_elem_0:default:}"
CE0x9f5c8d0 "{CE0x9f5c8d0|tmp24}"
CE0x9f08950 "{CE0x9f08950|_ret_i32_%tmp24,_!dbg_!27742}"
CE0x9f08190 "{CE0x9f08190|call}"
CE0x9f085e0 "{CE0x9f085e0|call}"
CONST[source:0(mediator),value:2(dynamic)][purpose:{subject}][SnkIdx:8]


CONST[source:1(input),value:2(dynamic)][purpose:{object}][SrcIdx:13]  ->  CONST[source:0(mediator),value:2(dynamic)][purpose:{object}][SnkIdx:10]
-----------
CONST[source:1(input),value:2(dynamic)][purpose:{object}][SrcIdx:13]
CE0x9f09320 "{CE0x9f09320|VOIDTB_TE:_IE:_elem_0:default:}"
CE0x9f58fa0 "{CE0x9f58fa0|tmp35}"
CE0x9f591d0 "{CE0x9f591d0|tmp35}"
CONST[source:0(mediator),value:2(dynamic)][purpose:{object}][SnkIdx:10]


CONST[source:1(input),value:2(dynamic)][purpose:{object}][SrcIdx:13]  ->  CONST[source:0(mediator),value:2(dynamic)][purpose:{subject}][SnkIdx:4]
-----------
CONST[source:1(input),value:2(dynamic)][purpose:{object}][SrcIdx:13]
CE0x9f09320 "{CE0x9f09320|VOIDTB_TE:_IE:_elem_0:default:}"
CE0x9f5c8d0 "{CE0x9f5c8d0|tmp24}"
CE0x9f08950 "{CE0x9f08950|_ret_i32_%tmp24,_!dbg_!27742}"
CE0x9f08190 "{CE0x9f08190|call}"
CE0x9f085e0 "{CE0x9f085e0|call}"
CONST[source:0(mediator),value:2(dynamic)][purpose:{subject}][SnkIdx:4]


CONST[source:1(input),value:2(dynamic)][purpose:{object}][SrcIdx:13]  ->  CONST[source:0(mediator),value:2(dynamic)][purpose:{object}][SnkIdx:6]
-----------
CONST[source:1(input),value:2(dynamic)][purpose:{object}][SrcIdx:13]
CE0x9f09320 "{CE0x9f09320|VOIDTB_TE:_IE:_elem_0:default:}"
CE0x9f2e6d0 "{CE0x9f2e6d0|tmp19}"
CE0x9f2e930 "{CE0x9f2e930|tmp19}"
CONST[source:0(mediator),value:2(dynamic)][purpose:{object}][SnkIdx:6]


CONST[source:1(input),value:2(dynamic)][purpose:{object}][SrcIdx:13]  ->  CONST[source:0(mediator),value:2(dynamic)][purpose:{subject}][SnkIdx:16]
-----------
CONST[source:1(input),value:2(dynamic)][purpose:{object}][SrcIdx:13]
CE0x9f09320 "{CE0x9f09320|VOIDTB_TE:_IE:_elem_0:default:}"
CE0x9f5c8d0 "{CE0x9f5c8d0|tmp24}"
CE0x9f08950 "{CE0x9f08950|_ret_i32_%tmp24,_!dbg_!27742}"
CE0x9f08190 "{CE0x9f08190|call}"
CE0x9f085e0 "{CE0x9f085e0|call}"
CONST[source:0(mediator),value:2(dynamic)][purpose:{subject}][SnkIdx:16]


CONST[source:2(external),value:2(dynamic)][purpose:{subject}][SrcIdx:14]  ->  CONST[source:0(mediator),value:2(dynamic)][purpose:{object}][SnkIdx:13]
-----------
CONST[source:2(external),value:2(dynamic)][purpose:{subject}][SrcIdx:14]
CE0x9f09320 "{CE0x9f09320|VOIDTB_TE:_IE:_elem_0:default:}"
CE0x9f0a8c0 "{CE0x9f0a8c0|tmp51}"
CE0x9f0abb0 "{CE0x9f0abb0|tmp51}"
CONST[source:0(mediator),value:2(dynamic)][purpose:{object}][SnkIdx:13]


CONST[source:2(external),value:2(dynamic)][purpose:{subject}][SrcIdx:14]  ->  CONST[source:0(mediator),value:2(dynamic)][purpose:{subject}][SnkIdx:0]
-----------
CONST[source:2(external),value:2(dynamic)][purpose:{subject}][SrcIdx:14]
CE0x9f09320 "{CE0x9f09320|VOIDTB_TE:_IE:_elem_0:default:}"
CE0x9f5c8d0 "{CE0x9f5c8d0|tmp24}"
CE0x9f08950 "{CE0x9f08950|_ret_i32_%tmp24,_!dbg_!27742}"
CE0x9f08190 "{CE0x9f08190|call}"
CE0x9f085e0 "{CE0x9f085e0|call}"
CONST[source:0(mediator),value:2(dynamic)][purpose:{subject}][SnkIdx:0]


CONST[source:2(external),value:2(dynamic)][purpose:{subject}][SrcIdx:14]  ->  CONST[source:0(mediator),value:2(dynamic)][purpose:{object}][SnkIdx:1]
-----------
CONST[source:2(external),value:2(dynamic)][purpose:{subject}][SrcIdx:14]
CE0x9f09320 "{CE0x9f09320|VOIDTB_TE:_IE:_elem_0:default:}"
CE0x9f343c0 "{CE0x9f343c0|tmp11}"
CE0x9f34650 "{CE0x9f34650|tmp11}"
CONST[source:0(mediator),value:2(dynamic)][purpose:{object}][SnkIdx:1]


CONST[source:2(external),value:2(dynamic)][purpose:{subject}][SrcIdx:14]  ->  CONST[source:0(mediator),value:0(static)][purpose:{operation}][SnkIdx:19]
-----------
CONST[source:2(external),value:2(dynamic)][purpose:{subject}][SrcIdx:14]
CE0x9f09320 "{CE0x9f09320|VOIDTB_TE:_IE:_elem_0:default:}"
CE0x9f303e0 "{CE0x9f303e0|tmp67}"
CE0x9f305f0 "{CE0x9f305f0|conv43}"
CE0x9f30800 "{CE0x9f30800|and44}"
CE0x9f30a70 "{CE0x9f30a70|cmp45}"
CE0x9f30cb0 "{CE0x9f30cb0|conv46}"
CE0x9fa2d30 "{CE0x9fa2d30|tobool49}"
CE0x9fa32b0 "{CE0x9fa32b0|cond}"
CE0x9fa3390 "{CE0x9fa3390|conv50}"
CE0x9fa34d0 "{CE0x9fa34d0|conv50}"
CONST[source:0(mediator),value:0(static)][purpose:{operation}][SnkIdx:19]


CONST[source:2(external),value:2(dynamic)][purpose:{subject}][SrcIdx:14]  ->  CONST[source:0(mediator),value:2(dynamic)][purpose:{object}][SnkIdx:17]
-----------
CONST[source:2(external),value:2(dynamic)][purpose:{subject}][SrcIdx:14]
CE0x9f09320 "{CE0x9f09320|VOIDTB_TE:_IE:_elem_0:default:}"
CE0x9fa27c0 "{CE0x9fa27c0|tmp68}"
CE0x9fa2900 "{CE0x9fa2900|tmp68}"
CONST[source:0(mediator),value:2(dynamic)][purpose:{object}][SnkIdx:17]


CONST[source:2(external),value:2(dynamic)][purpose:{subject}][SrcIdx:14]  ->  CONST[source:0(mediator),value:2(dynamic)][purpose:{object}][SnkIdx:9]
-----------
CONST[source:2(external),value:2(dynamic)][purpose:{subject}][SrcIdx:14]
CE0x9f09320 "{CE0x9f09320|VOIDTB_TE:_IE:_elem_0:default:}"
CE0x9f58c40 "{CE0x9f58c40|tmp34}"
CE0x9f58d20 "{CE0x9f58d20|tmp34}"
CONST[source:0(mediator),value:2(dynamic)][purpose:{object}][SnkIdx:9]


CONST[source:2(external),value:2(dynamic)][purpose:{subject}][SrcIdx:14]  ->  CONST[source:0(mediator),value:2(dynamic)][purpose:{subject}][SnkIdx:12]
-----------
CONST[source:2(external),value:2(dynamic)][purpose:{subject}][SrcIdx:14]
CE0x9f09320 "{CE0x9f09320|VOIDTB_TE:_IE:_elem_0:default:}"
CE0x9f5c8d0 "{CE0x9f5c8d0|tmp24}"
CE0x9f08950 "{CE0x9f08950|_ret_i32_%tmp24,_!dbg_!27742}"
CE0x9f08190 "{CE0x9f08190|call}"
CE0x9f085e0 "{CE0x9f085e0|call}"
CONST[source:0(mediator),value:2(dynamic)][purpose:{subject}][SnkIdx:12]


CONST[source:2(external),value:2(dynamic)][purpose:{subject}][SrcIdx:14]  ->  CONST[source:0(mediator),value:2(dynamic)][purpose:{object}][SnkIdx:5]
-----------
CONST[source:2(external),value:2(dynamic)][purpose:{subject}][SrcIdx:14]
CE0x9f09320 "{CE0x9f09320|VOIDTB_TE:_IE:_elem_0:default:}"
CE0x9eff0e0 "{CE0x9eff0e0|tmp18}"
CE0x9eff1c0 "{CE0x9eff1c0|tmp18}"
CONST[source:0(mediator),value:2(dynamic)][purpose:{object}][SnkIdx:5]


CONST[source:2(external),value:2(dynamic)][purpose:{subject}][SrcIdx:14]  ->  CONST[source:0(mediator),value:2(dynamic)][purpose:{object}][SnkIdx:18]
-----------
CONST[source:2(external),value:2(dynamic)][purpose:{subject}][SrcIdx:14]
CE0x9f09320 "{CE0x9f09320|VOIDTB_TE:_IE:_elem_0:default:}"
CE0x9fa2b20 "{CE0x9fa2b20|tmp69}"
CE0x9fa2cc0 "{CE0x9fa2cc0|tmp69}"
CONST[source:0(mediator),value:2(dynamic)][purpose:{object}][SnkIdx:18]


CONST[source:2(external),value:2(dynamic)][purpose:{subject}][SrcIdx:14]  ->  CONST[source:0(mediator),value:2(dynamic)][purpose:{subject}][SnkIdx:8]
-----------
CONST[source:2(external),value:2(dynamic)][purpose:{subject}][SrcIdx:14]
CE0x9f09320 "{CE0x9f09320|VOIDTB_TE:_IE:_elem_0:default:}"
CE0x9f5c8d0 "{CE0x9f5c8d0|tmp24}"
CE0x9f08950 "{CE0x9f08950|_ret_i32_%tmp24,_!dbg_!27742}"
CE0x9f08190 "{CE0x9f08190|call}"
CE0x9f085e0 "{CE0x9f085e0|call}"
CONST[source:0(mediator),value:2(dynamic)][purpose:{subject}][SnkIdx:8]


CONST[source:2(external),value:2(dynamic)][purpose:{subject}][SrcIdx:14]  ->  CONST[source:0(mediator),value:2(dynamic)][purpose:{object}][SnkIdx:10]
-----------
CONST[source:2(external),value:2(dynamic)][purpose:{subject}][SrcIdx:14]
CE0x9f09320 "{CE0x9f09320|VOIDTB_TE:_IE:_elem_0:default:}"
CE0x9f58fa0 "{CE0x9f58fa0|tmp35}"
CE0x9f591d0 "{CE0x9f591d0|tmp35}"
CONST[source:0(mediator),value:2(dynamic)][purpose:{object}][SnkIdx:10]


CONST[source:2(external),value:2(dynamic)][purpose:{subject}][SrcIdx:14]  ->  CONST[source:0(mediator),value:2(dynamic)][purpose:{subject}][SnkIdx:4]
-----------
CONST[source:2(external),value:2(dynamic)][purpose:{subject}][SrcIdx:14]
CE0x9f09320 "{CE0x9f09320|VOIDTB_TE:_IE:_elem_0:default:}"
CE0x9f5c8d0 "{CE0x9f5c8d0|tmp24}"
CE0x9f08950 "{CE0x9f08950|_ret_i32_%tmp24,_!dbg_!27742}"
CE0x9f08190 "{CE0x9f08190|call}"
CE0x9f085e0 "{CE0x9f085e0|call}"
CONST[source:0(mediator),value:2(dynamic)][purpose:{subject}][SnkIdx:4]


CONST[source:2(external),value:2(dynamic)][purpose:{subject}][SrcIdx:14]  ->  CONST[source:0(mediator),value:2(dynamic)][purpose:{object}][SnkIdx:6]
-----------
CONST[source:2(external),value:2(dynamic)][purpose:{subject}][SrcIdx:14]
CE0x9f09320 "{CE0x9f09320|VOIDTB_TE:_IE:_elem_0:default:}"
CE0x9f2e6d0 "{CE0x9f2e6d0|tmp19}"
CE0x9f2e930 "{CE0x9f2e930|tmp19}"
CONST[source:0(mediator),value:2(dynamic)][purpose:{object}][SnkIdx:6]


CONST[source:2(external),value:2(dynamic)][purpose:{subject}][SrcIdx:14]  ->  CONST[source:0(mediator),value:2(dynamic)][purpose:{subject}][SnkIdx:16]
-----------
CONST[source:2(external),value:2(dynamic)][purpose:{subject}][SrcIdx:14]
CE0x9f09320 "{CE0x9f09320|VOIDTB_TE:_IE:_elem_0:default:}"
CE0x9f5c8d0 "{CE0x9f5c8d0|tmp24}"
CE0x9f08950 "{CE0x9f08950|_ret_i32_%tmp24,_!dbg_!27742}"
CE0x9f08190 "{CE0x9f08190|call}"
CE0x9f085e0 "{CE0x9f085e0|call}"
CONST[source:0(mediator),value:2(dynamic)][purpose:{subject}][SnkIdx:16]



implicit:
CONST[source:1(input),value:2(dynamic)][purpose:{object}][SrcIdx:13]  ->  CONST[source:0(mediator),value:2(dynamic)][purpose:{object}][SnkIdx:18]
-----------
CONST[source:1(input),value:2(dynamic)][purpose:{object}][SrcIdx:13]
CE0x9f09320 "{CE0x9f09320|VOIDTB_TE:_IE:_elem_0:default:}"
CE0x9fa2b20 "{CE0x9fa2b20|tmp69}"
CE0x9fa2cc0 "{CE0x9fa2cc0|tmp69}"
CONST[source:0(mediator),value:2(dynamic)][purpose:{object}][SnkIdx:18]


CONST[source:1(input),value:2(dynamic)][purpose:{object}][SrcIdx:13]  ->  CONST[source:0(mediator),value:2(dynamic)][purpose:{subject}][SnkIdx:4]
-----------
CONST[source:1(input),value:2(dynamic)][purpose:{object}][SrcIdx:13]
CE0x9f09320 "{CE0x9f09320|VOIDTB_TE:_IE:_elem_0:default:}"
CE0x9f5c8d0 "{CE0x9f5c8d0|tmp24}"
CE0x9f08950 "{CE0x9f08950|_ret_i32_%tmp24,_!dbg_!27742}"
CE0x9f08190 "{CE0x9f08190|call}"
CE0x9f085e0 "{CE0x9f085e0|call}"
CONST[source:0(mediator),value:2(dynamic)][purpose:{subject}][SnkIdx:4]


CONST[source:1(input),value:2(dynamic)][purpose:{object}][SrcIdx:13]  ->  CONST[source:0(mediator),value:0(static)][purpose:{operation}][SnkIdx:19]
-----------
CONST[source:1(input),value:2(dynamic)][purpose:{object}][SrcIdx:13]
CE0x9f09320 "{CE0x9f09320|VOIDTB_TE:_IE:_elem_0:default:}"
CE0x9f303e0 "{CE0x9f303e0|tmp67}"
CE0x9f305f0 "{CE0x9f305f0|conv43}"
CE0x9f30800 "{CE0x9f30800|and44}"
CE0x9f30a70 "{CE0x9f30a70|cmp45}"
CE0x9f30cb0 "{CE0x9f30cb0|conv46}"
CE0x9fa2d30 "{CE0x9fa2d30|tobool49}"
CE0x9fa32b0 "{CE0x9fa32b0|cond}"
CE0x9fa3390 "{CE0x9fa3390|conv50}"
CE0x9fa34d0 "{CE0x9fa34d0|conv50}"
CONST[source:0(mediator),value:0(static)][purpose:{operation}][SnkIdx:19]


CONST[source:1(input),value:2(dynamic)][purpose:{object}][SrcIdx:13]  ->  CONST[source:0(mediator),value:2(dynamic)][purpose:{object}][SnkIdx:5]
-----------
CONST[source:1(input),value:2(dynamic)][purpose:{object}][SrcIdx:13]
CE0x9f09320 "{CE0x9f09320|VOIDTB_TE:_IE:_elem_0:default:}"
CE0x9eff0e0 "{CE0x9eff0e0|tmp18}"
CE0x9eff1c0 "{CE0x9eff1c0|tmp18}"
CONST[source:0(mediator),value:2(dynamic)][purpose:{object}][SnkIdx:5]


CONST[source:1(input),value:2(dynamic)][purpose:{object}][SrcIdx:13]  ->  CONST[source:0(mediator),value:2(dynamic)][purpose:{object}][SnkIdx:10]
-----------
CONST[source:1(input),value:2(dynamic)][purpose:{object}][SrcIdx:13]
CE0x9f09320 "{CE0x9f09320|VOIDTB_TE:_IE:_elem_0:default:}"
CE0x9f58fa0 "{CE0x9f58fa0|tmp35}"
CE0x9f591d0 "{CE0x9f591d0|tmp35}"
CONST[source:0(mediator),value:2(dynamic)][purpose:{object}][SnkIdx:10]


CONST[source:1(input),value:2(dynamic)][purpose:{object}][SrcIdx:13]  ->  CONST[source:0(mediator),value:2(dynamic)][purpose:{object}][SnkIdx:17]
-----------
CONST[source:1(input),value:2(dynamic)][purpose:{object}][SrcIdx:13]
CE0x9f09320 "{CE0x9f09320|VOIDTB_TE:_IE:_elem_0:default:}"
CE0x9fa27c0 "{CE0x9fa27c0|tmp68}"
CE0x9fa2900 "{CE0x9fa2900|tmp68}"
CONST[source:0(mediator),value:2(dynamic)][purpose:{object}][SnkIdx:17]


CONST[source:1(input),value:2(dynamic)][purpose:{object}][SrcIdx:13]  ->  CONST[source:0(mediator),value:2(dynamic)][purpose:{object}][SnkIdx:1]
-----------
CONST[source:1(input),value:2(dynamic)][purpose:{object}][SrcIdx:13]
CE0x9f09320 "{CE0x9f09320|VOIDTB_TE:_IE:_elem_0:default:}"
CE0x9f343c0 "{CE0x9f343c0|tmp11}"
CE0x9f34650 "{CE0x9f34650|tmp11}"
CONST[source:0(mediator),value:2(dynamic)][purpose:{object}][SnkIdx:1]


CONST[source:1(input),value:2(dynamic)][purpose:{object}][SrcIdx:13]  ->  CONST[source:0(mediator),value:2(dynamic)][purpose:{object}][SnkIdx:13]
-----------
CONST[source:1(input),value:2(dynamic)][purpose:{object}][SrcIdx:13]
CE0x9f09320 "{CE0x9f09320|VOIDTB_TE:_IE:_elem_0:default:}"
CE0x9f0a8c0 "{CE0x9f0a8c0|tmp51}"
CE0x9f0abb0 "{CE0x9f0abb0|tmp51}"
CONST[source:0(mediator),value:2(dynamic)][purpose:{object}][SnkIdx:13]


CONST[source:1(input),value:2(dynamic)][purpose:{object}][SrcIdx:13]  ->  CONST[source:0(mediator),value:2(dynamic)][purpose:{subject}][SnkIdx:12]
-----------
CONST[source:1(input),value:2(dynamic)][purpose:{object}][SrcIdx:13]
CE0x9f09320 "{CE0x9f09320|VOIDTB_TE:_IE:_elem_0:default:}"
CE0x9f5c8d0 "{CE0x9f5c8d0|tmp24}"
CE0x9f08950 "{CE0x9f08950|_ret_i32_%tmp24,_!dbg_!27742}"
CE0x9f08190 "{CE0x9f08190|call}"
CE0x9f085e0 "{CE0x9f085e0|call}"
CONST[source:0(mediator),value:2(dynamic)][purpose:{subject}][SnkIdx:12]


CONST[source:1(input),value:2(dynamic)][purpose:{object}][SrcIdx:13]  ->  CONST[source:0(mediator),value:2(dynamic)][purpose:{object}][SnkIdx:6]
-----------
CONST[source:1(input),value:2(dynamic)][purpose:{object}][SrcIdx:13]
CE0x9f09320 "{CE0x9f09320|VOIDTB_TE:_IE:_elem_0:default:}"
CE0x9f2e6d0 "{CE0x9f2e6d0|tmp19}"
CE0x9f2e930 "{CE0x9f2e930|tmp19}"
CONST[source:0(mediator),value:2(dynamic)][purpose:{object}][SnkIdx:6]


CONST[source:1(input),value:2(dynamic)][purpose:{object}][SrcIdx:13]  ->  CONST[source:0(mediator),value:2(dynamic)][purpose:{object}][SnkIdx:9]
-----------
CONST[source:1(input),value:2(dynamic)][purpose:{object}][SrcIdx:13]
CE0x9f09320 "{CE0x9f09320|VOIDTB_TE:_IE:_elem_0:default:}"
CE0x9f58c40 "{CE0x9f58c40|tmp34}"
CE0x9f58d20 "{CE0x9f58d20|tmp34}"
CONST[source:0(mediator),value:2(dynamic)][purpose:{object}][SnkIdx:9]


CONST[source:1(input),value:2(dynamic)][purpose:{object}][SrcIdx:13]  ->  CONST[source:0(mediator),value:2(dynamic)][purpose:{subject}][SnkIdx:8]
-----------
CONST[source:1(input),value:2(dynamic)][purpose:{object}][SrcIdx:13]
CE0x9f09320 "{CE0x9f09320|VOIDTB_TE:_IE:_elem_0:default:}"
CE0x9f5c8d0 "{CE0x9f5c8d0|tmp24}"
CE0x9f08950 "{CE0x9f08950|_ret_i32_%tmp24,_!dbg_!27742}"
CE0x9f08190 "{CE0x9f08190|call}"
CE0x9f085e0 "{CE0x9f085e0|call}"
CONST[source:0(mediator),value:2(dynamic)][purpose:{subject}][SnkIdx:8]


CONST[source:1(input),value:2(dynamic)][purpose:{object}][SrcIdx:13]  ->  CONST[source:0(mediator),value:2(dynamic)][purpose:{subject}][SnkIdx:16]
-----------
CONST[source:1(input),value:2(dynamic)][purpose:{object}][SrcIdx:13]
CE0x9f09320 "{CE0x9f09320|VOIDTB_TE:_IE:_elem_0:default:}"
CE0x9f5c8d0 "{CE0x9f5c8d0|tmp24}"
CE0x9f08950 "{CE0x9f08950|_ret_i32_%tmp24,_!dbg_!27742}"
CE0x9f08190 "{CE0x9f08190|call}"
CE0x9f085e0 "{CE0x9f085e0|call}"
CONST[source:0(mediator),value:2(dynamic)][purpose:{subject}][SnkIdx:16]


CONST[source:1(input),value:2(dynamic)][purpose:{object}][SrcIdx:13]  ->  CONST[source:0(mediator),value:2(dynamic)][purpose:{subject}][SnkIdx:0]
-----------
CONST[source:1(input),value:2(dynamic)][purpose:{object}][SrcIdx:13]
CE0x9f09320 "{CE0x9f09320|VOIDTB_TE:_IE:_elem_0:default:}"
CE0x9f5c8d0 "{CE0x9f5c8d0|tmp24}"
CE0x9f08950 "{CE0x9f08950|_ret_i32_%tmp24,_!dbg_!27742}"
CE0x9f08190 "{CE0x9f08190|call}"
CE0x9f085e0 "{CE0x9f085e0|call}"
CONST[source:0(mediator),value:2(dynamic)][purpose:{subject}][SnkIdx:0]


CONST[source:2(external),value:2(dynamic)][purpose:{subject}][SrcIdx:14]  ->  CONST[source:0(mediator),value:2(dynamic)][purpose:{object}][SnkIdx:18]
-----------
CONST[source:2(external),value:2(dynamic)][purpose:{subject}][SrcIdx:14]
CE0x9f09320 "{CE0x9f09320|VOIDTB_TE:_IE:_elem_0:default:}"
CE0x9fa2b20 "{CE0x9fa2b20|tmp69}"
CE0x9fa2cc0 "{CE0x9fa2cc0|tmp69}"
CONST[source:0(mediator),value:2(dynamic)][purpose:{object}][SnkIdx:18]


CONST[source:2(external),value:2(dynamic)][purpose:{subject}][SrcIdx:14]  ->  CONST[source:0(mediator),value:2(dynamic)][purpose:{subject}][SnkIdx:4]
-----------
CONST[source:2(external),value:2(dynamic)][purpose:{subject}][SrcIdx:14]
CE0x9f09320 "{CE0x9f09320|VOIDTB_TE:_IE:_elem_0:default:}"
CE0x9f5c8d0 "{CE0x9f5c8d0|tmp24}"
CE0x9f08950 "{CE0x9f08950|_ret_i32_%tmp24,_!dbg_!27742}"
CE0x9f08190 "{CE0x9f08190|call}"
CE0x9f085e0 "{CE0x9f085e0|call}"
CONST[source:0(mediator),value:2(dynamic)][purpose:{subject}][SnkIdx:4]


CONST[source:2(external),value:2(dynamic)][purpose:{subject}][SrcIdx:14]  ->  CONST[source:0(mediator),value:0(static)][purpose:{operation}][SnkIdx:19]
-----------
CONST[source:2(external),value:2(dynamic)][purpose:{subject}][SrcIdx:14]
CE0x9f09320 "{CE0x9f09320|VOIDTB_TE:_IE:_elem_0:default:}"
CE0x9f303e0 "{CE0x9f303e0|tmp67}"
CE0x9f305f0 "{CE0x9f305f0|conv43}"
CE0x9f30800 "{CE0x9f30800|and44}"
CE0x9f30a70 "{CE0x9f30a70|cmp45}"
CE0x9f30cb0 "{CE0x9f30cb0|conv46}"
CE0x9fa2d30 "{CE0x9fa2d30|tobool49}"
CE0x9fa32b0 "{CE0x9fa32b0|cond}"
CE0x9fa3390 "{CE0x9fa3390|conv50}"
CE0x9fa34d0 "{CE0x9fa34d0|conv50}"
CONST[source:0(mediator),value:0(static)][purpose:{operation}][SnkIdx:19]


CONST[source:2(external),value:2(dynamic)][purpose:{subject}][SrcIdx:14]  ->  CONST[source:0(mediator),value:2(dynamic)][purpose:{object}][SnkIdx:5]
-----------
CONST[source:2(external),value:2(dynamic)][purpose:{subject}][SrcIdx:14]
CE0x9f09320 "{CE0x9f09320|VOIDTB_TE:_IE:_elem_0:default:}"
CE0x9eff0e0 "{CE0x9eff0e0|tmp18}"
CE0x9eff1c0 "{CE0x9eff1c0|tmp18}"
CONST[source:0(mediator),value:2(dynamic)][purpose:{object}][SnkIdx:5]


CONST[source:2(external),value:2(dynamic)][purpose:{subject}][SrcIdx:14]  ->  CONST[source:0(mediator),value:2(dynamic)][purpose:{object}][SnkIdx:10]
-----------
CONST[source:2(external),value:2(dynamic)][purpose:{subject}][SrcIdx:14]
CE0x9f09320 "{CE0x9f09320|VOIDTB_TE:_IE:_elem_0:default:}"
CE0x9f58fa0 "{CE0x9f58fa0|tmp35}"
CE0x9f591d0 "{CE0x9f591d0|tmp35}"
CONST[source:0(mediator),value:2(dynamic)][purpose:{object}][SnkIdx:10]


CONST[source:2(external),value:2(dynamic)][purpose:{subject}][SrcIdx:14]  ->  CONST[source:0(mediator),value:2(dynamic)][purpose:{object}][SnkIdx:17]
-----------
CONST[source:2(external),value:2(dynamic)][purpose:{subject}][SrcIdx:14]
CE0x9f09320 "{CE0x9f09320|VOIDTB_TE:_IE:_elem_0:default:}"
CE0x9fa27c0 "{CE0x9fa27c0|tmp68}"
CE0x9fa2900 "{CE0x9fa2900|tmp68}"
CONST[source:0(mediator),value:2(dynamic)][purpose:{object}][SnkIdx:17]


CONST[source:2(external),value:2(dynamic)][purpose:{subject}][SrcIdx:14]  ->  CONST[source:0(mediator),value:2(dynamic)][purpose:{object}][SnkIdx:1]
-----------
CONST[source:2(external),value:2(dynamic)][purpose:{subject}][SrcIdx:14]
CE0x9f09320 "{CE0x9f09320|VOIDTB_TE:_IE:_elem_0:default:}"
CE0x9f343c0 "{CE0x9f343c0|tmp11}"
CE0x9f34650 "{CE0x9f34650|tmp11}"
CONST[source:0(mediator),value:2(dynamic)][purpose:{object}][SnkIdx:1]


CONST[source:2(external),value:2(dynamic)][purpose:{subject}][SrcIdx:14]  ->  CONST[source:0(mediator),value:2(dynamic)][purpose:{object}][SnkIdx:13]
-----------
CONST[source:2(external),value:2(dynamic)][purpose:{subject}][SrcIdx:14]
CE0x9f09320 "{CE0x9f09320|VOIDTB_TE:_IE:_elem_0:default:}"
CE0x9f0a8c0 "{CE0x9f0a8c0|tmp51}"
CE0x9f0abb0 "{CE0x9f0abb0|tmp51}"
CONST[source:0(mediator),value:2(dynamic)][purpose:{object}][SnkIdx:13]


CONST[source:2(external),value:2(dynamic)][purpose:{subject}][SrcIdx:14]  ->  CONST[source:0(mediator),value:2(dynamic)][purpose:{subject}][SnkIdx:12]
-----------
CONST[source:2(external),value:2(dynamic)][purpose:{subject}][SrcIdx:14]
CE0x9f09320 "{CE0x9f09320|VOIDTB_TE:_IE:_elem_0:default:}"
CE0x9f5c8d0 "{CE0x9f5c8d0|tmp24}"
CE0x9f08950 "{CE0x9f08950|_ret_i32_%tmp24,_!dbg_!27742}"
CE0x9f08190 "{CE0x9f08190|call}"
CE0x9f085e0 "{CE0x9f085e0|call}"
CONST[source:0(mediator),value:2(dynamic)][purpose:{subject}][SnkIdx:12]


CONST[source:2(external),value:2(dynamic)][purpose:{subject}][SrcIdx:14]  ->  CONST[source:0(mediator),value:2(dynamic)][purpose:{object}][SnkIdx:6]
-----------
CONST[source:2(external),value:2(dynamic)][purpose:{subject}][SrcIdx:14]
CE0x9f09320 "{CE0x9f09320|VOIDTB_TE:_IE:_elem_0:default:}"
CE0x9f2e6d0 "{CE0x9f2e6d0|tmp19}"
CE0x9f2e930 "{CE0x9f2e930|tmp19}"
CONST[source:0(mediator),value:2(dynamic)][purpose:{object}][SnkIdx:6]


CONST[source:2(external),value:2(dynamic)][purpose:{subject}][SrcIdx:14]  ->  CONST[source:0(mediator),value:2(dynamic)][purpose:{object}][SnkIdx:9]
-----------
CONST[source:2(external),value:2(dynamic)][purpose:{subject}][SrcIdx:14]
CE0x9f09320 "{CE0x9f09320|VOIDTB_TE:_IE:_elem_0:default:}"
CE0x9f58c40 "{CE0x9f58c40|tmp34}"
CE0x9f58d20 "{CE0x9f58d20|tmp34}"
CONST[source:0(mediator),value:2(dynamic)][purpose:{object}][SnkIdx:9]


CONST[source:2(external),value:2(dynamic)][purpose:{subject}][SrcIdx:14]  ->  CONST[source:0(mediator),value:2(dynamic)][purpose:{subject}][SnkIdx:8]
-----------
CONST[source:2(external),value:2(dynamic)][purpose:{subject}][SrcIdx:14]
CE0x9f09320 "{CE0x9f09320|VOIDTB_TE:_IE:_elem_0:default:}"
CE0x9f5c8d0 "{CE0x9f5c8d0|tmp24}"
CE0x9f08950 "{CE0x9f08950|_ret_i32_%tmp24,_!dbg_!27742}"
CE0x9f08190 "{CE0x9f08190|call}"
CE0x9f085e0 "{CE0x9f085e0|call}"
CONST[source:0(mediator),value:2(dynamic)][purpose:{subject}][SnkIdx:8]


CONST[source:2(external),value:2(dynamic)][purpose:{subject}][SrcIdx:14]  ->  CONST[source:0(mediator),value:2(dynamic)][purpose:{subject}][SnkIdx:16]
-----------
CONST[source:2(external),value:2(dynamic)][purpose:{subject}][SrcIdx:14]
CE0x9f09320 "{CE0x9f09320|VOIDTB_TE:_IE:_elem_0:default:}"
CE0x9f5c8d0 "{CE0x9f5c8d0|tmp24}"
CE0x9f08950 "{CE0x9f08950|_ret_i32_%tmp24,_!dbg_!27742}"
CE0x9f08190 "{CE0x9f08190|call}"
CE0x9f085e0 "{CE0x9f085e0|call}"
CONST[source:0(mediator),value:2(dynamic)][purpose:{subject}][SnkIdx:16]


CONST[source:2(external),value:2(dynamic)][purpose:{subject}][SrcIdx:14]  ->  CONST[source:0(mediator),value:2(dynamic)][purpose:{subject}][SnkIdx:0]
-----------
CONST[source:2(external),value:2(dynamic)][purpose:{subject}][SrcIdx:14]
CE0x9f09320 "{CE0x9f09320|VOIDTB_TE:_IE:_elem_0:default:}"
CE0x9f5c8d0 "{CE0x9f5c8d0|tmp24}"
CE0x9f08950 "{CE0x9f08950|_ret_i32_%tmp24,_!dbg_!27742}"
CE0x9f08190 "{CE0x9f08190|call}"
CE0x9f085e0 "{CE0x9f085e0|call}"
CONST[source:0(mediator),value:2(dynamic)][purpose:{subject}][SnkIdx:0]


CONST[source:1(input),value:2(dynamic)][purpose:{object}][SrcIdx:11]  ->  CONST[source:0(mediator),value:2(dynamic)][purpose:{object}][SnkIdx:18]
-----------
CONST[source:1(input),value:2(dynamic)][purpose:{object}][SrcIdx:11]
CE0x9f09320 "{CE0x9f09320|VOIDTB_TE:_IE:_elem_0:default:}"
CE0x9fa2b20 "{CE0x9fa2b20|tmp69}"
CE0x9fa2cc0 "{CE0x9fa2cc0|tmp69}"
CONST[source:0(mediator),value:2(dynamic)][purpose:{object}][SnkIdx:18]


CONST[source:1(input),value:2(dynamic)][purpose:{object}][SrcIdx:11]  ->  CONST[source:0(mediator),value:2(dynamic)][purpose:{subject}][SnkIdx:4]
-----------
CONST[source:1(input),value:2(dynamic)][purpose:{object}][SrcIdx:11]
CE0x9f09320 "{CE0x9f09320|VOIDTB_TE:_IE:_elem_0:default:}"
CE0x9f5c8d0 "{CE0x9f5c8d0|tmp24}"
CE0x9f08950 "{CE0x9f08950|_ret_i32_%tmp24,_!dbg_!27742}"
CE0x9f08190 "{CE0x9f08190|call}"
CE0x9f085e0 "{CE0x9f085e0|call}"
CONST[source:0(mediator),value:2(dynamic)][purpose:{subject}][SnkIdx:4]


CONST[source:1(input),value:2(dynamic)][purpose:{object}][SrcIdx:11]  ->  CONST[source:0(mediator),value:0(static)][purpose:{operation}][SnkIdx:19]
-----------
CONST[source:1(input),value:2(dynamic)][purpose:{object}][SrcIdx:11]
CE0x9f09320 "{CE0x9f09320|VOIDTB_TE:_IE:_elem_0:default:}"
CE0x9f303e0 "{CE0x9f303e0|tmp67}"
CE0x9f305f0 "{CE0x9f305f0|conv43}"
CE0x9f30800 "{CE0x9f30800|and44}"
CE0x9f30a70 "{CE0x9f30a70|cmp45}"
CE0x9f30cb0 "{CE0x9f30cb0|conv46}"
CE0x9fa2d30 "{CE0x9fa2d30|tobool49}"
CE0x9fa32b0 "{CE0x9fa32b0|cond}"
CE0x9fa3390 "{CE0x9fa3390|conv50}"
CE0x9fa34d0 "{CE0x9fa34d0|conv50}"
CONST[source:0(mediator),value:0(static)][purpose:{operation}][SnkIdx:19]


CONST[source:1(input),value:2(dynamic)][purpose:{object}][SrcIdx:11]  ->  CONST[source:0(mediator),value:2(dynamic)][purpose:{object}][SnkIdx:5]
-----------
CONST[source:1(input),value:2(dynamic)][purpose:{object}][SrcIdx:11]
CE0x9f09320 "{CE0x9f09320|VOIDTB_TE:_IE:_elem_0:default:}"
CE0x9eff0e0 "{CE0x9eff0e0|tmp18}"
CE0x9eff1c0 "{CE0x9eff1c0|tmp18}"
CONST[source:0(mediator),value:2(dynamic)][purpose:{object}][SnkIdx:5]


CONST[source:1(input),value:2(dynamic)][purpose:{object}][SrcIdx:11]  ->  CONST[source:0(mediator),value:2(dynamic)][purpose:{object}][SnkIdx:10]
-----------
CONST[source:1(input),value:2(dynamic)][purpose:{object}][SrcIdx:11]
CE0x9f09320 "{CE0x9f09320|VOIDTB_TE:_IE:_elem_0:default:}"
CE0x9f58fa0 "{CE0x9f58fa0|tmp35}"
CE0x9f591d0 "{CE0x9f591d0|tmp35}"
CONST[source:0(mediator),value:2(dynamic)][purpose:{object}][SnkIdx:10]


CONST[source:1(input),value:2(dynamic)][purpose:{object}][SrcIdx:11]  ->  CONST[source:0(mediator),value:2(dynamic)][purpose:{object}][SnkIdx:17]
-----------
CONST[source:1(input),value:2(dynamic)][purpose:{object}][SrcIdx:11]
CE0x9f09320 "{CE0x9f09320|VOIDTB_TE:_IE:_elem_0:default:}"
CE0x9fa27c0 "{CE0x9fa27c0|tmp68}"
CE0x9fa2900 "{CE0x9fa2900|tmp68}"
CONST[source:0(mediator),value:2(dynamic)][purpose:{object}][SnkIdx:17]


CONST[source:1(input),value:2(dynamic)][purpose:{object}][SrcIdx:11]  ->  CONST[source:0(mediator),value:2(dynamic)][purpose:{object}][SnkIdx:1]
-----------
CONST[source:1(input),value:2(dynamic)][purpose:{object}][SrcIdx:11]
CE0x9f09320 "{CE0x9f09320|VOIDTB_TE:_IE:_elem_0:default:}"
CE0x9f343c0 "{CE0x9f343c0|tmp11}"
CE0x9f34650 "{CE0x9f34650|tmp11}"
CONST[source:0(mediator),value:2(dynamic)][purpose:{object}][SnkIdx:1]


CONST[source:1(input),value:2(dynamic)][purpose:{object}][SrcIdx:11]  ->  CONST[source:0(mediator),value:2(dynamic)][purpose:{object}][SnkIdx:13]
-----------
CONST[source:1(input),value:2(dynamic)][purpose:{object}][SrcIdx:11]
CE0x9f09320 "{CE0x9f09320|VOIDTB_TE:_IE:_elem_0:default:}"
CE0x9f0a8c0 "{CE0x9f0a8c0|tmp51}"
CE0x9f0abb0 "{CE0x9f0abb0|tmp51}"
CONST[source:0(mediator),value:2(dynamic)][purpose:{object}][SnkIdx:13]


CONST[source:1(input),value:2(dynamic)][purpose:{object}][SrcIdx:11]  ->  CONST[source:0(mediator),value:2(dynamic)][purpose:{subject}][SnkIdx:12]
-----------
CONST[source:1(input),value:2(dynamic)][purpose:{object}][SrcIdx:11]
CE0x9f09320 "{CE0x9f09320|VOIDTB_TE:_IE:_elem_0:default:}"
CE0x9f5c8d0 "{CE0x9f5c8d0|tmp24}"
CE0x9f08950 "{CE0x9f08950|_ret_i32_%tmp24,_!dbg_!27742}"
CE0x9f08190 "{CE0x9f08190|call}"
CE0x9f085e0 "{CE0x9f085e0|call}"
CONST[source:0(mediator),value:2(dynamic)][purpose:{subject}][SnkIdx:12]


CONST[source:1(input),value:2(dynamic)][purpose:{object}][SrcIdx:11]  ->  CONST[source:0(mediator),value:2(dynamic)][purpose:{object}][SnkIdx:6]
-----------
CONST[source:1(input),value:2(dynamic)][purpose:{object}][SrcIdx:11]
CE0x9f09320 "{CE0x9f09320|VOIDTB_TE:_IE:_elem_0:default:}"
CE0x9f2e6d0 "{CE0x9f2e6d0|tmp19}"
CE0x9f2e930 "{CE0x9f2e930|tmp19}"
CONST[source:0(mediator),value:2(dynamic)][purpose:{object}][SnkIdx:6]


CONST[source:1(input),value:2(dynamic)][purpose:{object}][SrcIdx:11]  ->  CONST[source:0(mediator),value:2(dynamic)][purpose:{object}][SnkIdx:9]
-----------
CONST[source:1(input),value:2(dynamic)][purpose:{object}][SrcIdx:11]
CE0x9f09320 "{CE0x9f09320|VOIDTB_TE:_IE:_elem_0:default:}"
CE0x9f58c40 "{CE0x9f58c40|tmp34}"
CE0x9f58d20 "{CE0x9f58d20|tmp34}"
CONST[source:0(mediator),value:2(dynamic)][purpose:{object}][SnkIdx:9]


CONST[source:1(input),value:2(dynamic)][purpose:{object}][SrcIdx:11]  ->  CONST[source:0(mediator),value:2(dynamic)][purpose:{subject}][SnkIdx:8]
-----------
CONST[source:1(input),value:2(dynamic)][purpose:{object}][SrcIdx:11]
CE0x9f09320 "{CE0x9f09320|VOIDTB_TE:_IE:_elem_0:default:}"
CE0x9f5c8d0 "{CE0x9f5c8d0|tmp24}"
CE0x9f08950 "{CE0x9f08950|_ret_i32_%tmp24,_!dbg_!27742}"
CE0x9f08190 "{CE0x9f08190|call}"
CE0x9f085e0 "{CE0x9f085e0|call}"
CONST[source:0(mediator),value:2(dynamic)][purpose:{subject}][SnkIdx:8]


CONST[source:1(input),value:2(dynamic)][purpose:{object}][SrcIdx:11]  ->  CONST[source:0(mediator),value:2(dynamic)][purpose:{subject}][SnkIdx:16]
-----------
CONST[source:1(input),value:2(dynamic)][purpose:{object}][SrcIdx:11]
CE0x9f09320 "{CE0x9f09320|VOIDTB_TE:_IE:_elem_0:default:}"
CE0x9f5c8d0 "{CE0x9f5c8d0|tmp24}"
CE0x9f08950 "{CE0x9f08950|_ret_i32_%tmp24,_!dbg_!27742}"
CE0x9f08190 "{CE0x9f08190|call}"
CE0x9f085e0 "{CE0x9f085e0|call}"
CONST[source:0(mediator),value:2(dynamic)][purpose:{subject}][SnkIdx:16]


CONST[source:1(input),value:2(dynamic)][purpose:{object}][SrcIdx:11]  ->  CONST[source:0(mediator),value:2(dynamic)][purpose:{subject}][SnkIdx:0]
-----------
CONST[source:1(input),value:2(dynamic)][purpose:{object}][SrcIdx:11]
CE0x9f09320 "{CE0x9f09320|VOIDTB_TE:_IE:_elem_0:default:}"
CE0x9f5c8d0 "{CE0x9f5c8d0|tmp24}"
CE0x9f08950 "{CE0x9f08950|_ret_i32_%tmp24,_!dbg_!27742}"
CE0x9f08190 "{CE0x9f08190|call}"
CE0x9f085e0 "{CE0x9f085e0|call}"
CONST[source:0(mediator),value:2(dynamic)][purpose:{subject}][SnkIdx:0]


