[selinux_socket_accept]

explicit:
CONST[source:1(input),value:2(dynamic)][purpose:{object}]  ->  CONST[source:0(mediator),value:2(dynamic)][purpose:{object}]
-----------
CONST[source:1(input),value:2(dynamic)][purpose:{object}]
CE0x4f2bfe0 "{CE0x4f2bfe0|32:_%struct.sock*,_104:_i8*,_:_CRE_32,40_|*MultipleSource*|Function::selinux_socket_accept&Arg::sock::|security/selinux/hooks.c,4198}"
CE0x4f22a30 "{CE0x4f22a30|selinux_socket_accept:_tmp2|*LoadInst*|security/selinux/hooks.c,4198}"
CE0x4f3fec0 "{CE0x4f3fec0|sock_has_perm:_sk|Function::sock_has_perm&Arg::sk::}"
CE0x4f956d0 "{CE0x4f956d0|sock_has_perm:_sk_security|security/selinux/hooks.c,3964}"
CE0x4f7fd70 "{CE0x4f7fd70|sock_has_perm:_tmp2|*LoadInst*|security/selinux/hooks.c,3964}"
CE0x4fd5a20 "{CE0x4fd5a20|sock_has_perm:_tmp3|security/selinux/hooks.c,3964}"
CE0x4fc7510 "{CE0x4fc7510|sock_has_perm:_sclass|security/selinux/hooks.c,3976}"
CE0x4fc7ad0 "{CE0x4fc7ad0|sock_has_perm:_tmp17|security/selinux/hooks.c,3976}"
CE0x4fc7d70 "{CE0x4fc7d70|sock_has_perm:_tmp17|security/selinux/hooks.c,3976|*SummSink*}"
CONST[source:0(mediator),value:2(dynamic)][purpose:{object}]


CONST[source:2(external),value:2(dynamic)][purpose:{subject}]  ->  CONST[source:0(mediator),value:2(dynamic)][purpose:{subject}]
-----------
CONST[source:2(external),value:2(dynamic)][purpose:{subject}]
CE0x4f4b120 "{CE0x4f4b120|COLLAPSED:_GCMRE_current_task_external_global_%struct.task_struct*:_elem_0:default:}"
CE0x4f93df0 "{CE0x4f93df0|task_sid:_tmp4|*LoadInst*|security/selinux/hooks.c,208}"
CE0x5009c00 "{CE0x5009c00|cred_sid:_cred|Function::cred_sid&Arg::cred::}"
CE0x4f864e0 "{CE0x4f864e0|cred_sid:_security|security/selinux/hooks.c,196}"
CE0x500bc70 "{CE0x500bc70|cred_sid:_tmp4|*LoadInst*|security/selinux/hooks.c,196}"
CE0x4fbb5a0 "{CE0x4fbb5a0|cred_sid:_tmp5|security/selinux/hooks.c,196}"
CE0x500d750 "{CE0x500d750|cred_sid:_sid|security/selinux/hooks.c,197}"
CE0x4ff37b0 "{CE0x4ff37b0|cred_sid:_tmp6|security/selinux/hooks.c,197}"
CE0x5009f70 "{CE0x5009f70|_ret_i32_%tmp6,_!dbg_!27716|security/selinux/hooks.c,197}"
CE0x5008f00 "{CE0x5008f00|task_sid:_call7|security/selinux/hooks.c,208}"
CE0x4f77250 "{CE0x4f77250|_ret_i32_%call7,_!dbg_!27749|security/selinux/hooks.c,210}"
CE0x4fd1e60 "{CE0x4fd1e60|sock_has_perm:_call|security/selinux/hooks.c,3967}"
CE0x4fd2050 "{CE0x4fd2050|sock_has_perm:_call|security/selinux/hooks.c,3967|*SummSink*}"
CONST[source:0(mediator),value:2(dynamic)][purpose:{subject}]



implicit:
CONST[source:2(external),value:2(dynamic)][purpose:{subject}]  ->  CONST[source:0(mediator),value:2(dynamic)][purpose:{subject}]
-----------
CONST[source:2(external),value:2(dynamic)][purpose:{subject}]
CE0x4f4b120 "{CE0x4f4b120|COLLAPSED:_GCMRE_current_task_external_global_%struct.task_struct*:_elem_0:default:}"
CE0x4f93df0 "{CE0x4f93df0|task_sid:_tmp4|*LoadInst*|security/selinux/hooks.c,208}"
CE0x5009c00 "{CE0x5009c00|cred_sid:_cred|Function::cred_sid&Arg::cred::}"
CE0x4f864e0 "{CE0x4f864e0|cred_sid:_security|security/selinux/hooks.c,196}"
CE0x500bc70 "{CE0x500bc70|cred_sid:_tmp4|*LoadInst*|security/selinux/hooks.c,196}"
CE0x4fbb5a0 "{CE0x4fbb5a0|cred_sid:_tmp5|security/selinux/hooks.c,196}"
CE0x500d750 "{CE0x500d750|cred_sid:_sid|security/selinux/hooks.c,197}"
CE0x4ff37b0 "{CE0x4ff37b0|cred_sid:_tmp6|security/selinux/hooks.c,197}"
CE0x5009f70 "{CE0x5009f70|_ret_i32_%tmp6,_!dbg_!27716|security/selinux/hooks.c,197}"
CE0x5008f00 "{CE0x5008f00|task_sid:_call7|security/selinux/hooks.c,208}"
CE0x4f77250 "{CE0x4f77250|_ret_i32_%call7,_!dbg_!27749|security/selinux/hooks.c,210}"
CE0x4fd1e60 "{CE0x4fd1e60|sock_has_perm:_call|security/selinux/hooks.c,3967}"
CE0x4fd2050 "{CE0x4fd2050|sock_has_perm:_call|security/selinux/hooks.c,3967|*SummSink*}"
CONST[source:0(mediator),value:2(dynamic)][purpose:{subject}]


CONST[source:1(input),value:2(dynamic)][purpose:{object}]  ->  CONST[source:0(mediator),value:2(dynamic)][purpose:{object}]
-----------
CONST[source:1(input),value:2(dynamic)][purpose:{object}]
CE0x4f2bfe0 "{CE0x4f2bfe0|32:_%struct.sock*,_104:_i8*,_:_CRE_32,40_|*MultipleSource*|Function::selinux_socket_accept&Arg::sock::|security/selinux/hooks.c,4198}"
CE0x4f22a30 "{CE0x4f22a30|selinux_socket_accept:_tmp2|*LoadInst*|security/selinux/hooks.c,4198}"
CE0x4f3fec0 "{CE0x4f3fec0|sock_has_perm:_sk|Function::sock_has_perm&Arg::sk::}"
CE0x4f956d0 "{CE0x4f956d0|sock_has_perm:_sk_security|security/selinux/hooks.c,3964}"
CE0x4f7fd70 "{CE0x4f7fd70|sock_has_perm:_tmp2|*LoadInst*|security/selinux/hooks.c,3964}"
CE0x4fd5a20 "{CE0x4fd5a20|sock_has_perm:_tmp3|security/selinux/hooks.c,3964}"
CE0x4fc65a0 "{CE0x4fc65a0|sock_has_perm:_sid5|security/selinux/hooks.c,3976}"
CE0x4fc6ef0 "{CE0x4fc6ef0|sock_has_perm:_tmp16|security/selinux/hooks.c,3976}"
CE0x4fc71e0 "{CE0x4fc71e0|sock_has_perm:_tmp16|security/selinux/hooks.c,3976|*SummSink*}"
CONST[source:0(mediator),value:2(dynamic)][purpose:{object}]


