[selinux_task_setrlimit]

explicit:
CONST[source:2(external),value:2(dynamic)][purpose:{subject}]  ->  CONST[source:0(mediator),value:2(dynamic)][purpose:{object}]

-----------
CONST[source:2(external),value:2(dynamic)][purpose:{subject}]
CE0x60dd690 "{CE0x60dd690|VOIDTB_TE:_IE:_elem_0:default:}"
CE0x9147f50 "{CE0x9147f50|tmp6}"
CE0x9158130 "{CE0x9158130|_ret_i32_%tmp6,_!dbg_!27716}"
CE0x9157890 "{CE0x9157890|call7}"
CE0x915ed50 "{CE0x915ed50|_ret_i32_%call7,_!dbg_!27749}"
CE0x9166750 "{CE0x9166750|call1}"
CE0x91666e0 "{CE0x91666e0|call1}"
CONST[source:0(mediator),value:2(dynamic)][purpose:{object}]



CONST[source:2(external),value:2(dynamic)][purpose:{subject}]  ->  CONST[source:0(mediator),value:2(dynamic)][purpose:{subject}]

-----------
CONST[source:2(external),value:2(dynamic)][purpose:{subject}]
CE0x60dd690 "{CE0x60dd690|VOIDTB_TE:_IE:_elem_0:default:}"
CE0x9169850 "{CE0x9169850|tmp24}"
CE0x91664d0 "{CE0x91664d0|_ret_i32_%tmp24,_!dbg_!27742}"
CE0x9165f00 "{CE0x9165f00|call}"
CE0x91660d0 "{CE0x91660d0|call}"
CONST[source:0(mediator),value:2(dynamic)][purpose:{subject}]



CONST[source:1(input),value:2(dynamic)][purpose:{object}]  ->  CONST[source:0(mediator),value:2(dynamic)][purpose:{object}]

-----------
CONST[source:1(input),value:2(dynamic)][purpose:{object}]
CE0x60dd690 "{CE0x60dd690|VOIDTB_TE:_IE:_elem_0:default:}"
CE0x9147f50 "{CE0x9147f50|tmp6}"
CE0x9158130 "{CE0x9158130|_ret_i32_%tmp6,_!dbg_!27716}"
CE0x9157890 "{CE0x9157890|call7}"
CE0x915ed50 "{CE0x915ed50|_ret_i32_%call7,_!dbg_!27749}"
CE0x9166750 "{CE0x9166750|call1}"
CE0x91666e0 "{CE0x91666e0|call1}"
CONST[source:0(mediator),value:2(dynamic)][purpose:{object}]



CONST[source:1(input),value:2(dynamic)][purpose:{object}]  ->  CONST[source:0(mediator),value:2(dynamic)][purpose:{subject}]

-----------
CONST[source:1(input),value:2(dynamic)][purpose:{object}]
CE0x60dd690 "{CE0x60dd690|VOIDTB_TE:_IE:_elem_0:default:}"
CE0x9169850 "{CE0x9169850|tmp24}"
CE0x91664d0 "{CE0x91664d0|_ret_i32_%tmp24,_!dbg_!27742}"
CE0x9165f00 "{CE0x9165f00|call}"
CE0x91660d0 "{CE0x91660d0|call}"
CONST[source:0(mediator),value:2(dynamic)][purpose:{subject}]




implicit:
CONST[source:1(input),value:2(dynamic)][purpose:{object}]  ->  CONST[source:0(mediator),value:2(dynamic)][purpose:{object}]

-----------
CONST[source:1(input),value:2(dynamic)][purpose:{object}]
CE0x60dd690 "{CE0x60dd690|VOIDTB_TE:_IE:_elem_0:default:}"
CE0x9147f50 "{CE0x9147f50|tmp6}"
CE0x9158130 "{CE0x9158130|_ret_i32_%tmp6,_!dbg_!27716}"
CE0x9157890 "{CE0x9157890|call7}"
CE0x915ed50 "{CE0x915ed50|_ret_i32_%call7,_!dbg_!27749}"
CE0x9166750 "{CE0x9166750|call1}"
CE0x91666e0 "{CE0x91666e0|call1}"
CONST[source:0(mediator),value:2(dynamic)][purpose:{object}]



CONST[source:1(input),value:2(dynamic)][purpose:{object}]  ->  CONST[source:0(mediator),value:2(dynamic)][purpose:{subject}]

-----------
CONST[source:1(input),value:2(dynamic)][purpose:{object}]
CE0x60dd690 "{CE0x60dd690|VOIDTB_TE:_IE:_elem_0:default:}"
CE0x9169850 "{CE0x9169850|tmp24}"
CE0x91664d0 "{CE0x91664d0|_ret_i32_%tmp24,_!dbg_!27742}"
CE0x9165f00 "{CE0x9165f00|call}"
CE0x91660d0 "{CE0x91660d0|call}"
CONST[source:0(mediator),value:2(dynamic)][purpose:{subject}]



CONST[source:2(external),value:2(dynamic)][purpose:{subject}]  ->  CONST[source:0(mediator),value:2(dynamic)][purpose:{object}]

-----------
CONST[source:2(external),value:2(dynamic)][purpose:{subject}]
CE0x60dd690 "{CE0x60dd690|VOIDTB_TE:_IE:_elem_0:default:}"
CE0x9147f50 "{CE0x9147f50|tmp6}"
CE0x9158130 "{CE0x9158130|_ret_i32_%tmp6,_!dbg_!27716}"
CE0x9157890 "{CE0x9157890|call7}"
CE0x915ed50 "{CE0x915ed50|_ret_i32_%call7,_!dbg_!27749}"
CE0x9166750 "{CE0x9166750|call1}"
CE0x91666e0 "{CE0x91666e0|call1}"
CONST[source:0(mediator),value:2(dynamic)][purpose:{object}]



CONST[source:2(external),value:2(dynamic)][purpose:{subject}]  ->  CONST[source:0(mediator),value:2(dynamic)][purpose:{subject}]

-----------
CONST[source:2(external),value:2(dynamic)][purpose:{subject}]
CE0x60dd690 "{CE0x60dd690|VOIDTB_TE:_IE:_elem_0:default:}"
CE0x9169850 "{CE0x9169850|tmp24}"
CE0x91664d0 "{CE0x91664d0|_ret_i32_%tmp24,_!dbg_!27742}"
CE0x9165f00 "{CE0x9165f00|call}"
CE0x91660d0 "{CE0x91660d0|call}"
CONST[source:0(mediator),value:2(dynamic)][purpose:{subject}]



