[tomoyo_path_chown]

explicit:
CONST[source:1(input),value:2(dynamic)][purpose:{object}][SrcIdx:18]  ->  CONST[source:0(mediator),value:2(dynamic)][purpose:{object}][SnkIdx:2]
-----------
CONST[source:1(input),value:2(dynamic)][purpose:{object}][SrcIdx:18]
CE0x6e63540 "{CE0x6e63540|0:_i32,_:_SCMR_0,1_}"
CE0x6c14170 "{CE0x6c14170|tomoyo_path_chown:tmp21|security/tomoyo/tomoyo.c,384}"
CE0x6c6e8a0 "{CE0x6c6e8a0|tomoyo_path_chown:call11|security/tomoyo/tomoyo.c,384}"
CE0x6c6ece0 "{CE0x6c6ece0|tomoyo_path_chown:conv12|security/tomoyo/tomoyo.c,384}"
CE0x5708bd0 "{CE0x5708bd0|tomoyo_path_number_perm:number|Function::tomoyo_path_number_perm&Arg::number::}"
CE0x6e5b3c0 "{CE0x6e5b3c0|0:_%struct.tomoyo_obj_info*,_24:_%struct.tomoyo_path_info*,_32:_i64,_40:_i8,_72:_i8,_76:_i8,_:_SCMRE_39,40_}"
CONST[source:0(mediator),value:2(dynamic)][purpose:{object}][SnkIdx:2]


CONST[source:2(external),value:2(dynamic)][purpose:{subject}][SrcIdx:19]  ->  CONST[source:0(mediator),value:2(dynamic)][purpose:{subject}][SnkIdx:0]
-----------
CONST[source:2(external),value:2(dynamic)][purpose:{subject}][SrcIdx:19]
CE0x519c4e0 "{CE0x519c4e0|COLLAPSED:_GCRE_current_task_external_global_%struct.task_struct*:_elem_0::|security/tomoyo/common.h,1205}"
CE0x4390370 "{CE0x4390370|tomoyo_domain:tmp22|security/tomoyo/common.h,1205}"
CE0x38065c0 "{CE0x38065c0|tomoyo_domain:tmp23|security/tomoyo/common.h,1205}"
CE0x55bb040 "{CE0x55bb040|_ret_%struct.tomoyo_domain_info*_%tmp23,_!dbg_!38929|security/tomoyo/common.h,1205}"
CE0x519d9b0 "{CE0x519d9b0|tomoyo_init_request_info:call|security/tomoyo/util.c,1005}"
CE0x54d67a0 "{CE0x54d67a0|tomoyo_init_request_info:domain.addr.0}"
CE0x6cbd350 "{CE0x6cbd350|0:_%struct.tomoyo_obj_info*,_24:_%struct.tomoyo_path_info*,_32:_i64,_40:_i8,_72:_i8,_76:_i8,_:_SCMRE_16,24_|*MultipleSource*|security/tomoyo/file.c,693|security/tomoyo/file.c, 693|security/tomoyo/file.c,707|Function::tomoyo_init_request_info&Arg::r::}"
CONST[source:0(mediator),value:2(dynamic)][purpose:{subject}][SnkIdx:0]


CONST[source:1(input),value:2(dynamic)][purpose:{object}][SrcIdx:17]  ->  CONST[source:0(mediator),value:2(dynamic)][purpose:{object}][SnkIdx:2]
-----------
CONST[source:1(input),value:2(dynamic)][purpose:{object}][SrcIdx:17]
CE0x5237790 "{CE0x5237790|0:_i32,_:_SCMR_1,2_}"
CE0x544b660 "{CE0x544b660|tomoyo_path_chown:tmp9|security/tomoyo/tomoyo.c,381}"
CE0x5495170 "{CE0x5495170|tomoyo_path_chown:call4|security/tomoyo/tomoyo.c,381}"
CE0x549f130 "{CE0x549f130|tomoyo_path_chown:conv|security/tomoyo/tomoyo.c,381}"
CE0x5708bd0 "{CE0x5708bd0|tomoyo_path_number_perm:number|Function::tomoyo_path_number_perm&Arg::number::}"
CE0x6e5b3c0 "{CE0x6e5b3c0|0:_%struct.tomoyo_obj_info*,_24:_%struct.tomoyo_path_info*,_32:_i64,_40:_i8,_72:_i8,_76:_i8,_:_SCMRE_39,40_}"
CONST[source:0(mediator),value:2(dynamic)][purpose:{object}][SnkIdx:2]



implicit:
CONST[source:1(input),value:2(dynamic)][purpose:{object}][SrcIdx:15]  ->  CONST[source:0(mediator),value:2(dynamic)][purpose:{subject}][SnkIdx:0]
-----------
CONST[source:1(input),value:2(dynamic)][purpose:{object}][SrcIdx:15]
CE0x5581ae0 "{CE0x5581ae0|16:_%struct.dentry*,_:_SCMRE_8,16_|*MultipleSource*|security/tomoyo/file.c, 694|security/tomoyo/file.c,694|security/tomoyo/file.c,694|Function::tomoyo_path_number_perm&Arg::path::|Function::tomoyo_path_chown&Arg::path::}"
CE0x52b5e70 "{CE0x52b5e70|tomoyo_path_number_perm:tmp12|*LoadInst*|security/tomoyo/file.c,702}"
CE0x5274c50 "{CE0x5274c50|tomoyo_path_number_perm:tobool|security/tomoyo/file.c,702}"
CE0x460ed50 "{CE0x460ed50|tomoyo_path_number_perm:if.end22}"
CE0x45cbf80 "{CE0x45cbf80|tomoyo_path_number_perm:error.1}"
CE0x50bad70 "{CE0x50bad70|tomoyo_path_number_perm:retval.0}"
CE0x551ca80 "{CE0x551ca80|_ret_i32_%retval.0,_!dbg_!38967|security/tomoyo/file.c,724}"
CE0x549f300 "{CE0x549f300|tomoyo_path_chown:call5|security/tomoyo/tomoyo.c,380}"
CE0x5751ba0 "{CE0x5751ba0|tomoyo_path_chown:error.0}"
CE0x57521a0 "{CE0x57521a0|tomoyo_path_chown:tobool|security/tomoyo/tomoyo.c,382}"
CE0x53cb250 "{CE0x53cb250|tomoyo_path_chown:if.then9}"
CE0x553cb60 "{CE0x553cb60|tomoyo_path_number_perm:entry}"
CE0x6b89c80 "{CE0x6b89c80|tomoyo_path_number_perm:bb}"
CE0x6b87e60 "{CE0x6b87e60|tomoyo_init_request_info:entry}"
CE0x458f5e0 "{CE0x458f5e0|tomoyo_init_request_info:if.end}"
CE0x6cbd350 "{CE0x6cbd350|0:_%struct.tomoyo_obj_info*,_24:_%struct.tomoyo_path_info*,_32:_i64,_40:_i8,_72:_i8,_76:_i8,_:_SCMRE_16,24_|*MultipleSource*|security/tomoyo/file.c,693|security/tomoyo/file.c, 693|security/tomoyo/file.c,707|Function::tomoyo_init_request_info&Arg::r::}"
CONST[source:0(mediator),value:2(dynamic)][purpose:{subject}][SnkIdx:0]


CONST[source:1(input),value:2(dynamic)][purpose:{object}][SrcIdx:15]  ->  CONST[source:0(mediator),value:0(static)][purpose:{operation}][SnkIdx:3]
-----------
CONST[source:1(input),value:2(dynamic)][purpose:{object}][SrcIdx:15]
CE0x5581ae0 "{CE0x5581ae0|16:_%struct.dentry*,_:_SCMRE_8,16_|*MultipleSource*|security/tomoyo/file.c, 694|security/tomoyo/file.c,694|security/tomoyo/file.c,694|Function::tomoyo_path_number_perm&Arg::path::|Function::tomoyo_path_chown&Arg::path::}"
CE0x52b5e70 "{CE0x52b5e70|tomoyo_path_number_perm:tmp12|*LoadInst*|security/tomoyo/file.c,702}"
CE0x5274c50 "{CE0x5274c50|tomoyo_path_number_perm:tobool|security/tomoyo/file.c,702}"
CE0x4466dc0 "{CE0x4466dc0|tomoyo_path_number_perm:if.end9}"
CE0x6e5b5c0 "{CE0x6e5b5c0|0:_%struct.tomoyo_obj_info*,_24:_%struct.tomoyo_path_info*,_32:_i64,_40:_i8,_72:_i8,_76:_i8,_:_SCMRE_40,41_}"
CONST[source:0(mediator),value:0(static)][purpose:{operation}][SnkIdx:3]


CONST[source:1(input),value:2(dynamic)][purpose:{object}][SrcIdx:15]  ->  CONST[source:0(mediator),value:2(dynamic)][purpose:{object}][SnkIdx:2]
-----------
CONST[source:1(input),value:2(dynamic)][purpose:{object}][SrcIdx:15]
CE0x5581ae0 "{CE0x5581ae0|16:_%struct.dentry*,_:_SCMRE_8,16_|*MultipleSource*|security/tomoyo/file.c, 694|security/tomoyo/file.c,694|security/tomoyo/file.c,694|Function::tomoyo_path_number_perm&Arg::path::|Function::tomoyo_path_chown&Arg::path::}"
CE0x52b5e70 "{CE0x52b5e70|tomoyo_path_number_perm:tmp12|*LoadInst*|security/tomoyo/file.c,702}"
CE0x5274c50 "{CE0x5274c50|tomoyo_path_number_perm:tobool|security/tomoyo/file.c,702}"
CE0x4466dc0 "{CE0x4466dc0|tomoyo_path_number_perm:if.end9}"
CE0x6e12f20 "{CE0x6e12f20|0:_%struct.tomoyo_obj_info*,_24:_%struct.tomoyo_path_info*,_32:_i64,_40:_i8,_72:_i8,_76:_i8,_:_SCMRE_38,39_}"
CONST[source:0(mediator),value:2(dynamic)][purpose:{object}][SnkIdx:2]


CONST[source:1(input),value:2(dynamic)][purpose:{object}][SrcIdx:15]  ->  CONST[source:0(mediator),value:2(dynamic)][purpose:{object}][SnkIdx:1]
-----------
CONST[source:1(input),value:2(dynamic)][purpose:{object}][SrcIdx:15]
CE0x5581ae0 "{CE0x5581ae0|16:_%struct.dentry*,_:_SCMRE_8,16_|*MultipleSource*|security/tomoyo/file.c, 694|security/tomoyo/file.c,694|security/tomoyo/file.c,694|Function::tomoyo_path_number_perm&Arg::path::|Function::tomoyo_path_chown&Arg::path::}"
CE0x52b5e70 "{CE0x52b5e70|tomoyo_path_number_perm:tmp12|*LoadInst*|security/tomoyo/file.c,702}"
CE0x5274c50 "{CE0x5274c50|tomoyo_path_number_perm:tobool|security/tomoyo/file.c,702}"
CE0x4466dc0 "{CE0x4466dc0|tomoyo_path_number_perm:if.end9}"
CE0x6e122e0 "{CE0x6e122e0|0:_%struct.tomoyo_obj_info*,_24:_%struct.tomoyo_path_info*,_32:_i64,_40:_i8,_72:_i8,_76:_i8,_:_SCMRE_31,32_}"
CONST[source:0(mediator),value:2(dynamic)][purpose:{object}][SnkIdx:1]


CONST[source:1(input),value:2(dynamic)][purpose:{object}][SrcIdx:18]  ->  CONST[source:0(mediator),value:2(dynamic)][purpose:{subject}][SnkIdx:0]
-----------
CONST[source:1(input),value:2(dynamic)][purpose:{object}][SrcIdx:18]
CE0x6e29b70 "{CE0x6e29b70|0:_i32,_:_SCMR_3,4_}"
CE0x6c14170 "{CE0x6c14170|tomoyo_path_chown:tmp21|security/tomoyo/tomoyo.c,384}"
CE0x6c6e8a0 "{CE0x6c6e8a0|tomoyo_path_chown:call11|security/tomoyo/tomoyo.c,384}"
CE0x6c6ece0 "{CE0x6c6ece0|tomoyo_path_chown:conv12|security/tomoyo/tomoyo.c,384}"
CE0x5708bd0 "{CE0x5708bd0|tomoyo_path_number_perm:number|Function::tomoyo_path_number_perm&Arg::number::}"
CE0x6e12d60 "{CE0x6e12d60|0:_%struct.tomoyo_obj_info*,_24:_%struct.tomoyo_path_info*,_32:_i64,_40:_i8,_72:_i8,_76:_i8,_:_SCMRE_37,38_}"
CE0x534cad0 "{CE0x534cad0|tomoyo_audit_path_number_log:call|security/tomoyo/file.c,233}"
CE0x6b9c310 "{CE0x6b9c310|_ret_i32_%call,_!dbg_!38932|security/tomoyo/file.c,236}"
CE0x550bf20 "{CE0x550bf20|tomoyo_path_number_perm:call15|security/tomoyo/file.c,716}"
CE0x430e0a0 "{CE0x430e0a0|tomoyo_path_number_perm:error.0}"
CE0x45cbf80 "{CE0x45cbf80|tomoyo_path_number_perm:error.1}"
CE0x50bad70 "{CE0x50bad70|tomoyo_path_number_perm:retval.0}"
CE0x551ca80 "{CE0x551ca80|_ret_i32_%retval.0,_!dbg_!38967|security/tomoyo/file.c,724}"
CE0x549f300 "{CE0x549f300|tomoyo_path_chown:call5|security/tomoyo/tomoyo.c,380}"
CE0x5751ba0 "{CE0x5751ba0|tomoyo_path_chown:error.0}"
CE0x57521a0 "{CE0x57521a0|tomoyo_path_chown:tobool|security/tomoyo/tomoyo.c,382}"
CE0x53cb250 "{CE0x53cb250|tomoyo_path_chown:if.then9}"
CE0x553cb60 "{CE0x553cb60|tomoyo_path_number_perm:entry}"
CE0x6b89c80 "{CE0x6b89c80|tomoyo_path_number_perm:bb}"
CE0x6b87e60 "{CE0x6b87e60|tomoyo_init_request_info:entry}"
CE0x458f5e0 "{CE0x458f5e0|tomoyo_init_request_info:if.end}"
CE0x6cbd350 "{CE0x6cbd350|0:_%struct.tomoyo_obj_info*,_24:_%struct.tomoyo_path_info*,_32:_i64,_40:_i8,_72:_i8,_76:_i8,_:_SCMRE_16,24_|*MultipleSource*|security/tomoyo/file.c,693|security/tomoyo/file.c, 693|security/tomoyo/file.c,707|Function::tomoyo_init_request_info&Arg::r::}"
CONST[source:0(mediator),value:2(dynamic)][purpose:{subject}][SnkIdx:0]


CONST[source:1(input),value:2(dynamic)][purpose:{object}][SrcIdx:18]  ->  CONST[source:0(mediator),value:0(static)][purpose:{operation}][SnkIdx:3]
-----------
CONST[source:1(input),value:2(dynamic)][purpose:{object}][SrcIdx:18]
CE0x6e29b70 "{CE0x6e29b70|0:_i32,_:_SCMR_3,4_}"
CE0x6c14170 "{CE0x6c14170|tomoyo_path_chown:tmp21|security/tomoyo/tomoyo.c,384}"
CE0x6c6e8a0 "{CE0x6c6e8a0|tomoyo_path_chown:call11|security/tomoyo/tomoyo.c,384}"
CE0x6c6ece0 "{CE0x6c6ece0|tomoyo_path_chown:conv12|security/tomoyo/tomoyo.c,384}"
CE0x5708bd0 "{CE0x5708bd0|tomoyo_path_number_perm:number|Function::tomoyo_path_number_perm&Arg::number::}"
CE0x6e12d60 "{CE0x6e12d60|0:_%struct.tomoyo_obj_info*,_24:_%struct.tomoyo_path_info*,_32:_i64,_40:_i8,_72:_i8,_76:_i8,_:_SCMRE_37,38_}"
CE0x534cad0 "{CE0x534cad0|tomoyo_audit_path_number_log:call|security/tomoyo/file.c,233}"
CE0x6b9c310 "{CE0x6b9c310|_ret_i32_%call,_!dbg_!38932|security/tomoyo/file.c,236}"
CE0x550bf20 "{CE0x550bf20|tomoyo_path_number_perm:call15|security/tomoyo/file.c,716}"
CE0x430e0a0 "{CE0x430e0a0|tomoyo_path_number_perm:error.0}"
CE0x45cbf80 "{CE0x45cbf80|tomoyo_path_number_perm:error.1}"
CE0x50bad70 "{CE0x50bad70|tomoyo_path_number_perm:retval.0}"
CE0x551ca80 "{CE0x551ca80|_ret_i32_%retval.0,_!dbg_!38967|security/tomoyo/file.c,724}"
CE0x549f300 "{CE0x549f300|tomoyo_path_chown:call5|security/tomoyo/tomoyo.c,380}"
CE0x5751ba0 "{CE0x5751ba0|tomoyo_path_chown:error.0}"
CE0x57521a0 "{CE0x57521a0|tomoyo_path_chown:tobool|security/tomoyo/tomoyo.c,382}"
CE0x53cb250 "{CE0x53cb250|tomoyo_path_chown:if.then9}"
CE0x553cb60 "{CE0x553cb60|tomoyo_path_number_perm:entry}"
CE0x4466dc0 "{CE0x4466dc0|tomoyo_path_number_perm:if.end9}"
CE0x6e5b5c0 "{CE0x6e5b5c0|0:_%struct.tomoyo_obj_info*,_24:_%struct.tomoyo_path_info*,_32:_i64,_40:_i8,_72:_i8,_76:_i8,_:_SCMRE_40,41_}"
CONST[source:0(mediator),value:0(static)][purpose:{operation}][SnkIdx:3]


CONST[source:1(input),value:2(dynamic)][purpose:{object}][SrcIdx:18]  ->  CONST[source:0(mediator),value:2(dynamic)][purpose:{object}][SnkIdx:2]
-----------
CONST[source:1(input),value:2(dynamic)][purpose:{object}][SrcIdx:18]
CE0x6e29b70 "{CE0x6e29b70|0:_i32,_:_SCMR_3,4_}"
CE0x6c14170 "{CE0x6c14170|tomoyo_path_chown:tmp21|security/tomoyo/tomoyo.c,384}"
CE0x6c6e8a0 "{CE0x6c6e8a0|tomoyo_path_chown:call11|security/tomoyo/tomoyo.c,384}"
CE0x6c6ece0 "{CE0x6c6ece0|tomoyo_path_chown:conv12|security/tomoyo/tomoyo.c,384}"
CE0x5708bd0 "{CE0x5708bd0|tomoyo_path_number_perm:number|Function::tomoyo_path_number_perm&Arg::number::}"
CE0x6e12f20 "{CE0x6e12f20|0:_%struct.tomoyo_obj_info*,_24:_%struct.tomoyo_path_info*,_32:_i64,_40:_i8,_72:_i8,_76:_i8,_:_SCMRE_38,39_}"
CONST[source:0(mediator),value:2(dynamic)][purpose:{object}][SnkIdx:2]


CONST[source:1(input),value:2(dynamic)][purpose:{object}][SrcIdx:18]  ->  CONST[source:0(mediator),value:2(dynamic)][purpose:{object}][SnkIdx:1]
-----------
CONST[source:1(input),value:2(dynamic)][purpose:{object}][SrcIdx:18]
CE0x6e29b70 "{CE0x6e29b70|0:_i32,_:_SCMR_3,4_}"
CE0x6c14170 "{CE0x6c14170|tomoyo_path_chown:tmp21|security/tomoyo/tomoyo.c,384}"
CE0x6c6e8a0 "{CE0x6c6e8a0|tomoyo_path_chown:call11|security/tomoyo/tomoyo.c,384}"
CE0x6c6ece0 "{CE0x6c6ece0|tomoyo_path_chown:conv12|security/tomoyo/tomoyo.c,384}"
CE0x5708bd0 "{CE0x5708bd0|tomoyo_path_number_perm:number|Function::tomoyo_path_number_perm&Arg::number::}"
CE0x6e12d60 "{CE0x6e12d60|0:_%struct.tomoyo_obj_info*,_24:_%struct.tomoyo_path_info*,_32:_i64,_40:_i8,_72:_i8,_76:_i8,_:_SCMRE_37,38_}"
CE0x534cad0 "{CE0x534cad0|tomoyo_audit_path_number_log:call|security/tomoyo/file.c,233}"
CE0x6b9c310 "{CE0x6b9c310|_ret_i32_%call,_!dbg_!38932|security/tomoyo/file.c,236}"
CE0x550bf20 "{CE0x550bf20|tomoyo_path_number_perm:call15|security/tomoyo/file.c,716}"
CE0x430e0a0 "{CE0x430e0a0|tomoyo_path_number_perm:error.0}"
CE0x45cbf80 "{CE0x45cbf80|tomoyo_path_number_perm:error.1}"
CE0x50bad70 "{CE0x50bad70|tomoyo_path_number_perm:retval.0}"
CE0x551ca80 "{CE0x551ca80|_ret_i32_%retval.0,_!dbg_!38967|security/tomoyo/file.c,724}"
CE0x549f300 "{CE0x549f300|tomoyo_path_chown:call5|security/tomoyo/tomoyo.c,380}"
CE0x5751ba0 "{CE0x5751ba0|tomoyo_path_chown:error.0}"
CE0x57521a0 "{CE0x57521a0|tomoyo_path_chown:tobool|security/tomoyo/tomoyo.c,382}"
CE0x53cb250 "{CE0x53cb250|tomoyo_path_chown:if.then9}"
CE0x553cb60 "{CE0x553cb60|tomoyo_path_number_perm:entry}"
CE0x444f000 "{CE0x444f000|tomoyo_path_number_perm:buf|security/tomoyo/file.c, 698}"
CE0x6e122e0 "{CE0x6e122e0|0:_%struct.tomoyo_obj_info*,_24:_%struct.tomoyo_path_info*,_32:_i64,_40:_i8,_72:_i8,_76:_i8,_:_SCMRE_31,32_}"
CONST[source:0(mediator),value:2(dynamic)][purpose:{object}][SnkIdx:1]


CONST[source:0(mediator),value:0(static)][purpose:{operation}][SrcIdx:16]  ->  CONST[source:0(mediator),value:2(dynamic)][purpose:{subject}][SnkIdx:0]
-----------
CONST[source:0(mediator),value:0(static)][purpose:{operation}][SrcIdx:16]
CE0x54f8d20 "{CE0x54f8d20|tomoyo_path_number_perm:type|Function::tomoyo_path_number_perm&Arg::type::|*SummSource*}"
CE0x54f8cb0 "{CE0x54f8cb0|tomoyo_path_number_perm:type|Function::tomoyo_path_number_perm&Arg::type::}"
CE0x6e5b5c0 "{CE0x6e5b5c0|0:_%struct.tomoyo_obj_info*,_24:_%struct.tomoyo_path_info*,_32:_i64,_40:_i8,_72:_i8,_76:_i8,_:_SCMRE_40,41_}"
CE0x534cad0 "{CE0x534cad0|tomoyo_audit_path_number_log:call|security/tomoyo/file.c,233}"
CE0x6b9c310 "{CE0x6b9c310|_ret_i32_%call,_!dbg_!38932|security/tomoyo/file.c,236}"
CE0x550bf20 "{CE0x550bf20|tomoyo_path_number_perm:call15|security/tomoyo/file.c,716}"
CE0x430e0a0 "{CE0x430e0a0|tomoyo_path_number_perm:error.0}"
CE0x45cbf80 "{CE0x45cbf80|tomoyo_path_number_perm:error.1}"
CE0x50bad70 "{CE0x50bad70|tomoyo_path_number_perm:retval.0}"
CE0x551ca80 "{CE0x551ca80|_ret_i32_%retval.0,_!dbg_!38967|security/tomoyo/file.c,724}"
CE0x549f300 "{CE0x549f300|tomoyo_path_chown:call5|security/tomoyo/tomoyo.c,380}"
CE0x5751ba0 "{CE0x5751ba0|tomoyo_path_chown:error.0}"
CE0x57521a0 "{CE0x57521a0|tomoyo_path_chown:tobool|security/tomoyo/tomoyo.c,382}"
CE0x53cb250 "{CE0x53cb250|tomoyo_path_chown:if.then9}"
CE0x553cb60 "{CE0x553cb60|tomoyo_path_number_perm:entry}"
CE0x6b89c80 "{CE0x6b89c80|tomoyo_path_number_perm:bb}"
CE0x6b87e60 "{CE0x6b87e60|tomoyo_init_request_info:entry}"
CE0x458f5e0 "{CE0x458f5e0|tomoyo_init_request_info:if.end}"
CE0x6cbd350 "{CE0x6cbd350|0:_%struct.tomoyo_obj_info*,_24:_%struct.tomoyo_path_info*,_32:_i64,_40:_i8,_72:_i8,_76:_i8,_:_SCMRE_16,24_|*MultipleSource*|security/tomoyo/file.c,693|security/tomoyo/file.c, 693|security/tomoyo/file.c,707|Function::tomoyo_init_request_info&Arg::r::}"
CONST[source:0(mediator),value:2(dynamic)][purpose:{subject}][SnkIdx:0]


CONST[source:0(mediator),value:0(static)][purpose:{operation}][SrcIdx:16]  ->  CONST[source:0(mediator),value:2(dynamic)][purpose:{object}][SnkIdx:2]
-----------
CONST[source:0(mediator),value:0(static)][purpose:{operation}][SrcIdx:16]
CE0x54f8d20 "{CE0x54f8d20|tomoyo_path_number_perm:type|Function::tomoyo_path_number_perm&Arg::type::|*SummSource*}"
CE0x54f8cb0 "{CE0x54f8cb0|tomoyo_path_number_perm:type|Function::tomoyo_path_number_perm&Arg::type::}"
CE0x6e5b5c0 "{CE0x6e5b5c0|0:_%struct.tomoyo_obj_info*,_24:_%struct.tomoyo_path_info*,_32:_i64,_40:_i8,_72:_i8,_76:_i8,_:_SCMRE_40,41_}"
CE0x534cad0 "{CE0x534cad0|tomoyo_audit_path_number_log:call|security/tomoyo/file.c,233}"
CE0x6b9c310 "{CE0x6b9c310|_ret_i32_%call,_!dbg_!38932|security/tomoyo/file.c,236}"
CE0x550bf20 "{CE0x550bf20|tomoyo_path_number_perm:call15|security/tomoyo/file.c,716}"
CE0x430e0a0 "{CE0x430e0a0|tomoyo_path_number_perm:error.0}"
CE0x45cbf80 "{CE0x45cbf80|tomoyo_path_number_perm:error.1}"
CE0x50bad70 "{CE0x50bad70|tomoyo_path_number_perm:retval.0}"
CE0x551ca80 "{CE0x551ca80|_ret_i32_%retval.0,_!dbg_!38967|security/tomoyo/file.c,724}"
CE0x549f300 "{CE0x549f300|tomoyo_path_chown:call5|security/tomoyo/tomoyo.c,380}"
CE0x5751ba0 "{CE0x5751ba0|tomoyo_path_chown:error.0}"
CE0x57521a0 "{CE0x57521a0|tomoyo_path_chown:tobool|security/tomoyo/tomoyo.c,382}"
CE0x53cb250 "{CE0x53cb250|tomoyo_path_chown:if.then9}"
CE0x553cb60 "{CE0x553cb60|tomoyo_path_number_perm:entry}"
CE0x4466dc0 "{CE0x4466dc0|tomoyo_path_number_perm:if.end9}"
CE0x6e12f20 "{CE0x6e12f20|0:_%struct.tomoyo_obj_info*,_24:_%struct.tomoyo_path_info*,_32:_i64,_40:_i8,_72:_i8,_76:_i8,_:_SCMRE_38,39_}"
CONST[source:0(mediator),value:2(dynamic)][purpose:{object}][SnkIdx:2]


CONST[source:0(mediator),value:0(static)][purpose:{operation}][SrcIdx:16]  ->  CONST[source:0(mediator),value:2(dynamic)][purpose:{object}][SnkIdx:1]
-----------
CONST[source:0(mediator),value:0(static)][purpose:{operation}][SrcIdx:16]
CE0x54f8d20 "{CE0x54f8d20|tomoyo_path_number_perm:type|Function::tomoyo_path_number_perm&Arg::type::|*SummSource*}"
CE0x54f8cb0 "{CE0x54f8cb0|tomoyo_path_number_perm:type|Function::tomoyo_path_number_perm&Arg::type::}"
CE0x6e5b5c0 "{CE0x6e5b5c0|0:_%struct.tomoyo_obj_info*,_24:_%struct.tomoyo_path_info*,_32:_i64,_40:_i8,_72:_i8,_76:_i8,_:_SCMRE_40,41_}"
CE0x534cad0 "{CE0x534cad0|tomoyo_audit_path_number_log:call|security/tomoyo/file.c,233}"
CE0x6b9c310 "{CE0x6b9c310|_ret_i32_%call,_!dbg_!38932|security/tomoyo/file.c,236}"
CE0x550bf20 "{CE0x550bf20|tomoyo_path_number_perm:call15|security/tomoyo/file.c,716}"
CE0x430e0a0 "{CE0x430e0a0|tomoyo_path_number_perm:error.0}"
CE0x45cbf80 "{CE0x45cbf80|tomoyo_path_number_perm:error.1}"
CE0x50bad70 "{CE0x50bad70|tomoyo_path_number_perm:retval.0}"
CE0x551ca80 "{CE0x551ca80|_ret_i32_%retval.0,_!dbg_!38967|security/tomoyo/file.c,724}"
CE0x549f300 "{CE0x549f300|tomoyo_path_chown:call5|security/tomoyo/tomoyo.c,380}"
CE0x5751ba0 "{CE0x5751ba0|tomoyo_path_chown:error.0}"
CE0x57521a0 "{CE0x57521a0|tomoyo_path_chown:tobool|security/tomoyo/tomoyo.c,382}"
CE0x53cb250 "{CE0x53cb250|tomoyo_path_chown:if.then9}"
CE0x553cb60 "{CE0x553cb60|tomoyo_path_number_perm:entry}"
CE0x444f000 "{CE0x444f000|tomoyo_path_number_perm:buf|security/tomoyo/file.c, 698}"
CE0x6e122e0 "{CE0x6e122e0|0:_%struct.tomoyo_obj_info*,_24:_%struct.tomoyo_path_info*,_32:_i64,_40:_i8,_72:_i8,_76:_i8,_:_SCMRE_31,32_}"
CONST[source:0(mediator),value:2(dynamic)][purpose:{object}][SnkIdx:1]


CONST[source:2(external),value:2(dynamic)][purpose:{subject}][SrcIdx:19]  ->  CONST[source:0(mediator),value:2(dynamic)][purpose:{subject}][SnkIdx:0]
-----------
CONST[source:2(external),value:2(dynamic)][purpose:{subject}][SrcIdx:19]
CE0x4536b90 "{CE0x4536b90|128:_i8*,_1208:_%struct.file*,_:_CMRE_128,136_|*MultipleSource*|security/tomoyo/common.h,1205|security/tomoyo/common.h,1205}"
CE0x4390370 "{CE0x4390370|tomoyo_domain:tmp22|security/tomoyo/common.h,1205}"
CE0x38065c0 "{CE0x38065c0|tomoyo_domain:tmp23|security/tomoyo/common.h,1205}"
CE0x55bb040 "{CE0x55bb040|_ret_%struct.tomoyo_domain_info*_%tmp23,_!dbg_!38929|security/tomoyo/common.h,1205}"
CE0x519d9b0 "{CE0x519d9b0|tomoyo_init_request_info:call|security/tomoyo/util.c,1005}"
CE0x54d67a0 "{CE0x54d67a0|tomoyo_init_request_info:domain.addr.0}"
CE0x6cbd350 "{CE0x6cbd350|0:_%struct.tomoyo_obj_info*,_24:_%struct.tomoyo_path_info*,_32:_i64,_40:_i8,_72:_i8,_76:_i8,_:_SCMRE_16,24_|*MultipleSource*|security/tomoyo/file.c,693|security/tomoyo/file.c, 693|security/tomoyo/file.c,707|Function::tomoyo_init_request_info&Arg::r::}"
CONST[source:0(mediator),value:2(dynamic)][purpose:{subject}][SnkIdx:0]


CONST[source:2(external),value:2(dynamic)][purpose:{subject}][SrcIdx:19]  ->  CONST[source:0(mediator),value:0(static)][purpose:{operation}][SnkIdx:3]
-----------
CONST[source:2(external),value:2(dynamic)][purpose:{subject}][SrcIdx:19]
CE0x4536b90 "{CE0x4536b90|128:_i8*,_1208:_%struct.file*,_:_CMRE_128,136_|*MultipleSource*|security/tomoyo/common.h,1205|security/tomoyo/common.h,1205}"
CE0x4390370 "{CE0x4390370|tomoyo_domain:tmp22|security/tomoyo/common.h,1205}"
CE0x38065c0 "{CE0x38065c0|tomoyo_domain:tmp23|security/tomoyo/common.h,1205}"
CE0x55bb040 "{CE0x55bb040|_ret_%struct.tomoyo_domain_info*_%tmp23,_!dbg_!38929|security/tomoyo/common.h,1205}"
CE0x519d9b0 "{CE0x519d9b0|tomoyo_init_request_info:call|security/tomoyo/util.c,1005}"
CE0x54d67a0 "{CE0x54d67a0|tomoyo_init_request_info:domain.addr.0}"
CE0x6cbd350 "{CE0x6cbd350|0:_%struct.tomoyo_obj_info*,_24:_%struct.tomoyo_path_info*,_32:_i64,_40:_i8,_72:_i8,_76:_i8,_:_SCMRE_16,24_|*MultipleSource*|security/tomoyo/file.c,693|security/tomoyo/file.c, 693|security/tomoyo/file.c,707|Function::tomoyo_init_request_info&Arg::r::}"
CE0x534cad0 "{CE0x534cad0|tomoyo_audit_path_number_log:call|security/tomoyo/file.c,233}"
CE0x6b9c310 "{CE0x6b9c310|_ret_i32_%call,_!dbg_!38932|security/tomoyo/file.c,236}"
CE0x550bf20 "{CE0x550bf20|tomoyo_path_number_perm:call15|security/tomoyo/file.c,716}"
CE0x430e0a0 "{CE0x430e0a0|tomoyo_path_number_perm:error.0}"
CE0x45cbf80 "{CE0x45cbf80|tomoyo_path_number_perm:error.1}"
CE0x50bad70 "{CE0x50bad70|tomoyo_path_number_perm:retval.0}"
CE0x551ca80 "{CE0x551ca80|_ret_i32_%retval.0,_!dbg_!38967|security/tomoyo/file.c,724}"
CE0x549f300 "{CE0x549f300|tomoyo_path_chown:call5|security/tomoyo/tomoyo.c,380}"
CE0x5751ba0 "{CE0x5751ba0|tomoyo_path_chown:error.0}"
CE0x57521a0 "{CE0x57521a0|tomoyo_path_chown:tobool|security/tomoyo/tomoyo.c,382}"
CE0x53cb250 "{CE0x53cb250|tomoyo_path_chown:if.then9}"
CE0x553cb60 "{CE0x553cb60|tomoyo_path_number_perm:entry}"
CE0x4466dc0 "{CE0x4466dc0|tomoyo_path_number_perm:if.end9}"
CE0x6e5b5c0 "{CE0x6e5b5c0|0:_%struct.tomoyo_obj_info*,_24:_%struct.tomoyo_path_info*,_32:_i64,_40:_i8,_72:_i8,_76:_i8,_:_SCMRE_40,41_}"
CONST[source:0(mediator),value:0(static)][purpose:{operation}][SnkIdx:3]


CONST[source:2(external),value:2(dynamic)][purpose:{subject}][SrcIdx:19]  ->  CONST[source:0(mediator),value:2(dynamic)][purpose:{object}][SnkIdx:2]
-----------
CONST[source:2(external),value:2(dynamic)][purpose:{subject}][SrcIdx:19]
CE0x4536b90 "{CE0x4536b90|128:_i8*,_1208:_%struct.file*,_:_CMRE_128,136_|*MultipleSource*|security/tomoyo/common.h,1205|security/tomoyo/common.h,1205}"
CE0x4390370 "{CE0x4390370|tomoyo_domain:tmp22|security/tomoyo/common.h,1205}"
CE0x38065c0 "{CE0x38065c0|tomoyo_domain:tmp23|security/tomoyo/common.h,1205}"
CE0x55bb040 "{CE0x55bb040|_ret_%struct.tomoyo_domain_info*_%tmp23,_!dbg_!38929|security/tomoyo/common.h,1205}"
CE0x519d9b0 "{CE0x519d9b0|tomoyo_init_request_info:call|security/tomoyo/util.c,1005}"
CE0x54d67a0 "{CE0x54d67a0|tomoyo_init_request_info:domain.addr.0}"
CE0x6cbd350 "{CE0x6cbd350|0:_%struct.tomoyo_obj_info*,_24:_%struct.tomoyo_path_info*,_32:_i64,_40:_i8,_72:_i8,_76:_i8,_:_SCMRE_16,24_|*MultipleSource*|security/tomoyo/file.c,693|security/tomoyo/file.c, 693|security/tomoyo/file.c,707|Function::tomoyo_init_request_info&Arg::r::}"
CE0x534cad0 "{CE0x534cad0|tomoyo_audit_path_number_log:call|security/tomoyo/file.c,233}"
CE0x6b9c310 "{CE0x6b9c310|_ret_i32_%call,_!dbg_!38932|security/tomoyo/file.c,236}"
CE0x550bf20 "{CE0x550bf20|tomoyo_path_number_perm:call15|security/tomoyo/file.c,716}"
CE0x430e0a0 "{CE0x430e0a0|tomoyo_path_number_perm:error.0}"
CE0x45cbf80 "{CE0x45cbf80|tomoyo_path_number_perm:error.1}"
CE0x50bad70 "{CE0x50bad70|tomoyo_path_number_perm:retval.0}"
CE0x551ca80 "{CE0x551ca80|_ret_i32_%retval.0,_!dbg_!38967|security/tomoyo/file.c,724}"
CE0x549f300 "{CE0x549f300|tomoyo_path_chown:call5|security/tomoyo/tomoyo.c,380}"
CE0x5751ba0 "{CE0x5751ba0|tomoyo_path_chown:error.0}"
CE0x57521a0 "{CE0x57521a0|tomoyo_path_chown:tobool|security/tomoyo/tomoyo.c,382}"
CE0x53cb250 "{CE0x53cb250|tomoyo_path_chown:if.then9}"
CE0x553cb60 "{CE0x553cb60|tomoyo_path_number_perm:entry}"
CE0x4466dc0 "{CE0x4466dc0|tomoyo_path_number_perm:if.end9}"
CE0x6e12f20 "{CE0x6e12f20|0:_%struct.tomoyo_obj_info*,_24:_%struct.tomoyo_path_info*,_32:_i64,_40:_i8,_72:_i8,_76:_i8,_:_SCMRE_38,39_}"
CONST[source:0(mediator),value:2(dynamic)][purpose:{object}][SnkIdx:2]


CONST[source:2(external),value:2(dynamic)][purpose:{subject}][SrcIdx:19]  ->  CONST[source:0(mediator),value:2(dynamic)][purpose:{object}][SnkIdx:1]
-----------
CONST[source:2(external),value:2(dynamic)][purpose:{subject}][SrcIdx:19]
CE0x4536b90 "{CE0x4536b90|128:_i8*,_1208:_%struct.file*,_:_CMRE_128,136_|*MultipleSource*|security/tomoyo/common.h,1205|security/tomoyo/common.h,1205}"
CE0x4390370 "{CE0x4390370|tomoyo_domain:tmp22|security/tomoyo/common.h,1205}"
CE0x38065c0 "{CE0x38065c0|tomoyo_domain:tmp23|security/tomoyo/common.h,1205}"
CE0x55bb040 "{CE0x55bb040|_ret_%struct.tomoyo_domain_info*_%tmp23,_!dbg_!38929|security/tomoyo/common.h,1205}"
CE0x519d9b0 "{CE0x519d9b0|tomoyo_init_request_info:call|security/tomoyo/util.c,1005}"
CE0x54d67a0 "{CE0x54d67a0|tomoyo_init_request_info:domain.addr.0}"
CE0x6cbd350 "{CE0x6cbd350|0:_%struct.tomoyo_obj_info*,_24:_%struct.tomoyo_path_info*,_32:_i64,_40:_i8,_72:_i8,_76:_i8,_:_SCMRE_16,24_|*MultipleSource*|security/tomoyo/file.c,693|security/tomoyo/file.c, 693|security/tomoyo/file.c,707|Function::tomoyo_init_request_info&Arg::r::}"
CE0x534cad0 "{CE0x534cad0|tomoyo_audit_path_number_log:call|security/tomoyo/file.c,233}"
CE0x6b9c310 "{CE0x6b9c310|_ret_i32_%call,_!dbg_!38932|security/tomoyo/file.c,236}"
CE0x550bf20 "{CE0x550bf20|tomoyo_path_number_perm:call15|security/tomoyo/file.c,716}"
CE0x430e0a0 "{CE0x430e0a0|tomoyo_path_number_perm:error.0}"
CE0x45cbf80 "{CE0x45cbf80|tomoyo_path_number_perm:error.1}"
CE0x50bad70 "{CE0x50bad70|tomoyo_path_number_perm:retval.0}"
CE0x551ca80 "{CE0x551ca80|_ret_i32_%retval.0,_!dbg_!38967|security/tomoyo/file.c,724}"
CE0x549f300 "{CE0x549f300|tomoyo_path_chown:call5|security/tomoyo/tomoyo.c,380}"
CE0x5751ba0 "{CE0x5751ba0|tomoyo_path_chown:error.0}"
CE0x57521a0 "{CE0x57521a0|tomoyo_path_chown:tobool|security/tomoyo/tomoyo.c,382}"
CE0x53cb250 "{CE0x53cb250|tomoyo_path_chown:if.then9}"
CE0x553cb60 "{CE0x553cb60|tomoyo_path_number_perm:entry}"
CE0x444f000 "{CE0x444f000|tomoyo_path_number_perm:buf|security/tomoyo/file.c, 698}"
CE0x6e122e0 "{CE0x6e122e0|0:_%struct.tomoyo_obj_info*,_24:_%struct.tomoyo_path_info*,_32:_i64,_40:_i8,_72:_i8,_76:_i8,_:_SCMRE_31,32_}"
CONST[source:0(mediator),value:2(dynamic)][purpose:{object}][SnkIdx:1]


CONST[source:1(input),value:2(dynamic)][purpose:{object}][SrcIdx:17]  ->  CONST[source:0(mediator),value:2(dynamic)][purpose:{subject}][SnkIdx:0]
-----------
CONST[source:1(input),value:2(dynamic)][purpose:{object}][SrcIdx:17]
CE0x5237790 "{CE0x5237790|0:_i32,_:_SCMR_1,2_}"
CE0x544b660 "{CE0x544b660|tomoyo_path_chown:tmp9|security/tomoyo/tomoyo.c,381}"
CE0x5495170 "{CE0x5495170|tomoyo_path_chown:call4|security/tomoyo/tomoyo.c,381}"
CE0x549f130 "{CE0x549f130|tomoyo_path_chown:conv|security/tomoyo/tomoyo.c,381}"
CE0x5708bd0 "{CE0x5708bd0|tomoyo_path_number_perm:number|Function::tomoyo_path_number_perm&Arg::number::}"
CE0x6e12d60 "{CE0x6e12d60|0:_%struct.tomoyo_obj_info*,_24:_%struct.tomoyo_path_info*,_32:_i64,_40:_i8,_72:_i8,_76:_i8,_:_SCMRE_37,38_}"
CE0x534cad0 "{CE0x534cad0|tomoyo_audit_path_number_log:call|security/tomoyo/file.c,233}"
CE0x6b9c310 "{CE0x6b9c310|_ret_i32_%call,_!dbg_!38932|security/tomoyo/file.c,236}"
CE0x550bf20 "{CE0x550bf20|tomoyo_path_number_perm:call15|security/tomoyo/file.c,716}"
CE0x430e0a0 "{CE0x430e0a0|tomoyo_path_number_perm:error.0}"
CE0x45cbf80 "{CE0x45cbf80|tomoyo_path_number_perm:error.1}"
CE0x50bad70 "{CE0x50bad70|tomoyo_path_number_perm:retval.0}"
CE0x551ca80 "{CE0x551ca80|_ret_i32_%retval.0,_!dbg_!38967|security/tomoyo/file.c,724}"
CE0x549f300 "{CE0x549f300|tomoyo_path_chown:call5|security/tomoyo/tomoyo.c,380}"
CE0x5751ba0 "{CE0x5751ba0|tomoyo_path_chown:error.0}"
CE0x57521a0 "{CE0x57521a0|tomoyo_path_chown:tobool|security/tomoyo/tomoyo.c,382}"
CE0x53cb250 "{CE0x53cb250|tomoyo_path_chown:if.then9}"
CE0x553cb60 "{CE0x553cb60|tomoyo_path_number_perm:entry}"
CE0x6b89c80 "{CE0x6b89c80|tomoyo_path_number_perm:bb}"
CE0x6b87e60 "{CE0x6b87e60|tomoyo_init_request_info:entry}"
CE0x458f5e0 "{CE0x458f5e0|tomoyo_init_request_info:if.end}"
CE0x6cbd350 "{CE0x6cbd350|0:_%struct.tomoyo_obj_info*,_24:_%struct.tomoyo_path_info*,_32:_i64,_40:_i8,_72:_i8,_76:_i8,_:_SCMRE_16,24_|*MultipleSource*|security/tomoyo/file.c,693|security/tomoyo/file.c, 693|security/tomoyo/file.c,707|Function::tomoyo_init_request_info&Arg::r::}"
CONST[source:0(mediator),value:2(dynamic)][purpose:{subject}][SnkIdx:0]


CONST[source:1(input),value:2(dynamic)][purpose:{object}][SrcIdx:17]  ->  CONST[source:0(mediator),value:0(static)][purpose:{operation}][SnkIdx:3]
-----------
CONST[source:1(input),value:2(dynamic)][purpose:{object}][SrcIdx:17]
CE0x5237790 "{CE0x5237790|0:_i32,_:_SCMR_1,2_}"
CE0x544b660 "{CE0x544b660|tomoyo_path_chown:tmp9|security/tomoyo/tomoyo.c,381}"
CE0x5495170 "{CE0x5495170|tomoyo_path_chown:call4|security/tomoyo/tomoyo.c,381}"
CE0x549f130 "{CE0x549f130|tomoyo_path_chown:conv|security/tomoyo/tomoyo.c,381}"
CE0x5708bd0 "{CE0x5708bd0|tomoyo_path_number_perm:number|Function::tomoyo_path_number_perm&Arg::number::}"
CE0x6e12d60 "{CE0x6e12d60|0:_%struct.tomoyo_obj_info*,_24:_%struct.tomoyo_path_info*,_32:_i64,_40:_i8,_72:_i8,_76:_i8,_:_SCMRE_37,38_}"
CE0x534cad0 "{CE0x534cad0|tomoyo_audit_path_number_log:call|security/tomoyo/file.c,233}"
CE0x6b9c310 "{CE0x6b9c310|_ret_i32_%call,_!dbg_!38932|security/tomoyo/file.c,236}"
CE0x550bf20 "{CE0x550bf20|tomoyo_path_number_perm:call15|security/tomoyo/file.c,716}"
CE0x430e0a0 "{CE0x430e0a0|tomoyo_path_number_perm:error.0}"
CE0x45cbf80 "{CE0x45cbf80|tomoyo_path_number_perm:error.1}"
CE0x50bad70 "{CE0x50bad70|tomoyo_path_number_perm:retval.0}"
CE0x551ca80 "{CE0x551ca80|_ret_i32_%retval.0,_!dbg_!38967|security/tomoyo/file.c,724}"
CE0x549f300 "{CE0x549f300|tomoyo_path_chown:call5|security/tomoyo/tomoyo.c,380}"
CE0x5751ba0 "{CE0x5751ba0|tomoyo_path_chown:error.0}"
CE0x57521a0 "{CE0x57521a0|tomoyo_path_chown:tobool|security/tomoyo/tomoyo.c,382}"
CE0x53cb250 "{CE0x53cb250|tomoyo_path_chown:if.then9}"
CE0x553cb60 "{CE0x553cb60|tomoyo_path_number_perm:entry}"
CE0x4466dc0 "{CE0x4466dc0|tomoyo_path_number_perm:if.end9}"
CE0x6e5b5c0 "{CE0x6e5b5c0|0:_%struct.tomoyo_obj_info*,_24:_%struct.tomoyo_path_info*,_32:_i64,_40:_i8,_72:_i8,_76:_i8,_:_SCMRE_40,41_}"
CONST[source:0(mediator),value:0(static)][purpose:{operation}][SnkIdx:3]


CONST[source:1(input),value:2(dynamic)][purpose:{object}][SrcIdx:17]  ->  CONST[source:0(mediator),value:2(dynamic)][purpose:{object}][SnkIdx:2]
-----------
CONST[source:1(input),value:2(dynamic)][purpose:{object}][SrcIdx:17]
CE0x5237790 "{CE0x5237790|0:_i32,_:_SCMR_1,2_}"
CE0x544b660 "{CE0x544b660|tomoyo_path_chown:tmp9|security/tomoyo/tomoyo.c,381}"
CE0x5495170 "{CE0x5495170|tomoyo_path_chown:call4|security/tomoyo/tomoyo.c,381}"
CE0x549f130 "{CE0x549f130|tomoyo_path_chown:conv|security/tomoyo/tomoyo.c,381}"
CE0x5708bd0 "{CE0x5708bd0|tomoyo_path_number_perm:number|Function::tomoyo_path_number_perm&Arg::number::}"
CE0x6e12f20 "{CE0x6e12f20|0:_%struct.tomoyo_obj_info*,_24:_%struct.tomoyo_path_info*,_32:_i64,_40:_i8,_72:_i8,_76:_i8,_:_SCMRE_38,39_}"
CONST[source:0(mediator),value:2(dynamic)][purpose:{object}][SnkIdx:2]


CONST[source:1(input),value:2(dynamic)][purpose:{object}][SrcIdx:17]  ->  CONST[source:0(mediator),value:2(dynamic)][purpose:{object}][SnkIdx:1]
-----------
CONST[source:1(input),value:2(dynamic)][purpose:{object}][SrcIdx:17]
CE0x5237790 "{CE0x5237790|0:_i32,_:_SCMR_1,2_}"
CE0x544b660 "{CE0x544b660|tomoyo_path_chown:tmp9|security/tomoyo/tomoyo.c,381}"
CE0x5495170 "{CE0x5495170|tomoyo_path_chown:call4|security/tomoyo/tomoyo.c,381}"
CE0x549f130 "{CE0x549f130|tomoyo_path_chown:conv|security/tomoyo/tomoyo.c,381}"
CE0x5708bd0 "{CE0x5708bd0|tomoyo_path_number_perm:number|Function::tomoyo_path_number_perm&Arg::number::}"
CE0x6e12d60 "{CE0x6e12d60|0:_%struct.tomoyo_obj_info*,_24:_%struct.tomoyo_path_info*,_32:_i64,_40:_i8,_72:_i8,_76:_i8,_:_SCMRE_37,38_}"
CE0x534cad0 "{CE0x534cad0|tomoyo_audit_path_number_log:call|security/tomoyo/file.c,233}"
CE0x6b9c310 "{CE0x6b9c310|_ret_i32_%call,_!dbg_!38932|security/tomoyo/file.c,236}"
CE0x550bf20 "{CE0x550bf20|tomoyo_path_number_perm:call15|security/tomoyo/file.c,716}"
CE0x430e0a0 "{CE0x430e0a0|tomoyo_path_number_perm:error.0}"
CE0x45cbf80 "{CE0x45cbf80|tomoyo_path_number_perm:error.1}"
CE0x50bad70 "{CE0x50bad70|tomoyo_path_number_perm:retval.0}"
CE0x551ca80 "{CE0x551ca80|_ret_i32_%retval.0,_!dbg_!38967|security/tomoyo/file.c,724}"
CE0x549f300 "{CE0x549f300|tomoyo_path_chown:call5|security/tomoyo/tomoyo.c,380}"
CE0x5751ba0 "{CE0x5751ba0|tomoyo_path_chown:error.0}"
CE0x57521a0 "{CE0x57521a0|tomoyo_path_chown:tobool|security/tomoyo/tomoyo.c,382}"
CE0x53cb250 "{CE0x53cb250|tomoyo_path_chown:if.then9}"
CE0x553cb60 "{CE0x553cb60|tomoyo_path_number_perm:entry}"
CE0x444f000 "{CE0x444f000|tomoyo_path_number_perm:buf|security/tomoyo/file.c, 698}"
CE0x6e122e0 "{CE0x6e122e0|0:_%struct.tomoyo_obj_info*,_24:_%struct.tomoyo_path_info*,_32:_i64,_40:_i8,_72:_i8,_76:_i8,_:_SCMRE_31,32_}"
CONST[source:0(mediator),value:2(dynamic)][purpose:{object}][SnkIdx:1]


