[tomoyo_sb_umount]

explicit:
CONST[source:2(external),value:2(dynamic)][purpose:{subject}][SrcIdx:2]  ->  CONST[source:0(mediator),value:2(dynamic)][purpose:{subject}]
-----------
CONST[source:2(external),value:2(dynamic)][purpose:{subject}][SrcIdx:2]
CE0x808b020 "{CE0x808b020|COLLAPSED:_GCRE_current_task_external_global_%struct.task_struct*:_elem_0::|security/tomoyo/common.h,1205}"
CE0x6979710 "{CE0x6979710|tomoyo_domain:tmp22|security/tomoyo/common.h,1205}"
CE0x592b4a0 "{CE0x592b4a0|tomoyo_domain:tmp23|security/tomoyo/common.h,1205}"
CE0x587ce60 "{CE0x587ce60|_ret_%struct.tomoyo_domain_info*_%tmp23,_!dbg_!38929|security/tomoyo/common.h,1205}"
CE0x66adab0 "{CE0x66adab0|tomoyo_init_request_info:call|security/tomoyo/util.c,1005}"
CE0x5a44c00 "{CE0x5a44c00|tomoyo_init_request_info:domain.addr.0}"
CE0x687a990 "{CE0x687a990|0:_%struct.tomoyo_obj_info*,_16:_%struct.tomoyo_domain_info*,_24:_%struct.tomoyo_path_info*,_40:_i8,_72:_i8,_75:_i8,_76:_i8,_77:_i8,_:_SCMRE_16,24_|*MultipleSource*|security/tomoyo/file.c, 787|security/tomoyo/file.c,787|Function::tomoyo_init_request_info&Arg::r::|security/tomoyo/file.c,800}"
CONST[source:0(mediator),value:2(dynamic)][purpose:{subject}]



implicit:
CONST[source:0(mediator),value:0(static)][purpose:{operation}][SrcIdx:1]  ->  CONST[source:0(mediator),value:2(dynamic)][purpose:{object}]
-----------
CONST[source:0(mediator),value:0(static)][purpose:{operation}][SrcIdx:1]
CE0x5891f20 "{CE0x5891f20|tomoyo_path_perm:operation|Function::tomoyo_path_perm&Arg::operation::|*SummSource*}"
CE0x4cb7bf0 "{CE0x4cb7bf0|tomoyo_path_perm:operation|Function::tomoyo_path_perm&Arg::operation::}"
CE0x6b30fc0 "{CE0x6b30fc0|tomoyo_path_perm:conv8|security/tomoyo/file.c,807}"
CE0x5816da0 "{CE0x5816da0|tomoyo_path_perm:sw.epilog}"
CE0x5b1a0d0 "{CE0x5b1a0d0|tomoyo_path_permission:entry}"
CE0x69f8870 "{CE0x69f8870|tomoyo_path_permission:if.end}"
CE0x6887a60 "{CE0x6887a60|0:_%struct.tomoyo_obj_info*,_16:_%struct.tomoyo_domain_info*,_24:_%struct.tomoyo_path_info*,_40:_i8,_72:_i8,_75:_i8,_76:_i8,_77:_i8,_:_SCMRE_25,26_}"
CONST[source:0(mediator),value:2(dynamic)][purpose:{object}]


CONST[source:1(input),value:2(dynamic)][purpose:{object}][SrcIdx:0]  ->  CONST[source:0(mediator),value:2(dynamic)][purpose:{object}]
-----------
CONST[source:1(input),value:2(dynamic)][purpose:{object}][SrcIdx:0]
CE0x4c8ed60 "{CE0x4c8ed60|tomoyo_sb_umount:mnt|Function::tomoyo_sb_umount&Arg::mnt::|*SummSource*}"
CE0x4c8ecf0 "{CE0x4c8ecf0|tomoyo_sb_umount:mnt|Function::tomoyo_sb_umount&Arg::mnt::}"
CE0x4c8ee30 "{CE0x4c8ee30|8:_%struct.vfsmount*,_16:_%struct.dentry*,_168:_%struct.tomoyo_path_info*,_:_SCMRE_0,8_|*MultipleSource*|security/tomoyo/tomoyo.c, 427|security/tomoyo/tomoyo.c,427}"
CE0x8078d20 "{CE0x8078d20|tomoyo_get_realpath:call|security/tomoyo/file.c,150}"
CE0x6a0a010 "{CE0x6a0a010|0:_i8*,_:_SCMRE_0,8_|*MultipleSource*|security/tomoyo/file.c, 794|security/tomoyo/file.c, 792|security/tomoyo/file.c,802}"
CE0x59e6c10 "{CE0x59e6c10|tomoyo_path_perm:tmp23|security/tomoyo/file.c,814}"
CE0x8318510 "{CE0x8318510|tomoyo_path_perm:tobool|security/tomoyo/file.c,814}"
CE0x5816da0 "{CE0x5816da0|tomoyo_path_perm:sw.epilog}"
CE0x5b1a0d0 "{CE0x5b1a0d0|tomoyo_path_permission:entry}"
CE0x69f8870 "{CE0x69f8870|tomoyo_path_permission:if.end}"
CE0x6887a60 "{CE0x6887a60|0:_%struct.tomoyo_obj_info*,_16:_%struct.tomoyo_domain_info*,_24:_%struct.tomoyo_path_info*,_40:_i8,_72:_i8,_75:_i8,_76:_i8,_77:_i8,_:_SCMRE_25,26_}"
CONST[source:0(mediator),value:2(dynamic)][purpose:{object}]


CONST[source:1(input),value:2(dynamic)][purpose:{object}][SrcIdx:0]  ->  CONST[source:0(mediator),value:0(static)][purpose:{operation}]
-----------
CONST[source:1(input),value:2(dynamic)][purpose:{object}][SrcIdx:0]
CE0x4c8ed60 "{CE0x4c8ed60|tomoyo_sb_umount:mnt|Function::tomoyo_sb_umount&Arg::mnt::|*SummSource*}"
CE0x4c8ecf0 "{CE0x4c8ecf0|tomoyo_sb_umount:mnt|Function::tomoyo_sb_umount&Arg::mnt::}"
CE0x4c8ee30 "{CE0x4c8ee30|8:_%struct.vfsmount*,_16:_%struct.dentry*,_168:_%struct.tomoyo_path_info*,_:_SCMRE_0,8_|*MultipleSource*|security/tomoyo/tomoyo.c, 427|security/tomoyo/tomoyo.c,427}"
CE0x8078d20 "{CE0x8078d20|tomoyo_get_realpath:call|security/tomoyo/file.c,150}"
CE0x6a0a010 "{CE0x6a0a010|0:_i8*,_:_SCMRE_0,8_|*MultipleSource*|security/tomoyo/file.c, 794|security/tomoyo/file.c, 792|security/tomoyo/file.c,802}"
CE0x59e6c10 "{CE0x59e6c10|tomoyo_path_perm:tmp23|security/tomoyo/file.c,814}"
CE0x8318510 "{CE0x8318510|tomoyo_path_perm:tobool|security/tomoyo/file.c,814}"
CE0x5816da0 "{CE0x5816da0|tomoyo_path_perm:sw.epilog}"
CE0x5b1a0d0 "{CE0x5b1a0d0|tomoyo_path_permission:entry}"
CE0x69f8870 "{CE0x69f8870|tomoyo_path_permission:if.end}"
CE0x68e3580 "{CE0x68e3580|0:_%struct.tomoyo_obj_info*,_16:_%struct.tomoyo_domain_info*,_24:_%struct.tomoyo_path_info*,_40:_i8,_72:_i8,_75:_i8,_76:_i8,_77:_i8,_:_SCMRE_40,41_}"
CONST[source:0(mediator),value:0(static)][purpose:{operation}]


CONST[source:2(external),value:2(dynamic)][purpose:{subject}][SrcIdx:2]  ->  CONST[source:0(mediator),value:2(dynamic)][purpose:{subject}]
-----------
CONST[source:2(external),value:2(dynamic)][purpose:{subject}][SrcIdx:2]
CE0x6804190 "{CE0x6804190|128:_i8*,_1208:_%struct.file*,_:_CMRE_128,136_|*MultipleSource*|security/tomoyo/common.h,1205|security/tomoyo/common.h,1205}"
CE0x6979710 "{CE0x6979710|tomoyo_domain:tmp22|security/tomoyo/common.h,1205}"
CE0x592b4a0 "{CE0x592b4a0|tomoyo_domain:tmp23|security/tomoyo/common.h,1205}"
CE0x587ce60 "{CE0x587ce60|_ret_%struct.tomoyo_domain_info*_%tmp23,_!dbg_!38929|security/tomoyo/common.h,1205}"
CE0x66adab0 "{CE0x66adab0|tomoyo_init_request_info:call|security/tomoyo/util.c,1005}"
CE0x5a44c00 "{CE0x5a44c00|tomoyo_init_request_info:domain.addr.0}"
CE0x687a990 "{CE0x687a990|0:_%struct.tomoyo_obj_info*,_16:_%struct.tomoyo_domain_info*,_24:_%struct.tomoyo_path_info*,_40:_i8,_72:_i8,_75:_i8,_76:_i8,_77:_i8,_:_SCMRE_16,24_|*MultipleSource*|security/tomoyo/file.c, 787|security/tomoyo/file.c,787|Function::tomoyo_init_request_info&Arg::r::|security/tomoyo/file.c,800}"
CONST[source:0(mediator),value:2(dynamic)][purpose:{subject}]


CONST[source:2(external),value:2(dynamic)][purpose:{subject}][SrcIdx:2]  ->  CONST[source:0(mediator),value:2(dynamic)][purpose:{object}]
-----------
CONST[source:2(external),value:2(dynamic)][purpose:{subject}][SrcIdx:2]
CE0x6804190 "{CE0x6804190|128:_i8*,_1208:_%struct.file*,_:_CMRE_128,136_|*MultipleSource*|security/tomoyo/common.h,1205|security/tomoyo/common.h,1205}"
CE0x6979710 "{CE0x6979710|tomoyo_domain:tmp22|security/tomoyo/common.h,1205}"
CE0x592b4a0 "{CE0x592b4a0|tomoyo_domain:tmp23|security/tomoyo/common.h,1205}"
CE0x587ce60 "{CE0x587ce60|_ret_%struct.tomoyo_domain_info*_%tmp23,_!dbg_!38929|security/tomoyo/common.h,1205}"
CE0x66adab0 "{CE0x66adab0|tomoyo_init_request_info:call|security/tomoyo/util.c,1005}"
CE0x5a44c00 "{CE0x5a44c00|tomoyo_init_request_info:domain.addr.0}"
CE0x6814620 "{CE0x6814620|tomoyo_init_request_info:profile2|security/tomoyo/util.c,1007}"
CE0x5ae7640 "{CE0x5ae7640|tomoyo_init_request_info:tmp11|security/tomoyo/util.c,1007}"
CE0x5937500 "{CE0x5937500|tomoyo_get_mode:profile|Function::tomoyo_get_mode&Arg::profile::}"
CE0x6ac1060 "{CE0x6ac1060|COLLAPSED:_CRE:_elem_0:default:}"
CE0x5abb580 "{CE0x5abb580|tomoyo_get_mode:tmp24|security/tomoyo/util.c,986}"
CE0x6c1afd0 "{CE0x6c1afd0|tomoyo_get_mode:mode.1}"
CE0x8367040 "{CE0x8367040|tomoyo_get_mode:conv15|security/tomoyo/util.c,987}"
CE0x83670b0 "{CE0x83670b0|tomoyo_get_mode:and|security/tomoyo/util.c,987}"
CE0x8367120 "{CE0x8367120|tomoyo_get_mode:retval.0}"
CE0x4b32de0 "{CE0x4b32de0|_ret_i32_%retval.0,_!dbg_!38935|security/tomoyo/util.c,988}"
CE0x809a5a0 "{CE0x809a5a0|tomoyo_path_permission:call|security/tomoyo/file.c,564}"
CE0x4b32eb0 "{CE0x4b32eb0|tomoyo_path_permission:conv|security/tomoyo/file.c,564}"
CE0x6992480 "{CE0x6992480|0:_%struct.tomoyo_obj_info*,_16:_%struct.tomoyo_domain_info*,_24:_%struct.tomoyo_path_info*,_40:_i8,_72:_i8,_75:_i8,_76:_i8,_77:_i8,_:_SCMRE_76,77_|*MultipleSource*|security/tomoyo/file.c, 787|security/tomoyo/file.c,787|Function::tomoyo_init_request_info&Arg::r::|security/tomoyo/file.c,800}"
CE0x598d600 "{CE0x598d600|tomoyo_path_permission:tmp7|*LoadInst*|security/tomoyo/file.c,565}"
CE0x598d880 "{CE0x598d880|tomoyo_path_permission:conv3|security/tomoyo/file.c,565}"
CE0x4c79100 "{CE0x4c79100|tomoyo_path_permission:cmp|security/tomoyo/file.c,565}"
CE0x69f8870 "{CE0x69f8870|tomoyo_path_permission:if.end}"
CE0x6887a60 "{CE0x6887a60|0:_%struct.tomoyo_obj_info*,_16:_%struct.tomoyo_domain_info*,_24:_%struct.tomoyo_path_info*,_40:_i8,_72:_i8,_75:_i8,_76:_i8,_77:_i8,_:_SCMRE_25,26_}"
CONST[source:0(mediator),value:2(dynamic)][purpose:{object}]


CONST[source:2(external),value:2(dynamic)][purpose:{subject}][SrcIdx:2]  ->  CONST[source:0(mediator),value:0(static)][purpose:{operation}]
-----------
CONST[source:2(external),value:2(dynamic)][purpose:{subject}][SrcIdx:2]
CE0x6804190 "{CE0x6804190|128:_i8*,_1208:_%struct.file*,_:_CMRE_128,136_|*MultipleSource*|security/tomoyo/common.h,1205|security/tomoyo/common.h,1205}"
CE0x6979710 "{CE0x6979710|tomoyo_domain:tmp22|security/tomoyo/common.h,1205}"
CE0x592b4a0 "{CE0x592b4a0|tomoyo_domain:tmp23|security/tomoyo/common.h,1205}"
CE0x587ce60 "{CE0x587ce60|_ret_%struct.tomoyo_domain_info*_%tmp23,_!dbg_!38929|security/tomoyo/common.h,1205}"
CE0x66adab0 "{CE0x66adab0|tomoyo_init_request_info:call|security/tomoyo/util.c,1005}"
CE0x5a44c00 "{CE0x5a44c00|tomoyo_init_request_info:domain.addr.0}"
CE0x6814620 "{CE0x6814620|tomoyo_init_request_info:profile2|security/tomoyo/util.c,1007}"
CE0x5ae7640 "{CE0x5ae7640|tomoyo_init_request_info:tmp11|security/tomoyo/util.c,1007}"
CE0x5937500 "{CE0x5937500|tomoyo_get_mode:profile|Function::tomoyo_get_mode&Arg::profile::}"
CE0x6ac1060 "{CE0x6ac1060|COLLAPSED:_CRE:_elem_0:default:}"
CE0x5abb580 "{CE0x5abb580|tomoyo_get_mode:tmp24|security/tomoyo/util.c,986}"
CE0x6c1afd0 "{CE0x6c1afd0|tomoyo_get_mode:mode.1}"
CE0x8367040 "{CE0x8367040|tomoyo_get_mode:conv15|security/tomoyo/util.c,987}"
CE0x83670b0 "{CE0x83670b0|tomoyo_get_mode:and|security/tomoyo/util.c,987}"
CE0x8367120 "{CE0x8367120|tomoyo_get_mode:retval.0}"
CE0x4b32de0 "{CE0x4b32de0|_ret_i32_%retval.0,_!dbg_!38935|security/tomoyo/util.c,988}"
CE0x809a5a0 "{CE0x809a5a0|tomoyo_path_permission:call|security/tomoyo/file.c,564}"
CE0x4b32eb0 "{CE0x4b32eb0|tomoyo_path_permission:conv|security/tomoyo/file.c,564}"
CE0x6992480 "{CE0x6992480|0:_%struct.tomoyo_obj_info*,_16:_%struct.tomoyo_domain_info*,_24:_%struct.tomoyo_path_info*,_40:_i8,_72:_i8,_75:_i8,_76:_i8,_77:_i8,_:_SCMRE_76,77_|*MultipleSource*|security/tomoyo/file.c, 787|security/tomoyo/file.c,787|Function::tomoyo_init_request_info&Arg::r::|security/tomoyo/file.c,800}"
CE0x598d600 "{CE0x598d600|tomoyo_path_permission:tmp7|*LoadInst*|security/tomoyo/file.c,565}"
CE0x598d880 "{CE0x598d880|tomoyo_path_permission:conv3|security/tomoyo/file.c,565}"
CE0x4c79100 "{CE0x4c79100|tomoyo_path_permission:cmp|security/tomoyo/file.c,565}"
CE0x69f8870 "{CE0x69f8870|tomoyo_path_permission:if.end}"
CE0x68e3580 "{CE0x68e3580|0:_%struct.tomoyo_obj_info*,_16:_%struct.tomoyo_domain_info*,_24:_%struct.tomoyo_path_info*,_40:_i8,_72:_i8,_75:_i8,_76:_i8,_77:_i8,_:_SCMRE_40,41_}"
CONST[source:0(mediator),value:0(static)][purpose:{operation}]


