[selinux_task_getscheduler]

explicit:
CONST[source:2(external),value:2(dynamic)][purpose:{subject}][SrcIdx:2]  ->  CONST[source:0(mediator),value:2(dynamic)][purpose:{subject}]
-----------
CONST[source:2(external),value:2(dynamic)][purpose:{subject}][SrcIdx:2]
CE0x4f8b780 "{CE0x4f8b780|COLLAPSED:_CMRE:_elem_0::|security/selinux/hooks.c,218}"
CE0x4f8bd20 "{CE0x4f8bd20|current_sid:tmp22|security/selinux/hooks.c,218}"
CE0x4f874e0 "{CE0x4f874e0|current_sid:tmp23|security/selinux/hooks.c,218}"
CE0x4f6e430 "{CE0x4f6e430|current_sid:sid|security/selinux/hooks.c,220}"
CE0x4f89630 "{CE0x4f89630|current_sid:tmp24|security/selinux/hooks.c,220}"
CE0x4f5d2e0 "{CE0x4f5d2e0|_ret_i32_%tmp24,_!dbg_!27742|security/selinux/hooks.c,220}"
CE0x4f59700 "{CE0x4f59700|current_has_perm:call|security/selinux/hooks.c,1542}"
CE0x4f59a10 "{CE0x4f59a10|current_has_perm:call|security/selinux/hooks.c,1542|*SummSink*}"
CONST[source:0(mediator),value:2(dynamic)][purpose:{subject}]


CONST[source:1(input),value:2(dynamic)][purpose:{object}][SrcIdx:0]  ->  CONST[source:0(mediator),value:2(dynamic)][purpose:{object}]
-----------
CONST[source:1(input),value:2(dynamic)][purpose:{object}][SrcIdx:0]
CE0x4fc4960 "{CE0x4fc4960|2472:_%struct.cred*,_:_CRE_2472,2480_|*MultipleSource*|Function::task_sid&Arg::task::|Function::current_has_perm&Arg::tsk::|Function::selinux_task_getscheduler&Arg::p::|security/selinux/hooks.c,208}"
CE0x4febe20 "{CE0x4febe20|task_sid:tmp4|*LoadInst*|security/selinux/hooks.c,208}"
CE0x5003060 "{CE0x5003060|cred_sid:cred|Function::cred_sid&Arg::cred::}"
CE0x4ffbb20 "{CE0x4ffbb20|cred_sid:security|security/selinux/hooks.c,196}"
CE0x4f8ae70 "{CE0x4f8ae70|cred_sid:tmp4|*LoadInst*|security/selinux/hooks.c,196}"
CE0x50306f0 "{CE0x50306f0|cred_sid:tmp5|security/selinux/hooks.c,196}"
CE0x4fb0410 "{CE0x4fb0410|cred_sid:sid|security/selinux/hooks.c,197}"
CE0x4fb0d30 "{CE0x4fb0d30|cred_sid:tmp6|security/selinux/hooks.c,197}"
CE0x50033c0 "{CE0x50033c0|_ret_i32_%tmp6,_!dbg_!27716|security/selinux/hooks.c,197}"
CE0x5001d00 "{CE0x5001d00|task_sid:call7|security/selinux/hooks.c,208}"
CE0x4f44930 "{CE0x4f44930|_ret_i32_%call7,_!dbg_!27749|security/selinux/hooks.c,210}"
CE0x4f5d980 "{CE0x4f5d980|current_has_perm:call1|security/selinux/hooks.c,1543}"
CE0x4f5d6d0 "{CE0x4f5d6d0|current_has_perm:call1|security/selinux/hooks.c,1543|*SummSink*}"
CONST[source:0(mediator),value:2(dynamic)][purpose:{object}]



implicit:
CONST[source:1(input),value:2(dynamic)][purpose:{object}][SrcIdx:0]  ->  CONST[source:0(mediator),value:2(dynamic)][purpose:{object}]
-----------
CONST[source:1(input),value:2(dynamic)][purpose:{object}][SrcIdx:0]
CE0x4fc4960 "{CE0x4fc4960|2472:_%struct.cred*,_:_CRE_2472,2480_|*MultipleSource*|Function::task_sid&Arg::task::|Function::current_has_perm&Arg::tsk::|Function::selinux_task_getscheduler&Arg::p::|security/selinux/hooks.c,208}"
CE0x4febe20 "{CE0x4febe20|task_sid:tmp4|*LoadInst*|security/selinux/hooks.c,208}"
CE0x5003060 "{CE0x5003060|cred_sid:cred|Function::cred_sid&Arg::cred::}"
CE0x4ffbb20 "{CE0x4ffbb20|cred_sid:security|security/selinux/hooks.c,196}"
CE0x4f8ae70 "{CE0x4f8ae70|cred_sid:tmp4|*LoadInst*|security/selinux/hooks.c,196}"
CE0x50306f0 "{CE0x50306f0|cred_sid:tmp5|security/selinux/hooks.c,196}"
CE0x4fb0410 "{CE0x4fb0410|cred_sid:sid|security/selinux/hooks.c,197}"
CE0x4fb0d30 "{CE0x4fb0d30|cred_sid:tmp6|security/selinux/hooks.c,197}"
CE0x50033c0 "{CE0x50033c0|_ret_i32_%tmp6,_!dbg_!27716|security/selinux/hooks.c,197}"
CE0x5001d00 "{CE0x5001d00|task_sid:call7|security/selinux/hooks.c,208}"
CE0x4f44930 "{CE0x4f44930|_ret_i32_%call7,_!dbg_!27749|security/selinux/hooks.c,210}"
CE0x4f5d980 "{CE0x4f5d980|current_has_perm:call1|security/selinux/hooks.c,1543}"
CE0x4f5d6d0 "{CE0x4f5d6d0|current_has_perm:call1|security/selinux/hooks.c,1543|*SummSink*}"
CONST[source:0(mediator),value:2(dynamic)][purpose:{object}]


CONST[source:2(external),value:2(dynamic)][purpose:{subject}][SrcIdx:2]  ->  CONST[source:0(mediator),value:2(dynamic)][purpose:{subject}]
-----------
CONST[source:2(external),value:2(dynamic)][purpose:{subject}][SrcIdx:2]
CE0x4f8b780 "{CE0x4f8b780|COLLAPSED:_CMRE:_elem_0::|security/selinux/hooks.c,218}"
CE0x4f8bd20 "{CE0x4f8bd20|current_sid:tmp22|security/selinux/hooks.c,218}"
CE0x4f874e0 "{CE0x4f874e0|current_sid:tmp23|security/selinux/hooks.c,218}"
CE0x4f6e430 "{CE0x4f6e430|current_sid:sid|security/selinux/hooks.c,220}"
CE0x4f89630 "{CE0x4f89630|current_sid:tmp24|security/selinux/hooks.c,220}"
CE0x4f5d2e0 "{CE0x4f5d2e0|_ret_i32_%tmp24,_!dbg_!27742|security/selinux/hooks.c,220}"
CE0x4f59700 "{CE0x4f59700|current_has_perm:call|security/selinux/hooks.c,1542}"
CE0x4f59a10 "{CE0x4f59a10|current_has_perm:call|security/selinux/hooks.c,1542|*SummSink*}"
CONST[source:0(mediator),value:2(dynamic)][purpose:{subject}]


