[tomoyo_path_link]

explicit:
CONST[source:1(input),value:2(dynamic)][purpose:{object}][SrcIdx:19]  ->  CONST[source:0(mediator),value:2(dynamic)][purpose:{object}][SnkIdx:2]
-----------
CONST[source:1(input),value:2(dynamic)][purpose:{object}][SrcIdx:19]
CE0x6da8bc0 "{CE0x6da8bc0|tomoyo_path2_perm:buf2|security/tomoyo/file.c, 890|*SummSource*}"
CE0x6da8b50 "{CE0x6da8b50|tomoyo_path2_perm:buf2|security/tomoyo/file.c, 890}"
CE0x5e32600 "{CE0x5e32600|0:_%struct.tomoyo_obj_info*,_24:_%struct.tomoyo_path_info*,_32:_%struct.tomoyo_path_info*,_40:_i8,_72:_i8,_76:_i8,_:_SCMRE_34,35_}"
CONST[source:0(mediator),value:2(dynamic)][purpose:{object}][SnkIdx:2]


CONST[source:2(external),value:2(dynamic)][purpose:{subject}][SrcIdx:20]  ->  CONST[source:0(mediator),value:2(dynamic)][purpose:{subject}][SnkIdx:0]
-----------
CONST[source:2(external),value:2(dynamic)][purpose:{subject}][SrcIdx:20]
CE0x6e7f3c0 "{CE0x6e7f3c0|COLLAPSED:_GCRE_current_task_external_global_%struct.task_struct*:_elem_0::|security/tomoyo/common.h,1205}"
CE0x6f604e0 "{CE0x6f604e0|tomoyo_domain:tmp22|security/tomoyo/common.h,1205}"
CE0x6e81ef0 "{CE0x6e81ef0|tomoyo_domain:tmp23|security/tomoyo/common.h,1205}"
CE0x6e0a630 "{CE0x6e0a630|_ret_%struct.tomoyo_domain_info*_%tmp23,_!dbg_!38929|security/tomoyo/common.h,1205}"
CE0x6cec260 "{CE0x6cec260|tomoyo_init_request_info:call|security/tomoyo/util.c,1005}"
CE0x84a8190 "{CE0x84a8190|tomoyo_init_request_info:domain.addr.0}"
CE0x6e4b860 "{CE0x6e4b860|0:_%struct.tomoyo_obj_info*,_24:_%struct.tomoyo_path_info*,_32:_%struct.tomoyo_path_info*,_40:_i8,_72:_i8,_76:_i8,_:_SCMRE_16,24_|*MultipleSource*|security/tomoyo/file.c, 891|security/tomoyo/file.c,891|security/tomoyo/file.c,920|Function::tomoyo_init_request_info&Arg::r::}"
CONST[source:0(mediator),value:2(dynamic)][purpose:{subject}][SnkIdx:0]


CONST[source:1(input),value:2(dynamic)][purpose:{object}][SrcIdx:18]  ->  CONST[source:0(mediator),value:2(dynamic)][purpose:{object}][SnkIdx:1]
-----------
CONST[source:1(input),value:2(dynamic)][purpose:{object}][SrcIdx:18]
CE0x6ad1ba0 "{CE0x6ad1ba0|tomoyo_path2_perm:buf1|security/tomoyo/file.c, 889|*SummSource*}"
CE0x6ad18d0 "{CE0x6ad18d0|tomoyo_path2_perm:buf1|security/tomoyo/file.c, 889}"
CE0x6d901c0 "{CE0x6d901c0|0:_%struct.tomoyo_obj_info*,_24:_%struct.tomoyo_path_info*,_32:_%struct.tomoyo_path_info*,_40:_i8,_72:_i8,_76:_i8,_:_SCMRE_26,27_}"
CONST[source:0(mediator),value:2(dynamic)][purpose:{object}][SnkIdx:1]



implicit:
CONST[source:1(input),value:2(dynamic)][purpose:{object}][SrcIdx:19]  ->  CONST[source:0(mediator),value:2(dynamic)][purpose:{object}][SnkIdx:2]
-----------
CONST[source:1(input),value:2(dynamic)][purpose:{object}][SrcIdx:19]
CE0x6da8bc0 "{CE0x6da8bc0|tomoyo_path2_perm:buf2|security/tomoyo/file.c, 890|*SummSource*}"
CE0x6da8b50 "{CE0x6da8b50|tomoyo_path2_perm:buf2|security/tomoyo/file.c, 890}"
CE0x5e12da0 "{CE0x5e12da0|0:_%struct.tomoyo_obj_info*,_24:_%struct.tomoyo_path_info*,_32:_%struct.tomoyo_path_info*,_40:_i8,_72:_i8,_76:_i8,_:_SCMRE_38,39_}"
CONST[source:0(mediator),value:2(dynamic)][purpose:{object}][SnkIdx:2]


CONST[source:2(external),value:2(dynamic)][purpose:{subject}][SrcIdx:20]  ->  CONST[source:0(mediator),value:2(dynamic)][purpose:{object}][SnkIdx:1]
-----------
CONST[source:2(external),value:2(dynamic)][purpose:{subject}][SrcIdx:20]
CE0x7029610 "{CE0x7029610|128:_i8*,_1208:_%struct.file*,_:_CMRE_128,136_|*MultipleSource*|security/tomoyo/common.h,1205|security/tomoyo/common.h,1205}"
CE0x6f604e0 "{CE0x6f604e0|tomoyo_domain:tmp22|security/tomoyo/common.h,1205}"
CE0x6e81ef0 "{CE0x6e81ef0|tomoyo_domain:tmp23|security/tomoyo/common.h,1205}"
CE0x6e0a630 "{CE0x6e0a630|_ret_%struct.tomoyo_domain_info*_%tmp23,_!dbg_!38929|security/tomoyo/common.h,1205}"
CE0x6cec260 "{CE0x6cec260|tomoyo_init_request_info:call|security/tomoyo/util.c,1005}"
CE0x84a8190 "{CE0x84a8190|tomoyo_init_request_info:domain.addr.0}"
CE0x6b99060 "{CE0x6b99060|tomoyo_init_request_info:ns|security/tomoyo/util.c,1010}"
CE0x6ca29d0 "{CE0x6ca29d0|tomoyo_init_request_info:tmp12|security/tomoyo/util.c,1010}"
CE0x6ca8720 "{CE0x6ca8720|tomoyo_get_mode:ns|Function::tomoyo_get_mode&Arg::ns::}"
CE0x50736e0 "{CE0x50736e0|COLLAPSED:_CRE:_elem_0:default:}"
CE0x503ce90 "{CE0x503ce90|tomoyo_get_mode:tmp24|security/tomoyo/util.c,986}"
CE0x5c03510 "{CE0x5c03510|tomoyo_get_mode:mode.1}"
CE0x5c46e40 "{CE0x5c46e40|tomoyo_get_mode:conv15|security/tomoyo/util.c,987}"
CE0x5c473c0 "{CE0x5c473c0|tomoyo_get_mode:and|security/tomoyo/util.c,987}"
CE0x517a9e0 "{CE0x517a9e0|tomoyo_get_mode:retval.0}"
CE0x6cb3070 "{CE0x6cb3070|_ret_i32_%retval.0,_!dbg_!38935|security/tomoyo/util.c,988}"
CE0x6ca2ca0 "{CE0x6ca2ca0|tomoyo_init_request_info:call4|security/tomoyo/util.c,1010}"
CE0x6dd61d0 "{CE0x6dd61d0|tomoyo_init_request_info:conv|security/tomoyo/util.c,1010}"
CE0x5d9b1f0 "{CE0x5d9b1f0|0:_%struct.tomoyo_obj_info*,_24:_%struct.tomoyo_path_info*,_32:_%struct.tomoyo_path_info*,_40:_i8,_72:_i8,_76:_i8,_:_SCMRE_76,77_|*MultipleSource*|security/tomoyo/file.c, 891|security/tomoyo/file.c,891|security/tomoyo/file.c,920|Function::tomoyo_init_request_info&Arg::r::}"
CE0x6ccd580 "{CE0x6ccd580|tomoyo_init_request_info:tmp13|*LoadInst*|security/tomoyo/util.c,1011}"
CE0x6ccd900 "{CE0x6ccd900|tomoyo_init_request_info:conv6|security/tomoyo/util.c,1011}"
CE0x6d0d670 "{CE0x6d0d670|_ret_i32_%conv6,_!dbg_!38926|security/tomoyo/util.c,1011}"
CE0x6acff30 "{CE0x6acff30|tomoyo_path2_perm:call|security/tomoyo/file.c,898}"
CE0x6e83330 "{CE0x6e83330|tomoyo_path2_perm:cmp|security/tomoyo/file.c,899}"
CE0x6cce180 "{CE0x6cce180|tomoyo_path2_perm:sw.epilog}"
CE0x6d90420 "{CE0x6d90420|0:_%struct.tomoyo_obj_info*,_24:_%struct.tomoyo_path_info*,_32:_%struct.tomoyo_path_info*,_40:_i8,_72:_i8,_76:_i8,_:_SCMRE_28,29_}"
CONST[source:0(mediator),value:2(dynamic)][purpose:{object}][SnkIdx:1]


CONST[source:2(external),value:2(dynamic)][purpose:{subject}][SrcIdx:20]  ->  CONST[source:0(mediator),value:0(static)][purpose:{operation}][SnkIdx:3]
-----------
CONST[source:2(external),value:2(dynamic)][purpose:{subject}][SrcIdx:20]
CE0x7029610 "{CE0x7029610|128:_i8*,_1208:_%struct.file*,_:_CMRE_128,136_|*MultipleSource*|security/tomoyo/common.h,1205|security/tomoyo/common.h,1205}"
CE0x6f604e0 "{CE0x6f604e0|tomoyo_domain:tmp22|security/tomoyo/common.h,1205}"
CE0x6e81ef0 "{CE0x6e81ef0|tomoyo_domain:tmp23|security/tomoyo/common.h,1205}"
CE0x6e0a630 "{CE0x6e0a630|_ret_%struct.tomoyo_domain_info*_%tmp23,_!dbg_!38929|security/tomoyo/common.h,1205}"
CE0x6cec260 "{CE0x6cec260|tomoyo_init_request_info:call|security/tomoyo/util.c,1005}"
CE0x84a8190 "{CE0x84a8190|tomoyo_init_request_info:domain.addr.0}"
CE0x6b99060 "{CE0x6b99060|tomoyo_init_request_info:ns|security/tomoyo/util.c,1010}"
CE0x6ca29d0 "{CE0x6ca29d0|tomoyo_init_request_info:tmp12|security/tomoyo/util.c,1010}"
CE0x6ca8720 "{CE0x6ca8720|tomoyo_get_mode:ns|Function::tomoyo_get_mode&Arg::ns::}"
CE0x50736e0 "{CE0x50736e0|COLLAPSED:_CRE:_elem_0:default:}"
CE0x503ce90 "{CE0x503ce90|tomoyo_get_mode:tmp24|security/tomoyo/util.c,986}"
CE0x5c03510 "{CE0x5c03510|tomoyo_get_mode:mode.1}"
CE0x5c46e40 "{CE0x5c46e40|tomoyo_get_mode:conv15|security/tomoyo/util.c,987}"
CE0x5c473c0 "{CE0x5c473c0|tomoyo_get_mode:and|security/tomoyo/util.c,987}"
CE0x517a9e0 "{CE0x517a9e0|tomoyo_get_mode:retval.0}"
CE0x6cb3070 "{CE0x6cb3070|_ret_i32_%retval.0,_!dbg_!38935|security/tomoyo/util.c,988}"
CE0x6ca2ca0 "{CE0x6ca2ca0|tomoyo_init_request_info:call4|security/tomoyo/util.c,1010}"
CE0x6dd61d0 "{CE0x6dd61d0|tomoyo_init_request_info:conv|security/tomoyo/util.c,1010}"
CE0x5d9b1f0 "{CE0x5d9b1f0|0:_%struct.tomoyo_obj_info*,_24:_%struct.tomoyo_path_info*,_32:_%struct.tomoyo_path_info*,_40:_i8,_72:_i8,_76:_i8,_:_SCMRE_76,77_|*MultipleSource*|security/tomoyo/file.c, 891|security/tomoyo/file.c,891|security/tomoyo/file.c,920|Function::tomoyo_init_request_info&Arg::r::}"
CE0x6ccd580 "{CE0x6ccd580|tomoyo_init_request_info:tmp13|*LoadInst*|security/tomoyo/util.c,1011}"
CE0x6ccd900 "{CE0x6ccd900|tomoyo_init_request_info:conv6|security/tomoyo/util.c,1011}"
CE0x6d0d670 "{CE0x6d0d670|_ret_i32_%conv6,_!dbg_!38926|security/tomoyo/util.c,1011}"
CE0x6acff30 "{CE0x6acff30|tomoyo_path2_perm:call|security/tomoyo/file.c,898}"
CE0x6e83330 "{CE0x6e83330|tomoyo_path2_perm:cmp|security/tomoyo/file.c,899}"
CE0x6cce180 "{CE0x6cce180|tomoyo_path2_perm:sw.epilog}"
CE0x5e13240 "{CE0x5e13240|0:_%struct.tomoyo_obj_info*,_24:_%struct.tomoyo_path_info*,_32:_%struct.tomoyo_path_info*,_40:_i8,_72:_i8,_76:_i8,_:_SCMRE_40,41_}"
CONST[source:0(mediator),value:0(static)][purpose:{operation}][SnkIdx:3]


CONST[source:2(external),value:2(dynamic)][purpose:{subject}][SrcIdx:20]  ->  CONST[source:0(mediator),value:2(dynamic)][purpose:{object}][SnkIdx:2]
-----------
CONST[source:2(external),value:2(dynamic)][purpose:{subject}][SrcIdx:20]
CE0x7029610 "{CE0x7029610|128:_i8*,_1208:_%struct.file*,_:_CMRE_128,136_|*MultipleSource*|security/tomoyo/common.h,1205|security/tomoyo/common.h,1205}"
CE0x6f604e0 "{CE0x6f604e0|tomoyo_domain:tmp22|security/tomoyo/common.h,1205}"
CE0x6e81ef0 "{CE0x6e81ef0|tomoyo_domain:tmp23|security/tomoyo/common.h,1205}"
CE0x6e0a630 "{CE0x6e0a630|_ret_%struct.tomoyo_domain_info*_%tmp23,_!dbg_!38929|security/tomoyo/common.h,1205}"
CE0x6cec260 "{CE0x6cec260|tomoyo_init_request_info:call|security/tomoyo/util.c,1005}"
CE0x84a8190 "{CE0x84a8190|tomoyo_init_request_info:domain.addr.0}"
CE0x6b99060 "{CE0x6b99060|tomoyo_init_request_info:ns|security/tomoyo/util.c,1010}"
CE0x6ca29d0 "{CE0x6ca29d0|tomoyo_init_request_info:tmp12|security/tomoyo/util.c,1010}"
CE0x6ca8720 "{CE0x6ca8720|tomoyo_get_mode:ns|Function::tomoyo_get_mode&Arg::ns::}"
CE0x50736e0 "{CE0x50736e0|COLLAPSED:_CRE:_elem_0:default:}"
CE0x503ce90 "{CE0x503ce90|tomoyo_get_mode:tmp24|security/tomoyo/util.c,986}"
CE0x5c03510 "{CE0x5c03510|tomoyo_get_mode:mode.1}"
CE0x5c46e40 "{CE0x5c46e40|tomoyo_get_mode:conv15|security/tomoyo/util.c,987}"
CE0x5c473c0 "{CE0x5c473c0|tomoyo_get_mode:and|security/tomoyo/util.c,987}"
CE0x517a9e0 "{CE0x517a9e0|tomoyo_get_mode:retval.0}"
CE0x6cb3070 "{CE0x6cb3070|_ret_i32_%retval.0,_!dbg_!38935|security/tomoyo/util.c,988}"
CE0x6ca2ca0 "{CE0x6ca2ca0|tomoyo_init_request_info:call4|security/tomoyo/util.c,1010}"
CE0x6dd61d0 "{CE0x6dd61d0|tomoyo_init_request_info:conv|security/tomoyo/util.c,1010}"
CE0x5d9b1f0 "{CE0x5d9b1f0|0:_%struct.tomoyo_obj_info*,_24:_%struct.tomoyo_path_info*,_32:_%struct.tomoyo_path_info*,_40:_i8,_72:_i8,_76:_i8,_:_SCMRE_76,77_|*MultipleSource*|security/tomoyo/file.c, 891|security/tomoyo/file.c,891|security/tomoyo/file.c,920|Function::tomoyo_init_request_info&Arg::r::}"
CE0x6ccd580 "{CE0x6ccd580|tomoyo_init_request_info:tmp13|*LoadInst*|security/tomoyo/util.c,1011}"
CE0x6ccd900 "{CE0x6ccd900|tomoyo_init_request_info:conv6|security/tomoyo/util.c,1011}"
CE0x6d0d670 "{CE0x6d0d670|_ret_i32_%conv6,_!dbg_!38926|security/tomoyo/util.c,1011}"
CE0x6acff30 "{CE0x6acff30|tomoyo_path2_perm:call|security/tomoyo/file.c,898}"
CE0x6e83330 "{CE0x6e83330|tomoyo_path2_perm:cmp|security/tomoyo/file.c,899}"
CE0x6cce180 "{CE0x6cce180|tomoyo_path2_perm:sw.epilog}"
CE0x5e12da0 "{CE0x5e12da0|0:_%struct.tomoyo_obj_info*,_24:_%struct.tomoyo_path_info*,_32:_%struct.tomoyo_path_info*,_40:_i8,_72:_i8,_76:_i8,_:_SCMRE_38,39_}"
CONST[source:0(mediator),value:2(dynamic)][purpose:{object}][SnkIdx:2]


CONST[source:2(external),value:2(dynamic)][purpose:{subject}][SrcIdx:20]  ->  CONST[source:0(mediator),value:2(dynamic)][purpose:{subject}][SnkIdx:0]
-----------
CONST[source:2(external),value:2(dynamic)][purpose:{subject}][SrcIdx:20]
CE0x7029610 "{CE0x7029610|128:_i8*,_1208:_%struct.file*,_:_CMRE_128,136_|*MultipleSource*|security/tomoyo/common.h,1205|security/tomoyo/common.h,1205}"
CE0x6f604e0 "{CE0x6f604e0|tomoyo_domain:tmp22|security/tomoyo/common.h,1205}"
CE0x6e81ef0 "{CE0x6e81ef0|tomoyo_domain:tmp23|security/tomoyo/common.h,1205}"
CE0x6e0a630 "{CE0x6e0a630|_ret_%struct.tomoyo_domain_info*_%tmp23,_!dbg_!38929|security/tomoyo/common.h,1205}"
CE0x6cec260 "{CE0x6cec260|tomoyo_init_request_info:call|security/tomoyo/util.c,1005}"
CE0x84a8190 "{CE0x84a8190|tomoyo_init_request_info:domain.addr.0}"
CE0x6e4b860 "{CE0x6e4b860|0:_%struct.tomoyo_obj_info*,_24:_%struct.tomoyo_path_info*,_32:_%struct.tomoyo_path_info*,_40:_i8,_72:_i8,_76:_i8,_:_SCMRE_16,24_|*MultipleSource*|security/tomoyo/file.c, 891|security/tomoyo/file.c,891|security/tomoyo/file.c,920|Function::tomoyo_init_request_info&Arg::r::}"
CONST[source:0(mediator),value:2(dynamic)][purpose:{subject}][SnkIdx:0]


CONST[source:1(input),value:2(dynamic)][purpose:{object}][SrcIdx:18]  ->  CONST[source:0(mediator),value:2(dynamic)][purpose:{object}][SnkIdx:1]
-----------
CONST[source:1(input),value:2(dynamic)][purpose:{object}][SrcIdx:18]
CE0x6ad1ba0 "{CE0x6ad1ba0|tomoyo_path2_perm:buf1|security/tomoyo/file.c, 889|*SummSource*}"
CE0x6ad18d0 "{CE0x6ad18d0|tomoyo_path2_perm:buf1|security/tomoyo/file.c, 889}"
CE0x6d90420 "{CE0x6d90420|0:_%struct.tomoyo_obj_info*,_24:_%struct.tomoyo_path_info*,_32:_%struct.tomoyo_path_info*,_40:_i8,_72:_i8,_76:_i8,_:_SCMRE_28,29_}"
CONST[source:0(mediator),value:2(dynamic)][purpose:{object}][SnkIdx:1]


CONST[source:0(mediator),value:2(dynamic)][purpose:{subject}][SrcIdx:17]  ->  CONST[source:0(mediator),value:2(dynamic)][purpose:{object}][SnkIdx:1]
-----------
CONST[source:0(mediator),value:2(dynamic)][purpose:{subject}][SrcIdx:17]
CE0x6b7ee90 "{CE0x6b7ee90|VOIDTB_TE:_CE_6376,6384_|*MultipleSource*|security/tomoyo/util.c,1010|Function::tomoyo_get_mode&Arg::ns::}"
CE0x50736e0 "{CE0x50736e0|COLLAPSED:_CRE:_elem_0:default:}"
CE0x503ce90 "{CE0x503ce90|tomoyo_get_mode:tmp24|security/tomoyo/util.c,986}"
CE0x5c03510 "{CE0x5c03510|tomoyo_get_mode:mode.1}"
CE0x5c46e40 "{CE0x5c46e40|tomoyo_get_mode:conv15|security/tomoyo/util.c,987}"
CE0x5c473c0 "{CE0x5c473c0|tomoyo_get_mode:and|security/tomoyo/util.c,987}"
CE0x517a9e0 "{CE0x517a9e0|tomoyo_get_mode:retval.0}"
CE0x6cb3070 "{CE0x6cb3070|_ret_i32_%retval.0,_!dbg_!38935|security/tomoyo/util.c,988}"
CE0x6ca2ca0 "{CE0x6ca2ca0|tomoyo_init_request_info:call4|security/tomoyo/util.c,1010}"
CE0x6dd61d0 "{CE0x6dd61d0|tomoyo_init_request_info:conv|security/tomoyo/util.c,1010}"
CE0x5d9b1f0 "{CE0x5d9b1f0|0:_%struct.tomoyo_obj_info*,_24:_%struct.tomoyo_path_info*,_32:_%struct.tomoyo_path_info*,_40:_i8,_72:_i8,_76:_i8,_:_SCMRE_76,77_|*MultipleSource*|security/tomoyo/file.c, 891|security/tomoyo/file.c,891|security/tomoyo/file.c,920|Function::tomoyo_init_request_info&Arg::r::}"
CE0x6ccd580 "{CE0x6ccd580|tomoyo_init_request_info:tmp13|*LoadInst*|security/tomoyo/util.c,1011}"
CE0x6ccd900 "{CE0x6ccd900|tomoyo_init_request_info:conv6|security/tomoyo/util.c,1011}"
CE0x6d0d670 "{CE0x6d0d670|_ret_i32_%conv6,_!dbg_!38926|security/tomoyo/util.c,1011}"
CE0x6acff30 "{CE0x6acff30|tomoyo_path2_perm:call|security/tomoyo/file.c,898}"
CE0x6e83330 "{CE0x6e83330|tomoyo_path2_perm:cmp|security/tomoyo/file.c,899}"
CE0x6cce180 "{CE0x6cce180|tomoyo_path2_perm:sw.epilog}"
CE0x6d90420 "{CE0x6d90420|0:_%struct.tomoyo_obj_info*,_24:_%struct.tomoyo_path_info*,_32:_%struct.tomoyo_path_info*,_40:_i8,_72:_i8,_76:_i8,_:_SCMRE_28,29_}"
CONST[source:0(mediator),value:2(dynamic)][purpose:{object}][SnkIdx:1]


CONST[source:0(mediator),value:2(dynamic)][purpose:{subject}][SrcIdx:17]  ->  CONST[source:0(mediator),value:0(static)][purpose:{operation}][SnkIdx:3]
-----------
CONST[source:0(mediator),value:2(dynamic)][purpose:{subject}][SrcIdx:17]
CE0x6b7ee90 "{CE0x6b7ee90|VOIDTB_TE:_CE_6376,6384_|*MultipleSource*|security/tomoyo/util.c,1010|Function::tomoyo_get_mode&Arg::ns::}"
CE0x50736e0 "{CE0x50736e0|COLLAPSED:_CRE:_elem_0:default:}"
CE0x503ce90 "{CE0x503ce90|tomoyo_get_mode:tmp24|security/tomoyo/util.c,986}"
CE0x5c03510 "{CE0x5c03510|tomoyo_get_mode:mode.1}"
CE0x5c46e40 "{CE0x5c46e40|tomoyo_get_mode:conv15|security/tomoyo/util.c,987}"
CE0x5c473c0 "{CE0x5c473c0|tomoyo_get_mode:and|security/tomoyo/util.c,987}"
CE0x517a9e0 "{CE0x517a9e0|tomoyo_get_mode:retval.0}"
CE0x6cb3070 "{CE0x6cb3070|_ret_i32_%retval.0,_!dbg_!38935|security/tomoyo/util.c,988}"
CE0x6ca2ca0 "{CE0x6ca2ca0|tomoyo_init_request_info:call4|security/tomoyo/util.c,1010}"
CE0x6dd61d0 "{CE0x6dd61d0|tomoyo_init_request_info:conv|security/tomoyo/util.c,1010}"
CE0x5d9b1f0 "{CE0x5d9b1f0|0:_%struct.tomoyo_obj_info*,_24:_%struct.tomoyo_path_info*,_32:_%struct.tomoyo_path_info*,_40:_i8,_72:_i8,_76:_i8,_:_SCMRE_76,77_|*MultipleSource*|security/tomoyo/file.c, 891|security/tomoyo/file.c,891|security/tomoyo/file.c,920|Function::tomoyo_init_request_info&Arg::r::}"
CE0x6ccd580 "{CE0x6ccd580|tomoyo_init_request_info:tmp13|*LoadInst*|security/tomoyo/util.c,1011}"
CE0x6ccd900 "{CE0x6ccd900|tomoyo_init_request_info:conv6|security/tomoyo/util.c,1011}"
CE0x6d0d670 "{CE0x6d0d670|_ret_i32_%conv6,_!dbg_!38926|security/tomoyo/util.c,1011}"
CE0x6acff30 "{CE0x6acff30|tomoyo_path2_perm:call|security/tomoyo/file.c,898}"
CE0x6e83330 "{CE0x6e83330|tomoyo_path2_perm:cmp|security/tomoyo/file.c,899}"
CE0x6cce180 "{CE0x6cce180|tomoyo_path2_perm:sw.epilog}"
CE0x5e13240 "{CE0x5e13240|0:_%struct.tomoyo_obj_info*,_24:_%struct.tomoyo_path_info*,_32:_%struct.tomoyo_path_info*,_40:_i8,_72:_i8,_76:_i8,_:_SCMRE_40,41_}"
CONST[source:0(mediator),value:0(static)][purpose:{operation}][SnkIdx:3]


CONST[source:0(mediator),value:2(dynamic)][purpose:{subject}][SrcIdx:17]  ->  CONST[source:0(mediator),value:2(dynamic)][purpose:{object}][SnkIdx:2]
-----------
CONST[source:0(mediator),value:2(dynamic)][purpose:{subject}][SrcIdx:17]
CE0x6b7ee90 "{CE0x6b7ee90|VOIDTB_TE:_CE_6376,6384_|*MultipleSource*|security/tomoyo/util.c,1010|Function::tomoyo_get_mode&Arg::ns::}"
CE0x50736e0 "{CE0x50736e0|COLLAPSED:_CRE:_elem_0:default:}"
CE0x503ce90 "{CE0x503ce90|tomoyo_get_mode:tmp24|security/tomoyo/util.c,986}"
CE0x5c03510 "{CE0x5c03510|tomoyo_get_mode:mode.1}"
CE0x5c46e40 "{CE0x5c46e40|tomoyo_get_mode:conv15|security/tomoyo/util.c,987}"
CE0x5c473c0 "{CE0x5c473c0|tomoyo_get_mode:and|security/tomoyo/util.c,987}"
CE0x517a9e0 "{CE0x517a9e0|tomoyo_get_mode:retval.0}"
CE0x6cb3070 "{CE0x6cb3070|_ret_i32_%retval.0,_!dbg_!38935|security/tomoyo/util.c,988}"
CE0x6ca2ca0 "{CE0x6ca2ca0|tomoyo_init_request_info:call4|security/tomoyo/util.c,1010}"
CE0x6dd61d0 "{CE0x6dd61d0|tomoyo_init_request_info:conv|security/tomoyo/util.c,1010}"
CE0x5d9b1f0 "{CE0x5d9b1f0|0:_%struct.tomoyo_obj_info*,_24:_%struct.tomoyo_path_info*,_32:_%struct.tomoyo_path_info*,_40:_i8,_72:_i8,_76:_i8,_:_SCMRE_76,77_|*MultipleSource*|security/tomoyo/file.c, 891|security/tomoyo/file.c,891|security/tomoyo/file.c,920|Function::tomoyo_init_request_info&Arg::r::}"
CE0x6ccd580 "{CE0x6ccd580|tomoyo_init_request_info:tmp13|*LoadInst*|security/tomoyo/util.c,1011}"
CE0x6ccd900 "{CE0x6ccd900|tomoyo_init_request_info:conv6|security/tomoyo/util.c,1011}"
CE0x6d0d670 "{CE0x6d0d670|_ret_i32_%conv6,_!dbg_!38926|security/tomoyo/util.c,1011}"
CE0x6acff30 "{CE0x6acff30|tomoyo_path2_perm:call|security/tomoyo/file.c,898}"
CE0x6e83330 "{CE0x6e83330|tomoyo_path2_perm:cmp|security/tomoyo/file.c,899}"
CE0x6cce180 "{CE0x6cce180|tomoyo_path2_perm:sw.epilog}"
CE0x5e12da0 "{CE0x5e12da0|0:_%struct.tomoyo_obj_info*,_24:_%struct.tomoyo_path_info*,_32:_%struct.tomoyo_path_info*,_40:_i8,_72:_i8,_76:_i8,_:_SCMRE_38,39_}"
CONST[source:0(mediator),value:2(dynamic)][purpose:{object}][SnkIdx:2]


CONST[source:0(mediator),value:0(static)][purpose:{operation}][SrcIdx:16]  ->  CONST[source:0(mediator),value:2(dynamic)][purpose:{object}][SnkIdx:1]
-----------
CONST[source:0(mediator),value:0(static)][purpose:{operation}][SrcIdx:16]
CE0x5eb3290 "{CE0x5eb3290|tomoyo_path2_perm:operation|Function::tomoyo_path2_perm&Arg::operation::|*SummSource*}"
CE0x5f8c400 "{CE0x5f8c400|tomoyo_path2_perm:operation|Function::tomoyo_path2_perm&Arg::operation::}"
CE0x87e6ab0 "{CE0x87e6ab0|tomoyo_path2_perm:idxprom|security/tomoyo/file.c,898}"
CE0x6b594a0 "{CE0x6b594a0|tomoyo_path2_perm:arrayidx|security/tomoyo/file.c,898}"
CE0x6ef1c90 "{CE0x6ef1c90|tomoyo_path2_perm:tmp9|security/tomoyo/file.c,898}"
CE0x6d96fe0 "{CE0x6d96fe0|tomoyo_init_request_info:index|Function::tomoyo_init_request_info&Arg::index::}"
CE0x6ca8a50 "{CE0x6ca8a50|tomoyo_get_mode:index|Function::tomoyo_get_mode&Arg::index::}"
CE0x70340e0 "{CE0x70340e0|tomoyo_get_mode:idxprom|security/tomoyo/util.c,981}"
CE0x4f89100 "{CE0x4f89100|tomoyo_get_mode:arrayidx|security/tomoyo/util.c,981}"
CE0x70c43d0 "{CE0x70c43d0|tomoyo_get_mode:tmp9|security/tomoyo/util.c,981}"
CE0x50534c0 "{CE0x50534c0|tomoyo_get_mode:mode.0}"
CE0x5c03510 "{CE0x5c03510|tomoyo_get_mode:mode.1}"
CE0x5c46e40 "{CE0x5c46e40|tomoyo_get_mode:conv15|security/tomoyo/util.c,987}"
CE0x5c473c0 "{CE0x5c473c0|tomoyo_get_mode:and|security/tomoyo/util.c,987}"
CE0x517a9e0 "{CE0x517a9e0|tomoyo_get_mode:retval.0}"
CE0x6cb3070 "{CE0x6cb3070|_ret_i32_%retval.0,_!dbg_!38935|security/tomoyo/util.c,988}"
CE0x6ca2ca0 "{CE0x6ca2ca0|tomoyo_init_request_info:call4|security/tomoyo/util.c,1010}"
CE0x6dd61d0 "{CE0x6dd61d0|tomoyo_init_request_info:conv|security/tomoyo/util.c,1010}"
CE0x5d9b1f0 "{CE0x5d9b1f0|0:_%struct.tomoyo_obj_info*,_24:_%struct.tomoyo_path_info*,_32:_%struct.tomoyo_path_info*,_40:_i8,_72:_i8,_76:_i8,_:_SCMRE_76,77_|*MultipleSource*|security/tomoyo/file.c, 891|security/tomoyo/file.c,891|security/tomoyo/file.c,920|Function::tomoyo_init_request_info&Arg::r::}"
CE0x6ccd580 "{CE0x6ccd580|tomoyo_init_request_info:tmp13|*LoadInst*|security/tomoyo/util.c,1011}"
CE0x6ccd900 "{CE0x6ccd900|tomoyo_init_request_info:conv6|security/tomoyo/util.c,1011}"
CE0x6d0d670 "{CE0x6d0d670|_ret_i32_%conv6,_!dbg_!38926|security/tomoyo/util.c,1011}"
CE0x6acff30 "{CE0x6acff30|tomoyo_path2_perm:call|security/tomoyo/file.c,898}"
CE0x6e83330 "{CE0x6e83330|tomoyo_path2_perm:cmp|security/tomoyo/file.c,899}"
CE0x6cce180 "{CE0x6cce180|tomoyo_path2_perm:sw.epilog}"
CE0x6d90420 "{CE0x6d90420|0:_%struct.tomoyo_obj_info*,_24:_%struct.tomoyo_path_info*,_32:_%struct.tomoyo_path_info*,_40:_i8,_72:_i8,_76:_i8,_:_SCMRE_28,29_}"
CONST[source:0(mediator),value:2(dynamic)][purpose:{object}][SnkIdx:1]


CONST[source:0(mediator),value:0(static)][purpose:{operation}][SrcIdx:16]  ->  CONST[source:0(mediator),value:2(dynamic)][purpose:{object}][SnkIdx:2]
-----------
CONST[source:0(mediator),value:0(static)][purpose:{operation}][SrcIdx:16]
CE0x5eb3290 "{CE0x5eb3290|tomoyo_path2_perm:operation|Function::tomoyo_path2_perm&Arg::operation::|*SummSource*}"
CE0x5f8c400 "{CE0x5f8c400|tomoyo_path2_perm:operation|Function::tomoyo_path2_perm&Arg::operation::}"
CE0x87e6ab0 "{CE0x87e6ab0|tomoyo_path2_perm:idxprom|security/tomoyo/file.c,898}"
CE0x6b594a0 "{CE0x6b594a0|tomoyo_path2_perm:arrayidx|security/tomoyo/file.c,898}"
CE0x6ef1c90 "{CE0x6ef1c90|tomoyo_path2_perm:tmp9|security/tomoyo/file.c,898}"
CE0x6d96fe0 "{CE0x6d96fe0|tomoyo_init_request_info:index|Function::tomoyo_init_request_info&Arg::index::}"
CE0x6ca8a50 "{CE0x6ca8a50|tomoyo_get_mode:index|Function::tomoyo_get_mode&Arg::index::}"
CE0x70340e0 "{CE0x70340e0|tomoyo_get_mode:idxprom|security/tomoyo/util.c,981}"
CE0x4f89100 "{CE0x4f89100|tomoyo_get_mode:arrayidx|security/tomoyo/util.c,981}"
CE0x70c43d0 "{CE0x70c43d0|tomoyo_get_mode:tmp9|security/tomoyo/util.c,981}"
CE0x50534c0 "{CE0x50534c0|tomoyo_get_mode:mode.0}"
CE0x5c03510 "{CE0x5c03510|tomoyo_get_mode:mode.1}"
CE0x5c46e40 "{CE0x5c46e40|tomoyo_get_mode:conv15|security/tomoyo/util.c,987}"
CE0x5c473c0 "{CE0x5c473c0|tomoyo_get_mode:and|security/tomoyo/util.c,987}"
CE0x517a9e0 "{CE0x517a9e0|tomoyo_get_mode:retval.0}"
CE0x6cb3070 "{CE0x6cb3070|_ret_i32_%retval.0,_!dbg_!38935|security/tomoyo/util.c,988}"
CE0x6ca2ca0 "{CE0x6ca2ca0|tomoyo_init_request_info:call4|security/tomoyo/util.c,1010}"
CE0x6dd61d0 "{CE0x6dd61d0|tomoyo_init_request_info:conv|security/tomoyo/util.c,1010}"
CE0x5d9b1f0 "{CE0x5d9b1f0|0:_%struct.tomoyo_obj_info*,_24:_%struct.tomoyo_path_info*,_32:_%struct.tomoyo_path_info*,_40:_i8,_72:_i8,_76:_i8,_:_SCMRE_76,77_|*MultipleSource*|security/tomoyo/file.c, 891|security/tomoyo/file.c,891|security/tomoyo/file.c,920|Function::tomoyo_init_request_info&Arg::r::}"
CE0x6ccd580 "{CE0x6ccd580|tomoyo_init_request_info:tmp13|*LoadInst*|security/tomoyo/util.c,1011}"
CE0x6ccd900 "{CE0x6ccd900|tomoyo_init_request_info:conv6|security/tomoyo/util.c,1011}"
CE0x6d0d670 "{CE0x6d0d670|_ret_i32_%conv6,_!dbg_!38926|security/tomoyo/util.c,1011}"
CE0x6acff30 "{CE0x6acff30|tomoyo_path2_perm:call|security/tomoyo/file.c,898}"
CE0x6e83330 "{CE0x6e83330|tomoyo_path2_perm:cmp|security/tomoyo/file.c,899}"
CE0x6cce180 "{CE0x6cce180|tomoyo_path2_perm:sw.epilog}"
CE0x5e12da0 "{CE0x5e12da0|0:_%struct.tomoyo_obj_info*,_24:_%struct.tomoyo_path_info*,_32:_%struct.tomoyo_path_info*,_40:_i8,_72:_i8,_76:_i8,_:_SCMRE_38,39_}"
CONST[source:0(mediator),value:2(dynamic)][purpose:{object}][SnkIdx:2]


