[selinux_inode_symlink]

explicit:
CONST[source:2(external),value:2(dynamic)][purpose:{subject}]  ->  CONST[source:0(mediator),value:2(dynamic)][purpose:{object}]
-----------
CONST[source:2(external),value:2(dynamic)][purpose:{subject}]
CE0x4d27d00 "{CE0x4d27d00|COLLAPSED:_GCMRE_current_task_external_global_%struct.task_struct*:_elem_0::|security/selinux/hooks.c,1706}"
CE0x4d28d70 "{CE0x4d28d70|may_create:_tmp20|security/selinux/hooks.c,1706}"
CE0x4d46290 "{CE0x4d46290|may_create:_tmp21|security/selinux/hooks.c,1706}"
CE0x4dea2f0 "{CE0x4dea2f0|may_create:_create_sid|security/selinux/hooks.c,1717}"
CE0x4dea280 "{CE0x4dea280|may_create:_tmp28|security/selinux/hooks.c,1717}"
CE0x4dea6b0 "{CE0x4dea6b0|0:_i32,_:_SCMRE:_elem_0:default:}"
CE0x4e1e560 "{CE0x4e1e560|may_create:_tmp55|security/selinux/hooks.c,1735}"
CE0x4e1e850 "{CE0x4e1e850|may_create:_tmp55|security/selinux/hooks.c,1735|*SummSink*}"
CONST[source:0(mediator),value:2(dynamic)][purpose:{object}]


CONST[source:2(external),value:2(dynamic)][purpose:{subject}]  ->  CONST[source:0(mediator),value:2(dynamic)][purpose:{subject}]
-----------
CONST[source:2(external),value:2(dynamic)][purpose:{subject}]
CE0x4d27d00 "{CE0x4d27d00|COLLAPSED:_GCMRE_current_task_external_global_%struct.task_struct*:_elem_0::|security/selinux/hooks.c,1706}"
CE0x4d28d70 "{CE0x4d28d70|may_create:_tmp20|security/selinux/hooks.c,1706}"
CE0x4d46290 "{CE0x4d46290|may_create:_tmp21|security/selinux/hooks.c,1706}"
CE0x4df09d0 "{CE0x4df09d0|may_create:_sid11|security/selinux/hooks.c,1716}"
CE0x4de96f0 "{CE0x4de96f0|may_create:_tmp27|security/selinux/hooks.c,1716}"
CE0x4de99d0 "{CE0x4de99d0|may_create:_tmp27|security/selinux/hooks.c,1716|*SummSink*}"
CONST[source:0(mediator),value:2(dynamic)][purpose:{subject}]


CONST[source:1(input),value:2(dynamic)][purpose:{object}]  ->  CONST[source:0(mediator),value:2(dynamic)][purpose:{object}]
-----------
CONST[source:1(input),value:2(dynamic)][purpose:{object}]
CE0x4d4f010 "{CE0x4d4f010|28:_i32,_:_CRE_28,32_|*MultipleSource*|*LoadInst*|security/selinux/hooks.c,1713|security/selinux/hooks.c,1713|security/selinux/hooks.c,1722}"
CE0x4de25c0 "{CE0x4de25c0|may_create:_tmp29|security/selinux/hooks.c,1722}"
CE0x4de29c0 "{CE0x4de29c0|may_create:_tmp29|security/selinux/hooks.c,1722|*SummSink*}"
CONST[source:0(mediator),value:2(dynamic)][purpose:{object}]



implicit:
CONST[source:2(external),value:2(dynamic)][purpose:{subject}]  ->  CONST[source:0(mediator),value:2(dynamic)][purpose:{object}]
-----------
CONST[source:2(external),value:2(dynamic)][purpose:{subject}]
CE0x4d27d00 "{CE0x4d27d00|COLLAPSED:_GCMRE_current_task_external_global_%struct.task_struct*:_elem_0::|security/selinux/hooks.c,1706}"
CE0x4d28d70 "{CE0x4d28d70|may_create:_tmp20|security/selinux/hooks.c,1706}"
CE0x4d46290 "{CE0x4d46290|may_create:_tmp21|security/selinux/hooks.c,1706}"
CE0x4dea2f0 "{CE0x4dea2f0|may_create:_create_sid|security/selinux/hooks.c,1717}"
CE0x4dea280 "{CE0x4dea280|may_create:_tmp28|security/selinux/hooks.c,1717}"
CE0x4dea6b0 "{CE0x4dea6b0|0:_i32,_:_SCMRE:_elem_0:default:}"
CE0x4e1e560 "{CE0x4e1e560|may_create:_tmp55|security/selinux/hooks.c,1735}"
CE0x4e1e850 "{CE0x4e1e850|may_create:_tmp55|security/selinux/hooks.c,1735|*SummSink*}"
CONST[source:0(mediator),value:2(dynamic)][purpose:{object}]


CONST[source:2(external),value:2(dynamic)][purpose:{subject}]  ->  CONST[source:0(mediator),value:2(dynamic)][purpose:{subject}]
-----------
CONST[source:2(external),value:2(dynamic)][purpose:{subject}]
CE0x4d27d00 "{CE0x4d27d00|COLLAPSED:_GCMRE_current_task_external_global_%struct.task_struct*:_elem_0::|security/selinux/hooks.c,1706}"
CE0x4d28d70 "{CE0x4d28d70|may_create:_tmp20|security/selinux/hooks.c,1706}"
CE0x4d46290 "{CE0x4d46290|may_create:_tmp21|security/selinux/hooks.c,1706}"
CE0x4df09d0 "{CE0x4df09d0|may_create:_sid11|security/selinux/hooks.c,1716}"
CE0x4de96f0 "{CE0x4de96f0|may_create:_tmp27|security/selinux/hooks.c,1716}"
CE0x4de99d0 "{CE0x4de99d0|may_create:_tmp27|security/selinux/hooks.c,1716|*SummSink*}"
CONST[source:0(mediator),value:2(dynamic)][purpose:{subject}]


CONST[source:1(input),value:2(dynamic)][purpose:{object}]  ->  CONST[source:0(mediator),value:2(dynamic)][purpose:{object}]
-----------
CONST[source:1(input),value:2(dynamic)][purpose:{object}]
CE0x4d4f010 "{CE0x4d4f010|28:_i32,_:_CRE_28,32_|*MultipleSource*|*LoadInst*|security/selinux/hooks.c,1713|security/selinux/hooks.c,1713|security/selinux/hooks.c,1722}"
CE0x4de25c0 "{CE0x4de25c0|may_create:_tmp29|security/selinux/hooks.c,1722}"
CE0x4de29c0 "{CE0x4de29c0|may_create:_tmp29|security/selinux/hooks.c,1722|*SummSink*}"
CONST[source:0(mediator),value:2(dynamic)][purpose:{object}]


CONST[source:1(input),value:2(dynamic)][purpose:{object}]  ->  CONST[source:0(mediator),value:2(dynamic)][purpose:{subject}]
-----------
CONST[source:1(input),value:2(dynamic)][purpose:{object}]
CE0x4e07a20 "{CE0x4e07a20|VOIDTB_TE:_CE_91,92_}"
CE0x4d43ac0 "{CE0x4d43ac0|may_create:_call22|security/selinux/hooks.c,1729}"
CE0x4e1d050 "{CE0x4e1d050|may_create:_tobool23|security/selinux/hooks.c,1731}"
CE0x4d15330 "{CE0x4d15330|may_create:_if.end30}"
CE0x4cf92b0 "{CE0x4cf92b0|may_create:_tmp64|security/selinux/hooks.c,1739}"
CE0x4cfb5b0 "{CE0x4cfb5b0|may_create:_tmp64|security/selinux/hooks.c,1739|*SummSink*}"
CONST[source:0(mediator),value:2(dynamic)][purpose:{subject}]


