[selinux_quotactl]

explicit:
CONST[source:2(external),value:2(dynamic)][purpose:{subject}][SrcIdx:12]  ->  CONST[source:0(mediator),value:2(dynamic)][purpose:{subject}][SnkIdx:0]
-----------
CONST[source:2(external),value:2(dynamic)][purpose:{subject}][SrcIdx:12]
CE0x8dade60 "{CE0x8dade60|VOIDTB_TE:_IE:_elem_0:default:}"
CE0x8df3cd0 "{CE0x8df3cd0|tmp6}"
CE0x8dc4c20 "{CE0x8dc4c20|_ret_i32_%tmp6,_!dbg_!27716}"
CE0x8db6fd0 "{CE0x8db6fd0|call}"
CE0x8db4c20 "{CE0x8db4c20|call}"
CONST[source:0(mediator),value:2(dynamic)][purpose:{subject}][SnkIdx:0]


CONST[source:2(external),value:2(dynamic)][purpose:{subject}][SrcIdx:12]  ->  CONST[source:0(mediator),value:2(dynamic)][purpose:{object}][SnkIdx:1]
-----------
CONST[source:2(external),value:2(dynamic)][purpose:{subject}][SrcIdx:12]
CE0x8dade60 "{CE0x8dade60|VOIDTB_TE:_IE:_elem_0:default:}"
CE0x8d99910 "{CE0x8d99910|tmp6}"
CE0x8d99bd0 "{CE0x8d99bd0|tmp6}"
CONST[source:0(mediator),value:2(dynamic)][purpose:{object}][SnkIdx:1]


CONST[source:1(input),value:2(dynamic)][purpose:{object}][SrcIdx:9]  ->  CONST[source:0(mediator),value:2(dynamic)][purpose:{subject}][SnkIdx:0]
-----------
CONST[source:1(input),value:2(dynamic)][purpose:{object}][SrcIdx:9]
CE0x8dade60 "{CE0x8dade60|VOIDTB_TE:_IE:_elem_0:default:}"
CE0x8df3cd0 "{CE0x8df3cd0|tmp6}"
CE0x8dc4c20 "{CE0x8dc4c20|_ret_i32_%tmp6,_!dbg_!27716}"
CE0x8db6fd0 "{CE0x8db6fd0|call}"
CE0x8db4c20 "{CE0x8db4c20|call}"
CONST[source:0(mediator),value:2(dynamic)][purpose:{subject}][SnkIdx:0]


CONST[source:1(input),value:2(dynamic)][purpose:{object}][SrcIdx:9]  ->  CONST[source:0(mediator),value:2(dynamic)][purpose:{object}][SnkIdx:1]
-----------
CONST[source:1(input),value:2(dynamic)][purpose:{object}][SrcIdx:9]
CE0x8dade60 "{CE0x8dade60|VOIDTB_TE:_IE:_elem_0:default:}"
CE0x8d99910 "{CE0x8d99910|tmp6}"
CE0x8d99bd0 "{CE0x8d99bd0|tmp6}"
CONST[source:0(mediator),value:2(dynamic)][purpose:{object}][SnkIdx:1]


CONST[source:0(mediator),value:2(dynamic)][purpose:{subject}][SrcIdx:13]  ->  CONST[source:0(mediator),value:2(dynamic)][purpose:{object}][SnkIdx:1]
-----------
CONST[source:0(mediator),value:2(dynamic)][purpose:{subject}][SrcIdx:13]
CE0x8dade60 "{CE0x8dade60|VOIDTB_TE:_IE:_elem_0:default:}"
CE0x8d99910 "{CE0x8d99910|tmp6}"
CE0x8d99bd0 "{CE0x8d99bd0|tmp6}"
CONST[source:0(mediator),value:2(dynamic)][purpose:{object}][SnkIdx:1]



implicit:
CONST[source:2(external),value:2(dynamic)][purpose:{subject}][SrcIdx:12]  ->  CONST[source:0(mediator),value:2(dynamic)][purpose:{subject}][SnkIdx:0]
-----------
CONST[source:2(external),value:2(dynamic)][purpose:{subject}][SrcIdx:12]
CE0x8dade60 "{CE0x8dade60|VOIDTB_TE:_IE:_elem_0:default:}"
CE0x8df3cd0 "{CE0x8df3cd0|tmp6}"
CE0x8dc4c20 "{CE0x8dc4c20|_ret_i32_%tmp6,_!dbg_!27716}"
CE0x8db6fd0 "{CE0x8db6fd0|call}"
CE0x8db4c20 "{CE0x8db4c20|call}"
CONST[source:0(mediator),value:2(dynamic)][purpose:{subject}][SnkIdx:0]


CONST[source:2(external),value:2(dynamic)][purpose:{subject}][SrcIdx:12]  ->  CONST[source:0(mediator),value:2(dynamic)][purpose:{object}][SnkIdx:1]
-----------
CONST[source:2(external),value:2(dynamic)][purpose:{subject}][SrcIdx:12]
CE0x8dade60 "{CE0x8dade60|VOIDTB_TE:_IE:_elem_0:default:}"
CE0x8d99910 "{CE0x8d99910|tmp6}"
CE0x8d99bd0 "{CE0x8d99bd0|tmp6}"
CONST[source:0(mediator),value:2(dynamic)][purpose:{object}][SnkIdx:1]


CONST[source:1(input),value:2(dynamic)][purpose:{object}][SrcIdx:9]  ->  CONST[source:0(mediator),value:2(dynamic)][purpose:{subject}][SnkIdx:0]
-----------
CONST[source:1(input),value:2(dynamic)][purpose:{object}][SrcIdx:9]
CE0x8dade60 "{CE0x8dade60|VOIDTB_TE:_IE:_elem_0:default:}"
CE0x8df3cd0 "{CE0x8df3cd0|tmp6}"
CE0x8dc4c20 "{CE0x8dc4c20|_ret_i32_%tmp6,_!dbg_!27716}"
CE0x8db6fd0 "{CE0x8db6fd0|call}"
CE0x8db4c20 "{CE0x8db4c20|call}"
CONST[source:0(mediator),value:2(dynamic)][purpose:{subject}][SnkIdx:0]


CONST[source:1(input),value:2(dynamic)][purpose:{object}][SrcIdx:9]  ->  CONST[source:0(mediator),value:2(dynamic)][purpose:{object}][SnkIdx:1]
-----------
CONST[source:1(input),value:2(dynamic)][purpose:{object}][SrcIdx:9]
CE0x8dade60 "{CE0x8dade60|VOIDTB_TE:_IE:_elem_0:default:}"
CE0x8d99910 "{CE0x8d99910|tmp6}"
CE0x8d99bd0 "{CE0x8d99bd0|tmp6}"
CONST[source:0(mediator),value:2(dynamic)][purpose:{object}][SnkIdx:1]


CONST[source:0(mediator),value:2(dynamic)][purpose:{subject}][SrcIdx:13]  ->  CONST[source:0(mediator),value:2(dynamic)][purpose:{object}][SnkIdx:1]
-----------
CONST[source:0(mediator),value:2(dynamic)][purpose:{subject}][SrcIdx:13]
CE0x8dade60 "{CE0x8dade60|VOIDTB_TE:_IE:_elem_0:default:}"
CE0x8d99910 "{CE0x8d99910|tmp6}"
CE0x8d99bd0 "{CE0x8d99bd0|tmp6}"
CONST[source:0(mediator),value:2(dynamic)][purpose:{object}][SnkIdx:1]


