[tomoyo_socket_sendmsg.z]

explicit:
CONST[source:1(input),value:2(dynamic)][purpose:{object}]  ->  CONST[source:0(mediator),value:2(dynamic)][purpose:{object}]
-----------
CONST[source:1(input),value:2(dynamic)][purpose:{object}]
CE0x7bf60d0 "{CE0x7bf60d0|0:_i8,_1:_i8,_8:_i16,_16:_i32*,_24:_i8,_:_CMR_16,24_|*MultipleSource*|Function::tomoyo_check_inet_address&Arg::address::|security/tomoyo/network.c,505}"
CE0x7b2ce10 "{CE0x7b2ce10|tomoyo_inet_entry:_tmp19|security/tomoyo/network.c,479}"
CE0x642c120 "{CE0x642c120|24:_i32*,_32:_i16,_34:_i8,_35:_i8,_36:_i8,_72:_i8,_:_SCMRE_29,30_}"
CONST[source:0(mediator),value:2(dynamic)][purpose:{object}]


CONST[source:0(mediator),value:1(k-static)][purpose:{operation}]  ->  CONST[source:0(mediator),value:0(static)][purpose:{operation}]
-----------
CONST[source:0(mediator),value:1(k-static)][purpose:{operation}]
CE0x52fffc0 "{CE0x52fffc0|0:_i8,_1:_i8,_8:_i16,_16:_i32*,_24:_i8,_:_CMR_0,1_|*MultipleSource*|Function::tomoyo_check_inet_address&Arg::address::|security/tomoyo/network.c,505}"
CE0x7a8c880 "{CE0x7a8c880|tomoyo_inet_entry:_tmp16|*LoadInst*|security/tomoyo/network.c,476}"
CE0x63d8240 "{CE0x63d8240|24:_i32*,_32:_i16,_34:_i8,_35:_i8,_36:_i8,_72:_i8,_:_SCMRE_34,35_}"
CONST[source:0(mediator),value:0(static)][purpose:{operation}]


CONST[source:1(input),value:2(dynamic)][purpose:{operation}]  ->  CONST[source:0(mediator),value:0(static)][purpose:{operation}]
-----------
CONST[source:1(input),value:2(dynamic)][purpose:{operation}]
CE0x7c3fa50 "{CE0x7c3fa50|0:_i8,_1:_i8,_8:_i16,_16:_i32*,_24:_i8,_:_CMR_1,2_|*MultipleSource*|Function::tomoyo_check_inet_address&Arg::address::|security/tomoyo/network.c,505}"
CE0x7a90240 "{CE0x7a90240|tomoyo_inet_entry:_tmp17|*LoadInst*|security/tomoyo/network.c,477}"
CE0x63d83a0 "{CE0x63d83a0|24:_i32*,_32:_i16,_34:_i8,_35:_i8,_36:_i8,_72:_i8,_:_SCMRE_35,36_}"
CONST[source:0(mediator),value:0(static)][purpose:{operation}]


CONST[source:2(external),value:2(dynamic)][purpose:{subject}]  ->  CONST[source:0(mediator),value:2(dynamic)][purpose:{subject}]
-----------
CONST[source:2(external),value:2(dynamic)][purpose:{subject}]
CE0x46cd190 "{CE0x46cd190|128:_i8*,_1208:_%struct.file*,_:_CMRE_128,136_|*MultipleSource*|security/tomoyo/common.h,1205|security/tomoyo/common.h,1205}"
CE0x460f8d0 "{CE0x460f8d0|tomoyo_domain:_tmp22|security/tomoyo/common.h,1205}"
CE0x46fb630 "{CE0x46fb630|tomoyo_domain:_tmp23|security/tomoyo/common.h,1205}"
CE0x64231f0 "{CE0x64231f0|_ret_%struct.tomoyo_domain_info*_%tmp23,_!dbg_!38929|security/tomoyo/common.h,1205}"
CE0x642be80 "{CE0x642be80|tomoyo_init_request_info:_call|security/tomoyo/util.c,1005}"
CE0x642be10 "{CE0x642be10|tomoyo_init_request_info:_domain.addr.0}"
CE0x6499af0 "{CE0x6499af0|24:_i32*,_32:_i16,_34:_i8,_35:_i8,_36:_i8,_72:_i8,_:_SCMRE_16,24_|*MultipleSource*|security/tomoyo/network.c, 469|security/tomoyo/network.c,469|Function::tomoyo_init_request_info&Arg::r::|security/tomoyo/network.c,475}"
CONST[source:0(mediator),value:2(dynamic)][purpose:{subject}]



implicit:
CONST[source:0(mediator),value:1(k-static)][purpose:{operation}]  ->  CONST[source:0(mediator),value:2(dynamic)][purpose:{object}]
-----------
CONST[source:0(mediator),value:1(k-static)][purpose:{operation}]
CE0x52fffc0 "{CE0x52fffc0|0:_i8,_1:_i8,_8:_i16,_16:_i32*,_24:_i8,_:_CMR_0,1_|*MultipleSource*|Function::tomoyo_check_inet_address&Arg::address::|security/tomoyo/network.c,505}"
CE0x5481ea0 "{CE0x5481ea0|tomoyo_check_inet_address:_tmp29|*LoadInst*|security/tomoyo/network.c,527}"
CE0x5554cc0 "{CE0x5554cc0|tomoyo_check_inet_address:_conv13|security/tomoyo/network.c,527}"
CE0x5554f50 "{CE0x5554f50|tomoyo_check_inet_address:_cmp14|security/tomoyo/network.c,527}"
CE0x4857970 "{CE0x4857970|tomoyo_check_inet_address:_if.then16}"
CE0x7bf6140 "{CE0x7bf6140|0:_i8,_1:_i8,_8:_i16,_16:_i32*,_24:_i8,_:_CMR_8,10_|*MultipleSource*|Function::tomoyo_check_inet_address&Arg::address::|security/tomoyo/network.c,505}"
CE0x7b07f00 "{CE0x7b07f00|tomoyo_inet_entry:_tmp20|security/tomoyo/network.c,480}"
CE0x7b4b3f0 "{CE0x7b4b3f0|__fswab16:_val|Function::__fswab16&Arg::val::}"
CE0x6454260 "{CE0x6454260|__fswab16:_conv1|include/uapi/linux/swab.h,53}"
CE0x6422760 "{CE0x6422760|__fswab16:_and2|include/uapi/linux/swab.h,53}"
CE0x6422870 "{CE0x6422870|__fswab16:_shr|include/uapi/linux/swab.h,53}"
CE0x64228e0 "{CE0x64228e0|__fswab16:_or|include/uapi/linux/swab.h,53}"
CE0x63fc930 "{CE0x63fc930|__fswab16:_conv3|include/uapi/linux/swab.h,53}"
CE0x7b082f0 "{CE0x7b082f0|_ret_i16_%conv3,_!dbg_!38911|include/uapi/linux/swab.h,53}"
CE0x7b3ac90 "{CE0x7b3ac90|tomoyo_inet_entry:_call21|security/tomoyo/network.c,480}"
CE0x7b4b800 "{CE0x7b4b800|tomoyo_inet_entry:_conv22|security/tomoyo/network.c,480}"
CE0x7b4bbe0 "{CE0x7b4bbe0|tomoyo_inet_entry:_conv23|security/tomoyo/network.c,480}"
CE0x63510d0 "{CE0x63510d0|24:_i32*,_32:_i16,_34:_i8,_35:_i8,_36:_i8,_72:_i8,_:_SCMRE_33,34_}"
CONST[source:0(mediator),value:2(dynamic)][purpose:{object}]


CONST[source:0(mediator),value:1(k-static)][purpose:{operation}]  ->  CONST[source:0(mediator),value:0(static)][purpose:{operation}]
-----------
CONST[source:0(mediator),value:1(k-static)][purpose:{operation}]
CE0x52fffc0 "{CE0x52fffc0|0:_i8,_1:_i8,_8:_i16,_16:_i32*,_24:_i8,_:_CMR_0,1_|*MultipleSource*|Function::tomoyo_check_inet_address&Arg::address::|security/tomoyo/network.c,505}"
CE0x7a8c880 "{CE0x7a8c880|tomoyo_inet_entry:_tmp16|*LoadInst*|security/tomoyo/network.c,476}"
CE0x63d8240 "{CE0x63d8240|24:_i32*,_32:_i16,_34:_i8,_35:_i8,_36:_i8,_72:_i8,_:_SCMRE_34,35_}"
CONST[source:0(mediator),value:0(static)][purpose:{operation}]


CONST[source:2(external),value:2(dynamic)][purpose:{subject}]  ->  CONST[source:0(mediator),value:2(dynamic)][purpose:{subject}]
-----------
CONST[source:2(external),value:2(dynamic)][purpose:{subject}]
CE0x46cd190 "{CE0x46cd190|128:_i8*,_1208:_%struct.file*,_:_CMRE_128,136_|*MultipleSource*|security/tomoyo/common.h,1205|security/tomoyo/common.h,1205}"
CE0x460f8d0 "{CE0x460f8d0|tomoyo_domain:_tmp22|security/tomoyo/common.h,1205}"
CE0x46fb630 "{CE0x46fb630|tomoyo_domain:_tmp23|security/tomoyo/common.h,1205}"
CE0x64231f0 "{CE0x64231f0|_ret_%struct.tomoyo_domain_info*_%tmp23,_!dbg_!38929|security/tomoyo/common.h,1205}"
CE0x642be80 "{CE0x642be80|tomoyo_init_request_info:_call|security/tomoyo/util.c,1005}"
CE0x642be10 "{CE0x642be10|tomoyo_init_request_info:_domain.addr.0}"
CE0x6499af0 "{CE0x6499af0|24:_i32*,_32:_i16,_34:_i8,_35:_i8,_36:_i8,_72:_i8,_:_SCMRE_16,24_|*MultipleSource*|security/tomoyo/network.c, 469|security/tomoyo/network.c,469|Function::tomoyo_init_request_info&Arg::r::|security/tomoyo/network.c,475}"
CONST[source:0(mediator),value:2(dynamic)][purpose:{subject}]


CONST[source:1(input),value:2(dynamic)][purpose:{operation}]  ->  CONST[source:0(mediator),value:0(static)][purpose:{operation}]
-----------
CONST[source:1(input),value:2(dynamic)][purpose:{operation}]
CE0x7c3fa50 "{CE0x7c3fa50|0:_i8,_1:_i8,_8:_i16,_16:_i32*,_24:_i8,_:_CMR_1,2_|*MultipleSource*|Function::tomoyo_check_inet_address&Arg::address::|security/tomoyo/network.c,505}"
CE0x7a90240 "{CE0x7a90240|tomoyo_inet_entry:_tmp17|*LoadInst*|security/tomoyo/network.c,477}"
CE0x63d83a0 "{CE0x63d83a0|24:_i32*,_32:_i16,_34:_i8,_35:_i8,_36:_i8,_72:_i8,_:_SCMRE_35,36_}"
CONST[source:0(mediator),value:0(static)][purpose:{operation}]


CONST[source:1(input),value:2(dynamic)][purpose:{object}]  ->  CONST[source:0(mediator),value:2(dynamic)][purpose:{object}]
-----------
CONST[source:1(input),value:2(dynamic)][purpose:{object}]
CE0x7bf60d0 "{CE0x7bf60d0|0:_i8,_1:_i8,_8:_i16,_16:_i32*,_24:_i8,_:_CMR_16,24_|*MultipleSource*|Function::tomoyo_check_inet_address&Arg::address::|security/tomoyo/network.c,505}"
CE0x7b2ce10 "{CE0x7b2ce10|tomoyo_inet_entry:_tmp19|security/tomoyo/network.c,479}"
CE0x642c010 "{CE0x642c010|24:_i32*,_32:_i16,_34:_i8,_35:_i8,_36:_i8,_72:_i8,_:_SCMRE_28,29_}"
CONST[source:0(mediator),value:2(dynamic)][purpose:{object}]


CONST[source:1(input),value:2(dynamic)][purpose:{object}]  ->  CONST[source:0(mediator),value:2(dynamic)][purpose:{subject}]
-----------
CONST[source:1(input),value:2(dynamic)][purpose:{object}]
CE0x7d0e520 "{CE0x7d0e520|tomoyo_check_inet_address:_addr_len|Function::tomoyo_check_inet_address&Arg::addr_len::|*SummSource*}"
CE0x7ce53d0 "{CE0x7ce53d0|tomoyo_check_inet_address:_addr_len|Function::tomoyo_check_inet_address&Arg::addr_len::}"
CE0x7b0e790 "{CE0x7b0e790|tomoyo_check_inet_address:_cmp|security/tomoyo/network.c,509}"
CE0x7c4e040 "{CE0x7c4e040|tomoyo_check_inet_address:_if.end20}"
CE0x6140d50 "{CE0x6140d50|tomoyo_inet_entry:_entry}"
CE0x6499270 "{CE0x6499270|tomoyo_inet_entry:_land.lhs.true}"
CE0x642b8a0 "{CE0x642b8a0|tomoyo_init_request_info:_entry}"
CE0x7dce6a0 "{CE0x7dce6a0|tomoyo_init_request_info:_if.end}"
CE0x6499af0 "{CE0x6499af0|24:_i32*,_32:_i16,_34:_i8,_35:_i8,_36:_i8,_72:_i8,_:_SCMRE_16,24_|*MultipleSource*|security/tomoyo/network.c, 469|security/tomoyo/network.c,469|Function::tomoyo_init_request_info&Arg::r::|security/tomoyo/network.c,475}"
CONST[source:0(mediator),value:2(dynamic)][purpose:{subject}]


CONST[source:1(input),value:2(dynamic)][purpose:{object}]  ->  CONST[source:0(mediator),value:0(static)][purpose:{operation}]
-----------
CONST[source:1(input),value:2(dynamic)][purpose:{object}]
CE0x7d0e520 "{CE0x7d0e520|tomoyo_check_inet_address:_addr_len|Function::tomoyo_check_inet_address&Arg::addr_len::|*SummSource*}"
CE0x7ce53d0 "{CE0x7ce53d0|tomoyo_check_inet_address:_addr_len|Function::tomoyo_check_inet_address&Arg::addr_len::}"
CE0x7b0e790 "{CE0x7b0e790|tomoyo_check_inet_address:_cmp|security/tomoyo/network.c,509}"
CE0x7c4e040 "{CE0x7c4e040|tomoyo_check_inet_address:_if.end20}"
CE0x6140d50 "{CE0x6140d50|tomoyo_inet_entry:_entry}"
CE0x6499110 "{CE0x6499110|tomoyo_inet_entry:_if.then}"
CE0x63d8240 "{CE0x63d8240|24:_i32*,_32:_i16,_34:_i8,_35:_i8,_36:_i8,_72:_i8,_:_SCMRE_34,35_}"
CONST[source:0(mediator),value:0(static)][purpose:{operation}]


