[selinux_inode_listxattr]

explicit:
CONST[source:1(input),value:2(dynamic)][purpose:{object}][SrcIdx:1]  ->  CONST[source:0(mediator),value:2(dynamic)][purpose:{object}][SnkIdx:2]
-----------
CONST[source:1(input),value:2(dynamic)][purpose:{object}][SrcIdx:1]
CE0x897a080 "{CE0x897a080|VOIDTB_TE:_IE:_elem_0:default:}"
CE0x89a9960 "{CE0x89a9960|tmp18}"
CE0x898d6f0 "{CE0x898d6f0|tmp18}"
CONST[source:0(mediator),value:2(dynamic)][purpose:{object}][SnkIdx:2]


CONST[source:1(input),value:2(dynamic)][purpose:{object}][SrcIdx:1]  ->  CONST[source:0(mediator),value:2(dynamic)][purpose:{object}][SnkIdx:1]
-----------
CONST[source:1(input),value:2(dynamic)][purpose:{object}][SrcIdx:1]
CE0x897a080 "{CE0x897a080|VOIDTB_TE:_IE:_elem_0:default:}"
CE0x89a94b0 "{CE0x89a94b0|tmp17}"
CE0x89a9740 "{CE0x89a9740|tmp17}"
CONST[source:0(mediator),value:2(dynamic)][purpose:{object}][SnkIdx:1]


CONST[source:1(input),value:2(dynamic)][purpose:{object}][SrcIdx:1]  ->  CONST[source:0(mediator),value:2(dynamic)][purpose:{subject}][SnkIdx:0]
-----------
CONST[source:1(input),value:2(dynamic)][purpose:{object}][SrcIdx:1]
CE0x897a080 "{CE0x897a080|VOIDTB_TE:_IE:_elem_0:default:}"
CE0x895e580 "{CE0x895e580|tmp6}"
CE0x895ff90 "{CE0x895ff90|_ret_i32_%tmp6,_!dbg_!27716}"
CE0x896d2e0 "{CE0x896d2e0|call}"
CE0x896d480 "{CE0x896d480|call}"
CONST[source:0(mediator),value:2(dynamic)][purpose:{subject}][SnkIdx:0]


CONST[source:2(external),value:2(dynamic)][purpose:{subject}][SrcIdx:3]  ->  CONST[source:0(mediator),value:2(dynamic)][purpose:{object}][SnkIdx:2]
-----------
CONST[source:2(external),value:2(dynamic)][purpose:{subject}][SrcIdx:3]
CE0x897a080 "{CE0x897a080|VOIDTB_TE:_IE:_elem_0:default:}"
CE0x89a9960 "{CE0x89a9960|tmp18}"
CE0x898d6f0 "{CE0x898d6f0|tmp18}"
CONST[source:0(mediator),value:2(dynamic)][purpose:{object}][SnkIdx:2]


CONST[source:2(external),value:2(dynamic)][purpose:{subject}][SrcIdx:3]  ->  CONST[source:0(mediator),value:2(dynamic)][purpose:{object}][SnkIdx:1]
-----------
CONST[source:2(external),value:2(dynamic)][purpose:{subject}][SrcIdx:3]
CE0x897a080 "{CE0x897a080|VOIDTB_TE:_IE:_elem_0:default:}"
CE0x89a94b0 "{CE0x89a94b0|tmp17}"
CE0x89a9740 "{CE0x89a9740|tmp17}"
CONST[source:0(mediator),value:2(dynamic)][purpose:{object}][SnkIdx:1]


CONST[source:2(external),value:2(dynamic)][purpose:{subject}][SrcIdx:3]  ->  CONST[source:0(mediator),value:2(dynamic)][purpose:{subject}][SnkIdx:0]
-----------
CONST[source:2(external),value:2(dynamic)][purpose:{subject}][SrcIdx:3]
CE0x897a080 "{CE0x897a080|VOIDTB_TE:_IE:_elem_0:default:}"
CE0x895e580 "{CE0x895e580|tmp6}"
CE0x895ff90 "{CE0x895ff90|_ret_i32_%tmp6,_!dbg_!27716}"
CE0x896d2e0 "{CE0x896d2e0|call}"
CE0x896d480 "{CE0x896d480|call}"
CONST[source:0(mediator),value:2(dynamic)][purpose:{subject}][SnkIdx:0]


CONST[source:0(mediator),value:2(dynamic)][purpose:{subject}][SrcIdx:4]  ->  CONST[source:0(mediator),value:2(dynamic)][purpose:{object}][SnkIdx:2]
-----------
CONST[source:0(mediator),value:2(dynamic)][purpose:{subject}][SrcIdx:4]
CE0x897a080 "{CE0x897a080|VOIDTB_TE:_IE:_elem_0:default:}"
CE0x89a9960 "{CE0x89a9960|tmp18}"
CE0x898d6f0 "{CE0x898d6f0|tmp18}"
CONST[source:0(mediator),value:2(dynamic)][purpose:{object}][SnkIdx:2]


CONST[source:0(mediator),value:2(dynamic)][purpose:{subject}][SrcIdx:4]  ->  CONST[source:0(mediator),value:2(dynamic)][purpose:{object}][SnkIdx:1]
-----------
CONST[source:0(mediator),value:2(dynamic)][purpose:{subject}][SrcIdx:4]
CE0x897a080 "{CE0x897a080|VOIDTB_TE:_IE:_elem_0:default:}"
CE0x89a94b0 "{CE0x89a94b0|tmp17}"
CE0x89a9740 "{CE0x89a9740|tmp17}"
CONST[source:0(mediator),value:2(dynamic)][purpose:{object}][SnkIdx:1]



implicit:
CONST[source:0(mediator),value:2(dynamic)][purpose:{subject}][SrcIdx:4]  ->  CONST[source:0(mediator),value:2(dynamic)][purpose:{object}][SnkIdx:1]
-----------
CONST[source:0(mediator),value:2(dynamic)][purpose:{subject}][SrcIdx:4]
CE0x897a080 "{CE0x897a080|VOIDTB_TE:_IE:_elem_0:default:}"
CE0x89a94b0 "{CE0x89a94b0|tmp17}"
CE0x89a9740 "{CE0x89a9740|tmp17}"
CONST[source:0(mediator),value:2(dynamic)][purpose:{object}][SnkIdx:1]


CONST[source:0(mediator),value:2(dynamic)][purpose:{subject}][SrcIdx:4]  ->  CONST[source:0(mediator),value:2(dynamic)][purpose:{object}][SnkIdx:2]
-----------
CONST[source:0(mediator),value:2(dynamic)][purpose:{subject}][SrcIdx:4]
CE0x897a080 "{CE0x897a080|VOIDTB_TE:_IE:_elem_0:default:}"
CE0x89a9960 "{CE0x89a9960|tmp18}"
CE0x898d6f0 "{CE0x898d6f0|tmp18}"
CONST[source:0(mediator),value:2(dynamic)][purpose:{object}][SnkIdx:2]


CONST[source:1(input),value:2(dynamic)][purpose:{object}][SrcIdx:1]  ->  CONST[source:0(mediator),value:2(dynamic)][purpose:{object}][SnkIdx:1]
-----------
CONST[source:1(input),value:2(dynamic)][purpose:{object}][SrcIdx:1]
CE0x897a080 "{CE0x897a080|VOIDTB_TE:_IE:_elem_0:default:}"
CE0x89a94b0 "{CE0x89a94b0|tmp17}"
CE0x89a9740 "{CE0x89a9740|tmp17}"
CONST[source:0(mediator),value:2(dynamic)][purpose:{object}][SnkIdx:1]


CONST[source:1(input),value:2(dynamic)][purpose:{object}][SrcIdx:1]  ->  CONST[source:0(mediator),value:2(dynamic)][purpose:{object}][SnkIdx:2]
-----------
CONST[source:1(input),value:2(dynamic)][purpose:{object}][SrcIdx:1]
CE0x897a080 "{CE0x897a080|VOIDTB_TE:_IE:_elem_0:default:}"
CE0x89a9960 "{CE0x89a9960|tmp18}"
CE0x898d6f0 "{CE0x898d6f0|tmp18}"
CONST[source:0(mediator),value:2(dynamic)][purpose:{object}][SnkIdx:2]


CONST[source:1(input),value:2(dynamic)][purpose:{object}][SrcIdx:1]  ->  CONST[source:0(mediator),value:2(dynamic)][purpose:{subject}][SnkIdx:0]
-----------
CONST[source:1(input),value:2(dynamic)][purpose:{object}][SrcIdx:1]
CE0x897a080 "{CE0x897a080|VOIDTB_TE:_IE:_elem_0:default:}"
CE0x895e580 "{CE0x895e580|tmp6}"
CE0x895ff90 "{CE0x895ff90|_ret_i32_%tmp6,_!dbg_!27716}"
CE0x896d2e0 "{CE0x896d2e0|call}"
CE0x896d480 "{CE0x896d480|call}"
CONST[source:0(mediator),value:2(dynamic)][purpose:{subject}][SnkIdx:0]


CONST[source:2(external),value:2(dynamic)][purpose:{subject}][SrcIdx:3]  ->  CONST[source:0(mediator),value:2(dynamic)][purpose:{object}][SnkIdx:1]
-----------
CONST[source:2(external),value:2(dynamic)][purpose:{subject}][SrcIdx:3]
CE0x897a080 "{CE0x897a080|VOIDTB_TE:_IE:_elem_0:default:}"
CE0x89a94b0 "{CE0x89a94b0|tmp17}"
CE0x89a9740 "{CE0x89a9740|tmp17}"
CONST[source:0(mediator),value:2(dynamic)][purpose:{object}][SnkIdx:1]


CONST[source:2(external),value:2(dynamic)][purpose:{subject}][SrcIdx:3]  ->  CONST[source:0(mediator),value:2(dynamic)][purpose:{object}][SnkIdx:2]
-----------
CONST[source:2(external),value:2(dynamic)][purpose:{subject}][SrcIdx:3]
CE0x897a080 "{CE0x897a080|VOIDTB_TE:_IE:_elem_0:default:}"
CE0x89a9960 "{CE0x89a9960|tmp18}"
CE0x898d6f0 "{CE0x898d6f0|tmp18}"
CONST[source:0(mediator),value:2(dynamic)][purpose:{object}][SnkIdx:2]


CONST[source:2(external),value:2(dynamic)][purpose:{subject}][SrcIdx:3]  ->  CONST[source:0(mediator),value:2(dynamic)][purpose:{subject}][SnkIdx:0]
-----------
CONST[source:2(external),value:2(dynamic)][purpose:{subject}][SrcIdx:3]
CE0x897a080 "{CE0x897a080|VOIDTB_TE:_IE:_elem_0:default:}"
CE0x895e580 "{CE0x895e580|tmp6}"
CE0x895ff90 "{CE0x895ff90|_ret_i32_%tmp6,_!dbg_!27716}"
CE0x896d2e0 "{CE0x896d2e0|call}"
CE0x896d480 "{CE0x896d480|call}"
CONST[source:0(mediator),value:2(dynamic)][purpose:{subject}][SnkIdx:0]


