[selinux_socket_unix_stream_connect]

explicit:
CONST[source:1(input),value:2(dynamic)][purpose:{object}]  ->  CONST[source:0(mediator),value:2(dynamic)][purpose:{object}]
-----------
CONST[source:1(input),value:2(dynamic)][purpose:{object}]
CE0x5a149a0 "{CE0x5a149a0|16:_i32,_24:_i16,_:_CRE_24,26_|*MultipleSource*|*LoadInst*|security/selinux/hooks.c,4261|security/selinux/hooks.c,4261|security/selinux/hooks.c,4271}"
CE0x5a17d80 "{CE0x5a17d80|selinux_socket_unix_stream_connect:_tmp13|security/selinux/hooks.c,4272}"
CE0x5a18060 "{CE0x5a18060|selinux_socket_unix_stream_connect:_tmp13|security/selinux/hooks.c,4272|*SummSink*}"
CONST[source:0(mediator),value:2(dynamic)][purpose:{object}]


CONST[source:1(input),value:2(dynamic)][purpose:{subject}]  ->  CONST[source:0(mediator),value:2(dynamic)][purpose:{subject}]
-----------
CONST[source:1(input),value:2(dynamic)][purpose:{subject}]
CE0x59b5180 "{CE0x59b5180|16:_i32,_20:_i32,_:_CMRE_16,20_|*MultipleSource*|security/selinux/hooks.c,4260|*LoadInst*|security/selinux/hooks.c,4260|security/selinux/hooks.c,4271}"
CE0x5a134d0 "{CE0x5a134d0|selinux_socket_unix_stream_connect:_tmp11|security/selinux/hooks.c,4271}"
CE0x5a13820 "{CE0x5a13820|selinux_socket_unix_stream_connect:_tmp11|security/selinux/hooks.c,4271|*SummSink*}"
CONST[source:0(mediator),value:2(dynamic)][purpose:{subject}]



implicit:
CONST[source:1(input),value:2(dynamic)][purpose:{subject}]  ->  CONST[source:0(mediator),value:2(dynamic)][purpose:{subject}]
-----------
CONST[source:1(input),value:2(dynamic)][purpose:{subject}]
CE0x59b5180 "{CE0x59b5180|16:_i32,_20:_i32,_:_CMRE_16,20_|*MultipleSource*|security/selinux/hooks.c,4260|*LoadInst*|security/selinux/hooks.c,4260|security/selinux/hooks.c,4271}"
CE0x5a134d0 "{CE0x5a134d0|selinux_socket_unix_stream_connect:_tmp11|security/selinux/hooks.c,4271}"
CE0x5a13820 "{CE0x5a13820|selinux_socket_unix_stream_connect:_tmp11|security/selinux/hooks.c,4271|*SummSink*}"
CONST[source:0(mediator),value:2(dynamic)][purpose:{subject}]


CONST[source:1(input),value:2(dynamic)][purpose:{object}]  ->  CONST[source:0(mediator),value:2(dynamic)][purpose:{object}]
-----------
CONST[source:1(input),value:2(dynamic)][purpose:{object}]
CE0x5a149a0 "{CE0x5a149a0|16:_i32,_24:_i16,_:_CRE_24,26_|*MultipleSource*|*LoadInst*|security/selinux/hooks.c,4261|security/selinux/hooks.c,4261|security/selinux/hooks.c,4271}"
CE0x5a17d80 "{CE0x5a17d80|selinux_socket_unix_stream_connect:_tmp13|security/selinux/hooks.c,4272}"
CE0x5a18060 "{CE0x5a18060|selinux_socket_unix_stream_connect:_tmp13|security/selinux/hooks.c,4272|*SummSink*}"
CONST[source:0(mediator),value:2(dynamic)][purpose:{object}]


