[tomoyo_path_symlink]

explicit:
CONST[source:2(external),value:2(dynamic)][purpose:{subject}][SrcIdx:17]  ->  CONST[source:0(mediator),value:2(dynamic)][purpose:{subject}][SnkIdx:0]
-----------
CONST[source:2(external),value:2(dynamic)][purpose:{subject}][SrcIdx:17]
CE0x472c560 "{CE0x472c560|COLLAPSED:_GCRE_current_task_external_global_%struct.task_struct*:_elem_0::|security/tomoyo/common.h,1205}"
CE0x45fe4d0 "{CE0x45fe4d0|tomoyo_domain:tmp22|security/tomoyo/common.h,1205}"
CE0x5893760 "{CE0x5893760|tomoyo_domain:tmp23|security/tomoyo/common.h,1205}"
CE0x5648b20 "{CE0x5648b20|_ret_%struct.tomoyo_domain_info*_%tmp23,_!dbg_!38929|security/tomoyo/common.h,1205}"
CE0x6e78280 "{CE0x6e78280|tomoyo_init_request_info:call|security/tomoyo/util.c,1005}"
CE0x6fe5490 "{CE0x6fe5490|tomoyo_init_request_info:domain.addr.0}"
CE0x4751e50 "{CE0x4751e50|0:_%struct.tomoyo_obj_info*,_16:_%struct.tomoyo_domain_info*,_24:_%struct.tomoyo_path_info*,_40:_i8,_72:_i8,_75:_i8,_76:_i8,_77:_i8,_:_SCMRE_16,24_|*MultipleSource*|security/tomoyo/file.c, 787|security/tomoyo/file.c,787|Function::tomoyo_init_request_info&Arg::r::|security/tomoyo/file.c,800}"
CONST[source:0(mediator),value:2(dynamic)][purpose:{subject}][SnkIdx:0]



implicit:
CONST[source:0(mediator),value:0(static)][purpose:{operation}][SrcIdx:16]  ->  CONST[source:0(mediator),value:2(dynamic)][purpose:{object}][SnkIdx:1]
-----------
CONST[source:0(mediator),value:0(static)][purpose:{operation}][SrcIdx:16]
CE0x3b7a4e0 "{CE0x3b7a4e0|tomoyo_path_perm:operation|Function::tomoyo_path_perm&Arg::operation::|*SummSource*}"
CE0x3b7a400 "{CE0x3b7a400|tomoyo_path_perm:operation|Function::tomoyo_path_perm&Arg::operation::}"
CE0x57fed10 "{CE0x57fed10|tomoyo_path_perm:conv8|security/tomoyo/file.c,807}"
CE0x6e46a10 "{CE0x6e46a10|tomoyo_path_perm:sw.epilog}"
CE0x47e7590 "{CE0x47e7590|tomoyo_path_permission:entry}"
CE0x6e89b80 "{CE0x6e89b80|tomoyo_path_permission:if.end}"
CE0x583d6f0 "{CE0x583d6f0|0:_%struct.tomoyo_obj_info*,_16:_%struct.tomoyo_domain_info*,_24:_%struct.tomoyo_path_info*,_40:_i8,_72:_i8,_75:_i8,_76:_i8,_77:_i8,_:_SCMRE_24,25_}"
CONST[source:0(mediator),value:2(dynamic)][purpose:{object}][SnkIdx:1]


CONST[source:2(external),value:2(dynamic)][purpose:{subject}][SrcIdx:17]  ->  CONST[source:0(mediator),value:2(dynamic)][purpose:{subject}][SnkIdx:0]
-----------
CONST[source:2(external),value:2(dynamic)][purpose:{subject}][SrcIdx:17]
CE0x577a000 "{CE0x577a000|128:_i8*,_1208:_%struct.file*,_:_CMRE_128,136_|*MultipleSource*|security/tomoyo/common.h,1205|security/tomoyo/common.h,1205}"
CE0x45fe4d0 "{CE0x45fe4d0|tomoyo_domain:tmp22|security/tomoyo/common.h,1205}"
CE0x5893760 "{CE0x5893760|tomoyo_domain:tmp23|security/tomoyo/common.h,1205}"
CE0x5648b20 "{CE0x5648b20|_ret_%struct.tomoyo_domain_info*_%tmp23,_!dbg_!38929|security/tomoyo/common.h,1205}"
CE0x6e78280 "{CE0x6e78280|tomoyo_init_request_info:call|security/tomoyo/util.c,1005}"
CE0x6fe5490 "{CE0x6fe5490|tomoyo_init_request_info:domain.addr.0}"
CE0x4751e50 "{CE0x4751e50|0:_%struct.tomoyo_obj_info*,_16:_%struct.tomoyo_domain_info*,_24:_%struct.tomoyo_path_info*,_40:_i8,_72:_i8,_75:_i8,_76:_i8,_77:_i8,_:_SCMRE_16,24_|*MultipleSource*|security/tomoyo/file.c, 787|security/tomoyo/file.c,787|Function::tomoyo_init_request_info&Arg::r::|security/tomoyo/file.c,800}"
CONST[source:0(mediator),value:2(dynamic)][purpose:{subject}][SnkIdx:0]


