[selinux_inode_readlink]

explicit:
CONST[source:1(input),value:2(dynamic)][purpose:{object}][SrcIdx:0]  ->  CONST[source:0(mediator),value:2(dynamic)][purpose:{subject}]
-----------
CONST[source:1(input),value:2(dynamic)][purpose:{object}][SrcIdx:0]
CE0x8e1c600 "{CE0x8e1c600|VOIDTB_TE:_IE:_elem_0:default:}"
CE0x8e27710 "{CE0x8e27710|tmp6}"
CE0x8e249d0 "{CE0x8e249d0|_ret_i32_%tmp6,_!dbg_!27716}"
CE0x8e24250 "{CE0x8e24250|call}"
CE0x8e243f0 "{CE0x8e243f0|call}"
CONST[source:0(mediator),value:2(dynamic)][purpose:{subject}]


CONST[source:1(input),value:2(dynamic)][purpose:{object}][SrcIdx:0]  ->  CONST[source:0(mediator),value:2(dynamic)][purpose:{object}]
-----------
CONST[source:1(input),value:2(dynamic)][purpose:{object}][SrcIdx:0]
CE0x8e1c600 "{CE0x8e1c600|VOIDTB_TE:_IE:_elem_0:default:}"
CE0x8e20330 "{CE0x8e20330|tmp17}"
CE0x8e23040 "{CE0x8e23040|tmp17}"
CONST[source:0(mediator),value:2(dynamic)][purpose:{object}]


CONST[source:0(mediator),value:2(dynamic)][purpose:{subject}][SrcIdx:3]  ->  CONST[source:0(mediator),value:2(dynamic)][purpose:{object}]
-----------
CONST[source:0(mediator),value:2(dynamic)][purpose:{subject}][SrcIdx:3]
CE0x8e1c600 "{CE0x8e1c600|VOIDTB_TE:_IE:_elem_0:default:}"
CE0x8e20330 "{CE0x8e20330|tmp17}"
CE0x8e23040 "{CE0x8e23040|tmp17}"
CONST[source:0(mediator),value:2(dynamic)][purpose:{object}]


CONST[source:2(external),value:2(dynamic)][purpose:{subject}][SrcIdx:2]  ->  CONST[source:0(mediator),value:2(dynamic)][purpose:{subject}]
-----------
CONST[source:2(external),value:2(dynamic)][purpose:{subject}][SrcIdx:2]
CE0x8e1c600 "{CE0x8e1c600|VOIDTB_TE:_IE:_elem_0:default:}"
CE0x8e27710 "{CE0x8e27710|tmp6}"
CE0x8e249d0 "{CE0x8e249d0|_ret_i32_%tmp6,_!dbg_!27716}"
CE0x8e24250 "{CE0x8e24250|call}"
CE0x8e243f0 "{CE0x8e243f0|call}"
CONST[source:0(mediator),value:2(dynamic)][purpose:{subject}]


CONST[source:2(external),value:2(dynamic)][purpose:{subject}][SrcIdx:2]  ->  CONST[source:0(mediator),value:2(dynamic)][purpose:{object}]
-----------
CONST[source:2(external),value:2(dynamic)][purpose:{subject}][SrcIdx:2]
CE0x8e1c600 "{CE0x8e1c600|VOIDTB_TE:_IE:_elem_0:default:}"
CE0x8e20330 "{CE0x8e20330|tmp17}"
CE0x8e23040 "{CE0x8e23040|tmp17}"
CONST[source:0(mediator),value:2(dynamic)][purpose:{object}]



implicit:
CONST[source:0(mediator),value:2(dynamic)][purpose:{subject}][SrcIdx:3]  ->  CONST[source:0(mediator),value:2(dynamic)][purpose:{object}]
-----------
CONST[source:0(mediator),value:2(dynamic)][purpose:{subject}][SrcIdx:3]
CE0x8e1c600 "{CE0x8e1c600|VOIDTB_TE:_IE:_elem_0:default:}"
CE0x8e232f0 "{CE0x8e232f0|tmp18}"
CE0x8e23610 "{CE0x8e23610|tmp18}"
CONST[source:0(mediator),value:2(dynamic)][purpose:{object}]


CONST[source:2(external),value:2(dynamic)][purpose:{subject}][SrcIdx:2]  ->  CONST[source:0(mediator),value:2(dynamic)][purpose:{subject}]
-----------
CONST[source:2(external),value:2(dynamic)][purpose:{subject}][SrcIdx:2]
CE0x8e1c600 "{CE0x8e1c600|VOIDTB_TE:_IE:_elem_0:default:}"
CE0x8e27710 "{CE0x8e27710|tmp6}"
CE0x8e249d0 "{CE0x8e249d0|_ret_i32_%tmp6,_!dbg_!27716}"
CE0x8e24250 "{CE0x8e24250|call}"
CE0x8e243f0 "{CE0x8e243f0|call}"
CONST[source:0(mediator),value:2(dynamic)][purpose:{subject}]


CONST[source:2(external),value:2(dynamic)][purpose:{subject}][SrcIdx:2]  ->  CONST[source:0(mediator),value:2(dynamic)][purpose:{object}]
-----------
CONST[source:2(external),value:2(dynamic)][purpose:{subject}][SrcIdx:2]
CE0x8e1c600 "{CE0x8e1c600|VOIDTB_TE:_IE:_elem_0:default:}"
CE0x8e232f0 "{CE0x8e232f0|tmp18}"
CE0x8e23610 "{CE0x8e23610|tmp18}"
CONST[source:0(mediator),value:2(dynamic)][purpose:{object}]


CONST[source:1(input),value:2(dynamic)][purpose:{object}][SrcIdx:0]  ->  CONST[source:0(mediator),value:2(dynamic)][purpose:{subject}]
-----------
CONST[source:1(input),value:2(dynamic)][purpose:{object}][SrcIdx:0]
CE0x8e1c600 "{CE0x8e1c600|VOIDTB_TE:_IE:_elem_0:default:}"
CE0x8e27710 "{CE0x8e27710|tmp6}"
CE0x8e249d0 "{CE0x8e249d0|_ret_i32_%tmp6,_!dbg_!27716}"
CE0x8e24250 "{CE0x8e24250|call}"
CE0x8e243f0 "{CE0x8e243f0|call}"
CONST[source:0(mediator),value:2(dynamic)][purpose:{subject}]


CONST[source:1(input),value:2(dynamic)][purpose:{object}][SrcIdx:0]  ->  CONST[source:0(mediator),value:2(dynamic)][purpose:{object}]
-----------
CONST[source:1(input),value:2(dynamic)][purpose:{object}][SrcIdx:0]
CE0x8e1c600 "{CE0x8e1c600|VOIDTB_TE:_IE:_elem_0:default:}"
CE0x8e232f0 "{CE0x8e232f0|tmp18}"
CE0x8e23610 "{CE0x8e23610|tmp18}"
CONST[source:0(mediator),value:2(dynamic)][purpose:{object}]


