[selinux_kernel_module_request]

explicit:
CONST[source:2(external),value:2(dynamic)][purpose:{subject}]  ->  CONST[source:0(mediator),value:2(dynamic)][purpose:{subject}]

-----------
CONST[source:2(external),value:2(dynamic)][purpose:{subject}]
CE0x8928730 "{CE0x8928730|VOIDTB_TE:_IE:_elem_0:default:}"
CE0x894f170 "{CE0x894f170|tmp6}"
CE0x8977580 "{CE0x8977580|_ret_i32_%tmp6,_!dbg_!27716}"
CE0x899ab70 "{CE0x899ab70|call7}"
CE0x891b4e0 "{CE0x891b4e0|_ret_i32_%call7,_!dbg_!27749}"
CE0x892fc80 "{CE0x892fc80|call1}"
CE0x892bc30 "{CE0x892bc30|call1}"
CONST[source:0(mediator),value:2(dynamic)][purpose:{subject}]



CONST[source:1(input),value:2(dynamic)][purpose:{object}]  ->  CONST[source:0(mediator),value:2(dynamic)][purpose:{subject}]

-----------
CONST[source:1(input),value:2(dynamic)][purpose:{object}]
CE0x8928730 "{CE0x8928730|VOIDTB_TE:_IE:_elem_0:default:}"
CE0x894f170 "{CE0x894f170|tmp6}"
CE0x8977580 "{CE0x8977580|_ret_i32_%tmp6,_!dbg_!27716}"
CE0x899ab70 "{CE0x899ab70|call7}"
CE0x891b4e0 "{CE0x891b4e0|_ret_i32_%call7,_!dbg_!27749}"
CE0x892fc80 "{CE0x892fc80|call1}"
CE0x892bc30 "{CE0x892bc30|call1}"
CONST[source:0(mediator),value:2(dynamic)][purpose:{subject}]




implicit:
CONST[source:1(input),value:2(dynamic)][purpose:{object}]  ->  CONST[source:0(mediator),value:2(dynamic)][purpose:{subject}]

-----------
CONST[source:1(input),value:2(dynamic)][purpose:{object}]
CE0x8928730 "{CE0x8928730|VOIDTB_TE:_IE:_elem_0:default:}"
CE0x894f170 "{CE0x894f170|tmp6}"
CE0x8977580 "{CE0x8977580|_ret_i32_%tmp6,_!dbg_!27716}"
CE0x899ab70 "{CE0x899ab70|call7}"
CE0x891b4e0 "{CE0x891b4e0|_ret_i32_%call7,_!dbg_!27749}"
CE0x892fc80 "{CE0x892fc80|call1}"
CE0x892bc30 "{CE0x892bc30|call1}"
CONST[source:0(mediator),value:2(dynamic)][purpose:{subject}]



CONST[source:2(external),value:2(dynamic)][purpose:{subject}]  ->  CONST[source:0(mediator),value:2(dynamic)][purpose:{subject}]

-----------
CONST[source:2(external),value:2(dynamic)][purpose:{subject}]
CE0x8928730 "{CE0x8928730|VOIDTB_TE:_IE:_elem_0:default:}"
CE0x894f170 "{CE0x894f170|tmp6}"
CE0x8977580 "{CE0x8977580|_ret_i32_%tmp6,_!dbg_!27716}"
CE0x899ab70 "{CE0x899ab70|call7}"
CE0x891b4e0 "{CE0x891b4e0|_ret_i32_%call7,_!dbg_!27749}"
CE0x892fc80 "{CE0x892fc80|call1}"
CE0x892bc30 "{CE0x892bc30|call1}"
CONST[source:0(mediator),value:2(dynamic)][purpose:{subject}]



