[selinux_inode_getxattr]

explicit:
CONST[source:1(input),value:2(dynamic)][purpose:{object}][SrcIdx:0]  ->  CONST[source:0(mediator),value:2(dynamic)][purpose:{object}]
-----------
CONST[source:1(input),value:2(dynamic)][purpose:{object}][SrcIdx:0]
CE0x40212a0 "{CE0x40212a0|12:_i32,_56:_i8*,_:_CRE_56,64_|*MultipleSource*|Function::inode_has_perm&Arg::inode::|*LoadInst*|security/selinux/hooks.c,1627|security/selinux/hooks.c,1611}"
CE0x406dc50 "{CE0x406dc50|inode_has_perm:tmp15|*LoadInst*|security/selinux/hooks.c,1615}"
CE0x406e2f0 "{CE0x406e2f0|inode_has_perm:tmp16|security/selinux/hooks.c,1615}"
CE0x4074c40 "{CE0x4074c40|inode_has_perm:sid3|security/selinux/hooks.c,1617}"
CE0x40705a0 "{CE0x40705a0|inode_has_perm:tmp17|security/selinux/hooks.c,1617}"
CE0x40709a0 "{CE0x40709a0|inode_has_perm:tmp17|security/selinux/hooks.c,1617|*SummSink*}"
CONST[source:0(mediator),value:2(dynamic)][purpose:{object}]


CONST[source:1(input),value:2(dynamic)][purpose:{subject}][SrcIdx:3]  ->  CONST[source:0(mediator),value:2(dynamic)][purpose:{subject}]
-----------
CONST[source:1(input),value:2(dynamic)][purpose:{subject}][SrcIdx:3]
CE0x40447a0 "{CE0x40447a0|0:_i32,_4:_i32,_8:_i32,_12:_i32,_:_CMRE_4,8_|*MultipleSource*|security/selinux/hooks.c,196|security/selinux/hooks.c,197|*LoadInst*|security/selinux/hooks.c,196}"
CE0x40452f0 "{CE0x40452f0|cred_sid:tmp6|security/selinux/hooks.c,197}"
CE0x406d220 "{CE0x406d220|_ret_i32_%tmp6,_!dbg_!27716|security/selinux/hooks.c,197}"
CE0x3ff8a30 "{CE0x3ff8a30|inode_has_perm:call|security/selinux/hooks.c,1614}"
CE0x3ff8bd0 "{CE0x3ff8bd0|inode_has_perm:call|security/selinux/hooks.c,1614|*SummSink*}"
CONST[source:0(mediator),value:2(dynamic)][purpose:{subject}]


CONST[source:2(external),value:2(dynamic)][purpose:{subject}][SrcIdx:2]  ->  CONST[source:0(mediator),value:2(dynamic)][purpose:{subject}]
-----------
CONST[source:2(external),value:2(dynamic)][purpose:{subject}][SrcIdx:2]
CE0x3ffb120 "{CE0x3ffb120|COLLAPSED:_GCMRE_current_task_external_global_%struct.task_struct*:_elem_0::|security/selinux/hooks.c,3041}"
CE0x3ffb6e0 "{CE0x3ffb6e0|selinux_inode_getxattr:tmp21|security/selinux/hooks.c,3041}"
CE0x3fd1870 "{CE0x3fd1870|dentry_has_perm:cred|Function::dentry_has_perm&Arg::cred::}"
CE0x3fe3cb0 "{CE0x3fe3cb0|inode_has_perm:cred|Function::inode_has_perm&Arg::cred::}"
CE0x406cf20 "{CE0x406cf20|cred_sid:cred|Function::cred_sid&Arg::cred::}"
CE0x40422a0 "{CE0x40422a0|cred_sid:security|security/selinux/hooks.c,196}"
CE0x40423d0 "{CE0x40423d0|cred_sid:tmp4|*LoadInst*|security/selinux/hooks.c,196}"
CE0x4097720 "{CE0x4097720|cred_sid:tmp5|security/selinux/hooks.c,196}"
CE0x4098040 "{CE0x4098040|cred_sid:sid|security/selinux/hooks.c,197}"
CE0x40452f0 "{CE0x40452f0|cred_sid:tmp6|security/selinux/hooks.c,197}"
CE0x406d220 "{CE0x406d220|_ret_i32_%tmp6,_!dbg_!27716|security/selinux/hooks.c,197}"
CE0x3ff8a30 "{CE0x3ff8a30|inode_has_perm:call|security/selinux/hooks.c,1614}"
CE0x3ff8bd0 "{CE0x3ff8bd0|inode_has_perm:call|security/selinux/hooks.c,1614|*SummSink*}"
CONST[source:0(mediator),value:2(dynamic)][purpose:{subject}]



implicit:
CONST[source:1(input),value:2(dynamic)][purpose:{subject}][SrcIdx:3]  ->  CONST[source:0(mediator),value:2(dynamic)][purpose:{subject}]
-----------
CONST[source:1(input),value:2(dynamic)][purpose:{subject}][SrcIdx:3]
CE0x40447a0 "{CE0x40447a0|0:_i32,_4:_i32,_8:_i32,_12:_i32,_:_CMRE_4,8_|*MultipleSource*|security/selinux/hooks.c,196|security/selinux/hooks.c,197|*LoadInst*|security/selinux/hooks.c,196}"
CE0x40452f0 "{CE0x40452f0|cred_sid:tmp6|security/selinux/hooks.c,197}"
CE0x406d220 "{CE0x406d220|_ret_i32_%tmp6,_!dbg_!27716|security/selinux/hooks.c,197}"
CE0x3ff8a30 "{CE0x3ff8a30|inode_has_perm:call|security/selinux/hooks.c,1614}"
CE0x3ff8bd0 "{CE0x3ff8bd0|inode_has_perm:call|security/selinux/hooks.c,1614|*SummSink*}"
CONST[source:0(mediator),value:2(dynamic)][purpose:{subject}]


CONST[source:1(input),value:2(dynamic)][purpose:{object}][SrcIdx:0]  ->  CONST[source:0(mediator),value:2(dynamic)][purpose:{object}]
-----------
CONST[source:1(input),value:2(dynamic)][purpose:{object}][SrcIdx:0]
CE0x40212a0 "{CE0x40212a0|12:_i32,_56:_i8*,_:_CRE_56,64_|*MultipleSource*|Function::inode_has_perm&Arg::inode::|*LoadInst*|security/selinux/hooks.c,1627|security/selinux/hooks.c,1611}"
CE0x406dc50 "{CE0x406dc50|inode_has_perm:tmp15|*LoadInst*|security/selinux/hooks.c,1615}"
CE0x406e2f0 "{CE0x406e2f0|inode_has_perm:tmp16|security/selinux/hooks.c,1615}"
CE0x4075370 "{CE0x4075370|inode_has_perm:sclass|security/selinux/hooks.c,1617}"
CE0x4025180 "{CE0x4025180|inode_has_perm:tmp18|security/selinux/hooks.c,1617}"
CE0x4025480 "{CE0x4025480|inode_has_perm:tmp18|security/selinux/hooks.c,1617|*SummSink*}"
CONST[source:0(mediator),value:2(dynamic)][purpose:{object}]


CONST[source:1(input),value:2(dynamic)][purpose:{object}][SrcIdx:0]  ->  CONST[source:0(mediator),value:2(dynamic)][purpose:{subject}]
-----------
CONST[source:1(input),value:2(dynamic)][purpose:{object}][SrcIdx:0]
CE0x403aa20 "{CE0x403aa20|12:_i32,_56:_i8*,_:_CRE_12,16_|*MultipleSource*|Function::inode_has_perm&Arg::inode::|*LoadInst*|security/selinux/hooks.c,1627|security/selinux/hooks.c,1611}"
CE0x4068520 "{CE0x4068520|inode_has_perm:tmp6|*LoadInst*|security/selinux/hooks.c,1611}"
CE0x4075a00 "{CE0x4075a00|inode_has_perm:and|security/selinux/hooks.c,1611}"
CE0x407be90 "{CE0x407be90|inode_has_perm:tobool|security/selinux/hooks.c,1611}"
CE0x4076180 "{CE0x4076180|inode_has_perm:lnot|security/selinux/hooks.c,1611}"
CE0x4076470 "{CE0x4076470|inode_has_perm:lnot1|security/selinux/hooks.c,1611}"
CE0x4076d90 "{CE0x4076d90|inode_has_perm:lnot.ext|security/selinux/hooks.c,1611}"
CE0x4076ad0 "{CE0x4076ad0|inode_has_perm:conv|security/selinux/hooks.c,1611}"
CE0x4077be0 "{CE0x4077be0|inode_has_perm:expval|security/selinux/hooks.c,1611}"
CE0x4078240 "{CE0x4078240|inode_has_perm:tobool2|security/selinux/hooks.c,1611}"
CE0x403d840 "{CE0x403d840|inode_has_perm:if.end}"
CE0x3ff8a30 "{CE0x3ff8a30|inode_has_perm:call|security/selinux/hooks.c,1614}"
CE0x3ff8bd0 "{CE0x3ff8bd0|inode_has_perm:call|security/selinux/hooks.c,1614|*SummSink*}"
CONST[source:0(mediator),value:2(dynamic)][purpose:{subject}]


CONST[source:2(external),value:2(dynamic)][purpose:{subject}][SrcIdx:2]  ->  CONST[source:0(mediator),value:2(dynamic)][purpose:{subject}]
-----------
CONST[source:2(external),value:2(dynamic)][purpose:{subject}][SrcIdx:2]
CE0x3ffb120 "{CE0x3ffb120|COLLAPSED:_GCMRE_current_task_external_global_%struct.task_struct*:_elem_0::|security/selinux/hooks.c,3041}"
CE0x3ffb6e0 "{CE0x3ffb6e0|selinux_inode_getxattr:tmp21|security/selinux/hooks.c,3041}"
CE0x3fd1870 "{CE0x3fd1870|dentry_has_perm:cred|Function::dentry_has_perm&Arg::cred::}"
CE0x3fe3cb0 "{CE0x3fe3cb0|inode_has_perm:cred|Function::inode_has_perm&Arg::cred::}"
CE0x406cf20 "{CE0x406cf20|cred_sid:cred|Function::cred_sid&Arg::cred::}"
CE0x40422a0 "{CE0x40422a0|cred_sid:security|security/selinux/hooks.c,196}"
CE0x40423d0 "{CE0x40423d0|cred_sid:tmp4|*LoadInst*|security/selinux/hooks.c,196}"
CE0x4097720 "{CE0x4097720|cred_sid:tmp5|security/selinux/hooks.c,196}"
CE0x4098040 "{CE0x4098040|cred_sid:sid|security/selinux/hooks.c,197}"
CE0x40452f0 "{CE0x40452f0|cred_sid:tmp6|security/selinux/hooks.c,197}"
CE0x406d220 "{CE0x406d220|_ret_i32_%tmp6,_!dbg_!27716|security/selinux/hooks.c,197}"
CE0x3ff8a30 "{CE0x3ff8a30|inode_has_perm:call|security/selinux/hooks.c,1614}"
CE0x3ff8bd0 "{CE0x3ff8bd0|inode_has_perm:call|security/selinux/hooks.c,1614|*SummSink*}"
CONST[source:0(mediator),value:2(dynamic)][purpose:{subject}]


