Start unlabeled source violation detection for results/apparmor_file_permission_endorse/graph-explicit.dot
193.42s : Reading graph
"{CE0x46d75f0|80:_i64,_:_CRE_1217,1218_}"
	-- CONST[source:1(input),value:2(dynamic)][purpose:{object}]
"{CE0x46d1940|80:_i64,_:_CRE_56,64_|*MultipleSource*|*LoadInst*|security/apparmor/include/apparmor.h,117|security/apparmor/include/apparmor.h,117}"
	-- CONST[source:1(input),value:2(dynamic)][purpose:{object}]
"{CE0x46cee20|80:_i64,_:_CRE_656,664_|*MultipleSource*|*LoadInst*|security/apparmor/include/apparmor.h,117|security/apparmor/include/apparmor.h,117}"
	-- CONST[source:1(input),value:2(dynamic)][purpose:{object}]
"{CE0x46dfd60|80:_i64,_:_CRE_1363,1364_}"
	-- CONST[source:1(input),value:2(dynamic)][purpose:{object}]
"{CE0x46d7a30|80:_i64,_:_CRE_1221,1222_}"
	-- CONST[source:1(input),value:2(dynamic)][purpose:{object}]
"{CE0x46dd610|80:_i64,_:_CRE_1326,1327_}"
	-- CONST[source:1(input),value:2(dynamic)][purpose:{object}]
"{CE0x46c9c00|80:_i64,_:_CRE_560,561_}"
	-- CONST[source:1(input),value:2(dynamic)][purpose:{object}]
"{CE0x46cc180|80:_i64,_:_CRE_594,595_}"
	-- CONST[source:1(input),value:2(dynamic)][purpose:{object}]
"{CE0x46ca910|80:_i64,_:_CRE_571,572_}"
	-- CONST[source:1(input),value:2(dynamic)][purpose:{object}]
"{CE0x46c4520|80:_i64,_:_CRE_401,402_}"
	-- CONST[source:1(input),value:2(dynamic)][purpose:{object}]
"{CE0x46cffc0|80:_i64,_:_CRE_880,896_|*MultipleSource*|*LoadInst*|security/apparmor/include/apparmor.h,117|security/apparmor/include/apparmor.h,117}"
	-- CONST[source:1(input),value:2(dynamic)][purpose:{object}]
"{CE0x46db170|80:_i64,_:_CRE_1273,1274_}"
	-- CONST[source:1(input),value:2(dynamic)][purpose:{object}]
"{CE0x46d3260|80:_i64,_:_CRE_152,160_|*MultipleSource*|*LoadInst*|security/apparmor/include/apparmor.h,117|security/apparmor/include/apparmor.h,117}"
	-- CONST[source:1(input),value:2(dynamic)][purpose:{object}]
"{CE0x46caf70|80:_i64,_:_CRE_577,578_}"
	-- CONST[source:1(input),value:2(dynamic)][purpose:{object}]
"{CE0x46d8f70|80:_i64,_:_CRE_1241,1242_}"
	-- CONST[source:1(input),value:2(dynamic)][purpose:{object}]
"{CE0x46cde30|80:_i64,_:_CRE_621,622_}"
	-- CONST[source:1(input),value:2(dynamic)][purpose:{object}]
"{CE0x46c7930|80:_i64,_:_CRE_450,451_}"
	-- CONST[source:1(input),value:2(dynamic)][purpose:{object}]
"{CE0x46d72c0|80:_i64,_:_CRE_1214,1215_}"
	-- CONST[source:1(input),value:2(dynamic)][purpose:{object}]
"{CE0x46eae40|80:_i64,_:_CRE_2248,2256_|*MultipleSource*|*LoadInst*|security/apparmor/include/apparmor.h,117|security/apparmor/include/apparmor.h,117}"
	-- CONST[source:1(input),value:2(dynamic)][purpose:{object}]
"{CE0x46e4e60|80:_i64,_:_CRE_1661,1662_}"
	-- CONST[source:1(input),value:2(dynamic)][purpose:{object}]
"{CE0x46df0a0|80:_i64,_:_CRE_1351,1352_}"
	-- CONST[source:1(input),value:2(dynamic)][purpose:{object}]
"{CE0x46da6d0|80:_i64,_:_CRE_1263,1264_}"
	-- CONST[source:1(input),value:2(dynamic)][purpose:{object}]
"{CE0x46c82c0|80:_i64,_:_CRE_459,460_}"
	-- CONST[source:1(input),value:2(dynamic)][purpose:{object}]
"{CE0x46cf9f0|80:_i64,_:_CRE_712,720_|*MultipleSource*|*LoadInst*|security/apparmor/include/apparmor.h,117|security/apparmor/include/apparmor.h,117}"
	-- CONST[source:1(input),value:2(dynamic)][purpose:{object}]
"{CE0x46e35f0|80:_i64,_:_CRE_1638,1639_}"
	-- CONST[source:1(input),value:2(dynamic)][purpose:{object}]
"{CE0x46e88b0|80:_i64,_:_CRE_1824,1828_|*MultipleSource*|*LoadInst*|security/apparmor/include/apparmor.h,117|security/apparmor/include/apparmor.h,117}"
	-- CONST[source:1(input),value:2(dynamic)][purpose:{object}]
"{CE0x46e0c40|80:_i64,_:_CRE_1384,1392_|*MultipleSource*|*LoadInst*|security/apparmor/include/apparmor.h,117|security/apparmor/include/apparmor.h,117}"
	-- CONST[source:1(input),value:2(dynamic)][purpose:{object}]
"{CE0x46e7d10|80:_i64,_:_CRE_1776,1784_|*MultipleSource*|*LoadInst*|security/apparmor/include/apparmor.h,117|security/apparmor/include/apparmor.h,117}"
	-- CONST[source:1(input),value:2(dynamic)][purpose:{object}]
"{CE0x46daf50|80:_i64,_:_CRE_1271,1272_}"
	-- CONST[source:1(input),value:2(dynamic)][purpose:{object}]
"{CE0x46d2880|80:_i64,_:_CRE_120,128_|*MultipleSource*|*LoadInst*|security/apparmor/include/apparmor.h,117|security/apparmor/include/apparmor.h,117}"
	-- CONST[source:1(input),value:2(dynamic)][purpose:{object}]
"{CE0x46e06f0|80:_i64,_:_CRE_1372,1373_}"
	-- CONST[source:1(input),value:2(dynamic)][purpose:{object}]
"{CE0x46d1d00|80:_i64,_:_CRE_72,80_|*MultipleSource*|*LoadInst*|security/apparmor/include/apparmor.h,117|security/apparmor/include/apparmor.h,117}"
	-- CONST[source:1(input),value:2(dynamic)][purpose:{object}]
"{CE0x46d6ee0|80:_i64,_:_CRE_1210,1211_}"
	-- CONST[source:1(input),value:2(dynamic)][purpose:{object}]
"{CE0x46d60e0|80:_i64,_:_CRE_352,360_|*MultipleSource*|*LoadInst*|security/apparmor/include/apparmor.h,117|security/apparmor/include/apparmor.h,117}"
	-- CONST[source:1(input),value:2(dynamic)][purpose:{object}]
"{CE0x46c8e70|80:_i64,_:_CRE_496,504_|*MultipleSource*|*LoadInst*|security/apparmor/include/apparmor.h,117|security/apparmor/include/apparmor.h,117}"
	-- CONST[source:1(input),value:2(dynamic)][purpose:{object}]
"{CE0x46e9b00|80:_i64,_:_CRE_1877,1878_}"
	-- CONST[source:1(input),value:2(dynamic)][purpose:{object}]
"{CE0x46cd390|80:_i64,_:_CRE_611,612_}"
	-- CONST[source:1(input),value:2(dynamic)][purpose:{object}]
"{CE0x46dd500|80:_i64,_:_CRE_1325,1326_}"
	-- CONST[source:1(input),value:2(dynamic)][purpose:{object}]
"{CE0x46c6d80|80:_i64,_:_CRE_439,440_}"
	-- CONST[source:1(input),value:2(dynamic)][purpose:{object}]
"{CE0x46d86f0|80:_i64,_:_CRE_1233,1234_}"
	-- CONST[source:1(input),value:2(dynamic)][purpose:{object}]
"{CE0x46e99a0|80:_i64,_:_CRE_1875,1876_}"
	-- CONST[source:1(input),value:2(dynamic)][purpose:{object}]
"{CE0x46d4b90|80:_i64,_:_CRE_268,272_|*MultipleSource*|*LoadInst*|security/apparmor/include/apparmor.h,117|security/apparmor/include/apparmor.h,117}"
	-- CONST[source:1(input),value:2(dynamic)][purpose:{object}]
"{CE0x46cb7f0|80:_i64,_:_CRE_585,586_}"
	-- CONST[source:1(input),value:2(dynamic)][purpose:{object}]
"{CE0x46d7d60|80:_i64,_:_CRE_1224,1225_}"
	-- CONST[source:1(input),value:2(dynamic)][purpose:{object}]
"{CE0x46da8f0|80:_i64,_:_CRE_1265,1266_}"
	-- CONST[source:1(input),value:2(dynamic)][purpose:{object}]
"{CE0x46e3d60|80:_i64,_:_CRE_1645,1646_}"
	-- CONST[source:1(input),value:2(dynamic)][purpose:{object}]
"{CE0x46d7e70|80:_i64,_:_CRE_1225,1226_}"
	-- CONST[source:1(input),value:2(dynamic)][purpose:{object}]
"{CE0x46e9640|80:_i64,_:_CRE_1873,1874_}"
	-- CONST[source:1(input),value:2(dynamic)][purpose:{object}]
"{CE0x46ca800|80:_i64,_:_CRE_570,571_}"
	-- CONST[source:1(input),value:2(dynamic)][purpose:{object}]
"{CE0x46dd940|80:_i64,_:_CRE_1329,1330_}"
	-- CONST[source:1(input),value:2(dynamic)][purpose:{object}]
"{CE0x46cb080|80:_i64,_:_CRE_578,579_}"
	-- CONST[source:1(input),value:2(dynamic)][purpose:{object}]
"{CE0x46e5f60|80:_i64,_:_CRE_1677,1678_}"
	-- CONST[source:1(input),value:2(dynamic)][purpose:{object}]
"{CE0x46e8c90|80:_i64,_:_CRE_1840,1848_|*MultipleSource*|*LoadInst*|security/apparmor/include/apparmor.h,117|security/apparmor/include/apparmor.h,117}"
	-- CONST[source:1(input),value:2(dynamic)][purpose:{object}]
"{CE0x46c4740|80:_i64,_:_CRE_403,404_}"
	-- CONST[source:1(input),value:2(dynamic)][purpose:{object}]
"{CE0x46c4410|80:_i64,_:_CRE_400,401_}"
	-- CONST[source:1(input),value:2(dynamic)][purpose:{object}]
"{CE0x46cd280|80:_i64,_:_CRE_610,611_}"
	-- CONST[source:1(input),value:2(dynamic)][purpose:{object}]
"{CE0x46cbf60|80:_i64,_:_CRE_592,593_}"
	-- CONST[source:1(input),value:2(dynamic)][purpose:{object}]
"{CE0x46cb900|80:_i64,_:_CRE_586,587_}"
	-- CONST[source:1(input),value:2(dynamic)][purpose:{object}]
"{CE0x46d03a0|80:_i64,_:_CRE_1208,1209_}"
	-- CONST[source:1(input),value:2(dynamic)][purpose:{object}]
"{CE0x46e67e0|80:_i64,_:_CRE_1685,1686_}"
	-- CONST[source:1(input),value:2(dynamic)][purpose:{object}]
"{CE0x46cc7e0|80:_i64,_:_CRE_600,601_}"
	-- CONST[source:1(input),value:2(dynamic)][purpose:{object}]
"{CE0x46ce380|80:_i64,_:_CRE_626,627_}"
	-- CONST[source:1(input),value:2(dynamic)][purpose:{object}]
"{CE0x46c4300|80:_i64,_:_CRE_399,400_}"
	-- CONST[source:1(input),value:2(dynamic)][purpose:{object}]
"{CE0x46e53b0|80:_i64,_:_CRE_1666,1667_}"
	-- CONST[source:1(input),value:2(dynamic)][purpose:{object}]
"{CE0x46dea40|80:_i64,_:_CRE_1345,1346_}"
	-- CONST[source:1(input),value:2(dynamic)][purpose:{object}]
"{CE0x46ce7c0|80:_i64,_:_CRE_630,631_}"
	-- CONST[source:1(input),value:2(dynamic)][purpose:{object}]
"{CE0x46c4960|80:_i64,_:_CRE_405,406_}"
	-- CONST[source:1(input),value:2(dynamic)][purpose:{object}]
"{CE0x46e3c50|80:_i64,_:_CRE_1644,1645_}"
	-- CONST[source:1(input),value:2(dynamic)][purpose:{object}]
"{CE0x46cc6d0|80:_i64,_:_CRE_599,600_}"
	-- CONST[source:1(input),value:2(dynamic)][purpose:{object}]
"{CE0x46cdb00|80:_i64,_:_CRE_618,619_}"
	-- CONST[source:1(input),value:2(dynamic)][purpose:{object}]
"{CE0x46c6940|80:_i64,_:_CRE_435,436_}"
	-- CONST[source:1(input),value:2(dynamic)][purpose:{object}]
"{CE0x46e3920|80:_i64,_:_CRE_1641,1642_}"
	-- CONST[source:1(input),value:2(dynamic)][purpose:{object}]
"{CE0x46dbf40|80:_i64,_:_CRE_1305,1306_}"
	-- CONST[source:1(input),value:2(dynamic)][purpose:{object}]
"{CE0x46cae60|80:_i64,_:_CRE_576,577_}"
	-- CONST[source:1(input),value:2(dynamic)][purpose:{object}]
"{CE0x46dcb70|80:_i64,_:_CRE_1316,1317_}"
	-- CONST[source:1(input),value:2(dynamic)][purpose:{object}]
"{CE0x46e9d20|80:_i64,_:_CRE_1879,1880_}"
	-- CONST[source:1(input),value:2(dynamic)][purpose:{object}]
"{CE0x46e6290|80:_i64,_:_CRE_1680,1681_}"
	-- CONST[source:1(input),value:2(dynamic)][purpose:{object}]
"{CE0x46d3ff0|80:_i64,_:_CRE_216,224_|*MultipleSource*|*LoadInst*|security/apparmor/include/apparmor.h,117|security/apparmor/include/apparmor.h,117}"
	-- CONST[source:1(input),value:2(dynamic)][purpose:{object}]
"{CE0x46d47b0|80:_i64,_:_CRE_256,264_|*MultipleSource*|*LoadInst*|security/apparmor/include/apparmor.h,117|security/apparmor/include/apparmor.h,117}"
	-- CONST[source:1(input),value:2(dynamic)][purpose:{object}]
"{CE0x46d5350|80:_i64,_:_CRE_296,304_|*MultipleSource*|*LoadInst*|security/apparmor/include/apparmor.h,117|security/apparmor/include/apparmor.h,117}"
	-- CONST[source:1(input),value:2(dynamic)][purpose:{object}]
"{CE0x46d1600|80:_i64,_:_CRE_40,48_|*MultipleSource*|*LoadInst*|security/apparmor/include/apparmor.h,117|security/apparmor/include/apparmor.h,117}"
	-- CONST[source:1(input),value:2(dynamic)][purpose:{object}]
"{CE0x46dbd20|80:_i64,_:_CRE_1304,1305_}"
	-- CONST[source:1(input),value:2(dynamic)][purpose:{object}]
"{CE0x46e84d0|80:_i64,_:_CRE_1808,1816_|*MultipleSource*|*LoadInst*|security/apparmor/include/apparmor.h,117|security/apparmor/include/apparmor.h,117}"
	-- CONST[source:1(input),value:2(dynamic)][purpose:{object}]
"{CE0x46d62d0|80:_i64,_:_CRE_360,368_|*MultipleSource*|*LoadInst*|security/apparmor/include/apparmor.h,117|security/apparmor/include/apparmor.h,117}"
	-- CONST[source:1(input),value:2(dynamic)][purpose:{object}]
"{CE0x46e2d70|80:_i64,_:_CRE_1630,1631_}"
	-- CONST[source:1(input),value:2(dynamic)][purpose:{object}]
"{CE0x46d0ab0|80:_i64,_:_CRE_0,8_|*MultipleSource*|*LoadInst*|security/apparmor/include/apparmor.h,117|security/apparmor/include/apparmor.h,117}"
	-- CONST[source:1(input),value:2(dynamic)][purpose:{object}]
"{CE0x46cbd40|80:_i64,_:_CRE_590,591_}"
	-- CONST[source:1(input),value:2(dynamic)][purpose:{object}]
"{CE0x46e65c0|80:_i64,_:_CRE_1683,1684_}"
	-- CONST[source:1(input),value:2(dynamic)][purpose:{object}]
"{CE0x46e52a0|80:_i64,_:_CRE_1665,1666_}"
	-- CONST[source:1(input),value:2(dynamic)][purpose:{object}]
"{CE0x46c4da0|80:_i64,_:_CRE_409,410_}"
	-- CONST[source:1(input),value:2(dynamic)][purpose:{object}]
"{CE0x46cf230|80:_i64,_:_CRE_672,680_|*MultipleSource*|*LoadInst*|security/apparmor/include/apparmor.h,117|security/apparmor/include/apparmor.h,117}"
	-- CONST[source:1(input),value:2(dynamic)][purpose:{object}]
"{CE0x46c7f90|80:_i64,_:_CRE_456,457_}"
	-- CONST[source:1(input),value:2(dynamic)][purpose:{object}]
"{CE0x46d2660|80:_i64,_:_CRE_112,120_|*MultipleSource*|*LoadInst*|security/apparmor/include/apparmor.h,117|security/apparmor/include/apparmor.h,117}"
	-- CONST[source:1(input),value:2(dynamic)][purpose:{object}]
"{CE0x46d0c10|80:_i64,_:_CRE_8,16_|*MultipleSource*|*LoadInst*|security/apparmor/include/apparmor.h,117|security/apparmor/include/apparmor.h,117}"
	-- CONST[source:1(input),value:2(dynamic)][purpose:{object}]
"{CE0x46d96e0|80:_i64,_:_CRE_1248,1249_}"
	-- CONST[source:1(input),value:2(dynamic)][purpose:{object}]
"{CE0x46e9260|80:_i64,_:_CRE_1864,1872_|*MultipleSource*|*LoadInst*|security/apparmor/include/apparmor.h,117|security/apparmor/include/apparmor.h,117}"
	-- CONST[source:1(input),value:2(dynamic)][purpose:{object}]
"{CE0x46d8d50|80:_i64,_:_CRE_1239,1240_}"
	-- CONST[source:1(input),value:2(dynamic)][purpose:{object}]
"{CE0x46d7920|80:_i64,_:_CRE_1220,1221_}"
	-- CONST[source:1(input),value:2(dynamic)][purpose:{object}]
"{CE0x46cd170|80:_i64,_:_CRE_609,610_}"
	-- CONST[source:1(input),value:2(dynamic)][purpose:{object}]
"{CE0x46df3d0|80:_i64,_:_CRE_1354,1355_}"
	-- CONST[source:1(input),value:2(dynamic)][purpose:{object}]
"{CE0x46d95d0|80:_i64,_:_CRE_1247,1248_}"
	-- CONST[source:1(input),value:2(dynamic)][purpose:{object}]
"{CE0x46e63a0|80:_i64,_:_CRE_1681,1682_}"
	-- CONST[source:1(input),value:2(dynamic)][purpose:{object}]
"{CE0x46ca4d0|80:_i64,_:_CRE_567,568_}"
	-- CONST[source:1(input),value:2(dynamic)][purpose:{object}]
"{CE0x46df2c0|80:_i64,_:_CRE_1353,1354_}"
	-- CONST[source:1(input),value:2(dynamic)][purpose:{object}]
"{CE0x46dde90|80:_i64,_:_CRE_1334,1335_}"
	-- CONST[source:1(input),value:2(dynamic)][purpose:{object}]
"{CE0x46c52f0|80:_i64,_:_CRE_414,415_}"
	-- CONST[source:1(input),value:2(dynamic)][purpose:{object}]
"{CE0x46e1b40|80:_i64,_:_CRE_1608,1612_|*MultipleSource*|*LoadInst*|security/apparmor/include/apparmor.h,117|security/apparmor/include/apparmor.h,117}"
	-- CONST[source:1(input),value:2(dynamic)][purpose:{object}]
"{CE0x46c9630|80:_i64,_:_CRE_536,540_|*MultipleSource*|*LoadInst*|security/apparmor/include/apparmor.h,117|security/apparmor/include/apparmor.h,117}"
	-- CONST[source:1(input),value:2(dynamic)][purpose:{object}]
"{CE0x46ddd80|80:_i64,_:_CRE_1333,1334_}"
	-- CONST[source:1(input),value:2(dynamic)][purpose:{object}]
"{CE0x46c9250|80:_i64,_:_CRE_512,528_|*MultipleSource*|*LoadInst*|security/apparmor/include/apparmor.h,117|security/apparmor/include/apparmor.h,117}"
	-- CONST[source:1(input),value:2(dynamic)][purpose:{object}]
"{CE0x46d9080|80:_i64,_:_CRE_1242,1243_}"
	-- CONST[source:1(input),value:2(dynamic)][purpose:{object}]
"{CE0x46db390|80:_i64,_:_CRE_1275,1276_}"
	-- CONST[source:1(input),value:2(dynamic)][purpose:{object}]
"{CE0x46e66d0|80:_i64,_:_CRE_1684,1685_}"
	-- CONST[source:1(input),value:2(dynamic)][purpose:{object}]
"{CE0x46c63f0|80:_i64,_:_CRE_430,431_}"
	-- CONST[source:1(input),value:2(dynamic)][purpose:{object}]
"{CE0x46e3b40|80:_i64,_:_CRE_1643,1644_}"
	-- CONST[source:1(input),value:2(dynamic)][purpose:{object}]
"{CE0x46c4c90|80:_i64,_:_CRE_408,409_}"
	-- CONST[source:1(input),value:2(dynamic)][purpose:{object}]
"{CE0x46eb030|80:_i64,_:_CRE_2256,2264_|*MultipleSource*|*LoadInst*|security/apparmor/include/apparmor.h,117|security/apparmor/include/apparmor.h,117}"
	-- CONST[source:1(input),value:2(dynamic)][purpose:{object}]
"{CE0x46e43c0|80:_i64,_:_CRE_1651,1652_}"
	-- CONST[source:1(input),value:2(dynamic)][purpose:{object}]
"{CE0x46c7710|80:_i64,_:_CRE_448,449_}"
	-- CONST[source:1(input),value:2(dynamic)][purpose:{object}]
"{CE0x46e7550|80:_i64,_:_CRE_1736,1752_|*MultipleSource*|*LoadInst*|security/apparmor/include/apparmor.h,117|security/apparmor/include/apparmor.h,117}"
	-- CONST[source:1(input),value:2(dynamic)][purpose:{object}]
"{CE0x46e86c0|80:_i64,_:_CRE_1816,1824_|*MultipleSource*|*LoadInst*|security/apparmor/include/apparmor.h,117|security/apparmor/include/apparmor.h,117}"
	-- CONST[source:1(input),value:2(dynamic)][purpose:{object}]
"{CE0x46d3640|80:_i64,_:_CRE_176,184_|*MultipleSource*|*LoadInst*|security/apparmor/include/apparmor.h,117|security/apparmor/include/apparmor.h,117}"
	-- CONST[source:1(input),value:2(dynamic)][purpose:{object}]
"{CE0x46d9e50|80:_i64,_:_CRE_1255,1256_}"
	-- CONST[source:1(input),value:2(dynamic)][purpose:{object}]
"{CE0x46e4f70|80:_i64,_:_CRE_1662,1663_}"
	-- CONST[source:1(input),value:2(dynamic)][purpose:{object}]
"{CE0x46e0f70|80:_i64,_:_CRE_1536,1568_|*MultipleSource*|*LoadInst*|security/apparmor/include/apparmor.h,117|security/apparmor/include/apparmor.h,117}"
	-- CONST[source:1(input),value:2(dynamic)][purpose:{object}]
"{CE0x46e2a40|80:_i64,_:_CRE_1627,1628_}"
	-- CONST[source:1(input),value:2(dynamic)][purpose:{object}]
"{CE0x46d2480|80:_i64,_:_CRE_104,112_|*MultipleSource*|*LoadInst*|security/apparmor/include/apparmor.h,117|security/apparmor/include/apparmor.h,117}"
	-- CONST[source:1(input),value:2(dynamic)][purpose:{object}]
"{CE0x46da3a0|80:_i64,_:_CRE_1260,1261_}"
	-- CONST[source:1(input),value:2(dynamic)][purpose:{object}]
"{CE0x46cd8e0|80:_i64,_:_CRE_616,617_}"
	-- CONST[source:1(input),value:2(dynamic)][purpose:{object}]
"{CE0x46dee80|80:_i64,_:_CRE_1349,1350_}"
	-- CONST[source:1(input),value:2(dynamic)][purpose:{object}]
"{CE0x46de600|80:_i64,_:_CRE_1341,1342_}"
	-- CONST[source:1(input),value:2(dynamic)][purpose:{object}]
"{CE0x46ce270|80:_i64,_:_CRE_625,626_}"
	-- CONST[source:1(input),value:2(dynamic)][purpose:{object}]
"{CE0x46ce6b0|80:_i64,_:_CRE_629,630_}"
	-- CONST[source:1(input),value:2(dynamic)][purpose:{object}]
"{CE0x46de710|80:_i64,_:_CRE_1342,1343_}"
	-- CONST[source:1(input),value:2(dynamic)][purpose:{object}]
"{CE0x46c61d0|80:_i64,_:_CRE_428,429_}"
	-- CONST[source:1(input),value:2(dynamic)][purpose:{object}]
"{CE0x46dcc80|80:_i64,_:_CRE_1317,1318_}"
	-- CONST[source:1(input),value:2(dynamic)][purpose:{object}]
"{CE0x46df700|80:_i64,_:_CRE_1357,1358_}"
	-- CONST[source:1(input),value:2(dynamic)][purpose:{object}]
"{CE0x46c6e90|80:_i64,_:_CRE_440,441_}"
	-- CONST[source:1(input),value:2(dynamic)][purpose:{object}]
"{CE0x46e0d50|80:_i64,_:_CRE_1392,1536_|*MultipleSource*|*LoadInst*|security/apparmor/include/apparmor.h,117|security/apparmor/include/apparmor.h,117}"
	-- CONST[source:1(input),value:2(dynamic)][purpose:{object}]
"{CE0x46c4a70|80:_i64,_:_CRE_406,407_}"
	-- CONST[source:1(input),value:2(dynamic)][purpose:{object}]
"{CE0x46cd6c0|80:_i64,_:_CRE_614,615_}"
	-- CONST[source:1(input),value:2(dynamic)][purpose:{object}]
"{CE0x46c51e0|80:_i64,_:_CRE_413,414_}"
	-- CONST[source:1(input),value:2(dynamic)][purpose:{object}]
"{CE0x46dd830|80:_i64,_:_CRE_1328,1329_}"
	-- CONST[source:1(input),value:2(dynamic)][purpose:{object}]
"{CE0x46d45c0|80:_i64,_:_CRE_248,252_|*MultipleSource*|*LoadInst*|security/apparmor/include/apparmor.h,117|security/apparmor/include/apparmor.h,117}"
	-- CONST[source:1(input),value:2(dynamic)][purpose:{object}]
"{CE0x46d6d20|80:_i64,_:_CRE_1209,1210_}"
	-- CONST[source:1(input),value:2(dynamic)][purpose:{object}]
"{CE0x46cb3b0|80:_i64,_:_CRE_581,582_}"
	-- CONST[source:1(input),value:2(dynamic)][purpose:{object}]
"{CE0x46ea270|80:_i64,_:_CRE_1904,1920_|*MultipleSource*|*LoadInst*|security/apparmor/include/apparmor.h,117|security/apparmor/include/apparmor.h,117}"
	-- CONST[source:1(input),value:2(dynamic)][purpose:{object}]
"{CE0x46e34e0|80:_i64,_:_CRE_1637,1638_}"
	-- CONST[source:1(input),value:2(dynamic)][purpose:{object}]
"{CE0x46f4140|aa_file_perm:_cond|security/apparmor/file.c, 451}"
	-- CONST[source:1(input),value:2(dynamic)][purpose:{object}]
"{CE0x46c60c0|80:_i64,_:_CRE_427,428_}"
	-- CONST[source:1(input),value:2(dynamic)][purpose:{object}]
"{CE0x46d92a0|80:_i64,_:_CRE_1244,1245_}"
	-- CONST[source:1(input),value:2(dynamic)][purpose:{object}]
"{CE0x46ca150|80:_i64,_:_CRE_563,564_}"
	-- CONST[source:1(input),value:2(dynamic)][purpose:{object}]
"{CE0x46d0d90|80:_i64,_:_CRE_16,20_|*MultipleSource*|*LoadInst*|security/apparmor/include/apparmor.h,117|security/apparmor/include/apparmor.h,117}"
	-- CONST[source:1(input),value:2(dynamic)][purpose:{object}]
"{CE0x46d01b0|80:_i64,_:_CRE_896,1208_|*MultipleSource*|*LoadInst*|security/apparmor/include/apparmor.h,117|security/apparmor/include/apparmor.h,117}"
	-- CONST[source:1(input),value:2(dynamic)][purpose:{object}]
"{CE0x46c5730|80:_i64,_:_CRE_418,419_}"
	-- CONST[source:1(input),value:2(dynamic)][purpose:{object}]
"{CE0x46c9fe0|80:_i64,_:_CRE_562,563_}"
	-- CONST[source:1(input),value:2(dynamic)][purpose:{object}]
"{CE0x46e44d0|80:_i64,_:_CRE_1652,1653_}"
	-- CONST[source:1(input),value:2(dynamic)][purpose:{object}]
"{CE0x46c50d0|80:_i64,_:_CRE_412,413_}"
	-- CONST[source:1(input),value:2(dynamic)][purpose:{object}]
"{CE0x46e2e80|80:_i64,_:_CRE_1631,1632_}"
	-- CONST[source:1(input),value:2(dynamic)][purpose:{object}]
"{CE0x46cc3a0|80:_i64,_:_CRE_596,597_}"
	-- CONST[source:1(input),value:2(dynamic)][purpose:{object}]
"{CE0x46d85e0|80:_i64,_:_CRE_1232,1233_}"
	-- CONST[source:1(input),value:2(dynamic)][purpose:{object}]
"{CE0x46d66b0|80:_i64,_:_CRE_376,380_|*MultipleSource*|*LoadInst*|security/apparmor/include/apparmor.h,117|security/apparmor/include/apparmor.h,117}"
	-- CONST[source:1(input),value:2(dynamic)][purpose:{object}]
"{CE0x46cbb20|80:_i64,_:_CRE_588,589_}"
	-- CONST[source:1(input),value:2(dynamic)][purpose:{object}]
"{CE0x46e45e0|80:_i64,_:_CRE_1653,1654_}"
	-- CONST[source:1(input),value:2(dynamic)][purpose:{object}]
"{CE0x46c72d0|80:_i64,_:_CRE_444,445_}"
	-- CONST[source:1(input),value:2(dynamic)][purpose:{object}]
"{CE0x46d9a10|80:_i64,_:_CRE_1251,1252_}"
	-- CONST[source:1(input),value:2(dynamic)][purpose:{object}]
"{CE0x46e2c60|80:_i64,_:_CRE_1629,1630_}"
	-- CONST[source:1(input),value:2(dynamic)][purpose:{object}]
"{CE0x46dfa30|80:_i64,_:_CRE_1360,1361_}"
	-- CONST[source:1(input),value:2(dynamic)][purpose:{object}]
"{CE0x46d43d0|80:_i64,_:_CRE_240,248_|*MultipleSource*|*LoadInst*|security/apparmor/include/apparmor.h,117|security/apparmor/include/apparmor.h,117}"
	-- CONST[source:1(input),value:2(dynamic)][purpose:{object}]
"{CE0x46e7930|80:_i64,_:_CRE_1760,1764_|*MultipleSource*|*LoadInst*|security/apparmor/include/apparmor.h,117|security/apparmor/include/apparmor.h,117}"
	-- CONST[source:1(input),value:2(dynamic)][purpose:{object}]
"{CE0x46daa00|80:_i64,_:_CRE_1266,1267_}"
	-- CONST[source:1(input),value:2(dynamic)][purpose:{object}]
"{CE0x46e54c0|80:_i64,_:_CRE_1667,1668_}"
	-- CONST[source:1(input),value:2(dynamic)][purpose:{object}]
"{CE0x46dac20|80:_i64,_:_CRE_1268,1269_}"
	-- CONST[source:1(input),value:2(dynamic)][purpose:{object}]
"{CE0x46d71b0|80:_i64,_:_CRE_1213,1214_}"
	-- CONST[source:1(input),value:2(dynamic)][purpose:{object}]
"{CE0x46c7d70|80:_i64,_:_CRE_454,455_}"
	-- CONST[source:1(input),value:2(dynamic)][purpose:{object}]
"{CE0x46dfc50|80:_i64,_:_CRE_1362,1363_}"
	-- CONST[source:1(input),value:2(dynamic)][purpose:{object}]
"{CE0x46c9060|80:_i64,_:_CRE_504,512_|*MultipleSource*|*LoadInst*|security/apparmor/include/apparmor.h,117|security/apparmor/include/apparmor.h,117}"
	-- CONST[source:1(input),value:2(dynamic)][purpose:{object}]
"{CE0x46ca3c0|80:_i64,_:_CRE_566,567_}"
	-- CONST[source:1(input),value:2(dynamic)][purpose:{object}]
"{CE0x46ca200|80:_i64,_:_CRE_564,565_}"
	-- CONST[source:1(input),value:2(dynamic)][purpose:{object}]
"{CE0x46d49a0|80:_i64,_:_CRE_264,268_|*MultipleSource*|*LoadInst*|security/apparmor/include/apparmor.h,117|security/apparmor/include/apparmor.h,117}"
	-- CONST[source:1(input),value:2(dynamic)][purpose:{object}]
"{CE0x46cf040|80:_i64,_:_CRE_664,672_|*MultipleSource*|*LoadInst*|security/apparmor/include/apparmor.h,117|security/apparmor/include/apparmor.h,117}"
	-- CONST[source:1(input),value:2(dynamic)][purpose:{object}]
"{CE0x46dd2e0|80:_i64,_:_CRE_1323,1324_}"
	-- CONST[source:1(input),value:2(dynamic)][purpose:{object}]
"{CE0x46d3830|80:_i64,_:_CRE_184,188_|*MultipleSource*|*LoadInst*|security/apparmor/include/apparmor.h,117|security/apparmor/include/apparmor.h,117}"
	-- CONST[source:1(input),value:2(dynamic)][purpose:{object}]
"{CE0x46e7170|80:_i64,_:_CRE_1720,1728_|*MultipleSource*|*LoadInst*|security/apparmor/include/apparmor.h,117|security/apparmor/include/apparmor.h,117}"
	-- CONST[source:1(input),value:2(dynamic)][purpose:{object}]
"{CE0x46ea050|80:_i64,_:_CRE_1896,1904_|*MultipleSource*|*LoadInst*|security/apparmor/include/apparmor.h,117|security/apparmor/include/apparmor.h,117}"
	-- CONST[source:1(input),value:2(dynamic)][purpose:{object}]
"{CE0x46c41f0|80:_i64,_:_CRE_398,399_}"
	-- CONST[source:1(input),value:2(dynamic)][purpose:{object}]
"{CE0x46c3a30|80:_i64,_:_CRE_392,393_}"
	-- CONST[source:1(input),value:2(dynamic)][purpose:{object}]
"{CE0x46e0b30|80:_i64,_:_CRE_1376,1384_|*MultipleSource*|*LoadInst*|security/apparmor/include/apparmor.h,117|security/apparmor/include/apparmor.h,117}"
	-- CONST[source:1(input),value:2(dynamic)][purpose:{object}]
"{CE0x46eaa60|80:_i64,_:_CRE_2112,2120_|*MultipleSource*|*LoadInst*|security/apparmor/include/apparmor.h,117|security/apparmor/include/apparmor.h,117}"
	-- CONST[source:1(input),value:2(dynamic)][purpose:{object}]
"{CE0x46ce050|80:_i64,_:_CRE_623,624_}"
	-- CONST[source:1(input),value:2(dynamic)][purpose:{object}]
"{CE0x46cc5c0|80:_i64,_:_CRE_598,599_}"
	-- CONST[source:1(input),value:2(dynamic)][purpose:{object}]
"{CE0x46c9df0|80:_i64,_:_CRE_561,562_}"
	-- CONST[source:1(input),value:2(dynamic)][purpose:{object}]
"{CE0x46cdc10|80:_i64,_:_CRE_619,620_}"
	-- CONST[source:1(input),value:2(dynamic)][purpose:{object}]
"{CE0x46d2c90|80:_i64,_:_CRE_132,136_|*MultipleSource*|*LoadInst*|security/apparmor/include/apparmor.h,117|security/apparmor/include/apparmor.h,117}"
	-- CONST[source:1(input),value:2(dynamic)][purpose:{object}]
"{CE0x46cba10|80:_i64,_:_CRE_587,588_}"
	-- CONST[source:1(input),value:2(dynamic)][purpose:{object}]
"{CE0x46c4850|80:_i64,_:_CRE_404,405_}"
	-- CONST[source:1(input),value:2(dynamic)][purpose:{object}]
"{CE0x46dc350|80:_i64,_:_CRE_1308,1309_}"
	-- CONST[source:1(input),value:2(dynamic)][purpose:{object}]
"{CE0x46c5fb0|80:_i64,_:_CRE_426,427_}"
	-- CONST[source:1(input),value:2(dynamic)][purpose:{object}]
"{CE0x46cec00|80:_i64,_:_CRE_648,656_|*MultipleSource*|*LoadInst*|security/apparmor/include/apparmor.h,117|security/apparmor/include/apparmor.h,117}"
	-- CONST[source:1(input),value:2(dynamic)][purpose:{object}]
"{CE0x46dca60|80:_i64,_:_CRE_1315,1316_}"
	-- CONST[source:1(input),value:2(dynamic)][purpose:{object}]
"{CE0x46c6500|80:_i64,_:_CRE_431,432_}"
	-- CONST[source:1(input),value:2(dynamic)][purpose:{object}]
"{CE0x46d7c50|80:_i64,_:_CRE_1223,1224_}"
	-- CONST[source:1(input),value:2(dynamic)][purpose:{object}]
"{CE0x46d5540|80:_i64,_:_CRE_304,312_|*MultipleSource*|*LoadInst*|security/apparmor/include/apparmor.h,117|security/apparmor/include/apparmor.h,117}"
	-- CONST[source:1(input),value:2(dynamic)][purpose:{object}]
"{CE0x46dd720|80:_i64,_:_CRE_1327,1328_}"
	-- CONST[source:1(input),value:2(dynamic)][purpose:{object}]
"{CE0x46d8090|80:_i64,_:_CRE_1227,1228_}"
	-- CONST[source:1(input),value:2(dynamic)][purpose:{object}]
"{CE0x46de2d0|80:_i64,_:_CRE_1338,1339_}"
	-- CONST[source:1(input),value:2(dynamic)][purpose:{object}]
"{CE0x46d5ef0|80:_i64,_:_CRE_344,352_|*MultipleSource*|*LoadInst*|security/apparmor/include/apparmor.h,117|security/apparmor/include/apparmor.h,117}"
	-- CONST[source:1(input),value:2(dynamic)][purpose:{object}]
"{CE0x46c6830|80:_i64,_:_CRE_434,435_}"
	-- CONST[source:1(input),value:2(dynamic)][purpose:{object}]
"{CE0x46da4b0|80:_i64,_:_CRE_1261,1262_}"
	-- CONST[source:1(input),value:2(dynamic)][purpose:{object}]
"{CE0x46d1460|80:_i64,_:_CRE_32,40_|*MultipleSource*|*LoadInst*|security/apparmor/include/apparmor.h,117|security/apparmor/include/apparmor.h,117}"
	-- CONST[source:1(input),value:2(dynamic)][purpose:{object}]
"{CE0x46e3810|80:_i64,_:_CRE_1640,1641_}"
	-- CONST[source:1(input),value:2(dynamic)][purpose:{object}]
"{CE0x46c74f0|80:_i64,_:_CRE_446,447_}"
	-- CONST[source:1(input),value:2(dynamic)][purpose:{object}]
"{CE0x46d7810|80:_i64,_:_CRE_1219,1220_}"
	-- CONST[source:1(input),value:2(dynamic)][purpose:{object}]
"{CE0x46d73d0|80:_i64,_:_CRE_1215,1216_}"
	-- CONST[source:1(input),value:2(dynamic)][purpose:{object}]
"{CE0x45e96d0|0:_%struct.aa_profile*,_:_CMRE_0,8_|*MultipleSource*|security/apparmor/include/context.h,99|*LoadInst*|security/apparmor/include/context.h,99|security/apparmor/include/context.h,100}"
	-- CONST[source:2(external),value:2(dynamic)][purpose:{subject}]
"{CE0x46d22a0|80:_i64,_:_CRE_96,104_|*MultipleSource*|*LoadInst*|security/apparmor/include/apparmor.h,117|security/apparmor/include/apparmor.h,117}"
	-- CONST[source:1(input),value:2(dynamic)][purpose:{object}]
"{CE0x46e03c0|80:_i64,_:_CRE_1369,1370_}"
	-- CONST[source:1(input),value:2(dynamic)][purpose:{object}]
"{CE0x46da290|80:_i64,_:_CRE_1259,1260_}"
	-- CONST[source:1(input),value:2(dynamic)][purpose:{object}]
"{CE0x46db8e0|80:_i64,_:_CRE_1280,1288_|*MultipleSource*|*LoadInst*|security/apparmor/include/apparmor.h,117|security/apparmor/include/apparmor.h,117}"
	-- CONST[source:1(input),value:2(dynamic)][purpose:{object}]
"{CE0x46c5400|80:_i64,_:_CRE_415,416_}"
	-- CONST[source:1(input),value:2(dynamic)][purpose:{object}]
"{CE0x46cb2a0|80:_i64,_:_CRE_580,581_}"
	-- CONST[source:1(input),value:2(dynamic)][purpose:{object}]
"{CE0x46c6c70|80:_i64,_:_CRE_438,439_}"
	-- CONST[source:1(input),value:2(dynamic)][purpose:{object}]
"{CE0x46cc290|80:_i64,_:_CRE_595,596_}"
	-- CONST[source:1(input),value:2(dynamic)][purpose:{object}]
"{CE0x46da070|80:_i64,_:_CRE_1257,1258_}"
	-- CONST[source:1(input),value:2(dynamic)][purpose:{object}]
"{CE0x46dec60|80:_i64,_:_CRE_1347,1348_}"
	-- CONST[source:1(input),value:2(dynamic)][purpose:{object}]
"{CE0x46df810|80:_i64,_:_CRE_1358,1359_}"
	-- CONST[source:1(input),value:2(dynamic)][purpose:{object}]
"{CE0x46c4eb0|80:_i64,_:_CRE_410,411_}"
	-- CONST[source:1(input),value:2(dynamic)][purpose:{object}]
"{CE0x46d1ee0|80:_i64,_:_CRE_80,88_|*MultipleSource*|*LoadInst*|security/apparmor/include/apparmor.h,117|security/apparmor/include/apparmor.h,117}"
	-- CONST[source:1(input),value:2(dynamic)][purpose:{object}]
"{CE0x46c6610|80:_i64,_:_CRE_432,433_}"
	-- CONST[source:1(input),value:2(dynamic)][purpose:{object}]
"{CE0x46d8c40|80:_i64,_:_CRE_1238,1239_}"
	-- CONST[source:1(input),value:2(dynamic)][purpose:{object}]
"{CE0x46e6b10|80:_i64,_:_CRE_1688,1696_|*MultipleSource*|*LoadInst*|security/apparmor/include/apparmor.h,117|security/apparmor/include/apparmor.h,117}"
	-- CONST[source:1(input),value:2(dynamic)][purpose:{object}]
"{CE0x46d4f70|80:_i64,_:_CRE_280,288_|*MultipleSource*|*LoadInst*|security/apparmor/include/apparmor.h,117|security/apparmor/include/apparmor.h,117}"
	-- CONST[source:1(input),value:2(dynamic)][purpose:{object}]
"{CE0x46cb4c0|80:_i64,_:_CRE_582,583_}"
	-- CONST[source:1(input),value:2(dynamic)][purpose:{object}]
"{CE0x46e2600|80:_i64,_:_CRE_1623,1624_}"
	-- CONST[source:1(input),value:2(dynamic)][purpose:{object}]
"{CE0x46e2710|80:_i64,_:_CRE_1624,1625_}"
	-- CONST[source:1(input),value:2(dynamic)][purpose:{object}]
"{CE0x46e41a0|80:_i64,_:_CRE_1649,1650_}"
	-- CONST[source:1(input),value:2(dynamic)][purpose:{object}]
"{CE0x46c5840|80:_i64,_:_CRE_419,420_}"
	-- CONST[source:1(input),value:2(dynamic)][purpose:{object}]
"{CE0x46e4c40|80:_i64,_:_CRE_1659,1660_}"
	-- CONST[source:1(input),value:2(dynamic)][purpose:{object}]
"{CE0x46dc400|80:_i64,_:_CRE_1309,1310_}"
	-- CONST[source:1(input),value:2(dynamic)][purpose:{object}]
"{CE0x46e0090|80:_i64,_:_CRE_1366,1367_}"
	-- CONST[source:1(input),value:2(dynamic)][purpose:{object}]
"{CE0x46de930|80:_i64,_:_CRE_1344,1345_}"
	-- CONST[source:1(input),value:2(dynamic)][purpose:{object}]
"{CE0x46dd1d0|80:_i64,_:_CRE_1322,1323_}"
	-- CONST[source:1(input),value:2(dynamic)][purpose:{object}]
"{CE0x46d84d0|80:_i64,_:_CRE_1231,1232_}"
	-- CONST[source:1(input),value:2(dynamic)][purpose:{object}]
"{CE0x46d7700|80:_i64,_:_CRE_1218,1219_}"
	-- CONST[source:1(input),value:2(dynamic)][purpose:{object}]
"{CE0x46e2930|80:_i64,_:_CRE_1626,1627_}"
	-- CONST[source:1(input),value:2(dynamic)][purpose:{object}]
"{CE0x46e5a10|80:_i64,_:_CRE_1672,1673_}"
	-- CONST[source:1(input),value:2(dynamic)][purpose:{object}]
"{CE0x46e9830|80:_i64,_:_CRE_1874,1875_}"
	-- CONST[source:1(input),value:2(dynamic)][purpose:{object}]
"{CE0x46e5c30|80:_i64,_:_CRE_1674,1675_}"
	-- CONST[source:1(input),value:2(dynamic)][purpose:{object}]
"{CE0x46dbb00|80:_i64,_:_CRE_1296,1300_|*MultipleSource*|*LoadInst*|security/apparmor/include/apparmor.h,117|security/apparmor/include/apparmor.h,117}"
	-- CONST[source:1(input),value:2(dynamic)][purpose:{object}]
"{CE0x46dcd90|80:_i64,_:_CRE_1318,1319_}"
	-- CONST[source:1(input),value:2(dynamic)][purpose:{object}]
"{CE0x46e2f90|80:_i64,_:_CRE_1632,1633_}"
	-- CONST[source:1(input),value:2(dynamic)][purpose:{object}]
"{CE0x46e3e70|80:_i64,_:_CRE_1646,1647_}"
	-- CONST[source:1(input),value:2(dynamic)][purpose:{object}]
"{CE0x46c62e0|80:_i64,_:_CRE_429,430_}"
	-- CONST[source:1(input),value:2(dynamic)][purpose:{object}]
"{CE0x46db5b0|80:_i64,_:_CRE_1277,1278_}"
	-- CONST[source:1(input),value:2(dynamic)][purpose:{object}]
"{CE0x46d41e0|80:_i64,_:_CRE_224,240_|*MultipleSource*|*LoadInst*|security/apparmor/include/apparmor.h,117|security/apparmor/include/apparmor.h,117}"
	-- CONST[source:1(input),value:2(dynamic)][purpose:{object}]
"{CE0x46e24f0|80:_i64,_:_CRE_1622,1623_}"
	-- CONST[source:1(input),value:2(dynamic)][purpose:{object}]
"{CE0x46dad30|80:_i64,_:_CRE_1269,1270_}"
	-- CONST[source:1(input),value:2(dynamic)][purpose:{object}]
"{CE0x46c7e80|80:_i64,_:_CRE_455,456_}"
	-- CONST[source:1(input),value:2(dynamic)][purpose:{object}]
"{CE0x46e4090|80:_i64,_:_CRE_1648,1649_}"
	-- CONST[source:1(input),value:2(dynamic)][purpose:{object}]
"{CE0x46e2820|80:_i64,_:_CRE_1625,1626_}"
	-- CONST[source:1(input),value:2(dynamic)][purpose:{object}]
"{CE0x46d64c0|80:_i64,_:_CRE_368,372_|*MultipleSource*|*LoadInst*|security/apparmor/include/apparmor.h,117|security/apparmor/include/apparmor.h,117}"
	-- CONST[source:1(input),value:2(dynamic)][purpose:{object}]
"{CE0x46cbe50|80:_i64,_:_CRE_591,592_}"
	-- CONST[source:1(input),value:2(dynamic)][purpose:{object}]
"{CE0x46c3c20|80:_i64,_:_CRE_393,394_}"
	-- CONST[source:1(input),value:2(dynamic)][purpose:{object}]
"{CE0x46c6b60|80:_i64,_:_CRE_437,438_}"
	-- CONST[source:1(input),value:2(dynamic)][purpose:{object}]
"{CE0x46ce9e0|80:_i64,_:_CRE_632,640_|*MultipleSource*|*LoadInst*|security/apparmor/include/apparmor.h,117|security/apparmor/include/apparmor.h,117}"
	-- CONST[source:1(input),value:2(dynamic)][purpose:{object}]
"{CE0x46dfe70|80:_i64,_:_CRE_1364,1365_}"
	-- CONST[source:1(input),value:2(dynamic)][purpose:{object}]
"{CE0x46c7b50|80:_i64,_:_CRE_452,453_}"
	-- CONST[source:1(input),value:2(dynamic)][purpose:{object}]
"{CE0x46cf420|80:_i64,_:_CRE_680,696_|*MultipleSource*|*LoadInst*|security/apparmor/include/apparmor.h,117|security/apparmor/include/apparmor.h,117}"
	-- CONST[source:1(input),value:2(dynamic)][purpose:{object}]
"{CE0x46deb50|80:_i64,_:_CRE_1346,1347_}"
	-- CONST[source:1(input),value:2(dynamic)][purpose:{object}]
"{CE0x46e33d0|80:_i64,_:_CRE_1636,1637_}"
	-- CONST[source:1(input),value:2(dynamic)][purpose:{object}]
"{CE0x46de0b0|80:_i64,_:_CRE_1336,1337_}"
	-- CONST[source:1(input),value:2(dynamic)][purpose:{object}]
"{CE0x46db4a0|80:_i64,_:_CRE_1276,1277_}"
	-- CONST[source:1(input),value:2(dynamic)][purpose:{object}]
"{CE0x46d81a0|80:_i64,_:_CRE_1228,1229_}"
	-- CONST[source:1(input),value:2(dynamic)][purpose:{object}]
"{CE0x46c4030|80:_i64,_:_CRE_396,397_}"
	-- CONST[source:1(input),value:2(dynamic)][purpose:{object}]
"{CE0x46d20c0|80:_i64,_:_CRE_88,96_|*MultipleSource*|*LoadInst*|security/apparmor/include/apparmor.h,117|security/apparmor/include/apparmor.h,117}"
	-- CONST[source:1(input),value:2(dynamic)][purpose:{object}]
"{CE0x46ea490|80:_i64,_:_CRE_1920,1928_|*MultipleSource*|*LoadInst*|security/apparmor/include/apparmor.h,117|security/apparmor/include/apparmor.h,117}"
	-- CONST[source:1(input),value:2(dynamic)][purpose:{object}]
"{CE0x46e0800|80:_i64,_:_CRE_1373,1374_}"
	-- CONST[source:1(input),value:2(dynamic)][purpose:{object}]
"{CE0x46cab30|80:_i64,_:_CRE_573,574_}"
	-- CONST[source:1(input),value:2(dynamic)][purpose:{object}]
"{CE0x46d8a20|80:_i64,_:_CRE_1236,1237_}"
	-- CONST[source:1(input),value:2(dynamic)][purpose:{object}]
"{CE0x46e30a0|80:_i64,_:_CRE_1633,1634_}"
	-- CONST[source:1(input),value:2(dynamic)][purpose:{object}]
"{CE0x46dff80|80:_i64,_:_CRE_1365,1366_}"
	-- CONST[source:1(input),value:2(dynamic)][purpose:{object}]
"{CE0x46e4b30|80:_i64,_:_CRE_1658,1659_}"
	-- CONST[source:1(input),value:2(dynamic)][purpose:{object}]
"{CE0x46c80a0|80:_i64,_:_CRE_457,458_}"
	-- CONST[source:1(input),value:2(dynamic)][purpose:{object}]
"{CE0x46ca2b0|80:_i64,_:_CRE_565,566_}"
	-- CONST[source:1(input),value:2(dynamic)][purpose:{object}]
"{CE0x46d82b0|80:_i64,_:_CRE_1229,1230_}"
	-- CONST[source:1(input),value:2(dynamic)][purpose:{object}]
"{CE0x46cb6e0|80:_i64,_:_CRE_584,585_}"
	-- CONST[source:1(input),value:2(dynamic)][purpose:{object}]
"{CE0x46ce490|80:_i64,_:_CRE_627,628_}"
	-- CONST[source:1(input),value:2(dynamic)][purpose:{object}]
"{CE0x46d3a20|80:_i64,_:_CRE_192,200_|*MultipleSource*|*LoadInst*|security/apparmor/include/apparmor.h,117|security/apparmor/include/apparmor.h,117}"
	-- CONST[source:1(input),value:2(dynamic)][purpose:{object}]
"{CE0x46e31b0|80:_i64,_:_CRE_1634,1635_}"
	-- CONST[source:1(input),value:2(dynamic)][purpose:{object}]
"{CE0x46dc130|80:_i64,_:_CRE_1306,1307_}"
	-- CONST[source:1(input),value:2(dynamic)][purpose:{object}]
"{CE0x46cd060|80:_i64,_:_CRE_608,609_}"
	-- CONST[source:1(input),value:2(dynamic)][purpose:{object}]
"{CE0x46cc4b0|80:_i64,_:_CRE_597,598_}"
	-- CONST[source:1(input),value:2(dynamic)][purpose:{object}]
"{CE0x46df4e0|80:_i64,_:_CRE_1355,1356_}"
	-- CONST[source:1(input),value:2(dynamic)][purpose:{object}]
"{CE0x46c81b0|80:_i64,_:_CRE_458,459_}"
	-- CONST[source:1(input),value:2(dynamic)][purpose:{object}]
"{CE0x46e4a20|80:_i64,_:_CRE_1657,1658_}"
	-- CONST[source:1(input),value:2(dynamic)][purpose:{object}]
"{CE0x46dc950|80:_i64,_:_CRE_1314,1315_}"
	-- CONST[source:1(input),value:2(dynamic)][purpose:{object}]
"{CE0x46dd3f0|80:_i64,_:_CRE_1324,1325_}"
	-- CONST[source:1(input),value:2(dynamic)][purpose:{object}]
"{CE0x46e9c10|80:_i64,_:_CRE_1878,1879_}"
	-- CONST[source:1(input),value:2(dynamic)][purpose:{object}]
"{CE0x46e6070|80:_i64,_:_CRE_1678,1679_}"
	-- CONST[source:1(input),value:2(dynamic)][purpose:{object}]
"{CE0x46e6f50|80:_i64,_:_CRE_1712,1720_|*MultipleSource*|*LoadInst*|security/apparmor/include/apparmor.h,117|security/apparmor/include/apparmor.h,117}"
	-- CONST[source:1(input),value:2(dynamic)][purpose:{object}]
"{CE0x46e2330|80:_i64,_:_CRE_1620,1621_}"
	-- CONST[source:1(input),value:2(dynamic)][purpose:{object}]
"{CE0x46ccb10|80:_i64,_:_CRE_603,604_}"
	-- CONST[source:1(input),value:2(dynamic)][purpose:{object}]
"{CE0x46e46f0|80:_i64,_:_CRE_1654,1655_}"
	-- CONST[source:1(input),value:2(dynamic)][purpose:{object}]
"{CE0x46c40e0|80:_i64,_:_CRE_397,398_}"
	-- CONST[source:1(input),value:2(dynamic)][purpose:{object}]
"{CE0x46c3840|80:_i64,_:_CRE_384,388_|*MultipleSource*|*LoadInst*|security/apparmor/include/apparmor.h,117|security/apparmor/include/apparmor.h,117}"
	-- CONST[source:1(input),value:2(dynamic)][purpose:{object}]
"{CE0x46cd9f0|80:_i64,_:_CRE_617,618_}"
	-- CONST[source:1(input),value:2(dynamic)][purpose:{object}]
"{CE0x46db6c0|80:_i64,_:_CRE_1278,1279_}"
	-- CONST[source:1(input),value:2(dynamic)][purpose:{object}]
"{CE0x46dc840|80:_i64,_:_CRE_1313,1314_}"
	-- CONST[source:1(input),value:2(dynamic)][purpose:{object}]
"{CE0x46e7740|80:_i64,_:_CRE_1752,1760_|*MultipleSource*|*LoadInst*|security/apparmor/include/apparmor.h,117|security/apparmor/include/apparmor.h,117}"
	-- CONST[source:1(input),value:2(dynamic)][purpose:{object}]
"{CE0x46c5c80|80:_i64,_:_CRE_423,424_}"
	-- CONST[source:1(input),value:2(dynamic)][purpose:{object}]
"{CE0x46ddfa0|80:_i64,_:_CRE_1335,1336_}"
	-- CONST[source:1(input),value:2(dynamic)][purpose:{object}]
"{CE0x46caa20|80:_i64,_:_CRE_572,573_}"
	-- CONST[source:1(input),value:2(dynamic)][purpose:{object}]
"{CE0x46c7c60|80:_i64,_:_CRE_453,454_}"
	-- CONST[source:1(input),value:2(dynamic)][purpose:{object}]
"{CE0x46cf610|80:_i64,_:_CRE_696,704_|*MultipleSource*|*LoadInst*|security/apparmor/include/apparmor.h,117|security/apparmor/include/apparmor.h,117}"
	-- CONST[source:1(input),value:2(dynamic)][purpose:{object}]
"{CE0x46ceaf0|80:_i64,_:_CRE_640,648_|*MultipleSource*|*LoadInst*|security/apparmor/include/apparmor.h,117|security/apparmor/include/apparmor.h,117}"
	-- CONST[source:1(input),value:2(dynamic)][purpose:{object}]
"{CE0x46cc070|80:_i64,_:_CRE_593,594_}"
	-- CONST[source:1(input),value:2(dynamic)][purpose:{object}]
"{CE0x46cd5b0|80:_i64,_:_CRE_613,614_}"
	-- CONST[source:1(input),value:2(dynamic)][purpose:{object}]
"{CE0x46ddc70|80:_i64,_:_CRE_1332,1333_}"
	-- CONST[source:1(input),value:2(dynamic)][purpose:{object}]
"{CE0x46dc730|80:_i64,_:_CRE_1312,1313_}"
	-- CONST[source:1(input),value:2(dynamic)][purpose:{object}]
"{CE0x46c3e10|80:_i64,_:_CRE_394,395_}"
	-- CONST[source:1(input),value:2(dynamic)][purpose:{object}]
"{CE0x46ce8d0|80:_i64,_:_CRE_631,632_}"
	-- CONST[source:1(input),value:2(dynamic)][purpose:{object}]
"{CE0x46d8b30|80:_i64,_:_CRE_1237,1238_}"
	-- CONST[source:1(input),value:2(dynamic)][purpose:{object}]
"{CE0x46e3f80|80:_i64,_:_CRE_1647,1648_}"
	-- CONST[source:1(input),value:2(dynamic)][purpose:{object}]
"{CE0x46cce40|80:_i64,_:_CRE_606,607_}"
	-- CONST[source:1(input),value:2(dynamic)][purpose:{object}]
"{CE0x46ddb60|80:_i64,_:_CRE_1331,1332_}"
	-- CONST[source:1(input),value:2(dynamic)][purpose:{object}]
"{CE0x46ea870|80:_i64,_:_CRE_2056,2112_|*MultipleSource*|*LoadInst*|security/apparmor/include/apparmor.h,117|security/apparmor/include/apparmor.h,117}"
	-- CONST[source:1(input),value:2(dynamic)][purpose:{object}]
"{CE0x46c5d90|80:_i64,_:_CRE_424,425_}"
	-- CONST[source:1(input),value:2(dynamic)][purpose:{object}]
"{CE0x46cbc30|80:_i64,_:_CRE_589,590_}"
	-- CONST[source:1(input),value:2(dynamic)][purpose:{object}]
"{CE0x46da5c0|80:_i64,_:_CRE_1262,1263_}"
	-- CONST[source:1(input),value:2(dynamic)][purpose:{object}]
"{CE0x46e3a30|80:_i64,_:_CRE_1642,1643_}"
	-- CONST[source:1(input),value:2(dynamic)][purpose:{object}]
"{CE0x46e04d0|80:_i64,_:_CRE_1370,1371_}"
	-- CONST[source:1(input),value:2(dynamic)][purpose:{object}]
"{CE0x46d2e80|80:_i64,_:_CRE_136,140_|*MultipleSource*|*LoadInst*|security/apparmor/include/apparmor.h,117|security/apparmor/include/apparmor.h,117}"
	-- CONST[source:1(input),value:2(dynamic)][purpose:{object}]
"{CE0x46ccd30|80:_i64,_:_CRE_605,606_}"
	-- CONST[source:1(input),value:2(dynamic)][purpose:{object}]
"{CE0x46d9b20|80:_i64,_:_CRE_1252,1253_}"
	-- CONST[source:1(input),value:2(dynamic)][purpose:{object}]
"{CE0x46e6180|80:_i64,_:_CRE_1679,1680_}"
	-- CONST[source:1(input),value:2(dynamic)][purpose:{object}]
"{CE0x46e5900|80:_i64,_:_CRE_1671,1672_}"
	-- CONST[source:1(input),value:2(dynamic)][purpose:{object}]
"{CE0x46c5a60|80:_i64,_:_CRE_421,422_}"
	-- CONST[source:1(input),value:2(dynamic)][purpose:{object}]
"{CE0x46db060|80:_i64,_:_CRE_1272,1273_}"
	-- CONST[source:1(input),value:2(dynamic)][purpose:{object}]
"{CE0x46da7e0|80:_i64,_:_CRE_1264,1265_}"
	-- CONST[source:1(input),value:2(dynamic)][purpose:{object}]
"{CE0x46d3450|80:_i64,_:_CRE_160,176_|*MultipleSource*|*LoadInst*|security/apparmor/include/apparmor.h,117|security/apparmor/include/apparmor.h,117}"
	-- CONST[source:1(input),value:2(dynamic)][purpose:{object}]
"{CE0x46e7f00|80:_i64,_:_CRE_1784,1792_|*MultipleSource*|*LoadInst*|security/apparmor/include/apparmor.h,117|security/apparmor/include/apparmor.h,117}"
	-- CONST[source:1(input),value:2(dynamic)][purpose:{object}]
"{CE0x46e8aa0|80:_i64,_:_CRE_1832,1840_|*MultipleSource*|*LoadInst*|security/apparmor/include/apparmor.h,117|security/apparmor/include/apparmor.h,117}"
	-- CONST[source:1(input),value:2(dynamic)][purpose:{object}]
"{CE0x46de3e0|80:_i64,_:_CRE_1339,1340_}"
	-- CONST[source:1(input),value:2(dynamic)][purpose:{object}]
"{CE0x46da180|80:_i64,_:_CRE_1258,1259_}"
	-- CONST[source:1(input),value:2(dynamic)][purpose:{object}]
"{CE0x46c84e0|80:_i64,_:_CRE_461,462_}"
	-- CONST[source:1(input),value:2(dynamic)][purpose:{object}]
"{CE0x46d5160|80:_i64,_:_CRE_288,296_|*MultipleSource*|*LoadInst*|security/apparmor/include/apparmor.h,117|security/apparmor/include/apparmor.h,117}"
	-- CONST[source:1(input),value:2(dynamic)][purpose:{object}]
"{CE0x46db7d0|80:_i64,_:_CRE_1279,1280_}"
	-- CONST[source:1(input),value:2(dynamic)][purpose:{object}]
"{CE0x46d17a0|80:_i64,_:_CRE_48,56_|*MultipleSource*|*LoadInst*|security/apparmor/include/apparmor.h,117|security/apparmor/include/apparmor.h,117}"
	-- CONST[source:1(input),value:2(dynamic)][purpose:{object}]
"{CE0x46c73e0|80:_i64,_:_CRE_445,446_}"
	-- CONST[source:1(input),value:2(dynamic)][purpose:{object}]
"{CE0x46c9440|80:_i64,_:_CRE_528,536_|*MultipleSource*|*LoadInst*|security/apparmor/include/apparmor.h,117|security/apparmor/include/apparmor.h,117}"
	-- CONST[source:1(input),value:2(dynamic)][purpose:{object}]
"{CE0x46c5620|80:_i64,_:_CRE_417,418_}"
	-- CONST[source:1(input),value:2(dynamic)][purpose:{object}]
"{CE0x46dfb40|80:_i64,_:_CRE_1361,1362_}"
	-- CONST[source:1(input),value:2(dynamic)][purpose:{object}]
"{CE0x46c8700|80:_i64,_:_CRE_463,464_}"
	-- CONST[source:1(input),value:2(dynamic)][purpose:{object}]
"{CE0x46e42b0|80:_i64,_:_CRE_1650,1651_}"
	-- CONST[source:1(input),value:2(dynamic)][purpose:{object}]
"{CE0x46e3700|80:_i64,_:_CRE_1639,1640_}"
	-- CONST[source:1(input),value:2(dynamic)][purpose:{object}]
"{CE0x46cdf40|80:_i64,_:_CRE_622,623_}"
	-- CONST[source:1(input),value:2(dynamic)][purpose:{object}]
"{CE0x46e1950|80:_i64,_:_CRE_1600,1604_|*MultipleSource*|*LoadInst*|security/apparmor/include/apparmor.h,117|security/apparmor/include/apparmor.h,117}"
	-- CONST[source:1(input),value:2(dynamic)][purpose:{object}]
"{CE0x46c6a50|80:_i64,_:_CRE_436,437_}"
	-- CONST[source:1(input),value:2(dynamic)][purpose:{object}]
"{CE0x46d94c0|80:_i64,_:_CRE_1246,1247_}"
	-- CONST[source:1(input),value:2(dynamic)][purpose:{object}]
"{CE0x46d74e0|80:_i64,_:_CRE_1216,1217_}"
	-- CONST[source:1(input),value:2(dynamic)][purpose:{object}]
"{CE0x46d9c30|80:_i64,_:_CRE_1253,1254_}"
	-- CONST[source:1(input),value:2(dynamic)][purpose:{object}]
"{CE0x46cd7d0|80:_i64,_:_CRE_615,616_}"
	-- CONST[source:1(input),value:2(dynamic)][purpose:{object}]
"{CE0x46e9070|80:_i64,_:_CRE_1856,1864_|*MultipleSource*|*LoadInst*|security/apparmor/include/apparmor.h,117|security/apparmor/include/apparmor.h,117}"
	-- CONST[source:1(input),value:2(dynamic)][purpose:{object}]
"{CE0x46d9d40|80:_i64,_:_CRE_1254,1255_}"
	-- CONST[source:1(input),value:2(dynamic)][purpose:{object}]
"{CE0x46dd0c0|80:_i64,_:_CRE_1321,1322_}"
	-- CONST[source:1(input),value:2(dynamic)][purpose:{object}]
"{CE0x46e6a00|80:_i64,_:_CRE_1687,1688_}"
	-- CONST[source:1(input),value:2(dynamic)][purpose:{object}]
"{CE0x46def90|80:_i64,_:_CRE_1350,1351_}"
	-- CONST[source:1(input),value:2(dynamic)][purpose:{object}]
"{CE0x46eb410|80:_i64,_:_CRE_2268,2304_|*MultipleSource*|*LoadInst*|security/apparmor/include/apparmor.h,117|security/apparmor/include/apparmor.h,117}"
	-- CONST[source:1(input),value:2(dynamic)][purpose:{object}]
"{CE0x46d97f0|80:_i64,_:_CRE_1249,1250_}"
	-- CONST[source:1(input),value:2(dynamic)][purpose:{object}]
"{CE0x46e1190|80:_i64,_:_CRE_1568,1584_|*MultipleSource*|*LoadInst*|security/apparmor/include/apparmor.h,117|security/apparmor/include/apparmor.h,117}"
	-- CONST[source:1(input),value:2(dynamic)][purpose:{object}]
"{CE0x46e6c20|80:_i64,_:_CRE_1696,1704_|*MultipleSource*|*LoadInst*|security/apparmor/include/apparmor.h,117|security/apparmor/include/apparmor.h,117}"
	-- CONST[source:1(input),value:2(dynamic)][purpose:{object}]
"{CE0x46c5b70|80:_i64,_:_CRE_422,423_}"
	-- CONST[source:1(input),value:2(dynamic)][purpose:{object}]
"{CE0x46e4910|80:_i64,_:_CRE_1656,1657_}"
	-- CONST[source:1(input),value:2(dynamic)][purpose:{object}]
"{CE0x46c71c0|80:_i64,_:_CRE_443,444_}"
	-- CONST[source:1(input),value:2(dynamic)][purpose:{object}]
"{CE0x46c85f0|80:_i64,_:_CRE_462,463_}"
	-- CONST[source:1(input),value:2(dynamic)][purpose:{object}]
"{CE0x46dc510|80:_i64,_:_CRE_1310,1311_}"
	-- CONST[source:1(input),value:2(dynamic)][purpose:{object}]
"{CE0x46c70b0|80:_i64,_:_CRE_442,443_}"
	-- CONST[source:1(input),value:2(dynamic)][purpose:{object}]
"{CE0x46df5f0|80:_i64,_:_CRE_1356,1357_}"
	-- CONST[source:1(input),value:2(dynamic)][purpose:{object}]
"{CE0x46d3e00|80:_i64,_:_CRE_208,216_|*MultipleSource*|*LoadInst*|security/apparmor/include/apparmor.h,117|security/apparmor/include/apparmor.h,117}"
	-- CONST[source:1(input),value:2(dynamic)][purpose:{object}]
"{CE0x46c5510|80:_i64,_:_CRE_416,417_}"
	-- CONST[source:1(input),value:2(dynamic)][purpose:{object}]
"{CE0x46d5b10|80:_i64,_:_CRE_328,336_|*MultipleSource*|*LoadInst*|security/apparmor/include/apparmor.h,117|security/apparmor/include/apparmor.h,117}"
	-- CONST[source:1(input),value:2(dynamic)][purpose:{object}]
"{CE0x46dc2a0|80:_i64,_:_CRE_1307,1308_}"
	-- CONST[source:1(input),value:2(dynamic)][purpose:{object}]
"{CE0x46c83d0|80:_i64,_:_CRE_460,461_}"
	-- CONST[source:1(input),value:2(dynamic)][purpose:{object}]
"{CE0x46cf800|80:_i64,_:_CRE_704,708_|*MultipleSource*|*LoadInst*|security/apparmor/include/apparmor.h,117|security/apparmor/include/apparmor.h,117}"
	-- CONST[source:1(input),value:2(dynamic)][purpose:{object}]
"{CE0x46d8800|80:_i64,_:_CRE_1234,1235_}"
	-- CONST[source:1(input),value:2(dynamic)][purpose:{object}]
"{CE0x46e1f20|80:_i64,_:_CRE_1617,1618_}"
	-- CONST[source:1(input),value:2(dynamic)][purpose:{object}]
"{CE0x46d5d00|80:_i64,_:_CRE_336,344_|*MultipleSource*|*LoadInst*|security/apparmor/include/apparmor.h,117|security/apparmor/include/apparmor.h,117}"
	-- CONST[source:1(input),value:2(dynamic)][purpose:{object}]
"{CE0x46d83c0|80:_i64,_:_CRE_1230,1231_}"
	-- CONST[source:1(input),value:2(dynamic)][purpose:{object}]
"{CE0x46e9e30|80:_i64,_:_CRE_1880,1884_|*MultipleSource*|*LoadInst*|security/apparmor/include/apparmor.h,117|security/apparmor/include/apparmor.h,117}"
	-- CONST[source:1(input),value:2(dynamic)][purpose:{object}]
"{CE0x46e0a20|80:_i64,_:_CRE_1375,1376_}"
	-- CONST[source:1(input),value:2(dynamic)][purpose:{object}]
"{CE0x46db9f0|80:_i64,_:_CRE_1288,1296_|*MultipleSource*|*LoadInst*|security/apparmor/include/apparmor.h,117|security/apparmor/include/apparmor.h,117}"
	-- CONST[source:1(input),value:2(dynamic)][purpose:{object}]
"{CE0x46cca00|80:_i64,_:_CRE_602,603_}"
	-- CONST[source:1(input),value:2(dynamic)][purpose:{object}]
"{CE0x46e1d30|80:_i64,_:_CRE_1616,1617_}"
	-- CONST[source:1(input),value:2(dynamic)][purpose:{object}]
"{CE0x46d7100|80:_i64,_:_CRE_1212,1213_}"
	-- CONST[source:1(input),value:2(dynamic)][purpose:{object}]
"{CE0x46ded70|80:_i64,_:_CRE_1348,1349_}"
	-- CONST[source:1(input),value:2(dynamic)][purpose:{object}]
"{CE0x46e68f0|80:_i64,_:_CRE_1686,1687_}"
	-- CONST[source:1(input),value:2(dynamic)][purpose:{object}]
"{CE0x46cfbe0|80:_i64,_:_CRE_720,736_|*MultipleSource*|*LoadInst*|security/apparmor/include/apparmor.h,117|security/apparmor/include/apparmor.h,117}"
	-- CONST[source:1(input),value:2(dynamic)][purpose:{object}]
"{CE0x46c4b80|80:_i64,_:_CRE_407,408_}"
	-- CONST[source:1(input),value:2(dynamic)][purpose:{object}]
"{CE0x46eb220|80:_i64,_:_CRE_2264,2268_|*MultipleSource*|*LoadInst*|security/apparmor/include/apparmor.h,117|security/apparmor/include/apparmor.h,117}"
	-- CONST[source:1(input),value:2(dynamic)][purpose:{object}]
"{CE0x46e5190|80:_i64,_:_CRE_1664,1665_}"
	-- CONST[source:1(input),value:2(dynamic)][purpose:{object}]
"{CE0x46dcfb0|80:_i64,_:_CRE_1320,1321_}"
	-- CONST[source:1(input),value:2(dynamic)][purpose:{object}]
"{CE0x46d7050|80:_i64,_:_CRE_1211,1212_}"
	-- CONST[source:1(input),value:2(dynamic)][purpose:{object}]
"{CE0x46c7a40|80:_i64,_:_CRE_451,452_}"
	-- CONST[source:1(input),value:2(dynamic)][purpose:{object}]
"{CE0x46e82e0|80:_i64,_:_CRE_1800,1804_|*MultipleSource*|*LoadInst*|security/apparmor/include/apparmor.h,117|security/apparmor/include/apparmor.h,117}"
	-- CONST[source:1(input),value:2(dynamic)][purpose:{object}]
"{CE0x46c8920|80:_i64,_:_CRE_472,480_|*MultipleSource*|*LoadInst*|security/apparmor/include/apparmor.h,117|security/apparmor/include/apparmor.h,117}"
	-- CONST[source:1(input),value:2(dynamic)][purpose:{object}]
"{CE0x46cac40|80:_i64,_:_CRE_574,575_}"
	-- CONST[source:1(input),value:2(dynamic)][purpose:{object}]
"{CE0x46de1c0|80:_i64,_:_CRE_1337,1338_}"
	-- CONST[source:1(input),value:2(dynamic)][purpose:{object}]
"{CE0x46d7f80|80:_i64,_:_CRE_1226,1227_}"
	-- CONST[source:1(input),value:2(dynamic)][purpose:{object}]
"{CE0x46e5d40|80:_i64,_:_CRE_1675,1676_}"
	-- CONST[source:1(input),value:2(dynamic)][purpose:{object}]
"{CE0x46e1760|80:_i64,_:_CRE_1596,1600_|*MultipleSource*|*LoadInst*|security/apparmor/include/apparmor.h,117|security/apparmor/include/apparmor.h,117}"
	-- CONST[source:1(input),value:2(dynamic)][purpose:{object}]
"{CE0x46cad50|80:_i64,_:_CRE_575,576_}"
	-- CONST[source:1(input),value:2(dynamic)][purpose:{object}]
"{CE0x46d7b40|80:_i64,_:_CRE_1222,1223_}"
	-- CONST[source:1(input),value:2(dynamic)][purpose:{object}]
"{CE0x46e57f0|80:_i64,_:_CRE_1670,1671_}"
	-- CONST[source:1(input),value:2(dynamic)][purpose:{object}]
"{CE0x46e01a0|80:_i64,_:_CRE_1367,1368_}"
	-- CONST[source:1(input),value:2(dynamic)][purpose:{object}]
"{CE0x46e9f40|80:_i64,_:_CRE_1888,1896_|*MultipleSource*|*LoadInst*|security/apparmor/include/apparmor.h,117|security/apparmor/include/apparmor.h,117}"
	-- CONST[source:1(input),value:2(dynamic)][purpose:{object}]
"{CE0x46e4d50|80:_i64,_:_CRE_1660,1661_}"
	-- CONST[source:1(input),value:2(dynamic)][purpose:{object}]
"{CE0x46d3c10|80:_i64,_:_CRE_200,204_|*MultipleSource*|*LoadInst*|security/apparmor/include/apparmor.h,117|security/apparmor/include/apparmor.h,117}"
	-- CONST[source:1(input),value:2(dynamic)][purpose:{object}]
"{CE0x46c8810|80:_i64,_:_CRE_464,472_|*MultipleSource*|*LoadInst*|security/apparmor/include/apparmor.h,117|security/apparmor/include/apparmor.h,117}"
	-- CONST[source:1(input),value:2(dynamic)][purpose:{object}]
"{CE0x46d1b20|80:_i64,_:_CRE_64,72_|*MultipleSource*|*LoadInst*|security/apparmor/include/apparmor.h,117|security/apparmor/include/apparmor.h,117}"
	-- CONST[source:1(input),value:2(dynamic)][purpose:{object}]
"{CE0x46c7600|80:_i64,_:_CRE_447,448_}"
	-- CONST[source:1(input),value:2(dynamic)][purpose:{object}]
"{CE0x46dae40|80:_i64,_:_CRE_1270,1271_}"
	-- CONST[source:1(input),value:2(dynamic)][purpose:{object}]
"{CE0x46d93b0|80:_i64,_:_CRE_1245,1246_}"
	-- CONST[source:1(input),value:2(dynamic)][purpose:{object}]
"{CE0x46c9a10|80:_i64,_:_CRE_552,556_|*MultipleSource*|*LoadInst*|security/apparmor/include/apparmor.h,117|security/apparmor/include/apparmor.h,117}"
	-- CONST[source:1(input),value:2(dynamic)][purpose:{object}]
"{CE0x46d4d80|80:_i64,_:_CRE_272,280_|*MultipleSource*|*LoadInst*|security/apparmor/include/apparmor.h,117|security/apparmor/include/apparmor.h,117}"
	-- CONST[source:1(input),value:2(dynamic)][purpose:{object}]
"{CE0x46d9900|80:_i64,_:_CRE_1250,1251_}"
	-- CONST[source:1(input),value:2(dynamic)][purpose:{object}]
"{CE0x46ca6f0|80:_i64,_:_CRE_569,570_}"
	-- CONST[source:1(input),value:2(dynamic)][purpose:{object}]
"{CE0x46e5080|80:_i64,_:_CRE_1663,1664_}"
	-- CONST[source:1(input),value:2(dynamic)][purpose:{object}]
"{CE0x46ccc20|80:_i64,_:_CRE_604,605_}"
	-- CONST[source:1(input),value:2(dynamic)][purpose:{object}]
"{CE0x46cb190|80:_i64,_:_CRE_579,580_}"
	-- CONST[source:1(input),value:2(dynamic)][purpose:{object}]
"{CE0x46e64b0|80:_i64,_:_CRE_1682,1683_}"
	-- CONST[source:1(input),value:2(dynamic)][purpose:{object}]
"{CE0x46ccf50|80:_i64,_:_CRE_607,608_}"
	-- CONST[source:1(input),value:2(dynamic)][purpose:{object}]
"{CE0x46d5730|80:_i64,_:_CRE_312,320_|*MultipleSource*|*LoadInst*|security/apparmor/include/apparmor.h,117|security/apparmor/include/apparmor.h,117}"
	-- CONST[source:1(input),value:2(dynamic)][purpose:{object}]
"{CE0x46e7360|80:_i64,_:_CRE_1728,1736_|*MultipleSource*|*LoadInst*|security/apparmor/include/apparmor.h,117|security/apparmor/include/apparmor.h,117}"
	-- CONST[source:1(input),value:2(dynamic)][purpose:{object}]
"{CE0x46d12c0|80:_i64,_:_CRE_24,32_|*MultipleSource*|*LoadInst*|security/apparmor/include/apparmor.h,117|security/apparmor/include/apparmor.h,117}"
	-- CONST[source:1(input),value:2(dynamic)][purpose:{object}]
"{CE0x46e2b50|80:_i64,_:_CRE_1628,1629_}"
	-- CONST[source:1(input),value:2(dynamic)][purpose:{object}]
"{CE0x46d9f60|80:_i64,_:_CRE_1256,1257_}"
	-- CONST[source:1(input),value:2(dynamic)][purpose:{object}]
"{CE0x46e2280|80:_i64,_:_CRE_1619,1620_}"
	-- CONST[source:1(input),value:2(dynamic)][purpose:{object}]
"{CE0x46eac50|80:_i64,_:_CRE_2120,2248_|*MultipleSource*|*LoadInst*|security/apparmor/include/apparmor.h,117|security/apparmor/include/apparmor.h,117}"
	-- CONST[source:1(input),value:2(dynamic)][purpose:{object}]
"{CE0x46d1090|80:_i64,_:_CRE_20,21_|*MultipleSource*|*LoadInst*|security/apparmor/include/apparmor.h,117|security/apparmor/include/apparmor.h,117}"
	-- CONST[source:1(input),value:2(dynamic)][purpose:{object}]
"{CE0x46db280|80:_i64,_:_CRE_1274,1275_}"
	-- CONST[source:1(input),value:2(dynamic)][purpose:{object}]
"{CE0x46c8a30|80:_i64,_:_CRE_480,488_|*MultipleSource*|*LoadInst*|security/apparmor/include/apparmor.h,117|security/apparmor/include/apparmor.h,117}"
	-- CONST[source:1(input),value:2(dynamic)][purpose:{object}]
"{CE0x46c8c50|80:_i64,_:_CRE_488,496_|*MultipleSource*|*LoadInst*|security/apparmor/include/apparmor.h,117|security/apparmor/include/apparmor.h,117}"
	-- CONST[source:1(input),value:2(dynamic)][purpose:{object}]
"{CE0x46e56e0|80:_i64,_:_CRE_1669,1670_}"
	-- CONST[source:1(input),value:2(dynamic)][purpose:{object}]
"{CE0x46c4630|80:_i64,_:_CRE_402,403_}"
	-- CONST[source:1(input),value:2(dynamic)][purpose:{object}]
"{CE0x46d3070|80:_i64,_:_CRE_144,152_|*MultipleSource*|*LoadInst*|security/apparmor/include/apparmor.h,117|security/apparmor/include/apparmor.h,117}"
	-- CONST[source:1(input),value:2(dynamic)][purpose:{object}]
"{CE0x46e23e0|80:_i64,_:_CRE_1621,1622_}"
	-- CONST[source:1(input),value:2(dynamic)][purpose:{object}]
"{CE0x46e4800|80:_i64,_:_CRE_1655,1656_}"
	-- CONST[source:1(input),value:2(dynamic)][purpose:{object}]
"{CE0x46e7b20|80:_i64,_:_CRE_1768,1776_|*MultipleSource*|*LoadInst*|security/apparmor/include/apparmor.h,117|security/apparmor/include/apparmor.h,117}"
	-- CONST[source:1(input),value:2(dynamic)][purpose:{object}]
"{CE0x46e0910|80:_i64,_:_CRE_1374,1375_}"
	-- CONST[source:1(input),value:2(dynamic)][purpose:{object}]
"{CE0x46c6720|80:_i64,_:_CRE_433,434_}"
	-- CONST[source:1(input),value:2(dynamic)][purpose:{object}]
"{CE0x46e05e0|80:_i64,_:_CRE_1371,1372_}"
	-- CONST[source:1(input),value:2(dynamic)][purpose:{object}]
"{CE0x46e2110|80:_i64,_:_CRE_1618,1619_}"
	-- CONST[source:1(input),value:2(dynamic)][purpose:{object}]
"{CE0x46e32c0|80:_i64,_:_CRE_1635,1636_}"
	-- CONST[source:1(input),value:2(dynamic)][purpose:{object}]
"{CE0x46cdd20|80:_i64,_:_CRE_620,621_}"
	-- CONST[source:1(input),value:2(dynamic)][purpose:{object}]
"{CE0x46e80f0|80:_i64,_:_CRE_1792,1800_|*MultipleSource*|*LoadInst*|security/apparmor/include/apparmor.h,117|security/apparmor/include/apparmor.h,117}"
	-- CONST[source:1(input),value:2(dynamic)][purpose:{object}]
"{CE0x46e5e50|80:_i64,_:_CRE_1676,1677_}"
	-- CONST[source:1(input),value:2(dynamic)][purpose:{object}]
"{CE0x46e02b0|80:_i64,_:_CRE_1368,1369_}"
	-- CONST[source:1(input),value:2(dynamic)][purpose:{object}]
"{CE0x46d9190|80:_i64,_:_CRE_1243,1244_}"
	-- CONST[source:1(input),value:2(dynamic)][purpose:{object}]
"{CE0x46e55d0|80:_i64,_:_CRE_1668,1669_}"
	-- CONST[source:1(input),value:2(dynamic)][purpose:{object}]
"{CE0x46dab10|80:_i64,_:_CRE_1267,1268_}"
	-- CONST[source:1(input),value:2(dynamic)][purpose:{object}]
"{CE0x46cb5d0|80:_i64,_:_CRE_583,584_}"
	-- CONST[source:1(input),value:2(dynamic)][purpose:{object}]
"{CE0x46df920|80:_i64,_:_CRE_1359,1360_}"
	-- CONST[source:1(input),value:2(dynamic)][purpose:{object}]
"{CE0x46c7820|80:_i64,_:_CRE_449,450_}"
	-- CONST[source:1(input),value:2(dynamic)][purpose:{object}]
"{CE0x46c5ea0|80:_i64,_:_CRE_425,426_}"
	-- CONST[source:1(input),value:2(dynamic)][purpose:{object}]
"{CE0x46c9820|80:_i64,_:_CRE_544,552_|*MultipleSource*|*LoadInst*|security/apparmor/include/apparmor.h,117|security/apparmor/include/apparmor.h,117}"
	-- CONST[source:1(input),value:2(dynamic)][purpose:{object}]
"{CE0x46e1380|80:_i64,_:_CRE_1584,1592_|*MultipleSource*|*LoadInst*|security/apparmor/include/apparmor.h,117|security/apparmor/include/apparmor.h,117}"
	-- CONST[source:1(input),value:2(dynamic)][purpose:{object}]
"{CE0x46dda50|80:_i64,_:_CRE_1330,1331_}"
	-- CONST[source:1(input),value:2(dynamic)][purpose:{object}]
"{CE0x46cd4a0|80:_i64,_:_CRE_612,613_}"
	-- CONST[source:1(input),value:2(dynamic)][purpose:{object}]
"{CE0x46e5b20|80:_i64,_:_CRE_1673,1674_}"
	-- CONST[source:1(input),value:2(dynamic)][purpose:{object}]
"{CE0x46cfdd0|80:_i64,_:_CRE_736,880_|*MultipleSource*|*LoadInst*|security/apparmor/include/apparmor.h,117|security/apparmor/include/apparmor.h,117}"
	-- CONST[source:1(input),value:2(dynamic)][purpose:{object}]
"{CE0x46e8e80|80:_i64,_:_CRE_1848,1856_|*MultipleSource*|*LoadInst*|security/apparmor/include/apparmor.h,117|security/apparmor/include/apparmor.h,117}"
	-- CONST[source:1(input),value:2(dynamic)][purpose:{object}]
"{CE0x46df1b0|80:_i64,_:_CRE_1352,1353_}"
	-- CONST[source:1(input),value:2(dynamic)][purpose:{object}]
"{CE0x46d5920|80:_i64,_:_CRE_320,328_|*MultipleSource*|*LoadInst*|security/apparmor/include/apparmor.h,117|security/apparmor/include/apparmor.h,117}"
	-- CONST[source:1(input),value:2(dynamic)][purpose:{object}]
"{CE0x46c3f80|80:_i64,_:_CRE_395,396_}"
	-- CONST[source:1(input),value:2(dynamic)][purpose:{object}]
"{CE0x46d8910|80:_i64,_:_CRE_1235,1236_}"
	-- CONST[source:1(input),value:2(dynamic)][purpose:{object}]
"{CE0x46d2aa0|80:_i64,_:_CRE_128,132_|*MultipleSource*|*LoadInst*|security/apparmor/include/apparmor.h,117|security/apparmor/include/apparmor.h,117}"
	-- CONST[source:1(input),value:2(dynamic)][purpose:{object}]
"{CE0x46d8e60|80:_i64,_:_CRE_1240,1241_}"
	-- CONST[source:1(input),value:2(dynamic)][purpose:{object}]
"{CE0x46c4fc0|80:_i64,_:_CRE_411,412_}"
	-- CONST[source:1(input),value:2(dynamic)][purpose:{object}]
"{CE0x46ea680|80:_i64,_:_CRE_1928,2056_|*MultipleSource*|*LoadInst*|security/apparmor/include/apparmor.h,117|security/apparmor/include/apparmor.h,117}"
	-- CONST[source:1(input),value:2(dynamic)][purpose:{object}]
"{CE0x46cc8f0|80:_i64,_:_CRE_601,602_}"
	-- CONST[source:1(input),value:2(dynamic)][purpose:{object}]
"{CE0x46c6fa0|80:_i64,_:_CRE_441,442_}"
	-- CONST[source:1(input),value:2(dynamic)][purpose:{object}]
"{CE0x46c5950|80:_i64,_:_CRE_420,421_}"
	-- CONST[source:1(input),value:2(dynamic)][purpose:{object}]
"{CE0x46de820|80:_i64,_:_CRE_1343,1344_}"
	-- CONST[source:1(input),value:2(dynamic)][purpose:{object}]
"{CE0x46de4f0|80:_i64,_:_CRE_1340,1341_}"
	-- CONST[source:1(input),value:2(dynamic)][purpose:{object}]
"{CE0x46e1570|80:_i64,_:_CRE_1592,1596_|*MultipleSource*|*LoadInst*|security/apparmor/include/apparmor.h,117|security/apparmor/include/apparmor.h,117}"
	-- CONST[source:1(input),value:2(dynamic)][purpose:{object}]
"{CE0x46e6d30|80:_i64,_:_CRE_1704,1712_|*MultipleSource*|*LoadInst*|security/apparmor/include/apparmor.h,117|security/apparmor/include/apparmor.h,117}"
	-- CONST[source:1(input),value:2(dynamic)][purpose:{object}]
"{CE0x46e9450|80:_i64,_:_CRE_1872,1873_}"
	-- CONST[source:1(input),value:2(dynamic)][purpose:{object}]
"{CE0x46dcea0|80:_i64,_:_CRE_1319,1320_}"
	-- CONST[source:1(input),value:2(dynamic)][purpose:{object}]
"{CE0x46ce160|80:_i64,_:_CRE_624,625_}"
	-- CONST[source:1(input),value:2(dynamic)][purpose:{object}]
"{CE0x46e9a50|80:_i64,_:_CRE_1876,1877_}"
	-- CONST[source:1(input),value:2(dynamic)][purpose:{object}]
"{CE0x46ce5a0|80:_i64,_:_CRE_628,629_}"
	-- CONST[source:1(input),value:2(dynamic)][purpose:{object}]
"{CE0x46dc620|80:_i64,_:_CRE_1311,1312_}"
	-- CONST[source:1(input),value:2(dynamic)][purpose:{object}]
"{CE0x46ca5e0|80:_i64,_:_CRE_568,569_}"
	-- CONST[source:1(input),value:2(dynamic)][purpose:{object}]
