[selinux_socket_recvmsg]

explicit:
CONST[source:2(external),value:2(dynamic)][purpose:{subject}]  ->  CONST[source:1(input),value:2(dynamic)][purpose:{subject}]
-----------
CONST[source:2(external),value:2(dynamic)][purpose:{subject}]
CE0x49ce0b0 "{CE0x49ce0b0|COLLAPSED:_GCMRE_current_task_external_global_%struct.task_struct*:_elem_0:default:}"
CE0x4a624b0 "{CE0x4a624b0|task_sid:_tmp4|*LoadInst*|security/selinux/hooks.c,208}"
CE0x4a44ea0 "{CE0x4a44ea0|cred_sid:_cred|Function::cred_sid&Arg::cred::}"
CE0x49c8f90 "{CE0x49c8f90|cred_sid:_security|security/selinux/hooks.c,196}"
CE0x49c8f20 "{CE0x49c8f20|cred_sid:_tmp4|*LoadInst*|security/selinux/hooks.c,196}"
CE0x49e8620 "{CE0x49e8620|cred_sid:_tmp5|security/selinux/hooks.c,196}"
CE0x4a63990 "{CE0x4a63990|cred_sid:_sid|security/selinux/hooks.c,197}"
CE0x4a6ceb0 "{CE0x4a6ceb0|cred_sid:_tmp6|security/selinux/hooks.c,197}"
CE0x4a45210 "{CE0x4a45210|_ret_i32_%tmp6,_!dbg_!27716|security/selinux/hooks.c,197}"
CE0x4a441a0 "{CE0x4a441a0|task_sid:_call7|security/selinux/hooks.c,208}"
CE0x4a52e50 "{CE0x4a52e50|_ret_i32_%call7,_!dbg_!27749|security/selinux/hooks.c,210}"
CE0x4a54340 "{CE0x4a54340|sock_has_perm:_call|security/selinux/hooks.c,3967}"
CE0x4a544e0 "{CE0x4a544e0|sock_has_perm:_call|security/selinux/hooks.c,3967|*SummSink*}"
CONST[source:1(input),value:2(dynamic)][purpose:{subject}]


CONST[source:1(input),value:2(dynamic)][purpose:{object}]  ->  CONST[source:0(mediator),value:2(dynamic)][purpose:{object}]
-----------
CONST[source:1(input),value:2(dynamic)][purpose:{object}]
CE0x49bfd40 "{CE0x49bfd40|32:_%struct.sock*,_:_CRE_32,40_|*MultipleSource*|Function::selinux_socket_recvmsg&Arg::sock::|security/selinux/hooks.c,4221}"
CE0x49c6150 "{CE0x49c6150|selinux_socket_recvmsg:_tmp4|*LoadInst*|security/selinux/hooks.c,4221}"
CE0x64e9a80 "{CE0x64e9a80|sock_has_perm:_sk|Function::sock_has_perm&Arg::sk::}"
CE0x49e69e0 "{CE0x49e69e0|sock_has_perm:_sk_security|security/selinux/hooks.c,3964}"
CE0x4a3a6e0 "{CE0x4a3a6e0|sock_has_perm:_tmp2|*LoadInst*|security/selinux/hooks.c,3964}"
CE0x4a584f0 "{CE0x4a584f0|sock_has_perm:_tmp3|security/selinux/hooks.c,3964}"
CE0x4a4bb70 "{CE0x4a4bb70|sock_has_perm:_sclass|security/selinux/hooks.c,3976}"
CE0x4a492f0 "{CE0x4a492f0|sock_has_perm:_tmp17|security/selinux/hooks.c,3976}"
CE0x4a48e30 "{CE0x4a48e30|sock_has_perm:_tmp17|security/selinux/hooks.c,3976|*SummSink*}"
CONST[source:0(mediator),value:2(dynamic)][purpose:{object}]



implicit:
CONST[source:1(input),value:2(dynamic)][purpose:{object}]  ->  CONST[source:0(mediator),value:2(dynamic)][purpose:{object}]
-----------
CONST[source:1(input),value:2(dynamic)][purpose:{object}]
CE0x49bfd40 "{CE0x49bfd40|32:_%struct.sock*,_:_CRE_32,40_|*MultipleSource*|Function::selinux_socket_recvmsg&Arg::sock::|security/selinux/hooks.c,4221}"
CE0x49c6150 "{CE0x49c6150|selinux_socket_recvmsg:_tmp4|*LoadInst*|security/selinux/hooks.c,4221}"
CE0x64e9a80 "{CE0x64e9a80|sock_has_perm:_sk|Function::sock_has_perm&Arg::sk::}"
CE0x49e69e0 "{CE0x49e69e0|sock_has_perm:_sk_security|security/selinux/hooks.c,3964}"
CE0x4a3a6e0 "{CE0x4a3a6e0|sock_has_perm:_tmp2|*LoadInst*|security/selinux/hooks.c,3964}"
CE0x4a584f0 "{CE0x4a584f0|sock_has_perm:_tmp3|security/selinux/hooks.c,3964}"
CE0x4a4b290 "{CE0x4a4b290|sock_has_perm:_sid5|security/selinux/hooks.c,3976}"
CE0x4a4bbe0 "{CE0x4a4bbe0|sock_has_perm:_tmp16|security/selinux/hooks.c,3976}"
CE0x4a4bed0 "{CE0x4a4bed0|sock_has_perm:_tmp16|security/selinux/hooks.c,3976|*SummSink*}"
CONST[source:0(mediator),value:2(dynamic)][purpose:{object}]


CONST[source:2(external),value:2(dynamic)][purpose:{subject}]  ->  CONST[source:1(input),value:2(dynamic)][purpose:{subject}]
-----------
CONST[source:2(external),value:2(dynamic)][purpose:{subject}]
CE0x49ce0b0 "{CE0x49ce0b0|COLLAPSED:_GCMRE_current_task_external_global_%struct.task_struct*:_elem_0:default:}"
CE0x4a624b0 "{CE0x4a624b0|task_sid:_tmp4|*LoadInst*|security/selinux/hooks.c,208}"
CE0x4a44ea0 "{CE0x4a44ea0|cred_sid:_cred|Function::cred_sid&Arg::cred::}"
CE0x49c8f90 "{CE0x49c8f90|cred_sid:_security|security/selinux/hooks.c,196}"
CE0x49c8f20 "{CE0x49c8f20|cred_sid:_tmp4|*LoadInst*|security/selinux/hooks.c,196}"
CE0x49e8620 "{CE0x49e8620|cred_sid:_tmp5|security/selinux/hooks.c,196}"
CE0x4a63990 "{CE0x4a63990|cred_sid:_sid|security/selinux/hooks.c,197}"
CE0x4a6ceb0 "{CE0x4a6ceb0|cred_sid:_tmp6|security/selinux/hooks.c,197}"
CE0x4a45210 "{CE0x4a45210|_ret_i32_%tmp6,_!dbg_!27716|security/selinux/hooks.c,197}"
CE0x4a441a0 "{CE0x4a441a0|task_sid:_call7|security/selinux/hooks.c,208}"
CE0x4a52e50 "{CE0x4a52e50|_ret_i32_%call7,_!dbg_!27749|security/selinux/hooks.c,210}"
CE0x4a54340 "{CE0x4a54340|sock_has_perm:_call|security/selinux/hooks.c,3967}"
CE0x4a544e0 "{CE0x4a544e0|sock_has_perm:_call|security/selinux/hooks.c,3967|*SummSink*}"
CONST[source:1(input),value:2(dynamic)][purpose:{subject}]


