[tomoyo_file_fcntl]

explicit:
CONST[source:2(external),value:2(dynamic)][purpose:{subject}][SrcIdx:20]  ->  CONST[source:0(mediator),value:2(dynamic)][purpose:{subject}][SnkIdx:0]
-----------
CONST[source:2(external),value:2(dynamic)][purpose:{subject}][SrcIdx:20]
CE0x4753780 "{CE0x4753780|128:_i8*,_1208:_%struct.file*,_:_CMRE_128,136_|*MultipleSource*|security/tomoyo/common.h,1205|security/tomoyo/common.h,1205}"
CE0x477ffb0 "{CE0x477ffb0|tomoyo_domain:tmp22|security/tomoyo/common.h,1205}"
CE0x4780900 "{CE0x4780900|tomoyo_domain:tmp23|security/tomoyo/common.h,1205}"
CE0x7225750 "{CE0x7225750|_ret_%struct.tomoyo_domain_info*_%tmp23,_!dbg_!38929|security/tomoyo/common.h,1205}"
CE0x681f110 "{CE0x681f110|tomoyo_init_request_info:call|security/tomoyo/util.c,1005}"
CE0x641cc10 "{CE0x641cc10|tomoyo_init_request_info:domain.addr.0}"
CE0x7f04120 "{CE0x7f04120|0:_%struct.tomoyo_obj_info*,_16:_%struct.tomoyo_domain_info*,_24:_%struct.tomoyo_path_info*,_40:_i8,_72:_i8,_75:_i8,_76:_i8,_77:_i8,_:_SCMRE_16,24_|*MultipleSource*|security/tomoyo/file.c,741|security/tomoyo/file.c, 741|security/tomoyo/file.c,748}"
CONST[source:0(mediator),value:2(dynamic)][purpose:{subject}][SnkIdx:0]


CONST[source:1(input),value:2(dynamic)][purpose:{operation}][SrcIdx:19]  ->  CONST[source:0(mediator),value:0(static)][purpose:{operation}][SnkIdx:3]
-----------
CONST[source:1(input),value:2(dynamic)][purpose:{operation}][SrcIdx:19]
CE0x5470180 "{CE0x5470180|tomoyo_file_fcntl:arg|Function::tomoyo_file_fcntl&Arg::arg::|*SummSource*}"
CE0x492cfc0 "{CE0x492cfc0|tomoyo_file_fcntl:arg|Function::tomoyo_file_fcntl&Arg::arg::}"
CE0x64eb590 "{CE0x64eb590|tomoyo_file_fcntl:and1|security/tomoyo/tomoyo.c,318}"
CE0x64eb520 "{CE0x64eb520|tomoyo_file_fcntl:or|security/tomoyo/tomoyo.c,318}"
CE0x7c6c050 "{CE0x7c6c050|tomoyo_file_fcntl:conv2|security/tomoyo/tomoyo.c,318}"
CE0x66a2470 "{CE0x66a2470|tomoyo_check_open_permission:flag|Function::tomoyo_check_open_permission&Arg::flag::}"
CE0x557e380 "{CE0x557e380|tomoyo_check_open_permission:and18|security/tomoyo/file.c,762}"
CE0x557e160 "{CE0x557e160|tomoyo_check_open_permission:tobool19|security/tomoyo/file.c,762}"
CE0x639e580 "{CE0x639e580|tomoyo_check_open_permission:cond|security/tomoyo/file.c,762}"
CE0x639ea40 "{CE0x639ea40|tomoyo_check_open_permission:conv20|security/tomoyo/file.c,762}"
CE0x487c020 "{CE0x487c020|tomoyo_path_permission:operation|Function::tomoyo_path_permission&Arg::operation::}"
CE0x635a890 "{CE0x635a890|0:_%struct.tomoyo_obj_info*,_16:_%struct.tomoyo_domain_info*,_24:_%struct.tomoyo_path_info*,_40:_i8,_72:_i8,_75:_i8,_76:_i8,_77:_i8,_:_SCMRE_40,41_}"
CONST[source:0(mediator),value:0(static)][purpose:{operation}][SnkIdx:3]


CONST[source:2(external),value:0(static)][purpose:{operation}][SrcIdx:11]  ->  CONST[source:0(mediator),value:0(static)][purpose:{operation}][SnkIdx:3]
-----------
CONST[source:2(external),value:0(static)][purpose:{operation}][SrcIdx:11]
CE0x546d220 "{CE0x546d220|i64_1|*Constant*}"
CE0x64eb520 "{CE0x64eb520|tomoyo_file_fcntl:or|security/tomoyo/tomoyo.c,318}"
CE0x7c6c050 "{CE0x7c6c050|tomoyo_file_fcntl:conv2|security/tomoyo/tomoyo.c,318}"
CE0x66a2470 "{CE0x66a2470|tomoyo_check_open_permission:flag|Function::tomoyo_check_open_permission&Arg::flag::}"
CE0x557e380 "{CE0x557e380|tomoyo_check_open_permission:and18|security/tomoyo/file.c,762}"
CE0x557e160 "{CE0x557e160|tomoyo_check_open_permission:tobool19|security/tomoyo/file.c,762}"
CE0x639e580 "{CE0x639e580|tomoyo_check_open_permission:cond|security/tomoyo/file.c,762}"
CE0x639ea40 "{CE0x639ea40|tomoyo_check_open_permission:conv20|security/tomoyo/file.c,762}"
CE0x487c020 "{CE0x487c020|tomoyo_path_permission:operation|Function::tomoyo_path_permission&Arg::operation::}"
CE0x635a890 "{CE0x635a890|0:_%struct.tomoyo_obj_info*,_16:_%struct.tomoyo_domain_info*,_24:_%struct.tomoyo_path_info*,_40:_i8,_72:_i8,_75:_i8,_76:_i8,_77:_i8,_:_SCMRE_40,41_}"
CONST[source:0(mediator),value:0(static)][purpose:{operation}][SnkIdx:3]



implicit:
CONST[source:1(input),value:2(dynamic)][purpose:{operation}][SrcIdx:19]  ->  CONST[source:0(mediator),value:2(dynamic)][purpose:{subject}][SnkIdx:0]
-----------
CONST[source:1(input),value:2(dynamic)][purpose:{operation}][SrcIdx:19]
CE0x5470180 "{CE0x5470180|tomoyo_file_fcntl:arg|Function::tomoyo_file_fcntl&Arg::arg::|*SummSource*}"
CE0x492cfc0 "{CE0x492cfc0|tomoyo_file_fcntl:arg|Function::tomoyo_file_fcntl&Arg::arg::}"
CE0x5470260 "{CE0x5470260|tomoyo_file_fcntl:xor|security/tomoyo/tomoyo.c,315}"
CE0x65a7010 "{CE0x65a7010|tomoyo_file_fcntl:and|security/tomoyo/tomoyo.c,315}"
CE0x546fd20 "{CE0x546fd20|tomoyo_file_fcntl:tobool|security/tomoyo/tomoyo.c,315}"
CE0x7ed9790 "{CE0x7ed9790|tomoyo_file_fcntl:if.end}"
CE0x5595350 "{CE0x5595350|tomoyo_check_open_permission:entry}"
CE0x62c3470 "{CE0x62c3470|tomoyo_check_open_permission:land.lhs.true}"
CE0x473f690 "{CE0x473f690|tomoyo_init_request_info:entry}"
CE0x62c3190 "{CE0x62c3190|tomoyo_init_request_info:if.end}"
CE0x7f04120 "{CE0x7f04120|0:_%struct.tomoyo_obj_info*,_16:_%struct.tomoyo_domain_info*,_24:_%struct.tomoyo_path_info*,_40:_i8,_72:_i8,_75:_i8,_76:_i8,_77:_i8,_:_SCMRE_16,24_|*MultipleSource*|security/tomoyo/file.c,741|security/tomoyo/file.c, 741|security/tomoyo/file.c,748}"
CONST[source:0(mediator),value:2(dynamic)][purpose:{subject}][SnkIdx:0]


CONST[source:1(input),value:2(dynamic)][purpose:{operation}][SrcIdx:19]  ->  CONST[source:0(mediator),value:0(static)][purpose:{operation}][SnkIdx:3]
-----------
CONST[source:1(input),value:2(dynamic)][purpose:{operation}][SrcIdx:19]
CE0x5470180 "{CE0x5470180|tomoyo_file_fcntl:arg|Function::tomoyo_file_fcntl&Arg::arg::|*SummSource*}"
CE0x492cfc0 "{CE0x492cfc0|tomoyo_file_fcntl:arg|Function::tomoyo_file_fcntl&Arg::arg::}"
CE0x5470260 "{CE0x5470260|tomoyo_file_fcntl:xor|security/tomoyo/tomoyo.c,315}"
CE0x65a7010 "{CE0x65a7010|tomoyo_file_fcntl:and|security/tomoyo/tomoyo.c,315}"
CE0x546fd20 "{CE0x546fd20|tomoyo_file_fcntl:tobool|security/tomoyo/tomoyo.c,315}"
CE0x7ed9790 "{CE0x7ed9790|tomoyo_file_fcntl:if.end}"
CE0x5595350 "{CE0x5595350|tomoyo_check_open_permission:entry}"
CE0x7d7e3f0 "{CE0x7d7e3f0|tomoyo_check_open_permission:if.then17}"
CE0x639ea40 "{CE0x639ea40|tomoyo_check_open_permission:conv20|security/tomoyo/file.c,762}"
CE0x487c020 "{CE0x487c020|tomoyo_path_permission:operation|Function::tomoyo_path_permission&Arg::operation::}"
CE0x635a890 "{CE0x635a890|0:_%struct.tomoyo_obj_info*,_16:_%struct.tomoyo_domain_info*,_24:_%struct.tomoyo_path_info*,_40:_i8,_72:_i8,_75:_i8,_76:_i8,_77:_i8,_:_SCMRE_40,41_}"
CONST[source:0(mediator),value:0(static)][purpose:{operation}][SnkIdx:3]


CONST[source:1(input),value:2(dynamic)][purpose:{operation}][SrcIdx:19]  ->  CONST[source:0(mediator),value:2(dynamic)][purpose:{object}][SnkIdx:1]
-----------
CONST[source:1(input),value:2(dynamic)][purpose:{operation}][SrcIdx:19]
CE0x5470180 "{CE0x5470180|tomoyo_file_fcntl:arg|Function::tomoyo_file_fcntl&Arg::arg::|*SummSource*}"
CE0x492cfc0 "{CE0x492cfc0|tomoyo_file_fcntl:arg|Function::tomoyo_file_fcntl&Arg::arg::}"
CE0x5470260 "{CE0x5470260|tomoyo_file_fcntl:xor|security/tomoyo/tomoyo.c,315}"
CE0x65a7010 "{CE0x65a7010|tomoyo_file_fcntl:and|security/tomoyo/tomoyo.c,315}"
CE0x546fd20 "{CE0x546fd20|tomoyo_file_fcntl:tobool|security/tomoyo/tomoyo.c,315}"
CE0x7ed9790 "{CE0x7ed9790|tomoyo_file_fcntl:if.end}"
CE0x5595350 "{CE0x5595350|tomoyo_check_open_permission:entry}"
CE0x673a690 "{CE0x673a690|tomoyo_check_open_permission:buf|security/tomoyo/file.c, 740}"
CE0x487c8e0 "{CE0x487c8e0|tomoyo_path_permission:filename|Function::tomoyo_path_permission&Arg::filename::}"
CE0x7f2be30 "{CE0x7f2be30|0:_%struct.tomoyo_obj_info*,_16:_%struct.tomoyo_domain_info*,_24:_%struct.tomoyo_path_info*,_40:_i8,_72:_i8,_75:_i8,_76:_i8,_77:_i8,_:_SCMRE_26,27_}"
CONST[source:0(mediator),value:2(dynamic)][purpose:{object}][SnkIdx:1]


CONST[source:1(input),value:2(dynamic)][purpose:{object}][SrcIdx:17]  ->  CONST[source:0(mediator),value:2(dynamic)][purpose:{subject}][SnkIdx:0]
-----------
CONST[source:1(input),value:2(dynamic)][purpose:{object}][SrcIdx:17]
CE0x492ce10 "{CE0x492ce10|128:_i32,_:_SCMRE_128,132_|*MultipleSource*|security/tomoyo/tomoyo.c,315|Function::tomoyo_file_fcntl&Arg::file::}"
CE0x65a6b70 "{CE0x65a6b70|tomoyo_file_fcntl:tmp6|*LoadInst*|security/tomoyo/tomoyo.c,315}"
CE0x546fe80 "{CE0x546fe80|tomoyo_file_fcntl:conv|security/tomoyo/tomoyo.c,315}"
CE0x5470260 "{CE0x5470260|tomoyo_file_fcntl:xor|security/tomoyo/tomoyo.c,315}"
CE0x65a7010 "{CE0x65a7010|tomoyo_file_fcntl:and|security/tomoyo/tomoyo.c,315}"
CE0x546fd20 "{CE0x546fd20|tomoyo_file_fcntl:tobool|security/tomoyo/tomoyo.c,315}"
CE0x7ed9790 "{CE0x7ed9790|tomoyo_file_fcntl:if.end}"
CE0x5595350 "{CE0x5595350|tomoyo_check_open_permission:entry}"
CE0x62c3470 "{CE0x62c3470|tomoyo_check_open_permission:land.lhs.true}"
CE0x473f690 "{CE0x473f690|tomoyo_init_request_info:entry}"
CE0x62c3190 "{CE0x62c3190|tomoyo_init_request_info:if.end}"
CE0x7f04120 "{CE0x7f04120|0:_%struct.tomoyo_obj_info*,_16:_%struct.tomoyo_domain_info*,_24:_%struct.tomoyo_path_info*,_40:_i8,_72:_i8,_75:_i8,_76:_i8,_77:_i8,_:_SCMRE_16,24_|*MultipleSource*|security/tomoyo/file.c,741|security/tomoyo/file.c, 741|security/tomoyo/file.c,748}"
CONST[source:0(mediator),value:2(dynamic)][purpose:{subject}][SnkIdx:0]


CONST[source:1(input),value:2(dynamic)][purpose:{object}][SrcIdx:17]  ->  CONST[source:0(mediator),value:0(static)][purpose:{operation}][SnkIdx:3]
-----------
CONST[source:1(input),value:2(dynamic)][purpose:{object}][SrcIdx:17]
CE0x492ce10 "{CE0x492ce10|128:_i32,_:_SCMRE_128,132_|*MultipleSource*|security/tomoyo/tomoyo.c,315|Function::tomoyo_file_fcntl&Arg::file::}"
CE0x65a6b70 "{CE0x65a6b70|tomoyo_file_fcntl:tmp6|*LoadInst*|security/tomoyo/tomoyo.c,315}"
CE0x546fe80 "{CE0x546fe80|tomoyo_file_fcntl:conv|security/tomoyo/tomoyo.c,315}"
CE0x5470260 "{CE0x5470260|tomoyo_file_fcntl:xor|security/tomoyo/tomoyo.c,315}"
CE0x65a7010 "{CE0x65a7010|tomoyo_file_fcntl:and|security/tomoyo/tomoyo.c,315}"
CE0x546fd20 "{CE0x546fd20|tomoyo_file_fcntl:tobool|security/tomoyo/tomoyo.c,315}"
CE0x7ed9790 "{CE0x7ed9790|tomoyo_file_fcntl:if.end}"
CE0x5595350 "{CE0x5595350|tomoyo_check_open_permission:entry}"
CE0x7d7e3f0 "{CE0x7d7e3f0|tomoyo_check_open_permission:if.then17}"
CE0x639ea40 "{CE0x639ea40|tomoyo_check_open_permission:conv20|security/tomoyo/file.c,762}"
CE0x487c020 "{CE0x487c020|tomoyo_path_permission:operation|Function::tomoyo_path_permission&Arg::operation::}"
CE0x635a890 "{CE0x635a890|0:_%struct.tomoyo_obj_info*,_16:_%struct.tomoyo_domain_info*,_24:_%struct.tomoyo_path_info*,_40:_i8,_72:_i8,_75:_i8,_76:_i8,_77:_i8,_:_SCMRE_40,41_}"
CONST[source:0(mediator),value:0(static)][purpose:{operation}][SnkIdx:3]


CONST[source:1(input),value:2(dynamic)][purpose:{object}][SrcIdx:17]  ->  CONST[source:0(mediator),value:2(dynamic)][purpose:{object}][SnkIdx:1]
-----------
CONST[source:1(input),value:2(dynamic)][purpose:{object}][SrcIdx:17]
CE0x492ce10 "{CE0x492ce10|128:_i32,_:_SCMRE_128,132_|*MultipleSource*|security/tomoyo/tomoyo.c,315|Function::tomoyo_file_fcntl&Arg::file::}"
CE0x65a6b70 "{CE0x65a6b70|tomoyo_file_fcntl:tmp6|*LoadInst*|security/tomoyo/tomoyo.c,315}"
CE0x546fe80 "{CE0x546fe80|tomoyo_file_fcntl:conv|security/tomoyo/tomoyo.c,315}"
CE0x5470260 "{CE0x5470260|tomoyo_file_fcntl:xor|security/tomoyo/tomoyo.c,315}"
CE0x65a7010 "{CE0x65a7010|tomoyo_file_fcntl:and|security/tomoyo/tomoyo.c,315}"
CE0x546fd20 "{CE0x546fd20|tomoyo_file_fcntl:tobool|security/tomoyo/tomoyo.c,315}"
CE0x7ed9790 "{CE0x7ed9790|tomoyo_file_fcntl:if.end}"
CE0x5595350 "{CE0x5595350|tomoyo_check_open_permission:entry}"
CE0x673a690 "{CE0x673a690|tomoyo_check_open_permission:buf|security/tomoyo/file.c, 740}"
CE0x487c8e0 "{CE0x487c8e0|tomoyo_path_permission:filename|Function::tomoyo_path_permission&Arg::filename::}"
CE0x7f2be30 "{CE0x7f2be30|0:_%struct.tomoyo_obj_info*,_16:_%struct.tomoyo_domain_info*,_24:_%struct.tomoyo_path_info*,_40:_i8,_72:_i8,_75:_i8,_76:_i8,_77:_i8,_:_SCMRE_26,27_}"
CONST[source:0(mediator),value:2(dynamic)][purpose:{object}][SnkIdx:1]


CONST[source:2(external),value:0(static)][purpose:{operation}][SrcIdx:2]  ->  CONST[source:0(mediator),value:2(dynamic)][purpose:{subject}][SnkIdx:0]
-----------
CONST[source:2(external),value:0(static)][purpose:{operation}][SrcIdx:2]
CE0x7f41460 "{CE0x7f41460|i32_4|*Constant*}"
CE0x473feb0 "{CE0x473feb0|tomoyo_file_fcntl:cmp|security/tomoyo/tomoyo.c,315}"
CE0x7ed9790 "{CE0x7ed9790|tomoyo_file_fcntl:if.end}"
CE0x5595350 "{CE0x5595350|tomoyo_check_open_permission:entry}"
CE0x62c3470 "{CE0x62c3470|tomoyo_check_open_permission:land.lhs.true}"
CE0x473f690 "{CE0x473f690|tomoyo_init_request_info:entry}"
CE0x62c3190 "{CE0x62c3190|tomoyo_init_request_info:if.end}"
CE0x7f04120 "{CE0x7f04120|0:_%struct.tomoyo_obj_info*,_16:_%struct.tomoyo_domain_info*,_24:_%struct.tomoyo_path_info*,_40:_i8,_72:_i8,_75:_i8,_76:_i8,_77:_i8,_:_SCMRE_16,24_|*MultipleSource*|security/tomoyo/file.c,741|security/tomoyo/file.c, 741|security/tomoyo/file.c,748}"
CONST[source:0(mediator),value:2(dynamic)][purpose:{subject}][SnkIdx:0]


CONST[source:2(external),value:0(static)][purpose:{operation}][SrcIdx:2]  ->  CONST[source:0(mediator),value:0(static)][purpose:{operation}][SnkIdx:3]
-----------
CONST[source:2(external),value:0(static)][purpose:{operation}][SrcIdx:2]
CE0x7f41460 "{CE0x7f41460|i32_4|*Constant*}"
CE0x473feb0 "{CE0x473feb0|tomoyo_file_fcntl:cmp|security/tomoyo/tomoyo.c,315}"
CE0x7ed9790 "{CE0x7ed9790|tomoyo_file_fcntl:if.end}"
CE0x5595350 "{CE0x5595350|tomoyo_check_open_permission:entry}"
CE0x7d7e3f0 "{CE0x7d7e3f0|tomoyo_check_open_permission:if.then17}"
CE0x639ea40 "{CE0x639ea40|tomoyo_check_open_permission:conv20|security/tomoyo/file.c,762}"
CE0x487c020 "{CE0x487c020|tomoyo_path_permission:operation|Function::tomoyo_path_permission&Arg::operation::}"
CE0x635a890 "{CE0x635a890|0:_%struct.tomoyo_obj_info*,_16:_%struct.tomoyo_domain_info*,_24:_%struct.tomoyo_path_info*,_40:_i8,_72:_i8,_75:_i8,_76:_i8,_77:_i8,_:_SCMRE_40,41_}"
CONST[source:0(mediator),value:0(static)][purpose:{operation}][SnkIdx:3]


CONST[source:2(external),value:0(static)][purpose:{operation}][SrcIdx:2]  ->  CONST[source:0(mediator),value:2(dynamic)][purpose:{object}][SnkIdx:1]
-----------
CONST[source:2(external),value:0(static)][purpose:{operation}][SrcIdx:2]
CE0x7f41460 "{CE0x7f41460|i32_4|*Constant*}"
CE0x473feb0 "{CE0x473feb0|tomoyo_file_fcntl:cmp|security/tomoyo/tomoyo.c,315}"
CE0x7ed9790 "{CE0x7ed9790|tomoyo_file_fcntl:if.end}"
CE0x5595350 "{CE0x5595350|tomoyo_check_open_permission:entry}"
CE0x673a690 "{CE0x673a690|tomoyo_check_open_permission:buf|security/tomoyo/file.c, 740}"
CE0x487c8e0 "{CE0x487c8e0|tomoyo_path_permission:filename|Function::tomoyo_path_permission&Arg::filename::}"
CE0x7f2be30 "{CE0x7f2be30|0:_%struct.tomoyo_obj_info*,_16:_%struct.tomoyo_domain_info*,_24:_%struct.tomoyo_path_info*,_40:_i8,_72:_i8,_75:_i8,_76:_i8,_77:_i8,_:_SCMRE_26,27_}"
CONST[source:0(mediator),value:2(dynamic)][purpose:{object}][SnkIdx:1]


CONST[source:2(external),value:2(dynamic)][purpose:{subject}][SrcIdx:20]  ->  CONST[source:0(mediator),value:2(dynamic)][purpose:{subject}][SnkIdx:0]
-----------
CONST[source:2(external),value:2(dynamic)][purpose:{subject}][SrcIdx:20]
CE0x4753780 "{CE0x4753780|128:_i8*,_1208:_%struct.file*,_:_CMRE_128,136_|*MultipleSource*|security/tomoyo/common.h,1205|security/tomoyo/common.h,1205}"
CE0x477ffb0 "{CE0x477ffb0|tomoyo_domain:tmp22|security/tomoyo/common.h,1205}"
CE0x4780900 "{CE0x4780900|tomoyo_domain:tmp23|security/tomoyo/common.h,1205}"
CE0x7225750 "{CE0x7225750|_ret_%struct.tomoyo_domain_info*_%tmp23,_!dbg_!38929|security/tomoyo/common.h,1205}"
CE0x681f110 "{CE0x681f110|tomoyo_init_request_info:call|security/tomoyo/util.c,1005}"
CE0x641cc10 "{CE0x641cc10|tomoyo_init_request_info:domain.addr.0}"
CE0x7f04120 "{CE0x7f04120|0:_%struct.tomoyo_obj_info*,_16:_%struct.tomoyo_domain_info*,_24:_%struct.tomoyo_path_info*,_40:_i8,_72:_i8,_75:_i8,_76:_i8,_77:_i8,_:_SCMRE_16,24_|*MultipleSource*|security/tomoyo/file.c,741|security/tomoyo/file.c, 741|security/tomoyo/file.c,748}"
CONST[source:0(mediator),value:2(dynamic)][purpose:{subject}][SnkIdx:0]


CONST[source:2(external),value:2(dynamic)][purpose:{subject}][SrcIdx:20]  ->  CONST[source:0(mediator),value:0(static)][purpose:{operation}][SnkIdx:3]
-----------
CONST[source:2(external),value:2(dynamic)][purpose:{subject}][SrcIdx:20]
CE0x4753780 "{CE0x4753780|128:_i8*,_1208:_%struct.file*,_:_CMRE_128,136_|*MultipleSource*|security/tomoyo/common.h,1205|security/tomoyo/common.h,1205}"
CE0x477ffb0 "{CE0x477ffb0|tomoyo_domain:tmp22|security/tomoyo/common.h,1205}"
CE0x4780900 "{CE0x4780900|tomoyo_domain:tmp23|security/tomoyo/common.h,1205}"
CE0x7225750 "{CE0x7225750|_ret_%struct.tomoyo_domain_info*_%tmp23,_!dbg_!38929|security/tomoyo/common.h,1205}"
CE0x681f110 "{CE0x681f110|tomoyo_init_request_info:call|security/tomoyo/util.c,1005}"
CE0x641cc10 "{CE0x641cc10|tomoyo_init_request_info:domain.addr.0}"
CE0x7f04120 "{CE0x7f04120|0:_%struct.tomoyo_obj_info*,_16:_%struct.tomoyo_domain_info*,_24:_%struct.tomoyo_path_info*,_40:_i8,_72:_i8,_75:_i8,_76:_i8,_77:_i8,_:_SCMRE_16,24_|*MultipleSource*|security/tomoyo/file.c,741|security/tomoyo/file.c, 741|security/tomoyo/file.c,748}"
CE0x7cd8780 "{CE0x7cd8780|tomoyo_audit_path_log:call|security/tomoyo/file.c,167}"
CE0x5461000 "{CE0x5461000|_ret_i32_%call,_!dbg_!38912|security/tomoyo/file.c,167}"
CE0x54604b0 "{CE0x54604b0|tomoyo_path_permission:call9|security/tomoyo/file.c,572}"
CE0x5498c40 "{CE0x5498c40|tomoyo_path_permission:retval.0}"
CE0x48a1d90 "{CE0x48a1d90|_ret_i32_%retval.0,_!dbg_!38942|security/tomoyo/file.c,575}"
CE0x495ec20 "{CE0x495ec20|tomoyo_check_open_permission:call10|security/tomoyo/file.c,759}"
CE0x48a2230 "{CE0x48a2230|tomoyo_check_open_permission:error.0}"
CE0x48db470 "{CE0x48db470|tomoyo_check_open_permission:tobool12|security/tomoyo/file.c,761}"
CE0x7d7e3f0 "{CE0x7d7e3f0|tomoyo_check_open_permission:if.then17}"
CE0x639ea40 "{CE0x639ea40|tomoyo_check_open_permission:conv20|security/tomoyo/file.c,762}"
CE0x487c020 "{CE0x487c020|tomoyo_path_permission:operation|Function::tomoyo_path_permission&Arg::operation::}"
CE0x635a890 "{CE0x635a890|0:_%struct.tomoyo_obj_info*,_16:_%struct.tomoyo_domain_info*,_24:_%struct.tomoyo_path_info*,_40:_i8,_72:_i8,_75:_i8,_76:_i8,_77:_i8,_:_SCMRE_40,41_}"
CONST[source:0(mediator),value:0(static)][purpose:{operation}][SnkIdx:3]


CONST[source:2(external),value:2(dynamic)][purpose:{subject}][SrcIdx:20]  ->  CONST[source:0(mediator),value:2(dynamic)][purpose:{object}][SnkIdx:1]
-----------
CONST[source:2(external),value:2(dynamic)][purpose:{subject}][SrcIdx:20]
CE0x4753780 "{CE0x4753780|128:_i8*,_1208:_%struct.file*,_:_CMRE_128,136_|*MultipleSource*|security/tomoyo/common.h,1205|security/tomoyo/common.h,1205}"
CE0x477ffb0 "{CE0x477ffb0|tomoyo_domain:tmp22|security/tomoyo/common.h,1205}"
CE0x4780900 "{CE0x4780900|tomoyo_domain:tmp23|security/tomoyo/common.h,1205}"
CE0x7225750 "{CE0x7225750|_ret_%struct.tomoyo_domain_info*_%tmp23,_!dbg_!38929|security/tomoyo/common.h,1205}"
CE0x681f110 "{CE0x681f110|tomoyo_init_request_info:call|security/tomoyo/util.c,1005}"
CE0x641cc10 "{CE0x641cc10|tomoyo_init_request_info:domain.addr.0}"
CE0x7f04120 "{CE0x7f04120|0:_%struct.tomoyo_obj_info*,_16:_%struct.tomoyo_domain_info*,_24:_%struct.tomoyo_path_info*,_40:_i8,_72:_i8,_75:_i8,_76:_i8,_77:_i8,_:_SCMRE_16,24_|*MultipleSource*|security/tomoyo/file.c,741|security/tomoyo/file.c, 741|security/tomoyo/file.c,748}"
CE0x7cd8780 "{CE0x7cd8780|tomoyo_audit_path_log:call|security/tomoyo/file.c,167}"
CE0x5461000 "{CE0x5461000|_ret_i32_%call,_!dbg_!38912|security/tomoyo/file.c,167}"
CE0x54604b0 "{CE0x54604b0|tomoyo_path_permission:call9|security/tomoyo/file.c,572}"
CE0x5498c40 "{CE0x5498c40|tomoyo_path_permission:retval.0}"
CE0x48a1d90 "{CE0x48a1d90|_ret_i32_%retval.0,_!dbg_!38942|security/tomoyo/file.c,575}"
CE0x495ec20 "{CE0x495ec20|tomoyo_check_open_permission:call10|security/tomoyo/file.c,759}"
CE0x48a2230 "{CE0x48a2230|tomoyo_check_open_permission:error.0}"
CE0x48db470 "{CE0x48db470|tomoyo_check_open_permission:tobool12|security/tomoyo/file.c,761}"
CE0x7d7e3f0 "{CE0x7d7e3f0|tomoyo_check_open_permission:if.then17}"
CE0x487bd00 "{CE0x487bd00|tomoyo_path_permission:entry}"
CE0x631a370 "{CE0x631a370|tomoyo_path_permission:if.end}"
CE0x7f2be30 "{CE0x7f2be30|0:_%struct.tomoyo_obj_info*,_16:_%struct.tomoyo_domain_info*,_24:_%struct.tomoyo_path_info*,_40:_i8,_72:_i8,_75:_i8,_76:_i8,_77:_i8,_:_SCMRE_26,27_}"
CONST[source:0(mediator),value:2(dynamic)][purpose:{object}][SnkIdx:1]


CONST[source:1(input),value:2(dynamic)][purpose:{operation}][SrcIdx:18]  ->  CONST[source:0(mediator),value:2(dynamic)][purpose:{subject}][SnkIdx:0]
-----------
CONST[source:1(input),value:2(dynamic)][purpose:{operation}][SrcIdx:18]
CE0x7f414d0 "{CE0x7f414d0|tomoyo_file_fcntl:cmd|Function::tomoyo_file_fcntl&Arg::cmd::|*SummSource*}"
CE0x7f32ac0 "{CE0x7f32ac0|tomoyo_file_fcntl:cmd|Function::tomoyo_file_fcntl&Arg::cmd::}"
CE0x473feb0 "{CE0x473feb0|tomoyo_file_fcntl:cmp|security/tomoyo/tomoyo.c,315}"
CE0x7ed9790 "{CE0x7ed9790|tomoyo_file_fcntl:if.end}"
CE0x5595350 "{CE0x5595350|tomoyo_check_open_permission:entry}"
CE0x62c3470 "{CE0x62c3470|tomoyo_check_open_permission:land.lhs.true}"
CE0x473f690 "{CE0x473f690|tomoyo_init_request_info:entry}"
CE0x62c3190 "{CE0x62c3190|tomoyo_init_request_info:if.end}"
CE0x7f04120 "{CE0x7f04120|0:_%struct.tomoyo_obj_info*,_16:_%struct.tomoyo_domain_info*,_24:_%struct.tomoyo_path_info*,_40:_i8,_72:_i8,_75:_i8,_76:_i8,_77:_i8,_:_SCMRE_16,24_|*MultipleSource*|security/tomoyo/file.c,741|security/tomoyo/file.c, 741|security/tomoyo/file.c,748}"
CONST[source:0(mediator),value:2(dynamic)][purpose:{subject}][SnkIdx:0]


CONST[source:1(input),value:2(dynamic)][purpose:{operation}][SrcIdx:18]  ->  CONST[source:0(mediator),value:0(static)][purpose:{operation}][SnkIdx:3]
-----------
CONST[source:1(input),value:2(dynamic)][purpose:{operation}][SrcIdx:18]
CE0x7f414d0 "{CE0x7f414d0|tomoyo_file_fcntl:cmd|Function::tomoyo_file_fcntl&Arg::cmd::|*SummSource*}"
CE0x7f32ac0 "{CE0x7f32ac0|tomoyo_file_fcntl:cmd|Function::tomoyo_file_fcntl&Arg::cmd::}"
CE0x473feb0 "{CE0x473feb0|tomoyo_file_fcntl:cmp|security/tomoyo/tomoyo.c,315}"
CE0x7ed9790 "{CE0x7ed9790|tomoyo_file_fcntl:if.end}"
CE0x5595350 "{CE0x5595350|tomoyo_check_open_permission:entry}"
CE0x7d7e3f0 "{CE0x7d7e3f0|tomoyo_check_open_permission:if.then17}"
CE0x639ea40 "{CE0x639ea40|tomoyo_check_open_permission:conv20|security/tomoyo/file.c,762}"
CE0x487c020 "{CE0x487c020|tomoyo_path_permission:operation|Function::tomoyo_path_permission&Arg::operation::}"
CE0x635a890 "{CE0x635a890|0:_%struct.tomoyo_obj_info*,_16:_%struct.tomoyo_domain_info*,_24:_%struct.tomoyo_path_info*,_40:_i8,_72:_i8,_75:_i8,_76:_i8,_77:_i8,_:_SCMRE_40,41_}"
CONST[source:0(mediator),value:0(static)][purpose:{operation}][SnkIdx:3]


CONST[source:1(input),value:2(dynamic)][purpose:{operation}][SrcIdx:18]  ->  CONST[source:0(mediator),value:2(dynamic)][purpose:{object}][SnkIdx:1]
-----------
CONST[source:1(input),value:2(dynamic)][purpose:{operation}][SrcIdx:18]
CE0x7f414d0 "{CE0x7f414d0|tomoyo_file_fcntl:cmd|Function::tomoyo_file_fcntl&Arg::cmd::|*SummSource*}"
CE0x7f32ac0 "{CE0x7f32ac0|tomoyo_file_fcntl:cmd|Function::tomoyo_file_fcntl&Arg::cmd::}"
CE0x473feb0 "{CE0x473feb0|tomoyo_file_fcntl:cmp|security/tomoyo/tomoyo.c,315}"
CE0x7ed9790 "{CE0x7ed9790|tomoyo_file_fcntl:if.end}"
CE0x5595350 "{CE0x5595350|tomoyo_check_open_permission:entry}"
CE0x673a690 "{CE0x673a690|tomoyo_check_open_permission:buf|security/tomoyo/file.c, 740}"
CE0x487c8e0 "{CE0x487c8e0|tomoyo_path_permission:filename|Function::tomoyo_path_permission&Arg::filename::}"
CE0x7f2be30 "{CE0x7f2be30|0:_%struct.tomoyo_obj_info*,_16:_%struct.tomoyo_domain_info*,_24:_%struct.tomoyo_path_info*,_40:_i8,_72:_i8,_75:_i8,_76:_i8,_77:_i8,_:_SCMRE_26,27_}"
CONST[source:0(mediator),value:2(dynamic)][purpose:{object}][SnkIdx:1]


CONST[source:2(external),value:0(static)][purpose:{operation}][SrcIdx:11]  ->  CONST[source:0(mediator),value:2(dynamic)][purpose:{subject}][SnkIdx:0]
-----------
CONST[source:2(external),value:0(static)][purpose:{operation}][SrcIdx:11]
CE0x546d220 "{CE0x546d220|i64_1|*Constant*}"
CE0x64eb520 "{CE0x64eb520|tomoyo_file_fcntl:or|security/tomoyo/tomoyo.c,318}"
CE0x7c6c050 "{CE0x7c6c050|tomoyo_file_fcntl:conv2|security/tomoyo/tomoyo.c,318}"
CE0x66a2470 "{CE0x66a2470|tomoyo_check_open_permission:flag|Function::tomoyo_check_open_permission&Arg::flag::}"
CE0x7f2f830 "{CE0x7f2f830|tomoyo_check_open_permission:and|security/tomoyo/file.c,738}"
CE0x63e45e0 "{CE0x63e45e0|tomoyo_check_open_permission:idxprom|security/tomoyo/file.c,738}"
CE0x7cf36e0 "{CE0x7cf36e0|tomoyo_check_open_permission:arrayidx|security/tomoyo/file.c,738}"
CE0x6673990 "{CE0x6673990|tomoyo_check_open_permission:tmp2|security/tomoyo/file.c,738}"
CE0x46ca130 "{CE0x46ca130|tomoyo_check_open_permission:conv|security/tomoyo/file.c,750}"
CE0x46c9dc0 "{CE0x46c9dc0|tomoyo_check_open_permission:tobool|security/tomoyo/file.c,750}"
CE0x62c3470 "{CE0x62c3470|tomoyo_check_open_permission:land.lhs.true}"
CE0x473f690 "{CE0x473f690|tomoyo_init_request_info:entry}"
CE0x62c3190 "{CE0x62c3190|tomoyo_init_request_info:if.end}"
CE0x7f04120 "{CE0x7f04120|0:_%struct.tomoyo_obj_info*,_16:_%struct.tomoyo_domain_info*,_24:_%struct.tomoyo_path_info*,_40:_i8,_72:_i8,_75:_i8,_76:_i8,_77:_i8,_:_SCMRE_16,24_|*MultipleSource*|security/tomoyo/file.c,741|security/tomoyo/file.c, 741|security/tomoyo/file.c,748}"
CONST[source:0(mediator),value:2(dynamic)][purpose:{subject}][SnkIdx:0]


CONST[source:2(external),value:0(static)][purpose:{operation}][SrcIdx:11]  ->  CONST[source:0(mediator),value:0(static)][purpose:{operation}][SnkIdx:3]
-----------
CONST[source:2(external),value:0(static)][purpose:{operation}][SrcIdx:11]
CE0x546d220 "{CE0x546d220|i64_1|*Constant*}"
CE0x64eb520 "{CE0x64eb520|tomoyo_file_fcntl:or|security/tomoyo/tomoyo.c,318}"
CE0x7c6c050 "{CE0x7c6c050|tomoyo_file_fcntl:conv2|security/tomoyo/tomoyo.c,318}"
CE0x66a2470 "{CE0x66a2470|tomoyo_check_open_permission:flag|Function::tomoyo_check_open_permission&Arg::flag::}"
CE0x557e380 "{CE0x557e380|tomoyo_check_open_permission:and18|security/tomoyo/file.c,762}"
CE0x557e160 "{CE0x557e160|tomoyo_check_open_permission:tobool19|security/tomoyo/file.c,762}"
CE0x639e580 "{CE0x639e580|tomoyo_check_open_permission:cond|security/tomoyo/file.c,762}"
CE0x639ea40 "{CE0x639ea40|tomoyo_check_open_permission:conv20|security/tomoyo/file.c,762}"
CE0x487c020 "{CE0x487c020|tomoyo_path_permission:operation|Function::tomoyo_path_permission&Arg::operation::}"
CE0x635a890 "{CE0x635a890|0:_%struct.tomoyo_obj_info*,_16:_%struct.tomoyo_domain_info*,_24:_%struct.tomoyo_path_info*,_40:_i8,_72:_i8,_75:_i8,_76:_i8,_77:_i8,_:_SCMRE_40,41_}"
CONST[source:0(mediator),value:0(static)][purpose:{operation}][SnkIdx:3]


CONST[source:2(external),value:0(static)][purpose:{operation}][SrcIdx:11]  ->  CONST[source:0(mediator),value:2(dynamic)][purpose:{object}][SnkIdx:1]
-----------
CONST[source:2(external),value:0(static)][purpose:{operation}][SrcIdx:11]
CE0x546d220 "{CE0x546d220|i64_1|*Constant*}"
CE0x64eb520 "{CE0x64eb520|tomoyo_file_fcntl:or|security/tomoyo/tomoyo.c,318}"
CE0x7c6c050 "{CE0x7c6c050|tomoyo_file_fcntl:conv2|security/tomoyo/tomoyo.c,318}"
CE0x66a2470 "{CE0x66a2470|tomoyo_check_open_permission:flag|Function::tomoyo_check_open_permission&Arg::flag::}"
CE0x7f2f830 "{CE0x7f2f830|tomoyo_check_open_permission:and|security/tomoyo/file.c,738}"
CE0x63e45e0 "{CE0x63e45e0|tomoyo_check_open_permission:idxprom|security/tomoyo/file.c,738}"
CE0x7cf36e0 "{CE0x7cf36e0|tomoyo_check_open_permission:arrayidx|security/tomoyo/file.c,738}"
CE0x6673990 "{CE0x6673990|tomoyo_check_open_permission:tmp2|security/tomoyo/file.c,738}"
CE0x46ca130 "{CE0x46ca130|tomoyo_check_open_permission:conv|security/tomoyo/file.c,750}"
CE0x46c9dc0 "{CE0x46c9dc0|tomoyo_check_open_permission:tobool|security/tomoyo/file.c,750}"
CE0x62d3350 "{CE0x62d3350|tomoyo_check_open_permission:if.then9}"
CE0x487bd00 "{CE0x487bd00|tomoyo_path_permission:entry}"
CE0x631a370 "{CE0x631a370|tomoyo_path_permission:if.end}"
CE0x7f2be30 "{CE0x7f2be30|0:_%struct.tomoyo_obj_info*,_16:_%struct.tomoyo_domain_info*,_24:_%struct.tomoyo_path_info*,_40:_i8,_72:_i8,_75:_i8,_76:_i8,_77:_i8,_:_SCMRE_26,27_}"
CONST[source:0(mediator),value:2(dynamic)][purpose:{object}][SnkIdx:1]


