[apparmor_path_rename]

explicit:
CONST[source:2(external),value:2(dynamic)][purpose:{subject}][SrcIdx:10]  ->  CONST[source:0(mediator),value:2(dynamic)][purpose:{subject}][SnkIdx:1]
-----------
CONST[source:2(external),value:2(dynamic)][purpose:{subject}][SrcIdx:10]
CE0x49fa7a0 "{CE0x49fa7a0|44:_i32,_48:_i16,_128:_i8*,_:_SCMRE_128,136_|*MultipleSource*|security/apparmor/include/context.h,151|security/apparmor/include/context.h,151}"
CE0x4a41740 "{CE0x4a41740|aa_current_profile:tmp77|security/apparmor/include/context.h,159}"
CE0x4a41ea0 "{CE0x4a41ea0|aa_current_profile:tmp78|security/apparmor/include/context.h,159}"
CE0x4a438b0 "{CE0x4a438b0|aa_current_profile:cxt.0}"
CE0x4a42970 "{CE0x4a42970|aa_current_profile:profile42|security/apparmor/include/context.h,162}"
CE0x4a42cf0 "{CE0x4a42cf0|aa_current_profile:tmp81|security/apparmor/include/context.h,162}"
CE0x494e5b0 "{CE0x494e5b0|_ret_%struct.aa_profile*_%tmp81,_!dbg_!15575|security/apparmor/include/context.h,162}"
CE0x494b5f0 "{CE0x494b5f0|apparmor_path_rename:call1|security/apparmor/lsm.c,326}"
CE0x4972130 "{CE0x4972130|apparmor_path_rename:call1|security/apparmor/lsm.c,326|*SummSink*}"
CONST[source:0(mediator),value:2(dynamic)][purpose:{subject}][SnkIdx:1]


CONST[source:2(external),value:2(dynamic)][purpose:{subject}][SrcIdx:10]  ->  CONST[source:0(mediator),value:2(dynamic)][purpose:{subject}][SnkIdx:6]
-----------
CONST[source:2(external),value:2(dynamic)][purpose:{subject}][SrcIdx:10]
CE0x49fa7a0 "{CE0x49fa7a0|44:_i32,_48:_i16,_128:_i8*,_:_SCMRE_128,136_|*MultipleSource*|security/apparmor/include/context.h,151|security/apparmor/include/context.h,151}"
CE0x4a41740 "{CE0x4a41740|aa_current_profile:tmp77|security/apparmor/include/context.h,159}"
CE0x4a41ea0 "{CE0x4a41ea0|aa_current_profile:tmp78|security/apparmor/include/context.h,159}"
CE0x4a438b0 "{CE0x4a438b0|aa_current_profile:cxt.0}"
CE0x4a42970 "{CE0x4a42970|aa_current_profile:profile42|security/apparmor/include/context.h,162}"
CE0x4a42cf0 "{CE0x4a42cf0|aa_current_profile:tmp81|security/apparmor/include/context.h,162}"
CE0x494e5b0 "{CE0x494e5b0|_ret_%struct.aa_profile*_%tmp81,_!dbg_!15575|security/apparmor/include/context.h,162}"
CE0x494b5f0 "{CE0x494b5f0|apparmor_path_rename:call1|security/apparmor/lsm.c,326}"
CE0x4972130 "{CE0x4972130|apparmor_path_rename:call1|security/apparmor/lsm.c,326|*SummSink*}"
CONST[source:0(mediator),value:2(dynamic)][purpose:{subject}][SnkIdx:6]


CONST[source:1(input),value:2(dynamic)][purpose:{object}][SrcIdx:7]  ->  CONST[source:0(mediator),value:2(dynamic)][purpose:{object}][SnkIdx:7]
-----------
CONST[source:1(input),value:2(dynamic)][purpose:{object}][SrcIdx:7]
CE0x49b0760 "{CE0x49b0760|0:_%struct.vfsmount*,_:_CRE_0,8_|*MultipleSource*|Function::apparmor_path_rename&Arg::new_dir::|security/apparmor/lsm.c,329}"
CE0x49affd0 "{CE0x49affd0|apparmor_path_rename:tmp15|*LoadInst*|security/apparmor/lsm.c,329}"
CE0x49713b0 "{CE0x49713b0|0:_%struct.vfsmount*,_8:_%struct.dentry*,_:_SCMRE_0,8_|*MultipleSource*|security/apparmor/lsm.c, 329|security/apparmor/lsm.c, 328|security/apparmor/lsm.c,328}"
CONST[source:0(mediator),value:2(dynamic)][purpose:{object}][SnkIdx:7]


CONST[source:1(input),value:2(dynamic)][purpose:{object}][SrcIdx:7]  ->  CONST[source:0(mediator),value:2(dynamic)][purpose:{object}][SnkIdx:2]
-----------
CONST[source:1(input),value:2(dynamic)][purpose:{object}][SrcIdx:7]
CE0x49b0760 "{CE0x49b0760|0:_%struct.vfsmount*,_:_CRE_0,8_|*MultipleSource*|Function::apparmor_path_rename&Arg::new_dir::|security/apparmor/lsm.c,329}"
CE0x49affd0 "{CE0x49affd0|apparmor_path_rename:tmp15|*LoadInst*|security/apparmor/lsm.c,329}"
CE0x49713b0 "{CE0x49713b0|0:_%struct.vfsmount*,_8:_%struct.dentry*,_:_SCMRE_0,8_|*MultipleSource*|security/apparmor/lsm.c, 329|security/apparmor/lsm.c, 328|security/apparmor/lsm.c,328}"
CONST[source:0(mediator),value:2(dynamic)][purpose:{object}][SnkIdx:2]


CONST[source:1(input),value:2(dynamic)][purpose:{object}][SrcIdx:5]  ->  CONST[source:0(mediator),value:2(dynamic)][purpose:{object}][SnkIdx:7]
-----------
CONST[source:1(input),value:2(dynamic)][purpose:{object}][SrcIdx:5]
CE0x49827a0 "{CE0x49827a0|0:_%struct.vfsmount*,_:_CRE_0,8_|*MultipleSource*|Function::apparmor_path_rename&Arg::old_dir::|security/apparmor/lsm.c,328}"
CE0x4982000 "{CE0x4982000|apparmor_path_rename:tmp14|*LoadInst*|security/apparmor/lsm.c,328}"
CE0x49713b0 "{CE0x49713b0|0:_%struct.vfsmount*,_8:_%struct.dentry*,_:_SCMRE_0,8_|*MultipleSource*|security/apparmor/lsm.c, 329|security/apparmor/lsm.c, 328|security/apparmor/lsm.c,328}"
CONST[source:0(mediator),value:2(dynamic)][purpose:{object}][SnkIdx:7]


CONST[source:1(input),value:2(dynamic)][purpose:{object}][SrcIdx:5]  ->  CONST[source:0(mediator),value:2(dynamic)][purpose:{object}][SnkIdx:2]
-----------
CONST[source:1(input),value:2(dynamic)][purpose:{object}][SrcIdx:5]
CE0x49827a0 "{CE0x49827a0|0:_%struct.vfsmount*,_:_CRE_0,8_|*MultipleSource*|Function::apparmor_path_rename&Arg::old_dir::|security/apparmor/lsm.c,328}"
CE0x4982000 "{CE0x4982000|apparmor_path_rename:tmp14|*LoadInst*|security/apparmor/lsm.c,328}"
CE0x49713b0 "{CE0x49713b0|0:_%struct.vfsmount*,_8:_%struct.dentry*,_:_SCMRE_0,8_|*MultipleSource*|security/apparmor/lsm.c, 329|security/apparmor/lsm.c, 328|security/apparmor/lsm.c,328}"
CONST[source:0(mediator),value:2(dynamic)][purpose:{object}][SnkIdx:2]


CONST[source:1(input),value:2(dynamic)][purpose:{object}][SrcIdx:8]  ->  CONST[source:0(mediator),value:2(dynamic)][purpose:{object}][SnkIdx:7]
-----------
CONST[source:1(input),value:2(dynamic)][purpose:{object}][SrcIdx:8]
CE0x49b19f0 "{CE0x49b19f0|apparmor_path_rename:new_dentry|Function::apparmor_path_rename&Arg::new_dentry::|*SummSource*}"
CE0x49b14c0 "{CE0x49b14c0|apparmor_path_rename:new_dentry|Function::apparmor_path_rename&Arg::new_dentry::}"
CE0x49714c0 "{CE0x49714c0|0:_%struct.vfsmount*,_8:_%struct.dentry*,_:_SCMRE_8,16_|*MultipleSource*|security/apparmor/lsm.c, 329|security/apparmor/lsm.c, 328|security/apparmor/lsm.c,328}"
CONST[source:0(mediator),value:2(dynamic)][purpose:{object}][SnkIdx:7]


CONST[source:1(input),value:2(dynamic)][purpose:{object}][SrcIdx:8]  ->  CONST[source:0(mediator),value:2(dynamic)][purpose:{object}][SnkIdx:8]
-----------
CONST[source:1(input),value:2(dynamic)][purpose:{object}][SrcIdx:8]
CE0x4972de0 "{CE0x4972de0|0:_i16,_4:_i32,_8:_i16,_40:_%struct.super_block*,_72:_i32,_:_SCMRE_4,6_|*MultipleSource*|Function::mediated_filesystem&Arg::inode::|*LoadInst*|security/apparmor/lsm.c,323|security/apparmor/lsm.c, 330|security/apparmor/lsm.c,330}"
CONST[source:0(mediator),value:2(dynamic)][purpose:{object}][SnkIdx:8]


CONST[source:1(input),value:2(dynamic)][purpose:{object}][SrcIdx:8]  ->  CONST[source:0(mediator),value:2(dynamic)][purpose:{object}][SnkIdx:2]
-----------
CONST[source:1(input),value:2(dynamic)][purpose:{object}][SrcIdx:8]
CE0x49b19f0 "{CE0x49b19f0|apparmor_path_rename:new_dentry|Function::apparmor_path_rename&Arg::new_dentry::|*SummSource*}"
CE0x49b14c0 "{CE0x49b14c0|apparmor_path_rename:new_dentry|Function::apparmor_path_rename&Arg::new_dentry::}"
CE0x49714c0 "{CE0x49714c0|0:_%struct.vfsmount*,_8:_%struct.dentry*,_:_SCMRE_8,16_|*MultipleSource*|security/apparmor/lsm.c, 329|security/apparmor/lsm.c, 328|security/apparmor/lsm.c,328}"
CONST[source:0(mediator),value:2(dynamic)][purpose:{object}][SnkIdx:2]


CONST[source:1(input),value:2(dynamic)][purpose:{object}][SrcIdx:8]  ->  CONST[source:0(mediator),value:2(dynamic)][purpose:{object}][SnkIdx:3]
-----------
CONST[source:1(input),value:2(dynamic)][purpose:{object}][SrcIdx:8]
CE0x4972920 "{CE0x4972920|0:_i16,_4:_i32,_8:_i16,_40:_%struct.super_block*,_72:_i32,_:_SCMRE_0,4_|*MultipleSource*|Function::mediated_filesystem&Arg::inode::|*LoadInst*|security/apparmor/lsm.c,323|security/apparmor/lsm.c, 330|security/apparmor/lsm.c,330}"
CONST[source:0(mediator),value:2(dynamic)][purpose:{object}][SnkIdx:3]


CONST[source:1(input),value:2(dynamic)][purpose:{object}][SrcIdx:6]  ->  CONST[source:0(mediator),value:2(dynamic)][purpose:{object}][SnkIdx:7]
-----------
CONST[source:1(input),value:2(dynamic)][purpose:{object}][SrcIdx:6]
CE0x4950510 "{CE0x4950510|apparmor_path_rename:old_dentry|Function::apparmor_path_rename&Arg::old_dentry::|*SummSource*}"
CE0x494d5d0 "{CE0x494d5d0|apparmor_path_rename:old_dentry|Function::apparmor_path_rename&Arg::old_dentry::}"
CE0x49714c0 "{CE0x49714c0|0:_%struct.vfsmount*,_8:_%struct.dentry*,_:_SCMRE_8,16_|*MultipleSource*|security/apparmor/lsm.c, 329|security/apparmor/lsm.c, 328|security/apparmor/lsm.c,328}"
CONST[source:0(mediator),value:2(dynamic)][purpose:{object}][SnkIdx:7]


CONST[source:1(input),value:2(dynamic)][purpose:{object}][SrcIdx:6]  ->  CONST[source:0(mediator),value:2(dynamic)][purpose:{object}][SnkIdx:8]
-----------
CONST[source:1(input),value:2(dynamic)][purpose:{object}][SrcIdx:6]
CE0x4972de0 "{CE0x4972de0|0:_i16,_4:_i32,_8:_i16,_40:_%struct.super_block*,_72:_i32,_:_SCMRE_4,6_|*MultipleSource*|Function::mediated_filesystem&Arg::inode::|*LoadInst*|security/apparmor/lsm.c,323|security/apparmor/lsm.c, 330|security/apparmor/lsm.c,330}"
CONST[source:0(mediator),value:2(dynamic)][purpose:{object}][SnkIdx:8]


CONST[source:1(input),value:2(dynamic)][purpose:{object}][SrcIdx:6]  ->  CONST[source:0(mediator),value:2(dynamic)][purpose:{object}][SnkIdx:2]
-----------
CONST[source:1(input),value:2(dynamic)][purpose:{object}][SrcIdx:6]
CE0x4950510 "{CE0x4950510|apparmor_path_rename:old_dentry|Function::apparmor_path_rename&Arg::old_dentry::|*SummSource*}"
CE0x494d5d0 "{CE0x494d5d0|apparmor_path_rename:old_dentry|Function::apparmor_path_rename&Arg::old_dentry::}"
CE0x49714c0 "{CE0x49714c0|0:_%struct.vfsmount*,_8:_%struct.dentry*,_:_SCMRE_8,16_|*MultipleSource*|security/apparmor/lsm.c, 329|security/apparmor/lsm.c, 328|security/apparmor/lsm.c,328}"
CONST[source:0(mediator),value:2(dynamic)][purpose:{object}][SnkIdx:2]


CONST[source:1(input),value:2(dynamic)][purpose:{object}][SrcIdx:6]  ->  CONST[source:0(mediator),value:2(dynamic)][purpose:{object}][SnkIdx:3]
-----------
CONST[source:1(input),value:2(dynamic)][purpose:{object}][SrcIdx:6]
CE0x4972920 "{CE0x4972920|0:_i16,_4:_i32,_8:_i16,_40:_%struct.super_block*,_72:_i32,_:_SCMRE_0,4_|*MultipleSource*|Function::mediated_filesystem&Arg::inode::|*LoadInst*|security/apparmor/lsm.c,323|security/apparmor/lsm.c, 330|security/apparmor/lsm.c,330}"
CONST[source:0(mediator),value:2(dynamic)][purpose:{object}][SnkIdx:3]



implicit:
CONST[source:2(external),value:2(dynamic)][purpose:{subject}][SrcIdx:10]  ->  CONST[source:0(mediator),value:2(dynamic)][purpose:{subject}][SnkIdx:1]
-----------
CONST[source:2(external),value:2(dynamic)][purpose:{subject}][SrcIdx:10]
CE0x4a02070 "{CE0x4a02070|COLLAPSED:_GCRE_current_task_external_global_%struct.task_struct*:_elem_0::|security/apparmor/include/context.h,151}"
CE0x4a41740 "{CE0x4a41740|aa_current_profile:tmp77|security/apparmor/include/context.h,159}"
CE0x4a41ea0 "{CE0x4a41ea0|aa_current_profile:tmp78|security/apparmor/include/context.h,159}"
CE0x4a438b0 "{CE0x4a438b0|aa_current_profile:cxt.0}"
CE0x4a42970 "{CE0x4a42970|aa_current_profile:profile42|security/apparmor/include/context.h,162}"
CE0x4a42cf0 "{CE0x4a42cf0|aa_current_profile:tmp81|security/apparmor/include/context.h,162}"
CE0x494e5b0 "{CE0x494e5b0|_ret_%struct.aa_profile*_%tmp81,_!dbg_!15575|security/apparmor/include/context.h,162}"
CE0x494b5f0 "{CE0x494b5f0|apparmor_path_rename:call1|security/apparmor/lsm.c,326}"
CE0x4972130 "{CE0x4972130|apparmor_path_rename:call1|security/apparmor/lsm.c,326|*SummSink*}"
CONST[source:0(mediator),value:2(dynamic)][purpose:{subject}][SnkIdx:1]


CONST[source:2(external),value:2(dynamic)][purpose:{subject}][SrcIdx:10]  ->  CONST[source:0(mediator),value:2(dynamic)][purpose:{subject}][SnkIdx:6]
-----------
CONST[source:2(external),value:2(dynamic)][purpose:{subject}][SrcIdx:10]
CE0x4a02070 "{CE0x4a02070|COLLAPSED:_GCRE_current_task_external_global_%struct.task_struct*:_elem_0::|security/apparmor/include/context.h,151}"
CE0x4a41740 "{CE0x4a41740|aa_current_profile:tmp77|security/apparmor/include/context.h,159}"
CE0x4a41ea0 "{CE0x4a41ea0|aa_current_profile:tmp78|security/apparmor/include/context.h,159}"
CE0x4a438b0 "{CE0x4a438b0|aa_current_profile:cxt.0}"
CE0x4a42970 "{CE0x4a42970|aa_current_profile:profile42|security/apparmor/include/context.h,162}"
CE0x4a42cf0 "{CE0x4a42cf0|aa_current_profile:tmp81|security/apparmor/include/context.h,162}"
CE0x494e5b0 "{CE0x494e5b0|_ret_%struct.aa_profile*_%tmp81,_!dbg_!15575|security/apparmor/include/context.h,162}"
CE0x494b5f0 "{CE0x494b5f0|apparmor_path_rename:call1|security/apparmor/lsm.c,326}"
CE0x4972130 "{CE0x4972130|apparmor_path_rename:call1|security/apparmor/lsm.c,326|*SummSink*}"
CONST[source:0(mediator),value:2(dynamic)][purpose:{subject}][SnkIdx:6]


CONST[source:1(input),value:2(dynamic)][purpose:{object}][SrcIdx:5]  ->  CONST[source:0(mediator),value:2(dynamic)][purpose:{object}][SnkIdx:2]
-----------
CONST[source:1(input),value:2(dynamic)][purpose:{object}][SrcIdx:5]
CE0x49827a0 "{CE0x49827a0|0:_%struct.vfsmount*,_:_CRE_0,8_|*MultipleSource*|Function::apparmor_path_rename&Arg::old_dir::|security/apparmor/lsm.c,328}"
CE0x4982000 "{CE0x4982000|apparmor_path_rename:tmp14|*LoadInst*|security/apparmor/lsm.c,328}"
CE0x49713b0 "{CE0x49713b0|0:_%struct.vfsmount*,_8:_%struct.dentry*,_:_SCMRE_0,8_|*MultipleSource*|security/apparmor/lsm.c, 329|security/apparmor/lsm.c, 328|security/apparmor/lsm.c,328}"
CONST[source:0(mediator),value:2(dynamic)][purpose:{object}][SnkIdx:2]


CONST[source:1(input),value:2(dynamic)][purpose:{object}][SrcIdx:5]  ->  CONST[source:0(mediator),value:2(dynamic)][purpose:{object}][SnkIdx:7]
-----------
CONST[source:1(input),value:2(dynamic)][purpose:{object}][SrcIdx:5]
CE0x49827a0 "{CE0x49827a0|0:_%struct.vfsmount*,_:_CRE_0,8_|*MultipleSource*|Function::apparmor_path_rename&Arg::old_dir::|security/apparmor/lsm.c,328}"
CE0x4982000 "{CE0x4982000|apparmor_path_rename:tmp14|*LoadInst*|security/apparmor/lsm.c,328}"
CE0x49713b0 "{CE0x49713b0|0:_%struct.vfsmount*,_8:_%struct.dentry*,_:_SCMRE_0,8_|*MultipleSource*|security/apparmor/lsm.c, 329|security/apparmor/lsm.c, 328|security/apparmor/lsm.c,328}"
CONST[source:0(mediator),value:2(dynamic)][purpose:{object}][SnkIdx:7]


CONST[source:1(input),value:2(dynamic)][purpose:{object}][SrcIdx:7]  ->  CONST[source:0(mediator),value:2(dynamic)][purpose:{object}][SnkIdx:2]
-----------
CONST[source:1(input),value:2(dynamic)][purpose:{object}][SrcIdx:7]
CE0x49b0760 "{CE0x49b0760|0:_%struct.vfsmount*,_:_CRE_0,8_|*MultipleSource*|Function::apparmor_path_rename&Arg::new_dir::|security/apparmor/lsm.c,329}"
CE0x49affd0 "{CE0x49affd0|apparmor_path_rename:tmp15|*LoadInst*|security/apparmor/lsm.c,329}"
CE0x49713b0 "{CE0x49713b0|0:_%struct.vfsmount*,_8:_%struct.dentry*,_:_SCMRE_0,8_|*MultipleSource*|security/apparmor/lsm.c, 329|security/apparmor/lsm.c, 328|security/apparmor/lsm.c,328}"
CONST[source:0(mediator),value:2(dynamic)][purpose:{object}][SnkIdx:2]


CONST[source:1(input),value:2(dynamic)][purpose:{object}][SrcIdx:7]  ->  CONST[source:0(mediator),value:2(dynamic)][purpose:{object}][SnkIdx:7]
-----------
CONST[source:1(input),value:2(dynamic)][purpose:{object}][SrcIdx:7]
CE0x49b0760 "{CE0x49b0760|0:_%struct.vfsmount*,_:_CRE_0,8_|*MultipleSource*|Function::apparmor_path_rename&Arg::new_dir::|security/apparmor/lsm.c,329}"
CE0x49affd0 "{CE0x49affd0|apparmor_path_rename:tmp15|*LoadInst*|security/apparmor/lsm.c,329}"
CE0x49713b0 "{CE0x49713b0|0:_%struct.vfsmount*,_8:_%struct.dentry*,_:_SCMRE_0,8_|*MultipleSource*|security/apparmor/lsm.c, 329|security/apparmor/lsm.c, 328|security/apparmor/lsm.c,328}"
CONST[source:0(mediator),value:2(dynamic)][purpose:{object}][SnkIdx:7]


CONST[source:1(input),value:2(dynamic)][purpose:{object}][SrcIdx:6]  ->  CONST[source:0(mediator),value:2(dynamic)][purpose:{object}][SnkIdx:3]
-----------
CONST[source:1(input),value:2(dynamic)][purpose:{object}][SrcIdx:6]
CE0x4972920 "{CE0x4972920|0:_i16,_4:_i32,_8:_i16,_40:_%struct.super_block*,_72:_i32,_:_SCMRE_0,4_|*MultipleSource*|Function::mediated_filesystem&Arg::inode::|*LoadInst*|security/apparmor/lsm.c,323|security/apparmor/lsm.c, 330|security/apparmor/lsm.c,330}"
CONST[source:0(mediator),value:2(dynamic)][purpose:{object}][SnkIdx:3]


CONST[source:1(input),value:2(dynamic)][purpose:{object}][SrcIdx:6]  ->  CONST[source:0(mediator),value:2(dynamic)][purpose:{object}][SnkIdx:8]
-----------
CONST[source:1(input),value:2(dynamic)][purpose:{object}][SrcIdx:6]
CE0x4972de0 "{CE0x4972de0|0:_i16,_4:_i32,_8:_i16,_40:_%struct.super_block*,_72:_i32,_:_SCMRE_4,6_|*MultipleSource*|Function::mediated_filesystem&Arg::inode::|*LoadInst*|security/apparmor/lsm.c,323|security/apparmor/lsm.c, 330|security/apparmor/lsm.c,330}"
CONST[source:0(mediator),value:2(dynamic)][purpose:{object}][SnkIdx:8]


CONST[source:1(input),value:2(dynamic)][purpose:{object}][SrcIdx:6]  ->  CONST[source:0(mediator),value:2(dynamic)][purpose:{object}][SnkIdx:2]
-----------
CONST[source:1(input),value:2(dynamic)][purpose:{object}][SrcIdx:6]
CE0x4950510 "{CE0x4950510|apparmor_path_rename:old_dentry|Function::apparmor_path_rename&Arg::old_dentry::|*SummSource*}"
CE0x494d5d0 "{CE0x494d5d0|apparmor_path_rename:old_dentry|Function::apparmor_path_rename&Arg::old_dentry::}"
CE0x49714c0 "{CE0x49714c0|0:_%struct.vfsmount*,_8:_%struct.dentry*,_:_SCMRE_8,16_|*MultipleSource*|security/apparmor/lsm.c, 329|security/apparmor/lsm.c, 328|security/apparmor/lsm.c,328}"
CONST[source:0(mediator),value:2(dynamic)][purpose:{object}][SnkIdx:2]


CONST[source:1(input),value:2(dynamic)][purpose:{object}][SrcIdx:6]  ->  CONST[source:0(mediator),value:2(dynamic)][purpose:{object}][SnkIdx:7]
-----------
CONST[source:1(input),value:2(dynamic)][purpose:{object}][SrcIdx:6]
CE0x4950510 "{CE0x4950510|apparmor_path_rename:old_dentry|Function::apparmor_path_rename&Arg::old_dentry::|*SummSource*}"
CE0x494d5d0 "{CE0x494d5d0|apparmor_path_rename:old_dentry|Function::apparmor_path_rename&Arg::old_dentry::}"
CE0x49714c0 "{CE0x49714c0|0:_%struct.vfsmount*,_8:_%struct.dentry*,_:_SCMRE_8,16_|*MultipleSource*|security/apparmor/lsm.c, 329|security/apparmor/lsm.c, 328|security/apparmor/lsm.c,328}"
CONST[source:0(mediator),value:2(dynamic)][purpose:{object}][SnkIdx:7]


CONST[source:1(input),value:2(dynamic)][purpose:{object}][SrcIdx:8]  ->  CONST[source:0(mediator),value:2(dynamic)][purpose:{object}][SnkIdx:3]
-----------
CONST[source:1(input),value:2(dynamic)][purpose:{object}][SrcIdx:8]
CE0x4972920 "{CE0x4972920|0:_i16,_4:_i32,_8:_i16,_40:_%struct.super_block*,_72:_i32,_:_SCMRE_0,4_|*MultipleSource*|Function::mediated_filesystem&Arg::inode::|*LoadInst*|security/apparmor/lsm.c,323|security/apparmor/lsm.c, 330|security/apparmor/lsm.c,330}"
CONST[source:0(mediator),value:2(dynamic)][purpose:{object}][SnkIdx:3]


CONST[source:1(input),value:2(dynamic)][purpose:{object}][SrcIdx:8]  ->  CONST[source:0(mediator),value:2(dynamic)][purpose:{object}][SnkIdx:8]
-----------
CONST[source:1(input),value:2(dynamic)][purpose:{object}][SrcIdx:8]
CE0x4972de0 "{CE0x4972de0|0:_i16,_4:_i32,_8:_i16,_40:_%struct.super_block*,_72:_i32,_:_SCMRE_4,6_|*MultipleSource*|Function::mediated_filesystem&Arg::inode::|*LoadInst*|security/apparmor/lsm.c,323|security/apparmor/lsm.c, 330|security/apparmor/lsm.c,330}"
CONST[source:0(mediator),value:2(dynamic)][purpose:{object}][SnkIdx:8]


CONST[source:1(input),value:2(dynamic)][purpose:{object}][SrcIdx:8]  ->  CONST[source:0(mediator),value:2(dynamic)][purpose:{object}][SnkIdx:2]
-----------
CONST[source:1(input),value:2(dynamic)][purpose:{object}][SrcIdx:8]
CE0x49b19f0 "{CE0x49b19f0|apparmor_path_rename:new_dentry|Function::apparmor_path_rename&Arg::new_dentry::|*SummSource*}"
CE0x49b14c0 "{CE0x49b14c0|apparmor_path_rename:new_dentry|Function::apparmor_path_rename&Arg::new_dentry::}"
CE0x49714c0 "{CE0x49714c0|0:_%struct.vfsmount*,_8:_%struct.dentry*,_:_SCMRE_8,16_|*MultipleSource*|security/apparmor/lsm.c, 329|security/apparmor/lsm.c, 328|security/apparmor/lsm.c,328}"
CONST[source:0(mediator),value:2(dynamic)][purpose:{object}][SnkIdx:2]


CONST[source:1(input),value:2(dynamic)][purpose:{object}][SrcIdx:8]  ->  CONST[source:0(mediator),value:2(dynamic)][purpose:{object}][SnkIdx:7]
-----------
CONST[source:1(input),value:2(dynamic)][purpose:{object}][SrcIdx:8]
CE0x49b19f0 "{CE0x49b19f0|apparmor_path_rename:new_dentry|Function::apparmor_path_rename&Arg::new_dentry::|*SummSource*}"
CE0x49b14c0 "{CE0x49b14c0|apparmor_path_rename:new_dentry|Function::apparmor_path_rename&Arg::new_dentry::}"
CE0x49714c0 "{CE0x49714c0|0:_%struct.vfsmount*,_8:_%struct.dentry*,_:_SCMRE_8,16_|*MultipleSource*|security/apparmor/lsm.c, 329|security/apparmor/lsm.c, 328|security/apparmor/lsm.c,328}"
CONST[source:0(mediator),value:2(dynamic)][purpose:{object}][SnkIdx:7]


