[selinux_file_receive]

explicit:
CONST[source:2(external),value:2(dynamic)][purpose:{subject}][SrcIdx:10]  ->  CONST[source:0(mediator),value:2(dynamic)][purpose:{subject}][SnkIdx:0]
-----------
CONST[source:2(external),value:2(dynamic)][purpose:{subject}][SrcIdx:10]
CE0x3cf37d0 "{CE0x3cf37d0|COLLAPSED:_GCMRE_current_task_external_global_%struct.task_struct*:_elem_0::|security/selinux/hooks.c,3414}"
CE0x3cf3d90 "{CE0x3cf3d90|selinux_file_receive:tmp21|security/selinux/hooks.c,3414}"
CE0x3d056b0 "{CE0x3d056b0|file_has_perm:cred|Function::file_has_perm&Arg::cred::}"
CE0x3d8f130 "{CE0x3d8f130|cred_sid:cred|Function::cred_sid&Arg::cred::}"
CE0x3d8dc70 "{CE0x3d8dc70|cred_sid:security|security/selinux/hooks.c,196}"
CE0x3d8c9e0 "{CE0x3d8c9e0|cred_sid:tmp4|*LoadInst*|security/selinux/hooks.c,196}"
CE0x3d8b870 "{CE0x3d8b870|cred_sid:tmp5|security/selinux/hooks.c,196}"
CE0x3d3cf60 "{CE0x3d3cf60|cred_sid:sid|security/selinux/hooks.c,197}"
CE0x3d90020 "{CE0x3d90020|cred_sid:tmp6|security/selinux/hooks.c,197}"
CE0x3d8e080 "{CE0x3d8e080|_ret_i32_%tmp6,_!dbg_!27716|security/selinux/hooks.c,197}"
CE0x3d3e180 "{CE0x3d3e180|file_has_perm:call1|security/selinux/hooks.c,1677}"
CE0x3d07b30 "{CE0x3d07b30|file_has_perm:call1|security/selinux/hooks.c,1677|*SummSink*}"
CONST[source:0(mediator),value:2(dynamic)][purpose:{subject}][SnkIdx:0]


CONST[source:2(external),value:2(dynamic)][purpose:{subject}][SrcIdx:10]  ->  CONST[source:0(mediator),value:2(dynamic)][purpose:{subject}][SnkIdx:4]
-----------
CONST[source:2(external),value:2(dynamic)][purpose:{subject}][SrcIdx:10]
CE0x3cf37d0 "{CE0x3cf37d0|COLLAPSED:_GCMRE_current_task_external_global_%struct.task_struct*:_elem_0::|security/selinux/hooks.c,3414}"
CE0x3cf3d90 "{CE0x3cf3d90|selinux_file_receive:tmp21|security/selinux/hooks.c,3414}"
CE0x3d056b0 "{CE0x3d056b0|file_has_perm:cred|Function::file_has_perm&Arg::cred::}"
CE0x3db6170 "{CE0x3db6170|inode_has_perm:cred|Function::inode_has_perm&Arg::cred::}"
CE0x3da2bb0 "{CE0x3da2bb0|cred_sid:cred|Function::cred_sid&Arg::cred::}"
CE0x3dab560 "{CE0x3dab560|cred_sid:security|security/selinux/hooks.c,196}"
CE0x3daa4e0 "{CE0x3daa4e0|cred_sid:tmp4|*LoadInst*|security/selinux/hooks.c,196}"
CE0x3daa5b0 "{CE0x3daa5b0|cred_sid:tmp5|security/selinux/hooks.c,196}"
CE0x3db19e0 "{CE0x3db19e0|cred_sid:sid|security/selinux/hooks.c,197}"
CE0x3db07d0 "{CE0x3db07d0|cred_sid:tmp6|security/selinux/hooks.c,197}"
CE0x3da2d20 "{CE0x3da2d20|_ret_i32_%tmp6,_!dbg_!27716|security/selinux/hooks.c,197}"
CE0x3e22960 "{CE0x3e22960|inode_has_perm:call|security/selinux/hooks.c,1614}"
CE0x3e22b00 "{CE0x3e22b00|inode_has_perm:call|security/selinux/hooks.c,1614|*SummSink*}"
CONST[source:0(mediator),value:2(dynamic)][purpose:{subject}][SnkIdx:4]


CONST[source:1(input),value:2(dynamic)][purpose:{object}][SrcIdx:8]  ->  CONST[source:0(mediator),value:2(dynamic)][purpose:{object}][SnkIdx:5]
-----------
CONST[source:1(input),value:2(dynamic)][purpose:{object}][SrcIdx:8]
CE0x3ddf880 "{CE0x3ddf880|0:_i32,_4:_i32,_8:_i16,_12:_i32,_16:_i32,_20:_i32,_24:_i32,_56:_i8*,_:_SCMRE_56,64_|*MultipleSource*|*LoadInst*|include/linux/fs.h,1916|security/selinux/hooks.c,1675|Function::inode_has_perm&Arg::inode::|security/selinux/hooks.c,1611}"
CE0x3e20d70 "{CE0x3e20d70|inode_has_perm:tmp15|*LoadInst*|security/selinux/hooks.c,1615}"
CE0x3e21420 "{CE0x3e21420|inode_has_perm:tmp16|security/selinux/hooks.c,1615}"
CE0x3e21700 "{CE0x3e21700|inode_has_perm:sid3|security/selinux/hooks.c,1617}"
CE0x3e359e0 "{CE0x3e359e0|inode_has_perm:tmp17|security/selinux/hooks.c,1617}"
CE0x3e29120 "{CE0x3e29120|inode_has_perm:tmp17|security/selinux/hooks.c,1617|*SummSink*}"
CONST[source:0(mediator),value:2(dynamic)][purpose:{object}][SnkIdx:5]


CONST[source:1(input),value:2(dynamic)][purpose:{object}][SrcIdx:8]  ->  CONST[source:0(mediator),value:2(dynamic)][purpose:{object}][SnkIdx:1]
-----------
CONST[source:1(input),value:2(dynamic)][purpose:{object}][SrcIdx:8]
CE0x3d10130 "{CE0x3d10130|0:_i32,_:_CRE_0,4_|*MultipleSource*|*LoadInst*|security/selinux/hooks.c,1674|security/selinux/hooks.c,1674|security/selinux/hooks.c,1683}"
CE0x3d561e0 "{CE0x3d561e0|file_has_perm:tmp11|security/selinux/hooks.c,1684}"
CE0x3d56380 "{CE0x3d56380|file_has_perm:tmp11|security/selinux/hooks.c,1684|*SummSink*}"
CONST[source:0(mediator),value:2(dynamic)][purpose:{object}][SnkIdx:1]


CONST[source:1(input),value:2(dynamic)][purpose:{object}][SrcIdx:8]  ->  CONST[source:0(mediator),value:2(dynamic)][purpose:{object}][SnkIdx:6]
-----------
CONST[source:1(input),value:2(dynamic)][purpose:{object}][SrcIdx:8]
CE0x3ddf880 "{CE0x3ddf880|0:_i32,_4:_i32,_8:_i16,_12:_i32,_16:_i32,_20:_i32,_24:_i32,_56:_i8*,_:_SCMRE_56,64_|*MultipleSource*|*LoadInst*|include/linux/fs.h,1916|security/selinux/hooks.c,1675|Function::inode_has_perm&Arg::inode::|security/selinux/hooks.c,1611}"
CE0x3e20d70 "{CE0x3e20d70|inode_has_perm:tmp15|*LoadInst*|security/selinux/hooks.c,1615}"
CE0x3e21420 "{CE0x3e21420|inode_has_perm:tmp16|security/selinux/hooks.c,1615}"
CE0x3e26700 "{CE0x3e26700|inode_has_perm:sclass|security/selinux/hooks.c,1617}"
CE0x3e37990 "{CE0x3e37990|inode_has_perm:tmp18|security/selinux/hooks.c,1617}"
CE0x3e37cc0 "{CE0x3e37cc0|inode_has_perm:tmp18|security/selinux/hooks.c,1617|*SummSink*}"
CONST[source:0(mediator),value:2(dynamic)][purpose:{object}][SnkIdx:6]



implicit:
CONST[source:0(mediator),value:2(dynamic)][purpose:{subject}][SrcIdx:11]  ->  CONST[source:0(mediator),value:2(dynamic)][purpose:{object}][SnkIdx:1]
-----------
CONST[source:0(mediator),value:2(dynamic)][purpose:{subject}][SrcIdx:11]
CE0x3d8ab50 "{CE0x3d8ab50|0:_i32,_4:_i32,_8:_i32,_12:_i32,_:_CMRE_4,8_|*MultipleSource*|security/selinux/hooks.c,196|security/selinux/hooks.c,197|*LoadInst*|security/selinux/hooks.c,196}"
CE0x3d90020 "{CE0x3d90020|cred_sid:tmp6|security/selinux/hooks.c,197}"
CE0x3d8e080 "{CE0x3d8e080|_ret_i32_%tmp6,_!dbg_!27716|security/selinux/hooks.c,197}"
CE0x3d3e180 "{CE0x3d3e180|file_has_perm:call1|security/selinux/hooks.c,1677}"
CE0x3d534c0 "{CE0x3d534c0|file_has_perm:cmp|security/selinux/hooks.c,1683}"
CE0x3d8ace0 "{CE0x3d8ace0|file_has_perm:if.then}"
CE0x3d561e0 "{CE0x3d561e0|file_has_perm:tmp11|security/selinux/hooks.c,1684}"
CE0x3d56380 "{CE0x3d56380|file_has_perm:tmp11|security/selinux/hooks.c,1684|*SummSink*}"
CONST[source:0(mediator),value:2(dynamic)][purpose:{object}][SnkIdx:1]


CONST[source:0(mediator),value:2(dynamic)][purpose:{subject}][SrcIdx:11]  ->  CONST[source:0(mediator),value:2(dynamic)][purpose:{object}][SnkIdx:5]
-----------
CONST[source:0(mediator),value:2(dynamic)][purpose:{subject}][SrcIdx:11]
CE0x3d8ab50 "{CE0x3d8ab50|0:_i32,_4:_i32,_8:_i32,_12:_i32,_:_CMRE_4,8_|*MultipleSource*|security/selinux/hooks.c,196|security/selinux/hooks.c,197|*LoadInst*|security/selinux/hooks.c,196}"
CE0x3d90020 "{CE0x3d90020|cred_sid:tmp6|security/selinux/hooks.c,197}"
CE0x3d8e080 "{CE0x3d8e080|_ret_i32_%tmp6,_!dbg_!27716|security/selinux/hooks.c,197}"
CE0x3d3e180 "{CE0x3d3e180|file_has_perm:call1|security/selinux/hooks.c,1677}"
CE0x3d534c0 "{CE0x3d534c0|file_has_perm:cmp|security/selinux/hooks.c,1683}"
CE0x3d700c0 "{CE0x3d700c0|file_has_perm:if.then8}"
CE0x3db5dc0 "{CE0x3db5dc0|inode_has_perm:entry}"
CE0x3d075a0 "{CE0x3d075a0|inode_has_perm:if.end}"
CE0x3e359e0 "{CE0x3e359e0|inode_has_perm:tmp17|security/selinux/hooks.c,1617}"
CE0x3e29120 "{CE0x3e29120|inode_has_perm:tmp17|security/selinux/hooks.c,1617|*SummSink*}"
CONST[source:0(mediator),value:2(dynamic)][purpose:{object}][SnkIdx:5]


CONST[source:0(mediator),value:2(dynamic)][purpose:{subject}][SrcIdx:11]  ->  CONST[source:0(mediator),value:2(dynamic)][purpose:{object}][SnkIdx:6]
-----------
CONST[source:0(mediator),value:2(dynamic)][purpose:{subject}][SrcIdx:11]
CE0x3d8ab50 "{CE0x3d8ab50|0:_i32,_4:_i32,_8:_i32,_12:_i32,_:_CMRE_4,8_|*MultipleSource*|security/selinux/hooks.c,196|security/selinux/hooks.c,197|*LoadInst*|security/selinux/hooks.c,196}"
CE0x3d90020 "{CE0x3d90020|cred_sid:tmp6|security/selinux/hooks.c,197}"
CE0x3d8e080 "{CE0x3d8e080|_ret_i32_%tmp6,_!dbg_!27716|security/selinux/hooks.c,197}"
CE0x3d3e180 "{CE0x3d3e180|file_has_perm:call1|security/selinux/hooks.c,1677}"
CE0x3d534c0 "{CE0x3d534c0|file_has_perm:cmp|security/selinux/hooks.c,1683}"
CE0x3d700c0 "{CE0x3d700c0|file_has_perm:if.then8}"
CE0x3db5dc0 "{CE0x3db5dc0|inode_has_perm:entry}"
CE0x3d075a0 "{CE0x3d075a0|inode_has_perm:if.end}"
CE0x3e37990 "{CE0x3e37990|inode_has_perm:tmp18|security/selinux/hooks.c,1617}"
CE0x3e37cc0 "{CE0x3e37cc0|inode_has_perm:tmp18|security/selinux/hooks.c,1617|*SummSink*}"
CONST[source:0(mediator),value:2(dynamic)][purpose:{object}][SnkIdx:6]


CONST[source:0(mediator),value:0(static)][purpose:{operation}][SrcIdx:9]  ->  CONST[source:0(mediator),value:2(dynamic)][purpose:{subject}][SnkIdx:4]
-----------
CONST[source:0(mediator),value:0(static)][purpose:{operation}][SrcIdx:9]
CE0x3d06190 "{CE0x3d06190|file_has_perm:av|Function::file_has_perm&Arg::av::|*SummSource*}"
CE0x3d06010 "{CE0x3d06010|file_has_perm:av|Function::file_has_perm&Arg::av::}"
CE0x3d9e590 "{CE0x3d9e590|file_has_perm:tobool7|security/selinux/hooks.c,1694}"
CE0x3d700c0 "{CE0x3d700c0|file_has_perm:if.then8}"
CE0x3db5dc0 "{CE0x3db5dc0|inode_has_perm:entry}"
CE0x3d075a0 "{CE0x3d075a0|inode_has_perm:if.end}"
CE0x3e22960 "{CE0x3e22960|inode_has_perm:call|security/selinux/hooks.c,1614}"
CE0x3e22b00 "{CE0x3e22b00|inode_has_perm:call|security/selinux/hooks.c,1614|*SummSink*}"
CONST[source:0(mediator),value:2(dynamic)][purpose:{subject}][SnkIdx:4]


CONST[source:0(mediator),value:0(static)][purpose:{operation}][SrcIdx:9]  ->  CONST[source:0(mediator),value:2(dynamic)][purpose:{object}][SnkIdx:5]
-----------
CONST[source:0(mediator),value:0(static)][purpose:{operation}][SrcIdx:9]
CE0x3d06190 "{CE0x3d06190|file_has_perm:av|Function::file_has_perm&Arg::av::|*SummSource*}"
CE0x3d06010 "{CE0x3d06010|file_has_perm:av|Function::file_has_perm&Arg::av::}"
CE0x3d9e590 "{CE0x3d9e590|file_has_perm:tobool7|security/selinux/hooks.c,1694}"
CE0x3d700c0 "{CE0x3d700c0|file_has_perm:if.then8}"
CE0x3db5dc0 "{CE0x3db5dc0|inode_has_perm:entry}"
CE0x3d075a0 "{CE0x3d075a0|inode_has_perm:if.end}"
CE0x3e359e0 "{CE0x3e359e0|inode_has_perm:tmp17|security/selinux/hooks.c,1617}"
CE0x3e29120 "{CE0x3e29120|inode_has_perm:tmp17|security/selinux/hooks.c,1617|*SummSink*}"
CONST[source:0(mediator),value:2(dynamic)][purpose:{object}][SnkIdx:5]


CONST[source:0(mediator),value:0(static)][purpose:{operation}][SrcIdx:9]  ->  CONST[source:0(mediator),value:2(dynamic)][purpose:{object}][SnkIdx:6]
-----------
CONST[source:0(mediator),value:0(static)][purpose:{operation}][SrcIdx:9]
CE0x3d06190 "{CE0x3d06190|file_has_perm:av|Function::file_has_perm&Arg::av::|*SummSource*}"
CE0x3d06010 "{CE0x3d06010|file_has_perm:av|Function::file_has_perm&Arg::av::}"
CE0x3d9e590 "{CE0x3d9e590|file_has_perm:tobool7|security/selinux/hooks.c,1694}"
CE0x3d700c0 "{CE0x3d700c0|file_has_perm:if.then8}"
CE0x3db5dc0 "{CE0x3db5dc0|inode_has_perm:entry}"
CE0x3d075a0 "{CE0x3d075a0|inode_has_perm:if.end}"
CE0x3e37990 "{CE0x3e37990|inode_has_perm:tmp18|security/selinux/hooks.c,1617}"
CE0x3e37cc0 "{CE0x3e37cc0|inode_has_perm:tmp18|security/selinux/hooks.c,1617|*SummSink*}"
CONST[source:0(mediator),value:2(dynamic)][purpose:{object}][SnkIdx:6]


CONST[source:2(external),value:2(dynamic)][purpose:{subject}][SrcIdx:10]  ->  CONST[source:0(mediator),value:2(dynamic)][purpose:{subject}][SnkIdx:0]
-----------
CONST[source:2(external),value:2(dynamic)][purpose:{subject}][SrcIdx:10]
CE0x3cf37d0 "{CE0x3cf37d0|COLLAPSED:_GCMRE_current_task_external_global_%struct.task_struct*:_elem_0::|security/selinux/hooks.c,3414}"
CE0x3cf3d90 "{CE0x3cf3d90|selinux_file_receive:tmp21|security/selinux/hooks.c,3414}"
CE0x3d056b0 "{CE0x3d056b0|file_has_perm:cred|Function::file_has_perm&Arg::cred::}"
CE0x3d8f130 "{CE0x3d8f130|cred_sid:cred|Function::cred_sid&Arg::cred::}"
CE0x3d8dc70 "{CE0x3d8dc70|cred_sid:security|security/selinux/hooks.c,196}"
CE0x3d8c9e0 "{CE0x3d8c9e0|cred_sid:tmp4|*LoadInst*|security/selinux/hooks.c,196}"
CE0x3d8b870 "{CE0x3d8b870|cred_sid:tmp5|security/selinux/hooks.c,196}"
CE0x3d3cf60 "{CE0x3d3cf60|cred_sid:sid|security/selinux/hooks.c,197}"
CE0x3d90020 "{CE0x3d90020|cred_sid:tmp6|security/selinux/hooks.c,197}"
CE0x3d8e080 "{CE0x3d8e080|_ret_i32_%tmp6,_!dbg_!27716|security/selinux/hooks.c,197}"
CE0x3d3e180 "{CE0x3d3e180|file_has_perm:call1|security/selinux/hooks.c,1677}"
CE0x3d07b30 "{CE0x3d07b30|file_has_perm:call1|security/selinux/hooks.c,1677|*SummSink*}"
CONST[source:0(mediator),value:2(dynamic)][purpose:{subject}][SnkIdx:0]


CONST[source:2(external),value:2(dynamic)][purpose:{subject}][SrcIdx:10]  ->  CONST[source:0(mediator),value:2(dynamic)][purpose:{subject}][SnkIdx:4]
-----------
CONST[source:2(external),value:2(dynamic)][purpose:{subject}][SrcIdx:10]
CE0x3cf37d0 "{CE0x3cf37d0|COLLAPSED:_GCMRE_current_task_external_global_%struct.task_struct*:_elem_0::|security/selinux/hooks.c,3414}"
CE0x3cf3d90 "{CE0x3cf3d90|selinux_file_receive:tmp21|security/selinux/hooks.c,3414}"
CE0x3d056b0 "{CE0x3d056b0|file_has_perm:cred|Function::file_has_perm&Arg::cred::}"
CE0x3db6170 "{CE0x3db6170|inode_has_perm:cred|Function::inode_has_perm&Arg::cred::}"
CE0x3da2bb0 "{CE0x3da2bb0|cred_sid:cred|Function::cred_sid&Arg::cred::}"
CE0x3dab560 "{CE0x3dab560|cred_sid:security|security/selinux/hooks.c,196}"
CE0x3daa4e0 "{CE0x3daa4e0|cred_sid:tmp4|*LoadInst*|security/selinux/hooks.c,196}"
CE0x3daa5b0 "{CE0x3daa5b0|cred_sid:tmp5|security/selinux/hooks.c,196}"
CE0x3db19e0 "{CE0x3db19e0|cred_sid:sid|security/selinux/hooks.c,197}"
CE0x3db07d0 "{CE0x3db07d0|cred_sid:tmp6|security/selinux/hooks.c,197}"
CE0x3da2d20 "{CE0x3da2d20|_ret_i32_%tmp6,_!dbg_!27716|security/selinux/hooks.c,197}"
CE0x3e22960 "{CE0x3e22960|inode_has_perm:call|security/selinux/hooks.c,1614}"
CE0x3e22b00 "{CE0x3e22b00|inode_has_perm:call|security/selinux/hooks.c,1614|*SummSink*}"
CONST[source:0(mediator),value:2(dynamic)][purpose:{subject}][SnkIdx:4]


CONST[source:2(external),value:2(dynamic)][purpose:{subject}][SrcIdx:10]  ->  CONST[source:0(mediator),value:2(dynamic)][purpose:{object}][SnkIdx:1]
-----------
CONST[source:2(external),value:2(dynamic)][purpose:{subject}][SrcIdx:10]
CE0x3cf37d0 "{CE0x3cf37d0|COLLAPSED:_GCMRE_current_task_external_global_%struct.task_struct*:_elem_0::|security/selinux/hooks.c,3414}"
CE0x3cf3d90 "{CE0x3cf3d90|selinux_file_receive:tmp21|security/selinux/hooks.c,3414}"
CE0x3d056b0 "{CE0x3d056b0|file_has_perm:cred|Function::file_has_perm&Arg::cred::}"
CE0x3d8f130 "{CE0x3d8f130|cred_sid:cred|Function::cred_sid&Arg::cred::}"
CE0x3d8dc70 "{CE0x3d8dc70|cred_sid:security|security/selinux/hooks.c,196}"
CE0x3d8c9e0 "{CE0x3d8c9e0|cred_sid:tmp4|*LoadInst*|security/selinux/hooks.c,196}"
CE0x3d8b870 "{CE0x3d8b870|cred_sid:tmp5|security/selinux/hooks.c,196}"
CE0x3d3cf60 "{CE0x3d3cf60|cred_sid:sid|security/selinux/hooks.c,197}"
CE0x3d90020 "{CE0x3d90020|cred_sid:tmp6|security/selinux/hooks.c,197}"
CE0x3d8e080 "{CE0x3d8e080|_ret_i32_%tmp6,_!dbg_!27716|security/selinux/hooks.c,197}"
CE0x3d3e180 "{CE0x3d3e180|file_has_perm:call1|security/selinux/hooks.c,1677}"
CE0x3d534c0 "{CE0x3d534c0|file_has_perm:cmp|security/selinux/hooks.c,1683}"
CE0x3d8ace0 "{CE0x3d8ace0|file_has_perm:if.then}"
CE0x3d561e0 "{CE0x3d561e0|file_has_perm:tmp11|security/selinux/hooks.c,1684}"
CE0x3d56380 "{CE0x3d56380|file_has_perm:tmp11|security/selinux/hooks.c,1684|*SummSink*}"
CONST[source:0(mediator),value:2(dynamic)][purpose:{object}][SnkIdx:1]


CONST[source:2(external),value:2(dynamic)][purpose:{subject}][SrcIdx:10]  ->  CONST[source:0(mediator),value:2(dynamic)][purpose:{object}][SnkIdx:5]
-----------
CONST[source:2(external),value:2(dynamic)][purpose:{subject}][SrcIdx:10]
CE0x3cf37d0 "{CE0x3cf37d0|COLLAPSED:_GCMRE_current_task_external_global_%struct.task_struct*:_elem_0::|security/selinux/hooks.c,3414}"
CE0x3cf3d90 "{CE0x3cf3d90|selinux_file_receive:tmp21|security/selinux/hooks.c,3414}"
CE0x3d056b0 "{CE0x3d056b0|file_has_perm:cred|Function::file_has_perm&Arg::cred::}"
CE0x3d8f130 "{CE0x3d8f130|cred_sid:cred|Function::cred_sid&Arg::cred::}"
CE0x3d8dc70 "{CE0x3d8dc70|cred_sid:security|security/selinux/hooks.c,196}"
CE0x3d8c9e0 "{CE0x3d8c9e0|cred_sid:tmp4|*LoadInst*|security/selinux/hooks.c,196}"
CE0x3d8b870 "{CE0x3d8b870|cred_sid:tmp5|security/selinux/hooks.c,196}"
CE0x3d3cf60 "{CE0x3d3cf60|cred_sid:sid|security/selinux/hooks.c,197}"
CE0x3d90020 "{CE0x3d90020|cred_sid:tmp6|security/selinux/hooks.c,197}"
CE0x3d8e080 "{CE0x3d8e080|_ret_i32_%tmp6,_!dbg_!27716|security/selinux/hooks.c,197}"
CE0x3d3e180 "{CE0x3d3e180|file_has_perm:call1|security/selinux/hooks.c,1677}"
CE0x3d534c0 "{CE0x3d534c0|file_has_perm:cmp|security/selinux/hooks.c,1683}"
CE0x3d700c0 "{CE0x3d700c0|file_has_perm:if.then8}"
CE0x3db5dc0 "{CE0x3db5dc0|inode_has_perm:entry}"
CE0x3d075a0 "{CE0x3d075a0|inode_has_perm:if.end}"
CE0x3e359e0 "{CE0x3e359e0|inode_has_perm:tmp17|security/selinux/hooks.c,1617}"
CE0x3e29120 "{CE0x3e29120|inode_has_perm:tmp17|security/selinux/hooks.c,1617|*SummSink*}"
CONST[source:0(mediator),value:2(dynamic)][purpose:{object}][SnkIdx:5]


CONST[source:2(external),value:2(dynamic)][purpose:{subject}][SrcIdx:10]  ->  CONST[source:0(mediator),value:2(dynamic)][purpose:{object}][SnkIdx:6]
-----------
CONST[source:2(external),value:2(dynamic)][purpose:{subject}][SrcIdx:10]
CE0x3cf37d0 "{CE0x3cf37d0|COLLAPSED:_GCMRE_current_task_external_global_%struct.task_struct*:_elem_0::|security/selinux/hooks.c,3414}"
CE0x3cf3d90 "{CE0x3cf3d90|selinux_file_receive:tmp21|security/selinux/hooks.c,3414}"
CE0x3d056b0 "{CE0x3d056b0|file_has_perm:cred|Function::file_has_perm&Arg::cred::}"
CE0x3d8f130 "{CE0x3d8f130|cred_sid:cred|Function::cred_sid&Arg::cred::}"
CE0x3d8dc70 "{CE0x3d8dc70|cred_sid:security|security/selinux/hooks.c,196}"
CE0x3d8c9e0 "{CE0x3d8c9e0|cred_sid:tmp4|*LoadInst*|security/selinux/hooks.c,196}"
CE0x3d8b870 "{CE0x3d8b870|cred_sid:tmp5|security/selinux/hooks.c,196}"
CE0x3d3cf60 "{CE0x3d3cf60|cred_sid:sid|security/selinux/hooks.c,197}"
CE0x3d90020 "{CE0x3d90020|cred_sid:tmp6|security/selinux/hooks.c,197}"
CE0x3d8e080 "{CE0x3d8e080|_ret_i32_%tmp6,_!dbg_!27716|security/selinux/hooks.c,197}"
CE0x3d3e180 "{CE0x3d3e180|file_has_perm:call1|security/selinux/hooks.c,1677}"
CE0x3d534c0 "{CE0x3d534c0|file_has_perm:cmp|security/selinux/hooks.c,1683}"
CE0x3d700c0 "{CE0x3d700c0|file_has_perm:if.then8}"
CE0x3db5dc0 "{CE0x3db5dc0|inode_has_perm:entry}"
CE0x3d075a0 "{CE0x3d075a0|inode_has_perm:if.end}"
CE0x3e37990 "{CE0x3e37990|inode_has_perm:tmp18|security/selinux/hooks.c,1617}"
CE0x3e37cc0 "{CE0x3e37cc0|inode_has_perm:tmp18|security/selinux/hooks.c,1617|*SummSink*}"
CONST[source:0(mediator),value:2(dynamic)][purpose:{object}][SnkIdx:6]


CONST[source:1(input),value:2(dynamic)][purpose:{object}][SrcIdx:8]  ->  CONST[source:0(mediator),value:2(dynamic)][purpose:{subject}][SnkIdx:4]
-----------
CONST[source:1(input),value:2(dynamic)][purpose:{object}][SrcIdx:8]
CE0x3d10130 "{CE0x3d10130|0:_i32,_:_CRE_0,4_|*MultipleSource*|*LoadInst*|security/selinux/hooks.c,1674|security/selinux/hooks.c,1674|security/selinux/hooks.c,1683}"
CE0x3d53820 "{CE0x3d53820|file_has_perm:tmp6|security/selinux/hooks.c,1683}"
CE0x3d534c0 "{CE0x3d534c0|file_has_perm:cmp|security/selinux/hooks.c,1683}"
CE0x3d700c0 "{CE0x3d700c0|file_has_perm:if.then8}"
CE0x3db5dc0 "{CE0x3db5dc0|inode_has_perm:entry}"
CE0x3d075a0 "{CE0x3d075a0|inode_has_perm:if.end}"
CE0x3e22960 "{CE0x3e22960|inode_has_perm:call|security/selinux/hooks.c,1614}"
CE0x3e22b00 "{CE0x3e22b00|inode_has_perm:call|security/selinux/hooks.c,1614|*SummSink*}"
CONST[source:0(mediator),value:2(dynamic)][purpose:{subject}][SnkIdx:4]


CONST[source:1(input),value:2(dynamic)][purpose:{object}][SrcIdx:8]  ->  CONST[source:0(mediator),value:2(dynamic)][purpose:{object}][SnkIdx:1]
-----------
CONST[source:1(input),value:2(dynamic)][purpose:{object}][SrcIdx:8]
CE0x3d10130 "{CE0x3d10130|0:_i32,_:_CRE_0,4_|*MultipleSource*|*LoadInst*|security/selinux/hooks.c,1674|security/selinux/hooks.c,1674|security/selinux/hooks.c,1683}"
CE0x3d561e0 "{CE0x3d561e0|file_has_perm:tmp11|security/selinux/hooks.c,1684}"
CE0x3d56380 "{CE0x3d56380|file_has_perm:tmp11|security/selinux/hooks.c,1684|*SummSink*}"
CONST[source:0(mediator),value:2(dynamic)][purpose:{object}][SnkIdx:1]


CONST[source:1(input),value:2(dynamic)][purpose:{object}][SrcIdx:8]  ->  CONST[source:0(mediator),value:0(static)][purpose:{operation}][SnkIdx:7]
-----------
CONST[source:1(input),value:2(dynamic)][purpose:{object}][SrcIdx:8]
CE0x3d2b260 "{CE0x3d2b260|8:_i8,_32:_%struct.inode*,_%struct.selinux_audit_data*,_128:_i32,_132:_i32,_456:_i8*,_:_SCMRE_132,136_|*MultipleSource*|Function::selinux_file_receive&Arg::file::|Function::file_has_perm&Arg::file::|security/selinux/hooks.c,1902|Function::file_to_av&Arg::file::}"
CE0x3cf2830 "{CE0x3cf2830|file_to_av:tmp9|*LoadInst*|security/selinux/hooks.c,1904}"
CE0x3cf2c70 "{CE0x3cf2c70|file_to_av:and3|security/selinux/hooks.c,1904}"
CE0x3d722f0 "{CE0x3d722f0|file_to_av:tobool4|security/selinux/hooks.c,1904}"
CE0x3d076c0 "{CE0x3d076c0|file_to_av:if.end15}"
CE0x3d73bd0 "{CE0x3d73bd0|file_to_av:av.1}"
CE0x3d20210 "{CE0x3d20210|file_to_av:av.2}"
CE0x3d33f60 "{CE0x3d33f60|file_to_av:av.3}"
CE0x3d043a0 "{CE0x3d043a0|_ret_i32_%av.3,_!dbg_!27739|security/selinux/hooks.c,1917}"
CE0x3cf4010 "{CE0x3cf4010|selinux_file_receive:call5|security/selinux/hooks.c,3416}"
CE0x3d06010 "{CE0x3d06010|file_has_perm:av|Function::file_has_perm&Arg::av::}"
CE0x3db69c0 "{CE0x3db69c0|inode_has_perm:perms|Function::inode_has_perm&Arg::perms::}"
CE0x3db6d50 "{CE0x3db6d50|inode_has_perm:perms|Function::inode_has_perm&Arg::perms::|*SummSink*}"
CONST[source:0(mediator),value:0(static)][purpose:{operation}][SnkIdx:7]


CONST[source:1(input),value:2(dynamic)][purpose:{object}][SrcIdx:8]  ->  CONST[source:0(mediator),value:2(dynamic)][purpose:{object}][SnkIdx:5]
-----------
CONST[source:1(input),value:2(dynamic)][purpose:{object}][SrcIdx:8]
CE0x3ddf880 "{CE0x3ddf880|0:_i32,_4:_i32,_8:_i16,_12:_i32,_16:_i32,_20:_i32,_24:_i32,_56:_i8*,_:_SCMRE_56,64_|*MultipleSource*|*LoadInst*|include/linux/fs.h,1916|security/selinux/hooks.c,1675|Function::inode_has_perm&Arg::inode::|security/selinux/hooks.c,1611}"
CE0x3e20d70 "{CE0x3e20d70|inode_has_perm:tmp15|*LoadInst*|security/selinux/hooks.c,1615}"
CE0x3e21420 "{CE0x3e21420|inode_has_perm:tmp16|security/selinux/hooks.c,1615}"
CE0x3e21700 "{CE0x3e21700|inode_has_perm:sid3|security/selinux/hooks.c,1617}"
CE0x3e359e0 "{CE0x3e359e0|inode_has_perm:tmp17|security/selinux/hooks.c,1617}"
CE0x3e29120 "{CE0x3e29120|inode_has_perm:tmp17|security/selinux/hooks.c,1617|*SummSink*}"
CONST[source:0(mediator),value:2(dynamic)][purpose:{object}][SnkIdx:5]


CONST[source:1(input),value:2(dynamic)][purpose:{object}][SrcIdx:8]  ->  CONST[source:0(mediator),value:2(dynamic)][purpose:{object}][SnkIdx:6]
-----------
CONST[source:1(input),value:2(dynamic)][purpose:{object}][SrcIdx:8]
CE0x3ddf880 "{CE0x3ddf880|0:_i32,_4:_i32,_8:_i16,_12:_i32,_16:_i32,_20:_i32,_24:_i32,_56:_i8*,_:_SCMRE_56,64_|*MultipleSource*|*LoadInst*|include/linux/fs.h,1916|security/selinux/hooks.c,1675|Function::inode_has_perm&Arg::inode::|security/selinux/hooks.c,1611}"
CE0x3e20d70 "{CE0x3e20d70|inode_has_perm:tmp15|*LoadInst*|security/selinux/hooks.c,1615}"
CE0x3e21420 "{CE0x3e21420|inode_has_perm:tmp16|security/selinux/hooks.c,1615}"
CE0x3e26700 "{CE0x3e26700|inode_has_perm:sclass|security/selinux/hooks.c,1617}"
CE0x3e37990 "{CE0x3e37990|inode_has_perm:tmp18|security/selinux/hooks.c,1617}"
CE0x3e37cc0 "{CE0x3e37cc0|inode_has_perm:tmp18|security/selinux/hooks.c,1617|*SummSink*}"
CONST[source:0(mediator),value:2(dynamic)][purpose:{object}][SnkIdx:6]


