[selinux_mmap_file]

explicit:
CONST[source:1(input),value:2(dynamic)][purpose:{object}]  ->  CONST[source:0(mediator),value:2(dynamic)][purpose:{object}]
-----------
CONST[source:1(input),value:2(dynamic)][purpose:{object}]
CE0x3f43e50 "{CE0x3f43e50|0:_i32,_:_CRE_0,4_|*MultipleSource*|*LoadInst*|security/selinux/hooks.c,1674|security/selinux/hooks.c,1683|security/selinux/hooks.c,1674}"
CE0x3f54940 "{CE0x3f54940|file_has_perm:_tmp11|security/selinux/hooks.c,1684}"
CE0x3f54be0 "{CE0x3f54be0|file_has_perm:_tmp11|security/selinux/hooks.c,1684|*SummSink*}"
CONST[source:0(mediator),value:2(dynamic)][purpose:{object}]


CONST[source:0(mediator),value:2(dynamic)][purpose:{subject}]  ->  CONST[source:0(mediator),value:2(dynamic)][purpose:{object}]
-----------
CONST[source:0(mediator),value:2(dynamic)][purpose:{subject}]
CE0x3f145a0 "{CE0x3f145a0|0:_i32,_4:_i32,_8:_i32,_12:_i32,_:_CMRE_4,8_|*MultipleSource*|security/selinux/hooks.c,196|*LoadInst*|security/selinux/hooks.c,196|security/selinux/hooks.c,197}"
CE0x3f15c40 "{CE0x3f15c40|cred_sid:_tmp6|security/selinux/hooks.c,197}"
CE0x3e5d320 "{CE0x3e5d320|_ret_i32_%tmp6,_!dbg_!27716|security/selinux/hooks.c,197}"
CE0x3f392a0 "{CE0x3f392a0|cred_has_perm:_call1|security/selinux/hooks.c,1506}"
CE0x3f394c0 "{CE0x3f394c0|cred_has_perm:_call1|security/selinux/hooks.c,1506|*SummSink*}"
CONST[source:0(mediator),value:2(dynamic)][purpose:{object}]


CONST[source:2(external),value:0(static)][purpose:{operation}]  ->  CONST[source:0(mediator),value:0(static)][purpose:{operation}]
-----------
CONST[source:2(external),value:0(static)][purpose:{operation}]
CE0x3e5a8f0 "{CE0x3e5a8f0|i64_4|*Constant*}"
CE0x3edc760 "{CE0x3edc760|file_map_prot_check:_or|security/selinux/hooks.c,3259}"
CE0x3edc200 "{CE0x3edc200|file_map_prot_check:_conv29|security/selinux/hooks.c,3259}"
CE0x3edc6f0 "{CE0x3edc6f0|file_map_prot_check:_av.0}"
CE0x3ee2580 "{CE0x3ee2580|file_map_prot_check:_av.1}"
CE0x3ee6ab0 "{CE0x3ee6ab0|file_has_perm:_av|Function::file_has_perm&Arg::av::}"
CE0x3f52840 "{CE0x3f52840|inode_has_perm:_perms|Function::inode_has_perm&Arg::perms::}"
CE0x3f4e480 "{CE0x3f4e480|inode_has_perm:_perms|Function::inode_has_perm&Arg::perms::|*SummSink*}"
CONST[source:0(mediator),value:0(static)][purpose:{operation}]


CONST[source:2(external),value:2(dynamic)][purpose:{subject}]  ->  CONST[source:0(mediator),value:2(dynamic)][purpose:{subject}]
-----------
CONST[source:2(external),value:2(dynamic)][purpose:{subject}]
CE0x3e88200 "{CE0x3e88200|COLLAPSED:_GCMRE_current_task_external_global_%struct.task_struct*:_elem_0::|security/selinux/hooks.c,3238}"
CE0x3e88310 "{CE0x3e88310|file_map_prot_check:_tmp19|security/selinux/hooks.c,3238}"
CE0x3eb3700 "{CE0x3eb3700|cred_has_perm:_actor|Function::cred_has_perm&Arg::actor::}"
CE0x3e5cfb0 "{CE0x3e5cfb0|cred_sid:_cred|Function::cred_sid&Arg::cred::}"
CE0x3f355e0 "{CE0x3f355e0|cred_sid:_security|security/selinux/hooks.c,196}"
CE0x3f3ffa0 "{CE0x3f3ffa0|cred_sid:_tmp4|*LoadInst*|security/selinux/hooks.c,196}"
CE0x3f40750 "{CE0x3f40750|cred_sid:_tmp5|security/selinux/hooks.c,196}"
CE0x3f12a80 "{CE0x3f12a80|cred_sid:_sid|security/selinux/hooks.c,197}"
CE0x3f15c40 "{CE0x3f15c40|cred_sid:_tmp6|security/selinux/hooks.c,197}"
CE0x3e5d320 "{CE0x3e5d320|_ret_i32_%tmp6,_!dbg_!27716|security/selinux/hooks.c,197}"
CE0x3f366e0 "{CE0x3f366e0|cred_has_perm:_call|security/selinux/hooks.c,1506}"
CE0x3f1f810 "{CE0x3f1f810|cred_has_perm:_call|security/selinux/hooks.c,1506|*SummSink*}"
CONST[source:0(mediator),value:2(dynamic)][purpose:{subject}]


CONST[source:2(external),value:2(dynamic)][purpose:{subject}]  ->  CONST[source:0(mediator),value:2(dynamic)][purpose:{object}]
-----------
CONST[source:2(external),value:2(dynamic)][purpose:{subject}]
CE0x3e88200 "{CE0x3e88200|COLLAPSED:_GCMRE_current_task_external_global_%struct.task_struct*:_elem_0::|security/selinux/hooks.c,3238}"
CE0x3e88310 "{CE0x3e88310|file_map_prot_check:_tmp19|security/selinux/hooks.c,3238}"
CE0x3eb3700 "{CE0x3eb3700|cred_has_perm:_actor|Function::cred_has_perm&Arg::actor::}"
CE0x3e5cfb0 "{CE0x3e5cfb0|cred_sid:_cred|Function::cred_sid&Arg::cred::}"
CE0x3f355e0 "{CE0x3f355e0|cred_sid:_security|security/selinux/hooks.c,196}"
CE0x3f3ffa0 "{CE0x3f3ffa0|cred_sid:_tmp4|*LoadInst*|security/selinux/hooks.c,196}"
CE0x3f40750 "{CE0x3f40750|cred_sid:_tmp5|security/selinux/hooks.c,196}"
CE0x3f12a80 "{CE0x3f12a80|cred_sid:_sid|security/selinux/hooks.c,197}"
CE0x3f15c40 "{CE0x3f15c40|cred_sid:_tmp6|security/selinux/hooks.c,197}"
CE0x3e5d320 "{CE0x3e5d320|_ret_i32_%tmp6,_!dbg_!27716|security/selinux/hooks.c,197}"
CE0x3f392a0 "{CE0x3f392a0|cred_has_perm:_call1|security/selinux/hooks.c,1506}"
CE0x3f394c0 "{CE0x3f394c0|cred_has_perm:_call1|security/selinux/hooks.c,1506|*SummSink*}"
CONST[source:0(mediator),value:2(dynamic)][purpose:{object}]



implicit:
CONST[source:2(external),value:0(static)][purpose:{operation}]  ->  CONST[source:0(mediator),value:0(static)][purpose:{operation}]
-----------
CONST[source:2(external),value:0(static)][purpose:{operation}]
CE0x3e8b440 "{CE0x3e8b440|i64_2|*Constant*}"
CE0x3ea61c0 "{CE0x3ea61c0|file_map_prot_check:_and13|security/selinux/hooks.c,3242}"
CE0x3eb0470 "{CE0x3eb0470|file_map_prot_check:_tobool14|security/selinux/hooks.c,3242}"
CE0x3e9f9a0 "{CE0x3e9f9a0|file_map_prot_check:_if.end37}"
CE0x3ee2580 "{CE0x3ee2580|file_map_prot_check:_av.1}"
CE0x3ee6ab0 "{CE0x3ee6ab0|file_has_perm:_av|Function::file_has_perm&Arg::av::}"
CE0x3f52840 "{CE0x3f52840|inode_has_perm:_perms|Function::inode_has_perm&Arg::perms::}"
CE0x3f4e480 "{CE0x3f4e480|inode_has_perm:_perms|Function::inode_has_perm&Arg::perms::|*SummSink*}"
CONST[source:0(mediator),value:0(static)][purpose:{operation}]


CONST[source:2(external),value:0(static)][purpose:{operation}]  ->  CONST[source:0(mediator),value:2(dynamic)][purpose:{subject}]
-----------
CONST[source:2(external),value:0(static)][purpose:{operation}]
CE0x3e8b440 "{CE0x3e8b440|i64_2|*Constant*}"
CE0x3ea61c0 "{CE0x3ea61c0|file_map_prot_check:_and13|security/selinux/hooks.c,3242}"
CE0x3eb0470 "{CE0x3eb0470|file_map_prot_check:_tobool14|security/selinux/hooks.c,3242}"
CE0x3e9f9a0 "{CE0x3e9f9a0|file_map_prot_check:_if.end37}"
CE0x3ee5e50 "{CE0x3ee5e50|file_has_perm:_entry}"
CE0x3f21990 "{CE0x3f21990|file_has_perm:_bb}"
CE0x3f5e2c0 "{CE0x3f5e2c0|file_has_perm:_call1|security/selinux/hooks.c,1677}"
CE0x3f55c70 "{CE0x3f55c70|file_has_perm:_call1|security/selinux/hooks.c,1677|*SummSink*}"
CONST[source:0(mediator),value:2(dynamic)][purpose:{subject}]


CONST[source:2(external),value:0(static)][purpose:{operation}]  ->  CONST[source:0(mediator),value:2(dynamic)][purpose:{object}]
-----------
CONST[source:2(external),value:0(static)][purpose:{operation}]
CE0x3e8b440 "{CE0x3e8b440|i64_2|*Constant*}"
CE0x3ea61c0 "{CE0x3ea61c0|file_map_prot_check:_and13|security/selinux/hooks.c,3242}"
CE0x3eb0470 "{CE0x3eb0470|file_map_prot_check:_tobool14|security/selinux/hooks.c,3242}"
CE0x3e9f9a0 "{CE0x3e9f9a0|file_map_prot_check:_if.end37}"
CE0x3ee5e50 "{CE0x3ee5e50|file_has_perm:_entry}"
CE0x3f15fc0 "{CE0x3f15fc0|file_has_perm:_if.then}"
CE0x3f54940 "{CE0x3f54940|file_has_perm:_tmp11|security/selinux/hooks.c,1684}"
CE0x3f54be0 "{CE0x3f54be0|file_has_perm:_tmp11|security/selinux/hooks.c,1684|*SummSink*}"
CONST[source:0(mediator),value:2(dynamic)][purpose:{object}]


CONST[source:1(input),value:2(dynamic)][purpose:{object}]  ->  CONST[source:0(mediator),value:0(static)][purpose:{operation}]
-----------
CONST[source:1(input),value:2(dynamic)][purpose:{object}]
CE0x3e640c0 "{CE0x3e640c0|selinux_mmap_file:_file|Function::selinux_mmap_file&Arg::file::|*SummSource*}"
CE0x3e63fb0 "{CE0x3e63fb0|selinux_mmap_file:_file|Function::selinux_mmap_file&Arg::file::}"
CE0x3e64390 "{CE0x3e64390|file_map_prot_check:_file|Function::file_map_prot_check&Arg::file::}"
CE0x3e807c0 "{CE0x3e807c0|file_map_prot_check:_tobool10|security/selinux/hooks.c,3242}"
CE0x3e9f9a0 "{CE0x3e9f9a0|file_map_prot_check:_if.end37}"
CE0x3ee2580 "{CE0x3ee2580|file_map_prot_check:_av.1}"
CE0x3ee6ab0 "{CE0x3ee6ab0|file_has_perm:_av|Function::file_has_perm&Arg::av::}"
CE0x3f52840 "{CE0x3f52840|inode_has_perm:_perms|Function::inode_has_perm&Arg::perms::}"
CE0x3f4e480 "{CE0x3f4e480|inode_has_perm:_perms|Function::inode_has_perm&Arg::perms::|*SummSink*}"
CONST[source:0(mediator),value:0(static)][purpose:{operation}]


CONST[source:1(input),value:2(dynamic)][purpose:{object}]  ->  CONST[source:0(mediator),value:2(dynamic)][purpose:{subject}]
-----------
CONST[source:1(input),value:2(dynamic)][purpose:{object}]
CE0x3f43e50 "{CE0x3f43e50|0:_i32,_:_CRE_0,4_|*MultipleSource*|*LoadInst*|security/selinux/hooks.c,1674|security/selinux/hooks.c,1683|security/selinux/hooks.c,1674}"
CE0x3f444a0 "{CE0x3f444a0|file_has_perm:_tmp6|security/selinux/hooks.c,1683}"
CE0x3f449f0 "{CE0x3f449f0|file_has_perm:_cmp|security/selinux/hooks.c,1683}"
CE0x3f38f60 "{CE0x3f38f60|file_has_perm:_if.then8}"
CE0x3f51890 "{CE0x3f51890|inode_has_perm:_entry}"
CE0x3fa1d20 "{CE0x3fa1d20|inode_has_perm:_if.end}"
CE0x3fe3540 "{CE0x3fe3540|inode_has_perm:_call|security/selinux/hooks.c,1614}"
CE0x3fe37e0 "{CE0x3fe37e0|inode_has_perm:_call|security/selinux/hooks.c,1614|*SummSink*}"
CONST[source:0(mediator),value:2(dynamic)][purpose:{subject}]


CONST[source:1(input),value:2(dynamic)][purpose:{object}]  ->  CONST[source:0(mediator),value:2(dynamic)][purpose:{object}]
-----------
CONST[source:1(input),value:2(dynamic)][purpose:{object}]
CE0x3f43e50 "{CE0x3f43e50|0:_i32,_:_CRE_0,4_|*MultipleSource*|*LoadInst*|security/selinux/hooks.c,1674|security/selinux/hooks.c,1683|security/selinux/hooks.c,1674}"
CE0x3f54940 "{CE0x3f54940|file_has_perm:_tmp11|security/selinux/hooks.c,1684}"
CE0x3f54be0 "{CE0x3f54be0|file_has_perm:_tmp11|security/selinux/hooks.c,1684|*SummSink*}"
CONST[source:0(mediator),value:2(dynamic)][purpose:{object}]


CONST[source:2(external),value:2(dynamic)][purpose:{subject}]  ->  CONST[source:0(mediator),value:2(dynamic)][purpose:{subject}]
-----------
CONST[source:2(external),value:2(dynamic)][purpose:{subject}]
CE0x3e88200 "{CE0x3e88200|COLLAPSED:_GCMRE_current_task_external_global_%struct.task_struct*:_elem_0::|security/selinux/hooks.c,3238}"
CE0x3e88310 "{CE0x3e88310|file_map_prot_check:_tmp19|security/selinux/hooks.c,3238}"
CE0x3ee61a0 "{CE0x3ee61a0|file_has_perm:_cred|Function::file_has_perm&Arg::cred::}"
CE0x3f52e30 "{CE0x3f52e30|cred_sid:_cred|Function::cred_sid&Arg::cred::}"
CE0x3ed18f0 "{CE0x3ed18f0|cred_sid:_security|security/selinux/hooks.c,196}"
CE0x3e9ece0 "{CE0x3e9ece0|cred_sid:_tmp4|*LoadInst*|security/selinux/hooks.c,196}"
CE0x3ed1cd0 "{CE0x3ed1cd0|cred_sid:_tmp5|security/selinux/hooks.c,196}"
CE0x3f13a50 "{CE0x3f13a50|cred_sid:_sid|security/selinux/hooks.c,197}"
CE0x3f13c10 "{CE0x3f13c10|cred_sid:_tmp6|security/selinux/hooks.c,197}"
CE0x3f52fa0 "{CE0x3f52fa0|_ret_i32_%tmp6,_!dbg_!27716|security/selinux/hooks.c,197}"
CE0x3f5e2c0 "{CE0x3f5e2c0|file_has_perm:_call1|security/selinux/hooks.c,1677}"
CE0x3f55c70 "{CE0x3f55c70|file_has_perm:_call1|security/selinux/hooks.c,1677|*SummSink*}"
CONST[source:0(mediator),value:2(dynamic)][purpose:{subject}]


CONST[source:2(external),value:2(dynamic)][purpose:{subject}]  ->  CONST[source:0(mediator),value:2(dynamic)][purpose:{object}]
-----------
CONST[source:2(external),value:2(dynamic)][purpose:{subject}]
CE0x3e88200 "{CE0x3e88200|COLLAPSED:_GCMRE_current_task_external_global_%struct.task_struct*:_elem_0::|security/selinux/hooks.c,3238}"
CE0x3e88310 "{CE0x3e88310|file_map_prot_check:_tmp19|security/selinux/hooks.c,3238}"
CE0x3eb3700 "{CE0x3eb3700|cred_has_perm:_actor|Function::cred_has_perm&Arg::actor::}"
CE0x3e5cfb0 "{CE0x3e5cfb0|cred_sid:_cred|Function::cred_sid&Arg::cred::}"
CE0x3f355e0 "{CE0x3f355e0|cred_sid:_security|security/selinux/hooks.c,196}"
CE0x3f3ffa0 "{CE0x3f3ffa0|cred_sid:_tmp4|*LoadInst*|security/selinux/hooks.c,196}"
CE0x3f40750 "{CE0x3f40750|cred_sid:_tmp5|security/selinux/hooks.c,196}"
CE0x3f12a80 "{CE0x3f12a80|cred_sid:_sid|security/selinux/hooks.c,197}"
CE0x3f15c40 "{CE0x3f15c40|cred_sid:_tmp6|security/selinux/hooks.c,197}"
CE0x3e5d320 "{CE0x3e5d320|_ret_i32_%tmp6,_!dbg_!27716|security/selinux/hooks.c,197}"
CE0x3f392a0 "{CE0x3f392a0|cred_has_perm:_call1|security/selinux/hooks.c,1506}"
CE0x3f394c0 "{CE0x3f394c0|cred_has_perm:_call1|security/selinux/hooks.c,1506|*SummSink*}"
CONST[source:0(mediator),value:2(dynamic)][purpose:{object}]


CONST[source:1(input),value:2(dynamic)][purpose:{operation}]  ->  CONST[source:0(mediator),value:0(static)][purpose:{operation}]
-----------
CONST[source:1(input),value:2(dynamic)][purpose:{operation}]
CE0x3e62260 "{CE0x3e62260|selinux_mmap_file:_prot|Function::selinux_mmap_file&Arg::prot::|*SummSource*}"
CE0x3e62180 "{CE0x3e62180|selinux_mmap_file:_prot|Function::selinux_mmap_file&Arg::prot::}"
CE0x3e62110 "{CE0x3e62110|selinux_mmap_file:_prot.addr.0}"
CE0x3e54c30 "{CE0x3e54c30|file_map_prot_check:_prot|Function::file_map_prot_check&Arg::prot::}"
CE0x3eb4970 "{CE0x3eb4970|file_map_prot_check:_and|security/selinux/hooks.c,3242}"
CE0x3eb4800 "{CE0x3eb4800|file_map_prot_check:_tobool8|security/selinux/hooks.c,3242}"
CE0x3e9f9a0 "{CE0x3e9f9a0|file_map_prot_check:_if.end37}"
CE0x3ee2580 "{CE0x3ee2580|file_map_prot_check:_av.1}"
CE0x3ee6ab0 "{CE0x3ee6ab0|file_has_perm:_av|Function::file_has_perm&Arg::av::}"
CE0x3f52840 "{CE0x3f52840|inode_has_perm:_perms|Function::inode_has_perm&Arg::perms::}"
CE0x3f4e480 "{CE0x3f4e480|inode_has_perm:_perms|Function::inode_has_perm&Arg::perms::|*SummSink*}"
CONST[source:0(mediator),value:0(static)][purpose:{operation}]


CONST[source:1(input),value:2(dynamic)][purpose:{operation}]  ->  CONST[source:0(mediator),value:2(dynamic)][purpose:{subject}]
-----------
CONST[source:1(input),value:2(dynamic)][purpose:{operation}]
CE0x3e62260 "{CE0x3e62260|selinux_mmap_file:_prot|Function::selinux_mmap_file&Arg::prot::|*SummSource*}"
CE0x3e62180 "{CE0x3e62180|selinux_mmap_file:_prot|Function::selinux_mmap_file&Arg::prot::}"
CE0x3e62110 "{CE0x3e62110|selinux_mmap_file:_prot.addr.0}"
CE0x3e54c30 "{CE0x3e54c30|file_map_prot_check:_prot|Function::file_map_prot_check&Arg::prot::}"
CE0x3eb4970 "{CE0x3eb4970|file_map_prot_check:_and|security/selinux/hooks.c,3242}"
CE0x3eb4800 "{CE0x3eb4800|file_map_prot_check:_tobool8|security/selinux/hooks.c,3242}"
CE0x3e9f9a0 "{CE0x3e9f9a0|file_map_prot_check:_if.end37}"
CE0x3ee5e50 "{CE0x3ee5e50|file_has_perm:_entry}"
CE0x3f21990 "{CE0x3f21990|file_has_perm:_bb}"
CE0x3f5e2c0 "{CE0x3f5e2c0|file_has_perm:_call1|security/selinux/hooks.c,1677}"
CE0x3f55c70 "{CE0x3f55c70|file_has_perm:_call1|security/selinux/hooks.c,1677|*SummSink*}"
CONST[source:0(mediator),value:2(dynamic)][purpose:{subject}]


CONST[source:1(input),value:2(dynamic)][purpose:{operation}]  ->  CONST[source:0(mediator),value:2(dynamic)][purpose:{object}]
-----------
CONST[source:1(input),value:2(dynamic)][purpose:{operation}]
CE0x3e62260 "{CE0x3e62260|selinux_mmap_file:_prot|Function::selinux_mmap_file&Arg::prot::|*SummSource*}"
CE0x3e62180 "{CE0x3e62180|selinux_mmap_file:_prot|Function::selinux_mmap_file&Arg::prot::}"
CE0x3e62110 "{CE0x3e62110|selinux_mmap_file:_prot.addr.0}"
CE0x3e54c30 "{CE0x3e54c30|file_map_prot_check:_prot|Function::file_map_prot_check&Arg::prot::}"
CE0x3eb4970 "{CE0x3eb4970|file_map_prot_check:_and|security/selinux/hooks.c,3242}"
CE0x3eb4800 "{CE0x3eb4800|file_map_prot_check:_tobool8|security/selinux/hooks.c,3242}"
CE0x3e9f9a0 "{CE0x3e9f9a0|file_map_prot_check:_if.end37}"
CE0x3ee5e50 "{CE0x3ee5e50|file_has_perm:_entry}"
CE0x3f15fc0 "{CE0x3f15fc0|file_has_perm:_if.then}"
CE0x3f54940 "{CE0x3f54940|file_has_perm:_tmp11|security/selinux/hooks.c,1684}"
CE0x3f54be0 "{CE0x3f54be0|file_has_perm:_tmp11|security/selinux/hooks.c,1684|*SummSink*}"
CONST[source:0(mediator),value:2(dynamic)][purpose:{object}]


CONST[source:0(mediator),value:2(dynamic)][purpose:{subject}]  ->  CONST[source:0(mediator),value:2(dynamic)][purpose:{object}]
-----------
CONST[source:0(mediator),value:2(dynamic)][purpose:{subject}]
CE0x3f145a0 "{CE0x3f145a0|0:_i32,_4:_i32,_8:_i32,_12:_i32,_:_CMRE_4,8_|*MultipleSource*|security/selinux/hooks.c,196|*LoadInst*|security/selinux/hooks.c,196|security/selinux/hooks.c,197}"
CE0x3f15c40 "{CE0x3f15c40|cred_sid:_tmp6|security/selinux/hooks.c,197}"
CE0x3e5d320 "{CE0x3e5d320|_ret_i32_%tmp6,_!dbg_!27716|security/selinux/hooks.c,197}"
CE0x3f392a0 "{CE0x3f392a0|cred_has_perm:_call1|security/selinux/hooks.c,1506}"
CE0x3f394c0 "{CE0x3f394c0|cred_has_perm:_call1|security/selinux/hooks.c,1506|*SummSink*}"
CONST[source:0(mediator),value:2(dynamic)][purpose:{object}]


