[selinux_shm_alloc_security]

explicit:
CONST[source:2(external),value:2(dynamic)][purpose:{subject}][SrcIdx:14]  ->  CONST[source:0(mediator),value:2(dynamic)][purpose:{subject}][SnkIdx:0]
-----------
CONST[source:2(external),value:2(dynamic)][purpose:{subject}][SrcIdx:14]
CE0x43741a0 "{CE0x43741a0|COLLAPSED:_GCMRE_current_task_external_global_%struct.task_struct*:_elem_0::|security/selinux/hooks.c,218}"
CE0x4375680 "{CE0x4375680|current_sid:tmp22|security/selinux/hooks.c,218}"
CE0x4375970 "{CE0x4375970|current_sid:tmp23|security/selinux/hooks.c,218}"
CE0x4376340 "{CE0x4376340|current_sid:sid|security/selinux/hooks.c,220}"
CE0x4377170 "{CE0x4377170|current_sid:tmp24|security/selinux/hooks.c,220}"
CE0x42ff570 "{CE0x42ff570|_ret_i32_%tmp24,_!dbg_!27742|security/selinux/hooks.c,220}"
CE0x431d630 "{CE0x431d630|selinux_shm_alloc_security:call|security/selinux/hooks.c,5295}"
CE0x43090d0 "{CE0x43090d0|selinux_shm_alloc_security:call|security/selinux/hooks.c,5295|*SummSink*}"
CONST[source:0(mediator),value:2(dynamic)][purpose:{subject}][SnkIdx:0]


CONST[source:2(external),value:2(dynamic)][purpose:{subject}][SrcIdx:14]  ->  CONST[source:0(mediator),value:2(dynamic)][purpose:{object}][SnkIdx:1]
-----------
CONST[source:2(external),value:2(dynamic)][purpose:{subject}][SrcIdx:14]
CE0x43741a0 "{CE0x43741a0|COLLAPSED:_GCMRE_current_task_external_global_%struct.task_struct*:_elem_0::|security/selinux/hooks.c,218}"
CE0x43bdd70 "{CE0x43bdd70|task_sid:tmp4|*LoadInst*|security/selinux/hooks.c,208}"
CE0x43baf10 "{CE0x43baf10|cred_sid:cred|Function::cred_sid&Arg::cred::}"
CE0x43c1ea0 "{CE0x43c1ea0|cred_sid:security|security/selinux/hooks.c,196}"
CE0x43c20c0 "{CE0x43c20c0|cred_sid:tmp4|*LoadInst*|security/selinux/hooks.c,196}"
CE0x43c3250 "{CE0x43c3250|cred_sid:tmp5|security/selinux/hooks.c,196}"
CE0x43bf190 "{CE0x43bf190|cred_sid:sid|security/selinux/hooks.c,197}"
CE0x43bcd40 "{CE0x43bcd40|cred_sid:tmp6|security/selinux/hooks.c,197}"
CE0x43bb270 "{CE0x43bb270|_ret_i32_%tmp6,_!dbg_!27716|security/selinux/hooks.c,197}"
CE0x43b9bb0 "{CE0x43b9bb0|task_sid:call7|security/selinux/hooks.c,208}"
CE0x431e290 "{CE0x431e290|_ret_i32_%call7,_!dbg_!27749|security/selinux/hooks.c,210}"
CE0x43814c0 "{CE0x43814c0|ipc_alloc_security:call1|security/selinux/hooks.c,5087}"
CE0x4347100 "{CE0x4347100|0:_i16,_4:_i32,_:_CMRE_4,8_|*MultipleSource*|security/selinux/hooks.c,5302|security/selinux/hooks.c,5302|security/selinux/hooks.c,5307}"
CE0x43472c0 "{CE0x43472c0|selinux_shm_alloc_security:tmp11|security/selinux/hooks.c,5307}"
CE0x4345e50 "{CE0x4345e50|selinux_shm_alloc_security:tmp11|security/selinux/hooks.c,5307|*SummSink*}"
CONST[source:0(mediator),value:2(dynamic)][purpose:{object}][SnkIdx:1]


CONST[source:1(input),value:2(dynamic)][purpose:{object}][SrcIdx:13]  ->  CONST[source:0(mediator),value:2(dynamic)][purpose:{object}][SnkIdx:1]
-----------
CONST[source:1(input),value:2(dynamic)][purpose:{object}][SrcIdx:13]
CE0x4347100 "{CE0x4347100|0:_i16,_4:_i32,_:_CMRE_4,8_|*MultipleSource*|security/selinux/hooks.c,5302|security/selinux/hooks.c,5302|security/selinux/hooks.c,5307}"
CE0x43472c0 "{CE0x43472c0|selinux_shm_alloc_security:tmp11|security/selinux/hooks.c,5307}"
CE0x4345e50 "{CE0x4345e50|selinux_shm_alloc_security:tmp11|security/selinux/hooks.c,5307|*SummSink*}"
CONST[source:0(mediator),value:2(dynamic)][purpose:{object}][SnkIdx:1]



implicit:
CONST[source:2(external),value:2(dynamic)][purpose:{subject}][SrcIdx:14]  ->  CONST[source:0(mediator),value:2(dynamic)][purpose:{object}][SnkIdx:1]
-----------
CONST[source:2(external),value:2(dynamic)][purpose:{subject}][SrcIdx:14]
CE0x43741a0 "{CE0x43741a0|COLLAPSED:_GCMRE_current_task_external_global_%struct.task_struct*:_elem_0::|security/selinux/hooks.c,218}"
CE0x43bdd70 "{CE0x43bdd70|task_sid:tmp4|*LoadInst*|security/selinux/hooks.c,208}"
CE0x43baf10 "{CE0x43baf10|cred_sid:cred|Function::cred_sid&Arg::cred::}"
CE0x43c1ea0 "{CE0x43c1ea0|cred_sid:security|security/selinux/hooks.c,196}"
CE0x43c20c0 "{CE0x43c20c0|cred_sid:tmp4|*LoadInst*|security/selinux/hooks.c,196}"
CE0x43c3250 "{CE0x43c3250|cred_sid:tmp5|security/selinux/hooks.c,196}"
CE0x43bf190 "{CE0x43bf190|cred_sid:sid|security/selinux/hooks.c,197}"
CE0x43bcd40 "{CE0x43bcd40|cred_sid:tmp6|security/selinux/hooks.c,197}"
CE0x43bb270 "{CE0x43bb270|_ret_i32_%tmp6,_!dbg_!27716|security/selinux/hooks.c,197}"
CE0x43b9bb0 "{CE0x43b9bb0|task_sid:call7|security/selinux/hooks.c,208}"
CE0x431e290 "{CE0x431e290|_ret_i32_%call7,_!dbg_!27749|security/selinux/hooks.c,210}"
CE0x43814c0 "{CE0x43814c0|ipc_alloc_security:call1|security/selinux/hooks.c,5087}"
CE0x4347100 "{CE0x4347100|0:_i16,_4:_i32,_:_CMRE_4,8_|*MultipleSource*|security/selinux/hooks.c,5302|security/selinux/hooks.c,5302|security/selinux/hooks.c,5307}"
CE0x43472c0 "{CE0x43472c0|selinux_shm_alloc_security:tmp11|security/selinux/hooks.c,5307}"
CE0x4345e50 "{CE0x4345e50|selinux_shm_alloc_security:tmp11|security/selinux/hooks.c,5307|*SummSink*}"
CONST[source:0(mediator),value:2(dynamic)][purpose:{object}][SnkIdx:1]


CONST[source:2(external),value:2(dynamic)][purpose:{subject}][SrcIdx:14]  ->  CONST[source:0(mediator),value:2(dynamic)][purpose:{subject}][SnkIdx:0]
-----------
CONST[source:2(external),value:2(dynamic)][purpose:{subject}][SrcIdx:14]
CE0x43741a0 "{CE0x43741a0|COLLAPSED:_GCMRE_current_task_external_global_%struct.task_struct*:_elem_0::|security/selinux/hooks.c,218}"
CE0x4375680 "{CE0x4375680|current_sid:tmp22|security/selinux/hooks.c,218}"
CE0x4375970 "{CE0x4375970|current_sid:tmp23|security/selinux/hooks.c,218}"
CE0x4376340 "{CE0x4376340|current_sid:sid|security/selinux/hooks.c,220}"
CE0x4377170 "{CE0x4377170|current_sid:tmp24|security/selinux/hooks.c,220}"
CE0x42ff570 "{CE0x42ff570|_ret_i32_%tmp24,_!dbg_!27742|security/selinux/hooks.c,220}"
CE0x431d630 "{CE0x431d630|selinux_shm_alloc_security:call|security/selinux/hooks.c,5295}"
CE0x43090d0 "{CE0x43090d0|selinux_shm_alloc_security:call|security/selinux/hooks.c,5295|*SummSink*}"
CONST[source:0(mediator),value:2(dynamic)][purpose:{subject}][SnkIdx:0]


CONST[source:1(input),value:2(dynamic)][purpose:{object}][SrcIdx:13]  ->  CONST[source:0(mediator),value:2(dynamic)][purpose:{object}][SnkIdx:1]
-----------
CONST[source:1(input),value:2(dynamic)][purpose:{object}][SrcIdx:13]
CE0x4347100 "{CE0x4347100|0:_i16,_4:_i32,_:_CMRE_4,8_|*MultipleSource*|security/selinux/hooks.c,5302|security/selinux/hooks.c,5302|security/selinux/hooks.c,5307}"
CE0x43472c0 "{CE0x43472c0|selinux_shm_alloc_security:tmp11|security/selinux/hooks.c,5307}"
CE0x4345e50 "{CE0x4345e50|selinux_shm_alloc_security:tmp11|security/selinux/hooks.c,5307|*SummSink*}"
CONST[source:0(mediator),value:2(dynamic)][purpose:{object}][SnkIdx:1]


