[tomoyo_socket_connect.z]

explicit:
CONST[source:1(input),value:2(dynamic)][purpose:{object}][SrcIdx:3]  ->  CONST[source:0(mediator),value:0(static)][purpose:{operation}][SnkIdx:4]
-----------
CONST[source:1(input),value:2(dynamic)][purpose:{object}][SrcIdx:3]
CE0x5cf5270 "{CE0x5cf5270|VOIDTB_TE:_IE:_elem_0:default:}"
CONST[source:0(mediator),value:0(static)][purpose:{operation}][SnkIdx:4]


CONST[source:1(input),value:2(dynamic)][purpose:{object}][SrcIdx:3]  ->  CONST[source:0(mediator),value:2(dynamic)][purpose:{object}][SnkIdx:1]
-----------
CONST[source:1(input),value:2(dynamic)][purpose:{object}][SrcIdx:3]
CE0x5cf5270 "{CE0x5cf5270|VOIDTB_TE:_IE:_elem_0:default:}"
CONST[source:0(mediator),value:2(dynamic)][purpose:{object}][SnkIdx:1]


CONST[source:1(input),value:2(dynamic)][purpose:{object}][SrcIdx:3]  ->  CONST[source:0(mediator),value:2(dynamic)][purpose:{subject}][SnkIdx:0]
-----------
CONST[source:1(input),value:2(dynamic)][purpose:{object}][SrcIdx:3]
CE0x5cbc350 "{CE0x5cbc350|56:_i32_(%struct.socket.518*,_%struct.sockaddr*,_i32*,_i32)*,_:_IRE:_elem_0:default:}"
CONST[source:0(mediator),value:2(dynamic)][purpose:{subject}][SnkIdx:0]


CONST[source:1(input),value:2(dynamic)][purpose:{object}][SrcIdx:3]  ->  CONST[source:0(mediator),value:0(static)][purpose:{operation}][SnkIdx:5]
-----------
CONST[source:1(input),value:2(dynamic)][purpose:{object}][SrcIdx:3]
CE0x5cf5270 "{CE0x5cf5270|VOIDTB_TE:_IE:_elem_0:default:}"
CONST[source:0(mediator),value:0(static)][purpose:{operation}][SnkIdx:5]


CONST[source:1(input),value:2(dynamic)][purpose:{object}][SrcIdx:3]  ->  CONST[source:0(mediator),value:2(dynamic)][purpose:{object}][SnkIdx:2]
-----------
CONST[source:1(input),value:2(dynamic)][purpose:{object}][SrcIdx:3]
CE0x5cbc350 "{CE0x5cbc350|56:_i32_(%struct.socket.518*,_%struct.sockaddr*,_i32*,_i32)*,_:_IRE:_elem_0:default:}"
CONST[source:0(mediator),value:2(dynamic)][purpose:{object}][SnkIdx:2]


CONST[source:1(input),value:2(dynamic)][purpose:{object}][SrcIdx:3]  ->  CONST[source:0(mediator),value:2(dynamic)][purpose:{object}][SnkIdx:3]
-----------
CONST[source:1(input),value:2(dynamic)][purpose:{object}][SrcIdx:3]
CE0x5cf5270 "{CE0x5cf5270|VOIDTB_TE:_IE:_elem_0:default:}"
CONST[source:0(mediator),value:2(dynamic)][purpose:{object}][SnkIdx:3]


CONST[source:1(input),value:2(dynamic)][purpose:{object}][SrcIdx:2]  ->  CONST[source:0(mediator),value:0(static)][purpose:{operation}][SnkIdx:4]
-----------
CONST[source:1(input),value:2(dynamic)][purpose:{object}][SrcIdx:2]
CE0x5cc8b30 "{CE0x5cc8b30|0:_i8,_1:_i8,_8:_i16,_16:_i32*,_24:_i8,_32:_i8*,_40:_i32,_:_SCMR:_elem_0:default:}"
CE0x5d21be0 "{CE0x5d21be0|tmp19}"
CE0x5cbc350 "{CE0x5cbc350|56:_i32_(%struct.socket.518*,_%struct.sockaddr*,_i32*,_i32)*,_:_IRE:_elem_0:default:}"
CONST[source:0(mediator),value:0(static)][purpose:{operation}][SnkIdx:4]


CONST[source:1(input),value:2(dynamic)][purpose:{object}][SrcIdx:2]  ->  CONST[source:0(mediator),value:2(dynamic)][purpose:{object}][SnkIdx:1]
-----------
CONST[source:1(input),value:2(dynamic)][purpose:{object}][SrcIdx:2]
CE0x5cc8b30 "{CE0x5cc8b30|0:_i8,_1:_i8,_8:_i16,_16:_i32*,_24:_i8,_32:_i8*,_40:_i32,_:_SCMR:_elem_0:default:}"
CE0x5d21be0 "{CE0x5d21be0|tmp19}"
CE0x5cbc350 "{CE0x5cbc350|56:_i32_(%struct.socket.518*,_%struct.sockaddr*,_i32*,_i32)*,_:_IRE:_elem_0:default:}"
CONST[source:0(mediator),value:2(dynamic)][purpose:{object}][SnkIdx:1]


CONST[source:1(input),value:2(dynamic)][purpose:{object}][SrcIdx:2]  ->  CONST[source:0(mediator),value:2(dynamic)][purpose:{subject}][SnkIdx:0]
-----------
CONST[source:1(input),value:2(dynamic)][purpose:{object}][SrcIdx:2]
CE0x5cc8b30 "{CE0x5cc8b30|0:_i8,_1:_i8,_8:_i16,_16:_i32*,_24:_i8,_32:_i8*,_40:_i32,_:_SCMR:_elem_0:default:}"
CE0x5d21be0 "{CE0x5d21be0|tmp19}"
CE0x5cbc350 "{CE0x5cbc350|56:_i32_(%struct.socket.518*,_%struct.sockaddr*,_i32*,_i32)*,_:_IRE:_elem_0:default:}"
CONST[source:0(mediator),value:2(dynamic)][purpose:{subject}][SnkIdx:0]


CONST[source:1(input),value:2(dynamic)][purpose:{object}][SrcIdx:2]  ->  CONST[source:0(mediator),value:0(static)][purpose:{operation}][SnkIdx:5]
-----------
CONST[source:1(input),value:2(dynamic)][purpose:{object}][SrcIdx:2]
CE0x5cc8b30 "{CE0x5cc8b30|0:_i8,_1:_i8,_8:_i16,_16:_i32*,_24:_i8,_32:_i8*,_40:_i32,_:_SCMR:_elem_0:default:}"
CE0x5d21be0 "{CE0x5d21be0|tmp19}"
CE0x5cbc350 "{CE0x5cbc350|56:_i32_(%struct.socket.518*,_%struct.sockaddr*,_i32*,_i32)*,_:_IRE:_elem_0:default:}"
CONST[source:0(mediator),value:0(static)][purpose:{operation}][SnkIdx:5]


CONST[source:1(input),value:2(dynamic)][purpose:{object}][SrcIdx:2]  ->  CONST[source:0(mediator),value:2(dynamic)][purpose:{object}][SnkIdx:2]
-----------
CONST[source:1(input),value:2(dynamic)][purpose:{object}][SrcIdx:2]
CE0x5cc8b30 "{CE0x5cc8b30|0:_i8,_1:_i8,_8:_i16,_16:_i32*,_24:_i8,_32:_i8*,_40:_i32,_:_SCMR:_elem_0:default:}"
CE0x5d21be0 "{CE0x5d21be0|tmp19}"
CE0x5cbc350 "{CE0x5cbc350|56:_i32_(%struct.socket.518*,_%struct.sockaddr*,_i32*,_i32)*,_:_IRE:_elem_0:default:}"
CONST[source:0(mediator),value:2(dynamic)][purpose:{object}][SnkIdx:2]


CONST[source:1(input),value:2(dynamic)][purpose:{object}][SrcIdx:2]  ->  CONST[source:0(mediator),value:2(dynamic)][purpose:{object}][SnkIdx:3]
-----------
CONST[source:1(input),value:2(dynamic)][purpose:{object}][SrcIdx:2]
CE0x5cc8b30 "{CE0x5cc8b30|0:_i8,_1:_i8,_8:_i16,_16:_i32*,_24:_i8,_32:_i8*,_40:_i32,_:_SCMR:_elem_0:default:}"
CE0x5d21be0 "{CE0x5d21be0|tmp19}"
CE0x5cbc350 "{CE0x5cbc350|56:_i32_(%struct.socket.518*,_%struct.sockaddr*,_i32*,_i32)*,_:_IRE:_elem_0:default:}"
CONST[source:0(mediator),value:2(dynamic)][purpose:{object}][SnkIdx:3]


CONST[source:0(mediator),value:1(k-static)][purpose:{operation}][SrcIdx:5]  ->  CONST[source:0(mediator),value:0(static)][purpose:{operation}][SnkIdx:4]
-----------
CONST[source:0(mediator),value:1(k-static)][purpose:{operation}][SrcIdx:5]
CE0x5cc8b30 "{CE0x5cc8b30|0:_i8,_1:_i8,_8:_i16,_16:_i32*,_24:_i8,_32:_i8*,_40:_i32,_:_SCMR:_elem_0:default:}"
CE0x5d21be0 "{CE0x5d21be0|tmp19}"
CE0x5cbc350 "{CE0x5cbc350|56:_i32_(%struct.socket.518*,_%struct.sockaddr*,_i32*,_i32)*,_:_IRE:_elem_0:default:}"
CONST[source:0(mediator),value:0(static)][purpose:{operation}][SnkIdx:4]


CONST[source:0(mediator),value:1(k-static)][purpose:{operation}][SrcIdx:5]  ->  CONST[source:0(mediator),value:2(dynamic)][purpose:{object}][SnkIdx:1]
-----------
CONST[source:0(mediator),value:1(k-static)][purpose:{operation}][SrcIdx:5]
CE0x5cc8b30 "{CE0x5cc8b30|0:_i8,_1:_i8,_8:_i16,_16:_i32*,_24:_i8,_32:_i8*,_40:_i32,_:_SCMR:_elem_0:default:}"
CE0x5d21be0 "{CE0x5d21be0|tmp19}"
CE0x5cbc350 "{CE0x5cbc350|56:_i32_(%struct.socket.518*,_%struct.sockaddr*,_i32*,_i32)*,_:_IRE:_elem_0:default:}"
CONST[source:0(mediator),value:2(dynamic)][purpose:{object}][SnkIdx:1]


CONST[source:0(mediator),value:1(k-static)][purpose:{operation}][SrcIdx:5]  ->  CONST[source:0(mediator),value:2(dynamic)][purpose:{subject}][SnkIdx:0]
-----------
CONST[source:0(mediator),value:1(k-static)][purpose:{operation}][SrcIdx:5]
CE0x5cc8b30 "{CE0x5cc8b30|0:_i8,_1:_i8,_8:_i16,_16:_i32*,_24:_i8,_32:_i8*,_40:_i32,_:_SCMR:_elem_0:default:}"
CE0x5d21be0 "{CE0x5d21be0|tmp19}"
CE0x5cbc350 "{CE0x5cbc350|56:_i32_(%struct.socket.518*,_%struct.sockaddr*,_i32*,_i32)*,_:_IRE:_elem_0:default:}"
CONST[source:0(mediator),value:2(dynamic)][purpose:{subject}][SnkIdx:0]


CONST[source:0(mediator),value:1(k-static)][purpose:{operation}][SrcIdx:5]  ->  CONST[source:0(mediator),value:0(static)][purpose:{operation}][SnkIdx:5]
-----------
CONST[source:0(mediator),value:1(k-static)][purpose:{operation}][SrcIdx:5]
CE0x5cc8b30 "{CE0x5cc8b30|0:_i8,_1:_i8,_8:_i16,_16:_i32*,_24:_i8,_32:_i8*,_40:_i32,_:_SCMR:_elem_0:default:}"
CE0x5d21be0 "{CE0x5d21be0|tmp19}"
CE0x5cbc350 "{CE0x5cbc350|56:_i32_(%struct.socket.518*,_%struct.sockaddr*,_i32*,_i32)*,_:_IRE:_elem_0:default:}"
CONST[source:0(mediator),value:0(static)][purpose:{operation}][SnkIdx:5]


CONST[source:0(mediator),value:1(k-static)][purpose:{operation}][SrcIdx:5]  ->  CONST[source:0(mediator),value:2(dynamic)][purpose:{object}][SnkIdx:2]
-----------
CONST[source:0(mediator),value:1(k-static)][purpose:{operation}][SrcIdx:5]
CE0x5cc8b30 "{CE0x5cc8b30|0:_i8,_1:_i8,_8:_i16,_16:_i32*,_24:_i8,_32:_i8*,_40:_i32,_:_SCMR:_elem_0:default:}"
CE0x5d21be0 "{CE0x5d21be0|tmp19}"
CE0x5cbc350 "{CE0x5cbc350|56:_i32_(%struct.socket.518*,_%struct.sockaddr*,_i32*,_i32)*,_:_IRE:_elem_0:default:}"
CONST[source:0(mediator),value:2(dynamic)][purpose:{object}][SnkIdx:2]


CONST[source:0(mediator),value:1(k-static)][purpose:{operation}][SrcIdx:5]  ->  CONST[source:0(mediator),value:2(dynamic)][purpose:{object}][SnkIdx:3]
-----------
CONST[source:0(mediator),value:1(k-static)][purpose:{operation}][SrcIdx:5]
CE0x5cc8b30 "{CE0x5cc8b30|0:_i8,_1:_i8,_8:_i16,_16:_i32*,_24:_i8,_32:_i8*,_40:_i32,_:_SCMR:_elem_0:default:}"
CE0x5d21be0 "{CE0x5d21be0|tmp19}"
CE0x5cbc350 "{CE0x5cbc350|56:_i32_(%struct.socket.518*,_%struct.sockaddr*,_i32*,_i32)*,_:_IRE:_elem_0:default:}"
CONST[source:0(mediator),value:2(dynamic)][purpose:{object}][SnkIdx:3]


CONST[source:1(input),value:2(dynamic)][purpose:{operation}][SrcIdx:6]  ->  CONST[source:0(mediator),value:0(static)][purpose:{operation}][SnkIdx:4]
-----------
CONST[source:1(input),value:2(dynamic)][purpose:{operation}][SrcIdx:6]
CE0x5cc8b30 "{CE0x5cc8b30|0:_i8,_1:_i8,_8:_i16,_16:_i32*,_24:_i8,_32:_i8*,_40:_i32,_:_SCMR:_elem_0:default:}"
CE0x5d21be0 "{CE0x5d21be0|tmp19}"
CE0x5cbc350 "{CE0x5cbc350|56:_i32_(%struct.socket.518*,_%struct.sockaddr*,_i32*,_i32)*,_:_IRE:_elem_0:default:}"
CONST[source:0(mediator),value:0(static)][purpose:{operation}][SnkIdx:4]


CONST[source:1(input),value:2(dynamic)][purpose:{operation}][SrcIdx:6]  ->  CONST[source:0(mediator),value:2(dynamic)][purpose:{object}][SnkIdx:1]
-----------
CONST[source:1(input),value:2(dynamic)][purpose:{operation}][SrcIdx:6]
CE0x5cc8b30 "{CE0x5cc8b30|0:_i8,_1:_i8,_8:_i16,_16:_i32*,_24:_i8,_32:_i8*,_40:_i32,_:_SCMR:_elem_0:default:}"
CE0x5d21be0 "{CE0x5d21be0|tmp19}"
CE0x5cbc350 "{CE0x5cbc350|56:_i32_(%struct.socket.518*,_%struct.sockaddr*,_i32*,_i32)*,_:_IRE:_elem_0:default:}"
CONST[source:0(mediator),value:2(dynamic)][purpose:{object}][SnkIdx:1]


CONST[source:1(input),value:2(dynamic)][purpose:{operation}][SrcIdx:6]  ->  CONST[source:0(mediator),value:2(dynamic)][purpose:{subject}][SnkIdx:0]
-----------
CONST[source:1(input),value:2(dynamic)][purpose:{operation}][SrcIdx:6]
CE0x5cc8b30 "{CE0x5cc8b30|0:_i8,_1:_i8,_8:_i16,_16:_i32*,_24:_i8,_32:_i8*,_40:_i32,_:_SCMR:_elem_0:default:}"
CE0x5d21be0 "{CE0x5d21be0|tmp19}"
CE0x5cbc350 "{CE0x5cbc350|56:_i32_(%struct.socket.518*,_%struct.sockaddr*,_i32*,_i32)*,_:_IRE:_elem_0:default:}"
CONST[source:0(mediator),value:2(dynamic)][purpose:{subject}][SnkIdx:0]


CONST[source:1(input),value:2(dynamic)][purpose:{operation}][SrcIdx:6]  ->  CONST[source:0(mediator),value:0(static)][purpose:{operation}][SnkIdx:5]
-----------
CONST[source:1(input),value:2(dynamic)][purpose:{operation}][SrcIdx:6]
CE0x5cc8b30 "{CE0x5cc8b30|0:_i8,_1:_i8,_8:_i16,_16:_i32*,_24:_i8,_32:_i8*,_40:_i32,_:_SCMR:_elem_0:default:}"
CE0x5d21be0 "{CE0x5d21be0|tmp19}"
CE0x5cbc350 "{CE0x5cbc350|56:_i32_(%struct.socket.518*,_%struct.sockaddr*,_i32*,_i32)*,_:_IRE:_elem_0:default:}"
CONST[source:0(mediator),value:0(static)][purpose:{operation}][SnkIdx:5]


CONST[source:1(input),value:2(dynamic)][purpose:{operation}][SrcIdx:6]  ->  CONST[source:0(mediator),value:2(dynamic)][purpose:{object}][SnkIdx:2]
-----------
CONST[source:1(input),value:2(dynamic)][purpose:{operation}][SrcIdx:6]
CE0x5cc8b30 "{CE0x5cc8b30|0:_i8,_1:_i8,_8:_i16,_16:_i32*,_24:_i8,_32:_i8*,_40:_i32,_:_SCMR:_elem_0:default:}"
CE0x5d21be0 "{CE0x5d21be0|tmp19}"
CE0x5cbc350 "{CE0x5cbc350|56:_i32_(%struct.socket.518*,_%struct.sockaddr*,_i32*,_i32)*,_:_IRE:_elem_0:default:}"
CONST[source:0(mediator),value:2(dynamic)][purpose:{object}][SnkIdx:2]


CONST[source:1(input),value:2(dynamic)][purpose:{operation}][SrcIdx:6]  ->  CONST[source:0(mediator),value:2(dynamic)][purpose:{object}][SnkIdx:3]
-----------
CONST[source:1(input),value:2(dynamic)][purpose:{operation}][SrcIdx:6]
CE0x5cc8b30 "{CE0x5cc8b30|0:_i8,_1:_i8,_8:_i16,_16:_i32*,_24:_i8,_32:_i8*,_40:_i32,_:_SCMR:_elem_0:default:}"
CE0x5d21be0 "{CE0x5d21be0|tmp19}"
CE0x5cbc350 "{CE0x5cbc350|56:_i32_(%struct.socket.518*,_%struct.sockaddr*,_i32*,_i32)*,_:_IRE:_elem_0:default:}"
CONST[source:0(mediator),value:2(dynamic)][purpose:{object}][SnkIdx:3]


CONST[source:2(external),value:2(dynamic)][purpose:{subject}][SrcIdx:7]  ->  CONST[source:0(mediator),value:0(static)][purpose:{operation}][SnkIdx:4]
-----------
CONST[source:2(external),value:2(dynamic)][purpose:{subject}][SrcIdx:7]
CE0x5d30a00 "{CE0x5d30a00|COLLAPSED:_GCRE_current_task_external_global_%struct.task_struct*:_elem_0:default:}"
CE0x5d00930 "{CE0x5d00930|VOIDTB_TE:_CE_6384,6388_}"
CE0x5cf5270 "{CE0x5cf5270|VOIDTB_TE:_IE:_elem_0:default:}"
CONST[source:0(mediator),value:0(static)][purpose:{operation}][SnkIdx:4]


CONST[source:2(external),value:2(dynamic)][purpose:{subject}][SrcIdx:7]  ->  CONST[source:0(mediator),value:2(dynamic)][purpose:{object}][SnkIdx:1]
-----------
CONST[source:2(external),value:2(dynamic)][purpose:{subject}][SrcIdx:7]
CE0x5d30a00 "{CE0x5d30a00|COLLAPSED:_GCRE_current_task_external_global_%struct.task_struct*:_elem_0:default:}"
CE0x5d00930 "{CE0x5d00930|VOIDTB_TE:_CE_6384,6388_}"
CE0x5cf5270 "{CE0x5cf5270|VOIDTB_TE:_IE:_elem_0:default:}"
CONST[source:0(mediator),value:2(dynamic)][purpose:{object}][SnkIdx:1]


CONST[source:2(external),value:2(dynamic)][purpose:{subject}][SrcIdx:7]  ->  CONST[source:0(mediator),value:2(dynamic)][purpose:{subject}][SnkIdx:0]
-----------
CONST[source:2(external),value:2(dynamic)][purpose:{subject}][SrcIdx:7]
CE0x5d30a00 "{CE0x5d30a00|COLLAPSED:_GCRE_current_task_external_global_%struct.task_struct*:_elem_0:default:}"
CE0x5d00930 "{CE0x5d00930|VOIDTB_TE:_CE_6384,6388_}"
CE0x5cbc350 "{CE0x5cbc350|56:_i32_(%struct.socket.518*,_%struct.sockaddr*,_i32*,_i32)*,_:_IRE:_elem_0:default:}"
CONST[source:0(mediator),value:2(dynamic)][purpose:{subject}][SnkIdx:0]


CONST[source:2(external),value:2(dynamic)][purpose:{subject}][SrcIdx:7]  ->  CONST[source:0(mediator),value:0(static)][purpose:{operation}][SnkIdx:5]
-----------
CONST[source:2(external),value:2(dynamic)][purpose:{subject}][SrcIdx:7]
CE0x5d30a00 "{CE0x5d30a00|COLLAPSED:_GCRE_current_task_external_global_%struct.task_struct*:_elem_0:default:}"
CE0x5d00930 "{CE0x5d00930|VOIDTB_TE:_CE_6384,6388_}"
CE0x5cf5270 "{CE0x5cf5270|VOIDTB_TE:_IE:_elem_0:default:}"
CONST[source:0(mediator),value:0(static)][purpose:{operation}][SnkIdx:5]


CONST[source:2(external),value:2(dynamic)][purpose:{subject}][SrcIdx:7]  ->  CONST[source:0(mediator),value:2(dynamic)][purpose:{object}][SnkIdx:2]
-----------
CONST[source:2(external),value:2(dynamic)][purpose:{subject}][SrcIdx:7]
CE0x5d30a00 "{CE0x5d30a00|COLLAPSED:_GCRE_current_task_external_global_%struct.task_struct*:_elem_0:default:}"
CE0x5d00930 "{CE0x5d00930|VOIDTB_TE:_CE_6384,6388_}"
CE0x5cbc350 "{CE0x5cbc350|56:_i32_(%struct.socket.518*,_%struct.sockaddr*,_i32*,_i32)*,_:_IRE:_elem_0:default:}"
CONST[source:0(mediator),value:2(dynamic)][purpose:{object}][SnkIdx:2]


CONST[source:2(external),value:2(dynamic)][purpose:{subject}][SrcIdx:7]  ->  CONST[source:0(mediator),value:2(dynamic)][purpose:{object}][SnkIdx:3]
-----------
CONST[source:2(external),value:2(dynamic)][purpose:{subject}][SrcIdx:7]
CE0x5d30a00 "{CE0x5d30a00|COLLAPSED:_GCRE_current_task_external_global_%struct.task_struct*:_elem_0:default:}"
CE0x5d00930 "{CE0x5d00930|VOIDTB_TE:_CE_6384,6388_}"
CE0x5cf5270 "{CE0x5cf5270|VOIDTB_TE:_IE:_elem_0:default:}"
CONST[source:0(mediator),value:2(dynamic)][purpose:{object}][SnkIdx:3]


CONST[source:1(input),value:2(dynamic)][purpose:{object}][SrcIdx:1]  ->  CONST[source:0(mediator),value:0(static)][purpose:{operation}][SnkIdx:4]
-----------
CONST[source:1(input),value:2(dynamic)][purpose:{object}][SrcIdx:1]
CE0x5cc8b30 "{CE0x5cc8b30|0:_i8,_1:_i8,_8:_i16,_16:_i32*,_24:_i8,_32:_i8*,_40:_i32,_:_SCMR:_elem_0:default:}"
CE0x5d21be0 "{CE0x5d21be0|tmp19}"
CE0x5cbc350 "{CE0x5cbc350|56:_i32_(%struct.socket.518*,_%struct.sockaddr*,_i32*,_i32)*,_:_IRE:_elem_0:default:}"
CONST[source:0(mediator),value:0(static)][purpose:{operation}][SnkIdx:4]


CONST[source:1(input),value:2(dynamic)][purpose:{object}][SrcIdx:1]  ->  CONST[source:0(mediator),value:2(dynamic)][purpose:{object}][SnkIdx:1]
-----------
CONST[source:1(input),value:2(dynamic)][purpose:{object}][SrcIdx:1]
CE0x5cc8b30 "{CE0x5cc8b30|0:_i8,_1:_i8,_8:_i16,_16:_i32*,_24:_i8,_32:_i8*,_40:_i32,_:_SCMR:_elem_0:default:}"
CE0x5d21be0 "{CE0x5d21be0|tmp19}"
CE0x5cbc350 "{CE0x5cbc350|56:_i32_(%struct.socket.518*,_%struct.sockaddr*,_i32*,_i32)*,_:_IRE:_elem_0:default:}"
CONST[source:0(mediator),value:2(dynamic)][purpose:{object}][SnkIdx:1]


CONST[source:1(input),value:2(dynamic)][purpose:{object}][SrcIdx:1]  ->  CONST[source:0(mediator),value:2(dynamic)][purpose:{subject}][SnkIdx:0]
-----------
CONST[source:1(input),value:2(dynamic)][purpose:{object}][SrcIdx:1]
CE0x5cc8b30 "{CE0x5cc8b30|0:_i8,_1:_i8,_8:_i16,_16:_i32*,_24:_i8,_32:_i8*,_40:_i32,_:_SCMR:_elem_0:default:}"
CE0x5d21be0 "{CE0x5d21be0|tmp19}"
CE0x5cbc350 "{CE0x5cbc350|56:_i32_(%struct.socket.518*,_%struct.sockaddr*,_i32*,_i32)*,_:_IRE:_elem_0:default:}"
CONST[source:0(mediator),value:2(dynamic)][purpose:{subject}][SnkIdx:0]


CONST[source:1(input),value:2(dynamic)][purpose:{object}][SrcIdx:1]  ->  CONST[source:0(mediator),value:0(static)][purpose:{operation}][SnkIdx:5]
-----------
CONST[source:1(input),value:2(dynamic)][purpose:{object}][SrcIdx:1]
CE0x5cc8b30 "{CE0x5cc8b30|0:_i8,_1:_i8,_8:_i16,_16:_i32*,_24:_i8,_32:_i8*,_40:_i32,_:_SCMR:_elem_0:default:}"
CE0x5d21be0 "{CE0x5d21be0|tmp19}"
CE0x5cbc350 "{CE0x5cbc350|56:_i32_(%struct.socket.518*,_%struct.sockaddr*,_i32*,_i32)*,_:_IRE:_elem_0:default:}"
CONST[source:0(mediator),value:0(static)][purpose:{operation}][SnkIdx:5]


CONST[source:1(input),value:2(dynamic)][purpose:{object}][SrcIdx:1]  ->  CONST[source:0(mediator),value:2(dynamic)][purpose:{object}][SnkIdx:2]
-----------
CONST[source:1(input),value:2(dynamic)][purpose:{object}][SrcIdx:1]
CE0x5cc8b30 "{CE0x5cc8b30|0:_i8,_1:_i8,_8:_i16,_16:_i32*,_24:_i8,_32:_i8*,_40:_i32,_:_SCMR:_elem_0:default:}"
CE0x5d21be0 "{CE0x5d21be0|tmp19}"
CE0x5cbc350 "{CE0x5cbc350|56:_i32_(%struct.socket.518*,_%struct.sockaddr*,_i32*,_i32)*,_:_IRE:_elem_0:default:}"
CONST[source:0(mediator),value:2(dynamic)][purpose:{object}][SnkIdx:2]


CONST[source:1(input),value:2(dynamic)][purpose:{object}][SrcIdx:1]  ->  CONST[source:0(mediator),value:2(dynamic)][purpose:{object}][SnkIdx:3]
-----------
CONST[source:1(input),value:2(dynamic)][purpose:{object}][SrcIdx:1]
CE0x5cc8b30 "{CE0x5cc8b30|0:_i8,_1:_i8,_8:_i16,_16:_i32*,_24:_i8,_32:_i8*,_40:_i32,_:_SCMR:_elem_0:default:}"
CE0x5d21be0 "{CE0x5d21be0|tmp19}"
CE0x5cbc350 "{CE0x5cbc350|56:_i32_(%struct.socket.518*,_%struct.sockaddr*,_i32*,_i32)*,_:_IRE:_elem_0:default:}"
CONST[source:0(mediator),value:2(dynamic)][purpose:{object}][SnkIdx:3]



implicit:
CONST[source:2(external),value:2(dynamic)][purpose:{subject}][SrcIdx:7]  ->  CONST[source:0(mediator),value:2(dynamic)][purpose:{subject}][SnkIdx:0]
-----------
CONST[source:2(external),value:2(dynamic)][purpose:{subject}][SrcIdx:7]
CE0x5d30a00 "{CE0x5d30a00|COLLAPSED:_GCRE_current_task_external_global_%struct.task_struct*:_elem_0:default:}"
CE0x5d00160 "{CE0x5d00160|40:_%struct.tomoyo_policy_namespace*,_48:_i8,_:_GCRE_tomoyo_kernel_domain_external_global_%struct.tomoyo_domain_info:_elem_0:default:}"
CE0x5cbc350 "{CE0x5cbc350|56:_i32_(%struct.socket.518*,_%struct.sockaddr*,_i32*,_i32)*,_:_IRE:_elem_0:default:}"
CONST[source:0(mediator),value:2(dynamic)][purpose:{subject}][SnkIdx:0]


CONST[source:2(external),value:2(dynamic)][purpose:{subject}][SrcIdx:7]  ->  CONST[source:0(mediator),value:2(dynamic)][purpose:{object}][SnkIdx:3]
-----------
CONST[source:2(external),value:2(dynamic)][purpose:{subject}][SrcIdx:7]
CE0x5d30a00 "{CE0x5d30a00|COLLAPSED:_GCRE_current_task_external_global_%struct.task_struct*:_elem_0:default:}"
CE0x5d00160 "{CE0x5d00160|40:_%struct.tomoyo_policy_namespace*,_48:_i8,_:_GCRE_tomoyo_kernel_domain_external_global_%struct.tomoyo_domain_info:_elem_0:default:}"
CE0x5cbc350 "{CE0x5cbc350|56:_i32_(%struct.socket.518*,_%struct.sockaddr*,_i32*,_i32)*,_:_IRE:_elem_0:default:}"
CONST[source:0(mediator),value:2(dynamic)][purpose:{object}][SnkIdx:3]


CONST[source:2(external),value:2(dynamic)][purpose:{subject}][SrcIdx:7]  ->  CONST[source:0(mediator),value:0(static)][purpose:{operation}][SnkIdx:4]
-----------
CONST[source:2(external),value:2(dynamic)][purpose:{subject}][SrcIdx:7]
CE0x5d30a00 "{CE0x5d30a00|COLLAPSED:_GCRE_current_task_external_global_%struct.task_struct*:_elem_0:default:}"
CE0x5d00160 "{CE0x5d00160|40:_%struct.tomoyo_policy_namespace*,_48:_i8,_:_GCRE_tomoyo_kernel_domain_external_global_%struct.tomoyo_domain_info:_elem_0:default:}"
CE0x5cf5270 "{CE0x5cf5270|VOIDTB_TE:_IE:_elem_0:default:}"
CONST[source:0(mediator),value:0(static)][purpose:{operation}][SnkIdx:4]


CONST[source:2(external),value:2(dynamic)][purpose:{subject}][SrcIdx:7]  ->  CONST[source:0(mediator),value:0(static)][purpose:{operation}][SnkIdx:5]
-----------
CONST[source:2(external),value:2(dynamic)][purpose:{subject}][SrcIdx:7]
CE0x5d30a00 "{CE0x5d30a00|COLLAPSED:_GCRE_current_task_external_global_%struct.task_struct*:_elem_0:default:}"
CE0x5d00160 "{CE0x5d00160|40:_%struct.tomoyo_policy_namespace*,_48:_i8,_:_GCRE_tomoyo_kernel_domain_external_global_%struct.tomoyo_domain_info:_elem_0:default:}"
CE0x5cf5270 "{CE0x5cf5270|VOIDTB_TE:_IE:_elem_0:default:}"
CONST[source:0(mediator),value:0(static)][purpose:{operation}][SnkIdx:5]


CONST[source:2(external),value:2(dynamic)][purpose:{subject}][SrcIdx:7]  ->  CONST[source:0(mediator),value:2(dynamic)][purpose:{object}][SnkIdx:1]
-----------
CONST[source:2(external),value:2(dynamic)][purpose:{subject}][SrcIdx:7]
CE0x5d30a00 "{CE0x5d30a00|COLLAPSED:_GCRE_current_task_external_global_%struct.task_struct*:_elem_0:default:}"
CE0x5d00160 "{CE0x5d00160|40:_%struct.tomoyo_policy_namespace*,_48:_i8,_:_GCRE_tomoyo_kernel_domain_external_global_%struct.tomoyo_domain_info:_elem_0:default:}"
CE0x5cbc350 "{CE0x5cbc350|56:_i32_(%struct.socket.518*,_%struct.sockaddr*,_i32*,_i32)*,_:_IRE:_elem_0:default:}"
CONST[source:0(mediator),value:2(dynamic)][purpose:{object}][SnkIdx:1]


CONST[source:2(external),value:2(dynamic)][purpose:{subject}][SrcIdx:7]  ->  CONST[source:0(mediator),value:2(dynamic)][purpose:{object}][SnkIdx:2]
-----------
CONST[source:2(external),value:2(dynamic)][purpose:{subject}][SrcIdx:7]
CE0x5d30a00 "{CE0x5d30a00|COLLAPSED:_GCRE_current_task_external_global_%struct.task_struct*:_elem_0:default:}"
CE0x5d00160 "{CE0x5d00160|40:_%struct.tomoyo_policy_namespace*,_48:_i8,_:_GCRE_tomoyo_kernel_domain_external_global_%struct.tomoyo_domain_info:_elem_0:default:}"
CE0x5cbc350 "{CE0x5cbc350|56:_i32_(%struct.socket.518*,_%struct.sockaddr*,_i32*,_i32)*,_:_IRE:_elem_0:default:}"
CONST[source:0(mediator),value:2(dynamic)][purpose:{object}][SnkIdx:2]


CONST[source:1(input),value:2(dynamic)][purpose:{object}][SrcIdx:3]  ->  CONST[source:0(mediator),value:2(dynamic)][purpose:{subject}][SnkIdx:0]
-----------
CONST[source:1(input),value:2(dynamic)][purpose:{object}][SrcIdx:3]
CE0x5cbc350 "{CE0x5cbc350|56:_i32_(%struct.socket.518*,_%struct.sockaddr*,_i32*,_i32)*,_:_IRE:_elem_0:default:}"
CONST[source:0(mediator),value:2(dynamic)][purpose:{subject}][SnkIdx:0]


CONST[source:1(input),value:2(dynamic)][purpose:{object}][SrcIdx:3]  ->  CONST[source:0(mediator),value:2(dynamic)][purpose:{object}][SnkIdx:3]
-----------
CONST[source:1(input),value:2(dynamic)][purpose:{object}][SrcIdx:3]
CE0x5cbc350 "{CE0x5cbc350|56:_i32_(%struct.socket.518*,_%struct.sockaddr*,_i32*,_i32)*,_:_IRE:_elem_0:default:}"
CONST[source:0(mediator),value:2(dynamic)][purpose:{object}][SnkIdx:3]


CONST[source:1(input),value:2(dynamic)][purpose:{object}][SrcIdx:3]  ->  CONST[source:0(mediator),value:0(static)][purpose:{operation}][SnkIdx:4]
-----------
CONST[source:1(input),value:2(dynamic)][purpose:{object}][SrcIdx:3]
CE0x5cf5270 "{CE0x5cf5270|VOIDTB_TE:_IE:_elem_0:default:}"
CONST[source:0(mediator),value:0(static)][purpose:{operation}][SnkIdx:4]


CONST[source:1(input),value:2(dynamic)][purpose:{object}][SrcIdx:3]  ->  CONST[source:0(mediator),value:0(static)][purpose:{operation}][SnkIdx:5]
-----------
CONST[source:1(input),value:2(dynamic)][purpose:{object}][SrcIdx:3]
CE0x5cf5270 "{CE0x5cf5270|VOIDTB_TE:_IE:_elem_0:default:}"
CONST[source:0(mediator),value:0(static)][purpose:{operation}][SnkIdx:5]


CONST[source:1(input),value:2(dynamic)][purpose:{object}][SrcIdx:3]  ->  CONST[source:0(mediator),value:2(dynamic)][purpose:{object}][SnkIdx:1]
-----------
CONST[source:1(input),value:2(dynamic)][purpose:{object}][SrcIdx:3]
CE0x5cbc350 "{CE0x5cbc350|56:_i32_(%struct.socket.518*,_%struct.sockaddr*,_i32*,_i32)*,_:_IRE:_elem_0:default:}"
CONST[source:0(mediator),value:2(dynamic)][purpose:{object}][SnkIdx:1]


CONST[source:1(input),value:2(dynamic)][purpose:{object}][SrcIdx:3]  ->  CONST[source:0(mediator),value:2(dynamic)][purpose:{object}][SnkIdx:2]
-----------
CONST[source:1(input),value:2(dynamic)][purpose:{object}][SrcIdx:3]
CE0x5cbc350 "{CE0x5cbc350|56:_i32_(%struct.socket.518*,_%struct.sockaddr*,_i32*,_i32)*,_:_IRE:_elem_0:default:}"
CONST[source:0(mediator),value:2(dynamic)][purpose:{object}][SnkIdx:2]


CONST[source:0(mediator),value:1(k-static)][purpose:{operation}][SrcIdx:5]  ->  CONST[source:0(mediator),value:2(dynamic)][purpose:{subject}][SnkIdx:0]
-----------
CONST[source:0(mediator),value:1(k-static)][purpose:{operation}][SrcIdx:5]
CE0x5cc8b30 "{CE0x5cc8b30|0:_i8,_1:_i8,_8:_i16,_16:_i32*,_24:_i8,_32:_i8*,_40:_i32,_:_SCMR:_elem_0:default:}"
CE0x5d21be0 "{CE0x5d21be0|tmp19}"
CE0x5cbc350 "{CE0x5cbc350|56:_i32_(%struct.socket.518*,_%struct.sockaddr*,_i32*,_i32)*,_:_IRE:_elem_0:default:}"
CONST[source:0(mediator),value:2(dynamic)][purpose:{subject}][SnkIdx:0]


CONST[source:0(mediator),value:1(k-static)][purpose:{operation}][SrcIdx:5]  ->  CONST[source:0(mediator),value:2(dynamic)][purpose:{object}][SnkIdx:3]
-----------
CONST[source:0(mediator),value:1(k-static)][purpose:{operation}][SrcIdx:5]
CE0x5cc8b30 "{CE0x5cc8b30|0:_i8,_1:_i8,_8:_i16,_16:_i32*,_24:_i8,_32:_i8*,_40:_i32,_:_SCMR:_elem_0:default:}"
CE0x5d21be0 "{CE0x5d21be0|tmp19}"
CE0x5cbc350 "{CE0x5cbc350|56:_i32_(%struct.socket.518*,_%struct.sockaddr*,_i32*,_i32)*,_:_IRE:_elem_0:default:}"
CONST[source:0(mediator),value:2(dynamic)][purpose:{object}][SnkIdx:3]


CONST[source:0(mediator),value:1(k-static)][purpose:{operation}][SrcIdx:5]  ->  CONST[source:0(mediator),value:0(static)][purpose:{operation}][SnkIdx:4]
-----------
CONST[source:0(mediator),value:1(k-static)][purpose:{operation}][SrcIdx:5]
CE0x5cc8b30 "{CE0x5cc8b30|0:_i8,_1:_i8,_8:_i16,_16:_i32*,_24:_i8,_32:_i8*,_40:_i32,_:_SCMR:_elem_0:default:}"
CE0x5d21be0 "{CE0x5d21be0|tmp19}"
CE0x5cbc350 "{CE0x5cbc350|56:_i32_(%struct.socket.518*,_%struct.sockaddr*,_i32*,_i32)*,_:_IRE:_elem_0:default:}"
CONST[source:0(mediator),value:0(static)][purpose:{operation}][SnkIdx:4]


CONST[source:0(mediator),value:1(k-static)][purpose:{operation}][SrcIdx:5]  ->  CONST[source:0(mediator),value:0(static)][purpose:{operation}][SnkIdx:5]
-----------
CONST[source:0(mediator),value:1(k-static)][purpose:{operation}][SrcIdx:5]
CE0x5cc8b30 "{CE0x5cc8b30|0:_i8,_1:_i8,_8:_i16,_16:_i32*,_24:_i8,_32:_i8*,_40:_i32,_:_SCMR:_elem_0:default:}"
CE0x5d21be0 "{CE0x5d21be0|tmp19}"
CE0x5cbc350 "{CE0x5cbc350|56:_i32_(%struct.socket.518*,_%struct.sockaddr*,_i32*,_i32)*,_:_IRE:_elem_0:default:}"
CONST[source:0(mediator),value:0(static)][purpose:{operation}][SnkIdx:5]


CONST[source:0(mediator),value:1(k-static)][purpose:{operation}][SrcIdx:5]  ->  CONST[source:0(mediator),value:2(dynamic)][purpose:{object}][SnkIdx:1]
-----------
CONST[source:0(mediator),value:1(k-static)][purpose:{operation}][SrcIdx:5]
CE0x5cc8b30 "{CE0x5cc8b30|0:_i8,_1:_i8,_8:_i16,_16:_i32*,_24:_i8,_32:_i8*,_40:_i32,_:_SCMR:_elem_0:default:}"
CE0x5d21be0 "{CE0x5d21be0|tmp19}"
CE0x5cbc350 "{CE0x5cbc350|56:_i32_(%struct.socket.518*,_%struct.sockaddr*,_i32*,_i32)*,_:_IRE:_elem_0:default:}"
CONST[source:0(mediator),value:2(dynamic)][purpose:{object}][SnkIdx:1]


CONST[source:0(mediator),value:1(k-static)][purpose:{operation}][SrcIdx:5]  ->  CONST[source:0(mediator),value:2(dynamic)][purpose:{object}][SnkIdx:2]
-----------
CONST[source:0(mediator),value:1(k-static)][purpose:{operation}][SrcIdx:5]
CE0x5cc8b30 "{CE0x5cc8b30|0:_i8,_1:_i8,_8:_i16,_16:_i32*,_24:_i8,_32:_i8*,_40:_i32,_:_SCMR:_elem_0:default:}"
CE0x5d21be0 "{CE0x5d21be0|tmp19}"
CE0x5cbc350 "{CE0x5cbc350|56:_i32_(%struct.socket.518*,_%struct.sockaddr*,_i32*,_i32)*,_:_IRE:_elem_0:default:}"
CONST[source:0(mediator),value:2(dynamic)][purpose:{object}][SnkIdx:2]


CONST[source:1(input),value:2(dynamic)][purpose:{object}][SrcIdx:1]  ->  CONST[source:0(mediator),value:2(dynamic)][purpose:{subject}][SnkIdx:0]
-----------
CONST[source:1(input),value:2(dynamic)][purpose:{object}][SrcIdx:1]
CE0x5cc8b30 "{CE0x5cc8b30|0:_i8,_1:_i8,_8:_i16,_16:_i32*,_24:_i8,_32:_i8*,_40:_i32,_:_SCMR:_elem_0:default:}"
CE0x5d21be0 "{CE0x5d21be0|tmp19}"
CE0x5cbc350 "{CE0x5cbc350|56:_i32_(%struct.socket.518*,_%struct.sockaddr*,_i32*,_i32)*,_:_IRE:_elem_0:default:}"
CONST[source:0(mediator),value:2(dynamic)][purpose:{subject}][SnkIdx:0]


CONST[source:1(input),value:2(dynamic)][purpose:{object}][SrcIdx:1]  ->  CONST[source:0(mediator),value:2(dynamic)][purpose:{object}][SnkIdx:3]
-----------
CONST[source:1(input),value:2(dynamic)][purpose:{object}][SrcIdx:1]
CE0x5cc8b30 "{CE0x5cc8b30|0:_i8,_1:_i8,_8:_i16,_16:_i32*,_24:_i8,_32:_i8*,_40:_i32,_:_SCMR:_elem_0:default:}"
CE0x5d21be0 "{CE0x5d21be0|tmp19}"
CE0x5cbc350 "{CE0x5cbc350|56:_i32_(%struct.socket.518*,_%struct.sockaddr*,_i32*,_i32)*,_:_IRE:_elem_0:default:}"
CONST[source:0(mediator),value:2(dynamic)][purpose:{object}][SnkIdx:3]


CONST[source:1(input),value:2(dynamic)][purpose:{object}][SrcIdx:1]  ->  CONST[source:0(mediator),value:0(static)][purpose:{operation}][SnkIdx:4]
-----------
CONST[source:1(input),value:2(dynamic)][purpose:{object}][SrcIdx:1]
CE0x5cc8b30 "{CE0x5cc8b30|0:_i8,_1:_i8,_8:_i16,_16:_i32*,_24:_i8,_32:_i8*,_40:_i32,_:_SCMR:_elem_0:default:}"
CE0x5d21be0 "{CE0x5d21be0|tmp19}"
CE0x5cbc350 "{CE0x5cbc350|56:_i32_(%struct.socket.518*,_%struct.sockaddr*,_i32*,_i32)*,_:_IRE:_elem_0:default:}"
CONST[source:0(mediator),value:0(static)][purpose:{operation}][SnkIdx:4]


CONST[source:1(input),value:2(dynamic)][purpose:{object}][SrcIdx:1]  ->  CONST[source:0(mediator),value:0(static)][purpose:{operation}][SnkIdx:5]
-----------
CONST[source:1(input),value:2(dynamic)][purpose:{object}][SrcIdx:1]
CE0x5cc8b30 "{CE0x5cc8b30|0:_i8,_1:_i8,_8:_i16,_16:_i32*,_24:_i8,_32:_i8*,_40:_i32,_:_SCMR:_elem_0:default:}"
CE0x5d21be0 "{CE0x5d21be0|tmp19}"
CE0x5cbc350 "{CE0x5cbc350|56:_i32_(%struct.socket.518*,_%struct.sockaddr*,_i32*,_i32)*,_:_IRE:_elem_0:default:}"
CONST[source:0(mediator),value:0(static)][purpose:{operation}][SnkIdx:5]


CONST[source:1(input),value:2(dynamic)][purpose:{object}][SrcIdx:1]  ->  CONST[source:0(mediator),value:2(dynamic)][purpose:{object}][SnkIdx:1]
-----------
CONST[source:1(input),value:2(dynamic)][purpose:{object}][SrcIdx:1]
CE0x5cc8b30 "{CE0x5cc8b30|0:_i8,_1:_i8,_8:_i16,_16:_i32*,_24:_i8,_32:_i8*,_40:_i32,_:_SCMR:_elem_0:default:}"
CE0x5d21be0 "{CE0x5d21be0|tmp19}"
CE0x5cbc350 "{CE0x5cbc350|56:_i32_(%struct.socket.518*,_%struct.sockaddr*,_i32*,_i32)*,_:_IRE:_elem_0:default:}"
CONST[source:0(mediator),value:2(dynamic)][purpose:{object}][SnkIdx:1]


CONST[source:1(input),value:2(dynamic)][purpose:{object}][SrcIdx:1]  ->  CONST[source:0(mediator),value:2(dynamic)][purpose:{object}][SnkIdx:2]
-----------
CONST[source:1(input),value:2(dynamic)][purpose:{object}][SrcIdx:1]
CE0x5cc8b30 "{CE0x5cc8b30|0:_i8,_1:_i8,_8:_i16,_16:_i32*,_24:_i8,_32:_i8*,_40:_i32,_:_SCMR:_elem_0:default:}"
CE0x5d21be0 "{CE0x5d21be0|tmp19}"
CE0x5cbc350 "{CE0x5cbc350|56:_i32_(%struct.socket.518*,_%struct.sockaddr*,_i32*,_i32)*,_:_IRE:_elem_0:default:}"
CONST[source:0(mediator),value:2(dynamic)][purpose:{object}][SnkIdx:2]


CONST[source:1(input),value:2(dynamic)][purpose:{operation}][SrcIdx:6]  ->  CONST[source:0(mediator),value:2(dynamic)][purpose:{subject}][SnkIdx:0]
-----------
CONST[source:1(input),value:2(dynamic)][purpose:{operation}][SrcIdx:6]
CE0x5cc8b30 "{CE0x5cc8b30|0:_i8,_1:_i8,_8:_i16,_16:_i32*,_24:_i8,_32:_i8*,_40:_i32,_:_SCMR:_elem_0:default:}"
CE0x5d21be0 "{CE0x5d21be0|tmp19}"
CE0x5cbc350 "{CE0x5cbc350|56:_i32_(%struct.socket.518*,_%struct.sockaddr*,_i32*,_i32)*,_:_IRE:_elem_0:default:}"
CONST[source:0(mediator),value:2(dynamic)][purpose:{subject}][SnkIdx:0]


CONST[source:1(input),value:2(dynamic)][purpose:{operation}][SrcIdx:6]  ->  CONST[source:0(mediator),value:2(dynamic)][purpose:{object}][SnkIdx:3]
-----------
CONST[source:1(input),value:2(dynamic)][purpose:{operation}][SrcIdx:6]
CE0x5cc8b30 "{CE0x5cc8b30|0:_i8,_1:_i8,_8:_i16,_16:_i32*,_24:_i8,_32:_i8*,_40:_i32,_:_SCMR:_elem_0:default:}"
CE0x5d21be0 "{CE0x5d21be0|tmp19}"
CE0x5cbc350 "{CE0x5cbc350|56:_i32_(%struct.socket.518*,_%struct.sockaddr*,_i32*,_i32)*,_:_IRE:_elem_0:default:}"
CONST[source:0(mediator),value:2(dynamic)][purpose:{object}][SnkIdx:3]


CONST[source:1(input),value:2(dynamic)][purpose:{operation}][SrcIdx:6]  ->  CONST[source:0(mediator),value:0(static)][purpose:{operation}][SnkIdx:4]
-----------
CONST[source:1(input),value:2(dynamic)][purpose:{operation}][SrcIdx:6]
CE0x5cc8b30 "{CE0x5cc8b30|0:_i8,_1:_i8,_8:_i16,_16:_i32*,_24:_i8,_32:_i8*,_40:_i32,_:_SCMR:_elem_0:default:}"
CE0x5d21be0 "{CE0x5d21be0|tmp19}"
CE0x5cbc350 "{CE0x5cbc350|56:_i32_(%struct.socket.518*,_%struct.sockaddr*,_i32*,_i32)*,_:_IRE:_elem_0:default:}"
CONST[source:0(mediator),value:0(static)][purpose:{operation}][SnkIdx:4]


CONST[source:1(input),value:2(dynamic)][purpose:{operation}][SrcIdx:6]  ->  CONST[source:0(mediator),value:0(static)][purpose:{operation}][SnkIdx:5]
-----------
CONST[source:1(input),value:2(dynamic)][purpose:{operation}][SrcIdx:6]
CE0x5cc8b30 "{CE0x5cc8b30|0:_i8,_1:_i8,_8:_i16,_16:_i32*,_24:_i8,_32:_i8*,_40:_i32,_:_SCMR:_elem_0:default:}"
CE0x5d21be0 "{CE0x5d21be0|tmp19}"
CE0x5cbc350 "{CE0x5cbc350|56:_i32_(%struct.socket.518*,_%struct.sockaddr*,_i32*,_i32)*,_:_IRE:_elem_0:default:}"
CONST[source:0(mediator),value:0(static)][purpose:{operation}][SnkIdx:5]


CONST[source:1(input),value:2(dynamic)][purpose:{operation}][SrcIdx:6]  ->  CONST[source:0(mediator),value:2(dynamic)][purpose:{object}][SnkIdx:1]
-----------
CONST[source:1(input),value:2(dynamic)][purpose:{operation}][SrcIdx:6]
CE0x5cc8b30 "{CE0x5cc8b30|0:_i8,_1:_i8,_8:_i16,_16:_i32*,_24:_i8,_32:_i8*,_40:_i32,_:_SCMR:_elem_0:default:}"
CE0x5d21be0 "{CE0x5d21be0|tmp19}"
CE0x5cbc350 "{CE0x5cbc350|56:_i32_(%struct.socket.518*,_%struct.sockaddr*,_i32*,_i32)*,_:_IRE:_elem_0:default:}"
CONST[source:0(mediator),value:2(dynamic)][purpose:{object}][SnkIdx:1]


CONST[source:1(input),value:2(dynamic)][purpose:{operation}][SrcIdx:6]  ->  CONST[source:0(mediator),value:2(dynamic)][purpose:{object}][SnkIdx:2]
-----------
CONST[source:1(input),value:2(dynamic)][purpose:{operation}][SrcIdx:6]
CE0x5cc8b30 "{CE0x5cc8b30|0:_i8,_1:_i8,_8:_i16,_16:_i32*,_24:_i8,_32:_i8*,_40:_i32,_:_SCMR:_elem_0:default:}"
CE0x5d21be0 "{CE0x5d21be0|tmp19}"
CE0x5cbc350 "{CE0x5cbc350|56:_i32_(%struct.socket.518*,_%struct.sockaddr*,_i32*,_i32)*,_:_IRE:_elem_0:default:}"
CONST[source:0(mediator),value:2(dynamic)][purpose:{object}][SnkIdx:2]


CONST[source:1(input),value:2(dynamic)][purpose:{object}][SrcIdx:2]  ->  CONST[source:0(mediator),value:2(dynamic)][purpose:{subject}][SnkIdx:0]
-----------
CONST[source:1(input),value:2(dynamic)][purpose:{object}][SrcIdx:2]
CE0x5cc8b30 "{CE0x5cc8b30|0:_i8,_1:_i8,_8:_i16,_16:_i32*,_24:_i8,_32:_i8*,_40:_i32,_:_SCMR:_elem_0:default:}"
CE0x5d21be0 "{CE0x5d21be0|tmp19}"
CE0x5cbc350 "{CE0x5cbc350|56:_i32_(%struct.socket.518*,_%struct.sockaddr*,_i32*,_i32)*,_:_IRE:_elem_0:default:}"
CONST[source:0(mediator),value:2(dynamic)][purpose:{subject}][SnkIdx:0]


CONST[source:1(input),value:2(dynamic)][purpose:{object}][SrcIdx:2]  ->  CONST[source:0(mediator),value:2(dynamic)][purpose:{object}][SnkIdx:3]
-----------
CONST[source:1(input),value:2(dynamic)][purpose:{object}][SrcIdx:2]
CE0x5cc8b30 "{CE0x5cc8b30|0:_i8,_1:_i8,_8:_i16,_16:_i32*,_24:_i8,_32:_i8*,_40:_i32,_:_SCMR:_elem_0:default:}"
CE0x5d21be0 "{CE0x5d21be0|tmp19}"
CE0x5cbc350 "{CE0x5cbc350|56:_i32_(%struct.socket.518*,_%struct.sockaddr*,_i32*,_i32)*,_:_IRE:_elem_0:default:}"
CONST[source:0(mediator),value:2(dynamic)][purpose:{object}][SnkIdx:3]


CONST[source:1(input),value:2(dynamic)][purpose:{object}][SrcIdx:2]  ->  CONST[source:0(mediator),value:0(static)][purpose:{operation}][SnkIdx:4]
-----------
CONST[source:1(input),value:2(dynamic)][purpose:{object}][SrcIdx:2]
CE0x5cc8b30 "{CE0x5cc8b30|0:_i8,_1:_i8,_8:_i16,_16:_i32*,_24:_i8,_32:_i8*,_40:_i32,_:_SCMR:_elem_0:default:}"
CE0x5d21be0 "{CE0x5d21be0|tmp19}"
CE0x5cbc350 "{CE0x5cbc350|56:_i32_(%struct.socket.518*,_%struct.sockaddr*,_i32*,_i32)*,_:_IRE:_elem_0:default:}"
CONST[source:0(mediator),value:0(static)][purpose:{operation}][SnkIdx:4]


CONST[source:1(input),value:2(dynamic)][purpose:{object}][SrcIdx:2]  ->  CONST[source:0(mediator),value:0(static)][purpose:{operation}][SnkIdx:5]
-----------
CONST[source:1(input),value:2(dynamic)][purpose:{object}][SrcIdx:2]
CE0x5cc8b30 "{CE0x5cc8b30|0:_i8,_1:_i8,_8:_i16,_16:_i32*,_24:_i8,_32:_i8*,_40:_i32,_:_SCMR:_elem_0:default:}"
CE0x5d21be0 "{CE0x5d21be0|tmp19}"
CE0x5cbc350 "{CE0x5cbc350|56:_i32_(%struct.socket.518*,_%struct.sockaddr*,_i32*,_i32)*,_:_IRE:_elem_0:default:}"
CONST[source:0(mediator),value:0(static)][purpose:{operation}][SnkIdx:5]


CONST[source:1(input),value:2(dynamic)][purpose:{object}][SrcIdx:2]  ->  CONST[source:0(mediator),value:2(dynamic)][purpose:{object}][SnkIdx:1]
-----------
CONST[source:1(input),value:2(dynamic)][purpose:{object}][SrcIdx:2]
CE0x5cc8b30 "{CE0x5cc8b30|0:_i8,_1:_i8,_8:_i16,_16:_i32*,_24:_i8,_32:_i8*,_40:_i32,_:_SCMR:_elem_0:default:}"
CE0x5d21be0 "{CE0x5d21be0|tmp19}"
CE0x5cbc350 "{CE0x5cbc350|56:_i32_(%struct.socket.518*,_%struct.sockaddr*,_i32*,_i32)*,_:_IRE:_elem_0:default:}"
CONST[source:0(mediator),value:2(dynamic)][purpose:{object}][SnkIdx:1]


CONST[source:1(input),value:2(dynamic)][purpose:{object}][SrcIdx:2]  ->  CONST[source:0(mediator),value:2(dynamic)][purpose:{object}][SnkIdx:2]
-----------
CONST[source:1(input),value:2(dynamic)][purpose:{object}][SrcIdx:2]
CE0x5cc8b30 "{CE0x5cc8b30|0:_i8,_1:_i8,_8:_i16,_16:_i32*,_24:_i8,_32:_i8*,_40:_i32,_:_SCMR:_elem_0:default:}"
CE0x5d21be0 "{CE0x5d21be0|tmp19}"
CE0x5cbc350 "{CE0x5cbc350|56:_i32_(%struct.socket.518*,_%struct.sockaddr*,_i32*,_i32)*,_:_IRE:_elem_0:default:}"
CONST[source:0(mediator),value:2(dynamic)][purpose:{object}][SnkIdx:2]


