[selinux_task_getioprio]

explicit:
CONST[source:2(external),value:2(dynamic)][purpose:{subject}]  ->  CONST[source:0(mediator),value:2(dynamic)][purpose:{object}]

-----------
CONST[source:2(external),value:2(dynamic)][purpose:{subject}]
CE0xa064940 "{CE0xa064940|VOIDTB_TE:_IE:_elem_0:default:}"
CE0xa0822f0 "{CE0xa0822f0|tmp6}"
CE0xa05da40 "{CE0xa05da40|_ret_i32_%tmp6,_!dbg_!27716}"
CE0xa05b100 "{CE0xa05b100|call7}"
CE0xa033bf0 "{CE0xa033bf0|_ret_i32_%call7,_!dbg_!27749}"
CE0xa038a40 "{CE0xa038a40|call1}"
CE0xa0389d0 "{CE0xa0389d0|call1}"
CONST[source:0(mediator),value:2(dynamic)][purpose:{object}]



CONST[source:2(external),value:2(dynamic)][purpose:{subject}]  ->  CONST[source:0(mediator),value:2(dynamic)][purpose:{subject}]

-----------
CONST[source:2(external),value:2(dynamic)][purpose:{subject}]
CE0xa064940 "{CE0xa064940|VOIDTB_TE:_IE:_elem_0:default:}"
CE0xa062f70 "{CE0xa062f70|tmp24}"
CE0xa0387c0 "{CE0xa0387c0|_ret_i32_%tmp24,_!dbg_!27742}"
CE0xa04e000 "{CE0xa04e000|call}"
CE0xa0383c0 "{CE0xa0383c0|call}"
CONST[source:0(mediator),value:2(dynamic)][purpose:{subject}]



CONST[source:1(input),value:2(dynamic)][purpose:{object}]  ->  CONST[source:0(mediator),value:2(dynamic)][purpose:{object}]

-----------
CONST[source:1(input),value:2(dynamic)][purpose:{object}]
CE0xa064940 "{CE0xa064940|VOIDTB_TE:_IE:_elem_0:default:}"
CE0xa0822f0 "{CE0xa0822f0|tmp6}"
CE0xa05da40 "{CE0xa05da40|_ret_i32_%tmp6,_!dbg_!27716}"
CE0xa05b100 "{CE0xa05b100|call7}"
CE0xa033bf0 "{CE0xa033bf0|_ret_i32_%call7,_!dbg_!27749}"
CE0xa038a40 "{CE0xa038a40|call1}"
CE0xa0389d0 "{CE0xa0389d0|call1}"
CONST[source:0(mediator),value:2(dynamic)][purpose:{object}]



CONST[source:1(input),value:2(dynamic)][purpose:{object}]  ->  CONST[source:0(mediator),value:2(dynamic)][purpose:{subject}]

-----------
CONST[source:1(input),value:2(dynamic)][purpose:{object}]
CE0xa064940 "{CE0xa064940|VOIDTB_TE:_IE:_elem_0:default:}"
CE0xa062f70 "{CE0xa062f70|tmp24}"
CE0xa0387c0 "{CE0xa0387c0|_ret_i32_%tmp24,_!dbg_!27742}"
CE0xa04e000 "{CE0xa04e000|call}"
CE0xa0383c0 "{CE0xa0383c0|call}"
CONST[source:0(mediator),value:2(dynamic)][purpose:{subject}]




implicit:
CONST[source:2(external),value:2(dynamic)][purpose:{subject}]  ->  CONST[source:0(mediator),value:2(dynamic)][purpose:{subject}]

-----------
CONST[source:2(external),value:2(dynamic)][purpose:{subject}]
CE0xa064940 "{CE0xa064940|VOIDTB_TE:_IE:_elem_0:default:}"
CE0xa062f70 "{CE0xa062f70|tmp24}"
CE0xa0387c0 "{CE0xa0387c0|_ret_i32_%tmp24,_!dbg_!27742}"
CE0xa04e000 "{CE0xa04e000|call}"
CE0xa0383c0 "{CE0xa0383c0|call}"
CONST[source:0(mediator),value:2(dynamic)][purpose:{subject}]



CONST[source:2(external),value:2(dynamic)][purpose:{subject}]  ->  CONST[source:0(mediator),value:2(dynamic)][purpose:{object}]

-----------
CONST[source:2(external),value:2(dynamic)][purpose:{subject}]
CE0xa064940 "{CE0xa064940|VOIDTB_TE:_IE:_elem_0:default:}"
CE0xa0822f0 "{CE0xa0822f0|tmp6}"
CE0xa05da40 "{CE0xa05da40|_ret_i32_%tmp6,_!dbg_!27716}"
CE0xa05b100 "{CE0xa05b100|call7}"
CE0xa033bf0 "{CE0xa033bf0|_ret_i32_%call7,_!dbg_!27749}"
CE0xa038a40 "{CE0xa038a40|call1}"
CE0xa0389d0 "{CE0xa0389d0|call1}"
CONST[source:0(mediator),value:2(dynamic)][purpose:{object}]



CONST[source:1(input),value:2(dynamic)][purpose:{object}]  ->  CONST[source:0(mediator),value:2(dynamic)][purpose:{subject}]

-----------
CONST[source:1(input),value:2(dynamic)][purpose:{object}]
CE0xa064940 "{CE0xa064940|VOIDTB_TE:_IE:_elem_0:default:}"
CE0xa062f70 "{CE0xa062f70|tmp24}"
CE0xa0387c0 "{CE0xa0387c0|_ret_i32_%tmp24,_!dbg_!27742}"
CE0xa04e000 "{CE0xa04e000|call}"
CE0xa0383c0 "{CE0xa0383c0|call}"
CONST[source:0(mediator),value:2(dynamic)][purpose:{subject}]



CONST[source:1(input),value:2(dynamic)][purpose:{object}]  ->  CONST[source:0(mediator),value:2(dynamic)][purpose:{object}]

-----------
CONST[source:1(input),value:2(dynamic)][purpose:{object}]
CE0xa064940 "{CE0xa064940|VOIDTB_TE:_IE:_elem_0:default:}"
CE0xa0822f0 "{CE0xa0822f0|tmp6}"
CE0xa05da40 "{CE0xa05da40|_ret_i32_%tmp6,_!dbg_!27716}"
CE0xa05b100 "{CE0xa05b100|call7}"
CE0xa033bf0 "{CE0xa033bf0|_ret_i32_%call7,_!dbg_!27749}"
CE0xa038a40 "{CE0xa038a40|call1}"
CE0xa0389d0 "{CE0xa0389d0|call1}"
CONST[source:0(mediator),value:2(dynamic)][purpose:{object}]



