[selinux_inode_mknod]

explicit:
CONST[source:2(external),value:2(dynamic)][purpose:{subject}]  ->  CONST[source:0(mediator),value:2(dynamic)][purpose:{subject}]
-----------
CONST[source:2(external),value:2(dynamic)][purpose:{subject}]
CE0x423b480 "{CE0x423b480|COLLAPSED:_CMRE:_elem_0::|security/selinux/hooks.c,1706}"
CE0x423b600 "{CE0x423b600|may_create:_tmp20|security/selinux/hooks.c,1706}"
CE0x423bae0 "{CE0x423bae0|may_create:_tmp21|security/selinux/hooks.c,1706}"
CE0x4313020 "{CE0x4313020|may_create:_sid11|security/selinux/hooks.c,1716}"
CE0x41febd0 "{CE0x41febd0|may_create:_tmp27|security/selinux/hooks.c,1716}"
CE0x41ff010 "{CE0x41ff010|may_create:_tmp27|security/selinux/hooks.c,1716|*SummSink*}"
CONST[source:0(mediator),value:2(dynamic)][purpose:{subject}]


CONST[source:2(external),value:2(dynamic)][purpose:{subject}]  ->  CONST[source:0(mediator),value:2(dynamic)][purpose:{object}]
-----------
CONST[source:2(external),value:2(dynamic)][purpose:{subject}]
CE0x423b480 "{CE0x423b480|COLLAPSED:_CMRE:_elem_0::|security/selinux/hooks.c,1706}"
CE0x423b600 "{CE0x423b600|may_create:_tmp20|security/selinux/hooks.c,1706}"
CE0x423bae0 "{CE0x423bae0|may_create:_tmp21|security/selinux/hooks.c,1706}"
CE0x42143d0 "{CE0x42143d0|may_create:_create_sid|security/selinux/hooks.c,1717}"
CE0x4214360 "{CE0x4214360|may_create:_tmp28|security/selinux/hooks.c,1717}"
CE0x4214790 "{CE0x4214790|0:_i32,_:_SCMRE:_elem_0:default:}"
CE0x43462f0 "{CE0x43462f0|may_create:_tmp55|security/selinux/hooks.c,1735}"
CE0x43428d0 "{CE0x43428d0|may_create:_tmp55|security/selinux/hooks.c,1735|*SummSink*}"
CONST[source:0(mediator),value:2(dynamic)][purpose:{object}]


CONST[source:1(input),value:2(dynamic)][purpose:{object}]  ->  CONST[source:0(mediator),value:2(dynamic)][purpose:{object}]
-----------
CONST[source:1(input),value:2(dynamic)][purpose:{object}]
CE0x4304220 "{CE0x4304220|28:_i32,_:_CRE_28,32_|*MultipleSource*|*LoadInst*|security/selinux/hooks.c,1713|security/selinux/hooks.c,1713|security/selinux/hooks.c,1722}"
CE0x430a600 "{CE0x430a600|may_create:_tmp29|security/selinux/hooks.c,1722}"
CE0x430aa00 "{CE0x430aa00|may_create:_tmp29|security/selinux/hooks.c,1722|*SummSink*}"
CONST[source:0(mediator),value:2(dynamic)][purpose:{object}]



implicit:
CONST[source:1(input),value:2(dynamic)][purpose:{object}]  ->  CONST[source:0(mediator),value:2(dynamic)][purpose:{object}]
-----------
CONST[source:1(input),value:2(dynamic)][purpose:{object}]
CE0x4304220 "{CE0x4304220|28:_i32,_:_CRE_28,32_|*MultipleSource*|*LoadInst*|security/selinux/hooks.c,1713|security/selinux/hooks.c,1713|security/selinux/hooks.c,1722}"
CE0x430a600 "{CE0x430a600|may_create:_tmp29|security/selinux/hooks.c,1722}"
CE0x430aa00 "{CE0x430aa00|may_create:_tmp29|security/selinux/hooks.c,1722|*SummSink*}"
CONST[source:0(mediator),value:2(dynamic)][purpose:{object}]


CONST[source:1(input),value:2(dynamic)][purpose:{object}]  ->  CONST[source:0(mediator),value:2(dynamic)][purpose:{subject}]
-----------
CONST[source:1(input),value:2(dynamic)][purpose:{object}]
CE0x4330160 "{CE0x4330160|VOIDTB_TE:_CE_89,90_}"
CE0x429bf20 "{CE0x429bf20|may_create:_call22|security/selinux/hooks.c,1729}"
CE0x4341cd0 "{CE0x4341cd0|may_create:_tobool23|security/selinux/hooks.c,1731}"
CE0x421bf30 "{CE0x421bf30|may_create:_if.end30}"
CE0x434b570 "{CE0x434b570|may_create:_tmp64|security/selinux/hooks.c,1739}"
CE0x434b860 "{CE0x434b860|may_create:_tmp64|security/selinux/hooks.c,1739|*SummSink*}"
CONST[source:0(mediator),value:2(dynamic)][purpose:{subject}]


CONST[source:2(external),value:2(dynamic)][purpose:{subject}]  ->  CONST[source:0(mediator),value:2(dynamic)][purpose:{object}]
-----------
CONST[source:2(external),value:2(dynamic)][purpose:{subject}]
CE0x4272800 "{CE0x4272800|COLLAPSED:_GCMRE_current_task_external_global_%struct.task_struct*:_elem_0::|security/selinux/hooks.c,1706}"
CE0x423b600 "{CE0x423b600|may_create:_tmp20|security/selinux/hooks.c,1706}"
CE0x423bae0 "{CE0x423bae0|may_create:_tmp21|security/selinux/hooks.c,1706}"
CE0x42143d0 "{CE0x42143d0|may_create:_create_sid|security/selinux/hooks.c,1717}"
CE0x4214360 "{CE0x4214360|may_create:_tmp28|security/selinux/hooks.c,1717}"
CE0x4214790 "{CE0x4214790|0:_i32,_:_SCMRE:_elem_0:default:}"
CE0x43462f0 "{CE0x43462f0|may_create:_tmp55|security/selinux/hooks.c,1735}"
CE0x43428d0 "{CE0x43428d0|may_create:_tmp55|security/selinux/hooks.c,1735|*SummSink*}"
CONST[source:0(mediator),value:2(dynamic)][purpose:{object}]


CONST[source:2(external),value:2(dynamic)][purpose:{subject}]  ->  CONST[source:0(mediator),value:2(dynamic)][purpose:{subject}]
-----------
CONST[source:2(external),value:2(dynamic)][purpose:{subject}]
CE0x4272800 "{CE0x4272800|COLLAPSED:_GCMRE_current_task_external_global_%struct.task_struct*:_elem_0::|security/selinux/hooks.c,1706}"
CE0x423b600 "{CE0x423b600|may_create:_tmp20|security/selinux/hooks.c,1706}"
CE0x423bae0 "{CE0x423bae0|may_create:_tmp21|security/selinux/hooks.c,1706}"
CE0x4313020 "{CE0x4313020|may_create:_sid11|security/selinux/hooks.c,1716}"
CE0x41febd0 "{CE0x41febd0|may_create:_tmp27|security/selinux/hooks.c,1716}"
CE0x41ff010 "{CE0x41ff010|may_create:_tmp27|security/selinux/hooks.c,1716|*SummSink*}"
CONST[source:0(mediator),value:2(dynamic)][purpose:{subject}]


