[tomoyo_path_truncate]

explicit:
CONST[source:2(external),value:2(dynamic)][purpose:{subject}]  ->  CONST[source:1(input),value:2(dynamic)][purpose:{subject}]
-----------
CONST[source:2(external),value:2(dynamic)][purpose:{subject}]
CE0x6965e30 "{CE0x6965e30|COLLAPSED:_GCRE_current_task_external_global_%struct.task_struct*:_elem_0::|security/tomoyo/common.h,1205}"
CE0x585f140 "{CE0x585f140|tomoyo_domain:_tmp22|security/tomoyo/common.h,1205}"
CE0x66ae5b0 "{CE0x66ae5b0|tomoyo_domain:_tmp23|security/tomoyo/common.h,1205}"
CE0x67252c0 "{CE0x67252c0|_ret_%struct.tomoyo_domain_info*_%tmp23,_!dbg_!38929|security/tomoyo/common.h,1205}"
CE0x68d65b0 "{CE0x68d65b0|tomoyo_init_request_info:_call|security/tomoyo/util.c,1005}"
CE0x5938800 "{CE0x5938800|tomoyo_init_request_info:_domain.addr.0}"
CE0x56fd3c0 "{CE0x56fd3c0|0:_%struct.tomoyo_obj_info*,_16:_%struct.tomoyo_domain_info*,_24:_%struct.tomoyo_path_info*,_40:_i8,_72:_i8,_75:_i8,_76:_i8,_77:_i8,_:_SCMRE_16,24_|*MultipleSource*|security/tomoyo/file.c, 787|security/tomoyo/file.c,787|Function::tomoyo_init_request_info&Arg::r::|security/tomoyo/file.c,800}"
CONST[source:1(input),value:2(dynamic)][purpose:{subject}]



implicit:
CONST[source:2(external),value:2(dynamic)][purpose:{subject}]  ->  CONST[source:1(input),value:2(dynamic)][purpose:{subject}]
-----------
CONST[source:2(external),value:2(dynamic)][purpose:{subject}]
CE0x57d5a30 "{CE0x57d5a30|128:_i8*,_1208:_%struct.file*,_:_CMRE_128,136_|*MultipleSource*|security/tomoyo/common.h,1205|security/tomoyo/common.h,1205}"
CE0x585f140 "{CE0x585f140|tomoyo_domain:_tmp22|security/tomoyo/common.h,1205}"
CE0x66ae5b0 "{CE0x66ae5b0|tomoyo_domain:_tmp23|security/tomoyo/common.h,1205}"
CE0x67252c0 "{CE0x67252c0|_ret_%struct.tomoyo_domain_info*_%tmp23,_!dbg_!38929|security/tomoyo/common.h,1205}"
CE0x68d65b0 "{CE0x68d65b0|tomoyo_init_request_info:_call|security/tomoyo/util.c,1005}"
CE0x5938800 "{CE0x5938800|tomoyo_init_request_info:_domain.addr.0}"
CE0x56fd3c0 "{CE0x56fd3c0|0:_%struct.tomoyo_obj_info*,_16:_%struct.tomoyo_domain_info*,_24:_%struct.tomoyo_path_info*,_40:_i8,_72:_i8,_75:_i8,_76:_i8,_77:_i8,_:_SCMRE_16,24_|*MultipleSource*|security/tomoyo/file.c, 787|security/tomoyo/file.c,787|Function::tomoyo_init_request_info&Arg::r::|security/tomoyo/file.c,800}"
CONST[source:1(input),value:2(dynamic)][purpose:{subject}]


