[selinux_socket_recvmsg]

explicit:
CONST[source:2(external),value:2(dynamic)][purpose:{subject}][SrcIdx:3]  ->  CONST[source:0(mediator),value:2(dynamic)][purpose:{subject}][SnkIdx:0]
-----------
CONST[source:2(external),value:2(dynamic)][purpose:{subject}][SrcIdx:3]
CE0x5c752b0 "{CE0x5c752b0|COLLAPSED:_GCMRE_current_task_external_global_%struct.task_struct*:_elem_0:default:}"
CE0x5cf8e90 "{CE0x5cf8e90|task_sid:tmp4|*LoadInst*|security/selinux/hooks.c,208}"
CE0x5cd8780 "{CE0x5cd8780|cred_sid:cred|Function::cred_sid&Arg::cred::}"
CE0x5c5e230 "{CE0x5c5e230|cred_sid:security|security/selinux/hooks.c,196}"
CE0x5c86400 "{CE0x5c86400|cred_sid:tmp4|*LoadInst*|security/selinux/hooks.c,196}"
CE0x5c8a560 "{CE0x5c8a560|cred_sid:tmp5|security/selinux/hooks.c,196}"
CE0x5d20fb0 "{CE0x5d20fb0|cred_sid:sid|security/selinux/hooks.c,197}"
CE0x5d01cf0 "{CE0x5d01cf0|cred_sid:tmp6|security/selinux/hooks.c,197}"
CE0x5cd8ae0 "{CE0x5cd8ae0|_ret_i32_%tmp6,_!dbg_!27716|security/selinux/hooks.c,197}"
CE0x5cd7420 "{CE0x5cd7420|task_sid:call7|security/selinux/hooks.c,208}"
CE0x5ce7290 "{CE0x5ce7290|_ret_i32_%call7,_!dbg_!27749|security/selinux/hooks.c,210}"
CE0x5ce88d0 "{CE0x5ce88d0|sock_has_perm:call|security/selinux/hooks.c,3967}"
CE0x5ce8ac0 "{CE0x5ce8ac0|sock_has_perm:call|security/selinux/hooks.c,3967|*SummSink*}"
CONST[source:0(mediator),value:2(dynamic)][purpose:{subject}][SnkIdx:0]


CONST[source:1(input),value:2(dynamic)][purpose:{object}][SrcIdx:1]  ->  CONST[source:0(mediator),value:2(dynamic)][purpose:{object}][SnkIdx:2]
-----------
CONST[source:1(input),value:2(dynamic)][purpose:{object}][SrcIdx:1]
CE0x5c748a0 "{CE0x5c748a0|32:_%struct.sock*,_:_CRE_32,40_|*MultipleSource*|Function::selinux_socket_recvmsg&Arg::sock::|security/selinux/hooks.c,4221}"
CE0x5c7b860 "{CE0x5c7b860|selinux_socket_recvmsg:tmp4|*LoadInst*|security/selinux/hooks.c,4221}"
CE0x539e050 "{CE0x539e050|sock_has_perm:sk|Function::sock_has_perm&Arg::sk::}"
CE0x5c8b280 "{CE0x5c8b280|sock_has_perm:sk_security|security/selinux/hooks.c,3964}"
CE0x5ccede0 "{CE0x5ccede0|sock_has_perm:tmp2|*LoadInst*|security/selinux/hooks.c,3964}"
CE0x5ca2630 "{CE0x5ca2630|sock_has_perm:tmp3|security/selinux/hooks.c,3964}"
CE0x5ce0710 "{CE0x5ce0710|sock_has_perm:sclass|security/selinux/hooks.c,3976}"
CE0x5cdcfb0 "{CE0x5cdcfb0|sock_has_perm:tmp17|security/selinux/hooks.c,3976}"
CE0x5cdd100 "{CE0x5cdd100|sock_has_perm:tmp17|security/selinux/hooks.c,3976|*SummSink*}"
CONST[source:0(mediator),value:2(dynamic)][purpose:{object}][SnkIdx:2]


CONST[source:1(input),value:2(dynamic)][purpose:{object}][SrcIdx:1]  ->  CONST[source:0(mediator),value:2(dynamic)][purpose:{object}][SnkIdx:1]
-----------
CONST[source:1(input),value:2(dynamic)][purpose:{object}][SrcIdx:1]
CE0x5c748a0 "{CE0x5c748a0|32:_%struct.sock*,_:_CRE_32,40_|*MultipleSource*|Function::selinux_socket_recvmsg&Arg::sock::|security/selinux/hooks.c,4221}"
CE0x5c7b860 "{CE0x5c7b860|selinux_socket_recvmsg:tmp4|*LoadInst*|security/selinux/hooks.c,4221}"
CE0x539e050 "{CE0x539e050|sock_has_perm:sk|Function::sock_has_perm&Arg::sk::}"
CE0x5c8b280 "{CE0x5c8b280|sock_has_perm:sk_security|security/selinux/hooks.c,3964}"
CE0x5ccede0 "{CE0x5ccede0|sock_has_perm:tmp2|*LoadInst*|security/selinux/hooks.c,3964}"
CE0x5ca2630 "{CE0x5ca2630|sock_has_perm:tmp3|security/selinux/hooks.c,3964}"
CE0x5cdf4e0 "{CE0x5cdf4e0|sock_has_perm:sid5|security/selinux/hooks.c,3976}"
CE0x5cdffa0 "{CE0x5cdffa0|sock_has_perm:tmp16|security/selinux/hooks.c,3976}"
CE0x5ce0140 "{CE0x5ce0140|sock_has_perm:tmp16|security/selinux/hooks.c,3976|*SummSink*}"
CONST[source:0(mediator),value:2(dynamic)][purpose:{object}][SnkIdx:1]



implicit:
CONST[source:1(input),value:2(dynamic)][purpose:{object}][SrcIdx:1]  ->  CONST[source:0(mediator),value:2(dynamic)][purpose:{object}][SnkIdx:1]
-----------
CONST[source:1(input),value:2(dynamic)][purpose:{object}][SrcIdx:1]
CE0x5c748a0 "{CE0x5c748a0|32:_%struct.sock*,_:_CRE_32,40_|*MultipleSource*|Function::selinux_socket_recvmsg&Arg::sock::|security/selinux/hooks.c,4221}"
CE0x5c7b860 "{CE0x5c7b860|selinux_socket_recvmsg:tmp4|*LoadInst*|security/selinux/hooks.c,4221}"
CE0x539e050 "{CE0x539e050|sock_has_perm:sk|Function::sock_has_perm&Arg::sk::}"
CE0x5c8b280 "{CE0x5c8b280|sock_has_perm:sk_security|security/selinux/hooks.c,3964}"
CE0x5ccede0 "{CE0x5ccede0|sock_has_perm:tmp2|*LoadInst*|security/selinux/hooks.c,3964}"
CE0x5ca2630 "{CE0x5ca2630|sock_has_perm:tmp3|security/selinux/hooks.c,3964}"
CE0x5cdf4e0 "{CE0x5cdf4e0|sock_has_perm:sid5|security/selinux/hooks.c,3976}"
CE0x5cdffa0 "{CE0x5cdffa0|sock_has_perm:tmp16|security/selinux/hooks.c,3976}"
CE0x5ce0140 "{CE0x5ce0140|sock_has_perm:tmp16|security/selinux/hooks.c,3976|*SummSink*}"
CONST[source:0(mediator),value:2(dynamic)][purpose:{object}][SnkIdx:1]


CONST[source:1(input),value:2(dynamic)][purpose:{object}][SrcIdx:1]  ->  CONST[source:0(mediator),value:2(dynamic)][purpose:{object}][SnkIdx:2]
-----------
CONST[source:1(input),value:2(dynamic)][purpose:{object}][SrcIdx:1]
CE0x5c748a0 "{CE0x5c748a0|32:_%struct.sock*,_:_CRE_32,40_|*MultipleSource*|Function::selinux_socket_recvmsg&Arg::sock::|security/selinux/hooks.c,4221}"
CE0x5c7b860 "{CE0x5c7b860|selinux_socket_recvmsg:tmp4|*LoadInst*|security/selinux/hooks.c,4221}"
CE0x539e050 "{CE0x539e050|sock_has_perm:sk|Function::sock_has_perm&Arg::sk::}"
CE0x5c8b280 "{CE0x5c8b280|sock_has_perm:sk_security|security/selinux/hooks.c,3964}"
CE0x5ccede0 "{CE0x5ccede0|sock_has_perm:tmp2|*LoadInst*|security/selinux/hooks.c,3964}"
CE0x5ca2630 "{CE0x5ca2630|sock_has_perm:tmp3|security/selinux/hooks.c,3964}"
CE0x5ce0710 "{CE0x5ce0710|sock_has_perm:sclass|security/selinux/hooks.c,3976}"
CE0x5cdcfb0 "{CE0x5cdcfb0|sock_has_perm:tmp17|security/selinux/hooks.c,3976}"
CE0x5cdd100 "{CE0x5cdd100|sock_has_perm:tmp17|security/selinux/hooks.c,3976|*SummSink*}"
CONST[source:0(mediator),value:2(dynamic)][purpose:{object}][SnkIdx:2]


CONST[source:2(external),value:2(dynamic)][purpose:{subject}][SrcIdx:3]  ->  CONST[source:0(mediator),value:2(dynamic)][purpose:{subject}][SnkIdx:0]
-----------
CONST[source:2(external),value:2(dynamic)][purpose:{subject}][SrcIdx:3]
CE0x5c752b0 "{CE0x5c752b0|COLLAPSED:_GCMRE_current_task_external_global_%struct.task_struct*:_elem_0:default:}"
CE0x5cf8e90 "{CE0x5cf8e90|task_sid:tmp4|*LoadInst*|security/selinux/hooks.c,208}"
CE0x5cd8780 "{CE0x5cd8780|cred_sid:cred|Function::cred_sid&Arg::cred::}"
CE0x5c5e230 "{CE0x5c5e230|cred_sid:security|security/selinux/hooks.c,196}"
CE0x5c86400 "{CE0x5c86400|cred_sid:tmp4|*LoadInst*|security/selinux/hooks.c,196}"
CE0x5c8a560 "{CE0x5c8a560|cred_sid:tmp5|security/selinux/hooks.c,196}"
CE0x5d20fb0 "{CE0x5d20fb0|cred_sid:sid|security/selinux/hooks.c,197}"
CE0x5d01cf0 "{CE0x5d01cf0|cred_sid:tmp6|security/selinux/hooks.c,197}"
CE0x5cd8ae0 "{CE0x5cd8ae0|_ret_i32_%tmp6,_!dbg_!27716|security/selinux/hooks.c,197}"
CE0x5cd7420 "{CE0x5cd7420|task_sid:call7|security/selinux/hooks.c,208}"
CE0x5ce7290 "{CE0x5ce7290|_ret_i32_%call7,_!dbg_!27749|security/selinux/hooks.c,210}"
CE0x5ce88d0 "{CE0x5ce88d0|sock_has_perm:call|security/selinux/hooks.c,3967}"
CE0x5ce8ac0 "{CE0x5ce8ac0|sock_has_perm:call|security/selinux/hooks.c,3967|*SummSink*}"
CONST[source:0(mediator),value:2(dynamic)][purpose:{subject}][SnkIdx:0]


