[selinux_capget]

explicit:
CONST[source:2(external),value:2(dynamic)][purpose:{subject}][SrcIdx:4]  ->  CONST[source:0(mediator),value:2(dynamic)][purpose:{subject}][SnkIdx:0]
-----------
CONST[source:2(external),value:2(dynamic)][purpose:{subject}][SrcIdx:4]
CE0x5344280 "{CE0x5344280|COLLAPSED:_CMRE:_elem_0::|security/selinux/hooks.c,218}"
CE0x5344920 "{CE0x5344920|current_sid:tmp22|security/selinux/hooks.c,218}"
CE0x5344c10 "{CE0x5344c10|current_sid:tmp23|security/selinux/hooks.c,218}"
CE0x5345a30 "{CE0x5345a30|current_sid:sid|security/selinux/hooks.c,220}"
CE0x5346ea0 "{CE0x5346ea0|current_sid:tmp24|security/selinux/hooks.c,220}"
CE0x5320ba0 "{CE0x5320ba0|_ret_i32_%tmp24,_!dbg_!27742|security/selinux/hooks.c,220}"
CE0x5305f10 "{CE0x5305f10|current_has_perm:call|security/selinux/hooks.c,1542}"
CE0x531c950 "{CE0x531c950|current_has_perm:call|security/selinux/hooks.c,1542|*SummSink*}"
CONST[source:0(mediator),value:2(dynamic)][purpose:{subject}][SnkIdx:0]


CONST[source:1(input),value:2(dynamic)][purpose:{object}][SrcIdx:2]  ->  CONST[source:0(mediator),value:2(dynamic)][purpose:{object}][SnkIdx:1]
-----------
CONST[source:1(input),value:2(dynamic)][purpose:{object}][SrcIdx:2]
CE0x53216a0 "{CE0x53216a0|2472:_%struct.cred*,_:_CRE:_elem_0:default:}"
CE0x536e1c0 "{CE0x536e1c0|task_sid:tmp4|*LoadInst*|security/selinux/hooks.c,208}"
CE0x5367fc0 "{CE0x5367fc0|cred_sid:cred|Function::cred_sid&Arg::cred::}"
CE0x537cfe0 "{CE0x537cfe0|cred_sid:security|security/selinux/hooks.c,196}"
CE0x5360f80 "{CE0x5360f80|cred_sid:tmp4|*LoadInst*|security/selinux/hooks.c,196}"
CE0x53bec60 "{CE0x53bec60|cred_sid:tmp5|security/selinux/hooks.c,196}"
CE0x53a4430 "{CE0x53a4430|cred_sid:sid|security/selinux/hooks.c,197}"
CE0x53a5340 "{CE0x53a5340|cred_sid:tmp6|security/selinux/hooks.c,197}"
CE0x5368320 "{CE0x5368320|_ret_i32_%tmp6,_!dbg_!27716|security/selinux/hooks.c,197}"
CE0x532fad0 "{CE0x532fad0|task_sid:call7|security/selinux/hooks.c,208}"
CE0x5301320 "{CE0x5301320|_ret_i32_%call7,_!dbg_!27749|security/selinux/hooks.c,210}"
CE0x5333390 "{CE0x5333390|current_has_perm:call1|security/selinux/hooks.c,1543}"
CE0x53330e0 "{CE0x53330e0|current_has_perm:call1|security/selinux/hooks.c,1543|*SummSink*}"
CONST[source:0(mediator),value:2(dynamic)][purpose:{object}][SnkIdx:1]



implicit:
CONST[source:2(external),value:2(dynamic)][purpose:{subject}][SrcIdx:4]  ->  CONST[source:0(mediator),value:2(dynamic)][purpose:{subject}][SnkIdx:0]
-----------
CONST[source:2(external),value:2(dynamic)][purpose:{subject}][SrcIdx:4]
CE0x5344280 "{CE0x5344280|COLLAPSED:_CMRE:_elem_0::|security/selinux/hooks.c,218}"
CE0x5344920 "{CE0x5344920|current_sid:tmp22|security/selinux/hooks.c,218}"
CE0x5344c10 "{CE0x5344c10|current_sid:tmp23|security/selinux/hooks.c,218}"
CE0x5345a30 "{CE0x5345a30|current_sid:sid|security/selinux/hooks.c,220}"
CE0x5346ea0 "{CE0x5346ea0|current_sid:tmp24|security/selinux/hooks.c,220}"
CE0x5320ba0 "{CE0x5320ba0|_ret_i32_%tmp24,_!dbg_!27742|security/selinux/hooks.c,220}"
CE0x5305f10 "{CE0x5305f10|current_has_perm:call|security/selinux/hooks.c,1542}"
CE0x531c950 "{CE0x531c950|current_has_perm:call|security/selinux/hooks.c,1542|*SummSink*}"
CONST[source:0(mediator),value:2(dynamic)][purpose:{subject}][SnkIdx:0]


CONST[source:1(input),value:2(dynamic)][purpose:{object}][SrcIdx:2]  ->  CONST[source:0(mediator),value:2(dynamic)][purpose:{object}][SnkIdx:1]
-----------
CONST[source:1(input),value:2(dynamic)][purpose:{object}][SrcIdx:2]
CE0x53216a0 "{CE0x53216a0|2472:_%struct.cred*,_:_CRE:_elem_0:default:}"
CE0x536e1c0 "{CE0x536e1c0|task_sid:tmp4|*LoadInst*|security/selinux/hooks.c,208}"
CE0x5367fc0 "{CE0x5367fc0|cred_sid:cred|Function::cred_sid&Arg::cred::}"
CE0x537cfe0 "{CE0x537cfe0|cred_sid:security|security/selinux/hooks.c,196}"
CE0x5360f80 "{CE0x5360f80|cred_sid:tmp4|*LoadInst*|security/selinux/hooks.c,196}"
CE0x53bec60 "{CE0x53bec60|cred_sid:tmp5|security/selinux/hooks.c,196}"
CE0x53a4430 "{CE0x53a4430|cred_sid:sid|security/selinux/hooks.c,197}"
CE0x53a5340 "{CE0x53a5340|cred_sid:tmp6|security/selinux/hooks.c,197}"
CE0x5368320 "{CE0x5368320|_ret_i32_%tmp6,_!dbg_!27716|security/selinux/hooks.c,197}"
CE0x532fad0 "{CE0x532fad0|task_sid:call7|security/selinux/hooks.c,208}"
CE0x5301320 "{CE0x5301320|_ret_i32_%call7,_!dbg_!27749|security/selinux/hooks.c,210}"
CE0x5333390 "{CE0x5333390|current_has_perm:call1|security/selinux/hooks.c,1543}"
CE0x53330e0 "{CE0x53330e0|current_has_perm:call1|security/selinux/hooks.c,1543|*SummSink*}"
CONST[source:0(mediator),value:2(dynamic)][purpose:{object}][SnkIdx:1]


