[apparmor_path_unlink]

explicit:
CONST[source:2(external),value:2(dynamic)][purpose:{subject}][SrcIdx:5]  ->  CONST[source:0(mediator),value:2(dynamic)][purpose:{object}]
-----------
CONST[source:2(external),value:2(dynamic)][purpose:{subject}][SrcIdx:5]
CE0x506d720 "{CE0x506d720|COLLAPSED:_SIMRE:_elem_0:default:}"
CONST[source:0(mediator),value:2(dynamic)][purpose:{object}]


CONST[source:2(external),value:2(dynamic)][purpose:{subject}][SrcIdx:5]  ->  CONST[source:0(mediator),value:2(dynamic)][purpose:{subject}]
-----------
CONST[source:2(external),value:2(dynamic)][purpose:{subject}][SrcIdx:5]
CE0x506d720 "{CE0x506d720|COLLAPSED:_SIMRE:_elem_0:default:}"
CONST[source:0(mediator),value:2(dynamic)][purpose:{subject}]


CONST[source:0(mediator),value:2(dynamic)][purpose:{subject}][SrcIdx:4]  ->  CONST[source:0(mediator),value:2(dynamic)][purpose:{object}]
-----------
CONST[source:0(mediator),value:2(dynamic)][purpose:{subject}][SrcIdx:4]
CE0x506d720 "{CE0x506d720|COLLAPSED:_SIMRE:_elem_0:default:}"
CONST[source:0(mediator),value:2(dynamic)][purpose:{object}]


CONST[source:1(input),value:2(dynamic)][purpose:{object}][SrcIdx:0]  ->  CONST[source:0(mediator),value:2(dynamic)][purpose:{object}]
-----------
CONST[source:1(input),value:2(dynamic)][purpose:{object}][SrcIdx:0]
CE0x5050c90 "{CE0x5050c90|0:_%struct.vfsmount*,_8:_%struct.dentry*,_:_CRE:_elem_0:default:}"
CE0x505bae0 "{CE0x505bae0|tmp4}"
CE0x506d720 "{CE0x506d720|COLLAPSED:_SIMRE:_elem_0:default:}"
CONST[source:0(mediator),value:2(dynamic)][purpose:{object}]


CONST[source:1(input),value:2(dynamic)][purpose:{object}][SrcIdx:0]  ->  CONST[source:0(mediator),value:2(dynamic)][purpose:{subject}]
-----------
CONST[source:1(input),value:2(dynamic)][purpose:{object}][SrcIdx:0]
CE0x5050c90 "{CE0x5050c90|0:_%struct.vfsmount*,_8:_%struct.dentry*,_:_CRE:_elem_0:default:}"
CE0x505bae0 "{CE0x505bae0|tmp4}"
CE0x506d720 "{CE0x506d720|COLLAPSED:_SIMRE:_elem_0:default:}"
CONST[source:0(mediator),value:2(dynamic)][purpose:{subject}]


CONST[source:1(input),value:2(dynamic)][purpose:{object}][SrcIdx:1]  ->  CONST[source:0(mediator),value:2(dynamic)][purpose:{object}]
-----------
CONST[source:1(input),value:2(dynamic)][purpose:{object}][SrcIdx:1]
CE0x5059a10 "{CE0x5059a10|40:_i16,_44:_i32,_48:_i16,_80:_%struct.super_block*,_112:_i32,_128:_i8*,_:_SCMRE_120,136_}"
CE0x506d720 "{CE0x506d720|COLLAPSED:_SIMRE:_elem_0:default:}"
CONST[source:0(mediator),value:2(dynamic)][purpose:{object}]


CONST[source:1(input),value:2(dynamic)][purpose:{object}][SrcIdx:1]  ->  CONST[source:0(mediator),value:2(dynamic)][purpose:{subject}]
-----------
CONST[source:1(input),value:2(dynamic)][purpose:{object}][SrcIdx:1]
CE0x5059a10 "{CE0x5059a10|40:_i16,_44:_i32,_48:_i16,_80:_%struct.super_block*,_112:_i32,_128:_i8*,_:_SCMRE_120,136_}"
CE0x506d720 "{CE0x506d720|COLLAPSED:_SIMRE:_elem_0:default:}"
CONST[source:0(mediator),value:2(dynamic)][purpose:{subject}]



implicit:
CONST[source:1(input),value:2(dynamic)][purpose:{object}][SrcIdx:1]  ->  CONST[source:0(mediator),value:2(dynamic)][purpose:{subject}]
-----------
CONST[source:1(input),value:2(dynamic)][purpose:{object}][SrcIdx:1]
CE0x5057ff0 "{CE0x5057ff0|40:_i16,_44:_i32,_48:_i16,_80:_%struct.super_block*,_112:_i32,_128:_i8*,_:_SCMRE_24,32_}"
CE0x506d720 "{CE0x506d720|COLLAPSED:_SIMRE:_elem_0:default:}"
CONST[source:0(mediator),value:2(dynamic)][purpose:{subject}]


CONST[source:1(input),value:2(dynamic)][purpose:{object}][SrcIdx:1]  ->  CONST[source:0(mediator),value:2(dynamic)][purpose:{object}]
-----------
CONST[source:1(input),value:2(dynamic)][purpose:{object}][SrcIdx:1]
CE0x5057ff0 "{CE0x5057ff0|40:_i16,_44:_i32,_48:_i16,_80:_%struct.super_block*,_112:_i32,_128:_i8*,_:_SCMRE_24,32_}"
CE0x506d720 "{CE0x506d720|COLLAPSED:_SIMRE:_elem_0:default:}"
CONST[source:0(mediator),value:2(dynamic)][purpose:{object}]


CONST[source:1(input),value:2(dynamic)][purpose:{object}][SrcIdx:0]  ->  CONST[source:0(mediator),value:2(dynamic)][purpose:{subject}]
-----------
CONST[source:1(input),value:2(dynamic)][purpose:{object}][SrcIdx:0]
CE0x5050c90 "{CE0x5050c90|0:_%struct.vfsmount*,_8:_%struct.dentry*,_:_CRE:_elem_0:default:}"
CE0x505bae0 "{CE0x505bae0|tmp4}"
CE0x506d720 "{CE0x506d720|COLLAPSED:_SIMRE:_elem_0:default:}"
CONST[source:0(mediator),value:2(dynamic)][purpose:{subject}]


CONST[source:1(input),value:2(dynamic)][purpose:{object}][SrcIdx:0]  ->  CONST[source:0(mediator),value:2(dynamic)][purpose:{object}]
-----------
CONST[source:1(input),value:2(dynamic)][purpose:{object}][SrcIdx:0]
CE0x5050c90 "{CE0x5050c90|0:_%struct.vfsmount*,_8:_%struct.dentry*,_:_CRE:_elem_0:default:}"
CE0x505bae0 "{CE0x505bae0|tmp4}"
CE0x506d720 "{CE0x506d720|COLLAPSED:_SIMRE:_elem_0:default:}"
CONST[source:0(mediator),value:2(dynamic)][purpose:{object}]


CONST[source:0(mediator),value:2(dynamic)][purpose:{subject}][SrcIdx:4]  ->  CONST[source:0(mediator),value:2(dynamic)][purpose:{object}]
-----------
CONST[source:0(mediator),value:2(dynamic)][purpose:{subject}][SrcIdx:4]
CE0x506d720 "{CE0x506d720|COLLAPSED:_SIMRE:_elem_0:default:}"
CONST[source:0(mediator),value:2(dynamic)][purpose:{object}]


CONST[source:2(external),value:2(dynamic)][purpose:{subject}][SrcIdx:5]  ->  CONST[source:0(mediator),value:2(dynamic)][purpose:{subject}]
-----------
CONST[source:2(external),value:2(dynamic)][purpose:{subject}][SrcIdx:5]
CE0x506d720 "{CE0x506d720|COLLAPSED:_SIMRE:_elem_0:default:}"
CONST[source:0(mediator),value:2(dynamic)][purpose:{subject}]


CONST[source:2(external),value:2(dynamic)][purpose:{subject}][SrcIdx:5]  ->  CONST[source:0(mediator),value:2(dynamic)][purpose:{object}]
-----------
CONST[source:2(external),value:2(dynamic)][purpose:{subject}][SrcIdx:5]
CE0x506d720 "{CE0x506d720|COLLAPSED:_SIMRE:_elem_0:default:}"
CONST[source:0(mediator),value:2(dynamic)][purpose:{object}]


