[selinux_kernel_act_as]

explicit:
CONST[source:2(external),value:2(dynamic)][purpose:{subject}]  ->  CONST[source:0(mediator),value:2(dynamic)][purpose:{subject}]
-----------
CONST[source:2(external),value:2(dynamic)][purpose:{subject}]
CE0x47db5f0 "{CE0x47db5f0|COLLAPSED:_GCMRE_current_task_external_global_%struct.task_struct*:_elem_0::|security/selinux/hooks.c,218}"
CE0x47cec10 "{CE0x47cec10|current_sid:_tmp22|security/selinux/hooks.c,218}"
CE0x47cf0b0 "{CE0x47cf0b0|current_sid:_tmp23|security/selinux/hooks.c,218}"
CE0x47cf940 "{CE0x47cf940|current_sid:_sid|security/selinux/hooks.c,220}"
CE0x47d0620 "{CE0x47d0620|current_sid:_tmp24|security/selinux/hooks.c,220}"
CE0x4785230 "{CE0x4785230|_ret_i32_%tmp24,_!dbg_!27742|security/selinux/hooks.c,220}"
CE0x479c820 "{CE0x479c820|selinux_kernel_act_as:_call|security/selinux/hooks.c,3521}"
CE0x479c9c0 "{CE0x479c9c0|selinux_kernel_act_as:_call|security/selinux/hooks.c,3521|*SummSink*}"
CONST[source:0(mediator),value:2(dynamic)][purpose:{subject}]


CONST[source:1(input),value:2(dynamic)][purpose:{object}]  ->  CONST[source:0(mediator),value:2(dynamic)][purpose:{object}]
-----------
CONST[source:1(input),value:2(dynamic)][purpose:{object}]
CE0x479c3c0 "{CE0x479c3c0|selinux_kernel_act_as:_secid|Function::selinux_kernel_act_as&Arg::secid::|*SummSource*}"
CE0x479c290 "{CE0x479c290|selinux_kernel_act_as:_secid|Function::selinux_kernel_act_as&Arg::secid::}"
CE0x479c530 "{CE0x479c530|selinux_kernel_act_as:_secid|Function::selinux_kernel_act_as&Arg::secid::|*SummSink*}"
CONST[source:0(mediator),value:2(dynamic)][purpose:{object}]



implicit:
CONST[source:1(input),value:2(dynamic)][purpose:{object}]  ->  CONST[source:0(mediator),value:2(dynamic)][purpose:{object}]
-----------
CONST[source:1(input),value:2(dynamic)][purpose:{object}]
CE0x479c3c0 "{CE0x479c3c0|selinux_kernel_act_as:_secid|Function::selinux_kernel_act_as&Arg::secid::|*SummSource*}"
CE0x479c290 "{CE0x479c290|selinux_kernel_act_as:_secid|Function::selinux_kernel_act_as&Arg::secid::}"
CE0x479c530 "{CE0x479c530|selinux_kernel_act_as:_secid|Function::selinux_kernel_act_as&Arg::secid::|*SummSink*}"
CONST[source:0(mediator),value:2(dynamic)][purpose:{object}]


CONST[source:2(external),value:2(dynamic)][purpose:{subject}]  ->  CONST[source:0(mediator),value:2(dynamic)][purpose:{subject}]
-----------
CONST[source:2(external),value:2(dynamic)][purpose:{subject}]
CE0x47db5f0 "{CE0x47db5f0|COLLAPSED:_GCMRE_current_task_external_global_%struct.task_struct*:_elem_0::|security/selinux/hooks.c,218}"
CE0x47cec10 "{CE0x47cec10|current_sid:_tmp22|security/selinux/hooks.c,218}"
CE0x47cf0b0 "{CE0x47cf0b0|current_sid:_tmp23|security/selinux/hooks.c,218}"
CE0x47cf940 "{CE0x47cf940|current_sid:_sid|security/selinux/hooks.c,220}"
CE0x47d0620 "{CE0x47d0620|current_sid:_tmp24|security/selinux/hooks.c,220}"
CE0x4785230 "{CE0x4785230|_ret_i32_%tmp24,_!dbg_!27742|security/selinux/hooks.c,220}"
CE0x479c820 "{CE0x479c820|selinux_kernel_act_as:_call|security/selinux/hooks.c,3521}"
CE0x479c9c0 "{CE0x479c9c0|selinux_kernel_act_as:_call|security/selinux/hooks.c,3521|*SummSink*}"
CONST[source:0(mediator),value:2(dynamic)][purpose:{subject}]


