[selinux_syslog]

explicit:
CONST[source:2(external),value:2(dynamic)][purpose:{subject}]  ->  CONST[source:0(mediator),value:2(dynamic)][purpose:{subject}]
-----------
CONST[source:2(external),value:2(dynamic)][purpose:{subject}]
CE0x5a895b0 "{CE0x5a895b0|COLLAPSED:_CMRE:_elem_0::|security/selinux/hooks.c,196}"
CE0x5a89730 "{CE0x5a89730|cred_sid:_tmp4|*LoadInst*|security/selinux/hooks.c,196}"
CE0x5aacc70 "{CE0x5aacc70|cred_sid:_tmp5|security/selinux/hooks.c,196}"
CE0x5acf480 "{CE0x5acf480|cred_sid:_sid|security/selinux/hooks.c,197}"
CE0x5aac730 "{CE0x5aac730|cred_sid:_tmp6|security/selinux/hooks.c,197}"
CE0x5a93f80 "{CE0x5a93f80|_ret_i32_%tmp6,_!dbg_!27716|security/selinux/hooks.c,197}"
CE0x5a685d0 "{CE0x5a685d0|task_sid:_call7|security/selinux/hooks.c,208}"
CE0x5a435c0 "{CE0x5a435c0|_ret_i32_%call7,_!dbg_!27749|security/selinux/hooks.c,210}"
CE0x5a82530 "{CE0x5a82530|task_has_system:_call|security/selinux/hooks.c,1592}"
CE0x5a86580 "{CE0x5a86580|task_has_system:_call|security/selinux/hooks.c,1592|*SummSink*}"
CONST[source:0(mediator),value:2(dynamic)][purpose:{subject}]


CONST[source:1(input),value:2(dynamic)][purpose:{subject}]  ->  CONST[source:0(mediator),value:2(dynamic)][purpose:{subject}]
-----------
CONST[source:1(input),value:2(dynamic)][purpose:{subject}]
CE0x5a895b0 "{CE0x5a895b0|COLLAPSED:_CMRE:_elem_0::|security/selinux/hooks.c,196}"
CE0x5a89730 "{CE0x5a89730|cred_sid:_tmp4|*LoadInst*|security/selinux/hooks.c,196}"
CE0x5aacc70 "{CE0x5aacc70|cred_sid:_tmp5|security/selinux/hooks.c,196}"
CE0x5acf480 "{CE0x5acf480|cred_sid:_sid|security/selinux/hooks.c,197}"
CE0x5aac730 "{CE0x5aac730|cred_sid:_tmp6|security/selinux/hooks.c,197}"
CE0x5a93f80 "{CE0x5a93f80|_ret_i32_%tmp6,_!dbg_!27716|security/selinux/hooks.c,197}"
CE0x5a685d0 "{CE0x5a685d0|task_sid:_call7|security/selinux/hooks.c,208}"
CE0x5a435c0 "{CE0x5a435c0|_ret_i32_%call7,_!dbg_!27749|security/selinux/hooks.c,210}"
CE0x5a82530 "{CE0x5a82530|task_has_system:_call|security/selinux/hooks.c,1592}"
CE0x5a86580 "{CE0x5a86580|task_has_system:_call|security/selinux/hooks.c,1592|*SummSink*}"
CONST[source:0(mediator),value:2(dynamic)][purpose:{subject}]



implicit:
CONST[source:1(input),value:2(dynamic)][purpose:{operation}]  ->  CONST[source:0(mediator),value:2(dynamic)][purpose:{subject}]
-----------
CONST[source:1(input),value:2(dynamic)][purpose:{operation}]
CE0x5a33460 "{CE0x5a33460|selinux_syslog:_type|Function::selinux_syslog&Arg::type::|*SummSource*}"
CE0x5a37fd0 "{CE0x5a37fd0|selinux_syslog:_type|Function::selinux_syslog&Arg::type::}"
CE0x5a4e1b0 "{CE0x5a4e1b0|selinux_syslog:_sw.bb}"
CE0x5a517b0 "{CE0x5a517b0|task_has_system:_entry}"
CE0x5a82750 "{CE0x5a82750|task_has_system:_bb}"
CE0x5a82530 "{CE0x5a82530|task_has_system:_call|security/selinux/hooks.c,1592}"
CE0x5a86580 "{CE0x5a86580|task_has_system:_call|security/selinux/hooks.c,1592|*SummSink*}"
CONST[source:0(mediator),value:2(dynamic)][purpose:{subject}]


CONST[source:1(input),value:2(dynamic)][purpose:{subject}]  ->  CONST[source:0(mediator),value:2(dynamic)][purpose:{subject}]
-----------
CONST[source:1(input),value:2(dynamic)][purpose:{subject}]
CE0x5a895b0 "{CE0x5a895b0|COLLAPSED:_CMRE:_elem_0::|security/selinux/hooks.c,196}"
CE0x5a89730 "{CE0x5a89730|cred_sid:_tmp4|*LoadInst*|security/selinux/hooks.c,196}"
CE0x5aacc70 "{CE0x5aacc70|cred_sid:_tmp5|security/selinux/hooks.c,196}"
CE0x5acf480 "{CE0x5acf480|cred_sid:_sid|security/selinux/hooks.c,197}"
CE0x5aac730 "{CE0x5aac730|cred_sid:_tmp6|security/selinux/hooks.c,197}"
CE0x5a93f80 "{CE0x5a93f80|_ret_i32_%tmp6,_!dbg_!27716|security/selinux/hooks.c,197}"
CE0x5a685d0 "{CE0x5a685d0|task_sid:_call7|security/selinux/hooks.c,208}"
CE0x5a435c0 "{CE0x5a435c0|_ret_i32_%call7,_!dbg_!27749|security/selinux/hooks.c,210}"
CE0x5a82530 "{CE0x5a82530|task_has_system:_call|security/selinux/hooks.c,1592}"
CE0x5a86580 "{CE0x5a86580|task_has_system:_call|security/selinux/hooks.c,1592|*SummSink*}"
CONST[source:0(mediator),value:2(dynamic)][purpose:{subject}]


CONST[source:2(external),value:2(dynamic)][purpose:{subject}]  ->  CONST[source:0(mediator),value:2(dynamic)][purpose:{subject}]
-----------
CONST[source:2(external),value:2(dynamic)][purpose:{subject}]
CE0x5a895b0 "{CE0x5a895b0|COLLAPSED:_CMRE:_elem_0::|security/selinux/hooks.c,196}"
CE0x5a89730 "{CE0x5a89730|cred_sid:_tmp4|*LoadInst*|security/selinux/hooks.c,196}"
CE0x5aacc70 "{CE0x5aacc70|cred_sid:_tmp5|security/selinux/hooks.c,196}"
CE0x5acf480 "{CE0x5acf480|cred_sid:_sid|security/selinux/hooks.c,197}"
CE0x5aac730 "{CE0x5aac730|cred_sid:_tmp6|security/selinux/hooks.c,197}"
CE0x5a93f80 "{CE0x5a93f80|_ret_i32_%tmp6,_!dbg_!27716|security/selinux/hooks.c,197}"
CE0x5a685d0 "{CE0x5a685d0|task_sid:_call7|security/selinux/hooks.c,208}"
CE0x5a435c0 "{CE0x5a435c0|_ret_i32_%call7,_!dbg_!27749|security/selinux/hooks.c,210}"
CE0x5a82530 "{CE0x5a82530|task_has_system:_call|security/selinux/hooks.c,1592}"
CE0x5a86580 "{CE0x5a86580|task_has_system:_call|security/selinux/hooks.c,1592|*SummSink*}"
CONST[source:0(mediator),value:2(dynamic)][purpose:{subject}]


