[apparmor_ptrace_traceme]

explicit:
CONST[source:1(input),value:2(dynamic)][purpose:{subject}][SrcIdx:2]  ->  CONST[source:0(mediator),value:2(dynamic)][purpose:{object}][SnkIdx:1]
-----------
CONST[source:1(input),value:2(dynamic)][purpose:{subject}][SrcIdx:2]
CE0x641ea50 "{CE0x641ea50|COLLAPSED:_IRE:_elem_0:default:}"
CONST[source:0(mediator),value:2(dynamic)][purpose:{object}][SnkIdx:1]


CONST[source:1(input),value:2(dynamic)][purpose:{subject}][SrcIdx:2]  ->  CONST[source:0(mediator),value:2(dynamic)][purpose:{subject}][SnkIdx:0]
-----------
CONST[source:1(input),value:2(dynamic)][purpose:{subject}][SrcIdx:2]
CE0x642ef20 "{CE0x642ef20|COLLAPSED:_GIRE_rcu_lock_map_external_global_%struct.lockdep_map:_elem_0:default:}"
CONST[source:0(mediator),value:2(dynamic)][purpose:{subject}][SnkIdx:0]


CONST[source:2(external),value:2(dynamic)][purpose:{object}][SrcIdx:4]  ->  CONST[source:0(mediator),value:2(dynamic)][purpose:{object}][SnkIdx:1]
-----------
CONST[source:2(external),value:2(dynamic)][purpose:{object}][SrcIdx:4]
CE0x641ea50 "{CE0x641ea50|COLLAPSED:_IRE:_elem_0:default:}"
CONST[source:0(mediator),value:2(dynamic)][purpose:{object}][SnkIdx:1]


CONST[source:2(external),value:2(dynamic)][purpose:{object}][SrcIdx:4]  ->  CONST[source:0(mediator),value:2(dynamic)][purpose:{subject}][SnkIdx:0]
-----------
CONST[source:2(external),value:2(dynamic)][purpose:{object}][SrcIdx:4]
CE0x642ef20 "{CE0x642ef20|COLLAPSED:_GIRE_rcu_lock_map_external_global_%struct.lockdep_map:_elem_0:default:}"
CONST[source:0(mediator),value:2(dynamic)][purpose:{subject}][SnkIdx:0]



implicit:
CONST[source:1(input),value:2(dynamic)][purpose:{subject}][SrcIdx:2]  ->  CONST[source:0(mediator),value:2(dynamic)][purpose:{subject}][SnkIdx:0]
-----------
CONST[source:1(input),value:2(dynamic)][purpose:{subject}][SrcIdx:2]
CE0x642ef20 "{CE0x642ef20|COLLAPSED:_GIRE_rcu_lock_map_external_global_%struct.lockdep_map:_elem_0:default:}"
CONST[source:0(mediator),value:2(dynamic)][purpose:{subject}][SnkIdx:0]


CONST[source:1(input),value:2(dynamic)][purpose:{subject}][SrcIdx:2]  ->  CONST[source:0(mediator),value:2(dynamic)][purpose:{object}][SnkIdx:1]
-----------
CONST[source:1(input),value:2(dynamic)][purpose:{subject}][SrcIdx:2]
CE0x641ea50 "{CE0x641ea50|COLLAPSED:_IRE:_elem_0:default:}"
CONST[source:0(mediator),value:2(dynamic)][purpose:{object}][SnkIdx:1]


CONST[source:2(external),value:2(dynamic)][purpose:{object}][SrcIdx:4]  ->  CONST[source:0(mediator),value:2(dynamic)][purpose:{subject}][SnkIdx:0]
-----------
CONST[source:2(external),value:2(dynamic)][purpose:{object}][SrcIdx:4]
CE0x642ef20 "{CE0x642ef20|COLLAPSED:_GIRE_rcu_lock_map_external_global_%struct.lockdep_map:_elem_0:default:}"
CONST[source:0(mediator),value:2(dynamic)][purpose:{subject}][SnkIdx:0]


CONST[source:2(external),value:2(dynamic)][purpose:{object}][SrcIdx:4]  ->  CONST[source:0(mediator),value:2(dynamic)][purpose:{object}][SnkIdx:1]
-----------
CONST[source:2(external),value:2(dynamic)][purpose:{object}][SrcIdx:4]
CE0x641ea50 "{CE0x641ea50|COLLAPSED:_IRE:_elem_0:default:}"
CONST[source:0(mediator),value:2(dynamic)][purpose:{object}][SnkIdx:1]


