[selinux_task_getscheduler]

explicit:
CONST[source:2(external),value:2(dynamic)][purpose:{subject}]  ->  CONST[source:1(input),value:2(dynamic)][purpose:{subject}]
-----------
CONST[source:2(external),value:2(dynamic)][purpose:{subject}]
CE0x5a15780 "{CE0x5a15780|COLLAPSED:_CMRE:_elem_0::|security/selinux/hooks.c,218}"
CE0x5a15900 "{CE0x5a15900|current_sid:_tmp22|security/selinux/hooks.c,218}"
CE0x5a15da0 "{CE0x5a15da0|current_sid:_tmp23|security/selinux/hooks.c,218}"
CE0x5a31630 "{CE0x5a31630|current_sid:_sid|security/selinux/hooks.c,220}"
CE0x5a17c10 "{CE0x5a17c10|current_sid:_tmp24|security/selinux/hooks.c,220}"
CE0x5a1cd70 "{CE0x5a1cd70|_ret_i32_%tmp24,_!dbg_!27742|security/selinux/hooks.c,220}"
CE0x5a1c210 "{CE0x5a1c210|current_has_perm:_call|security/selinux/hooks.c,1542}"
CE0x5a1c3c0 "{CE0x5a1c3c0|current_has_perm:_call|security/selinux/hooks.c,1542|*SummSink*}"
CONST[source:1(input),value:2(dynamic)][purpose:{subject}]


CONST[source:1(input),value:2(dynamic)][purpose:{object}]  ->  CONST[source:0(mediator),value:2(dynamic)][purpose:{object}]
-----------
CONST[source:1(input),value:2(dynamic)][purpose:{object}]
CE0x5a88940 "{CE0x5a88940|2472:_%struct.cred*,_:_CRE_2472,2480_|*MultipleSource*|Function::task_sid&Arg::task::|Function::current_has_perm&Arg::tsk::|Function::selinux_task_getscheduler&Arg::p::|security/selinux/hooks.c,208}"
CE0x5aafe00 "{CE0x5aafe00|task_sid:_tmp4|*LoadInst*|security/selinux/hooks.c,208}"
CE0x5ac75f0 "{CE0x5ac75f0|cred_sid:_cred|Function::cred_sid&Arg::cred::}"
CE0x5a4bce0 "{CE0x5a4bce0|cred_sid:_security|security/selinux/hooks.c,196}"
CE0x5abb600 "{CE0x5abb600|cred_sid:_tmp4|*LoadInst*|security/selinux/hooks.c,196}"
CE0x5a6a630 "{CE0x5a6a630|cred_sid:_tmp5|security/selinux/hooks.c,196}"
CE0x5ae07a0 "{CE0x5ae07a0|cred_sid:_sid|security/selinux/hooks.c,197}"
CE0x5ae1700 "{CE0x5ae1700|cred_sid:_tmp6|security/selinux/hooks.c,197}"
CE0x5ac7960 "{CE0x5ac7960|_ret_i32_%tmp6,_!dbg_!27716|security/selinux/hooks.c,197}"
CE0x5ac68f0 "{CE0x5ac68f0|task_sid:_call7|security/selinux/hooks.c,208}"
CE0x5a20030 "{CE0x5a20030|_ret_i32_%call7,_!dbg_!27749|security/selinux/hooks.c,210}"
CE0x5a07760 "{CE0x5a07760|current_has_perm:_call1|security/selinux/hooks.c,1543}"
CE0x5a1c8f0 "{CE0x5a1c8f0|current_has_perm:_call1|security/selinux/hooks.c,1543|*SummSink*}"
CONST[source:0(mediator),value:2(dynamic)][purpose:{object}]



implicit:
CONST[source:2(external),value:2(dynamic)][purpose:{subject}]  ->  CONST[source:1(input),value:2(dynamic)][purpose:{subject}]
-----------
CONST[source:2(external),value:2(dynamic)][purpose:{subject}]
CE0x5a15780 "{CE0x5a15780|COLLAPSED:_CMRE:_elem_0::|security/selinux/hooks.c,218}"
CE0x5a15900 "{CE0x5a15900|current_sid:_tmp22|security/selinux/hooks.c,218}"
CE0x5a15da0 "{CE0x5a15da0|current_sid:_tmp23|security/selinux/hooks.c,218}"
CE0x5a31630 "{CE0x5a31630|current_sid:_sid|security/selinux/hooks.c,220}"
CE0x5a17c10 "{CE0x5a17c10|current_sid:_tmp24|security/selinux/hooks.c,220}"
CE0x5a1cd70 "{CE0x5a1cd70|_ret_i32_%tmp24,_!dbg_!27742|security/selinux/hooks.c,220}"
CE0x5a1c210 "{CE0x5a1c210|current_has_perm:_call|security/selinux/hooks.c,1542}"
CE0x5a1c3c0 "{CE0x5a1c3c0|current_has_perm:_call|security/selinux/hooks.c,1542|*SummSink*}"
CONST[source:1(input),value:2(dynamic)][purpose:{subject}]


CONST[source:1(input),value:2(dynamic)][purpose:{object}]  ->  CONST[source:0(mediator),value:2(dynamic)][purpose:{object}]
-----------
CONST[source:1(input),value:2(dynamic)][purpose:{object}]
CE0x5a88940 "{CE0x5a88940|2472:_%struct.cred*,_:_CRE_2472,2480_|*MultipleSource*|Function::task_sid&Arg::task::|Function::current_has_perm&Arg::tsk::|Function::selinux_task_getscheduler&Arg::p::|security/selinux/hooks.c,208}"
CE0x5aafe00 "{CE0x5aafe00|task_sid:_tmp4|*LoadInst*|security/selinux/hooks.c,208}"
CE0x5ac75f0 "{CE0x5ac75f0|cred_sid:_cred|Function::cred_sid&Arg::cred::}"
CE0x5a4bce0 "{CE0x5a4bce0|cred_sid:_security|security/selinux/hooks.c,196}"
CE0x5abb600 "{CE0x5abb600|cred_sid:_tmp4|*LoadInst*|security/selinux/hooks.c,196}"
CE0x5a6a630 "{CE0x5a6a630|cred_sid:_tmp5|security/selinux/hooks.c,196}"
CE0x5ae07a0 "{CE0x5ae07a0|cred_sid:_sid|security/selinux/hooks.c,197}"
CE0x5ae1700 "{CE0x5ae1700|cred_sid:_tmp6|security/selinux/hooks.c,197}"
CE0x5ac7960 "{CE0x5ac7960|_ret_i32_%tmp6,_!dbg_!27716|security/selinux/hooks.c,197}"
CE0x5ac68f0 "{CE0x5ac68f0|task_sid:_call7|security/selinux/hooks.c,208}"
CE0x5a20030 "{CE0x5a20030|_ret_i32_%call7,_!dbg_!27749|security/selinux/hooks.c,210}"
CE0x5a07760 "{CE0x5a07760|current_has_perm:_call1|security/selinux/hooks.c,1543}"
CE0x5a1c8f0 "{CE0x5a1c8f0|current_has_perm:_call1|security/selinux/hooks.c,1543|*SummSink*}"
CONST[source:0(mediator),value:2(dynamic)][purpose:{object}]


