[selinux_key_permission]

explicit:
CONST[source:1(input),value:2(dynamic)][purpose:{object}][SrcIdx:1]  ->  CONST[source:0(mediator),value:2(dynamic)][purpose:{object}][SnkIdx:1]
-----------
CONST[source:1(input),value:2(dynamic)][purpose:{object}][SrcIdx:1]
CE0x43614c0 "{CE0x43614c0|selinux_key_permission:key_ref|Function::selinux_key_permission&Arg::key_ref::|*SummSource*}"
CE0x4368290 "{CE0x4368290|selinux_key_permission:key_ref|Function::selinux_key_permission&Arg::key_ref::}"
CE0x43791a0 "{CE0x43791a0|key_ref_to_ptr:key_ref|Function::key_ref_to_ptr&Arg::key_ref::}"
CE0x43ae600 "{CE0x43ae600|key_ref_to_ptr:tmp4|include/linux/key.h,116}"
CE0x43abe00 "{CE0x43abe00|key_ref_to_ptr:and|include/linux/key.h,116}"
CE0x43ac0f0 "{CE0x43ac0f0|key_ref_to_ptr:tmp5|include/linux/key.h,116}"
CE0x4361640 "{CE0x4361640|_ret_%struct.key*_%tmp5,_!dbg_!27715|include/linux/key.h,116}"
CE0x439b770 "{CE0x439b770|selinux_key_permission:call1|security/selinux/hooks.c,5788}"
CE0x437a830 "{CE0x437a830|selinux_key_permission:security|security/selinux/hooks.c,5789}"
CE0x43658a0 "{CE0x43658a0|selinux_key_permission:tmp10|security/selinux/hooks.c,5789}"
CE0x43804b0 "{CE0x43804b0|selinux_key_permission:tmp11|security/selinux/hooks.c,5789}"
CE0x4388620 "{CE0x4388620|selinux_key_permission:sid2|security/selinux/hooks.c,5791}"
CE0x4388b60 "{CE0x4388b60|selinux_key_permission:tmp12|security/selinux/hooks.c,5791}"
CE0x43860d0 "{CE0x43860d0|selinux_key_permission:tmp12|security/selinux/hooks.c,5791|*SummSink*}"
CONST[source:0(mediator),value:2(dynamic)][purpose:{object}][SnkIdx:1]


CONST[source:1(input),value:2(dynamic)][purpose:{operation}][SrcIdx:2]  ->  CONST[source:0(mediator),value:0(static)][purpose:{operation}][SnkIdx:3]
-----------
CONST[source:1(input),value:2(dynamic)][purpose:{operation}][SrcIdx:2]
CE0x435d160 "{CE0x435d160|selinux_key_permission:perm|Function::selinux_key_permission&Arg::perm::|*SummSource*}"
CE0x435bb50 "{CE0x435bb50|selinux_key_permission:perm|Function::selinux_key_permission&Arg::perm::}"
CE0x435d210 "{CE0x435d210|selinux_key_permission:perm|Function::selinux_key_permission&Arg::perm::|*SummSink*}"
CONST[source:0(mediator),value:0(static)][purpose:{operation}][SnkIdx:3]


CONST[source:1(input),value:2(dynamic)][purpose:{subject}][SrcIdx:3]  ->  CONST[source:0(mediator),value:2(dynamic)][purpose:{subject}][SnkIdx:0]
-----------
CONST[source:1(input),value:2(dynamic)][purpose:{subject}][SrcIdx:3]
CE0x4378a00 "{CE0x4378a00|4:_i32,_:_CRE_4,8_|*MultipleSource*|security/selinux/hooks.c,196|security/selinux/hooks.c,197|*LoadInst*|security/selinux/hooks.c,196}"
CE0x438baa0 "{CE0x438baa0|cred_sid:tmp6|security/selinux/hooks.c,197}"
CE0x43992a0 "{CE0x43992a0|_ret_i32_%tmp6,_!dbg_!27716|security/selinux/hooks.c,197}"
CE0x436ef40 "{CE0x436ef40|selinux_key_permission:call|security/selinux/hooks.c,5786}"
CE0x4394ad0 "{CE0x4394ad0|selinux_key_permission:call|security/selinux/hooks.c,5786|*SummSink*}"
CONST[source:0(mediator),value:2(dynamic)][purpose:{subject}][SnkIdx:0]



implicit:
CONST[source:1(input),value:2(dynamic)][purpose:{operation}][SrcIdx:2]  ->  CONST[source:0(mediator),value:0(static)][purpose:{operation}][SnkIdx:3]
-----------
CONST[source:1(input),value:2(dynamic)][purpose:{operation}][SrcIdx:2]
CE0x435d160 "{CE0x435d160|selinux_key_permission:perm|Function::selinux_key_permission&Arg::perm::|*SummSource*}"
CE0x435bb50 "{CE0x435bb50|selinux_key_permission:perm|Function::selinux_key_permission&Arg::perm::}"
CE0x435d210 "{CE0x435d210|selinux_key_permission:perm|Function::selinux_key_permission&Arg::perm::|*SummSink*}"
CONST[source:0(mediator),value:0(static)][purpose:{operation}][SnkIdx:3]


CONST[source:1(input),value:2(dynamic)][purpose:{object}][SrcIdx:1]  ->  CONST[source:0(mediator),value:2(dynamic)][purpose:{object}][SnkIdx:1]
-----------
CONST[source:1(input),value:2(dynamic)][purpose:{object}][SrcIdx:1]
CE0x43614c0 "{CE0x43614c0|selinux_key_permission:key_ref|Function::selinux_key_permission&Arg::key_ref::|*SummSource*}"
CE0x4368290 "{CE0x4368290|selinux_key_permission:key_ref|Function::selinux_key_permission&Arg::key_ref::}"
CE0x43791a0 "{CE0x43791a0|key_ref_to_ptr:key_ref|Function::key_ref_to_ptr&Arg::key_ref::}"
CE0x43ae600 "{CE0x43ae600|key_ref_to_ptr:tmp4|include/linux/key.h,116}"
CE0x43abe00 "{CE0x43abe00|key_ref_to_ptr:and|include/linux/key.h,116}"
CE0x43ac0f0 "{CE0x43ac0f0|key_ref_to_ptr:tmp5|include/linux/key.h,116}"
CE0x4361640 "{CE0x4361640|_ret_%struct.key*_%tmp5,_!dbg_!27715|include/linux/key.h,116}"
CE0x439b770 "{CE0x439b770|selinux_key_permission:call1|security/selinux/hooks.c,5788}"
CE0x437a830 "{CE0x437a830|selinux_key_permission:security|security/selinux/hooks.c,5789}"
CE0x43658a0 "{CE0x43658a0|selinux_key_permission:tmp10|security/selinux/hooks.c,5789}"
CE0x43804b0 "{CE0x43804b0|selinux_key_permission:tmp11|security/selinux/hooks.c,5789}"
CE0x4388620 "{CE0x4388620|selinux_key_permission:sid2|security/selinux/hooks.c,5791}"
CE0x4388b60 "{CE0x4388b60|selinux_key_permission:tmp12|security/selinux/hooks.c,5791}"
CE0x43860d0 "{CE0x43860d0|selinux_key_permission:tmp12|security/selinux/hooks.c,5791|*SummSink*}"
CONST[source:0(mediator),value:2(dynamic)][purpose:{object}][SnkIdx:1]


CONST[source:1(input),value:2(dynamic)][purpose:{subject}][SrcIdx:3]  ->  CONST[source:0(mediator),value:2(dynamic)][purpose:{subject}][SnkIdx:0]
-----------
CONST[source:1(input),value:2(dynamic)][purpose:{subject}][SrcIdx:3]
CE0x4378a00 "{CE0x4378a00|4:_i32,_:_CRE_4,8_|*MultipleSource*|security/selinux/hooks.c,196|security/selinux/hooks.c,197|*LoadInst*|security/selinux/hooks.c,196}"
CE0x438baa0 "{CE0x438baa0|cred_sid:tmp6|security/selinux/hooks.c,197}"
CE0x43992a0 "{CE0x43992a0|_ret_i32_%tmp6,_!dbg_!27716|security/selinux/hooks.c,197}"
CE0x436ef40 "{CE0x436ef40|selinux_key_permission:call|security/selinux/hooks.c,5786}"
CE0x4394ad0 "{CE0x4394ad0|selinux_key_permission:call|security/selinux/hooks.c,5786|*SummSink*}"
CONST[source:0(mediator),value:2(dynamic)][purpose:{subject}][SnkIdx:0]


