[selinux_inode_getsecurity]

explicit:
CONST[source:0(mediator),value:2(dynamic)][purpose:{subject}]  ->  CONST[source:0(mediator),value:2(dynamic)][purpose:{object}]
-----------
CONST[source:0(mediator),value:2(dynamic)][purpose:{subject}]
CE0x443ca80 "{CE0x443ca80|0:_i32,_4:_i32,_8:_i32,_12:_i32,_:_CMRE_4,8_|*MultipleSource*|security/selinux/hooks.c,196|security/selinux/hooks.c,197|*LoadInst*|security/selinux/hooks.c,196}"
CE0x44fe210 "{CE0x44fe210|cred_sid:_tmp6|security/selinux/hooks.c,197}"
CE0x44d9ad0 "{CE0x44d9ad0|_ret_i32_%tmp6,_!dbg_!27716|security/selinux/hooks.c,197}"
CE0x4504690 "{CE0x4504690|cred_has_capability:_call|security/selinux/hooks.c,1558}"
CE0x4511e90 "{CE0x4511e90|cred_has_capability:_call|security/selinux/hooks.c,1558|*SummSink*}"
CONST[source:0(mediator),value:2(dynamic)][purpose:{object}]


CONST[source:2(external),value:2(dynamic)][purpose:{subject}]  ->  CONST[source:0(mediator),value:2(dynamic)][purpose:{object}]
-----------
CONST[source:2(external),value:2(dynamic)][purpose:{subject}]
CE0x4484f90 "{CE0x4484f90|COLLAPSED:_GCMRE_current_task_external_global_%struct.task_struct*:_elem_0::|security/selinux/hooks.c,3087}"
CE0x447a7e0 "{CE0x447a7e0|selinux_inode_getsecurity:_tmp27|security/selinux/hooks.c,3087}"
CE0x447bca0 "{CE0x447bca0|selinux_capable:_cred|Function::selinux_capable&Arg::cred::}"
CE0x447c950 "{CE0x447c950|cred_has_capability:_cred|Function::cred_has_capability&Arg::cred::}"
CE0x44f26b0 "{CE0x44f26b0|cred_sid:_cred|Function::cred_sid&Arg::cred::}"
CE0x44f39d0 "{CE0x44f39d0|cred_sid:_security|security/selinux/hooks.c,196}"
CE0x44f2bc0 "{CE0x44f2bc0|cred_sid:_tmp4|*LoadInst*|security/selinux/hooks.c,196}"
CE0x449cb60 "{CE0x449cb60|cred_sid:_tmp5|security/selinux/hooks.c,196}"
CE0x443bcd0 "{CE0x443bcd0|cred_sid:_sid|security/selinux/hooks.c,197}"
CE0x44fe210 "{CE0x44fe210|cred_sid:_tmp6|security/selinux/hooks.c,197}"
CE0x44d9ad0 "{CE0x44d9ad0|_ret_i32_%tmp6,_!dbg_!27716|security/selinux/hooks.c,197}"
CE0x4504690 "{CE0x4504690|cred_has_capability:_call|security/selinux/hooks.c,1558}"
CE0x4511e90 "{CE0x4511e90|cred_has_capability:_call|security/selinux/hooks.c,1558|*SummSink*}"
CONST[source:0(mediator),value:2(dynamic)][purpose:{object}]


CONST[source:2(external),value:2(dynamic)][purpose:{subject}]  ->  CONST[source:1(input),value:2(dynamic)][purpose:{subject}]
-----------
CONST[source:2(external),value:2(dynamic)][purpose:{subject}]
CE0x4484f90 "{CE0x4484f90|COLLAPSED:_GCMRE_current_task_external_global_%struct.task_struct*:_elem_0::|security/selinux/hooks.c,3087}"
CE0x447a7e0 "{CE0x447a7e0|selinux_inode_getsecurity:_tmp27|security/selinux/hooks.c,3087}"
CE0x447bca0 "{CE0x447bca0|selinux_capable:_cred|Function::selinux_capable&Arg::cred::}"
CE0x447c950 "{CE0x447c950|cred_has_capability:_cred|Function::cred_has_capability&Arg::cred::}"
CE0x44f26b0 "{CE0x44f26b0|cred_sid:_cred|Function::cred_sid&Arg::cred::}"
CE0x44f39d0 "{CE0x44f39d0|cred_sid:_security|security/selinux/hooks.c,196}"
CE0x44f2bc0 "{CE0x44f2bc0|cred_sid:_tmp4|*LoadInst*|security/selinux/hooks.c,196}"
CE0x449cb60 "{CE0x449cb60|cred_sid:_tmp5|security/selinux/hooks.c,196}"
CE0x443bcd0 "{CE0x443bcd0|cred_sid:_sid|security/selinux/hooks.c,197}"
CE0x44fe210 "{CE0x44fe210|cred_sid:_tmp6|security/selinux/hooks.c,197}"
CE0x44d9ad0 "{CE0x44d9ad0|_ret_i32_%tmp6,_!dbg_!27716|security/selinux/hooks.c,197}"
CE0x4504690 "{CE0x4504690|cred_has_capability:_call|security/selinux/hooks.c,1558}"
CE0x4511e90 "{CE0x4511e90|cred_has_capability:_call|security/selinux/hooks.c,1558|*SummSink*}"
CONST[source:1(input),value:2(dynamic)][purpose:{subject}]


CONST[source:2(external),value:0(static)][purpose:{operation}]  ->  CONST[source:0(mediator),value:2(dynamic)][purpose:{object}]
-----------
CONST[source:2(external),value:0(static)][purpose:{operation}]
CE0x440b450 "{CE0x440b450|i32_0|*Constant*}"
CE0x4484940 "{CE0x4484940|selinux_inode_getsecurity:_cred|security/selinux/hooks.c,3087}"
CE0x447a7e0 "{CE0x447a7e0|selinux_inode_getsecurity:_tmp27|security/selinux/hooks.c,3087}"
CE0x447bca0 "{CE0x447bca0|selinux_capable:_cred|Function::selinux_capable&Arg::cred::}"
CE0x447c950 "{CE0x447c950|cred_has_capability:_cred|Function::cred_has_capability&Arg::cred::}"
CE0x44f26b0 "{CE0x44f26b0|cred_sid:_cred|Function::cred_sid&Arg::cred::}"
CE0x44f39d0 "{CE0x44f39d0|cred_sid:_security|security/selinux/hooks.c,196}"
CE0x44f2bc0 "{CE0x44f2bc0|cred_sid:_tmp4|*LoadInst*|security/selinux/hooks.c,196}"
CE0x449cb60 "{CE0x449cb60|cred_sid:_tmp5|security/selinux/hooks.c,196}"
CE0x443bcd0 "{CE0x443bcd0|cred_sid:_sid|security/selinux/hooks.c,197}"
CE0x44fe210 "{CE0x44fe210|cred_sid:_tmp6|security/selinux/hooks.c,197}"
CE0x44d9ad0 "{CE0x44d9ad0|_ret_i32_%tmp6,_!dbg_!27716|security/selinux/hooks.c,197}"
CE0x4504690 "{CE0x4504690|cred_has_capability:_call|security/selinux/hooks.c,1558}"
CE0x4511e90 "{CE0x4511e90|cred_has_capability:_call|security/selinux/hooks.c,1558|*SummSink*}"
CONST[source:0(mediator),value:2(dynamic)][purpose:{object}]


CONST[source:2(external),value:0(static)][purpose:{operation}]  ->  CONST[source:1(input),value:2(dynamic)][purpose:{subject}]
-----------
CONST[source:2(external),value:0(static)][purpose:{operation}]
CE0x440b450 "{CE0x440b450|i32_0|*Constant*}"
CE0x4484940 "{CE0x4484940|selinux_inode_getsecurity:_cred|security/selinux/hooks.c,3087}"
CE0x447a7e0 "{CE0x447a7e0|selinux_inode_getsecurity:_tmp27|security/selinux/hooks.c,3087}"
CE0x447bca0 "{CE0x447bca0|selinux_capable:_cred|Function::selinux_capable&Arg::cred::}"
CE0x447c950 "{CE0x447c950|cred_has_capability:_cred|Function::cred_has_capability&Arg::cred::}"
CE0x44f26b0 "{CE0x44f26b0|cred_sid:_cred|Function::cred_sid&Arg::cred::}"
CE0x44f39d0 "{CE0x44f39d0|cred_sid:_security|security/selinux/hooks.c,196}"
CE0x44f2bc0 "{CE0x44f2bc0|cred_sid:_tmp4|*LoadInst*|security/selinux/hooks.c,196}"
CE0x449cb60 "{CE0x449cb60|cred_sid:_tmp5|security/selinux/hooks.c,196}"
CE0x443bcd0 "{CE0x443bcd0|cred_sid:_sid|security/selinux/hooks.c,197}"
CE0x44fe210 "{CE0x44fe210|cred_sid:_tmp6|security/selinux/hooks.c,197}"
CE0x44d9ad0 "{CE0x44d9ad0|_ret_i32_%tmp6,_!dbg_!27716|security/selinux/hooks.c,197}"
CE0x4504690 "{CE0x4504690|cred_has_capability:_call|security/selinux/hooks.c,1558}"
CE0x4511e90 "{CE0x4511e90|cred_has_capability:_call|security/selinux/hooks.c,1558|*SummSink*}"
CONST[source:1(input),value:2(dynamic)][purpose:{subject}]


CONST[source:2(external),value:0(static)][purpose:{operation}]  ->  CONST[source:0(mediator),value:0(static)][purpose:{operation}]
-----------
CONST[source:2(external),value:0(static)][purpose:{operation}]
CE0x44855d0 "{CE0x44855d0|selinux_capable:_cap|Function::selinux_capable&Arg::cap::|*SummSource*}"
CE0x4485560 "{CE0x4485560|selinux_capable:_cap|Function::selinux_capable&Arg::cap::}"
CE0x447cd70 "{CE0x447cd70|cred_has_capability:_cap|Function::cred_has_capability&Arg::cap::}"
CE0x445bf80 "{CE0x445bf80|cred_has_capability:_and|security/selinux/hooks.c,1559}"
CE0x444d970 "{CE0x444d970|cred_has_capability:_shl|security/selinux/hooks.c,1559}"
CE0x444d900 "{CE0x444d900|cred_has_capability:_shl|security/selinux/hooks.c,1559|*SummSink*}"
CONST[source:0(mediator),value:0(static)][purpose:{operation}]



implicit:
CONST[source:2(external),value:2(dynamic)][purpose:{subject}]  ->  CONST[source:1(input),value:2(dynamic)][purpose:{subject}]
-----------
CONST[source:2(external),value:2(dynamic)][purpose:{subject}]
CE0x4484f90 "{CE0x4484f90|COLLAPSED:_GCMRE_current_task_external_global_%struct.task_struct*:_elem_0::|security/selinux/hooks.c,3087}"
CE0x447a7e0 "{CE0x447a7e0|selinux_inode_getsecurity:_tmp27|security/selinux/hooks.c,3087}"
CE0x447bca0 "{CE0x447bca0|selinux_capable:_cred|Function::selinux_capable&Arg::cred::}"
CE0x447c950 "{CE0x447c950|cred_has_capability:_cred|Function::cred_has_capability&Arg::cred::}"
CE0x44f26b0 "{CE0x44f26b0|cred_sid:_cred|Function::cred_sid&Arg::cred::}"
CE0x44f39d0 "{CE0x44f39d0|cred_sid:_security|security/selinux/hooks.c,196}"
CE0x44f2bc0 "{CE0x44f2bc0|cred_sid:_tmp4|*LoadInst*|security/selinux/hooks.c,196}"
CE0x449cb60 "{CE0x449cb60|cred_sid:_tmp5|security/selinux/hooks.c,196}"
CE0x443bcd0 "{CE0x443bcd0|cred_sid:_sid|security/selinux/hooks.c,197}"
CE0x44fe210 "{CE0x44fe210|cred_sid:_tmp6|security/selinux/hooks.c,197}"
CE0x44d9ad0 "{CE0x44d9ad0|_ret_i32_%tmp6,_!dbg_!27716|security/selinux/hooks.c,197}"
CE0x4504690 "{CE0x4504690|cred_has_capability:_call|security/selinux/hooks.c,1558}"
CE0x4511e90 "{CE0x4511e90|cred_has_capability:_call|security/selinux/hooks.c,1558|*SummSink*}"
CONST[source:1(input),value:2(dynamic)][purpose:{subject}]


CONST[source:2(external),value:2(dynamic)][purpose:{subject}]  ->  CONST[source:0(mediator),value:2(dynamic)][purpose:{object}]
-----------
CONST[source:2(external),value:2(dynamic)][purpose:{subject}]
CE0x4484f90 "{CE0x4484f90|COLLAPSED:_GCMRE_current_task_external_global_%struct.task_struct*:_elem_0::|security/selinux/hooks.c,3087}"
CE0x447a7e0 "{CE0x447a7e0|selinux_inode_getsecurity:_tmp27|security/selinux/hooks.c,3087}"
CE0x447bca0 "{CE0x447bca0|selinux_capable:_cred|Function::selinux_capable&Arg::cred::}"
CE0x447c950 "{CE0x447c950|cred_has_capability:_cred|Function::cred_has_capability&Arg::cred::}"
CE0x44f26b0 "{CE0x44f26b0|cred_sid:_cred|Function::cred_sid&Arg::cred::}"
CE0x44f39d0 "{CE0x44f39d0|cred_sid:_security|security/selinux/hooks.c,196}"
CE0x44f2bc0 "{CE0x44f2bc0|cred_sid:_tmp4|*LoadInst*|security/selinux/hooks.c,196}"
CE0x449cb60 "{CE0x449cb60|cred_sid:_tmp5|security/selinux/hooks.c,196}"
CE0x443bcd0 "{CE0x443bcd0|cred_sid:_sid|security/selinux/hooks.c,197}"
CE0x44fe210 "{CE0x44fe210|cred_sid:_tmp6|security/selinux/hooks.c,197}"
CE0x44d9ad0 "{CE0x44d9ad0|_ret_i32_%tmp6,_!dbg_!27716|security/selinux/hooks.c,197}"
CE0x4504690 "{CE0x4504690|cred_has_capability:_call|security/selinux/hooks.c,1558}"
CE0x4511e90 "{CE0x4511e90|cred_has_capability:_call|security/selinux/hooks.c,1558|*SummSink*}"
CONST[source:0(mediator),value:2(dynamic)][purpose:{object}]


CONST[source:2(external),value:0(static)][purpose:{operation}]  ->  CONST[source:1(input),value:2(dynamic)][purpose:{subject}]
-----------
CONST[source:2(external),value:0(static)][purpose:{operation}]
CE0x440b450 "{CE0x440b450|i32_0|*Constant*}"
CE0x447a280 "{CE0x447a280|selinux_inode_getsecurity:_tobool|security/selinux/hooks.c,3075}"
CE0x4414c30 "{CE0x4414c30|selinux_inode_getsecurity:_do.end}"
CE0x447b860 "{CE0x447b860|selinux_capable:_entry}"
CE0x449fe90 "{CE0x449fe90|selinux_capable:_if.end}"
CE0x448c9e0 "{CE0x448c9e0|cred_has_capability:_entry}"
CE0x445ced0 "{CE0x445ced0|cred_has_capability:_bb}"
CE0x4504690 "{CE0x4504690|cred_has_capability:_call|security/selinux/hooks.c,1558}"
CE0x4511e90 "{CE0x4511e90|cred_has_capability:_call|security/selinux/hooks.c,1558|*SummSink*}"
CONST[source:1(input),value:2(dynamic)][purpose:{subject}]


CONST[source:2(external),value:0(static)][purpose:{operation}]  ->  CONST[source:0(mediator),value:2(dynamic)][purpose:{object}]
-----------
CONST[source:2(external),value:0(static)][purpose:{operation}]
CE0x440b450 "{CE0x440b450|i32_0|*Constant*}"
CE0x447a280 "{CE0x447a280|selinux_inode_getsecurity:_tobool|security/selinux/hooks.c,3075}"
CE0x4414c30 "{CE0x4414c30|selinux_inode_getsecurity:_do.end}"
CE0x447b860 "{CE0x447b860|selinux_capable:_entry}"
CE0x449fe90 "{CE0x449fe90|selinux_capable:_if.end}"
CE0x448c9e0 "{CE0x448c9e0|cred_has_capability:_entry}"
CE0x445ced0 "{CE0x445ced0|cred_has_capability:_bb}"
CE0x4504690 "{CE0x4504690|cred_has_capability:_call|security/selinux/hooks.c,1558}"
CE0x4511e90 "{CE0x4511e90|cred_has_capability:_call|security/selinux/hooks.c,1558|*SummSink*}"
CONST[source:0(mediator),value:2(dynamic)][purpose:{object}]


CONST[source:2(external),value:0(static)][purpose:{operation}]  ->  CONST[source:0(mediator),value:0(static)][purpose:{operation}]
-----------
CONST[source:2(external),value:0(static)][purpose:{operation}]
CE0x44855d0 "{CE0x44855d0|selinux_capable:_cap|Function::selinux_capable&Arg::cap::|*SummSource*}"
CE0x4485560 "{CE0x4485560|selinux_capable:_cap|Function::selinux_capable&Arg::cap::}"
CE0x447cd70 "{CE0x447cd70|cred_has_capability:_cap|Function::cred_has_capability&Arg::cap::}"
CE0x445bf80 "{CE0x445bf80|cred_has_capability:_and|security/selinux/hooks.c,1559}"
CE0x444d970 "{CE0x444d970|cred_has_capability:_shl|security/selinux/hooks.c,1559}"
CE0x444d900 "{CE0x444d900|cred_has_capability:_shl|security/selinux/hooks.c,1559|*SummSink*}"
CONST[source:0(mediator),value:0(static)][purpose:{operation}]


CONST[source:0(mediator),value:2(dynamic)][purpose:{subject}]  ->  CONST[source:0(mediator),value:2(dynamic)][purpose:{object}]
-----------
CONST[source:0(mediator),value:2(dynamic)][purpose:{subject}]
CE0x443ca80 "{CE0x443ca80|0:_i32,_4:_i32,_8:_i32,_12:_i32,_:_CMRE_4,8_|*MultipleSource*|security/selinux/hooks.c,196|security/selinux/hooks.c,197|*LoadInst*|security/selinux/hooks.c,196}"
CE0x44fe210 "{CE0x44fe210|cred_sid:_tmp6|security/selinux/hooks.c,197}"
CE0x44d9ad0 "{CE0x44d9ad0|_ret_i32_%tmp6,_!dbg_!27716|security/selinux/hooks.c,197}"
CE0x4504690 "{CE0x4504690|cred_has_capability:_call|security/selinux/hooks.c,1558}"
CE0x4511e90 "{CE0x4511e90|cred_has_capability:_call|security/selinux/hooks.c,1558|*SummSink*}"
CONST[source:0(mediator),value:2(dynamic)][purpose:{object}]


