[apparmor_path_mkdir]

explicit:
CONST[source:1(input),value:2(dynamic)][purpose:{object}]  ->  CONST[source:0(mediator),value:2(dynamic)][purpose:{object}]
-----------
CONST[source:1(input),value:2(dynamic)][purpose:{object}]
CE0x3e7b550 "{CE0x3e7b550|0:_%struct.vfsmount*,_8:_%struct.dentry*,_:_CRE_0,8_|*MultipleSource*|Function::common_perm_create&Arg::dir::|Function::apparmor_path_mkdir&Arg::dir::|security/apparmor/lsm.c,253}"
CE0x3f30d90 "{CE0x3f30d90|common_perm_dir_dentry:_tmp4|*LoadInst*|security/apparmor/lsm.c,189}"
CE0x3f30820 "{CE0x3f30820|0:_%struct.vfsmount*,_8:_%struct.dentry*,_:_SCMRE_0,8_|*MultipleSource*|security/apparmor/lsm.c, 189|security/apparmor/lsm.c,189}"
CONST[source:0(mediator),value:2(dynamic)][purpose:{object}]


CONST[source:2(external),value:0(static)][purpose:{object}]  ->  CONST[source:0(mediator),value:2(dynamic)][purpose:{subject}]
-----------
CONST[source:2(external),value:0(static)][purpose:{object}]
CE0x3e501a0 "{CE0x3e501a0|common_perm_create:_mode|Function::common_perm_create&Arg::mode::|*SummSource*}"
CE0x3e50030 "{CE0x3e50030|common_perm_create:_mode|Function::common_perm_create&Arg::mode::}"
CE0x3e41fc0 "{CE0x3e41fc0|44:_i32,_48:_i16,_128:_i8*,_:_SCMRE_4,6_|*MultipleSource*|security/apparmor/lsm.c, 251|security/apparmor/lsm.c,251}"
CE0x3f6bbf0 "{CE0x3f6bbf0|aa_cred_profile:_tmp4|*LoadInst*|security/apparmor/include/context.h,99}"
CE0x3f6bb20 "{CE0x3f6bb20|aa_cred_profile:_tmp5|security/apparmor/include/context.h,99}"
CE0x3f75840 "{CE0x3f75840|aa_cred_profile:_profile11|security/apparmor/include/context.h,101}"
CE0x3f75ee0 "{CE0x3f75ee0|aa_cred_profile:_tmp34|security/apparmor/include/context.h,101}"
CE0x3f5cc30 "{CE0x3f5cc30|_ret_%struct.aa_profile*_%tmp34,_!dbg_!15510|security/apparmor/include/context.h,101}"
CE0x3f5b780 "{CE0x3f5b780|__aa_current_profile:_call4|security/apparmor/include/context.h,138}"
CE0x3eb1e30 "{CE0x3eb1e30|_ret_%struct.aa_profile*_%call4,_!dbg_!15494|security/apparmor/include/context.h,138}"
CE0x3f21940 "{CE0x3f21940|common_perm:_call|security/apparmor/lsm.c,168}"
CE0x3f23100 "{CE0x3f23100|common_perm:_call|security/apparmor/lsm.c,168|*SummSink*}"
CONST[source:0(mediator),value:2(dynamic)][purpose:{subject}]


CONST[source:2(external),value:0(static)][purpose:{object}]  ->  CONST[source:0(mediator),value:2(dynamic)][purpose:{object}]
-----------
CONST[source:2(external),value:0(static)][purpose:{object}]
CE0x3e501a0 "{CE0x3e501a0|common_perm_create:_mode|Function::common_perm_create&Arg::mode::|*SummSource*}"
CE0x3e50030 "{CE0x3e50030|common_perm_create:_mode|Function::common_perm_create&Arg::mode::}"
CE0x3e41fc0 "{CE0x3e41fc0|44:_i32,_48:_i16,_128:_i8*,_:_SCMRE_4,6_|*MultipleSource*|security/apparmor/lsm.c, 251|security/apparmor/lsm.c,251}"
CONST[source:0(mediator),value:2(dynamic)][purpose:{object}]


CONST[source:2(external),value:2(dynamic)][purpose:{object}]  ->  CONST[source:0(mediator),value:2(dynamic)][purpose:{subject}]
-----------
CONST[source:2(external),value:2(dynamic)][purpose:{object}]
CE0x3f48fb0 "{CE0x3f48fb0|0:_%struct.aa_profile*,_:_CMRE_0,8_|*MultipleSource*|security/apparmor/include/context.h,99|*LoadInst*|security/apparmor/include/context.h,99|security/apparmor/include/context.h,100}"
CE0x3f75ee0 "{CE0x3f75ee0|aa_cred_profile:_tmp34|security/apparmor/include/context.h,101}"
CE0x3f5cc30 "{CE0x3f5cc30|_ret_%struct.aa_profile*_%tmp34,_!dbg_!15510|security/apparmor/include/context.h,101}"
CE0x3f5b780 "{CE0x3f5b780|__aa_current_profile:_call4|security/apparmor/include/context.h,138}"
CE0x3eb1e30 "{CE0x3eb1e30|_ret_%struct.aa_profile*_%call4,_!dbg_!15494|security/apparmor/include/context.h,138}"
CE0x3f21940 "{CE0x3f21940|common_perm:_call|security/apparmor/lsm.c,168}"
CE0x3f23100 "{CE0x3f23100|common_perm:_call|security/apparmor/lsm.c,168|*SummSink*}"
CONST[source:0(mediator),value:2(dynamic)][purpose:{subject}]


CONST[source:2(external),value:2(dynamic)][purpose:{object}]  ->  CONST[source:0(mediator),value:2(dynamic)][purpose:{object}]
-----------
CONST[source:2(external),value:2(dynamic)][purpose:{object}]
CE0x3e710e0 "{CE0x3e710e0|44:_i32,_48:_i16,_128:_i8*,_:_SCMRE_0,4_|*MultipleSource*|security/apparmor/lsm.c, 251|security/apparmor/lsm.c,251}"
CONST[source:0(mediator),value:2(dynamic)][purpose:{object}]


CONST[source:2(external),value:2(dynamic)][purpose:{subject}]  ->  CONST[source:0(mediator),value:2(dynamic)][purpose:{subject}]
-----------
CONST[source:2(external),value:2(dynamic)][purpose:{subject}]
CE0x3f25420 "{CE0x3f25420|COLLAPSED:_CRE:_elem_0::|security/apparmor/lsm.c,169}"
CONST[source:0(mediator),value:2(dynamic)][purpose:{subject}]



implicit:
CONST[source:1(input),value:2(dynamic)][purpose:{object}]  ->  CONST[source:0(mediator),value:2(dynamic)][purpose:{object}]
-----------
CONST[source:1(input),value:2(dynamic)][purpose:{object}]
CE0x3e7b550 "{CE0x3e7b550|0:_%struct.vfsmount*,_8:_%struct.dentry*,_:_CRE_0,8_|*MultipleSource*|Function::common_perm_create&Arg::dir::|Function::apparmor_path_mkdir&Arg::dir::|security/apparmor/lsm.c,253}"
CE0x3f30d90 "{CE0x3f30d90|common_perm_dir_dentry:_tmp4|*LoadInst*|security/apparmor/lsm.c,189}"
CE0x3f30820 "{CE0x3f30820|0:_%struct.vfsmount*,_8:_%struct.dentry*,_:_SCMRE_0,8_|*MultipleSource*|security/apparmor/lsm.c, 189|security/apparmor/lsm.c,189}"
CONST[source:0(mediator),value:2(dynamic)][purpose:{object}]


CONST[source:1(input),value:2(dynamic)][purpose:{object}]  ->  CONST[source:0(mediator),value:2(dynamic)][purpose:{subject}]
-----------
CONST[source:1(input),value:2(dynamic)][purpose:{object}]
CE0x3e7b550 "{CE0x3e7b550|0:_%struct.vfsmount*,_8:_%struct.dentry*,_:_CRE_0,8_|*MultipleSource*|Function::common_perm_create&Arg::dir::|Function::apparmor_path_mkdir&Arg::dir::|security/apparmor/lsm.c,253}"
CE0x3e7ae30 "{CE0x3e7ae30|common_perm_create:_tmp22|*LoadInst*|security/apparmor/lsm.c,253}"
CE0x3e7c2b0 "{CE0x3e7c2b0|common_perm_create:_tobool5|security/apparmor/lsm.c,253}"
CE0x3e69660 "{CE0x3e69660|common_perm_create:_if.end9}"
CE0x3ec08b0 "{CE0x3ec08b0|common_perm_dir_dentry:_entry}"
CE0x3f2da50 "{CE0x3f2da50|common_perm_dir_dentry:_bb}"
CE0x3f1d370 "{CE0x3f1d370|common_perm:_entry}"
CE0x3f23b20 "{CE0x3f23b20|common_perm:_bb}"
CE0x3f21940 "{CE0x3f21940|common_perm:_call|security/apparmor/lsm.c,168}"
CE0x3f23100 "{CE0x3f23100|common_perm:_call|security/apparmor/lsm.c,168|*SummSink*}"
CONST[source:0(mediator),value:2(dynamic)][purpose:{subject}]


CONST[source:2(external),value:2(dynamic)][purpose:{object}]  ->  CONST[source:0(mediator),value:2(dynamic)][purpose:{object}]
-----------
CONST[source:2(external),value:2(dynamic)][purpose:{object}]
CE0x3e41fc0 "{CE0x3e41fc0|44:_i32,_48:_i16,_128:_i8*,_:_SCMRE_4,6_|*MultipleSource*|security/apparmor/lsm.c, 251|security/apparmor/lsm.c,251}"
CONST[source:0(mediator),value:2(dynamic)][purpose:{object}]


CONST[source:2(external),value:2(dynamic)][purpose:{object}]  ->  CONST[source:0(mediator),value:2(dynamic)][purpose:{subject}]
-----------
CONST[source:2(external),value:2(dynamic)][purpose:{object}]
CE0x3f48fb0 "{CE0x3f48fb0|0:_%struct.aa_profile*,_:_CMRE_0,8_|*MultipleSource*|security/apparmor/include/context.h,99|*LoadInst*|security/apparmor/include/context.h,99|security/apparmor/include/context.h,100}"
CE0x3f75ee0 "{CE0x3f75ee0|aa_cred_profile:_tmp34|security/apparmor/include/context.h,101}"
CE0x3f5cc30 "{CE0x3f5cc30|_ret_%struct.aa_profile*_%tmp34,_!dbg_!15510|security/apparmor/include/context.h,101}"
CE0x3f5b780 "{CE0x3f5b780|__aa_current_profile:_call4|security/apparmor/include/context.h,138}"
CE0x3eb1e30 "{CE0x3eb1e30|_ret_%struct.aa_profile*_%call4,_!dbg_!15494|security/apparmor/include/context.h,138}"
CE0x3f21940 "{CE0x3f21940|common_perm:_call|security/apparmor/lsm.c,168}"
CE0x3f23100 "{CE0x3f23100|common_perm:_call|security/apparmor/lsm.c,168|*SummSink*}"
CONST[source:0(mediator),value:2(dynamic)][purpose:{subject}]


CONST[source:2(external),value:2(dynamic)][purpose:{subject}]  ->  CONST[source:0(mediator),value:2(dynamic)][purpose:{subject}]
-----------
CONST[source:2(external),value:2(dynamic)][purpose:{subject}]
CE0x3f25420 "{CE0x3f25420|COLLAPSED:_CRE:_elem_0::|security/apparmor/lsm.c,169}"
CONST[source:0(mediator),value:2(dynamic)][purpose:{subject}]


CONST[source:2(external),value:0(static)][purpose:{object}]  ->  CONST[source:0(mediator),value:2(dynamic)][purpose:{object}]
-----------
CONST[source:2(external),value:0(static)][purpose:{object}]
CE0x3e501a0 "{CE0x3e501a0|common_perm_create:_mode|Function::common_perm_create&Arg::mode::|*SummSource*}"
CE0x3e50030 "{CE0x3e50030|common_perm_create:_mode|Function::common_perm_create&Arg::mode::}"
CE0x3e41fc0 "{CE0x3e41fc0|44:_i32,_48:_i16,_128:_i8*,_:_SCMRE_4,6_|*MultipleSource*|security/apparmor/lsm.c, 251|security/apparmor/lsm.c,251}"
CONST[source:0(mediator),value:2(dynamic)][purpose:{object}]


CONST[source:2(external),value:0(static)][purpose:{object}]  ->  CONST[source:0(mediator),value:2(dynamic)][purpose:{subject}]
-----------
CONST[source:2(external),value:0(static)][purpose:{object}]
CE0x3e501a0 "{CE0x3e501a0|common_perm_create:_mode|Function::common_perm_create&Arg::mode::|*SummSource*}"
CE0x3e50030 "{CE0x3e50030|common_perm_create:_mode|Function::common_perm_create&Arg::mode::}"
CE0x3e41fc0 "{CE0x3e41fc0|44:_i32,_48:_i16,_128:_i8*,_:_SCMRE_4,6_|*MultipleSource*|security/apparmor/lsm.c, 251|security/apparmor/lsm.c,251}"
CE0x3f6bbf0 "{CE0x3f6bbf0|aa_cred_profile:_tmp4|*LoadInst*|security/apparmor/include/context.h,99}"
CE0x3f6bb20 "{CE0x3f6bb20|aa_cred_profile:_tmp5|security/apparmor/include/context.h,99}"
CE0x3f75840 "{CE0x3f75840|aa_cred_profile:_profile11|security/apparmor/include/context.h,101}"
CE0x3f75ee0 "{CE0x3f75ee0|aa_cred_profile:_tmp34|security/apparmor/include/context.h,101}"
CE0x3f5cc30 "{CE0x3f5cc30|_ret_%struct.aa_profile*_%tmp34,_!dbg_!15510|security/apparmor/include/context.h,101}"
CE0x3f5b780 "{CE0x3f5b780|__aa_current_profile:_call4|security/apparmor/include/context.h,138}"
CE0x3eb1e30 "{CE0x3eb1e30|_ret_%struct.aa_profile*_%call4,_!dbg_!15494|security/apparmor/include/context.h,138}"
CE0x3f21940 "{CE0x3f21940|common_perm:_call|security/apparmor/lsm.c,168}"
CE0x3f23100 "{CE0x3f23100|common_perm:_call|security/apparmor/lsm.c,168|*SummSink*}"
CONST[source:0(mediator),value:2(dynamic)][purpose:{subject}]


