[apparmor_path_chmod]

explicit:
CONST[source:1(input),value:2(dynamic)][purpose:{object}][SrcIdx:2]  ->  CONST[source:0(mediator),value:2(dynamic)][purpose:{object}][SnkIdx:3]
-----------
CONST[source:1(input),value:2(dynamic)][purpose:{object}][SrcIdx:2]
CE0x42eb9f0 "{CE0x42eb9f0|0:_%struct.vfsmount*,_8:_%struct.dentry*,_:_CRE_8,16_|*MultipleSource*|Function::apparmor_path_chmod&Arg::path::|security/apparmor/lsm.c,349}"
CE0x4325300 "{CE0x4325300|apparmor_path_chmod:tmp13|*LoadInst*|security/apparmor/lsm.c,352}"
CE0x430d3f0 "{CE0x430d3f0|common_perm_mnt_dentry:dentry|Function::common_perm_mnt_dentry&Arg::dentry::}"
CE0x4328c30 "{CE0x4328c30|common_perm_mnt_dentry:d_inode3|security/apparmor/lsm.c,208}"
CE0x43ad880 "{CE0x43ad880|common_perm_mnt_dentry:tmp7|*LoadInst*|security/apparmor/lsm.c,208}"
CE0x43adc20 "{CE0x43adc20|common_perm_mnt_dentry:i_mode|security/apparmor/lsm.c,208}"
CE0x43ae110 "{CE0x43ae110|common_perm_mnt_dentry:tmp8|security/apparmor/lsm.c,208}"
CE0x43230f0 "{CE0x43230f0|0:_i16,_4:_i32,_8:_i16,_40:_%struct.super_block*,_72:_i32,_:_SCMRE_4,8_|*MultipleSource*|security/apparmor/include/apparmor.h,117|Function::mediated_filesystem&Arg::inode::|security/apparmor/lsm.c,349}"
CONST[source:0(mediator),value:2(dynamic)][purpose:{object}][SnkIdx:3]


CONST[source:1(input),value:2(dynamic)][purpose:{object}][SrcIdx:2]  ->  CONST[source:0(mediator),value:2(dynamic)][purpose:{object}][SnkIdx:2]
-----------
CONST[source:1(input),value:2(dynamic)][purpose:{object}][SrcIdx:2]
CE0x42eb9f0 "{CE0x42eb9f0|0:_%struct.vfsmount*,_8:_%struct.dentry*,_:_CRE_8,16_|*MultipleSource*|Function::apparmor_path_chmod&Arg::path::|security/apparmor/lsm.c,349}"
CE0x4325300 "{CE0x4325300|apparmor_path_chmod:tmp13|*LoadInst*|security/apparmor/lsm.c,352}"
CE0x430d3f0 "{CE0x430d3f0|common_perm_mnt_dentry:dentry|Function::common_perm_mnt_dentry&Arg::dentry::}"
CE0x43a1510 "{CE0x43a1510|0:_%struct.vfsmount*,_8:_%struct.dentry*,_:_SCMRE_8,16_|*MultipleSource*|security/apparmor/lsm.c, 206|security/apparmor/lsm.c,206}"
CONST[source:0(mediator),value:2(dynamic)][purpose:{object}][SnkIdx:2]


CONST[source:2(external),value:2(dynamic)][purpose:{subject}][SrcIdx:7]  ->  CONST[source:0(mediator),value:2(dynamic)][purpose:{subject}][SnkIdx:1]
-----------
CONST[source:2(external),value:2(dynamic)][purpose:{subject}][SrcIdx:7]
CE0x4421170 "{CE0x4421170|44:_i32,_48:_i16,_128:_i8*,_:_SCMRE_128,136_|*MultipleSource*|Function::aa_cred_profile&Arg::cred::|security/apparmor/include/context.h,99|security/apparmor/include/context.h,138}"
CE0x4391d20 "{CE0x4391d20|aa_cred_profile:tmp4|*LoadInst*|security/apparmor/include/context.h,99}"
CE0x4421b40 "{CE0x4421b40|aa_cred_profile:tmp5|security/apparmor/include/context.h,99}"
CE0x43137c0 "{CE0x43137c0|aa_cred_profile:profile11|security/apparmor/include/context.h,101}"
CE0x4313b70 "{CE0x4313b70|aa_cred_profile:tmp34|security/apparmor/include/context.h,101}"
CE0x4390500 "{CE0x4390500|_ret_%struct.aa_profile*_%tmp34,_!dbg_!15510|security/apparmor/include/context.h,101}"
CE0x432b540 "{CE0x432b540|__aa_current_profile:call4|security/apparmor/include/context.h,138}"
CE0x431fdf0 "{CE0x431fdf0|_ret_%struct.aa_profile*_%call4,_!dbg_!15494|security/apparmor/include/context.h,138}"
CE0x439e620 "{CE0x439e620|common_perm:call|security/apparmor/lsm.c,168}"
CE0x43a0140 "{CE0x43a0140|common_perm:call|security/apparmor/lsm.c,168|*SummSink*}"
CONST[source:0(mediator),value:2(dynamic)][purpose:{subject}][SnkIdx:1]



implicit:
CONST[source:2(external),value:2(dynamic)][purpose:{subject}][SrcIdx:7]  ->  CONST[source:0(mediator),value:2(dynamic)][purpose:{subject}][SnkIdx:1]
-----------
CONST[source:2(external),value:2(dynamic)][purpose:{subject}][SrcIdx:7]
CE0x4421170 "{CE0x4421170|44:_i32,_48:_i16,_128:_i8*,_:_SCMRE_128,136_|*MultipleSource*|Function::aa_cred_profile&Arg::cred::|security/apparmor/include/context.h,99|security/apparmor/include/context.h,138}"
CE0x4391d20 "{CE0x4391d20|aa_cred_profile:tmp4|*LoadInst*|security/apparmor/include/context.h,99}"
CE0x4421b40 "{CE0x4421b40|aa_cred_profile:tmp5|security/apparmor/include/context.h,99}"
CE0x43137c0 "{CE0x43137c0|aa_cred_profile:profile11|security/apparmor/include/context.h,101}"
CE0x4313b70 "{CE0x4313b70|aa_cred_profile:tmp34|security/apparmor/include/context.h,101}"
CE0x4390500 "{CE0x4390500|_ret_%struct.aa_profile*_%tmp34,_!dbg_!15510|security/apparmor/include/context.h,101}"
CE0x432b540 "{CE0x432b540|__aa_current_profile:call4|security/apparmor/include/context.h,138}"
CE0x431fdf0 "{CE0x431fdf0|_ret_%struct.aa_profile*_%call4,_!dbg_!15494|security/apparmor/include/context.h,138}"
CE0x439e620 "{CE0x439e620|common_perm:call|security/apparmor/lsm.c,168}"
CE0x43a0140 "{CE0x43a0140|common_perm:call|security/apparmor/lsm.c,168|*SummSink*}"
CONST[source:0(mediator),value:2(dynamic)][purpose:{subject}][SnkIdx:1]


CONST[source:1(input),value:2(dynamic)][purpose:{object}][SrcIdx:2]  ->  CONST[source:0(mediator),value:2(dynamic)][purpose:{object}][SnkIdx:3]
-----------
CONST[source:1(input),value:2(dynamic)][purpose:{object}][SrcIdx:2]
CE0x42eb9f0 "{CE0x42eb9f0|0:_%struct.vfsmount*,_8:_%struct.dentry*,_:_CRE_8,16_|*MultipleSource*|Function::apparmor_path_chmod&Arg::path::|security/apparmor/lsm.c,349}"
CE0x4325300 "{CE0x4325300|apparmor_path_chmod:tmp13|*LoadInst*|security/apparmor/lsm.c,352}"
CE0x430d3f0 "{CE0x430d3f0|common_perm_mnt_dentry:dentry|Function::common_perm_mnt_dentry&Arg::dentry::}"
CE0x4328c30 "{CE0x4328c30|common_perm_mnt_dentry:d_inode3|security/apparmor/lsm.c,208}"
CE0x43ad880 "{CE0x43ad880|common_perm_mnt_dentry:tmp7|*LoadInst*|security/apparmor/lsm.c,208}"
CE0x43adc20 "{CE0x43adc20|common_perm_mnt_dentry:i_mode|security/apparmor/lsm.c,208}"
CE0x43ae110 "{CE0x43ae110|common_perm_mnt_dentry:tmp8|security/apparmor/lsm.c,208}"
CE0x43230f0 "{CE0x43230f0|0:_i16,_4:_i32,_8:_i16,_40:_%struct.super_block*,_72:_i32,_:_SCMRE_4,8_|*MultipleSource*|security/apparmor/include/apparmor.h,117|Function::mediated_filesystem&Arg::inode::|security/apparmor/lsm.c,349}"
CONST[source:0(mediator),value:2(dynamic)][purpose:{object}][SnkIdx:3]


CONST[source:1(input),value:2(dynamic)][purpose:{object}][SrcIdx:2]  ->  CONST[source:0(mediator),value:2(dynamic)][purpose:{subject}][SnkIdx:1]
-----------
CONST[source:1(input),value:2(dynamic)][purpose:{object}][SrcIdx:2]
CE0x42eb9f0 "{CE0x42eb9f0|0:_%struct.vfsmount*,_8:_%struct.dentry*,_:_CRE_8,16_|*MultipleSource*|Function::apparmor_path_chmod&Arg::path::|security/apparmor/lsm.c,349}"
CE0x42eb420 "{CE0x42eb420|apparmor_path_chmod:tmp2|*LoadInst*|security/apparmor/lsm.c,349}"
CE0x42fe610 "{CE0x42fe610|apparmor_path_chmod:d_inode|security/apparmor/lsm.c,349}"
CE0x430b970 "{CE0x430b970|apparmor_path_chmod:tmp3|security/apparmor/lsm.c,349}"
CE0x4310330 "{CE0x4310330|mediated_filesystem:inode|Function::mediated_filesystem&Arg::inode::}"
CE0x4322b60 "{CE0x4322b60|mediated_filesystem:i_sb|security/apparmor/include/apparmor.h,117}"
CE0x4361180 "{CE0x4361180|mediated_filesystem:tmp4|*LoadInst*|security/apparmor/include/apparmor.h,117}"
CE0x4374970 "{CE0x4374970|mediated_filesystem:s_flags|security/apparmor/include/apparmor.h,117}"
CE0x438b460 "{CE0x438b460|mediated_filesystem:tmp5|security/apparmor/include/apparmor.h,117}"
CE0x439b3b0 "{CE0x439b3b0|mediated_filesystem:and|security/apparmor/include/apparmor.h,117}"
CE0x439b730 "{CE0x439b730|mediated_filesystem:tobool|security/apparmor/include/apparmor.h,117}"
CE0x439c270 "{CE0x439c270|mediated_filesystem:lnot|security/apparmor/include/apparmor.h,117}"
CE0x43102c0 "{CE0x43102c0|_ret_i1_%lnot,_!dbg_!15473|security/apparmor/include/apparmor.h,117}"
CE0x430bcd0 "{CE0x430bcd0|apparmor_path_chmod:call|security/apparmor/lsm.c,349}"
CE0x42e5000 "{CE0x42e5000|apparmor_path_chmod:if.end}"
CE0x43261e0 "{CE0x43261e0|common_perm_mnt_dentry:entry}"
CE0x439c640 "{CE0x439c640|common_perm_mnt_dentry:bb}"
CE0x43bbda0 "{CE0x43bbda0|common_perm:entry}"
CE0x438f6f0 "{CE0x438f6f0|common_perm:bb}"
CE0x439e620 "{CE0x439e620|common_perm:call|security/apparmor/lsm.c,168}"
CE0x43a0140 "{CE0x43a0140|common_perm:call|security/apparmor/lsm.c,168|*SummSink*}"
CONST[source:0(mediator),value:2(dynamic)][purpose:{subject}][SnkIdx:1]


CONST[source:1(input),value:2(dynamic)][purpose:{object}][SrcIdx:2]  ->  CONST[source:0(mediator),value:2(dynamic)][purpose:{object}][SnkIdx:2]
-----------
CONST[source:1(input),value:2(dynamic)][purpose:{object}][SrcIdx:2]
CE0x42eb900 "{CE0x42eb900|0:_%struct.vfsmount*,_8:_%struct.dentry*,_:_CRE_0,8_|*MultipleSource*|Function::apparmor_path_chmod&Arg::path::|security/apparmor/lsm.c,349}"
CE0x4320d70 "{CE0x4320d70|apparmor_path_chmod:tmp12|*LoadInst*|security/apparmor/lsm.c,352}"
CE0x43058c0 "{CE0x43058c0|common_perm_mnt_dentry:mnt|Function::common_perm_mnt_dentry&Arg::mnt::}"
CE0x43a1400 "{CE0x43a1400|0:_%struct.vfsmount*,_8:_%struct.dentry*,_:_SCMRE_0,8_|*MultipleSource*|security/apparmor/lsm.c, 206|security/apparmor/lsm.c,206}"
CONST[source:0(mediator),value:2(dynamic)][purpose:{object}][SnkIdx:2]


CONST[source:2(external),value:0(static)][purpose:{object}][SrcIdx:1]  ->  CONST[source:0(mediator),value:2(dynamic)][purpose:{object}][SnkIdx:3]
-----------
CONST[source:2(external),value:0(static)][purpose:{object}][SrcIdx:1]
CE0x436eb00 "{CE0x436eb00|i64_-2147483648|*Constant*}"
CE0x439b3b0 "{CE0x439b3b0|mediated_filesystem:and|security/apparmor/include/apparmor.h,117}"
CE0x439b730 "{CE0x439b730|mediated_filesystem:tobool|security/apparmor/include/apparmor.h,117}"
CE0x439c270 "{CE0x439c270|mediated_filesystem:lnot|security/apparmor/include/apparmor.h,117}"
CE0x43102c0 "{CE0x43102c0|_ret_i1_%lnot,_!dbg_!15473|security/apparmor/include/apparmor.h,117}"
CE0x430bcd0 "{CE0x430bcd0|apparmor_path_chmod:call|security/apparmor/lsm.c,349}"
CE0x42e5000 "{CE0x42e5000|apparmor_path_chmod:if.end}"
CE0x43261e0 "{CE0x43261e0|common_perm_mnt_dentry:entry}"
CE0x439c640 "{CE0x439c640|common_perm_mnt_dentry:bb}"
CE0x43230f0 "{CE0x43230f0|0:_i16,_4:_i32,_8:_i16,_40:_%struct.super_block*,_72:_i32,_:_SCMRE_4,8_|*MultipleSource*|security/apparmor/include/apparmor.h,117|Function::mediated_filesystem&Arg::inode::|security/apparmor/lsm.c,349}"
CONST[source:0(mediator),value:2(dynamic)][purpose:{object}][SnkIdx:3]


CONST[source:2(external),value:0(static)][purpose:{object}][SrcIdx:1]  ->  CONST[source:0(mediator),value:2(dynamic)][purpose:{subject}][SnkIdx:1]
-----------
CONST[source:2(external),value:0(static)][purpose:{object}][SrcIdx:1]
CE0x436eb00 "{CE0x436eb00|i64_-2147483648|*Constant*}"
CE0x439b3b0 "{CE0x439b3b0|mediated_filesystem:and|security/apparmor/include/apparmor.h,117}"
CE0x439b730 "{CE0x439b730|mediated_filesystem:tobool|security/apparmor/include/apparmor.h,117}"
CE0x439c270 "{CE0x439c270|mediated_filesystem:lnot|security/apparmor/include/apparmor.h,117}"
CE0x43102c0 "{CE0x43102c0|_ret_i1_%lnot,_!dbg_!15473|security/apparmor/include/apparmor.h,117}"
CE0x430bcd0 "{CE0x430bcd0|apparmor_path_chmod:call|security/apparmor/lsm.c,349}"
CE0x42e5000 "{CE0x42e5000|apparmor_path_chmod:if.end}"
CE0x43261e0 "{CE0x43261e0|common_perm_mnt_dentry:entry}"
CE0x439c640 "{CE0x439c640|common_perm_mnt_dentry:bb}"
CE0x43bbda0 "{CE0x43bbda0|common_perm:entry}"
CE0x438f6f0 "{CE0x438f6f0|common_perm:bb}"
CE0x439e620 "{CE0x439e620|common_perm:call|security/apparmor/lsm.c,168}"
CE0x43a0140 "{CE0x43a0140|common_perm:call|security/apparmor/lsm.c,168|*SummSink*}"
CONST[source:0(mediator),value:2(dynamic)][purpose:{subject}][SnkIdx:1]


CONST[source:2(external),value:0(static)][purpose:{object}][SrcIdx:1]  ->  CONST[source:0(mediator),value:2(dynamic)][purpose:{object}][SnkIdx:2]
-----------
CONST[source:2(external),value:0(static)][purpose:{object}][SrcIdx:1]
CE0x436eb00 "{CE0x436eb00|i64_-2147483648|*Constant*}"
CE0x439b3b0 "{CE0x439b3b0|mediated_filesystem:and|security/apparmor/include/apparmor.h,117}"
CE0x439b730 "{CE0x439b730|mediated_filesystem:tobool|security/apparmor/include/apparmor.h,117}"
CE0x439c270 "{CE0x439c270|mediated_filesystem:lnot|security/apparmor/include/apparmor.h,117}"
CE0x43102c0 "{CE0x43102c0|_ret_i1_%lnot,_!dbg_!15473|security/apparmor/include/apparmor.h,117}"
CE0x430bcd0 "{CE0x430bcd0|apparmor_path_chmod:call|security/apparmor/lsm.c,349}"
CE0x42e5000 "{CE0x42e5000|apparmor_path_chmod:if.end}"
CE0x4320d70 "{CE0x4320d70|apparmor_path_chmod:tmp12|*LoadInst*|security/apparmor/lsm.c,352}"
CE0x43058c0 "{CE0x43058c0|common_perm_mnt_dentry:mnt|Function::common_perm_mnt_dentry&Arg::mnt::}"
CE0x43a1400 "{CE0x43a1400|0:_%struct.vfsmount*,_8:_%struct.dentry*,_:_SCMRE_0,8_|*MultipleSource*|security/apparmor/lsm.c, 206|security/apparmor/lsm.c,206}"
CONST[source:0(mediator),value:2(dynamic)][purpose:{object}][SnkIdx:2]


