[apparmor_path_rename]

explicit:
CONST[source:1(input),value:2(dynamic)][purpose:{object}][SrcIdx:7]  ->  CONST[source:0(mediator),value:2(dynamic)][purpose:{object}][SnkIdx:7]
-----------
CONST[source:1(input),value:2(dynamic)][purpose:{object}][SrcIdx:7]
CE0x406b6f0 "{CE0x406b6f0|0:_%struct.vfsmount*,_:_CRE_0,8_|*MultipleSource*|Function::apparmor_path_rename&Arg::new_dir::|security/apparmor/lsm.c,329}"
CE0x4042360 "{CE0x4042360|apparmor_path_rename:tmp15|*LoadInst*|security/apparmor/lsm.c,329}"
CE0x402de00 "{CE0x402de00|0:_%struct.vfsmount*,_8:_%struct.dentry*,_:_SCMRE_0,8_|*MultipleSource*|security/apparmor/lsm.c, 328|security/apparmor/lsm.c, 329|security/apparmor/lsm.c,328}"
CONST[source:0(mediator),value:2(dynamic)][purpose:{object}][SnkIdx:7]


CONST[source:1(input),value:2(dynamic)][purpose:{object}][SrcIdx:7]  ->  CONST[source:0(mediator),value:2(dynamic)][purpose:{object}][SnkIdx:2]
-----------
CONST[source:1(input),value:2(dynamic)][purpose:{object}][SrcIdx:7]
CE0x406b6f0 "{CE0x406b6f0|0:_%struct.vfsmount*,_:_CRE_0,8_|*MultipleSource*|Function::apparmor_path_rename&Arg::new_dir::|security/apparmor/lsm.c,329}"
CE0x4042360 "{CE0x4042360|apparmor_path_rename:tmp15|*LoadInst*|security/apparmor/lsm.c,329}"
CE0x402de00 "{CE0x402de00|0:_%struct.vfsmount*,_8:_%struct.dentry*,_:_SCMRE_0,8_|*MultipleSource*|security/apparmor/lsm.c, 328|security/apparmor/lsm.c, 329|security/apparmor/lsm.c,328}"
CONST[source:0(mediator),value:2(dynamic)][purpose:{object}][SnkIdx:2]


CONST[source:2(external),value:2(dynamic)][purpose:{subject}][SrcIdx:10]  ->  CONST[source:0(mediator),value:2(dynamic)][purpose:{subject}][SnkIdx:6]
-----------
CONST[source:2(external),value:2(dynamic)][purpose:{subject}][SrcIdx:10]
CE0x40aa3a0 "{CE0x40aa3a0|44:_i32,_48:_i16,_128:_i8*,_:_SCMRE_128,136_|*MultipleSource*|security/apparmor/include/context.h,151|security/apparmor/include/context.h,151}"
CE0x4054190 "{CE0x4054190|aa_current_profile:tmp77|security/apparmor/include/context.h,159}"
CE0x40548f0 "{CE0x40548f0|aa_current_profile:tmp78|security/apparmor/include/context.h,159}"
CE0x4056300 "{CE0x4056300|aa_current_profile:cxt.0}"
CE0x40553c0 "{CE0x40553c0|aa_current_profile:profile42|security/apparmor/include/context.h,162}"
CE0x4055740 "{CE0x4055740|aa_current_profile:tmp81|security/apparmor/include/context.h,162}"
CE0x4031ce0 "{CE0x4031ce0|_ret_%struct.aa_profile*_%tmp81,_!dbg_!15575|security/apparmor/include/context.h,162}"
CE0x40431e0 "{CE0x40431e0|apparmor_path_rename:call1|security/apparmor/lsm.c,326}"
CE0x4043850 "{CE0x4043850|apparmor_path_rename:call1|security/apparmor/lsm.c,326|*SummSink*}"
CONST[source:0(mediator),value:2(dynamic)][purpose:{subject}][SnkIdx:6]


CONST[source:2(external),value:2(dynamic)][purpose:{subject}][SrcIdx:10]  ->  CONST[source:0(mediator),value:2(dynamic)][purpose:{subject}][SnkIdx:1]
-----------
CONST[source:2(external),value:2(dynamic)][purpose:{subject}][SrcIdx:10]
CE0x40aa3a0 "{CE0x40aa3a0|44:_i32,_48:_i16,_128:_i8*,_:_SCMRE_128,136_|*MultipleSource*|security/apparmor/include/context.h,151|security/apparmor/include/context.h,151}"
CE0x4054190 "{CE0x4054190|aa_current_profile:tmp77|security/apparmor/include/context.h,159}"
CE0x40548f0 "{CE0x40548f0|aa_current_profile:tmp78|security/apparmor/include/context.h,159}"
CE0x4056300 "{CE0x4056300|aa_current_profile:cxt.0}"
CE0x40553c0 "{CE0x40553c0|aa_current_profile:profile42|security/apparmor/include/context.h,162}"
CE0x4055740 "{CE0x4055740|aa_current_profile:tmp81|security/apparmor/include/context.h,162}"
CE0x4031ce0 "{CE0x4031ce0|_ret_%struct.aa_profile*_%tmp81,_!dbg_!15575|security/apparmor/include/context.h,162}"
CE0x40431e0 "{CE0x40431e0|apparmor_path_rename:call1|security/apparmor/lsm.c,326}"
CE0x4043850 "{CE0x4043850|apparmor_path_rename:call1|security/apparmor/lsm.c,326|*SummSink*}"
CONST[source:0(mediator),value:2(dynamic)][purpose:{subject}][SnkIdx:1]


CONST[source:1(input),value:2(dynamic)][purpose:{object}][SrcIdx:6]  ->  CONST[source:0(mediator),value:2(dynamic)][purpose:{object}][SnkIdx:3]
-----------
CONST[source:1(input),value:2(dynamic)][purpose:{object}][SrcIdx:6]
CE0x406d600 "{CE0x406d600|0:_i16,_4:_i32,_8:_i16,_40:_%struct.super_block*,_72:_i32,_:_SCMRE_4,6_|*MultipleSource*|Function::mediated_filesystem&Arg::inode::|security/apparmor/lsm.c, 330|*LoadInst*|security/apparmor/lsm.c,323|security/apparmor/lsm.c,330}"
CONST[source:0(mediator),value:2(dynamic)][purpose:{object}][SnkIdx:3]


CONST[source:1(input),value:2(dynamic)][purpose:{object}][SrcIdx:6]  ->  CONST[source:0(mediator),value:2(dynamic)][purpose:{object}][SnkIdx:7]
-----------
CONST[source:1(input),value:2(dynamic)][purpose:{object}][SrcIdx:6]
CE0x3ff92e0 "{CE0x3ff92e0|apparmor_path_rename:old_dentry|Function::apparmor_path_rename&Arg::old_dentry::|*SummSource*}"
CE0x4005b60 "{CE0x4005b60|apparmor_path_rename:old_dentry|Function::apparmor_path_rename&Arg::old_dentry::}"
CE0x402df10 "{CE0x402df10|0:_%struct.vfsmount*,_8:_%struct.dentry*,_:_SCMRE_8,16_|*MultipleSource*|security/apparmor/lsm.c, 328|security/apparmor/lsm.c, 329|security/apparmor/lsm.c,328}"
CONST[source:0(mediator),value:2(dynamic)][purpose:{object}][SnkIdx:7]


CONST[source:1(input),value:2(dynamic)][purpose:{object}][SrcIdx:6]  ->  CONST[source:0(mediator),value:2(dynamic)][purpose:{object}][SnkIdx:8]
-----------
CONST[source:1(input),value:2(dynamic)][purpose:{object}][SrcIdx:6]
CE0x406d140 "{CE0x406d140|0:_i16,_4:_i32,_8:_i16,_40:_%struct.super_block*,_72:_i32,_:_SCMRE_0,4_|*MultipleSource*|Function::mediated_filesystem&Arg::inode::|security/apparmor/lsm.c, 330|*LoadInst*|security/apparmor/lsm.c,323|security/apparmor/lsm.c,330}"
CONST[source:0(mediator),value:2(dynamic)][purpose:{object}][SnkIdx:8]


CONST[source:1(input),value:2(dynamic)][purpose:{object}][SrcIdx:6]  ->  CONST[source:0(mediator),value:2(dynamic)][purpose:{object}][SnkIdx:2]
-----------
CONST[source:1(input),value:2(dynamic)][purpose:{object}][SrcIdx:6]
CE0x3ff92e0 "{CE0x3ff92e0|apparmor_path_rename:old_dentry|Function::apparmor_path_rename&Arg::old_dentry::|*SummSource*}"
CE0x4005b60 "{CE0x4005b60|apparmor_path_rename:old_dentry|Function::apparmor_path_rename&Arg::old_dentry::}"
CE0x402df10 "{CE0x402df10|0:_%struct.vfsmount*,_8:_%struct.dentry*,_:_SCMRE_8,16_|*MultipleSource*|security/apparmor/lsm.c, 328|security/apparmor/lsm.c, 329|security/apparmor/lsm.c,328}"
CONST[source:0(mediator),value:2(dynamic)][purpose:{object}][SnkIdx:2]


CONST[source:1(input),value:2(dynamic)][purpose:{object}][SrcIdx:8]  ->  CONST[source:0(mediator),value:2(dynamic)][purpose:{object}][SnkIdx:3]
-----------
CONST[source:1(input),value:2(dynamic)][purpose:{object}][SrcIdx:8]
CE0x406d600 "{CE0x406d600|0:_i16,_4:_i32,_8:_i16,_40:_%struct.super_block*,_72:_i32,_:_SCMRE_4,6_|*MultipleSource*|Function::mediated_filesystem&Arg::inode::|security/apparmor/lsm.c, 330|*LoadInst*|security/apparmor/lsm.c,323|security/apparmor/lsm.c,330}"
CONST[source:0(mediator),value:2(dynamic)][purpose:{object}][SnkIdx:3]


CONST[source:1(input),value:2(dynamic)][purpose:{object}][SrcIdx:8]  ->  CONST[source:0(mediator),value:2(dynamic)][purpose:{object}][SnkIdx:7]
-----------
CONST[source:1(input),value:2(dynamic)][purpose:{object}][SrcIdx:8]
CE0x406c990 "{CE0x406c990|apparmor_path_rename:new_dentry|Function::apparmor_path_rename&Arg::new_dentry::|*SummSource*}"
CE0x406c490 "{CE0x406c490|apparmor_path_rename:new_dentry|Function::apparmor_path_rename&Arg::new_dentry::}"
CE0x402df10 "{CE0x402df10|0:_%struct.vfsmount*,_8:_%struct.dentry*,_:_SCMRE_8,16_|*MultipleSource*|security/apparmor/lsm.c, 328|security/apparmor/lsm.c, 329|security/apparmor/lsm.c,328}"
CONST[source:0(mediator),value:2(dynamic)][purpose:{object}][SnkIdx:7]


CONST[source:1(input),value:2(dynamic)][purpose:{object}][SrcIdx:8]  ->  CONST[source:0(mediator),value:2(dynamic)][purpose:{object}][SnkIdx:8]
-----------
CONST[source:1(input),value:2(dynamic)][purpose:{object}][SrcIdx:8]
CE0x406d140 "{CE0x406d140|0:_i16,_4:_i32,_8:_i16,_40:_%struct.super_block*,_72:_i32,_:_SCMRE_0,4_|*MultipleSource*|Function::mediated_filesystem&Arg::inode::|security/apparmor/lsm.c, 330|*LoadInst*|security/apparmor/lsm.c,323|security/apparmor/lsm.c,330}"
CONST[source:0(mediator),value:2(dynamic)][purpose:{object}][SnkIdx:8]


CONST[source:1(input),value:2(dynamic)][purpose:{object}][SrcIdx:8]  ->  CONST[source:0(mediator),value:2(dynamic)][purpose:{object}][SnkIdx:2]
-----------
CONST[source:1(input),value:2(dynamic)][purpose:{object}][SrcIdx:8]
CE0x406c990 "{CE0x406c990|apparmor_path_rename:new_dentry|Function::apparmor_path_rename&Arg::new_dentry::|*SummSource*}"
CE0x406c490 "{CE0x406c490|apparmor_path_rename:new_dentry|Function::apparmor_path_rename&Arg::new_dentry::}"
CE0x402df10 "{CE0x402df10|0:_%struct.vfsmount*,_8:_%struct.dentry*,_:_SCMRE_8,16_|*MultipleSource*|security/apparmor/lsm.c, 328|security/apparmor/lsm.c, 329|security/apparmor/lsm.c,328}"
CONST[source:0(mediator),value:2(dynamic)][purpose:{object}][SnkIdx:2]


CONST[source:1(input),value:2(dynamic)][purpose:{object}][SrcIdx:5]  ->  CONST[source:0(mediator),value:2(dynamic)][purpose:{object}][SnkIdx:7]
-----------
CONST[source:1(input),value:2(dynamic)][purpose:{object}][SrcIdx:5]
CE0x402b0e0 "{CE0x402b0e0|0:_%struct.vfsmount*,_:_CRE_0,8_|*MultipleSource*|Function::apparmor_path_rename&Arg::old_dir::|security/apparmor/lsm.c,328}"
CE0x402a8f0 "{CE0x402a8f0|apparmor_path_rename:tmp14|*LoadInst*|security/apparmor/lsm.c,328}"
CE0x402de00 "{CE0x402de00|0:_%struct.vfsmount*,_8:_%struct.dentry*,_:_SCMRE_0,8_|*MultipleSource*|security/apparmor/lsm.c, 328|security/apparmor/lsm.c, 329|security/apparmor/lsm.c,328}"
CONST[source:0(mediator),value:2(dynamic)][purpose:{object}][SnkIdx:7]


CONST[source:1(input),value:2(dynamic)][purpose:{object}][SrcIdx:5]  ->  CONST[source:0(mediator),value:2(dynamic)][purpose:{object}][SnkIdx:2]
-----------
CONST[source:1(input),value:2(dynamic)][purpose:{object}][SrcIdx:5]
CE0x402b0e0 "{CE0x402b0e0|0:_%struct.vfsmount*,_:_CRE_0,8_|*MultipleSource*|Function::apparmor_path_rename&Arg::old_dir::|security/apparmor/lsm.c,328}"
CE0x402a8f0 "{CE0x402a8f0|apparmor_path_rename:tmp14|*LoadInst*|security/apparmor/lsm.c,328}"
CE0x402de00 "{CE0x402de00|0:_%struct.vfsmount*,_8:_%struct.dentry*,_:_SCMRE_0,8_|*MultipleSource*|security/apparmor/lsm.c, 328|security/apparmor/lsm.c, 329|security/apparmor/lsm.c,328}"
CONST[source:0(mediator),value:2(dynamic)][purpose:{object}][SnkIdx:2]



implicit:
CONST[source:1(input),value:2(dynamic)][purpose:{object}][SrcIdx:7]  ->  CONST[source:0(mediator),value:2(dynamic)][purpose:{object}][SnkIdx:2]
-----------
CONST[source:1(input),value:2(dynamic)][purpose:{object}][SrcIdx:7]
CE0x406b6f0 "{CE0x406b6f0|0:_%struct.vfsmount*,_:_CRE_0,8_|*MultipleSource*|Function::apparmor_path_rename&Arg::new_dir::|security/apparmor/lsm.c,329}"
CE0x4042360 "{CE0x4042360|apparmor_path_rename:tmp15|*LoadInst*|security/apparmor/lsm.c,329}"
CE0x402de00 "{CE0x402de00|0:_%struct.vfsmount*,_8:_%struct.dentry*,_:_SCMRE_0,8_|*MultipleSource*|security/apparmor/lsm.c, 328|security/apparmor/lsm.c, 329|security/apparmor/lsm.c,328}"
CONST[source:0(mediator),value:2(dynamic)][purpose:{object}][SnkIdx:2]


CONST[source:1(input),value:2(dynamic)][purpose:{object}][SrcIdx:7]  ->  CONST[source:0(mediator),value:2(dynamic)][purpose:{object}][SnkIdx:7]
-----------
CONST[source:1(input),value:2(dynamic)][purpose:{object}][SrcIdx:7]
CE0x406b6f0 "{CE0x406b6f0|0:_%struct.vfsmount*,_:_CRE_0,8_|*MultipleSource*|Function::apparmor_path_rename&Arg::new_dir::|security/apparmor/lsm.c,329}"
CE0x4042360 "{CE0x4042360|apparmor_path_rename:tmp15|*LoadInst*|security/apparmor/lsm.c,329}"
CE0x402de00 "{CE0x402de00|0:_%struct.vfsmount*,_8:_%struct.dentry*,_:_SCMRE_0,8_|*MultipleSource*|security/apparmor/lsm.c, 328|security/apparmor/lsm.c, 329|security/apparmor/lsm.c,328}"
CONST[source:0(mediator),value:2(dynamic)][purpose:{object}][SnkIdx:7]


CONST[source:1(input),value:2(dynamic)][purpose:{object}][SrcIdx:8]  ->  CONST[source:0(mediator),value:2(dynamic)][purpose:{object}][SnkIdx:2]
-----------
CONST[source:1(input),value:2(dynamic)][purpose:{object}][SrcIdx:8]
CE0x406c990 "{CE0x406c990|apparmor_path_rename:new_dentry|Function::apparmor_path_rename&Arg::new_dentry::|*SummSource*}"
CE0x406c490 "{CE0x406c490|apparmor_path_rename:new_dentry|Function::apparmor_path_rename&Arg::new_dentry::}"
CE0x402df10 "{CE0x402df10|0:_%struct.vfsmount*,_8:_%struct.dentry*,_:_SCMRE_8,16_|*MultipleSource*|security/apparmor/lsm.c, 328|security/apparmor/lsm.c, 329|security/apparmor/lsm.c,328}"
CONST[source:0(mediator),value:2(dynamic)][purpose:{object}][SnkIdx:2]


CONST[source:1(input),value:2(dynamic)][purpose:{object}][SrcIdx:8]  ->  CONST[source:0(mediator),value:2(dynamic)][purpose:{object}][SnkIdx:7]
-----------
CONST[source:1(input),value:2(dynamic)][purpose:{object}][SrcIdx:8]
CE0x406c990 "{CE0x406c990|apparmor_path_rename:new_dentry|Function::apparmor_path_rename&Arg::new_dentry::|*SummSource*}"
CE0x406c490 "{CE0x406c490|apparmor_path_rename:new_dentry|Function::apparmor_path_rename&Arg::new_dentry::}"
CE0x402df10 "{CE0x402df10|0:_%struct.vfsmount*,_8:_%struct.dentry*,_:_SCMRE_8,16_|*MultipleSource*|security/apparmor/lsm.c, 328|security/apparmor/lsm.c, 329|security/apparmor/lsm.c,328}"
CONST[source:0(mediator),value:2(dynamic)][purpose:{object}][SnkIdx:7]


CONST[source:1(input),value:2(dynamic)][purpose:{object}][SrcIdx:8]  ->  CONST[source:0(mediator),value:2(dynamic)][purpose:{object}][SnkIdx:3]
-----------
CONST[source:1(input),value:2(dynamic)][purpose:{object}][SrcIdx:8]
CE0x406d600 "{CE0x406d600|0:_i16,_4:_i32,_8:_i16,_40:_%struct.super_block*,_72:_i32,_:_SCMRE_4,6_|*MultipleSource*|Function::mediated_filesystem&Arg::inode::|security/apparmor/lsm.c, 330|*LoadInst*|security/apparmor/lsm.c,323|security/apparmor/lsm.c,330}"
CONST[source:0(mediator),value:2(dynamic)][purpose:{object}][SnkIdx:3]


CONST[source:1(input),value:2(dynamic)][purpose:{object}][SrcIdx:8]  ->  CONST[source:0(mediator),value:2(dynamic)][purpose:{subject}][SnkIdx:6]
-----------
CONST[source:1(input),value:2(dynamic)][purpose:{object}][SrcIdx:8]
CE0x406d600 "{CE0x406d600|0:_i16,_4:_i32,_8:_i16,_40:_%struct.super_block*,_72:_i32,_:_SCMRE_4,6_|*MultipleSource*|Function::mediated_filesystem&Arg::inode::|security/apparmor/lsm.c, 330|*LoadInst*|security/apparmor/lsm.c,323|security/apparmor/lsm.c,330}"
CE0x4027020 "{CE0x4027020|mediated_filesystem:tmp4|*LoadInst*|security/apparmor/include/apparmor.h,117}"
CE0x4027570 "{CE0x4027570|mediated_filesystem:s_flags|security/apparmor/include/apparmor.h,117}"
CE0x408b7d0 "{CE0x408b7d0|mediated_filesystem:tmp5|security/apparmor/include/apparmor.h,117}"
CE0x40b9620 "{CE0x40b9620|mediated_filesystem:and|security/apparmor/include/apparmor.h,117}"
CE0x40b9a40 "{CE0x40b9a40|mediated_filesystem:tobool|security/apparmor/include/apparmor.h,117}"
CE0x40ba580 "{CE0x40ba580|mediated_filesystem:lnot|security/apparmor/include/apparmor.h,117}"
CE0x4030b30 "{CE0x4030b30|_ret_i1_%lnot,_!dbg_!15473|security/apparmor/include/apparmor.h,117}"
CE0x402a250 "{CE0x402a250|apparmor_path_rename:call|security/apparmor/lsm.c,323}"
CE0x40034b0 "{CE0x40034b0|apparmor_path_rename:if.end}"
CE0x40431e0 "{CE0x40431e0|apparmor_path_rename:call1|security/apparmor/lsm.c,326}"
CE0x4043850 "{CE0x4043850|apparmor_path_rename:call1|security/apparmor/lsm.c,326|*SummSink*}"
CONST[source:0(mediator),value:2(dynamic)][purpose:{subject}][SnkIdx:6]


CONST[source:1(input),value:2(dynamic)][purpose:{object}][SrcIdx:8]  ->  CONST[source:0(mediator),value:2(dynamic)][purpose:{subject}][SnkIdx:1]
-----------
CONST[source:1(input),value:2(dynamic)][purpose:{object}][SrcIdx:8]
CE0x406d600 "{CE0x406d600|0:_i16,_4:_i32,_8:_i16,_40:_%struct.super_block*,_72:_i32,_:_SCMRE_4,6_|*MultipleSource*|Function::mediated_filesystem&Arg::inode::|security/apparmor/lsm.c, 330|*LoadInst*|security/apparmor/lsm.c,323|security/apparmor/lsm.c,330}"
CE0x4027020 "{CE0x4027020|mediated_filesystem:tmp4|*LoadInst*|security/apparmor/include/apparmor.h,117}"
CE0x4027570 "{CE0x4027570|mediated_filesystem:s_flags|security/apparmor/include/apparmor.h,117}"
CE0x408b7d0 "{CE0x408b7d0|mediated_filesystem:tmp5|security/apparmor/include/apparmor.h,117}"
CE0x40b9620 "{CE0x40b9620|mediated_filesystem:and|security/apparmor/include/apparmor.h,117}"
CE0x40b9a40 "{CE0x40b9a40|mediated_filesystem:tobool|security/apparmor/include/apparmor.h,117}"
CE0x40ba580 "{CE0x40ba580|mediated_filesystem:lnot|security/apparmor/include/apparmor.h,117}"
CE0x4030b30 "{CE0x4030b30|_ret_i1_%lnot,_!dbg_!15473|security/apparmor/include/apparmor.h,117}"
CE0x402a250 "{CE0x402a250|apparmor_path_rename:call|security/apparmor/lsm.c,323}"
CE0x40034b0 "{CE0x40034b0|apparmor_path_rename:if.end}"
CE0x40431e0 "{CE0x40431e0|apparmor_path_rename:call1|security/apparmor/lsm.c,326}"
CE0x4043850 "{CE0x4043850|apparmor_path_rename:call1|security/apparmor/lsm.c,326|*SummSink*}"
CONST[source:0(mediator),value:2(dynamic)][purpose:{subject}][SnkIdx:1]


CONST[source:1(input),value:2(dynamic)][purpose:{object}][SrcIdx:8]  ->  CONST[source:0(mediator),value:2(dynamic)][purpose:{object}][SnkIdx:8]
-----------
CONST[source:1(input),value:2(dynamic)][purpose:{object}][SrcIdx:8]
CE0x406d600 "{CE0x406d600|0:_i16,_4:_i32,_8:_i16,_40:_%struct.super_block*,_72:_i32,_:_SCMRE_4,6_|*MultipleSource*|Function::mediated_filesystem&Arg::inode::|security/apparmor/lsm.c, 330|*LoadInst*|security/apparmor/lsm.c,323|security/apparmor/lsm.c,330}"
CONST[source:0(mediator),value:2(dynamic)][purpose:{object}][SnkIdx:8]


CONST[source:0(mediator),value:2(dynamic)][purpose:{subject}][SrcIdx:9]  ->  CONST[source:0(mediator),value:2(dynamic)][purpose:{object}][SnkIdx:2]
-----------
CONST[source:0(mediator),value:2(dynamic)][purpose:{subject}][SrcIdx:9]
CE0x40380c0 "{CE0x40380c0|VOIDTB_TE:_GCE_rcu_lock_map_external_global_%struct.lockdep_map_128,136_|*MultipleSource*|security/apparmor/lsm.c,326|security/apparmor/lsm.c,327}"
CE0x403b3f0 "{CE0x403b3f0|apparmor_path_rename:tmp9|security/apparmor/lsm.c,327}"
CE0x403d040 "{CE0x403d040|apparmor_path_rename:cmp|security/apparmor/lsm.c,327}"
CE0x3ffeb70 "{CE0x3ffeb70|apparmor_path_rename:if.then2}"
CE0x402df10 "{CE0x402df10|0:_%struct.vfsmount*,_8:_%struct.dentry*,_:_SCMRE_8,16_|*MultipleSource*|security/apparmor/lsm.c, 328|security/apparmor/lsm.c, 329|security/apparmor/lsm.c,328}"
CONST[source:0(mediator),value:2(dynamic)][purpose:{object}][SnkIdx:2]


CONST[source:0(mediator),value:2(dynamic)][purpose:{subject}][SrcIdx:9]  ->  CONST[source:0(mediator),value:2(dynamic)][purpose:{object}][SnkIdx:7]
-----------
CONST[source:0(mediator),value:2(dynamic)][purpose:{subject}][SrcIdx:9]
CE0x40380c0 "{CE0x40380c0|VOIDTB_TE:_GCE_rcu_lock_map_external_global_%struct.lockdep_map_128,136_|*MultipleSource*|security/apparmor/lsm.c,326|security/apparmor/lsm.c,327}"
CE0x403b3f0 "{CE0x403b3f0|apparmor_path_rename:tmp9|security/apparmor/lsm.c,327}"
CE0x403d040 "{CE0x403d040|apparmor_path_rename:cmp|security/apparmor/lsm.c,327}"
CE0x3ffeb70 "{CE0x3ffeb70|apparmor_path_rename:if.then2}"
CE0x402df10 "{CE0x402df10|0:_%struct.vfsmount*,_8:_%struct.dentry*,_:_SCMRE_8,16_|*MultipleSource*|security/apparmor/lsm.c, 328|security/apparmor/lsm.c, 329|security/apparmor/lsm.c,328}"
CONST[source:0(mediator),value:2(dynamic)][purpose:{object}][SnkIdx:7]


CONST[source:0(mediator),value:2(dynamic)][purpose:{subject}][SrcIdx:9]  ->  CONST[source:0(mediator),value:2(dynamic)][purpose:{object}][SnkIdx:3]
-----------
CONST[source:0(mediator),value:2(dynamic)][purpose:{subject}][SrcIdx:9]
CE0x40380c0 "{CE0x40380c0|VOIDTB_TE:_GCE_rcu_lock_map_external_global_%struct.lockdep_map_128,136_|*MultipleSource*|security/apparmor/lsm.c,326|security/apparmor/lsm.c,327}"
CE0x403b3f0 "{CE0x403b3f0|apparmor_path_rename:tmp9|security/apparmor/lsm.c,327}"
CE0x403d040 "{CE0x403d040|apparmor_path_rename:cmp|security/apparmor/lsm.c,327}"
CE0x3ffeb70 "{CE0x3ffeb70|apparmor_path_rename:if.then2}"
CE0x406d600 "{CE0x406d600|0:_i16,_4:_i32,_8:_i16,_40:_%struct.super_block*,_72:_i32,_:_SCMRE_4,6_|*MultipleSource*|Function::mediated_filesystem&Arg::inode::|security/apparmor/lsm.c, 330|*LoadInst*|security/apparmor/lsm.c,323|security/apparmor/lsm.c,330}"
CONST[source:0(mediator),value:2(dynamic)][purpose:{object}][SnkIdx:3]


CONST[source:0(mediator),value:2(dynamic)][purpose:{subject}][SrcIdx:9]  ->  CONST[source:0(mediator),value:2(dynamic)][purpose:{object}][SnkIdx:8]
-----------
CONST[source:0(mediator),value:2(dynamic)][purpose:{subject}][SrcIdx:9]
CE0x40380c0 "{CE0x40380c0|VOIDTB_TE:_GCE_rcu_lock_map_external_global_%struct.lockdep_map_128,136_|*MultipleSource*|security/apparmor/lsm.c,326|security/apparmor/lsm.c,327}"
CE0x403b3f0 "{CE0x403b3f0|apparmor_path_rename:tmp9|security/apparmor/lsm.c,327}"
CE0x403d040 "{CE0x403d040|apparmor_path_rename:cmp|security/apparmor/lsm.c,327}"
CE0x3ffeb70 "{CE0x3ffeb70|apparmor_path_rename:if.then2}"
CE0x406d600 "{CE0x406d600|0:_i16,_4:_i32,_8:_i16,_40:_%struct.super_block*,_72:_i32,_:_SCMRE_4,6_|*MultipleSource*|Function::mediated_filesystem&Arg::inode::|security/apparmor/lsm.c, 330|*LoadInst*|security/apparmor/lsm.c,323|security/apparmor/lsm.c,330}"
CONST[source:0(mediator),value:2(dynamic)][purpose:{object}][SnkIdx:8]


CONST[source:2(external),value:2(dynamic)][purpose:{subject}][SrcIdx:10]  ->  CONST[source:0(mediator),value:2(dynamic)][purpose:{object}][SnkIdx:2]
-----------
CONST[source:2(external),value:2(dynamic)][purpose:{subject}][SrcIdx:10]
CE0x40aa3a0 "{CE0x40aa3a0|44:_i32,_48:_i16,_128:_i8*,_:_SCMRE_128,136_|*MultipleSource*|security/apparmor/include/context.h,151|security/apparmor/include/context.h,151}"
CE0x40bd0a0 "{CE0x40bd0a0|aa_current_profile:tmp22|security/apparmor/include/context.h,151}"
CE0x40ab130 "{CE0x40ab130|aa_current_profile:tmp23|security/apparmor/include/context.h,151}"
CE0x4056300 "{CE0x4056300|aa_current_profile:cxt.0}"
CE0x40553c0 "{CE0x40553c0|aa_current_profile:profile42|security/apparmor/include/context.h,162}"
CE0x4055740 "{CE0x4055740|aa_current_profile:tmp81|security/apparmor/include/context.h,162}"
CE0x4031ce0 "{CE0x4031ce0|_ret_%struct.aa_profile*_%tmp81,_!dbg_!15575|security/apparmor/include/context.h,162}"
CE0x40431e0 "{CE0x40431e0|apparmor_path_rename:call1|security/apparmor/lsm.c,326}"
CE0x4032690 "{CE0x4032690|apparmor_path_rename:mode|security/apparmor/lsm.c,327}"
CE0x403b3f0 "{CE0x403b3f0|apparmor_path_rename:tmp9|security/apparmor/lsm.c,327}"
CE0x403d040 "{CE0x403d040|apparmor_path_rename:cmp|security/apparmor/lsm.c,327}"
CE0x3ffeb70 "{CE0x3ffeb70|apparmor_path_rename:if.then2}"
CE0x402df10 "{CE0x402df10|0:_%struct.vfsmount*,_8:_%struct.dentry*,_:_SCMRE_8,16_|*MultipleSource*|security/apparmor/lsm.c, 328|security/apparmor/lsm.c, 329|security/apparmor/lsm.c,328}"
CONST[source:0(mediator),value:2(dynamic)][purpose:{object}][SnkIdx:2]


CONST[source:2(external),value:2(dynamic)][purpose:{subject}][SrcIdx:10]  ->  CONST[source:0(mediator),value:2(dynamic)][purpose:{object}][SnkIdx:7]
-----------
CONST[source:2(external),value:2(dynamic)][purpose:{subject}][SrcIdx:10]
CE0x40aa3a0 "{CE0x40aa3a0|44:_i32,_48:_i16,_128:_i8*,_:_SCMRE_128,136_|*MultipleSource*|security/apparmor/include/context.h,151|security/apparmor/include/context.h,151}"
CE0x40bd0a0 "{CE0x40bd0a0|aa_current_profile:tmp22|security/apparmor/include/context.h,151}"
CE0x40ab130 "{CE0x40ab130|aa_current_profile:tmp23|security/apparmor/include/context.h,151}"
CE0x4056300 "{CE0x4056300|aa_current_profile:cxt.0}"
CE0x40553c0 "{CE0x40553c0|aa_current_profile:profile42|security/apparmor/include/context.h,162}"
CE0x4055740 "{CE0x4055740|aa_current_profile:tmp81|security/apparmor/include/context.h,162}"
CE0x4031ce0 "{CE0x4031ce0|_ret_%struct.aa_profile*_%tmp81,_!dbg_!15575|security/apparmor/include/context.h,162}"
CE0x40431e0 "{CE0x40431e0|apparmor_path_rename:call1|security/apparmor/lsm.c,326}"
CE0x4032690 "{CE0x4032690|apparmor_path_rename:mode|security/apparmor/lsm.c,327}"
CE0x403b3f0 "{CE0x403b3f0|apparmor_path_rename:tmp9|security/apparmor/lsm.c,327}"
CE0x403d040 "{CE0x403d040|apparmor_path_rename:cmp|security/apparmor/lsm.c,327}"
CE0x3ffeb70 "{CE0x3ffeb70|apparmor_path_rename:if.then2}"
CE0x402df10 "{CE0x402df10|0:_%struct.vfsmount*,_8:_%struct.dentry*,_:_SCMRE_8,16_|*MultipleSource*|security/apparmor/lsm.c, 328|security/apparmor/lsm.c, 329|security/apparmor/lsm.c,328}"
CONST[source:0(mediator),value:2(dynamic)][purpose:{object}][SnkIdx:7]


CONST[source:2(external),value:2(dynamic)][purpose:{subject}][SrcIdx:10]  ->  CONST[source:0(mediator),value:2(dynamic)][purpose:{object}][SnkIdx:3]
-----------
CONST[source:2(external),value:2(dynamic)][purpose:{subject}][SrcIdx:10]
CE0x40aa3a0 "{CE0x40aa3a0|44:_i32,_48:_i16,_128:_i8*,_:_SCMRE_128,136_|*MultipleSource*|security/apparmor/include/context.h,151|security/apparmor/include/context.h,151}"
CE0x40bd0a0 "{CE0x40bd0a0|aa_current_profile:tmp22|security/apparmor/include/context.h,151}"
CE0x40ab130 "{CE0x40ab130|aa_current_profile:tmp23|security/apparmor/include/context.h,151}"
CE0x4056300 "{CE0x4056300|aa_current_profile:cxt.0}"
CE0x40553c0 "{CE0x40553c0|aa_current_profile:profile42|security/apparmor/include/context.h,162}"
CE0x4055740 "{CE0x4055740|aa_current_profile:tmp81|security/apparmor/include/context.h,162}"
CE0x4031ce0 "{CE0x4031ce0|_ret_%struct.aa_profile*_%tmp81,_!dbg_!15575|security/apparmor/include/context.h,162}"
CE0x40431e0 "{CE0x40431e0|apparmor_path_rename:call1|security/apparmor/lsm.c,326}"
CE0x4032690 "{CE0x4032690|apparmor_path_rename:mode|security/apparmor/lsm.c,327}"
CE0x403b3f0 "{CE0x403b3f0|apparmor_path_rename:tmp9|security/apparmor/lsm.c,327}"
CE0x403d040 "{CE0x403d040|apparmor_path_rename:cmp|security/apparmor/lsm.c,327}"
CE0x3ffeb70 "{CE0x3ffeb70|apparmor_path_rename:if.then2}"
CE0x406d600 "{CE0x406d600|0:_i16,_4:_i32,_8:_i16,_40:_%struct.super_block*,_72:_i32,_:_SCMRE_4,6_|*MultipleSource*|Function::mediated_filesystem&Arg::inode::|security/apparmor/lsm.c, 330|*LoadInst*|security/apparmor/lsm.c,323|security/apparmor/lsm.c,330}"
CONST[source:0(mediator),value:2(dynamic)][purpose:{object}][SnkIdx:3]


CONST[source:2(external),value:2(dynamic)][purpose:{subject}][SrcIdx:10]  ->  CONST[source:0(mediator),value:2(dynamic)][purpose:{subject}][SnkIdx:6]
-----------
CONST[source:2(external),value:2(dynamic)][purpose:{subject}][SrcIdx:10]
CE0x40aa3a0 "{CE0x40aa3a0|44:_i32,_48:_i16,_128:_i8*,_:_SCMRE_128,136_|*MultipleSource*|security/apparmor/include/context.h,151|security/apparmor/include/context.h,151}"
CE0x40bd0a0 "{CE0x40bd0a0|aa_current_profile:tmp22|security/apparmor/include/context.h,151}"
CE0x40ab130 "{CE0x40ab130|aa_current_profile:tmp23|security/apparmor/include/context.h,151}"
CE0x4056300 "{CE0x4056300|aa_current_profile:cxt.0}"
CE0x40553c0 "{CE0x40553c0|aa_current_profile:profile42|security/apparmor/include/context.h,162}"
CE0x4055740 "{CE0x4055740|aa_current_profile:tmp81|security/apparmor/include/context.h,162}"
CE0x4031ce0 "{CE0x4031ce0|_ret_%struct.aa_profile*_%tmp81,_!dbg_!15575|security/apparmor/include/context.h,162}"
CE0x40431e0 "{CE0x40431e0|apparmor_path_rename:call1|security/apparmor/lsm.c,326}"
CE0x4043850 "{CE0x4043850|apparmor_path_rename:call1|security/apparmor/lsm.c,326|*SummSink*}"
CONST[source:0(mediator),value:2(dynamic)][purpose:{subject}][SnkIdx:6]


CONST[source:2(external),value:2(dynamic)][purpose:{subject}][SrcIdx:10]  ->  CONST[source:0(mediator),value:2(dynamic)][purpose:{subject}][SnkIdx:1]
-----------
CONST[source:2(external),value:2(dynamic)][purpose:{subject}][SrcIdx:10]
CE0x40aa3a0 "{CE0x40aa3a0|44:_i32,_48:_i16,_128:_i8*,_:_SCMRE_128,136_|*MultipleSource*|security/apparmor/include/context.h,151|security/apparmor/include/context.h,151}"
CE0x40bd0a0 "{CE0x40bd0a0|aa_current_profile:tmp22|security/apparmor/include/context.h,151}"
CE0x40ab130 "{CE0x40ab130|aa_current_profile:tmp23|security/apparmor/include/context.h,151}"
CE0x4056300 "{CE0x4056300|aa_current_profile:cxt.0}"
CE0x40553c0 "{CE0x40553c0|aa_current_profile:profile42|security/apparmor/include/context.h,162}"
CE0x4055740 "{CE0x4055740|aa_current_profile:tmp81|security/apparmor/include/context.h,162}"
CE0x4031ce0 "{CE0x4031ce0|_ret_%struct.aa_profile*_%tmp81,_!dbg_!15575|security/apparmor/include/context.h,162}"
CE0x40431e0 "{CE0x40431e0|apparmor_path_rename:call1|security/apparmor/lsm.c,326}"
CE0x4043850 "{CE0x4043850|apparmor_path_rename:call1|security/apparmor/lsm.c,326|*SummSink*}"
CONST[source:0(mediator),value:2(dynamic)][purpose:{subject}][SnkIdx:1]


CONST[source:2(external),value:2(dynamic)][purpose:{subject}][SrcIdx:10]  ->  CONST[source:0(mediator),value:2(dynamic)][purpose:{object}][SnkIdx:8]
-----------
CONST[source:2(external),value:2(dynamic)][purpose:{subject}][SrcIdx:10]
CE0x40aa3a0 "{CE0x40aa3a0|44:_i32,_48:_i16,_128:_i8*,_:_SCMRE_128,136_|*MultipleSource*|security/apparmor/include/context.h,151|security/apparmor/include/context.h,151}"
CE0x40bd0a0 "{CE0x40bd0a0|aa_current_profile:tmp22|security/apparmor/include/context.h,151}"
CE0x40ab130 "{CE0x40ab130|aa_current_profile:tmp23|security/apparmor/include/context.h,151}"
CE0x4056300 "{CE0x4056300|aa_current_profile:cxt.0}"
CE0x40553c0 "{CE0x40553c0|aa_current_profile:profile42|security/apparmor/include/context.h,162}"
CE0x4055740 "{CE0x4055740|aa_current_profile:tmp81|security/apparmor/include/context.h,162}"
CE0x4031ce0 "{CE0x4031ce0|_ret_%struct.aa_profile*_%tmp81,_!dbg_!15575|security/apparmor/include/context.h,162}"
CE0x40431e0 "{CE0x40431e0|apparmor_path_rename:call1|security/apparmor/lsm.c,326}"
CE0x4032690 "{CE0x4032690|apparmor_path_rename:mode|security/apparmor/lsm.c,327}"
CE0x403b3f0 "{CE0x403b3f0|apparmor_path_rename:tmp9|security/apparmor/lsm.c,327}"
CE0x403d040 "{CE0x403d040|apparmor_path_rename:cmp|security/apparmor/lsm.c,327}"
CE0x3ffeb70 "{CE0x3ffeb70|apparmor_path_rename:if.then2}"
CE0x406d600 "{CE0x406d600|0:_i16,_4:_i32,_8:_i16,_40:_%struct.super_block*,_72:_i32,_:_SCMRE_4,6_|*MultipleSource*|Function::mediated_filesystem&Arg::inode::|security/apparmor/lsm.c, 330|*LoadInst*|security/apparmor/lsm.c,323|security/apparmor/lsm.c,330}"
CONST[source:0(mediator),value:2(dynamic)][purpose:{object}][SnkIdx:8]


CONST[source:2(external),value:0(static)][purpose:{operation}][SrcIdx:4]  ->  CONST[source:0(mediator),value:2(dynamic)][purpose:{object}][SnkIdx:2]
-----------
CONST[source:2(external),value:0(static)][purpose:{operation}][SrcIdx:4]
CE0x4028100 "{CE0x4028100|i64_-2147483648|*Constant*}"
CE0x40b9620 "{CE0x40b9620|mediated_filesystem:and|security/apparmor/include/apparmor.h,117}"
CE0x40b9a40 "{CE0x40b9a40|mediated_filesystem:tobool|security/apparmor/include/apparmor.h,117}"
CE0x40ba580 "{CE0x40ba580|mediated_filesystem:lnot|security/apparmor/include/apparmor.h,117}"
CE0x4030b30 "{CE0x4030b30|_ret_i1_%lnot,_!dbg_!15473|security/apparmor/include/apparmor.h,117}"
CE0x402a250 "{CE0x402a250|apparmor_path_rename:call|security/apparmor/lsm.c,323}"
CE0x3ffeb70 "{CE0x3ffeb70|apparmor_path_rename:if.then2}"
CE0x402df10 "{CE0x402df10|0:_%struct.vfsmount*,_8:_%struct.dentry*,_:_SCMRE_8,16_|*MultipleSource*|security/apparmor/lsm.c, 328|security/apparmor/lsm.c, 329|security/apparmor/lsm.c,328}"
CONST[source:0(mediator),value:2(dynamic)][purpose:{object}][SnkIdx:2]


CONST[source:2(external),value:0(static)][purpose:{operation}][SrcIdx:4]  ->  CONST[source:0(mediator),value:2(dynamic)][purpose:{object}][SnkIdx:7]
-----------
CONST[source:2(external),value:0(static)][purpose:{operation}][SrcIdx:4]
CE0x4028100 "{CE0x4028100|i64_-2147483648|*Constant*}"
CE0x40b9620 "{CE0x40b9620|mediated_filesystem:and|security/apparmor/include/apparmor.h,117}"
CE0x40b9a40 "{CE0x40b9a40|mediated_filesystem:tobool|security/apparmor/include/apparmor.h,117}"
CE0x40ba580 "{CE0x40ba580|mediated_filesystem:lnot|security/apparmor/include/apparmor.h,117}"
CE0x4030b30 "{CE0x4030b30|_ret_i1_%lnot,_!dbg_!15473|security/apparmor/include/apparmor.h,117}"
CE0x402a250 "{CE0x402a250|apparmor_path_rename:call|security/apparmor/lsm.c,323}"
CE0x3ffeb70 "{CE0x3ffeb70|apparmor_path_rename:if.then2}"
CE0x402df10 "{CE0x402df10|0:_%struct.vfsmount*,_8:_%struct.dentry*,_:_SCMRE_8,16_|*MultipleSource*|security/apparmor/lsm.c, 328|security/apparmor/lsm.c, 329|security/apparmor/lsm.c,328}"
CONST[source:0(mediator),value:2(dynamic)][purpose:{object}][SnkIdx:7]


CONST[source:2(external),value:0(static)][purpose:{operation}][SrcIdx:4]  ->  CONST[source:0(mediator),value:2(dynamic)][purpose:{object}][SnkIdx:3]
-----------
CONST[source:2(external),value:0(static)][purpose:{operation}][SrcIdx:4]
CE0x4028100 "{CE0x4028100|i64_-2147483648|*Constant*}"
CE0x40b9620 "{CE0x40b9620|mediated_filesystem:and|security/apparmor/include/apparmor.h,117}"
CE0x40b9a40 "{CE0x40b9a40|mediated_filesystem:tobool|security/apparmor/include/apparmor.h,117}"
CE0x40ba580 "{CE0x40ba580|mediated_filesystem:lnot|security/apparmor/include/apparmor.h,117}"
CE0x4030b30 "{CE0x4030b30|_ret_i1_%lnot,_!dbg_!15473|security/apparmor/include/apparmor.h,117}"
CE0x402a250 "{CE0x402a250|apparmor_path_rename:call|security/apparmor/lsm.c,323}"
CE0x3ffeb70 "{CE0x3ffeb70|apparmor_path_rename:if.then2}"
CE0x406d600 "{CE0x406d600|0:_i16,_4:_i32,_8:_i16,_40:_%struct.super_block*,_72:_i32,_:_SCMRE_4,6_|*MultipleSource*|Function::mediated_filesystem&Arg::inode::|security/apparmor/lsm.c, 330|*LoadInst*|security/apparmor/lsm.c,323|security/apparmor/lsm.c,330}"
CONST[source:0(mediator),value:2(dynamic)][purpose:{object}][SnkIdx:3]


CONST[source:2(external),value:0(static)][purpose:{operation}][SrcIdx:4]  ->  CONST[source:0(mediator),value:2(dynamic)][purpose:{subject}][SnkIdx:6]
-----------
CONST[source:2(external),value:0(static)][purpose:{operation}][SrcIdx:4]
CE0x4028100 "{CE0x4028100|i64_-2147483648|*Constant*}"
CE0x40b9620 "{CE0x40b9620|mediated_filesystem:and|security/apparmor/include/apparmor.h,117}"
CE0x40b9a40 "{CE0x40b9a40|mediated_filesystem:tobool|security/apparmor/include/apparmor.h,117}"
CE0x40ba580 "{CE0x40ba580|mediated_filesystem:lnot|security/apparmor/include/apparmor.h,117}"
CE0x4030b30 "{CE0x4030b30|_ret_i1_%lnot,_!dbg_!15473|security/apparmor/include/apparmor.h,117}"
CE0x402a250 "{CE0x402a250|apparmor_path_rename:call|security/apparmor/lsm.c,323}"
CE0x40034b0 "{CE0x40034b0|apparmor_path_rename:if.end}"
CE0x40431e0 "{CE0x40431e0|apparmor_path_rename:call1|security/apparmor/lsm.c,326}"
CE0x4043850 "{CE0x4043850|apparmor_path_rename:call1|security/apparmor/lsm.c,326|*SummSink*}"
CONST[source:0(mediator),value:2(dynamic)][purpose:{subject}][SnkIdx:6]


CONST[source:2(external),value:0(static)][purpose:{operation}][SrcIdx:4]  ->  CONST[source:0(mediator),value:2(dynamic)][purpose:{subject}][SnkIdx:1]
-----------
CONST[source:2(external),value:0(static)][purpose:{operation}][SrcIdx:4]
CE0x4028100 "{CE0x4028100|i64_-2147483648|*Constant*}"
CE0x40b9620 "{CE0x40b9620|mediated_filesystem:and|security/apparmor/include/apparmor.h,117}"
CE0x40b9a40 "{CE0x40b9a40|mediated_filesystem:tobool|security/apparmor/include/apparmor.h,117}"
CE0x40ba580 "{CE0x40ba580|mediated_filesystem:lnot|security/apparmor/include/apparmor.h,117}"
CE0x4030b30 "{CE0x4030b30|_ret_i1_%lnot,_!dbg_!15473|security/apparmor/include/apparmor.h,117}"
CE0x402a250 "{CE0x402a250|apparmor_path_rename:call|security/apparmor/lsm.c,323}"
CE0x40034b0 "{CE0x40034b0|apparmor_path_rename:if.end}"
CE0x40431e0 "{CE0x40431e0|apparmor_path_rename:call1|security/apparmor/lsm.c,326}"
CE0x4043850 "{CE0x4043850|apparmor_path_rename:call1|security/apparmor/lsm.c,326|*SummSink*}"
CONST[source:0(mediator),value:2(dynamic)][purpose:{subject}][SnkIdx:1]


CONST[source:2(external),value:0(static)][purpose:{operation}][SrcIdx:4]  ->  CONST[source:0(mediator),value:2(dynamic)][purpose:{object}][SnkIdx:8]
-----------
CONST[source:2(external),value:0(static)][purpose:{operation}][SrcIdx:4]
CE0x4028100 "{CE0x4028100|i64_-2147483648|*Constant*}"
CE0x40b9620 "{CE0x40b9620|mediated_filesystem:and|security/apparmor/include/apparmor.h,117}"
CE0x40b9a40 "{CE0x40b9a40|mediated_filesystem:tobool|security/apparmor/include/apparmor.h,117}"
CE0x40ba580 "{CE0x40ba580|mediated_filesystem:lnot|security/apparmor/include/apparmor.h,117}"
CE0x4030b30 "{CE0x4030b30|_ret_i1_%lnot,_!dbg_!15473|security/apparmor/include/apparmor.h,117}"
CE0x402a250 "{CE0x402a250|apparmor_path_rename:call|security/apparmor/lsm.c,323}"
CE0x3ffeb70 "{CE0x3ffeb70|apparmor_path_rename:if.then2}"
CE0x406d600 "{CE0x406d600|0:_i16,_4:_i32,_8:_i16,_40:_%struct.super_block*,_72:_i32,_:_SCMRE_4,6_|*MultipleSource*|Function::mediated_filesystem&Arg::inode::|security/apparmor/lsm.c, 330|*LoadInst*|security/apparmor/lsm.c,323|security/apparmor/lsm.c,330}"
CONST[source:0(mediator),value:2(dynamic)][purpose:{object}][SnkIdx:8]


CONST[source:1(input),value:2(dynamic)][purpose:{object}][SrcIdx:6]  ->  CONST[source:0(mediator),value:2(dynamic)][purpose:{object}][SnkIdx:2]
-----------
CONST[source:1(input),value:2(dynamic)][purpose:{object}][SrcIdx:6]
CE0x3ff92e0 "{CE0x3ff92e0|apparmor_path_rename:old_dentry|Function::apparmor_path_rename&Arg::old_dentry::|*SummSource*}"
CE0x4005b60 "{CE0x4005b60|apparmor_path_rename:old_dentry|Function::apparmor_path_rename&Arg::old_dentry::}"
CE0x402df10 "{CE0x402df10|0:_%struct.vfsmount*,_8:_%struct.dentry*,_:_SCMRE_8,16_|*MultipleSource*|security/apparmor/lsm.c, 328|security/apparmor/lsm.c, 329|security/apparmor/lsm.c,328}"
CONST[source:0(mediator),value:2(dynamic)][purpose:{object}][SnkIdx:2]


CONST[source:1(input),value:2(dynamic)][purpose:{object}][SrcIdx:6]  ->  CONST[source:0(mediator),value:2(dynamic)][purpose:{object}][SnkIdx:7]
-----------
CONST[source:1(input),value:2(dynamic)][purpose:{object}][SrcIdx:6]
CE0x3ff92e0 "{CE0x3ff92e0|apparmor_path_rename:old_dentry|Function::apparmor_path_rename&Arg::old_dentry::|*SummSource*}"
CE0x4005b60 "{CE0x4005b60|apparmor_path_rename:old_dentry|Function::apparmor_path_rename&Arg::old_dentry::}"
CE0x402df10 "{CE0x402df10|0:_%struct.vfsmount*,_8:_%struct.dentry*,_:_SCMRE_8,16_|*MultipleSource*|security/apparmor/lsm.c, 328|security/apparmor/lsm.c, 329|security/apparmor/lsm.c,328}"
CONST[source:0(mediator),value:2(dynamic)][purpose:{object}][SnkIdx:7]


CONST[source:1(input),value:2(dynamic)][purpose:{object}][SrcIdx:6]  ->  CONST[source:0(mediator),value:2(dynamic)][purpose:{object}][SnkIdx:3]
-----------
CONST[source:1(input),value:2(dynamic)][purpose:{object}][SrcIdx:6]
CE0x406d600 "{CE0x406d600|0:_i16,_4:_i32,_8:_i16,_40:_%struct.super_block*,_72:_i32,_:_SCMRE_4,6_|*MultipleSource*|Function::mediated_filesystem&Arg::inode::|security/apparmor/lsm.c, 330|*LoadInst*|security/apparmor/lsm.c,323|security/apparmor/lsm.c,330}"
CONST[source:0(mediator),value:2(dynamic)][purpose:{object}][SnkIdx:3]


CONST[source:1(input),value:2(dynamic)][purpose:{object}][SrcIdx:6]  ->  CONST[source:0(mediator),value:2(dynamic)][purpose:{subject}][SnkIdx:6]
-----------
CONST[source:1(input),value:2(dynamic)][purpose:{object}][SrcIdx:6]
CE0x406d600 "{CE0x406d600|0:_i16,_4:_i32,_8:_i16,_40:_%struct.super_block*,_72:_i32,_:_SCMRE_4,6_|*MultipleSource*|Function::mediated_filesystem&Arg::inode::|security/apparmor/lsm.c, 330|*LoadInst*|security/apparmor/lsm.c,323|security/apparmor/lsm.c,330}"
CE0x4027020 "{CE0x4027020|mediated_filesystem:tmp4|*LoadInst*|security/apparmor/include/apparmor.h,117}"
CE0x4027570 "{CE0x4027570|mediated_filesystem:s_flags|security/apparmor/include/apparmor.h,117}"
CE0x408b7d0 "{CE0x408b7d0|mediated_filesystem:tmp5|security/apparmor/include/apparmor.h,117}"
CE0x40b9620 "{CE0x40b9620|mediated_filesystem:and|security/apparmor/include/apparmor.h,117}"
CE0x40b9a40 "{CE0x40b9a40|mediated_filesystem:tobool|security/apparmor/include/apparmor.h,117}"
CE0x40ba580 "{CE0x40ba580|mediated_filesystem:lnot|security/apparmor/include/apparmor.h,117}"
CE0x4030b30 "{CE0x4030b30|_ret_i1_%lnot,_!dbg_!15473|security/apparmor/include/apparmor.h,117}"
CE0x402a250 "{CE0x402a250|apparmor_path_rename:call|security/apparmor/lsm.c,323}"
CE0x40034b0 "{CE0x40034b0|apparmor_path_rename:if.end}"
CE0x40431e0 "{CE0x40431e0|apparmor_path_rename:call1|security/apparmor/lsm.c,326}"
CE0x4043850 "{CE0x4043850|apparmor_path_rename:call1|security/apparmor/lsm.c,326|*SummSink*}"
CONST[source:0(mediator),value:2(dynamic)][purpose:{subject}][SnkIdx:6]


CONST[source:1(input),value:2(dynamic)][purpose:{object}][SrcIdx:6]  ->  CONST[source:0(mediator),value:2(dynamic)][purpose:{subject}][SnkIdx:1]
-----------
CONST[source:1(input),value:2(dynamic)][purpose:{object}][SrcIdx:6]
CE0x406d600 "{CE0x406d600|0:_i16,_4:_i32,_8:_i16,_40:_%struct.super_block*,_72:_i32,_:_SCMRE_4,6_|*MultipleSource*|Function::mediated_filesystem&Arg::inode::|security/apparmor/lsm.c, 330|*LoadInst*|security/apparmor/lsm.c,323|security/apparmor/lsm.c,330}"
CE0x4027020 "{CE0x4027020|mediated_filesystem:tmp4|*LoadInst*|security/apparmor/include/apparmor.h,117}"
CE0x4027570 "{CE0x4027570|mediated_filesystem:s_flags|security/apparmor/include/apparmor.h,117}"
CE0x408b7d0 "{CE0x408b7d0|mediated_filesystem:tmp5|security/apparmor/include/apparmor.h,117}"
CE0x40b9620 "{CE0x40b9620|mediated_filesystem:and|security/apparmor/include/apparmor.h,117}"
CE0x40b9a40 "{CE0x40b9a40|mediated_filesystem:tobool|security/apparmor/include/apparmor.h,117}"
CE0x40ba580 "{CE0x40ba580|mediated_filesystem:lnot|security/apparmor/include/apparmor.h,117}"
CE0x4030b30 "{CE0x4030b30|_ret_i1_%lnot,_!dbg_!15473|security/apparmor/include/apparmor.h,117}"
CE0x402a250 "{CE0x402a250|apparmor_path_rename:call|security/apparmor/lsm.c,323}"
CE0x40034b0 "{CE0x40034b0|apparmor_path_rename:if.end}"
CE0x40431e0 "{CE0x40431e0|apparmor_path_rename:call1|security/apparmor/lsm.c,326}"
CE0x4043850 "{CE0x4043850|apparmor_path_rename:call1|security/apparmor/lsm.c,326|*SummSink*}"
CONST[source:0(mediator),value:2(dynamic)][purpose:{subject}][SnkIdx:1]


CONST[source:1(input),value:2(dynamic)][purpose:{object}][SrcIdx:6]  ->  CONST[source:0(mediator),value:2(dynamic)][purpose:{object}][SnkIdx:8]
-----------
CONST[source:1(input),value:2(dynamic)][purpose:{object}][SrcIdx:6]
CE0x406d600 "{CE0x406d600|0:_i16,_4:_i32,_8:_i16,_40:_%struct.super_block*,_72:_i32,_:_SCMRE_4,6_|*MultipleSource*|Function::mediated_filesystem&Arg::inode::|security/apparmor/lsm.c, 330|*LoadInst*|security/apparmor/lsm.c,323|security/apparmor/lsm.c,330}"
CONST[source:0(mediator),value:2(dynamic)][purpose:{object}][SnkIdx:8]


CONST[source:1(input),value:2(dynamic)][purpose:{object}][SrcIdx:5]  ->  CONST[source:0(mediator),value:2(dynamic)][purpose:{object}][SnkIdx:2]
-----------
CONST[source:1(input),value:2(dynamic)][purpose:{object}][SrcIdx:5]
CE0x402b0e0 "{CE0x402b0e0|0:_%struct.vfsmount*,_:_CRE_0,8_|*MultipleSource*|Function::apparmor_path_rename&Arg::old_dir::|security/apparmor/lsm.c,328}"
CE0x402a8f0 "{CE0x402a8f0|apparmor_path_rename:tmp14|*LoadInst*|security/apparmor/lsm.c,328}"
CE0x402de00 "{CE0x402de00|0:_%struct.vfsmount*,_8:_%struct.dentry*,_:_SCMRE_0,8_|*MultipleSource*|security/apparmor/lsm.c, 328|security/apparmor/lsm.c, 329|security/apparmor/lsm.c,328}"
CONST[source:0(mediator),value:2(dynamic)][purpose:{object}][SnkIdx:2]


CONST[source:1(input),value:2(dynamic)][purpose:{object}][SrcIdx:5]  ->  CONST[source:0(mediator),value:2(dynamic)][purpose:{object}][SnkIdx:7]
-----------
CONST[source:1(input),value:2(dynamic)][purpose:{object}][SrcIdx:5]
CE0x402b0e0 "{CE0x402b0e0|0:_%struct.vfsmount*,_:_CRE_0,8_|*MultipleSource*|Function::apparmor_path_rename&Arg::old_dir::|security/apparmor/lsm.c,328}"
CE0x402a8f0 "{CE0x402a8f0|apparmor_path_rename:tmp14|*LoadInst*|security/apparmor/lsm.c,328}"
CE0x402de00 "{CE0x402de00|0:_%struct.vfsmount*,_8:_%struct.dentry*,_:_SCMRE_0,8_|*MultipleSource*|security/apparmor/lsm.c, 328|security/apparmor/lsm.c, 329|security/apparmor/lsm.c,328}"
CONST[source:0(mediator),value:2(dynamic)][purpose:{object}][SnkIdx:7]


