[selinux_mount]

explicit:
CONST[source:2(external),value:2(dynamic)][purpose:{subject}][SrcIdx:7]  ->  CONST[source:0(mediator),value:2(dynamic)][purpose:{subject}][SnkIdx:4]
-----------
CONST[source:2(external),value:2(dynamic)][purpose:{subject}][SrcIdx:7]
CE0x4a40440 "{CE0x4a40440|COLLAPSED:_GCMRE_current_task_external_global_%struct.task_struct*:_elem_0::|security/selinux/hooks.c,2639}"
CE0x4a4e900 "{CE0x4a4e900|selinux_mount:tmp19|security/selinux/hooks.c,2639}"
CE0x4a34090 "{CE0x4a34090|path_has_perm:cred|Function::path_has_perm&Arg::cred::}"
CE0x4ac4db0 "{CE0x4ac4db0|inode_has_perm:cred|Function::inode_has_perm&Arg::cred::}"
CE0x4aa0980 "{CE0x4aa0980|cred_sid:cred|Function::cred_sid&Arg::cred::}"
CE0x4ae6800 "{CE0x4ae6800|cred_sid:security|security/selinux/hooks.c,196}"
CE0x4ae57b0 "{CE0x4ae57b0|cred_sid:tmp4|*LoadInst*|security/selinux/hooks.c,196}"
CE0x4ae5880 "{CE0x4ae5880|cred_sid:tmp5|security/selinux/hooks.c,196}"
CE0x4ae4700 "{CE0x4ae4700|cred_sid:sid|security/selinux/hooks.c,197}"
CE0x4ae4910 "{CE0x4ae4910|cred_sid:tmp6|security/selinux/hooks.c,197}"
CE0x4aa0af0 "{CE0x4aa0af0|_ret_i32_%tmp6,_!dbg_!27716|security/selinux/hooks.c,197}"
CE0x4aa0190 "{CE0x4aa0190|inode_has_perm:call|security/selinux/hooks.c,1614}"
CE0x4aa0330 "{CE0x4aa0330|inode_has_perm:call|security/selinux/hooks.c,1614|*SummSink*}"
CONST[source:0(mediator),value:2(dynamic)][purpose:{subject}][SnkIdx:4]


CONST[source:2(external),value:2(dynamic)][purpose:{subject}][SrcIdx:7]  ->  CONST[source:0(mediator),value:2(dynamic)][purpose:{subject}][SnkIdx:0]
-----------
CONST[source:2(external),value:2(dynamic)][purpose:{subject}][SrcIdx:7]
CE0x4a40440 "{CE0x4a40440|COLLAPSED:_GCMRE_current_task_external_global_%struct.task_struct*:_elem_0::|security/selinux/hooks.c,2639}"
CE0x4a4e900 "{CE0x4a4e900|selinux_mount:tmp19|security/selinux/hooks.c,2639}"
CE0x4a75b70 "{CE0x4a75b70|superblock_has_perm:cred|Function::superblock_has_perm&Arg::cred::}"
CE0x4a89bc0 "{CE0x4a89bc0|cred_sid:cred|Function::cred_sid&Arg::cred::}"
CE0x4a7af90 "{CE0x4a7af90|cred_sid:security|security/selinux/hooks.c,196}"
CE0x4a7b510 "{CE0x4a7b510|cred_sid:tmp4|*LoadInst*|security/selinux/hooks.c,196}"
CE0x4a7b7c0 "{CE0x4a7b7c0|cred_sid:tmp5|security/selinux/hooks.c,196}"
CE0x4a7c1f0 "{CE0x4a7c1f0|cred_sid:sid|security/selinux/hooks.c,197}"
CE0x4a7e530 "{CE0x4a7e530|cred_sid:tmp6|security/selinux/hooks.c,197}"
CE0x4a89f50 "{CE0x4a89f50|_ret_i32_%tmp6,_!dbg_!27716|security/selinux/hooks.c,197}"
CE0x4a4dd10 "{CE0x4a4dd10|superblock_has_perm:call|security/selinux/hooks.c,1863}"
CE0x4a4dea0 "{CE0x4a4dea0|superblock_has_perm:call|security/selinux/hooks.c,1863|*SummSink*}"
CONST[source:0(mediator),value:2(dynamic)][purpose:{subject}][SnkIdx:0]


CONST[source:1(input),value:2(dynamic)][purpose:{object}][SrcIdx:4]  ->  CONST[source:0(mediator),value:2(dynamic)][purpose:{object}][SnkIdx:1]
-----------
CONST[source:1(input),value:2(dynamic)][purpose:{object}][SrcIdx:4]
CE0x4a2f630 "{CE0x4a2f630|104:_%struct.inode*,_232:_%struct.super_block*,_:_CRE_232,240_|*MultipleSource*|*LoadInst*|security/selinux/hooks.c,2642|security/selinux/hooks.c,2642}"
CE0x4a73910 "{CE0x4a73910|selinux_mount:tmp27|security/selinux/hooks.c,2642}"
CE0x4a75690 "{CE0x4a75690|superblock_has_perm:sb|Function::superblock_has_perm&Arg::sb::}"
CE0x4a98f90 "{CE0x4a98f90|superblock_has_perm:s_security|security/selinux/hooks.c,1865}"
CE0x4a0d2b0 "{CE0x4a0d2b0|superblock_has_perm:tmp4|*LoadInst*|security/selinux/hooks.c,1865}"
CE0x4ac30b0 "{CE0x4ac30b0|superblock_has_perm:tmp5|security/selinux/hooks.c,1865}"
CE0x4ac3680 "{CE0x4ac3680|superblock_has_perm:sid1|security/selinux/hooks.c,1866}"
CE0x4ab0160 "{CE0x4ab0160|superblock_has_perm:tmp6|security/selinux/hooks.c,1866}"
CE0x4ac3de0 "{CE0x4ac3de0|superblock_has_perm:tmp6|security/selinux/hooks.c,1866|*SummSink*}"
CONST[source:0(mediator),value:2(dynamic)][purpose:{object}][SnkIdx:1]


CONST[source:1(input),value:2(dynamic)][purpose:{object}][SrcIdx:4]  ->  CONST[source:0(mediator),value:2(dynamic)][purpose:{object}][SnkIdx:6]
-----------
CONST[source:1(input),value:2(dynamic)][purpose:{object}][SrcIdx:4]
CE0x4a570b0 "{CE0x4a570b0|104:_%struct.inode*,_232:_%struct.super_block*,_:_CRE_104,112_|*MultipleSource*|*LoadInst*|security/selinux/hooks.c,2642|security/selinux/hooks.c,2642}"
CE0x4ab3390 "{CE0x4ab3390|path_has_perm:tmp5|security/selinux/hooks.c,1642}"
CE0x4ac5080 "{CE0x4ac5080|inode_has_perm:inode|Function::inode_has_perm&Arg::inode::}"
CE0x4aa12e0 "{CE0x4aa12e0|inode_has_perm:i_security|security/selinux/hooks.c,1615}"
CE0x4aa11f0 "{CE0x4aa11f0|inode_has_perm:tmp15|*LoadInst*|security/selinux/hooks.c,1615}"
CE0x4aa18a0 "{CE0x4aa18a0|inode_has_perm:tmp16|security/selinux/hooks.c,1615}"
CE0x4b24610 "{CE0x4b24610|inode_has_perm:sclass|security/selinux/hooks.c,1617}"
CE0x4b30010 "{CE0x4b30010|inode_has_perm:tmp18|security/selinux/hooks.c,1617}"
CE0x4b30310 "{CE0x4b30310|inode_has_perm:tmp18|security/selinux/hooks.c,1617|*SummSink*}"
CONST[source:0(mediator),value:2(dynamic)][purpose:{object}][SnkIdx:6]


CONST[source:1(input),value:2(dynamic)][purpose:{object}][SrcIdx:4]  ->  CONST[source:0(mediator),value:2(dynamic)][purpose:{object}][SnkIdx:5]
-----------
CONST[source:1(input),value:2(dynamic)][purpose:{object}][SrcIdx:4]
CE0x4a570b0 "{CE0x4a570b0|104:_%struct.inode*,_232:_%struct.super_block*,_:_CRE_104,112_|*MultipleSource*|*LoadInst*|security/selinux/hooks.c,2642|security/selinux/hooks.c,2642}"
CE0x4ab3390 "{CE0x4ab3390|path_has_perm:tmp5|security/selinux/hooks.c,1642}"
CE0x4ac5080 "{CE0x4ac5080|inode_has_perm:inode|Function::inode_has_perm&Arg::inode::}"
CE0x4aa12e0 "{CE0x4aa12e0|inode_has_perm:i_security|security/selinux/hooks.c,1615}"
CE0x4aa11f0 "{CE0x4aa11f0|inode_has_perm:tmp15|*LoadInst*|security/selinux/hooks.c,1615}"
CE0x4aa18a0 "{CE0x4aa18a0|inode_has_perm:tmp16|security/selinux/hooks.c,1615}"
CE0x4b23ee0 "{CE0x4b23ee0|inode_has_perm:sid3|security/selinux/hooks.c,1617}"
CE0x4aaad60 "{CE0x4aaad60|inode_has_perm:tmp17|security/selinux/hooks.c,1617}"
CE0x4aab160 "{CE0x4aab160|inode_has_perm:tmp17|security/selinux/hooks.c,1617|*SummSink*}"
CONST[source:0(mediator),value:2(dynamic)][purpose:{object}][SnkIdx:5]



implicit:
CONST[source:1(input),value:2(dynamic)][purpose:{object}][SrcIdx:4]  ->  CONST[source:0(mediator),value:2(dynamic)][purpose:{object}][SnkIdx:5]
-----------
CONST[source:1(input),value:2(dynamic)][purpose:{object}][SrcIdx:4]
CE0x4a570b0 "{CE0x4a570b0|104:_%struct.inode*,_232:_%struct.super_block*,_:_CRE_104,112_|*MultipleSource*|*LoadInst*|security/selinux/hooks.c,2642|security/selinux/hooks.c,2642}"
CE0x4ab3390 "{CE0x4ab3390|path_has_perm:tmp5|security/selinux/hooks.c,1642}"
CE0x4ac5080 "{CE0x4ac5080|inode_has_perm:inode|Function::inode_has_perm&Arg::inode::}"
CE0x4aa12e0 "{CE0x4aa12e0|inode_has_perm:i_security|security/selinux/hooks.c,1615}"
CE0x4aa11f0 "{CE0x4aa11f0|inode_has_perm:tmp15|*LoadInst*|security/selinux/hooks.c,1615}"
CE0x4aa18a0 "{CE0x4aa18a0|inode_has_perm:tmp16|security/selinux/hooks.c,1615}"
CE0x4b23ee0 "{CE0x4b23ee0|inode_has_perm:sid3|security/selinux/hooks.c,1617}"
CE0x4aaad60 "{CE0x4aaad60|inode_has_perm:tmp17|security/selinux/hooks.c,1617}"
CE0x4aab160 "{CE0x4aab160|inode_has_perm:tmp17|security/selinux/hooks.c,1617|*SummSink*}"
CONST[source:0(mediator),value:2(dynamic)][purpose:{object}][SnkIdx:5]


CONST[source:1(input),value:2(dynamic)][purpose:{object}][SrcIdx:4]  ->  CONST[source:0(mediator),value:2(dynamic)][purpose:{object}][SnkIdx:6]
-----------
CONST[source:1(input),value:2(dynamic)][purpose:{object}][SrcIdx:4]
CE0x4a570b0 "{CE0x4a570b0|104:_%struct.inode*,_232:_%struct.super_block*,_:_CRE_104,112_|*MultipleSource*|*LoadInst*|security/selinux/hooks.c,2642|security/selinux/hooks.c,2642}"
CE0x4ab3390 "{CE0x4ab3390|path_has_perm:tmp5|security/selinux/hooks.c,1642}"
CE0x4ac5080 "{CE0x4ac5080|inode_has_perm:inode|Function::inode_has_perm&Arg::inode::}"
CE0x4aa12e0 "{CE0x4aa12e0|inode_has_perm:i_security|security/selinux/hooks.c,1615}"
CE0x4aa11f0 "{CE0x4aa11f0|inode_has_perm:tmp15|*LoadInst*|security/selinux/hooks.c,1615}"
CE0x4aa18a0 "{CE0x4aa18a0|inode_has_perm:tmp16|security/selinux/hooks.c,1615}"
CE0x4b24610 "{CE0x4b24610|inode_has_perm:sclass|security/selinux/hooks.c,1617}"
CE0x4b30010 "{CE0x4b30010|inode_has_perm:tmp18|security/selinux/hooks.c,1617}"
CE0x4b30310 "{CE0x4b30310|inode_has_perm:tmp18|security/selinux/hooks.c,1617|*SummSink*}"
CONST[source:0(mediator),value:2(dynamic)][purpose:{object}][SnkIdx:6]


CONST[source:1(input),value:2(dynamic)][purpose:{object}][SrcIdx:4]  ->  CONST[source:0(mediator),value:2(dynamic)][purpose:{object}][SnkIdx:1]
-----------
CONST[source:1(input),value:2(dynamic)][purpose:{object}][SrcIdx:4]
CE0x4a2f630 "{CE0x4a2f630|104:_%struct.inode*,_232:_%struct.super_block*,_:_CRE_232,240_|*MultipleSource*|*LoadInst*|security/selinux/hooks.c,2642|security/selinux/hooks.c,2642}"
CE0x4a73910 "{CE0x4a73910|selinux_mount:tmp27|security/selinux/hooks.c,2642}"
CE0x4a75690 "{CE0x4a75690|superblock_has_perm:sb|Function::superblock_has_perm&Arg::sb::}"
CE0x4a98f90 "{CE0x4a98f90|superblock_has_perm:s_security|security/selinux/hooks.c,1865}"
CE0x4a0d2b0 "{CE0x4a0d2b0|superblock_has_perm:tmp4|*LoadInst*|security/selinux/hooks.c,1865}"
CE0x4ac30b0 "{CE0x4ac30b0|superblock_has_perm:tmp5|security/selinux/hooks.c,1865}"
CE0x4ac3680 "{CE0x4ac3680|superblock_has_perm:sid1|security/selinux/hooks.c,1866}"
CE0x4ab0160 "{CE0x4ab0160|superblock_has_perm:tmp6|security/selinux/hooks.c,1866}"
CE0x4ac3de0 "{CE0x4ac3de0|superblock_has_perm:tmp6|security/selinux/hooks.c,1866|*SummSink*}"
CONST[source:0(mediator),value:2(dynamic)][purpose:{object}][SnkIdx:1]


CONST[source:1(input),value:2(dynamic)][purpose:{object}][SrcIdx:4]  ->  CONST[source:0(mediator),value:2(dynamic)][purpose:{subject}][SnkIdx:4]
-----------
CONST[source:1(input),value:2(dynamic)][purpose:{object}][SrcIdx:4]
CE0x4a570b0 "{CE0x4a570b0|104:_%struct.inode*,_232:_%struct.super_block*,_:_CRE_104,112_|*MultipleSource*|*LoadInst*|security/selinux/hooks.c,2642|security/selinux/hooks.c,2642}"
CE0x4ab3390 "{CE0x4ab3390|path_has_perm:tmp5|security/selinux/hooks.c,1642}"
CE0x4ac5080 "{CE0x4ac5080|inode_has_perm:inode|Function::inode_has_perm&Arg::inode::}"
CE0x4ae24d0 "{CE0x4ae24d0|inode_has_perm:i_flags|security/selinux/hooks.c,1611}"
CE0x4b10340 "{CE0x4b10340|inode_has_perm:tmp6|*LoadInst*|security/selinux/hooks.c,1611}"
CE0x4b1d700 "{CE0x4b1d700|inode_has_perm:and|security/selinux/hooks.c,1611}"
CE0x4b23cf0 "{CE0x4b23cf0|inode_has_perm:tobool|security/selinux/hooks.c,1611}"
CE0x4a82ec0 "{CE0x4a82ec0|inode_has_perm:lnot|security/selinux/hooks.c,1611}"
CE0x4a831b0 "{CE0x4a831b0|inode_has_perm:lnot1|security/selinux/hooks.c,1611}"
CE0x4a83ad0 "{CE0x4a83ad0|inode_has_perm:lnot.ext|security/selinux/hooks.c,1611}"
CE0x4a83810 "{CE0x4a83810|inode_has_perm:conv|security/selinux/hooks.c,1611}"
CE0x4b208d0 "{CE0x4b208d0|inode_has_perm:expval|security/selinux/hooks.c,1611}"
CE0x4b20f30 "{CE0x4b20f30|inode_has_perm:tobool2|security/selinux/hooks.c,1611}"
CE0x4a3cf50 "{CE0x4a3cf50|inode_has_perm:if.end}"
CE0x4aa0190 "{CE0x4aa0190|inode_has_perm:call|security/selinux/hooks.c,1614}"
CE0x4aa0330 "{CE0x4aa0330|inode_has_perm:call|security/selinux/hooks.c,1614|*SummSink*}"
CONST[source:0(mediator),value:2(dynamic)][purpose:{subject}][SnkIdx:4]


CONST[source:2(external),value:2(dynamic)][purpose:{subject}][SrcIdx:7]  ->  CONST[source:0(mediator),value:2(dynamic)][purpose:{subject}][SnkIdx:0]
-----------
CONST[source:2(external),value:2(dynamic)][purpose:{subject}][SrcIdx:7]
CE0x4a40440 "{CE0x4a40440|COLLAPSED:_GCMRE_current_task_external_global_%struct.task_struct*:_elem_0::|security/selinux/hooks.c,2639}"
CE0x4a4e900 "{CE0x4a4e900|selinux_mount:tmp19|security/selinux/hooks.c,2639}"
CE0x4a75b70 "{CE0x4a75b70|superblock_has_perm:cred|Function::superblock_has_perm&Arg::cred::}"
CE0x4a89bc0 "{CE0x4a89bc0|cred_sid:cred|Function::cred_sid&Arg::cred::}"
CE0x4a7af90 "{CE0x4a7af90|cred_sid:security|security/selinux/hooks.c,196}"
CE0x4a7b510 "{CE0x4a7b510|cred_sid:tmp4|*LoadInst*|security/selinux/hooks.c,196}"
CE0x4a7b7c0 "{CE0x4a7b7c0|cred_sid:tmp5|security/selinux/hooks.c,196}"
CE0x4a7c1f0 "{CE0x4a7c1f0|cred_sid:sid|security/selinux/hooks.c,197}"
CE0x4a7e530 "{CE0x4a7e530|cred_sid:tmp6|security/selinux/hooks.c,197}"
CE0x4a89f50 "{CE0x4a89f50|_ret_i32_%tmp6,_!dbg_!27716|security/selinux/hooks.c,197}"
CE0x4a4dd10 "{CE0x4a4dd10|superblock_has_perm:call|security/selinux/hooks.c,1863}"
CE0x4a4dea0 "{CE0x4a4dea0|superblock_has_perm:call|security/selinux/hooks.c,1863|*SummSink*}"
CONST[source:0(mediator),value:2(dynamic)][purpose:{subject}][SnkIdx:0]


CONST[source:2(external),value:2(dynamic)][purpose:{subject}][SrcIdx:7]  ->  CONST[source:0(mediator),value:2(dynamic)][purpose:{subject}][SnkIdx:4]
-----------
CONST[source:2(external),value:2(dynamic)][purpose:{subject}][SrcIdx:7]
CE0x4a40440 "{CE0x4a40440|COLLAPSED:_GCMRE_current_task_external_global_%struct.task_struct*:_elem_0::|security/selinux/hooks.c,2639}"
CE0x4a4e900 "{CE0x4a4e900|selinux_mount:tmp19|security/selinux/hooks.c,2639}"
CE0x4a34090 "{CE0x4a34090|path_has_perm:cred|Function::path_has_perm&Arg::cred::}"
CE0x4ac4db0 "{CE0x4ac4db0|inode_has_perm:cred|Function::inode_has_perm&Arg::cred::}"
CE0x4aa0980 "{CE0x4aa0980|cred_sid:cred|Function::cred_sid&Arg::cred::}"
CE0x4ae6800 "{CE0x4ae6800|cred_sid:security|security/selinux/hooks.c,196}"
CE0x4ae57b0 "{CE0x4ae57b0|cred_sid:tmp4|*LoadInst*|security/selinux/hooks.c,196}"
CE0x4ae5880 "{CE0x4ae5880|cred_sid:tmp5|security/selinux/hooks.c,196}"
CE0x4ae4700 "{CE0x4ae4700|cred_sid:sid|security/selinux/hooks.c,197}"
CE0x4ae4910 "{CE0x4ae4910|cred_sid:tmp6|security/selinux/hooks.c,197}"
CE0x4aa0af0 "{CE0x4aa0af0|_ret_i32_%tmp6,_!dbg_!27716|security/selinux/hooks.c,197}"
CE0x4aa0190 "{CE0x4aa0190|inode_has_perm:call|security/selinux/hooks.c,1614}"
CE0x4aa0330 "{CE0x4aa0330|inode_has_perm:call|security/selinux/hooks.c,1614|*SummSink*}"
CONST[source:0(mediator),value:2(dynamic)][purpose:{subject}][SnkIdx:4]


