[tomoyo_socket_bind]

explicit:
CONST[source:1(input),value:2(dynamic)][purpose:{operation}][SrcIdx:5]  ->  CONST[source:0(mediator),value:0(static)][purpose:{operation}]
-----------
CONST[source:1(input),value:2(dynamic)][purpose:{operation}][SrcIdx:5]
CE0x57a5be0 "{CE0x57a5be0|0:_i8,_1:_i8,_32:_i8*,_40:_i32,_:_CMR_1,2_|*MultipleSource*|Function::tomoyo_check_unix_address&Arg::address::|security/tomoyo/network.c,594}"
CE0x3d53030 "{CE0x3d53030|tomoyo_unix_entry:tmp38|*LoadInst*|security/tomoyo/network.c,567}"
CE0x7443120 "{CE0x7443120|24:_%struct.tomoyo_path_info*,_32:_i8,_33:_i8,_72:_i8,_:_SCMRE_33,34_}"
CONST[source:0(mediator),value:0(static)][purpose:{operation}]


CONST[source:2(external),value:2(dynamic)][purpose:{subject}][SrcIdx:6]  ->  CONST[source:0(mediator),value:2(dynamic)][purpose:{subject}]
-----------
CONST[source:2(external),value:2(dynamic)][purpose:{subject}][SrcIdx:6]
CE0x5cd0ff0 "{CE0x5cd0ff0|128:_i8*,_1208:_%struct.file*,_:_CMRE_128,136_|*MultipleSource*|security/tomoyo/common.h,1205|security/tomoyo/common.h,1205}"
CE0x5cdf5d0 "{CE0x5cdf5d0|tomoyo_domain:tmp22|security/tomoyo/common.h,1205}"
CE0x5cd9530 "{CE0x5cd9530|tomoyo_domain:tmp23|security/tomoyo/common.h,1205}"
CE0x594d4c0 "{CE0x594d4c0|_ret_%struct.tomoyo_domain_info*_%tmp23,_!dbg_!38929|security/tomoyo/common.h,1205}"
CE0x59b4050 "{CE0x59b4050|tomoyo_init_request_info:call|security/tomoyo/util.c,1005}"
CE0x594d7d0 "{CE0x594d7d0|tomoyo_init_request_info:domain.addr.0}"
CE0x58a97e0 "{CE0x58a97e0|24:_%struct.tomoyo_path_info*,_32:_i8,_33:_i8,_72:_i8,_:_SCMRE_16,24_|*MultipleSource*|security/tomoyo/network.c, 544|security/tomoyo/network.c,544|Function::tomoyo_init_request_info&Arg::r::|security/tomoyo/network.c,565}"
CONST[source:0(mediator),value:2(dynamic)][purpose:{subject}]


CONST[source:0(mediator),value:2(dynamic)][purpose:{operation}][SrcIdx:4]  ->  CONST[source:0(mediator),value:0(static)][purpose:{operation}]
-----------
CONST[source:0(mediator),value:2(dynamic)][purpose:{operation}][SrcIdx:4]
CE0x7278b40 "{CE0x7278b40|0:_i8,_1:_i8,_32:_i8*,_40:_i32,_:_CMR_0,1_|*MultipleSource*|Function::tomoyo_check_unix_address&Arg::address::|security/tomoyo/network.c,594}"
CE0x3d53160 "{CE0x3d53160|tomoyo_unix_entry:tmp37|*LoadInst*|security/tomoyo/network.c,566}"
CE0x7442f80 "{CE0x7442f80|24:_%struct.tomoyo_path_info*,_32:_i8,_33:_i8,_72:_i8,_:_SCMRE_32,33_}"
CONST[source:0(mediator),value:0(static)][purpose:{operation}]



implicit:
CONST[source:0(mediator),value:2(dynamic)][purpose:{operation}][SrcIdx:4]  ->  CONST[source:0(mediator),value:2(dynamic)][purpose:{subject}]
-----------
CONST[source:0(mediator),value:2(dynamic)][purpose:{operation}][SrcIdx:4]
CE0x7278b40 "{CE0x7278b40|0:_i8,_1:_i8,_32:_i8*,_40:_i32,_:_CMR_0,1_|*MultipleSource*|Function::tomoyo_check_unix_address&Arg::address::|security/tomoyo/network.c,594}"
CE0x3e388e0 "{CE0x3e388e0|tomoyo_unix_entry:tmp4|*LoadInst*|security/tomoyo/network.c,546}"
CE0x4a3dd40 "{CE0x4a3dd40|tomoyo_unix_entry:idxprom1|security/tomoyo/network.c,546}"
CE0x4a3e270 "{CE0x4a3e270|tomoyo_unix_entry:arrayidx|security/tomoyo/network.c,546}"
CE0x5bcbb20 "{CE0x5bcbb20|tomoyo_unix_entry:arrayidx2|security/tomoyo/network.c,546}"
CE0x58c6700 "{CE0x58c6700|tomoyo_unix_entry:tmp5|security/tomoyo/network.c,546}"
CE0x58c6be0 "{CE0x58c6be0|tomoyo_unix_entry:conv|security/tomoyo/network.c,548}"
CE0x67dce50 "{CE0x67dce50|tomoyo_unix_entry:tobool|security/tomoyo/network.c,548}"
CE0x59b46b0 "{CE0x59b46b0|tomoyo_unix_entry:land.lhs.true}"
CE0x5bb0ca0 "{CE0x5bb0ca0|tomoyo_init_request_info:entry}"
CE0x49d7dd0 "{CE0x49d7dd0|tomoyo_init_request_info:if.end}"
CE0x58a97e0 "{CE0x58a97e0|24:_%struct.tomoyo_path_info*,_32:_i8,_33:_i8,_72:_i8,_:_SCMRE_16,24_|*MultipleSource*|security/tomoyo/network.c, 544|security/tomoyo/network.c,544|Function::tomoyo_init_request_info&Arg::r::|security/tomoyo/network.c,565}"
CONST[source:0(mediator),value:2(dynamic)][purpose:{subject}]


CONST[source:0(mediator),value:2(dynamic)][purpose:{operation}][SrcIdx:4]  ->  CONST[source:0(mediator),value:2(dynamic)][purpose:{object}]
-----------
CONST[source:0(mediator),value:2(dynamic)][purpose:{operation}][SrcIdx:4]
CE0x7278b40 "{CE0x7278b40|0:_i8,_1:_i8,_32:_i8*,_40:_i32,_:_CMR_0,1_|*MultipleSource*|Function::tomoyo_check_unix_address&Arg::address::|security/tomoyo/network.c,594}"
CE0x3e388e0 "{CE0x3e388e0|tomoyo_unix_entry:tmp4|*LoadInst*|security/tomoyo/network.c,546}"
CE0x4a3dd40 "{CE0x4a3dd40|tomoyo_unix_entry:idxprom1|security/tomoyo/network.c,546}"
CE0x4a3e270 "{CE0x4a3e270|tomoyo_unix_entry:arrayidx|security/tomoyo/network.c,546}"
CE0x5bcbb20 "{CE0x5bcbb20|tomoyo_unix_entry:arrayidx2|security/tomoyo/network.c,546}"
CE0x58c6700 "{CE0x58c6700|tomoyo_unix_entry:tmp5|security/tomoyo/network.c,546}"
CE0x58c6be0 "{CE0x58c6be0|tomoyo_unix_entry:conv|security/tomoyo/network.c,548}"
CE0x67dce50 "{CE0x67dce50|tomoyo_unix_entry:tobool|security/tomoyo/network.c,548}"
CE0x4c876b0 "{CE0x4c876b0|tomoyo_unix_entry:if.then20}"
CE0x7422e00 "{CE0x7422e00|24:_%struct.tomoyo_path_info*,_32:_i8,_33:_i8,_72:_i8,_:_SCMRE_26,27_}"
CONST[source:0(mediator),value:2(dynamic)][purpose:{object}]


CONST[source:0(mediator),value:2(dynamic)][purpose:{operation}][SrcIdx:4]  ->  CONST[source:0(mediator),value:0(static)][purpose:{operation}]
-----------
CONST[source:0(mediator),value:2(dynamic)][purpose:{operation}][SrcIdx:4]
CE0x7278b40 "{CE0x7278b40|0:_i8,_1:_i8,_32:_i8*,_40:_i32,_:_CMR_0,1_|*MultipleSource*|Function::tomoyo_check_unix_address&Arg::address::|security/tomoyo/network.c,594}"
CE0x3d53160 "{CE0x3d53160|tomoyo_unix_entry:tmp37|*LoadInst*|security/tomoyo/network.c,566}"
CE0x7442f80 "{CE0x7442f80|24:_%struct.tomoyo_path_info*,_32:_i8,_33:_i8,_72:_i8,_:_SCMRE_32,33_}"
CONST[source:0(mediator),value:0(static)][purpose:{operation}]


CONST[source:2(external),value:2(dynamic)][purpose:{subject}][SrcIdx:6]  ->  CONST[source:0(mediator),value:2(dynamic)][purpose:{subject}]
-----------
CONST[source:2(external),value:2(dynamic)][purpose:{subject}][SrcIdx:6]
CE0x5cd0ff0 "{CE0x5cd0ff0|128:_i8*,_1208:_%struct.file*,_:_CMRE_128,136_|*MultipleSource*|security/tomoyo/common.h,1205|security/tomoyo/common.h,1205}"
CE0x5cdf5d0 "{CE0x5cdf5d0|tomoyo_domain:tmp22|security/tomoyo/common.h,1205}"
CE0x5cd9530 "{CE0x5cd9530|tomoyo_domain:tmp23|security/tomoyo/common.h,1205}"
CE0x594d4c0 "{CE0x594d4c0|_ret_%struct.tomoyo_domain_info*_%tmp23,_!dbg_!38929|security/tomoyo/common.h,1205}"
CE0x59b4050 "{CE0x59b4050|tomoyo_init_request_info:call|security/tomoyo/util.c,1005}"
CE0x594d7d0 "{CE0x594d7d0|tomoyo_init_request_info:domain.addr.0}"
CE0x58a97e0 "{CE0x58a97e0|24:_%struct.tomoyo_path_info*,_32:_i8,_33:_i8,_72:_i8,_:_SCMRE_16,24_|*MultipleSource*|security/tomoyo/network.c, 544|security/tomoyo/network.c,544|Function::tomoyo_init_request_info&Arg::r::|security/tomoyo/network.c,565}"
CONST[source:0(mediator),value:2(dynamic)][purpose:{subject}]


CONST[source:2(external),value:2(dynamic)][purpose:{subject}][SrcIdx:6]  ->  CONST[source:0(mediator),value:2(dynamic)][purpose:{object}]
-----------
CONST[source:2(external),value:2(dynamic)][purpose:{subject}][SrcIdx:6]
CE0x5cd0ff0 "{CE0x5cd0ff0|128:_i8*,_1208:_%struct.file*,_:_CMRE_128,136_|*MultipleSource*|security/tomoyo/common.h,1205|security/tomoyo/common.h,1205}"
CE0x5cdf5d0 "{CE0x5cdf5d0|tomoyo_domain:tmp22|security/tomoyo/common.h,1205}"
CE0x5cd9530 "{CE0x5cd9530|tomoyo_domain:tmp23|security/tomoyo/common.h,1205}"
CE0x594d4c0 "{CE0x594d4c0|_ret_%struct.tomoyo_domain_info*_%tmp23,_!dbg_!38929|security/tomoyo/common.h,1205}"
CE0x59b4050 "{CE0x59b4050|tomoyo_init_request_info:call|security/tomoyo/util.c,1005}"
CE0x594d7d0 "{CE0x594d7d0|tomoyo_init_request_info:domain.addr.0}"
CE0x57f94a0 "{CE0x57f94a0|tomoyo_init_request_info:ns|security/tomoyo/util.c,1010}"
CE0x592eb90 "{CE0x592eb90|tomoyo_init_request_info:tmp12|security/tomoyo/util.c,1010}"
CE0x4c871a0 "{CE0x4c871a0|tomoyo_get_mode:ns|Function::tomoyo_get_mode&Arg::ns::}"
CE0x498e600 "{CE0x498e600|COLLAPSED:_CRE:_elem_0:default:}"
CE0x3c877b0 "{CE0x3c877b0|tomoyo_get_mode:tmp24|security/tomoyo/util.c,986}"
CE0x3c87e90 "{CE0x3c87e90|tomoyo_get_mode:mode.1}"
CE0x5c11470 "{CE0x5c11470|tomoyo_get_mode:conv15|security/tomoyo/util.c,987}"
CE0x72a0e50 "{CE0x72a0e50|tomoyo_get_mode:and|security/tomoyo/util.c,987}"
CE0x72a1020 "{CE0x72a1020|tomoyo_get_mode:retval.0}"
CE0x58f2d20 "{CE0x58f2d20|_ret_i32_%retval.0,_!dbg_!38935|security/tomoyo/util.c,988}"
CE0x592f130 "{CE0x592f130|tomoyo_init_request_info:call4|security/tomoyo/util.c,1010}"
CE0x3f3d1d0 "{CE0x3f3d1d0|tomoyo_init_request_info:conv|security/tomoyo/util.c,1010}"
CE0x7500390 "{CE0x7500390|24:_%struct.tomoyo_path_info*,_32:_i8,_33:_i8,_72:_i8,_:_SCMRE_76,77_|*MultipleSource*|security/tomoyo/network.c, 544|security/tomoyo/network.c,544|Function::tomoyo_init_request_info&Arg::r::|security/tomoyo/network.c,565}"
CE0x3fa8350 "{CE0x3fa8350|tomoyo_init_request_info:tmp13|*LoadInst*|security/tomoyo/util.c,1011}"
CE0x3fa86d0 "{CE0x3fa86d0|tomoyo_init_request_info:conv6|security/tomoyo/util.c,1011}"
CE0x744de10 "{CE0x744de10|_ret_i32_%conv6,_!dbg_!38926|security/tomoyo/util.c,1011}"
CE0x3f89820 "{CE0x3f89820|tomoyo_unix_entry:call3|security/tomoyo/network.c,548}"
CE0x5920510 "{CE0x5920510|tomoyo_unix_entry:cmp|security/tomoyo/network.c,549}"
CE0x4c876b0 "{CE0x4c876b0|tomoyo_unix_entry:if.then20}"
CE0x7422e00 "{CE0x7422e00|24:_%struct.tomoyo_path_info*,_32:_i8,_33:_i8,_72:_i8,_:_SCMRE_26,27_}"
CONST[source:0(mediator),value:2(dynamic)][purpose:{object}]


CONST[source:2(external),value:2(dynamic)][purpose:{subject}][SrcIdx:6]  ->  CONST[source:0(mediator),value:0(static)][purpose:{operation}]
-----------
CONST[source:2(external),value:2(dynamic)][purpose:{subject}][SrcIdx:6]
CE0x5cd0ff0 "{CE0x5cd0ff0|128:_i8*,_1208:_%struct.file*,_:_CMRE_128,136_|*MultipleSource*|security/tomoyo/common.h,1205|security/tomoyo/common.h,1205}"
CE0x5cdf5d0 "{CE0x5cdf5d0|tomoyo_domain:tmp22|security/tomoyo/common.h,1205}"
CE0x5cd9530 "{CE0x5cd9530|tomoyo_domain:tmp23|security/tomoyo/common.h,1205}"
CE0x594d4c0 "{CE0x594d4c0|_ret_%struct.tomoyo_domain_info*_%tmp23,_!dbg_!38929|security/tomoyo/common.h,1205}"
CE0x59b4050 "{CE0x59b4050|tomoyo_init_request_info:call|security/tomoyo/util.c,1005}"
CE0x594d7d0 "{CE0x594d7d0|tomoyo_init_request_info:domain.addr.0}"
CE0x57f94a0 "{CE0x57f94a0|tomoyo_init_request_info:ns|security/tomoyo/util.c,1010}"
CE0x592eb90 "{CE0x592eb90|tomoyo_init_request_info:tmp12|security/tomoyo/util.c,1010}"
CE0x4c871a0 "{CE0x4c871a0|tomoyo_get_mode:ns|Function::tomoyo_get_mode&Arg::ns::}"
CE0x498e600 "{CE0x498e600|COLLAPSED:_CRE:_elem_0:default:}"
CE0x3c877b0 "{CE0x3c877b0|tomoyo_get_mode:tmp24|security/tomoyo/util.c,986}"
CE0x3c87e90 "{CE0x3c87e90|tomoyo_get_mode:mode.1}"
CE0x5c11470 "{CE0x5c11470|tomoyo_get_mode:conv15|security/tomoyo/util.c,987}"
CE0x72a0e50 "{CE0x72a0e50|tomoyo_get_mode:and|security/tomoyo/util.c,987}"
CE0x72a1020 "{CE0x72a1020|tomoyo_get_mode:retval.0}"
CE0x58f2d20 "{CE0x58f2d20|_ret_i32_%retval.0,_!dbg_!38935|security/tomoyo/util.c,988}"
CE0x592f130 "{CE0x592f130|tomoyo_init_request_info:call4|security/tomoyo/util.c,1010}"
CE0x3f3d1d0 "{CE0x3f3d1d0|tomoyo_init_request_info:conv|security/tomoyo/util.c,1010}"
CE0x7500390 "{CE0x7500390|24:_%struct.tomoyo_path_info*,_32:_i8,_33:_i8,_72:_i8,_:_SCMRE_76,77_|*MultipleSource*|security/tomoyo/network.c, 544|security/tomoyo/network.c,544|Function::tomoyo_init_request_info&Arg::r::|security/tomoyo/network.c,565}"
CE0x3fa8350 "{CE0x3fa8350|tomoyo_init_request_info:tmp13|*LoadInst*|security/tomoyo/util.c,1011}"
CE0x3fa86d0 "{CE0x3fa86d0|tomoyo_init_request_info:conv6|security/tomoyo/util.c,1011}"
CE0x744de10 "{CE0x744de10|_ret_i32_%conv6,_!dbg_!38926|security/tomoyo/util.c,1011}"
CE0x3f89820 "{CE0x3f89820|tomoyo_unix_entry:call3|security/tomoyo/network.c,548}"
CE0x5920510 "{CE0x5920510|tomoyo_unix_entry:cmp|security/tomoyo/network.c,549}"
CE0x4c876b0 "{CE0x4c876b0|tomoyo_unix_entry:if.then20}"
CE0x7443120 "{CE0x7443120|24:_%struct.tomoyo_path_info*,_32:_i8,_33:_i8,_72:_i8,_:_SCMRE_33,34_}"
CONST[source:0(mediator),value:0(static)][purpose:{operation}]


CONST[source:1(input),value:2(dynamic)][purpose:{object}][SrcIdx:1]  ->  CONST[source:0(mediator),value:2(dynamic)][purpose:{object}]
-----------
CONST[source:1(input),value:2(dynamic)][purpose:{object}][SrcIdx:1]
CE0x71d2ac0 "{CE0x71d2ac0|0:_i8,_1:_i8,_32:_i8*,_40:_i32,_:_CMR_32,40_|*MultipleSource*|Function::tomoyo_check_unix_address&Arg::address::|security/tomoyo/network.c,594}"
CE0x58ad8e0 "{CE0x58ad8e0|tomoyo_unix_entry:tmp14|security/tomoyo/network.c,550}"
CE0x725c090 "{CE0x725c090|tomoyo_unix_entry:buf.0}"
CE0x726d080 "{CE0x726d080|tomoyo_unix_entry:call18|security/tomoyo/network.c,559}"
CE0x727e130 "{CE0x727e130|tomoyo_unix_entry:tobool19|security/tomoyo/network.c,560}"
CE0x4c876b0 "{CE0x4c876b0|tomoyo_unix_entry:if.then20}"
CE0x7422e00 "{CE0x7422e00|24:_%struct.tomoyo_path_info*,_32:_i8,_33:_i8,_72:_i8,_:_SCMRE_26,27_}"
CONST[source:0(mediator),value:2(dynamic)][purpose:{object}]


CONST[source:1(input),value:2(dynamic)][purpose:{object}][SrcIdx:1]  ->  CONST[source:0(mediator),value:0(static)][purpose:{operation}]
-----------
CONST[source:1(input),value:2(dynamic)][purpose:{object}][SrcIdx:1]
CE0x71d2ac0 "{CE0x71d2ac0|0:_i8,_1:_i8,_32:_i8*,_40:_i32,_:_CMR_32,40_|*MultipleSource*|Function::tomoyo_check_unix_address&Arg::address::|security/tomoyo/network.c,594}"
CE0x58ad8e0 "{CE0x58ad8e0|tomoyo_unix_entry:tmp14|security/tomoyo/network.c,550}"
CE0x725c090 "{CE0x725c090|tomoyo_unix_entry:buf.0}"
CE0x726d080 "{CE0x726d080|tomoyo_unix_entry:call18|security/tomoyo/network.c,559}"
CE0x727e130 "{CE0x727e130|tomoyo_unix_entry:tobool19|security/tomoyo/network.c,560}"
CE0x4c876b0 "{CE0x4c876b0|tomoyo_unix_entry:if.then20}"
CE0x7443120 "{CE0x7443120|24:_%struct.tomoyo_path_info*,_32:_i8,_33:_i8,_72:_i8,_:_SCMRE_33,34_}"
CONST[source:0(mediator),value:0(static)][purpose:{operation}]


CONST[source:1(input),value:2(dynamic)][purpose:{object}][SrcIdx:3]  ->  CONST[source:0(mediator),value:2(dynamic)][purpose:{subject}]
-----------
CONST[source:1(input),value:2(dynamic)][purpose:{object}][SrcIdx:3]
CE0x7270c30 "{CE0x7270c30|0:_i32,_:_GIM___llvm_gcov_global_state_pred15_internal_unnamed_addr_global_i32_-1_0,2_|*MultipleSource*|Function::tomoyo_check_unix_address&Arg::addr::|security/tomoyo/network.c,596}"
CE0x741e410 "{CE0x741e410|tomoyo_check_unix_address:tmp2|*LoadInst*|security/tomoyo/network.c,596}"
CE0x720a6a0 "{CE0x720a6a0|tomoyo_check_unix_address:conv|security/tomoyo/network.c,596}"
CE0x741e520 "{CE0x741e520|tomoyo_check_unix_address:cmp|security/tomoyo/network.c,596}"
CE0x723f130 "{CE0x723f130|tomoyo_check_unix_address:if.end}"
CE0x72af110 "{CE0x72af110|tomoyo_unix_entry:entry}"
CE0x59b46b0 "{CE0x59b46b0|tomoyo_unix_entry:land.lhs.true}"
CE0x5bb0ca0 "{CE0x5bb0ca0|tomoyo_init_request_info:entry}"
CE0x49d7dd0 "{CE0x49d7dd0|tomoyo_init_request_info:if.end}"
CE0x58a97e0 "{CE0x58a97e0|24:_%struct.tomoyo_path_info*,_32:_i8,_33:_i8,_72:_i8,_:_SCMRE_16,24_|*MultipleSource*|security/tomoyo/network.c, 544|security/tomoyo/network.c,544|Function::tomoyo_init_request_info&Arg::r::|security/tomoyo/network.c,565}"
CONST[source:0(mediator),value:2(dynamic)][purpose:{subject}]


CONST[source:1(input),value:2(dynamic)][purpose:{object}][SrcIdx:3]  ->  CONST[source:0(mediator),value:2(dynamic)][purpose:{object}]
-----------
CONST[source:1(input),value:2(dynamic)][purpose:{object}][SrcIdx:3]
CE0x72aaf70 "{CE0x72aaf70|0:_i32,_:_GIM___llvm_gcov_global_state_pred15_internal_unnamed_addr_global_i32_-1_2,16_|*MultipleSource*|Function::tomoyo_check_unix_address&Arg::addr::|security/tomoyo/network.c,596}"
CE0x726d080 "{CE0x726d080|tomoyo_unix_entry:call18|security/tomoyo/network.c,559}"
CE0x727e130 "{CE0x727e130|tomoyo_unix_entry:tobool19|security/tomoyo/network.c,560}"
CE0x4c876b0 "{CE0x4c876b0|tomoyo_unix_entry:if.then20}"
CE0x7422e00 "{CE0x7422e00|24:_%struct.tomoyo_path_info*,_32:_i8,_33:_i8,_72:_i8,_:_SCMRE_26,27_}"
CONST[source:0(mediator),value:2(dynamic)][purpose:{object}]


CONST[source:1(input),value:2(dynamic)][purpose:{object}][SrcIdx:3]  ->  CONST[source:0(mediator),value:0(static)][purpose:{operation}]
-----------
CONST[source:1(input),value:2(dynamic)][purpose:{object}][SrcIdx:3]
CE0x72aaf70 "{CE0x72aaf70|0:_i32,_:_GIM___llvm_gcov_global_state_pred15_internal_unnamed_addr_global_i32_-1_2,16_|*MultipleSource*|Function::tomoyo_check_unix_address&Arg::addr::|security/tomoyo/network.c,596}"
CE0x726d080 "{CE0x726d080|tomoyo_unix_entry:call18|security/tomoyo/network.c,559}"
CE0x727e130 "{CE0x727e130|tomoyo_unix_entry:tobool19|security/tomoyo/network.c,560}"
CE0x4c876b0 "{CE0x4c876b0|tomoyo_unix_entry:if.then20}"
CE0x7443120 "{CE0x7443120|24:_%struct.tomoyo_path_info*,_32:_i8,_33:_i8,_72:_i8,_:_SCMRE_33,34_}"
CONST[source:0(mediator),value:0(static)][purpose:{operation}]


CONST[source:1(input),value:2(dynamic)][purpose:{object}][SrcIdx:2]  ->  CONST[source:0(mediator),value:2(dynamic)][purpose:{object}]
-----------
CONST[source:1(input),value:2(dynamic)][purpose:{object}][SrcIdx:2]
CE0x71e6d20 "{CE0x71e6d20|tomoyo_check_unix_address:addr_len|Function::tomoyo_check_unix_address&Arg::addr_len::|*SummSource*}"
CE0x71e6cb0 "{CE0x71e6cb0|tomoyo_check_unix_address:addr_len|Function::tomoyo_check_unix_address&Arg::addr_len::}"
CE0x7275cf0 "{CE0x7275cf0|0:_i8,_1:_i8,_32:_i8*,_40:_i32,_:_CMR_40,44_|*MultipleSource*|Function::tomoyo_check_unix_address&Arg::address::|security/tomoyo/network.c,594}"
CE0x4a44cd0 "{CE0x4a44cd0|tomoyo_unix_entry:tmp15|security/tomoyo/network.c,551}"
CE0x4a45280 "{CE0x4a45280|tomoyo_unix_entry:conv6|security/tomoyo/network.c,551}"
CE0x4a44b80 "{CE0x4a44b80|tomoyo_unix_entry:sub|security/tomoyo/network.c,551}"
CE0x7191060 "{CE0x7191060|tomoyo_unix_entry:conv7|security/tomoyo/network.c,551}"
CE0x725efe0 "{CE0x725efe0|tomoyo_unix_entry:len.0}"
CE0x726cce0 "{CE0x726cce0|tomoyo_unix_entry:len.1}"
CE0x726d080 "{CE0x726d080|tomoyo_unix_entry:call18|security/tomoyo/network.c,559}"
CE0x727e130 "{CE0x727e130|tomoyo_unix_entry:tobool19|security/tomoyo/network.c,560}"
CE0x4c876b0 "{CE0x4c876b0|tomoyo_unix_entry:if.then20}"
CE0x7422e00 "{CE0x7422e00|24:_%struct.tomoyo_path_info*,_32:_i8,_33:_i8,_72:_i8,_:_SCMRE_26,27_}"
CONST[source:0(mediator),value:2(dynamic)][purpose:{object}]


CONST[source:1(input),value:2(dynamic)][purpose:{object}][SrcIdx:2]  ->  CONST[source:0(mediator),value:0(static)][purpose:{operation}]
-----------
CONST[source:1(input),value:2(dynamic)][purpose:{object}][SrcIdx:2]
CE0x71e6d20 "{CE0x71e6d20|tomoyo_check_unix_address:addr_len|Function::tomoyo_check_unix_address&Arg::addr_len::|*SummSource*}"
CE0x71e6cb0 "{CE0x71e6cb0|tomoyo_check_unix_address:addr_len|Function::tomoyo_check_unix_address&Arg::addr_len::}"
CE0x7275cf0 "{CE0x7275cf0|0:_i8,_1:_i8,_32:_i8*,_40:_i32,_:_CMR_40,44_|*MultipleSource*|Function::tomoyo_check_unix_address&Arg::address::|security/tomoyo/network.c,594}"
CE0x4a44cd0 "{CE0x4a44cd0|tomoyo_unix_entry:tmp15|security/tomoyo/network.c,551}"
CE0x4a45280 "{CE0x4a45280|tomoyo_unix_entry:conv6|security/tomoyo/network.c,551}"
CE0x4a44b80 "{CE0x4a44b80|tomoyo_unix_entry:sub|security/tomoyo/network.c,551}"
CE0x7191060 "{CE0x7191060|tomoyo_unix_entry:conv7|security/tomoyo/network.c,551}"
CE0x725efe0 "{CE0x725efe0|tomoyo_unix_entry:len.0}"
CE0x726cce0 "{CE0x726cce0|tomoyo_unix_entry:len.1}"
CE0x726d080 "{CE0x726d080|tomoyo_unix_entry:call18|security/tomoyo/network.c,559}"
CE0x727e130 "{CE0x727e130|tomoyo_unix_entry:tobool19|security/tomoyo/network.c,560}"
CE0x4c876b0 "{CE0x4c876b0|tomoyo_unix_entry:if.then20}"
CE0x7443120 "{CE0x7443120|24:_%struct.tomoyo_path_info*,_32:_i8,_33:_i8,_72:_i8,_:_SCMRE_33,34_}"
CONST[source:0(mediator),value:0(static)][purpose:{operation}]


CONST[source:1(input),value:2(dynamic)][purpose:{operation}][SrcIdx:5]  ->  CONST[source:0(mediator),value:2(dynamic)][purpose:{subject}]
-----------
CONST[source:1(input),value:2(dynamic)][purpose:{operation}][SrcIdx:5]
CE0x57a5be0 "{CE0x57a5be0|0:_i8,_1:_i8,_32:_i8*,_40:_i32,_:_CMR_1,2_|*MultipleSource*|Function::tomoyo_check_unix_address&Arg::address::|security/tomoyo/network.c,594}"
CE0x72901d0 "{CE0x72901d0|tomoyo_unix_entry:tmp3|*LoadInst*|security/tomoyo/network.c,546}"
CE0x5adaf40 "{CE0x5adaf40|tomoyo_unix_entry:idxprom|security/tomoyo/network.c,546}"
CE0x5bcbb20 "{CE0x5bcbb20|tomoyo_unix_entry:arrayidx2|security/tomoyo/network.c,546}"
CE0x58c6700 "{CE0x58c6700|tomoyo_unix_entry:tmp5|security/tomoyo/network.c,546}"
CE0x58c6be0 "{CE0x58c6be0|tomoyo_unix_entry:conv|security/tomoyo/network.c,548}"
CE0x67dce50 "{CE0x67dce50|tomoyo_unix_entry:tobool|security/tomoyo/network.c,548}"
CE0x59b46b0 "{CE0x59b46b0|tomoyo_unix_entry:land.lhs.true}"
CE0x5bb0ca0 "{CE0x5bb0ca0|tomoyo_init_request_info:entry}"
CE0x49d7dd0 "{CE0x49d7dd0|tomoyo_init_request_info:if.end}"
CE0x58a97e0 "{CE0x58a97e0|24:_%struct.tomoyo_path_info*,_32:_i8,_33:_i8,_72:_i8,_:_SCMRE_16,24_|*MultipleSource*|security/tomoyo/network.c, 544|security/tomoyo/network.c,544|Function::tomoyo_init_request_info&Arg::r::|security/tomoyo/network.c,565}"
CONST[source:0(mediator),value:2(dynamic)][purpose:{subject}]


CONST[source:1(input),value:2(dynamic)][purpose:{operation}][SrcIdx:5]  ->  CONST[source:0(mediator),value:2(dynamic)][purpose:{object}]
-----------
CONST[source:1(input),value:2(dynamic)][purpose:{operation}][SrcIdx:5]
CE0x57a5be0 "{CE0x57a5be0|0:_i8,_1:_i8,_32:_i8*,_40:_i32,_:_CMR_1,2_|*MultipleSource*|Function::tomoyo_check_unix_address&Arg::address::|security/tomoyo/network.c,594}"
CE0x72901d0 "{CE0x72901d0|tomoyo_unix_entry:tmp3|*LoadInst*|security/tomoyo/network.c,546}"
CE0x5adaf40 "{CE0x5adaf40|tomoyo_unix_entry:idxprom|security/tomoyo/network.c,546}"
CE0x5bcbb20 "{CE0x5bcbb20|tomoyo_unix_entry:arrayidx2|security/tomoyo/network.c,546}"
CE0x58c6700 "{CE0x58c6700|tomoyo_unix_entry:tmp5|security/tomoyo/network.c,546}"
CE0x58c6be0 "{CE0x58c6be0|tomoyo_unix_entry:conv|security/tomoyo/network.c,548}"
CE0x67dce50 "{CE0x67dce50|tomoyo_unix_entry:tobool|security/tomoyo/network.c,548}"
CE0x4c876b0 "{CE0x4c876b0|tomoyo_unix_entry:if.then20}"
CE0x7422e00 "{CE0x7422e00|24:_%struct.tomoyo_path_info*,_32:_i8,_33:_i8,_72:_i8,_:_SCMRE_26,27_}"
CONST[source:0(mediator),value:2(dynamic)][purpose:{object}]


CONST[source:1(input),value:2(dynamic)][purpose:{operation}][SrcIdx:5]  ->  CONST[source:0(mediator),value:0(static)][purpose:{operation}]
-----------
CONST[source:1(input),value:2(dynamic)][purpose:{operation}][SrcIdx:5]
CE0x57a5be0 "{CE0x57a5be0|0:_i8,_1:_i8,_32:_i8*,_40:_i32,_:_CMR_1,2_|*MultipleSource*|Function::tomoyo_check_unix_address&Arg::address::|security/tomoyo/network.c,594}"
CE0x3d53030 "{CE0x3d53030|tomoyo_unix_entry:tmp38|*LoadInst*|security/tomoyo/network.c,567}"
CE0x7443120 "{CE0x7443120|24:_%struct.tomoyo_path_info*,_32:_i8,_33:_i8,_72:_i8,_:_SCMRE_33,34_}"
CONST[source:0(mediator),value:0(static)][purpose:{operation}]


