[apparmor_path_rmdir]

explicit:
CONST[source:1(input),value:2(dynamic)][purpose:{object}]  ->  CONST[source:0(mediator),value:2(dynamic)][purpose:{object}]
-----------
CONST[source:1(input),value:2(dynamic)][purpose:{object}]
CE0x487d830 "{CE0x487d830|0:_i16,_4:_i32,_8:_i16,_40:_%struct.super_block*,_72:_i32,_:_SCMRE_609,610_}"
CONST[source:0(mediator),value:2(dynamic)][purpose:{object}]


CONST[source:2(external),value:2(dynamic)][purpose:{subject}]  ->  CONST[source:0(mediator),value:2(dynamic)][purpose:{subject}]
-----------
CONST[source:2(external),value:2(dynamic)][purpose:{subject}]
CE0x49c6140 "{CE0x49c6140|44:_i32,_48:_i16,_128:_i8*,_:_SCMRE_128,136_|*MultipleSource*|Function::aa_cred_profile&Arg::cred::|security/apparmor/include/context.h,99|security/apparmor/include/context.h,138}"
CE0x49b67f0 "{CE0x49b67f0|aa_cred_profile:_tmp4|*LoadInst*|security/apparmor/include/context.h,99}"
CE0x49b65f0 "{CE0x49b65f0|aa_cred_profile:_tmp5|security/apparmor/include/context.h,99}"
CE0x49b29c0 "{CE0x49b29c0|aa_cred_profile:_profile11|security/apparmor/include/context.h,101}"
CE0x49b3090 "{CE0x49b3090|aa_cred_profile:_tmp34|security/apparmor/include/context.h,101}"
CE0x4908610 "{CE0x4908610|_ret_%struct.aa_profile*_%tmp34,_!dbg_!15510|security/apparmor/include/context.h,101}"
CE0x4907030 "{CE0x4907030|__aa_current_profile:_call4|security/apparmor/include/context.h,138}"
CE0x4930070 "{CE0x4930070|_ret_%struct.aa_profile*_%call4,_!dbg_!15494|security/apparmor/include/context.h,138}"
CE0x492fb00 "{CE0x492fb00|common_perm:_call|security/apparmor/lsm.c,168}"
CE0x491be90 "{CE0x491be90|common_perm:_call|security/apparmor/lsm.c,168|*SummSink*}"
CONST[source:0(mediator),value:2(dynamic)][purpose:{subject}]



implicit:
CONST[source:2(external),value:0(static)][purpose:{object}]  ->  CONST[source:0(mediator),value:2(dynamic)][purpose:{subject}]
-----------
CONST[source:2(external),value:0(static)][purpose:{object}]
CE0x4932860 "{CE0x4932860|i64_-2147483648|*Constant*}"
CE0x48fa6f0 "{CE0x48fa6f0|mediated_filesystem:_and|security/apparmor/include/apparmor.h,117}"
CE0x492da50 "{CE0x492da50|mediated_filesystem:_tobool|security/apparmor/include/apparmor.h,117}"
CE0x49169d0 "{CE0x49169d0|mediated_filesystem:_lnot|security/apparmor/include/apparmor.h,117}"
CE0x48c9870 "{CE0x48c9870|_ret_i1_%lnot,_!dbg_!15473|security/apparmor/include/apparmor.h,117}"
CE0x48c8430 "{CE0x48c8430|common_perm_rm:_call|security/apparmor/lsm.c,229}"
CE0x48805e0 "{CE0x48805e0|common_perm_rm:_if.end}"
CE0x492b4d0 "{CE0x492b4d0|common_perm_dir_dentry:_entry}"
CE0x4916f30 "{CE0x4916f30|common_perm_dir_dentry:_bb}"
CE0x488f550 "{CE0x488f550|common_perm:_entry}"
CE0x4929190 "{CE0x4929190|common_perm:_bb}"
CE0x492fb00 "{CE0x492fb00|common_perm:_call|security/apparmor/lsm.c,168}"
CE0x491be90 "{CE0x491be90|common_perm:_call|security/apparmor/lsm.c,168|*SummSink*}"
CONST[source:0(mediator),value:2(dynamic)][purpose:{subject}]


CONST[source:2(external),value:0(static)][purpose:{object}]  ->  CONST[source:0(mediator),value:2(dynamic)][purpose:{object}]
-----------
CONST[source:2(external),value:0(static)][purpose:{object}]
CE0x4932860 "{CE0x4932860|i64_-2147483648|*Constant*}"
CE0x48fa6f0 "{CE0x48fa6f0|mediated_filesystem:_and|security/apparmor/include/apparmor.h,117}"
CE0x492da50 "{CE0x492da50|mediated_filesystem:_tobool|security/apparmor/include/apparmor.h,117}"
CE0x49169d0 "{CE0x49169d0|mediated_filesystem:_lnot|security/apparmor/include/apparmor.h,117}"
CE0x48c9870 "{CE0x48c9870|_ret_i1_%lnot,_!dbg_!15473|security/apparmor/include/apparmor.h,117}"
CE0x48c8430 "{CE0x48c8430|common_perm_rm:_call|security/apparmor/lsm.c,229}"
CE0x48805e0 "{CE0x48805e0|common_perm_rm:_if.end}"
CE0x4899410 "{CE0x4899410|0:_i16,_4:_i32,_8:_i16,_40:_%struct.super_block*,_72:_i32,_:_SCMRE_4,8_|*MultipleSource*|security/apparmor/lsm.c,227|security/apparmor/lsm.c, 227|*LoadInst*|security/apparmor/lsm.c,226}"
CONST[source:0(mediator),value:2(dynamic)][purpose:{object}]


CONST[source:2(external),value:2(dynamic)][purpose:{subject}]  ->  CONST[source:0(mediator),value:2(dynamic)][purpose:{subject}]
-----------
CONST[source:2(external),value:2(dynamic)][purpose:{subject}]
CE0x49c6140 "{CE0x49c6140|44:_i32,_48:_i16,_128:_i8*,_:_SCMRE_128,136_|*MultipleSource*|Function::aa_cred_profile&Arg::cred::|security/apparmor/include/context.h,99|security/apparmor/include/context.h,138}"
CE0x49b67f0 "{CE0x49b67f0|aa_cred_profile:_tmp4|*LoadInst*|security/apparmor/include/context.h,99}"
CE0x49b65f0 "{CE0x49b65f0|aa_cred_profile:_tmp5|security/apparmor/include/context.h,99}"
CE0x49b29c0 "{CE0x49b29c0|aa_cred_profile:_profile11|security/apparmor/include/context.h,101}"
CE0x49b3090 "{CE0x49b3090|aa_cred_profile:_tmp34|security/apparmor/include/context.h,101}"
CE0x4908610 "{CE0x4908610|_ret_%struct.aa_profile*_%tmp34,_!dbg_!15510|security/apparmor/include/context.h,101}"
CE0x4907030 "{CE0x4907030|__aa_current_profile:_call4|security/apparmor/include/context.h,138}"
CE0x4930070 "{CE0x4930070|_ret_%struct.aa_profile*_%call4,_!dbg_!15494|security/apparmor/include/context.h,138}"
CE0x492fb00 "{CE0x492fb00|common_perm:_call|security/apparmor/lsm.c,168}"
CE0x491be90 "{CE0x491be90|common_perm:_call|security/apparmor/lsm.c,168|*SummSink*}"
CONST[source:0(mediator),value:2(dynamic)][purpose:{subject}]


CONST[source:1(input),value:2(dynamic)][purpose:{object}]  ->  CONST[source:0(mediator),value:2(dynamic)][purpose:{subject}]
-----------
CONST[source:1(input),value:2(dynamic)][purpose:{object}]
CE0x485b870 "{CE0x485b870|72:_%struct.hlist_bl_node**,_80:_%struct.dentry*,_104:_%struct.inode*,_:_CRE_104,112_|*MultipleSource*|Function::common_perm_rm&Arg::dentry::|Function::apparmor_path_rmdir&Arg::dentry::|security/apparmor/lsm.c,226}"
CE0x4865b10 "{CE0x4865b10|common_perm_rm:_tmp2|*LoadInst*|security/apparmor/lsm.c,226}"
CE0x48d1ac0 "{CE0x48d1ac0|common_perm_rm:_tobool|security/apparmor/lsm.c,229}"
CE0x48805e0 "{CE0x48805e0|common_perm_rm:_if.end}"
CE0x492b4d0 "{CE0x492b4d0|common_perm_dir_dentry:_entry}"
CE0x4916f30 "{CE0x4916f30|common_perm_dir_dentry:_bb}"
CE0x488f550 "{CE0x488f550|common_perm:_entry}"
CE0x4929190 "{CE0x4929190|common_perm:_bb}"
CE0x492fb00 "{CE0x492fb00|common_perm:_call|security/apparmor/lsm.c,168}"
CE0x491be90 "{CE0x491be90|common_perm:_call|security/apparmor/lsm.c,168|*SummSink*}"
CONST[source:0(mediator),value:2(dynamic)][purpose:{subject}]


CONST[source:1(input),value:2(dynamic)][purpose:{object}]  ->  CONST[source:0(mediator),value:2(dynamic)][purpose:{object}]
-----------
CONST[source:1(input),value:2(dynamic)][purpose:{object}]
CE0x48ba740 "{CE0x48ba740|0:_i16,_4:_i32,_8:_i16,_40:_%struct.super_block*,_72:_i32,_:_SCMRE_865,866_}"
CONST[source:0(mediator),value:2(dynamic)][purpose:{object}]


