[selinux_sem_associate]

explicit:
CONST[source:2(external),value:2(dynamic)][purpose:{subject}]  ->  CONST[source:1(input),value:2(dynamic)][purpose:{subject}]
-----------
CONST[source:2(external),value:2(dynamic)][purpose:{subject}]
CE0x532dd60 "{CE0x532dd60|COLLAPSED:_GCMRE_current_task_external_global_%struct.task_struct*:_elem_0::|security/selinux/hooks.c,218}"
CE0x532edd0 "{CE0x532edd0|current_sid:_tmp22|security/selinux/hooks.c,218}"
CE0x532f270 "{CE0x532f270|current_sid:_tmp23|security/selinux/hooks.c,218}"
CE0x52ff5c0 "{CE0x52ff5c0|current_sid:_sid|security/selinux/hooks.c,220}"
CE0x5331100 "{CE0x5331100|current_sid:_tmp24|security/selinux/hooks.c,220}"
CE0x5309870 "{CE0x5309870|_ret_i32_%tmp24,_!dbg_!27742|security/selinux/hooks.c,220}"
CE0x52f1db0 "{CE0x52f1db0|selinux_sem_associate:_call|security/selinux/hooks.c,5417}"
CE0x530b800 "{CE0x530b800|selinux_sem_associate:_call|security/selinux/hooks.c,5417|*SummSink*}"
CONST[source:1(input),value:2(dynamic)][purpose:{subject}]


CONST[source:1(input),value:2(dynamic)][purpose:{object}]  ->  CONST[source:0(mediator),value:2(dynamic)][purpose:{object}]
-----------
CONST[source:1(input),value:2(dynamic)][purpose:{object}]
CE0x52fee40 "{CE0x52fee40|4:_i32,_:_CRE_4,8_|*MultipleSource*|security/selinux/hooks.c,5419|security/selinux/hooks.c,5424|security/selinux/hooks.c,5419}"
CE0x52fefb0 "{CE0x52fefb0|selinux_sem_associate:_tmp7|security/selinux/hooks.c,5424}"
CE0x52ff450 "{CE0x52ff450|selinux_sem_associate:_tmp7|security/selinux/hooks.c,5424|*SummSink*}"
CONST[source:0(mediator),value:2(dynamic)][purpose:{object}]



implicit:
CONST[source:2(external),value:2(dynamic)][purpose:{subject}]  ->  CONST[source:1(input),value:2(dynamic)][purpose:{subject}]
-----------
CONST[source:2(external),value:2(dynamic)][purpose:{subject}]
CE0x532dd60 "{CE0x532dd60|COLLAPSED:_GCMRE_current_task_external_global_%struct.task_struct*:_elem_0::|security/selinux/hooks.c,218}"
CE0x532edd0 "{CE0x532edd0|current_sid:_tmp22|security/selinux/hooks.c,218}"
CE0x532f270 "{CE0x532f270|current_sid:_tmp23|security/selinux/hooks.c,218}"
CE0x52ff5c0 "{CE0x52ff5c0|current_sid:_sid|security/selinux/hooks.c,220}"
CE0x5331100 "{CE0x5331100|current_sid:_tmp24|security/selinux/hooks.c,220}"
CE0x5309870 "{CE0x5309870|_ret_i32_%tmp24,_!dbg_!27742|security/selinux/hooks.c,220}"
CE0x52f1db0 "{CE0x52f1db0|selinux_sem_associate:_call|security/selinux/hooks.c,5417}"
CE0x530b800 "{CE0x530b800|selinux_sem_associate:_call|security/selinux/hooks.c,5417|*SummSink*}"
CONST[source:1(input),value:2(dynamic)][purpose:{subject}]


CONST[source:1(input),value:2(dynamic)][purpose:{object}]  ->  CONST[source:0(mediator),value:2(dynamic)][purpose:{object}]
-----------
CONST[source:1(input),value:2(dynamic)][purpose:{object}]
CE0x52fee40 "{CE0x52fee40|4:_i32,_:_CRE_4,8_|*MultipleSource*|security/selinux/hooks.c,5419|security/selinux/hooks.c,5424|security/selinux/hooks.c,5419}"
CE0x52fefb0 "{CE0x52fefb0|selinux_sem_associate:_tmp7|security/selinux/hooks.c,5424}"
CE0x52ff450 "{CE0x52ff450|selinux_sem_associate:_tmp7|security/selinux/hooks.c,5424|*SummSink*}"
CONST[source:0(mediator),value:2(dynamic)][purpose:{object}]


