[selinux_task_create]

explicit:
CONST[source:2(external),value:2(dynamic)][purpose:{object}]  ->  CONST[source:0(mediator),value:2(dynamic)][purpose:{subject}]
-----------
CONST[source:2(external),value:2(dynamic)][purpose:{object}]
CE0x50ffea0 "{CE0x50ffea0|COLLAPSED:_GCMRE_current_task_external_global_%struct.task_struct*:_elem_0:default:}"
CE0x513d7f0 "{CE0x513d7f0|current_sid:_tmp22|security/selinux/hooks.c,218}"
CE0x513dc90 "{CE0x513dc90|current_sid:_tmp23|security/selinux/hooks.c,218}"
CE0x513e520 "{CE0x513e520|current_sid:_sid|security/selinux/hooks.c,220}"
CE0x513f2e0 "{CE0x513f2e0|current_sid:_tmp24|security/selinux/hooks.c,220}"
CE0x50edf60 "{CE0x50edf60|_ret_i32_%tmp24,_!dbg_!27742|security/selinux/hooks.c,220}"
CE0x50fec50 "{CE0x50fec50|current_has_perm:_call|security/selinux/hooks.c,1542}"
CE0x50fedd0 "{CE0x50fedd0|current_has_perm:_call|security/selinux/hooks.c,1542|*SummSink*}"
CONST[source:0(mediator),value:2(dynamic)][purpose:{subject}]


CONST[source:2(external),value:2(dynamic)][purpose:{object}]  ->  CONST[source:0(mediator),value:2(dynamic)][purpose:{object}]
-----------
CONST[source:2(external),value:2(dynamic)][purpose:{object}]
CE0x50ffea0 "{CE0x50ffea0|COLLAPSED:_GCMRE_current_task_external_global_%struct.task_struct*:_elem_0:default:}"
CE0x5167930 "{CE0x5167930|task_sid:_tmp4|*LoadInst*|security/selinux/hooks.c,208}"
CE0x5159170 "{CE0x5159170|cred_sid:_cred|Function::cred_sid&Arg::cred::}"
CE0x5161b40 "{CE0x5161b40|cred_sid:_security|security/selinux/hooks.c,196}"
CE0x50fab60 "{CE0x50fab60|cred_sid:_tmp4|*LoadInst*|security/selinux/hooks.c,196}"
CE0x51a2930 "{CE0x51a2930|cred_sid:_tmp5|security/selinux/hooks.c,196}"
CE0x5163c90 "{CE0x5163c90|cred_sid:_sid|security/selinux/hooks.c,197}"
CE0x5153bb0 "{CE0x5153bb0|cred_sid:_tmp6|security/selinux/hooks.c,197}"
CE0x51594e0 "{CE0x51594e0|_ret_i32_%tmp6,_!dbg_!27716|security/selinux/hooks.c,197}"
CE0x5158470 "{CE0x5158470|task_sid:_call7|security/selinux/hooks.c,208}"
CE0x5108580 "{CE0x5108580|_ret_i32_%call7,_!dbg_!27749|security/selinux/hooks.c,210}"
CE0x50ee3c0 "{CE0x50ee3c0|current_has_perm:_call1|security/selinux/hooks.c,1543}"
CE0x5114ea0 "{CE0x5114ea0|current_has_perm:_call1|security/selinux/hooks.c,1543|*SummSink*}"
CONST[source:0(mediator),value:2(dynamic)][purpose:{object}]


CONST[source:2(external),value:2(dynamic)][purpose:{subject}]  ->  CONST[source:0(mediator),value:2(dynamic)][purpose:{subject}]
-----------
CONST[source:2(external),value:2(dynamic)][purpose:{subject}]
CE0x50ffea0 "{CE0x50ffea0|COLLAPSED:_GCMRE_current_task_external_global_%struct.task_struct*:_elem_0:default:}"
CE0x513d7f0 "{CE0x513d7f0|current_sid:_tmp22|security/selinux/hooks.c,218}"
CE0x513dc90 "{CE0x513dc90|current_sid:_tmp23|security/selinux/hooks.c,218}"
CE0x513e520 "{CE0x513e520|current_sid:_sid|security/selinux/hooks.c,220}"
CE0x513f2e0 "{CE0x513f2e0|current_sid:_tmp24|security/selinux/hooks.c,220}"
CE0x50edf60 "{CE0x50edf60|_ret_i32_%tmp24,_!dbg_!27742|security/selinux/hooks.c,220}"
CE0x50fec50 "{CE0x50fec50|current_has_perm:_call|security/selinux/hooks.c,1542}"
CE0x50fedd0 "{CE0x50fedd0|current_has_perm:_call|security/selinux/hooks.c,1542|*SummSink*}"
CONST[source:0(mediator),value:2(dynamic)][purpose:{subject}]


CONST[source:2(external),value:2(dynamic)][purpose:{subject}]  ->  CONST[source:0(mediator),value:2(dynamic)][purpose:{object}]
-----------
CONST[source:2(external),value:2(dynamic)][purpose:{subject}]
CE0x50ffea0 "{CE0x50ffea0|COLLAPSED:_GCMRE_current_task_external_global_%struct.task_struct*:_elem_0:default:}"
CE0x5167930 "{CE0x5167930|task_sid:_tmp4|*LoadInst*|security/selinux/hooks.c,208}"
CE0x5159170 "{CE0x5159170|cred_sid:_cred|Function::cred_sid&Arg::cred::}"
CE0x5161b40 "{CE0x5161b40|cred_sid:_security|security/selinux/hooks.c,196}"
CE0x50fab60 "{CE0x50fab60|cred_sid:_tmp4|*LoadInst*|security/selinux/hooks.c,196}"
CE0x51a2930 "{CE0x51a2930|cred_sid:_tmp5|security/selinux/hooks.c,196}"
CE0x5163c90 "{CE0x5163c90|cred_sid:_sid|security/selinux/hooks.c,197}"
CE0x5153bb0 "{CE0x5153bb0|cred_sid:_tmp6|security/selinux/hooks.c,197}"
CE0x51594e0 "{CE0x51594e0|_ret_i32_%tmp6,_!dbg_!27716|security/selinux/hooks.c,197}"
CE0x5158470 "{CE0x5158470|task_sid:_call7|security/selinux/hooks.c,208}"
CE0x5108580 "{CE0x5108580|_ret_i32_%call7,_!dbg_!27749|security/selinux/hooks.c,210}"
CE0x50ee3c0 "{CE0x50ee3c0|current_has_perm:_call1|security/selinux/hooks.c,1543}"
CE0x5114ea0 "{CE0x5114ea0|current_has_perm:_call1|security/selinux/hooks.c,1543|*SummSink*}"
CONST[source:0(mediator),value:2(dynamic)][purpose:{object}]



implicit:
CONST[source:2(external),value:2(dynamic)][purpose:{subject}]  ->  CONST[source:0(mediator),value:2(dynamic)][purpose:{object}]
-----------
CONST[source:2(external),value:2(dynamic)][purpose:{subject}]
CE0x50ffea0 "{CE0x50ffea0|COLLAPSED:_GCMRE_current_task_external_global_%struct.task_struct*:_elem_0:default:}"
CE0x5167930 "{CE0x5167930|task_sid:_tmp4|*LoadInst*|security/selinux/hooks.c,208}"
CE0x5159170 "{CE0x5159170|cred_sid:_cred|Function::cred_sid&Arg::cred::}"
CE0x5161b40 "{CE0x5161b40|cred_sid:_security|security/selinux/hooks.c,196}"
CE0x50fab60 "{CE0x50fab60|cred_sid:_tmp4|*LoadInst*|security/selinux/hooks.c,196}"
CE0x51a2930 "{CE0x51a2930|cred_sid:_tmp5|security/selinux/hooks.c,196}"
CE0x5163c90 "{CE0x5163c90|cred_sid:_sid|security/selinux/hooks.c,197}"
CE0x5153bb0 "{CE0x5153bb0|cred_sid:_tmp6|security/selinux/hooks.c,197}"
CE0x51594e0 "{CE0x51594e0|_ret_i32_%tmp6,_!dbg_!27716|security/selinux/hooks.c,197}"
CE0x5158470 "{CE0x5158470|task_sid:_call7|security/selinux/hooks.c,208}"
CE0x5108580 "{CE0x5108580|_ret_i32_%call7,_!dbg_!27749|security/selinux/hooks.c,210}"
CE0x50ee3c0 "{CE0x50ee3c0|current_has_perm:_call1|security/selinux/hooks.c,1543}"
CE0x5114ea0 "{CE0x5114ea0|current_has_perm:_call1|security/selinux/hooks.c,1543|*SummSink*}"
CONST[source:0(mediator),value:2(dynamic)][purpose:{object}]


CONST[source:2(external),value:2(dynamic)][purpose:{subject}]  ->  CONST[source:0(mediator),value:2(dynamic)][purpose:{subject}]
-----------
CONST[source:2(external),value:2(dynamic)][purpose:{subject}]
CE0x50ffea0 "{CE0x50ffea0|COLLAPSED:_GCMRE_current_task_external_global_%struct.task_struct*:_elem_0:default:}"
CE0x513d7f0 "{CE0x513d7f0|current_sid:_tmp22|security/selinux/hooks.c,218}"
CE0x513dc90 "{CE0x513dc90|current_sid:_tmp23|security/selinux/hooks.c,218}"
CE0x513e520 "{CE0x513e520|current_sid:_sid|security/selinux/hooks.c,220}"
CE0x513f2e0 "{CE0x513f2e0|current_sid:_tmp24|security/selinux/hooks.c,220}"
CE0x50edf60 "{CE0x50edf60|_ret_i32_%tmp24,_!dbg_!27742|security/selinux/hooks.c,220}"
CE0x50fec50 "{CE0x50fec50|current_has_perm:_call|security/selinux/hooks.c,1542}"
CE0x50fedd0 "{CE0x50fedd0|current_has_perm:_call|security/selinux/hooks.c,1542|*SummSink*}"
CONST[source:0(mediator),value:2(dynamic)][purpose:{subject}]


CONST[source:2(external),value:2(dynamic)][purpose:{object}]  ->  CONST[source:0(mediator),value:2(dynamic)][purpose:{object}]
-----------
CONST[source:2(external),value:2(dynamic)][purpose:{object}]
CE0x50ffea0 "{CE0x50ffea0|COLLAPSED:_GCMRE_current_task_external_global_%struct.task_struct*:_elem_0:default:}"
CE0x5167930 "{CE0x5167930|task_sid:_tmp4|*LoadInst*|security/selinux/hooks.c,208}"
CE0x5159170 "{CE0x5159170|cred_sid:_cred|Function::cred_sid&Arg::cred::}"
CE0x5161b40 "{CE0x5161b40|cred_sid:_security|security/selinux/hooks.c,196}"
CE0x50fab60 "{CE0x50fab60|cred_sid:_tmp4|*LoadInst*|security/selinux/hooks.c,196}"
CE0x51a2930 "{CE0x51a2930|cred_sid:_tmp5|security/selinux/hooks.c,196}"
CE0x5163c90 "{CE0x5163c90|cred_sid:_sid|security/selinux/hooks.c,197}"
CE0x5153bb0 "{CE0x5153bb0|cred_sid:_tmp6|security/selinux/hooks.c,197}"
CE0x51594e0 "{CE0x51594e0|_ret_i32_%tmp6,_!dbg_!27716|security/selinux/hooks.c,197}"
CE0x5158470 "{CE0x5158470|task_sid:_call7|security/selinux/hooks.c,208}"
CE0x5108580 "{CE0x5108580|_ret_i32_%call7,_!dbg_!27749|security/selinux/hooks.c,210}"
CE0x50ee3c0 "{CE0x50ee3c0|current_has_perm:_call1|security/selinux/hooks.c,1543}"
CE0x5114ea0 "{CE0x5114ea0|current_has_perm:_call1|security/selinux/hooks.c,1543|*SummSink*}"
CONST[source:0(mediator),value:2(dynamic)][purpose:{object}]


CONST[source:2(external),value:2(dynamic)][purpose:{object}]  ->  CONST[source:0(mediator),value:2(dynamic)][purpose:{subject}]
-----------
CONST[source:2(external),value:2(dynamic)][purpose:{object}]
CE0x50ffea0 "{CE0x50ffea0|COLLAPSED:_GCMRE_current_task_external_global_%struct.task_struct*:_elem_0:default:}"
CE0x513d7f0 "{CE0x513d7f0|current_sid:_tmp22|security/selinux/hooks.c,218}"
CE0x513dc90 "{CE0x513dc90|current_sid:_tmp23|security/selinux/hooks.c,218}"
CE0x513e520 "{CE0x513e520|current_sid:_sid|security/selinux/hooks.c,220}"
CE0x513f2e0 "{CE0x513f2e0|current_sid:_tmp24|security/selinux/hooks.c,220}"
CE0x50edf60 "{CE0x50edf60|_ret_i32_%tmp24,_!dbg_!27742|security/selinux/hooks.c,220}"
CE0x50fec50 "{CE0x50fec50|current_has_perm:_call|security/selinux/hooks.c,1542}"
CE0x50fedd0 "{CE0x50fedd0|current_has_perm:_call|security/selinux/hooks.c,1542|*SummSink*}"
CONST[source:0(mediator),value:2(dynamic)][purpose:{subject}]


