[tomoyo_path_mkdir]

explicit:
CONST[source:2(external),value:0(static)][purpose:{operation}][SrcIdx:0]  ->  CONST[source:0(mediator),value:0(static)][purpose:{operation}]
-----------
CONST[source:2(external),value:0(static)][purpose:{operation}][SrcIdx:0]
CE0x3b1bb60 "{CE0x3b1bb60|i32_4095|*Constant*}"
CE0x39c7180 "{CE0x39c7180|tomoyo_path_mkdir:and|security/tomoyo/tomoyo.c,193}"
CE0x3a50620 "{CE0x3a50620|tomoyo_path_mkdir:conv3|security/tomoyo/tomoyo.c,193}"
CE0x39f3670 "{CE0x39f3670|tomoyo_path_number_perm:number|Function::tomoyo_path_number_perm&Arg::number::}"
CE0x6e38170 "{CE0x6e38170|0:_%struct.tomoyo_obj_info*,_24:_%struct.tomoyo_path_info*,_32:_i64,_40:_i8,_72:_i8,_76:_i8,_:_SCMRE_38,39_}"
CONST[source:0(mediator),value:0(static)][purpose:{operation}]


CONST[source:1(input),value:2(dynamic)][purpose:{operation}][SrcIdx:4]  ->  CONST[source:0(mediator),value:0(static)][purpose:{operation}]
-----------
CONST[source:1(input),value:2(dynamic)][purpose:{operation}][SrcIdx:4]
CE0x44cc5e0 "{CE0x44cc5e0|tomoyo_path_mkdir:mode|Function::tomoyo_path_mkdir&Arg::mode::|*SummSource*}"
CE0x44d2250 "{CE0x44d2250|tomoyo_path_mkdir:mode|Function::tomoyo_path_mkdir&Arg::mode::}"
CE0x3b1b4c0 "{CE0x3b1b4c0|tomoyo_path_mkdir:conv|security/tomoyo/tomoyo.c,193}"
CE0x39c7180 "{CE0x39c7180|tomoyo_path_mkdir:and|security/tomoyo/tomoyo.c,193}"
CE0x3a50620 "{CE0x3a50620|tomoyo_path_mkdir:conv3|security/tomoyo/tomoyo.c,193}"
CE0x39f3670 "{CE0x39f3670|tomoyo_path_number_perm:number|Function::tomoyo_path_number_perm&Arg::number::}"
CE0x6e38170 "{CE0x6e38170|0:_%struct.tomoyo_obj_info*,_24:_%struct.tomoyo_path_info*,_32:_i64,_40:_i8,_72:_i8,_76:_i8,_:_SCMRE_38,39_}"
CONST[source:0(mediator),value:0(static)][purpose:{operation}]


CONST[source:2(external),value:2(dynamic)][purpose:{subject}][SrcIdx:5]  ->  CONST[source:0(mediator),value:2(dynamic)][purpose:{subject}]
-----------
CONST[source:2(external),value:2(dynamic)][purpose:{subject}][SrcIdx:5]
CE0x544ea40 "{CE0x544ea40|128:_i8*,_1208:_%struct.file*,_:_CMRE_128,136_|*MultipleSource*|security/tomoyo/common.h,1205|security/tomoyo/common.h,1205}"
CE0x703e020 "{CE0x703e020|tomoyo_domain:tmp22|security/tomoyo/common.h,1205}"
CE0x6ec8ab0 "{CE0x6ec8ab0|tomoyo_domain:tmp23|security/tomoyo/common.h,1205}"
CE0x54620e0 "{CE0x54620e0|_ret_%struct.tomoyo_domain_info*_%tmp23,_!dbg_!38929|security/tomoyo/common.h,1205}"
CE0x576b730 "{CE0x576b730|tomoyo_init_request_info:call|security/tomoyo/util.c,1005}"
CE0x6fdf280 "{CE0x6fdf280|tomoyo_init_request_info:domain.addr.0}"
CE0x588c8f0 "{CE0x588c8f0|0:_%struct.tomoyo_obj_info*,_24:_%struct.tomoyo_path_info*,_32:_i64,_40:_i8,_72:_i8,_76:_i8,_:_SCMRE_16,24_|*MultipleSource*|security/tomoyo/file.c, 693|security/tomoyo/file.c,693|security/tomoyo/file.c,707|Function::tomoyo_init_request_info&Arg::r::}"
CONST[source:0(mediator),value:2(dynamic)][purpose:{subject}]



implicit:
CONST[source:2(external),value:0(static)][purpose:{operation}][SrcIdx:0]  ->  CONST[source:0(mediator),value:0(static)][purpose:{operation}]
-----------
CONST[source:2(external),value:0(static)][purpose:{operation}][SrcIdx:0]
CE0x3b1bb60 "{CE0x3b1bb60|i32_4095|*Constant*}"
CE0x39c7180 "{CE0x39c7180|tomoyo_path_mkdir:and|security/tomoyo/tomoyo.c,193}"
CE0x3a50620 "{CE0x3a50620|tomoyo_path_mkdir:conv3|security/tomoyo/tomoyo.c,193}"
CE0x39f3670 "{CE0x39f3670|tomoyo_path_number_perm:number|Function::tomoyo_path_number_perm&Arg::number::}"
CE0x6e38330 "{CE0x6e38330|0:_%struct.tomoyo_obj_info*,_24:_%struct.tomoyo_path_info*,_32:_i64,_40:_i8,_72:_i8,_76:_i8,_:_SCMRE_39,40_}"
CONST[source:0(mediator),value:0(static)][purpose:{operation}]


CONST[source:1(input),value:2(dynamic)][purpose:{operation}][SrcIdx:4]  ->  CONST[source:0(mediator),value:0(static)][purpose:{operation}]
-----------
CONST[source:1(input),value:2(dynamic)][purpose:{operation}][SrcIdx:4]
CE0x44cc5e0 "{CE0x44cc5e0|tomoyo_path_mkdir:mode|Function::tomoyo_path_mkdir&Arg::mode::|*SummSource*}"
CE0x44d2250 "{CE0x44d2250|tomoyo_path_mkdir:mode|Function::tomoyo_path_mkdir&Arg::mode::}"
CE0x3b1b4c0 "{CE0x3b1b4c0|tomoyo_path_mkdir:conv|security/tomoyo/tomoyo.c,193}"
CE0x39c7180 "{CE0x39c7180|tomoyo_path_mkdir:and|security/tomoyo/tomoyo.c,193}"
CE0x3a50620 "{CE0x3a50620|tomoyo_path_mkdir:conv3|security/tomoyo/tomoyo.c,193}"
CE0x39f3670 "{CE0x39f3670|tomoyo_path_number_perm:number|Function::tomoyo_path_number_perm&Arg::number::}"
CE0x6e38330 "{CE0x6e38330|0:_%struct.tomoyo_obj_info*,_24:_%struct.tomoyo_path_info*,_32:_i64,_40:_i8,_72:_i8,_76:_i8,_:_SCMRE_39,40_}"
CONST[source:0(mediator),value:0(static)][purpose:{operation}]


CONST[source:0(mediator),value:0(static)][purpose:{operation}][SrcIdx:3]  ->  CONST[source:0(mediator),value:2(dynamic)][purpose:{object}]
-----------
CONST[source:0(mediator),value:0(static)][purpose:{operation}][SrcIdx:3]
CE0x39e4bf0 "{CE0x39e4bf0|tomoyo_path_number_perm:type|Function::tomoyo_path_number_perm&Arg::type::|*SummSource*}"
CE0x39e4b10 "{CE0x39e4b10|tomoyo_path_number_perm:type|Function::tomoyo_path_number_perm&Arg::type::}"
CE0x542f4b0 "{CE0x542f4b0|tomoyo_path_number_perm:idxprom|security/tomoyo/file.c,701}"
CE0x55b61f0 "{CE0x55b61f0|tomoyo_path_number_perm:arrayidx|security/tomoyo/file.c,701}"
CE0x6fbe6c0 "{CE0x6fbe6c0|tomoyo_path_number_perm:tmp7|security/tomoyo/file.c,701}"
CE0x3ab5d20 "{CE0x3ab5d20|tomoyo_init_request_info:index|Function::tomoyo_init_request_info&Arg::index::}"
CE0x55f5d70 "{CE0x55f5d70|tomoyo_get_mode:index|Function::tomoyo_get_mode&Arg::index::}"
CE0x54e25a0 "{CE0x54e25a0|tomoyo_get_mode:idxprom|security/tomoyo/util.c,981}"
CE0x4691510 "{CE0x4691510|tomoyo_get_mode:arrayidx|security/tomoyo/util.c,981}"
CE0x45962e0 "{CE0x45962e0|tomoyo_get_mode:tmp9|security/tomoyo/util.c,981}"
CE0x45397b0 "{CE0x45397b0|tomoyo_get_mode:mode.0}"
CE0x52e5f70 "{CE0x52e5f70|tomoyo_get_mode:mode.1}"
CE0x52ec710 "{CE0x52ec710|tomoyo_get_mode:conv15|security/tomoyo/util.c,987}"
CE0x5340d50 "{CE0x5340d50|tomoyo_get_mode:and|security/tomoyo/util.c,987}"
CE0x5340f20 "{CE0x5340f20|tomoyo_get_mode:retval.0}"
CE0x55f64e0 "{CE0x55f64e0|_ret_i32_%retval.0,_!dbg_!38935|security/tomoyo/util.c,988}"
CE0x5722ec0 "{CE0x5722ec0|tomoyo_init_request_info:call4|security/tomoyo/util.c,1010}"
CE0x556f7c0 "{CE0x556f7c0|tomoyo_init_request_info:conv|security/tomoyo/util.c,1010}"
CE0x708e900 "{CE0x708e900|0:_%struct.tomoyo_obj_info*,_24:_%struct.tomoyo_path_info*,_32:_i64,_40:_i8,_72:_i8,_76:_i8,_:_SCMRE_76,77_|*MultipleSource*|security/tomoyo/file.c, 693|security/tomoyo/file.c,693|security/tomoyo/file.c,707|Function::tomoyo_init_request_info&Arg::r::}"
CE0x5391d30 "{CE0x5391d30|tomoyo_init_request_info:tmp13|*LoadInst*|security/tomoyo/util.c,1011}"
CE0x53920b0 "{CE0x53920b0|tomoyo_init_request_info:conv6|security/tomoyo/util.c,1011}"
CE0x7054bd0 "{CE0x7054bd0|_ret_i32_%conv6,_!dbg_!38926|security/tomoyo/util.c,1011}"
CE0x394cf10 "{CE0x394cf10|tomoyo_path_number_perm:call|security/tomoyo/file.c,701}"
CE0x542fbd0 "{CE0x542fbd0|tomoyo_path_number_perm:cmp|security/tomoyo/file.c,702}"
CE0x7007790 "{CE0x7007790|tomoyo_path_number_perm:if.end9}"
CE0x454f980 "{CE0x454f980|0:_%struct.tomoyo_obj_info*,_24:_%struct.tomoyo_path_info*,_32:_i64,_40:_i8,_72:_i8,_76:_i8,_:_SCMRE_24,25_}"
CONST[source:0(mediator),value:2(dynamic)][purpose:{object}]


CONST[source:1(input),value:2(dynamic)][purpose:{object}][SrcIdx:2]  ->  CONST[source:0(mediator),value:2(dynamic)][purpose:{object}]
-----------
CONST[source:1(input),value:2(dynamic)][purpose:{object}][SrcIdx:2]
CE0x3b74090 "{CE0x3b74090|tomoyo_path_mkdir:dentry|Function::tomoyo_path_mkdir&Arg::dentry::|*SummSource*}"
CE0x3b73f70 "{CE0x3b73f70|tomoyo_path_mkdir:dentry|Function::tomoyo_path_mkdir&Arg::dentry::}"
CE0x39ebee0 "{CE0x39ebee0|8:_%struct.vfsmount*,_16:_%struct.dentry*,_:_SCMRE_8,16_|*MultipleSource*|security/tomoyo/tomoyo.c,191|security/tomoyo/tomoyo.c, 191}"
CE0x3b1df30 "{CE0x3b1df30|tomoyo_path_number_perm:tmp12|*LoadInst*|security/tomoyo/file.c,702}"
CE0x6fbefe0 "{CE0x6fbefe0|tomoyo_path_number_perm:tobool|security/tomoyo/file.c,702}"
CE0x7007790 "{CE0x7007790|tomoyo_path_number_perm:if.end9}"
CE0x454f980 "{CE0x454f980|0:_%struct.tomoyo_obj_info*,_24:_%struct.tomoyo_path_info*,_32:_i64,_40:_i8,_72:_i8,_76:_i8,_:_SCMRE_24,25_}"
CONST[source:0(mediator),value:2(dynamic)][purpose:{object}]


CONST[source:1(input),value:2(dynamic)][purpose:{object}][SrcIdx:2]  ->  CONST[source:0(mediator),value:0(static)][purpose:{operation}]
-----------
CONST[source:1(input),value:2(dynamic)][purpose:{object}][SrcIdx:2]
CE0x3b74090 "{CE0x3b74090|tomoyo_path_mkdir:dentry|Function::tomoyo_path_mkdir&Arg::dentry::|*SummSource*}"
CE0x3b73f70 "{CE0x3b73f70|tomoyo_path_mkdir:dentry|Function::tomoyo_path_mkdir&Arg::dentry::}"
CE0x39ebee0 "{CE0x39ebee0|8:_%struct.vfsmount*,_16:_%struct.dentry*,_:_SCMRE_8,16_|*MultipleSource*|security/tomoyo/tomoyo.c,191|security/tomoyo/tomoyo.c, 191}"
CE0x3b1df30 "{CE0x3b1df30|tomoyo_path_number_perm:tmp12|*LoadInst*|security/tomoyo/file.c,702}"
CE0x6fbefe0 "{CE0x6fbefe0|tomoyo_path_number_perm:tobool|security/tomoyo/file.c,702}"
CE0x7007790 "{CE0x7007790|tomoyo_path_number_perm:if.end9}"
CE0x3b9f420 "{CE0x3b9f420|0:_%struct.tomoyo_obj_info*,_24:_%struct.tomoyo_path_info*,_32:_i64,_40:_i8,_72:_i8,_76:_i8,_:_SCMRE_33,34_}"
CONST[source:0(mediator),value:0(static)][purpose:{operation}]


CONST[source:2(external),value:2(dynamic)][purpose:{subject}][SrcIdx:5]  ->  CONST[source:0(mediator),value:2(dynamic)][purpose:{object}]
-----------
CONST[source:2(external),value:2(dynamic)][purpose:{subject}][SrcIdx:5]
CE0x57bf1a0 "{CE0x57bf1a0|COLLAPSED:_GCRE_current_task_external_global_%struct.task_struct*:_elem_0::|security/tomoyo/common.h,1205}"
CE0x703e020 "{CE0x703e020|tomoyo_domain:tmp22|security/tomoyo/common.h,1205}"
CE0x6ec8ab0 "{CE0x6ec8ab0|tomoyo_domain:tmp23|security/tomoyo/common.h,1205}"
CE0x54620e0 "{CE0x54620e0|_ret_%struct.tomoyo_domain_info*_%tmp23,_!dbg_!38929|security/tomoyo/common.h,1205}"
CE0x576b730 "{CE0x576b730|tomoyo_init_request_info:call|security/tomoyo/util.c,1005}"
CE0x6fdf280 "{CE0x6fdf280|tomoyo_init_request_info:domain.addr.0}"
CE0x56f9e00 "{CE0x56f9e00|tomoyo_init_request_info:ns|security/tomoyo/util.c,1010}"
CE0x5722bf0 "{CE0x5722bf0|tomoyo_init_request_info:tmp12|security/tomoyo/util.c,1010}"
CE0x56c0f10 "{CE0x56c0f10|tomoyo_get_mode:ns|Function::tomoyo_get_mode&Arg::ns::}"
CE0x549fe80 "{CE0x549fe80|COLLAPSED:_CRE:_elem_0:default:}"
CE0x52e5890 "{CE0x52e5890|tomoyo_get_mode:tmp24|security/tomoyo/util.c,986}"
CE0x52e5f70 "{CE0x52e5f70|tomoyo_get_mode:mode.1}"
CE0x52ec710 "{CE0x52ec710|tomoyo_get_mode:conv15|security/tomoyo/util.c,987}"
CE0x5340d50 "{CE0x5340d50|tomoyo_get_mode:and|security/tomoyo/util.c,987}"
CE0x5340f20 "{CE0x5340f20|tomoyo_get_mode:retval.0}"
CE0x55f64e0 "{CE0x55f64e0|_ret_i32_%retval.0,_!dbg_!38935|security/tomoyo/util.c,988}"
CE0x5722ec0 "{CE0x5722ec0|tomoyo_init_request_info:call4|security/tomoyo/util.c,1010}"
CE0x556f7c0 "{CE0x556f7c0|tomoyo_init_request_info:conv|security/tomoyo/util.c,1010}"
CE0x708e900 "{CE0x708e900|0:_%struct.tomoyo_obj_info*,_24:_%struct.tomoyo_path_info*,_32:_i64,_40:_i8,_72:_i8,_76:_i8,_:_SCMRE_76,77_|*MultipleSource*|security/tomoyo/file.c, 693|security/tomoyo/file.c,693|security/tomoyo/file.c,707|Function::tomoyo_init_request_info&Arg::r::}"
CE0x5391d30 "{CE0x5391d30|tomoyo_init_request_info:tmp13|*LoadInst*|security/tomoyo/util.c,1011}"
CE0x53920b0 "{CE0x53920b0|tomoyo_init_request_info:conv6|security/tomoyo/util.c,1011}"
CE0x7054bd0 "{CE0x7054bd0|_ret_i32_%conv6,_!dbg_!38926|security/tomoyo/util.c,1011}"
CE0x394cf10 "{CE0x394cf10|tomoyo_path_number_perm:call|security/tomoyo/file.c,701}"
CE0x542fbd0 "{CE0x542fbd0|tomoyo_path_number_perm:cmp|security/tomoyo/file.c,702}"
CE0x7007790 "{CE0x7007790|tomoyo_path_number_perm:if.end9}"
CE0x454f980 "{CE0x454f980|0:_%struct.tomoyo_obj_info*,_24:_%struct.tomoyo_path_info*,_32:_i64,_40:_i8,_72:_i8,_76:_i8,_:_SCMRE_24,25_}"
CONST[source:0(mediator),value:2(dynamic)][purpose:{object}]


CONST[source:2(external),value:2(dynamic)][purpose:{subject}][SrcIdx:5]  ->  CONST[source:0(mediator),value:0(static)][purpose:{operation}]
-----------
CONST[source:2(external),value:2(dynamic)][purpose:{subject}][SrcIdx:5]
CE0x57bf1a0 "{CE0x57bf1a0|COLLAPSED:_GCRE_current_task_external_global_%struct.task_struct*:_elem_0::|security/tomoyo/common.h,1205}"
CE0x703e020 "{CE0x703e020|tomoyo_domain:tmp22|security/tomoyo/common.h,1205}"
CE0x6ec8ab0 "{CE0x6ec8ab0|tomoyo_domain:tmp23|security/tomoyo/common.h,1205}"
CE0x54620e0 "{CE0x54620e0|_ret_%struct.tomoyo_domain_info*_%tmp23,_!dbg_!38929|security/tomoyo/common.h,1205}"
CE0x576b730 "{CE0x576b730|tomoyo_init_request_info:call|security/tomoyo/util.c,1005}"
CE0x6fdf280 "{CE0x6fdf280|tomoyo_init_request_info:domain.addr.0}"
CE0x56f9e00 "{CE0x56f9e00|tomoyo_init_request_info:ns|security/tomoyo/util.c,1010}"
CE0x5722bf0 "{CE0x5722bf0|tomoyo_init_request_info:tmp12|security/tomoyo/util.c,1010}"
CE0x56c0f10 "{CE0x56c0f10|tomoyo_get_mode:ns|Function::tomoyo_get_mode&Arg::ns::}"
CE0x549fe80 "{CE0x549fe80|COLLAPSED:_CRE:_elem_0:default:}"
CE0x52e5890 "{CE0x52e5890|tomoyo_get_mode:tmp24|security/tomoyo/util.c,986}"
CE0x52e5f70 "{CE0x52e5f70|tomoyo_get_mode:mode.1}"
CE0x52ec710 "{CE0x52ec710|tomoyo_get_mode:conv15|security/tomoyo/util.c,987}"
CE0x5340d50 "{CE0x5340d50|tomoyo_get_mode:and|security/tomoyo/util.c,987}"
CE0x5340f20 "{CE0x5340f20|tomoyo_get_mode:retval.0}"
CE0x55f64e0 "{CE0x55f64e0|_ret_i32_%retval.0,_!dbg_!38935|security/tomoyo/util.c,988}"
CE0x5722ec0 "{CE0x5722ec0|tomoyo_init_request_info:call4|security/tomoyo/util.c,1010}"
CE0x556f7c0 "{CE0x556f7c0|tomoyo_init_request_info:conv|security/tomoyo/util.c,1010}"
CE0x708e900 "{CE0x708e900|0:_%struct.tomoyo_obj_info*,_24:_%struct.tomoyo_path_info*,_32:_i64,_40:_i8,_72:_i8,_76:_i8,_:_SCMRE_76,77_|*MultipleSource*|security/tomoyo/file.c, 693|security/tomoyo/file.c,693|security/tomoyo/file.c,707|Function::tomoyo_init_request_info&Arg::r::}"
CE0x5391d30 "{CE0x5391d30|tomoyo_init_request_info:tmp13|*LoadInst*|security/tomoyo/util.c,1011}"
CE0x53920b0 "{CE0x53920b0|tomoyo_init_request_info:conv6|security/tomoyo/util.c,1011}"
CE0x7054bd0 "{CE0x7054bd0|_ret_i32_%conv6,_!dbg_!38926|security/tomoyo/util.c,1011}"
CE0x394cf10 "{CE0x394cf10|tomoyo_path_number_perm:call|security/tomoyo/file.c,701}"
CE0x542fbd0 "{CE0x542fbd0|tomoyo_path_number_perm:cmp|security/tomoyo/file.c,702}"
CE0x7007790 "{CE0x7007790|tomoyo_path_number_perm:if.end9}"
CE0x3b9f420 "{CE0x3b9f420|0:_%struct.tomoyo_obj_info*,_24:_%struct.tomoyo_path_info*,_32:_i64,_40:_i8,_72:_i8,_76:_i8,_:_SCMRE_33,34_}"
CONST[source:0(mediator),value:0(static)][purpose:{operation}]


CONST[source:2(external),value:2(dynamic)][purpose:{subject}][SrcIdx:5]  ->  CONST[source:0(mediator),value:2(dynamic)][purpose:{subject}]
-----------
CONST[source:2(external),value:2(dynamic)][purpose:{subject}][SrcIdx:5]
CE0x57bf1a0 "{CE0x57bf1a0|COLLAPSED:_GCRE_current_task_external_global_%struct.task_struct*:_elem_0::|security/tomoyo/common.h,1205}"
CE0x703e020 "{CE0x703e020|tomoyo_domain:tmp22|security/tomoyo/common.h,1205}"
CE0x6ec8ab0 "{CE0x6ec8ab0|tomoyo_domain:tmp23|security/tomoyo/common.h,1205}"
CE0x54620e0 "{CE0x54620e0|_ret_%struct.tomoyo_domain_info*_%tmp23,_!dbg_!38929|security/tomoyo/common.h,1205}"
CE0x576b730 "{CE0x576b730|tomoyo_init_request_info:call|security/tomoyo/util.c,1005}"
CE0x6fdf280 "{CE0x6fdf280|tomoyo_init_request_info:domain.addr.0}"
CE0x588c8f0 "{CE0x588c8f0|0:_%struct.tomoyo_obj_info*,_24:_%struct.tomoyo_path_info*,_32:_i64,_40:_i8,_72:_i8,_76:_i8,_:_SCMRE_16,24_|*MultipleSource*|security/tomoyo/file.c, 693|security/tomoyo/file.c,693|security/tomoyo/file.c,707|Function::tomoyo_init_request_info&Arg::r::}"
CONST[source:0(mediator),value:2(dynamic)][purpose:{subject}]


