[apparmor_path_link]

explicit:
CONST[source:2(external),value:2(dynamic)][purpose:{subject}]  ->  CONST[source:0(mediator),value:2(dynamic)][purpose:{subject}]
-----------
CONST[source:2(external),value:2(dynamic)][purpose:{subject}]
CE0x48ab3e0 "{CE0x48ab3e0|44:_i32,_48:_i16,_128:_i8*,_:_SCMRE_128,136_|*MultipleSource*|security/apparmor/include/context.h,151|security/apparmor/include/context.h,151}"
CE0x48f1c10 "{CE0x48f1c10|aa_current_profile:_tmp77|security/apparmor/include/context.h,159}"
CE0x49485c0 "{CE0x49485c0|aa_current_profile:_tmp78|security/apparmor/include/context.h,159}"
CE0x4948b50 "{CE0x4948b50|aa_current_profile:_cxt.0}"
CE0x48f2af0 "{CE0x48f2af0|aa_current_profile:_profile42|security/apparmor/include/context.h,162}"
CE0x4949700 "{CE0x4949700|aa_current_profile:_tmp81|security/apparmor/include/context.h,162}"
CE0x4824170 "{CE0x4824170|_ret_%struct.aa_profile*_%tmp81,_!dbg_!15575|security/apparmor/include/context.h,162}"
CE0x4801880 "{CE0x4801880|apparmor_path_link:_call1|security/apparmor/lsm.c,311}"
CE0x4801b30 "{CE0x4801b30|apparmor_path_link:_call1|security/apparmor/lsm.c,311|*SummSink*}"
CONST[source:0(mediator),value:2(dynamic)][purpose:{subject}]


CONST[source:1(input),value:2(dynamic)][purpose:{object}]  ->  CONST[source:0(mediator),value:2(dynamic)][purpose:{object}]
-----------
CONST[source:1(input),value:2(dynamic)][purpose:{object}]
CE0x4a9cd70 "{CE0x4a9cd70|VOIDTB_TE:_CE_168,169_}"
CONST[source:0(mediator),value:2(dynamic)][purpose:{object}]



implicit:
CONST[source:2(external),value:2(dynamic)][purpose:{subject}]  ->  CONST[source:0(mediator),value:2(dynamic)][purpose:{subject}]
-----------
CONST[source:2(external),value:2(dynamic)][purpose:{subject}]
CE0x481b890 "{CE0x481b890|COLLAPSED:_GCRE_current_task_external_global_%struct.task_struct*:_elem_0::|security/apparmor/include/context.h,151}"
CE0x48166d0 "{CE0x48166d0|aa_current_profile:_tmp22|security/apparmor/include/context.h,151}"
CE0x4832820 "{CE0x4832820|aa_current_profile:_tmp23|security/apparmor/include/context.h,151}"
CE0x4948b50 "{CE0x4948b50|aa_current_profile:_cxt.0}"
CE0x48f2af0 "{CE0x48f2af0|aa_current_profile:_profile42|security/apparmor/include/context.h,162}"
CE0x4949700 "{CE0x4949700|aa_current_profile:_tmp81|security/apparmor/include/context.h,162}"
CE0x4824170 "{CE0x4824170|_ret_%struct.aa_profile*_%tmp81,_!dbg_!15575|security/apparmor/include/context.h,162}"
CE0x4801880 "{CE0x4801880|apparmor_path_link:_call1|security/apparmor/lsm.c,311}"
CE0x4801b30 "{CE0x4801b30|apparmor_path_link:_call1|security/apparmor/lsm.c,311|*SummSink*}"
CONST[source:0(mediator),value:2(dynamic)][purpose:{subject}]


CONST[source:1(input),value:2(dynamic)][purpose:{object}]  ->  CONST[source:0(mediator),value:2(dynamic)][purpose:{object}]
-----------
CONST[source:1(input),value:2(dynamic)][purpose:{object}]
CE0x4ac57b0 "{CE0x4ac57b0|VOIDTB_TE:_CE_221,222_}"
CONST[source:0(mediator),value:2(dynamic)][purpose:{object}]


