[selinux_capget]

explicit:
CONST[source:2(external),value:2(dynamic)][purpose:{subject}]  ->  CONST[source:0(mediator),value:2(dynamic)][purpose:{subject}]
-----------
CONST[source:2(external),value:2(dynamic)][purpose:{subject}]
CE0x41af150 "{CE0x41af150|COLLAPSED:_CMRE:_elem_0::|security/selinux/hooks.c,218}"
CE0x41af2d0 "{CE0x41af2d0|current_sid:_tmp22|security/selinux/hooks.c,218}"
CE0x41af830 "{CE0x41af830|current_sid:_tmp23|security/selinux/hooks.c,218}"
CE0x41b0340 "{CE0x41b0340|current_sid:_sid|security/selinux/hooks.c,220}"
CE0x41b17e0 "{CE0x41b17e0|current_sid:_tmp24|security/selinux/hooks.c,220}"
CE0x41a8000 "{CE0x41a8000|_ret_i32_%tmp24,_!dbg_!27742|security/selinux/hooks.c,220}"
CE0x418d130 "{CE0x418d130|current_has_perm:_call|security/selinux/hooks.c,1542}"
CE0x418d340 "{CE0x418d340|current_has_perm:_call|security/selinux/hooks.c,1542|*SummSink*}"
CONST[source:0(mediator),value:2(dynamic)][purpose:{subject}]


CONST[source:1(input),value:2(dynamic)][purpose:{object}]  ->  CONST[source:0(mediator),value:2(dynamic)][purpose:{object}]
-----------
CONST[source:1(input),value:2(dynamic)][purpose:{object}]
CE0x4191140 "{CE0x4191140|2472:_%struct.cred*,_:_CRE:_elem_0:default:}"
CE0x41cf920 "{CE0x41cf920|task_sid:_tmp4|*LoadInst*|security/selinux/hooks.c,208}"
CE0x41b7720 "{CE0x41b7720|cred_sid:_cred|Function::cred_sid&Arg::cred::}"
CE0x41fc730 "{CE0x41fc730|cred_sid:_security|security/selinux/hooks.c,196}"
CE0x41d1500 "{CE0x41d1500|cred_sid:_tmp4|*LoadInst*|security/selinux/hooks.c,196}"
CE0x422b0d0 "{CE0x422b0d0|cred_sid:_tmp5|security/selinux/hooks.c,196}"
CE0x422b4b0 "{CE0x422b4b0|cred_sid:_sid|security/selinux/hooks.c,197}"
CE0x422c350 "{CE0x422c350|cred_sid:_tmp6|security/selinux/hooks.c,197}"
CE0x41b7a90 "{CE0x41b7a90|_ret_i32_%tmp6,_!dbg_!27716|security/selinux/hooks.c,197}"
CE0x41f2000 "{CE0x41f2000|task_sid:_call7|security/selinux/hooks.c,208}"
CE0x4190ad0 "{CE0x4190ad0|_ret_i32_%call7,_!dbg_!27749|security/selinux/hooks.c,210}"
CE0x41913f0 "{CE0x41913f0|current_has_perm:_call1|security/selinux/hooks.c,1543}"
CE0x41a60b0 "{CE0x41a60b0|current_has_perm:_call1|security/selinux/hooks.c,1543|*SummSink*}"
CONST[source:0(mediator),value:2(dynamic)][purpose:{object}]



implicit:
CONST[source:2(external),value:2(dynamic)][purpose:{subject}]  ->  CONST[source:0(mediator),value:2(dynamic)][purpose:{subject}]
-----------
CONST[source:2(external),value:2(dynamic)][purpose:{subject}]
CE0x41af150 "{CE0x41af150|COLLAPSED:_CMRE:_elem_0::|security/selinux/hooks.c,218}"
CE0x41af2d0 "{CE0x41af2d0|current_sid:_tmp22|security/selinux/hooks.c,218}"
CE0x41af830 "{CE0x41af830|current_sid:_tmp23|security/selinux/hooks.c,218}"
CE0x41b0340 "{CE0x41b0340|current_sid:_sid|security/selinux/hooks.c,220}"
CE0x41b17e0 "{CE0x41b17e0|current_sid:_tmp24|security/selinux/hooks.c,220}"
CE0x41a8000 "{CE0x41a8000|_ret_i32_%tmp24,_!dbg_!27742|security/selinux/hooks.c,220}"
CE0x418d130 "{CE0x418d130|current_has_perm:_call|security/selinux/hooks.c,1542}"
CE0x418d340 "{CE0x418d340|current_has_perm:_call|security/selinux/hooks.c,1542|*SummSink*}"
CONST[source:0(mediator),value:2(dynamic)][purpose:{subject}]


CONST[source:1(input),value:2(dynamic)][purpose:{object}]  ->  CONST[source:0(mediator),value:2(dynamic)][purpose:{object}]
-----------
CONST[source:1(input),value:2(dynamic)][purpose:{object}]
CE0x4191140 "{CE0x4191140|2472:_%struct.cred*,_:_CRE:_elem_0:default:}"
CE0x41cf920 "{CE0x41cf920|task_sid:_tmp4|*LoadInst*|security/selinux/hooks.c,208}"
CE0x41b7720 "{CE0x41b7720|cred_sid:_cred|Function::cred_sid&Arg::cred::}"
CE0x41fc730 "{CE0x41fc730|cred_sid:_security|security/selinux/hooks.c,196}"
CE0x41d1500 "{CE0x41d1500|cred_sid:_tmp4|*LoadInst*|security/selinux/hooks.c,196}"
CE0x422b0d0 "{CE0x422b0d0|cred_sid:_tmp5|security/selinux/hooks.c,196}"
CE0x422b4b0 "{CE0x422b4b0|cred_sid:_sid|security/selinux/hooks.c,197}"
CE0x422c350 "{CE0x422c350|cred_sid:_tmp6|security/selinux/hooks.c,197}"
CE0x41b7a90 "{CE0x41b7a90|_ret_i32_%tmp6,_!dbg_!27716|security/selinux/hooks.c,197}"
CE0x41f2000 "{CE0x41f2000|task_sid:_call7|security/selinux/hooks.c,208}"
CE0x4190ad0 "{CE0x4190ad0|_ret_i32_%call7,_!dbg_!27749|security/selinux/hooks.c,210}"
CE0x41913f0 "{CE0x41913f0|current_has_perm:_call1|security/selinux/hooks.c,1543}"
CE0x41a60b0 "{CE0x41a60b0|current_has_perm:_call1|security/selinux/hooks.c,1543|*SummSink*}"
CONST[source:0(mediator),value:2(dynamic)][purpose:{object}]


