[selinux_quota_on]

explicit:
CONST[source:2(external),value:2(dynamic)][purpose:{subject}]  ->  CONST[source:1(input),value:2(dynamic)][purpose:{subject}]
-----------
CONST[source:2(external),value:2(dynamic)][purpose:{subject}]
CE0x5384fb0 "{CE0x5384fb0|COLLAPSED:_GCMRE_current_task_external_global_%struct.task_struct*:_elem_0::|security/selinux/hooks.c,2044}"
CE0x5384840 "{CE0x5384840|selinux_quota_on:_tmp21|security/selinux/hooks.c,2044}"
CE0x5380e50 "{CE0x5380e50|dentry_has_perm:_cred|Function::dentry_has_perm&Arg::cred::}"
CE0x53ca7a0 "{CE0x53ca7a0|inode_has_perm:_cred|Function::inode_has_perm&Arg::cred::}"
CE0x53ffe20 "{CE0x53ffe20|cred_sid:_cred|Function::cred_sid&Arg::cred::}"
CE0x53d5240 "{CE0x53d5240|cred_sid:_security|security/selinux/hooks.c,196}"
CE0x5388d70 "{CE0x5388d70|cred_sid:_tmp4|*LoadInst*|security/selinux/hooks.c,196}"
CE0x5389160 "{CE0x5389160|cred_sid:_tmp5|security/selinux/hooks.c,196}"
CE0x5389950 "{CE0x5389950|cred_sid:_sid|security/selinux/hooks.c,197}"
CE0x53d84e0 "{CE0x53d84e0|cred_sid:_tmp6|security/selinux/hooks.c,197}"
CE0x5400130 "{CE0x5400130|_ret_i32_%tmp6,_!dbg_!27716|security/selinux/hooks.c,197}"
CE0x53dac70 "{CE0x53dac70|inode_has_perm:_call|security/selinux/hooks.c,1614}"
CE0x53daf10 "{CE0x53daf10|inode_has_perm:_call|security/selinux/hooks.c,1614|*SummSink*}"
CONST[source:1(input),value:2(dynamic)][purpose:{subject}]


CONST[source:1(input),value:2(dynamic)][purpose:{object}]  ->  CONST[source:0(mediator),value:2(dynamic)][purpose:{object}]
-----------
CONST[source:1(input),value:2(dynamic)][purpose:{object}]
CE0x53c41a0 "{CE0x53c41a0|12:_i32,_56:_i8*,_:_CRE_56,64_|*MultipleSource*|Function::inode_has_perm&Arg::inode::|*LoadInst*|security/selinux/hooks.c,1627|security/selinux/hooks.c,1611}"
CE0x5400e50 "{CE0x5400e50|inode_has_perm:_tmp15|*LoadInst*|security/selinux/hooks.c,1615}"
CE0x5422b70 "{CE0x5422b70|inode_has_perm:_tmp16|security/selinux/hooks.c,1615}"
CE0x5407910 "{CE0x5407910|inode_has_perm:_sid3|security/selinux/hooks.c,1617}"
CE0x5403060 "{CE0x5403060|inode_has_perm:_tmp17|security/selinux/hooks.c,1617}"
CE0x5403460 "{CE0x5403460|inode_has_perm:_tmp17|security/selinux/hooks.c,1617|*SummSink*}"
CONST[source:0(mediator),value:2(dynamic)][purpose:{object}]



implicit:
CONST[source:2(external),value:2(dynamic)][purpose:{subject}]  ->  CONST[source:1(input),value:2(dynamic)][purpose:{subject}]
-----------
CONST[source:2(external),value:2(dynamic)][purpose:{subject}]
CE0x5384fb0 "{CE0x5384fb0|COLLAPSED:_GCMRE_current_task_external_global_%struct.task_struct*:_elem_0::|security/selinux/hooks.c,2044}"
CE0x5384840 "{CE0x5384840|selinux_quota_on:_tmp21|security/selinux/hooks.c,2044}"
CE0x5380e50 "{CE0x5380e50|dentry_has_perm:_cred|Function::dentry_has_perm&Arg::cred::}"
CE0x53ca7a0 "{CE0x53ca7a0|inode_has_perm:_cred|Function::inode_has_perm&Arg::cred::}"
CE0x53ffe20 "{CE0x53ffe20|cred_sid:_cred|Function::cred_sid&Arg::cred::}"
CE0x53d5240 "{CE0x53d5240|cred_sid:_security|security/selinux/hooks.c,196}"
CE0x5388d70 "{CE0x5388d70|cred_sid:_tmp4|*LoadInst*|security/selinux/hooks.c,196}"
CE0x5389160 "{CE0x5389160|cred_sid:_tmp5|security/selinux/hooks.c,196}"
CE0x5389950 "{CE0x5389950|cred_sid:_sid|security/selinux/hooks.c,197}"
CE0x53d84e0 "{CE0x53d84e0|cred_sid:_tmp6|security/selinux/hooks.c,197}"
CE0x5400130 "{CE0x5400130|_ret_i32_%tmp6,_!dbg_!27716|security/selinux/hooks.c,197}"
CE0x53dac70 "{CE0x53dac70|inode_has_perm:_call|security/selinux/hooks.c,1614}"
CE0x53daf10 "{CE0x53daf10|inode_has_perm:_call|security/selinux/hooks.c,1614|*SummSink*}"
CONST[source:1(input),value:2(dynamic)][purpose:{subject}]


CONST[source:1(input),value:2(dynamic)][purpose:{object}]  ->  CONST[source:0(mediator),value:2(dynamic)][purpose:{object}]
-----------
CONST[source:1(input),value:2(dynamic)][purpose:{object}]
CE0x53c41a0 "{CE0x53c41a0|12:_i32,_56:_i8*,_:_CRE_56,64_|*MultipleSource*|Function::inode_has_perm&Arg::inode::|*LoadInst*|security/selinux/hooks.c,1627|security/selinux/hooks.c,1611}"
CE0x5400e50 "{CE0x5400e50|inode_has_perm:_tmp15|*LoadInst*|security/selinux/hooks.c,1615}"
CE0x5422b70 "{CE0x5422b70|inode_has_perm:_tmp16|security/selinux/hooks.c,1615}"
CE0x53b85b0 "{CE0x53b85b0|inode_has_perm:_sclass|security/selinux/hooks.c,1617}"
CE0x53b8480 "{CE0x53b8480|inode_has_perm:_tmp18|security/selinux/hooks.c,1617}"
CE0x53b89a0 "{CE0x53b89a0|inode_has_perm:_tmp18|security/selinux/hooks.c,1617|*SummSink*}"
CONST[source:0(mediator),value:2(dynamic)][purpose:{object}]


