[tomoyo_path_rmdir]

explicit:
CONST[source:2(external),value:2(dynamic)][purpose:{subject}][SrcIdx:3]  ->  CONST[source:0(mediator),value:2(dynamic)][purpose:{subject}]
-----------
CONST[source:2(external),value:2(dynamic)][purpose:{subject}][SrcIdx:3]
CE0x4e46e70 "{CE0x4e46e70|COLLAPSED:_GCRE_current_task_external_global_%struct.task_struct*:_elem_0::|security/tomoyo/common.h,1205}"
CE0x5b2bc10 "{CE0x5b2bc10|tomoyo_domain:tmp22|security/tomoyo/common.h,1205}"
CE0x5dee850 "{CE0x5dee850|tomoyo_domain:tmp23|security/tomoyo/common.h,1205}"
CE0x4f35120 "{CE0x4f35120|_ret_%struct.tomoyo_domain_info*_%tmp23,_!dbg_!38929|security/tomoyo/common.h,1205}"
CE0x4e5bdc0 "{CE0x4e5bdc0|tomoyo_init_request_info:call|security/tomoyo/util.c,1005}"
CE0x5003000 "{CE0x5003000|tomoyo_init_request_info:domain.addr.0}"
CE0x605b330 "{CE0x605b330|0:_%struct.tomoyo_obj_info*,_16:_%struct.tomoyo_domain_info*,_24:_%struct.tomoyo_path_info*,_40:_i8,_72:_i8,_75:_i8,_76:_i8,_77:_i8,_:_SCMRE_16,24_|*MultipleSource*|security/tomoyo/file.c, 787|security/tomoyo/file.c,787|Function::tomoyo_init_request_info&Arg::r::|security/tomoyo/file.c,800}"
CONST[source:0(mediator),value:2(dynamic)][purpose:{subject}]



implicit:
CONST[source:1(input),value:2(dynamic)][purpose:{object}][SrcIdx:0]  ->  CONST[source:0(mediator),value:0(static)][purpose:{operation}]
-----------
CONST[source:1(input),value:2(dynamic)][purpose:{object}][SrcIdx:0]
CE0x788d0c0 "{CE0x788d0c0|0:_%struct.vfsmount*,_:_CRE_0,8_|*MultipleSource*|Function::tomoyo_path_rmdir&Arg::parent::|security/tomoyo/tomoyo.c,206}"
CE0x5b21880 "{CE0x5b21880|tomoyo_path_rmdir:tmp4|*LoadInst*|security/tomoyo/tomoyo.c,206}"
CE0x42301e0 "{CE0x42301e0|8:_%struct.vfsmount*,_16:_%struct.dentry*,_168:_%struct.tomoyo_path_info*,_:_SCMRE_0,8_|*MultipleSource*|security/tomoyo/tomoyo.c, 206|security/tomoyo/tomoyo.c,206}"
CE0x77005e0 "{CE0x77005e0|tomoyo_get_realpath:call|security/tomoyo/file.c,150}"
CE0x752e510 "{CE0x752e510|0:_i8*,_:_SCMRE_0,8_|*MultipleSource*|security/tomoyo/file.c, 794|security/tomoyo/file.c, 792|security/tomoyo/file.c,802}"
CE0x7672a20 "{CE0x7672a20|tomoyo_path_perm:tmp23|security/tomoyo/file.c,814}"
CE0x7594170 "{CE0x7594170|tomoyo_path_perm:tobool|security/tomoyo/file.c,814}"
CE0x5b98710 "{CE0x5b98710|tomoyo_path_perm:sw.epilog}"
CE0x5cd0520 "{CE0x5cd0520|tomoyo_path_permission:entry}"
CE0x41f8740 "{CE0x41f8740|tomoyo_path_permission:if.end}"
CE0x608f690 "{CE0x608f690|0:_%struct.tomoyo_obj_info*,_16:_%struct.tomoyo_domain_info*,_24:_%struct.tomoyo_path_info*,_40:_i8,_72:_i8,_75:_i8,_76:_i8,_77:_i8,_:_SCMRE_40,41_}"
CONST[source:0(mediator),value:0(static)][purpose:{operation}]


CONST[source:1(input),value:2(dynamic)][purpose:{object}][SrcIdx:0]  ->  CONST[source:0(mediator),value:2(dynamic)][purpose:{object}]
-----------
CONST[source:1(input),value:2(dynamic)][purpose:{object}][SrcIdx:0]
CE0x788d0c0 "{CE0x788d0c0|0:_%struct.vfsmount*,_:_CRE_0,8_|*MultipleSource*|Function::tomoyo_path_rmdir&Arg::parent::|security/tomoyo/tomoyo.c,206}"
CE0x5b21880 "{CE0x5b21880|tomoyo_path_rmdir:tmp4|*LoadInst*|security/tomoyo/tomoyo.c,206}"
CE0x42301e0 "{CE0x42301e0|8:_%struct.vfsmount*,_16:_%struct.dentry*,_168:_%struct.tomoyo_path_info*,_:_SCMRE_0,8_|*MultipleSource*|security/tomoyo/tomoyo.c, 206|security/tomoyo/tomoyo.c,206}"
CE0x77005e0 "{CE0x77005e0|tomoyo_get_realpath:call|security/tomoyo/file.c,150}"
CE0x752e510 "{CE0x752e510|0:_i8*,_:_SCMRE_0,8_|*MultipleSource*|security/tomoyo/file.c, 794|security/tomoyo/file.c, 792|security/tomoyo/file.c,802}"
CE0x7672a20 "{CE0x7672a20|tomoyo_path_perm:tmp23|security/tomoyo/file.c,814}"
CE0x7594170 "{CE0x7594170|tomoyo_path_perm:tobool|security/tomoyo/file.c,814}"
CE0x5b98710 "{CE0x5b98710|tomoyo_path_perm:sw.epilog}"
CE0x5cd0520 "{CE0x5cd0520|tomoyo_path_permission:entry}"
CE0x41f8740 "{CE0x41f8740|tomoyo_path_permission:if.end}"
CE0x6066010 "{CE0x6066010|0:_%struct.tomoyo_obj_info*,_16:_%struct.tomoyo_domain_info*,_24:_%struct.tomoyo_path_info*,_40:_i8,_72:_i8,_75:_i8,_76:_i8,_77:_i8,_:_SCMRE_27,28_}"
CONST[source:0(mediator),value:2(dynamic)][purpose:{object}]


CONST[source:2(external),value:2(dynamic)][purpose:{subject}][SrcIdx:3]  ->  CONST[source:0(mediator),value:2(dynamic)][purpose:{subject}]
-----------
CONST[source:2(external),value:2(dynamic)][purpose:{subject}][SrcIdx:3]
CE0x4e46e70 "{CE0x4e46e70|COLLAPSED:_GCRE_current_task_external_global_%struct.task_struct*:_elem_0::|security/tomoyo/common.h,1205}"
CE0x5b2bc10 "{CE0x5b2bc10|tomoyo_domain:tmp22|security/tomoyo/common.h,1205}"
CE0x5dee850 "{CE0x5dee850|tomoyo_domain:tmp23|security/tomoyo/common.h,1205}"
CE0x4f35120 "{CE0x4f35120|_ret_%struct.tomoyo_domain_info*_%tmp23,_!dbg_!38929|security/tomoyo/common.h,1205}"
CE0x4e5bdc0 "{CE0x4e5bdc0|tomoyo_init_request_info:call|security/tomoyo/util.c,1005}"
CE0x5003000 "{CE0x5003000|tomoyo_init_request_info:domain.addr.0}"
CE0x605b330 "{CE0x605b330|0:_%struct.tomoyo_obj_info*,_16:_%struct.tomoyo_domain_info*,_24:_%struct.tomoyo_path_info*,_40:_i8,_72:_i8,_75:_i8,_76:_i8,_77:_i8,_:_SCMRE_16,24_|*MultipleSource*|security/tomoyo/file.c, 787|security/tomoyo/file.c,787|Function::tomoyo_init_request_info&Arg::r::|security/tomoyo/file.c,800}"
CONST[source:0(mediator),value:2(dynamic)][purpose:{subject}]


CONST[source:2(external),value:2(dynamic)][purpose:{subject}][SrcIdx:3]  ->  CONST[source:0(mediator),value:0(static)][purpose:{operation}]
-----------
CONST[source:2(external),value:2(dynamic)][purpose:{subject}][SrcIdx:3]
CE0x4e46e70 "{CE0x4e46e70|COLLAPSED:_GCRE_current_task_external_global_%struct.task_struct*:_elem_0::|security/tomoyo/common.h,1205}"
CE0x5b2bc10 "{CE0x5b2bc10|tomoyo_domain:tmp22|security/tomoyo/common.h,1205}"
CE0x5dee850 "{CE0x5dee850|tomoyo_domain:tmp23|security/tomoyo/common.h,1205}"
CE0x4f35120 "{CE0x4f35120|_ret_%struct.tomoyo_domain_info*_%tmp23,_!dbg_!38929|security/tomoyo/common.h,1205}"
CE0x4e5bdc0 "{CE0x4e5bdc0|tomoyo_init_request_info:call|security/tomoyo/util.c,1005}"
CE0x5003000 "{CE0x5003000|tomoyo_init_request_info:domain.addr.0}"
CE0x4f805f0 "{CE0x4f805f0|tomoyo_init_request_info:ns|security/tomoyo/util.c,1010}"
CE0x5004c40 "{CE0x5004c40|tomoyo_init_request_info:tmp12|security/tomoyo/util.c,1010}"
CE0x4f56710 "{CE0x4f56710|tomoyo_get_mode:ns|Function::tomoyo_get_mode&Arg::ns::}"
CE0x41c2300 "{CE0x41c2300|COLLAPSED:_CRE:_elem_0:default:}"
CE0x7682a30 "{CE0x7682a30|tomoyo_get_mode:tmp24|security/tomoyo/util.c,986}"
CE0x5e2c830 "{CE0x5e2c830|tomoyo_get_mode:mode.1}"
CE0x75a8cc0 "{CE0x75a8cc0|tomoyo_get_mode:conv15|security/tomoyo/util.c,987}"
CE0x75a8d30 "{CE0x75a8d30|tomoyo_get_mode:and|security/tomoyo/util.c,987}"
CE0x75a8da0 "{CE0x75a8da0|tomoyo_get_mode:retval.0}"
CE0x5e25a20 "{CE0x5e25a20|_ret_i32_%retval.0,_!dbg_!38935|security/tomoyo/util.c,988}"
CE0x5ca90c0 "{CE0x5ca90c0|tomoyo_path_permission:call|security/tomoyo/file.c,564}"
CE0x5e25af0 "{CE0x5e25af0|tomoyo_path_permission:conv|security/tomoyo/file.c,564}"
CE0x615d2c0 "{CE0x615d2c0|0:_%struct.tomoyo_obj_info*,_16:_%struct.tomoyo_domain_info*,_24:_%struct.tomoyo_path_info*,_40:_i8,_72:_i8,_75:_i8,_76:_i8,_77:_i8,_:_SCMRE_76,77_|*MultipleSource*|security/tomoyo/file.c, 787|security/tomoyo/file.c,787|Function::tomoyo_init_request_info&Arg::r::|security/tomoyo/file.c,800}"
CE0x5cba520 "{CE0x5cba520|tomoyo_path_permission:tmp7|*LoadInst*|security/tomoyo/file.c,565}"
CE0x4e371a0 "{CE0x4e371a0|tomoyo_path_permission:conv3|security/tomoyo/file.c,565}"
CE0x5fdd740 "{CE0x5fdd740|tomoyo_path_permission:cmp|security/tomoyo/file.c,565}"
CE0x41f8740 "{CE0x41f8740|tomoyo_path_permission:if.end}"
CE0x608f690 "{CE0x608f690|0:_%struct.tomoyo_obj_info*,_16:_%struct.tomoyo_domain_info*,_24:_%struct.tomoyo_path_info*,_40:_i8,_72:_i8,_75:_i8,_76:_i8,_77:_i8,_:_SCMRE_40,41_}"
CONST[source:0(mediator),value:0(static)][purpose:{operation}]


CONST[source:2(external),value:2(dynamic)][purpose:{subject}][SrcIdx:3]  ->  CONST[source:0(mediator),value:2(dynamic)][purpose:{object}]
-----------
CONST[source:2(external),value:2(dynamic)][purpose:{subject}][SrcIdx:3]
CE0x4e46e70 "{CE0x4e46e70|COLLAPSED:_GCRE_current_task_external_global_%struct.task_struct*:_elem_0::|security/tomoyo/common.h,1205}"
CE0x5b2bc10 "{CE0x5b2bc10|tomoyo_domain:tmp22|security/tomoyo/common.h,1205}"
CE0x5dee850 "{CE0x5dee850|tomoyo_domain:tmp23|security/tomoyo/common.h,1205}"
CE0x4f35120 "{CE0x4f35120|_ret_%struct.tomoyo_domain_info*_%tmp23,_!dbg_!38929|security/tomoyo/common.h,1205}"
CE0x4e5bdc0 "{CE0x4e5bdc0|tomoyo_init_request_info:call|security/tomoyo/util.c,1005}"
CE0x5003000 "{CE0x5003000|tomoyo_init_request_info:domain.addr.0}"
CE0x4f805f0 "{CE0x4f805f0|tomoyo_init_request_info:ns|security/tomoyo/util.c,1010}"
CE0x5004c40 "{CE0x5004c40|tomoyo_init_request_info:tmp12|security/tomoyo/util.c,1010}"
CE0x4f56710 "{CE0x4f56710|tomoyo_get_mode:ns|Function::tomoyo_get_mode&Arg::ns::}"
CE0x41c2300 "{CE0x41c2300|COLLAPSED:_CRE:_elem_0:default:}"
CE0x7682a30 "{CE0x7682a30|tomoyo_get_mode:tmp24|security/tomoyo/util.c,986}"
CE0x5e2c830 "{CE0x5e2c830|tomoyo_get_mode:mode.1}"
CE0x75a8cc0 "{CE0x75a8cc0|tomoyo_get_mode:conv15|security/tomoyo/util.c,987}"
CE0x75a8d30 "{CE0x75a8d30|tomoyo_get_mode:and|security/tomoyo/util.c,987}"
CE0x75a8da0 "{CE0x75a8da0|tomoyo_get_mode:retval.0}"
CE0x5e25a20 "{CE0x5e25a20|_ret_i32_%retval.0,_!dbg_!38935|security/tomoyo/util.c,988}"
CE0x5ca90c0 "{CE0x5ca90c0|tomoyo_path_permission:call|security/tomoyo/file.c,564}"
CE0x5e25af0 "{CE0x5e25af0|tomoyo_path_permission:conv|security/tomoyo/file.c,564}"
CE0x615d2c0 "{CE0x615d2c0|0:_%struct.tomoyo_obj_info*,_16:_%struct.tomoyo_domain_info*,_24:_%struct.tomoyo_path_info*,_40:_i8,_72:_i8,_75:_i8,_76:_i8,_77:_i8,_:_SCMRE_76,77_|*MultipleSource*|security/tomoyo/file.c, 787|security/tomoyo/file.c,787|Function::tomoyo_init_request_info&Arg::r::|security/tomoyo/file.c,800}"
CE0x5cba520 "{CE0x5cba520|tomoyo_path_permission:tmp7|*LoadInst*|security/tomoyo/file.c,565}"
CE0x4e371a0 "{CE0x4e371a0|tomoyo_path_permission:conv3|security/tomoyo/file.c,565}"
CE0x5fdd740 "{CE0x5fdd740|tomoyo_path_permission:cmp|security/tomoyo/file.c,565}"
CE0x41f8740 "{CE0x41f8740|tomoyo_path_permission:if.end}"
CE0x6066010 "{CE0x6066010|0:_%struct.tomoyo_obj_info*,_16:_%struct.tomoyo_domain_info*,_24:_%struct.tomoyo_path_info*,_40:_i8,_72:_i8,_75:_i8,_76:_i8,_77:_i8,_:_SCMRE_27,28_}"
CONST[source:0(mediator),value:2(dynamic)][purpose:{object}]


CONST[source:1(input),value:2(dynamic)][purpose:{object}][SrcIdx:1]  ->  CONST[source:0(mediator),value:0(static)][purpose:{operation}]
-----------
CONST[source:1(input),value:2(dynamic)][purpose:{object}][SrcIdx:1]
CE0x4324a90 "{CE0x4324a90|tomoyo_path_rmdir:dentry|Function::tomoyo_path_rmdir&Arg::dentry::|*SummSource*}"
CE0x4295dc0 "{CE0x4295dc0|tomoyo_path_rmdir:dentry|Function::tomoyo_path_rmdir&Arg::dentry::}"
CE0x4230280 "{CE0x4230280|8:_%struct.vfsmount*,_16:_%struct.dentry*,_168:_%struct.tomoyo_path_info*,_:_SCMRE_8,16_|*MultipleSource*|security/tomoyo/tomoyo.c, 206|security/tomoyo/tomoyo.c,206}"
CE0x77005e0 "{CE0x77005e0|tomoyo_get_realpath:call|security/tomoyo/file.c,150}"
CE0x752e510 "{CE0x752e510|0:_i8*,_:_SCMRE_0,8_|*MultipleSource*|security/tomoyo/file.c, 794|security/tomoyo/file.c, 792|security/tomoyo/file.c,802}"
CE0x7672a20 "{CE0x7672a20|tomoyo_path_perm:tmp23|security/tomoyo/file.c,814}"
CE0x7594170 "{CE0x7594170|tomoyo_path_perm:tobool|security/tomoyo/file.c,814}"
CE0x5b98710 "{CE0x5b98710|tomoyo_path_perm:sw.epilog}"
CE0x5cd0520 "{CE0x5cd0520|tomoyo_path_permission:entry}"
CE0x41f8740 "{CE0x41f8740|tomoyo_path_permission:if.end}"
CE0x608f690 "{CE0x608f690|0:_%struct.tomoyo_obj_info*,_16:_%struct.tomoyo_domain_info*,_24:_%struct.tomoyo_path_info*,_40:_i8,_72:_i8,_75:_i8,_76:_i8,_77:_i8,_:_SCMRE_40,41_}"
CONST[source:0(mediator),value:0(static)][purpose:{operation}]


CONST[source:1(input),value:2(dynamic)][purpose:{object}][SrcIdx:1]  ->  CONST[source:0(mediator),value:2(dynamic)][purpose:{object}]
-----------
CONST[source:1(input),value:2(dynamic)][purpose:{object}][SrcIdx:1]
CE0x4324a90 "{CE0x4324a90|tomoyo_path_rmdir:dentry|Function::tomoyo_path_rmdir&Arg::dentry::|*SummSource*}"
CE0x4295dc0 "{CE0x4295dc0|tomoyo_path_rmdir:dentry|Function::tomoyo_path_rmdir&Arg::dentry::}"
CE0x4230280 "{CE0x4230280|8:_%struct.vfsmount*,_16:_%struct.dentry*,_168:_%struct.tomoyo_path_info*,_:_SCMRE_8,16_|*MultipleSource*|security/tomoyo/tomoyo.c, 206|security/tomoyo/tomoyo.c,206}"
CE0x77005e0 "{CE0x77005e0|tomoyo_get_realpath:call|security/tomoyo/file.c,150}"
CE0x752e510 "{CE0x752e510|0:_i8*,_:_SCMRE_0,8_|*MultipleSource*|security/tomoyo/file.c, 794|security/tomoyo/file.c, 792|security/tomoyo/file.c,802}"
CE0x7672a20 "{CE0x7672a20|tomoyo_path_perm:tmp23|security/tomoyo/file.c,814}"
CE0x7594170 "{CE0x7594170|tomoyo_path_perm:tobool|security/tomoyo/file.c,814}"
CE0x5b98710 "{CE0x5b98710|tomoyo_path_perm:sw.epilog}"
CE0x5cd0520 "{CE0x5cd0520|tomoyo_path_permission:entry}"
CE0x41f8740 "{CE0x41f8740|tomoyo_path_permission:if.end}"
CE0x6066010 "{CE0x6066010|0:_%struct.tomoyo_obj_info*,_16:_%struct.tomoyo_domain_info*,_24:_%struct.tomoyo_path_info*,_40:_i8,_72:_i8,_75:_i8,_76:_i8,_77:_i8,_:_SCMRE_27,28_}"
CONST[source:0(mediator),value:2(dynamic)][purpose:{object}]


CONST[source:0(mediator),value:0(static)][purpose:{operation}][SrcIdx:2]  ->  CONST[source:0(mediator),value:2(dynamic)][purpose:{object}]
-----------
CONST[source:0(mediator),value:0(static)][purpose:{operation}][SrcIdx:2]
CE0x430a4b0 "{CE0x430a4b0|tomoyo_path_perm:operation|Function::tomoyo_path_perm&Arg::operation::|*SummSource*}"
CE0x4d0a720 "{CE0x4d0a720|tomoyo_path_perm:operation|Function::tomoyo_path_perm&Arg::operation::}"
CE0x5c6e750 "{CE0x5c6e750|tomoyo_path_perm:conv8|security/tomoyo/file.c,807}"
CE0x5b98710 "{CE0x5b98710|tomoyo_path_perm:sw.epilog}"
CE0x5cd0520 "{CE0x5cd0520|tomoyo_path_permission:entry}"
CE0x41f8740 "{CE0x41f8740|tomoyo_path_permission:if.end}"
CE0x6066010 "{CE0x6066010|0:_%struct.tomoyo_obj_info*,_16:_%struct.tomoyo_domain_info*,_24:_%struct.tomoyo_path_info*,_40:_i8,_72:_i8,_75:_i8,_76:_i8,_77:_i8,_:_SCMRE_27,28_}"
CONST[source:0(mediator),value:2(dynamic)][purpose:{object}]


