[selinux_inode_permission]

explicit:
CONST[source:2(external),value:2(dynamic)][purpose:{subject}][SrcIdx:28]  ->  CONST[source:0(mediator),value:2(dynamic)][purpose:{subject}][SnkIdx:4]
-----------
CONST[source:2(external),value:2(dynamic)][purpose:{subject}][SrcIdx:28]
CE0x45284e0 "{CE0x45284e0|COLLAPSED:_GCMRE_current_task_external_global_%struct.task_struct*:_elem_0::|security/selinux/hooks.c,2838}"
CE0x4636520 "{CE0x4636520|current_sid:tmp22|security/selinux/hooks.c,218}"
CE0x4636cb0 "{CE0x4636cb0|current_sid:tmp23|security/selinux/hooks.c,218}"
CE0x46375b0 "{CE0x46375b0|current_sid:sid|security/selinux/hooks.c,220}"
CE0x4637ae0 "{CE0x4637ae0|current_sid:tmp24|security/selinux/hooks.c,220}"
CE0x4667cc0 "{CE0x4667cc0|_ret_i32_%tmp24,_!dbg_!27742|security/selinux/hooks.c,220}"
CE0x4617400 "{CE0x4617400|audit_inode_permission:call|security/selinux/hooks.c,2829}"
CE0x460ef40 "{CE0x460ef40|audit_inode_permission:call|security/selinux/hooks.c,2829|*SummSink*}"
CONST[source:0(mediator),value:2(dynamic)][purpose:{subject}][SnkIdx:4]


CONST[source:2(external),value:2(dynamic)][purpose:{subject}][SrcIdx:28]  ->  CONST[source:0(mediator),value:2(dynamic)][purpose:{subject}][SnkIdx:0]
-----------
CONST[source:2(external),value:2(dynamic)][purpose:{subject}][SrcIdx:28]
CE0x45284e0 "{CE0x45284e0|COLLAPSED:_GCMRE_current_task_external_global_%struct.task_struct*:_elem_0::|security/selinux/hooks.c,2838}"
CE0x4528b30 "{CE0x4528b30|selinux_inode_permission:tmp19|security/selinux/hooks.c,2838}"
CE0x45c3100 "{CE0x45c3100|cred_sid:cred|Function::cred_sid&Arg::cred::}"
CE0x4553ae0 "{CE0x4553ae0|cred_sid:security|security/selinux/hooks.c,196}"
CE0x4553a70 "{CE0x4553a70|cred_sid:tmp4|*LoadInst*|security/selinux/hooks.c,196}"
CE0x4612170 "{CE0x4612170|cred_sid:tmp5|security/selinux/hooks.c,196}"
CE0x4548d90 "{CE0x4548d90|cred_sid:sid|security/selinux/hooks.c,197}"
CE0x45503e0 "{CE0x45503e0|cred_sid:tmp6|security/selinux/hooks.c,197}"
CE0x45c3430 "{CE0x45c3430|_ret_i32_%tmp6,_!dbg_!27716|security/selinux/hooks.c,197}"
CE0x45c21e0 "{CE0x45c21e0|selinux_inode_permission:call31|security/selinux/hooks.c,2862}"
CE0x45c2850 "{CE0x45c2850|selinux_inode_permission:call31|security/selinux/hooks.c,2862|*SummSink*}"
CONST[source:0(mediator),value:2(dynamic)][purpose:{subject}][SnkIdx:0]


CONST[source:1(input),value:2(dynamic)][purpose:{object}][SrcIdx:26]  ->  CONST[source:0(mediator),value:2(dynamic)][purpose:{object}][SnkIdx:1]
-----------
CONST[source:1(input),value:2(dynamic)][purpose:{object}][SrcIdx:26]
CE0x45d1650 "{CE0x45d1650|28:_i32,_32:_i16,_:_CRE_28,32_|*MultipleSource*|*LoadInst*|security/selinux/hooks.c,2863|security/selinux/hooks.c,2863|security/selinux/hooks.c,2865}"
CE0x45d5d50 "{CE0x45d5d50|selinux_inode_permission:tmp40|security/selinux/hooks.c,2865}"
CE0x45d6150 "{CE0x45d6150|selinux_inode_permission:tmp40|security/selinux/hooks.c,2865|*SummSink*}"
CONST[source:0(mediator),value:2(dynamic)][purpose:{object}][SnkIdx:1]


CONST[source:1(input),value:2(dynamic)][purpose:{object}][SrcIdx:26]  ->  CONST[source:0(mediator),value:2(dynamic)][purpose:{object}][SnkIdx:6]
-----------
CONST[source:1(input),value:2(dynamic)][purpose:{object}][SrcIdx:26]
CE0x45d1780 "{CE0x45d1780|28:_i32,_32:_i16,_:_CRE_32,34_|*MultipleSource*|*LoadInst*|security/selinux/hooks.c,2863|security/selinux/hooks.c,2863|security/selinux/hooks.c,2865}"
CE0x4555a80 "{CE0x4555a80|audit_inode_permission:tmp5|security/selinux/hooks.c,2829}"
CE0x4556010 "{CE0x4556010|audit_inode_permission:tmp5|security/selinux/hooks.c,2829|*SummSink*}"
CONST[source:0(mediator),value:2(dynamic)][purpose:{object}][SnkIdx:6]


CONST[source:1(input),value:2(dynamic)][purpose:{object}][SrcIdx:26]  ->  CONST[source:0(mediator),value:2(dynamic)][purpose:{object}][SnkIdx:2]
-----------
CONST[source:1(input),value:2(dynamic)][purpose:{object}][SrcIdx:26]
CE0x45d1780 "{CE0x45d1780|28:_i32,_32:_i16,_:_CRE_32,34_|*MultipleSource*|*LoadInst*|security/selinux/hooks.c,2863|security/selinux/hooks.c,2863|security/selinux/hooks.c,2865}"
CE0x45ca9a0 "{CE0x45ca9a0|selinux_inode_permission:tmp41|security/selinux/hooks.c,2865}"
CE0x45cae60 "{CE0x45cae60|selinux_inode_permission:tmp41|security/selinux/hooks.c,2865|*SummSink*}"
CONST[source:0(mediator),value:2(dynamic)][purpose:{object}][SnkIdx:2]


CONST[source:1(input),value:2(dynamic)][purpose:{object}][SrcIdx:26]  ->  CONST[source:0(mediator),value:2(dynamic)][purpose:{object}][SnkIdx:5]
-----------
CONST[source:1(input),value:2(dynamic)][purpose:{object}][SrcIdx:26]
CE0x45d1650 "{CE0x45d1650|28:_i32,_32:_i16,_:_CRE_28,32_|*MultipleSource*|*LoadInst*|security/selinux/hooks.c,2863|security/selinux/hooks.c,2863|security/selinux/hooks.c,2865}"
CE0x46681a0 "{CE0x46681a0|audit_inode_permission:tmp4|security/selinux/hooks.c,2829}"
CE0x468c140 "{CE0x468c140|audit_inode_permission:tmp4|security/selinux/hooks.c,2829|*SummSink*}"
CONST[source:0(mediator),value:2(dynamic)][purpose:{object}][SnkIdx:5]



implicit:
CONST[source:1(input),value:2(dynamic)][purpose:{object}][SrcIdx:26]  ->  CONST[source:0(mediator),value:2(dynamic)][purpose:{object}][SnkIdx:5]
-----------
CONST[source:1(input),value:2(dynamic)][purpose:{object}][SrcIdx:26]
CE0x45d1650 "{CE0x45d1650|28:_i32,_32:_i16,_:_CRE_28,32_|*MultipleSource*|*LoadInst*|security/selinux/hooks.c,2863|security/selinux/hooks.c,2863|security/selinux/hooks.c,2865}"
CE0x46681a0 "{CE0x46681a0|audit_inode_permission:tmp4|security/selinux/hooks.c,2829}"
CE0x468c140 "{CE0x468c140|audit_inode_permission:tmp4|security/selinux/hooks.c,2829|*SummSink*}"
CONST[source:0(mediator),value:2(dynamic)][purpose:{object}][SnkIdx:5]


CONST[source:1(input),value:2(dynamic)][purpose:{object}][SrcIdx:26]  ->  CONST[source:0(mediator),value:2(dynamic)][purpose:{subject}][SnkIdx:0]
-----------
CONST[source:1(input),value:2(dynamic)][purpose:{object}][SrcIdx:26]
CE0x455ce80 "{CE0x455ce80|0:_i16,_12:_i32,_56:_i8*,_:_CRE_12,16_|*MultipleSource*|Function::selinux_inode_permission&Arg::inode::|security/selinux/hooks.c,2857}"
CE0x4580bb0 "{CE0x4580bb0|selinux_inode_permission:tmp30|*LoadInst*|security/selinux/hooks.c,2857}"
CE0x4581700 "{CE0x4581700|selinux_inode_permission:and23|security/selinux/hooks.c,2857}"
CE0x45cef50 "{CE0x45cef50|selinux_inode_permission:tobool24|security/selinux/hooks.c,2857}"
CE0x4581d60 "{CE0x4581d60|selinux_inode_permission:lnot|security/selinux/hooks.c,2857}"
CE0x45bc920 "{CE0x45bc920|selinux_inode_permission:lnot25|security/selinux/hooks.c,2857}"
CE0x45bcd90 "{CE0x45bcd90|selinux_inode_permission:lnot.ext|security/selinux/hooks.c,2857}"
CE0x45bd410 "{CE0x45bd410|selinux_inode_permission:conv|security/selinux/hooks.c,2857}"
CE0x45bdae0 "{CE0x45bdae0|selinux_inode_permission:expval|security/selinux/hooks.c,2857}"
CE0x45274c0 "{CE0x45274c0|selinux_inode_permission:tobool26|security/selinux/hooks.c,2857}"
CE0x4501c20 "{CE0x4501c20|selinux_inode_permission:if.end28}"
CE0x45c21e0 "{CE0x45c21e0|selinux_inode_permission:call31|security/selinux/hooks.c,2862}"
CE0x45c2850 "{CE0x45c2850|selinux_inode_permission:call31|security/selinux/hooks.c,2862|*SummSink*}"
CONST[source:0(mediator),value:2(dynamic)][purpose:{subject}][SnkIdx:0]


CONST[source:1(input),value:2(dynamic)][purpose:{object}][SrcIdx:26]  ->  CONST[source:0(mediator),value:0(static)][purpose:{operation}][SnkIdx:7]
-----------
CONST[source:1(input),value:2(dynamic)][purpose:{object}][SrcIdx:26]
CE0x455c490 "{CE0x455c490|0:_i16,_12:_i32,_56:_i8*,_:_CRE_0,2_|*MultipleSource*|Function::selinux_inode_permission&Arg::inode::|security/selinux/hooks.c,2857}"
CE0x45c9d20 "{CE0x45c9d20|selinux_inode_permission:tmp37|*LoadInst*|security/selinux/hooks.c,2860}"
CE0x45ca100 "{CE0x45ca100|selinux_inode_permission:conv29|security/selinux/hooks.c,2860}"
CE0x45d80c0 "{CE0x45d80c0|file_mask_to_av:mode|Function::file_mask_to_av&Arg::mode::}"
CE0x461ae10 "{CE0x461ae10|file_mask_to_av:and|security/selinux/hooks.c,1874}"
CE0x4618cd0 "{CE0x4618cd0|file_mask_to_av:cmp|security/selinux/hooks.c,1874}"
CE0x462c760 "{CE0x462c760|file_mask_to_av:if.end46}"
CE0x45f3190 "{CE0x45f3190|file_mask_to_av:av.6}"
CE0x4600af0 "{CE0x4600af0|file_mask_to_av:av.7}"
CE0x45d8a00 "{CE0x45d8a00|_ret_i32_%av.7,_!dbg_!27757|security/selinux/hooks.c,1894}"
CE0x45d72f0 "{CE0x45d72f0|selinux_inode_permission:call30|security/selinux/hooks.c,2860}"
CE0x452d990 "{CE0x452d990|audit_inode_permission:perms|Function::audit_inode_permission&Arg::perms::}"
CE0x452daa0 "{CE0x452daa0|audit_inode_permission:perms|Function::audit_inode_permission&Arg::perms::|*SummSink*}"
CONST[source:0(mediator),value:0(static)][purpose:{operation}][SnkIdx:7]


CONST[source:1(input),value:2(dynamic)][purpose:{object}][SrcIdx:26]  ->  CONST[source:0(mediator),value:2(dynamic)][purpose:{object}][SnkIdx:2]
-----------
CONST[source:1(input),value:2(dynamic)][purpose:{object}][SrcIdx:26]
CE0x45d1780 "{CE0x45d1780|28:_i32,_32:_i16,_:_CRE_32,34_|*MultipleSource*|*LoadInst*|security/selinux/hooks.c,2863|security/selinux/hooks.c,2863|security/selinux/hooks.c,2865}"
CE0x45ca9a0 "{CE0x45ca9a0|selinux_inode_permission:tmp41|security/selinux/hooks.c,2865}"
CE0x45cae60 "{CE0x45cae60|selinux_inode_permission:tmp41|security/selinux/hooks.c,2865|*SummSink*}"
CONST[source:0(mediator),value:2(dynamic)][purpose:{object}][SnkIdx:2]


CONST[source:1(input),value:2(dynamic)][purpose:{object}][SrcIdx:26]  ->  CONST[source:0(mediator),value:0(static)][purpose:{operation}][SnkIdx:3]
-----------
CONST[source:1(input),value:2(dynamic)][purpose:{object}][SrcIdx:26]
CE0x455c490 "{CE0x455c490|0:_i16,_12:_i32,_56:_i8*,_:_CRE_0,2_|*MultipleSource*|Function::selinux_inode_permission&Arg::inode::|security/selinux/hooks.c,2857}"
CE0x45c9d20 "{CE0x45c9d20|selinux_inode_permission:tmp37|*LoadInst*|security/selinux/hooks.c,2860}"
CE0x45ca100 "{CE0x45ca100|selinux_inode_permission:conv29|security/selinux/hooks.c,2860}"
CE0x45d80c0 "{CE0x45d80c0|file_mask_to_av:mode|Function::file_mask_to_av&Arg::mode::}"
CE0x461ae10 "{CE0x461ae10|file_mask_to_av:and|security/selinux/hooks.c,1874}"
CE0x4618cd0 "{CE0x4618cd0|file_mask_to_av:cmp|security/selinux/hooks.c,1874}"
CE0x462c760 "{CE0x462c760|file_mask_to_av:if.end46}"
CE0x45f3190 "{CE0x45f3190|file_mask_to_av:av.6}"
CE0x4600af0 "{CE0x4600af0|file_mask_to_av:av.7}"
CE0x45d8a00 "{CE0x45d8a00|_ret_i32_%av.7,_!dbg_!27757|security/selinux/hooks.c,1894}"
CE0x45d72f0 "{CE0x45d72f0|selinux_inode_permission:call30|security/selinux/hooks.c,2860}"
CE0x45d7820 "{CE0x45d7820|selinux_inode_permission:call30|security/selinux/hooks.c,2860|*SummSink*}"
CONST[source:0(mediator),value:0(static)][purpose:{operation}][SnkIdx:3]


CONST[source:1(input),value:2(dynamic)][purpose:{object}][SrcIdx:26]  ->  CONST[source:0(mediator),value:2(dynamic)][purpose:{object}][SnkIdx:1]
-----------
CONST[source:1(input),value:2(dynamic)][purpose:{object}][SrcIdx:26]
CE0x45d1650 "{CE0x45d1650|28:_i32,_32:_i16,_:_CRE_28,32_|*MultipleSource*|*LoadInst*|security/selinux/hooks.c,2863|security/selinux/hooks.c,2863|security/selinux/hooks.c,2865}"
CE0x45d5d50 "{CE0x45d5d50|selinux_inode_permission:tmp40|security/selinux/hooks.c,2865}"
CE0x45d6150 "{CE0x45d6150|selinux_inode_permission:tmp40|security/selinux/hooks.c,2865|*SummSink*}"
CONST[source:0(mediator),value:2(dynamic)][purpose:{object}][SnkIdx:1]


CONST[source:1(input),value:2(dynamic)][purpose:{object}][SrcIdx:26]  ->  CONST[source:0(mediator),value:2(dynamic)][purpose:{object}][SnkIdx:6]
-----------
CONST[source:1(input),value:2(dynamic)][purpose:{object}][SrcIdx:26]
CE0x45d1780 "{CE0x45d1780|28:_i32,_32:_i16,_:_CRE_32,34_|*MultipleSource*|*LoadInst*|security/selinux/hooks.c,2863|security/selinux/hooks.c,2863|security/selinux/hooks.c,2865}"
CE0x4555a80 "{CE0x4555a80|audit_inode_permission:tmp5|security/selinux/hooks.c,2829}"
CE0x4556010 "{CE0x4556010|audit_inode_permission:tmp5|security/selinux/hooks.c,2829|*SummSink*}"
CONST[source:0(mediator),value:2(dynamic)][purpose:{object}][SnkIdx:6]


CONST[source:1(input),value:2(dynamic)][purpose:{object}][SrcIdx:26]  ->  CONST[source:0(mediator),value:2(dynamic)][purpose:{subject}][SnkIdx:4]
-----------
CONST[source:1(input),value:2(dynamic)][purpose:{object}][SrcIdx:26]
CE0x455ce80 "{CE0x455ce80|0:_i16,_12:_i32,_56:_i8*,_:_CRE_12,16_|*MultipleSource*|Function::selinux_inode_permission&Arg::inode::|security/selinux/hooks.c,2857}"
CE0x4580bb0 "{CE0x4580bb0|selinux_inode_permission:tmp30|*LoadInst*|security/selinux/hooks.c,2857}"
CE0x4581700 "{CE0x4581700|selinux_inode_permission:and23|security/selinux/hooks.c,2857}"
CE0x45cef50 "{CE0x45cef50|selinux_inode_permission:tobool24|security/selinux/hooks.c,2857}"
CE0x4581d60 "{CE0x4581d60|selinux_inode_permission:lnot|security/selinux/hooks.c,2857}"
CE0x45bc920 "{CE0x45bc920|selinux_inode_permission:lnot25|security/selinux/hooks.c,2857}"
CE0x45bcd90 "{CE0x45bcd90|selinux_inode_permission:lnot.ext|security/selinux/hooks.c,2857}"
CE0x45bd410 "{CE0x45bd410|selinux_inode_permission:conv|security/selinux/hooks.c,2857}"
CE0x45bdae0 "{CE0x45bdae0|selinux_inode_permission:expval|security/selinux/hooks.c,2857}"
CE0x45274c0 "{CE0x45274c0|selinux_inode_permission:tobool26|security/selinux/hooks.c,2857}"
CE0x5192e80 "{CE0x5192e80|selinux_inode_permission:if.end49}"
CE0x452ced0 "{CE0x452ced0|audit_inode_permission:entry}"
CE0x46268f0 "{CE0x46268f0|audit_inode_permission:bb}"
CE0x4617400 "{CE0x4617400|audit_inode_permission:call|security/selinux/hooks.c,2829}"
CE0x460ef40 "{CE0x460ef40|audit_inode_permission:call|security/selinux/hooks.c,2829|*SummSink*}"
CONST[source:0(mediator),value:2(dynamic)][purpose:{subject}][SnkIdx:4]


CONST[source:2(external),value:2(dynamic)][purpose:{subject}][SrcIdx:28]  ->  CONST[source:0(mediator),value:2(dynamic)][purpose:{subject}][SnkIdx:0]
-----------
CONST[source:2(external),value:2(dynamic)][purpose:{subject}][SrcIdx:28]
CE0x45284e0 "{CE0x45284e0|COLLAPSED:_GCMRE_current_task_external_global_%struct.task_struct*:_elem_0::|security/selinux/hooks.c,2838}"
CE0x4528b30 "{CE0x4528b30|selinux_inode_permission:tmp19|security/selinux/hooks.c,2838}"
CE0x45c3100 "{CE0x45c3100|cred_sid:cred|Function::cred_sid&Arg::cred::}"
CE0x4553ae0 "{CE0x4553ae0|cred_sid:security|security/selinux/hooks.c,196}"
CE0x4553a70 "{CE0x4553a70|cred_sid:tmp4|*LoadInst*|security/selinux/hooks.c,196}"
CE0x4612170 "{CE0x4612170|cred_sid:tmp5|security/selinux/hooks.c,196}"
CE0x4548d90 "{CE0x4548d90|cred_sid:sid|security/selinux/hooks.c,197}"
CE0x45503e0 "{CE0x45503e0|cred_sid:tmp6|security/selinux/hooks.c,197}"
CE0x45c3430 "{CE0x45c3430|_ret_i32_%tmp6,_!dbg_!27716|security/selinux/hooks.c,197}"
CE0x45c21e0 "{CE0x45c21e0|selinux_inode_permission:call31|security/selinux/hooks.c,2862}"
CE0x45c2850 "{CE0x45c2850|selinux_inode_permission:call31|security/selinux/hooks.c,2862|*SummSink*}"
CONST[source:0(mediator),value:2(dynamic)][purpose:{subject}][SnkIdx:0]


CONST[source:2(external),value:2(dynamic)][purpose:{subject}][SrcIdx:28]  ->  CONST[source:0(mediator),value:2(dynamic)][purpose:{subject}][SnkIdx:4]
-----------
CONST[source:2(external),value:2(dynamic)][purpose:{subject}][SrcIdx:28]
CE0x45284e0 "{CE0x45284e0|COLLAPSED:_GCMRE_current_task_external_global_%struct.task_struct*:_elem_0::|security/selinux/hooks.c,2838}"
CE0x4636520 "{CE0x4636520|current_sid:tmp22|security/selinux/hooks.c,218}"
CE0x4636cb0 "{CE0x4636cb0|current_sid:tmp23|security/selinux/hooks.c,218}"
CE0x46375b0 "{CE0x46375b0|current_sid:sid|security/selinux/hooks.c,220}"
CE0x4637ae0 "{CE0x4637ae0|current_sid:tmp24|security/selinux/hooks.c,220}"
CE0x4667cc0 "{CE0x4667cc0|_ret_i32_%tmp24,_!dbg_!27742|security/selinux/hooks.c,220}"
CE0x4617400 "{CE0x4617400|audit_inode_permission:call|security/selinux/hooks.c,2829}"
CE0x460ef40 "{CE0x460ef40|audit_inode_permission:call|security/selinux/hooks.c,2829|*SummSink*}"
CONST[source:0(mediator),value:2(dynamic)][purpose:{subject}][SnkIdx:4]


CONST[source:1(input),value:2(dynamic)][purpose:{operation}][SrcIdx:27]  ->  CONST[source:0(mediator),value:2(dynamic)][purpose:{object}][SnkIdx:5]
-----------
CONST[source:1(input),value:2(dynamic)][purpose:{operation}][SrcIdx:27]
CE0x4534050 "{CE0x4534050|selinux_inode_permission:and17|security/selinux/hooks.c,2849|*SummSource*}"
CE0x4533f80 "{CE0x4533f80|selinux_inode_permission:and17|security/selinux/hooks.c,2849}"
CE0x4534330 "{CE0x4534330|selinux_inode_permission:tobool18|security/selinux/hooks.c,2852}"
CE0x5192e80 "{CE0x5192e80|selinux_inode_permission:if.end49}"
CE0x452ced0 "{CE0x452ced0|audit_inode_permission:entry}"
CE0x46268f0 "{CE0x46268f0|audit_inode_permission:bb}"
CE0x46681a0 "{CE0x46681a0|audit_inode_permission:tmp4|security/selinux/hooks.c,2829}"
CE0x468c140 "{CE0x468c140|audit_inode_permission:tmp4|security/selinux/hooks.c,2829|*SummSink*}"
CONST[source:0(mediator),value:2(dynamic)][purpose:{object}][SnkIdx:5]


CONST[source:1(input),value:2(dynamic)][purpose:{operation}][SrcIdx:27]  ->  CONST[source:0(mediator),value:2(dynamic)][purpose:{subject}][SnkIdx:0]
-----------
CONST[source:1(input),value:2(dynamic)][purpose:{operation}][SrcIdx:27]
CE0x4534050 "{CE0x4534050|selinux_inode_permission:and17|security/selinux/hooks.c,2849|*SummSource*}"
CE0x4533f80 "{CE0x4533f80|selinux_inode_permission:and17|security/selinux/hooks.c,2849}"
CE0x4534330 "{CE0x4534330|selinux_inode_permission:tobool18|security/selinux/hooks.c,2852}"
CE0x4501c20 "{CE0x4501c20|selinux_inode_permission:if.end28}"
CE0x45c21e0 "{CE0x45c21e0|selinux_inode_permission:call31|security/selinux/hooks.c,2862}"
CE0x45c2850 "{CE0x45c2850|selinux_inode_permission:call31|security/selinux/hooks.c,2862|*SummSink*}"
CONST[source:0(mediator),value:2(dynamic)][purpose:{subject}][SnkIdx:0]


CONST[source:1(input),value:2(dynamic)][purpose:{operation}][SrcIdx:27]  ->  CONST[source:0(mediator),value:0(static)][purpose:{operation}][SnkIdx:7]
-----------
CONST[source:1(input),value:2(dynamic)][purpose:{operation}][SrcIdx:27]
CE0x4534050 "{CE0x4534050|selinux_inode_permission:and17|security/selinux/hooks.c,2849|*SummSource*}"
CE0x4533f80 "{CE0x4533f80|selinux_inode_permission:and17|security/selinux/hooks.c,2849}"
CE0x4534330 "{CE0x4534330|selinux_inode_permission:tobool18|security/selinux/hooks.c,2852}"
CE0x4501c20 "{CE0x4501c20|selinux_inode_permission:if.end28}"
CE0x45d72f0 "{CE0x45d72f0|selinux_inode_permission:call30|security/selinux/hooks.c,2860}"
CE0x452d990 "{CE0x452d990|audit_inode_permission:perms|Function::audit_inode_permission&Arg::perms::}"
CE0x452daa0 "{CE0x452daa0|audit_inode_permission:perms|Function::audit_inode_permission&Arg::perms::|*SummSink*}"
CONST[source:0(mediator),value:0(static)][purpose:{operation}][SnkIdx:7]


CONST[source:1(input),value:2(dynamic)][purpose:{operation}][SrcIdx:27]  ->  CONST[source:0(mediator),value:2(dynamic)][purpose:{object}][SnkIdx:2]
-----------
CONST[source:1(input),value:2(dynamic)][purpose:{operation}][SrcIdx:27]
CE0x4534050 "{CE0x4534050|selinux_inode_permission:and17|security/selinux/hooks.c,2849|*SummSource*}"
CE0x4533f80 "{CE0x4533f80|selinux_inode_permission:and17|security/selinux/hooks.c,2849}"
CE0x4534330 "{CE0x4534330|selinux_inode_permission:tobool18|security/selinux/hooks.c,2852}"
CE0x4501c20 "{CE0x4501c20|selinux_inode_permission:if.end28}"
CE0x45ca9a0 "{CE0x45ca9a0|selinux_inode_permission:tmp41|security/selinux/hooks.c,2865}"
CE0x45cae60 "{CE0x45cae60|selinux_inode_permission:tmp41|security/selinux/hooks.c,2865|*SummSink*}"
CONST[source:0(mediator),value:2(dynamic)][purpose:{object}][SnkIdx:2]


CONST[source:1(input),value:2(dynamic)][purpose:{operation}][SrcIdx:27]  ->  CONST[source:0(mediator),value:0(static)][purpose:{operation}][SnkIdx:3]
-----------
CONST[source:1(input),value:2(dynamic)][purpose:{operation}][SrcIdx:27]
CE0x4534050 "{CE0x4534050|selinux_inode_permission:and17|security/selinux/hooks.c,2849|*SummSource*}"
CE0x4533f80 "{CE0x4533f80|selinux_inode_permission:and17|security/selinux/hooks.c,2849}"
CE0x4534330 "{CE0x4534330|selinux_inode_permission:tobool18|security/selinux/hooks.c,2852}"
CE0x4501c20 "{CE0x4501c20|selinux_inode_permission:if.end28}"
CE0x45d72f0 "{CE0x45d72f0|selinux_inode_permission:call30|security/selinux/hooks.c,2860}"
CE0x45d7820 "{CE0x45d7820|selinux_inode_permission:call30|security/selinux/hooks.c,2860|*SummSink*}"
CONST[source:0(mediator),value:0(static)][purpose:{operation}][SnkIdx:3]


CONST[source:1(input),value:2(dynamic)][purpose:{operation}][SrcIdx:27]  ->  CONST[source:0(mediator),value:2(dynamic)][purpose:{object}][SnkIdx:1]
-----------
CONST[source:1(input),value:2(dynamic)][purpose:{operation}][SrcIdx:27]
CE0x4534050 "{CE0x4534050|selinux_inode_permission:and17|security/selinux/hooks.c,2849|*SummSource*}"
CE0x4533f80 "{CE0x4533f80|selinux_inode_permission:and17|security/selinux/hooks.c,2849}"
CE0x4534330 "{CE0x4534330|selinux_inode_permission:tobool18|security/selinux/hooks.c,2852}"
CE0x4501c20 "{CE0x4501c20|selinux_inode_permission:if.end28}"
CE0x45d5d50 "{CE0x45d5d50|selinux_inode_permission:tmp40|security/selinux/hooks.c,2865}"
CE0x45d6150 "{CE0x45d6150|selinux_inode_permission:tmp40|security/selinux/hooks.c,2865|*SummSink*}"
CONST[source:0(mediator),value:2(dynamic)][purpose:{object}][SnkIdx:1]


CONST[source:1(input),value:2(dynamic)][purpose:{operation}][SrcIdx:27]  ->  CONST[source:0(mediator),value:2(dynamic)][purpose:{object}][SnkIdx:6]
-----------
CONST[source:1(input),value:2(dynamic)][purpose:{operation}][SrcIdx:27]
CE0x4534050 "{CE0x4534050|selinux_inode_permission:and17|security/selinux/hooks.c,2849|*SummSource*}"
CE0x4533f80 "{CE0x4533f80|selinux_inode_permission:and17|security/selinux/hooks.c,2849}"
CE0x4534330 "{CE0x4534330|selinux_inode_permission:tobool18|security/selinux/hooks.c,2852}"
CE0x5192e80 "{CE0x5192e80|selinux_inode_permission:if.end49}"
CE0x452ced0 "{CE0x452ced0|audit_inode_permission:entry}"
CE0x46268f0 "{CE0x46268f0|audit_inode_permission:bb}"
CE0x4555a80 "{CE0x4555a80|audit_inode_permission:tmp5|security/selinux/hooks.c,2829}"
CE0x4556010 "{CE0x4556010|audit_inode_permission:tmp5|security/selinux/hooks.c,2829|*SummSink*}"
CONST[source:0(mediator),value:2(dynamic)][purpose:{object}][SnkIdx:6]


CONST[source:1(input),value:2(dynamic)][purpose:{operation}][SrcIdx:27]  ->  CONST[source:0(mediator),value:2(dynamic)][purpose:{subject}][SnkIdx:4]
-----------
CONST[source:1(input),value:2(dynamic)][purpose:{operation}][SrcIdx:27]
CE0x4534050 "{CE0x4534050|selinux_inode_permission:and17|security/selinux/hooks.c,2849|*SummSource*}"
CE0x4533f80 "{CE0x4533f80|selinux_inode_permission:and17|security/selinux/hooks.c,2849}"
CE0x4534330 "{CE0x4534330|selinux_inode_permission:tobool18|security/selinux/hooks.c,2852}"
CE0x5192e80 "{CE0x5192e80|selinux_inode_permission:if.end49}"
CE0x452ced0 "{CE0x452ced0|audit_inode_permission:entry}"
CE0x46268f0 "{CE0x46268f0|audit_inode_permission:bb}"
CE0x4617400 "{CE0x4617400|audit_inode_permission:call|security/selinux/hooks.c,2829}"
CE0x460ef40 "{CE0x460ef40|audit_inode_permission:call|security/selinux/hooks.c,2829|*SummSink*}"
CONST[source:0(mediator),value:2(dynamic)][purpose:{subject}][SnkIdx:4]


