[apparmor_path_truncate]

explicit:
CONST[source:2(external),value:2(dynamic)][purpose:{subject}][SrcIdx:5]  ->  CONST[source:0(mediator),value:2(dynamic)][purpose:{subject}]
-----------
CONST[source:2(external),value:2(dynamic)][purpose:{subject}][SrcIdx:5]
CE0x5af6110 "{CE0x5af6110|44:_i32,_48:_i16,_128:_i8*,_:_SCMRE_128,136_|*MultipleSource*|Function::aa_cred_profile&Arg::cred::|security/apparmor/include/context.h,99|security/apparmor/include/context.h,138}"
CE0x5b325b0 "{CE0x5b325b0|aa_cred_profile:tmp4|*LoadInst*|security/apparmor/include/context.h,99}"
CE0x5b22d80 "{CE0x5b22d80|aa_cred_profile:tmp5|security/apparmor/include/context.h,99}"
CE0x5b15aa0 "{CE0x5b15aa0|aa_cred_profile:profile11|security/apparmor/include/context.h,101}"
CE0x5b15e50 "{CE0x5b15e50|aa_cred_profile:tmp34|security/apparmor/include/context.h,101}"
CE0x5a8a1e0 "{CE0x5a8a1e0|_ret_%struct.aa_profile*_%tmp34,_!dbg_!15510|security/apparmor/include/context.h,101}"
CE0x5aa9c70 "{CE0x5aa9c70|__aa_current_profile:call4|security/apparmor/include/context.h,138}"
CE0x5a6cf10 "{CE0x5a6cf10|_ret_%struct.aa_profile*_%call4,_!dbg_!15494|security/apparmor/include/context.h,138}"
CE0x5ae18d0 "{CE0x5ae18d0|common_perm:call|security/apparmor/lsm.c,168}"
CE0x5ae2850 "{CE0x5ae2850|common_perm:call|security/apparmor/lsm.c,168|*SummSink*}"
CONST[source:0(mediator),value:2(dynamic)][purpose:{subject}]


CONST[source:1(input),value:2(dynamic)][purpose:{object}][SrcIdx:1]  ->  CONST[source:0(mediator),value:2(dynamic)][purpose:{object}]
-----------
CONST[source:1(input),value:2(dynamic)][purpose:{object}][SrcIdx:1]
CE0x5740ee0 "{CE0x5740ee0|0:_%struct.vfsmount*,_8:_%struct.dentry*,_:_CRE_8,16_|*MultipleSource*|Function::apparmor_path_truncate&Arg::path::|security/apparmor/lsm.c,284}"
CONST[source:0(mediator),value:2(dynamic)][purpose:{object}]



implicit:
CONST[source:1(input),value:2(dynamic)][purpose:{object}][SrcIdx:1]  ->  CONST[source:0(mediator),value:2(dynamic)][purpose:{subject}]
-----------
CONST[source:1(input),value:2(dynamic)][purpose:{object}][SrcIdx:1]
CE0x5a75e40 "{CE0x5a75e40|0:_%struct.vfsmount*,_8:_%struct.dentry*,_:_CRE_0,8_|*MultipleSource*|Function::apparmor_path_truncate&Arg::path::|security/apparmor/lsm.c,284}"
CE0x5a94d80 "{CE0x5a94d80|apparmor_path_truncate:tmp9|*LoadInst*|security/apparmor/lsm.c,288}"
CE0x5a953b0 "{CE0x5a953b0|apparmor_path_truncate:tobool|security/apparmor/lsm.c,288}"
CE0x5a46ca0 "{CE0x5a46ca0|apparmor_path_truncate:if.end}"
CE0x5aa0870 "{CE0x5aa0870|common_perm:entry}"
CE0x5ae1fc0 "{CE0x5ae1fc0|common_perm:bb}"
CE0x5ae18d0 "{CE0x5ae18d0|common_perm:call|security/apparmor/lsm.c,168}"
CE0x5ae2850 "{CE0x5ae2850|common_perm:call|security/apparmor/lsm.c,168|*SummSink*}"
CONST[source:0(mediator),value:2(dynamic)][purpose:{subject}]


CONST[source:1(input),value:2(dynamic)][purpose:{object}][SrcIdx:1]  ->  CONST[source:0(mediator),value:2(dynamic)][purpose:{object}]
-----------
CONST[source:1(input),value:2(dynamic)][purpose:{object}][SrcIdx:1]
CE0x5740ee0 "{CE0x5740ee0|0:_%struct.vfsmount*,_8:_%struct.dentry*,_:_CRE_8,16_|*MultipleSource*|Function::apparmor_path_truncate&Arg::path::|security/apparmor/lsm.c,284}"
CONST[source:0(mediator),value:2(dynamic)][purpose:{object}]


CONST[source:2(external),value:2(dynamic)][purpose:{subject}][SrcIdx:5]  ->  CONST[source:0(mediator),value:2(dynamic)][purpose:{subject}]
-----------
CONST[source:2(external),value:2(dynamic)][purpose:{subject}][SrcIdx:5]
CE0x5af6110 "{CE0x5af6110|44:_i32,_48:_i16,_128:_i8*,_:_SCMRE_128,136_|*MultipleSource*|Function::aa_cred_profile&Arg::cred::|security/apparmor/include/context.h,99|security/apparmor/include/context.h,138}"
CE0x5b325b0 "{CE0x5b325b0|aa_cred_profile:tmp4|*LoadInst*|security/apparmor/include/context.h,99}"
CE0x5b22d80 "{CE0x5b22d80|aa_cred_profile:tmp5|security/apparmor/include/context.h,99}"
CE0x5b15aa0 "{CE0x5b15aa0|aa_cred_profile:profile11|security/apparmor/include/context.h,101}"
CE0x5b15e50 "{CE0x5b15e50|aa_cred_profile:tmp34|security/apparmor/include/context.h,101}"
CE0x5a8a1e0 "{CE0x5a8a1e0|_ret_%struct.aa_profile*_%tmp34,_!dbg_!15510|security/apparmor/include/context.h,101}"
CE0x5aa9c70 "{CE0x5aa9c70|__aa_current_profile:call4|security/apparmor/include/context.h,138}"
CE0x5a6cf10 "{CE0x5a6cf10|_ret_%struct.aa_profile*_%call4,_!dbg_!15494|security/apparmor/include/context.h,138}"
CE0x5ae18d0 "{CE0x5ae18d0|common_perm:call|security/apparmor/lsm.c,168}"
CE0x5ae2850 "{CE0x5ae2850|common_perm:call|security/apparmor/lsm.c,168|*SummSink*}"
CONST[source:0(mediator),value:2(dynamic)][purpose:{subject}]


CONST[source:2(external),value:0(static)][purpose:{object}][SrcIdx:0]  ->  CONST[source:0(mediator),value:2(dynamic)][purpose:{subject}]
-----------
CONST[source:2(external),value:0(static)][purpose:{object}][SrcIdx:0]
CE0x5a6ef70 "{CE0x5a6ef70|i64_-2147483648|*Constant*}"
CE0x5adca20 "{CE0x5adca20|mediated_filesystem:and|security/apparmor/include/apparmor.h,117}"
CE0x5a89b80 "{CE0x5a89b80|mediated_filesystem:tobool|security/apparmor/include/apparmor.h,117}"
CE0x5a8fb70 "{CE0x5a8fb70|mediated_filesystem:lnot|security/apparmor/include/apparmor.h,117}"
CE0x5a9f310 "{CE0x5a9f310|_ret_i1_%lnot,_!dbg_!15473|security/apparmor/include/apparmor.h,117}"
CE0x5a64990 "{CE0x5a64990|apparmor_path_truncate:call|security/apparmor/lsm.c,288}"
CE0x5a46ca0 "{CE0x5a46ca0|apparmor_path_truncate:if.end}"
CE0x5aa0870 "{CE0x5aa0870|common_perm:entry}"
CE0x5ae1fc0 "{CE0x5ae1fc0|common_perm:bb}"
CE0x5ae18d0 "{CE0x5ae18d0|common_perm:call|security/apparmor/lsm.c,168}"
CE0x5ae2850 "{CE0x5ae2850|common_perm:call|security/apparmor/lsm.c,168|*SummSink*}"
CONST[source:0(mediator),value:2(dynamic)][purpose:{subject}]


