[selinux_umount]

explicit:
CONST[source:2(external),value:2(dynamic)][purpose:{subject}][SrcIdx:4]  ->  CONST[source:0(mediator),value:2(dynamic)][purpose:{subject}][SnkIdx:0]
-----------
CONST[source:2(external),value:2(dynamic)][purpose:{subject}][SrcIdx:4]
CE0x3bd7370 "{CE0x3bd7370|COLLAPSED:_GCMRE_current_task_external_global_%struct.task_struct*:_elem_0::|security/selinux/hooks.c,2650}"
CE0x3bd79b0 "{CE0x3bd79b0|selinux_umount:tmp21|security/selinux/hooks.c,2650}"
CE0x3bda980 "{CE0x3bda980|superblock_has_perm:cred|Function::superblock_has_perm&Arg::cred::}"
CE0x3bfa250 "{CE0x3bfa250|cred_sid:cred|Function::cred_sid&Arg::cred::}"
CE0x3bd5a70 "{CE0x3bd5a70|cred_sid:security|security/selinux/hooks.c,196}"
CE0x3bd5fa0 "{CE0x3bd5fa0|cred_sid:tmp4|*LoadInst*|security/selinux/hooks.c,196}"
CE0x3bd6250 "{CE0x3bd6250|cred_sid:tmp5|security/selinux/hooks.c,196}"
CE0x3c1a6e0 "{CE0x3c1a6e0|cred_sid:sid|security/selinux/hooks.c,197}"
CE0x3c1b970 "{CE0x3c1b970|cred_sid:tmp6|security/selinux/hooks.c,197}"
CE0x3baa9e0 "{CE0x3baa9e0|_ret_i32_%tmp6,_!dbg_!27716|security/selinux/hooks.c,197}"
CE0x3bf9b50 "{CE0x3bf9b50|superblock_has_perm:call|security/selinux/hooks.c,1863}"
CE0x3bf9d00 "{CE0x3bf9d00|superblock_has_perm:call|security/selinux/hooks.c,1863|*SummSink*}"
CONST[source:0(mediator),value:2(dynamic)][purpose:{subject}][SnkIdx:0]


CONST[source:1(input),value:2(dynamic)][purpose:{object}][SrcIdx:2]  ->  CONST[source:0(mediator),value:2(dynamic)][purpose:{object}][SnkIdx:1]
-----------
CONST[source:1(input),value:2(dynamic)][purpose:{object}][SrcIdx:2]
CE0x3bbd6f0 "{CE0x3bbd6f0|8:_%struct.super_block*,_:_CRE_8,16_|*MultipleSource*|Function::selinux_umount&Arg::mnt::|security/selinux/hooks.c,2652}"
CE0x3bd9660 "{CE0x3bd9660|selinux_umount:tmp22|*LoadInst*|security/selinux/hooks.c,2652}"
CE0x3bdae00 "{CE0x3bdae00|superblock_has_perm:sb|Function::superblock_has_perm&Arg::sb::}"
CE0x3bbada0 "{CE0x3bbada0|superblock_has_perm:s_security|security/selinux/hooks.c,1865}"
CE0x3c0ce20 "{CE0x3c0ce20|superblock_has_perm:tmp4|*LoadInst*|security/selinux/hooks.c,1865}"
CE0x3c244e0 "{CE0x3c244e0|superblock_has_perm:tmp5|security/selinux/hooks.c,1865}"
CE0x3c24c00 "{CE0x3c24c00|superblock_has_perm:sid1|security/selinux/hooks.c,1866}"
CE0x3c11630 "{CE0x3c11630|superblock_has_perm:tmp6|security/selinux/hooks.c,1866}"
CE0x3c251c0 "{CE0x3c251c0|superblock_has_perm:tmp6|security/selinux/hooks.c,1866|*SummSink*}"
CONST[source:0(mediator),value:2(dynamic)][purpose:{object}][SnkIdx:1]



implicit:
CONST[source:2(external),value:2(dynamic)][purpose:{subject}][SrcIdx:4]  ->  CONST[source:0(mediator),value:2(dynamic)][purpose:{subject}][SnkIdx:0]
-----------
CONST[source:2(external),value:2(dynamic)][purpose:{subject}][SrcIdx:4]
CE0x3bd7370 "{CE0x3bd7370|COLLAPSED:_GCMRE_current_task_external_global_%struct.task_struct*:_elem_0::|security/selinux/hooks.c,2650}"
CE0x3bd79b0 "{CE0x3bd79b0|selinux_umount:tmp21|security/selinux/hooks.c,2650}"
CE0x3bda980 "{CE0x3bda980|superblock_has_perm:cred|Function::superblock_has_perm&Arg::cred::}"
CE0x3bfa250 "{CE0x3bfa250|cred_sid:cred|Function::cred_sid&Arg::cred::}"
CE0x3bd5a70 "{CE0x3bd5a70|cred_sid:security|security/selinux/hooks.c,196}"
CE0x3bd5fa0 "{CE0x3bd5fa0|cred_sid:tmp4|*LoadInst*|security/selinux/hooks.c,196}"
CE0x3bd6250 "{CE0x3bd6250|cred_sid:tmp5|security/selinux/hooks.c,196}"
CE0x3c1a6e0 "{CE0x3c1a6e0|cred_sid:sid|security/selinux/hooks.c,197}"
CE0x3c1b970 "{CE0x3c1b970|cred_sid:tmp6|security/selinux/hooks.c,197}"
CE0x3baa9e0 "{CE0x3baa9e0|_ret_i32_%tmp6,_!dbg_!27716|security/selinux/hooks.c,197}"
CE0x3bf9b50 "{CE0x3bf9b50|superblock_has_perm:call|security/selinux/hooks.c,1863}"
CE0x3bf9d00 "{CE0x3bf9d00|superblock_has_perm:call|security/selinux/hooks.c,1863|*SummSink*}"
CONST[source:0(mediator),value:2(dynamic)][purpose:{subject}][SnkIdx:0]


CONST[source:1(input),value:2(dynamic)][purpose:{object}][SrcIdx:2]  ->  CONST[source:0(mediator),value:2(dynamic)][purpose:{object}][SnkIdx:1]
-----------
CONST[source:1(input),value:2(dynamic)][purpose:{object}][SrcIdx:2]
CE0x3bbd6f0 "{CE0x3bbd6f0|8:_%struct.super_block*,_:_CRE_8,16_|*MultipleSource*|Function::selinux_umount&Arg::mnt::|security/selinux/hooks.c,2652}"
CE0x3bd9660 "{CE0x3bd9660|selinux_umount:tmp22|*LoadInst*|security/selinux/hooks.c,2652}"
CE0x3bdae00 "{CE0x3bdae00|superblock_has_perm:sb|Function::superblock_has_perm&Arg::sb::}"
CE0x3bbada0 "{CE0x3bbada0|superblock_has_perm:s_security|security/selinux/hooks.c,1865}"
CE0x3c0ce20 "{CE0x3c0ce20|superblock_has_perm:tmp4|*LoadInst*|security/selinux/hooks.c,1865}"
CE0x3c244e0 "{CE0x3c244e0|superblock_has_perm:tmp5|security/selinux/hooks.c,1865}"
CE0x3c24c00 "{CE0x3c24c00|superblock_has_perm:sid1|security/selinux/hooks.c,1866}"
CE0x3c11630 "{CE0x3c11630|superblock_has_perm:tmp6|security/selinux/hooks.c,1866}"
CE0x3c251c0 "{CE0x3c251c0|superblock_has_perm:tmp6|security/selinux/hooks.c,1866|*SummSink*}"
CONST[source:0(mediator),value:2(dynamic)][purpose:{object}][SnkIdx:1]


