[apparmor_path_mkdir]

explicit:
CONST[source:2(external),value:2(dynamic)][purpose:{object}][SrcIdx:4]  ->  CONST[source:0(mediator),value:2(dynamic)][purpose:{object}][SnkIdx:2]
-----------
CONST[source:2(external),value:2(dynamic)][purpose:{object}][SrcIdx:4]
CE0x4cae810 "{CE0x4cae810|COLLAPSED:_SIMRE:_elem_0:default:}"
CONST[source:0(mediator),value:2(dynamic)][purpose:{object}][SnkIdx:2]


CONST[source:2(external),value:2(dynamic)][purpose:{object}][SrcIdx:4]  ->  CONST[source:0(mediator),value:2(dynamic)][purpose:{object}][SnkIdx:3]
-----------
CONST[source:2(external),value:2(dynamic)][purpose:{object}][SrcIdx:4]
CE0x4cae810 "{CE0x4cae810|COLLAPSED:_SIMRE:_elem_0:default:}"
CONST[source:0(mediator),value:2(dynamic)][purpose:{object}][SnkIdx:3]


CONST[source:2(external),value:2(dynamic)][purpose:{object}][SrcIdx:4]  ->  CONST[source:0(mediator),value:2(dynamic)][purpose:{subject}][SnkIdx:1]
-----------
CONST[source:2(external),value:2(dynamic)][purpose:{object}][SrcIdx:4]
CE0x4cae810 "{CE0x4cae810|COLLAPSED:_SIMRE:_elem_0:default:}"
CONST[source:0(mediator),value:2(dynamic)][purpose:{subject}][SnkIdx:1]


CONST[source:1(input),value:2(dynamic)][purpose:{object}][SrcIdx:3]  ->  CONST[source:0(mediator),value:2(dynamic)][purpose:{object}][SnkIdx:2]
-----------
CONST[source:1(input),value:2(dynamic)][purpose:{object}][SrcIdx:3]
CE0x4ce5a80 "{CE0x4ce5a80|40:_i16,_44:_i32,_48:_i16,_80:_%struct.super_block*,_112:_i32,_128:_i8*,_:_SCMRE_64,72_}"
CE0x4cae810 "{CE0x4cae810|COLLAPSED:_SIMRE:_elem_0:default:}"
CONST[source:0(mediator),value:2(dynamic)][purpose:{object}][SnkIdx:2]


CONST[source:1(input),value:2(dynamic)][purpose:{object}][SrcIdx:3]  ->  CONST[source:0(mediator),value:2(dynamic)][purpose:{object}][SnkIdx:3]
-----------
CONST[source:1(input),value:2(dynamic)][purpose:{object}][SrcIdx:3]
CE0x4ce5a80 "{CE0x4ce5a80|40:_i16,_44:_i32,_48:_i16,_80:_%struct.super_block*,_112:_i32,_128:_i8*,_:_SCMRE_64,72_}"
CE0x4cae810 "{CE0x4cae810|COLLAPSED:_SIMRE:_elem_0:default:}"
CONST[source:0(mediator),value:2(dynamic)][purpose:{object}][SnkIdx:3]


CONST[source:1(input),value:2(dynamic)][purpose:{object}][SrcIdx:3]  ->  CONST[source:0(mediator),value:2(dynamic)][purpose:{subject}][SnkIdx:1]
-----------
CONST[source:1(input),value:2(dynamic)][purpose:{object}][SrcIdx:3]
CE0x4ce5a80 "{CE0x4ce5a80|40:_i16,_44:_i32,_48:_i16,_80:_%struct.super_block*,_112:_i32,_128:_i8*,_:_SCMRE_64,72_}"
CE0x4cae810 "{CE0x4cae810|COLLAPSED:_SIMRE:_elem_0:default:}"
CONST[source:0(mediator),value:2(dynamic)][purpose:{subject}][SnkIdx:1]


CONST[source:2(external),value:0(static)][purpose:{object}][SrcIdx:7]  ->  CONST[source:0(mediator),value:2(dynamic)][purpose:{object}][SnkIdx:2]
-----------
CONST[source:2(external),value:0(static)][purpose:{object}][SrcIdx:7]
CE0x4ca2520 "{CE0x4ca2520|mode}"
CE0x4ca24b0 "{CE0x4ca24b0|mode}"
CE0x4cae810 "{CE0x4cae810|COLLAPSED:_SIMRE:_elem_0:default:}"
CONST[source:0(mediator),value:2(dynamic)][purpose:{object}][SnkIdx:2]


CONST[source:2(external),value:0(static)][purpose:{object}][SrcIdx:7]  ->  CONST[source:0(mediator),value:2(dynamic)][purpose:{object}][SnkIdx:3]
-----------
CONST[source:2(external),value:0(static)][purpose:{object}][SrcIdx:7]
CE0x4ca2520 "{CE0x4ca2520|mode}"
CE0x4ca24b0 "{CE0x4ca24b0|mode}"
CE0x4cae810 "{CE0x4cae810|COLLAPSED:_SIMRE:_elem_0:default:}"
CONST[source:0(mediator),value:2(dynamic)][purpose:{object}][SnkIdx:3]


CONST[source:2(external),value:0(static)][purpose:{object}][SrcIdx:7]  ->  CONST[source:0(mediator),value:2(dynamic)][purpose:{subject}][SnkIdx:1]
-----------
CONST[source:2(external),value:0(static)][purpose:{object}][SrcIdx:7]
CE0x4ca2520 "{CE0x4ca2520|mode}"
CE0x4ca24b0 "{CE0x4ca24b0|mode}"
CE0x4cae810 "{CE0x4cae810|COLLAPSED:_SIMRE:_elem_0:default:}"
CONST[source:0(mediator),value:2(dynamic)][purpose:{subject}][SnkIdx:1]


CONST[source:2(external),value:2(dynamic)][purpose:{subject}][SrcIdx:8]  ->  CONST[source:0(mediator),value:2(dynamic)][purpose:{object}][SnkIdx:2]
-----------
CONST[source:2(external),value:2(dynamic)][purpose:{subject}][SrcIdx:8]
CE0x4cae810 "{CE0x4cae810|COLLAPSED:_SIMRE:_elem_0:default:}"
CONST[source:0(mediator),value:2(dynamic)][purpose:{object}][SnkIdx:2]


CONST[source:2(external),value:2(dynamic)][purpose:{subject}][SrcIdx:8]  ->  CONST[source:0(mediator),value:2(dynamic)][purpose:{object}][SnkIdx:3]
-----------
CONST[source:2(external),value:2(dynamic)][purpose:{subject}][SrcIdx:8]
CE0x4cae810 "{CE0x4cae810|COLLAPSED:_SIMRE:_elem_0:default:}"
CONST[source:0(mediator),value:2(dynamic)][purpose:{object}][SnkIdx:3]


CONST[source:2(external),value:2(dynamic)][purpose:{subject}][SrcIdx:8]  ->  CONST[source:0(mediator),value:2(dynamic)][purpose:{subject}][SnkIdx:1]
-----------
CONST[source:2(external),value:2(dynamic)][purpose:{subject}][SrcIdx:8]
CE0x4cae810 "{CE0x4cae810|COLLAPSED:_SIMRE:_elem_0:default:}"
CONST[source:0(mediator),value:2(dynamic)][purpose:{subject}][SnkIdx:1]


CONST[source:1(input),value:2(dynamic)][purpose:{object}][SrcIdx:2]  ->  CONST[source:0(mediator),value:2(dynamic)][purpose:{object}][SnkIdx:2]
-----------
CONST[source:1(input),value:2(dynamic)][purpose:{object}][SrcIdx:2]
CE0x4cb6fa0 "{CE0x4cb6fa0|0:_%struct.vfsmount*,_8:_%struct.dentry*,_:_CRE:_elem_0:default:}"
CE0x4cae4c0 "{CE0x4cae4c0|tmp4}"
CE0x4cae810 "{CE0x4cae810|COLLAPSED:_SIMRE:_elem_0:default:}"
CONST[source:0(mediator),value:2(dynamic)][purpose:{object}][SnkIdx:2]


CONST[source:1(input),value:2(dynamic)][purpose:{object}][SrcIdx:2]  ->  CONST[source:0(mediator),value:2(dynamic)][purpose:{object}][SnkIdx:3]
-----------
CONST[source:1(input),value:2(dynamic)][purpose:{object}][SrcIdx:2]
CE0x4cb6fa0 "{CE0x4cb6fa0|0:_%struct.vfsmount*,_8:_%struct.dentry*,_:_CRE:_elem_0:default:}"
CE0x4cae4c0 "{CE0x4cae4c0|tmp4}"
CE0x4cae810 "{CE0x4cae810|COLLAPSED:_SIMRE:_elem_0:default:}"
CONST[source:0(mediator),value:2(dynamic)][purpose:{object}][SnkIdx:3]


CONST[source:1(input),value:2(dynamic)][purpose:{object}][SrcIdx:2]  ->  CONST[source:0(mediator),value:2(dynamic)][purpose:{subject}][SnkIdx:1]
-----------
CONST[source:1(input),value:2(dynamic)][purpose:{object}][SrcIdx:2]
CE0x4cb6fa0 "{CE0x4cb6fa0|0:_%struct.vfsmount*,_8:_%struct.dentry*,_:_CRE:_elem_0:default:}"
CE0x4cae4c0 "{CE0x4cae4c0|tmp4}"
CE0x4cae810 "{CE0x4cae810|COLLAPSED:_SIMRE:_elem_0:default:}"
CONST[source:0(mediator),value:2(dynamic)][purpose:{subject}][SnkIdx:1]



implicit:
CONST[source:1(input),value:2(dynamic)][purpose:{object}][SrcIdx:3]  ->  CONST[source:0(mediator),value:2(dynamic)][purpose:{subject}][SnkIdx:1]
-----------
CONST[source:1(input),value:2(dynamic)][purpose:{object}][SrcIdx:3]
CE0x4cce030 "{CE0x4cce030|VOIDTB_TE:_CE_64,80_}"
CE0x4cae810 "{CE0x4cae810|COLLAPSED:_SIMRE:_elem_0:default:}"
CONST[source:0(mediator),value:2(dynamic)][purpose:{subject}][SnkIdx:1]


CONST[source:1(input),value:2(dynamic)][purpose:{object}][SrcIdx:3]  ->  CONST[source:0(mediator),value:2(dynamic)][purpose:{object}][SnkIdx:3]
-----------
CONST[source:1(input),value:2(dynamic)][purpose:{object}][SrcIdx:3]
CE0x4cce030 "{CE0x4cce030|VOIDTB_TE:_CE_64,80_}"
CE0x4cae810 "{CE0x4cae810|COLLAPSED:_SIMRE:_elem_0:default:}"
CONST[source:0(mediator),value:2(dynamic)][purpose:{object}][SnkIdx:3]


CONST[source:1(input),value:2(dynamic)][purpose:{object}][SrcIdx:3]  ->  CONST[source:0(mediator),value:2(dynamic)][purpose:{object}][SnkIdx:2]
-----------
CONST[source:1(input),value:2(dynamic)][purpose:{object}][SrcIdx:3]
CE0x4cce030 "{CE0x4cce030|VOIDTB_TE:_CE_64,80_}"
CE0x4cae810 "{CE0x4cae810|COLLAPSED:_SIMRE:_elem_0:default:}"
CONST[source:0(mediator),value:2(dynamic)][purpose:{object}][SnkIdx:2]


CONST[source:2(external),value:2(dynamic)][purpose:{subject}][SrcIdx:8]  ->  CONST[source:0(mediator),value:2(dynamic)][purpose:{subject}][SnkIdx:1]
-----------
CONST[source:2(external),value:2(dynamic)][purpose:{subject}][SrcIdx:8]
CE0x4cae810 "{CE0x4cae810|COLLAPSED:_SIMRE:_elem_0:default:}"
CONST[source:0(mediator),value:2(dynamic)][purpose:{subject}][SnkIdx:1]


CONST[source:2(external),value:2(dynamic)][purpose:{subject}][SrcIdx:8]  ->  CONST[source:0(mediator),value:2(dynamic)][purpose:{object}][SnkIdx:3]
-----------
CONST[source:2(external),value:2(dynamic)][purpose:{subject}][SrcIdx:8]
CE0x4cae810 "{CE0x4cae810|COLLAPSED:_SIMRE:_elem_0:default:}"
CONST[source:0(mediator),value:2(dynamic)][purpose:{object}][SnkIdx:3]


CONST[source:2(external),value:2(dynamic)][purpose:{subject}][SrcIdx:8]  ->  CONST[source:0(mediator),value:2(dynamic)][purpose:{object}][SnkIdx:2]
-----------
CONST[source:2(external),value:2(dynamic)][purpose:{subject}][SrcIdx:8]
CE0x4cae810 "{CE0x4cae810|COLLAPSED:_SIMRE:_elem_0:default:}"
CONST[source:0(mediator),value:2(dynamic)][purpose:{object}][SnkIdx:2]


CONST[source:2(external),value:2(dynamic)][purpose:{object}][SrcIdx:4]  ->  CONST[source:0(mediator),value:2(dynamic)][purpose:{subject}][SnkIdx:1]
-----------
CONST[source:2(external),value:2(dynamic)][purpose:{object}][SrcIdx:4]
CE0x4cae810 "{CE0x4cae810|COLLAPSED:_SIMRE:_elem_0:default:}"
CONST[source:0(mediator),value:2(dynamic)][purpose:{subject}][SnkIdx:1]


CONST[source:2(external),value:2(dynamic)][purpose:{object}][SrcIdx:4]  ->  CONST[source:0(mediator),value:2(dynamic)][purpose:{object}][SnkIdx:3]
-----------
CONST[source:2(external),value:2(dynamic)][purpose:{object}][SrcIdx:4]
CE0x4cae810 "{CE0x4cae810|COLLAPSED:_SIMRE:_elem_0:default:}"
CONST[source:0(mediator),value:2(dynamic)][purpose:{object}][SnkIdx:3]


CONST[source:2(external),value:2(dynamic)][purpose:{object}][SrcIdx:4]  ->  CONST[source:0(mediator),value:2(dynamic)][purpose:{object}][SnkIdx:2]
-----------
CONST[source:2(external),value:2(dynamic)][purpose:{object}][SrcIdx:4]
CE0x4cae810 "{CE0x4cae810|COLLAPSED:_SIMRE:_elem_0:default:}"
CONST[source:0(mediator),value:2(dynamic)][purpose:{object}][SnkIdx:2]


CONST[source:1(input),value:2(dynamic)][purpose:{object}][SrcIdx:2]  ->  CONST[source:0(mediator),value:2(dynamic)][purpose:{subject}][SnkIdx:1]
-----------
CONST[source:1(input),value:2(dynamic)][purpose:{object}][SrcIdx:2]
CE0x4cb6fa0 "{CE0x4cb6fa0|0:_%struct.vfsmount*,_8:_%struct.dentry*,_:_CRE:_elem_0:default:}"
CE0x4cae4c0 "{CE0x4cae4c0|tmp4}"
CE0x4cae810 "{CE0x4cae810|COLLAPSED:_SIMRE:_elem_0:default:}"
CONST[source:0(mediator),value:2(dynamic)][purpose:{subject}][SnkIdx:1]


CONST[source:1(input),value:2(dynamic)][purpose:{object}][SrcIdx:2]  ->  CONST[source:0(mediator),value:2(dynamic)][purpose:{object}][SnkIdx:3]
-----------
CONST[source:1(input),value:2(dynamic)][purpose:{object}][SrcIdx:2]
CE0x4cb6fa0 "{CE0x4cb6fa0|0:_%struct.vfsmount*,_8:_%struct.dentry*,_:_CRE:_elem_0:default:}"
CE0x4cae4c0 "{CE0x4cae4c0|tmp4}"
CE0x4cae810 "{CE0x4cae810|COLLAPSED:_SIMRE:_elem_0:default:}"
CONST[source:0(mediator),value:2(dynamic)][purpose:{object}][SnkIdx:3]


CONST[source:1(input),value:2(dynamic)][purpose:{object}][SrcIdx:2]  ->  CONST[source:0(mediator),value:2(dynamic)][purpose:{object}][SnkIdx:2]
-----------
CONST[source:1(input),value:2(dynamic)][purpose:{object}][SrcIdx:2]
CE0x4cb6fa0 "{CE0x4cb6fa0|0:_%struct.vfsmount*,_8:_%struct.dentry*,_:_CRE:_elem_0:default:}"
CE0x4cae4c0 "{CE0x4cae4c0|tmp4}"
CE0x4cae810 "{CE0x4cae810|COLLAPSED:_SIMRE:_elem_0:default:}"
CONST[source:0(mediator),value:2(dynamic)][purpose:{object}][SnkIdx:2]


CONST[source:2(external),value:0(static)][purpose:{object}][SrcIdx:7]  ->  CONST[source:0(mediator),value:2(dynamic)][purpose:{subject}][SnkIdx:1]
-----------
CONST[source:2(external),value:0(static)][purpose:{object}][SrcIdx:7]
CE0x4ca2520 "{CE0x4ca2520|mode}"
CE0x4ca24b0 "{CE0x4ca24b0|mode}"
CE0x4cae810 "{CE0x4cae810|COLLAPSED:_SIMRE:_elem_0:default:}"
CONST[source:0(mediator),value:2(dynamic)][purpose:{subject}][SnkIdx:1]


CONST[source:2(external),value:0(static)][purpose:{object}][SrcIdx:7]  ->  CONST[source:0(mediator),value:2(dynamic)][purpose:{object}][SnkIdx:3]
-----------
CONST[source:2(external),value:0(static)][purpose:{object}][SrcIdx:7]
CE0x4ca2520 "{CE0x4ca2520|mode}"
CE0x4ca24b0 "{CE0x4ca24b0|mode}"
CE0x4cae810 "{CE0x4cae810|COLLAPSED:_SIMRE:_elem_0:default:}"
CONST[source:0(mediator),value:2(dynamic)][purpose:{object}][SnkIdx:3]


CONST[source:2(external),value:0(static)][purpose:{object}][SrcIdx:7]  ->  CONST[source:0(mediator),value:2(dynamic)][purpose:{object}][SnkIdx:2]
-----------
CONST[source:2(external),value:0(static)][purpose:{object}][SrcIdx:7]
CE0x4ca2520 "{CE0x4ca2520|mode}"
CE0x4ca24b0 "{CE0x4ca24b0|mode}"
CE0x4cae810 "{CE0x4cae810|COLLAPSED:_SIMRE:_elem_0:default:}"
CONST[source:0(mediator),value:2(dynamic)][purpose:{object}][SnkIdx:2]


