[tomoyo_path_chroot]

explicit:
CONST[source:2(external),value:2(dynamic)][purpose:{subject}][SrcIdx:2]  ->  CONST[source:0(mediator),value:2(dynamic)][purpose:{subject}]
-----------
CONST[source:2(external),value:2(dynamic)][purpose:{subject}][SrcIdx:2]
CE0x5a7e040 "{CE0x5a7e040|128:_i8*,_1208:_%struct.file*,_:_CMRE_128,136_|*MultipleSource*|security/tomoyo/common.h,1205|security/tomoyo/common.h,1205}"
CE0x5b975d0 "{CE0x5b975d0|tomoyo_domain:tmp22|security/tomoyo/common.h,1205}"
CE0x718ff40 "{CE0x718ff40|tomoyo_domain:tmp23|security/tomoyo/common.h,1205}"
CE0x7208620 "{CE0x7208620|_ret_%struct.tomoyo_domain_info*_%tmp23,_!dbg_!38929|security/tomoyo/common.h,1205}"
CE0x741de30 "{CE0x741de30|tomoyo_init_request_info:call|security/tomoyo/util.c,1005}"
CE0x3bdc780 "{CE0x3bdc780|tomoyo_init_request_info:domain.addr.0}"
CE0x5bb0820 "{CE0x5bb0820|0:_%struct.tomoyo_obj_info*,_16:_%struct.tomoyo_domain_info*,_24:_%struct.tomoyo_path_info*,_40:_i8,_72:_i8,_75:_i8,_76:_i8,_77:_i8,_:_SCMRE_16,24_|*MultipleSource*|security/tomoyo/file.c, 787|security/tomoyo/file.c,787|Function::tomoyo_init_request_info&Arg::r::|security/tomoyo/file.c,800}"
CONST[source:0(mediator),value:2(dynamic)][purpose:{subject}]



implicit:
CONST[source:0(mediator),value:0(static)][purpose:{operation}][SrcIdx:1]  ->  CONST[source:0(mediator),value:2(dynamic)][purpose:{object}]
-----------
CONST[source:0(mediator),value:0(static)][purpose:{operation}][SrcIdx:1]
CE0x3ee79c0 "{CE0x3ee79c0|tomoyo_path_perm:operation|Function::tomoyo_path_perm&Arg::operation::|*SummSource*}"
CE0x3e7e610 "{CE0x3e7e610|tomoyo_path_perm:operation|Function::tomoyo_path_perm&Arg::operation::}"
CE0x57513e0 "{CE0x57513e0|tomoyo_path_perm:conv8|security/tomoyo/file.c,807}"
CE0x49821e0 "{CE0x49821e0|tomoyo_path_perm:sw.epilog}"
CE0x5c3e9c0 "{CE0x5c3e9c0|tomoyo_path_permission:entry}"
CE0x3d64c20 "{CE0x3d64c20|tomoyo_path_permission:if.end}"
CE0x5b420d0 "{CE0x5b420d0|0:_%struct.tomoyo_obj_info*,_16:_%struct.tomoyo_domain_info*,_24:_%struct.tomoyo_path_info*,_40:_i8,_72:_i8,_75:_i8,_76:_i8,_77:_i8,_:_SCMRE_28,29_}"
CONST[source:0(mediator),value:2(dynamic)][purpose:{object}]


CONST[source:2(external),value:2(dynamic)][purpose:{subject}][SrcIdx:2]  ->  CONST[source:0(mediator),value:0(static)][purpose:{operation}]
-----------
CONST[source:2(external),value:2(dynamic)][purpose:{subject}][SrcIdx:2]
CE0x5b00480 "{CE0x5b00480|COLLAPSED:_GCRE_current_task_external_global_%struct.task_struct*:_elem_0::|security/tomoyo/common.h,1205}"
CE0x5b975d0 "{CE0x5b975d0|tomoyo_domain:tmp22|security/tomoyo/common.h,1205}"
CE0x718ff40 "{CE0x718ff40|tomoyo_domain:tmp23|security/tomoyo/common.h,1205}"
CE0x7208620 "{CE0x7208620|_ret_%struct.tomoyo_domain_info*_%tmp23,_!dbg_!38929|security/tomoyo/common.h,1205}"
CE0x741de30 "{CE0x741de30|tomoyo_init_request_info:call|security/tomoyo/util.c,1005}"
CE0x3bdc780 "{CE0x3bdc780|tomoyo_init_request_info:domain.addr.0}"
CE0x49c4ec0 "{CE0x49c4ec0|tomoyo_init_request_info:ns|security/tomoyo/util.c,1010}"
CE0x72c98e0 "{CE0x72c98e0|tomoyo_init_request_info:tmp12|security/tomoyo/util.c,1010}"
CE0x497fcc0 "{CE0x497fcc0|tomoyo_get_mode:ns|Function::tomoyo_get_mode&Arg::ns::}"
CE0x7217c70 "{CE0x7217c70|COLLAPSED:_CRE:_elem_0:default:}"
CE0x5ca0c60 "{CE0x5ca0c60|tomoyo_get_mode:tmp24|security/tomoyo/util.c,986}"
CE0x7134ed0 "{CE0x7134ed0|tomoyo_get_mode:mode.1}"
CE0x5848c40 "{CE0x5848c40|tomoyo_get_mode:conv15|security/tomoyo/util.c,987}"
CE0x58490a0 "{CE0x58490a0|tomoyo_get_mode:and|security/tomoyo/util.c,987}"
CE0x5849270 "{CE0x5849270|tomoyo_get_mode:retval.0}"
CE0x724d890 "{CE0x724d890|_ret_i32_%retval.0,_!dbg_!38935|security/tomoyo/util.c,988}"
CE0x72c9bb0 "{CE0x72c9bb0|tomoyo_init_request_info:call4|security/tomoyo/util.c,1010}"
CE0x724ddf0 "{CE0x724ddf0|tomoyo_init_request_info:conv|security/tomoyo/util.c,1010}"
CE0x4acc300 "{CE0x4acc300|0:_%struct.tomoyo_obj_info*,_16:_%struct.tomoyo_domain_info*,_24:_%struct.tomoyo_path_info*,_40:_i8,_72:_i8,_75:_i8,_76:_i8,_77:_i8,_:_SCMRE_76,77_|*MultipleSource*|security/tomoyo/file.c, 787|security/tomoyo/file.c,787|Function::tomoyo_init_request_info&Arg::r::|security/tomoyo/file.c,800}"
CE0x3de6d30 "{CE0x3de6d30|tomoyo_path_permission:tmp7|*LoadInst*|security/tomoyo/file.c,565}"
CE0x4ab1af0 "{CE0x4ab1af0|tomoyo_path_permission:conv3|security/tomoyo/file.c,565}"
CE0x4a43900 "{CE0x4a43900|tomoyo_path_permission:cmp|security/tomoyo/file.c,565}"
CE0x3d64c20 "{CE0x3d64c20|tomoyo_path_permission:if.end}"
CE0x5d311c0 "{CE0x5d311c0|0:_%struct.tomoyo_obj_info*,_16:_%struct.tomoyo_domain_info*,_24:_%struct.tomoyo_path_info*,_40:_i8,_72:_i8,_75:_i8,_76:_i8,_77:_i8,_:_SCMRE_40,41_}"
CONST[source:0(mediator),value:0(static)][purpose:{operation}]


CONST[source:2(external),value:2(dynamic)][purpose:{subject}][SrcIdx:2]  ->  CONST[source:0(mediator),value:2(dynamic)][purpose:{subject}]
-----------
CONST[source:2(external),value:2(dynamic)][purpose:{subject}][SrcIdx:2]
CE0x5a7e040 "{CE0x5a7e040|128:_i8*,_1208:_%struct.file*,_:_CMRE_128,136_|*MultipleSource*|security/tomoyo/common.h,1205|security/tomoyo/common.h,1205}"
CE0x5b975d0 "{CE0x5b975d0|tomoyo_domain:tmp22|security/tomoyo/common.h,1205}"
CE0x718ff40 "{CE0x718ff40|tomoyo_domain:tmp23|security/tomoyo/common.h,1205}"
CE0x7208620 "{CE0x7208620|_ret_%struct.tomoyo_domain_info*_%tmp23,_!dbg_!38929|security/tomoyo/common.h,1205}"
CE0x741de30 "{CE0x741de30|tomoyo_init_request_info:call|security/tomoyo/util.c,1005}"
CE0x3bdc780 "{CE0x3bdc780|tomoyo_init_request_info:domain.addr.0}"
CE0x5bb0820 "{CE0x5bb0820|0:_%struct.tomoyo_obj_info*,_16:_%struct.tomoyo_domain_info*,_24:_%struct.tomoyo_path_info*,_40:_i8,_72:_i8,_75:_i8,_76:_i8,_77:_i8,_:_SCMRE_16,24_|*MultipleSource*|security/tomoyo/file.c, 787|security/tomoyo/file.c,787|Function::tomoyo_init_request_info&Arg::r::|security/tomoyo/file.c,800}"
CONST[source:0(mediator),value:2(dynamic)][purpose:{subject}]


CONST[source:2(external),value:2(dynamic)][purpose:{subject}][SrcIdx:2]  ->  CONST[source:0(mediator),value:2(dynamic)][purpose:{object}]
-----------
CONST[source:2(external),value:2(dynamic)][purpose:{subject}][SrcIdx:2]
CE0x5b00480 "{CE0x5b00480|COLLAPSED:_GCRE_current_task_external_global_%struct.task_struct*:_elem_0::|security/tomoyo/common.h,1205}"
CE0x5b975d0 "{CE0x5b975d0|tomoyo_domain:tmp22|security/tomoyo/common.h,1205}"
CE0x718ff40 "{CE0x718ff40|tomoyo_domain:tmp23|security/tomoyo/common.h,1205}"
CE0x7208620 "{CE0x7208620|_ret_%struct.tomoyo_domain_info*_%tmp23,_!dbg_!38929|security/tomoyo/common.h,1205}"
CE0x741de30 "{CE0x741de30|tomoyo_init_request_info:call|security/tomoyo/util.c,1005}"
CE0x3bdc780 "{CE0x3bdc780|tomoyo_init_request_info:domain.addr.0}"
CE0x49c4ec0 "{CE0x49c4ec0|tomoyo_init_request_info:ns|security/tomoyo/util.c,1010}"
CE0x72c98e0 "{CE0x72c98e0|tomoyo_init_request_info:tmp12|security/tomoyo/util.c,1010}"
CE0x497fcc0 "{CE0x497fcc0|tomoyo_get_mode:ns|Function::tomoyo_get_mode&Arg::ns::}"
CE0x7217c70 "{CE0x7217c70|COLLAPSED:_CRE:_elem_0:default:}"
CE0x5ca0c60 "{CE0x5ca0c60|tomoyo_get_mode:tmp24|security/tomoyo/util.c,986}"
CE0x7134ed0 "{CE0x7134ed0|tomoyo_get_mode:mode.1}"
CE0x5848c40 "{CE0x5848c40|tomoyo_get_mode:conv15|security/tomoyo/util.c,987}"
CE0x58490a0 "{CE0x58490a0|tomoyo_get_mode:and|security/tomoyo/util.c,987}"
CE0x5849270 "{CE0x5849270|tomoyo_get_mode:retval.0}"
CE0x724d890 "{CE0x724d890|_ret_i32_%retval.0,_!dbg_!38935|security/tomoyo/util.c,988}"
CE0x72c9bb0 "{CE0x72c9bb0|tomoyo_init_request_info:call4|security/tomoyo/util.c,1010}"
CE0x724ddf0 "{CE0x724ddf0|tomoyo_init_request_info:conv|security/tomoyo/util.c,1010}"
CE0x4acc300 "{CE0x4acc300|0:_%struct.tomoyo_obj_info*,_16:_%struct.tomoyo_domain_info*,_24:_%struct.tomoyo_path_info*,_40:_i8,_72:_i8,_75:_i8,_76:_i8,_77:_i8,_:_SCMRE_76,77_|*MultipleSource*|security/tomoyo/file.c, 787|security/tomoyo/file.c,787|Function::tomoyo_init_request_info&Arg::r::|security/tomoyo/file.c,800}"
CE0x3de6d30 "{CE0x3de6d30|tomoyo_path_permission:tmp7|*LoadInst*|security/tomoyo/file.c,565}"
CE0x4ab1af0 "{CE0x4ab1af0|tomoyo_path_permission:conv3|security/tomoyo/file.c,565}"
CE0x4a43900 "{CE0x4a43900|tomoyo_path_permission:cmp|security/tomoyo/file.c,565}"
CE0x3d64c20 "{CE0x3d64c20|tomoyo_path_permission:if.end}"
CE0x5b420d0 "{CE0x5b420d0|0:_%struct.tomoyo_obj_info*,_16:_%struct.tomoyo_domain_info*,_24:_%struct.tomoyo_path_info*,_40:_i8,_72:_i8,_75:_i8,_76:_i8,_77:_i8,_:_SCMRE_28,29_}"
CONST[source:0(mediator),value:2(dynamic)][purpose:{object}]


