[selinux_kernel_module_request]

explicit:
CONST[source:2(external),value:2(dynamic)][purpose:{subject}][SrcIdx:4]  ->  CONST[source:0(mediator),value:2(dynamic)][purpose:{subject}][SnkIdx:0]
-----------
CONST[source:2(external),value:2(dynamic)][purpose:{subject}][SrcIdx:4]
CE0x49f93c0 "{CE0x49f93c0|COLLAPSED:_GCMRE_current_task_external_global_%struct.task_struct*:_elem_0:default:}"
CE0x4a2bc80 "{CE0x4a2bc80|task_sid:tmp4|*LoadInst*|security/selinux/hooks.c,208}"
CE0x4a10f20 "{CE0x4a10f20|cred_sid:cred|Function::cred_sid&Arg::cred::}"
CE0x4a2a310 "{CE0x4a2a310|cred_sid:security|security/selinux/hooks.c,196}"
CE0x4a266b0 "{CE0x4a266b0|cred_sid:tmp4|*LoadInst*|security/selinux/hooks.c,196}"
CE0x4a26960 "{CE0x4a26960|cred_sid:tmp5|security/selinux/hooks.c,196}"
CE0x4a4df90 "{CE0x4a4df90|cred_sid:sid|security/selinux/hooks.c,197}"
CE0x4a29a20 "{CE0x4a29a20|cred_sid:tmp6|security/selinux/hooks.c,197}"
CE0x4a11280 "{CE0x4a11280|_ret_i32_%tmp6,_!dbg_!27716|security/selinux/hooks.c,197}"
CE0x4a0fe40 "{CE0x4a0fe40|task_sid:call7|security/selinux/hooks.c,208}"
CE0x49eb670 "{CE0x49eb670|_ret_i32_%call7,_!dbg_!27749|security/selinux/hooks.c,210}"
CE0x4a02560 "{CE0x4a02560|selinux_kernel_module_request:call1|security/selinux/hooks.c,3563}"
CE0x4a025d0 "{CE0x4a025d0|selinux_kernel_module_request:call1|security/selinux/hooks.c,3563|*SummSink*}"
CONST[source:0(mediator),value:2(dynamic)][purpose:{subject}][SnkIdx:0]



implicit:
CONST[source:2(external),value:2(dynamic)][purpose:{subject}][SrcIdx:4]  ->  CONST[source:0(mediator),value:2(dynamic)][purpose:{subject}][SnkIdx:0]
-----------
CONST[source:2(external),value:2(dynamic)][purpose:{subject}][SrcIdx:4]
CE0x49f93c0 "{CE0x49f93c0|COLLAPSED:_GCMRE_current_task_external_global_%struct.task_struct*:_elem_0:default:}"
CE0x4a2bc80 "{CE0x4a2bc80|task_sid:tmp4|*LoadInst*|security/selinux/hooks.c,208}"
CE0x4a10f20 "{CE0x4a10f20|cred_sid:cred|Function::cred_sid&Arg::cred::}"
CE0x4a2a310 "{CE0x4a2a310|cred_sid:security|security/selinux/hooks.c,196}"
CE0x4a266b0 "{CE0x4a266b0|cred_sid:tmp4|*LoadInst*|security/selinux/hooks.c,196}"
CE0x4a26960 "{CE0x4a26960|cred_sid:tmp5|security/selinux/hooks.c,196}"
CE0x4a4df90 "{CE0x4a4df90|cred_sid:sid|security/selinux/hooks.c,197}"
CE0x4a29a20 "{CE0x4a29a20|cred_sid:tmp6|security/selinux/hooks.c,197}"
CE0x4a11280 "{CE0x4a11280|_ret_i32_%tmp6,_!dbg_!27716|security/selinux/hooks.c,197}"
CE0x4a0fe40 "{CE0x4a0fe40|task_sid:call7|security/selinux/hooks.c,208}"
CE0x49eb670 "{CE0x49eb670|_ret_i32_%call7,_!dbg_!27749|security/selinux/hooks.c,210}"
CE0x4a02560 "{CE0x4a02560|selinux_kernel_module_request:call1|security/selinux/hooks.c,3563}"
CE0x4a025d0 "{CE0x4a025d0|selinux_kernel_module_request:call1|security/selinux/hooks.c,3563|*SummSink*}"
CONST[source:0(mediator),value:2(dynamic)][purpose:{subject}][SnkIdx:0]


