[selinux_inode_getsecctx]

explicit:
CONST[source:2(external),value:0(static)][purpose:{operation}][SrcIdx:18]  ->  CONST[source:0(mediator),value:0(static)][purpose:{operation}][SnkIdx:7]
-----------
CONST[source:2(external),value:0(static)][purpose:{operation}][SrcIdx:18]
CE0x50d0390 "{CE0x50d0390|selinux_capable:cap|Function::selinux_capable&Arg::cap::|*SummSource*}"
CE0x50e0d50 "{CE0x50e0d50|selinux_capable:cap|Function::selinux_capable&Arg::cap::}"
CE0x5091ad0 "{CE0x5091ad0|cred_has_capability:cap|Function::cred_has_capability&Arg::cap::}"
CE0x50b9310 "{CE0x50b9310|cred_has_capability:and|security/selinux/hooks.c,1559}"
CE0x507eb00 "{CE0x507eb00|cred_has_capability:shl|security/selinux/hooks.c,1559}"
CE0x507ec80 "{CE0x507ec80|cred_has_capability:shl|security/selinux/hooks.c,1559|*SummSink*}"
CONST[source:0(mediator),value:0(static)][purpose:{operation}][SnkIdx:7]


CONST[source:2(external),value:0(static)][purpose:{operation}][SrcIdx:18]  ->  CONST[source:0(mediator),value:0(static)][purpose:{operation}][SnkIdx:3]
-----------
CONST[source:2(external),value:0(static)][purpose:{operation}][SrcIdx:18]
CE0x50d0390 "{CE0x50d0390|selinux_capable:cap|Function::selinux_capable&Arg::cap::|*SummSource*}"
CE0x50e0d50 "{CE0x50e0d50|selinux_capable:cap|Function::selinux_capable&Arg::cap::}"
CE0x5091ad0 "{CE0x5091ad0|cred_has_capability:cap|Function::cred_has_capability&Arg::cap::}"
CE0x50b9310 "{CE0x50b9310|cred_has_capability:and|security/selinux/hooks.c,1559}"
CE0x507eb00 "{CE0x507eb00|cred_has_capability:shl|security/selinux/hooks.c,1559}"
CE0x507ec80 "{CE0x507ec80|cred_has_capability:shl|security/selinux/hooks.c,1559|*SummSink*}"
CONST[source:0(mediator),value:0(static)][purpose:{operation}][SnkIdx:3]


CONST[source:0(mediator),value:2(dynamic)][purpose:{subject}][SrcIdx:20]  ->  CONST[source:0(mediator),value:2(dynamic)][purpose:{object}][SnkIdx:1]
-----------
CONST[source:0(mediator),value:2(dynamic)][purpose:{subject}][SrcIdx:20]
CE0x5156360 "{CE0x5156360|0:_i32,_4:_i32,_8:_i32,_12:_i32,_:_CMRE_4,8_|*MultipleSource*|security/selinux/hooks.c,196|security/selinux/hooks.c,197|*LoadInst*|security/selinux/hooks.c,196}"
CE0x512b630 "{CE0x512b630|cred_sid:tmp6|security/selinux/hooks.c,197}"
CE0x511f1f0 "{CE0x511f1f0|_ret_i32_%tmp6,_!dbg_!27716|security/selinux/hooks.c,197}"
CE0x508a390 "{CE0x508a390|cred_has_capability:call|security/selinux/hooks.c,1558}"
CE0x5152e10 "{CE0x5152e10|cred_has_capability:call|security/selinux/hooks.c,1558|*SummSink*}"
CONST[source:0(mediator),value:2(dynamic)][purpose:{object}][SnkIdx:1]


CONST[source:0(mediator),value:2(dynamic)][purpose:{subject}][SrcIdx:20]  ->  CONST[source:0(mediator),value:2(dynamic)][purpose:{object}][SnkIdx:5]
-----------
CONST[source:0(mediator),value:2(dynamic)][purpose:{subject}][SrcIdx:20]
CE0x5156360 "{CE0x5156360|0:_i32,_4:_i32,_8:_i32,_12:_i32,_:_CMRE_4,8_|*MultipleSource*|security/selinux/hooks.c,196|security/selinux/hooks.c,197|*LoadInst*|security/selinux/hooks.c,196}"
CE0x512b630 "{CE0x512b630|cred_sid:tmp6|security/selinux/hooks.c,197}"
CE0x511f1f0 "{CE0x511f1f0|_ret_i32_%tmp6,_!dbg_!27716|security/selinux/hooks.c,197}"
CE0x508a390 "{CE0x508a390|cred_has_capability:call|security/selinux/hooks.c,1558}"
CE0x5152e10 "{CE0x5152e10|cred_has_capability:call|security/selinux/hooks.c,1558|*SummSink*}"
CONST[source:0(mediator),value:2(dynamic)][purpose:{object}][SnkIdx:5]


CONST[source:2(external),value:2(dynamic)][purpose:{subject}][SrcIdx:19]  ->  CONST[source:0(mediator),value:2(dynamic)][purpose:{subject}][SnkIdx:0]
-----------
CONST[source:2(external),value:2(dynamic)][purpose:{subject}][SrcIdx:19]
CE0x50dded0 "{CE0x50dded0|COLLAPSED:_GCMRE_current_task_external_global_%struct.task_struct*:_elem_0::|security/selinux/hooks.c,3087}"
CE0x50de520 "{CE0x50de520|selinux_inode_getsecurity:tmp27|security/selinux/hooks.c,3087}"
CE0x50df930 "{CE0x50df930|selinux_capable:cred|Function::selinux_capable&Arg::cred::}"
CE0x5091610 "{CE0x5091610|cred_has_capability:cred|Function::cred_has_capability&Arg::cred::}"
CE0x506d2c0 "{CE0x506d2c0|cred_sid:cred|Function::cred_sid&Arg::cred::}"
CE0x50b1780 "{CE0x50b1780|cred_sid:security|security/selinux/hooks.c,196}"
CE0x50b1710 "{CE0x50b1710|cred_sid:tmp4|*LoadInst*|security/selinux/hooks.c,196}"
CE0x511ee20 "{CE0x511ee20|cred_sid:tmp5|security/selinux/hooks.c,196}"
CE0x5149d30 "{CE0x5149d30|cred_sid:sid|security/selinux/hooks.c,197}"
CE0x512b630 "{CE0x512b630|cred_sid:tmp6|security/selinux/hooks.c,197}"
CE0x511f1f0 "{CE0x511f1f0|_ret_i32_%tmp6,_!dbg_!27716|security/selinux/hooks.c,197}"
CE0x508a390 "{CE0x508a390|cred_has_capability:call|security/selinux/hooks.c,1558}"
CE0x5152e10 "{CE0x5152e10|cred_has_capability:call|security/selinux/hooks.c,1558|*SummSink*}"
CONST[source:0(mediator),value:2(dynamic)][purpose:{subject}][SnkIdx:0]


CONST[source:2(external),value:2(dynamic)][purpose:{subject}][SrcIdx:19]  ->  CONST[source:0(mediator),value:2(dynamic)][purpose:{subject}][SnkIdx:4]
-----------
CONST[source:2(external),value:2(dynamic)][purpose:{subject}][SrcIdx:19]
CE0x50dded0 "{CE0x50dded0|COLLAPSED:_GCMRE_current_task_external_global_%struct.task_struct*:_elem_0::|security/selinux/hooks.c,3087}"
CE0x50de520 "{CE0x50de520|selinux_inode_getsecurity:tmp27|security/selinux/hooks.c,3087}"
CE0x50df930 "{CE0x50df930|selinux_capable:cred|Function::selinux_capable&Arg::cred::}"
CE0x5091610 "{CE0x5091610|cred_has_capability:cred|Function::cred_has_capability&Arg::cred::}"
CE0x506d2c0 "{CE0x506d2c0|cred_sid:cred|Function::cred_sid&Arg::cred::}"
CE0x50b1780 "{CE0x50b1780|cred_sid:security|security/selinux/hooks.c,196}"
CE0x50b1710 "{CE0x50b1710|cred_sid:tmp4|*LoadInst*|security/selinux/hooks.c,196}"
CE0x511ee20 "{CE0x511ee20|cred_sid:tmp5|security/selinux/hooks.c,196}"
CE0x5149d30 "{CE0x5149d30|cred_sid:sid|security/selinux/hooks.c,197}"
CE0x512b630 "{CE0x512b630|cred_sid:tmp6|security/selinux/hooks.c,197}"
CE0x511f1f0 "{CE0x511f1f0|_ret_i32_%tmp6,_!dbg_!27716|security/selinux/hooks.c,197}"
CE0x508a390 "{CE0x508a390|cred_has_capability:call|security/selinux/hooks.c,1558}"
CE0x5152e10 "{CE0x5152e10|cred_has_capability:call|security/selinux/hooks.c,1558|*SummSink*}"
CONST[source:0(mediator),value:2(dynamic)][purpose:{subject}][SnkIdx:4]


CONST[source:2(external),value:2(dynamic)][purpose:{subject}][SrcIdx:19]  ->  CONST[source:0(mediator),value:2(dynamic)][purpose:{object}][SnkIdx:1]
-----------
CONST[source:2(external),value:2(dynamic)][purpose:{subject}][SrcIdx:19]
CE0x50dded0 "{CE0x50dded0|COLLAPSED:_GCMRE_current_task_external_global_%struct.task_struct*:_elem_0::|security/selinux/hooks.c,3087}"
CE0x50de520 "{CE0x50de520|selinux_inode_getsecurity:tmp27|security/selinux/hooks.c,3087}"
CE0x50df930 "{CE0x50df930|selinux_capable:cred|Function::selinux_capable&Arg::cred::}"
CE0x5091610 "{CE0x5091610|cred_has_capability:cred|Function::cred_has_capability&Arg::cred::}"
CE0x506d2c0 "{CE0x506d2c0|cred_sid:cred|Function::cred_sid&Arg::cred::}"
CE0x50b1780 "{CE0x50b1780|cred_sid:security|security/selinux/hooks.c,196}"
CE0x50b1710 "{CE0x50b1710|cred_sid:tmp4|*LoadInst*|security/selinux/hooks.c,196}"
CE0x511ee20 "{CE0x511ee20|cred_sid:tmp5|security/selinux/hooks.c,196}"
CE0x5149d30 "{CE0x5149d30|cred_sid:sid|security/selinux/hooks.c,197}"
CE0x512b630 "{CE0x512b630|cred_sid:tmp6|security/selinux/hooks.c,197}"
CE0x511f1f0 "{CE0x511f1f0|_ret_i32_%tmp6,_!dbg_!27716|security/selinux/hooks.c,197}"
CE0x508a390 "{CE0x508a390|cred_has_capability:call|security/selinux/hooks.c,1558}"
CE0x5152e10 "{CE0x5152e10|cred_has_capability:call|security/selinux/hooks.c,1558|*SummSink*}"
CONST[source:0(mediator),value:2(dynamic)][purpose:{object}][SnkIdx:1]


CONST[source:2(external),value:2(dynamic)][purpose:{subject}][SrcIdx:19]  ->  CONST[source:0(mediator),value:2(dynamic)][purpose:{object}][SnkIdx:5]
-----------
CONST[source:2(external),value:2(dynamic)][purpose:{subject}][SrcIdx:19]
CE0x50dded0 "{CE0x50dded0|COLLAPSED:_GCMRE_current_task_external_global_%struct.task_struct*:_elem_0::|security/selinux/hooks.c,3087}"
CE0x50de520 "{CE0x50de520|selinux_inode_getsecurity:tmp27|security/selinux/hooks.c,3087}"
CE0x50df930 "{CE0x50df930|selinux_capable:cred|Function::selinux_capable&Arg::cred::}"
CE0x5091610 "{CE0x5091610|cred_has_capability:cred|Function::cred_has_capability&Arg::cred::}"
CE0x506d2c0 "{CE0x506d2c0|cred_sid:cred|Function::cred_sid&Arg::cred::}"
CE0x50b1780 "{CE0x50b1780|cred_sid:security|security/selinux/hooks.c,196}"
CE0x50b1710 "{CE0x50b1710|cred_sid:tmp4|*LoadInst*|security/selinux/hooks.c,196}"
CE0x511ee20 "{CE0x511ee20|cred_sid:tmp5|security/selinux/hooks.c,196}"
CE0x5149d30 "{CE0x5149d30|cred_sid:sid|security/selinux/hooks.c,197}"
CE0x512b630 "{CE0x512b630|cred_sid:tmp6|security/selinux/hooks.c,197}"
CE0x511f1f0 "{CE0x511f1f0|_ret_i32_%tmp6,_!dbg_!27716|security/selinux/hooks.c,197}"
CE0x508a390 "{CE0x508a390|cred_has_capability:call|security/selinux/hooks.c,1558}"
CE0x5152e10 "{CE0x5152e10|cred_has_capability:call|security/selinux/hooks.c,1558|*SummSink*}"
CONST[source:0(mediator),value:2(dynamic)][purpose:{object}][SnkIdx:5]


CONST[source:2(external),value:0(static)][purpose:{operation}][SrcIdx:14]  ->  CONST[source:0(mediator),value:0(static)][purpose:{operation}][SnkIdx:7]
-----------
CONST[source:2(external),value:0(static)][purpose:{operation}][SrcIdx:14]
CE0x5135f30 "{CE0x5135f30|i32_1|*Constant*}"
CE0x507eb00 "{CE0x507eb00|cred_has_capability:shl|security/selinux/hooks.c,1559}"
CE0x507ec80 "{CE0x507ec80|cred_has_capability:shl|security/selinux/hooks.c,1559|*SummSink*}"
CONST[source:0(mediator),value:0(static)][purpose:{operation}][SnkIdx:7]


CONST[source:2(external),value:0(static)][purpose:{operation}][SrcIdx:14]  ->  CONST[source:0(mediator),value:0(static)][purpose:{operation}][SnkIdx:3]
-----------
CONST[source:2(external),value:0(static)][purpose:{operation}][SrcIdx:14]
CE0x5135f30 "{CE0x5135f30|i32_1|*Constant*}"
CE0x507eb00 "{CE0x507eb00|cred_has_capability:shl|security/selinux/hooks.c,1559}"
CE0x507ec80 "{CE0x507ec80|cred_has_capability:shl|security/selinux/hooks.c,1559|*SummSink*}"
CONST[source:0(mediator),value:0(static)][purpose:{operation}][SnkIdx:3]



implicit:
CONST[source:2(external),value:0(static)][purpose:{operation}][SrcIdx:18]  ->  CONST[source:0(mediator),value:2(dynamic)][purpose:{object}][SnkIdx:1]
-----------
CONST[source:2(external),value:0(static)][purpose:{operation}][SrcIdx:18]
CE0x50d0390 "{CE0x50d0390|selinux_capable:cap|Function::selinux_capable&Arg::cap::|*SummSource*}"
CE0x50e0d50 "{CE0x50e0d50|selinux_capable:cap|Function::selinux_capable&Arg::cap::}"
CE0x508dc40 "{CE0x508dc40|selinux_capable:call|security/selinux/hooks.c,2007}"
CE0x5081ce0 "{CE0x5081ce0|selinux_capable:tobool|security/selinux/hooks.c,2008}"
CE0x506d540 "{CE0x506d540|selinux_capable:if.end}"
CE0x50dd4d0 "{CE0x50dd4d0|cred_has_capability:entry}"
CE0x5148a30 "{CE0x5148a30|cred_has_capability:bb}"
CE0x508a390 "{CE0x508a390|cred_has_capability:call|security/selinux/hooks.c,1558}"
CE0x5152e10 "{CE0x5152e10|cred_has_capability:call|security/selinux/hooks.c,1558|*SummSink*}"
CONST[source:0(mediator),value:2(dynamic)][purpose:{object}][SnkIdx:1]


CONST[source:2(external),value:0(static)][purpose:{operation}][SrcIdx:18]  ->  CONST[source:0(mediator),value:2(dynamic)][purpose:{object}][SnkIdx:6]
-----------
CONST[source:2(external),value:0(static)][purpose:{operation}][SrcIdx:18]
CE0x50d0390 "{CE0x50d0390|selinux_capable:cap|Function::selinux_capable&Arg::cap::|*SummSource*}"
CE0x50e0d50 "{CE0x50e0d50|selinux_capable:cap|Function::selinux_capable&Arg::cap::}"
CE0x5091ad0 "{CE0x5091ad0|cred_has_capability:cap|Function::cred_has_capability&Arg::cap::}"
CE0x50b0c10 "{CE0x50b0c10|cred_has_capability:shr|security/selinux/hooks.c,1565}"
CE0x512b860 "{CE0x512b860|cred_has_capability:sw.epilog}"
CE0x514b2d0 "{CE0x514b2d0|cred_has_capability:sclass.0}"
CE0x514b4b0 "{CE0x514b4b0|cred_has_capability:sclass.0|*SummSink*}"
CONST[source:0(mediator),value:2(dynamic)][purpose:{object}][SnkIdx:6]


CONST[source:2(external),value:0(static)][purpose:{operation}][SrcIdx:18]  ->  CONST[source:0(mediator),value:2(dynamic)][purpose:{subject}][SnkIdx:4]
-----------
CONST[source:2(external),value:0(static)][purpose:{operation}][SrcIdx:18]
CE0x50d0390 "{CE0x50d0390|selinux_capable:cap|Function::selinux_capable&Arg::cap::|*SummSource*}"
CE0x50e0d50 "{CE0x50e0d50|selinux_capable:cap|Function::selinux_capable&Arg::cap::}"
CE0x508dc40 "{CE0x508dc40|selinux_capable:call|security/selinux/hooks.c,2007}"
CE0x5081ce0 "{CE0x5081ce0|selinux_capable:tobool|security/selinux/hooks.c,2008}"
CE0x506d540 "{CE0x506d540|selinux_capable:if.end}"
CE0x50dd4d0 "{CE0x50dd4d0|cred_has_capability:entry}"
CE0x5148a30 "{CE0x5148a30|cred_has_capability:bb}"
CE0x508a390 "{CE0x508a390|cred_has_capability:call|security/selinux/hooks.c,1558}"
CE0x5152e10 "{CE0x5152e10|cred_has_capability:call|security/selinux/hooks.c,1558|*SummSink*}"
CONST[source:0(mediator),value:2(dynamic)][purpose:{subject}][SnkIdx:4]


CONST[source:2(external),value:0(static)][purpose:{operation}][SrcIdx:18]  ->  CONST[source:0(mediator),value:0(static)][purpose:{operation}][SnkIdx:3]
-----------
CONST[source:2(external),value:0(static)][purpose:{operation}][SrcIdx:18]
CE0x50d0390 "{CE0x50d0390|selinux_capable:cap|Function::selinux_capable&Arg::cap::|*SummSource*}"
CE0x50e0d50 "{CE0x50e0d50|selinux_capable:cap|Function::selinux_capable&Arg::cap::}"
CE0x5091ad0 "{CE0x5091ad0|cred_has_capability:cap|Function::cred_has_capability&Arg::cap::}"
CE0x50b9310 "{CE0x50b9310|cred_has_capability:and|security/selinux/hooks.c,1559}"
CE0x507eb00 "{CE0x507eb00|cred_has_capability:shl|security/selinux/hooks.c,1559}"
CE0x507ec80 "{CE0x507ec80|cred_has_capability:shl|security/selinux/hooks.c,1559|*SummSink*}"
CONST[source:0(mediator),value:0(static)][purpose:{operation}][SnkIdx:3]


CONST[source:2(external),value:0(static)][purpose:{operation}][SrcIdx:18]  ->  CONST[source:0(mediator),value:2(dynamic)][purpose:{subject}][SnkIdx:0]
-----------
CONST[source:2(external),value:0(static)][purpose:{operation}][SrcIdx:18]
CE0x50d0390 "{CE0x50d0390|selinux_capable:cap|Function::selinux_capable&Arg::cap::|*SummSource*}"
CE0x50e0d50 "{CE0x50e0d50|selinux_capable:cap|Function::selinux_capable&Arg::cap::}"
CE0x508dc40 "{CE0x508dc40|selinux_capable:call|security/selinux/hooks.c,2007}"
CE0x5081ce0 "{CE0x5081ce0|selinux_capable:tobool|security/selinux/hooks.c,2008}"
CE0x506d540 "{CE0x506d540|selinux_capable:if.end}"
CE0x50dd4d0 "{CE0x50dd4d0|cred_has_capability:entry}"
CE0x5148a30 "{CE0x5148a30|cred_has_capability:bb}"
CE0x508a390 "{CE0x508a390|cred_has_capability:call|security/selinux/hooks.c,1558}"
CE0x5152e10 "{CE0x5152e10|cred_has_capability:call|security/selinux/hooks.c,1558|*SummSink*}"
CONST[source:0(mediator),value:2(dynamic)][purpose:{subject}][SnkIdx:0]


CONST[source:2(external),value:0(static)][purpose:{operation}][SrcIdx:18]  ->  CONST[source:0(mediator),value:2(dynamic)][purpose:{object}][SnkIdx:5]
-----------
CONST[source:2(external),value:0(static)][purpose:{operation}][SrcIdx:18]
CE0x50d0390 "{CE0x50d0390|selinux_capable:cap|Function::selinux_capable&Arg::cap::|*SummSource*}"
CE0x50e0d50 "{CE0x50e0d50|selinux_capable:cap|Function::selinux_capable&Arg::cap::}"
CE0x508dc40 "{CE0x508dc40|selinux_capable:call|security/selinux/hooks.c,2007}"
CE0x5081ce0 "{CE0x5081ce0|selinux_capable:tobool|security/selinux/hooks.c,2008}"
CE0x506d540 "{CE0x506d540|selinux_capable:if.end}"
CE0x50dd4d0 "{CE0x50dd4d0|cred_has_capability:entry}"
CE0x5148a30 "{CE0x5148a30|cred_has_capability:bb}"
CE0x508a390 "{CE0x508a390|cred_has_capability:call|security/selinux/hooks.c,1558}"
CE0x5152e10 "{CE0x5152e10|cred_has_capability:call|security/selinux/hooks.c,1558|*SummSink*}"
CONST[source:0(mediator),value:2(dynamic)][purpose:{object}][SnkIdx:5]


CONST[source:2(external),value:0(static)][purpose:{operation}][SrcIdx:18]  ->  CONST[source:0(mediator),value:2(dynamic)][purpose:{object}][SnkIdx:2]
-----------
CONST[source:2(external),value:0(static)][purpose:{operation}][SrcIdx:18]
CE0x50d0390 "{CE0x50d0390|selinux_capable:cap|Function::selinux_capable&Arg::cap::|*SummSource*}"
CE0x50e0d50 "{CE0x50e0d50|selinux_capable:cap|Function::selinux_capable&Arg::cap::}"
CE0x5091ad0 "{CE0x5091ad0|cred_has_capability:cap|Function::cred_has_capability&Arg::cap::}"
CE0x50b0c10 "{CE0x50b0c10|cred_has_capability:shr|security/selinux/hooks.c,1565}"
CE0x512b860 "{CE0x512b860|cred_has_capability:sw.epilog}"
CE0x514b2d0 "{CE0x514b2d0|cred_has_capability:sclass.0}"
CE0x514b4b0 "{CE0x514b4b0|cred_has_capability:sclass.0|*SummSink*}"
CONST[source:0(mediator),value:2(dynamic)][purpose:{object}][SnkIdx:2]


CONST[source:2(external),value:0(static)][purpose:{operation}][SrcIdx:18]  ->  CONST[source:0(mediator),value:0(static)][purpose:{operation}][SnkIdx:7]
-----------
CONST[source:2(external),value:0(static)][purpose:{operation}][SrcIdx:18]
CE0x50d0390 "{CE0x50d0390|selinux_capable:cap|Function::selinux_capable&Arg::cap::|*SummSource*}"
CE0x50e0d50 "{CE0x50e0d50|selinux_capable:cap|Function::selinux_capable&Arg::cap::}"
CE0x5091ad0 "{CE0x5091ad0|cred_has_capability:cap|Function::cred_has_capability&Arg::cap::}"
CE0x50b9310 "{CE0x50b9310|cred_has_capability:and|security/selinux/hooks.c,1559}"
CE0x507eb00 "{CE0x507eb00|cred_has_capability:shl|security/selinux/hooks.c,1559}"
CE0x507ec80 "{CE0x507ec80|cred_has_capability:shl|security/selinux/hooks.c,1559|*SummSink*}"
CONST[source:0(mediator),value:0(static)][purpose:{operation}][SnkIdx:7]


CONST[source:2(external),value:2(dynamic)][purpose:{subject}][SrcIdx:19]  ->  CONST[source:0(mediator),value:2(dynamic)][purpose:{object}][SnkIdx:1]
-----------
CONST[source:2(external),value:2(dynamic)][purpose:{subject}][SrcIdx:19]
CE0x50dded0 "{CE0x50dded0|COLLAPSED:_GCMRE_current_task_external_global_%struct.task_struct*:_elem_0::|security/selinux/hooks.c,3087}"
CE0x50de520 "{CE0x50de520|selinux_inode_getsecurity:tmp27|security/selinux/hooks.c,3087}"
CE0x50df930 "{CE0x50df930|selinux_capable:cred|Function::selinux_capable&Arg::cred::}"
CE0x508dc40 "{CE0x508dc40|selinux_capable:call|security/selinux/hooks.c,2007}"
CE0x5081ce0 "{CE0x5081ce0|selinux_capable:tobool|security/selinux/hooks.c,2008}"
CE0x506d540 "{CE0x506d540|selinux_capable:if.end}"
CE0x50dd4d0 "{CE0x50dd4d0|cred_has_capability:entry}"
CE0x5148a30 "{CE0x5148a30|cred_has_capability:bb}"
CE0x508a390 "{CE0x508a390|cred_has_capability:call|security/selinux/hooks.c,1558}"
CE0x5152e10 "{CE0x5152e10|cred_has_capability:call|security/selinux/hooks.c,1558|*SummSink*}"
CONST[source:0(mediator),value:2(dynamic)][purpose:{object}][SnkIdx:1]


CONST[source:2(external),value:2(dynamic)][purpose:{subject}][SrcIdx:19]  ->  CONST[source:0(mediator),value:2(dynamic)][purpose:{object}][SnkIdx:6]
-----------
CONST[source:2(external),value:2(dynamic)][purpose:{subject}][SrcIdx:19]
CE0x50dded0 "{CE0x50dded0|COLLAPSED:_GCMRE_current_task_external_global_%struct.task_struct*:_elem_0::|security/selinux/hooks.c,3087}"
CE0x50de520 "{CE0x50de520|selinux_inode_getsecurity:tmp27|security/selinux/hooks.c,3087}"
CE0x50df930 "{CE0x50df930|selinux_capable:cred|Function::selinux_capable&Arg::cred::}"
CE0x508dc40 "{CE0x508dc40|selinux_capable:call|security/selinux/hooks.c,2007}"
CE0x5081ce0 "{CE0x5081ce0|selinux_capable:tobool|security/selinux/hooks.c,2008}"
CE0x506d540 "{CE0x506d540|selinux_capable:if.end}"
CE0x50dd4d0 "{CE0x50dd4d0|cred_has_capability:entry}"
CE0x512b860 "{CE0x512b860|cred_has_capability:sw.epilog}"
CE0x514b2d0 "{CE0x514b2d0|cred_has_capability:sclass.0}"
CE0x514b4b0 "{CE0x514b4b0|cred_has_capability:sclass.0|*SummSink*}"
CONST[source:0(mediator),value:2(dynamic)][purpose:{object}][SnkIdx:6]


CONST[source:2(external),value:2(dynamic)][purpose:{subject}][SrcIdx:19]  ->  CONST[source:0(mediator),value:2(dynamic)][purpose:{subject}][SnkIdx:4]
-----------
CONST[source:2(external),value:2(dynamic)][purpose:{subject}][SrcIdx:19]
CE0x50dded0 "{CE0x50dded0|COLLAPSED:_GCMRE_current_task_external_global_%struct.task_struct*:_elem_0::|security/selinux/hooks.c,3087}"
CE0x50de520 "{CE0x50de520|selinux_inode_getsecurity:tmp27|security/selinux/hooks.c,3087}"
CE0x50df930 "{CE0x50df930|selinux_capable:cred|Function::selinux_capable&Arg::cred::}"
CE0x508dc40 "{CE0x508dc40|selinux_capable:call|security/selinux/hooks.c,2007}"
CE0x5081ce0 "{CE0x5081ce0|selinux_capable:tobool|security/selinux/hooks.c,2008}"
CE0x506d540 "{CE0x506d540|selinux_capable:if.end}"
CE0x50dd4d0 "{CE0x50dd4d0|cred_has_capability:entry}"
CE0x5148a30 "{CE0x5148a30|cred_has_capability:bb}"
CE0x508a390 "{CE0x508a390|cred_has_capability:call|security/selinux/hooks.c,1558}"
CE0x5152e10 "{CE0x5152e10|cred_has_capability:call|security/selinux/hooks.c,1558|*SummSink*}"
CONST[source:0(mediator),value:2(dynamic)][purpose:{subject}][SnkIdx:4]


CONST[source:2(external),value:2(dynamic)][purpose:{subject}][SrcIdx:19]  ->  CONST[source:0(mediator),value:0(static)][purpose:{operation}][SnkIdx:3]
-----------
CONST[source:2(external),value:2(dynamic)][purpose:{subject}][SrcIdx:19]
CE0x50dded0 "{CE0x50dded0|COLLAPSED:_GCMRE_current_task_external_global_%struct.task_struct*:_elem_0::|security/selinux/hooks.c,3087}"
CE0x50de520 "{CE0x50de520|selinux_inode_getsecurity:tmp27|security/selinux/hooks.c,3087}"
CE0x50df930 "{CE0x50df930|selinux_capable:cred|Function::selinux_capable&Arg::cred::}"
CE0x508dc40 "{CE0x508dc40|selinux_capable:call|security/selinux/hooks.c,2007}"
CE0x5081ce0 "{CE0x5081ce0|selinux_capable:tobool|security/selinux/hooks.c,2008}"
CE0x506d540 "{CE0x506d540|selinux_capable:if.end}"
CE0x50dd4d0 "{CE0x50dd4d0|cred_has_capability:entry}"
CE0x5148a30 "{CE0x5148a30|cred_has_capability:bb}"
CE0x507eb00 "{CE0x507eb00|cred_has_capability:shl|security/selinux/hooks.c,1559}"
CE0x507ec80 "{CE0x507ec80|cred_has_capability:shl|security/selinux/hooks.c,1559|*SummSink*}"
CONST[source:0(mediator),value:0(static)][purpose:{operation}][SnkIdx:3]


CONST[source:2(external),value:2(dynamic)][purpose:{subject}][SrcIdx:19]  ->  CONST[source:0(mediator),value:2(dynamic)][purpose:{subject}][SnkIdx:0]
-----------
CONST[source:2(external),value:2(dynamic)][purpose:{subject}][SrcIdx:19]
CE0x50dded0 "{CE0x50dded0|COLLAPSED:_GCMRE_current_task_external_global_%struct.task_struct*:_elem_0::|security/selinux/hooks.c,3087}"
CE0x50de520 "{CE0x50de520|selinux_inode_getsecurity:tmp27|security/selinux/hooks.c,3087}"
CE0x50df930 "{CE0x50df930|selinux_capable:cred|Function::selinux_capable&Arg::cred::}"
CE0x508dc40 "{CE0x508dc40|selinux_capable:call|security/selinux/hooks.c,2007}"
CE0x5081ce0 "{CE0x5081ce0|selinux_capable:tobool|security/selinux/hooks.c,2008}"
CE0x506d540 "{CE0x506d540|selinux_capable:if.end}"
CE0x50dd4d0 "{CE0x50dd4d0|cred_has_capability:entry}"
CE0x5148a30 "{CE0x5148a30|cred_has_capability:bb}"
CE0x508a390 "{CE0x508a390|cred_has_capability:call|security/selinux/hooks.c,1558}"
CE0x5152e10 "{CE0x5152e10|cred_has_capability:call|security/selinux/hooks.c,1558|*SummSink*}"
CONST[source:0(mediator),value:2(dynamic)][purpose:{subject}][SnkIdx:0]


CONST[source:2(external),value:2(dynamic)][purpose:{subject}][SrcIdx:19]  ->  CONST[source:0(mediator),value:2(dynamic)][purpose:{object}][SnkIdx:5]
-----------
CONST[source:2(external),value:2(dynamic)][purpose:{subject}][SrcIdx:19]
CE0x50dded0 "{CE0x50dded0|COLLAPSED:_GCMRE_current_task_external_global_%struct.task_struct*:_elem_0::|security/selinux/hooks.c,3087}"
CE0x50de520 "{CE0x50de520|selinux_inode_getsecurity:tmp27|security/selinux/hooks.c,3087}"
CE0x50df930 "{CE0x50df930|selinux_capable:cred|Function::selinux_capable&Arg::cred::}"
CE0x508dc40 "{CE0x508dc40|selinux_capable:call|security/selinux/hooks.c,2007}"
CE0x5081ce0 "{CE0x5081ce0|selinux_capable:tobool|security/selinux/hooks.c,2008}"
CE0x506d540 "{CE0x506d540|selinux_capable:if.end}"
CE0x50dd4d0 "{CE0x50dd4d0|cred_has_capability:entry}"
CE0x5148a30 "{CE0x5148a30|cred_has_capability:bb}"
CE0x508a390 "{CE0x508a390|cred_has_capability:call|security/selinux/hooks.c,1558}"
CE0x5152e10 "{CE0x5152e10|cred_has_capability:call|security/selinux/hooks.c,1558|*SummSink*}"
CONST[source:0(mediator),value:2(dynamic)][purpose:{object}][SnkIdx:5]


CONST[source:2(external),value:2(dynamic)][purpose:{subject}][SrcIdx:19]  ->  CONST[source:0(mediator),value:2(dynamic)][purpose:{object}][SnkIdx:2]
-----------
CONST[source:2(external),value:2(dynamic)][purpose:{subject}][SrcIdx:19]
CE0x50dded0 "{CE0x50dded0|COLLAPSED:_GCMRE_current_task_external_global_%struct.task_struct*:_elem_0::|security/selinux/hooks.c,3087}"
CE0x50de520 "{CE0x50de520|selinux_inode_getsecurity:tmp27|security/selinux/hooks.c,3087}"
CE0x50df930 "{CE0x50df930|selinux_capable:cred|Function::selinux_capable&Arg::cred::}"
CE0x508dc40 "{CE0x508dc40|selinux_capable:call|security/selinux/hooks.c,2007}"
CE0x5081ce0 "{CE0x5081ce0|selinux_capable:tobool|security/selinux/hooks.c,2008}"
CE0x506d540 "{CE0x506d540|selinux_capable:if.end}"
CE0x50dd4d0 "{CE0x50dd4d0|cred_has_capability:entry}"
CE0x512b860 "{CE0x512b860|cred_has_capability:sw.epilog}"
CE0x514b2d0 "{CE0x514b2d0|cred_has_capability:sclass.0}"
CE0x514b4b0 "{CE0x514b4b0|cred_has_capability:sclass.0|*SummSink*}"
CONST[source:0(mediator),value:2(dynamic)][purpose:{object}][SnkIdx:2]


CONST[source:2(external),value:2(dynamic)][purpose:{subject}][SrcIdx:19]  ->  CONST[source:0(mediator),value:0(static)][purpose:{operation}][SnkIdx:7]
-----------
CONST[source:2(external),value:2(dynamic)][purpose:{subject}][SrcIdx:19]
CE0x50dded0 "{CE0x50dded0|COLLAPSED:_GCMRE_current_task_external_global_%struct.task_struct*:_elem_0::|security/selinux/hooks.c,3087}"
CE0x50de520 "{CE0x50de520|selinux_inode_getsecurity:tmp27|security/selinux/hooks.c,3087}"
CE0x50df930 "{CE0x50df930|selinux_capable:cred|Function::selinux_capable&Arg::cred::}"
CE0x508dc40 "{CE0x508dc40|selinux_capable:call|security/selinux/hooks.c,2007}"
CE0x5081ce0 "{CE0x5081ce0|selinux_capable:tobool|security/selinux/hooks.c,2008}"
CE0x506d540 "{CE0x506d540|selinux_capable:if.end}"
CE0x50dd4d0 "{CE0x50dd4d0|cred_has_capability:entry}"
CE0x5148a30 "{CE0x5148a30|cred_has_capability:bb}"
CE0x507eb00 "{CE0x507eb00|cred_has_capability:shl|security/selinux/hooks.c,1559}"
CE0x507ec80 "{CE0x507ec80|cred_has_capability:shl|security/selinux/hooks.c,1559|*SummSink*}"
CONST[source:0(mediator),value:0(static)][purpose:{operation}][SnkIdx:7]


CONST[source:2(external),value:0(static)][purpose:{operation}][SrcIdx:14]  ->  CONST[source:0(mediator),value:2(dynamic)][purpose:{object}][SnkIdx:6]
-----------
CONST[source:2(external),value:0(static)][purpose:{operation}][SrcIdx:14]
CE0x5135f30 "{CE0x5135f30|i32_1|*Constant*}"
CE0x512b860 "{CE0x512b860|cred_has_capability:sw.epilog}"
CE0x514b2d0 "{CE0x514b2d0|cred_has_capability:sclass.0}"
CE0x514b4b0 "{CE0x514b4b0|cred_has_capability:sclass.0|*SummSink*}"
CONST[source:0(mediator),value:2(dynamic)][purpose:{object}][SnkIdx:6]


CONST[source:2(external),value:0(static)][purpose:{operation}][SrcIdx:14]  ->  CONST[source:0(mediator),value:0(static)][purpose:{operation}][SnkIdx:3]
-----------
CONST[source:2(external),value:0(static)][purpose:{operation}][SrcIdx:14]
CE0x5135f30 "{CE0x5135f30|i32_1|*Constant*}"
CE0x507eb00 "{CE0x507eb00|cred_has_capability:shl|security/selinux/hooks.c,1559}"
CE0x507ec80 "{CE0x507ec80|cred_has_capability:shl|security/selinux/hooks.c,1559|*SummSink*}"
CONST[source:0(mediator),value:0(static)][purpose:{operation}][SnkIdx:3]


CONST[source:2(external),value:0(static)][purpose:{operation}][SrcIdx:14]  ->  CONST[source:0(mediator),value:2(dynamic)][purpose:{object}][SnkIdx:2]
-----------
CONST[source:2(external),value:0(static)][purpose:{operation}][SrcIdx:14]
CE0x5135f30 "{CE0x5135f30|i32_1|*Constant*}"
CE0x512b860 "{CE0x512b860|cred_has_capability:sw.epilog}"
CE0x514b2d0 "{CE0x514b2d0|cred_has_capability:sclass.0}"
CE0x514b4b0 "{CE0x514b4b0|cred_has_capability:sclass.0|*SummSink*}"
CONST[source:0(mediator),value:2(dynamic)][purpose:{object}][SnkIdx:2]


CONST[source:2(external),value:0(static)][purpose:{operation}][SrcIdx:14]  ->  CONST[source:0(mediator),value:0(static)][purpose:{operation}][SnkIdx:7]
-----------
CONST[source:2(external),value:0(static)][purpose:{operation}][SrcIdx:14]
CE0x5135f30 "{CE0x5135f30|i32_1|*Constant*}"
CE0x507eb00 "{CE0x507eb00|cred_has_capability:shl|security/selinux/hooks.c,1559}"
CE0x507ec80 "{CE0x507ec80|cred_has_capability:shl|security/selinux/hooks.c,1559|*SummSink*}"
CONST[source:0(mediator),value:0(static)][purpose:{operation}][SnkIdx:7]


CONST[source:0(mediator),value:2(dynamic)][purpose:{subject}][SrcIdx:20]  ->  CONST[source:0(mediator),value:2(dynamic)][purpose:{object}][SnkIdx:1]
-----------
CONST[source:0(mediator),value:2(dynamic)][purpose:{subject}][SrcIdx:20]
CE0x5156360 "{CE0x5156360|0:_i32,_4:_i32,_8:_i32,_12:_i32,_:_CMRE_4,8_|*MultipleSource*|security/selinux/hooks.c,196|security/selinux/hooks.c,197|*LoadInst*|security/selinux/hooks.c,196}"
CE0x512b630 "{CE0x512b630|cred_sid:tmp6|security/selinux/hooks.c,197}"
CE0x511f1f0 "{CE0x511f1f0|_ret_i32_%tmp6,_!dbg_!27716|security/selinux/hooks.c,197}"
CE0x508a390 "{CE0x508a390|cred_has_capability:call|security/selinux/hooks.c,1558}"
CE0x5152e10 "{CE0x5152e10|cred_has_capability:call|security/selinux/hooks.c,1558|*SummSink*}"
CONST[source:0(mediator),value:2(dynamic)][purpose:{object}][SnkIdx:1]


CONST[source:0(mediator),value:2(dynamic)][purpose:{subject}][SrcIdx:20]  ->  CONST[source:0(mediator),value:2(dynamic)][purpose:{object}][SnkIdx:6]
-----------
CONST[source:0(mediator),value:2(dynamic)][purpose:{subject}][SrcIdx:20]
CE0x5083740 "{CE0x5083740|COLLAPSED:_CMRE:_elem_0:default:}"
CE0x508dc40 "{CE0x508dc40|selinux_capable:call|security/selinux/hooks.c,2007}"
CE0x5081ce0 "{CE0x5081ce0|selinux_capable:tobool|security/selinux/hooks.c,2008}"
CE0x506d540 "{CE0x506d540|selinux_capable:if.end}"
CE0x50dd4d0 "{CE0x50dd4d0|cred_has_capability:entry}"
CE0x512b860 "{CE0x512b860|cred_has_capability:sw.epilog}"
CE0x514b2d0 "{CE0x514b2d0|cred_has_capability:sclass.0}"
CE0x514b4b0 "{CE0x514b4b0|cred_has_capability:sclass.0|*SummSink*}"
CONST[source:0(mediator),value:2(dynamic)][purpose:{object}][SnkIdx:6]


CONST[source:0(mediator),value:2(dynamic)][purpose:{subject}][SrcIdx:20]  ->  CONST[source:0(mediator),value:0(static)][purpose:{operation}][SnkIdx:3]
-----------
CONST[source:0(mediator),value:2(dynamic)][purpose:{subject}][SrcIdx:20]
CE0x5083740 "{CE0x5083740|COLLAPSED:_CMRE:_elem_0:default:}"
CE0x508dc40 "{CE0x508dc40|selinux_capable:call|security/selinux/hooks.c,2007}"
CE0x5081ce0 "{CE0x5081ce0|selinux_capable:tobool|security/selinux/hooks.c,2008}"
CE0x506d540 "{CE0x506d540|selinux_capable:if.end}"
CE0x50dd4d0 "{CE0x50dd4d0|cred_has_capability:entry}"
CE0x5148a30 "{CE0x5148a30|cred_has_capability:bb}"
CE0x507eb00 "{CE0x507eb00|cred_has_capability:shl|security/selinux/hooks.c,1559}"
CE0x507ec80 "{CE0x507ec80|cred_has_capability:shl|security/selinux/hooks.c,1559|*SummSink*}"
CONST[source:0(mediator),value:0(static)][purpose:{operation}][SnkIdx:3]


CONST[source:0(mediator),value:2(dynamic)][purpose:{subject}][SrcIdx:20]  ->  CONST[source:0(mediator),value:2(dynamic)][purpose:{object}][SnkIdx:5]
-----------
CONST[source:0(mediator),value:2(dynamic)][purpose:{subject}][SrcIdx:20]
CE0x5156360 "{CE0x5156360|0:_i32,_4:_i32,_8:_i32,_12:_i32,_:_CMRE_4,8_|*MultipleSource*|security/selinux/hooks.c,196|security/selinux/hooks.c,197|*LoadInst*|security/selinux/hooks.c,196}"
CE0x512b630 "{CE0x512b630|cred_sid:tmp6|security/selinux/hooks.c,197}"
CE0x511f1f0 "{CE0x511f1f0|_ret_i32_%tmp6,_!dbg_!27716|security/selinux/hooks.c,197}"
CE0x508a390 "{CE0x508a390|cred_has_capability:call|security/selinux/hooks.c,1558}"
CE0x5152e10 "{CE0x5152e10|cred_has_capability:call|security/selinux/hooks.c,1558|*SummSink*}"
CONST[source:0(mediator),value:2(dynamic)][purpose:{object}][SnkIdx:5]


CONST[source:0(mediator),value:2(dynamic)][purpose:{subject}][SrcIdx:20]  ->  CONST[source:0(mediator),value:2(dynamic)][purpose:{object}][SnkIdx:2]
-----------
CONST[source:0(mediator),value:2(dynamic)][purpose:{subject}][SrcIdx:20]
CE0x5083740 "{CE0x5083740|COLLAPSED:_CMRE:_elem_0:default:}"
CE0x508dc40 "{CE0x508dc40|selinux_capable:call|security/selinux/hooks.c,2007}"
CE0x5081ce0 "{CE0x5081ce0|selinux_capable:tobool|security/selinux/hooks.c,2008}"
CE0x506d540 "{CE0x506d540|selinux_capable:if.end}"
CE0x50dd4d0 "{CE0x50dd4d0|cred_has_capability:entry}"
CE0x512b860 "{CE0x512b860|cred_has_capability:sw.epilog}"
CE0x514b2d0 "{CE0x514b2d0|cred_has_capability:sclass.0}"
CE0x514b4b0 "{CE0x514b4b0|cred_has_capability:sclass.0|*SummSink*}"
CONST[source:0(mediator),value:2(dynamic)][purpose:{object}][SnkIdx:2]


CONST[source:0(mediator),value:2(dynamic)][purpose:{subject}][SrcIdx:20]  ->  CONST[source:0(mediator),value:0(static)][purpose:{operation}][SnkIdx:7]
-----------
CONST[source:0(mediator),value:2(dynamic)][purpose:{subject}][SrcIdx:20]
CE0x5083740 "{CE0x5083740|COLLAPSED:_CMRE:_elem_0:default:}"
CE0x508dc40 "{CE0x508dc40|selinux_capable:call|security/selinux/hooks.c,2007}"
CE0x5081ce0 "{CE0x5081ce0|selinux_capable:tobool|security/selinux/hooks.c,2008}"
CE0x506d540 "{CE0x506d540|selinux_capable:if.end}"
CE0x50dd4d0 "{CE0x50dd4d0|cred_has_capability:entry}"
CE0x5148a30 "{CE0x5148a30|cred_has_capability:bb}"
CE0x507eb00 "{CE0x507eb00|cred_has_capability:shl|security/selinux/hooks.c,1559}"
CE0x507ec80 "{CE0x507ec80|cred_has_capability:shl|security/selinux/hooks.c,1559|*SummSink*}"
CONST[source:0(mediator),value:0(static)][purpose:{operation}][SnkIdx:7]


