[selinux_file_send_sigiotask]

explicit:
CONST[source:1(input),value:2(dynamic)][purpose:{subject}][SrcIdx:11]  ->  CONST[source:0(mediator),value:2(dynamic)][purpose:{subject}][SnkIdx:0]
-----------
CONST[source:1(input),value:2(dynamic)][purpose:{subject}][SrcIdx:11]
CE0x9b0aa20 "{CE0x9b0aa20|VOIDTB_TE:_IE:_elem_0:default:}"
CE0x9af3210 "{CE0x9af3210|tmp16}"
CE0x9af3440 "{CE0x9af3440|tmp16}"
CONST[source:0(mediator),value:2(dynamic)][purpose:{subject}][SnkIdx:0]


CONST[source:1(input),value:2(dynamic)][purpose:{subject}][SrcIdx:11]  ->  CONST[source:0(mediator),value:2(dynamic)][purpose:{object}][SnkIdx:1]
-----------
CONST[source:1(input),value:2(dynamic)][purpose:{subject}][SrcIdx:11]
CE0x9b0aa20 "{CE0x9b0aa20|VOIDTB_TE:_IE:_elem_0:default:}"
CE0x9b5c200 "{CE0x9b5c200|tmp6}"
CE0x9b28680 "{CE0x9b28680|_ret_i32_%tmp6,_!dbg_!27716}"
CE0x9b27de0 "{CE0x9b27de0|call7}"
CE0x9b11f90 "{CE0x9b11f90|_ret_i32_%call7,_!dbg_!27749}"
CE0x6a41fb0 "{CE0x6a41fb0|call}"
CE0x6a81c00 "{CE0x6a81c00|call}"
CONST[source:0(mediator),value:2(dynamic)][purpose:{object}][SnkIdx:1]


CONST[source:1(input),value:2(dynamic)][purpose:{object}][SrcIdx:9]  ->  CONST[source:0(mediator),value:2(dynamic)][purpose:{subject}][SnkIdx:0]
-----------
CONST[source:1(input),value:2(dynamic)][purpose:{object}][SrcIdx:9]
CE0x9b0aa20 "{CE0x9b0aa20|VOIDTB_TE:_IE:_elem_0:default:}"
CE0x9af3210 "{CE0x9af3210|tmp16}"
CE0x9af3440 "{CE0x9af3440|tmp16}"
CONST[source:0(mediator),value:2(dynamic)][purpose:{subject}][SnkIdx:0]


CONST[source:1(input),value:2(dynamic)][purpose:{object}][SrcIdx:9]  ->  CONST[source:0(mediator),value:2(dynamic)][purpose:{object}][SnkIdx:1]
-----------
CONST[source:1(input),value:2(dynamic)][purpose:{object}][SrcIdx:9]
CE0x9b0aa20 "{CE0x9b0aa20|VOIDTB_TE:_IE:_elem_0:default:}"
CE0x9b5c200 "{CE0x9b5c200|tmp6}"
CE0x9b28680 "{CE0x9b28680|_ret_i32_%tmp6,_!dbg_!27716}"
CE0x9b27de0 "{CE0x9b27de0|call7}"
CE0x9b11f90 "{CE0x9b11f90|_ret_i32_%call7,_!dbg_!27749}"
CE0x6a41fb0 "{CE0x6a41fb0|call}"
CE0x6a81c00 "{CE0x6a81c00|call}"
CONST[source:0(mediator),value:2(dynamic)][purpose:{object}][SnkIdx:1]



implicit:
CONST[source:1(input),value:2(dynamic)][purpose:{object}][SrcIdx:9]  ->  CONST[source:0(mediator),value:2(dynamic)][purpose:{object}][SnkIdx:1]
-----------
CONST[source:1(input),value:2(dynamic)][purpose:{object}][SrcIdx:9]
CE0x9b0aa20 "{CE0x9b0aa20|VOIDTB_TE:_IE:_elem_0:default:}"
CE0x9b5c200 "{CE0x9b5c200|tmp6}"
CE0x9b28680 "{CE0x9b28680|_ret_i32_%tmp6,_!dbg_!27716}"
CE0x9b27de0 "{CE0x9b27de0|call7}"
CE0x9b11f90 "{CE0x9b11f90|_ret_i32_%call7,_!dbg_!27749}"
CE0x6a41fb0 "{CE0x6a41fb0|call}"
CE0x6a81c00 "{CE0x6a81c00|call}"
CONST[source:0(mediator),value:2(dynamic)][purpose:{object}][SnkIdx:1]


CONST[source:1(input),value:2(dynamic)][purpose:{object}][SrcIdx:9]  ->  CONST[source:0(mediator),value:2(dynamic)][purpose:{subject}][SnkIdx:0]
-----------
CONST[source:1(input),value:2(dynamic)][purpose:{object}][SrcIdx:9]
CE0x9b0aa20 "{CE0x9b0aa20|VOIDTB_TE:_IE:_elem_0:default:}"
CE0x9af3210 "{CE0x9af3210|tmp16}"
CE0x9af3440 "{CE0x9af3440|tmp16}"
CONST[source:0(mediator),value:2(dynamic)][purpose:{subject}][SnkIdx:0]


CONST[source:1(input),value:2(dynamic)][purpose:{subject}][SrcIdx:11]  ->  CONST[source:0(mediator),value:2(dynamic)][purpose:{object}][SnkIdx:1]
-----------
CONST[source:1(input),value:2(dynamic)][purpose:{subject}][SrcIdx:11]
CE0x9b0aa20 "{CE0x9b0aa20|VOIDTB_TE:_IE:_elem_0:default:}"
CE0x9b5c200 "{CE0x9b5c200|tmp6}"
CE0x9b28680 "{CE0x9b28680|_ret_i32_%tmp6,_!dbg_!27716}"
CE0x9b27de0 "{CE0x9b27de0|call7}"
CE0x9b11f90 "{CE0x9b11f90|_ret_i32_%call7,_!dbg_!27749}"
CE0x6a41fb0 "{CE0x6a41fb0|call}"
CE0x6a81c00 "{CE0x6a81c00|call}"
CONST[source:0(mediator),value:2(dynamic)][purpose:{object}][SnkIdx:1]


CONST[source:1(input),value:2(dynamic)][purpose:{subject}][SrcIdx:11]  ->  CONST[source:0(mediator),value:2(dynamic)][purpose:{subject}][SnkIdx:0]
-----------
CONST[source:1(input),value:2(dynamic)][purpose:{subject}][SrcIdx:11]
CE0x9b0aa20 "{CE0x9b0aa20|VOIDTB_TE:_IE:_elem_0:default:}"
CE0x9af3210 "{CE0x9af3210|tmp16}"
CE0x9af3440 "{CE0x9af3440|tmp16}"
CONST[source:0(mediator),value:2(dynamic)][purpose:{subject}][SnkIdx:0]


