[tomoyo_socket_connect]

explicit:
CONST[source:1(input),value:2(dynamic)][purpose:{operation}]  ->  CONST[source:0(mediator),value:0(static)][purpose:{operation}]
-----------
CONST[source:1(input),value:2(dynamic)][purpose:{operation}]
CE0x4d1fc20 "{CE0x4d1fc20|0:_i8,_1:_i8,_8:_i16,_16:_i32*,_24:_i8,_32:_i8*,_40:_i32,_:_SCMR:_elem_0:default:}"
CE0x4d21290 "{CE0x4d21290|tmp14}"
CE0x4d16cf0 "{CE0x4d16cf0|56:_i32_(%struct.socket.518*,_%struct.sockaddr*,_i32*,_i32)*,_:_IRE:_elem_0:default:}"
CONST[source:0(mediator),value:0(static)][purpose:{operation}]


CONST[source:1(input),value:2(dynamic)][purpose:{operation}]  ->  CONST[source:0(mediator),value:2(dynamic)][purpose:{object}]
-----------
CONST[source:1(input),value:2(dynamic)][purpose:{operation}]
CE0x4d1fc20 "{CE0x4d1fc20|0:_i8,_1:_i8,_8:_i16,_16:_i32*,_24:_i8,_32:_i8*,_40:_i32,_:_SCMR:_elem_0:default:}"
CE0x4d21290 "{CE0x4d21290|tmp14}"
CE0x4d1cdc0 "{CE0x4d1cdc0|VOIDTB_TE:_IE:_elem_0:default:}"
CONST[source:0(mediator),value:2(dynamic)][purpose:{object}]


CONST[source:1(input),value:2(dynamic)][purpose:{operation}]  ->  CONST[source:0(mediator),value:2(dynamic)][purpose:{subject}]
-----------
CONST[source:1(input),value:2(dynamic)][purpose:{operation}]
CE0x4d1fc20 "{CE0x4d1fc20|0:_i8,_1:_i8,_8:_i16,_16:_i32*,_24:_i8,_32:_i8*,_40:_i32,_:_SCMR:_elem_0:default:}"
CE0x4d21290 "{CE0x4d21290|tmp14}"
CE0x4d16cf0 "{CE0x4d16cf0|56:_i32_(%struct.socket.518*,_%struct.sockaddr*,_i32*,_i32)*,_:_IRE:_elem_0:default:}"
CONST[source:0(mediator),value:2(dynamic)][purpose:{subject}]


CONST[source:0(mediator),value:1(k-static)][purpose:{operation}]  ->  CONST[source:0(mediator),value:0(static)][purpose:{operation}]
-----------
CONST[source:0(mediator),value:1(k-static)][purpose:{operation}]
CE0x4d1fc20 "{CE0x4d1fc20|0:_i8,_1:_i8,_8:_i16,_16:_i32*,_24:_i8,_32:_i8*,_40:_i32,_:_SCMR:_elem_0:default:}"
CE0x4d21290 "{CE0x4d21290|tmp14}"
CE0x4d16cf0 "{CE0x4d16cf0|56:_i32_(%struct.socket.518*,_%struct.sockaddr*,_i32*,_i32)*,_:_IRE:_elem_0:default:}"
CONST[source:0(mediator),value:0(static)][purpose:{operation}]


CONST[source:0(mediator),value:1(k-static)][purpose:{operation}]  ->  CONST[source:0(mediator),value:2(dynamic)][purpose:{object}]
-----------
CONST[source:0(mediator),value:1(k-static)][purpose:{operation}]
CE0x4d1fc20 "{CE0x4d1fc20|0:_i8,_1:_i8,_8:_i16,_16:_i32*,_24:_i8,_32:_i8*,_40:_i32,_:_SCMR:_elem_0:default:}"
CE0x4d21290 "{CE0x4d21290|tmp14}"
CE0x4d1cdc0 "{CE0x4d1cdc0|VOIDTB_TE:_IE:_elem_0:default:}"
CONST[source:0(mediator),value:2(dynamic)][purpose:{object}]


CONST[source:0(mediator),value:1(k-static)][purpose:{operation}]  ->  CONST[source:0(mediator),value:2(dynamic)][purpose:{subject}]
-----------
CONST[source:0(mediator),value:1(k-static)][purpose:{operation}]
CE0x4d1fc20 "{CE0x4d1fc20|0:_i8,_1:_i8,_8:_i16,_16:_i32*,_24:_i8,_32:_i8*,_40:_i32,_:_SCMR:_elem_0:default:}"
CE0x4d21290 "{CE0x4d21290|tmp14}"
CE0x4d16cf0 "{CE0x4d16cf0|56:_i32_(%struct.socket.518*,_%struct.sockaddr*,_i32*,_i32)*,_:_IRE:_elem_0:default:}"
CONST[source:0(mediator),value:2(dynamic)][purpose:{subject}]


CONST[source:2(external),value:2(dynamic)][purpose:{subject}]  ->  CONST[source:0(mediator),value:0(static)][purpose:{operation}]
-----------
CONST[source:2(external),value:2(dynamic)][purpose:{subject}]
CE0x4d577a0 "{CE0x4d577a0|128:_i8*,_1208:_%struct.file*,_:_CMRE:_elem_0:default:}"
CE0x4d1efb0 "{CE0x4d1efb0|VOIDTB_TE:_CE_2272,6368_}"
CE0x4d16cf0 "{CE0x4d16cf0|56:_i32_(%struct.socket.518*,_%struct.sockaddr*,_i32*,_i32)*,_:_IRE:_elem_0:default:}"
CONST[source:0(mediator),value:0(static)][purpose:{operation}]


CONST[source:2(external),value:2(dynamic)][purpose:{subject}]  ->  CONST[source:0(mediator),value:2(dynamic)][purpose:{object}]
-----------
CONST[source:2(external),value:2(dynamic)][purpose:{subject}]
CE0x4d577a0 "{CE0x4d577a0|128:_i8*,_1208:_%struct.file*,_:_CMRE:_elem_0:default:}"
CE0x4d1efb0 "{CE0x4d1efb0|VOIDTB_TE:_CE_2272,6368_}"
CE0x4d1cdc0 "{CE0x4d1cdc0|VOIDTB_TE:_IE:_elem_0:default:}"
CONST[source:0(mediator),value:2(dynamic)][purpose:{object}]


CONST[source:2(external),value:2(dynamic)][purpose:{subject}]  ->  CONST[source:0(mediator),value:2(dynamic)][purpose:{subject}]
-----------
CONST[source:2(external),value:2(dynamic)][purpose:{subject}]
CE0x4d577a0 "{CE0x4d577a0|128:_i8*,_1208:_%struct.file*,_:_CMRE:_elem_0:default:}"
CE0x4d1efb0 "{CE0x4d1efb0|VOIDTB_TE:_CE_2272,6368_}"
CE0x4d16cf0 "{CE0x4d16cf0|56:_i32_(%struct.socket.518*,_%struct.sockaddr*,_i32*,_i32)*,_:_IRE:_elem_0:default:}"
CONST[source:0(mediator),value:2(dynamic)][purpose:{subject}]


CONST[source:1(input),value:2(dynamic)][purpose:{object}]  ->  CONST[source:0(mediator),value:0(static)][purpose:{operation}]
-----------
CONST[source:1(input),value:2(dynamic)][purpose:{object}]
CE0x4d16cf0 "{CE0x4d16cf0|56:_i32_(%struct.socket.518*,_%struct.sockaddr*,_i32*,_i32)*,_:_IRE:_elem_0:default:}"
CONST[source:0(mediator),value:0(static)][purpose:{operation}]


CONST[source:1(input),value:2(dynamic)][purpose:{object}]  ->  CONST[source:0(mediator),value:2(dynamic)][purpose:{object}]
-----------
CONST[source:1(input),value:2(dynamic)][purpose:{object}]
CE0x4d1cdc0 "{CE0x4d1cdc0|VOIDTB_TE:_IE:_elem_0:default:}"
CONST[source:0(mediator),value:2(dynamic)][purpose:{object}]


CONST[source:1(input),value:2(dynamic)][purpose:{object}]  ->  CONST[source:0(mediator),value:2(dynamic)][purpose:{subject}]
-----------
CONST[source:1(input),value:2(dynamic)][purpose:{object}]
CE0x4d16cf0 "{CE0x4d16cf0|56:_i32_(%struct.socket.518*,_%struct.sockaddr*,_i32*,_i32)*,_:_IRE:_elem_0:default:}"
CONST[source:0(mediator),value:2(dynamic)][purpose:{subject}]



implicit:
CONST[source:2(external),value:2(dynamic)][purpose:{subject}]  ->  CONST[source:0(mediator),value:0(static)][purpose:{operation}]
-----------
CONST[source:2(external),value:2(dynamic)][purpose:{subject}]
CE0x4d577a0 "{CE0x4d577a0|128:_i8*,_1208:_%struct.file*,_:_CMRE:_elem_0:default:}"
CE0x4d33710 "{CE0x4d33710|40:_%struct.tomoyo_policy_namespace*,_48:_i8,_:_GCRE_tomoyo_kernel_domain_external_global_%struct.tomoyo_domain_info:_elem_0:default:}"
CE0x4d1cdc0 "{CE0x4d1cdc0|VOIDTB_TE:_IE:_elem_0:default:}"
CONST[source:0(mediator),value:0(static)][purpose:{operation}]


CONST[source:2(external),value:2(dynamic)][purpose:{subject}]  ->  CONST[source:0(mediator),value:2(dynamic)][purpose:{subject}]
-----------
CONST[source:2(external),value:2(dynamic)][purpose:{subject}]
CE0x4d577a0 "{CE0x4d577a0|128:_i8*,_1208:_%struct.file*,_:_CMRE:_elem_0:default:}"
CE0x4d33710 "{CE0x4d33710|40:_%struct.tomoyo_policy_namespace*,_48:_i8,_:_GCRE_tomoyo_kernel_domain_external_global_%struct.tomoyo_domain_info:_elem_0:default:}"
CE0x4d1cdc0 "{CE0x4d1cdc0|VOIDTB_TE:_IE:_elem_0:default:}"
CONST[source:0(mediator),value:2(dynamic)][purpose:{subject}]


CONST[source:2(external),value:2(dynamic)][purpose:{subject}]  ->  CONST[source:0(mediator),value:2(dynamic)][purpose:{object}]
-----------
CONST[source:2(external),value:2(dynamic)][purpose:{subject}]
CE0x4d577a0 "{CE0x4d577a0|128:_i8*,_1208:_%struct.file*,_:_CMRE:_elem_0:default:}"
CE0x4d33710 "{CE0x4d33710|40:_%struct.tomoyo_policy_namespace*,_48:_i8,_:_GCRE_tomoyo_kernel_domain_external_global_%struct.tomoyo_domain_info:_elem_0:default:}"
CE0x4d16cf0 "{CE0x4d16cf0|56:_i32_(%struct.socket.518*,_%struct.sockaddr*,_i32*,_i32)*,_:_IRE:_elem_0:default:}"
CONST[source:0(mediator),value:2(dynamic)][purpose:{object}]


CONST[source:1(input),value:2(dynamic)][purpose:{operation}]  ->  CONST[source:0(mediator),value:0(static)][purpose:{operation}]
-----------
CONST[source:1(input),value:2(dynamic)][purpose:{operation}]
CE0x4d1fc20 "{CE0x4d1fc20|0:_i8,_1:_i8,_8:_i16,_16:_i32*,_24:_i8,_32:_i8*,_40:_i32,_:_SCMR:_elem_0:default:}"
CE0x4d21290 "{CE0x4d21290|tmp14}"
CE0x4d1cdc0 "{CE0x4d1cdc0|VOIDTB_TE:_IE:_elem_0:default:}"
CONST[source:0(mediator),value:0(static)][purpose:{operation}]


CONST[source:1(input),value:2(dynamic)][purpose:{operation}]  ->  CONST[source:0(mediator),value:2(dynamic)][purpose:{subject}]
-----------
CONST[source:1(input),value:2(dynamic)][purpose:{operation}]
CE0x4d1fc20 "{CE0x4d1fc20|0:_i8,_1:_i8,_8:_i16,_16:_i32*,_24:_i8,_32:_i8*,_40:_i32,_:_SCMR:_elem_0:default:}"
CE0x4d21290 "{CE0x4d21290|tmp14}"
CE0x4d1cdc0 "{CE0x4d1cdc0|VOIDTB_TE:_IE:_elem_0:default:}"
CONST[source:0(mediator),value:2(dynamic)][purpose:{subject}]


CONST[source:1(input),value:2(dynamic)][purpose:{operation}]  ->  CONST[source:0(mediator),value:2(dynamic)][purpose:{object}]
-----------
CONST[source:1(input),value:2(dynamic)][purpose:{operation}]
CE0x4d1fc20 "{CE0x4d1fc20|0:_i8,_1:_i8,_8:_i16,_16:_i32*,_24:_i8,_32:_i8*,_40:_i32,_:_SCMR:_elem_0:default:}"
CE0x4d21290 "{CE0x4d21290|tmp14}"
CE0x4d16cf0 "{CE0x4d16cf0|56:_i32_(%struct.socket.518*,_%struct.sockaddr*,_i32*,_i32)*,_:_IRE:_elem_0:default:}"
CONST[source:0(mediator),value:2(dynamic)][purpose:{object}]


CONST[source:1(input),value:2(dynamic)][purpose:{object}]  ->  CONST[source:0(mediator),value:0(static)][purpose:{operation}]
-----------
CONST[source:1(input),value:2(dynamic)][purpose:{object}]
CE0x4d1cdc0 "{CE0x4d1cdc0|VOIDTB_TE:_IE:_elem_0:default:}"
CONST[source:0(mediator),value:0(static)][purpose:{operation}]


CONST[source:1(input),value:2(dynamic)][purpose:{object}]  ->  CONST[source:0(mediator),value:2(dynamic)][purpose:{subject}]
-----------
CONST[source:1(input),value:2(dynamic)][purpose:{object}]
CE0x4d1cdc0 "{CE0x4d1cdc0|VOIDTB_TE:_IE:_elem_0:default:}"
CONST[source:0(mediator),value:2(dynamic)][purpose:{subject}]


CONST[source:1(input),value:2(dynamic)][purpose:{object}]  ->  CONST[source:0(mediator),value:2(dynamic)][purpose:{object}]
-----------
CONST[source:1(input),value:2(dynamic)][purpose:{object}]
CE0x4d16cf0 "{CE0x4d16cf0|56:_i32_(%struct.socket.518*,_%struct.sockaddr*,_i32*,_i32)*,_:_IRE:_elem_0:default:}"
CONST[source:0(mediator),value:2(dynamic)][purpose:{object}]


CONST[source:0(mediator),value:1(k-static)][purpose:{operation}]  ->  CONST[source:0(mediator),value:0(static)][purpose:{operation}]
-----------
CONST[source:0(mediator),value:1(k-static)][purpose:{operation}]
CE0x4d1fc20 "{CE0x4d1fc20|0:_i8,_1:_i8,_8:_i16,_16:_i32*,_24:_i8,_32:_i8*,_40:_i32,_:_SCMR:_elem_0:default:}"
CE0x4d21290 "{CE0x4d21290|tmp14}"
CE0x4d1cdc0 "{CE0x4d1cdc0|VOIDTB_TE:_IE:_elem_0:default:}"
CONST[source:0(mediator),value:0(static)][purpose:{operation}]


CONST[source:0(mediator),value:1(k-static)][purpose:{operation}]  ->  CONST[source:0(mediator),value:2(dynamic)][purpose:{subject}]
-----------
CONST[source:0(mediator),value:1(k-static)][purpose:{operation}]
CE0x4d1fc20 "{CE0x4d1fc20|0:_i8,_1:_i8,_8:_i16,_16:_i32*,_24:_i8,_32:_i8*,_40:_i32,_:_SCMR:_elem_0:default:}"
CE0x4d21290 "{CE0x4d21290|tmp14}"
CE0x4d1cdc0 "{CE0x4d1cdc0|VOIDTB_TE:_IE:_elem_0:default:}"
CONST[source:0(mediator),value:2(dynamic)][purpose:{subject}]


CONST[source:0(mediator),value:1(k-static)][purpose:{operation}]  ->  CONST[source:0(mediator),value:2(dynamic)][purpose:{object}]
-----------
CONST[source:0(mediator),value:1(k-static)][purpose:{operation}]
CE0x4d1fc20 "{CE0x4d1fc20|0:_i8,_1:_i8,_8:_i16,_16:_i32*,_24:_i8,_32:_i8*,_40:_i32,_:_SCMR:_elem_0:default:}"
CE0x4d21290 "{CE0x4d21290|tmp14}"
CE0x4d16cf0 "{CE0x4d16cf0|56:_i32_(%struct.socket.518*,_%struct.sockaddr*,_i32*,_i32)*,_:_IRE:_elem_0:default:}"
CONST[source:0(mediator),value:2(dynamic)][purpose:{object}]


