[tomoyo_sb_pivotroot]

explicit:
CONST[source:2(external),value:2(dynamic)][purpose:{subject}]  ->  CONST[source:0(mediator),value:2(dynamic)][purpose:{subject}]
-----------
CONST[source:2(external),value:2(dynamic)][purpose:{subject}]
CE0x5519f50 "{CE0x5519f50|128:_i8*,_1208:_%struct.file*,_:_CMRE_128,136_|*MultipleSource*|security/tomoyo/common.h,1205|security/tomoyo/common.h,1205}"
CE0x551aa90 "{CE0x551aa90|tomoyo_domain:_tmp22|security/tomoyo/common.h,1205}"
CE0x6406d90 "{CE0x6406d90|tomoyo_domain:_tmp23|security/tomoyo/common.h,1205}"
CE0x659d4e0 "{CE0x659d4e0|_ret_%struct.tomoyo_domain_info*_%tmp23,_!dbg_!38929|security/tomoyo/common.h,1205}"
CE0x7dac870 "{CE0x7dac870|tomoyo_init_request_info:_call|security/tomoyo/util.c,1005}"
CE0x659d330 "{CE0x659d330|tomoyo_init_request_info:_domain.addr.0}"
CE0x7e2fcf0 "{CE0x7e2fcf0|0:_%struct.tomoyo_obj_info*,_24:_%struct.tomoyo_path_info*,_32:_%struct.tomoyo_path_info*,_40:_i8,_72:_i8,_76:_i8,_:_SCMRE_16,24_|*MultipleSource*|security/tomoyo/file.c, 891|security/tomoyo/file.c,891|security/tomoyo/file.c,920|Function::tomoyo_init_request_info&Arg::r::}"
CONST[source:0(mediator),value:2(dynamic)][purpose:{subject}]



implicit:
CONST[source:2(external),value:2(dynamic)][purpose:{subject}]  ->  CONST[source:0(mediator),value:2(dynamic)][purpose:{subject}]
-----------
CONST[source:2(external),value:2(dynamic)][purpose:{subject}]
CE0x5519f50 "{CE0x5519f50|128:_i8*,_1208:_%struct.file*,_:_CMRE_128,136_|*MultipleSource*|security/tomoyo/common.h,1205|security/tomoyo/common.h,1205}"
CE0x551aa90 "{CE0x551aa90|tomoyo_domain:_tmp22|security/tomoyo/common.h,1205}"
CE0x6406d90 "{CE0x6406d90|tomoyo_domain:_tmp23|security/tomoyo/common.h,1205}"
CE0x659d4e0 "{CE0x659d4e0|_ret_%struct.tomoyo_domain_info*_%tmp23,_!dbg_!38929|security/tomoyo/common.h,1205}"
CE0x7dac870 "{CE0x7dac870|tomoyo_init_request_info:_call|security/tomoyo/util.c,1005}"
CE0x659d330 "{CE0x659d330|tomoyo_init_request_info:_domain.addr.0}"
CE0x7e2fcf0 "{CE0x7e2fcf0|0:_%struct.tomoyo_obj_info*,_24:_%struct.tomoyo_path_info*,_32:_%struct.tomoyo_path_info*,_40:_i8,_72:_i8,_76:_i8,_:_SCMRE_16,24_|*MultipleSource*|security/tomoyo/file.c, 891|security/tomoyo/file.c,891|security/tomoyo/file.c,920|Function::tomoyo_init_request_info&Arg::r::}"
CONST[source:0(mediator),value:2(dynamic)][purpose:{subject}]


CONST[source:2(external),value:2(dynamic)][purpose:{subject}]  ->  CONST[source:0(mediator),value:0(static)][purpose:{operation}]
-----------
CONST[source:2(external),value:2(dynamic)][purpose:{subject}]
CE0x5519f50 "{CE0x5519f50|128:_i8*,_1208:_%struct.file*,_:_CMRE_128,136_|*MultipleSource*|security/tomoyo/common.h,1205|security/tomoyo/common.h,1205}"
CE0x551aa90 "{CE0x551aa90|tomoyo_domain:_tmp22|security/tomoyo/common.h,1205}"
CE0x6406d90 "{CE0x6406d90|tomoyo_domain:_tmp23|security/tomoyo/common.h,1205}"
CE0x659d4e0 "{CE0x659d4e0|_ret_%struct.tomoyo_domain_info*_%tmp23,_!dbg_!38929|security/tomoyo/common.h,1205}"
CE0x7dac870 "{CE0x7dac870|tomoyo_init_request_info:_call|security/tomoyo/util.c,1005}"
CE0x659d330 "{CE0x659d330|tomoyo_init_request_info:_domain.addr.0}"
CE0x7e2fcf0 "{CE0x7e2fcf0|0:_%struct.tomoyo_obj_info*,_24:_%struct.tomoyo_path_info*,_32:_%struct.tomoyo_path_info*,_40:_i8,_72:_i8,_76:_i8,_:_SCMRE_16,24_|*MultipleSource*|security/tomoyo/file.c, 891|security/tomoyo/file.c,891|security/tomoyo/file.c,920|Function::tomoyo_init_request_info&Arg::r::}"
CONST[source:0(mediator),value:2(dynamic)][purpose:{subject}]
CE0x64fbca0 "{CE0x64fbca0|VOIDTB_TE:_CE_2272,6368_|*MultipleSource*|security/tomoyo/util.c,1010|Function::tomoyo_get_mode&Arg::ns::}"
CE0x48df960 "{CE0x48df960|COLLAPSED:_CRE:_elem_0:default:}"
CE0x46974b0 "{CE0x46974b0|tomoyo_get_mode:_tmp24|security/tomoyo/util.c,986}"
CE0x46972f0 "{CE0x46972f0|tomoyo_get_mode:_mode.1}"
CE0x525ee60 "{CE0x525ee60|tomoyo_get_mode:_conv15|security/tomoyo/util.c,987}"
CE0x525f360 "{CE0x525f360|tomoyo_get_mode:_and|security/tomoyo/util.c,987}"
CE0x52a14e0 "{CE0x52a14e0|tomoyo_get_mode:_retval.0}"
CE0x668f5f0 "{CE0x668f5f0|_ret_i32_%retval.0,_!dbg_!38935|security/tomoyo/util.c,988}"
CE0x6677d90 "{CE0x6677d90|tomoyo_init_request_info:_call4|security/tomoyo/util.c,1010}"
CE0x668f9d0 "{CE0x668f9d0|tomoyo_init_request_info:_conv|security/tomoyo/util.c,1010}"
CE0x482cb70 "{CE0x482cb70|0:_%struct.tomoyo_obj_info*,_24:_%struct.tomoyo_path_info*,_32:_%struct.tomoyo_path_info*,_40:_i8,_72:_i8,_76:_i8,_:_SCMRE_76,77_|*MultipleSource*|security/tomoyo/file.c, 891|security/tomoyo/file.c,891|security/tomoyo/file.c,920|Function::tomoyo_init_request_info&Arg::r::}"
CE0x6611f50 "{CE0x6611f50|tomoyo_init_request_info:_tmp13|*LoadInst*|security/tomoyo/util.c,1011}"
CE0x6733990 "{CE0x6733990|tomoyo_init_request_info:_conv6|security/tomoyo/util.c,1011}"
CE0x7dacf40 "{CE0x7dacf40|_ret_i32_%conv6,_!dbg_!38926|security/tomoyo/util.c,1011}"
CE0x55ca4c0 "{CE0x55ca4c0|tomoyo_path2_perm:_call|security/tomoyo/file.c,898}"
CE0x7b6e950 "{CE0x7b6e950|tomoyo_path2_perm:_cmp|security/tomoyo/file.c,899}"
CE0x53161f0 "{CE0x53161f0|tomoyo_path2_perm:_sw.epilog}"
CE0x6285ba0 "{CE0x6285ba0|0:_%struct.tomoyo_obj_info*,_24:_%struct.tomoyo_path_info*,_32:_%struct.tomoyo_path_info*,_40:_i8,_72:_i8,_76:_i8,_:_SCMRE_40,41_}"
CONST[source:0(mediator),value:0(static)][purpose:{operation}]


CONST[source:2(external),value:2(dynamic)][purpose:{subject}]  ->  CONST[source:0(mediator),value:2(dynamic)][purpose:{object}]
-----------
CONST[source:2(external),value:2(dynamic)][purpose:{subject}]
CE0x5519f50 "{CE0x5519f50|128:_i8*,_1208:_%struct.file*,_:_CMRE_128,136_|*MultipleSource*|security/tomoyo/common.h,1205|security/tomoyo/common.h,1205}"
CE0x551aa90 "{CE0x551aa90|tomoyo_domain:_tmp22|security/tomoyo/common.h,1205}"
CE0x6406d90 "{CE0x6406d90|tomoyo_domain:_tmp23|security/tomoyo/common.h,1205}"
CE0x659d4e0 "{CE0x659d4e0|_ret_%struct.tomoyo_domain_info*_%tmp23,_!dbg_!38929|security/tomoyo/common.h,1205}"
CE0x7dac870 "{CE0x7dac870|tomoyo_init_request_info:_call|security/tomoyo/util.c,1005}"
CE0x659d330 "{CE0x659d330|tomoyo_init_request_info:_domain.addr.0}"
CE0x7e2fcf0 "{CE0x7e2fcf0|0:_%struct.tomoyo_obj_info*,_24:_%struct.tomoyo_path_info*,_32:_%struct.tomoyo_path_info*,_40:_i8,_72:_i8,_76:_i8,_:_SCMRE_16,24_|*MultipleSource*|security/tomoyo/file.c, 891|security/tomoyo/file.c,891|security/tomoyo/file.c,920|Function::tomoyo_init_request_info&Arg::r::}"
CONST[source:0(mediator),value:2(dynamic)][purpose:{subject}]
CE0x64fbca0 "{CE0x64fbca0|VOIDTB_TE:_CE_2272,6368_|*MultipleSource*|security/tomoyo/util.c,1010|Function::tomoyo_get_mode&Arg::ns::}"
CE0x48df960 "{CE0x48df960|COLLAPSED:_CRE:_elem_0:default:}"
CE0x46974b0 "{CE0x46974b0|tomoyo_get_mode:_tmp24|security/tomoyo/util.c,986}"
CE0x46972f0 "{CE0x46972f0|tomoyo_get_mode:_mode.1}"
CE0x525ee60 "{CE0x525ee60|tomoyo_get_mode:_conv15|security/tomoyo/util.c,987}"
CE0x525f360 "{CE0x525f360|tomoyo_get_mode:_and|security/tomoyo/util.c,987}"
CE0x52a14e0 "{CE0x52a14e0|tomoyo_get_mode:_retval.0}"
CE0x668f5f0 "{CE0x668f5f0|_ret_i32_%retval.0,_!dbg_!38935|security/tomoyo/util.c,988}"
CE0x6677d90 "{CE0x6677d90|tomoyo_init_request_info:_call4|security/tomoyo/util.c,1010}"
CE0x668f9d0 "{CE0x668f9d0|tomoyo_init_request_info:_conv|security/tomoyo/util.c,1010}"
CE0x482cb70 "{CE0x482cb70|0:_%struct.tomoyo_obj_info*,_24:_%struct.tomoyo_path_info*,_32:_%struct.tomoyo_path_info*,_40:_i8,_72:_i8,_76:_i8,_:_SCMRE_76,77_|*MultipleSource*|security/tomoyo/file.c, 891|security/tomoyo/file.c,891|security/tomoyo/file.c,920|Function::tomoyo_init_request_info&Arg::r::}"
CE0x6611f50 "{CE0x6611f50|tomoyo_init_request_info:_tmp13|*LoadInst*|security/tomoyo/util.c,1011}"
CE0x6733990 "{CE0x6733990|tomoyo_init_request_info:_conv6|security/tomoyo/util.c,1011}"
CE0x7dacf40 "{CE0x7dacf40|_ret_i32_%conv6,_!dbg_!38926|security/tomoyo/util.c,1011}"
CE0x55ca4c0 "{CE0x55ca4c0|tomoyo_path2_perm:_call|security/tomoyo/file.c,898}"
CE0x7b6e950 "{CE0x7b6e950|tomoyo_path2_perm:_cmp|security/tomoyo/file.c,899}"
CE0x53161f0 "{CE0x53161f0|tomoyo_path2_perm:_sw.epilog}"
CE0x548d6b0 "{CE0x548d6b0|0:_%struct.tomoyo_obj_info*,_24:_%struct.tomoyo_path_info*,_32:_%struct.tomoyo_path_info*,_40:_i8,_72:_i8,_76:_i8,_:_SCMRE_26,27_}"
CONST[source:0(mediator),value:2(dynamic)][purpose:{object}]


CONST[source:0(mediator),value:2(dynamic)][purpose:{subject}]  ->  CONST[source:0(mediator),value:0(static)][purpose:{operation}]
-----------
CONST[source:0(mediator),value:2(dynamic)][purpose:{subject}]
CE0x64fbca0 "{CE0x64fbca0|VOIDTB_TE:_CE_2272,6368_|*MultipleSource*|security/tomoyo/util.c,1010|Function::tomoyo_get_mode&Arg::ns::}"
CE0x48df960 "{CE0x48df960|COLLAPSED:_CRE:_elem_0:default:}"
CE0x46974b0 "{CE0x46974b0|tomoyo_get_mode:_tmp24|security/tomoyo/util.c,986}"
CE0x46972f0 "{CE0x46972f0|tomoyo_get_mode:_mode.1}"
CE0x525ee60 "{CE0x525ee60|tomoyo_get_mode:_conv15|security/tomoyo/util.c,987}"
CE0x525f360 "{CE0x525f360|tomoyo_get_mode:_and|security/tomoyo/util.c,987}"
CE0x52a14e0 "{CE0x52a14e0|tomoyo_get_mode:_retval.0}"
CE0x668f5f0 "{CE0x668f5f0|_ret_i32_%retval.0,_!dbg_!38935|security/tomoyo/util.c,988}"
CE0x6677d90 "{CE0x6677d90|tomoyo_init_request_info:_call4|security/tomoyo/util.c,1010}"
CE0x668f9d0 "{CE0x668f9d0|tomoyo_init_request_info:_conv|security/tomoyo/util.c,1010}"
CE0x482cb70 "{CE0x482cb70|0:_%struct.tomoyo_obj_info*,_24:_%struct.tomoyo_path_info*,_32:_%struct.tomoyo_path_info*,_40:_i8,_72:_i8,_76:_i8,_:_SCMRE_76,77_|*MultipleSource*|security/tomoyo/file.c, 891|security/tomoyo/file.c,891|security/tomoyo/file.c,920|Function::tomoyo_init_request_info&Arg::r::}"
CE0x6611f50 "{CE0x6611f50|tomoyo_init_request_info:_tmp13|*LoadInst*|security/tomoyo/util.c,1011}"
CE0x6733990 "{CE0x6733990|tomoyo_init_request_info:_conv6|security/tomoyo/util.c,1011}"
CE0x7dacf40 "{CE0x7dacf40|_ret_i32_%conv6,_!dbg_!38926|security/tomoyo/util.c,1011}"
CE0x55ca4c0 "{CE0x55ca4c0|tomoyo_path2_perm:_call|security/tomoyo/file.c,898}"
CE0x7b6e950 "{CE0x7b6e950|tomoyo_path2_perm:_cmp|security/tomoyo/file.c,899}"
CE0x53161f0 "{CE0x53161f0|tomoyo_path2_perm:_sw.epilog}"
CE0x6285ba0 "{CE0x6285ba0|0:_%struct.tomoyo_obj_info*,_24:_%struct.tomoyo_path_info*,_32:_%struct.tomoyo_path_info*,_40:_i8,_72:_i8,_76:_i8,_:_SCMRE_40,41_}"
CONST[source:0(mediator),value:0(static)][purpose:{operation}]


CONST[source:0(mediator),value:2(dynamic)][purpose:{subject}]  ->  CONST[source:0(mediator),value:2(dynamic)][purpose:{object}]
-----------
CONST[source:0(mediator),value:2(dynamic)][purpose:{subject}]
CE0x64fbca0 "{CE0x64fbca0|VOIDTB_TE:_CE_2272,6368_|*MultipleSource*|security/tomoyo/util.c,1010|Function::tomoyo_get_mode&Arg::ns::}"
CE0x48df960 "{CE0x48df960|COLLAPSED:_CRE:_elem_0:default:}"
CE0x46974b0 "{CE0x46974b0|tomoyo_get_mode:_tmp24|security/tomoyo/util.c,986}"
CE0x46972f0 "{CE0x46972f0|tomoyo_get_mode:_mode.1}"
CE0x525ee60 "{CE0x525ee60|tomoyo_get_mode:_conv15|security/tomoyo/util.c,987}"
CE0x525f360 "{CE0x525f360|tomoyo_get_mode:_and|security/tomoyo/util.c,987}"
CE0x52a14e0 "{CE0x52a14e0|tomoyo_get_mode:_retval.0}"
CE0x668f5f0 "{CE0x668f5f0|_ret_i32_%retval.0,_!dbg_!38935|security/tomoyo/util.c,988}"
CE0x6677d90 "{CE0x6677d90|tomoyo_init_request_info:_call4|security/tomoyo/util.c,1010}"
CE0x668f9d0 "{CE0x668f9d0|tomoyo_init_request_info:_conv|security/tomoyo/util.c,1010}"
CE0x482cb70 "{CE0x482cb70|0:_%struct.tomoyo_obj_info*,_24:_%struct.tomoyo_path_info*,_32:_%struct.tomoyo_path_info*,_40:_i8,_72:_i8,_76:_i8,_:_SCMRE_76,77_|*MultipleSource*|security/tomoyo/file.c, 891|security/tomoyo/file.c,891|security/tomoyo/file.c,920|Function::tomoyo_init_request_info&Arg::r::}"
CE0x6611f50 "{CE0x6611f50|tomoyo_init_request_info:_tmp13|*LoadInst*|security/tomoyo/util.c,1011}"
CE0x6733990 "{CE0x6733990|tomoyo_init_request_info:_conv6|security/tomoyo/util.c,1011}"
CE0x7dacf40 "{CE0x7dacf40|_ret_i32_%conv6,_!dbg_!38926|security/tomoyo/util.c,1011}"
CE0x55ca4c0 "{CE0x55ca4c0|tomoyo_path2_perm:_call|security/tomoyo/file.c,898}"
CE0x7b6e950 "{CE0x7b6e950|tomoyo_path2_perm:_cmp|security/tomoyo/file.c,899}"
CE0x53161f0 "{CE0x53161f0|tomoyo_path2_perm:_sw.epilog}"
CE0x548d6b0 "{CE0x548d6b0|0:_%struct.tomoyo_obj_info*,_24:_%struct.tomoyo_path_info*,_32:_%struct.tomoyo_path_info*,_40:_i8,_72:_i8,_76:_i8,_:_SCMRE_26,27_}"
CONST[source:0(mediator),value:2(dynamic)][purpose:{object}]


CONST[source:0(mediator),value:0(static)][purpose:{operation}]  ->  CONST[source:0(mediator),value:2(dynamic)][purpose:{object}]
-----------
CONST[source:0(mediator),value:0(static)][purpose:{operation}]
CE0x54ea860 "{CE0x54ea860|tomoyo_path2_perm:_operation|Function::tomoyo_path2_perm&Arg::operation::|*SummSource*}"
CE0x54faa90 "{CE0x54faa90|tomoyo_path2_perm:_operation|Function::tomoyo_path2_perm&Arg::operation::}"
CE0x5438a30 "{CE0x5438a30|tomoyo_path2_perm:_idxprom|security/tomoyo/file.c,898}"
CE0x7bd0e20 "{CE0x7bd0e20|tomoyo_path2_perm:_arrayidx|security/tomoyo/file.c,898}"
CE0x55ca020 "{CE0x55ca020|tomoyo_path2_perm:_tmp9|security/tomoyo/file.c,898}"
CE0x65a4c50 "{CE0x65a4c50|tomoyo_init_request_info:_index|Function::tomoyo_init_request_info&Arg::index::}"
CE0x668fa40 "{CE0x668fa40|tomoyo_get_mode:_index|Function::tomoyo_get_mode&Arg::index::}"
CE0x536e630 "{CE0x536e630|tomoyo_get_mode:_idxprom|security/tomoyo/util.c,981}"
CE0x671f220 "{CE0x671f220|tomoyo_get_mode:_arrayidx|security/tomoyo/util.c,981}"
CE0x528dda0 "{CE0x528dda0|tomoyo_get_mode:_tmp9|security/tomoyo/util.c,981}"
CE0x54d0100 "{CE0x54d0100|tomoyo_get_mode:_mode.0}"
CE0x46972f0 "{CE0x46972f0|tomoyo_get_mode:_mode.1}"
CE0x525ee60 "{CE0x525ee60|tomoyo_get_mode:_conv15|security/tomoyo/util.c,987}"
CE0x525f360 "{CE0x525f360|tomoyo_get_mode:_and|security/tomoyo/util.c,987}"
CE0x52a14e0 "{CE0x52a14e0|tomoyo_get_mode:_retval.0}"
CE0x668f5f0 "{CE0x668f5f0|_ret_i32_%retval.0,_!dbg_!38935|security/tomoyo/util.c,988}"
CE0x6677d90 "{CE0x6677d90|tomoyo_init_request_info:_call4|security/tomoyo/util.c,1010}"
CE0x668f9d0 "{CE0x668f9d0|tomoyo_init_request_info:_conv|security/tomoyo/util.c,1010}"
CE0x482cb70 "{CE0x482cb70|0:_%struct.tomoyo_obj_info*,_24:_%struct.tomoyo_path_info*,_32:_%struct.tomoyo_path_info*,_40:_i8,_72:_i8,_76:_i8,_:_SCMRE_76,77_|*MultipleSource*|security/tomoyo/file.c, 891|security/tomoyo/file.c,891|security/tomoyo/file.c,920|Function::tomoyo_init_request_info&Arg::r::}"
CE0x6611f50 "{CE0x6611f50|tomoyo_init_request_info:_tmp13|*LoadInst*|security/tomoyo/util.c,1011}"
CE0x6733990 "{CE0x6733990|tomoyo_init_request_info:_conv6|security/tomoyo/util.c,1011}"
CE0x7dacf40 "{CE0x7dacf40|_ret_i32_%conv6,_!dbg_!38926|security/tomoyo/util.c,1011}"
CE0x55ca4c0 "{CE0x55ca4c0|tomoyo_path2_perm:_call|security/tomoyo/file.c,898}"
CE0x7b6e950 "{CE0x7b6e950|tomoyo_path2_perm:_cmp|security/tomoyo/file.c,899}"
CE0x53161f0 "{CE0x53161f0|tomoyo_path2_perm:_sw.epilog}"
CE0x548d6b0 "{CE0x548d6b0|0:_%struct.tomoyo_obj_info*,_24:_%struct.tomoyo_path_info*,_32:_%struct.tomoyo_path_info*,_40:_i8,_72:_i8,_76:_i8,_:_SCMRE_26,27_}"
CONST[source:0(mediator),value:2(dynamic)][purpose:{object}]


