[selinux_socket_getpeername]

explicit:
CONST[source:2(external),value:2(dynamic)][purpose:{subject}][SrcIdx:2]  ->  CONST[source:0(mediator),value:2(dynamic)][purpose:{subject}]
-----------
CONST[source:2(external),value:2(dynamic)][purpose:{subject}][SrcIdx:2]
CE0x40b85a0 "{CE0x40b85a0|COLLAPSED:_GCMRE_current_task_external_global_%struct.task_struct*:_elem_0:default:}"
CE0x414f9c0 "{CE0x414f9c0|task_sid:tmp4|*LoadInst*|security/selinux/hooks.c,208}"
CE0x4130890 "{CE0x4130890|cred_sid:cred|Function::cred_sid&Arg::cred::}"
CE0x40f7490 "{CE0x40f7490|cred_sid:security|security/selinux/hooks.c,196}"
CE0x40f8920 "{CE0x40f8920|cred_sid:tmp4|*LoadInst*|security/selinux/hooks.c,196}"
CE0x4132730 "{CE0x4132730|cred_sid:tmp5|security/selinux/hooks.c,196}"
CE0x417b510 "{CE0x417b510|cred_sid:sid|security/selinux/hooks.c,197}"
CE0x413c0d0 "{CE0x413c0d0|cred_sid:tmp6|security/selinux/hooks.c,197}"
CE0x4130bf0 "{CE0x4130bf0|_ret_i32_%tmp6,_!dbg_!27716|security/selinux/hooks.c,197}"
CE0x412f530 "{CE0x412f530|task_sid:call7|security/selinux/hooks.c,208}"
CE0x40d5b80 "{CE0x40d5b80|_ret_i32_%call7,_!dbg_!27749|security/selinux/hooks.c,210}"
CE0x41400d0 "{CE0x41400d0|sock_has_perm:call|security/selinux/hooks.c,3967}"
CE0x41402c0 "{CE0x41402c0|sock_has_perm:call|security/selinux/hooks.c,3967|*SummSink*}"
CONST[source:0(mediator),value:2(dynamic)][purpose:{subject}]


CONST[source:1(input),value:2(dynamic)][purpose:{object}][SrcIdx:0]  ->  CONST[source:0(mediator),value:2(dynamic)][purpose:{object}]
-----------
CONST[source:1(input),value:2(dynamic)][purpose:{object}][SrcIdx:0]
CE0x40d4540 "{CE0x40d4540|32:_%struct.sock*,_:_CRE_32,40_|*MultipleSource*|Function::selinux_socket_getpeername&Arg::sock::|security/selinux/hooks.c,4231}"
CE0x40dae20 "{CE0x40dae20|selinux_socket_getpeername:tmp4|*LoadInst*|security/selinux/hooks.c,4231}"
CE0x40ce5d0 "{CE0x40ce5d0|sock_has_perm:sk|Function::sock_has_perm&Arg::sk::}"
CE0x40d1a00 "{CE0x40d1a00|sock_has_perm:sk_security|security/selinux/hooks.c,3964}"
CE0x4127350 "{CE0x4127350|sock_has_perm:tmp2|*LoadInst*|security/selinux/hooks.c,3964}"
CE0x40bb030 "{CE0x40bb030|sock_has_perm:tmp3|security/selinux/hooks.c,3964}"
CE0x4138c90 "{CE0x4138c90|sock_has_perm:sclass|security/selinux/hooks.c,3976}"
CE0x4135560 "{CE0x4135560|sock_has_perm:tmp17|security/selinux/hooks.c,3976}"
CE0x41356b0 "{CE0x41356b0|sock_has_perm:tmp17|security/selinux/hooks.c,3976|*SummSink*}"
CONST[source:0(mediator),value:2(dynamic)][purpose:{object}]



implicit:
CONST[source:2(external),value:2(dynamic)][purpose:{subject}][SrcIdx:2]  ->  CONST[source:0(mediator),value:2(dynamic)][purpose:{subject}]
-----------
CONST[source:2(external),value:2(dynamic)][purpose:{subject}][SrcIdx:2]
CE0x40b85a0 "{CE0x40b85a0|COLLAPSED:_GCMRE_current_task_external_global_%struct.task_struct*:_elem_0:default:}"
CE0x414f9c0 "{CE0x414f9c0|task_sid:tmp4|*LoadInst*|security/selinux/hooks.c,208}"
CE0x4130890 "{CE0x4130890|cred_sid:cred|Function::cred_sid&Arg::cred::}"
CE0x40f7490 "{CE0x40f7490|cred_sid:security|security/selinux/hooks.c,196}"
CE0x40f8920 "{CE0x40f8920|cred_sid:tmp4|*LoadInst*|security/selinux/hooks.c,196}"
CE0x4132730 "{CE0x4132730|cred_sid:tmp5|security/selinux/hooks.c,196}"
CE0x417b510 "{CE0x417b510|cred_sid:sid|security/selinux/hooks.c,197}"
CE0x413c0d0 "{CE0x413c0d0|cred_sid:tmp6|security/selinux/hooks.c,197}"
CE0x4130bf0 "{CE0x4130bf0|_ret_i32_%tmp6,_!dbg_!27716|security/selinux/hooks.c,197}"
CE0x412f530 "{CE0x412f530|task_sid:call7|security/selinux/hooks.c,208}"
CE0x40d5b80 "{CE0x40d5b80|_ret_i32_%call7,_!dbg_!27749|security/selinux/hooks.c,210}"
CE0x41400d0 "{CE0x41400d0|sock_has_perm:call|security/selinux/hooks.c,3967}"
CE0x41402c0 "{CE0x41402c0|sock_has_perm:call|security/selinux/hooks.c,3967|*SummSink*}"
CONST[source:0(mediator),value:2(dynamic)][purpose:{subject}]


CONST[source:1(input),value:2(dynamic)][purpose:{object}][SrcIdx:0]  ->  CONST[source:0(mediator),value:2(dynamic)][purpose:{object}]
-----------
CONST[source:1(input),value:2(dynamic)][purpose:{object}][SrcIdx:0]
CE0x40d4540 "{CE0x40d4540|32:_%struct.sock*,_:_CRE_32,40_|*MultipleSource*|Function::selinux_socket_getpeername&Arg::sock::|security/selinux/hooks.c,4231}"
CE0x40dae20 "{CE0x40dae20|selinux_socket_getpeername:tmp4|*LoadInst*|security/selinux/hooks.c,4231}"
CE0x40ce5d0 "{CE0x40ce5d0|sock_has_perm:sk|Function::sock_has_perm&Arg::sk::}"
CE0x40d1a00 "{CE0x40d1a00|sock_has_perm:sk_security|security/selinux/hooks.c,3964}"
CE0x4127350 "{CE0x4127350|sock_has_perm:tmp2|*LoadInst*|security/selinux/hooks.c,3964}"
CE0x40bb030 "{CE0x40bb030|sock_has_perm:tmp3|security/selinux/hooks.c,3964}"
CE0x4137a60 "{CE0x4137a60|sock_has_perm:sid5|security/selinux/hooks.c,3976}"
CE0x4138520 "{CE0x4138520|sock_has_perm:tmp16|security/selinux/hooks.c,3976}"
CE0x41386c0 "{CE0x41386c0|sock_has_perm:tmp16|security/selinux/hooks.c,3976|*SummSink*}"
CONST[source:0(mediator),value:2(dynamic)][purpose:{object}]


