[selinux_task_wait]

explicit:
CONST[source:1(input),value:2(dynamic)][purpose:{subject}]  ->  CONST[source:0(mediator),value:2(dynamic)][purpose:{subject}]
-----------
CONST[source:1(input),value:2(dynamic)][purpose:{subject}]
CE0x4c62100 "{CE0x4c62100|128:_i8*,_:_CRE_128,136_|*MultipleSource*|*LoadInst*|security/selinux/hooks.c,1525|security/selinux/hooks.c,1525}"
CE0x4be8a70 "{CE0x4be8a70|task_has_perm:_tmp28|security/selinux/hooks.c,1525}"
CE0x4c62f80 "{CE0x4c62f80|task_has_perm:_tmp29|security/selinux/hooks.c,1525}"
CE0x4c64310 "{CE0x4c64310|task_has_perm:_sid|security/selinux/hooks.c,1525}"
CE0x4c63650 "{CE0x4c63650|task_has_perm:_tmp30|security/selinux/hooks.c,1525}"
CE0x4c63a10 "{CE0x4c63a10|task_has_perm:_tmp30|security/selinux/hooks.c,1525|*SummSink*}"
CONST[source:0(mediator),value:2(dynamic)][purpose:{subject}]


CONST[source:2(external),value:2(dynamic)][purpose:{object}]  ->  CONST[source:0(mediator),value:2(dynamic)][purpose:{object}]
-----------
CONST[source:2(external),value:2(dynamic)][purpose:{object}]
CE0x4bbe320 "{CE0x4bbe320|COLLAPSED:_GCMRE_current_task_external_global_%struct.task_struct*:_elem_0:default:}"
CE0x4c4a970 "{CE0x4c4a970|task_has_perm:_tmp55|security/selinux/hooks.c,1526}"
CE0x4c4b0c0 "{CE0x4c4b0c0|task_has_perm:_tmp56|security/selinux/hooks.c,1526}"
CE0x4c4b6b0 "{CE0x4c4b6b0|task_has_perm:_sid25|security/selinux/hooks.c,1526}"
CE0x4c4c840 "{CE0x4c4c840|task_has_perm:_tmp57|security/selinux/hooks.c,1526}"
CE0x4c4cc80 "{CE0x4c4cc80|task_has_perm:_tmp57|security/selinux/hooks.c,1526|*SummSink*}"
CONST[source:0(mediator),value:2(dynamic)][purpose:{object}]



implicit:
CONST[source:1(input),value:2(dynamic)][purpose:{subject}]  ->  CONST[source:0(mediator),value:2(dynamic)][purpose:{subject}]
-----------
CONST[source:1(input),value:2(dynamic)][purpose:{subject}]
CE0x4c62100 "{CE0x4c62100|128:_i8*,_:_CRE_128,136_|*MultipleSource*|*LoadInst*|security/selinux/hooks.c,1525|security/selinux/hooks.c,1525}"
CE0x4be8a70 "{CE0x4be8a70|task_has_perm:_tmp28|security/selinux/hooks.c,1525}"
CE0x4c62f80 "{CE0x4c62f80|task_has_perm:_tmp29|security/selinux/hooks.c,1525}"
CE0x4c64310 "{CE0x4c64310|task_has_perm:_sid|security/selinux/hooks.c,1525}"
CE0x4c63650 "{CE0x4c63650|task_has_perm:_tmp30|security/selinux/hooks.c,1525}"
CE0x4c63a10 "{CE0x4c63a10|task_has_perm:_tmp30|security/selinux/hooks.c,1525|*SummSink*}"
CONST[source:0(mediator),value:2(dynamic)][purpose:{subject}]


CONST[source:2(external),value:2(dynamic)][purpose:{object}]  ->  CONST[source:0(mediator),value:2(dynamic)][purpose:{object}]
-----------
CONST[source:2(external),value:2(dynamic)][purpose:{object}]
CE0x4c4a210 "{CE0x4c4a210|COLLAPSED:_CMRE:_elem_0::|security/selinux/hooks.c,1526}"
CE0x4c4a970 "{CE0x4c4a970|task_has_perm:_tmp55|security/selinux/hooks.c,1526}"
CE0x4c4b0c0 "{CE0x4c4b0c0|task_has_perm:_tmp56|security/selinux/hooks.c,1526}"
CE0x4c4b6b0 "{CE0x4c4b6b0|task_has_perm:_sid25|security/selinux/hooks.c,1526}"
CE0x4c4c840 "{CE0x4c4c840|task_has_perm:_tmp57|security/selinux/hooks.c,1526}"
CE0x4c4cc80 "{CE0x4c4cc80|task_has_perm:_tmp57|security/selinux/hooks.c,1526|*SummSink*}"
CONST[source:0(mediator),value:2(dynamic)][purpose:{object}]


