[selinux_mmap_addr]

explicit:
CONST[source:2(external),value:2(dynamic)][purpose:{subject}][SrcIdx:2]  ->  CONST[source:0(mediator),value:2(dynamic)][purpose:{object,subject}]
-----------
CONST[source:2(external),value:2(dynamic)][purpose:{subject}][SrcIdx:2]
CE0x486d090 "{CE0x486d090|COLLAPSED:_GCMRE_current_task_external_global_%struct.task_struct*:_elem_0::|security/selinux/hooks.c,218}"
CE0x486e550 "{CE0x486e550|current_sid:tmp22|security/selinux/hooks.c,218}"
CE0x486e840 "{CE0x486e840|current_sid:tmp23|security/selinux/hooks.c,218}"
CE0x486f210 "{CE0x486f210|current_sid:sid|security/selinux/hooks.c,220}"
CE0x4870040 "{CE0x4870040|current_sid:tmp24|security/selinux/hooks.c,220}"
CE0x48265f0 "{CE0x48265f0|_ret_i32_%tmp24,_!dbg_!27742|security/selinux/hooks.c,220}"
CE0x4812410 "{CE0x4812410|selinux_mmap_addr:call2|security/selinux/hooks.c,3281}"
CE0x4812560 "{CE0x4812560|selinux_mmap_addr:call2|security/selinux/hooks.c,3281|*SummSink*}"
CONST[source:0(mediator),value:2(dynamic)][purpose:{object,subject}]



implicit:
CONST[source:2(external),value:2(dynamic)][purpose:{subject}][SrcIdx:2]  ->  CONST[source:0(mediator),value:2(dynamic)][purpose:{object,subject}]
-----------
CONST[source:2(external),value:2(dynamic)][purpose:{subject}][SrcIdx:2]
CE0x486df30 "{CE0x486df30|COLLAPSED:_CMRE:_elem_0::|security/selinux/hooks.c,218}"
CE0x486e550 "{CE0x486e550|current_sid:tmp22|security/selinux/hooks.c,218}"
CE0x486e840 "{CE0x486e840|current_sid:tmp23|security/selinux/hooks.c,218}"
CE0x486f210 "{CE0x486f210|current_sid:sid|security/selinux/hooks.c,220}"
CE0x4870040 "{CE0x4870040|current_sid:tmp24|security/selinux/hooks.c,220}"
CE0x48265f0 "{CE0x48265f0|_ret_i32_%tmp24,_!dbg_!27742|security/selinux/hooks.c,220}"
CE0x4812410 "{CE0x4812410|selinux_mmap_addr:call2|security/selinux/hooks.c,3281}"
CE0x4812560 "{CE0x4812560|selinux_mmap_addr:call2|security/selinux/hooks.c,3281|*SummSink*}"
CONST[source:0(mediator),value:2(dynamic)][purpose:{object,subject}]


CONST[source:2(external),value:0(static)][purpose:{operation}][SrcIdx:0]  ->  CONST[source:0(mediator),value:2(dynamic)][purpose:{object,subject}]
-----------
CONST[source:2(external),value:0(static)][purpose:{operation}][SrcIdx:0]
CE0x4819f00 "{CE0x4819f00|i64_65536|*Constant*}"
CE0x4816040 "{CE0x4816040|selinux_mmap_addr:cmp|security/selinux/hooks.c,3280}"
CE0x4813cf0 "{CE0x4813cf0|selinux_mmap_addr:if.then1}"
CE0x4812410 "{CE0x4812410|selinux_mmap_addr:call2|security/selinux/hooks.c,3281}"
CE0x4812560 "{CE0x4812560|selinux_mmap_addr:call2|security/selinux/hooks.c,3281|*SummSink*}"
CONST[source:0(mediator),value:2(dynamic)][purpose:{object,subject}]


CONST[source:1(input),value:2(dynamic)][purpose:{object}][SrcIdx:1]  ->  CONST[source:0(mediator),value:2(dynamic)][purpose:{object,subject}]
-----------
CONST[source:1(input),value:2(dynamic)][purpose:{object}][SrcIdx:1]
CE0x48245e0 "{CE0x48245e0|selinux_mmap_addr:addr|Function::selinux_mmap_addr&Arg::addr::|*SummSource*}"
CE0x4824570 "{CE0x4824570|selinux_mmap_addr:addr|Function::selinux_mmap_addr&Arg::addr::}"
CE0x4816040 "{CE0x4816040|selinux_mmap_addr:cmp|security/selinux/hooks.c,3280}"
CE0x4813cf0 "{CE0x4813cf0|selinux_mmap_addr:if.then1}"
CE0x4812410 "{CE0x4812410|selinux_mmap_addr:call2|security/selinux/hooks.c,3281}"
CE0x4812560 "{CE0x4812560|selinux_mmap_addr:call2|security/selinux/hooks.c,3281|*SummSink*}"
CONST[source:0(mediator),value:2(dynamic)][purpose:{object,subject}]


