[selinux_file_send_sigiotask]

explicit:
CONST[source:1(input),value:2(dynamic)][purpose:{subject}][SrcIdx:2]  ->  CONST[source:0(mediator),value:2(dynamic)][purpose:{subject}]
-----------
CONST[source:1(input),value:2(dynamic)][purpose:{subject}][SrcIdx:2]
CE0x5cd7c10 "{CE0x5cd7c10|4:_i32,_:_CRE_4,8_|*MultipleSource*|security/selinux/hooks.c,3401|security/selinux/hooks.c,3401|security/selinux/hooks.c,3408}"
CE0x5d006a0 "{CE0x5d006a0|selinux_file_send_sigiotask:tmp16|security/selinux/hooks.c,3408}"
CE0x5d00a60 "{CE0x5d00a60|selinux_file_send_sigiotask:tmp16|security/selinux/hooks.c,3408|*SummSink*}"
CONST[source:0(mediator),value:2(dynamic)][purpose:{subject}]


CONST[source:1(input),value:2(dynamic)][purpose:{object}][SrcIdx:0]  ->  CONST[source:0(mediator),value:2(dynamic)][purpose:{object}]
-----------
CONST[source:1(input),value:2(dynamic)][purpose:{object}][SrcIdx:0]
CE0x5d3b2f0 "{CE0x5d3b2f0|2472:_%struct.cred*,_:_CRE_2472,2480_|*MultipleSource*|Function::task_sid&Arg::task::|Function::selinux_file_send_sigiotask&Arg::tsk::|security/selinux/hooks.c,208}"
CE0x5d5f260 "{CE0x5d5f260|task_sid:tmp4|*LoadInst*|security/selinux/hooks.c,208}"
CE0x5d6f860 "{CE0x5d6f860|cred_sid:cred|Function::cred_sid&Arg::cred::}"
CE0x5d998c0 "{CE0x5d998c0|cred_sid:security|security/selinux/hooks.c,196}"
CE0x5da7ca0 "{CE0x5da7ca0|cred_sid:tmp4|*LoadInst*|security/selinux/hooks.c,196}"
CE0x5d9ec50 "{CE0x5d9ec50|cred_sid:tmp5|security/selinux/hooks.c,196}"
CE0x5db5830 "{CE0x5db5830|cred_sid:sid|security/selinux/hooks.c,197}"
CE0x5db6640 "{CE0x5db6640|cred_sid:tmp6|security/selinux/hooks.c,197}"
CE0x5d6fbc0 "{CE0x5d6fbc0|_ret_i32_%tmp6,_!dbg_!27716|security/selinux/hooks.c,197}"
CE0x5d6e500 "{CE0x5d6e500|task_sid:call7|security/selinux/hooks.c,208}"
CE0x5cef120 "{CE0x5cef120|_ret_i32_%call7,_!dbg_!27749|security/selinux/hooks.c,210}"
CE0x5cdbbe0 "{CE0x5cdbbe0|selinux_file_send_sigiotask:call|security/selinux/hooks.c,3394}"
CE0x5cda710 "{CE0x5cda710|selinux_file_send_sigiotask:call|security/selinux/hooks.c,3394|*SummSink*}"
CONST[source:0(mediator),value:2(dynamic)][purpose:{object}]



implicit:
CONST[source:1(input),value:2(dynamic)][purpose:{operation}][SrcIdx:1]  ->  CONST[source:0(mediator),value:0(static)][purpose:{operation}]
-----------
CONST[source:1(input),value:2(dynamic)][purpose:{operation}][SrcIdx:1]
CE0x5cdaa40 "{CE0x5cdaa40|selinux_file_send_sigiotask:signum|Function::selinux_file_send_sigiotask&Arg::signum::|*SummSource*}"
CE0x5cf1ac0 "{CE0x5cf1ac0|selinux_file_send_sigiotask:signum|Function::selinux_file_send_sigiotask&Arg::signum::}"
CE0x5cdae90 "{CE0x5cdae90|selinux_file_send_sigiotask:tobool|security/selinux/hooks.c,3403}"
CE0x5cdc260 "{CE0x5cdc260|selinux_file_send_sigiotask:if.else}"
CE0x5cd72f0 "{CE0x5cd72f0|selinux_file_send_sigiotask:call2|security/selinux/hooks.c,3406}"
CE0x5cd76e0 "{CE0x5cd76e0|selinux_file_send_sigiotask:perm.0}"
CE0x5ce96a0 "{CE0x5ce96a0|selinux_file_send_sigiotask:perm.0|*SummSink*}"
CONST[source:0(mediator),value:0(static)][purpose:{operation}]


CONST[source:1(input),value:2(dynamic)][purpose:{subject}][SrcIdx:2]  ->  CONST[source:0(mediator),value:2(dynamic)][purpose:{subject}]
-----------
CONST[source:1(input),value:2(dynamic)][purpose:{subject}][SrcIdx:2]
CE0x5cd7c10 "{CE0x5cd7c10|4:_i32,_:_CRE_4,8_|*MultipleSource*|security/selinux/hooks.c,3401|security/selinux/hooks.c,3401|security/selinux/hooks.c,3408}"
CE0x5d006a0 "{CE0x5d006a0|selinux_file_send_sigiotask:tmp16|security/selinux/hooks.c,3408}"
CE0x5d00a60 "{CE0x5d00a60|selinux_file_send_sigiotask:tmp16|security/selinux/hooks.c,3408|*SummSink*}"
CONST[source:0(mediator),value:2(dynamic)][purpose:{subject}]


CONST[source:1(input),value:2(dynamic)][purpose:{object}][SrcIdx:0]  ->  CONST[source:0(mediator),value:2(dynamic)][purpose:{object}]
-----------
CONST[source:1(input),value:2(dynamic)][purpose:{object}][SrcIdx:0]
CE0x5d3b2f0 "{CE0x5d3b2f0|2472:_%struct.cred*,_:_CRE_2472,2480_|*MultipleSource*|Function::task_sid&Arg::task::|Function::selinux_file_send_sigiotask&Arg::tsk::|security/selinux/hooks.c,208}"
CE0x5d5f260 "{CE0x5d5f260|task_sid:tmp4|*LoadInst*|security/selinux/hooks.c,208}"
CE0x5d6f860 "{CE0x5d6f860|cred_sid:cred|Function::cred_sid&Arg::cred::}"
CE0x5d998c0 "{CE0x5d998c0|cred_sid:security|security/selinux/hooks.c,196}"
CE0x5da7ca0 "{CE0x5da7ca0|cred_sid:tmp4|*LoadInst*|security/selinux/hooks.c,196}"
CE0x5d9ec50 "{CE0x5d9ec50|cred_sid:tmp5|security/selinux/hooks.c,196}"
CE0x5db5830 "{CE0x5db5830|cred_sid:sid|security/selinux/hooks.c,197}"
CE0x5db6640 "{CE0x5db6640|cred_sid:tmp6|security/selinux/hooks.c,197}"
CE0x5d6fbc0 "{CE0x5d6fbc0|_ret_i32_%tmp6,_!dbg_!27716|security/selinux/hooks.c,197}"
CE0x5d6e500 "{CE0x5d6e500|task_sid:call7|security/selinux/hooks.c,208}"
CE0x5cef120 "{CE0x5cef120|_ret_i32_%call7,_!dbg_!27749|security/selinux/hooks.c,210}"
CE0x5cdbbe0 "{CE0x5cdbbe0|selinux_file_send_sigiotask:call|security/selinux/hooks.c,3394}"
CE0x5cda710 "{CE0x5cda710|selinux_file_send_sigiotask:call|security/selinux/hooks.c,3394|*SummSink*}"
CONST[source:0(mediator),value:2(dynamic)][purpose:{object}]


